[2024-01-20T08:20:59.604+0000] {taskinstance.py:1159} INFO - Dependencies all met for dep_context=non-requeueable deps ti=<TaskInstance: Kafka_Producer_1.Reddit scheduled__2024-01-20T08:19:55.144173+00:00 [queued]>
[2024-01-20T08:20:59.614+0000] {taskinstance.py:1159} INFO - Dependencies all met for dep_context=requeueable deps ti=<TaskInstance: Kafka_Producer_1.Reddit scheduled__2024-01-20T08:19:55.144173+00:00 [queued]>
[2024-01-20T08:20:59.615+0000] {taskinstance.py:1361} INFO - Starting attempt 1 of 1
[2024-01-20T08:20:59.627+0000] {taskinstance.py:1382} INFO - Executing <Task(PythonOperator): Reddit> on 2024-01-20 08:19:55.144173+00:00
[2024-01-20T08:20:59.630+0000] {standard_task_runner.py:57} INFO - Started process 1310 to run task
[2024-01-20T08:20:59.632+0000] {standard_task_runner.py:84} INFO - Running: ['***', 'tasks', 'run', 'Kafka_Producer_1', 'Reddit', 'scheduled__2024-01-20T08:19:55.144173+00:00', '--job-id', '1050', '--raw', '--subdir', 'DAGS_FOLDER/kafka_stream.py', '--cfg-path', '/tmp/tmpmm9mzyrg']
[2024-01-20T08:20:59.634+0000] {standard_task_runner.py:85} INFO - Job 1050: Subtask Reddit
[2024-01-20T08:20:59.678+0000] {task_command.py:415} INFO - Running <TaskInstance: Kafka_Producer_1.Reddit scheduled__2024-01-20T08:19:55.144173+00:00 [running]> on host 45c5bfab8aa1
[2024-01-20T08:20:59.756+0000] {taskinstance.py:1660} INFO - Exporting env vars: AIRFLOW_CTX_DAG_OWNER='me' AIRFLOW_CTX_DAG_ID='Kafka_Producer_1' AIRFLOW_CTX_TASK_ID='Reddit' AIRFLOW_CTX_EXECUTION_DATE='2024-01-20T08:19:55.144173+00:00' AIRFLOW_CTX_TRY_NUMBER='1' AIRFLOW_CTX_DAG_RUN_ID='scheduled__2024-01-20T08:19:55.144173+00:00'
[2024-01-20T08:20:59.843+0000] {logging_mixin.py:151} INFO -  submission : 
[2024-01-20T08:21:00.817+0000] {logging_mixin.py:151} INFO - #False
[2024-01-20T08:21:00.818+0000] {logging_mixin.py:151} INFO - #False
[2024-01-20T08:21:00.819+0000] {logging_mixin.py:151} INFO - #False
[2024-01-20T08:21:00.819+0000] {logging_mixin.py:151} INFO - #False
[2024-01-20T08:21:00.820+0000] {logging_mixin.py:151} INFO - #False
[2024-01-20T08:21:00.820+0000] {logging_mixin.py:151} INFO - #False
[2024-01-20T08:21:00.821+0000] {logging_mixin.py:151} INFO - #False
[2024-01-20T08:21:00.821+0000] {logging_mixin.py:151} INFO - #False
[2024-01-20T08:21:00.822+0000] {logging_mixin.py:151} INFO - #False
[2024-01-20T08:21:00.822+0000] {logging_mixin.py:151} INFO - #False
[2024-01-20T08:21:00.823+0000] {logging_mixin.py:151} INFO - #False
[2024-01-20T08:21:00.823+0000] {logging_mixin.py:151} INFO - #False
[2024-01-20T08:21:00.823+0000] {logging_mixin.py:151} INFO - #False
[2024-01-20T08:21:00.824+0000] {logging_mixin.py:151} INFO - #False
[2024-01-20T08:21:00.824+0000] {logging_mixin.py:151} INFO - #False
[2024-01-20T08:21:00.825+0000] {logging_mixin.py:151} INFO - #False
[2024-01-20T08:21:00.825+0000] {logging_mixin.py:151} INFO - #False
[2024-01-20T08:21:00.826+0000] {logging_mixin.py:151} INFO - #False
[2024-01-20T08:21:00.826+0000] {logging_mixin.py:151} INFO - #False
[2024-01-20T08:21:00.827+0000] {logging_mixin.py:151} INFO - #False
[2024-01-20T08:21:00.827+0000] {logging_mixin.py:151} INFO - #False
[2024-01-20T08:21:00.827+0000] {logging_mixin.py:151} INFO - #False
[2024-01-20T08:21:00.828+0000] {logging_mixin.py:151} INFO - #False
[2024-01-20T08:21:00.828+0000] {logging_mixin.py:151} INFO - #False
[2024-01-20T08:21:00.829+0000] {logging_mixin.py:151} INFO - #False
[2024-01-20T08:21:00.829+0000] {logging_mixin.py:151} INFO - #False
[2024-01-20T08:21:00.830+0000] {logging_mixin.py:151} INFO - #False
[2024-01-20T08:21:00.830+0000] {logging_mixin.py:151} INFO - #False
[2024-01-20T08:21:00.830+0000] {logging_mixin.py:151} INFO - #False
[2024-01-20T08:21:00.831+0000] {logging_mixin.py:151} INFO - #False
[2024-01-20T08:21:00.831+0000] {logging_mixin.py:151} INFO -  submission : 
[2024-01-20T08:21:01.379+0000] {logging_mixin.py:151} INFO - #False
[2024-01-20T08:21:01.382+0000] {logging_mixin.py:151} INFO - #False
[2024-01-20T08:21:01.383+0000] {logging_mixin.py:151} INFO - #False
[2024-01-20T08:21:01.384+0000] {logging_mixin.py:151} INFO - #False
[2024-01-20T08:21:01.385+0000] {logging_mixin.py:151} INFO - #False
[2024-01-20T08:21:01.385+0000] {logging_mixin.py:151} INFO - #False
[2024-01-20T08:21:01.386+0000] {logging_mixin.py:151} INFO - #False
[2024-01-20T08:21:01.386+0000] {logging_mixin.py:151} INFO - #False
[2024-01-20T08:21:01.387+0000] {logging_mixin.py:151} INFO - #False
[2024-01-20T08:21:01.387+0000] {logging_mixin.py:151} INFO - #False
[2024-01-20T08:21:01.387+0000] {logging_mixin.py:151} INFO - #False
[2024-01-20T08:21:01.388+0000] {logging_mixin.py:151} INFO - #False
[2024-01-20T08:21:01.391+0000] {logging_mixin.py:151} INFO - #False
[2024-01-20T08:21:01.392+0000] {logging_mixin.py:151} INFO - #False
[2024-01-20T08:21:01.392+0000] {logging_mixin.py:151} INFO - #False
[2024-01-20T08:21:01.393+0000] {logging_mixin.py:151} INFO - #False
[2024-01-20T08:21:01.393+0000] {logging_mixin.py:151} INFO - #False
[2024-01-20T08:21:01.394+0000] {logging_mixin.py:151} INFO - #False
[2024-01-20T08:21:01.394+0000] {logging_mixin.py:151} INFO - #False
[2024-01-20T08:21:01.394+0000] {logging_mixin.py:151} INFO - #False
[2024-01-20T08:21:01.394+0000] {logging_mixin.py:151} INFO - #False
[2024-01-20T08:21:01.395+0000] {logging_mixin.py:151} INFO - #False
[2024-01-20T08:21:01.395+0000] {logging_mixin.py:151} INFO - #False
[2024-01-20T08:21:01.395+0000] {logging_mixin.py:151} INFO - #False
[2024-01-20T08:21:01.395+0000] {logging_mixin.py:151} INFO - #False
[2024-01-20T08:21:01.396+0000] {logging_mixin.py:151} INFO - #False
[2024-01-20T08:21:01.396+0000] {logging_mixin.py:151} INFO - #False
[2024-01-20T08:21:01.397+0000] {logging_mixin.py:151} INFO - #False
[2024-01-20T08:21:01.397+0000] {logging_mixin.py:151} INFO - #False
[2024-01-20T08:21:01.397+0000] {logging_mixin.py:151} INFO - #False
[2024-01-20T08:21:01.397+0000] {logging_mixin.py:151} INFO -  submission : 
[2024-01-20T08:21:01.957+0000] {logging_mixin.py:151} INFO - #False
[2024-01-20T08:21:01.958+0000] {logging_mixin.py:151} INFO - #False
[2024-01-20T08:21:01.958+0000] {logging_mixin.py:151} INFO - #False
[2024-01-20T08:21:01.958+0000] {logging_mixin.py:151} INFO - #False
[2024-01-20T08:21:01.959+0000] {logging_mixin.py:151} INFO - #False
[2024-01-20T08:21:01.959+0000] {logging_mixin.py:151} INFO - #False
[2024-01-20T08:21:01.960+0000] {logging_mixin.py:151} INFO - #False
[2024-01-20T08:21:01.960+0000] {logging_mixin.py:151} INFO - #False
[2024-01-20T08:21:01.960+0000] {logging_mixin.py:151} INFO - #False
[2024-01-20T08:21:01.960+0000] {logging_mixin.py:151} INFO - #False
[2024-01-20T08:21:01.961+0000] {logging_mixin.py:151} INFO - #False
[2024-01-20T08:21:01.961+0000] {logging_mixin.py:151} INFO - #False
[2024-01-20T08:21:01.961+0000] {logging_mixin.py:151} INFO - #False
[2024-01-20T08:21:01.961+0000] {logging_mixin.py:151} INFO - #False
[2024-01-20T08:21:01.962+0000] {logging_mixin.py:151} INFO - #False
[2024-01-20T08:21:01.964+0000] {logging_mixin.py:151} INFO - #False
[2024-01-20T08:21:01.965+0000] {logging_mixin.py:151} INFO - #False
[2024-01-20T08:21:01.965+0000] {logging_mixin.py:151} INFO - #False
[2024-01-20T08:21:01.968+0000] {logging_mixin.py:151} INFO - #False
[2024-01-20T08:21:01.969+0000] {logging_mixin.py:151} INFO - #False
[2024-01-20T08:21:01.969+0000] {logging_mixin.py:151} INFO - #False
[2024-01-20T08:21:01.970+0000] {logging_mixin.py:151} INFO - #False
[2024-01-20T08:21:01.970+0000] {logging_mixin.py:151} INFO - #False
[2024-01-20T08:21:01.970+0000] {logging_mixin.py:151} INFO - #False
[2024-01-20T08:21:01.971+0000] {logging_mixin.py:151} INFO - #False
[2024-01-20T08:21:01.971+0000] {logging_mixin.py:151} INFO - #False
[2024-01-20T08:21:01.972+0000] {logging_mixin.py:151} INFO - #False
[2024-01-20T08:21:01.972+0000] {logging_mixin.py:151} INFO - #False
[2024-01-20T08:21:01.973+0000] {logging_mixin.py:151} INFO - #False
[2024-01-20T08:21:01.973+0000] {logging_mixin.py:151} INFO - #False
[2024-01-20T08:21:01.974+0000] {logging_mixin.py:151} INFO -  submission : 
[2024-01-20T08:21:02.438+0000] {logging_mixin.py:151} INFO - #False
[2024-01-20T08:21:02.439+0000] {logging_mixin.py:151} INFO - #False
[2024-01-20T08:21:02.439+0000] {logging_mixin.py:151} INFO - #False
[2024-01-20T08:21:02.440+0000] {logging_mixin.py:151} INFO - #False
[2024-01-20T08:21:02.440+0000] {logging_mixin.py:151} INFO - #False
[2024-01-20T08:21:02.440+0000] {logging_mixin.py:151} INFO - #False
[2024-01-20T08:21:02.440+0000] {logging_mixin.py:151} INFO - #False
[2024-01-20T08:21:02.441+0000] {logging_mixin.py:151} INFO - #False
[2024-01-20T08:21:02.441+0000] {logging_mixin.py:151} INFO - #False
[2024-01-20T08:21:02.441+0000] {logging_mixin.py:151} INFO - #False
[2024-01-20T08:21:02.441+0000] {logging_mixin.py:151} INFO - #False
[2024-01-20T08:21:02.442+0000] {logging_mixin.py:151} INFO - #False
[2024-01-20T08:21:02.442+0000] {logging_mixin.py:151} INFO - #False
[2024-01-20T08:21:02.442+0000] {logging_mixin.py:151} INFO - #False
[2024-01-20T08:21:02.442+0000] {logging_mixin.py:151} INFO - #False
[2024-01-20T08:21:02.443+0000] {logging_mixin.py:151} INFO - #False
[2024-01-20T08:21:02.443+0000] {logging_mixin.py:151} INFO - #False
[2024-01-20T08:21:02.443+0000] {logging_mixin.py:151} INFO - #False
[2024-01-20T08:21:02.443+0000] {logging_mixin.py:151} INFO - #False
[2024-01-20T08:21:02.444+0000] {logging_mixin.py:151} INFO - #False
[2024-01-20T08:21:02.444+0000] {logging_mixin.py:151} INFO - #False
[2024-01-20T08:21:02.444+0000] {logging_mixin.py:151} INFO - #False
[2024-01-20T08:21:02.444+0000] {logging_mixin.py:151} INFO - #False
[2024-01-20T08:21:02.444+0000] {logging_mixin.py:151} INFO - #False
[2024-01-20T08:21:02.444+0000] {logging_mixin.py:151} INFO - #False
[2024-01-20T08:21:02.444+0000] {logging_mixin.py:151} INFO - #False
[2024-01-20T08:21:02.445+0000] {logging_mixin.py:151} INFO - #False
[2024-01-20T08:21:02.445+0000] {logging_mixin.py:151} INFO - #False
[2024-01-20T08:21:02.445+0000] {logging_mixin.py:151} INFO - #False
[2024-01-20T08:21:02.445+0000] {logging_mixin.py:151} INFO - #False
[2024-01-20T08:21:02.445+0000] {logging_mixin.py:151} INFO -  submission : 
[2024-01-20T08:21:02.967+0000] {logging_mixin.py:151} INFO - #False
[2024-01-20T08:21:02.967+0000] {logging_mixin.py:151} INFO - #False
[2024-01-20T08:21:02.968+0000] {logging_mixin.py:151} INFO - #False
[2024-01-20T08:21:02.969+0000] {logging_mixin.py:151} INFO - #False
[2024-01-20T08:21:02.969+0000] {logging_mixin.py:151} INFO - #False
[2024-01-20T08:21:02.970+0000] {logging_mixin.py:151} INFO - #False
[2024-01-20T08:21:02.970+0000] {logging_mixin.py:151} INFO - #False
[2024-01-20T08:21:02.970+0000] {logging_mixin.py:151} INFO - #False
[2024-01-20T08:21:02.970+0000] {logging_mixin.py:151} INFO - #False
[2024-01-20T08:21:02.971+0000] {logging_mixin.py:151} INFO - #False
[2024-01-20T08:21:02.971+0000] {logging_mixin.py:151} INFO - #False
[2024-01-20T08:21:02.971+0000] {logging_mixin.py:151} INFO - #False
[2024-01-20T08:21:02.971+0000] {logging_mixin.py:151} INFO - #False
[2024-01-20T08:21:02.971+0000] {logging_mixin.py:151} INFO - #False
[2024-01-20T08:21:02.972+0000] {logging_mixin.py:151} INFO - #False
[2024-01-20T08:21:02.972+0000] {logging_mixin.py:151} INFO - #False
[2024-01-20T08:21:02.972+0000] {logging_mixin.py:151} INFO - #False
[2024-01-20T08:21:02.972+0000] {logging_mixin.py:151} INFO - #False
[2024-01-20T08:21:02.973+0000] {logging_mixin.py:151} INFO - #False
[2024-01-20T08:21:02.973+0000] {logging_mixin.py:151} INFO - #False
[2024-01-20T08:21:02.973+0000] {logging_mixin.py:151} INFO - #False
[2024-01-20T08:21:02.973+0000] {logging_mixin.py:151} INFO - #False
[2024-01-20T08:21:02.974+0000] {logging_mixin.py:151} INFO - #False
[2024-01-20T08:21:02.974+0000] {logging_mixin.py:151} INFO - #False
[2024-01-20T08:21:02.974+0000] {logging_mixin.py:151} INFO - #False
[2024-01-20T08:21:02.974+0000] {logging_mixin.py:151} INFO - #False
[2024-01-20T08:21:02.974+0000] {logging_mixin.py:151} INFO - #False
[2024-01-20T08:21:02.974+0000] {logging_mixin.py:151} INFO - #False
[2024-01-20T08:21:02.975+0000] {logging_mixin.py:151} INFO - #False
[2024-01-20T08:21:02.975+0000] {logging_mixin.py:151} INFO - #False
[2024-01-20T08:21:02.975+0000] {logging_mixin.py:151} INFO -  submission : 
[2024-01-20T08:21:03.427+0000] {logging_mixin.py:151} INFO - #False
[2024-01-20T08:21:03.428+0000] {logging_mixin.py:151} INFO - #False
[2024-01-20T08:21:03.428+0000] {logging_mixin.py:151} INFO - #False
[2024-01-20T08:21:03.429+0000] {logging_mixin.py:151} INFO - #False
[2024-01-20T08:21:03.429+0000] {logging_mixin.py:151} INFO - #False
[2024-01-20T08:21:03.430+0000] {logging_mixin.py:151} INFO - #False
[2024-01-20T08:21:03.430+0000] {logging_mixin.py:151} INFO - #False
[2024-01-20T08:21:03.431+0000] {logging_mixin.py:151} INFO - #False
[2024-01-20T08:21:03.431+0000] {logging_mixin.py:151} INFO - #False
[2024-01-20T08:21:03.432+0000] {logging_mixin.py:151} INFO - #False
[2024-01-20T08:21:03.432+0000] {logging_mixin.py:151} INFO - #False
[2024-01-20T08:21:03.432+0000] {logging_mixin.py:151} INFO - #False
[2024-01-20T08:21:03.433+0000] {logging_mixin.py:151} INFO - #False
[2024-01-20T08:21:03.433+0000] {logging_mixin.py:151} INFO - #False
[2024-01-20T08:21:03.433+0000] {logging_mixin.py:151} INFO - #False
[2024-01-20T08:21:03.434+0000] {logging_mixin.py:151} INFO - #False
[2024-01-20T08:21:03.434+0000] {logging_mixin.py:151} INFO - #False
[2024-01-20T08:21:03.434+0000] {logging_mixin.py:151} INFO - #False
[2024-01-20T08:21:03.435+0000] {logging_mixin.py:151} INFO - #False
[2024-01-20T08:21:03.435+0000] {logging_mixin.py:151} INFO - #False
[2024-01-20T08:21:03.436+0000] {logging_mixin.py:151} INFO - #False
[2024-01-20T08:21:03.436+0000] {logging_mixin.py:151} INFO - #False
[2024-01-20T08:21:03.436+0000] {logging_mixin.py:151} INFO - #False
[2024-01-20T08:21:03.437+0000] {logging_mixin.py:151} INFO - #False
[2024-01-20T08:21:03.437+0000] {logging_mixin.py:151} INFO - #False
[2024-01-20T08:21:03.437+0000] {logging_mixin.py:151} INFO - #False
[2024-01-20T08:21:03.438+0000] {logging_mixin.py:151} INFO - #False
[2024-01-20T08:21:03.438+0000] {logging_mixin.py:151} INFO - #False
[2024-01-20T08:21:03.439+0000] {logging_mixin.py:151} INFO - #False
[2024-01-20T08:21:03.439+0000] {logging_mixin.py:151} INFO - #False
[2024-01-20T08:21:03.439+0000] {logging_mixin.py:151} INFO -  submission : 
[2024-01-20T08:21:04.019+0000] {logging_mixin.py:151} INFO - #False
[2024-01-20T08:21:04.020+0000] {logging_mixin.py:151} INFO - #False
[2024-01-20T08:21:04.020+0000] {logging_mixin.py:151} INFO - #False
[2024-01-20T08:21:04.021+0000] {logging_mixin.py:151} INFO - #False
[2024-01-20T08:21:04.021+0000] {logging_mixin.py:151} INFO - #False
[2024-01-20T08:21:04.021+0000] {logging_mixin.py:151} INFO - #False
[2024-01-20T08:21:04.021+0000] {logging_mixin.py:151} INFO - #False
[2024-01-20T08:21:04.022+0000] {logging_mixin.py:151} INFO - #False
[2024-01-20T08:21:04.022+0000] {logging_mixin.py:151} INFO - #False
[2024-01-20T08:21:04.022+0000] {logging_mixin.py:151} INFO - #False
[2024-01-20T08:21:04.022+0000] {logging_mixin.py:151} INFO - #False
[2024-01-20T08:21:04.023+0000] {logging_mixin.py:151} INFO - #False
[2024-01-20T08:21:04.023+0000] {logging_mixin.py:151} INFO - #False
[2024-01-20T08:21:04.023+0000] {logging_mixin.py:151} INFO - #False
[2024-01-20T08:21:04.023+0000] {logging_mixin.py:151} INFO - #False
[2024-01-20T08:21:04.024+0000] {logging_mixin.py:151} INFO - #False
[2024-01-20T08:21:04.024+0000] {logging_mixin.py:151} INFO - #False
[2024-01-20T08:21:04.024+0000] {logging_mixin.py:151} INFO - #False
[2024-01-20T08:21:04.024+0000] {logging_mixin.py:151} INFO - #False
[2024-01-20T08:21:04.025+0000] {logging_mixin.py:151} INFO - #False
[2024-01-20T08:21:04.025+0000] {logging_mixin.py:151} INFO - #False
[2024-01-20T08:21:04.025+0000] {logging_mixin.py:151} INFO - #False
[2024-01-20T08:21:04.025+0000] {logging_mixin.py:151} INFO - #False
[2024-01-20T08:21:04.026+0000] {logging_mixin.py:151} INFO - #False
[2024-01-20T08:21:04.026+0000] {logging_mixin.py:151} INFO - #False
[2024-01-20T08:21:04.026+0000] {logging_mixin.py:151} INFO - #False
[2024-01-20T08:21:04.026+0000] {logging_mixin.py:151} INFO - #False
[2024-01-20T08:21:04.026+0000] {logging_mixin.py:151} INFO - #False
[2024-01-20T08:21:04.027+0000] {logging_mixin.py:151} INFO - #False
[2024-01-20T08:21:04.027+0000] {logging_mixin.py:151} INFO - #False
[2024-01-20T08:21:04.027+0000] {logging_mixin.py:151} INFO -  submission : 
[2024-01-20T08:21:04.688+0000] {logging_mixin.py:151} INFO - #False
[2024-01-20T08:21:04.688+0000] {logging_mixin.py:151} INFO - #False
[2024-01-20T08:21:04.689+0000] {logging_mixin.py:151} INFO - #False
[2024-01-20T08:21:04.689+0000] {logging_mixin.py:151} INFO - #False
[2024-01-20T08:21:04.689+0000] {logging_mixin.py:151} INFO - #False
[2024-01-20T08:21:04.690+0000] {logging_mixin.py:151} INFO - #False
[2024-01-20T08:21:04.690+0000] {logging_mixin.py:151} INFO - #False
[2024-01-20T08:21:04.690+0000] {logging_mixin.py:151} INFO - #False
[2024-01-20T08:21:04.691+0000] {logging_mixin.py:151} INFO - #False
[2024-01-20T08:21:04.691+0000] {logging_mixin.py:151} INFO - #False
[2024-01-20T08:21:04.691+0000] {logging_mixin.py:151} INFO - #False
[2024-01-20T08:21:04.691+0000] {logging_mixin.py:151} INFO - #False
[2024-01-20T08:21:04.691+0000] {logging_mixin.py:151} INFO - #False
[2024-01-20T08:21:04.692+0000] {logging_mixin.py:151} INFO - #False
[2024-01-20T08:21:04.692+0000] {logging_mixin.py:151} INFO - #False
[2024-01-20T08:21:04.692+0000] {logging_mixin.py:151} INFO - #False
[2024-01-20T08:21:04.692+0000] {logging_mixin.py:151} INFO - #False
[2024-01-20T08:21:04.693+0000] {logging_mixin.py:151} INFO - #False
[2024-01-20T08:21:04.693+0000] {logging_mixin.py:151} INFO - #False
[2024-01-20T08:21:04.693+0000] {logging_mixin.py:151} INFO - #False
[2024-01-20T08:21:04.693+0000] {logging_mixin.py:151} INFO - #False
[2024-01-20T08:21:04.693+0000] {logging_mixin.py:151} INFO - #False
[2024-01-20T08:21:04.694+0000] {logging_mixin.py:151} INFO - #False
[2024-01-20T08:21:04.694+0000] {logging_mixin.py:151} INFO - #False
[2024-01-20T08:21:04.694+0000] {logging_mixin.py:151} INFO - #False
[2024-01-20T08:21:04.694+0000] {logging_mixin.py:151} INFO - #False
[2024-01-20T08:21:04.694+0000] {logging_mixin.py:151} INFO - #False
[2024-01-20T08:21:04.694+0000] {logging_mixin.py:151} INFO - #False
[2024-01-20T08:21:04.695+0000] {logging_mixin.py:151} INFO - #False
[2024-01-20T08:21:04.695+0000] {logging_mixin.py:151} INFO - #False
[2024-01-20T08:21:04.695+0000] {python.py:194} INFO - Done. Returned value was: None
[2024-01-20T08:21:04.702+0000] {taskinstance.py:1400} INFO - Marking task as SUCCESS. dag_id=Kafka_Producer_1, task_id=Reddit, execution_date=20240120T081955, start_date=20240120T082059, end_date=20240120T082104
[2024-01-20T08:21:04.744+0000] {local_task_job_runner.py:228} INFO - Task exited with return code 0
[2024-01-20T08:21:04.755+0000] {taskinstance.py:2784} INFO - 0 downstream tasks scheduled from follow-on schedule check
