[2024-01-20T23:24:46.236+0000] {taskinstance.py:1159} INFO - Dependencies all met for dep_context=non-requeueable deps ti=<TaskInstance: Kafka_Producer_5.Reddit scheduled__2024-01-20T23:23:41.334067+00:00 [queued]>
[2024-01-20T23:24:46.248+0000] {taskinstance.py:1159} INFO - Dependencies all met for dep_context=requeueable deps ti=<TaskInstance: Kafka_Producer_5.Reddit scheduled__2024-01-20T23:23:41.334067+00:00 [queued]>
[2024-01-20T23:24:46.249+0000] {taskinstance.py:1361} INFO - Starting attempt 1 of 1
[2024-01-20T23:24:46.269+0000] {taskinstance.py:1382} INFO - Executing <Task(PythonOperator): Reddit> on 2024-01-20 23:23:41.334067+00:00
[2024-01-20T23:24:46.272+0000] {standard_task_runner.py:57} INFO - Started process 1579 to run task
[2024-01-20T23:24:46.275+0000] {standard_task_runner.py:84} INFO - Running: ['***', 'tasks', 'run', 'Kafka_Producer_5', 'Reddit', 'scheduled__2024-01-20T23:23:41.334067+00:00', '--job-id', '1446', '--raw', '--subdir', 'DAGS_FOLDER/kafka_stream_5.py', '--cfg-path', '/tmp/tmpnoqweq56']
[2024-01-20T23:24:46.276+0000] {standard_task_runner.py:85} INFO - Job 1446: Subtask Reddit
[2024-01-20T23:24:46.333+0000] {task_command.py:415} INFO - Running <TaskInstance: Kafka_Producer_5.Reddit scheduled__2024-01-20T23:23:41.334067+00:00 [running]> on host 45c5bfab8aa1
[2024-01-20T23:24:46.430+0000] {taskinstance.py:1660} INFO - Exporting env vars: AIRFLOW_CTX_DAG_OWNER='me' AIRFLOW_CTX_DAG_ID='Kafka_Producer_5' AIRFLOW_CTX_TASK_ID='Reddit' AIRFLOW_CTX_EXECUTION_DATE='2024-01-20T23:23:41.334067+00:00' AIRFLOW_CTX_TRY_NUMBER='1' AIRFLOW_CTX_DAG_RUN_ID='scheduled__2024-01-20T23:23:41.334067+00:00'
[2024-01-20T23:24:46.524+0000] {logging_mixin.py:151} INFO -  submission : 
[2024-01-20T23:24:47.544+0000] {logging_mixin.py:151} INFO - #False
[2024-01-20T23:24:47.545+0000] {logging_mixin.py:151} INFO - #False
[2024-01-20T23:24:47.545+0000] {logging_mixin.py:151} INFO - #False
[2024-01-20T23:24:47.546+0000] {logging_mixin.py:151} INFO - #False
[2024-01-20T23:24:47.546+0000] {logging_mixin.py:151} INFO - #False
[2024-01-20T23:24:47.546+0000] {logging_mixin.py:151} INFO - #False
[2024-01-20T23:24:47.547+0000] {logging_mixin.py:151} INFO - #False
[2024-01-20T23:24:47.547+0000] {logging_mixin.py:151} INFO - #False
[2024-01-20T23:24:47.547+0000] {logging_mixin.py:151} INFO - #False
[2024-01-20T23:24:47.548+0000] {logging_mixin.py:151} INFO - #False
[2024-01-20T23:24:47.548+0000] {logging_mixin.py:151} INFO - #False
[2024-01-20T23:24:47.548+0000] {logging_mixin.py:151} INFO - #False
[2024-01-20T23:24:47.548+0000] {logging_mixin.py:151} INFO - #False
[2024-01-20T23:24:47.549+0000] {logging_mixin.py:151} INFO - #False
[2024-01-20T23:24:47.549+0000] {logging_mixin.py:151} INFO - #False
[2024-01-20T23:24:47.549+0000] {logging_mixin.py:151} INFO - #False
[2024-01-20T23:24:47.550+0000] {logging_mixin.py:151} INFO - #False
[2024-01-20T23:24:47.550+0000] {logging_mixin.py:151} INFO - #False
[2024-01-20T23:24:47.550+0000] {logging_mixin.py:151} INFO - #False
[2024-01-20T23:24:47.551+0000] {logging_mixin.py:151} INFO - #False
[2024-01-20T23:24:47.551+0000] {logging_mixin.py:151} INFO - #False
[2024-01-20T23:24:47.551+0000] {logging_mixin.py:151} INFO - #False
[2024-01-20T23:24:47.552+0000] {logging_mixin.py:151} INFO - #False
[2024-01-20T23:24:47.552+0000] {logging_mixin.py:151} INFO - #False
[2024-01-20T23:24:47.553+0000] {logging_mixin.py:151} INFO - #False
[2024-01-20T23:24:47.553+0000] {logging_mixin.py:151} INFO - #False
[2024-01-20T23:24:47.553+0000] {logging_mixin.py:151} INFO - #False
[2024-01-20T23:24:47.553+0000] {logging_mixin.py:151} INFO - #False
[2024-01-20T23:24:47.554+0000] {logging_mixin.py:151} INFO - #False
[2024-01-20T23:24:47.554+0000] {logging_mixin.py:151} INFO - #False
[2024-01-20T23:24:47.555+0000] {logging_mixin.py:151} INFO -  submission : 
[2024-01-20T23:24:48.130+0000] {logging_mixin.py:151} INFO - #False
[2024-01-20T23:24:48.131+0000] {logging_mixin.py:151} INFO - #False
[2024-01-20T23:24:48.131+0000] {logging_mixin.py:151} INFO - #False
[2024-01-20T23:24:48.132+0000] {logging_mixin.py:151} INFO - #False
[2024-01-20T23:24:48.133+0000] {logging_mixin.py:151} INFO - #False
[2024-01-20T23:24:48.133+0000] {logging_mixin.py:151} INFO - #False
[2024-01-20T23:24:48.133+0000] {logging_mixin.py:151} INFO - #False
[2024-01-20T23:24:48.135+0000] {logging_mixin.py:151} INFO - #False
[2024-01-20T23:24:48.135+0000] {logging_mixin.py:151} INFO - #False
[2024-01-20T23:24:48.135+0000] {logging_mixin.py:151} INFO - #False
[2024-01-20T23:24:48.136+0000] {logging_mixin.py:151} INFO - #False
[2024-01-20T23:24:48.136+0000] {logging_mixin.py:151} INFO - #False
[2024-01-20T23:24:48.137+0000] {logging_mixin.py:151} INFO - #False
[2024-01-20T23:24:48.137+0000] {logging_mixin.py:151} INFO - #False
[2024-01-20T23:24:48.137+0000] {logging_mixin.py:151} INFO - #False
[2024-01-20T23:24:48.138+0000] {logging_mixin.py:151} INFO - #False
[2024-01-20T23:24:48.138+0000] {logging_mixin.py:151} INFO - #False
[2024-01-20T23:24:48.138+0000] {logging_mixin.py:151} INFO - #False
[2024-01-20T23:24:48.138+0000] {logging_mixin.py:151} INFO - #False
[2024-01-20T23:24:48.139+0000] {logging_mixin.py:151} INFO - #False
[2024-01-20T23:24:48.139+0000] {logging_mixin.py:151} INFO - #False
[2024-01-20T23:24:48.139+0000] {logging_mixin.py:151} INFO - #False
[2024-01-20T23:24:48.139+0000] {logging_mixin.py:151} INFO - #False
[2024-01-20T23:24:48.140+0000] {logging_mixin.py:151} INFO - #False
[2024-01-20T23:24:48.140+0000] {logging_mixin.py:151} INFO - #False
[2024-01-20T23:24:48.140+0000] {logging_mixin.py:151} INFO - #False
[2024-01-20T23:24:48.140+0000] {logging_mixin.py:151} INFO - #False
[2024-01-20T23:24:48.141+0000] {logging_mixin.py:151} INFO - #False
[2024-01-20T23:24:48.141+0000] {logging_mixin.py:151} INFO - #False
[2024-01-20T23:24:48.143+0000] {logging_mixin.py:151} INFO - #False
[2024-01-20T23:24:48.144+0000] {logging_mixin.py:151} INFO -  submission : 
[2024-01-20T23:24:48.838+0000] {logging_mixin.py:151} INFO - #False
[2024-01-20T23:24:48.839+0000] {logging_mixin.py:151} INFO - #False
[2024-01-20T23:24:48.840+0000] {logging_mixin.py:151} INFO - #False
[2024-01-20T23:24:48.841+0000] {logging_mixin.py:151} INFO - #False
[2024-01-20T23:24:48.841+0000] {logging_mixin.py:151} INFO - #False
[2024-01-20T23:24:48.842+0000] {logging_mixin.py:151} INFO - #False
[2024-01-20T23:24:48.842+0000] {logging_mixin.py:151} INFO - #False
[2024-01-20T23:24:48.843+0000] {logging_mixin.py:151} INFO - #False
[2024-01-20T23:24:48.844+0000] {logging_mixin.py:151} INFO - #False
[2024-01-20T23:24:48.844+0000] {logging_mixin.py:151} INFO - #False
[2024-01-20T23:24:48.845+0000] {logging_mixin.py:151} INFO - #False
[2024-01-20T23:24:48.845+0000] {logging_mixin.py:151} INFO - #False
[2024-01-20T23:24:48.845+0000] {logging_mixin.py:151} INFO - #False
[2024-01-20T23:24:48.846+0000] {logging_mixin.py:151} INFO - #False
[2024-01-20T23:24:48.847+0000] {logging_mixin.py:151} INFO - #False
[2024-01-20T23:24:48.847+0000] {logging_mixin.py:151} INFO - #False
[2024-01-20T23:24:48.848+0000] {logging_mixin.py:151} INFO - #False
[2024-01-20T23:24:48.848+0000] {logging_mixin.py:151} INFO - #False
[2024-01-20T23:24:48.849+0000] {logging_mixin.py:151} INFO - #False
[2024-01-20T23:24:48.849+0000] {logging_mixin.py:151} INFO - #False
[2024-01-20T23:24:48.850+0000] {logging_mixin.py:151} INFO - #False
[2024-01-20T23:24:48.850+0000] {logging_mixin.py:151} INFO - #False
[2024-01-20T23:24:48.851+0000] {logging_mixin.py:151} INFO - #False
[2024-01-20T23:24:48.851+0000] {logging_mixin.py:151} INFO - #False
[2024-01-20T23:24:48.852+0000] {logging_mixin.py:151} INFO - #False
[2024-01-20T23:24:48.852+0000] {logging_mixin.py:151} INFO - #False
[2024-01-20T23:24:48.852+0000] {logging_mixin.py:151} INFO - #False
[2024-01-20T23:24:48.853+0000] {logging_mixin.py:151} INFO - #False
[2024-01-20T23:24:48.853+0000] {logging_mixin.py:151} INFO - #False
[2024-01-20T23:24:48.854+0000] {logging_mixin.py:151} INFO - #False
[2024-01-20T23:24:48.854+0000] {logging_mixin.py:151} INFO -  submission : 
[2024-01-20T23:24:49.297+0000] {logging_mixin.py:151} INFO - #False
[2024-01-20T23:24:49.297+0000] {logging_mixin.py:151} INFO - #False
[2024-01-20T23:24:49.298+0000] {logging_mixin.py:151} INFO - #False
[2024-01-20T23:24:49.298+0000] {logging_mixin.py:151} INFO - #False
[2024-01-20T23:24:49.299+0000] {logging_mixin.py:151} INFO - #False
[2024-01-20T23:24:49.299+0000] {logging_mixin.py:151} INFO - #False
[2024-01-20T23:24:49.300+0000] {logging_mixin.py:151} INFO - #False
[2024-01-20T23:24:49.300+0000] {logging_mixin.py:151} INFO - #False
[2024-01-20T23:24:49.301+0000] {logging_mixin.py:151} INFO - #False
[2024-01-20T23:24:49.301+0000] {logging_mixin.py:151} INFO - #False
[2024-01-20T23:24:49.302+0000] {logging_mixin.py:151} INFO - #False
[2024-01-20T23:24:49.302+0000] {logging_mixin.py:151} INFO - #False
[2024-01-20T23:24:49.302+0000] {logging_mixin.py:151} INFO - #False
[2024-01-20T23:24:49.303+0000] {logging_mixin.py:151} INFO - #False
[2024-01-20T23:24:49.303+0000] {logging_mixin.py:151} INFO - #False
[2024-01-20T23:24:49.304+0000] {logging_mixin.py:151} INFO - #False
[2024-01-20T23:24:49.304+0000] {logging_mixin.py:151} INFO - #False
[2024-01-20T23:24:49.304+0000] {logging_mixin.py:151} INFO - #False
[2024-01-20T23:24:49.304+0000] {logging_mixin.py:151} INFO - #False
[2024-01-20T23:24:49.305+0000] {logging_mixin.py:151} INFO - #False
[2024-01-20T23:24:49.305+0000] {logging_mixin.py:151} INFO - #False
[2024-01-20T23:24:49.306+0000] {logging_mixin.py:151} INFO - #False
[2024-01-20T23:24:49.306+0000] {logging_mixin.py:151} INFO - #False
[2024-01-20T23:24:49.307+0000] {logging_mixin.py:151} INFO - #False
[2024-01-20T23:24:49.307+0000] {logging_mixin.py:151} INFO - #False
[2024-01-20T23:24:49.307+0000] {logging_mixin.py:151} INFO - #False
[2024-01-20T23:24:49.308+0000] {logging_mixin.py:151} INFO - #False
[2024-01-20T23:24:49.308+0000] {logging_mixin.py:151} INFO - #False
[2024-01-20T23:24:49.309+0000] {logging_mixin.py:151} INFO - #False
[2024-01-20T23:24:49.309+0000] {logging_mixin.py:151} INFO - #False
[2024-01-20T23:24:49.309+0000] {logging_mixin.py:151} INFO -  submission : 
[2024-01-20T23:24:49.907+0000] {logging_mixin.py:151} INFO - #False
[2024-01-20T23:24:49.907+0000] {logging_mixin.py:151} INFO - #False
[2024-01-20T23:24:49.907+0000] {logging_mixin.py:151} INFO - #False
[2024-01-20T23:24:49.908+0000] {logging_mixin.py:151} INFO - #False
[2024-01-20T23:24:49.908+0000] {logging_mixin.py:151} INFO - #False
[2024-01-20T23:24:49.908+0000] {logging_mixin.py:151} INFO - #False
[2024-01-20T23:24:49.909+0000] {logging_mixin.py:151} INFO - #False
[2024-01-20T23:24:49.909+0000] {logging_mixin.py:151} INFO - #False
[2024-01-20T23:24:49.909+0000] {logging_mixin.py:151} INFO - #False
[2024-01-20T23:24:49.910+0000] {logging_mixin.py:151} INFO - #False
[2024-01-20T23:24:49.910+0000] {logging_mixin.py:151} INFO - #False
[2024-01-20T23:24:49.910+0000] {logging_mixin.py:151} INFO - #False
[2024-01-20T23:24:49.911+0000] {logging_mixin.py:151} INFO - #False
[2024-01-20T23:24:49.911+0000] {logging_mixin.py:151} INFO - #False
[2024-01-20T23:24:49.911+0000] {logging_mixin.py:151} INFO - #False
[2024-01-20T23:24:49.912+0000] {logging_mixin.py:151} INFO - #False
[2024-01-20T23:24:49.912+0000] {logging_mixin.py:151} INFO - #False
[2024-01-20T23:24:49.912+0000] {logging_mixin.py:151} INFO - #False
[2024-01-20T23:24:49.912+0000] {logging_mixin.py:151} INFO - #False
[2024-01-20T23:24:49.913+0000] {logging_mixin.py:151} INFO - #False
[2024-01-20T23:24:49.913+0000] {logging_mixin.py:151} INFO - #False
[2024-01-20T23:24:49.913+0000] {logging_mixin.py:151} INFO - #False
[2024-01-20T23:24:49.913+0000] {logging_mixin.py:151} INFO - #False
[2024-01-20T23:24:49.914+0000] {logging_mixin.py:151} INFO - #False
[2024-01-20T23:24:49.914+0000] {logging_mixin.py:151} INFO - #False
[2024-01-20T23:24:49.914+0000] {logging_mixin.py:151} INFO - #False
[2024-01-20T23:24:49.914+0000] {logging_mixin.py:151} INFO - #False
[2024-01-20T23:24:49.915+0000] {logging_mixin.py:151} INFO - #False
[2024-01-20T23:24:49.915+0000] {logging_mixin.py:151} INFO - #False
[2024-01-20T23:24:49.915+0000] {logging_mixin.py:151} INFO - #False
[2024-01-20T23:24:49.915+0000] {logging_mixin.py:151} INFO -  submission : 
[2024-01-20T23:24:50.448+0000] {logging_mixin.py:151} INFO - #False
[2024-01-20T23:24:50.449+0000] {logging_mixin.py:151} INFO - #False
[2024-01-20T23:24:50.450+0000] {logging_mixin.py:151} INFO - #False
[2024-01-20T23:24:50.450+0000] {logging_mixin.py:151} INFO - #False
[2024-01-20T23:24:50.451+0000] {logging_mixin.py:151} INFO - #False
[2024-01-20T23:24:50.451+0000] {logging_mixin.py:151} INFO - #False
[2024-01-20T23:24:50.452+0000] {logging_mixin.py:151} INFO - #False
[2024-01-20T23:24:50.453+0000] {logging_mixin.py:151} INFO - #False
[2024-01-20T23:24:50.453+0000] {logging_mixin.py:151} INFO - #False
[2024-01-20T23:24:50.454+0000] {logging_mixin.py:151} INFO - #False
[2024-01-20T23:24:50.454+0000] {logging_mixin.py:151} INFO - #False
[2024-01-20T23:24:50.455+0000] {logging_mixin.py:151} INFO - #False
[2024-01-20T23:24:50.455+0000] {logging_mixin.py:151} INFO - #False
[2024-01-20T23:24:50.455+0000] {logging_mixin.py:151} INFO - #False
[2024-01-20T23:24:50.456+0000] {logging_mixin.py:151} INFO - #False
[2024-01-20T23:24:50.456+0000] {logging_mixin.py:151} INFO - #False
[2024-01-20T23:24:50.457+0000] {logging_mixin.py:151} INFO - #False
[2024-01-20T23:24:50.458+0000] {logging_mixin.py:151} INFO - #False
[2024-01-20T23:24:50.458+0000] {logging_mixin.py:151} INFO - #False
[2024-01-20T23:24:50.459+0000] {logging_mixin.py:151} INFO - #False
[2024-01-20T23:24:50.460+0000] {logging_mixin.py:151} INFO - #False
[2024-01-20T23:24:50.460+0000] {logging_mixin.py:151} INFO - #False
[2024-01-20T23:24:50.461+0000] {logging_mixin.py:151} INFO - #False
[2024-01-20T23:24:50.461+0000] {logging_mixin.py:151} INFO - #False
[2024-01-20T23:24:50.462+0000] {logging_mixin.py:151} INFO - #False
[2024-01-20T23:24:50.462+0000] {logging_mixin.py:151} INFO - #False
[2024-01-20T23:24:50.463+0000] {logging_mixin.py:151} INFO - #False
[2024-01-20T23:24:50.463+0000] {logging_mixin.py:151} INFO - #False
[2024-01-20T23:24:50.464+0000] {logging_mixin.py:151} INFO - #False
[2024-01-20T23:24:50.464+0000] {logging_mixin.py:151} INFO - #False
[2024-01-20T23:24:50.464+0000] {logging_mixin.py:151} INFO -  submission : 
[2024-01-20T23:24:50.986+0000] {logging_mixin.py:151} INFO - #False
[2024-01-20T23:24:50.987+0000] {logging_mixin.py:151} INFO - #False
[2024-01-20T23:24:50.987+0000] {logging_mixin.py:151} INFO - #False
[2024-01-20T23:24:50.987+0000] {logging_mixin.py:151} INFO - #False
[2024-01-20T23:24:50.988+0000] {logging_mixin.py:151} INFO - #False
[2024-01-20T23:24:50.988+0000] {logging_mixin.py:151} INFO - #False
[2024-01-20T23:24:50.989+0000] {logging_mixin.py:151} INFO - #False
[2024-01-20T23:24:50.990+0000] {logging_mixin.py:151} INFO - #False
[2024-01-20T23:24:50.990+0000] {logging_mixin.py:151} INFO - #False
[2024-01-20T23:24:50.990+0000] {logging_mixin.py:151} INFO - #False
[2024-01-20T23:24:50.990+0000] {logging_mixin.py:151} INFO - #False
[2024-01-20T23:24:50.991+0000] {logging_mixin.py:151} INFO - #False
[2024-01-20T23:24:50.991+0000] {logging_mixin.py:151} INFO - #False
[2024-01-20T23:24:50.991+0000] {logging_mixin.py:151} INFO - #False
[2024-01-20T23:24:50.992+0000] {logging_mixin.py:151} INFO - #False
[2024-01-20T23:24:50.992+0000] {logging_mixin.py:151} INFO - #False
[2024-01-20T23:24:50.993+0000] {logging_mixin.py:151} INFO - #False
[2024-01-20T23:24:50.993+0000] {logging_mixin.py:151} INFO - #False
[2024-01-20T23:24:50.993+0000] {logging_mixin.py:151} INFO - #False
[2024-01-20T23:24:50.993+0000] {logging_mixin.py:151} INFO - #False
[2024-01-20T23:24:50.994+0000] {logging_mixin.py:151} INFO - #False
[2024-01-20T23:24:50.994+0000] {logging_mixin.py:151} INFO - #False
[2024-01-20T23:24:50.995+0000] {logging_mixin.py:151} INFO - #False
[2024-01-20T23:24:50.995+0000] {logging_mixin.py:151} INFO - #False
[2024-01-20T23:24:50.995+0000] {logging_mixin.py:151} INFO - #False
[2024-01-20T23:24:50.996+0000] {logging_mixin.py:151} INFO - #False
[2024-01-20T23:24:50.996+0000] {logging_mixin.py:151} INFO - #False
[2024-01-20T23:24:50.996+0000] {logging_mixin.py:151} INFO - #False
[2024-01-20T23:24:50.997+0000] {logging_mixin.py:151} INFO - #False
[2024-01-20T23:24:50.997+0000] {logging_mixin.py:151} INFO - #False
[2024-01-20T23:24:50.998+0000] {logging_mixin.py:151} INFO -  submission : 
[2024-01-20T23:24:51.647+0000] {logging_mixin.py:151} INFO - #False
[2024-01-20T23:24:51.648+0000] {logging_mixin.py:151} INFO - #False
[2024-01-20T23:24:51.649+0000] {logging_mixin.py:151} INFO - #False
[2024-01-20T23:24:51.649+0000] {logging_mixin.py:151} INFO - #False
[2024-01-20T23:24:51.650+0000] {logging_mixin.py:151} INFO - #False
[2024-01-20T23:24:51.651+0000] {logging_mixin.py:151} INFO - #False
[2024-01-20T23:24:51.653+0000] {logging_mixin.py:151} INFO - #False
[2024-01-20T23:24:51.653+0000] {logging_mixin.py:151} INFO - #False
[2024-01-20T23:24:51.654+0000] {logging_mixin.py:151} INFO - #False
[2024-01-20T23:24:51.654+0000] {logging_mixin.py:151} INFO - #False
[2024-01-20T23:24:51.654+0000] {logging_mixin.py:151} INFO - #False
[2024-01-20T23:24:51.655+0000] {logging_mixin.py:151} INFO - #False
[2024-01-20T23:24:51.655+0000] {logging_mixin.py:151} INFO - #False
[2024-01-20T23:24:51.655+0000] {logging_mixin.py:151} INFO - #False
[2024-01-20T23:24:51.656+0000] {logging_mixin.py:151} INFO - #False
[2024-01-20T23:24:51.656+0000] {logging_mixin.py:151} INFO - #False
[2024-01-20T23:24:51.657+0000] {logging_mixin.py:151} INFO - #False
[2024-01-20T23:24:51.657+0000] {logging_mixin.py:151} INFO - #False
[2024-01-20T23:24:51.657+0000] {logging_mixin.py:151} INFO - #False
[2024-01-20T23:24:51.657+0000] {logging_mixin.py:151} INFO - #False
[2024-01-20T23:24:51.657+0000] {logging_mixin.py:151} INFO - #False
[2024-01-20T23:24:51.658+0000] {logging_mixin.py:151} INFO - #False
[2024-01-20T23:24:51.658+0000] {logging_mixin.py:151} INFO - #False
[2024-01-20T23:24:51.658+0000] {logging_mixin.py:151} INFO - #False
[2024-01-20T23:24:51.658+0000] {logging_mixin.py:151} INFO - #False
[2024-01-20T23:24:51.659+0000] {logging_mixin.py:151} INFO - #False
[2024-01-20T23:24:51.659+0000] {logging_mixin.py:151} INFO - #False
[2024-01-20T23:24:51.659+0000] {logging_mixin.py:151} INFO - #False
[2024-01-20T23:24:51.660+0000] {logging_mixin.py:151} INFO - #False
[2024-01-20T23:24:51.660+0000] {logging_mixin.py:151} INFO - #False
[2024-01-20T23:24:51.660+0000] {python.py:194} INFO - Done. Returned value was: None
[2024-01-20T23:24:51.671+0000] {taskinstance.py:1400} INFO - Marking task as SUCCESS. dag_id=Kafka_Producer_5, task_id=Reddit, execution_date=20240120T232341, start_date=20240120T232446, end_date=20240120T232451
[2024-01-20T23:24:51.708+0000] {local_task_job_runner.py:228} INFO - Task exited with return code 0
[2024-01-20T23:24:51.727+0000] {taskinstance.py:2784} INFO - 0 downstream tasks scheduled from follow-on schedule check
