[2024-01-20T05:48:25.306+0000] {taskinstance.py:1159} INFO - Dependencies all met for dep_context=non-requeueable deps ti=<TaskInstance: Kafka_Producer_1.Reddit scheduled__2024-01-20T05:47:17.138373+00:00 [queued]>
[2024-01-20T05:48:25.315+0000] {taskinstance.py:1159} INFO - Dependencies all met for dep_context=requeueable deps ti=<TaskInstance: Kafka_Producer_1.Reddit scheduled__2024-01-20T05:47:17.138373+00:00 [queued]>
[2024-01-20T05:48:25.316+0000] {taskinstance.py:1361} INFO - Starting attempt 1 of 1
[2024-01-20T05:48:25.329+0000] {taskinstance.py:1382} INFO - Executing <Task(PythonOperator): Reddit> on 2024-01-20 05:47:17.138373+00:00
[2024-01-20T05:48:25.335+0000] {standard_task_runner.py:57} INFO - Started process 13561 to run task
[2024-01-20T05:48:25.338+0000] {standard_task_runner.py:84} INFO - Running: ['***', 'tasks', 'run', 'Kafka_Producer_1', 'Reddit', 'scheduled__2024-01-20T05:47:17.138373+00:00', '--job-id', '698', '--raw', '--subdir', 'DAGS_FOLDER/kafka_stream.py', '--cfg-path', '/tmp/tmp246d45di']
[2024-01-20T05:48:25.340+0000] {standard_task_runner.py:85} INFO - Job 698: Subtask Reddit
[2024-01-20T05:48:25.400+0000] {task_command.py:415} INFO - Running <TaskInstance: Kafka_Producer_1.Reddit scheduled__2024-01-20T05:47:17.138373+00:00 [running]> on host 45c5bfab8aa1
[2024-01-20T05:48:25.494+0000] {taskinstance.py:1660} INFO - Exporting env vars: AIRFLOW_CTX_DAG_OWNER='me' AIRFLOW_CTX_DAG_ID='Kafka_Producer_1' AIRFLOW_CTX_TASK_ID='Reddit' AIRFLOW_CTX_EXECUTION_DATE='2024-01-20T05:47:17.138373+00:00' AIRFLOW_CTX_TRY_NUMBER='1' AIRFLOW_CTX_DAG_RUN_ID='scheduled__2024-01-20T05:47:17.138373+00:00'
[2024-01-20T05:48:25.524+0000] {logging_mixin.py:151} INFO -  submission : 
[2024-01-20T05:48:26.331+0000] {logging_mixin.py:151} INFO - @True
[2024-01-20T05:48:26.402+0000] {conn.py:380} INFO - <BrokerConnection node_id=bootstrap-0 host=broker:29092 <connecting> [IPv4 ('172.19.0.8', 29092)]>: connecting to broker:29092 [('172.19.0.8', 29092) IPv4]
[2024-01-20T05:48:26.403+0000] {conn.py:1205} INFO - Probing node bootstrap-0 broker version
[2024-01-20T05:48:26.403+0000] {conn.py:410} INFO - <BrokerConnection node_id=bootstrap-0 host=broker:29092 <connecting> [IPv4 ('172.19.0.8', 29092)]>: Connection complete.
[2024-01-20T05:48:26.506+0000] {conn.py:1267} INFO - Broker version identified as 2.5.0
[2024-01-20T05:48:26.507+0000] {conn.py:1268} INFO - Set configuration api_version=(2, 5, 0) to skip auto check_version requests on startup
[2024-01-20T05:48:26.510+0000] {logging_mixin.py:151} INFO - @True
[2024-01-20T05:48:26.511+0000] {conn.py:380} INFO - <BrokerConnection node_id=1 host=broker:29092 <connecting> [IPv4 ('172.19.0.8', 29092)]>: connecting to broker:29092 [('172.19.0.8', 29092) IPv4]
[2024-01-20T05:48:26.511+0000] {conn.py:380} INFO - <BrokerConnection node_id=bootstrap-0 host=broker:29092 <connecting> [IPv4 ('172.19.0.8', 29092)]>: connecting to broker:29092 [('172.19.0.8', 29092) IPv4]
[2024-01-20T05:48:26.512+0000] {conn.py:410} INFO - <BrokerConnection node_id=1 host=broker:29092 <connecting> [IPv4 ('172.19.0.8', 29092)]>: Connection complete.
[2024-01-20T05:48:26.512+0000] {conn.py:1205} INFO - Probing node bootstrap-0 broker version
[2024-01-20T05:48:26.512+0000] {conn.py:919} INFO - <BrokerConnection node_id=bootstrap-0 host=broker:29092 <connected> [IPv4 ('172.19.0.8', 29092)]>: Closing connection. 
[2024-01-20T05:48:26.513+0000] {conn.py:410} INFO - <BrokerConnection node_id=bootstrap-0 host=broker:29092 <connecting> [IPv4 ('172.19.0.8', 29092)]>: Connection complete.
[2024-01-20T05:48:26.618+0000] {conn.py:1267} INFO - Broker version identified as 2.5.0
[2024-01-20T05:48:26.619+0000] {conn.py:1268} INFO - Set configuration api_version=(2, 5, 0) to skip auto check_version requests on startup
[2024-01-20T05:48:26.621+0000] {conn.py:919} INFO - <BrokerConnection node_id=1 host=broker:29092 <connected> [IPv4 ('172.19.0.8', 29092)]>: Closing connection. 
[2024-01-20T05:48:26.624+0000] {logging_mixin.py:151} INFO - #False
[2024-01-20T05:48:26.625+0000] {conn.py:380} INFO - <BrokerConnection node_id=1 host=broker:29092 <connecting> [IPv4 ('172.19.0.8', 29092)]>: connecting to broker:29092 [('172.19.0.8', 29092) IPv4]
[2024-01-20T05:48:26.625+0000] {logging_mixin.py:151} INFO - #False
[2024-01-20T05:48:26.626+0000] {conn.py:410} INFO - <BrokerConnection node_id=1 host=broker:29092 <connecting> [IPv4 ('172.19.0.8', 29092)]>: Connection complete.
[2024-01-20T05:48:26.626+0000] {logging_mixin.py:151} INFO - #False
[2024-01-20T05:48:26.627+0000] {conn.py:919} INFO - <BrokerConnection node_id=bootstrap-0 host=broker:29092 <connected> [IPv4 ('172.19.0.8', 29092)]>: Closing connection. 
[2024-01-20T05:48:26.628+0000] {logging_mixin.py:151} INFO - #False
[2024-01-20T05:48:26.629+0000] {logging_mixin.py:151} INFO - #False
[2024-01-20T05:48:26.630+0000] {logging_mixin.py:151} INFO - #False
[2024-01-20T05:48:26.630+0000] {logging_mixin.py:151} INFO - #False
[2024-01-20T05:48:26.631+0000] {logging_mixin.py:151} INFO - #False
[2024-01-20T05:48:26.631+0000] {logging_mixin.py:151} INFO - #False
[2024-01-20T05:48:26.631+0000] {logging_mixin.py:151} INFO - #False
[2024-01-20T05:48:26.632+0000] {logging_mixin.py:151} INFO - #False
[2024-01-20T05:48:26.632+0000] {logging_mixin.py:151} INFO - #False
[2024-01-20T05:48:26.632+0000] {logging_mixin.py:151} INFO - #False
[2024-01-20T05:48:26.633+0000] {logging_mixin.py:151} INFO - #False
[2024-01-20T05:48:26.633+0000] {logging_mixin.py:151} INFO - #False
[2024-01-20T05:48:26.634+0000] {logging_mixin.py:151} INFO - #False
[2024-01-20T05:48:26.634+0000] {logging_mixin.py:151} INFO - #False
[2024-01-20T05:48:26.634+0000] {logging_mixin.py:151} INFO - #False
[2024-01-20T05:48:26.635+0000] {logging_mixin.py:151} INFO - #False
[2024-01-20T05:48:26.635+0000] {logging_mixin.py:151} INFO - #False
[2024-01-20T05:48:26.635+0000] {logging_mixin.py:151} INFO - #False
[2024-01-20T05:48:26.636+0000] {logging_mixin.py:151} INFO - #False
[2024-01-20T05:48:26.636+0000] {logging_mixin.py:151} INFO - #False
[2024-01-20T05:48:26.636+0000] {logging_mixin.py:151} INFO - #False
[2024-01-20T05:48:26.637+0000] {logging_mixin.py:151} INFO - #False
[2024-01-20T05:48:26.637+0000] {logging_mixin.py:151} INFO - #False
[2024-01-20T05:48:26.637+0000] {logging_mixin.py:151} INFO - #False
[2024-01-20T05:48:26.638+0000] {logging_mixin.py:151} INFO - #False
[2024-01-20T05:48:26.638+0000] {logging_mixin.py:151} INFO -  submission : 
[2024-01-20T05:48:27.254+0000] {logging_mixin.py:151} INFO - #False
[2024-01-20T05:48:27.255+0000] {logging_mixin.py:151} INFO - #False
[2024-01-20T05:48:27.255+0000] {logging_mixin.py:151} INFO - #False
[2024-01-20T05:48:27.255+0000] {logging_mixin.py:151} INFO - #False
[2024-01-20T05:48:27.256+0000] {logging_mixin.py:151} INFO - #False
[2024-01-20T05:48:27.256+0000] {logging_mixin.py:151} INFO - #False
[2024-01-20T05:48:27.256+0000] {logging_mixin.py:151} INFO - #False
[2024-01-20T05:48:27.256+0000] {logging_mixin.py:151} INFO - #False
[2024-01-20T05:48:27.256+0000] {logging_mixin.py:151} INFO - #False
[2024-01-20T05:48:27.257+0000] {logging_mixin.py:151} INFO - #False
[2024-01-20T05:48:27.257+0000] {logging_mixin.py:151} INFO - #False
[2024-01-20T05:48:27.258+0000] {logging_mixin.py:151} INFO - #False
[2024-01-20T05:48:27.258+0000] {logging_mixin.py:151} INFO - #False
[2024-01-20T05:48:27.258+0000] {logging_mixin.py:151} INFO - #False
[2024-01-20T05:48:27.258+0000] {logging_mixin.py:151} INFO - #False
[2024-01-20T05:48:27.259+0000] {logging_mixin.py:151} INFO - #False
[2024-01-20T05:48:27.259+0000] {logging_mixin.py:151} INFO - #False
[2024-01-20T05:48:27.259+0000] {logging_mixin.py:151} INFO - #False
[2024-01-20T05:48:27.259+0000] {logging_mixin.py:151} INFO - #False
[2024-01-20T05:48:27.260+0000] {logging_mixin.py:151} INFO - #False
[2024-01-20T05:48:27.260+0000] {logging_mixin.py:151} INFO - #False
[2024-01-20T05:48:27.260+0000] {logging_mixin.py:151} INFO - #False
[2024-01-20T05:48:27.260+0000] {logging_mixin.py:151} INFO - #False
[2024-01-20T05:48:27.261+0000] {logging_mixin.py:151} INFO - #False
[2024-01-20T05:48:27.262+0000] {logging_mixin.py:151} INFO - #False
[2024-01-20T05:48:27.262+0000] {logging_mixin.py:151} INFO - #False
[2024-01-20T05:48:27.263+0000] {logging_mixin.py:151} INFO - #False
[2024-01-20T05:48:27.263+0000] {logging_mixin.py:151} INFO - #False
[2024-01-20T05:48:27.263+0000] {logging_mixin.py:151} INFO - #False
[2024-01-20T05:48:27.264+0000] {logging_mixin.py:151} INFO - #False
[2024-01-20T05:48:27.264+0000] {logging_mixin.py:151} INFO -  submission : 
[2024-01-20T05:48:28.835+0000] {logging_mixin.py:151} INFO - #False
[2024-01-20T05:48:28.836+0000] {logging_mixin.py:151} INFO - #False
[2024-01-20T05:48:28.836+0000] {logging_mixin.py:151} INFO - #False
[2024-01-20T05:48:28.837+0000] {logging_mixin.py:151} INFO - #False
[2024-01-20T05:48:28.837+0000] {logging_mixin.py:151} INFO - #False
[2024-01-20T05:48:28.837+0000] {logging_mixin.py:151} INFO - #False
[2024-01-20T05:48:28.838+0000] {logging_mixin.py:151} INFO - #False
[2024-01-20T05:48:28.838+0000] {logging_mixin.py:151} INFO - #False
[2024-01-20T05:48:28.838+0000] {logging_mixin.py:151} INFO - #False
[2024-01-20T05:48:28.838+0000] {logging_mixin.py:151} INFO - #False
[2024-01-20T05:48:28.839+0000] {logging_mixin.py:151} INFO - #False
[2024-01-20T05:48:28.839+0000] {logging_mixin.py:151} INFO - #False
[2024-01-20T05:48:28.839+0000] {logging_mixin.py:151} INFO - #False
[2024-01-20T05:48:28.839+0000] {logging_mixin.py:151} INFO - #False
[2024-01-20T05:48:28.839+0000] {logging_mixin.py:151} INFO - #False
[2024-01-20T05:48:28.840+0000] {logging_mixin.py:151} INFO - #False
[2024-01-20T05:48:28.840+0000] {logging_mixin.py:151} INFO - #False
[2024-01-20T05:48:28.841+0000] {logging_mixin.py:151} INFO - #False
[2024-01-20T05:48:28.841+0000] {logging_mixin.py:151} INFO - #False
[2024-01-20T05:48:28.841+0000] {logging_mixin.py:151} INFO - #False
[2024-01-20T05:48:28.842+0000] {logging_mixin.py:151} INFO - #False
[2024-01-20T05:48:28.842+0000] {logging_mixin.py:151} INFO - #False
[2024-01-20T05:48:28.842+0000] {logging_mixin.py:151} INFO - #False
[2024-01-20T05:48:28.842+0000] {logging_mixin.py:151} INFO - #False
[2024-01-20T05:48:28.843+0000] {logging_mixin.py:151} INFO - #False
[2024-01-20T05:48:28.843+0000] {logging_mixin.py:151} INFO - #False
[2024-01-20T05:48:28.843+0000] {logging_mixin.py:151} INFO - #False
[2024-01-20T05:48:28.843+0000] {logging_mixin.py:151} INFO - #False
[2024-01-20T05:48:28.844+0000] {logging_mixin.py:151} INFO - #False
[2024-01-20T05:48:28.844+0000] {logging_mixin.py:151} INFO - #False
[2024-01-20T05:48:28.844+0000] {logging_mixin.py:151} INFO -  submission : 
[2024-01-20T05:48:30.388+0000] {logging_mixin.py:151} INFO - #False
[2024-01-20T05:48:30.389+0000] {logging_mixin.py:151} INFO - #False
[2024-01-20T05:48:30.389+0000] {logging_mixin.py:151} INFO - #False
[2024-01-20T05:48:30.390+0000] {logging_mixin.py:151} INFO - #False
[2024-01-20T05:48:30.390+0000] {logging_mixin.py:151} INFO - #False
[2024-01-20T05:48:30.390+0000] {logging_mixin.py:151} INFO - #False
[2024-01-20T05:48:30.390+0000] {logging_mixin.py:151} INFO - #False
[2024-01-20T05:48:30.391+0000] {logging_mixin.py:151} INFO - #False
[2024-01-20T05:48:30.391+0000] {logging_mixin.py:151} INFO - #False
[2024-01-20T05:48:30.391+0000] {logging_mixin.py:151} INFO - #False
[2024-01-20T05:48:30.391+0000] {logging_mixin.py:151} INFO - #False
[2024-01-20T05:48:30.392+0000] {logging_mixin.py:151} INFO - #False
[2024-01-20T05:48:30.392+0000] {logging_mixin.py:151} INFO - #False
[2024-01-20T05:48:30.392+0000] {logging_mixin.py:151} INFO - #False
[2024-01-20T05:48:30.392+0000] {logging_mixin.py:151} INFO - #False
[2024-01-20T05:48:30.393+0000] {logging_mixin.py:151} INFO - #False
[2024-01-20T05:48:30.393+0000] {logging_mixin.py:151} INFO - #False
[2024-01-20T05:48:30.393+0000] {logging_mixin.py:151} INFO - #False
[2024-01-20T05:48:30.393+0000] {logging_mixin.py:151} INFO - #False
[2024-01-20T05:48:30.394+0000] {logging_mixin.py:151} INFO - #False
[2024-01-20T05:48:30.394+0000] {logging_mixin.py:151} INFO - #False
[2024-01-20T05:48:30.394+0000] {logging_mixin.py:151} INFO - #False
[2024-01-20T05:48:30.394+0000] {logging_mixin.py:151} INFO - #False
[2024-01-20T05:48:30.395+0000] {logging_mixin.py:151} INFO - #False
[2024-01-20T05:48:30.395+0000] {logging_mixin.py:151} INFO - #False
[2024-01-20T05:48:30.395+0000] {logging_mixin.py:151} INFO - #False
[2024-01-20T05:48:30.395+0000] {logging_mixin.py:151} INFO - #False
[2024-01-20T05:48:30.395+0000] {logging_mixin.py:151} INFO - #False
[2024-01-20T05:48:30.396+0000] {logging_mixin.py:151} INFO - #False
[2024-01-20T05:48:30.396+0000] {logging_mixin.py:151} INFO - #False
[2024-01-20T05:48:30.396+0000] {logging_mixin.py:151} INFO -  submission : 
[2024-01-20T05:48:32.983+0000] {logging_mixin.py:151} INFO - #False
[2024-01-20T05:48:32.984+0000] {logging_mixin.py:151} INFO - #False
[2024-01-20T05:48:32.984+0000] {logging_mixin.py:151} INFO - #False
[2024-01-20T05:48:32.985+0000] {logging_mixin.py:151} INFO - #False
[2024-01-20T05:48:32.986+0000] {logging_mixin.py:151} INFO - #False
[2024-01-20T05:48:32.986+0000] {logging_mixin.py:151} INFO - #False
[2024-01-20T05:48:32.986+0000] {logging_mixin.py:151} INFO - #False
[2024-01-20T05:48:32.986+0000] {logging_mixin.py:151} INFO - #False
[2024-01-20T05:48:32.987+0000] {logging_mixin.py:151} INFO - #False
[2024-01-20T05:48:32.987+0000] {logging_mixin.py:151} INFO - #False
[2024-01-20T05:48:32.987+0000] {logging_mixin.py:151} INFO - #False
[2024-01-20T05:48:32.988+0000] {logging_mixin.py:151} INFO - #False
[2024-01-20T05:48:32.988+0000] {logging_mixin.py:151} INFO - #False
[2024-01-20T05:48:32.988+0000] {logging_mixin.py:151} INFO - #False
[2024-01-20T05:48:32.988+0000] {logging_mixin.py:151} INFO - #False
[2024-01-20T05:48:32.989+0000] {logging_mixin.py:151} INFO - #False
[2024-01-20T05:48:32.989+0000] {logging_mixin.py:151} INFO - #False
[2024-01-20T05:48:32.989+0000] {logging_mixin.py:151} INFO - #False
[2024-01-20T05:48:32.989+0000] {logging_mixin.py:151} INFO - #False
[2024-01-20T05:48:32.990+0000] {logging_mixin.py:151} INFO - #False
[2024-01-20T05:48:32.990+0000] {logging_mixin.py:151} INFO - #False
[2024-01-20T05:48:32.990+0000] {logging_mixin.py:151} INFO - #False
[2024-01-20T05:48:32.990+0000] {logging_mixin.py:151} INFO - #False
[2024-01-20T05:48:32.991+0000] {logging_mixin.py:151} INFO - #False
[2024-01-20T05:48:32.991+0000] {logging_mixin.py:151} INFO - #False
[2024-01-20T05:48:32.991+0000] {logging_mixin.py:151} INFO - #False
[2024-01-20T05:48:32.991+0000] {logging_mixin.py:151} INFO - #False
[2024-01-20T05:48:32.992+0000] {logging_mixin.py:151} INFO - #False
[2024-01-20T05:48:32.992+0000] {logging_mixin.py:151} INFO - #False
[2024-01-20T05:48:32.992+0000] {logging_mixin.py:151} INFO - #False
[2024-01-20T05:48:32.992+0000] {logging_mixin.py:151} INFO -  submission : 
[2024-01-20T05:48:35.563+0000] {logging_mixin.py:151} INFO - #False
[2024-01-20T05:48:35.563+0000] {logging_mixin.py:151} INFO - #False
[2024-01-20T05:48:35.564+0000] {logging_mixin.py:151} INFO - #False
[2024-01-20T05:48:35.565+0000] {logging_mixin.py:151} INFO - #False
[2024-01-20T05:48:35.565+0000] {logging_mixin.py:151} INFO - #False
[2024-01-20T05:48:35.565+0000] {logging_mixin.py:151} INFO - #False
[2024-01-20T05:48:35.566+0000] {logging_mixin.py:151} INFO - #False
[2024-01-20T05:48:35.566+0000] {logging_mixin.py:151} INFO - #False
[2024-01-20T05:48:35.567+0000] {logging_mixin.py:151} INFO - #False
[2024-01-20T05:48:35.567+0000] {logging_mixin.py:151} INFO - #False
[2024-01-20T05:48:35.567+0000] {logging_mixin.py:151} INFO - #False
[2024-01-20T05:48:35.567+0000] {logging_mixin.py:151} INFO - #False
[2024-01-20T05:48:35.568+0000] {logging_mixin.py:151} INFO - #False
[2024-01-20T05:48:35.568+0000] {logging_mixin.py:151} INFO - #False
[2024-01-20T05:48:35.568+0000] {logging_mixin.py:151} INFO - #False
[2024-01-20T05:48:35.568+0000] {logging_mixin.py:151} INFO - #False
[2024-01-20T05:48:35.569+0000] {logging_mixin.py:151} INFO - #False
[2024-01-20T05:48:35.569+0000] {logging_mixin.py:151} INFO - #False
[2024-01-20T05:48:35.569+0000] {logging_mixin.py:151} INFO - #False
[2024-01-20T05:48:35.569+0000] {logging_mixin.py:151} INFO - #False
[2024-01-20T05:48:35.570+0000] {logging_mixin.py:151} INFO - #False
[2024-01-20T05:48:35.570+0000] {logging_mixin.py:151} INFO - #False
[2024-01-20T05:48:35.571+0000] {logging_mixin.py:151} INFO - #False
[2024-01-20T05:48:35.571+0000] {logging_mixin.py:151} INFO - #False
[2024-01-20T05:48:35.572+0000] {logging_mixin.py:151} INFO - #False
[2024-01-20T05:48:35.572+0000] {logging_mixin.py:151} INFO - #False
[2024-01-20T05:48:35.572+0000] {logging_mixin.py:151} INFO - #False
[2024-01-20T05:48:35.572+0000] {logging_mixin.py:151} INFO - #False
[2024-01-20T05:48:35.573+0000] {logging_mixin.py:151} INFO - #False
[2024-01-20T05:48:35.573+0000] {logging_mixin.py:151} INFO - #False
[2024-01-20T05:48:35.573+0000] {logging_mixin.py:151} INFO -  submission : 
[2024-01-20T05:48:38.172+0000] {logging_mixin.py:151} INFO - #False
[2024-01-20T05:48:38.173+0000] {logging_mixin.py:151} INFO - #False
[2024-01-20T05:48:38.174+0000] {logging_mixin.py:151} INFO - #False
[2024-01-20T05:48:38.174+0000] {logging_mixin.py:151} INFO - #False
[2024-01-20T05:48:38.174+0000] {logging_mixin.py:151} INFO - #False
[2024-01-20T05:48:38.174+0000] {logging_mixin.py:151} INFO - #False
[2024-01-20T05:48:38.175+0000] {logging_mixin.py:151} INFO - #False
[2024-01-20T05:48:38.175+0000] {logging_mixin.py:151} INFO - #False
[2024-01-20T05:48:38.175+0000] {logging_mixin.py:151} INFO - #False
[2024-01-20T05:48:38.175+0000] {logging_mixin.py:151} INFO - #False
[2024-01-20T05:48:38.176+0000] {logging_mixin.py:151} INFO - #False
[2024-01-20T05:48:38.176+0000] {logging_mixin.py:151} INFO - #False
[2024-01-20T05:48:38.176+0000] {logging_mixin.py:151} INFO - #False
[2024-01-20T05:48:38.176+0000] {logging_mixin.py:151} INFO - #False
[2024-01-20T05:48:38.177+0000] {logging_mixin.py:151} INFO - #False
[2024-01-20T05:48:38.177+0000] {logging_mixin.py:151} INFO - #False
[2024-01-20T05:48:38.177+0000] {logging_mixin.py:151} INFO - #False
[2024-01-20T05:48:38.177+0000] {logging_mixin.py:151} INFO - #False
[2024-01-20T05:48:38.177+0000] {logging_mixin.py:151} INFO - #False
[2024-01-20T05:48:38.178+0000] {logging_mixin.py:151} INFO - #False
[2024-01-20T05:48:38.178+0000] {logging_mixin.py:151} INFO - #False
[2024-01-20T05:48:38.178+0000] {logging_mixin.py:151} INFO - #False
[2024-01-20T05:48:38.178+0000] {logging_mixin.py:151} INFO - #False
[2024-01-20T05:48:38.179+0000] {logging_mixin.py:151} INFO - #False
[2024-01-20T05:48:38.179+0000] {logging_mixin.py:151} INFO - #False
[2024-01-20T05:48:38.179+0000] {logging_mixin.py:151} INFO - #False
[2024-01-20T05:48:38.179+0000] {logging_mixin.py:151} INFO - #False
[2024-01-20T05:48:38.179+0000] {logging_mixin.py:151} INFO - #False
[2024-01-20T05:48:38.180+0000] {logging_mixin.py:151} INFO - #False
[2024-01-20T05:48:38.180+0000] {logging_mixin.py:151} INFO - #False
[2024-01-20T05:48:38.180+0000] {logging_mixin.py:151} INFO -  submission : 
[2024-01-20T05:48:39.839+0000] {logging_mixin.py:151} INFO - #False
[2024-01-20T05:48:39.840+0000] {logging_mixin.py:151} INFO - #False
[2024-01-20T05:48:39.840+0000] {logging_mixin.py:151} INFO - #False
[2024-01-20T05:48:39.840+0000] {logging_mixin.py:151} INFO - #False
[2024-01-20T05:48:39.841+0000] {logging_mixin.py:151} INFO - #False
[2024-01-20T05:48:39.841+0000] {logging_mixin.py:151} INFO - #False
[2024-01-20T05:48:39.841+0000] {logging_mixin.py:151} INFO - #False
[2024-01-20T05:48:39.841+0000] {logging_mixin.py:151} INFO - #False
[2024-01-20T05:48:39.842+0000] {logging_mixin.py:151} INFO - #False
[2024-01-20T05:48:39.842+0000] {logging_mixin.py:151} INFO - #False
[2024-01-20T05:48:39.842+0000] {logging_mixin.py:151} INFO - #False
[2024-01-20T05:48:39.842+0000] {logging_mixin.py:151} INFO - #False
[2024-01-20T05:48:39.843+0000] {logging_mixin.py:151} INFO - #False
[2024-01-20T05:48:39.843+0000] {logging_mixin.py:151} INFO - #False
[2024-01-20T05:48:39.843+0000] {logging_mixin.py:151} INFO - #False
[2024-01-20T05:48:39.843+0000] {logging_mixin.py:151} INFO - #False
[2024-01-20T05:48:39.844+0000] {logging_mixin.py:151} INFO - #False
[2024-01-20T05:48:39.844+0000] {logging_mixin.py:151} INFO - #False
[2024-01-20T05:48:39.844+0000] {logging_mixin.py:151} INFO - #False
[2024-01-20T05:48:39.844+0000] {logging_mixin.py:151} INFO - #False
[2024-01-20T05:48:39.845+0000] {logging_mixin.py:151} INFO - #False
[2024-01-20T05:48:39.845+0000] {logging_mixin.py:151} INFO - #False
[2024-01-20T05:48:39.845+0000] {logging_mixin.py:151} INFO - #False
[2024-01-20T05:48:39.845+0000] {logging_mixin.py:151} INFO - #False
[2024-01-20T05:48:39.846+0000] {logging_mixin.py:151} INFO - #False
[2024-01-20T05:48:39.846+0000] {logging_mixin.py:151} INFO - #False
[2024-01-20T05:48:39.846+0000] {logging_mixin.py:151} INFO - #False
[2024-01-20T05:48:39.846+0000] {logging_mixin.py:151} INFO - #False
[2024-01-20T05:48:39.846+0000] {logging_mixin.py:151} INFO - #False
[2024-01-20T05:48:39.847+0000] {logging_mixin.py:151} INFO - #False
[2024-01-20T05:48:39.847+0000] {conn.py:919} INFO - <BrokerConnection node_id=1 host=broker:29092 <connected> [IPv4 ('172.19.0.8', 29092)]>: Closing connection. 
[2024-01-20T05:48:39.848+0000] {python.py:194} INFO - Done. Returned value was: None
[2024-01-20T05:48:39.856+0000] {taskinstance.py:1400} INFO - Marking task as SUCCESS. dag_id=Kafka_Producer_1, task_id=Reddit, execution_date=20240120T054717, start_date=20240120T054825, end_date=20240120T054839
[2024-01-20T05:48:39.874+0000] {local_task_job_runner.py:228} INFO - Task exited with return code 0
[2024-01-20T05:48:39.888+0000] {taskinstance.py:2784} INFO - 0 downstream tasks scheduled from follow-on schedule check
