[2024-01-20T08:21:59.096+0000] {taskinstance.py:1159} INFO - Dependencies all met for dep_context=non-requeueable deps ti=<TaskInstance: Kafka_Producer_1.Reddit scheduled__2024-01-20T08:20:55.144173+00:00 [queued]>
[2024-01-20T08:21:59.106+0000] {taskinstance.py:1159} INFO - Dependencies all met for dep_context=requeueable deps ti=<TaskInstance: Kafka_Producer_1.Reddit scheduled__2024-01-20T08:20:55.144173+00:00 [queued]>
[2024-01-20T08:21:59.106+0000] {taskinstance.py:1361} INFO - Starting attempt 1 of 1
[2024-01-20T08:21:59.117+0000] {taskinstance.py:1382} INFO - Executing <Task(PythonOperator): Reddit> on 2024-01-20 08:20:55.144173+00:00
[2024-01-20T08:21:59.120+0000] {standard_task_runner.py:57} INFO - Started process 1328 to run task
[2024-01-20T08:21:59.122+0000] {standard_task_runner.py:84} INFO - Running: ['***', 'tasks', 'run', 'Kafka_Producer_1', 'Reddit', 'scheduled__2024-01-20T08:20:55.144173+00:00', '--job-id', '1052', '--raw', '--subdir', 'DAGS_FOLDER/kafka_stream.py', '--cfg-path', '/tmp/tmpvsyivxeo']
[2024-01-20T08:21:59.123+0000] {standard_task_runner.py:85} INFO - Job 1052: Subtask Reddit
[2024-01-20T08:21:59.166+0000] {task_command.py:415} INFO - Running <TaskInstance: Kafka_Producer_1.Reddit scheduled__2024-01-20T08:20:55.144173+00:00 [running]> on host 45c5bfab8aa1
[2024-01-20T08:21:59.240+0000] {taskinstance.py:1660} INFO - Exporting env vars: AIRFLOW_CTX_DAG_OWNER='me' AIRFLOW_CTX_DAG_ID='Kafka_Producer_1' AIRFLOW_CTX_TASK_ID='Reddit' AIRFLOW_CTX_EXECUTION_DATE='2024-01-20T08:20:55.144173+00:00' AIRFLOW_CTX_TRY_NUMBER='1' AIRFLOW_CTX_DAG_RUN_ID='scheduled__2024-01-20T08:20:55.144173+00:00'
[2024-01-20T08:21:59.323+0000] {logging_mixin.py:151} INFO -  submission : 
[2024-01-20T08:22:00.318+0000] {logging_mixin.py:151} INFO - #False
[2024-01-20T08:22:00.319+0000] {logging_mixin.py:151} INFO - #False
[2024-01-20T08:22:00.319+0000] {logging_mixin.py:151} INFO - #False
[2024-01-20T08:22:00.320+0000] {logging_mixin.py:151} INFO - #False
[2024-01-20T08:22:00.320+0000] {logging_mixin.py:151} INFO - #False
[2024-01-20T08:22:00.320+0000] {logging_mixin.py:151} INFO - #False
[2024-01-20T08:22:00.320+0000] {logging_mixin.py:151} INFO - #False
[2024-01-20T08:22:00.321+0000] {logging_mixin.py:151} INFO - #False
[2024-01-20T08:22:00.321+0000] {logging_mixin.py:151} INFO - #False
[2024-01-20T08:22:00.321+0000] {logging_mixin.py:151} INFO - #False
[2024-01-20T08:22:00.321+0000] {logging_mixin.py:151} INFO - #False
[2024-01-20T08:22:00.321+0000] {logging_mixin.py:151} INFO - #False
[2024-01-20T08:22:00.322+0000] {logging_mixin.py:151} INFO - #False
[2024-01-20T08:22:00.322+0000] {logging_mixin.py:151} INFO - #False
[2024-01-20T08:22:00.322+0000] {logging_mixin.py:151} INFO - #False
[2024-01-20T08:22:00.322+0000] {logging_mixin.py:151} INFO - #False
[2024-01-20T08:22:00.322+0000] {logging_mixin.py:151} INFO - #False
[2024-01-20T08:22:00.323+0000] {logging_mixin.py:151} INFO - #False
[2024-01-20T08:22:00.323+0000] {logging_mixin.py:151} INFO - #False
[2024-01-20T08:22:00.323+0000] {logging_mixin.py:151} INFO - #False
[2024-01-20T08:22:00.323+0000] {logging_mixin.py:151} INFO - #False
[2024-01-20T08:22:00.324+0000] {logging_mixin.py:151} INFO - #False
[2024-01-20T08:22:00.326+0000] {logging_mixin.py:151} INFO - #False
[2024-01-20T08:22:00.326+0000] {logging_mixin.py:151} INFO - #False
[2024-01-20T08:22:00.326+0000] {logging_mixin.py:151} INFO - #False
[2024-01-20T08:22:00.326+0000] {logging_mixin.py:151} INFO - #False
[2024-01-20T08:22:00.327+0000] {logging_mixin.py:151} INFO - #False
[2024-01-20T08:22:00.327+0000] {logging_mixin.py:151} INFO - #False
[2024-01-20T08:22:00.327+0000] {logging_mixin.py:151} INFO - #False
[2024-01-20T08:22:00.327+0000] {logging_mixin.py:151} INFO - #False
[2024-01-20T08:22:00.328+0000] {logging_mixin.py:151} INFO -  submission : 
[2024-01-20T08:22:00.955+0000] {logging_mixin.py:151} INFO - #False
[2024-01-20T08:22:00.955+0000] {logging_mixin.py:151} INFO - #False
[2024-01-20T08:22:00.956+0000] {logging_mixin.py:151} INFO - #False
[2024-01-20T08:22:00.956+0000] {logging_mixin.py:151} INFO - #False
[2024-01-20T08:22:00.957+0000] {logging_mixin.py:151} INFO - #False
[2024-01-20T08:22:00.957+0000] {logging_mixin.py:151} INFO - #False
[2024-01-20T08:22:00.958+0000] {logging_mixin.py:151} INFO - #False
[2024-01-20T08:22:00.958+0000] {logging_mixin.py:151} INFO - #False
[2024-01-20T08:22:00.960+0000] {logging_mixin.py:151} INFO - #False
[2024-01-20T08:22:00.961+0000] {logging_mixin.py:151} INFO - #False
[2024-01-20T08:22:00.961+0000] {logging_mixin.py:151} INFO - #False
[2024-01-20T08:22:00.963+0000] {logging_mixin.py:151} INFO - #False
[2024-01-20T08:22:00.963+0000] {logging_mixin.py:151} INFO - #False
[2024-01-20T08:22:00.964+0000] {logging_mixin.py:151} INFO - #False
[2024-01-20T08:22:00.965+0000] {logging_mixin.py:151} INFO - #False
[2024-01-20T08:22:00.966+0000] {logging_mixin.py:151} INFO - #False
[2024-01-20T08:22:00.966+0000] {logging_mixin.py:151} INFO - #False
[2024-01-20T08:22:00.967+0000] {logging_mixin.py:151} INFO - #False
[2024-01-20T08:22:00.967+0000] {logging_mixin.py:151} INFO - #False
[2024-01-20T08:22:00.967+0000] {logging_mixin.py:151} INFO - #False
[2024-01-20T08:22:00.968+0000] {logging_mixin.py:151} INFO - #False
[2024-01-20T08:22:00.968+0000] {logging_mixin.py:151} INFO - #False
[2024-01-20T08:22:00.969+0000] {logging_mixin.py:151} INFO - #False
[2024-01-20T08:22:00.969+0000] {logging_mixin.py:151} INFO - #False
[2024-01-20T08:22:00.970+0000] {logging_mixin.py:151} INFO - #False
[2024-01-20T08:22:00.970+0000] {logging_mixin.py:151} INFO - #False
[2024-01-20T08:22:00.970+0000] {logging_mixin.py:151} INFO - #False
[2024-01-20T08:22:00.971+0000] {logging_mixin.py:151} INFO - #False
[2024-01-20T08:22:00.971+0000] {logging_mixin.py:151} INFO - #False
[2024-01-20T08:22:00.971+0000] {logging_mixin.py:151} INFO - #False
[2024-01-20T08:22:00.971+0000] {logging_mixin.py:151} INFO -  submission : 
[2024-01-20T08:22:01.572+0000] {logging_mixin.py:151} INFO - #False
[2024-01-20T08:22:01.572+0000] {logging_mixin.py:151} INFO - #False
[2024-01-20T08:22:01.573+0000] {logging_mixin.py:151} INFO - #False
[2024-01-20T08:22:01.574+0000] {logging_mixin.py:151} INFO - #False
[2024-01-20T08:22:01.574+0000] {logging_mixin.py:151} INFO - #False
[2024-01-20T08:22:01.575+0000] {logging_mixin.py:151} INFO - #False
[2024-01-20T08:22:01.575+0000] {logging_mixin.py:151} INFO - #False
[2024-01-20T08:22:01.576+0000] {logging_mixin.py:151} INFO - #False
[2024-01-20T08:22:01.576+0000] {logging_mixin.py:151} INFO - #False
[2024-01-20T08:22:01.576+0000] {logging_mixin.py:151} INFO - #False
[2024-01-20T08:22:01.576+0000] {logging_mixin.py:151} INFO - #False
[2024-01-20T08:22:01.577+0000] {logging_mixin.py:151} INFO - #False
[2024-01-20T08:22:01.578+0000] {logging_mixin.py:151} INFO - #False
[2024-01-20T08:22:01.578+0000] {logging_mixin.py:151} INFO - #False
[2024-01-20T08:22:01.578+0000] {logging_mixin.py:151} INFO - #False
[2024-01-20T08:22:01.579+0000] {logging_mixin.py:151} INFO - #False
[2024-01-20T08:22:01.580+0000] {logging_mixin.py:151} INFO - #False
[2024-01-20T08:22:01.580+0000] {logging_mixin.py:151} INFO - #False
[2024-01-20T08:22:01.580+0000] {logging_mixin.py:151} INFO - #False
[2024-01-20T08:22:01.581+0000] {logging_mixin.py:151} INFO - #False
[2024-01-20T08:22:01.581+0000] {logging_mixin.py:151} INFO - #False
[2024-01-20T08:22:01.581+0000] {logging_mixin.py:151} INFO - #False
[2024-01-20T08:22:01.581+0000] {logging_mixin.py:151} INFO - #False
[2024-01-20T08:22:01.582+0000] {logging_mixin.py:151} INFO - #False
[2024-01-20T08:22:01.582+0000] {logging_mixin.py:151} INFO - #False
[2024-01-20T08:22:01.582+0000] {logging_mixin.py:151} INFO - #False
[2024-01-20T08:22:01.582+0000] {logging_mixin.py:151} INFO - #False
[2024-01-20T08:22:01.582+0000] {logging_mixin.py:151} INFO - #False
[2024-01-20T08:22:01.583+0000] {logging_mixin.py:151} INFO - #False
[2024-01-20T08:22:01.583+0000] {logging_mixin.py:151} INFO - #False
[2024-01-20T08:22:01.584+0000] {logging_mixin.py:151} INFO -  submission : 
[2024-01-20T08:22:02.125+0000] {logging_mixin.py:151} INFO - #False
[2024-01-20T08:22:02.126+0000] {logging_mixin.py:151} INFO - #False
[2024-01-20T08:22:02.126+0000] {logging_mixin.py:151} INFO - #False
[2024-01-20T08:22:02.127+0000] {logging_mixin.py:151} INFO - #False
[2024-01-20T08:22:02.127+0000] {logging_mixin.py:151} INFO - #False
[2024-01-20T08:22:02.127+0000] {logging_mixin.py:151} INFO - #False
[2024-01-20T08:22:02.127+0000] {logging_mixin.py:151} INFO - #False
[2024-01-20T08:22:02.128+0000] {logging_mixin.py:151} INFO - #False
[2024-01-20T08:22:02.128+0000] {logging_mixin.py:151} INFO - #False
[2024-01-20T08:22:02.128+0000] {logging_mixin.py:151} INFO - #False
[2024-01-20T08:22:02.129+0000] {logging_mixin.py:151} INFO - #False
[2024-01-20T08:22:02.135+0000] {logging_mixin.py:151} INFO - #False
[2024-01-20T08:22:02.135+0000] {logging_mixin.py:151} INFO - #False
[2024-01-20T08:22:02.136+0000] {logging_mixin.py:151} INFO - #False
[2024-01-20T08:22:02.137+0000] {logging_mixin.py:151} INFO - #False
[2024-01-20T08:22:02.137+0000] {logging_mixin.py:151} INFO - #False
[2024-01-20T08:22:02.138+0000] {logging_mixin.py:151} INFO - #False
[2024-01-20T08:22:02.138+0000] {logging_mixin.py:151} INFO - #False
[2024-01-20T08:22:02.139+0000] {logging_mixin.py:151} INFO - #False
[2024-01-20T08:22:02.139+0000] {logging_mixin.py:151} INFO - #False
[2024-01-20T08:22:02.139+0000] {logging_mixin.py:151} INFO - #False
[2024-01-20T08:22:02.140+0000] {logging_mixin.py:151} INFO - #False
[2024-01-20T08:22:02.140+0000] {logging_mixin.py:151} INFO - #False
[2024-01-20T08:22:02.140+0000] {logging_mixin.py:151} INFO - #False
[2024-01-20T08:22:02.141+0000] {logging_mixin.py:151} INFO - #False
[2024-01-20T08:22:02.141+0000] {logging_mixin.py:151} INFO - #False
[2024-01-20T08:22:02.141+0000] {logging_mixin.py:151} INFO - #False
[2024-01-20T08:22:02.141+0000] {logging_mixin.py:151} INFO - #False
[2024-01-20T08:22:02.141+0000] {logging_mixin.py:151} INFO - #False
[2024-01-20T08:22:02.142+0000] {logging_mixin.py:151} INFO - #False
[2024-01-20T08:22:02.142+0000] {logging_mixin.py:151} INFO -  submission : 
[2024-01-20T08:22:02.691+0000] {logging_mixin.py:151} INFO - #False
[2024-01-20T08:22:02.691+0000] {logging_mixin.py:151} INFO - #False
[2024-01-20T08:22:02.692+0000] {logging_mixin.py:151} INFO - #False
[2024-01-20T08:22:02.692+0000] {logging_mixin.py:151} INFO - #False
[2024-01-20T08:22:02.693+0000] {logging_mixin.py:151} INFO - #False
[2024-01-20T08:22:02.693+0000] {logging_mixin.py:151} INFO - #False
[2024-01-20T08:22:02.694+0000] {logging_mixin.py:151} INFO - #False
[2024-01-20T08:22:02.695+0000] {logging_mixin.py:151} INFO - #False
[2024-01-20T08:22:02.695+0000] {logging_mixin.py:151} INFO - #False
[2024-01-20T08:22:02.696+0000] {logging_mixin.py:151} INFO - #False
[2024-01-20T08:22:02.696+0000] {logging_mixin.py:151} INFO - #False
[2024-01-20T08:22:02.697+0000] {logging_mixin.py:151} INFO - #False
[2024-01-20T08:22:02.697+0000] {logging_mixin.py:151} INFO - #False
[2024-01-20T08:22:02.698+0000] {logging_mixin.py:151} INFO - #False
[2024-01-20T08:22:02.698+0000] {logging_mixin.py:151} INFO - #False
[2024-01-20T08:22:02.698+0000] {logging_mixin.py:151} INFO - #False
[2024-01-20T08:22:02.699+0000] {logging_mixin.py:151} INFO - #False
[2024-01-20T08:22:02.699+0000] {logging_mixin.py:151} INFO - #False
[2024-01-20T08:22:02.699+0000] {logging_mixin.py:151} INFO - #False
[2024-01-20T08:22:02.700+0000] {logging_mixin.py:151} INFO - #False
[2024-01-20T08:22:02.700+0000] {logging_mixin.py:151} INFO - #False
[2024-01-20T08:22:02.700+0000] {logging_mixin.py:151} INFO - #False
[2024-01-20T08:22:02.700+0000] {logging_mixin.py:151} INFO - #False
[2024-01-20T08:22:02.700+0000] {logging_mixin.py:151} INFO - #False
[2024-01-20T08:22:02.701+0000] {logging_mixin.py:151} INFO - #False
[2024-01-20T08:22:02.701+0000] {logging_mixin.py:151} INFO - #False
[2024-01-20T08:22:02.701+0000] {logging_mixin.py:151} INFO - #False
[2024-01-20T08:22:02.701+0000] {logging_mixin.py:151} INFO - #False
[2024-01-20T08:22:02.702+0000] {logging_mixin.py:151} INFO - #False
[2024-01-20T08:22:02.702+0000] {logging_mixin.py:151} INFO - #False
[2024-01-20T08:22:02.702+0000] {logging_mixin.py:151} INFO -  submission : 
[2024-01-20T08:22:03.210+0000] {logging_mixin.py:151} INFO - #False
[2024-01-20T08:22:03.211+0000] {logging_mixin.py:151} INFO - #False
[2024-01-20T08:22:03.211+0000] {logging_mixin.py:151} INFO - #False
[2024-01-20T08:22:03.212+0000] {logging_mixin.py:151} INFO - #False
[2024-01-20T08:22:03.212+0000] {logging_mixin.py:151} INFO - #False
[2024-01-20T08:22:03.212+0000] {logging_mixin.py:151} INFO - #False
[2024-01-20T08:22:03.212+0000] {logging_mixin.py:151} INFO - #False
[2024-01-20T08:22:03.213+0000] {logging_mixin.py:151} INFO - #False
[2024-01-20T08:22:03.214+0000] {logging_mixin.py:151} INFO - #False
[2024-01-20T08:22:03.214+0000] {logging_mixin.py:151} INFO - #False
[2024-01-20T08:22:03.214+0000] {logging_mixin.py:151} INFO - #False
[2024-01-20T08:22:03.215+0000] {logging_mixin.py:151} INFO - #False
[2024-01-20T08:22:03.215+0000] {logging_mixin.py:151} INFO - #False
[2024-01-20T08:22:03.215+0000] {logging_mixin.py:151} INFO - #False
[2024-01-20T08:22:03.216+0000] {logging_mixin.py:151} INFO - #False
[2024-01-20T08:22:03.216+0000] {logging_mixin.py:151} INFO - #False
[2024-01-20T08:22:03.216+0000] {logging_mixin.py:151} INFO - #False
[2024-01-20T08:22:03.216+0000] {logging_mixin.py:151} INFO - #False
[2024-01-20T08:22:03.217+0000] {logging_mixin.py:151} INFO - #False
[2024-01-20T08:22:03.217+0000] {logging_mixin.py:151} INFO - #False
[2024-01-20T08:22:03.217+0000] {logging_mixin.py:151} INFO - #False
[2024-01-20T08:22:03.217+0000] {logging_mixin.py:151} INFO - #False
[2024-01-20T08:22:03.217+0000] {logging_mixin.py:151} INFO - #False
[2024-01-20T08:22:03.218+0000] {logging_mixin.py:151} INFO - #False
[2024-01-20T08:22:03.218+0000] {logging_mixin.py:151} INFO - #False
[2024-01-20T08:22:03.218+0000] {logging_mixin.py:151} INFO - #False
[2024-01-20T08:22:03.218+0000] {logging_mixin.py:151} INFO - #False
[2024-01-20T08:22:03.219+0000] {logging_mixin.py:151} INFO - #False
[2024-01-20T08:22:03.219+0000] {logging_mixin.py:151} INFO - #False
[2024-01-20T08:22:03.220+0000] {logging_mixin.py:151} INFO - #False
[2024-01-20T08:22:03.220+0000] {logging_mixin.py:151} INFO -  submission : 
[2024-01-20T08:22:03.941+0000] {logging_mixin.py:151} INFO - #False
[2024-01-20T08:22:03.942+0000] {logging_mixin.py:151} INFO - #False
[2024-01-20T08:22:03.942+0000] {logging_mixin.py:151} INFO - #False
[2024-01-20T08:22:03.942+0000] {logging_mixin.py:151} INFO - #False
[2024-01-20T08:22:03.943+0000] {logging_mixin.py:151} INFO - #False
[2024-01-20T08:22:03.943+0000] {logging_mixin.py:151} INFO - #False
[2024-01-20T08:22:03.944+0000] {logging_mixin.py:151} INFO - #False
[2024-01-20T08:22:03.944+0000] {logging_mixin.py:151} INFO - #False
[2024-01-20T08:22:03.944+0000] {logging_mixin.py:151} INFO - #False
[2024-01-20T08:22:03.945+0000] {logging_mixin.py:151} INFO - #False
[2024-01-20T08:22:03.945+0000] {logging_mixin.py:151} INFO - #False
[2024-01-20T08:22:03.945+0000] {logging_mixin.py:151} INFO - #False
[2024-01-20T08:22:03.945+0000] {logging_mixin.py:151} INFO - #False
[2024-01-20T08:22:03.946+0000] {logging_mixin.py:151} INFO - #False
[2024-01-20T08:22:03.946+0000] {logging_mixin.py:151} INFO - #False
[2024-01-20T08:22:03.946+0000] {logging_mixin.py:151} INFO - #False
[2024-01-20T08:22:03.947+0000] {logging_mixin.py:151} INFO - #False
[2024-01-20T08:22:03.947+0000] {logging_mixin.py:151} INFO - #False
[2024-01-20T08:22:03.947+0000] {logging_mixin.py:151} INFO - #False
[2024-01-20T08:22:03.947+0000] {logging_mixin.py:151} INFO - #False
[2024-01-20T08:22:03.947+0000] {logging_mixin.py:151} INFO - #False
[2024-01-20T08:22:03.948+0000] {logging_mixin.py:151} INFO - #False
[2024-01-20T08:22:03.948+0000] {logging_mixin.py:151} INFO - #False
[2024-01-20T08:22:03.948+0000] {logging_mixin.py:151} INFO - #False
[2024-01-20T08:22:03.948+0000] {logging_mixin.py:151} INFO - #False
[2024-01-20T08:22:03.948+0000] {logging_mixin.py:151} INFO - #False
[2024-01-20T08:22:03.949+0000] {logging_mixin.py:151} INFO - #False
[2024-01-20T08:22:03.949+0000] {logging_mixin.py:151} INFO - #False
[2024-01-20T08:22:03.949+0000] {logging_mixin.py:151} INFO - #False
[2024-01-20T08:22:03.949+0000] {logging_mixin.py:151} INFO - #False
[2024-01-20T08:22:03.950+0000] {logging_mixin.py:151} INFO -  submission : 
[2024-01-20T08:22:04.875+0000] {logging_mixin.py:151} INFO - #False
[2024-01-20T08:22:04.875+0000] {logging_mixin.py:151} INFO - #False
[2024-01-20T08:22:04.876+0000] {logging_mixin.py:151} INFO - #False
[2024-01-20T08:22:04.876+0000] {logging_mixin.py:151} INFO - #False
[2024-01-20T08:22:04.876+0000] {logging_mixin.py:151} INFO - #False
[2024-01-20T08:22:04.877+0000] {logging_mixin.py:151} INFO - #False
[2024-01-20T08:22:04.877+0000] {logging_mixin.py:151} INFO - #False
[2024-01-20T08:22:04.877+0000] {logging_mixin.py:151} INFO - #False
[2024-01-20T08:22:04.877+0000] {logging_mixin.py:151} INFO - #False
[2024-01-20T08:22:04.878+0000] {logging_mixin.py:151} INFO - #False
[2024-01-20T08:22:04.878+0000] {logging_mixin.py:151} INFO - #False
[2024-01-20T08:22:04.878+0000] {logging_mixin.py:151} INFO - #False
[2024-01-20T08:22:04.878+0000] {logging_mixin.py:151} INFO - #False
[2024-01-20T08:22:04.879+0000] {logging_mixin.py:151} INFO - #False
[2024-01-20T08:22:04.879+0000] {logging_mixin.py:151} INFO - #False
[2024-01-20T08:22:04.879+0000] {logging_mixin.py:151} INFO - #False
[2024-01-20T08:22:04.879+0000] {logging_mixin.py:151} INFO - #False
[2024-01-20T08:22:04.880+0000] {logging_mixin.py:151} INFO - #False
[2024-01-20T08:22:04.880+0000] {logging_mixin.py:151} INFO - #False
[2024-01-20T08:22:04.881+0000] {logging_mixin.py:151} INFO - #False
[2024-01-20T08:22:04.881+0000] {logging_mixin.py:151} INFO - #False
[2024-01-20T08:22:04.881+0000] {logging_mixin.py:151} INFO - #False
[2024-01-20T08:22:04.881+0000] {logging_mixin.py:151} INFO - #False
[2024-01-20T08:22:04.881+0000] {logging_mixin.py:151} INFO - #False
[2024-01-20T08:22:04.881+0000] {logging_mixin.py:151} INFO - #False
[2024-01-20T08:22:04.882+0000] {logging_mixin.py:151} INFO - #False
[2024-01-20T08:22:04.882+0000] {logging_mixin.py:151} INFO - #False
[2024-01-20T08:22:04.882+0000] {logging_mixin.py:151} INFO - #False
[2024-01-20T08:22:04.883+0000] {logging_mixin.py:151} INFO - #False
[2024-01-20T08:22:04.883+0000] {logging_mixin.py:151} INFO - #False
[2024-01-20T08:22:04.884+0000] {python.py:194} INFO - Done. Returned value was: None
[2024-01-20T08:22:04.891+0000] {taskinstance.py:1400} INFO - Marking task as SUCCESS. dag_id=Kafka_Producer_1, task_id=Reddit, execution_date=20240120T082055, start_date=20240120T082159, end_date=20240120T082204
[2024-01-20T08:22:04.945+0000] {local_task_job_runner.py:228} INFO - Task exited with return code 0
[2024-01-20T08:22:04.957+0000] {taskinstance.py:2784} INFO - 0 downstream tasks scheduled from follow-on schedule check
