[2024-01-17T02:42:29.970+0000] {taskinstance.py:1159} INFO - Dependencies all met for dep_context=non-requeueable deps ti=<TaskInstance: spark_stream_job.spark_submit_task scheduled__2024-01-17T02:35:00+00:00 [queued]>
[2024-01-17T02:42:29.975+0000] {taskinstance.py:1159} INFO - Dependencies all met for dep_context=requeueable deps ti=<TaskInstance: spark_stream_job.spark_submit_task scheduled__2024-01-17T02:35:00+00:00 [queued]>
[2024-01-17T02:42:29.975+0000] {taskinstance.py:1361} INFO - Starting attempt 2 of 2
[2024-01-17T02:42:29.986+0000] {taskinstance.py:1382} INFO - Executing <Task(SparkSubmitOperator): spark_submit_task> on 2024-01-17 02:35:00+00:00
[2024-01-17T02:42:29.988+0000] {standard_task_runner.py:57} INFO - Started process 801 to run task
[2024-01-17T02:42:29.990+0000] {standard_task_runner.py:84} INFO - Running: ['***', 'tasks', 'run', 'spark_stream_job', 'spark_submit_task', 'scheduled__2024-01-17T02:35:00+00:00', '--job-id', '75', '--raw', '--subdir', 'DAGS_FOLDER/spark_streaming_dag.py', '--cfg-path', '/tmp/tmpow5ifb_y']
[2024-01-17T02:42:29.991+0000] {standard_task_runner.py:85} INFO - Job 75: Subtask spark_submit_task
[2024-01-17T02:42:30.102+0000] {task_command.py:415} INFO - Running <TaskInstance: spark_stream_job.spark_submit_task scheduled__2024-01-17T02:35:00+00:00 [running]> on host 7f29d30c8362
[2024-01-17T02:42:30.181+0000] {taskinstance.py:1660} INFO - Exporting env vars: AIRFLOW_CTX_DAG_OWNER='me' AIRFLOW_CTX_DAG_ID='spark_stream_job' AIRFLOW_CTX_TASK_ID='spark_submit_task' AIRFLOW_CTX_EXECUTION_DATE='2024-01-17T02:35:00+00:00' AIRFLOW_CTX_TRY_NUMBER='2' AIRFLOW_CTX_DAG_RUN_ID='scheduled__2024-01-17T02:35:00+00:00'
[2024-01-17T02:42:30.188+0000] {base.py:73} INFO - Using connection ID 'spark_default' for task execution.
[2024-01-17T02:42:30.189+0000] {spark_submit.py:401} INFO - Spark-Submit cmd: spark-submit --master spark-master:7077 --name spark_submit_job --verbose --queue default --deploy-mode client /opt/bitnami/scripts/spark_stream.py
[2024-01-17T02:42:30.314+0000] {spark_submit.py:571} INFO - /home/***/.local/lib/python3.9/site-packages/pyspark/bin/load-spark-env.sh: line 68: ps: command not found
[2024-01-17T02:42:30.315+0000] {spark_submit.py:571} INFO - JAVA_HOME is not set
[2024-01-17T02:42:30.325+0000] {taskinstance.py:1943} ERROR - Task failed with exception
Traceback (most recent call last):
  File "/home/airflow/.local/lib/python3.9/site-packages/airflow/providers/apache/spark/operators/spark_submit.py", line 174, in execute
    self._hook.submit(self._application)
  File "/home/airflow/.local/lib/python3.9/site-packages/airflow/providers/apache/spark/hooks/spark_submit.py", line 502, in submit
    raise AirflowException(
airflow.exceptions.AirflowException: Cannot execute: spark-submit --master spark-master:7077 --name spark_submit_job --verbose --queue default --deploy-mode client /opt/bitnami/scripts/spark_stream.py. Error code is: 1.
[2024-01-17T02:42:30.327+0000] {taskinstance.py:1400} INFO - Marking task as FAILED. dag_id=spark_stream_job, task_id=spark_submit_task, execution_date=20240117T023500, start_date=20240117T024229, end_date=20240117T024230
[2024-01-17T02:42:30.340+0000] {standard_task_runner.py:104} ERROR - Failed to execute job 75 for task spark_submit_task (Cannot execute: spark-submit --master spark-master:7077 --name spark_submit_job --verbose --queue default --deploy-mode client /opt/bitnami/scripts/spark_stream.py. Error code is: 1.; 801)
[2024-01-17T02:42:30.363+0000] {local_task_job_runner.py:228} INFO - Task exited with return code 1
[2024-01-17T02:42:30.394+0000] {taskinstance.py:2784} INFO - 0 downstream tasks scheduled from follow-on schedule check
[2024-01-17T03:40:48.456+0000] {taskinstance.py:1159} INFO - Dependencies all met for dep_context=non-requeueable deps ti=<TaskInstance: spark_stream_job.spark_submit_task scheduled__2024-01-17T02:35:00+00:00 [queued]>
[2024-01-17T03:40:48.461+0000] {taskinstance.py:1159} INFO - Dependencies all met for dep_context=requeueable deps ti=<TaskInstance: spark_stream_job.spark_submit_task scheduled__2024-01-17T02:35:00+00:00 [queued]>
[2024-01-17T03:40:48.462+0000] {taskinstance.py:1361} INFO - Starting attempt 2 of 2
[2024-01-17T03:40:48.471+0000] {taskinstance.py:1382} INFO - Executing <Task(SparkSubmitOperator): spark_submit_task> on 2024-01-17 02:35:00+00:00
[2024-01-17T03:40:48.474+0000] {standard_task_runner.py:57} INFO - Started process 637 to run task
[2024-01-17T03:40:48.476+0000] {standard_task_runner.py:84} INFO - Running: ['***', 'tasks', 'run', 'spark_stream_job', 'spark_submit_task', 'scheduled__2024-01-17T02:35:00+00:00', '--job-id', '186', '--raw', '--subdir', 'DAGS_FOLDER/spark_streaming_dag.py', '--cfg-path', '/tmp/tmpkds_hbx6']
[2024-01-17T03:40:48.477+0000] {standard_task_runner.py:85} INFO - Job 186: Subtask spark_submit_task
[2024-01-17T03:40:48.513+0000] {task_command.py:415} INFO - Running <TaskInstance: spark_stream_job.spark_submit_task scheduled__2024-01-17T02:35:00+00:00 [running]> on host 776833dc279e
[2024-01-17T03:40:48.560+0000] {taskinstance.py:1660} INFO - Exporting env vars: AIRFLOW_CTX_DAG_OWNER='me' AIRFLOW_CTX_DAG_ID='spark_stream_job' AIRFLOW_CTX_TASK_ID='spark_submit_task' AIRFLOW_CTX_EXECUTION_DATE='2024-01-17T02:35:00+00:00' AIRFLOW_CTX_TRY_NUMBER='2' AIRFLOW_CTX_DAG_RUN_ID='scheduled__2024-01-17T02:35:00+00:00'
[2024-01-17T03:40:48.566+0000] {base.py:73} INFO - Using connection ID 'spark_default' for task execution.
[2024-01-17T03:40:48.567+0000] {spark_submit.py:401} INFO - Spark-Submit cmd: spark-submit --master spark://192.168.192.5:7077 --name spark_submit_job --verbose --queue root.default --deploy-mode client /opt/bitnami/scripts/spark_stream.py
[2024-01-17T03:40:48.662+0000] {spark_submit.py:571} INFO - /home/***/.local/lib/python3.9/site-packages/pyspark/bin/load-spark-env.sh: line 68: ps: command not found
[2024-01-17T03:40:48.663+0000] {spark_submit.py:571} INFO - JAVA_HOME is not set
[2024-01-17T03:40:48.671+0000] {taskinstance.py:1943} ERROR - Task failed with exception
Traceback (most recent call last):
  File "/home/airflow/.local/lib/python3.9/site-packages/airflow/providers/apache/spark/operators/spark_submit.py", line 174, in execute
    self._hook.submit(self._application)
  File "/home/airflow/.local/lib/python3.9/site-packages/airflow/providers/apache/spark/hooks/spark_submit.py", line 502, in submit
    raise AirflowException(
airflow.exceptions.AirflowException: Cannot execute: spark-submit --master spark://192.168.192.5:7077 --name spark_submit_job --verbose --queue root.default --deploy-mode client /opt/bitnami/scripts/spark_stream.py. Error code is: 1.
[2024-01-17T03:40:48.673+0000] {taskinstance.py:1400} INFO - Marking task as FAILED. dag_id=spark_stream_job, task_id=spark_submit_task, execution_date=20240117T023500, start_date=20240117T034048, end_date=20240117T034048
[2024-01-17T03:40:48.682+0000] {standard_task_runner.py:104} ERROR - Failed to execute job 186 for task spark_submit_task (Cannot execute: spark-submit --master spark://192.168.192.5:7077 --name spark_submit_job --verbose --queue root.default --deploy-mode client /opt/bitnami/scripts/spark_stream.py. Error code is: 1.; 637)
[2024-01-17T03:40:48.688+0000] {local_task_job_runner.py:228} INFO - Task exited with return code 1
[2024-01-17T03:40:48.703+0000] {taskinstance.py:2784} INFO - 0 downstream tasks scheduled from follow-on schedule check
