[2024-01-20T04:32:23.502+0000] {taskinstance.py:1159} INFO - Dependencies all met for dep_context=non-requeueable deps ti=<TaskInstance: Kafka_Producer_2.Reddit scheduled__2024-01-20T04:30:03.601987+00:00 [queued]>
[2024-01-20T04:32:23.508+0000] {taskinstance.py:1159} INFO - Dependencies all met for dep_context=requeueable deps ti=<TaskInstance: Kafka_Producer_2.Reddit scheduled__2024-01-20T04:30:03.601987+00:00 [queued]>
[2024-01-20T04:32:23.509+0000] {taskinstance.py:1361} INFO - Starting attempt 1 of 1
[2024-01-20T04:32:23.522+0000] {taskinstance.py:1382} INFO - Executing <Task(PythonOperator): Reddit> on 2024-01-20 04:30:03.601987+00:00
[2024-01-20T04:32:23.527+0000] {standard_task_runner.py:57} INFO - Started process 5186 to run task
[2024-01-20T04:32:23.529+0000] {standard_task_runner.py:84} INFO - Running: ['***', 'tasks', 'run', 'Kafka_Producer_2', 'Reddit', 'scheduled__2024-01-20T04:30:03.601987+00:00', '--job-id', '181', '--raw', '--subdir', 'DAGS_FOLDER/kafka_stream_2.py', '--cfg-path', '/tmp/tmpchw7bteh']
[2024-01-20T04:32:23.531+0000] {standard_task_runner.py:85} INFO - Job 181: Subtask Reddit
[2024-01-20T04:32:23.573+0000] {task_command.py:415} INFO - Running <TaskInstance: Kafka_Producer_2.Reddit scheduled__2024-01-20T04:30:03.601987+00:00 [running]> on host 45c5bfab8aa1
[2024-01-20T04:32:23.639+0000] {taskinstance.py:1660} INFO - Exporting env vars: AIRFLOW_CTX_DAG_OWNER='me' AIRFLOW_CTX_DAG_ID='Kafka_Producer_2' AIRFLOW_CTX_TASK_ID='Reddit' AIRFLOW_CTX_EXECUTION_DATE='2024-01-20T04:30:03.601987+00:00' AIRFLOW_CTX_TRY_NUMBER='1' AIRFLOW_CTX_DAG_RUN_ID='scheduled__2024-01-20T04:30:03.601987+00:00'
[2024-01-20T04:32:23.668+0000] {logging_mixin.py:151} INFO -  submission : 
[2024-01-20T04:32:24.573+0000] {logging_mixin.py:151} INFO - #False
[2024-01-20T04:32:24.573+0000] {logging_mixin.py:151} INFO - #False
[2024-01-20T04:32:24.574+0000] {logging_mixin.py:151} INFO - #False
[2024-01-20T04:32:24.574+0000] {logging_mixin.py:151} INFO - #False
[2024-01-20T04:32:24.574+0000] {logging_mixin.py:151} INFO - #False
[2024-01-20T04:32:24.575+0000] {logging_mixin.py:151} INFO - #False
[2024-01-20T04:32:24.575+0000] {logging_mixin.py:151} INFO - #False
[2024-01-20T04:32:24.576+0000] {logging_mixin.py:151} INFO - #False
[2024-01-20T04:32:24.576+0000] {logging_mixin.py:151} INFO - #False
[2024-01-20T04:32:24.576+0000] {logging_mixin.py:151} INFO - #False
[2024-01-20T04:32:24.576+0000] {logging_mixin.py:151} INFO - #False
[2024-01-20T04:32:24.577+0000] {logging_mixin.py:151} INFO - #False
[2024-01-20T04:32:24.577+0000] {logging_mixin.py:151} INFO - #False
[2024-01-20T04:32:24.578+0000] {logging_mixin.py:151} INFO - #False
[2024-01-20T04:32:24.578+0000] {logging_mixin.py:151} INFO - #False
[2024-01-20T04:32:24.578+0000] {logging_mixin.py:151} INFO - #False
[2024-01-20T04:32:24.579+0000] {logging_mixin.py:151} INFO - #False
[2024-01-20T04:32:24.579+0000] {logging_mixin.py:151} INFO - #False
[2024-01-20T04:32:24.579+0000] {logging_mixin.py:151} INFO - #False
[2024-01-20T04:32:24.580+0000] {logging_mixin.py:151} INFO - #False
[2024-01-20T04:32:24.580+0000] {logging_mixin.py:151} INFO - #False
[2024-01-20T04:32:24.580+0000] {logging_mixin.py:151} INFO - #False
[2024-01-20T04:32:24.581+0000] {logging_mixin.py:151} INFO - #False
[2024-01-20T04:32:24.581+0000] {logging_mixin.py:151} INFO - #False
[2024-01-20T04:32:24.581+0000] {logging_mixin.py:151} INFO - #False
[2024-01-20T04:32:24.582+0000] {logging_mixin.py:151} INFO - #False
[2024-01-20T04:32:24.582+0000] {logging_mixin.py:151} INFO - #False
[2024-01-20T04:32:24.582+0000] {logging_mixin.py:151} INFO - #False
[2024-01-20T04:32:24.582+0000] {logging_mixin.py:151} INFO - #False
[2024-01-20T04:32:24.583+0000] {logging_mixin.py:151} INFO - #False
[2024-01-20T04:32:24.583+0000] {logging_mixin.py:151} INFO -  submission : 
[2024-01-20T04:32:25.084+0000] {logging_mixin.py:151} INFO - #False
[2024-01-20T04:32:25.084+0000] {logging_mixin.py:151} INFO - #False
[2024-01-20T04:32:25.084+0000] {logging_mixin.py:151} INFO - #False
[2024-01-20T04:32:25.085+0000] {logging_mixin.py:151} INFO - #False
[2024-01-20T04:32:25.085+0000] {logging_mixin.py:151} INFO - #False
[2024-01-20T04:32:25.085+0000] {logging_mixin.py:151} INFO - #False
[2024-01-20T04:32:25.085+0000] {logging_mixin.py:151} INFO - #False
[2024-01-20T04:32:25.086+0000] {logging_mixin.py:151} INFO - #False
[2024-01-20T04:32:25.086+0000] {logging_mixin.py:151} INFO - #False
[2024-01-20T04:32:25.086+0000] {logging_mixin.py:151} INFO - #False
[2024-01-20T04:32:25.086+0000] {logging_mixin.py:151} INFO - #False
[2024-01-20T04:32:25.086+0000] {logging_mixin.py:151} INFO - #False
[2024-01-20T04:32:25.087+0000] {logging_mixin.py:151} INFO - #False
[2024-01-20T04:32:25.087+0000] {logging_mixin.py:151} INFO - #False
[2024-01-20T04:32:25.087+0000] {logging_mixin.py:151} INFO - #False
[2024-01-20T04:32:25.088+0000] {logging_mixin.py:151} INFO - #False
[2024-01-20T04:32:25.088+0000] {logging_mixin.py:151} INFO - #False
[2024-01-20T04:32:25.088+0000] {logging_mixin.py:151} INFO - #False
[2024-01-20T04:32:25.088+0000] {logging_mixin.py:151} INFO - #False
[2024-01-20T04:32:25.089+0000] {logging_mixin.py:151} INFO - #False
[2024-01-20T04:32:25.089+0000] {logging_mixin.py:151} INFO - #False
[2024-01-20T04:32:25.089+0000] {logging_mixin.py:151} INFO - #False
[2024-01-20T04:32:25.089+0000] {logging_mixin.py:151} INFO - #False
[2024-01-20T04:32:25.090+0000] {logging_mixin.py:151} INFO - #False
[2024-01-20T04:32:25.090+0000] {logging_mixin.py:151} INFO - #False
[2024-01-20T04:32:25.090+0000] {logging_mixin.py:151} INFO - #False
[2024-01-20T04:32:25.090+0000] {logging_mixin.py:151} INFO - #False
[2024-01-20T04:32:25.091+0000] {logging_mixin.py:151} INFO - #False
[2024-01-20T04:32:25.091+0000] {logging_mixin.py:151} INFO - #False
[2024-01-20T04:32:25.091+0000] {logging_mixin.py:151} INFO - #False
[2024-01-20T04:32:25.091+0000] {logging_mixin.py:151} INFO -  submission : 
[2024-01-20T04:32:25.646+0000] {logging_mixin.py:151} INFO - #False
[2024-01-20T04:32:25.646+0000] {logging_mixin.py:151} INFO - #False
[2024-01-20T04:32:25.647+0000] {logging_mixin.py:151} INFO - #False
[2024-01-20T04:32:25.647+0000] {logging_mixin.py:151} INFO - #False
[2024-01-20T04:32:25.647+0000] {logging_mixin.py:151} INFO - #False
[2024-01-20T04:32:25.648+0000] {logging_mixin.py:151} INFO - #False
[2024-01-20T04:32:25.648+0000] {logging_mixin.py:151} INFO - #False
[2024-01-20T04:32:25.648+0000] {logging_mixin.py:151} INFO - #False
[2024-01-20T04:32:25.648+0000] {logging_mixin.py:151} INFO - #False
[2024-01-20T04:32:25.649+0000] {logging_mixin.py:151} INFO - #False
[2024-01-20T04:32:25.649+0000] {logging_mixin.py:151} INFO - #False
[2024-01-20T04:32:25.649+0000] {logging_mixin.py:151} INFO - #False
[2024-01-20T04:32:25.649+0000] {logging_mixin.py:151} INFO - #False
[2024-01-20T04:32:25.649+0000] {logging_mixin.py:151} INFO - #False
[2024-01-20T04:32:25.650+0000] {logging_mixin.py:151} INFO - #False
[2024-01-20T04:32:25.650+0000] {logging_mixin.py:151} INFO - #False
[2024-01-20T04:32:25.650+0000] {logging_mixin.py:151} INFO - #False
[2024-01-20T04:32:25.650+0000] {logging_mixin.py:151} INFO - #False
[2024-01-20T04:32:25.651+0000] {logging_mixin.py:151} INFO - #False
[2024-01-20T04:32:25.651+0000] {logging_mixin.py:151} INFO - #False
[2024-01-20T04:32:25.651+0000] {logging_mixin.py:151} INFO - #False
[2024-01-20T04:32:25.652+0000] {logging_mixin.py:151} INFO - #False
[2024-01-20T04:32:25.652+0000] {logging_mixin.py:151} INFO - #False
[2024-01-20T04:32:25.652+0000] {logging_mixin.py:151} INFO - #False
[2024-01-20T04:32:25.652+0000] {logging_mixin.py:151} INFO - #False
[2024-01-20T04:32:25.653+0000] {logging_mixin.py:151} INFO - #False
[2024-01-20T04:32:25.653+0000] {logging_mixin.py:151} INFO - #False
[2024-01-20T04:32:25.653+0000] {logging_mixin.py:151} INFO - #False
[2024-01-20T04:32:25.653+0000] {logging_mixin.py:151} INFO - #False
[2024-01-20T04:32:25.654+0000] {logging_mixin.py:151} INFO - #False
[2024-01-20T04:32:25.654+0000] {logging_mixin.py:151} INFO -  submission : 
[2024-01-20T04:32:26.068+0000] {logging_mixin.py:151} INFO - #False
[2024-01-20T04:32:26.069+0000] {logging_mixin.py:151} INFO - #False
[2024-01-20T04:32:26.069+0000] {logging_mixin.py:151} INFO - #False
[2024-01-20T04:32:26.069+0000] {logging_mixin.py:151} INFO - #False
[2024-01-20T04:32:26.070+0000] {logging_mixin.py:151} INFO - #False
[2024-01-20T04:32:26.070+0000] {logging_mixin.py:151} INFO - #False
[2024-01-20T04:32:26.071+0000] {logging_mixin.py:151} INFO - #False
[2024-01-20T04:32:26.071+0000] {logging_mixin.py:151} INFO - #False
[2024-01-20T04:32:26.072+0000] {logging_mixin.py:151} INFO - #False
[2024-01-20T04:32:26.072+0000] {logging_mixin.py:151} INFO - #False
[2024-01-20T04:32:26.073+0000] {logging_mixin.py:151} INFO - #False
[2024-01-20T04:32:26.073+0000] {logging_mixin.py:151} INFO - #False
[2024-01-20T04:32:26.074+0000] {logging_mixin.py:151} INFO - #False
[2024-01-20T04:32:26.074+0000] {logging_mixin.py:151} INFO - #False
[2024-01-20T04:32:26.074+0000] {logging_mixin.py:151} INFO - #False
[2024-01-20T04:32:26.075+0000] {logging_mixin.py:151} INFO - #False
[2024-01-20T04:32:26.075+0000] {logging_mixin.py:151} INFO - #False
[2024-01-20T04:32:26.075+0000] {logging_mixin.py:151} INFO - #False
[2024-01-20T04:32:26.076+0000] {logging_mixin.py:151} INFO - #False
[2024-01-20T04:32:26.076+0000] {logging_mixin.py:151} INFO - #False
[2024-01-20T04:32:26.076+0000] {logging_mixin.py:151} INFO - #False
[2024-01-20T04:32:26.077+0000] {logging_mixin.py:151} INFO - #False
[2024-01-20T04:32:26.077+0000] {logging_mixin.py:151} INFO - #False
[2024-01-20T04:32:26.078+0000] {logging_mixin.py:151} INFO - #False
[2024-01-20T04:32:26.078+0000] {logging_mixin.py:151} INFO - #False
[2024-01-20T04:32:26.079+0000] {logging_mixin.py:151} INFO - #False
[2024-01-20T04:32:26.079+0000] {logging_mixin.py:151} INFO - #False
[2024-01-20T04:32:26.080+0000] {logging_mixin.py:151} INFO - #False
[2024-01-20T04:32:26.080+0000] {logging_mixin.py:151} INFO - #False
[2024-01-20T04:32:26.081+0000] {logging_mixin.py:151} INFO - #False
[2024-01-20T04:32:26.081+0000] {logging_mixin.py:151} INFO -  submission : 
[2024-01-20T04:32:26.563+0000] {logging_mixin.py:151} INFO - #False
[2024-01-20T04:32:26.563+0000] {logging_mixin.py:151} INFO - #False
[2024-01-20T04:32:26.564+0000] {logging_mixin.py:151} INFO - #False
[2024-01-20T04:32:26.565+0000] {logging_mixin.py:151} INFO - #False
[2024-01-20T04:32:26.565+0000] {logging_mixin.py:151} INFO - #False
[2024-01-20T04:32:26.566+0000] {logging_mixin.py:151} INFO - #False
[2024-01-20T04:32:26.566+0000] {logging_mixin.py:151} INFO - #False
[2024-01-20T04:32:26.566+0000] {logging_mixin.py:151} INFO - #False
[2024-01-20T04:32:26.567+0000] {logging_mixin.py:151} INFO - #False
[2024-01-20T04:32:26.567+0000] {logging_mixin.py:151} INFO - #False
[2024-01-20T04:32:26.567+0000] {logging_mixin.py:151} INFO - #False
[2024-01-20T04:32:26.567+0000] {logging_mixin.py:151} INFO - #False
[2024-01-20T04:32:26.567+0000] {logging_mixin.py:151} INFO - #False
[2024-01-20T04:32:26.568+0000] {logging_mixin.py:151} INFO - #False
[2024-01-20T04:32:26.568+0000] {logging_mixin.py:151} INFO - #False
[2024-01-20T04:32:26.569+0000] {logging_mixin.py:151} INFO - #False
[2024-01-20T04:32:26.569+0000] {logging_mixin.py:151} INFO - #False
[2024-01-20T04:32:26.570+0000] {logging_mixin.py:151} INFO - #False
[2024-01-20T04:32:26.570+0000] {logging_mixin.py:151} INFO - #False
[2024-01-20T04:32:26.570+0000] {logging_mixin.py:151} INFO - #False
[2024-01-20T04:32:26.570+0000] {logging_mixin.py:151} INFO - #False
[2024-01-20T04:32:26.571+0000] {logging_mixin.py:151} INFO - #False
[2024-01-20T04:32:26.571+0000] {logging_mixin.py:151} INFO - #False
[2024-01-20T04:32:26.571+0000] {logging_mixin.py:151} INFO - #False
[2024-01-20T04:32:26.571+0000] {logging_mixin.py:151} INFO - #False
[2024-01-20T04:32:26.571+0000] {logging_mixin.py:151} INFO - #False
[2024-01-20T04:32:26.572+0000] {logging_mixin.py:151} INFO - #False
[2024-01-20T04:32:26.572+0000] {logging_mixin.py:151} INFO - #False
[2024-01-20T04:32:26.573+0000] {logging_mixin.py:151} INFO - #False
[2024-01-20T04:32:26.573+0000] {logging_mixin.py:151} INFO - #False
[2024-01-20T04:32:26.573+0000] {logging_mixin.py:151} INFO -  submission : 
[2024-01-20T04:32:27.071+0000] {logging_mixin.py:151} INFO - #False
[2024-01-20T04:32:27.071+0000] {logging_mixin.py:151} INFO - #False
[2024-01-20T04:32:27.072+0000] {logging_mixin.py:151} INFO - #False
[2024-01-20T04:32:27.072+0000] {logging_mixin.py:151} INFO - #False
[2024-01-20T04:32:27.073+0000] {logging_mixin.py:151} INFO - #False
[2024-01-20T04:32:27.073+0000] {logging_mixin.py:151} INFO - #False
[2024-01-20T04:32:27.073+0000] {logging_mixin.py:151} INFO - #False
[2024-01-20T04:32:27.074+0000] {logging_mixin.py:151} INFO - #False
[2024-01-20T04:32:27.074+0000] {logging_mixin.py:151} INFO - #False
[2024-01-20T04:32:27.074+0000] {logging_mixin.py:151} INFO - #False
[2024-01-20T04:32:27.074+0000] {logging_mixin.py:151} INFO - #False
[2024-01-20T04:32:27.075+0000] {logging_mixin.py:151} INFO - #False
[2024-01-20T04:32:27.075+0000] {logging_mixin.py:151} INFO - #False
[2024-01-20T04:32:27.075+0000] {logging_mixin.py:151} INFO - #False
[2024-01-20T04:32:27.075+0000] {logging_mixin.py:151} INFO - #False
[2024-01-20T04:32:27.076+0000] {logging_mixin.py:151} INFO - #False
[2024-01-20T04:32:27.076+0000] {logging_mixin.py:151} INFO - #False
[2024-01-20T04:32:27.076+0000] {logging_mixin.py:151} INFO - #False
[2024-01-20T04:32:27.077+0000] {logging_mixin.py:151} INFO - #False
[2024-01-20T04:32:27.077+0000] {logging_mixin.py:151} INFO - #False
[2024-01-20T04:32:27.077+0000] {logging_mixin.py:151} INFO - #False
[2024-01-20T04:32:27.078+0000] {logging_mixin.py:151} INFO - #False
[2024-01-20T04:32:27.078+0000] {logging_mixin.py:151} INFO - #False
[2024-01-20T04:32:27.078+0000] {logging_mixin.py:151} INFO - #False
[2024-01-20T04:32:27.079+0000] {logging_mixin.py:151} INFO - #False
[2024-01-20T04:32:27.079+0000] {logging_mixin.py:151} INFO - #False
[2024-01-20T04:32:27.079+0000] {logging_mixin.py:151} INFO - #False
[2024-01-20T04:32:27.079+0000] {logging_mixin.py:151} INFO - #False
[2024-01-20T04:32:27.079+0000] {logging_mixin.py:151} INFO - #False
[2024-01-20T04:32:27.080+0000] {logging_mixin.py:151} INFO - #False
[2024-01-20T04:32:27.080+0000] {logging_mixin.py:151} INFO -  submission : 
[2024-01-20T04:32:27.696+0000] {logging_mixin.py:151} INFO - #False
[2024-01-20T04:32:27.697+0000] {logging_mixin.py:151} INFO - #False
[2024-01-20T04:32:27.697+0000] {logging_mixin.py:151} INFO - #False
[2024-01-20T04:32:27.698+0000] {logging_mixin.py:151} INFO - #False
[2024-01-20T04:32:27.698+0000] {logging_mixin.py:151} INFO - #False
[2024-01-20T04:32:27.698+0000] {logging_mixin.py:151} INFO - #False
[2024-01-20T04:32:27.699+0000] {logging_mixin.py:151} INFO - #False
[2024-01-20T04:32:27.699+0000] {logging_mixin.py:151} INFO - #False
[2024-01-20T04:32:27.699+0000] {logging_mixin.py:151} INFO - #False
[2024-01-20T04:32:27.700+0000] {logging_mixin.py:151} INFO - #False
[2024-01-20T04:32:27.700+0000] {logging_mixin.py:151} INFO - #False
[2024-01-20T04:32:27.700+0000] {logging_mixin.py:151} INFO - #False
[2024-01-20T04:32:27.700+0000] {logging_mixin.py:151} INFO - #False
[2024-01-20T04:32:27.701+0000] {logging_mixin.py:151} INFO - #False
[2024-01-20T04:32:27.701+0000] {logging_mixin.py:151} INFO - #False
[2024-01-20T04:32:27.701+0000] {logging_mixin.py:151} INFO - #False
[2024-01-20T04:32:27.701+0000] {logging_mixin.py:151} INFO - #False
[2024-01-20T04:32:27.702+0000] {logging_mixin.py:151} INFO - #False
[2024-01-20T04:32:27.702+0000] {logging_mixin.py:151} INFO - #False
[2024-01-20T04:32:27.702+0000] {logging_mixin.py:151} INFO - #False
[2024-01-20T04:32:27.702+0000] {logging_mixin.py:151} INFO - #False
[2024-01-20T04:32:27.703+0000] {logging_mixin.py:151} INFO - #False
[2024-01-20T04:32:27.703+0000] {logging_mixin.py:151} INFO - #False
[2024-01-20T04:32:27.703+0000] {logging_mixin.py:151} INFO - #False
[2024-01-20T04:32:27.703+0000] {logging_mixin.py:151} INFO - #False
[2024-01-20T04:32:27.704+0000] {logging_mixin.py:151} INFO - #False
[2024-01-20T04:32:27.704+0000] {logging_mixin.py:151} INFO - #False
[2024-01-20T04:32:27.704+0000] {logging_mixin.py:151} INFO - #False
[2024-01-20T04:32:27.704+0000] {logging_mixin.py:151} INFO - #False
[2024-01-20T04:32:27.704+0000] {logging_mixin.py:151} INFO - #False
[2024-01-20T04:32:27.705+0000] {logging_mixin.py:151} INFO -  submission : 
[2024-01-20T04:32:28.245+0000] {logging_mixin.py:151} INFO - #False
[2024-01-20T04:32:28.245+0000] {logging_mixin.py:151} INFO - #False
[2024-01-20T04:32:28.246+0000] {logging_mixin.py:151} INFO - #False
[2024-01-20T04:32:28.246+0000] {logging_mixin.py:151} INFO - #False
[2024-01-20T04:32:28.246+0000] {logging_mixin.py:151} INFO - #False
[2024-01-20T04:32:28.247+0000] {logging_mixin.py:151} INFO - #False
[2024-01-20T04:32:28.247+0000] {logging_mixin.py:151} INFO - #False
[2024-01-20T04:32:28.247+0000] {logging_mixin.py:151} INFO - #False
[2024-01-20T04:32:28.247+0000] {logging_mixin.py:151} INFO - #False
[2024-01-20T04:32:28.248+0000] {logging_mixin.py:151} INFO - #False
[2024-01-20T04:32:28.248+0000] {logging_mixin.py:151} INFO - #False
[2024-01-20T04:32:28.248+0000] {logging_mixin.py:151} INFO - #False
[2024-01-20T04:32:28.248+0000] {logging_mixin.py:151} INFO - #False
[2024-01-20T04:32:28.249+0000] {logging_mixin.py:151} INFO - #False
[2024-01-20T04:32:28.249+0000] {logging_mixin.py:151} INFO - #False
[2024-01-20T04:32:28.249+0000] {logging_mixin.py:151} INFO - #False
[2024-01-20T04:32:28.249+0000] {logging_mixin.py:151} INFO - #False
[2024-01-20T04:32:28.250+0000] {logging_mixin.py:151} INFO - #False
[2024-01-20T04:32:28.250+0000] {logging_mixin.py:151} INFO - #False
[2024-01-20T04:32:28.250+0000] {logging_mixin.py:151} INFO - #False
[2024-01-20T04:32:28.250+0000] {logging_mixin.py:151} INFO - #False
[2024-01-20T04:32:28.250+0000] {logging_mixin.py:151} INFO - #False
[2024-01-20T04:32:28.251+0000] {logging_mixin.py:151} INFO - #False
[2024-01-20T04:32:28.251+0000] {logging_mixin.py:151} INFO - #False
[2024-01-20T04:32:28.251+0000] {logging_mixin.py:151} INFO - #False
[2024-01-20T04:32:28.252+0000] {logging_mixin.py:151} INFO - #False
[2024-01-20T04:32:28.252+0000] {logging_mixin.py:151} INFO - #False
[2024-01-20T04:32:28.252+0000] {logging_mixin.py:151} INFO - #False
[2024-01-20T04:32:28.252+0000] {logging_mixin.py:151} INFO - #False
[2024-01-20T04:32:28.253+0000] {logging_mixin.py:151} INFO - #False
[2024-01-20T04:32:28.253+0000] {python.py:194} INFO - Done. Returned value was: None
[2024-01-20T04:32:28.261+0000] {taskinstance.py:1400} INFO - Marking task as SUCCESS. dag_id=Kafka_Producer_2, task_id=Reddit, execution_date=20240120T043003, start_date=20240120T043223, end_date=20240120T043228
[2024-01-20T04:32:28.277+0000] {local_task_job_runner.py:228} INFO - Task exited with return code 0
[2024-01-20T04:32:28.293+0000] {taskinstance.py:2784} INFO - 0 downstream tasks scheduled from follow-on schedule check
