[2024-01-17T05:18:30.124+0000] {taskinstance.py:1159} INFO - Dependencies all met for dep_context=non-requeueable deps ti=<TaskInstance: Stream_Data_5.Reddit scheduled__2024-01-17T05:17:24.934248+00:00 [queued]>
[2024-01-17T05:18:30.130+0000] {taskinstance.py:1159} INFO - Dependencies all met for dep_context=requeueable deps ti=<TaskInstance: Stream_Data_5.Reddit scheduled__2024-01-17T05:17:24.934248+00:00 [queued]>
[2024-01-17T05:18:30.130+0000] {taskinstance.py:1361} INFO - Starting attempt 1 of 1
[2024-01-17T05:18:30.141+0000] {taskinstance.py:1382} INFO - Executing <Task(PythonOperator): Reddit> on 2024-01-17 05:17:24.934248+00:00
[2024-01-17T05:18:30.143+0000] {standard_task_runner.py:57} INFO - Started process 29768 to run task
[2024-01-17T05:18:30.145+0000] {standard_task_runner.py:84} INFO - Running: ['***', 'tasks', 'run', 'Stream_Data_5', 'Reddit', 'scheduled__2024-01-17T05:17:24.934248+00:00', '--job-id', '407', '--raw', '--subdir', 'DAGS_FOLDER/kafka_stream_5.py', '--cfg-path', '/tmp/tmp9314hmzt']
[2024-01-17T05:18:30.147+0000] {standard_task_runner.py:85} INFO - Job 407: Subtask Reddit
[2024-01-17T05:18:30.191+0000] {task_command.py:415} INFO - Running <TaskInstance: Stream_Data_5.Reddit scheduled__2024-01-17T05:17:24.934248+00:00 [running]> on host 614a419ad930
[2024-01-17T05:18:30.259+0000] {taskinstance.py:1660} INFO - Exporting env vars: AIRFLOW_CTX_DAG_OWNER='me' AIRFLOW_CTX_DAG_ID='Stream_Data_5' AIRFLOW_CTX_TASK_ID='Reddit' AIRFLOW_CTX_EXECUTION_DATE='2024-01-17T05:17:24.934248+00:00' AIRFLOW_CTX_TRY_NUMBER='1' AIRFLOW_CTX_DAG_RUN_ID='scheduled__2024-01-17T05:17:24.934248+00:00'
[2024-01-17T05:18:30.284+0000] {logging_mixin.py:151} INFO -  submission : 
[2024-01-17T05:18:31.141+0000] {logging_mixin.py:151} INFO - @True
[2024-01-17T05:18:31.142+0000] {conn.py:380} INFO - <BrokerConnection node_id=bootstrap-0 host=broker:29092 <connecting> [IPv4 ('192.168.224.8', 29092)]>: connecting to broker:29092 [('192.168.224.8', 29092) IPv4]
[2024-01-17T05:18:31.143+0000] {conn.py:1205} INFO - Probing node bootstrap-0 broker version
[2024-01-17T05:18:31.143+0000] {conn.py:410} INFO - <BrokerConnection node_id=bootstrap-0 host=broker:29092 <connecting> [IPv4 ('192.168.224.8', 29092)]>: Connection complete.
[2024-01-17T05:18:31.245+0000] {conn.py:1267} INFO - Broker version identified as 2.5.0
[2024-01-17T05:18:31.246+0000] {conn.py:1268} INFO - Set configuration api_version=(2, 5, 0) to skip auto check_version requests on startup
[2024-01-17T05:18:31.249+0000] {logging_mixin.py:151} INFO - #False
[2024-01-17T05:18:31.250+0000] {logging_mixin.py:151} INFO - #False
[2024-01-17T05:18:31.250+0000] {logging_mixin.py:151} INFO - #False
[2024-01-17T05:18:31.250+0000] {logging_mixin.py:151} INFO - #False
[2024-01-17T05:18:31.250+0000] {logging_mixin.py:151} INFO - #False
[2024-01-17T05:18:31.250+0000] {logging_mixin.py:151} INFO - #False
[2024-01-17T05:18:31.250+0000] {logging_mixin.py:151} INFO - #False
[2024-01-17T05:18:31.250+0000] {logging_mixin.py:151} INFO - #False
[2024-01-17T05:18:31.250+0000] {logging_mixin.py:151} INFO - #False
[2024-01-17T05:18:31.251+0000] {logging_mixin.py:151} INFO - #False
[2024-01-17T05:18:31.251+0000] {logging_mixin.py:151} INFO - #False
[2024-01-17T05:18:31.251+0000] {logging_mixin.py:151} INFO - #False
[2024-01-17T05:18:31.251+0000] {logging_mixin.py:151} INFO - #False
[2024-01-17T05:18:31.251+0000] {logging_mixin.py:151} INFO - #False
[2024-01-17T05:18:31.251+0000] {logging_mixin.py:151} INFO - #False
[2024-01-17T05:18:31.251+0000] {logging_mixin.py:151} INFO - #False
[2024-01-17T05:18:31.251+0000] {logging_mixin.py:151} INFO - #False
[2024-01-17T05:18:31.251+0000] {logging_mixin.py:151} INFO - #False
[2024-01-17T05:18:31.252+0000] {logging_mixin.py:151} INFO - #False
[2024-01-17T05:18:31.252+0000] {logging_mixin.py:151} INFO - #False
[2024-01-17T05:18:31.252+0000] {logging_mixin.py:151} INFO - #False
[2024-01-17T05:18:31.252+0000] {logging_mixin.py:151} INFO - #False
[2024-01-17T05:18:31.252+0000] {logging_mixin.py:151} INFO - #False
[2024-01-17T05:18:31.252+0000] {logging_mixin.py:151} INFO - #False
[2024-01-17T05:18:31.252+0000] {logging_mixin.py:151} INFO - #False
[2024-01-17T05:18:31.252+0000] {logging_mixin.py:151} INFO - #False
[2024-01-17T05:18:31.253+0000] {logging_mixin.py:151} INFO - #False
[2024-01-17T05:18:31.253+0000] {logging_mixin.py:151} INFO - #False
[2024-01-17T05:18:31.253+0000] {logging_mixin.py:151} INFO - #False
[2024-01-17T05:18:31.253+0000] {logging_mixin.py:151} INFO -  submission : 
[2024-01-17T05:18:31.254+0000] {conn.py:380} INFO - <BrokerConnection node_id=1 host=broker:29092 <connecting> [IPv4 ('192.168.224.8', 29092)]>: connecting to broker:29092 [('192.168.224.8', 29092) IPv4]
[2024-01-17T05:18:31.255+0000] {conn.py:410} INFO - <BrokerConnection node_id=1 host=broker:29092 <connecting> [IPv4 ('192.168.224.8', 29092)]>: Connection complete.
[2024-01-17T05:18:31.256+0000] {conn.py:919} INFO - <BrokerConnection node_id=bootstrap-0 host=broker:29092 <connected> [IPv4 ('192.168.224.8', 29092)]>: Closing connection. 
[2024-01-17T05:18:31.951+0000] {logging_mixin.py:151} INFO - #False
[2024-01-17T05:18:31.951+0000] {logging_mixin.py:151} INFO - #False
[2024-01-17T05:18:31.952+0000] {logging_mixin.py:151} INFO - #False
[2024-01-17T05:18:31.952+0000] {logging_mixin.py:151} INFO - #False
[2024-01-17T05:18:31.952+0000] {logging_mixin.py:151} INFO - #False
[2024-01-17T05:18:31.952+0000] {logging_mixin.py:151} INFO - #False
[2024-01-17T05:18:31.952+0000] {logging_mixin.py:151} INFO - #False
[2024-01-17T05:18:31.952+0000] {logging_mixin.py:151} INFO - #False
[2024-01-17T05:18:31.952+0000] {logging_mixin.py:151} INFO - #False
[2024-01-17T05:18:31.952+0000] {logging_mixin.py:151} INFO - #False
[2024-01-17T05:18:31.952+0000] {logging_mixin.py:151} INFO - #False
[2024-01-17T05:18:31.952+0000] {logging_mixin.py:151} INFO - #False
[2024-01-17T05:18:31.952+0000] {logging_mixin.py:151} INFO - #False
[2024-01-17T05:18:31.952+0000] {logging_mixin.py:151} INFO - #False
[2024-01-17T05:18:31.952+0000] {logging_mixin.py:151} INFO - #False
[2024-01-17T05:18:31.952+0000] {logging_mixin.py:151} INFO - #False
[2024-01-17T05:18:31.952+0000] {logging_mixin.py:151} INFO - #False
[2024-01-17T05:18:31.952+0000] {logging_mixin.py:151} INFO - #False
[2024-01-17T05:18:31.952+0000] {logging_mixin.py:151} INFO - #False
[2024-01-17T05:18:31.952+0000] {logging_mixin.py:151} INFO - #False
[2024-01-17T05:18:31.952+0000] {logging_mixin.py:151} INFO - #False
[2024-01-17T05:18:31.953+0000] {logging_mixin.py:151} INFO - #False
[2024-01-17T05:18:31.953+0000] {logging_mixin.py:151} INFO - #False
[2024-01-17T05:18:31.953+0000] {logging_mixin.py:151} INFO - #False
[2024-01-17T05:18:31.953+0000] {logging_mixin.py:151} INFO - #False
[2024-01-17T05:18:31.953+0000] {logging_mixin.py:151} INFO - #False
[2024-01-17T05:18:31.953+0000] {logging_mixin.py:151} INFO - #False
[2024-01-17T05:18:31.953+0000] {logging_mixin.py:151} INFO - #False
[2024-01-17T05:18:31.953+0000] {logging_mixin.py:151} INFO - #False
[2024-01-17T05:18:31.953+0000] {logging_mixin.py:151} INFO - #False
[2024-01-17T05:18:31.953+0000] {logging_mixin.py:151} INFO -  submission : 
[2024-01-17T05:18:32.427+0000] {logging_mixin.py:151} INFO - #False
[2024-01-17T05:18:32.427+0000] {logging_mixin.py:151} INFO - #False
[2024-01-17T05:18:32.427+0000] {logging_mixin.py:151} INFO - #False
[2024-01-17T05:18:32.427+0000] {logging_mixin.py:151} INFO - #False
[2024-01-17T05:18:32.427+0000] {logging_mixin.py:151} INFO - #False
[2024-01-17T05:18:32.427+0000] {logging_mixin.py:151} INFO - #False
[2024-01-17T05:18:32.427+0000] {logging_mixin.py:151} INFO - #False
[2024-01-17T05:18:32.427+0000] {logging_mixin.py:151} INFO - #False
[2024-01-17T05:18:32.427+0000] {logging_mixin.py:151} INFO - #False
[2024-01-17T05:18:32.427+0000] {logging_mixin.py:151} INFO - #False
[2024-01-17T05:18:32.427+0000] {logging_mixin.py:151} INFO - #False
[2024-01-17T05:18:32.427+0000] {logging_mixin.py:151} INFO - #False
[2024-01-17T05:18:32.427+0000] {logging_mixin.py:151} INFO - #False
[2024-01-17T05:18:32.428+0000] {logging_mixin.py:151} INFO - #False
[2024-01-17T05:18:32.428+0000] {logging_mixin.py:151} INFO - #False
[2024-01-17T05:18:32.428+0000] {logging_mixin.py:151} INFO - #False
[2024-01-17T05:18:32.428+0000] {logging_mixin.py:151} INFO - #False
[2024-01-17T05:18:32.428+0000] {logging_mixin.py:151} INFO - #False
[2024-01-17T05:18:32.428+0000] {logging_mixin.py:151} INFO - #False
[2024-01-17T05:18:32.428+0000] {logging_mixin.py:151} INFO - #False
[2024-01-17T05:18:32.428+0000] {logging_mixin.py:151} INFO - #False
[2024-01-17T05:18:32.428+0000] {logging_mixin.py:151} INFO - #False
[2024-01-17T05:18:32.428+0000] {logging_mixin.py:151} INFO - #False
[2024-01-17T05:18:32.428+0000] {logging_mixin.py:151} INFO - #False
[2024-01-17T05:18:32.428+0000] {logging_mixin.py:151} INFO - #False
[2024-01-17T05:18:32.428+0000] {logging_mixin.py:151} INFO - #False
[2024-01-17T05:18:32.428+0000] {logging_mixin.py:151} INFO - #False
[2024-01-17T05:18:32.428+0000] {logging_mixin.py:151} INFO - #False
[2024-01-17T05:18:32.428+0000] {logging_mixin.py:151} INFO - #False
[2024-01-17T05:18:32.428+0000] {logging_mixin.py:151} INFO - #False
[2024-01-17T05:18:32.428+0000] {logging_mixin.py:151} INFO -  submission : 
[2024-01-17T05:18:33.907+0000] {logging_mixin.py:151} INFO - #False
[2024-01-17T05:18:33.907+0000] {logging_mixin.py:151} INFO - #False
[2024-01-17T05:18:33.907+0000] {logging_mixin.py:151} INFO - #False
[2024-01-17T05:18:33.907+0000] {logging_mixin.py:151} INFO - #False
[2024-01-17T05:18:33.907+0000] {logging_mixin.py:151} INFO - #False
[2024-01-17T05:18:33.907+0000] {logging_mixin.py:151} INFO - #False
[2024-01-17T05:18:33.907+0000] {logging_mixin.py:151} INFO - #False
[2024-01-17T05:18:33.907+0000] {logging_mixin.py:151} INFO - #False
[2024-01-17T05:18:33.907+0000] {logging_mixin.py:151} INFO - #False
[2024-01-17T05:18:33.907+0000] {logging_mixin.py:151} INFO - #False
[2024-01-17T05:18:33.907+0000] {logging_mixin.py:151} INFO - #False
[2024-01-17T05:18:33.907+0000] {logging_mixin.py:151} INFO - #False
[2024-01-17T05:18:33.907+0000] {logging_mixin.py:151} INFO - #False
[2024-01-17T05:18:33.907+0000] {logging_mixin.py:151} INFO - #False
[2024-01-17T05:18:33.908+0000] {logging_mixin.py:151} INFO - #False
[2024-01-17T05:18:33.908+0000] {logging_mixin.py:151} INFO - #False
[2024-01-17T05:18:33.908+0000] {logging_mixin.py:151} INFO - #False
[2024-01-17T05:18:33.908+0000] {logging_mixin.py:151} INFO - #False
[2024-01-17T05:18:33.908+0000] {logging_mixin.py:151} INFO - #False
[2024-01-17T05:18:33.908+0000] {logging_mixin.py:151} INFO - #False
[2024-01-17T05:18:33.908+0000] {logging_mixin.py:151} INFO - #False
[2024-01-17T05:18:33.908+0000] {logging_mixin.py:151} INFO - #False
[2024-01-17T05:18:33.908+0000] {logging_mixin.py:151} INFO - #False
[2024-01-17T05:18:33.908+0000] {logging_mixin.py:151} INFO - #False
[2024-01-17T05:18:33.908+0000] {logging_mixin.py:151} INFO - #False
[2024-01-17T05:18:33.908+0000] {logging_mixin.py:151} INFO - #False
[2024-01-17T05:18:33.908+0000] {logging_mixin.py:151} INFO - #False
[2024-01-17T05:18:33.908+0000] {logging_mixin.py:151} INFO - #False
[2024-01-17T05:18:33.908+0000] {logging_mixin.py:151} INFO - #False
[2024-01-17T05:18:33.908+0000] {logging_mixin.py:151} INFO - #False
[2024-01-17T05:18:33.908+0000] {logging_mixin.py:151} INFO -  submission : 
[2024-01-17T05:18:34.492+0000] {logging_mixin.py:151} INFO - #False
[2024-01-17T05:18:34.492+0000] {logging_mixin.py:151} INFO - #False
[2024-01-17T05:18:34.492+0000] {logging_mixin.py:151} INFO - #False
[2024-01-17T05:18:34.492+0000] {logging_mixin.py:151} INFO - #False
[2024-01-17T05:18:34.492+0000] {logging_mixin.py:151} INFO - #False
[2024-01-17T05:18:34.492+0000] {logging_mixin.py:151} INFO - #False
[2024-01-17T05:18:34.492+0000] {logging_mixin.py:151} INFO - #False
[2024-01-17T05:18:34.492+0000] {logging_mixin.py:151} INFO - #False
[2024-01-17T05:18:34.492+0000] {logging_mixin.py:151} INFO - #False
[2024-01-17T05:18:34.493+0000] {logging_mixin.py:151} INFO - #False
[2024-01-17T05:18:34.493+0000] {logging_mixin.py:151} INFO - #False
[2024-01-17T05:18:34.493+0000] {logging_mixin.py:151} INFO - #False
[2024-01-17T05:18:34.493+0000] {logging_mixin.py:151} INFO - #False
[2024-01-17T05:18:34.493+0000] {logging_mixin.py:151} INFO - #False
[2024-01-17T05:18:34.493+0000] {logging_mixin.py:151} INFO - #False
[2024-01-17T05:18:34.493+0000] {logging_mixin.py:151} INFO - #False
[2024-01-17T05:18:34.493+0000] {logging_mixin.py:151} INFO - #False
[2024-01-17T05:18:34.493+0000] {logging_mixin.py:151} INFO - #False
[2024-01-17T05:18:34.493+0000] {logging_mixin.py:151} INFO - #False
[2024-01-17T05:18:34.493+0000] {logging_mixin.py:151} INFO - #False
[2024-01-17T05:18:34.493+0000] {logging_mixin.py:151} INFO - #False
[2024-01-17T05:18:34.493+0000] {logging_mixin.py:151} INFO - #False
[2024-01-17T05:18:34.493+0000] {logging_mixin.py:151} INFO - #False
[2024-01-17T05:18:34.493+0000] {logging_mixin.py:151} INFO - #False
[2024-01-17T05:18:34.493+0000] {logging_mixin.py:151} INFO - #False
[2024-01-17T05:18:34.493+0000] {logging_mixin.py:151} INFO - #False
[2024-01-17T05:18:34.493+0000] {logging_mixin.py:151} INFO - #False
[2024-01-17T05:18:34.493+0000] {logging_mixin.py:151} INFO - #False
[2024-01-17T05:18:34.494+0000] {logging_mixin.py:151} INFO - #False
[2024-01-17T05:18:34.494+0000] {logging_mixin.py:151} INFO - #False
[2024-01-17T05:18:34.494+0000] {logging_mixin.py:151} INFO -  submission : 
[2024-01-17T05:18:36.111+0000] {logging_mixin.py:151} INFO - #False
[2024-01-17T05:18:36.111+0000] {logging_mixin.py:151} INFO - #False
[2024-01-17T05:18:36.111+0000] {logging_mixin.py:151} INFO - #False
[2024-01-17T05:18:36.111+0000] {logging_mixin.py:151} INFO - #False
[2024-01-17T05:18:36.111+0000] {logging_mixin.py:151} INFO - #False
[2024-01-17T05:18:36.111+0000] {logging_mixin.py:151} INFO - #False
[2024-01-17T05:18:36.111+0000] {logging_mixin.py:151} INFO - #False
[2024-01-17T05:18:36.111+0000] {logging_mixin.py:151} INFO - #False
[2024-01-17T05:18:36.111+0000] {logging_mixin.py:151} INFO - #False
[2024-01-17T05:18:36.111+0000] {logging_mixin.py:151} INFO - #False
[2024-01-17T05:18:36.111+0000] {logging_mixin.py:151} INFO - #False
[2024-01-17T05:18:36.111+0000] {logging_mixin.py:151} INFO - #False
[2024-01-17T05:18:36.111+0000] {logging_mixin.py:151} INFO - #False
[2024-01-17T05:18:36.111+0000] {logging_mixin.py:151} INFO - #False
[2024-01-17T05:18:36.111+0000] {logging_mixin.py:151} INFO - #False
[2024-01-17T05:18:36.111+0000] {logging_mixin.py:151} INFO - #False
[2024-01-17T05:18:36.112+0000] {logging_mixin.py:151} INFO - #False
[2024-01-17T05:18:36.112+0000] {logging_mixin.py:151} INFO - #False
[2024-01-17T05:18:36.112+0000] {logging_mixin.py:151} INFO - #False
[2024-01-17T05:18:36.112+0000] {logging_mixin.py:151} INFO - #False
[2024-01-17T05:18:36.112+0000] {logging_mixin.py:151} INFO - #False
[2024-01-17T05:18:36.112+0000] {logging_mixin.py:151} INFO - #False
[2024-01-17T05:18:36.112+0000] {logging_mixin.py:151} INFO - #False
[2024-01-17T05:18:36.112+0000] {logging_mixin.py:151} INFO - #False
[2024-01-17T05:18:36.112+0000] {logging_mixin.py:151} INFO - #False
[2024-01-17T05:18:36.112+0000] {logging_mixin.py:151} INFO - #False
[2024-01-17T05:18:36.112+0000] {logging_mixin.py:151} INFO - #False
[2024-01-17T05:18:36.112+0000] {logging_mixin.py:151} INFO - #False
[2024-01-17T05:18:36.112+0000] {logging_mixin.py:151} INFO - #False
[2024-01-17T05:18:36.112+0000] {logging_mixin.py:151} INFO - #False
[2024-01-17T05:18:36.112+0000] {logging_mixin.py:151} INFO -  submission : 
[2024-01-17T05:18:36.780+0000] {logging_mixin.py:151} INFO - #False
[2024-01-17T05:18:36.781+0000] {logging_mixin.py:151} INFO - #False
[2024-01-17T05:18:36.781+0000] {logging_mixin.py:151} INFO - #False
[2024-01-17T05:18:36.781+0000] {logging_mixin.py:151} INFO - #False
[2024-01-17T05:18:36.781+0000] {logging_mixin.py:151} INFO - #False
[2024-01-17T05:18:36.781+0000] {logging_mixin.py:151} INFO - #False
[2024-01-17T05:18:36.781+0000] {logging_mixin.py:151} INFO - #False
[2024-01-17T05:18:36.781+0000] {logging_mixin.py:151} INFO - #False
[2024-01-17T05:18:36.781+0000] {logging_mixin.py:151} INFO - #False
[2024-01-17T05:18:36.781+0000] {logging_mixin.py:151} INFO - #False
[2024-01-17T05:18:36.781+0000] {logging_mixin.py:151} INFO - #False
[2024-01-17T05:18:36.782+0000] {logging_mixin.py:151} INFO - #False
[2024-01-17T05:18:36.782+0000] {logging_mixin.py:151} INFO - #False
[2024-01-17T05:18:36.782+0000] {logging_mixin.py:151} INFO - #False
[2024-01-17T05:18:36.782+0000] {logging_mixin.py:151} INFO - #False
[2024-01-17T05:18:36.782+0000] {logging_mixin.py:151} INFO - #False
[2024-01-17T05:18:36.782+0000] {logging_mixin.py:151} INFO - #False
[2024-01-17T05:18:36.782+0000] {logging_mixin.py:151} INFO - #False
[2024-01-17T05:18:36.782+0000] {logging_mixin.py:151} INFO - #False
[2024-01-17T05:18:36.782+0000] {logging_mixin.py:151} INFO - #False
[2024-01-17T05:18:36.782+0000] {logging_mixin.py:151} INFO - #False
[2024-01-17T05:18:36.782+0000] {logging_mixin.py:151} INFO - #False
[2024-01-17T05:18:36.782+0000] {logging_mixin.py:151} INFO - #False
[2024-01-17T05:18:36.782+0000] {logging_mixin.py:151} INFO - #False
[2024-01-17T05:18:36.782+0000] {logging_mixin.py:151} INFO - #False
[2024-01-17T05:18:36.782+0000] {logging_mixin.py:151} INFO - #False
[2024-01-17T05:18:36.783+0000] {logging_mixin.py:151} INFO - #False
[2024-01-17T05:18:36.783+0000] {logging_mixin.py:151} INFO - #False
[2024-01-17T05:18:36.783+0000] {logging_mixin.py:151} INFO - #False
[2024-01-17T05:18:36.783+0000] {logging_mixin.py:151} INFO - #False
[2024-01-17T05:18:36.783+0000] {logging_mixin.py:151} INFO -  submission : 
[2024-01-17T05:18:38.496+0000] {logging_mixin.py:151} INFO - #False
[2024-01-17T05:18:38.496+0000] {logging_mixin.py:151} INFO - #False
[2024-01-17T05:18:38.496+0000] {logging_mixin.py:151} INFO - #False
[2024-01-17T05:18:38.496+0000] {logging_mixin.py:151} INFO - #False
[2024-01-17T05:18:38.496+0000] {logging_mixin.py:151} INFO - #False
[2024-01-17T05:18:38.496+0000] {logging_mixin.py:151} INFO - #False
[2024-01-17T05:18:38.496+0000] {logging_mixin.py:151} INFO - #False
[2024-01-17T05:18:38.496+0000] {logging_mixin.py:151} INFO - #False
[2024-01-17T05:18:38.496+0000] {logging_mixin.py:151} INFO - #False
[2024-01-17T05:18:38.496+0000] {logging_mixin.py:151} INFO - #False
[2024-01-17T05:18:38.496+0000] {logging_mixin.py:151} INFO - #False
[2024-01-17T05:18:38.496+0000] {logging_mixin.py:151} INFO - #False
[2024-01-17T05:18:38.496+0000] {logging_mixin.py:151} INFO - #False
[2024-01-17T05:18:38.497+0000] {logging_mixin.py:151} INFO - #False
[2024-01-17T05:18:38.497+0000] {logging_mixin.py:151} INFO - #False
[2024-01-17T05:18:38.497+0000] {logging_mixin.py:151} INFO - #False
[2024-01-17T05:18:38.497+0000] {logging_mixin.py:151} INFO - #False
[2024-01-17T05:18:38.497+0000] {logging_mixin.py:151} INFO - #False
[2024-01-17T05:18:38.497+0000] {logging_mixin.py:151} INFO - #False
[2024-01-17T05:18:38.498+0000] {logging_mixin.py:151} INFO - #False
[2024-01-17T05:18:38.498+0000] {logging_mixin.py:151} INFO - #False
[2024-01-17T05:18:38.498+0000] {logging_mixin.py:151} INFO - #False
[2024-01-17T05:18:38.498+0000] {logging_mixin.py:151} INFO - #False
[2024-01-17T05:18:38.498+0000] {logging_mixin.py:151} INFO - #False
[2024-01-17T05:18:38.498+0000] {logging_mixin.py:151} INFO - #False
[2024-01-17T05:18:38.498+0000] {logging_mixin.py:151} INFO - #False
[2024-01-17T05:18:38.498+0000] {logging_mixin.py:151} INFO - #False
[2024-01-17T05:18:38.498+0000] {logging_mixin.py:151} INFO - #False
[2024-01-17T05:18:38.498+0000] {logging_mixin.py:151} INFO - #False
[2024-01-17T05:18:38.498+0000] {logging_mixin.py:151} INFO - #False
[2024-01-17T05:18:38.498+0000] {conn.py:919} INFO - <BrokerConnection node_id=1 host=broker:29092 <connected> [IPv4 ('192.168.224.8', 29092)]>: Closing connection. 
[2024-01-17T05:18:38.499+0000] {python.py:194} INFO - Done. Returned value was: None
[2024-01-17T05:18:38.508+0000] {taskinstance.py:1400} INFO - Marking task as SUCCESS. dag_id=Stream_Data_5, task_id=Reddit, execution_date=20240117T051724, start_date=20240117T051830, end_date=20240117T051838
[2024-01-17T05:18:38.626+0000] {local_task_job_runner.py:228} INFO - Task exited with return code 0
[2024-01-17T05:18:38.640+0000] {taskinstance.py:2784} INFO - 0 downstream tasks scheduled from follow-on schedule check
