[2024-01-17T23:00:52.599+0000] {taskinstance.py:1159} INFO - Dependencies all met for dep_context=non-requeueable deps ti=<TaskInstance: Stream_Data_5.Reddit scheduled__2024-01-17T22:59:30.732478+00:00 [queued]>
[2024-01-17T23:00:52.607+0000] {taskinstance.py:1159} INFO - Dependencies all met for dep_context=requeueable deps ti=<TaskInstance: Stream_Data_5.Reddit scheduled__2024-01-17T22:59:30.732478+00:00 [queued]>
[2024-01-17T23:00:52.607+0000] {taskinstance.py:1361} INFO - Starting attempt 1 of 1
[2024-01-17T23:00:52.622+0000] {taskinstance.py:1382} INFO - Executing <Task(PythonOperator): Reddit> on 2024-01-17 22:59:30.732478+00:00
[2024-01-17T23:00:52.627+0000] {standard_task_runner.py:57} INFO - Started process 8858 to run task
[2024-01-17T23:00:52.630+0000] {standard_task_runner.py:84} INFO - Running: ['***', 'tasks', 'run', 'Stream_Data_5', 'Reddit', 'scheduled__2024-01-17T22:59:30.732478+00:00', '--job-id', '1239', '--raw', '--subdir', 'DAGS_FOLDER/kafka_stream_5.py', '--cfg-path', '/tmp/tmpwii3_ptp']
[2024-01-17T23:00:52.632+0000] {standard_task_runner.py:85} INFO - Job 1239: Subtask Reddit
[2024-01-17T23:00:52.688+0000] {task_command.py:415} INFO - Running <TaskInstance: Stream_Data_5.Reddit scheduled__2024-01-17T22:59:30.732478+00:00 [running]> on host 614a419ad930
[2024-01-17T23:00:52.785+0000] {taskinstance.py:1660} INFO - Exporting env vars: AIRFLOW_CTX_DAG_OWNER='me' AIRFLOW_CTX_DAG_ID='Stream_Data_5' AIRFLOW_CTX_TASK_ID='Reddit' AIRFLOW_CTX_EXECUTION_DATE='2024-01-17T22:59:30.732478+00:00' AIRFLOW_CTX_TRY_NUMBER='1' AIRFLOW_CTX_DAG_RUN_ID='scheduled__2024-01-17T22:59:30.732478+00:00'
[2024-01-17T23:00:52.819+0000] {logging_mixin.py:151} INFO -  submission : 
[2024-01-17T23:00:53.540+0000] {logging_mixin.py:151} INFO - @True
[2024-01-17T23:00:53.615+0000] {conn.py:380} INFO - <BrokerConnection node_id=bootstrap-0 host=broker:29092 <connecting> [IPv4 ('192.168.224.8', 29092)]>: connecting to broker:29092 [('192.168.224.8', 29092) IPv4]
[2024-01-17T23:00:53.615+0000] {conn.py:1205} INFO - Probing node bootstrap-0 broker version
[2024-01-17T23:00:53.616+0000] {conn.py:410} INFO - <BrokerConnection node_id=bootstrap-0 host=broker:29092 <connecting> [IPv4 ('192.168.224.8', 29092)]>: Connection complete.
[2024-01-17T23:00:53.719+0000] {conn.py:1267} INFO - Broker version identified as 2.5.0
[2024-01-17T23:00:53.719+0000] {conn.py:1268} INFO - Set configuration api_version=(2, 5, 0) to skip auto check_version requests on startup
[2024-01-17T23:00:53.724+0000] {logging_mixin.py:151} INFO - #False
[2024-01-17T23:00:53.724+0000] {logging_mixin.py:151} INFO - #False
[2024-01-17T23:00:53.724+0000] {logging_mixin.py:151} INFO - #False
[2024-01-17T23:00:53.725+0000] {logging_mixin.py:151} INFO - #False
[2024-01-17T23:00:53.725+0000] {logging_mixin.py:151} INFO - #False
[2024-01-17T23:00:53.725+0000] {logging_mixin.py:151} INFO - #False
[2024-01-17T23:00:53.725+0000] {logging_mixin.py:151} INFO - #False
[2024-01-17T23:00:53.725+0000] {logging_mixin.py:151} INFO - #False
[2024-01-17T23:00:53.725+0000] {logging_mixin.py:151} INFO - #False
[2024-01-17T23:00:53.726+0000] {logging_mixin.py:151} INFO - #False
[2024-01-17T23:00:53.726+0000] {logging_mixin.py:151} INFO - #False
[2024-01-17T23:00:53.726+0000] {logging_mixin.py:151} INFO - #False
[2024-01-17T23:00:53.726+0000] {logging_mixin.py:151} INFO - #False
[2024-01-17T23:00:53.726+0000] {logging_mixin.py:151} INFO - #False
[2024-01-17T23:00:53.726+0000] {logging_mixin.py:151} INFO - #False
[2024-01-17T23:00:53.726+0000] {logging_mixin.py:151} INFO - #False
[2024-01-17T23:00:53.726+0000] {logging_mixin.py:151} INFO - #False
[2024-01-17T23:00:53.726+0000] {logging_mixin.py:151} INFO - #False
[2024-01-17T23:00:53.727+0000] {logging_mixin.py:151} INFO - #False
[2024-01-17T23:00:53.727+0000] {logging_mixin.py:151} INFO - #False
[2024-01-17T23:00:53.727+0000] {logging_mixin.py:151} INFO - #False
[2024-01-17T23:00:53.727+0000] {logging_mixin.py:151} INFO - #False
[2024-01-17T23:00:53.727+0000] {logging_mixin.py:151} INFO - #False
[2024-01-17T23:00:53.727+0000] {logging_mixin.py:151} INFO - #False
[2024-01-17T23:00:53.728+0000] {logging_mixin.py:151} INFO - #False
[2024-01-17T23:00:53.728+0000] {logging_mixin.py:151} INFO - #False
[2024-01-17T23:00:53.728+0000] {logging_mixin.py:151} INFO - #False
[2024-01-17T23:00:53.728+0000] {logging_mixin.py:151} INFO - #False
[2024-01-17T23:00:53.728+0000] {logging_mixin.py:151} INFO - #False
[2024-01-17T23:00:53.728+0000] {logging_mixin.py:151} INFO -  submission : 
[2024-01-17T23:00:53.729+0000] {conn.py:380} INFO - <BrokerConnection node_id=1 host=broker:29092 <connecting> [IPv4 ('192.168.224.8', 29092)]>: connecting to broker:29092 [('192.168.224.8', 29092) IPv4]
[2024-01-17T23:00:53.731+0000] {conn.py:410} INFO - <BrokerConnection node_id=1 host=broker:29092 <connecting> [IPv4 ('192.168.224.8', 29092)]>: Connection complete.
[2024-01-17T23:00:53.731+0000] {conn.py:919} INFO - <BrokerConnection node_id=bootstrap-0 host=broker:29092 <connected> [IPv4 ('192.168.224.8', 29092)]>: Closing connection. 
[2024-01-17T23:00:54.274+0000] {logging_mixin.py:151} INFO - #False
[2024-01-17T23:00:54.274+0000] {logging_mixin.py:151} INFO - #False
[2024-01-17T23:00:54.274+0000] {logging_mixin.py:151} INFO - #False
[2024-01-17T23:00:54.274+0000] {logging_mixin.py:151} INFO - #False
[2024-01-17T23:00:54.274+0000] {logging_mixin.py:151} INFO - #False
[2024-01-17T23:00:54.274+0000] {logging_mixin.py:151} INFO - #False
[2024-01-17T23:00:54.274+0000] {logging_mixin.py:151} INFO - #False
[2024-01-17T23:00:54.274+0000] {logging_mixin.py:151} INFO - #False
[2024-01-17T23:00:54.274+0000] {logging_mixin.py:151} INFO - #False
[2024-01-17T23:00:54.275+0000] {logging_mixin.py:151} INFO - #False
[2024-01-17T23:00:54.275+0000] {logging_mixin.py:151} INFO - #False
[2024-01-17T23:00:54.275+0000] {logging_mixin.py:151} INFO - #False
[2024-01-17T23:00:54.275+0000] {logging_mixin.py:151} INFO - #False
[2024-01-17T23:00:54.275+0000] {logging_mixin.py:151} INFO - #False
[2024-01-17T23:00:54.275+0000] {logging_mixin.py:151} INFO - #False
[2024-01-17T23:00:54.275+0000] {logging_mixin.py:151} INFO - #False
[2024-01-17T23:00:54.275+0000] {logging_mixin.py:151} INFO - #False
[2024-01-17T23:00:54.275+0000] {logging_mixin.py:151} INFO - #False
[2024-01-17T23:00:54.275+0000] {logging_mixin.py:151} INFO - #False
[2024-01-17T23:00:54.275+0000] {logging_mixin.py:151} INFO - #False
[2024-01-17T23:00:54.275+0000] {logging_mixin.py:151} INFO - #False
[2024-01-17T23:00:54.275+0000] {logging_mixin.py:151} INFO - #False
[2024-01-17T23:00:54.275+0000] {logging_mixin.py:151} INFO - #False
[2024-01-17T23:00:54.275+0000] {logging_mixin.py:151} INFO - #False
[2024-01-17T23:00:54.275+0000] {logging_mixin.py:151} INFO - #False
[2024-01-17T23:00:54.275+0000] {logging_mixin.py:151} INFO - #False
[2024-01-17T23:00:54.275+0000] {logging_mixin.py:151} INFO - #False
[2024-01-17T23:00:54.276+0000] {logging_mixin.py:151} INFO - #False
[2024-01-17T23:00:54.276+0000] {logging_mixin.py:151} INFO - #False
[2024-01-17T23:00:54.276+0000] {logging_mixin.py:151} INFO - #False
[2024-01-17T23:00:54.276+0000] {logging_mixin.py:151} INFO -  submission : 
[2024-01-17T23:00:54.765+0000] {logging_mixin.py:151} INFO - #False
[2024-01-17T23:00:54.766+0000] {logging_mixin.py:151} INFO - #False
[2024-01-17T23:00:54.766+0000] {logging_mixin.py:151} INFO - #False
[2024-01-17T23:00:54.766+0000] {logging_mixin.py:151} INFO - #False
[2024-01-17T23:00:54.766+0000] {logging_mixin.py:151} INFO - #False
[2024-01-17T23:00:54.766+0000] {logging_mixin.py:151} INFO - #False
[2024-01-17T23:00:54.766+0000] {logging_mixin.py:151} INFO - #False
[2024-01-17T23:00:54.766+0000] {logging_mixin.py:151} INFO - #False
[2024-01-17T23:00:54.766+0000] {logging_mixin.py:151} INFO - #False
[2024-01-17T23:00:54.766+0000] {logging_mixin.py:151} INFO - #False
[2024-01-17T23:00:54.766+0000] {logging_mixin.py:151} INFO - #False
[2024-01-17T23:00:54.767+0000] {logging_mixin.py:151} INFO - #False
[2024-01-17T23:00:54.767+0000] {logging_mixin.py:151} INFO - #False
[2024-01-17T23:00:54.767+0000] {logging_mixin.py:151} INFO - #False
[2024-01-17T23:00:54.767+0000] {logging_mixin.py:151} INFO - #False
[2024-01-17T23:00:54.767+0000] {logging_mixin.py:151} INFO - #False
[2024-01-17T23:00:54.767+0000] {logging_mixin.py:151} INFO - #False
[2024-01-17T23:00:54.767+0000] {logging_mixin.py:151} INFO - #False
[2024-01-17T23:00:54.767+0000] {logging_mixin.py:151} INFO - #False
[2024-01-17T23:00:54.767+0000] {logging_mixin.py:151} INFO - #False
[2024-01-17T23:00:54.767+0000] {logging_mixin.py:151} INFO - #False
[2024-01-17T23:00:54.767+0000] {logging_mixin.py:151} INFO - #False
[2024-01-17T23:00:54.767+0000] {logging_mixin.py:151} INFO - #False
[2024-01-17T23:00:54.767+0000] {logging_mixin.py:151} INFO - #False
[2024-01-17T23:00:54.767+0000] {logging_mixin.py:151} INFO - #False
[2024-01-17T23:00:54.768+0000] {logging_mixin.py:151} INFO - #False
[2024-01-17T23:00:54.768+0000] {logging_mixin.py:151} INFO - #False
[2024-01-17T23:00:54.768+0000] {logging_mixin.py:151} INFO - #False
[2024-01-17T23:00:54.768+0000] {logging_mixin.py:151} INFO - #False
[2024-01-17T23:00:54.768+0000] {logging_mixin.py:151} INFO - #False
[2024-01-17T23:00:54.768+0000] {logging_mixin.py:151} INFO -  submission : 
[2024-01-17T23:00:55.211+0000] {logging_mixin.py:151} INFO - #False
[2024-01-17T23:00:55.211+0000] {logging_mixin.py:151} INFO - #False
[2024-01-17T23:00:55.211+0000] {logging_mixin.py:151} INFO - #False
[2024-01-17T23:00:55.211+0000] {logging_mixin.py:151} INFO - #False
[2024-01-17T23:00:55.211+0000] {logging_mixin.py:151} INFO - #False
[2024-01-17T23:00:55.211+0000] {logging_mixin.py:151} INFO - #False
[2024-01-17T23:00:55.211+0000] {logging_mixin.py:151} INFO - #False
[2024-01-17T23:00:55.212+0000] {logging_mixin.py:151} INFO - #False
[2024-01-17T23:00:55.212+0000] {logging_mixin.py:151} INFO - #False
[2024-01-17T23:00:55.212+0000] {logging_mixin.py:151} INFO - #False
[2024-01-17T23:00:55.212+0000] {logging_mixin.py:151} INFO - #False
[2024-01-17T23:00:55.212+0000] {logging_mixin.py:151} INFO - #False
[2024-01-17T23:00:55.212+0000] {logging_mixin.py:151} INFO - #False
[2024-01-17T23:00:55.212+0000] {logging_mixin.py:151} INFO - #False
[2024-01-17T23:00:55.212+0000] {logging_mixin.py:151} INFO - #False
[2024-01-17T23:00:55.212+0000] {logging_mixin.py:151} INFO - #False
[2024-01-17T23:00:55.212+0000] {logging_mixin.py:151} INFO - #False
[2024-01-17T23:00:55.212+0000] {logging_mixin.py:151} INFO - #False
[2024-01-17T23:00:55.212+0000] {logging_mixin.py:151} INFO - #False
[2024-01-17T23:00:55.212+0000] {logging_mixin.py:151} INFO - #False
[2024-01-17T23:00:55.212+0000] {logging_mixin.py:151} INFO - #False
[2024-01-17T23:00:55.212+0000] {logging_mixin.py:151} INFO - #False
[2024-01-17T23:00:55.212+0000] {logging_mixin.py:151} INFO - #False
[2024-01-17T23:00:55.212+0000] {logging_mixin.py:151} INFO - #False
[2024-01-17T23:00:55.212+0000] {logging_mixin.py:151} INFO - #False
[2024-01-17T23:00:55.212+0000] {logging_mixin.py:151} INFO - #False
[2024-01-17T23:00:55.213+0000] {logging_mixin.py:151} INFO - #False
[2024-01-17T23:00:55.213+0000] {logging_mixin.py:151} INFO - #False
[2024-01-17T23:00:55.213+0000] {logging_mixin.py:151} INFO - #False
[2024-01-17T23:00:55.213+0000] {logging_mixin.py:151} INFO - #False
[2024-01-17T23:00:55.213+0000] {logging_mixin.py:151} INFO -  submission : 
[2024-01-17T23:00:55.675+0000] {logging_mixin.py:151} INFO - #False
[2024-01-17T23:00:55.675+0000] {logging_mixin.py:151} INFO - #False
[2024-01-17T23:00:55.676+0000] {logging_mixin.py:151} INFO - #False
[2024-01-17T23:00:55.676+0000] {logging_mixin.py:151} INFO - #False
[2024-01-17T23:00:55.676+0000] {logging_mixin.py:151} INFO - #False
[2024-01-17T23:00:55.676+0000] {logging_mixin.py:151} INFO - #False
[2024-01-17T23:00:55.676+0000] {logging_mixin.py:151} INFO - #False
[2024-01-17T23:00:55.677+0000] {logging_mixin.py:151} INFO - #False
[2024-01-17T23:00:55.677+0000] {logging_mixin.py:151} INFO - #False
[2024-01-17T23:00:55.677+0000] {logging_mixin.py:151} INFO - #False
[2024-01-17T23:00:55.677+0000] {logging_mixin.py:151} INFO - #False
[2024-01-17T23:00:55.677+0000] {logging_mixin.py:151} INFO - #False
[2024-01-17T23:00:55.677+0000] {logging_mixin.py:151} INFO - #False
[2024-01-17T23:00:55.677+0000] {logging_mixin.py:151} INFO - #False
[2024-01-17T23:00:55.677+0000] {logging_mixin.py:151} INFO - #False
[2024-01-17T23:00:55.677+0000] {logging_mixin.py:151} INFO - #False
[2024-01-17T23:00:55.677+0000] {logging_mixin.py:151} INFO - #False
[2024-01-17T23:00:55.677+0000] {logging_mixin.py:151} INFO - #False
[2024-01-17T23:00:55.677+0000] {logging_mixin.py:151} INFO - #False
[2024-01-17T23:00:55.677+0000] {logging_mixin.py:151} INFO - #False
[2024-01-17T23:00:55.677+0000] {logging_mixin.py:151} INFO - #False
[2024-01-17T23:00:55.677+0000] {logging_mixin.py:151} INFO - #False
[2024-01-17T23:00:55.677+0000] {logging_mixin.py:151} INFO - #False
[2024-01-17T23:00:55.677+0000] {logging_mixin.py:151} INFO - #False
[2024-01-17T23:00:55.677+0000] {logging_mixin.py:151} INFO - #False
[2024-01-17T23:00:55.678+0000] {logging_mixin.py:151} INFO - #False
[2024-01-17T23:00:55.678+0000] {logging_mixin.py:151} INFO - #False
[2024-01-17T23:00:55.678+0000] {logging_mixin.py:151} INFO - #False
[2024-01-17T23:00:55.678+0000] {logging_mixin.py:151} INFO - #False
[2024-01-17T23:00:55.678+0000] {logging_mixin.py:151} INFO - #False
[2024-01-17T23:00:55.678+0000] {logging_mixin.py:151} INFO -  submission : 
[2024-01-17T23:00:56.158+0000] {logging_mixin.py:151} INFO - #False
[2024-01-17T23:00:56.158+0000] {logging_mixin.py:151} INFO - #False
[2024-01-17T23:00:56.158+0000] {logging_mixin.py:151} INFO - #False
[2024-01-17T23:00:56.158+0000] {logging_mixin.py:151} INFO - #False
[2024-01-17T23:00:56.158+0000] {logging_mixin.py:151} INFO - #False
[2024-01-17T23:00:56.158+0000] {logging_mixin.py:151} INFO - #False
[2024-01-17T23:00:56.158+0000] {logging_mixin.py:151} INFO - #False
[2024-01-17T23:00:56.158+0000] {logging_mixin.py:151} INFO - #False
[2024-01-17T23:00:56.158+0000] {logging_mixin.py:151} INFO - #False
[2024-01-17T23:00:56.159+0000] {logging_mixin.py:151} INFO - #False
[2024-01-17T23:00:56.159+0000] {logging_mixin.py:151} INFO - #False
[2024-01-17T23:00:56.159+0000] {logging_mixin.py:151} INFO - #False
[2024-01-17T23:00:56.159+0000] {logging_mixin.py:151} INFO - #False
[2024-01-17T23:00:56.159+0000] {logging_mixin.py:151} INFO - #False
[2024-01-17T23:00:56.159+0000] {logging_mixin.py:151} INFO - #False
[2024-01-17T23:00:56.159+0000] {logging_mixin.py:151} INFO - #False
[2024-01-17T23:00:56.159+0000] {logging_mixin.py:151} INFO - #False
[2024-01-17T23:00:56.159+0000] {logging_mixin.py:151} INFO - #False
[2024-01-17T23:00:56.159+0000] {logging_mixin.py:151} INFO - #False
[2024-01-17T23:00:56.159+0000] {logging_mixin.py:151} INFO - #False
[2024-01-17T23:00:56.159+0000] {logging_mixin.py:151} INFO - #False
[2024-01-17T23:00:56.159+0000] {logging_mixin.py:151} INFO - #False
[2024-01-17T23:00:56.159+0000] {logging_mixin.py:151} INFO - #False
[2024-01-17T23:00:56.159+0000] {logging_mixin.py:151} INFO - #False
[2024-01-17T23:00:56.159+0000] {logging_mixin.py:151} INFO - #False
[2024-01-17T23:00:56.160+0000] {logging_mixin.py:151} INFO - #False
[2024-01-17T23:00:56.160+0000] {logging_mixin.py:151} INFO - #False
[2024-01-17T23:00:56.160+0000] {logging_mixin.py:151} INFO - #False
[2024-01-17T23:00:56.160+0000] {logging_mixin.py:151} INFO - #False
[2024-01-17T23:00:56.160+0000] {logging_mixin.py:151} INFO - #False
[2024-01-17T23:00:56.160+0000] {logging_mixin.py:151} INFO -  submission : 
[2024-01-17T23:00:56.683+0000] {logging_mixin.py:151} INFO - #False
[2024-01-17T23:00:56.683+0000] {logging_mixin.py:151} INFO - #False
[2024-01-17T23:00:56.683+0000] {logging_mixin.py:151} INFO - #False
[2024-01-17T23:00:56.683+0000] {logging_mixin.py:151} INFO - #False
[2024-01-17T23:00:56.683+0000] {logging_mixin.py:151} INFO - #False
[2024-01-17T23:00:56.683+0000] {logging_mixin.py:151} INFO - #False
[2024-01-17T23:00:56.684+0000] {logging_mixin.py:151} INFO - #False
[2024-01-17T23:00:56.684+0000] {logging_mixin.py:151} INFO - #False
[2024-01-17T23:00:56.684+0000] {logging_mixin.py:151} INFO - #False
[2024-01-17T23:00:56.684+0000] {logging_mixin.py:151} INFO - #False
[2024-01-17T23:00:56.684+0000] {logging_mixin.py:151} INFO - #False
[2024-01-17T23:00:56.684+0000] {logging_mixin.py:151} INFO - #False
[2024-01-17T23:00:56.684+0000] {logging_mixin.py:151} INFO - #False
[2024-01-17T23:00:56.684+0000] {logging_mixin.py:151} INFO - #False
[2024-01-17T23:00:56.684+0000] {logging_mixin.py:151} INFO - #False
[2024-01-17T23:00:56.684+0000] {logging_mixin.py:151} INFO - #False
[2024-01-17T23:00:56.684+0000] {logging_mixin.py:151} INFO - #False
[2024-01-17T23:00:56.684+0000] {logging_mixin.py:151} INFO - #False
[2024-01-17T23:00:56.684+0000] {logging_mixin.py:151} INFO - #False
[2024-01-17T23:00:56.684+0000] {logging_mixin.py:151} INFO - #False
[2024-01-17T23:00:56.684+0000] {logging_mixin.py:151} INFO - #False
[2024-01-17T23:00:56.684+0000] {logging_mixin.py:151} INFO - #False
[2024-01-17T23:00:56.684+0000] {logging_mixin.py:151} INFO - #False
[2024-01-17T23:00:56.684+0000] {logging_mixin.py:151} INFO - #False
[2024-01-17T23:00:56.684+0000] {logging_mixin.py:151} INFO - #False
[2024-01-17T23:00:56.685+0000] {logging_mixin.py:151} INFO - #False
[2024-01-17T23:00:56.685+0000] {logging_mixin.py:151} INFO - #False
[2024-01-17T23:00:56.685+0000] {logging_mixin.py:151} INFO - #False
[2024-01-17T23:00:56.685+0000] {logging_mixin.py:151} INFO - #False
[2024-01-17T23:00:56.685+0000] {logging_mixin.py:151} INFO - #False
[2024-01-17T23:00:56.685+0000] {logging_mixin.py:151} INFO -  submission : 
[2024-01-17T23:00:57.278+0000] {logging_mixin.py:151} INFO - #False
[2024-01-17T23:00:57.278+0000] {logging_mixin.py:151} INFO - #False
[2024-01-17T23:00:57.278+0000] {logging_mixin.py:151} INFO - #False
[2024-01-17T23:00:57.278+0000] {logging_mixin.py:151} INFO - #False
[2024-01-17T23:00:57.278+0000] {logging_mixin.py:151} INFO - #False
[2024-01-17T23:00:57.278+0000] {logging_mixin.py:151} INFO - #False
[2024-01-17T23:00:57.278+0000] {logging_mixin.py:151} INFO - #False
[2024-01-17T23:00:57.278+0000] {logging_mixin.py:151} INFO - #False
[2024-01-17T23:00:57.278+0000] {logging_mixin.py:151} INFO - #False
[2024-01-17T23:00:57.278+0000] {logging_mixin.py:151} INFO - #False
[2024-01-17T23:00:57.278+0000] {logging_mixin.py:151} INFO - #False
[2024-01-17T23:00:57.278+0000] {logging_mixin.py:151} INFO - #False
[2024-01-17T23:00:57.278+0000] {logging_mixin.py:151} INFO - #False
[2024-01-17T23:00:57.278+0000] {logging_mixin.py:151} INFO - #False
[2024-01-17T23:00:57.279+0000] {logging_mixin.py:151} INFO - #False
[2024-01-17T23:00:57.279+0000] {logging_mixin.py:151} INFO - #False
[2024-01-17T23:00:57.279+0000] {logging_mixin.py:151} INFO - #False
[2024-01-17T23:00:57.279+0000] {logging_mixin.py:151} INFO - #False
[2024-01-17T23:00:57.279+0000] {logging_mixin.py:151} INFO - #False
[2024-01-17T23:00:57.279+0000] {logging_mixin.py:151} INFO - #False
[2024-01-17T23:00:57.279+0000] {logging_mixin.py:151} INFO - #False
[2024-01-17T23:00:57.279+0000] {logging_mixin.py:151} INFO - #False
[2024-01-17T23:00:57.279+0000] {logging_mixin.py:151} INFO - #False
[2024-01-17T23:00:57.279+0000] {logging_mixin.py:151} INFO - #False
[2024-01-17T23:00:57.279+0000] {logging_mixin.py:151} INFO - #False
[2024-01-17T23:00:57.279+0000] {logging_mixin.py:151} INFO - #False
[2024-01-17T23:00:57.279+0000] {logging_mixin.py:151} INFO - #False
[2024-01-17T23:00:57.279+0000] {logging_mixin.py:151} INFO - #False
[2024-01-17T23:00:57.279+0000] {logging_mixin.py:151} INFO - #False
[2024-01-17T23:00:57.279+0000] {logging_mixin.py:151} INFO - #False
[2024-01-17T23:00:57.280+0000] {conn.py:919} INFO - <BrokerConnection node_id=1 host=broker:29092 <connected> [IPv4 ('192.168.224.8', 29092)]>: Closing connection. 
[2024-01-17T23:00:57.281+0000] {python.py:194} INFO - Done. Returned value was: None
[2024-01-17T23:00:57.290+0000] {taskinstance.py:1400} INFO - Marking task as SUCCESS. dag_id=Stream_Data_5, task_id=Reddit, execution_date=20240117T225930, start_date=20240117T230052, end_date=20240117T230057
[2024-01-17T23:00:57.309+0000] {local_task_job_runner.py:228} INFO - Task exited with return code 0
[2024-01-17T23:00:57.328+0000] {taskinstance.py:2784} INFO - 0 downstream tasks scheduled from follow-on schedule check
