[2024-01-17T05:04:39.499+0000] {taskinstance.py:1159} INFO - Dependencies all met for dep_context=non-requeueable deps ti=<TaskInstance: Stream_Data_5.Reddit scheduled__2024-01-17T05:03:14.065416+00:00 [queued]>
[2024-01-17T05:04:39.505+0000] {taskinstance.py:1159} INFO - Dependencies all met for dep_context=requeueable deps ti=<TaskInstance: Stream_Data_5.Reddit scheduled__2024-01-17T05:03:14.065416+00:00 [queued]>
[2024-01-17T05:04:39.505+0000] {taskinstance.py:1361} INFO - Starting attempt 1 of 1
[2024-01-17T05:04:39.515+0000] {taskinstance.py:1382} INFO - Executing <Task(PythonOperator): Reddit> on 2024-01-17 05:03:14.065416+00:00
[2024-01-17T05:04:39.518+0000] {standard_task_runner.py:57} INFO - Started process 28918 to run task
[2024-01-17T05:04:39.520+0000] {standard_task_runner.py:84} INFO - Running: ['***', 'tasks', 'run', 'Stream_Data_5', 'Reddit', 'scheduled__2024-01-17T05:03:14.065416+00:00', '--job-id', '313', '--raw', '--subdir', 'DAGS_FOLDER/kafka_stream_5.py', '--cfg-path', '/tmp/tmpyy0jab7t']
[2024-01-17T05:04:39.521+0000] {standard_task_runner.py:85} INFO - Job 313: Subtask Reddit
[2024-01-17T05:04:39.558+0000] {task_command.py:415} INFO - Running <TaskInstance: Stream_Data_5.Reddit scheduled__2024-01-17T05:03:14.065416+00:00 [running]> on host 614a419ad930
[2024-01-17T05:04:39.617+0000] {taskinstance.py:1660} INFO - Exporting env vars: AIRFLOW_CTX_DAG_OWNER='me' AIRFLOW_CTX_DAG_ID='Stream_Data_5' AIRFLOW_CTX_TASK_ID='Reddit' AIRFLOW_CTX_EXECUTION_DATE='2024-01-17T05:03:14.065416+00:00' AIRFLOW_CTX_TRY_NUMBER='1' AIRFLOW_CTX_DAG_RUN_ID='scheduled__2024-01-17T05:03:14.065416+00:00'
[2024-01-17T05:04:39.646+0000] {logging_mixin.py:151} INFO -  submission : 
[2024-01-17T05:04:40.529+0000] {logging_mixin.py:151} INFO - @True
[2024-01-17T05:04:40.531+0000] {conn.py:380} INFO - <BrokerConnection node_id=bootstrap-0 host=broker:29092 <connecting> [IPv4 ('192.168.224.8', 29092)]>: connecting to broker:29092 [('192.168.224.8', 29092) IPv4]
[2024-01-17T05:04:40.531+0000] {conn.py:1205} INFO - Probing node bootstrap-0 broker version
[2024-01-17T05:04:40.531+0000] {conn.py:410} INFO - <BrokerConnection node_id=bootstrap-0 host=broker:29092 <connecting> [IPv4 ('192.168.224.8', 29092)]>: Connection complete.
[2024-01-17T05:04:40.634+0000] {conn.py:1267} INFO - Broker version identified as 2.5.0
[2024-01-17T05:04:40.635+0000] {conn.py:1268} INFO - Set configuration api_version=(2, 5, 0) to skip auto check_version requests on startup
[2024-01-17T05:04:40.639+0000] {logging_mixin.py:151} INFO - #False
[2024-01-17T05:04:40.639+0000] {logging_mixin.py:151} INFO - #False
[2024-01-17T05:04:40.639+0000] {logging_mixin.py:151} INFO - #False
[2024-01-17T05:04:40.639+0000] {logging_mixin.py:151} INFO - #False
[2024-01-17T05:04:40.639+0000] {logging_mixin.py:151} INFO - #False
[2024-01-17T05:04:40.639+0000] {logging_mixin.py:151} INFO - #False
[2024-01-17T05:04:40.639+0000] {logging_mixin.py:151} INFO - #False
[2024-01-17T05:04:40.639+0000] {logging_mixin.py:151} INFO - #False
[2024-01-17T05:04:40.639+0000] {logging_mixin.py:151} INFO - #False
[2024-01-17T05:04:40.640+0000] {logging_mixin.py:151} INFO - #False
[2024-01-17T05:04:40.640+0000] {logging_mixin.py:151} INFO - #False
[2024-01-17T05:04:40.640+0000] {logging_mixin.py:151} INFO - #False
[2024-01-17T05:04:40.640+0000] {logging_mixin.py:151} INFO - #False
[2024-01-17T05:04:40.640+0000] {logging_mixin.py:151} INFO - #False
[2024-01-17T05:04:40.640+0000] {logging_mixin.py:151} INFO - #False
[2024-01-17T05:04:40.640+0000] {logging_mixin.py:151} INFO - #False
[2024-01-17T05:04:40.640+0000] {logging_mixin.py:151} INFO - #False
[2024-01-17T05:04:40.640+0000] {logging_mixin.py:151} INFO - #False
[2024-01-17T05:04:40.640+0000] {logging_mixin.py:151} INFO - #False
[2024-01-17T05:04:40.640+0000] {logging_mixin.py:151} INFO - #False
[2024-01-17T05:04:40.640+0000] {logging_mixin.py:151} INFO - #False
[2024-01-17T05:04:40.640+0000] {logging_mixin.py:151} INFO - #False
[2024-01-17T05:04:40.640+0000] {logging_mixin.py:151} INFO - #False
[2024-01-17T05:04:40.640+0000] {logging_mixin.py:151} INFO - #False
[2024-01-17T05:04:40.641+0000] {logging_mixin.py:151} INFO - #False
[2024-01-17T05:04:40.641+0000] {logging_mixin.py:151} INFO - #False
[2024-01-17T05:04:40.641+0000] {logging_mixin.py:151} INFO - #False
[2024-01-17T05:04:40.641+0000] {logging_mixin.py:151} INFO - #False
[2024-01-17T05:04:40.641+0000] {logging_mixin.py:151} INFO - #False
[2024-01-17T05:04:40.641+0000] {logging_mixin.py:151} INFO -  submission : 
[2024-01-17T05:04:40.643+0000] {conn.py:380} INFO - <BrokerConnection node_id=1 host=broker:29092 <connecting> [IPv4 ('192.168.224.8', 29092)]>: connecting to broker:29092 [('192.168.224.8', 29092) IPv4]
[2024-01-17T05:04:40.643+0000] {conn.py:410} INFO - <BrokerConnection node_id=1 host=broker:29092 <connecting> [IPv4 ('192.168.224.8', 29092)]>: Connection complete.
[2024-01-17T05:04:40.644+0000] {conn.py:919} INFO - <BrokerConnection node_id=bootstrap-0 host=broker:29092 <connected> [IPv4 ('192.168.224.8', 29092)]>: Closing connection. 
[2024-01-17T05:04:41.404+0000] {logging_mixin.py:151} INFO - #False
[2024-01-17T05:04:41.404+0000] {logging_mixin.py:151} INFO - #False
[2024-01-17T05:04:41.404+0000] {logging_mixin.py:151} INFO - #False
[2024-01-17T05:04:41.404+0000] {logging_mixin.py:151} INFO - #False
[2024-01-17T05:04:41.404+0000] {logging_mixin.py:151} INFO - #False
[2024-01-17T05:04:41.405+0000] {logging_mixin.py:151} INFO - #False
[2024-01-17T05:04:41.405+0000] {logging_mixin.py:151} INFO - #False
[2024-01-17T05:04:41.405+0000] {logging_mixin.py:151} INFO - #False
[2024-01-17T05:04:41.405+0000] {logging_mixin.py:151} INFO - #False
[2024-01-17T05:04:41.405+0000] {logging_mixin.py:151} INFO - #False
[2024-01-17T05:04:41.405+0000] {logging_mixin.py:151} INFO - #False
[2024-01-17T05:04:41.405+0000] {logging_mixin.py:151} INFO - #False
[2024-01-17T05:04:41.405+0000] {logging_mixin.py:151} INFO - #False
[2024-01-17T05:04:41.405+0000] {logging_mixin.py:151} INFO - #False
[2024-01-17T05:04:41.405+0000] {logging_mixin.py:151} INFO - #False
[2024-01-17T05:04:41.405+0000] {logging_mixin.py:151} INFO - #False
[2024-01-17T05:04:41.405+0000] {logging_mixin.py:151} INFO - #False
[2024-01-17T05:04:41.405+0000] {logging_mixin.py:151} INFO - #False
[2024-01-17T05:04:41.405+0000] {logging_mixin.py:151} INFO - #False
[2024-01-17T05:04:41.405+0000] {logging_mixin.py:151} INFO - #False
[2024-01-17T05:04:41.405+0000] {logging_mixin.py:151} INFO - #False
[2024-01-17T05:04:41.405+0000] {logging_mixin.py:151} INFO - #False
[2024-01-17T05:04:41.405+0000] {logging_mixin.py:151} INFO - #False
[2024-01-17T05:04:41.405+0000] {logging_mixin.py:151} INFO - #False
[2024-01-17T05:04:41.405+0000] {logging_mixin.py:151} INFO - #False
[2024-01-17T05:04:41.405+0000] {logging_mixin.py:151} INFO - #False
[2024-01-17T05:04:41.405+0000] {logging_mixin.py:151} INFO - #False
[2024-01-17T05:04:41.406+0000] {logging_mixin.py:151} INFO - #False
[2024-01-17T05:04:41.406+0000] {logging_mixin.py:151} INFO - #False
[2024-01-17T05:04:41.406+0000] {logging_mixin.py:151} INFO - #False
[2024-01-17T05:04:41.406+0000] {logging_mixin.py:151} INFO -  submission : 
[2024-01-17T05:04:42.038+0000] {logging_mixin.py:151} INFO - @True
[2024-01-17T05:04:42.039+0000] {conn.py:380} INFO - <BrokerConnection node_id=bootstrap-0 host=broker:29092 <connecting> [IPv4 ('192.168.224.8', 29092)]>: connecting to broker:29092 [('192.168.224.8', 29092) IPv4]
[2024-01-17T05:04:42.039+0000] {conn.py:1205} INFO - Probing node bootstrap-0 broker version
[2024-01-17T05:04:42.040+0000] {conn.py:410} INFO - <BrokerConnection node_id=bootstrap-0 host=broker:29092 <connecting> [IPv4 ('192.168.224.8', 29092)]>: Connection complete.
[2024-01-17T05:04:42.143+0000] {conn.py:1267} INFO - Broker version identified as 2.5.0
[2024-01-17T05:04:42.143+0000] {conn.py:1268} INFO - Set configuration api_version=(2, 5, 0) to skip auto check_version requests on startup
[2024-01-17T05:04:42.145+0000] {conn.py:919} INFO - <BrokerConnection node_id=1 host=broker:29092 <connected> [IPv4 ('192.168.224.8', 29092)]>: Closing connection. 
[2024-01-17T05:04:42.228+0000] {logging_mixin.py:151} INFO - #False
[2024-01-17T05:04:42.229+0000] {logging_mixin.py:151} INFO - #False
[2024-01-17T05:04:42.229+0000] {logging_mixin.py:151} INFO - #False
[2024-01-17T05:04:42.229+0000] {logging_mixin.py:151} INFO - #False
[2024-01-17T05:04:42.229+0000] {logging_mixin.py:151} INFO - #False
[2024-01-17T05:04:42.229+0000] {logging_mixin.py:151} INFO - #False
[2024-01-17T05:04:42.229+0000] {logging_mixin.py:151} INFO - #False
[2024-01-17T05:04:42.229+0000] {logging_mixin.py:151} INFO - #False
[2024-01-17T05:04:42.230+0000] {logging_mixin.py:151} INFO - #False
[2024-01-17T05:04:42.230+0000] {logging_mixin.py:151} INFO - #False
[2024-01-17T05:04:42.230+0000] {logging_mixin.py:151} INFO - #False
[2024-01-17T05:04:42.230+0000] {logging_mixin.py:151} INFO - #False
[2024-01-17T05:04:42.230+0000] {logging_mixin.py:151} INFO - #False
[2024-01-17T05:04:42.230+0000] {logging_mixin.py:151} INFO - #False
[2024-01-17T05:04:42.230+0000] {logging_mixin.py:151} INFO - #False
[2024-01-17T05:04:42.230+0000] {logging_mixin.py:151} INFO - #False
[2024-01-17T05:04:42.230+0000] {logging_mixin.py:151} INFO - #False
[2024-01-17T05:04:42.231+0000] {logging_mixin.py:151} INFO - #False
[2024-01-17T05:04:42.231+0000] {logging_mixin.py:151} INFO - #False
[2024-01-17T05:04:42.231+0000] {logging_mixin.py:151} INFO - #False
[2024-01-17T05:04:42.231+0000] {logging_mixin.py:151} INFO - #False
[2024-01-17T05:04:42.231+0000] {logging_mixin.py:151} INFO - #False
[2024-01-17T05:04:42.231+0000] {logging_mixin.py:151} INFO - #False
[2024-01-17T05:04:42.231+0000] {logging_mixin.py:151} INFO - #False
[2024-01-17T05:04:42.231+0000] {logging_mixin.py:151} INFO - #False
[2024-01-17T05:04:42.231+0000] {logging_mixin.py:151} INFO - #False
[2024-01-17T05:04:42.232+0000] {logging_mixin.py:151} INFO - #False
[2024-01-17T05:04:42.232+0000] {logging_mixin.py:151} INFO - #False
[2024-01-17T05:04:42.232+0000] {logging_mixin.py:151} INFO - #False
[2024-01-17T05:04:42.232+0000] {logging_mixin.py:151} INFO -  submission : 
[2024-01-17T05:04:42.234+0000] {conn.py:380} INFO - <BrokerConnection node_id=1 host=broker:29092 <connecting> [IPv4 ('192.168.224.8', 29092)]>: connecting to broker:29092 [('192.168.224.8', 29092) IPv4]
[2024-01-17T05:04:42.234+0000] {conn.py:410} INFO - <BrokerConnection node_id=1 host=broker:29092 <connecting> [IPv4 ('192.168.224.8', 29092)]>: Connection complete.
[2024-01-17T05:04:42.234+0000] {conn.py:919} INFO - <BrokerConnection node_id=bootstrap-0 host=broker:29092 <connected> [IPv4 ('192.168.224.8', 29092)]>: Closing connection. 
[2024-01-17T05:04:42.779+0000] {logging_mixin.py:151} INFO - #False
[2024-01-17T05:04:42.779+0000] {logging_mixin.py:151} INFO - #False
[2024-01-17T05:04:42.779+0000] {logging_mixin.py:151} INFO - #False
[2024-01-17T05:04:42.779+0000] {logging_mixin.py:151} INFO - #False
[2024-01-17T05:04:42.779+0000] {logging_mixin.py:151} INFO - #False
[2024-01-17T05:04:42.779+0000] {logging_mixin.py:151} INFO - #False
[2024-01-17T05:04:42.779+0000] {logging_mixin.py:151} INFO - #False
[2024-01-17T05:04:42.779+0000] {logging_mixin.py:151} INFO - #False
[2024-01-17T05:04:42.779+0000] {logging_mixin.py:151} INFO - #False
[2024-01-17T05:04:42.779+0000] {logging_mixin.py:151} INFO - #False
[2024-01-17T05:04:42.779+0000] {logging_mixin.py:151} INFO - #False
[2024-01-17T05:04:42.779+0000] {logging_mixin.py:151} INFO - #False
[2024-01-17T05:04:42.780+0000] {logging_mixin.py:151} INFO - #False
[2024-01-17T05:04:42.780+0000] {logging_mixin.py:151} INFO - #False
[2024-01-17T05:04:42.780+0000] {logging_mixin.py:151} INFO - #False
[2024-01-17T05:04:42.780+0000] {logging_mixin.py:151} INFO - #False
[2024-01-17T05:04:42.780+0000] {logging_mixin.py:151} INFO - #False
[2024-01-17T05:04:42.780+0000] {logging_mixin.py:151} INFO - #False
[2024-01-17T05:04:42.780+0000] {logging_mixin.py:151} INFO - #False
[2024-01-17T05:04:42.780+0000] {logging_mixin.py:151} INFO - #False
[2024-01-17T05:04:42.780+0000] {logging_mixin.py:151} INFO - #False
[2024-01-17T05:04:42.780+0000] {logging_mixin.py:151} INFO - #False
[2024-01-17T05:04:42.780+0000] {logging_mixin.py:151} INFO - #False
[2024-01-17T05:04:42.780+0000] {logging_mixin.py:151} INFO - #False
[2024-01-17T05:04:42.780+0000] {logging_mixin.py:151} INFO - #False
[2024-01-17T05:04:42.780+0000] {logging_mixin.py:151} INFO - #False
[2024-01-17T05:04:42.781+0000] {logging_mixin.py:151} INFO - #False
[2024-01-17T05:04:42.781+0000] {logging_mixin.py:151} INFO - #False
[2024-01-17T05:04:42.781+0000] {logging_mixin.py:151} INFO - #False
[2024-01-17T05:04:42.781+0000] {logging_mixin.py:151} INFO - #False
[2024-01-17T05:04:42.781+0000] {logging_mixin.py:151} INFO -  submission : 
[2024-01-17T05:04:43.351+0000] {logging_mixin.py:151} INFO - #False
[2024-01-17T05:04:43.351+0000] {logging_mixin.py:151} INFO - #False
[2024-01-17T05:04:43.351+0000] {logging_mixin.py:151} INFO - #False
[2024-01-17T05:04:43.351+0000] {logging_mixin.py:151} INFO - #False
[2024-01-17T05:04:43.351+0000] {logging_mixin.py:151} INFO - #False
[2024-01-17T05:04:43.351+0000] {logging_mixin.py:151} INFO - #False
[2024-01-17T05:04:43.351+0000] {logging_mixin.py:151} INFO - #False
[2024-01-17T05:04:43.351+0000] {logging_mixin.py:151} INFO - #False
[2024-01-17T05:04:43.351+0000] {logging_mixin.py:151} INFO - #False
[2024-01-17T05:04:43.351+0000] {logging_mixin.py:151} INFO - #False
[2024-01-17T05:04:43.352+0000] {logging_mixin.py:151} INFO - #False
[2024-01-17T05:04:43.352+0000] {logging_mixin.py:151} INFO - #False
[2024-01-17T05:04:43.352+0000] {logging_mixin.py:151} INFO - #False
[2024-01-17T05:04:43.352+0000] {logging_mixin.py:151} INFO - #False
[2024-01-17T05:04:43.352+0000] {logging_mixin.py:151} INFO - #False
[2024-01-17T05:04:43.352+0000] {logging_mixin.py:151} INFO - #False
[2024-01-17T05:04:43.352+0000] {logging_mixin.py:151} INFO - #False
[2024-01-17T05:04:43.352+0000] {logging_mixin.py:151} INFO - #False
[2024-01-17T05:04:43.352+0000] {logging_mixin.py:151} INFO - #False
[2024-01-17T05:04:43.352+0000] {logging_mixin.py:151} INFO - #False
[2024-01-17T05:04:43.352+0000] {logging_mixin.py:151} INFO - #False
[2024-01-17T05:04:43.352+0000] {logging_mixin.py:151} INFO - #False
[2024-01-17T05:04:43.352+0000] {logging_mixin.py:151} INFO - #False
[2024-01-17T05:04:43.352+0000] {logging_mixin.py:151} INFO - #False
[2024-01-17T05:04:43.352+0000] {logging_mixin.py:151} INFO - #False
[2024-01-17T05:04:43.352+0000] {logging_mixin.py:151} INFO - #False
[2024-01-17T05:04:43.352+0000] {logging_mixin.py:151} INFO - #False
[2024-01-17T05:04:43.352+0000] {logging_mixin.py:151} INFO - #False
[2024-01-17T05:04:43.352+0000] {logging_mixin.py:151} INFO - #False
[2024-01-17T05:04:43.353+0000] {logging_mixin.py:151} INFO - #False
[2024-01-17T05:04:43.353+0000] {logging_mixin.py:151} INFO -  submission : 
[2024-01-17T05:04:44.471+0000] {logging_mixin.py:151} INFO - #False
[2024-01-17T05:04:44.471+0000] {logging_mixin.py:151} INFO - #False
[2024-01-17T05:04:44.472+0000] {logging_mixin.py:151} INFO - #False
[2024-01-17T05:04:44.472+0000] {logging_mixin.py:151} INFO - #False
[2024-01-17T05:04:44.472+0000] {logging_mixin.py:151} INFO - #False
[2024-01-17T05:04:44.472+0000] {logging_mixin.py:151} INFO - #False
[2024-01-17T05:04:44.472+0000] {logging_mixin.py:151} INFO - #False
[2024-01-17T05:04:44.472+0000] {logging_mixin.py:151} INFO - #False
[2024-01-17T05:04:44.472+0000] {logging_mixin.py:151} INFO - #False
[2024-01-17T05:04:44.472+0000] {logging_mixin.py:151} INFO - #False
[2024-01-17T05:04:44.472+0000] {logging_mixin.py:151} INFO - #False
[2024-01-17T05:04:44.472+0000] {logging_mixin.py:151} INFO - #False
[2024-01-17T05:04:44.472+0000] {logging_mixin.py:151} INFO - #False
[2024-01-17T05:04:44.472+0000] {logging_mixin.py:151} INFO - #False
[2024-01-17T05:04:44.472+0000] {logging_mixin.py:151} INFO - #False
[2024-01-17T05:04:44.472+0000] {logging_mixin.py:151} INFO - #False
[2024-01-17T05:04:44.472+0000] {logging_mixin.py:151} INFO - #False
[2024-01-17T05:04:44.473+0000] {logging_mixin.py:151} INFO - #False
[2024-01-17T05:04:44.473+0000] {logging_mixin.py:151} INFO - #False
[2024-01-17T05:04:44.473+0000] {logging_mixin.py:151} INFO - #False
[2024-01-17T05:04:44.473+0000] {logging_mixin.py:151} INFO - #False
[2024-01-17T05:04:44.473+0000] {logging_mixin.py:151} INFO - #False
[2024-01-17T05:04:44.473+0000] {logging_mixin.py:151} INFO - #False
[2024-01-17T05:04:44.473+0000] {logging_mixin.py:151} INFO - #False
[2024-01-17T05:04:44.473+0000] {logging_mixin.py:151} INFO - #False
[2024-01-17T05:04:44.473+0000] {logging_mixin.py:151} INFO - #False
[2024-01-17T05:04:44.473+0000] {logging_mixin.py:151} INFO - #False
[2024-01-17T05:04:44.473+0000] {logging_mixin.py:151} INFO - #False
[2024-01-17T05:04:44.473+0000] {logging_mixin.py:151} INFO - #False
[2024-01-17T05:04:44.473+0000] {logging_mixin.py:151} INFO - #False
[2024-01-17T05:04:44.473+0000] {logging_mixin.py:151} INFO -  submission : 
[2024-01-17T05:04:45.108+0000] {logging_mixin.py:151} INFO - #False
[2024-01-17T05:04:45.108+0000] {logging_mixin.py:151} INFO - #False
[2024-01-17T05:04:45.108+0000] {logging_mixin.py:151} INFO - #False
[2024-01-17T05:04:45.108+0000] {logging_mixin.py:151} INFO - #False
[2024-01-17T05:04:45.108+0000] {logging_mixin.py:151} INFO - #False
[2024-01-17T05:04:45.108+0000] {logging_mixin.py:151} INFO - #False
[2024-01-17T05:04:45.108+0000] {logging_mixin.py:151} INFO - #False
[2024-01-17T05:04:45.108+0000] {logging_mixin.py:151} INFO - #False
[2024-01-17T05:04:45.109+0000] {logging_mixin.py:151} INFO - #False
[2024-01-17T05:04:45.109+0000] {logging_mixin.py:151} INFO - #False
[2024-01-17T05:04:45.109+0000] {logging_mixin.py:151} INFO - #False
[2024-01-17T05:04:45.109+0000] {logging_mixin.py:151} INFO - #False
[2024-01-17T05:04:45.109+0000] {logging_mixin.py:151} INFO - #False
[2024-01-17T05:04:45.109+0000] {logging_mixin.py:151} INFO - #False
[2024-01-17T05:04:45.109+0000] {logging_mixin.py:151} INFO - #False
[2024-01-17T05:04:45.109+0000] {logging_mixin.py:151} INFO - #False
[2024-01-17T05:04:45.109+0000] {logging_mixin.py:151} INFO - #False
[2024-01-17T05:04:45.109+0000] {logging_mixin.py:151} INFO - #False
[2024-01-17T05:04:45.109+0000] {logging_mixin.py:151} INFO - #False
[2024-01-17T05:04:45.109+0000] {logging_mixin.py:151} INFO - #False
[2024-01-17T05:04:45.109+0000] {logging_mixin.py:151} INFO - #False
[2024-01-17T05:04:45.109+0000] {logging_mixin.py:151} INFO - #False
[2024-01-17T05:04:45.109+0000] {logging_mixin.py:151} INFO - #False
[2024-01-17T05:04:45.109+0000] {logging_mixin.py:151} INFO - #False
[2024-01-17T05:04:45.109+0000] {logging_mixin.py:151} INFO - #False
[2024-01-17T05:04:45.109+0000] {logging_mixin.py:151} INFO - #False
[2024-01-17T05:04:45.109+0000] {logging_mixin.py:151} INFO - #False
[2024-01-17T05:04:45.109+0000] {logging_mixin.py:151} INFO - #False
[2024-01-17T05:04:45.109+0000] {logging_mixin.py:151} INFO - #False
[2024-01-17T05:04:45.110+0000] {logging_mixin.py:151} INFO - #False
[2024-01-17T05:04:45.110+0000] {logging_mixin.py:151} INFO -  submission : 
[2024-01-17T05:04:45.823+0000] {logging_mixin.py:151} INFO - #False
[2024-01-17T05:04:45.824+0000] {logging_mixin.py:151} INFO - #False
[2024-01-17T05:04:45.824+0000] {logging_mixin.py:151} INFO - #False
[2024-01-17T05:04:45.824+0000] {logging_mixin.py:151} INFO - #False
[2024-01-17T05:04:45.824+0000] {logging_mixin.py:151} INFO - #False
[2024-01-17T05:04:45.824+0000] {logging_mixin.py:151} INFO - #False
[2024-01-17T05:04:45.824+0000] {logging_mixin.py:151} INFO - #False
[2024-01-17T05:04:45.824+0000] {logging_mixin.py:151} INFO - #False
[2024-01-17T05:04:45.824+0000] {logging_mixin.py:151} INFO - #False
[2024-01-17T05:04:45.824+0000] {logging_mixin.py:151} INFO - #False
[2024-01-17T05:04:45.824+0000] {logging_mixin.py:151} INFO - #False
[2024-01-17T05:04:45.824+0000] {logging_mixin.py:151} INFO - #False
[2024-01-17T05:04:45.824+0000] {logging_mixin.py:151} INFO - #False
[2024-01-17T05:04:45.824+0000] {logging_mixin.py:151} INFO - #False
[2024-01-17T05:04:45.824+0000] {logging_mixin.py:151} INFO - #False
[2024-01-17T05:04:45.824+0000] {logging_mixin.py:151} INFO - #False
[2024-01-17T05:04:45.824+0000] {logging_mixin.py:151} INFO - #False
[2024-01-17T05:04:45.824+0000] {logging_mixin.py:151} INFO - #False
[2024-01-17T05:04:45.824+0000] {logging_mixin.py:151} INFO - #False
[2024-01-17T05:04:45.824+0000] {logging_mixin.py:151} INFO - #False
[2024-01-17T05:04:45.824+0000] {logging_mixin.py:151} INFO - #False
[2024-01-17T05:04:45.825+0000] {logging_mixin.py:151} INFO - #False
[2024-01-17T05:04:45.825+0000] {logging_mixin.py:151} INFO - #False
[2024-01-17T05:04:45.825+0000] {logging_mixin.py:151} INFO - #False
[2024-01-17T05:04:45.825+0000] {logging_mixin.py:151} INFO - #False
[2024-01-17T05:04:45.825+0000] {logging_mixin.py:151} INFO - #False
[2024-01-17T05:04:45.825+0000] {logging_mixin.py:151} INFO - #False
[2024-01-17T05:04:45.825+0000] {logging_mixin.py:151} INFO - #False
[2024-01-17T05:04:45.825+0000] {logging_mixin.py:151} INFO - #False
[2024-01-17T05:04:45.825+0000] {logging_mixin.py:151} INFO - #False
[2024-01-17T05:04:45.825+0000] {conn.py:919} INFO - <BrokerConnection node_id=1 host=broker:29092 <connected> [IPv4 ('192.168.224.8', 29092)]>: Closing connection. 
[2024-01-17T05:04:45.826+0000] {python.py:194} INFO - Done. Returned value was: None
[2024-01-17T05:04:45.833+0000] {taskinstance.py:1400} INFO - Marking task as SUCCESS. dag_id=Stream_Data_5, task_id=Reddit, execution_date=20240117T050314, start_date=20240117T050439, end_date=20240117T050445
[2024-01-17T05:04:45.857+0000] {local_task_job_runner.py:228} INFO - Task exited with return code 0
[2024-01-17T05:04:45.874+0000] {taskinstance.py:2784} INFO - 0 downstream tasks scheduled from follow-on schedule check
