[2024-01-17T21:52:56.851+0000] {taskinstance.py:1159} INFO - Dependencies all met for dep_context=non-requeueable deps ti=<TaskInstance: Stream_Data_1.Reddit scheduled__2024-01-17T21:51:29.396046+00:00 [queued]>
[2024-01-17T21:52:56.856+0000] {taskinstance.py:1159} INFO - Dependencies all met for dep_context=requeueable deps ti=<TaskInstance: Stream_Data_1.Reddit scheduled__2024-01-17T21:51:29.396046+00:00 [queued]>
[2024-01-17T21:52:56.856+0000] {taskinstance.py:1361} INFO - Starting attempt 1 of 1
[2024-01-17T21:52:56.866+0000] {taskinstance.py:1382} INFO - Executing <Task(PythonOperator): Reddit> on 2024-01-17 21:51:29.396046+00:00
[2024-01-17T21:52:56.869+0000] {standard_task_runner.py:57} INFO - Started process 4207 to run task
[2024-01-17T21:52:56.871+0000] {standard_task_runner.py:84} INFO - Running: ['***', 'tasks', 'run', 'Stream_Data_1', 'Reddit', 'scheduled__2024-01-17T21:51:29.396046+00:00', '--job-id', '794', '--raw', '--subdir', 'DAGS_FOLDER/kafka_stream.py', '--cfg-path', '/tmp/tmpikl_07ke']
[2024-01-17T21:52:56.872+0000] {standard_task_runner.py:85} INFO - Job 794: Subtask Reddit
[2024-01-17T21:52:56.914+0000] {task_command.py:415} INFO - Running <TaskInstance: Stream_Data_1.Reddit scheduled__2024-01-17T21:51:29.396046+00:00 [running]> on host 614a419ad930
[2024-01-17T21:52:56.983+0000] {taskinstance.py:1660} INFO - Exporting env vars: AIRFLOW_CTX_DAG_OWNER='me' AIRFLOW_CTX_DAG_ID='Stream_Data_1' AIRFLOW_CTX_TASK_ID='Reddit' AIRFLOW_CTX_EXECUTION_DATE='2024-01-17T21:51:29.396046+00:00' AIRFLOW_CTX_TRY_NUMBER='1' AIRFLOW_CTX_DAG_RUN_ID='scheduled__2024-01-17T21:51:29.396046+00:00'
[2024-01-17T21:52:57.010+0000] {logging_mixin.py:151} INFO -  submission : 
[2024-01-17T21:52:58.255+0000] {logging_mixin.py:151} INFO - #False
[2024-01-17T21:52:58.255+0000] {logging_mixin.py:151} INFO - #False
[2024-01-17T21:52:58.255+0000] {logging_mixin.py:151} INFO - #False
[2024-01-17T21:52:58.255+0000] {logging_mixin.py:151} INFO - #False
[2024-01-17T21:52:58.255+0000] {logging_mixin.py:151} INFO - #False
[2024-01-17T21:52:58.255+0000] {logging_mixin.py:151} INFO - #False
[2024-01-17T21:52:58.255+0000] {logging_mixin.py:151} INFO - #False
[2024-01-17T21:52:58.255+0000] {logging_mixin.py:151} INFO - #False
[2024-01-17T21:52:58.256+0000] {logging_mixin.py:151} INFO - #False
[2024-01-17T21:52:58.256+0000] {logging_mixin.py:151} INFO - #False
[2024-01-17T21:52:58.256+0000] {logging_mixin.py:151} INFO - #False
[2024-01-17T21:52:58.256+0000] {logging_mixin.py:151} INFO - #False
[2024-01-17T21:52:58.256+0000] {logging_mixin.py:151} INFO - #False
[2024-01-17T21:52:58.256+0000] {logging_mixin.py:151} INFO - #False
[2024-01-17T21:52:58.256+0000] {logging_mixin.py:151} INFO - #False
[2024-01-17T21:52:58.256+0000] {logging_mixin.py:151} INFO - #False
[2024-01-17T21:52:58.256+0000] {logging_mixin.py:151} INFO - #False
[2024-01-17T21:52:58.256+0000] {logging_mixin.py:151} INFO - #False
[2024-01-17T21:52:58.256+0000] {logging_mixin.py:151} INFO - #False
[2024-01-17T21:52:58.256+0000] {logging_mixin.py:151} INFO - #False
[2024-01-17T21:52:58.256+0000] {logging_mixin.py:151} INFO - #False
[2024-01-17T21:52:58.256+0000] {logging_mixin.py:151} INFO - #False
[2024-01-17T21:52:58.256+0000] {logging_mixin.py:151} INFO - #False
[2024-01-17T21:52:58.256+0000] {logging_mixin.py:151} INFO - #False
[2024-01-17T21:52:58.256+0000] {logging_mixin.py:151} INFO - #False
[2024-01-17T21:52:58.256+0000] {logging_mixin.py:151} INFO - #False
[2024-01-17T21:52:58.256+0000] {logging_mixin.py:151} INFO - #False
[2024-01-17T21:52:58.256+0000] {logging_mixin.py:151} INFO - #False
[2024-01-17T21:52:58.256+0000] {logging_mixin.py:151} INFO - #False
[2024-01-17T21:52:58.256+0000] {logging_mixin.py:151} INFO - #False
[2024-01-17T21:52:58.257+0000] {logging_mixin.py:151} INFO -  submission : 
[2024-01-17T21:52:59.058+0000] {logging_mixin.py:151} INFO - @True
[2024-01-17T21:52:59.059+0000] {conn.py:380} INFO - <BrokerConnection node_id=bootstrap-0 host=broker:29092 <connecting> [IPv4 ('192.168.224.8', 29092)]>: connecting to broker:29092 [('192.168.224.8', 29092) IPv4]
[2024-01-17T21:52:59.059+0000] {conn.py:1205} INFO - Probing node bootstrap-0 broker version
[2024-01-17T21:52:59.060+0000] {conn.py:410} INFO - <BrokerConnection node_id=bootstrap-0 host=broker:29092 <connecting> [IPv4 ('192.168.224.8', 29092)]>: Connection complete.
[2024-01-17T21:52:59.162+0000] {conn.py:1267} INFO - Broker version identified as 2.5.0
[2024-01-17T21:52:59.162+0000] {conn.py:1268} INFO - Set configuration api_version=(2, 5, 0) to skip auto check_version requests on startup
[2024-01-17T21:52:59.228+0000] {logging_mixin.py:151} INFO - #False
[2024-01-17T21:52:59.228+0000] {logging_mixin.py:151} INFO - #False
[2024-01-17T21:52:59.229+0000] {logging_mixin.py:151} INFO - #False
[2024-01-17T21:52:59.229+0000] {logging_mixin.py:151} INFO - #False
[2024-01-17T21:52:59.229+0000] {logging_mixin.py:151} INFO - #False
[2024-01-17T21:52:59.229+0000] {logging_mixin.py:151} INFO - #False
[2024-01-17T21:52:59.229+0000] {logging_mixin.py:151} INFO - #False
[2024-01-17T21:52:59.230+0000] {logging_mixin.py:151} INFO - #False
[2024-01-17T21:52:59.230+0000] {logging_mixin.py:151} INFO - #False
[2024-01-17T21:52:59.230+0000] {logging_mixin.py:151} INFO - #False
[2024-01-17T21:52:59.230+0000] {logging_mixin.py:151} INFO - #False
[2024-01-17T21:52:59.230+0000] {logging_mixin.py:151} INFO - #False
[2024-01-17T21:52:59.230+0000] {logging_mixin.py:151} INFO - #False
[2024-01-17T21:52:59.230+0000] {logging_mixin.py:151} INFO - #False
[2024-01-17T21:52:59.230+0000] {logging_mixin.py:151} INFO - #False
[2024-01-17T21:52:59.230+0000] {logging_mixin.py:151} INFO - #False
[2024-01-17T21:52:59.230+0000] {logging_mixin.py:151} INFO - #False
[2024-01-17T21:52:59.231+0000] {logging_mixin.py:151} INFO - #False
[2024-01-17T21:52:59.231+0000] {logging_mixin.py:151} INFO - #False
[2024-01-17T21:52:59.231+0000] {logging_mixin.py:151} INFO - #False
[2024-01-17T21:52:59.231+0000] {logging_mixin.py:151} INFO - #False
[2024-01-17T21:52:59.231+0000] {logging_mixin.py:151} INFO - #False
[2024-01-17T21:52:59.231+0000] {logging_mixin.py:151} INFO - #False
[2024-01-17T21:52:59.231+0000] {logging_mixin.py:151} INFO - #False
[2024-01-17T21:52:59.231+0000] {logging_mixin.py:151} INFO - #False
[2024-01-17T21:52:59.231+0000] {logging_mixin.py:151} INFO - #False
[2024-01-17T21:52:59.232+0000] {logging_mixin.py:151} INFO - #False
[2024-01-17T21:52:59.232+0000] {logging_mixin.py:151} INFO - #False
[2024-01-17T21:52:59.232+0000] {logging_mixin.py:151} INFO - #False
[2024-01-17T21:52:59.232+0000] {logging_mixin.py:151} INFO -  submission : 
[2024-01-17T21:52:59.233+0000] {conn.py:380} INFO - <BrokerConnection node_id=1 host=broker:29092 <connecting> [IPv4 ('192.168.224.8', 29092)]>: connecting to broker:29092 [('192.168.224.8', 29092) IPv4]
[2024-01-17T21:52:59.234+0000] {conn.py:410} INFO - <BrokerConnection node_id=1 host=broker:29092 <connecting> [IPv4 ('192.168.224.8', 29092)]>: Connection complete.
[2024-01-17T21:52:59.234+0000] {conn.py:919} INFO - <BrokerConnection node_id=bootstrap-0 host=broker:29092 <connected> [IPv4 ('192.168.224.8', 29092)]>: Closing connection. 
[2024-01-17T21:52:59.952+0000] {logging_mixin.py:151} INFO - @True
[2024-01-17T21:52:59.953+0000] {conn.py:380} INFO - <BrokerConnection node_id=bootstrap-0 host=broker:29092 <connecting> [IPv4 ('192.168.224.8', 29092)]>: connecting to broker:29092 [('192.168.224.8', 29092) IPv4]
[2024-01-17T21:52:59.953+0000] {conn.py:1205} INFO - Probing node bootstrap-0 broker version
[2024-01-17T21:52:59.954+0000] {conn.py:410} INFO - <BrokerConnection node_id=bootstrap-0 host=broker:29092 <connecting> [IPv4 ('192.168.224.8', 29092)]>: Connection complete.
[2024-01-17T21:53:00.056+0000] {conn.py:1267} INFO - Broker version identified as 2.5.0
[2024-01-17T21:53:00.057+0000] {conn.py:1268} INFO - Set configuration api_version=(2, 5, 0) to skip auto check_version requests on startup
[2024-01-17T21:53:00.058+0000] {conn.py:919} INFO - <BrokerConnection node_id=1 host=broker:29092 <connected> [IPv4 ('192.168.224.8', 29092)]>: Closing connection. 
[2024-01-17T21:53:00.061+0000] {logging_mixin.py:151} INFO - #False
[2024-01-17T21:53:00.061+0000] {logging_mixin.py:151} INFO - #False
[2024-01-17T21:53:00.061+0000] {logging_mixin.py:151} INFO - #False
[2024-01-17T21:53:00.061+0000] {logging_mixin.py:151} INFO - #False
[2024-01-17T21:53:00.061+0000] {logging_mixin.py:151} INFO - #False
[2024-01-17T21:53:00.061+0000] {logging_mixin.py:151} INFO - #False
[2024-01-17T21:53:00.062+0000] {logging_mixin.py:151} INFO - #False
[2024-01-17T21:53:00.062+0000] {logging_mixin.py:151} INFO - #False
[2024-01-17T21:53:00.062+0000] {logging_mixin.py:151} INFO - #False
[2024-01-17T21:53:00.062+0000] {logging_mixin.py:151} INFO - #False
[2024-01-17T21:53:00.062+0000] {logging_mixin.py:151} INFO - #False
[2024-01-17T21:53:00.062+0000] {logging_mixin.py:151} INFO - #False
[2024-01-17T21:53:00.062+0000] {logging_mixin.py:151} INFO - #False
[2024-01-17T21:53:00.062+0000] {logging_mixin.py:151} INFO - #False
[2024-01-17T21:53:00.062+0000] {logging_mixin.py:151} INFO - #False
[2024-01-17T21:53:00.063+0000] {logging_mixin.py:151} INFO - #False
[2024-01-17T21:53:00.063+0000] {logging_mixin.py:151} INFO - #False
[2024-01-17T21:53:00.063+0000] {logging_mixin.py:151} INFO - #False
[2024-01-17T21:53:00.063+0000] {logging_mixin.py:151} INFO - #False
[2024-01-17T21:53:00.063+0000] {logging_mixin.py:151} INFO - #False
[2024-01-17T21:53:00.063+0000] {logging_mixin.py:151} INFO - #False
[2024-01-17T21:53:00.063+0000] {logging_mixin.py:151} INFO - #False
[2024-01-17T21:53:00.063+0000] {logging_mixin.py:151} INFO - #False
[2024-01-17T21:53:00.063+0000] {logging_mixin.py:151} INFO - #False
[2024-01-17T21:53:00.064+0000] {logging_mixin.py:151} INFO - #False
[2024-01-17T21:53:00.064+0000] {logging_mixin.py:151} INFO - #False
[2024-01-17T21:53:00.064+0000] {logging_mixin.py:151} INFO - #False
[2024-01-17T21:53:00.064+0000] {logging_mixin.py:151} INFO - #False
[2024-01-17T21:53:00.064+0000] {logging_mixin.py:151} INFO - #False
[2024-01-17T21:53:00.064+0000] {logging_mixin.py:151} INFO -  submission : 
[2024-01-17T21:53:00.065+0000] {conn.py:380} INFO - <BrokerConnection node_id=1 host=broker:29092 <connecting> [IPv4 ('192.168.224.8', 29092)]>: connecting to broker:29092 [('192.168.224.8', 29092) IPv4]
[2024-01-17T21:53:00.066+0000] {conn.py:410} INFO - <BrokerConnection node_id=1 host=broker:29092 <connecting> [IPv4 ('192.168.224.8', 29092)]>: Connection complete.
[2024-01-17T21:53:00.067+0000] {conn.py:919} INFO - <BrokerConnection node_id=bootstrap-0 host=broker:29092 <connected> [IPv4 ('192.168.224.8', 29092)]>: Closing connection. 
[2024-01-17T21:53:00.714+0000] {logging_mixin.py:151} INFO - #False
[2024-01-17T21:53:00.714+0000] {logging_mixin.py:151} INFO - #False
[2024-01-17T21:53:00.714+0000] {logging_mixin.py:151} INFO - #False
[2024-01-17T21:53:00.714+0000] {logging_mixin.py:151} INFO - #False
[2024-01-17T21:53:00.715+0000] {logging_mixin.py:151} INFO - #False
[2024-01-17T21:53:00.715+0000] {logging_mixin.py:151} INFO - #False
[2024-01-17T21:53:00.715+0000] {logging_mixin.py:151} INFO - #False
[2024-01-17T21:53:00.715+0000] {logging_mixin.py:151} INFO - #False
[2024-01-17T21:53:00.715+0000] {logging_mixin.py:151} INFO - #False
[2024-01-17T21:53:00.715+0000] {logging_mixin.py:151} INFO - #False
[2024-01-17T21:53:00.715+0000] {logging_mixin.py:151} INFO - #False
[2024-01-17T21:53:00.715+0000] {logging_mixin.py:151} INFO - #False
[2024-01-17T21:53:00.715+0000] {logging_mixin.py:151} INFO - #False
[2024-01-17T21:53:00.715+0000] {logging_mixin.py:151} INFO - #False
[2024-01-17T21:53:00.715+0000] {logging_mixin.py:151} INFO - #False
[2024-01-17T21:53:00.715+0000] {logging_mixin.py:151} INFO - #False
[2024-01-17T21:53:00.715+0000] {logging_mixin.py:151} INFO - #False
[2024-01-17T21:53:00.715+0000] {logging_mixin.py:151} INFO - #False
[2024-01-17T21:53:00.716+0000] {logging_mixin.py:151} INFO - #False
[2024-01-17T21:53:00.716+0000] {logging_mixin.py:151} INFO - #False
[2024-01-17T21:53:00.716+0000] {logging_mixin.py:151} INFO - #False
[2024-01-17T21:53:00.716+0000] {logging_mixin.py:151} INFO - #False
[2024-01-17T21:53:00.716+0000] {logging_mixin.py:151} INFO - #False
[2024-01-17T21:53:00.716+0000] {logging_mixin.py:151} INFO - #False
[2024-01-17T21:53:00.716+0000] {logging_mixin.py:151} INFO - #False
[2024-01-17T21:53:00.716+0000] {logging_mixin.py:151} INFO - #False
[2024-01-17T21:53:00.716+0000] {logging_mixin.py:151} INFO - #False
[2024-01-17T21:53:00.716+0000] {logging_mixin.py:151} INFO - #False
[2024-01-17T21:53:00.716+0000] {logging_mixin.py:151} INFO - #False
[2024-01-17T21:53:00.716+0000] {logging_mixin.py:151} INFO - #False
[2024-01-17T21:53:00.716+0000] {logging_mixin.py:151} INFO -  submission : 
[2024-01-17T21:53:01.245+0000] {logging_mixin.py:151} INFO - #False
[2024-01-17T21:53:01.246+0000] {logging_mixin.py:151} INFO - #False
[2024-01-17T21:53:01.246+0000] {logging_mixin.py:151} INFO - #False
[2024-01-17T21:53:01.246+0000] {logging_mixin.py:151} INFO - #False
[2024-01-17T21:53:01.246+0000] {logging_mixin.py:151} INFO - #False
[2024-01-17T21:53:01.246+0000] {logging_mixin.py:151} INFO - #False
[2024-01-17T21:53:01.246+0000] {logging_mixin.py:151} INFO - #False
[2024-01-17T21:53:01.246+0000] {logging_mixin.py:151} INFO - #False
[2024-01-17T21:53:01.246+0000] {logging_mixin.py:151} INFO - #False
[2024-01-17T21:53:01.246+0000] {logging_mixin.py:151} INFO - #False
[2024-01-17T21:53:01.246+0000] {logging_mixin.py:151} INFO - #False
[2024-01-17T21:53:01.246+0000] {logging_mixin.py:151} INFO - #False
[2024-01-17T21:53:01.246+0000] {logging_mixin.py:151} INFO - #False
[2024-01-17T21:53:01.246+0000] {logging_mixin.py:151} INFO - #False
[2024-01-17T21:53:01.246+0000] {logging_mixin.py:151} INFO - #False
[2024-01-17T21:53:01.246+0000] {logging_mixin.py:151} INFO - #False
[2024-01-17T21:53:01.246+0000] {logging_mixin.py:151} INFO - #False
[2024-01-17T21:53:01.246+0000] {logging_mixin.py:151} INFO - #False
[2024-01-17T21:53:01.247+0000] {logging_mixin.py:151} INFO - #False
[2024-01-17T21:53:01.247+0000] {logging_mixin.py:151} INFO - #False
[2024-01-17T21:53:01.247+0000] {logging_mixin.py:151} INFO - #False
[2024-01-17T21:53:01.247+0000] {logging_mixin.py:151} INFO - #False
[2024-01-17T21:53:01.247+0000] {logging_mixin.py:151} INFO - #False
[2024-01-17T21:53:01.247+0000] {logging_mixin.py:151} INFO - #False
[2024-01-17T21:53:01.247+0000] {logging_mixin.py:151} INFO - #False
[2024-01-17T21:53:01.247+0000] {logging_mixin.py:151} INFO - #False
[2024-01-17T21:53:01.247+0000] {logging_mixin.py:151} INFO - #False
[2024-01-17T21:53:01.247+0000] {logging_mixin.py:151} INFO - #False
[2024-01-17T21:53:01.247+0000] {logging_mixin.py:151} INFO - #False
[2024-01-17T21:53:01.247+0000] {logging_mixin.py:151} INFO - #False
[2024-01-17T21:53:01.247+0000] {logging_mixin.py:151} INFO -  submission : 
[2024-01-17T21:53:02.063+0000] {logging_mixin.py:151} INFO - #False
[2024-01-17T21:53:02.063+0000] {logging_mixin.py:151} INFO - #False
[2024-01-17T21:53:02.063+0000] {logging_mixin.py:151} INFO - #False
[2024-01-17T21:53:02.063+0000] {logging_mixin.py:151} INFO - #False
[2024-01-17T21:53:02.064+0000] {logging_mixin.py:151} INFO - #False
[2024-01-17T21:53:02.064+0000] {logging_mixin.py:151} INFO - #False
[2024-01-17T21:53:02.064+0000] {logging_mixin.py:151} INFO - #False
[2024-01-17T21:53:02.064+0000] {logging_mixin.py:151} INFO - #False
[2024-01-17T21:53:02.064+0000] {logging_mixin.py:151} INFO - #False
[2024-01-17T21:53:02.064+0000] {logging_mixin.py:151} INFO - #False
[2024-01-17T21:53:02.064+0000] {logging_mixin.py:151} INFO - #False
[2024-01-17T21:53:02.064+0000] {logging_mixin.py:151} INFO - #False
[2024-01-17T21:53:02.064+0000] {logging_mixin.py:151} INFO - #False
[2024-01-17T21:53:02.064+0000] {logging_mixin.py:151} INFO - #False
[2024-01-17T21:53:02.064+0000] {logging_mixin.py:151} INFO - #False
[2024-01-17T21:53:02.064+0000] {logging_mixin.py:151} INFO - #False
[2024-01-17T21:53:02.064+0000] {logging_mixin.py:151} INFO - #False
[2024-01-17T21:53:02.064+0000] {logging_mixin.py:151} INFO - #False
[2024-01-17T21:53:02.064+0000] {logging_mixin.py:151} INFO - #False
[2024-01-17T21:53:02.064+0000] {logging_mixin.py:151} INFO - #False
[2024-01-17T21:53:02.065+0000] {logging_mixin.py:151} INFO - #False
[2024-01-17T21:53:02.065+0000] {logging_mixin.py:151} INFO - #False
[2024-01-17T21:53:02.065+0000] {logging_mixin.py:151} INFO - #False
[2024-01-17T21:53:02.065+0000] {logging_mixin.py:151} INFO - #False
[2024-01-17T21:53:02.065+0000] {logging_mixin.py:151} INFO - #False
[2024-01-17T21:53:02.065+0000] {logging_mixin.py:151} INFO - #False
[2024-01-17T21:53:02.065+0000] {logging_mixin.py:151} INFO - #False
[2024-01-17T21:53:02.065+0000] {logging_mixin.py:151} INFO - #False
[2024-01-17T21:53:02.065+0000] {logging_mixin.py:151} INFO - #False
[2024-01-17T21:53:02.065+0000] {logging_mixin.py:151} INFO - #False
[2024-01-17T21:53:02.065+0000] {logging_mixin.py:151} INFO -  submission : 
[2024-01-17T21:53:02.946+0000] {logging_mixin.py:151} INFO - #False
[2024-01-17T21:53:02.946+0000] {logging_mixin.py:151} INFO - #False
[2024-01-17T21:53:02.946+0000] {logging_mixin.py:151} INFO - #False
[2024-01-17T21:53:02.946+0000] {logging_mixin.py:151} INFO - #False
[2024-01-17T21:53:02.946+0000] {logging_mixin.py:151} INFO - #False
[2024-01-17T21:53:02.946+0000] {logging_mixin.py:151} INFO - #False
[2024-01-17T21:53:02.946+0000] {logging_mixin.py:151} INFO - #False
[2024-01-17T21:53:02.946+0000] {logging_mixin.py:151} INFO - #False
[2024-01-17T21:53:02.946+0000] {logging_mixin.py:151} INFO - #False
[2024-01-17T21:53:02.946+0000] {logging_mixin.py:151} INFO - #False
[2024-01-17T21:53:02.946+0000] {logging_mixin.py:151} INFO - #False
[2024-01-17T21:53:02.947+0000] {logging_mixin.py:151} INFO - #False
[2024-01-17T21:53:02.947+0000] {logging_mixin.py:151} INFO - #False
[2024-01-17T21:53:02.947+0000] {logging_mixin.py:151} INFO - #False
[2024-01-17T21:53:02.947+0000] {logging_mixin.py:151} INFO - #False
[2024-01-17T21:53:02.947+0000] {logging_mixin.py:151} INFO - #False
[2024-01-17T21:53:02.947+0000] {logging_mixin.py:151} INFO - #False
[2024-01-17T21:53:02.947+0000] {logging_mixin.py:151} INFO - #False
[2024-01-17T21:53:02.947+0000] {logging_mixin.py:151} INFO - #False
[2024-01-17T21:53:02.947+0000] {logging_mixin.py:151} INFO - #False
[2024-01-17T21:53:02.947+0000] {logging_mixin.py:151} INFO - #False
[2024-01-17T21:53:02.947+0000] {logging_mixin.py:151} INFO - #False
[2024-01-17T21:53:02.947+0000] {logging_mixin.py:151} INFO - #False
[2024-01-17T21:53:02.947+0000] {logging_mixin.py:151} INFO - #False
[2024-01-17T21:53:02.947+0000] {logging_mixin.py:151} INFO - #False
[2024-01-17T21:53:02.947+0000] {logging_mixin.py:151} INFO - #False
[2024-01-17T21:53:02.947+0000] {logging_mixin.py:151} INFO - #False
[2024-01-17T21:53:02.947+0000] {logging_mixin.py:151} INFO - #False
[2024-01-17T21:53:02.947+0000] {logging_mixin.py:151} INFO - #False
[2024-01-17T21:53:02.947+0000] {logging_mixin.py:151} INFO - #False
[2024-01-17T21:53:02.948+0000] {logging_mixin.py:151} INFO -  submission : 
[2024-01-17T21:53:03.571+0000] {logging_mixin.py:151} INFO - #False
[2024-01-17T21:53:03.571+0000] {logging_mixin.py:151} INFO - #False
[2024-01-17T21:53:03.571+0000] {logging_mixin.py:151} INFO - #False
[2024-01-17T21:53:03.571+0000] {logging_mixin.py:151} INFO - #False
[2024-01-17T21:53:03.571+0000] {logging_mixin.py:151} INFO - #False
[2024-01-17T21:53:03.571+0000] {logging_mixin.py:151} INFO - #False
[2024-01-17T21:53:03.571+0000] {logging_mixin.py:151} INFO - #False
[2024-01-17T21:53:03.571+0000] {logging_mixin.py:151} INFO - #False
[2024-01-17T21:53:03.571+0000] {logging_mixin.py:151} INFO - #False
[2024-01-17T21:53:03.571+0000] {logging_mixin.py:151} INFO - #False
[2024-01-17T21:53:03.571+0000] {logging_mixin.py:151} INFO - #False
[2024-01-17T21:53:03.571+0000] {logging_mixin.py:151} INFO - #False
[2024-01-17T21:53:03.572+0000] {logging_mixin.py:151} INFO - #False
[2024-01-17T21:53:03.572+0000] {logging_mixin.py:151} INFO - #False
[2024-01-17T21:53:03.572+0000] {logging_mixin.py:151} INFO - #False
[2024-01-17T21:53:03.572+0000] {logging_mixin.py:151} INFO - #False
[2024-01-17T21:53:03.572+0000] {logging_mixin.py:151} INFO - #False
[2024-01-17T21:53:03.572+0000] {logging_mixin.py:151} INFO - #False
[2024-01-17T21:53:03.572+0000] {logging_mixin.py:151} INFO - #False
[2024-01-17T21:53:03.572+0000] {logging_mixin.py:151} INFO - #False
[2024-01-17T21:53:03.572+0000] {logging_mixin.py:151} INFO - #False
[2024-01-17T21:53:03.572+0000] {logging_mixin.py:151} INFO - #False
[2024-01-17T21:53:03.572+0000] {logging_mixin.py:151} INFO - #False
[2024-01-17T21:53:03.572+0000] {logging_mixin.py:151} INFO - #False
[2024-01-17T21:53:03.572+0000] {logging_mixin.py:151} INFO - #False
[2024-01-17T21:53:03.572+0000] {logging_mixin.py:151} INFO - #False
[2024-01-17T21:53:03.572+0000] {logging_mixin.py:151} INFO - #False
[2024-01-17T21:53:03.572+0000] {logging_mixin.py:151} INFO - #False
[2024-01-17T21:53:03.572+0000] {logging_mixin.py:151} INFO - #False
[2024-01-17T21:53:03.572+0000] {logging_mixin.py:151} INFO - #False
[2024-01-17T21:53:03.573+0000] {conn.py:919} INFO - <BrokerConnection node_id=1 host=broker:29092 <connected> [IPv4 ('192.168.224.8', 29092)]>: Closing connection. 
[2024-01-17T21:53:03.573+0000] {python.py:194} INFO - Done. Returned value was: None
[2024-01-17T21:53:03.581+0000] {taskinstance.py:1400} INFO - Marking task as SUCCESS. dag_id=Stream_Data_1, task_id=Reddit, execution_date=20240117T215129, start_date=20240117T215256, end_date=20240117T215303
[2024-01-17T21:53:03.621+0000] {local_task_job_runner.py:228} INFO - Task exited with return code 0
[2024-01-17T21:53:03.633+0000] {taskinstance.py:2784} INFO - 0 downstream tasks scheduled from follow-on schedule check
