[2024-01-17T22:04:37.914+0000] {taskinstance.py:1159} INFO - Dependencies all met for dep_context=non-requeueable deps ti=<TaskInstance: Stream_Data_4.Reddit scheduled__2024-01-17T22:02:14.206031+00:00 [queued]>
[2024-01-17T22:04:37.922+0000] {taskinstance.py:1159} INFO - Dependencies all met for dep_context=requeueable deps ti=<TaskInstance: Stream_Data_4.Reddit scheduled__2024-01-17T22:02:14.206031+00:00 [queued]>
[2024-01-17T22:04:37.922+0000] {taskinstance.py:1361} INFO - Starting attempt 1 of 1
[2024-01-17T22:04:37.937+0000] {taskinstance.py:1382} INFO - Executing <Task(PythonOperator): Reddit> on 2024-01-17 22:02:14.206031+00:00
[2024-01-17T22:04:37.942+0000] {standard_task_runner.py:57} INFO - Started process 4931 to run task
[2024-01-17T22:04:37.945+0000] {standard_task_runner.py:84} INFO - Running: ['***', 'tasks', 'run', 'Stream_Data_4', 'Reddit', 'scheduled__2024-01-17T22:02:14.206031+00:00', '--job-id', '868', '--raw', '--subdir', 'DAGS_FOLDER/kafka_stream_4.py', '--cfg-path', '/tmp/tmpon5k36la']
[2024-01-17T22:04:37.947+0000] {standard_task_runner.py:85} INFO - Job 868: Subtask Reddit
[2024-01-17T22:04:38.001+0000] {task_command.py:415} INFO - Running <TaskInstance: Stream_Data_4.Reddit scheduled__2024-01-17T22:02:14.206031+00:00 [running]> on host 614a419ad930
[2024-01-17T22:04:38.096+0000] {taskinstance.py:1660} INFO - Exporting env vars: AIRFLOW_CTX_DAG_OWNER='me' AIRFLOW_CTX_DAG_ID='Stream_Data_4' AIRFLOW_CTX_TASK_ID='Reddit' AIRFLOW_CTX_EXECUTION_DATE='2024-01-17T22:02:14.206031+00:00' AIRFLOW_CTX_TRY_NUMBER='1' AIRFLOW_CTX_DAG_RUN_ID='scheduled__2024-01-17T22:02:14.206031+00:00'
[2024-01-17T22:04:38.132+0000] {logging_mixin.py:151} INFO -  submission : 
[2024-01-17T22:04:39.483+0000] {logging_mixin.py:151} INFO - #False
[2024-01-17T22:04:39.483+0000] {logging_mixin.py:151} INFO - #False
[2024-01-17T22:04:39.483+0000] {logging_mixin.py:151} INFO - #False
[2024-01-17T22:04:39.483+0000] {logging_mixin.py:151} INFO - #False
[2024-01-17T22:04:39.483+0000] {logging_mixin.py:151} INFO - #False
[2024-01-17T22:04:39.484+0000] {logging_mixin.py:151} INFO - #False
[2024-01-17T22:04:39.484+0000] {logging_mixin.py:151} INFO - #False
[2024-01-17T22:04:39.484+0000] {logging_mixin.py:151} INFO - #False
[2024-01-17T22:04:39.484+0000] {logging_mixin.py:151} INFO - #False
[2024-01-17T22:04:39.484+0000] {logging_mixin.py:151} INFO - #False
[2024-01-17T22:04:39.484+0000] {logging_mixin.py:151} INFO - #False
[2024-01-17T22:04:39.484+0000] {logging_mixin.py:151} INFO - #False
[2024-01-17T22:04:39.484+0000] {logging_mixin.py:151} INFO - #False
[2024-01-17T22:04:39.484+0000] {logging_mixin.py:151} INFO - #False
[2024-01-17T22:04:39.484+0000] {logging_mixin.py:151} INFO - #False
[2024-01-17T22:04:39.484+0000] {logging_mixin.py:151} INFO - #False
[2024-01-17T22:04:39.484+0000] {logging_mixin.py:151} INFO - #False
[2024-01-17T22:04:39.484+0000] {logging_mixin.py:151} INFO - #False
[2024-01-17T22:04:39.484+0000] {logging_mixin.py:151} INFO - #False
[2024-01-17T22:04:39.484+0000] {logging_mixin.py:151} INFO - #False
[2024-01-17T22:04:39.484+0000] {logging_mixin.py:151} INFO - #False
[2024-01-17T22:04:39.484+0000] {logging_mixin.py:151} INFO - #False
[2024-01-17T22:04:39.484+0000] {logging_mixin.py:151} INFO - #False
[2024-01-17T22:04:39.484+0000] {logging_mixin.py:151} INFO - #False
[2024-01-17T22:04:39.484+0000] {logging_mixin.py:151} INFO - #False
[2024-01-17T22:04:39.485+0000] {logging_mixin.py:151} INFO - #False
[2024-01-17T22:04:39.485+0000] {logging_mixin.py:151} INFO - #False
[2024-01-17T22:04:39.485+0000] {logging_mixin.py:151} INFO - #False
[2024-01-17T22:04:39.485+0000] {logging_mixin.py:151} INFO - #False
[2024-01-17T22:04:39.485+0000] {logging_mixin.py:151} INFO - #False
[2024-01-17T22:04:39.485+0000] {logging_mixin.py:151} INFO -  submission : 
[2024-01-17T22:04:40.209+0000] {logging_mixin.py:151} INFO - #False
[2024-01-17T22:04:40.209+0000] {logging_mixin.py:151} INFO - #False
[2024-01-17T22:04:40.209+0000] {logging_mixin.py:151} INFO - #False
[2024-01-17T22:04:40.209+0000] {logging_mixin.py:151} INFO - #False
[2024-01-17T22:04:40.209+0000] {logging_mixin.py:151} INFO - #False
[2024-01-17T22:04:40.209+0000] {logging_mixin.py:151} INFO - #False
[2024-01-17T22:04:40.209+0000] {logging_mixin.py:151} INFO - #False
[2024-01-17T22:04:40.210+0000] {logging_mixin.py:151} INFO - #False
[2024-01-17T22:04:40.210+0000] {logging_mixin.py:151} INFO - #False
[2024-01-17T22:04:40.210+0000] {logging_mixin.py:151} INFO - #False
[2024-01-17T22:04:40.210+0000] {logging_mixin.py:151} INFO - #False
[2024-01-17T22:04:40.210+0000] {logging_mixin.py:151} INFO - #False
[2024-01-17T22:04:40.210+0000] {logging_mixin.py:151} INFO - #False
[2024-01-17T22:04:40.210+0000] {logging_mixin.py:151} INFO - #False
[2024-01-17T22:04:40.210+0000] {logging_mixin.py:151} INFO - #False
[2024-01-17T22:04:40.210+0000] {logging_mixin.py:151} INFO - #False
[2024-01-17T22:04:40.210+0000] {logging_mixin.py:151} INFO - #False
[2024-01-17T22:04:40.210+0000] {logging_mixin.py:151} INFO - #False
[2024-01-17T22:04:40.210+0000] {logging_mixin.py:151} INFO - #False
[2024-01-17T22:04:40.210+0000] {logging_mixin.py:151} INFO - #False
[2024-01-17T22:04:40.210+0000] {logging_mixin.py:151} INFO - #False
[2024-01-17T22:04:40.211+0000] {logging_mixin.py:151} INFO - #False
[2024-01-17T22:04:40.211+0000] {logging_mixin.py:151} INFO - #False
[2024-01-17T22:04:40.211+0000] {logging_mixin.py:151} INFO - #False
[2024-01-17T22:04:40.211+0000] {logging_mixin.py:151} INFO - #False
[2024-01-17T22:04:40.211+0000] {logging_mixin.py:151} INFO - #False
[2024-01-17T22:04:40.211+0000] {logging_mixin.py:151} INFO - #False
[2024-01-17T22:04:40.211+0000] {logging_mixin.py:151} INFO - #False
[2024-01-17T22:04:40.211+0000] {logging_mixin.py:151} INFO - #False
[2024-01-17T22:04:40.211+0000] {logging_mixin.py:151} INFO - #False
[2024-01-17T22:04:40.211+0000] {logging_mixin.py:151} INFO -  submission : 
[2024-01-17T22:04:40.718+0000] {logging_mixin.py:151} INFO - #False
[2024-01-17T22:04:40.719+0000] {logging_mixin.py:151} INFO - #False
[2024-01-17T22:04:40.719+0000] {logging_mixin.py:151} INFO - #False
[2024-01-17T22:04:40.719+0000] {logging_mixin.py:151} INFO - #False
[2024-01-17T22:04:40.719+0000] {logging_mixin.py:151} INFO - #False
[2024-01-17T22:04:40.719+0000] {logging_mixin.py:151} INFO - #False
[2024-01-17T22:04:40.719+0000] {logging_mixin.py:151} INFO - #False
[2024-01-17T22:04:40.719+0000] {logging_mixin.py:151} INFO - #False
[2024-01-17T22:04:40.719+0000] {logging_mixin.py:151} INFO - #False
[2024-01-17T22:04:40.719+0000] {logging_mixin.py:151} INFO - #False
[2024-01-17T22:04:40.719+0000] {logging_mixin.py:151} INFO - #False
[2024-01-17T22:04:40.719+0000] {logging_mixin.py:151} INFO - #False
[2024-01-17T22:04:40.719+0000] {logging_mixin.py:151} INFO - #False
[2024-01-17T22:04:40.719+0000] {logging_mixin.py:151} INFO - #False
[2024-01-17T22:04:40.719+0000] {logging_mixin.py:151} INFO - #False
[2024-01-17T22:04:40.719+0000] {logging_mixin.py:151} INFO - #False
[2024-01-17T22:04:40.719+0000] {logging_mixin.py:151} INFO - #False
[2024-01-17T22:04:40.719+0000] {logging_mixin.py:151} INFO - #False
[2024-01-17T22:04:40.719+0000] {logging_mixin.py:151} INFO - #False
[2024-01-17T22:04:40.719+0000] {logging_mixin.py:151} INFO - #False
[2024-01-17T22:04:40.720+0000] {logging_mixin.py:151} INFO - #False
[2024-01-17T22:04:40.720+0000] {logging_mixin.py:151} INFO - #False
[2024-01-17T22:04:40.720+0000] {logging_mixin.py:151} INFO - #False
[2024-01-17T22:04:40.720+0000] {logging_mixin.py:151} INFO - #False
[2024-01-17T22:04:40.720+0000] {logging_mixin.py:151} INFO - #False
[2024-01-17T22:04:40.720+0000] {logging_mixin.py:151} INFO - #False
[2024-01-17T22:04:40.720+0000] {logging_mixin.py:151} INFO - #False
[2024-01-17T22:04:40.720+0000] {logging_mixin.py:151} INFO - #False
[2024-01-17T22:04:40.720+0000] {logging_mixin.py:151} INFO - #False
[2024-01-17T22:04:40.720+0000] {logging_mixin.py:151} INFO - #False
[2024-01-17T22:04:40.720+0000] {logging_mixin.py:151} INFO -  submission : 
[2024-01-17T22:04:41.178+0000] {logging_mixin.py:151} INFO - #False
[2024-01-17T22:04:41.178+0000] {logging_mixin.py:151} INFO - #False
[2024-01-17T22:04:41.178+0000] {logging_mixin.py:151} INFO - #False
[2024-01-17T22:04:41.178+0000] {logging_mixin.py:151} INFO - #False
[2024-01-17T22:04:41.178+0000] {logging_mixin.py:151} INFO - #False
[2024-01-17T22:04:41.178+0000] {logging_mixin.py:151} INFO - #False
[2024-01-17T22:04:41.178+0000] {logging_mixin.py:151} INFO - #False
[2024-01-17T22:04:41.179+0000] {logging_mixin.py:151} INFO - #False
[2024-01-17T22:04:41.179+0000] {logging_mixin.py:151} INFO - #False
[2024-01-17T22:04:41.179+0000] {logging_mixin.py:151} INFO - #False
[2024-01-17T22:04:41.179+0000] {logging_mixin.py:151} INFO - #False
[2024-01-17T22:04:41.179+0000] {logging_mixin.py:151} INFO - #False
[2024-01-17T22:04:41.179+0000] {logging_mixin.py:151} INFO - #False
[2024-01-17T22:04:41.179+0000] {logging_mixin.py:151} INFO - #False
[2024-01-17T22:04:41.179+0000] {logging_mixin.py:151} INFO - #False
[2024-01-17T22:04:41.179+0000] {logging_mixin.py:151} INFO - #False
[2024-01-17T22:04:41.179+0000] {logging_mixin.py:151} INFO - #False
[2024-01-17T22:04:41.179+0000] {logging_mixin.py:151} INFO - #False
[2024-01-17T22:04:41.179+0000] {logging_mixin.py:151} INFO - #False
[2024-01-17T22:04:41.180+0000] {logging_mixin.py:151} INFO - #False
[2024-01-17T22:04:41.180+0000] {logging_mixin.py:151} INFO - #False
[2024-01-17T22:04:41.180+0000] {logging_mixin.py:151} INFO - #False
[2024-01-17T22:04:41.180+0000] {logging_mixin.py:151} INFO - #False
[2024-01-17T22:04:41.180+0000] {logging_mixin.py:151} INFO - #False
[2024-01-17T22:04:41.180+0000] {logging_mixin.py:151} INFO - #False
[2024-01-17T22:04:41.180+0000] {logging_mixin.py:151} INFO - #False
[2024-01-17T22:04:41.180+0000] {logging_mixin.py:151} INFO - #False
[2024-01-17T22:04:41.180+0000] {logging_mixin.py:151} INFO - #False
[2024-01-17T22:04:41.180+0000] {logging_mixin.py:151} INFO - #False
[2024-01-17T22:04:41.180+0000] {logging_mixin.py:151} INFO - #False
[2024-01-17T22:04:41.180+0000] {logging_mixin.py:151} INFO -  submission : 
[2024-01-17T22:04:41.751+0000] {logging_mixin.py:151} INFO - #False
[2024-01-17T22:04:41.751+0000] {logging_mixin.py:151} INFO - #False
[2024-01-17T22:04:41.751+0000] {logging_mixin.py:151} INFO - #False
[2024-01-17T22:04:41.751+0000] {logging_mixin.py:151} INFO - #False
[2024-01-17T22:04:41.751+0000] {logging_mixin.py:151} INFO - #False
[2024-01-17T22:04:41.751+0000] {logging_mixin.py:151} INFO - #False
[2024-01-17T22:04:41.751+0000] {logging_mixin.py:151} INFO - #False
[2024-01-17T22:04:41.752+0000] {logging_mixin.py:151} INFO - #False
[2024-01-17T22:04:41.752+0000] {logging_mixin.py:151} INFO - #False
[2024-01-17T22:04:41.752+0000] {logging_mixin.py:151} INFO - #False
[2024-01-17T22:04:41.752+0000] {logging_mixin.py:151} INFO - #False
[2024-01-17T22:04:41.752+0000] {logging_mixin.py:151} INFO - #False
[2024-01-17T22:04:41.752+0000] {logging_mixin.py:151} INFO - #False
[2024-01-17T22:04:41.752+0000] {logging_mixin.py:151} INFO - #False
[2024-01-17T22:04:41.752+0000] {logging_mixin.py:151} INFO - #False
[2024-01-17T22:04:41.752+0000] {logging_mixin.py:151} INFO - #False
[2024-01-17T22:04:41.752+0000] {logging_mixin.py:151} INFO - #False
[2024-01-17T22:04:41.752+0000] {logging_mixin.py:151} INFO - #False
[2024-01-17T22:04:41.752+0000] {logging_mixin.py:151} INFO - #False
[2024-01-17T22:04:41.752+0000] {logging_mixin.py:151} INFO - #False
[2024-01-17T22:04:41.752+0000] {logging_mixin.py:151} INFO - #False
[2024-01-17T22:04:41.752+0000] {logging_mixin.py:151} INFO - #False
[2024-01-17T22:04:41.752+0000] {logging_mixin.py:151} INFO - #False
[2024-01-17T22:04:41.752+0000] {logging_mixin.py:151} INFO - #False
[2024-01-17T22:04:41.752+0000] {logging_mixin.py:151} INFO - #False
[2024-01-17T22:04:41.753+0000] {logging_mixin.py:151} INFO - #False
[2024-01-17T22:04:41.753+0000] {logging_mixin.py:151} INFO - #False
[2024-01-17T22:04:41.753+0000] {logging_mixin.py:151} INFO - #False
[2024-01-17T22:04:41.753+0000] {logging_mixin.py:151} INFO - #False
[2024-01-17T22:04:41.753+0000] {logging_mixin.py:151} INFO - #False
[2024-01-17T22:04:41.753+0000] {logging_mixin.py:151} INFO -  submission : 
[2024-01-17T22:04:42.548+0000] {logging_mixin.py:151} INFO - #False
[2024-01-17T22:04:42.548+0000] {logging_mixin.py:151} INFO - #False
[2024-01-17T22:04:42.548+0000] {logging_mixin.py:151} INFO - #False
[2024-01-17T22:04:42.549+0000] {logging_mixin.py:151} INFO - #False
[2024-01-17T22:04:42.549+0000] {logging_mixin.py:151} INFO - #False
[2024-01-17T22:04:42.549+0000] {logging_mixin.py:151} INFO - #False
[2024-01-17T22:04:42.549+0000] {logging_mixin.py:151} INFO - #False
[2024-01-17T22:04:42.549+0000] {logging_mixin.py:151} INFO - #False
[2024-01-17T22:04:42.549+0000] {logging_mixin.py:151} INFO - #False
[2024-01-17T22:04:42.549+0000] {logging_mixin.py:151} INFO - #False
[2024-01-17T22:04:42.549+0000] {logging_mixin.py:151} INFO - #False
[2024-01-17T22:04:42.549+0000] {logging_mixin.py:151} INFO - #False
[2024-01-17T22:04:42.549+0000] {logging_mixin.py:151} INFO - #False
[2024-01-17T22:04:42.549+0000] {logging_mixin.py:151} INFO - #False
[2024-01-17T22:04:42.550+0000] {logging_mixin.py:151} INFO - #False
[2024-01-17T22:04:42.550+0000] {logging_mixin.py:151} INFO - #False
[2024-01-17T22:04:42.550+0000] {logging_mixin.py:151} INFO - #False
[2024-01-17T22:04:42.550+0000] {logging_mixin.py:151} INFO - #False
[2024-01-17T22:04:42.550+0000] {logging_mixin.py:151} INFO - #False
[2024-01-17T22:04:42.550+0000] {logging_mixin.py:151} INFO - #False
[2024-01-17T22:04:42.550+0000] {logging_mixin.py:151} INFO - #False
[2024-01-17T22:04:42.550+0000] {logging_mixin.py:151} INFO - #False
[2024-01-17T22:04:42.550+0000] {logging_mixin.py:151} INFO - #False
[2024-01-17T22:04:42.550+0000] {logging_mixin.py:151} INFO - #False
[2024-01-17T22:04:42.550+0000] {logging_mixin.py:151} INFO - #False
[2024-01-17T22:04:42.550+0000] {logging_mixin.py:151} INFO - #False
[2024-01-17T22:04:42.551+0000] {logging_mixin.py:151} INFO - #False
[2024-01-17T22:04:42.551+0000] {logging_mixin.py:151} INFO - #False
[2024-01-17T22:04:42.551+0000] {logging_mixin.py:151} INFO - #False
[2024-01-17T22:04:42.551+0000] {logging_mixin.py:151} INFO - #False
[2024-01-17T22:04:42.551+0000] {logging_mixin.py:151} INFO -  submission : 
[2024-01-17T22:04:43.185+0000] {logging_mixin.py:151} INFO - #False
[2024-01-17T22:04:43.185+0000] {logging_mixin.py:151} INFO - #False
[2024-01-17T22:04:43.186+0000] {logging_mixin.py:151} INFO - #False
[2024-01-17T22:04:43.186+0000] {logging_mixin.py:151} INFO - #False
[2024-01-17T22:04:43.186+0000] {logging_mixin.py:151} INFO - #False
[2024-01-17T22:04:43.187+0000] {logging_mixin.py:151} INFO - #False
[2024-01-17T22:04:43.187+0000] {logging_mixin.py:151} INFO - #False
[2024-01-17T22:04:43.187+0000] {logging_mixin.py:151} INFO - #False
[2024-01-17T22:04:43.187+0000] {logging_mixin.py:151} INFO - #False
[2024-01-17T22:04:43.187+0000] {logging_mixin.py:151} INFO - #False
[2024-01-17T22:04:43.187+0000] {logging_mixin.py:151} INFO - #False
[2024-01-17T22:04:43.187+0000] {logging_mixin.py:151} INFO - #False
[2024-01-17T22:04:43.187+0000] {logging_mixin.py:151} INFO - #False
[2024-01-17T22:04:43.187+0000] {logging_mixin.py:151} INFO - #False
[2024-01-17T22:04:43.187+0000] {logging_mixin.py:151} INFO - #False
[2024-01-17T22:04:43.187+0000] {logging_mixin.py:151} INFO - #False
[2024-01-17T22:04:43.188+0000] {logging_mixin.py:151} INFO - #False
[2024-01-17T22:04:43.188+0000] {logging_mixin.py:151} INFO - #False
[2024-01-17T22:04:43.188+0000] {logging_mixin.py:151} INFO - #False
[2024-01-17T22:04:43.188+0000] {logging_mixin.py:151} INFO - #False
[2024-01-17T22:04:43.188+0000] {logging_mixin.py:151} INFO - #False
[2024-01-17T22:04:43.188+0000] {logging_mixin.py:151} INFO - #False
[2024-01-17T22:04:43.188+0000] {logging_mixin.py:151} INFO - #False
[2024-01-17T22:04:43.188+0000] {logging_mixin.py:151} INFO - #False
[2024-01-17T22:04:43.188+0000] {logging_mixin.py:151} INFO - #False
[2024-01-17T22:04:43.188+0000] {logging_mixin.py:151} INFO - #False
[2024-01-17T22:04:43.188+0000] {logging_mixin.py:151} INFO - #False
[2024-01-17T22:04:43.188+0000] {logging_mixin.py:151} INFO - #False
[2024-01-17T22:04:43.188+0000] {logging_mixin.py:151} INFO - #False
[2024-01-17T22:04:43.188+0000] {logging_mixin.py:151} INFO - #False
[2024-01-17T22:04:43.188+0000] {logging_mixin.py:151} INFO -  submission : 
[2024-01-17T22:04:43.924+0000] {logging_mixin.py:151} INFO - #False
[2024-01-17T22:04:43.924+0000] {logging_mixin.py:151} INFO - #False
[2024-01-17T22:04:43.924+0000] {logging_mixin.py:151} INFO - #False
[2024-01-17T22:04:43.924+0000] {logging_mixin.py:151} INFO - #False
[2024-01-17T22:04:43.924+0000] {logging_mixin.py:151} INFO - #False
[2024-01-17T22:04:43.924+0000] {logging_mixin.py:151} INFO - #False
[2024-01-17T22:04:43.925+0000] {logging_mixin.py:151} INFO - #False
[2024-01-17T22:04:43.925+0000] {logging_mixin.py:151} INFO - #False
[2024-01-17T22:04:43.925+0000] {logging_mixin.py:151} INFO - #False
[2024-01-17T22:04:43.925+0000] {logging_mixin.py:151} INFO - #False
[2024-01-17T22:04:43.925+0000] {logging_mixin.py:151} INFO - #False
[2024-01-17T22:04:43.925+0000] {logging_mixin.py:151} INFO - #False
[2024-01-17T22:04:43.925+0000] {logging_mixin.py:151} INFO - #False
[2024-01-17T22:04:43.925+0000] {logging_mixin.py:151} INFO - #False
[2024-01-17T22:04:43.925+0000] {logging_mixin.py:151} INFO - #False
[2024-01-17T22:04:43.925+0000] {logging_mixin.py:151} INFO - #False
[2024-01-17T22:04:43.925+0000] {logging_mixin.py:151} INFO - #False
[2024-01-17T22:04:43.925+0000] {logging_mixin.py:151} INFO - #False
[2024-01-17T22:04:43.925+0000] {logging_mixin.py:151} INFO - #False
[2024-01-17T22:04:43.925+0000] {logging_mixin.py:151} INFO - #False
[2024-01-17T22:04:43.926+0000] {logging_mixin.py:151} INFO - #False
[2024-01-17T22:04:43.926+0000] {logging_mixin.py:151} INFO - #False
[2024-01-17T22:04:43.926+0000] {logging_mixin.py:151} INFO - #False
[2024-01-17T22:04:43.926+0000] {logging_mixin.py:151} INFO - #False
[2024-01-17T22:04:43.926+0000] {logging_mixin.py:151} INFO - #False
[2024-01-17T22:04:43.926+0000] {logging_mixin.py:151} INFO - #False
[2024-01-17T22:04:43.926+0000] {logging_mixin.py:151} INFO - #False
[2024-01-17T22:04:43.926+0000] {logging_mixin.py:151} INFO - #False
[2024-01-17T22:04:43.926+0000] {logging_mixin.py:151} INFO - #False
[2024-01-17T22:04:43.926+0000] {logging_mixin.py:151} INFO - #False
[2024-01-17T22:04:43.926+0000] {python.py:194} INFO - Done. Returned value was: None
[2024-01-17T22:04:43.939+0000] {taskinstance.py:1400} INFO - Marking task as SUCCESS. dag_id=Stream_Data_4, task_id=Reddit, execution_date=20240117T220214, start_date=20240117T220437, end_date=20240117T220443
[2024-01-17T22:04:43.983+0000] {local_task_job_runner.py:228} INFO - Task exited with return code 0
[2024-01-17T22:04:44.006+0000] {taskinstance.py:2784} INFO - 0 downstream tasks scheduled from follow-on schedule check
