[2024-01-17T21:42:57.218+0000] {taskinstance.py:1159} INFO - Dependencies all met for dep_context=non-requeueable deps ti=<TaskInstance: Stream_3.Reddit scheduled__2024-01-17T21:39:48.046000+00:00 [queued]>
[2024-01-17T21:42:57.223+0000] {taskinstance.py:1159} INFO - Dependencies all met for dep_context=requeueable deps ti=<TaskInstance: Stream_3.Reddit scheduled__2024-01-17T21:39:48.046000+00:00 [queued]>
[2024-01-17T21:42:57.223+0000] {taskinstance.py:1361} INFO - Starting attempt 1 of 1
[2024-01-17T21:42:57.235+0000] {taskinstance.py:1382} INFO - Executing <Task(PythonOperator): Reddit> on 2024-01-17 21:39:48.046000+00:00
[2024-01-17T21:42:57.240+0000] {standard_task_runner.py:57} INFO - Started process 3479 to run task
[2024-01-17T21:42:57.242+0000] {standard_task_runner.py:84} INFO - Running: ['***', 'tasks', 'run', 'Stream_3', 'Reddit', 'scheduled__2024-01-17T21:39:48.046000+00:00', '--job-id', '726', '--raw', '--subdir', 'DAGS_FOLDER/kafka_stream_3.py', '--cfg-path', '/tmp/tmp3kzu_wuo']
[2024-01-17T21:42:57.243+0000] {standard_task_runner.py:85} INFO - Job 726: Subtask Reddit
[2024-01-17T21:42:57.285+0000] {task_command.py:415} INFO - Running <TaskInstance: Stream_3.Reddit scheduled__2024-01-17T21:39:48.046000+00:00 [running]> on host 614a419ad930
[2024-01-17T21:42:57.354+0000] {taskinstance.py:1660} INFO - Exporting env vars: AIRFLOW_CTX_DAG_OWNER='me' AIRFLOW_CTX_DAG_ID='Stream_3' AIRFLOW_CTX_TASK_ID='Reddit' AIRFLOW_CTX_EXECUTION_DATE='2024-01-17T21:39:48.046000+00:00' AIRFLOW_CTX_TRY_NUMBER='1' AIRFLOW_CTX_DAG_RUN_ID='scheduled__2024-01-17T21:39:48.046000+00:00'
[2024-01-17T21:42:57.384+0000] {logging_mixin.py:151} INFO -  submission : 
[2024-01-17T21:42:59.471+0000] {logging_mixin.py:151} INFO - @True
[2024-01-17T21:42:59.472+0000] {conn.py:380} INFO - <BrokerConnection node_id=bootstrap-0 host=broker:29092 <connecting> [IPv4 ('192.168.224.8', 29092)]>: connecting to broker:29092 [('192.168.224.8', 29092) IPv4]
[2024-01-17T21:42:59.472+0000] {conn.py:1205} INFO - Probing node bootstrap-0 broker version
[2024-01-17T21:42:59.473+0000] {conn.py:410} INFO - <BrokerConnection node_id=bootstrap-0 host=broker:29092 <connecting> [IPv4 ('192.168.224.8', 29092)]>: Connection complete.
[2024-01-17T21:42:59.575+0000] {conn.py:1267} INFO - Broker version identified as 2.5.0
[2024-01-17T21:42:59.575+0000] {conn.py:1268} INFO - Set configuration api_version=(2, 5, 0) to skip auto check_version requests on startup
[2024-01-17T21:42:59.579+0000] {logging_mixin.py:151} INFO - #False
[2024-01-17T21:42:59.580+0000] {logging_mixin.py:151} INFO - #False
[2024-01-17T21:42:59.580+0000] {logging_mixin.py:151} INFO - #False
[2024-01-17T21:42:59.581+0000] {logging_mixin.py:151} INFO - #False
[2024-01-17T21:42:59.581+0000] {logging_mixin.py:151} INFO - #False
[2024-01-17T21:42:59.581+0000] {logging_mixin.py:151} INFO - #False
[2024-01-17T21:42:59.581+0000] {logging_mixin.py:151} INFO - #False
[2024-01-17T21:42:59.581+0000] {logging_mixin.py:151} INFO - #False
[2024-01-17T21:42:59.581+0000] {logging_mixin.py:151} INFO - #False
[2024-01-17T21:42:59.581+0000] {logging_mixin.py:151} INFO - #False
[2024-01-17T21:42:59.581+0000] {logging_mixin.py:151} INFO - #False
[2024-01-17T21:42:59.581+0000] {logging_mixin.py:151} INFO - #False
[2024-01-17T21:42:59.581+0000] {logging_mixin.py:151} INFO - #False
[2024-01-17T21:42:59.581+0000] {logging_mixin.py:151} INFO - #False
[2024-01-17T21:42:59.581+0000] {logging_mixin.py:151} INFO - #False
[2024-01-17T21:42:59.582+0000] {logging_mixin.py:151} INFO - #False
[2024-01-17T21:42:59.582+0000] {logging_mixin.py:151} INFO - #False
[2024-01-17T21:42:59.582+0000] {logging_mixin.py:151} INFO - #False
[2024-01-17T21:42:59.582+0000] {logging_mixin.py:151} INFO - #False
[2024-01-17T21:42:59.582+0000] {logging_mixin.py:151} INFO - #False
[2024-01-17T21:42:59.582+0000] {logging_mixin.py:151} INFO - #False
[2024-01-17T21:42:59.582+0000] {logging_mixin.py:151} INFO - #False
[2024-01-17T21:42:59.582+0000] {logging_mixin.py:151} INFO - #False
[2024-01-17T21:42:59.582+0000] {logging_mixin.py:151} INFO - #False
[2024-01-17T21:42:59.582+0000] {logging_mixin.py:151} INFO - #False
[2024-01-17T21:42:59.583+0000] {conn.py:380} INFO - <BrokerConnection node_id=1 host=broker:29092 <connecting> [IPv4 ('192.168.224.8', 29092)]>: connecting to broker:29092 [('192.168.224.8', 29092) IPv4]
[2024-01-17T21:42:59.583+0000] {logging_mixin.py:151} INFO - #False
[2024-01-17T21:42:59.583+0000] {logging_mixin.py:151} INFO - #False
[2024-01-17T21:42:59.583+0000] {logging_mixin.py:151} INFO - #False
[2024-01-17T21:42:59.583+0000] {logging_mixin.py:151} INFO - #False
[2024-01-17T21:42:59.583+0000] {logging_mixin.py:151} INFO -  submission : 
[2024-01-17T21:42:59.586+0000] {conn.py:410} INFO - <BrokerConnection node_id=1 host=broker:29092 <connecting> [IPv4 ('192.168.224.8', 29092)]>: Connection complete.
[2024-01-17T21:42:59.586+0000] {conn.py:919} INFO - <BrokerConnection node_id=bootstrap-0 host=broker:29092 <connected> [IPv4 ('192.168.224.8', 29092)]>: Closing connection. 
[2024-01-17T21:43:00.336+0000] {logging_mixin.py:151} INFO - #False
[2024-01-17T21:43:00.336+0000] {logging_mixin.py:151} INFO - #False
[2024-01-17T21:43:00.336+0000] {logging_mixin.py:151} INFO - #False
[2024-01-17T21:43:00.336+0000] {logging_mixin.py:151} INFO - #False
[2024-01-17T21:43:00.336+0000] {logging_mixin.py:151} INFO - #False
[2024-01-17T21:43:00.337+0000] {logging_mixin.py:151} INFO - #False
[2024-01-17T21:43:00.337+0000] {logging_mixin.py:151} INFO - #False
[2024-01-17T21:43:00.337+0000] {logging_mixin.py:151} INFO - #False
[2024-01-17T21:43:00.337+0000] {logging_mixin.py:151} INFO - #False
[2024-01-17T21:43:00.337+0000] {logging_mixin.py:151} INFO - #False
[2024-01-17T21:43:00.337+0000] {logging_mixin.py:151} INFO - #False
[2024-01-17T21:43:00.337+0000] {logging_mixin.py:151} INFO - #False
[2024-01-17T21:43:00.337+0000] {logging_mixin.py:151} INFO - #False
[2024-01-17T21:43:00.337+0000] {logging_mixin.py:151} INFO - #False
[2024-01-17T21:43:00.337+0000] {logging_mixin.py:151} INFO - #False
[2024-01-17T21:43:00.337+0000] {logging_mixin.py:151} INFO - #False
[2024-01-17T21:43:00.337+0000] {logging_mixin.py:151} INFO - #False
[2024-01-17T21:43:00.337+0000] {logging_mixin.py:151} INFO - #False
[2024-01-17T21:43:00.337+0000] {logging_mixin.py:151} INFO - #False
[2024-01-17T21:43:00.337+0000] {logging_mixin.py:151} INFO - #False
[2024-01-17T21:43:00.337+0000] {logging_mixin.py:151} INFO - #False
[2024-01-17T21:43:00.337+0000] {logging_mixin.py:151} INFO - #False
[2024-01-17T21:43:00.338+0000] {logging_mixin.py:151} INFO - #False
[2024-01-17T21:43:00.338+0000] {logging_mixin.py:151} INFO - #False
[2024-01-17T21:43:00.338+0000] {logging_mixin.py:151} INFO - #False
[2024-01-17T21:43:00.338+0000] {logging_mixin.py:151} INFO - #False
[2024-01-17T21:43:00.338+0000] {logging_mixin.py:151} INFO - #False
[2024-01-17T21:43:00.338+0000] {logging_mixin.py:151} INFO - #False
[2024-01-17T21:43:00.338+0000] {logging_mixin.py:151} INFO - #False
[2024-01-17T21:43:00.338+0000] {logging_mixin.py:151} INFO - #False
[2024-01-17T21:43:00.338+0000] {logging_mixin.py:151} INFO -  submission : 
[2024-01-17T21:43:01.116+0000] {logging_mixin.py:151} INFO - #False
[2024-01-17T21:43:01.116+0000] {logging_mixin.py:151} INFO - #False
[2024-01-17T21:43:01.116+0000] {logging_mixin.py:151} INFO - #False
[2024-01-17T21:43:01.116+0000] {logging_mixin.py:151} INFO - #False
[2024-01-17T21:43:01.116+0000] {logging_mixin.py:151} INFO - #False
[2024-01-17T21:43:01.116+0000] {logging_mixin.py:151} INFO - #False
[2024-01-17T21:43:01.116+0000] {logging_mixin.py:151} INFO - #False
[2024-01-17T21:43:01.116+0000] {logging_mixin.py:151} INFO - #False
[2024-01-17T21:43:01.117+0000] {logging_mixin.py:151} INFO - #False
[2024-01-17T21:43:01.117+0000] {logging_mixin.py:151} INFO - #False
[2024-01-17T21:43:01.117+0000] {logging_mixin.py:151} INFO - #False
[2024-01-17T21:43:01.117+0000] {logging_mixin.py:151} INFO - #False
[2024-01-17T21:43:01.117+0000] {logging_mixin.py:151} INFO - #False
[2024-01-17T21:43:01.117+0000] {logging_mixin.py:151} INFO - #False
[2024-01-17T21:43:01.117+0000] {logging_mixin.py:151} INFO - #False
[2024-01-17T21:43:01.117+0000] {logging_mixin.py:151} INFO - #False
[2024-01-17T21:43:01.117+0000] {logging_mixin.py:151} INFO - #False
[2024-01-17T21:43:01.117+0000] {logging_mixin.py:151} INFO - #False
[2024-01-17T21:43:01.117+0000] {logging_mixin.py:151} INFO - #False
[2024-01-17T21:43:01.117+0000] {logging_mixin.py:151} INFO - #False
[2024-01-17T21:43:01.117+0000] {logging_mixin.py:151} INFO - #False
[2024-01-17T21:43:01.117+0000] {logging_mixin.py:151} INFO - #False
[2024-01-17T21:43:01.117+0000] {logging_mixin.py:151} INFO - #False
[2024-01-17T21:43:01.117+0000] {logging_mixin.py:151} INFO - #False
[2024-01-17T21:43:01.117+0000] {logging_mixin.py:151} INFO - #False
[2024-01-17T21:43:01.117+0000] {logging_mixin.py:151} INFO - #False
[2024-01-17T21:43:01.117+0000] {logging_mixin.py:151} INFO - #False
[2024-01-17T21:43:01.117+0000] {logging_mixin.py:151} INFO - #False
[2024-01-17T21:43:01.118+0000] {logging_mixin.py:151} INFO - #False
[2024-01-17T21:43:01.118+0000] {logging_mixin.py:151} INFO - #False
[2024-01-17T21:43:01.118+0000] {logging_mixin.py:151} INFO -  submission : 
[2024-01-17T21:43:01.605+0000] {logging_mixin.py:151} INFO - #False
[2024-01-17T21:43:01.606+0000] {logging_mixin.py:151} INFO - #False
[2024-01-17T21:43:01.606+0000] {logging_mixin.py:151} INFO - #False
[2024-01-17T21:43:01.606+0000] {logging_mixin.py:151} INFO - #False
[2024-01-17T21:43:01.606+0000] {logging_mixin.py:151} INFO - #False
[2024-01-17T21:43:01.606+0000] {logging_mixin.py:151} INFO - #False
[2024-01-17T21:43:01.606+0000] {logging_mixin.py:151} INFO - #False
[2024-01-17T21:43:01.606+0000] {logging_mixin.py:151} INFO - #False
[2024-01-17T21:43:01.606+0000] {logging_mixin.py:151} INFO - #False
[2024-01-17T21:43:01.606+0000] {logging_mixin.py:151} INFO - #False
[2024-01-17T21:43:01.606+0000] {logging_mixin.py:151} INFO - #False
[2024-01-17T21:43:01.606+0000] {logging_mixin.py:151} INFO - #False
[2024-01-17T21:43:01.606+0000] {logging_mixin.py:151} INFO - #False
[2024-01-17T21:43:01.606+0000] {logging_mixin.py:151} INFO - #False
[2024-01-17T21:43:01.606+0000] {logging_mixin.py:151} INFO - #False
[2024-01-17T21:43:01.606+0000] {logging_mixin.py:151} INFO - #False
[2024-01-17T21:43:01.606+0000] {logging_mixin.py:151} INFO - #False
[2024-01-17T21:43:01.606+0000] {logging_mixin.py:151} INFO - #False
[2024-01-17T21:43:01.606+0000] {logging_mixin.py:151} INFO - #False
[2024-01-17T21:43:01.607+0000] {logging_mixin.py:151} INFO - #False
[2024-01-17T21:43:01.607+0000] {logging_mixin.py:151} INFO - #False
[2024-01-17T21:43:01.607+0000] {logging_mixin.py:151} INFO - #False
[2024-01-17T21:43:01.607+0000] {logging_mixin.py:151} INFO - #False
[2024-01-17T21:43:01.607+0000] {logging_mixin.py:151} INFO - #False
[2024-01-17T21:43:01.607+0000] {logging_mixin.py:151} INFO - #False
[2024-01-17T21:43:01.607+0000] {logging_mixin.py:151} INFO - #False
[2024-01-17T21:43:01.607+0000] {logging_mixin.py:151} INFO - #False
[2024-01-17T21:43:01.607+0000] {logging_mixin.py:151} INFO - #False
[2024-01-17T21:43:01.607+0000] {logging_mixin.py:151} INFO - #False
[2024-01-17T21:43:01.607+0000] {logging_mixin.py:151} INFO - #False
[2024-01-17T21:43:01.607+0000] {logging_mixin.py:151} INFO -  submission : 
[2024-01-17T21:43:02.068+0000] {logging_mixin.py:151} INFO - #False
[2024-01-17T21:43:02.069+0000] {logging_mixin.py:151} INFO - #False
[2024-01-17T21:43:02.069+0000] {logging_mixin.py:151} INFO - #False
[2024-01-17T21:43:02.069+0000] {logging_mixin.py:151} INFO - #False
[2024-01-17T21:43:02.069+0000] {logging_mixin.py:151} INFO - #False
[2024-01-17T21:43:02.069+0000] {logging_mixin.py:151} INFO - #False
[2024-01-17T21:43:02.069+0000] {logging_mixin.py:151} INFO - #False
[2024-01-17T21:43:02.069+0000] {logging_mixin.py:151} INFO - #False
[2024-01-17T21:43:02.069+0000] {logging_mixin.py:151} INFO - #False
[2024-01-17T21:43:02.069+0000] {logging_mixin.py:151} INFO - #False
[2024-01-17T21:43:02.069+0000] {logging_mixin.py:151} INFO - #False
[2024-01-17T21:43:02.069+0000] {logging_mixin.py:151} INFO - #False
[2024-01-17T21:43:02.069+0000] {logging_mixin.py:151} INFO - #False
[2024-01-17T21:43:02.069+0000] {logging_mixin.py:151} INFO - #False
[2024-01-17T21:43:02.069+0000] {logging_mixin.py:151} INFO - #False
[2024-01-17T21:43:02.069+0000] {logging_mixin.py:151} INFO - #False
[2024-01-17T21:43:02.069+0000] {logging_mixin.py:151} INFO - #False
[2024-01-17T21:43:02.069+0000] {logging_mixin.py:151} INFO - #False
[2024-01-17T21:43:02.070+0000] {logging_mixin.py:151} INFO - #False
[2024-01-17T21:43:02.070+0000] {logging_mixin.py:151} INFO - #False
[2024-01-17T21:43:02.070+0000] {logging_mixin.py:151} INFO - #False
[2024-01-17T21:43:02.070+0000] {logging_mixin.py:151} INFO - #False
[2024-01-17T21:43:02.070+0000] {logging_mixin.py:151} INFO - #False
[2024-01-17T21:43:02.070+0000] {logging_mixin.py:151} INFO - #False
[2024-01-17T21:43:02.070+0000] {logging_mixin.py:151} INFO - #False
[2024-01-17T21:43:02.070+0000] {logging_mixin.py:151} INFO - #False
[2024-01-17T21:43:02.070+0000] {logging_mixin.py:151} INFO - #False
[2024-01-17T21:43:02.070+0000] {logging_mixin.py:151} INFO - #False
[2024-01-17T21:43:02.070+0000] {logging_mixin.py:151} INFO - #False
[2024-01-17T21:43:02.070+0000] {logging_mixin.py:151} INFO - #False
[2024-01-17T21:43:02.070+0000] {logging_mixin.py:151} INFO -  submission : 
[2024-01-17T21:43:02.758+0000] {logging_mixin.py:151} INFO - #False
[2024-01-17T21:43:02.758+0000] {logging_mixin.py:151} INFO - #False
[2024-01-17T21:43:02.758+0000] {logging_mixin.py:151} INFO - #False
[2024-01-17T21:43:02.758+0000] {logging_mixin.py:151} INFO - #False
[2024-01-17T21:43:02.758+0000] {logging_mixin.py:151} INFO - #False
[2024-01-17T21:43:02.758+0000] {logging_mixin.py:151} INFO - #False
[2024-01-17T21:43:02.759+0000] {logging_mixin.py:151} INFO - #False
[2024-01-17T21:43:02.759+0000] {logging_mixin.py:151} INFO - #False
[2024-01-17T21:43:02.759+0000] {logging_mixin.py:151} INFO - #False
[2024-01-17T21:43:02.759+0000] {logging_mixin.py:151} INFO - #False
[2024-01-17T21:43:02.759+0000] {logging_mixin.py:151} INFO - #False
[2024-01-17T21:43:02.759+0000] {logging_mixin.py:151} INFO - #False
[2024-01-17T21:43:02.759+0000] {logging_mixin.py:151} INFO - #False
[2024-01-17T21:43:02.759+0000] {logging_mixin.py:151} INFO - #False
[2024-01-17T21:43:02.759+0000] {logging_mixin.py:151} INFO - #False
[2024-01-17T21:43:02.759+0000] {logging_mixin.py:151} INFO - #False
[2024-01-17T21:43:02.759+0000] {logging_mixin.py:151} INFO - #False
[2024-01-17T21:43:02.759+0000] {logging_mixin.py:151} INFO - #False
[2024-01-17T21:43:02.759+0000] {logging_mixin.py:151} INFO - #False
[2024-01-17T21:43:02.759+0000] {logging_mixin.py:151} INFO - #False
[2024-01-17T21:43:02.759+0000] {logging_mixin.py:151} INFO - #False
[2024-01-17T21:43:02.759+0000] {logging_mixin.py:151} INFO - #False
[2024-01-17T21:43:02.759+0000] {logging_mixin.py:151} INFO - #False
[2024-01-17T21:43:02.759+0000] {logging_mixin.py:151} INFO - #False
[2024-01-17T21:43:02.759+0000] {logging_mixin.py:151} INFO - #False
[2024-01-17T21:43:02.759+0000] {logging_mixin.py:151} INFO - #False
[2024-01-17T21:43:02.760+0000] {logging_mixin.py:151} INFO - #False
[2024-01-17T21:43:02.760+0000] {logging_mixin.py:151} INFO - #False
[2024-01-17T21:43:02.760+0000] {logging_mixin.py:151} INFO - #False
[2024-01-17T21:43:02.760+0000] {logging_mixin.py:151} INFO - #False
[2024-01-17T21:43:02.760+0000] {logging_mixin.py:151} INFO -  submission : 
[2024-01-17T21:43:03.567+0000] {logging_mixin.py:151} INFO - #False
[2024-01-17T21:43:03.567+0000] {logging_mixin.py:151} INFO - #False
[2024-01-17T21:43:03.567+0000] {logging_mixin.py:151} INFO - #False
[2024-01-17T21:43:03.567+0000] {logging_mixin.py:151} INFO - #False
[2024-01-17T21:43:03.567+0000] {logging_mixin.py:151} INFO - #False
[2024-01-17T21:43:03.567+0000] {logging_mixin.py:151} INFO - #False
[2024-01-17T21:43:03.567+0000] {logging_mixin.py:151} INFO - #False
[2024-01-17T21:43:03.567+0000] {logging_mixin.py:151} INFO - #False
[2024-01-17T21:43:03.567+0000] {logging_mixin.py:151} INFO - #False
[2024-01-17T21:43:03.567+0000] {logging_mixin.py:151} INFO - #False
[2024-01-17T21:43:03.567+0000] {logging_mixin.py:151} INFO - #False
[2024-01-17T21:43:03.567+0000] {logging_mixin.py:151} INFO - #False
[2024-01-17T21:43:03.567+0000] {logging_mixin.py:151} INFO - #False
[2024-01-17T21:43:03.568+0000] {logging_mixin.py:151} INFO - #False
[2024-01-17T21:43:03.568+0000] {logging_mixin.py:151} INFO - #False
[2024-01-17T21:43:03.568+0000] {logging_mixin.py:151} INFO - #False
[2024-01-17T21:43:03.568+0000] {logging_mixin.py:151} INFO - #False
[2024-01-17T21:43:03.568+0000] {logging_mixin.py:151} INFO - #False
[2024-01-17T21:43:03.568+0000] {logging_mixin.py:151} INFO - #False
[2024-01-17T21:43:03.568+0000] {logging_mixin.py:151} INFO - #False
[2024-01-17T21:43:03.568+0000] {logging_mixin.py:151} INFO - #False
[2024-01-17T21:43:03.568+0000] {logging_mixin.py:151} INFO - #False
[2024-01-17T21:43:03.568+0000] {logging_mixin.py:151} INFO - #False
[2024-01-17T21:43:03.568+0000] {logging_mixin.py:151} INFO - #False
[2024-01-17T21:43:03.568+0000] {logging_mixin.py:151} INFO - #False
[2024-01-17T21:43:03.568+0000] {logging_mixin.py:151} INFO - #False
[2024-01-17T21:43:03.568+0000] {logging_mixin.py:151} INFO - #False
[2024-01-17T21:43:03.568+0000] {logging_mixin.py:151} INFO - #False
[2024-01-17T21:43:03.568+0000] {logging_mixin.py:151} INFO - #False
[2024-01-17T21:43:03.568+0000] {logging_mixin.py:151} INFO - #False
[2024-01-17T21:43:03.568+0000] {logging_mixin.py:151} INFO -  submission : 
[2024-01-17T21:43:04.484+0000] {logging_mixin.py:151} INFO - #False
[2024-01-17T21:43:04.484+0000] {logging_mixin.py:151} INFO - #False
[2024-01-17T21:43:04.484+0000] {logging_mixin.py:151} INFO - #False
[2024-01-17T21:43:04.485+0000] {logging_mixin.py:151} INFO - #False
[2024-01-17T21:43:04.485+0000] {logging_mixin.py:151} INFO - #False
[2024-01-17T21:43:04.485+0000] {logging_mixin.py:151} INFO - #False
[2024-01-17T21:43:04.485+0000] {logging_mixin.py:151} INFO - #False
[2024-01-17T21:43:04.485+0000] {logging_mixin.py:151} INFO - #False
[2024-01-17T21:43:04.485+0000] {logging_mixin.py:151} INFO - #False
[2024-01-17T21:43:04.485+0000] {logging_mixin.py:151} INFO - #False
[2024-01-17T21:43:04.485+0000] {logging_mixin.py:151} INFO - #False
[2024-01-17T21:43:04.485+0000] {logging_mixin.py:151} INFO - #False
[2024-01-17T21:43:04.485+0000] {logging_mixin.py:151} INFO - #False
[2024-01-17T21:43:04.485+0000] {logging_mixin.py:151} INFO - #False
[2024-01-17T21:43:04.485+0000] {logging_mixin.py:151} INFO - #False
[2024-01-17T21:43:04.485+0000] {logging_mixin.py:151} INFO - #False
[2024-01-17T21:43:04.485+0000] {logging_mixin.py:151} INFO - #False
[2024-01-17T21:43:04.485+0000] {logging_mixin.py:151} INFO - #False
[2024-01-17T21:43:04.485+0000] {logging_mixin.py:151} INFO - #False
[2024-01-17T21:43:04.485+0000] {logging_mixin.py:151} INFO - #False
[2024-01-17T21:43:04.485+0000] {logging_mixin.py:151} INFO - #False
[2024-01-17T21:43:04.485+0000] {logging_mixin.py:151} INFO - #False
[2024-01-17T21:43:04.486+0000] {logging_mixin.py:151} INFO - #False
[2024-01-17T21:43:04.486+0000] {logging_mixin.py:151} INFO - #False
[2024-01-17T21:43:04.486+0000] {logging_mixin.py:151} INFO - #False
[2024-01-17T21:43:04.486+0000] {logging_mixin.py:151} INFO - #False
[2024-01-17T21:43:04.486+0000] {logging_mixin.py:151} INFO - #False
[2024-01-17T21:43:04.486+0000] {logging_mixin.py:151} INFO - #False
[2024-01-17T21:43:04.486+0000] {logging_mixin.py:151} INFO - #False
[2024-01-17T21:43:04.486+0000] {logging_mixin.py:151} INFO - #False
[2024-01-17T21:43:04.486+0000] {conn.py:919} INFO - <BrokerConnection node_id=1 host=broker:29092 <connected> [IPv4 ('192.168.224.8', 29092)]>: Closing connection. 
[2024-01-17T21:43:04.487+0000] {python.py:194} INFO - Done. Returned value was: None
[2024-01-17T21:43:04.496+0000] {taskinstance.py:1400} INFO - Marking task as SUCCESS. dag_id=Stream_3, task_id=Reddit, execution_date=20240117T213948, start_date=20240117T214257, end_date=20240117T214304
[2024-01-17T21:43:04.595+0000] {local_task_job_runner.py:228} INFO - Task exited with return code 0
[2024-01-17T21:43:04.607+0000] {taskinstance.py:2784} INFO - 0 downstream tasks scheduled from follow-on schedule check
