[2024-01-20T06:14:48.246+0000] {taskinstance.py:1159} INFO - Dependencies all met for dep_context=non-requeueable deps ti=<TaskInstance: Kafka_Producer_5.Reddit scheduled__2024-01-20T06:13:34.234891+00:00 [queued]>
[2024-01-20T06:14:48.253+0000] {taskinstance.py:1159} INFO - Dependencies all met for dep_context=requeueable deps ti=<TaskInstance: Kafka_Producer_5.Reddit scheduled__2024-01-20T06:13:34.234891+00:00 [queued]>
[2024-01-20T06:14:48.253+0000] {taskinstance.py:1361} INFO - Starting attempt 1 of 1
[2024-01-20T06:14:48.264+0000] {taskinstance.py:1382} INFO - Executing <Task(PythonOperator): Reddit> on 2024-01-20 06:13:34.234891+00:00
[2024-01-20T06:14:48.267+0000] {standard_task_runner.py:57} INFO - Started process 14786 to run task
[2024-01-20T06:14:48.269+0000] {standard_task_runner.py:84} INFO - Running: ['***', 'tasks', 'run', 'Kafka_Producer_5', 'Reddit', 'scheduled__2024-01-20T06:13:34.234891+00:00', '--job-id', '873', '--raw', '--subdir', 'DAGS_FOLDER/kafka_stream_5.py', '--cfg-path', '/tmp/tmpcki942w7']
[2024-01-20T06:14:48.270+0000] {standard_task_runner.py:85} INFO - Job 873: Subtask Reddit
[2024-01-20T06:14:48.313+0000] {task_command.py:415} INFO - Running <TaskInstance: Kafka_Producer_5.Reddit scheduled__2024-01-20T06:13:34.234891+00:00 [running]> on host 45c5bfab8aa1
[2024-01-20T06:14:48.386+0000] {taskinstance.py:1660} INFO - Exporting env vars: AIRFLOW_CTX_DAG_OWNER='me' AIRFLOW_CTX_DAG_ID='Kafka_Producer_5' AIRFLOW_CTX_TASK_ID='Reddit' AIRFLOW_CTX_EXECUTION_DATE='2024-01-20T06:13:34.234891+00:00' AIRFLOW_CTX_TRY_NUMBER='1' AIRFLOW_CTX_DAG_RUN_ID='scheduled__2024-01-20T06:13:34.234891+00:00'
[2024-01-20T06:14:48.420+0000] {logging_mixin.py:151} INFO -  submission : 
[2024-01-20T06:14:49.207+0000] {logging_mixin.py:151} INFO - #False
[2024-01-20T06:14:49.207+0000] {logging_mixin.py:151} INFO - #False
[2024-01-20T06:14:49.208+0000] {logging_mixin.py:151} INFO - #False
[2024-01-20T06:14:49.208+0000] {logging_mixin.py:151} INFO - #False
[2024-01-20T06:14:49.208+0000] {logging_mixin.py:151} INFO - #False
[2024-01-20T06:14:49.209+0000] {logging_mixin.py:151} INFO - #False
[2024-01-20T06:14:49.209+0000] {logging_mixin.py:151} INFO - #False
[2024-01-20T06:14:49.209+0000] {logging_mixin.py:151} INFO - #False
[2024-01-20T06:14:49.209+0000] {logging_mixin.py:151} INFO - #False
[2024-01-20T06:14:49.209+0000] {logging_mixin.py:151} INFO - #False
[2024-01-20T06:14:49.210+0000] {logging_mixin.py:151} INFO - #False
[2024-01-20T06:14:49.210+0000] {logging_mixin.py:151} INFO - #False
[2024-01-20T06:14:49.210+0000] {logging_mixin.py:151} INFO - #False
[2024-01-20T06:14:49.211+0000] {logging_mixin.py:151} INFO - #False
[2024-01-20T06:14:49.211+0000] {logging_mixin.py:151} INFO - #False
[2024-01-20T06:14:49.211+0000] {logging_mixin.py:151} INFO - #False
[2024-01-20T06:14:49.211+0000] {logging_mixin.py:151} INFO - #False
[2024-01-20T06:14:49.212+0000] {logging_mixin.py:151} INFO - #False
[2024-01-20T06:14:49.212+0000] {logging_mixin.py:151} INFO - #False
[2024-01-20T06:14:49.212+0000] {logging_mixin.py:151} INFO - #False
[2024-01-20T06:14:49.212+0000] {logging_mixin.py:151} INFO - #False
[2024-01-20T06:14:49.213+0000] {logging_mixin.py:151} INFO - #False
[2024-01-20T06:14:49.213+0000] {logging_mixin.py:151} INFO - #False
[2024-01-20T06:14:49.213+0000] {logging_mixin.py:151} INFO - #False
[2024-01-20T06:14:49.213+0000] {logging_mixin.py:151} INFO - #False
[2024-01-20T06:14:49.214+0000] {logging_mixin.py:151} INFO - #False
[2024-01-20T06:14:49.214+0000] {logging_mixin.py:151} INFO - #False
[2024-01-20T06:14:49.214+0000] {logging_mixin.py:151} INFO - #False
[2024-01-20T06:14:49.215+0000] {logging_mixin.py:151} INFO - #False
[2024-01-20T06:14:49.215+0000] {logging_mixin.py:151} INFO - #False
[2024-01-20T06:14:49.215+0000] {logging_mixin.py:151} INFO -  submission : 
[2024-01-20T06:14:49.707+0000] {logging_mixin.py:151} INFO - #False
[2024-01-20T06:14:49.708+0000] {logging_mixin.py:151} INFO - #False
[2024-01-20T06:14:49.708+0000] {logging_mixin.py:151} INFO - #False
[2024-01-20T06:14:49.709+0000] {logging_mixin.py:151} INFO - #False
[2024-01-20T06:14:49.709+0000] {logging_mixin.py:151} INFO - #False
[2024-01-20T06:14:49.710+0000] {logging_mixin.py:151} INFO - #False
[2024-01-20T06:14:49.710+0000] {logging_mixin.py:151} INFO - #False
[2024-01-20T06:14:49.711+0000] {logging_mixin.py:151} INFO - #False
[2024-01-20T06:14:49.711+0000] {logging_mixin.py:151} INFO - #False
[2024-01-20T06:14:49.712+0000] {logging_mixin.py:151} INFO - #False
[2024-01-20T06:14:49.712+0000] {logging_mixin.py:151} INFO - #False
[2024-01-20T06:14:49.712+0000] {logging_mixin.py:151} INFO - #False
[2024-01-20T06:14:49.713+0000] {logging_mixin.py:151} INFO - #False
[2024-01-20T06:14:49.714+0000] {logging_mixin.py:151} INFO - #False
[2024-01-20T06:14:49.714+0000] {logging_mixin.py:151} INFO - #False
[2024-01-20T06:14:49.714+0000] {logging_mixin.py:151} INFO - #False
[2024-01-20T06:14:49.715+0000] {logging_mixin.py:151} INFO - #False
[2024-01-20T06:14:49.716+0000] {logging_mixin.py:151} INFO - #False
[2024-01-20T06:14:49.716+0000] {logging_mixin.py:151} INFO - #False
[2024-01-20T06:14:49.717+0000] {logging_mixin.py:151} INFO - #False
[2024-01-20T06:14:49.717+0000] {logging_mixin.py:151} INFO - #False
[2024-01-20T06:14:49.718+0000] {logging_mixin.py:151} INFO - #False
[2024-01-20T06:14:49.718+0000] {logging_mixin.py:151} INFO - #False
[2024-01-20T06:14:49.718+0000] {logging_mixin.py:151} INFO - #False
[2024-01-20T06:14:49.718+0000] {logging_mixin.py:151} INFO - #False
[2024-01-20T06:14:49.718+0000] {logging_mixin.py:151} INFO - #False
[2024-01-20T06:14:49.719+0000] {logging_mixin.py:151} INFO - #False
[2024-01-20T06:14:49.719+0000] {logging_mixin.py:151} INFO - #False
[2024-01-20T06:14:49.719+0000] {logging_mixin.py:151} INFO - #False
[2024-01-20T06:14:49.719+0000] {logging_mixin.py:151} INFO - #False
[2024-01-20T06:14:49.720+0000] {logging_mixin.py:151} INFO -  submission : 
[2024-01-20T06:14:50.227+0000] {logging_mixin.py:151} INFO - #False
[2024-01-20T06:14:50.228+0000] {logging_mixin.py:151} INFO - #False
[2024-01-20T06:14:50.229+0000] {logging_mixin.py:151} INFO - #False
[2024-01-20T06:14:50.229+0000] {logging_mixin.py:151} INFO - #False
[2024-01-20T06:14:50.230+0000] {logging_mixin.py:151} INFO - #False
[2024-01-20T06:14:50.230+0000] {logging_mixin.py:151} INFO - #False
[2024-01-20T06:14:50.230+0000] {logging_mixin.py:151} INFO - #False
[2024-01-20T06:14:50.231+0000] {logging_mixin.py:151} INFO - #False
[2024-01-20T06:14:50.231+0000] {logging_mixin.py:151} INFO - #False
[2024-01-20T06:14:50.231+0000] {logging_mixin.py:151} INFO - #False
[2024-01-20T06:14:50.232+0000] {logging_mixin.py:151} INFO - #False
[2024-01-20T06:14:50.232+0000] {logging_mixin.py:151} INFO - #False
[2024-01-20T06:14:50.232+0000] {logging_mixin.py:151} INFO - #False
[2024-01-20T06:14:50.233+0000] {logging_mixin.py:151} INFO - #False
[2024-01-20T06:14:50.233+0000] {logging_mixin.py:151} INFO - #False
[2024-01-20T06:14:50.234+0000] {logging_mixin.py:151} INFO - #False
[2024-01-20T06:14:50.234+0000] {logging_mixin.py:151} INFO - #False
[2024-01-20T06:14:50.234+0000] {logging_mixin.py:151} INFO - #False
[2024-01-20T06:14:50.234+0000] {logging_mixin.py:151} INFO - #False
[2024-01-20T06:14:50.235+0000] {logging_mixin.py:151} INFO - #False
[2024-01-20T06:14:50.235+0000] {logging_mixin.py:151} INFO - #False
[2024-01-20T06:14:50.235+0000] {logging_mixin.py:151} INFO - #False
[2024-01-20T06:14:50.235+0000] {logging_mixin.py:151} INFO - #False
[2024-01-20T06:14:50.235+0000] {logging_mixin.py:151} INFO - #False
[2024-01-20T06:14:50.236+0000] {logging_mixin.py:151} INFO - #False
[2024-01-20T06:14:50.236+0000] {logging_mixin.py:151} INFO - #False
[2024-01-20T06:14:50.236+0000] {logging_mixin.py:151} INFO - #False
[2024-01-20T06:14:50.237+0000] {logging_mixin.py:151} INFO - #False
[2024-01-20T06:14:50.237+0000] {logging_mixin.py:151} INFO - #False
[2024-01-20T06:14:50.237+0000] {logging_mixin.py:151} INFO - #False
[2024-01-20T06:14:50.237+0000] {logging_mixin.py:151} INFO -  submission : 
[2024-01-20T06:14:50.604+0000] {logging_mixin.py:151} INFO - #False
[2024-01-20T06:14:50.605+0000] {logging_mixin.py:151} INFO - #False
[2024-01-20T06:14:50.605+0000] {logging_mixin.py:151} INFO - #False
[2024-01-20T06:14:50.606+0000] {logging_mixin.py:151} INFO - #False
[2024-01-20T06:14:50.606+0000] {logging_mixin.py:151} INFO - #False
[2024-01-20T06:14:50.606+0000] {logging_mixin.py:151} INFO - #False
[2024-01-20T06:14:50.606+0000] {logging_mixin.py:151} INFO - #False
[2024-01-20T06:14:50.607+0000] {logging_mixin.py:151} INFO - #False
[2024-01-20T06:14:50.607+0000] {logging_mixin.py:151} INFO - #False
[2024-01-20T06:14:50.607+0000] {logging_mixin.py:151} INFO - #False
[2024-01-20T06:14:50.608+0000] {logging_mixin.py:151} INFO - #False
[2024-01-20T06:14:50.608+0000] {logging_mixin.py:151} INFO - #False
[2024-01-20T06:14:50.608+0000] {logging_mixin.py:151} INFO - #False
[2024-01-20T06:14:50.608+0000] {logging_mixin.py:151} INFO - #False
[2024-01-20T06:14:50.608+0000] {logging_mixin.py:151} INFO - #False
[2024-01-20T06:14:50.609+0000] {logging_mixin.py:151} INFO - #False
[2024-01-20T06:14:50.609+0000] {logging_mixin.py:151} INFO - #False
[2024-01-20T06:14:50.609+0000] {logging_mixin.py:151} INFO - #False
[2024-01-20T06:14:50.610+0000] {logging_mixin.py:151} INFO - #False
[2024-01-20T06:14:50.610+0000] {logging_mixin.py:151} INFO - #False
[2024-01-20T06:14:50.610+0000] {logging_mixin.py:151} INFO - #False
[2024-01-20T06:14:50.610+0000] {logging_mixin.py:151} INFO - #False
[2024-01-20T06:14:50.610+0000] {logging_mixin.py:151} INFO - #False
[2024-01-20T06:14:50.611+0000] {logging_mixin.py:151} INFO - #False
[2024-01-20T06:14:50.611+0000] {logging_mixin.py:151} INFO - #False
[2024-01-20T06:14:50.611+0000] {logging_mixin.py:151} INFO - #False
[2024-01-20T06:14:50.611+0000] {logging_mixin.py:151} INFO - #False
[2024-01-20T06:14:50.612+0000] {logging_mixin.py:151} INFO - #False
[2024-01-20T06:14:50.612+0000] {logging_mixin.py:151} INFO - #False
[2024-01-20T06:14:50.612+0000] {logging_mixin.py:151} INFO - #False
[2024-01-20T06:14:50.612+0000] {logging_mixin.py:151} INFO -  submission : 
[2024-01-20T06:14:51.039+0000] {logging_mixin.py:151} INFO - #False
[2024-01-20T06:14:51.040+0000] {logging_mixin.py:151} INFO - #False
[2024-01-20T06:14:51.040+0000] {logging_mixin.py:151} INFO - #False
[2024-01-20T06:14:51.041+0000] {logging_mixin.py:151} INFO - #False
[2024-01-20T06:14:51.041+0000] {logging_mixin.py:151} INFO - #False
[2024-01-20T06:14:51.042+0000] {logging_mixin.py:151} INFO - #False
[2024-01-20T06:14:51.042+0000] {logging_mixin.py:151} INFO - #False
[2024-01-20T06:14:51.043+0000] {logging_mixin.py:151} INFO - #False
[2024-01-20T06:14:51.043+0000] {logging_mixin.py:151} INFO - #False
[2024-01-20T06:14:51.044+0000] {logging_mixin.py:151} INFO - #False
[2024-01-20T06:14:51.044+0000] {logging_mixin.py:151} INFO - #False
[2024-01-20T06:14:51.044+0000] {logging_mixin.py:151} INFO - #False
[2024-01-20T06:14:51.045+0000] {logging_mixin.py:151} INFO - #False
[2024-01-20T06:14:51.045+0000] {logging_mixin.py:151} INFO - #False
[2024-01-20T06:14:51.045+0000] {logging_mixin.py:151} INFO - #False
[2024-01-20T06:14:51.045+0000] {logging_mixin.py:151} INFO - #False
[2024-01-20T06:14:51.046+0000] {logging_mixin.py:151} INFO - #False
[2024-01-20T06:14:51.046+0000] {logging_mixin.py:151} INFO - #False
[2024-01-20T06:14:51.046+0000] {logging_mixin.py:151} INFO - #False
[2024-01-20T06:14:51.046+0000] {logging_mixin.py:151} INFO - #False
[2024-01-20T06:14:51.047+0000] {logging_mixin.py:151} INFO - #False
[2024-01-20T06:14:51.047+0000] {logging_mixin.py:151} INFO - #False
[2024-01-20T06:14:51.047+0000] {logging_mixin.py:151} INFO - #False
[2024-01-20T06:14:51.047+0000] {logging_mixin.py:151} INFO - #False
[2024-01-20T06:14:51.048+0000] {logging_mixin.py:151} INFO - #False
[2024-01-20T06:14:51.048+0000] {logging_mixin.py:151} INFO - #False
[2024-01-20T06:14:51.048+0000] {logging_mixin.py:151} INFO - #False
[2024-01-20T06:14:51.049+0000] {logging_mixin.py:151} INFO - #False
[2024-01-20T06:14:51.050+0000] {logging_mixin.py:151} INFO - #False
[2024-01-20T06:14:51.050+0000] {logging_mixin.py:151} INFO - #False
[2024-01-20T06:14:51.051+0000] {logging_mixin.py:151} INFO -  submission : 
[2024-01-20T06:14:51.475+0000] {logging_mixin.py:151} INFO - #False
[2024-01-20T06:14:51.476+0000] {logging_mixin.py:151} INFO - #False
[2024-01-20T06:14:51.477+0000] {logging_mixin.py:151} INFO - #False
[2024-01-20T06:14:51.477+0000] {logging_mixin.py:151} INFO - #False
[2024-01-20T06:14:51.477+0000] {logging_mixin.py:151} INFO - #False
[2024-01-20T06:14:51.477+0000] {logging_mixin.py:151} INFO - #False
[2024-01-20T06:14:51.478+0000] {logging_mixin.py:151} INFO - #False
[2024-01-20T06:14:51.478+0000] {logging_mixin.py:151} INFO - #False
[2024-01-20T06:14:51.478+0000] {logging_mixin.py:151} INFO - #False
[2024-01-20T06:14:51.479+0000] {logging_mixin.py:151} INFO - #False
[2024-01-20T06:14:51.479+0000] {logging_mixin.py:151} INFO - #False
[2024-01-20T06:14:51.479+0000] {logging_mixin.py:151} INFO - #False
[2024-01-20T06:14:51.479+0000] {logging_mixin.py:151} INFO - #False
[2024-01-20T06:14:51.480+0000] {logging_mixin.py:151} INFO - #False
[2024-01-20T06:14:51.480+0000] {logging_mixin.py:151} INFO - #False
[2024-01-20T06:14:51.480+0000] {logging_mixin.py:151} INFO - #False
[2024-01-20T06:14:51.480+0000] {logging_mixin.py:151} INFO - #False
[2024-01-20T06:14:51.480+0000] {logging_mixin.py:151} INFO - #False
[2024-01-20T06:14:51.481+0000] {logging_mixin.py:151} INFO - #False
[2024-01-20T06:14:51.481+0000] {logging_mixin.py:151} INFO - #False
[2024-01-20T06:14:51.481+0000] {logging_mixin.py:151} INFO - #False
[2024-01-20T06:14:51.482+0000] {logging_mixin.py:151} INFO - #False
[2024-01-20T06:14:51.482+0000] {logging_mixin.py:151} INFO - #False
[2024-01-20T06:14:51.482+0000] {logging_mixin.py:151} INFO - #False
[2024-01-20T06:14:51.482+0000] {logging_mixin.py:151} INFO - #False
[2024-01-20T06:14:51.482+0000] {logging_mixin.py:151} INFO - #False
[2024-01-20T06:14:51.483+0000] {logging_mixin.py:151} INFO - #False
[2024-01-20T06:14:51.483+0000] {logging_mixin.py:151} INFO - #False
[2024-01-20T06:14:51.484+0000] {logging_mixin.py:151} INFO - #False
[2024-01-20T06:14:51.484+0000] {logging_mixin.py:151} INFO - #False
[2024-01-20T06:14:51.484+0000] {logging_mixin.py:151} INFO -  submission : 
[2024-01-20T06:14:51.982+0000] {logging_mixin.py:151} INFO - #False
[2024-01-20T06:14:51.982+0000] {logging_mixin.py:151} INFO - #False
[2024-01-20T06:14:51.983+0000] {logging_mixin.py:151} INFO - #False
[2024-01-20T06:14:51.983+0000] {logging_mixin.py:151} INFO - #False
[2024-01-20T06:14:51.983+0000] {logging_mixin.py:151} INFO - #False
[2024-01-20T06:14:51.984+0000] {logging_mixin.py:151} INFO - #False
[2024-01-20T06:14:51.984+0000] {logging_mixin.py:151} INFO - #False
[2024-01-20T06:14:51.984+0000] {logging_mixin.py:151} INFO - #False
[2024-01-20T06:14:51.984+0000] {logging_mixin.py:151} INFO - #False
[2024-01-20T06:14:51.985+0000] {logging_mixin.py:151} INFO - #False
[2024-01-20T06:14:51.985+0000] {logging_mixin.py:151} INFO - #False
[2024-01-20T06:14:51.985+0000] {logging_mixin.py:151} INFO - #False
[2024-01-20T06:14:51.985+0000] {logging_mixin.py:151} INFO - #False
[2024-01-20T06:14:51.985+0000] {logging_mixin.py:151} INFO - #False
[2024-01-20T06:14:51.986+0000] {logging_mixin.py:151} INFO - #False
[2024-01-20T06:14:51.986+0000] {logging_mixin.py:151} INFO - #False
[2024-01-20T06:14:51.986+0000] {logging_mixin.py:151} INFO - #False
[2024-01-20T06:14:51.987+0000] {logging_mixin.py:151} INFO - #False
[2024-01-20T06:14:51.987+0000] {logging_mixin.py:151} INFO - #False
[2024-01-20T06:14:51.987+0000] {logging_mixin.py:151} INFO - #False
[2024-01-20T06:14:51.987+0000] {logging_mixin.py:151} INFO - #False
[2024-01-20T06:14:51.987+0000] {logging_mixin.py:151} INFO - #False
[2024-01-20T06:14:51.988+0000] {logging_mixin.py:151} INFO - #False
[2024-01-20T06:14:51.988+0000] {logging_mixin.py:151} INFO - #False
[2024-01-20T06:14:51.988+0000] {logging_mixin.py:151} INFO - #False
[2024-01-20T06:14:51.989+0000] {logging_mixin.py:151} INFO - #False
[2024-01-20T06:14:51.989+0000] {logging_mixin.py:151} INFO - #False
[2024-01-20T06:14:51.989+0000] {logging_mixin.py:151} INFO - #False
[2024-01-20T06:14:51.989+0000] {logging_mixin.py:151} INFO - #False
[2024-01-20T06:14:51.990+0000] {logging_mixin.py:151} INFO - #False
[2024-01-20T06:14:51.990+0000] {logging_mixin.py:151} INFO -  submission : 
[2024-01-20T06:14:52.362+0000] {logging_mixin.py:151} INFO - #False
[2024-01-20T06:14:52.362+0000] {logging_mixin.py:151} INFO - #False
[2024-01-20T06:14:52.363+0000] {logging_mixin.py:151} INFO - #False
[2024-01-20T06:14:52.363+0000] {logging_mixin.py:151} INFO - #False
[2024-01-20T06:14:52.363+0000] {logging_mixin.py:151} INFO - #False
[2024-01-20T06:14:52.364+0000] {logging_mixin.py:151} INFO - #False
[2024-01-20T06:14:52.364+0000] {logging_mixin.py:151} INFO - #False
[2024-01-20T06:14:52.364+0000] {logging_mixin.py:151} INFO - #False
[2024-01-20T06:14:52.364+0000] {logging_mixin.py:151} INFO - #False
[2024-01-20T06:14:52.365+0000] {logging_mixin.py:151} INFO - #False
[2024-01-20T06:14:52.365+0000] {logging_mixin.py:151} INFO - #False
[2024-01-20T06:14:52.365+0000] {logging_mixin.py:151} INFO - #False
[2024-01-20T06:14:52.366+0000] {logging_mixin.py:151} INFO - #False
[2024-01-20T06:14:52.366+0000] {logging_mixin.py:151} INFO - #False
[2024-01-20T06:14:52.366+0000] {logging_mixin.py:151} INFO - #False
[2024-01-20T06:14:52.367+0000] {logging_mixin.py:151} INFO - #False
[2024-01-20T06:14:52.367+0000] {logging_mixin.py:151} INFO - #False
[2024-01-20T06:14:52.367+0000] {logging_mixin.py:151} INFO - #False
[2024-01-20T06:14:52.367+0000] {logging_mixin.py:151} INFO - #False
[2024-01-20T06:14:52.367+0000] {logging_mixin.py:151} INFO - #False
[2024-01-20T06:14:52.368+0000] {logging_mixin.py:151} INFO - #False
[2024-01-20T06:14:52.368+0000] {logging_mixin.py:151} INFO - #False
[2024-01-20T06:14:52.368+0000] {logging_mixin.py:151} INFO - #False
[2024-01-20T06:14:52.368+0000] {logging_mixin.py:151} INFO - #False
[2024-01-20T06:14:52.368+0000] {logging_mixin.py:151} INFO - #False
[2024-01-20T06:14:52.369+0000] {logging_mixin.py:151} INFO - #False
[2024-01-20T06:14:52.369+0000] {logging_mixin.py:151} INFO - #False
[2024-01-20T06:14:52.370+0000] {logging_mixin.py:151} INFO - #False
[2024-01-20T06:14:52.371+0000] {logging_mixin.py:151} INFO - #False
[2024-01-20T06:14:52.371+0000] {logging_mixin.py:151} INFO - #False
[2024-01-20T06:14:52.372+0000] {python.py:194} INFO - Done. Returned value was: None
[2024-01-20T06:14:52.379+0000] {taskinstance.py:1400} INFO - Marking task as SUCCESS. dag_id=Kafka_Producer_5, task_id=Reddit, execution_date=20240120T061334, start_date=20240120T061448, end_date=20240120T061452
[2024-01-20T06:14:52.413+0000] {local_task_job_runner.py:228} INFO - Task exited with return code 0
[2024-01-20T06:14:52.427+0000] {taskinstance.py:2784} INFO - 0 downstream tasks scheduled from follow-on schedule check
