[2024-01-20T23:24:57.221+0000] {taskinstance.py:1159} INFO - Dependencies all met for dep_context=non-requeueable deps ti=<TaskInstance: Kafka_Producer_2.Reddit scheduled__2024-01-20T23:22:50.150622+00:00 [queued]>
[2024-01-20T23:24:57.228+0000] {taskinstance.py:1159} INFO - Dependencies all met for dep_context=requeueable deps ti=<TaskInstance: Kafka_Producer_2.Reddit scheduled__2024-01-20T23:22:50.150622+00:00 [queued]>
[2024-01-20T23:24:57.228+0000] {taskinstance.py:1361} INFO - Starting attempt 1 of 1
[2024-01-20T23:24:57.240+0000] {taskinstance.py:1382} INFO - Executing <Task(PythonOperator): Reddit> on 2024-01-20 23:22:50.150622+00:00
[2024-01-20T23:24:57.244+0000] {standard_task_runner.py:57} INFO - Started process 1584 to run task
[2024-01-20T23:24:57.247+0000] {standard_task_runner.py:84} INFO - Running: ['***', 'tasks', 'run', 'Kafka_Producer_2', 'Reddit', 'scheduled__2024-01-20T23:22:50.150622+00:00', '--job-id', '1448', '--raw', '--subdir', 'DAGS_FOLDER/kafka_stream_2.py', '--cfg-path', '/tmp/tmpibr_ha1b']
[2024-01-20T23:24:57.248+0000] {standard_task_runner.py:85} INFO - Job 1448: Subtask Reddit
[2024-01-20T23:24:57.298+0000] {task_command.py:415} INFO - Running <TaskInstance: Kafka_Producer_2.Reddit scheduled__2024-01-20T23:22:50.150622+00:00 [running]> on host 45c5bfab8aa1
[2024-01-20T23:24:57.376+0000] {taskinstance.py:1660} INFO - Exporting env vars: AIRFLOW_CTX_DAG_OWNER='me' AIRFLOW_CTX_DAG_ID='Kafka_Producer_2' AIRFLOW_CTX_TASK_ID='Reddit' AIRFLOW_CTX_EXECUTION_DATE='2024-01-20T23:22:50.150622+00:00' AIRFLOW_CTX_TRY_NUMBER='1' AIRFLOW_CTX_DAG_RUN_ID='scheduled__2024-01-20T23:22:50.150622+00:00'
[2024-01-20T23:24:57.410+0000] {logging_mixin.py:151} INFO -  submission : 
[2024-01-20T23:24:58.404+0000] {logging_mixin.py:151} INFO - @True
[2024-01-20T23:24:58.406+0000] {conn.py:380} INFO - <BrokerConnection node_id=bootstrap-0 host=broker:29092 <connecting> [IPv4 ('172.19.0.8', 29092)]>: connecting to broker:29092 [('172.19.0.8', 29092) IPv4]
[2024-01-20T23:24:58.407+0000] {conn.py:1205} INFO - Probing node bootstrap-0 broker version
[2024-01-20T23:24:58.407+0000] {conn.py:410} INFO - <BrokerConnection node_id=bootstrap-0 host=broker:29092 <connecting> [IPv4 ('172.19.0.8', 29092)]>: Connection complete.
[2024-01-20T23:24:58.510+0000] {conn.py:1267} INFO - Broker version identified as 2.5.0
[2024-01-20T23:24:58.511+0000] {conn.py:1268} INFO - Set configuration api_version=(2, 5, 0) to skip auto check_version requests on startup
[2024-01-20T23:24:58.515+0000] {logging_mixin.py:151} INFO - @True
[2024-01-20T23:24:58.516+0000] {conn.py:380} INFO - <BrokerConnection node_id=1 host=broker:29092 <connecting> [IPv4 ('172.19.0.8', 29092)]>: connecting to broker:29092 [('172.19.0.8', 29092) IPv4]
[2024-01-20T23:24:58.517+0000] {conn.py:380} INFO - <BrokerConnection node_id=bootstrap-0 host=broker:29092 <connecting> [IPv4 ('172.19.0.8', 29092)]>: connecting to broker:29092 [('172.19.0.8', 29092) IPv4]
[2024-01-20T23:24:58.517+0000] {conn.py:410} INFO - <BrokerConnection node_id=1 host=broker:29092 <connecting> [IPv4 ('172.19.0.8', 29092)]>: Connection complete.
[2024-01-20T23:24:58.518+0000] {conn.py:1205} INFO - Probing node bootstrap-0 broker version
[2024-01-20T23:24:58.518+0000] {conn.py:919} INFO - <BrokerConnection node_id=bootstrap-0 host=broker:29092 <connected> [IPv4 ('172.19.0.8', 29092)]>: Closing connection. 
[2024-01-20T23:24:58.519+0000] {conn.py:410} INFO - <BrokerConnection node_id=bootstrap-0 host=broker:29092 <connecting> [IPv4 ('172.19.0.8', 29092)]>: Connection complete.
[2024-01-20T23:24:58.622+0000] {conn.py:1267} INFO - Broker version identified as 2.5.0
[2024-01-20T23:24:58.625+0000] {conn.py:1268} INFO - Set configuration api_version=(2, 5, 0) to skip auto check_version requests on startup
[2024-01-20T23:24:58.627+0000] {conn.py:919} INFO - <BrokerConnection node_id=1 host=broker:29092 <connected> [IPv4 ('172.19.0.8', 29092)]>: Closing connection. 
[2024-01-20T23:24:58.630+0000] {logging_mixin.py:151} INFO - @True
[2024-01-20T23:24:58.631+0000] {conn.py:380} INFO - <BrokerConnection node_id=1 host=broker:29092 <connecting> [IPv4 ('172.19.0.8', 29092)]>: connecting to broker:29092 [('172.19.0.8', 29092) IPv4]
[2024-01-20T23:24:58.631+0000] {conn.py:380} INFO - <BrokerConnection node_id=bootstrap-0 host=broker:29092 <connecting> [IPv4 ('172.19.0.8', 29092)]>: connecting to broker:29092 [('172.19.0.8', 29092) IPv4]
[2024-01-20T23:24:58.632+0000] {conn.py:410} INFO - <BrokerConnection node_id=1 host=broker:29092 <connecting> [IPv4 ('172.19.0.8', 29092)]>: Connection complete.
[2024-01-20T23:24:58.632+0000] {conn.py:1205} INFO - Probing node bootstrap-0 broker version
[2024-01-20T23:24:58.633+0000] {conn.py:919} INFO - <BrokerConnection node_id=bootstrap-0 host=broker:29092 <connected> [IPv4 ('172.19.0.8', 29092)]>: Closing connection. 
[2024-01-20T23:24:58.634+0000] {conn.py:410} INFO - <BrokerConnection node_id=bootstrap-0 host=broker:29092 <connecting> [IPv4 ('172.19.0.8', 29092)]>: Connection complete.
[2024-01-20T23:24:58.737+0000] {conn.py:1267} INFO - Broker version identified as 2.5.0
[2024-01-20T23:24:58.738+0000] {conn.py:1268} INFO - Set configuration api_version=(2, 5, 0) to skip auto check_version requests on startup
[2024-01-20T23:24:58.739+0000] {conn.py:919} INFO - <BrokerConnection node_id=1 host=broker:29092 <connected> [IPv4 ('172.19.0.8', 29092)]>: Closing connection. 
[2024-01-20T23:24:58.741+0000] {logging_mixin.py:151} INFO - #False
[2024-01-20T23:24:58.742+0000] {logging_mixin.py:151} INFO - #False
[2024-01-20T23:24:58.742+0000] {conn.py:380} INFO - <BrokerConnection node_id=1 host=broker:29092 <connecting> [IPv4 ('172.19.0.8', 29092)]>: connecting to broker:29092 [('172.19.0.8', 29092) IPv4]
[2024-01-20T23:24:58.742+0000] {logging_mixin.py:151} INFO - #False
[2024-01-20T23:24:58.743+0000] {conn.py:410} INFO - <BrokerConnection node_id=1 host=broker:29092 <connecting> [IPv4 ('172.19.0.8', 29092)]>: Connection complete.
[2024-01-20T23:24:58.744+0000] {logging_mixin.py:151} INFO - #False
[2024-01-20T23:24:58.744+0000] {conn.py:919} INFO - <BrokerConnection node_id=bootstrap-0 host=broker:29092 <connected> [IPv4 ('172.19.0.8', 29092)]>: Closing connection. 
[2024-01-20T23:24:58.745+0000] {logging_mixin.py:151} INFO - #False
[2024-01-20T23:24:58.746+0000] {logging_mixin.py:151} INFO - #False
[2024-01-20T23:24:58.746+0000] {logging_mixin.py:151} INFO - #False
[2024-01-20T23:24:58.747+0000] {logging_mixin.py:151} INFO - #False
[2024-01-20T23:24:58.747+0000] {logging_mixin.py:151} INFO - #False
[2024-01-20T23:24:58.748+0000] {logging_mixin.py:151} INFO - #False
[2024-01-20T23:24:58.749+0000] {logging_mixin.py:151} INFO - #False
[2024-01-20T23:24:58.749+0000] {logging_mixin.py:151} INFO - #False
[2024-01-20T23:24:58.749+0000] {logging_mixin.py:151} INFO - #False
[2024-01-20T23:24:58.750+0000] {logging_mixin.py:151} INFO - #False
[2024-01-20T23:24:58.750+0000] {logging_mixin.py:151} INFO - #False
[2024-01-20T23:24:58.750+0000] {logging_mixin.py:151} INFO - #False
[2024-01-20T23:24:58.750+0000] {logging_mixin.py:151} INFO - #False
[2024-01-20T23:24:58.751+0000] {logging_mixin.py:151} INFO - #False
[2024-01-20T23:24:58.751+0000] {logging_mixin.py:151} INFO - #False
[2024-01-20T23:24:58.751+0000] {logging_mixin.py:151} INFO - #False
[2024-01-20T23:24:58.752+0000] {logging_mixin.py:151} INFO - #False
[2024-01-20T23:24:58.752+0000] {logging_mixin.py:151} INFO - #False
[2024-01-20T23:24:58.752+0000] {logging_mixin.py:151} INFO - #False
[2024-01-20T23:24:58.752+0000] {logging_mixin.py:151} INFO - #False
[2024-01-20T23:24:58.753+0000] {logging_mixin.py:151} INFO - #False
[2024-01-20T23:24:58.753+0000] {logging_mixin.py:151} INFO - #False
[2024-01-20T23:24:58.753+0000] {logging_mixin.py:151} INFO - #False
[2024-01-20T23:24:58.753+0000] {logging_mixin.py:151} INFO -  submission : 
[2024-01-20T23:24:59.390+0000] {logging_mixin.py:151} INFO - #False
[2024-01-20T23:24:59.391+0000] {logging_mixin.py:151} INFO - #False
[2024-01-20T23:24:59.392+0000] {logging_mixin.py:151} INFO - #False
[2024-01-20T23:24:59.392+0000] {logging_mixin.py:151} INFO - #False
[2024-01-20T23:24:59.393+0000] {logging_mixin.py:151} INFO - #False
[2024-01-20T23:24:59.393+0000] {logging_mixin.py:151} INFO - #False
[2024-01-20T23:24:59.393+0000] {logging_mixin.py:151} INFO - #False
[2024-01-20T23:24:59.394+0000] {logging_mixin.py:151} INFO - #False
[2024-01-20T23:24:59.394+0000] {logging_mixin.py:151} INFO - #False
[2024-01-20T23:24:59.394+0000] {logging_mixin.py:151} INFO - #False
[2024-01-20T23:24:59.395+0000] {logging_mixin.py:151} INFO - #False
[2024-01-20T23:24:59.395+0000] {logging_mixin.py:151} INFO - #False
[2024-01-20T23:24:59.395+0000] {logging_mixin.py:151} INFO - #False
[2024-01-20T23:24:59.396+0000] {logging_mixin.py:151} INFO - #False
[2024-01-20T23:24:59.396+0000] {logging_mixin.py:151} INFO - #False
[2024-01-20T23:24:59.396+0000] {logging_mixin.py:151} INFO - #False
[2024-01-20T23:24:59.397+0000] {logging_mixin.py:151} INFO - #False
[2024-01-20T23:24:59.397+0000] {logging_mixin.py:151} INFO - #False
[2024-01-20T23:24:59.397+0000] {logging_mixin.py:151} INFO - #False
[2024-01-20T23:24:59.397+0000] {logging_mixin.py:151} INFO - #False
[2024-01-20T23:24:59.398+0000] {logging_mixin.py:151} INFO - #False
[2024-01-20T23:24:59.399+0000] {logging_mixin.py:151} INFO - #False
[2024-01-20T23:24:59.399+0000] {logging_mixin.py:151} INFO - #False
[2024-01-20T23:24:59.399+0000] {logging_mixin.py:151} INFO - #False
[2024-01-20T23:24:59.399+0000] {logging_mixin.py:151} INFO - #False
[2024-01-20T23:24:59.399+0000] {logging_mixin.py:151} INFO - #False
[2024-01-20T23:24:59.399+0000] {logging_mixin.py:151} INFO - #False
[2024-01-20T23:24:59.400+0000] {logging_mixin.py:151} INFO - #False
[2024-01-20T23:24:59.400+0000] {logging_mixin.py:151} INFO - #False
[2024-01-20T23:24:59.400+0000] {logging_mixin.py:151} INFO - #False
[2024-01-20T23:24:59.401+0000] {logging_mixin.py:151} INFO -  submission : 
[2024-01-20T23:25:00.028+0000] {logging_mixin.py:151} INFO - @True
[2024-01-20T23:25:00.030+0000] {conn.py:380} INFO - <BrokerConnection node_id=bootstrap-0 host=broker:29092 <connecting> [IPv4 ('172.19.0.8', 29092)]>: connecting to broker:29092 [('172.19.0.8', 29092) IPv4]
[2024-01-20T23:25:00.031+0000] {conn.py:1205} INFO - Probing node bootstrap-0 broker version
[2024-01-20T23:25:00.032+0000] {conn.py:410} INFO - <BrokerConnection node_id=bootstrap-0 host=broker:29092 <connecting> [IPv4 ('172.19.0.8', 29092)]>: Connection complete.
[2024-01-20T23:25:00.135+0000] {conn.py:1267} INFO - Broker version identified as 2.5.0
[2024-01-20T23:25:00.136+0000] {conn.py:1268} INFO - Set configuration api_version=(2, 5, 0) to skip auto check_version requests on startup
[2024-01-20T23:25:00.138+0000] {conn.py:919} INFO - <BrokerConnection node_id=1 host=broker:29092 <connected> [IPv4 ('172.19.0.8', 29092)]>: Closing connection. 
[2024-01-20T23:25:00.140+0000] {logging_mixin.py:151} INFO - #False
[2024-01-20T23:25:00.141+0000] {logging_mixin.py:151} INFO - #False
[2024-01-20T23:25:00.141+0000] {conn.py:380} INFO - <BrokerConnection node_id=1 host=broker:29092 <connecting> [IPv4 ('172.19.0.8', 29092)]>: connecting to broker:29092 [('172.19.0.8', 29092) IPv4]
[2024-01-20T23:25:00.141+0000] {logging_mixin.py:151} INFO - #False
[2024-01-20T23:25:00.142+0000] {conn.py:410} INFO - <BrokerConnection node_id=1 host=broker:29092 <connecting> [IPv4 ('172.19.0.8', 29092)]>: Connection complete.
[2024-01-20T23:25:00.142+0000] {logging_mixin.py:151} INFO - #False
[2024-01-20T23:25:00.143+0000] {conn.py:919} INFO - <BrokerConnection node_id=bootstrap-0 host=broker:29092 <connected> [IPv4 ('172.19.0.8', 29092)]>: Closing connection. 
[2024-01-20T23:25:00.143+0000] {logging_mixin.py:151} INFO - #False
[2024-01-20T23:25:00.145+0000] {logging_mixin.py:151} INFO - #False
[2024-01-20T23:25:00.145+0000] {logging_mixin.py:151} INFO - #False
[2024-01-20T23:25:00.146+0000] {logging_mixin.py:151} INFO - #False
[2024-01-20T23:25:00.147+0000] {logging_mixin.py:151} INFO - #False
[2024-01-20T23:25:00.147+0000] {logging_mixin.py:151} INFO - #False
[2024-01-20T23:25:00.147+0000] {logging_mixin.py:151} INFO - #False
[2024-01-20T23:25:00.148+0000] {logging_mixin.py:151} INFO - #False
[2024-01-20T23:25:00.148+0000] {logging_mixin.py:151} INFO - #False
[2024-01-20T23:25:00.149+0000] {logging_mixin.py:151} INFO - #False
[2024-01-20T23:25:00.149+0000] {logging_mixin.py:151} INFO - #False
[2024-01-20T23:25:00.149+0000] {logging_mixin.py:151} INFO - #False
[2024-01-20T23:25:00.150+0000] {logging_mixin.py:151} INFO - #False
[2024-01-20T23:25:00.150+0000] {logging_mixin.py:151} INFO - #False
[2024-01-20T23:25:00.151+0000] {logging_mixin.py:151} INFO - #False
[2024-01-20T23:25:00.151+0000] {logging_mixin.py:151} INFO - #False
[2024-01-20T23:25:00.151+0000] {logging_mixin.py:151} INFO - #False
[2024-01-20T23:25:00.151+0000] {logging_mixin.py:151} INFO - #False
[2024-01-20T23:25:00.152+0000] {logging_mixin.py:151} INFO - #False
[2024-01-20T23:25:00.152+0000] {logging_mixin.py:151} INFO - #False
[2024-01-20T23:25:00.152+0000] {logging_mixin.py:151} INFO - #False
[2024-01-20T23:25:00.152+0000] {logging_mixin.py:151} INFO - #False
[2024-01-20T23:25:00.152+0000] {logging_mixin.py:151} INFO - #False
[2024-01-20T23:25:00.153+0000] {logging_mixin.py:151} INFO - #False
[2024-01-20T23:25:00.153+0000] {logging_mixin.py:151} INFO - #False
[2024-01-20T23:25:00.153+0000] {logging_mixin.py:151} INFO -  submission : 
[2024-01-20T23:25:00.701+0000] {logging_mixin.py:151} INFO - #False
[2024-01-20T23:25:00.703+0000] {logging_mixin.py:151} INFO - #False
[2024-01-20T23:25:00.703+0000] {logging_mixin.py:151} INFO - #False
[2024-01-20T23:25:00.704+0000] {logging_mixin.py:151} INFO - #False
[2024-01-20T23:25:00.704+0000] {logging_mixin.py:151} INFO - #False
[2024-01-20T23:25:00.705+0000] {logging_mixin.py:151} INFO - #False
[2024-01-20T23:25:00.705+0000] {logging_mixin.py:151} INFO - #False
[2024-01-20T23:25:00.705+0000] {logging_mixin.py:151} INFO - #False
[2024-01-20T23:25:00.706+0000] {logging_mixin.py:151} INFO - #False
[2024-01-20T23:25:00.706+0000] {logging_mixin.py:151} INFO - #False
[2024-01-20T23:25:00.707+0000] {logging_mixin.py:151} INFO - #False
[2024-01-20T23:25:00.707+0000] {logging_mixin.py:151} INFO - #False
[2024-01-20T23:25:00.707+0000] {logging_mixin.py:151} INFO - #False
[2024-01-20T23:25:00.708+0000] {logging_mixin.py:151} INFO - #False
[2024-01-20T23:25:00.708+0000] {logging_mixin.py:151} INFO - #False
[2024-01-20T23:25:00.708+0000] {logging_mixin.py:151} INFO - #False
[2024-01-20T23:25:00.708+0000] {logging_mixin.py:151} INFO - #False
[2024-01-20T23:25:00.709+0000] {logging_mixin.py:151} INFO - #False
[2024-01-20T23:25:00.709+0000] {logging_mixin.py:151} INFO - #False
[2024-01-20T23:25:00.709+0000] {logging_mixin.py:151} INFO - #False
[2024-01-20T23:25:00.709+0000] {logging_mixin.py:151} INFO - #False
[2024-01-20T23:25:00.710+0000] {logging_mixin.py:151} INFO - #False
[2024-01-20T23:25:00.710+0000] {logging_mixin.py:151} INFO - #False
[2024-01-20T23:25:00.710+0000] {logging_mixin.py:151} INFO - #False
[2024-01-20T23:25:00.711+0000] {logging_mixin.py:151} INFO - #False
[2024-01-20T23:25:00.711+0000] {logging_mixin.py:151} INFO - #False
[2024-01-20T23:25:00.711+0000] {logging_mixin.py:151} INFO - #False
[2024-01-20T23:25:00.711+0000] {logging_mixin.py:151} INFO - #False
[2024-01-20T23:25:00.711+0000] {logging_mixin.py:151} INFO - #False
[2024-01-20T23:25:00.712+0000] {logging_mixin.py:151} INFO - #False
[2024-01-20T23:25:00.713+0000] {logging_mixin.py:151} INFO -  submission : 
[2024-01-20T23:25:01.384+0000] {logging_mixin.py:151} INFO - #False
[2024-01-20T23:25:01.386+0000] {logging_mixin.py:151} INFO - #False
[2024-01-20T23:25:01.386+0000] {logging_mixin.py:151} INFO - #False
[2024-01-20T23:25:01.387+0000] {logging_mixin.py:151} INFO - #False
[2024-01-20T23:25:01.388+0000] {logging_mixin.py:151} INFO - #False
[2024-01-20T23:25:01.388+0000] {logging_mixin.py:151} INFO - #False
[2024-01-20T23:25:01.389+0000] {logging_mixin.py:151} INFO - #False
[2024-01-20T23:25:01.389+0000] {logging_mixin.py:151} INFO - #False
[2024-01-20T23:25:01.390+0000] {logging_mixin.py:151} INFO - #False
[2024-01-20T23:25:01.390+0000] {logging_mixin.py:151} INFO - #False
[2024-01-20T23:25:01.391+0000] {logging_mixin.py:151} INFO - #False
[2024-01-20T23:25:01.391+0000] {logging_mixin.py:151} INFO - #False
[2024-01-20T23:25:01.391+0000] {logging_mixin.py:151} INFO - #False
[2024-01-20T23:25:01.392+0000] {logging_mixin.py:151} INFO - #False
[2024-01-20T23:25:01.392+0000] {logging_mixin.py:151} INFO - #False
[2024-01-20T23:25:01.393+0000] {logging_mixin.py:151} INFO - #False
[2024-01-20T23:25:01.393+0000] {logging_mixin.py:151} INFO - #False
[2024-01-20T23:25:01.393+0000] {logging_mixin.py:151} INFO - #False
[2024-01-20T23:25:01.394+0000] {logging_mixin.py:151} INFO - #False
[2024-01-20T23:25:01.394+0000] {logging_mixin.py:151} INFO - #False
[2024-01-20T23:25:01.394+0000] {logging_mixin.py:151} INFO - #False
[2024-01-20T23:25:01.395+0000] {logging_mixin.py:151} INFO - #False
[2024-01-20T23:25:01.395+0000] {logging_mixin.py:151} INFO - #False
[2024-01-20T23:25:01.395+0000] {logging_mixin.py:151} INFO - #False
[2024-01-20T23:25:01.395+0000] {logging_mixin.py:151} INFO - #False
[2024-01-20T23:25:01.397+0000] {logging_mixin.py:151} INFO - #False
[2024-01-20T23:25:01.397+0000] {logging_mixin.py:151} INFO - #False
[2024-01-20T23:25:01.398+0000] {logging_mixin.py:151} INFO - #False
[2024-01-20T23:25:01.398+0000] {logging_mixin.py:151} INFO - #False
[2024-01-20T23:25:01.399+0000] {logging_mixin.py:151} INFO - #False
[2024-01-20T23:25:01.399+0000] {logging_mixin.py:151} INFO -  submission : 
[2024-01-20T23:25:02.054+0000] {logging_mixin.py:151} INFO - #False
[2024-01-20T23:25:02.054+0000] {logging_mixin.py:151} INFO - #False
[2024-01-20T23:25:02.055+0000] {logging_mixin.py:151} INFO - #False
[2024-01-20T23:25:02.056+0000] {logging_mixin.py:151} INFO - #False
[2024-01-20T23:25:02.056+0000] {logging_mixin.py:151} INFO - #False
[2024-01-20T23:25:02.057+0000] {logging_mixin.py:151} INFO - #False
[2024-01-20T23:25:02.057+0000] {logging_mixin.py:151} INFO - #False
[2024-01-20T23:25:02.058+0000] {logging_mixin.py:151} INFO - #False
[2024-01-20T23:25:02.058+0000] {logging_mixin.py:151} INFO - #False
[2024-01-20T23:25:02.058+0000] {logging_mixin.py:151} INFO - #False
[2024-01-20T23:25:02.059+0000] {logging_mixin.py:151} INFO - #False
[2024-01-20T23:25:02.059+0000] {logging_mixin.py:151} INFO - #False
[2024-01-20T23:25:02.060+0000] {logging_mixin.py:151} INFO - #False
[2024-01-20T23:25:02.060+0000] {logging_mixin.py:151} INFO - #False
[2024-01-20T23:25:02.061+0000] {logging_mixin.py:151} INFO - #False
[2024-01-20T23:25:02.061+0000] {logging_mixin.py:151} INFO - #False
[2024-01-20T23:25:02.062+0000] {logging_mixin.py:151} INFO - #False
[2024-01-20T23:25:02.062+0000] {logging_mixin.py:151} INFO - #False
[2024-01-20T23:25:02.063+0000] {logging_mixin.py:151} INFO - #False
[2024-01-20T23:25:02.063+0000] {logging_mixin.py:151} INFO - #False
[2024-01-20T23:25:02.064+0000] {logging_mixin.py:151} INFO - #False
[2024-01-20T23:25:02.064+0000] {logging_mixin.py:151} INFO - #False
[2024-01-20T23:25:02.065+0000] {logging_mixin.py:151} INFO - #False
[2024-01-20T23:25:02.065+0000] {logging_mixin.py:151} INFO - #False
[2024-01-20T23:25:02.065+0000] {logging_mixin.py:151} INFO - #False
[2024-01-20T23:25:02.066+0000] {logging_mixin.py:151} INFO - #False
[2024-01-20T23:25:02.066+0000] {logging_mixin.py:151} INFO - #False
[2024-01-20T23:25:02.067+0000] {logging_mixin.py:151} INFO - #False
[2024-01-20T23:25:02.067+0000] {logging_mixin.py:151} INFO - #False
[2024-01-20T23:25:02.068+0000] {logging_mixin.py:151} INFO - #False
[2024-01-20T23:25:02.070+0000] {logging_mixin.py:151} INFO -  submission : 
[2024-01-20T23:25:02.700+0000] {logging_mixin.py:151} INFO - #False
[2024-01-20T23:25:02.701+0000] {logging_mixin.py:151} INFO - #False
[2024-01-20T23:25:02.702+0000] {logging_mixin.py:151} INFO - #False
[2024-01-20T23:25:02.702+0000] {logging_mixin.py:151} INFO - #False
[2024-01-20T23:25:02.703+0000] {logging_mixin.py:151} INFO - #False
[2024-01-20T23:25:02.704+0000] {logging_mixin.py:151} INFO - #False
[2024-01-20T23:25:02.704+0000] {logging_mixin.py:151} INFO - #False
[2024-01-20T23:25:02.705+0000] {logging_mixin.py:151} INFO - #False
[2024-01-20T23:25:02.705+0000] {logging_mixin.py:151} INFO - #False
[2024-01-20T23:25:02.706+0000] {logging_mixin.py:151} INFO - #False
[2024-01-20T23:25:02.706+0000] {logging_mixin.py:151} INFO - #False
[2024-01-20T23:25:02.707+0000] {logging_mixin.py:151} INFO - #False
[2024-01-20T23:25:02.707+0000] {logging_mixin.py:151} INFO - #False
[2024-01-20T23:25:02.708+0000] {logging_mixin.py:151} INFO - #False
[2024-01-20T23:25:02.708+0000] {logging_mixin.py:151} INFO - #False
[2024-01-20T23:25:02.708+0000] {logging_mixin.py:151} INFO - #False
[2024-01-20T23:25:02.709+0000] {logging_mixin.py:151} INFO - #False
[2024-01-20T23:25:02.709+0000] {logging_mixin.py:151} INFO - #False
[2024-01-20T23:25:02.710+0000] {logging_mixin.py:151} INFO - #False
[2024-01-20T23:25:02.710+0000] {logging_mixin.py:151} INFO - #False
[2024-01-20T23:25:02.710+0000] {logging_mixin.py:151} INFO - #False
[2024-01-20T23:25:02.711+0000] {logging_mixin.py:151} INFO - #False
[2024-01-20T23:25:02.711+0000] {logging_mixin.py:151} INFO - #False
[2024-01-20T23:25:02.712+0000] {logging_mixin.py:151} INFO - #False
[2024-01-20T23:25:02.712+0000] {logging_mixin.py:151} INFO - #False
[2024-01-20T23:25:02.712+0000] {logging_mixin.py:151} INFO - #False
[2024-01-20T23:25:02.713+0000] {logging_mixin.py:151} INFO - #False
[2024-01-20T23:25:02.713+0000] {logging_mixin.py:151} INFO - #False
[2024-01-20T23:25:02.713+0000] {logging_mixin.py:151} INFO - #False
[2024-01-20T23:25:02.714+0000] {logging_mixin.py:151} INFO - #False
[2024-01-20T23:25:02.714+0000] {logging_mixin.py:151} INFO -  submission : 
[2024-01-20T23:25:03.814+0000] {logging_mixin.py:151} INFO - #False
[2024-01-20T23:25:03.815+0000] {logging_mixin.py:151} INFO - #False
[2024-01-20T23:25:03.816+0000] {logging_mixin.py:151} INFO - #False
[2024-01-20T23:25:03.816+0000] {logging_mixin.py:151} INFO - #False
[2024-01-20T23:25:03.817+0000] {logging_mixin.py:151} INFO - #False
[2024-01-20T23:25:03.818+0000] {logging_mixin.py:151} INFO - #False
[2024-01-20T23:25:03.818+0000] {logging_mixin.py:151} INFO - #False
[2024-01-20T23:25:03.819+0000] {logging_mixin.py:151} INFO - #False
[2024-01-20T23:25:03.820+0000] {logging_mixin.py:151} INFO - #False
[2024-01-20T23:25:03.821+0000] {logging_mixin.py:151} INFO - #False
[2024-01-20T23:25:03.821+0000] {logging_mixin.py:151} INFO - #False
[2024-01-20T23:25:03.822+0000] {logging_mixin.py:151} INFO - #False
[2024-01-20T23:25:03.822+0000] {logging_mixin.py:151} INFO - #False
[2024-01-20T23:25:03.823+0000] {logging_mixin.py:151} INFO - #False
[2024-01-20T23:25:03.823+0000] {logging_mixin.py:151} INFO - #False
[2024-01-20T23:25:03.824+0000] {logging_mixin.py:151} INFO - #False
[2024-01-20T23:25:03.824+0000] {logging_mixin.py:151} INFO - #False
[2024-01-20T23:25:03.825+0000] {logging_mixin.py:151} INFO - #False
[2024-01-20T23:25:03.825+0000] {logging_mixin.py:151} INFO - #False
[2024-01-20T23:25:03.826+0000] {logging_mixin.py:151} INFO - #False
[2024-01-20T23:25:03.826+0000] {logging_mixin.py:151} INFO - #False
[2024-01-20T23:25:03.827+0000] {logging_mixin.py:151} INFO - #False
[2024-01-20T23:25:03.827+0000] {logging_mixin.py:151} INFO - #False
[2024-01-20T23:25:03.827+0000] {logging_mixin.py:151} INFO - #False
[2024-01-20T23:25:03.828+0000] {logging_mixin.py:151} INFO - #False
[2024-01-20T23:25:03.828+0000] {logging_mixin.py:151} INFO - #False
[2024-01-20T23:25:03.828+0000] {logging_mixin.py:151} INFO - #False
[2024-01-20T23:25:03.828+0000] {logging_mixin.py:151} INFO - #False
[2024-01-20T23:25:03.829+0000] {logging_mixin.py:151} INFO - #False
[2024-01-20T23:25:03.829+0000] {logging_mixin.py:151} INFO - #False
[2024-01-20T23:25:03.830+0000] {conn.py:919} INFO - <BrokerConnection node_id=1 host=broker:29092 <connected> [IPv4 ('172.19.0.8', 29092)]>: Closing connection. 
[2024-01-20T23:25:03.831+0000] {python.py:194} INFO - Done. Returned value was: None
[2024-01-20T23:25:03.839+0000] {taskinstance.py:1400} INFO - Marking task as SUCCESS. dag_id=Kafka_Producer_2, task_id=Reddit, execution_date=20240120T232250, start_date=20240120T232457, end_date=20240120T232503
[2024-01-20T23:25:03.865+0000] {local_task_job_runner.py:228} INFO - Task exited with return code 0
[2024-01-20T23:25:03.878+0000] {taskinstance.py:2784} INFO - 0 downstream tasks scheduled from follow-on schedule check
