[2024-01-17T21:22:39.052+0000] {taskinstance.py:1159} INFO - Dependencies all met for dep_context=non-requeueable deps ti=<TaskInstance: Stream_Data_5.Reddit scheduled__2024-01-17T21:21:34.389040+00:00 [queued]>
[2024-01-17T21:22:39.056+0000] {taskinstance.py:1159} INFO - Dependencies all met for dep_context=requeueable deps ti=<TaskInstance: Stream_Data_5.Reddit scheduled__2024-01-17T21:21:34.389040+00:00 [queued]>
[2024-01-17T21:22:39.056+0000] {taskinstance.py:1361} INFO - Starting attempt 1 of 1
[2024-01-17T21:22:39.067+0000] {taskinstance.py:1382} INFO - Executing <Task(PythonOperator): Reddit> on 2024-01-17 21:21:34.389040+00:00
[2024-01-17T21:22:39.070+0000] {standard_task_runner.py:57} INFO - Started process 2061 to run task
[2024-01-17T21:22:39.072+0000] {standard_task_runner.py:84} INFO - Running: ['***', 'tasks', 'run', 'Stream_Data_5', 'Reddit', 'scheduled__2024-01-17T21:21:34.389040+00:00', '--job-id', '590', '--raw', '--subdir', 'DAGS_FOLDER/kafka_stream_5.py', '--cfg-path', '/tmp/tmpyncesh3v']
[2024-01-17T21:22:39.072+0000] {standard_task_runner.py:85} INFO - Job 590: Subtask Reddit
[2024-01-17T21:22:39.107+0000] {task_command.py:415} INFO - Running <TaskInstance: Stream_Data_5.Reddit scheduled__2024-01-17T21:21:34.389040+00:00 [running]> on host 614a419ad930
[2024-01-17T21:22:39.236+0000] {taskinstance.py:1660} INFO - Exporting env vars: AIRFLOW_CTX_DAG_OWNER='me' AIRFLOW_CTX_DAG_ID='Stream_Data_5' AIRFLOW_CTX_TASK_ID='Reddit' AIRFLOW_CTX_EXECUTION_DATE='2024-01-17T21:21:34.389040+00:00' AIRFLOW_CTX_TRY_NUMBER='1' AIRFLOW_CTX_DAG_RUN_ID='scheduled__2024-01-17T21:21:34.389040+00:00'
[2024-01-17T21:22:39.262+0000] {logging_mixin.py:151} INFO -  submission : 
[2024-01-17T21:22:40.377+0000] {logging_mixin.py:151} INFO - #False
[2024-01-17T21:22:40.377+0000] {logging_mixin.py:151} INFO - #False
[2024-01-17T21:22:40.377+0000] {logging_mixin.py:151} INFO - #False
[2024-01-17T21:22:40.377+0000] {logging_mixin.py:151} INFO - #False
[2024-01-17T21:22:40.377+0000] {logging_mixin.py:151} INFO - #False
[2024-01-17T21:22:40.377+0000] {logging_mixin.py:151} INFO - #False
[2024-01-17T21:22:40.377+0000] {logging_mixin.py:151} INFO - #False
[2024-01-17T21:22:40.377+0000] {logging_mixin.py:151} INFO - #False
[2024-01-17T21:22:40.377+0000] {logging_mixin.py:151} INFO - #False
[2024-01-17T21:22:40.377+0000] {logging_mixin.py:151} INFO - #False
[2024-01-17T21:22:40.377+0000] {logging_mixin.py:151} INFO - #False
[2024-01-17T21:22:40.377+0000] {logging_mixin.py:151} INFO - #False
[2024-01-17T21:22:40.378+0000] {logging_mixin.py:151} INFO - #False
[2024-01-17T21:22:40.378+0000] {logging_mixin.py:151} INFO - #False
[2024-01-17T21:22:40.378+0000] {logging_mixin.py:151} INFO - #False
[2024-01-17T21:22:40.378+0000] {logging_mixin.py:151} INFO - #False
[2024-01-17T21:22:40.378+0000] {logging_mixin.py:151} INFO - #False
[2024-01-17T21:22:40.378+0000] {logging_mixin.py:151} INFO - #False
[2024-01-17T21:22:40.378+0000] {logging_mixin.py:151} INFO - #False
[2024-01-17T21:22:40.378+0000] {logging_mixin.py:151} INFO - #False
[2024-01-17T21:22:40.378+0000] {logging_mixin.py:151} INFO - #False
[2024-01-17T21:22:40.378+0000] {logging_mixin.py:151} INFO - #False
[2024-01-17T21:22:40.378+0000] {logging_mixin.py:151} INFO - #False
[2024-01-17T21:22:40.378+0000] {logging_mixin.py:151} INFO - #False
[2024-01-17T21:22:40.378+0000] {logging_mixin.py:151} INFO - #False
[2024-01-17T21:22:40.378+0000] {logging_mixin.py:151} INFO - #False
[2024-01-17T21:22:40.378+0000] {logging_mixin.py:151} INFO - #False
[2024-01-17T21:22:40.378+0000] {logging_mixin.py:151} INFO - #False
[2024-01-17T21:22:40.378+0000] {logging_mixin.py:151} INFO - #False
[2024-01-17T21:22:40.378+0000] {logging_mixin.py:151} INFO - #False
[2024-01-17T21:22:40.378+0000] {logging_mixin.py:151} INFO -  submission : 
[2024-01-17T21:22:41.032+0000] {logging_mixin.py:151} INFO - #False
[2024-01-17T21:22:41.032+0000] {logging_mixin.py:151} INFO - #False
[2024-01-17T21:22:41.032+0000] {logging_mixin.py:151} INFO - #False
[2024-01-17T21:22:41.032+0000] {logging_mixin.py:151} INFO - #False
[2024-01-17T21:22:41.032+0000] {logging_mixin.py:151} INFO - #False
[2024-01-17T21:22:41.032+0000] {logging_mixin.py:151} INFO - #False
[2024-01-17T21:22:41.032+0000] {logging_mixin.py:151} INFO - #False
[2024-01-17T21:22:41.032+0000] {logging_mixin.py:151} INFO - #False
[2024-01-17T21:22:41.032+0000] {logging_mixin.py:151} INFO - #False
[2024-01-17T21:22:41.032+0000] {logging_mixin.py:151} INFO - #False
[2024-01-17T21:22:41.032+0000] {logging_mixin.py:151} INFO - #False
[2024-01-17T21:22:41.032+0000] {logging_mixin.py:151} INFO - #False
[2024-01-17T21:22:41.032+0000] {logging_mixin.py:151} INFO - #False
[2024-01-17T21:22:41.032+0000] {logging_mixin.py:151} INFO - #False
[2024-01-17T21:22:41.033+0000] {logging_mixin.py:151} INFO - #False
[2024-01-17T21:22:41.033+0000] {logging_mixin.py:151} INFO - #False
[2024-01-17T21:22:41.033+0000] {logging_mixin.py:151} INFO - #False
[2024-01-17T21:22:41.033+0000] {logging_mixin.py:151} INFO - #False
[2024-01-17T21:22:41.033+0000] {logging_mixin.py:151} INFO - #False
[2024-01-17T21:22:41.033+0000] {logging_mixin.py:151} INFO - #False
[2024-01-17T21:22:41.033+0000] {logging_mixin.py:151} INFO - #False
[2024-01-17T21:22:41.033+0000] {logging_mixin.py:151} INFO - #False
[2024-01-17T21:22:41.033+0000] {logging_mixin.py:151} INFO - #False
[2024-01-17T21:22:41.033+0000] {logging_mixin.py:151} INFO - #False
[2024-01-17T21:22:41.033+0000] {logging_mixin.py:151} INFO - #False
[2024-01-17T21:22:41.033+0000] {logging_mixin.py:151} INFO - #False
[2024-01-17T21:22:41.033+0000] {logging_mixin.py:151} INFO - #False
[2024-01-17T21:22:41.033+0000] {logging_mixin.py:151} INFO - #False
[2024-01-17T21:22:41.033+0000] {logging_mixin.py:151} INFO - #False
[2024-01-17T21:22:41.033+0000] {logging_mixin.py:151} INFO - #False
[2024-01-17T21:22:41.033+0000] {logging_mixin.py:151} INFO -  submission : 
[2024-01-17T21:22:41.645+0000] {logging_mixin.py:151} INFO - #False
[2024-01-17T21:22:41.645+0000] {logging_mixin.py:151} INFO - #False
[2024-01-17T21:22:41.645+0000] {logging_mixin.py:151} INFO - #False
[2024-01-17T21:22:41.645+0000] {logging_mixin.py:151} INFO - #False
[2024-01-17T21:22:41.645+0000] {logging_mixin.py:151} INFO - #False
[2024-01-17T21:22:41.645+0000] {logging_mixin.py:151} INFO - #False
[2024-01-17T21:22:41.646+0000] {logging_mixin.py:151} INFO - #False
[2024-01-17T21:22:41.646+0000] {logging_mixin.py:151} INFO - #False
[2024-01-17T21:22:41.646+0000] {logging_mixin.py:151} INFO - #False
[2024-01-17T21:22:41.646+0000] {logging_mixin.py:151} INFO - #False
[2024-01-17T21:22:41.646+0000] {logging_mixin.py:151} INFO - #False
[2024-01-17T21:22:41.646+0000] {logging_mixin.py:151} INFO - #False
[2024-01-17T21:22:41.646+0000] {logging_mixin.py:151} INFO - #False
[2024-01-17T21:22:41.646+0000] {logging_mixin.py:151} INFO - #False
[2024-01-17T21:22:41.646+0000] {logging_mixin.py:151} INFO - #False
[2024-01-17T21:22:41.646+0000] {logging_mixin.py:151} INFO - #False
[2024-01-17T21:22:41.646+0000] {logging_mixin.py:151} INFO - #False
[2024-01-17T21:22:41.646+0000] {logging_mixin.py:151} INFO - #False
[2024-01-17T21:22:41.646+0000] {logging_mixin.py:151} INFO - #False
[2024-01-17T21:22:41.646+0000] {logging_mixin.py:151} INFO - #False
[2024-01-17T21:22:41.646+0000] {logging_mixin.py:151} INFO - #False
[2024-01-17T21:22:41.646+0000] {logging_mixin.py:151} INFO - #False
[2024-01-17T21:22:41.646+0000] {logging_mixin.py:151} INFO - #False
[2024-01-17T21:22:41.646+0000] {logging_mixin.py:151} INFO - #False
[2024-01-17T21:22:41.646+0000] {logging_mixin.py:151} INFO - #False
[2024-01-17T21:22:41.646+0000] {logging_mixin.py:151} INFO - #False
[2024-01-17T21:22:41.646+0000] {logging_mixin.py:151} INFO - #False
[2024-01-17T21:22:41.647+0000] {logging_mixin.py:151} INFO - #False
[2024-01-17T21:22:41.647+0000] {logging_mixin.py:151} INFO - #False
[2024-01-17T21:22:41.647+0000] {logging_mixin.py:151} INFO - #False
[2024-01-17T21:22:41.647+0000] {logging_mixin.py:151} INFO -  submission : 
[2024-01-17T21:22:42.226+0000] {logging_mixin.py:151} INFO - #False
[2024-01-17T21:22:42.226+0000] {logging_mixin.py:151} INFO - #False
[2024-01-17T21:22:42.226+0000] {logging_mixin.py:151} INFO - #False
[2024-01-17T21:22:42.226+0000] {logging_mixin.py:151} INFO - #False
[2024-01-17T21:22:42.226+0000] {logging_mixin.py:151} INFO - #False
[2024-01-17T21:22:42.226+0000] {logging_mixin.py:151} INFO - #False
[2024-01-17T21:22:42.226+0000] {logging_mixin.py:151} INFO - #False
[2024-01-17T21:22:42.227+0000] {logging_mixin.py:151} INFO - #False
[2024-01-17T21:22:42.227+0000] {logging_mixin.py:151} INFO - #False
[2024-01-17T21:22:42.227+0000] {logging_mixin.py:151} INFO - #False
[2024-01-17T21:22:42.227+0000] {logging_mixin.py:151} INFO - #False
[2024-01-17T21:22:42.227+0000] {logging_mixin.py:151} INFO - #False
[2024-01-17T21:22:42.227+0000] {logging_mixin.py:151} INFO - #False
[2024-01-17T21:22:42.227+0000] {logging_mixin.py:151} INFO - #False
[2024-01-17T21:22:42.227+0000] {logging_mixin.py:151} INFO - #False
[2024-01-17T21:22:42.227+0000] {logging_mixin.py:151} INFO - #False
[2024-01-17T21:22:42.227+0000] {logging_mixin.py:151} INFO - #False
[2024-01-17T21:22:42.227+0000] {logging_mixin.py:151} INFO - #False
[2024-01-17T21:22:42.227+0000] {logging_mixin.py:151} INFO - #False
[2024-01-17T21:22:42.227+0000] {logging_mixin.py:151} INFO - #False
[2024-01-17T21:22:42.227+0000] {logging_mixin.py:151} INFO - #False
[2024-01-17T21:22:42.227+0000] {logging_mixin.py:151} INFO - #False
[2024-01-17T21:22:42.227+0000] {logging_mixin.py:151} INFO - #False
[2024-01-17T21:22:42.227+0000] {logging_mixin.py:151} INFO - #False
[2024-01-17T21:22:42.227+0000] {logging_mixin.py:151} INFO - #False
[2024-01-17T21:22:42.227+0000] {logging_mixin.py:151} INFO - #False
[2024-01-17T21:22:42.227+0000] {logging_mixin.py:151} INFO - #False
[2024-01-17T21:22:42.228+0000] {logging_mixin.py:151} INFO - #False
[2024-01-17T21:22:42.228+0000] {logging_mixin.py:151} INFO - #False
[2024-01-17T21:22:42.228+0000] {logging_mixin.py:151} INFO - #False
[2024-01-17T21:22:42.228+0000] {logging_mixin.py:151} INFO -  submission : 
[2024-01-17T21:22:42.717+0000] {logging_mixin.py:151} INFO - #False
[2024-01-17T21:22:42.717+0000] {logging_mixin.py:151} INFO - #False
[2024-01-17T21:22:42.718+0000] {logging_mixin.py:151} INFO - #False
[2024-01-17T21:22:42.718+0000] {logging_mixin.py:151} INFO - #False
[2024-01-17T21:22:42.718+0000] {logging_mixin.py:151} INFO - #False
[2024-01-17T21:22:42.718+0000] {logging_mixin.py:151} INFO - #False
[2024-01-17T21:22:42.718+0000] {logging_mixin.py:151} INFO - #False
[2024-01-17T21:22:42.718+0000] {logging_mixin.py:151} INFO - #False
[2024-01-17T21:22:42.718+0000] {logging_mixin.py:151} INFO - #False
[2024-01-17T21:22:42.718+0000] {logging_mixin.py:151} INFO - #False
[2024-01-17T21:22:42.718+0000] {logging_mixin.py:151} INFO - #False
[2024-01-17T21:22:42.718+0000] {logging_mixin.py:151} INFO - #False
[2024-01-17T21:22:42.718+0000] {logging_mixin.py:151} INFO - #False
[2024-01-17T21:22:42.718+0000] {logging_mixin.py:151} INFO - #False
[2024-01-17T21:22:42.718+0000] {logging_mixin.py:151} INFO - #False
[2024-01-17T21:22:42.718+0000] {logging_mixin.py:151} INFO - #False
[2024-01-17T21:22:42.718+0000] {logging_mixin.py:151} INFO - #False
[2024-01-17T21:22:42.718+0000] {logging_mixin.py:151} INFO - #False
[2024-01-17T21:22:42.718+0000] {logging_mixin.py:151} INFO - #False
[2024-01-17T21:22:42.718+0000] {logging_mixin.py:151} INFO - #False
[2024-01-17T21:22:42.718+0000] {logging_mixin.py:151} INFO - #False
[2024-01-17T21:22:42.718+0000] {logging_mixin.py:151} INFO - #False
[2024-01-17T21:22:42.718+0000] {logging_mixin.py:151} INFO - #False
[2024-01-17T21:22:42.719+0000] {logging_mixin.py:151} INFO - #False
[2024-01-17T21:22:42.719+0000] {logging_mixin.py:151} INFO - #False
[2024-01-17T21:22:42.719+0000] {logging_mixin.py:151} INFO - #False
[2024-01-17T21:22:42.719+0000] {logging_mixin.py:151} INFO - #False
[2024-01-17T21:22:42.719+0000] {logging_mixin.py:151} INFO - #False
[2024-01-17T21:22:42.719+0000] {logging_mixin.py:151} INFO - #False
[2024-01-17T21:22:42.719+0000] {logging_mixin.py:151} INFO - #False
[2024-01-17T21:22:42.719+0000] {logging_mixin.py:151} INFO -  submission : 
[2024-01-17T21:22:43.437+0000] {logging_mixin.py:151} INFO - #False
[2024-01-17T21:22:43.438+0000] {logging_mixin.py:151} INFO - #False
[2024-01-17T21:22:43.438+0000] {logging_mixin.py:151} INFO - #False
[2024-01-17T21:22:43.438+0000] {logging_mixin.py:151} INFO - #False
[2024-01-17T21:22:43.438+0000] {logging_mixin.py:151} INFO - #False
[2024-01-17T21:22:43.438+0000] {logging_mixin.py:151} INFO - #False
[2024-01-17T21:22:43.438+0000] {logging_mixin.py:151} INFO - #False
[2024-01-17T21:22:43.438+0000] {logging_mixin.py:151} INFO - #False
[2024-01-17T21:22:43.438+0000] {logging_mixin.py:151} INFO - #False
[2024-01-17T21:22:43.438+0000] {logging_mixin.py:151} INFO - #False
[2024-01-17T21:22:43.438+0000] {logging_mixin.py:151} INFO - #False
[2024-01-17T21:22:43.438+0000] {logging_mixin.py:151} INFO - #False
[2024-01-17T21:22:43.438+0000] {logging_mixin.py:151} INFO - #False
[2024-01-17T21:22:43.438+0000] {logging_mixin.py:151} INFO - #False
[2024-01-17T21:22:43.438+0000] {logging_mixin.py:151} INFO - #False
[2024-01-17T21:22:43.438+0000] {logging_mixin.py:151} INFO - #False
[2024-01-17T21:22:43.438+0000] {logging_mixin.py:151} INFO - #False
[2024-01-17T21:22:43.438+0000] {logging_mixin.py:151} INFO - #False
[2024-01-17T21:22:43.438+0000] {logging_mixin.py:151} INFO - #False
[2024-01-17T21:22:43.438+0000] {logging_mixin.py:151} INFO - #False
[2024-01-17T21:22:43.438+0000] {logging_mixin.py:151} INFO - #False
[2024-01-17T21:22:43.438+0000] {logging_mixin.py:151} INFO - #False
[2024-01-17T21:22:43.438+0000] {logging_mixin.py:151} INFO - #False
[2024-01-17T21:22:43.439+0000] {logging_mixin.py:151} INFO - #False
[2024-01-17T21:22:43.439+0000] {logging_mixin.py:151} INFO - #False
[2024-01-17T21:22:43.439+0000] {logging_mixin.py:151} INFO - #False
[2024-01-17T21:22:43.439+0000] {logging_mixin.py:151} INFO - #False
[2024-01-17T21:22:43.439+0000] {logging_mixin.py:151} INFO - #False
[2024-01-17T21:22:43.439+0000] {logging_mixin.py:151} INFO - #False
[2024-01-17T21:22:43.439+0000] {logging_mixin.py:151} INFO - #False
[2024-01-17T21:22:43.439+0000] {logging_mixin.py:151} INFO -  submission : 
[2024-01-17T21:22:44.013+0000] {logging_mixin.py:151} INFO - #False
[2024-01-17T21:22:44.013+0000] {logging_mixin.py:151} INFO - #False
[2024-01-17T21:22:44.013+0000] {logging_mixin.py:151} INFO - #False
[2024-01-17T21:22:44.013+0000] {logging_mixin.py:151} INFO - #False
[2024-01-17T21:22:44.013+0000] {logging_mixin.py:151} INFO - #False
[2024-01-17T21:22:44.013+0000] {logging_mixin.py:151} INFO - #False
[2024-01-17T21:22:44.013+0000] {logging_mixin.py:151} INFO - #False
[2024-01-17T21:22:44.013+0000] {logging_mixin.py:151} INFO - #False
[2024-01-17T21:22:44.014+0000] {logging_mixin.py:151} INFO - #False
[2024-01-17T21:22:44.014+0000] {logging_mixin.py:151} INFO - #False
[2024-01-17T21:22:44.014+0000] {logging_mixin.py:151} INFO - #False
[2024-01-17T21:22:44.014+0000] {logging_mixin.py:151} INFO - #False
[2024-01-17T21:22:44.014+0000] {logging_mixin.py:151} INFO - #False
[2024-01-17T21:22:44.014+0000] {logging_mixin.py:151} INFO - #False
[2024-01-17T21:22:44.014+0000] {logging_mixin.py:151} INFO - #False
[2024-01-17T21:22:44.014+0000] {logging_mixin.py:151} INFO - #False
[2024-01-17T21:22:44.014+0000] {logging_mixin.py:151} INFO - #False
[2024-01-17T21:22:44.014+0000] {logging_mixin.py:151} INFO - #False
[2024-01-17T21:22:44.014+0000] {logging_mixin.py:151} INFO - #False
[2024-01-17T21:22:44.014+0000] {logging_mixin.py:151} INFO - #False
[2024-01-17T21:22:44.014+0000] {logging_mixin.py:151} INFO - #False
[2024-01-17T21:22:44.014+0000] {logging_mixin.py:151} INFO - #False
[2024-01-17T21:22:44.014+0000] {logging_mixin.py:151} INFO - #False
[2024-01-17T21:22:44.014+0000] {logging_mixin.py:151} INFO - #False
[2024-01-17T21:22:44.014+0000] {logging_mixin.py:151} INFO - #False
[2024-01-17T21:22:44.014+0000] {logging_mixin.py:151} INFO - #False
[2024-01-17T21:22:44.014+0000] {logging_mixin.py:151} INFO - #False
[2024-01-17T21:22:44.014+0000] {logging_mixin.py:151} INFO - #False
[2024-01-17T21:22:44.014+0000] {logging_mixin.py:151} INFO - #False
[2024-01-17T21:22:44.015+0000] {logging_mixin.py:151} INFO - #False
[2024-01-17T21:22:44.015+0000] {logging_mixin.py:151} INFO -  submission : 
[2024-01-17T21:22:44.846+0000] {logging_mixin.py:151} INFO - #False
[2024-01-17T21:22:44.846+0000] {logging_mixin.py:151} INFO - #False
[2024-01-17T21:22:44.846+0000] {logging_mixin.py:151} INFO - #False
[2024-01-17T21:22:44.846+0000] {logging_mixin.py:151} INFO - #False
[2024-01-17T21:22:44.846+0000] {logging_mixin.py:151} INFO - #False
[2024-01-17T21:22:44.846+0000] {logging_mixin.py:151} INFO - #False
[2024-01-17T21:22:44.846+0000] {logging_mixin.py:151} INFO - #False
[2024-01-17T21:22:44.846+0000] {logging_mixin.py:151} INFO - #False
[2024-01-17T21:22:44.846+0000] {logging_mixin.py:151} INFO - #False
[2024-01-17T21:22:44.846+0000] {logging_mixin.py:151} INFO - #False
[2024-01-17T21:22:44.846+0000] {logging_mixin.py:151} INFO - #False
[2024-01-17T21:22:44.847+0000] {logging_mixin.py:151} INFO - #False
[2024-01-17T21:22:44.847+0000] {logging_mixin.py:151} INFO - #False
[2024-01-17T21:22:44.847+0000] {logging_mixin.py:151} INFO - #False
[2024-01-17T21:22:44.847+0000] {logging_mixin.py:151} INFO - #False
[2024-01-17T21:22:44.847+0000] {logging_mixin.py:151} INFO - #False
[2024-01-17T21:22:44.847+0000] {logging_mixin.py:151} INFO - #False
[2024-01-17T21:22:44.847+0000] {logging_mixin.py:151} INFO - #False
[2024-01-17T21:22:44.847+0000] {logging_mixin.py:151} INFO - #False
[2024-01-17T21:22:44.847+0000] {logging_mixin.py:151} INFO - #False
[2024-01-17T21:22:44.847+0000] {logging_mixin.py:151} INFO - #False
[2024-01-17T21:22:44.847+0000] {logging_mixin.py:151} INFO - #False
[2024-01-17T21:22:44.847+0000] {logging_mixin.py:151} INFO - #False
[2024-01-17T21:22:44.847+0000] {logging_mixin.py:151} INFO - #False
[2024-01-17T21:22:44.847+0000] {logging_mixin.py:151} INFO - #False
[2024-01-17T21:22:44.847+0000] {logging_mixin.py:151} INFO - #False
[2024-01-17T21:22:44.847+0000] {logging_mixin.py:151} INFO - #False
[2024-01-17T21:22:44.847+0000] {logging_mixin.py:151} INFO - #False
[2024-01-17T21:22:44.847+0000] {logging_mixin.py:151} INFO - #False
[2024-01-17T21:22:44.847+0000] {logging_mixin.py:151} INFO - #False
[2024-01-17T21:22:44.847+0000] {python.py:194} INFO - Done. Returned value was: None
[2024-01-17T21:22:44.855+0000] {taskinstance.py:1400} INFO - Marking task as SUCCESS. dag_id=Stream_Data_5, task_id=Reddit, execution_date=20240117T212134, start_date=20240117T212239, end_date=20240117T212244
[2024-01-17T21:22:44.890+0000] {local_task_job_runner.py:228} INFO - Task exited with return code 0
[2024-01-17T21:22:44.902+0000] {taskinstance.py:2784} INFO - 0 downstream tasks scheduled from follow-on schedule check
