[2024-01-17T22:59:14.120+0000] {taskinstance.py:1159} INFO - Dependencies all met for dep_context=non-requeueable deps ti=<TaskInstance: spark_stream_job.spark_submit_task scheduled__2024-01-17T22:54:11.722624+00:00 [queued]>
[2024-01-17T22:59:14.127+0000] {taskinstance.py:1159} INFO - Dependencies all met for dep_context=requeueable deps ti=<TaskInstance: spark_stream_job.spark_submit_task scheduled__2024-01-17T22:54:11.722624+00:00 [queued]>
[2024-01-17T22:59:14.127+0000] {taskinstance.py:1361} INFO - Starting attempt 1 of 1
[2024-01-17T22:59:14.140+0000] {taskinstance.py:1382} INFO - Executing <Task(SparkSubmitOperator): spark_submit_task> on 2024-01-17 22:54:11.722624+00:00
[2024-01-17T22:59:14.144+0000] {standard_task_runner.py:57} INFO - Started process 8609 to run task
[2024-01-17T22:59:14.147+0000] {standard_task_runner.py:84} INFO - Running: ['***', 'tasks', 'run', 'spark_stream_job', 'spark_submit_task', 'scheduled__2024-01-17T22:54:11.722624+00:00', '--job-id', '1227', '--raw', '--subdir', 'DAGS_FOLDER/spark_streaming_dag.py', '--cfg-path', '/tmp/tmp_6l_4vcv']
[2024-01-17T22:59:14.149+0000] {standard_task_runner.py:85} INFO - Job 1227: Subtask spark_submit_task
[2024-01-17T22:59:14.203+0000] {task_command.py:415} INFO - Running <TaskInstance: spark_stream_job.spark_submit_task scheduled__2024-01-17T22:54:11.722624+00:00 [running]> on host 614a419ad930
[2024-01-17T22:59:14.289+0000] {taskinstance.py:1660} INFO - Exporting env vars: AIRFLOW_CTX_DAG_OWNER='me' AIRFLOW_CTX_DAG_ID='spark_stream_job' AIRFLOW_CTX_TASK_ID='spark_submit_task' AIRFLOW_CTX_EXECUTION_DATE='2024-01-17T22:54:11.722624+00:00' AIRFLOW_CTX_TRY_NUMBER='1' AIRFLOW_CTX_DAG_RUN_ID='scheduled__2024-01-17T22:54:11.722624+00:00'
[2024-01-17T22:59:14.300+0000] {base.py:73} INFO - Using connection ID 'spark_default' for task execution.
[2024-01-17T22:59:14.301+0000] {spark_submit.py:401} INFO - Spark-Submit cmd: spark-submit --master spark://192.168.224.5:7077 --name spark_submit_job --class org.apache.spark.deploy.PythonRunner --verbose --queue root.default --deploy-mode client /opt/***/dags/spark_stream.py
[2024-01-17T22:59:14.435+0000] {spark_submit.py:571} INFO - /home/***/.local/lib/python3.9/site-packages/pyspark/bin/load-spark-env.sh: line 68: ps: command not found
[2024-01-17T22:59:16.091+0000] {spark_submit.py:571} INFO - Using properties file: null
[2024-01-17T22:59:16.223+0000] {spark_submit.py:571} INFO - Parsed arguments:
[2024-01-17T22:59:16.223+0000] {spark_submit.py:571} INFO - master                  spark://192.168.224.5:7077
[2024-01-17T22:59:16.223+0000] {spark_submit.py:571} INFO - remote                  null
[2024-01-17T22:59:16.223+0000] {spark_submit.py:571} INFO - deployMode              client
[2024-01-17T22:59:16.223+0000] {spark_submit.py:571} INFO - executorMemory          null
[2024-01-17T22:59:16.223+0000] {spark_submit.py:571} INFO - executorCores           null
[2024-01-17T22:59:16.224+0000] {spark_submit.py:571} INFO - totalExecutorCores      null
[2024-01-17T22:59:16.224+0000] {spark_submit.py:571} INFO - propertiesFile          null
[2024-01-17T22:59:16.224+0000] {spark_submit.py:571} INFO - driverMemory            null
[2024-01-17T22:59:16.224+0000] {spark_submit.py:571} INFO - driverCores             null
[2024-01-17T22:59:16.224+0000] {spark_submit.py:571} INFO - driverExtraClassPath    null
[2024-01-17T22:59:16.224+0000] {spark_submit.py:571} INFO - driverExtraLibraryPath  null
[2024-01-17T22:59:16.224+0000] {spark_submit.py:571} INFO - driverExtraJavaOptions  null
[2024-01-17T22:59:16.224+0000] {spark_submit.py:571} INFO - supervise               false
[2024-01-17T22:59:16.224+0000] {spark_submit.py:571} INFO - queue                   root.default
[2024-01-17T22:59:16.224+0000] {spark_submit.py:571} INFO - numExecutors            null
[2024-01-17T22:59:16.224+0000] {spark_submit.py:571} INFO - files                   null
[2024-01-17T22:59:16.224+0000] {spark_submit.py:571} INFO - pyFiles                 null
[2024-01-17T22:59:16.224+0000] {spark_submit.py:571} INFO - archives                null
[2024-01-17T22:59:16.224+0000] {spark_submit.py:571} INFO - mainClass               org.apache.spark.deploy.PythonRunner
[2024-01-17T22:59:16.224+0000] {spark_submit.py:571} INFO - primaryResource         file:/opt/***/dags/spark_stream.py
[2024-01-17T22:59:16.225+0000] {spark_submit.py:571} INFO - name                    spark_submit_job
[2024-01-17T22:59:16.225+0000] {spark_submit.py:571} INFO - childArgs               []
[2024-01-17T22:59:16.225+0000] {spark_submit.py:571} INFO - jars                    null
[2024-01-17T22:59:16.225+0000] {spark_submit.py:571} INFO - packages                null
[2024-01-17T22:59:16.225+0000] {spark_submit.py:571} INFO - packagesExclusions      null
[2024-01-17T22:59:16.225+0000] {spark_submit.py:571} INFO - repositories            null
[2024-01-17T22:59:16.225+0000] {spark_submit.py:571} INFO - verbose                 true
[2024-01-17T22:59:16.225+0000] {spark_submit.py:571} INFO - 
[2024-01-17T22:59:16.225+0000] {spark_submit.py:571} INFO - Spark properties used, including those specified through
[2024-01-17T22:59:16.225+0000] {spark_submit.py:571} INFO - --conf and those from the properties file null:
[2024-01-17T22:59:16.225+0000] {spark_submit.py:571} INFO - 
[2024-01-17T22:59:16.225+0000] {spark_submit.py:571} INFO - 
[2024-01-17T22:59:16.225+0000] {spark_submit.py:571} INFO - 
[2024-01-17T22:59:16.504+0000] {spark_submit.py:571} INFO - Main class:
[2024-01-17T22:59:16.504+0000] {spark_submit.py:571} INFO - org.apache.spark.deploy.PythonRunner
[2024-01-17T22:59:16.504+0000] {spark_submit.py:571} INFO - Arguments:
[2024-01-17T22:59:16.504+0000] {spark_submit.py:571} INFO - file:/opt/***/dags/spark_stream.py
[2024-01-17T22:59:16.504+0000] {spark_submit.py:571} INFO - null
[2024-01-17T22:59:16.508+0000] {spark_submit.py:571} INFO - Spark config:
[2024-01-17T22:59:16.509+0000] {spark_submit.py:571} INFO - (spark.app.name,spark_submit_job)
[2024-01-17T22:59:16.509+0000] {spark_submit.py:571} INFO - (spark.app.submitTime,1705532356480)
[2024-01-17T22:59:16.509+0000] {spark_submit.py:571} INFO - (spark.master,spark://192.168.224.5:7077)
[2024-01-17T22:59:16.509+0000] {spark_submit.py:571} INFO - (spark.submit.deployMode,client)
[2024-01-17T22:59:16.509+0000] {spark_submit.py:571} INFO - (spark.submit.pyFiles,)
[2024-01-17T22:59:16.509+0000] {spark_submit.py:571} INFO - Classpath elements:
[2024-01-17T22:59:16.509+0000] {spark_submit.py:571} INFO - 
[2024-01-17T22:59:16.510+0000] {spark_submit.py:571} INFO - 
[2024-01-17T22:59:16.510+0000] {spark_submit.py:571} INFO - 
[2024-01-17T22:59:18.428+0000] {spark_submit.py:571} INFO - None of PyTorch, TensorFlow >= 2.0, or Flax have been found. Models won't be available and only tokenizers, configuration and file/data utilities can be used.
[2024-01-17T22:59:18.719+0000] {spark_submit.py:571} INFO - 24/01/17 22:59:18 INFO SparkContext: Running Spark version 3.5.0
[2024-01-17T22:59:18.722+0000] {spark_submit.py:571} INFO - 24/01/17 22:59:18 INFO SparkContext: OS info Linux, 5.10.16.3-microsoft-standard-WSL2, amd64
[2024-01-17T22:59:18.722+0000] {spark_submit.py:571} INFO - 24/01/17 22:59:18 INFO SparkContext: Java version 11.0.21
[2024-01-17T22:59:18.781+0000] {spark_submit.py:571} INFO - 24/01/17 22:59:18 WARN NativeCodeLoader: Unable to load native-hadoop library for your platform... using builtin-java classes where applicable
[2024-01-17T22:59:18.870+0000] {spark_submit.py:571} INFO - 24/01/17 22:59:18 INFO ResourceUtils: ==============================================================
[2024-01-17T22:59:18.870+0000] {spark_submit.py:571} INFO - 24/01/17 22:59:18 INFO ResourceUtils: No custom resources configured for spark.driver.
[2024-01-17T22:59:18.871+0000] {spark_submit.py:571} INFO - 24/01/17 22:59:18 INFO ResourceUtils: ==============================================================
[2024-01-17T22:59:18.871+0000] {spark_submit.py:571} INFO - 24/01/17 22:59:18 INFO SparkContext: Submitted application: SparkDataStreaming
[2024-01-17T22:59:18.897+0000] {spark_submit.py:571} INFO - 24/01/17 22:59:18 INFO ResourceProfile: Default ResourceProfile created, executor resources: Map(memory -> name: memory, amount: 1024, script: , vendor: , offHeap -> name: offHeap, amount: 0, script: , vendor: ), task resources: Map(cpus -> name: cpus, amount: 1.0)
[2024-01-17T22:59:18.911+0000] {spark_submit.py:571} INFO - 24/01/17 22:59:18 INFO ResourceProfile: Limiting resource is cpu
[2024-01-17T22:59:18.912+0000] {spark_submit.py:571} INFO - 24/01/17 22:59:18 INFO ResourceProfileManager: Added ResourceProfile id: 0
[2024-01-17T22:59:18.973+0000] {spark_submit.py:571} INFO - 24/01/17 22:59:18 INFO SecurityManager: Changing view acls to: ***
[2024-01-17T22:59:18.974+0000] {spark_submit.py:571} INFO - 24/01/17 22:59:18 INFO SecurityManager: Changing modify acls to: ***
[2024-01-17T22:59:18.974+0000] {spark_submit.py:571} INFO - 24/01/17 22:59:18 INFO SecurityManager: Changing view acls groups to:
[2024-01-17T22:59:18.974+0000] {spark_submit.py:571} INFO - 24/01/17 22:59:18 INFO SecurityManager: Changing modify acls groups to:
[2024-01-17T22:59:18.975+0000] {spark_submit.py:571} INFO - 24/01/17 22:59:18 INFO SecurityManager: SecurityManager: authentication disabled; ui acls disabled; users with view permissions: ***; groups with view permissions: EMPTY; users with modify permissions: ***; groups with modify permissions: EMPTY
[2024-01-17T22:59:19.234+0000] {spark_submit.py:571} INFO - 24/01/17 22:59:19 INFO Utils: Successfully started service 'sparkDriver' on port 42049.
[2024-01-17T22:59:19.273+0000] {spark_submit.py:571} INFO - 24/01/17 22:59:19 INFO SparkEnv: Registering MapOutputTracker
[2024-01-17T22:59:19.313+0000] {spark_submit.py:571} INFO - 24/01/17 22:59:19 INFO SparkEnv: Registering BlockManagerMaster
[2024-01-17T22:59:19.335+0000] {spark_submit.py:571} INFO - 24/01/17 22:59:19 INFO BlockManagerMasterEndpoint: Using org.apache.spark.storage.DefaultTopologyMapper for getting topology information
[2024-01-17T22:59:19.336+0000] {spark_submit.py:571} INFO - 24/01/17 22:59:19 INFO BlockManagerMasterEndpoint: BlockManagerMasterEndpoint up
[2024-01-17T22:59:19.341+0000] {spark_submit.py:571} INFO - 24/01/17 22:59:19 INFO SparkEnv: Registering BlockManagerMasterHeartbeat
[2024-01-17T22:59:19.366+0000] {spark_submit.py:571} INFO - 24/01/17 22:59:19 INFO DiskBlockManager: Created local directory at /tmp/blockmgr-78adf2dd-89d5-4051-a203-a7aae5c273fd
[2024-01-17T22:59:19.385+0000] {spark_submit.py:571} INFO - 24/01/17 22:59:19 INFO MemoryStore: MemoryStore started with capacity 434.4 MiB
[2024-01-17T22:59:19.405+0000] {spark_submit.py:571} INFO - 24/01/17 22:59:19 INFO SparkEnv: Registering OutputCommitCoordinator
[2024-01-17T22:59:19.607+0000] {spark_submit.py:571} INFO - 24/01/17 22:59:19 INFO JettyUtils: Start Jetty 0.0.0.0:4040 for SparkUI
[2024-01-17T22:59:19.686+0000] {spark_submit.py:571} INFO - 24/01/17 22:59:19 INFO Utils: Successfully started service 'SparkUI' on port 4040.
[2024-01-17T22:59:19.823+0000] {spark_submit.py:571} INFO - 24/01/17 22:59:19 INFO StandaloneAppClient$ClientEndpoint: Connecting to master spark://192.168.224.5:7077...
[2024-01-17T22:59:19.876+0000] {spark_submit.py:571} INFO - 24/01/17 22:59:19 INFO TransportClientFactory: Successfully created connection to /192.168.224.5:7077 after 31 ms (0 ms spent in bootstraps)
[2024-01-17T22:59:19.985+0000] {spark_submit.py:571} INFO - 24/01/17 22:59:19 INFO StandaloneSchedulerBackend: Connected to Spark cluster with app ID app-20240117225919-0024
[2024-01-17T22:59:19.989+0000] {spark_submit.py:571} INFO - 24/01/17 22:59:19 INFO StandaloneAppClient$ClientEndpoint: Executor added: app-20240117225919-0024/0 on worker-20240117205355-192.168.224.7-37113 (192.168.224.7:37113) with 2 core(s)
[2024-01-17T22:59:19.991+0000] {spark_submit.py:571} INFO - 24/01/17 22:59:19 INFO StandaloneSchedulerBackend: Granted executor ID app-20240117225919-0024/0 on hostPort 192.168.224.7:37113 with 2 core(s), 1024.0 MiB RAM
[2024-01-17T22:59:20.000+0000] {spark_submit.py:571} INFO - 24/01/17 22:59:19 INFO Utils: Successfully started service 'org.apache.spark.network.netty.NettyBlockTransferService' on port 38163.
[2024-01-17T22:59:20.000+0000] {spark_submit.py:571} INFO - 24/01/17 22:59:20 INFO NettyBlockTransferService: Server created on 614a419ad930:38163
[2024-01-17T22:59:20.002+0000] {spark_submit.py:571} INFO - 24/01/17 22:59:20 INFO BlockManager: Using org.apache.spark.storage.RandomBlockReplicationPolicy for block replication policy
[2024-01-17T22:59:20.012+0000] {spark_submit.py:571} INFO - 24/01/17 22:59:20 INFO BlockManagerMaster: Registering BlockManager BlockManagerId(driver, 614a419ad930, 38163, None)
[2024-01-17T22:59:20.017+0000] {spark_submit.py:571} INFO - 24/01/17 22:59:20 INFO BlockManagerMasterEndpoint: Registering block manager 614a419ad930:38163 with 434.4 MiB RAM, BlockManagerId(driver, 614a419ad930, 38163, None)
[2024-01-17T22:59:20.021+0000] {spark_submit.py:571} INFO - 24/01/17 22:59:20 INFO BlockManagerMaster: Registered BlockManager BlockManagerId(driver, 614a419ad930, 38163, None)
[2024-01-17T22:59:20.022+0000] {spark_submit.py:571} INFO - 24/01/17 22:59:20 INFO BlockManager: Initialized BlockManager: BlockManagerId(driver, 614a419ad930, 38163, None)
[2024-01-17T22:59:20.058+0000] {spark_submit.py:571} INFO - 24/01/17 22:59:20 INFO StandaloneAppClient$ClientEndpoint: Executor updated: app-20240117225919-0024/0 is now RUNNING
[2024-01-17T22:59:20.283+0000] {spark_submit.py:571} INFO - 24/01/17 22:59:20 INFO StandaloneSchedulerBackend: SchedulerBackend is ready for scheduling beginning after reached minRegisteredResourcesRatio: 0.0
[2024-01-17T22:59:22.274+0000] {spark_submit.py:571} INFO - WARNING:root:kafka dataframe could not be created because: Failed to find data source: kafka. Please deploy the application as per the deployment section of Structured Streaming + Kafka Integration Guide.
[2024-01-17T22:59:22.281+0000] {spark_submit.py:571} INFO - ERROR:root:An error occurred in the Spark Streaming job: Failed to find data source: kafka. Please deploy the application as per the deployment section of Structured Streaming + Kafka Integration Guide.
[2024-01-17T22:59:22.818+0000] {spark_submit.py:571} INFO - Traceback (most recent call last):
[2024-01-17T22:59:22.818+0000] {spark_submit.py:571} INFO - File "/opt/***/dags/spark_stream.py", line 337, in <module>
[2024-01-17T22:59:22.818+0000] {spark_submit.py:571} INFO - main()
[2024-01-17T22:59:22.818+0000] {spark_submit.py:571} INFO - File "/opt/***/dags/spark_stream.py", line 334, in main
[2024-01-17T22:59:22.818+0000] {spark_submit.py:571} INFO - cassandra_session.shutdown()
[2024-01-17T22:59:22.818+0000] {spark_submit.py:571} INFO - UnboundLocalError: local variable 'cassandra_session' referenced before assignment
[2024-01-17T22:59:23.089+0000] {taskinstance.py:1943} ERROR - Task failed with exception
Traceback (most recent call last):
  File "/home/airflow/.local/lib/python3.9/site-packages/airflow/providers/apache/spark/operators/spark_submit.py", line 174, in execute
    self._hook.submit(self._application)
  File "/home/airflow/.local/lib/python3.9/site-packages/airflow/providers/apache/spark/hooks/spark_submit.py", line 502, in submit
    raise AirflowException(
airflow.exceptions.AirflowException: Cannot execute: spark-submit --master spark://192.168.224.5:7077 --name spark_submit_job --class org.apache.spark.deploy.PythonRunner --verbose --queue root.default --deploy-mode client /opt/***/dags/spark_stream.py. Error code is: 1.
[2024-01-17T22:59:23.092+0000] {taskinstance.py:1400} INFO - Marking task as FAILED. dag_id=spark_stream_job, task_id=spark_submit_task, execution_date=20240117T225411, start_date=20240117T225914, end_date=20240117T225923
[2024-01-17T22:59:23.105+0000] {standard_task_runner.py:104} ERROR - Failed to execute job 1227 for task spark_submit_task (Cannot execute: spark-submit --master spark://192.168.224.5:7077 --name spark_submit_job --class org.apache.spark.deploy.PythonRunner --verbose --queue root.default --deploy-mode client /opt/***/dags/spark_stream.py. Error code is: 1.; 8609)
[2024-01-17T22:59:23.138+0000] {local_task_job_runner.py:228} INFO - Task exited with return code 1
[2024-01-17T22:59:23.158+0000] {taskinstance.py:2784} INFO - 0 downstream tasks scheduled from follow-on schedule check
