[2024-01-20T23:03:25.589+0000] {taskinstance.py:1159} INFO - Dependencies all met for dep_context=non-requeueable deps ti=<TaskInstance: Kafka_Producer_2.Reddit scheduled__2024-01-20T23:01:21.090358+00:00 [queued]>
[2024-01-20T23:03:25.594+0000] {taskinstance.py:1159} INFO - Dependencies all met for dep_context=requeueable deps ti=<TaskInstance: Kafka_Producer_2.Reddit scheduled__2024-01-20T23:01:21.090358+00:00 [queued]>
[2024-01-20T23:03:25.595+0000] {taskinstance.py:1361} INFO - Starting attempt 1 of 1
[2024-01-20T23:03:25.605+0000] {taskinstance.py:1382} INFO - Executing <Task(PythonOperator): Reddit> on 2024-01-20 23:01:21.090358+00:00
[2024-01-20T23:03:25.607+0000] {standard_task_runner.py:57} INFO - Started process 927 to run task
[2024-01-20T23:03:25.609+0000] {standard_task_runner.py:84} INFO - Running: ['***', 'tasks', 'run', 'Kafka_Producer_2', 'Reddit', 'scheduled__2024-01-20T23:01:21.090358+00:00', '--job-id', '1370', '--raw', '--subdir', 'DAGS_FOLDER/kafka_stream_2.py', '--cfg-path', '/tmp/tmphm4r4mqk']
[2024-01-20T23:03:25.611+0000] {standard_task_runner.py:85} INFO - Job 1370: Subtask Reddit
[2024-01-20T23:03:25.652+0000] {task_command.py:415} INFO - Running <TaskInstance: Kafka_Producer_2.Reddit scheduled__2024-01-20T23:01:21.090358+00:00 [running]> on host 45c5bfab8aa1
[2024-01-20T23:03:25.719+0000] {taskinstance.py:1660} INFO - Exporting env vars: AIRFLOW_CTX_DAG_OWNER='me' AIRFLOW_CTX_DAG_ID='Kafka_Producer_2' AIRFLOW_CTX_TASK_ID='Reddit' AIRFLOW_CTX_EXECUTION_DATE='2024-01-20T23:01:21.090358+00:00' AIRFLOW_CTX_TRY_NUMBER='1' AIRFLOW_CTX_DAG_RUN_ID='scheduled__2024-01-20T23:01:21.090358+00:00'
[2024-01-20T23:03:25.747+0000] {logging_mixin.py:151} INFO -  submission : 
[2024-01-20T23:03:26.703+0000] {logging_mixin.py:151} INFO - #False
[2024-01-20T23:03:26.703+0000] {logging_mixin.py:151} INFO - #False
[2024-01-20T23:03:26.704+0000] {logging_mixin.py:151} INFO - #False
[2024-01-20T23:03:26.704+0000] {logging_mixin.py:151} INFO - #False
[2024-01-20T23:03:26.704+0000] {logging_mixin.py:151} INFO - #False
[2024-01-20T23:03:26.704+0000] {logging_mixin.py:151} INFO - #False
[2024-01-20T23:03:26.705+0000] {logging_mixin.py:151} INFO - #False
[2024-01-20T23:03:26.705+0000] {logging_mixin.py:151} INFO - #False
[2024-01-20T23:03:26.705+0000] {logging_mixin.py:151} INFO - #False
[2024-01-20T23:03:26.705+0000] {logging_mixin.py:151} INFO - #False
[2024-01-20T23:03:26.705+0000] {logging_mixin.py:151} INFO - #False
[2024-01-20T23:03:26.706+0000] {logging_mixin.py:151} INFO - #False
[2024-01-20T23:03:26.706+0000] {logging_mixin.py:151} INFO - #False
[2024-01-20T23:03:26.706+0000] {logging_mixin.py:151} INFO - #False
[2024-01-20T23:03:26.706+0000] {logging_mixin.py:151} INFO - #False
[2024-01-20T23:03:26.706+0000] {logging_mixin.py:151} INFO - #False
[2024-01-20T23:03:26.707+0000] {logging_mixin.py:151} INFO - #False
[2024-01-20T23:03:26.707+0000] {logging_mixin.py:151} INFO - #False
[2024-01-20T23:03:26.707+0000] {logging_mixin.py:151} INFO - #False
[2024-01-20T23:03:26.707+0000] {logging_mixin.py:151} INFO - #False
[2024-01-20T23:03:26.707+0000] {logging_mixin.py:151} INFO - #False
[2024-01-20T23:03:26.707+0000] {logging_mixin.py:151} INFO - #False
[2024-01-20T23:03:26.708+0000] {logging_mixin.py:151} INFO - #False
[2024-01-20T23:03:26.708+0000] {logging_mixin.py:151} INFO - #False
[2024-01-20T23:03:26.708+0000] {logging_mixin.py:151} INFO - #False
[2024-01-20T23:03:26.708+0000] {logging_mixin.py:151} INFO - #False
[2024-01-20T23:03:26.708+0000] {logging_mixin.py:151} INFO - #False
[2024-01-20T23:03:26.709+0000] {logging_mixin.py:151} INFO - #False
[2024-01-20T23:03:26.709+0000] {logging_mixin.py:151} INFO - #False
[2024-01-20T23:03:26.709+0000] {logging_mixin.py:151} INFO - #False
[2024-01-20T23:03:26.709+0000] {logging_mixin.py:151} INFO -  submission : 
[2024-01-20T23:03:27.440+0000] {logging_mixin.py:151} INFO - #False
[2024-01-20T23:03:27.441+0000] {logging_mixin.py:151} INFO - #False
[2024-01-20T23:03:27.442+0000] {logging_mixin.py:151} INFO - #False
[2024-01-20T23:03:27.442+0000] {logging_mixin.py:151} INFO - #False
[2024-01-20T23:03:27.443+0000] {logging_mixin.py:151} INFO - #False
[2024-01-20T23:03:27.443+0000] {logging_mixin.py:151} INFO - #False
[2024-01-20T23:03:27.444+0000] {logging_mixin.py:151} INFO - #False
[2024-01-20T23:03:27.445+0000] {logging_mixin.py:151} INFO - #False
[2024-01-20T23:03:27.445+0000] {logging_mixin.py:151} INFO - #False
[2024-01-20T23:03:27.446+0000] {logging_mixin.py:151} INFO - #False
[2024-01-20T23:03:27.446+0000] {logging_mixin.py:151} INFO - #False
[2024-01-20T23:03:27.447+0000] {logging_mixin.py:151} INFO - #False
[2024-01-20T23:03:27.448+0000] {logging_mixin.py:151} INFO - #False
[2024-01-20T23:03:27.448+0000] {logging_mixin.py:151} INFO - #False
[2024-01-20T23:03:27.449+0000] {logging_mixin.py:151} INFO - #False
[2024-01-20T23:03:27.449+0000] {logging_mixin.py:151} INFO - #False
[2024-01-20T23:03:27.450+0000] {logging_mixin.py:151} INFO - #False
[2024-01-20T23:03:27.450+0000] {logging_mixin.py:151} INFO - #False
[2024-01-20T23:03:27.451+0000] {logging_mixin.py:151} INFO - #False
[2024-01-20T23:03:27.451+0000] {logging_mixin.py:151} INFO - #False
[2024-01-20T23:03:27.452+0000] {logging_mixin.py:151} INFO - #False
[2024-01-20T23:03:27.452+0000] {logging_mixin.py:151} INFO - #False
[2024-01-20T23:03:27.452+0000] {logging_mixin.py:151} INFO - #False
[2024-01-20T23:03:27.453+0000] {logging_mixin.py:151} INFO - #False
[2024-01-20T23:03:27.453+0000] {logging_mixin.py:151} INFO - #False
[2024-01-20T23:03:27.453+0000] {logging_mixin.py:151} INFO - #False
[2024-01-20T23:03:27.453+0000] {logging_mixin.py:151} INFO - #False
[2024-01-20T23:03:27.454+0000] {logging_mixin.py:151} INFO - #False
[2024-01-20T23:03:27.454+0000] {logging_mixin.py:151} INFO - #False
[2024-01-20T23:03:27.454+0000] {logging_mixin.py:151} INFO - #False
[2024-01-20T23:03:27.454+0000] {logging_mixin.py:151} INFO -  submission : 
[2024-01-20T23:03:28.136+0000] {logging_mixin.py:151} INFO - @True
[2024-01-20T23:03:28.137+0000] {conn.py:380} INFO - <BrokerConnection node_id=bootstrap-0 host=broker:29092 <connecting> [IPv4 ('172.19.0.8', 29092)]>: connecting to broker:29092 [('172.19.0.8', 29092) IPv4]
[2024-01-20T23:03:28.138+0000] {conn.py:1205} INFO - Probing node bootstrap-0 broker version
[2024-01-20T23:03:28.139+0000] {conn.py:410} INFO - <BrokerConnection node_id=bootstrap-0 host=broker:29092 <connecting> [IPv4 ('172.19.0.8', 29092)]>: Connection complete.
[2024-01-20T23:03:28.242+0000] {conn.py:1267} INFO - Broker version identified as 2.5.0
[2024-01-20T23:03:28.243+0000] {conn.py:1268} INFO - Set configuration api_version=(2, 5, 0) to skip auto check_version requests on startup
[2024-01-20T23:03:28.248+0000] {logging_mixin.py:151} INFO - @True
[2024-01-20T23:03:28.249+0000] {conn.py:380} INFO - <BrokerConnection node_id=1 host=broker:29092 <connecting> [IPv4 ('172.19.0.8', 29092)]>: connecting to broker:29092 [('172.19.0.8', 29092) IPv4]
[2024-01-20T23:03:28.250+0000] {conn.py:380} INFO - <BrokerConnection node_id=bootstrap-0 host=broker:29092 <connecting> [IPv4 ('172.19.0.8', 29092)]>: connecting to broker:29092 [('172.19.0.8', 29092) IPv4]
[2024-01-20T23:03:28.250+0000] {conn.py:410} INFO - <BrokerConnection node_id=1 host=broker:29092 <connecting> [IPv4 ('172.19.0.8', 29092)]>: Connection complete.
[2024-01-20T23:03:28.250+0000] {conn.py:919} INFO - <BrokerConnection node_id=bootstrap-0 host=broker:29092 <connected> [IPv4 ('172.19.0.8', 29092)]>: Closing connection. 
[2024-01-20T23:03:28.251+0000] {conn.py:1205} INFO - Probing node bootstrap-0 broker version
[2024-01-20T23:03:28.252+0000] {conn.py:410} INFO - <BrokerConnection node_id=bootstrap-0 host=broker:29092 <connecting> [IPv4 ('172.19.0.8', 29092)]>: Connection complete.
[2024-01-20T23:03:28.356+0000] {conn.py:1267} INFO - Broker version identified as 2.5.0
[2024-01-20T23:03:28.356+0000] {conn.py:1268} INFO - Set configuration api_version=(2, 5, 0) to skip auto check_version requests on startup
[2024-01-20T23:03:28.358+0000] {conn.py:919} INFO - <BrokerConnection node_id=1 host=broker:29092 <connected> [IPv4 ('172.19.0.8', 29092)]>: Closing connection. 
[2024-01-20T23:03:28.361+0000] {logging_mixin.py:151} INFO - #False
[2024-01-20T23:03:28.362+0000] {logging_mixin.py:151} INFO - #False
[2024-01-20T23:03:28.362+0000] {conn.py:380} INFO - <BrokerConnection node_id=1 host=broker:29092 <connecting> [IPv4 ('172.19.0.8', 29092)]>: connecting to broker:29092 [('172.19.0.8', 29092) IPv4]
[2024-01-20T23:03:28.362+0000] {logging_mixin.py:151} INFO - #False
[2024-01-20T23:03:28.363+0000] {logging_mixin.py:151} INFO - #False
[2024-01-20T23:03:28.363+0000] {logging_mixin.py:151} INFO - #False
[2024-01-20T23:03:28.363+0000] {conn.py:410} INFO - <BrokerConnection node_id=1 host=broker:29092 <connecting> [IPv4 ('172.19.0.8', 29092)]>: Connection complete.
[2024-01-20T23:03:28.364+0000] {logging_mixin.py:151} INFO - #False
[2024-01-20T23:03:28.364+0000] {conn.py:919} INFO - <BrokerConnection node_id=bootstrap-0 host=broker:29092 <connected> [IPv4 ('172.19.0.8', 29092)]>: Closing connection. 
[2024-01-20T23:03:28.364+0000] {logging_mixin.py:151} INFO - #False
[2024-01-20T23:03:28.366+0000] {logging_mixin.py:151} INFO - #False
[2024-01-20T23:03:28.366+0000] {logging_mixin.py:151} INFO - #False
[2024-01-20T23:03:28.366+0000] {logging_mixin.py:151} INFO - #False
[2024-01-20T23:03:28.367+0000] {logging_mixin.py:151} INFO - #False
[2024-01-20T23:03:28.368+0000] {logging_mixin.py:151} INFO - #False
[2024-01-20T23:03:28.368+0000] {logging_mixin.py:151} INFO - #False
[2024-01-20T23:03:28.368+0000] {logging_mixin.py:151} INFO - #False
[2024-01-20T23:03:28.368+0000] {logging_mixin.py:151} INFO - #False
[2024-01-20T23:03:28.368+0000] {logging_mixin.py:151} INFO - #False
[2024-01-20T23:03:28.369+0000] {logging_mixin.py:151} INFO - #False
[2024-01-20T23:03:28.369+0000] {logging_mixin.py:151} INFO - #False
[2024-01-20T23:03:28.369+0000] {logging_mixin.py:151} INFO - #False
[2024-01-20T23:03:28.369+0000] {logging_mixin.py:151} INFO - #False
[2024-01-20T23:03:28.369+0000] {logging_mixin.py:151} INFO - #False
[2024-01-20T23:03:28.370+0000] {logging_mixin.py:151} INFO - #False
[2024-01-20T23:03:28.370+0000] {logging_mixin.py:151} INFO - #False
[2024-01-20T23:03:28.370+0000] {logging_mixin.py:151} INFO - #False
[2024-01-20T23:03:28.370+0000] {logging_mixin.py:151} INFO - #False
[2024-01-20T23:03:28.370+0000] {logging_mixin.py:151} INFO - #False
[2024-01-20T23:03:28.371+0000] {logging_mixin.py:151} INFO - #False
[2024-01-20T23:03:28.371+0000] {logging_mixin.py:151} INFO - #False
[2024-01-20T23:03:28.371+0000] {logging_mixin.py:151} INFO -  submission : 
[2024-01-20T23:03:28.792+0000] {logging_mixin.py:151} INFO - #False
[2024-01-20T23:03:28.793+0000] {logging_mixin.py:151} INFO - #False
[2024-01-20T23:03:28.794+0000] {logging_mixin.py:151} INFO - #False
[2024-01-20T23:03:28.795+0000] {logging_mixin.py:151} INFO - #False
[2024-01-20T23:03:28.795+0000] {logging_mixin.py:151} INFO - #False
[2024-01-20T23:03:28.796+0000] {logging_mixin.py:151} INFO - #False
[2024-01-20T23:03:28.796+0000] {logging_mixin.py:151} INFO - #False
[2024-01-20T23:03:28.797+0000] {logging_mixin.py:151} INFO - #False
[2024-01-20T23:03:28.799+0000] {logging_mixin.py:151} INFO - #False
[2024-01-20T23:03:28.799+0000] {logging_mixin.py:151} INFO - #False
[2024-01-20T23:03:28.799+0000] {logging_mixin.py:151} INFO - #False
[2024-01-20T23:03:28.800+0000] {logging_mixin.py:151} INFO - #False
[2024-01-20T23:03:28.800+0000] {logging_mixin.py:151} INFO - #False
[2024-01-20T23:03:28.801+0000] {logging_mixin.py:151} INFO - #False
[2024-01-20T23:03:28.801+0000] {logging_mixin.py:151} INFO - #False
[2024-01-20T23:03:28.801+0000] {logging_mixin.py:151} INFO - #False
[2024-01-20T23:03:28.802+0000] {logging_mixin.py:151} INFO - #False
[2024-01-20T23:03:28.802+0000] {logging_mixin.py:151} INFO - #False
[2024-01-20T23:03:28.802+0000] {logging_mixin.py:151} INFO - #False
[2024-01-20T23:03:28.802+0000] {logging_mixin.py:151} INFO - #False
[2024-01-20T23:03:28.803+0000] {logging_mixin.py:151} INFO - #False
[2024-01-20T23:03:28.803+0000] {logging_mixin.py:151} INFO - #False
[2024-01-20T23:03:28.803+0000] {logging_mixin.py:151} INFO - #False
[2024-01-20T23:03:28.803+0000] {logging_mixin.py:151} INFO - #False
[2024-01-20T23:03:28.804+0000] {logging_mixin.py:151} INFO - #False
[2024-01-20T23:03:28.804+0000] {logging_mixin.py:151} INFO - #False
[2024-01-20T23:03:28.804+0000] {logging_mixin.py:151} INFO - #False
[2024-01-20T23:03:28.804+0000] {logging_mixin.py:151} INFO - #False
[2024-01-20T23:03:28.805+0000] {logging_mixin.py:151} INFO - #False
[2024-01-20T23:03:28.806+0000] {logging_mixin.py:151} INFO - #False
[2024-01-20T23:03:28.806+0000] {logging_mixin.py:151} INFO -  submission : 
[2024-01-20T23:03:29.517+0000] {logging_mixin.py:151} INFO - #False
[2024-01-20T23:03:29.518+0000] {logging_mixin.py:151} INFO - #False
[2024-01-20T23:03:29.518+0000] {logging_mixin.py:151} INFO - #False
[2024-01-20T23:03:29.518+0000] {logging_mixin.py:151} INFO - #False
[2024-01-20T23:03:29.519+0000] {logging_mixin.py:151} INFO - #False
[2024-01-20T23:03:29.519+0000] {logging_mixin.py:151} INFO - #False
[2024-01-20T23:03:29.519+0000] {logging_mixin.py:151} INFO - #False
[2024-01-20T23:03:29.519+0000] {logging_mixin.py:151} INFO - #False
[2024-01-20T23:03:29.520+0000] {logging_mixin.py:151} INFO - #False
[2024-01-20T23:03:29.520+0000] {logging_mixin.py:151} INFO - #False
[2024-01-20T23:03:29.520+0000] {logging_mixin.py:151} INFO - #False
[2024-01-20T23:03:29.521+0000] {logging_mixin.py:151} INFO - #False
[2024-01-20T23:03:29.521+0000] {logging_mixin.py:151} INFO - #False
[2024-01-20T23:03:29.521+0000] {logging_mixin.py:151} INFO - #False
[2024-01-20T23:03:29.521+0000] {logging_mixin.py:151} INFO - #False
[2024-01-20T23:03:29.522+0000] {logging_mixin.py:151} INFO - #False
[2024-01-20T23:03:29.522+0000] {logging_mixin.py:151} INFO - #False
[2024-01-20T23:03:29.522+0000] {logging_mixin.py:151} INFO - #False
[2024-01-20T23:03:29.522+0000] {logging_mixin.py:151} INFO - #False
[2024-01-20T23:03:29.522+0000] {logging_mixin.py:151} INFO - #False
[2024-01-20T23:03:29.522+0000] {logging_mixin.py:151} INFO - #False
[2024-01-20T23:03:29.523+0000] {logging_mixin.py:151} INFO - #False
[2024-01-20T23:03:29.523+0000] {logging_mixin.py:151} INFO - #False
[2024-01-20T23:03:29.523+0000] {logging_mixin.py:151} INFO - #False
[2024-01-20T23:03:29.523+0000] {logging_mixin.py:151} INFO - #False
[2024-01-20T23:03:29.523+0000] {logging_mixin.py:151} INFO - #False
[2024-01-20T23:03:29.523+0000] {logging_mixin.py:151} INFO - #False
[2024-01-20T23:03:29.524+0000] {logging_mixin.py:151} INFO - #False
[2024-01-20T23:03:29.524+0000] {logging_mixin.py:151} INFO - #False
[2024-01-20T23:03:29.524+0000] {logging_mixin.py:151} INFO - #False
[2024-01-20T23:03:29.524+0000] {logging_mixin.py:151} INFO -  submission : 
[2024-01-20T23:03:30.136+0000] {logging_mixin.py:151} INFO - #False
[2024-01-20T23:03:30.137+0000] {logging_mixin.py:151} INFO - #False
[2024-01-20T23:03:30.139+0000] {logging_mixin.py:151} INFO - #False
[2024-01-20T23:03:30.140+0000] {logging_mixin.py:151} INFO - #False
[2024-01-20T23:03:30.140+0000] {logging_mixin.py:151} INFO - #False
[2024-01-20T23:03:30.141+0000] {logging_mixin.py:151} INFO - #False
[2024-01-20T23:03:30.142+0000] {logging_mixin.py:151} INFO - #False
[2024-01-20T23:03:30.143+0000] {logging_mixin.py:151} INFO - #False
[2024-01-20T23:03:30.143+0000] {logging_mixin.py:151} INFO - #False
[2024-01-20T23:03:30.144+0000] {logging_mixin.py:151} INFO - #False
[2024-01-20T23:03:30.145+0000] {logging_mixin.py:151} INFO - #False
[2024-01-20T23:03:30.145+0000] {logging_mixin.py:151} INFO - #False
[2024-01-20T23:03:30.146+0000] {logging_mixin.py:151} INFO - #False
[2024-01-20T23:03:30.147+0000] {logging_mixin.py:151} INFO - #False
[2024-01-20T23:03:30.147+0000] {logging_mixin.py:151} INFO - #False
[2024-01-20T23:03:30.148+0000] {logging_mixin.py:151} INFO - #False
[2024-01-20T23:03:30.148+0000] {logging_mixin.py:151} INFO - #False
[2024-01-20T23:03:30.149+0000] {logging_mixin.py:151} INFO - #False
[2024-01-20T23:03:30.149+0000] {logging_mixin.py:151} INFO - #False
[2024-01-20T23:03:30.149+0000] {logging_mixin.py:151} INFO - #False
[2024-01-20T23:03:30.150+0000] {logging_mixin.py:151} INFO - #False
[2024-01-20T23:03:30.151+0000] {logging_mixin.py:151} INFO - #False
[2024-01-20T23:03:30.151+0000] {logging_mixin.py:151} INFO - #False
[2024-01-20T23:03:30.152+0000] {logging_mixin.py:151} INFO - #False
[2024-01-20T23:03:30.152+0000] {logging_mixin.py:151} INFO - #False
[2024-01-20T23:03:30.152+0000] {logging_mixin.py:151} INFO - #False
[2024-01-20T23:03:30.153+0000] {logging_mixin.py:151} INFO - #False
[2024-01-20T23:03:30.153+0000] {logging_mixin.py:151} INFO - #False
[2024-01-20T23:03:30.153+0000] {logging_mixin.py:151} INFO - #False
[2024-01-20T23:03:30.154+0000] {logging_mixin.py:151} INFO - #False
[2024-01-20T23:03:30.154+0000] {logging_mixin.py:151} INFO -  submission : 
[2024-01-20T23:03:30.828+0000] {logging_mixin.py:151} INFO - @True
[2024-01-20T23:03:30.830+0000] {conn.py:380} INFO - <BrokerConnection node_id=bootstrap-0 host=broker:29092 <connecting> [IPv4 ('172.19.0.8', 29092)]>: connecting to broker:29092 [('172.19.0.8', 29092) IPv4]
[2024-01-20T23:03:30.831+0000] {conn.py:1205} INFO - Probing node bootstrap-0 broker version
[2024-01-20T23:03:30.832+0000] {conn.py:410} INFO - <BrokerConnection node_id=bootstrap-0 host=broker:29092 <connecting> [IPv4 ('172.19.0.8', 29092)]>: Connection complete.
[2024-01-20T23:03:30.934+0000] {conn.py:1267} INFO - Broker version identified as 2.5.0
[2024-01-20T23:03:30.945+0000] {conn.py:1268} INFO - Set configuration api_version=(2, 5, 0) to skip auto check_version requests on startup
[2024-01-20T23:03:30.947+0000] {conn.py:919} INFO - <BrokerConnection node_id=1 host=broker:29092 <connected> [IPv4 ('172.19.0.8', 29092)]>: Closing connection. 
[2024-01-20T23:03:30.950+0000] {logging_mixin.py:151} INFO - #False
[2024-01-20T23:03:30.951+0000] {logging_mixin.py:151} INFO - #False
[2024-01-20T23:03:30.951+0000] {logging_mixin.py:151} INFO - #False
[2024-01-20T23:03:30.951+0000] {conn.py:380} INFO - <BrokerConnection node_id=1 host=broker:29092 <connecting> [IPv4 ('172.19.0.8', 29092)]>: connecting to broker:29092 [('172.19.0.8', 29092) IPv4]
[2024-01-20T23:03:30.952+0000] {logging_mixin.py:151} INFO - #False
[2024-01-20T23:03:30.953+0000] {conn.py:410} INFO - <BrokerConnection node_id=1 host=broker:29092 <connecting> [IPv4 ('172.19.0.8', 29092)]>: Connection complete.
[2024-01-20T23:03:30.954+0000] {logging_mixin.py:151} INFO - #False
[2024-01-20T23:03:30.955+0000] {conn.py:919} INFO - <BrokerConnection node_id=bootstrap-0 host=broker:29092 <connected> [IPv4 ('172.19.0.8', 29092)]>: Closing connection. 
[2024-01-20T23:03:30.958+0000] {logging_mixin.py:151} INFO - #False
[2024-01-20T23:03:30.961+0000] {logging_mixin.py:151} INFO - #False
[2024-01-20T23:03:30.962+0000] {logging_mixin.py:151} INFO - #False
[2024-01-20T23:03:30.962+0000] {logging_mixin.py:151} INFO - #False
[2024-01-20T23:03:30.963+0000] {logging_mixin.py:151} INFO - #False
[2024-01-20T23:03:30.963+0000] {logging_mixin.py:151} INFO - #False
[2024-01-20T23:03:30.964+0000] {logging_mixin.py:151} INFO - #False
[2024-01-20T23:03:30.964+0000] {logging_mixin.py:151} INFO - #False
[2024-01-20T23:03:30.964+0000] {logging_mixin.py:151} INFO - #False
[2024-01-20T23:03:30.965+0000] {logging_mixin.py:151} INFO - #False
[2024-01-20T23:03:30.965+0000] {logging_mixin.py:151} INFO - #False
[2024-01-20T23:03:30.966+0000] {logging_mixin.py:151} INFO - #False
[2024-01-20T23:03:30.966+0000] {logging_mixin.py:151} INFO - #False
[2024-01-20T23:03:30.967+0000] {logging_mixin.py:151} INFO - #False
[2024-01-20T23:03:30.969+0000] {logging_mixin.py:151} INFO - #False
[2024-01-20T23:03:30.970+0000] {logging_mixin.py:151} INFO - #False
[2024-01-20T23:03:30.970+0000] {logging_mixin.py:151} INFO - #False
[2024-01-20T23:03:30.970+0000] {logging_mixin.py:151} INFO - #False
[2024-01-20T23:03:30.971+0000] {logging_mixin.py:151} INFO - #False
[2024-01-20T23:03:30.971+0000] {logging_mixin.py:151} INFO - #False
[2024-01-20T23:03:30.972+0000] {logging_mixin.py:151} INFO - #False
[2024-01-20T23:03:30.972+0000] {logging_mixin.py:151} INFO - #False
[2024-01-20T23:03:30.972+0000] {logging_mixin.py:151} INFO - #False
[2024-01-20T23:03:30.973+0000] {logging_mixin.py:151} INFO - #False
[2024-01-20T23:03:30.973+0000] {logging_mixin.py:151} INFO -  submission : 
[2024-01-20T23:03:31.659+0000] {logging_mixin.py:151} INFO - #False
[2024-01-20T23:03:31.660+0000] {logging_mixin.py:151} INFO - #False
[2024-01-20T23:03:31.661+0000] {logging_mixin.py:151} INFO - #False
[2024-01-20T23:03:31.661+0000] {logging_mixin.py:151} INFO - #False
[2024-01-20T23:03:31.662+0000] {logging_mixin.py:151} INFO - #False
[2024-01-20T23:03:31.662+0000] {logging_mixin.py:151} INFO - #False
[2024-01-20T23:03:31.663+0000] {logging_mixin.py:151} INFO - #False
[2024-01-20T23:03:31.663+0000] {logging_mixin.py:151} INFO - #False
[2024-01-20T23:03:31.664+0000] {logging_mixin.py:151} INFO - #False
[2024-01-20T23:03:31.664+0000] {logging_mixin.py:151} INFO - #False
[2024-01-20T23:03:31.665+0000] {logging_mixin.py:151} INFO - #False
[2024-01-20T23:03:31.665+0000] {logging_mixin.py:151} INFO - #False
[2024-01-20T23:03:31.666+0000] {logging_mixin.py:151} INFO - #False
[2024-01-20T23:03:31.666+0000] {logging_mixin.py:151} INFO - #False
[2024-01-20T23:03:31.666+0000] {logging_mixin.py:151} INFO - #False
[2024-01-20T23:03:31.667+0000] {logging_mixin.py:151} INFO - #False
[2024-01-20T23:03:31.667+0000] {logging_mixin.py:151} INFO - #False
[2024-01-20T23:03:31.667+0000] {logging_mixin.py:151} INFO - #False
[2024-01-20T23:03:31.667+0000] {logging_mixin.py:151} INFO - #False
[2024-01-20T23:03:31.668+0000] {logging_mixin.py:151} INFO - #False
[2024-01-20T23:03:31.668+0000] {logging_mixin.py:151} INFO - #False
[2024-01-20T23:03:31.668+0000] {logging_mixin.py:151} INFO - #False
[2024-01-20T23:03:31.669+0000] {logging_mixin.py:151} INFO - #False
[2024-01-20T23:03:31.669+0000] {logging_mixin.py:151} INFO - #False
[2024-01-20T23:03:31.669+0000] {logging_mixin.py:151} INFO - #False
[2024-01-20T23:03:31.669+0000] {logging_mixin.py:151} INFO - #False
[2024-01-20T23:03:31.670+0000] {logging_mixin.py:151} INFO - #False
[2024-01-20T23:03:31.670+0000] {logging_mixin.py:151} INFO - #False
[2024-01-20T23:03:31.670+0000] {logging_mixin.py:151} INFO - #False
[2024-01-20T23:03:31.671+0000] {logging_mixin.py:151} INFO - #False
[2024-01-20T23:03:31.671+0000] {conn.py:919} INFO - <BrokerConnection node_id=1 host=broker:29092 <connected> [IPv4 ('172.19.0.8', 29092)]>: Closing connection. 
[2024-01-20T23:03:31.672+0000] {python.py:194} INFO - Done. Returned value was: None
[2024-01-20T23:03:31.684+0000] {taskinstance.py:1400} INFO - Marking task as SUCCESS. dag_id=Kafka_Producer_2, task_id=Reddit, execution_date=20240120T230121, start_date=20240120T230325, end_date=20240120T230331
[2024-01-20T23:03:31.715+0000] {local_task_job_runner.py:228} INFO - Task exited with return code 0
[2024-01-20T23:03:31.730+0000] {taskinstance.py:2784} INFO - 0 downstream tasks scheduled from follow-on schedule check
