[2024-01-20T04:16:48.138+0000] {taskinstance.py:1159} INFO - Dependencies all met for dep_context=non-requeueable deps ti=<TaskInstance: Kafka_Producer_1.Reddit scheduled__2024-01-20T04:15:43.998730+00:00 [queued]>
[2024-01-20T04:16:48.145+0000] {taskinstance.py:1159} INFO - Dependencies all met for dep_context=requeueable deps ti=<TaskInstance: Kafka_Producer_1.Reddit scheduled__2024-01-20T04:15:43.998730+00:00 [queued]>
[2024-01-20T04:16:48.146+0000] {taskinstance.py:1361} INFO - Starting attempt 1 of 1
[2024-01-20T04:16:48.160+0000] {taskinstance.py:1382} INFO - Executing <Task(PythonOperator): Reddit> on 2024-01-20 04:15:43.998730+00:00
[2024-01-20T04:16:48.163+0000] {standard_task_runner.py:57} INFO - Started process 4057 to run task
[2024-01-20T04:16:48.165+0000] {standard_task_runner.py:84} INFO - Running: ['***', 'tasks', 'run', 'Kafka_Producer_1', 'Reddit', 'scheduled__2024-01-20T04:15:43.998730+00:00', '--job-id', '68', '--raw', '--subdir', 'DAGS_FOLDER/kafka_stream.py', '--cfg-path', '/tmp/tmpu9tg8uj4']
[2024-01-20T04:16:48.166+0000] {standard_task_runner.py:85} INFO - Job 68: Subtask Reddit
[2024-01-20T04:16:48.203+0000] {task_command.py:415} INFO - Running <TaskInstance: Kafka_Producer_1.Reddit scheduled__2024-01-20T04:15:43.998730+00:00 [running]> on host 45c5bfab8aa1
[2024-01-20T04:16:48.262+0000] {taskinstance.py:1660} INFO - Exporting env vars: AIRFLOW_CTX_DAG_OWNER='me' AIRFLOW_CTX_DAG_ID='Kafka_Producer_1' AIRFLOW_CTX_TASK_ID='Reddit' AIRFLOW_CTX_EXECUTION_DATE='2024-01-20T04:15:43.998730+00:00' AIRFLOW_CTX_TRY_NUMBER='1' AIRFLOW_CTX_DAG_RUN_ID='scheduled__2024-01-20T04:15:43.998730+00:00'
[2024-01-20T04:16:48.290+0000] {logging_mixin.py:151} INFO -  submission : 
[2024-01-20T04:16:49.128+0000] {logging_mixin.py:151} INFO - #False
[2024-01-20T04:16:49.129+0000] {logging_mixin.py:151} INFO - #False
[2024-01-20T04:16:49.129+0000] {logging_mixin.py:151} INFO - #False
[2024-01-20T04:16:49.130+0000] {logging_mixin.py:151} INFO - #False
[2024-01-20T04:16:49.130+0000] {logging_mixin.py:151} INFO - #False
[2024-01-20T04:16:49.131+0000] {logging_mixin.py:151} INFO - #False
[2024-01-20T04:16:49.131+0000] {logging_mixin.py:151} INFO - #False
[2024-01-20T04:16:49.132+0000] {logging_mixin.py:151} INFO - #False
[2024-01-20T04:16:49.132+0000] {logging_mixin.py:151} INFO - #False
[2024-01-20T04:16:49.133+0000] {logging_mixin.py:151} INFO - #False
[2024-01-20T04:16:49.133+0000] {logging_mixin.py:151} INFO - #False
[2024-01-20T04:16:49.134+0000] {logging_mixin.py:151} INFO - #False
[2024-01-20T04:16:49.134+0000] {logging_mixin.py:151} INFO - #False
[2024-01-20T04:16:49.134+0000] {logging_mixin.py:151} INFO - #False
[2024-01-20T04:16:49.135+0000] {logging_mixin.py:151} INFO - #False
[2024-01-20T04:16:49.135+0000] {logging_mixin.py:151} INFO - #False
[2024-01-20T04:16:49.136+0000] {logging_mixin.py:151} INFO - #False
[2024-01-20T04:16:49.136+0000] {logging_mixin.py:151} INFO - #False
[2024-01-20T04:16:49.137+0000] {logging_mixin.py:151} INFO - #False
[2024-01-20T04:16:49.137+0000] {logging_mixin.py:151} INFO - #False
[2024-01-20T04:16:49.138+0000] {logging_mixin.py:151} INFO - #False
[2024-01-20T04:16:49.138+0000] {logging_mixin.py:151} INFO - #False
[2024-01-20T04:16:49.138+0000] {logging_mixin.py:151} INFO - #False
[2024-01-20T04:16:49.139+0000] {logging_mixin.py:151} INFO - #False
[2024-01-20T04:16:49.139+0000] {logging_mixin.py:151} INFO - #False
[2024-01-20T04:16:49.139+0000] {logging_mixin.py:151} INFO - #False
[2024-01-20T04:16:49.139+0000] {logging_mixin.py:151} INFO - #False
[2024-01-20T04:16:49.140+0000] {logging_mixin.py:151} INFO - #False
[2024-01-20T04:16:49.140+0000] {logging_mixin.py:151} INFO - #False
[2024-01-20T04:16:49.140+0000] {logging_mixin.py:151} INFO - #False
[2024-01-20T04:16:49.141+0000] {logging_mixin.py:151} INFO -  submission : 
[2024-01-20T04:16:49.652+0000] {logging_mixin.py:151} INFO - #False
[2024-01-20T04:16:49.652+0000] {logging_mixin.py:151} INFO - #False
[2024-01-20T04:16:49.653+0000] {logging_mixin.py:151} INFO - #False
[2024-01-20T04:16:49.653+0000] {logging_mixin.py:151} INFO - #False
[2024-01-20T04:16:49.653+0000] {logging_mixin.py:151} INFO - #False
[2024-01-20T04:16:49.654+0000] {logging_mixin.py:151} INFO - #False
[2024-01-20T04:16:49.654+0000] {logging_mixin.py:151} INFO - #False
[2024-01-20T04:16:49.655+0000] {logging_mixin.py:151} INFO - #False
[2024-01-20T04:16:49.655+0000] {logging_mixin.py:151} INFO - #False
[2024-01-20T04:16:49.655+0000] {logging_mixin.py:151} INFO - #False
[2024-01-20T04:16:49.655+0000] {logging_mixin.py:151} INFO - #False
[2024-01-20T04:16:49.656+0000] {logging_mixin.py:151} INFO - #False
[2024-01-20T04:16:49.656+0000] {logging_mixin.py:151} INFO - #False
[2024-01-20T04:16:49.656+0000] {logging_mixin.py:151} INFO - #False
[2024-01-20T04:16:49.656+0000] {logging_mixin.py:151} INFO - #False
[2024-01-20T04:16:49.658+0000] {logging_mixin.py:151} INFO - #False
[2024-01-20T04:16:49.658+0000] {logging_mixin.py:151} INFO - #False
[2024-01-20T04:16:49.658+0000] {logging_mixin.py:151} INFO - #False
[2024-01-20T04:16:49.658+0000] {logging_mixin.py:151} INFO - #False
[2024-01-20T04:16:49.659+0000] {logging_mixin.py:151} INFO - #False
[2024-01-20T04:16:49.659+0000] {logging_mixin.py:151} INFO - #False
[2024-01-20T04:16:49.659+0000] {logging_mixin.py:151} INFO - #False
[2024-01-20T04:16:49.660+0000] {logging_mixin.py:151} INFO - #False
[2024-01-20T04:16:49.661+0000] {logging_mixin.py:151} INFO - #False
[2024-01-20T04:16:49.661+0000] {logging_mixin.py:151} INFO - #False
[2024-01-20T04:16:49.661+0000] {logging_mixin.py:151} INFO - #False
[2024-01-20T04:16:49.661+0000] {logging_mixin.py:151} INFO - #False
[2024-01-20T04:16:49.662+0000] {logging_mixin.py:151} INFO - #False
[2024-01-20T04:16:49.662+0000] {logging_mixin.py:151} INFO - #False
[2024-01-20T04:16:49.662+0000] {logging_mixin.py:151} INFO - #False
[2024-01-20T04:16:49.663+0000] {logging_mixin.py:151} INFO -  submission : 
[2024-01-20T04:16:50.170+0000] {logging_mixin.py:151} INFO - #False
[2024-01-20T04:16:50.171+0000] {logging_mixin.py:151} INFO - #False
[2024-01-20T04:16:50.171+0000] {logging_mixin.py:151} INFO - #False
[2024-01-20T04:16:50.171+0000] {logging_mixin.py:151} INFO - #False
[2024-01-20T04:16:50.171+0000] {logging_mixin.py:151} INFO - #False
[2024-01-20T04:16:50.172+0000] {logging_mixin.py:151} INFO - #False
[2024-01-20T04:16:50.172+0000] {logging_mixin.py:151} INFO - #False
[2024-01-20T04:16:50.172+0000] {logging_mixin.py:151} INFO - #False
[2024-01-20T04:16:50.172+0000] {logging_mixin.py:151} INFO - #False
[2024-01-20T04:16:50.173+0000] {logging_mixin.py:151} INFO - #False
[2024-01-20T04:16:50.173+0000] {logging_mixin.py:151} INFO - #False
[2024-01-20T04:16:50.173+0000] {logging_mixin.py:151} INFO - #False
[2024-01-20T04:16:50.173+0000] {logging_mixin.py:151} INFO - #False
[2024-01-20T04:16:50.174+0000] {logging_mixin.py:151} INFO - #False
[2024-01-20T04:16:50.174+0000] {logging_mixin.py:151} INFO - #False
[2024-01-20T04:16:50.174+0000] {logging_mixin.py:151} INFO - #False
[2024-01-20T04:16:50.174+0000] {logging_mixin.py:151} INFO - #False
[2024-01-20T04:16:50.175+0000] {logging_mixin.py:151} INFO - #False
[2024-01-20T04:16:50.175+0000] {logging_mixin.py:151} INFO - #False
[2024-01-20T04:16:50.176+0000] {logging_mixin.py:151} INFO - #False
[2024-01-20T04:16:50.176+0000] {logging_mixin.py:151} INFO - #False
[2024-01-20T04:16:50.177+0000] {logging_mixin.py:151} INFO - #False
[2024-01-20T04:16:50.177+0000] {logging_mixin.py:151} INFO - #False
[2024-01-20T04:16:50.177+0000] {logging_mixin.py:151} INFO - #False
[2024-01-20T04:16:50.177+0000] {logging_mixin.py:151} INFO - #False
[2024-01-20T04:16:50.178+0000] {logging_mixin.py:151} INFO - #False
[2024-01-20T04:16:50.178+0000] {logging_mixin.py:151} INFO - #False
[2024-01-20T04:16:50.178+0000] {logging_mixin.py:151} INFO - #False
[2024-01-20T04:16:50.178+0000] {logging_mixin.py:151} INFO - #False
[2024-01-20T04:16:50.179+0000] {logging_mixin.py:151} INFO - #False
[2024-01-20T04:16:50.179+0000] {logging_mixin.py:151} INFO -  submission : 
[2024-01-20T04:16:50.597+0000] {logging_mixin.py:151} INFO - #False
[2024-01-20T04:16:50.598+0000] {logging_mixin.py:151} INFO - #False
[2024-01-20T04:16:50.598+0000] {logging_mixin.py:151} INFO - #False
[2024-01-20T04:16:50.598+0000] {logging_mixin.py:151} INFO - #False
[2024-01-20T04:16:50.599+0000] {logging_mixin.py:151} INFO - #False
[2024-01-20T04:16:50.599+0000] {logging_mixin.py:151} INFO - #False
[2024-01-20T04:16:50.599+0000] {logging_mixin.py:151} INFO - #False
[2024-01-20T04:16:50.599+0000] {logging_mixin.py:151} INFO - #False
[2024-01-20T04:16:50.600+0000] {logging_mixin.py:151} INFO - #False
[2024-01-20T04:16:50.600+0000] {logging_mixin.py:151} INFO - #False
[2024-01-20T04:16:50.600+0000] {logging_mixin.py:151} INFO - #False
[2024-01-20T04:16:50.600+0000] {logging_mixin.py:151} INFO - #False
[2024-01-20T04:16:50.600+0000] {logging_mixin.py:151} INFO - #False
[2024-01-20T04:16:50.601+0000] {logging_mixin.py:151} INFO - #False
[2024-01-20T04:16:50.601+0000] {logging_mixin.py:151} INFO - #False
[2024-01-20T04:16:50.601+0000] {logging_mixin.py:151} INFO - #False
[2024-01-20T04:16:50.602+0000] {logging_mixin.py:151} INFO - #False
[2024-01-20T04:16:50.602+0000] {logging_mixin.py:151} INFO - #False
[2024-01-20T04:16:50.602+0000] {logging_mixin.py:151} INFO - #False
[2024-01-20T04:16:50.602+0000] {logging_mixin.py:151} INFO - #False
[2024-01-20T04:16:50.602+0000] {logging_mixin.py:151} INFO - #False
[2024-01-20T04:16:50.603+0000] {logging_mixin.py:151} INFO - #False
[2024-01-20T04:16:50.603+0000] {logging_mixin.py:151} INFO - #False
[2024-01-20T04:16:50.603+0000] {logging_mixin.py:151} INFO - #False
[2024-01-20T04:16:50.603+0000] {logging_mixin.py:151} INFO - #False
[2024-01-20T04:16:50.604+0000] {logging_mixin.py:151} INFO - #False
[2024-01-20T04:16:50.604+0000] {logging_mixin.py:151} INFO - #False
[2024-01-20T04:16:50.604+0000] {logging_mixin.py:151} INFO - #False
[2024-01-20T04:16:50.604+0000] {logging_mixin.py:151} INFO - #False
[2024-01-20T04:16:50.605+0000] {logging_mixin.py:151} INFO - #False
[2024-01-20T04:16:50.605+0000] {logging_mixin.py:151} INFO -  submission : 
[2024-01-20T04:16:51.043+0000] {logging_mixin.py:151} INFO - #False
[2024-01-20T04:16:51.044+0000] {logging_mixin.py:151} INFO - #False
[2024-01-20T04:16:51.044+0000] {logging_mixin.py:151} INFO - #False
[2024-01-20T04:16:51.045+0000] {logging_mixin.py:151} INFO - #False
[2024-01-20T04:16:51.045+0000] {logging_mixin.py:151} INFO - #False
[2024-01-20T04:16:51.046+0000] {logging_mixin.py:151} INFO - #False
[2024-01-20T04:16:51.046+0000] {logging_mixin.py:151} INFO - #False
[2024-01-20T04:16:51.047+0000] {logging_mixin.py:151} INFO - #False
[2024-01-20T04:16:51.047+0000] {logging_mixin.py:151} INFO - #False
[2024-01-20T04:16:51.048+0000] {logging_mixin.py:151} INFO - #False
[2024-01-20T04:16:51.048+0000] {logging_mixin.py:151} INFO - #False
[2024-01-20T04:16:51.049+0000] {logging_mixin.py:151} INFO - #False
[2024-01-20T04:16:51.049+0000] {logging_mixin.py:151} INFO - #False
[2024-01-20T04:16:51.049+0000] {logging_mixin.py:151} INFO - #False
[2024-01-20T04:16:51.050+0000] {logging_mixin.py:151} INFO - #False
[2024-01-20T04:16:51.050+0000] {logging_mixin.py:151} INFO - #False
[2024-01-20T04:16:51.050+0000] {logging_mixin.py:151} INFO - #False
[2024-01-20T04:16:51.051+0000] {logging_mixin.py:151} INFO - #False
[2024-01-20T04:16:51.051+0000] {logging_mixin.py:151} INFO - #False
[2024-01-20T04:16:51.051+0000] {logging_mixin.py:151} INFO - #False
[2024-01-20T04:16:51.051+0000] {logging_mixin.py:151} INFO - #False
[2024-01-20T04:16:51.052+0000] {logging_mixin.py:151} INFO - #False
[2024-01-20T04:16:51.052+0000] {logging_mixin.py:151} INFO - #False
[2024-01-20T04:16:51.052+0000] {logging_mixin.py:151} INFO - #False
[2024-01-20T04:16:51.053+0000] {logging_mixin.py:151} INFO - #False
[2024-01-20T04:16:51.053+0000] {logging_mixin.py:151} INFO - #False
[2024-01-20T04:16:51.053+0000] {logging_mixin.py:151} INFO - #False
[2024-01-20T04:16:51.054+0000] {logging_mixin.py:151} INFO - #False
[2024-01-20T04:16:51.054+0000] {logging_mixin.py:151} INFO - #False
[2024-01-20T04:16:51.054+0000] {logging_mixin.py:151} INFO - #False
[2024-01-20T04:16:51.055+0000] {logging_mixin.py:151} INFO -  submission : 
[2024-01-20T04:16:51.411+0000] {logging_mixin.py:151} INFO - #False
[2024-01-20T04:16:51.411+0000] {logging_mixin.py:151} INFO - #False
[2024-01-20T04:16:51.411+0000] {logging_mixin.py:151} INFO - #False
[2024-01-20T04:16:51.412+0000] {logging_mixin.py:151} INFO - #False
[2024-01-20T04:16:51.412+0000] {logging_mixin.py:151} INFO - #False
[2024-01-20T04:16:51.413+0000] {logging_mixin.py:151} INFO - #False
[2024-01-20T04:16:51.413+0000] {logging_mixin.py:151} INFO - #False
[2024-01-20T04:16:51.413+0000] {logging_mixin.py:151} INFO - #False
[2024-01-20T04:16:51.414+0000] {logging_mixin.py:151} INFO - #False
[2024-01-20T04:16:51.414+0000] {logging_mixin.py:151} INFO - #False
[2024-01-20T04:16:51.414+0000] {logging_mixin.py:151} INFO - #False
[2024-01-20T04:16:51.414+0000] {logging_mixin.py:151} INFO - #False
[2024-01-20T04:16:51.414+0000] {logging_mixin.py:151} INFO - #False
[2024-01-20T04:16:51.415+0000] {logging_mixin.py:151} INFO - #False
[2024-01-20T04:16:51.415+0000] {logging_mixin.py:151} INFO - #False
[2024-01-20T04:16:51.415+0000] {logging_mixin.py:151} INFO - #False
[2024-01-20T04:16:51.415+0000] {logging_mixin.py:151} INFO - #False
[2024-01-20T04:16:51.416+0000] {logging_mixin.py:151} INFO - #False
[2024-01-20T04:16:51.416+0000] {logging_mixin.py:151} INFO - #False
[2024-01-20T04:16:51.416+0000] {logging_mixin.py:151} INFO - #False
[2024-01-20T04:16:51.416+0000] {logging_mixin.py:151} INFO - #False
[2024-01-20T04:16:51.417+0000] {logging_mixin.py:151} INFO - #False
[2024-01-20T04:16:51.417+0000] {logging_mixin.py:151} INFO - #False
[2024-01-20T04:16:51.417+0000] {logging_mixin.py:151} INFO - #False
[2024-01-20T04:16:51.417+0000] {logging_mixin.py:151} INFO - #False
[2024-01-20T04:16:51.418+0000] {logging_mixin.py:151} INFO - #False
[2024-01-20T04:16:51.418+0000] {logging_mixin.py:151} INFO - #False
[2024-01-20T04:16:51.418+0000] {logging_mixin.py:151} INFO - #False
[2024-01-20T04:16:51.418+0000] {logging_mixin.py:151} INFO - #False
[2024-01-20T04:16:51.418+0000] {logging_mixin.py:151} INFO - #False
[2024-01-20T04:16:51.419+0000] {logging_mixin.py:151} INFO -  submission : 
[2024-01-20T04:16:51.949+0000] {logging_mixin.py:151} INFO - #False
[2024-01-20T04:16:51.950+0000] {logging_mixin.py:151} INFO - #False
[2024-01-20T04:16:51.950+0000] {logging_mixin.py:151} INFO - #False
[2024-01-20T04:16:51.950+0000] {logging_mixin.py:151} INFO - #False
[2024-01-20T04:16:51.951+0000] {logging_mixin.py:151} INFO - #False
[2024-01-20T04:16:51.951+0000] {logging_mixin.py:151} INFO - #False
[2024-01-20T04:16:51.951+0000] {logging_mixin.py:151} INFO - #False
[2024-01-20T04:16:51.951+0000] {logging_mixin.py:151} INFO - #False
[2024-01-20T04:16:51.952+0000] {logging_mixin.py:151} INFO - #False
[2024-01-20T04:16:51.952+0000] {logging_mixin.py:151} INFO - #False
[2024-01-20T04:16:51.952+0000] {logging_mixin.py:151} INFO - #False
[2024-01-20T04:16:51.952+0000] {logging_mixin.py:151} INFO - #False
[2024-01-20T04:16:51.953+0000] {logging_mixin.py:151} INFO - #False
[2024-01-20T04:16:51.953+0000] {logging_mixin.py:151} INFO - #False
[2024-01-20T04:16:51.953+0000] {logging_mixin.py:151} INFO - #False
[2024-01-20T04:16:51.953+0000] {logging_mixin.py:151} INFO - #False
[2024-01-20T04:16:51.954+0000] {logging_mixin.py:151} INFO - #False
[2024-01-20T04:16:51.954+0000] {logging_mixin.py:151} INFO - #False
[2024-01-20T04:16:51.954+0000] {logging_mixin.py:151} INFO - #False
[2024-01-20T04:16:51.955+0000] {logging_mixin.py:151} INFO - #False
[2024-01-20T04:16:51.955+0000] {logging_mixin.py:151} INFO - #False
[2024-01-20T04:16:51.955+0000] {logging_mixin.py:151} INFO - #False
[2024-01-20T04:16:51.955+0000] {logging_mixin.py:151} INFO - #False
[2024-01-20T04:16:51.955+0000] {logging_mixin.py:151} INFO - #False
[2024-01-20T04:16:51.956+0000] {logging_mixin.py:151} INFO - #False
[2024-01-20T04:16:51.956+0000] {logging_mixin.py:151} INFO - #False
[2024-01-20T04:16:51.956+0000] {logging_mixin.py:151} INFO - #False
[2024-01-20T04:16:51.956+0000] {logging_mixin.py:151} INFO - #False
[2024-01-20T04:16:51.956+0000] {logging_mixin.py:151} INFO - #False
[2024-01-20T04:16:51.957+0000] {logging_mixin.py:151} INFO - #False
[2024-01-20T04:16:51.957+0000] {logging_mixin.py:151} INFO -  submission : 
[2024-01-20T04:16:52.427+0000] {logging_mixin.py:151} INFO - #False
[2024-01-20T04:16:52.427+0000] {logging_mixin.py:151} INFO - #False
[2024-01-20T04:16:52.428+0000] {logging_mixin.py:151} INFO - #False
[2024-01-20T04:16:52.428+0000] {logging_mixin.py:151} INFO - #False
[2024-01-20T04:16:52.428+0000] {logging_mixin.py:151} INFO - #False
[2024-01-20T04:16:52.428+0000] {logging_mixin.py:151} INFO - #False
[2024-01-20T04:16:52.429+0000] {logging_mixin.py:151} INFO - #False
[2024-01-20T04:16:52.429+0000] {logging_mixin.py:151} INFO - #False
[2024-01-20T04:16:52.430+0000] {logging_mixin.py:151} INFO - #False
[2024-01-20T04:16:52.431+0000] {logging_mixin.py:151} INFO - #False
[2024-01-20T04:16:52.431+0000] {logging_mixin.py:151} INFO - #False
[2024-01-20T04:16:52.431+0000] {logging_mixin.py:151} INFO - #False
[2024-01-20T04:16:52.432+0000] {logging_mixin.py:151} INFO - #False
[2024-01-20T04:16:52.432+0000] {logging_mixin.py:151} INFO - #False
[2024-01-20T04:16:52.432+0000] {logging_mixin.py:151} INFO - #False
[2024-01-20T04:16:52.433+0000] {logging_mixin.py:151} INFO - #False
[2024-01-20T04:16:52.433+0000] {logging_mixin.py:151} INFO - #False
[2024-01-20T04:16:52.433+0000] {logging_mixin.py:151} INFO - #False
[2024-01-20T04:16:52.434+0000] {logging_mixin.py:151} INFO - #False
[2024-01-20T04:16:52.434+0000] {logging_mixin.py:151} INFO - #False
[2024-01-20T04:16:52.434+0000] {logging_mixin.py:151} INFO - #False
[2024-01-20T04:16:52.435+0000] {logging_mixin.py:151} INFO - #False
[2024-01-20T04:16:52.435+0000] {logging_mixin.py:151} INFO - #False
[2024-01-20T04:16:52.435+0000] {logging_mixin.py:151} INFO - #False
[2024-01-20T04:16:52.435+0000] {logging_mixin.py:151} INFO - #False
[2024-01-20T04:16:52.436+0000] {logging_mixin.py:151} INFO - #False
[2024-01-20T04:16:52.436+0000] {logging_mixin.py:151} INFO - #False
[2024-01-20T04:16:52.436+0000] {logging_mixin.py:151} INFO - #False
[2024-01-20T04:16:52.440+0000] {logging_mixin.py:151} INFO - #False
[2024-01-20T04:16:52.444+0000] {logging_mixin.py:151} INFO - #False
[2024-01-20T04:16:52.445+0000] {python.py:194} INFO - Done. Returned value was: None
[2024-01-20T04:16:52.456+0000] {taskinstance.py:1400} INFO - Marking task as SUCCESS. dag_id=Kafka_Producer_1, task_id=Reddit, execution_date=20240120T041543, start_date=20240120T041648, end_date=20240120T041652
[2024-01-20T04:16:52.510+0000] {local_task_job_runner.py:228} INFO - Task exited with return code 0
[2024-01-20T04:16:52.526+0000] {taskinstance.py:2784} INFO - 0 downstream tasks scheduled from follow-on schedule check
