[2024-01-20T05:35:18.675+0000] {taskinstance.py:1159} INFO - Dependencies all met for dep_context=non-requeueable deps ti=<TaskInstance: SpeedLayer.submit_spark_job manual__2024-01-20T05:34:58.411805+00:00 [queued]>
[2024-01-20T05:35:18.680+0000] {taskinstance.py:1159} INFO - Dependencies all met for dep_context=requeueable deps ti=<TaskInstance: SpeedLayer.submit_spark_job manual__2024-01-20T05:34:58.411805+00:00 [queued]>
[2024-01-20T05:35:18.681+0000] {taskinstance.py:1361} INFO - Starting attempt 1 of 1
[2024-01-20T05:35:18.693+0000] {taskinstance.py:1382} INFO - Executing <Task(SparkSubmitOperator): submit_spark_job> on 2024-01-20 05:34:58.411805+00:00
[2024-01-20T05:35:18.697+0000] {standard_task_runner.py:57} INFO - Started process 12030 to run task
[2024-01-20T05:35:18.699+0000] {standard_task_runner.py:84} INFO - Running: ['***', 'tasks', 'run', 'SpeedLayer', 'submit_spark_job', 'manual__2024-01-20T05:34:58.411805+00:00', '--job-id', '622', '--raw', '--subdir', 'DAGS_FOLDER/spark_streaming_dag.py', '--cfg-path', '/tmp/tmpzvwryxr3']
[2024-01-20T05:35:18.700+0000] {standard_task_runner.py:85} INFO - Job 622: Subtask submit_spark_job
[2024-01-20T05:35:18.739+0000] {task_command.py:415} INFO - Running <TaskInstance: SpeedLayer.submit_spark_job manual__2024-01-20T05:34:58.411805+00:00 [running]> on host 45c5bfab8aa1
[2024-01-20T05:35:18.804+0000] {taskinstance.py:1660} INFO - Exporting env vars: AIRFLOW_CTX_DAG_OWNER='***' AIRFLOW_CTX_DAG_ID='SpeedLayer' AIRFLOW_CTX_TASK_ID='submit_spark_job' AIRFLOW_CTX_EXECUTION_DATE='2024-01-20T05:34:58.411805+00:00' AIRFLOW_CTX_TRY_NUMBER='1' AIRFLOW_CTX_DAG_RUN_ID='manual__2024-01-20T05:34:58.411805+00:00'
[2024-01-20T05:35:18.812+0000] {base.py:73} INFO - Using connection ID 'spark_default' for task execution.
[2024-01-20T05:35:18.813+0000] {spark_submit.py:401} INFO - Spark-Submit cmd: spark-submit --master spark://172.19.0.4:7077 --packages com.datastax.spark:spark-cassandra-connector_2.12:3.4.1,org.apache.spark:spark-sql-kafka-0-10_2.12:3.4.1 --name arrow-spark --queue root.default --deploy-mode client /opt/***/shared_volume/spark_stream.py
[2024-01-20T05:35:18.923+0000] {spark_submit.py:571} INFO - /home/***/.local/lib/python3.9/site-packages/pyspark/bin/load-spark-env.sh: line 68: ps: command not found
[2024-01-20T05:35:20.171+0000] {spark_submit.py:571} INFO - :: loading settings :: url = jar:file:/home/***/.local/lib/python3.9/site-packages/pyspark/jars/ivy-2.5.1.jar!/org/apache/ivy/core/settings/ivysettings.xml
[2024-01-20T05:35:20.230+0000] {spark_submit.py:571} INFO - Ivy Default Cache set to: /home/***/.ivy2/cache
[2024-01-20T05:35:20.231+0000] {spark_submit.py:571} INFO - The jars for the packages stored in: /home/***/.ivy2/jars
[2024-01-20T05:35:20.234+0000] {spark_submit.py:571} INFO - com.datastax.spark#spark-cassandra-connector_2.12 added as a dependency
[2024-01-20T05:35:20.234+0000] {spark_submit.py:571} INFO - org.apache.spark#spark-sql-kafka-0-10_2.12 added as a dependency
[2024-01-20T05:35:20.235+0000] {spark_submit.py:571} INFO - :: resolving dependencies :: org.apache.spark#spark-submit-parent-41c7f69e-ab76-49b5-8812-42475ada275a;1.0
[2024-01-20T05:35:20.235+0000] {spark_submit.py:571} INFO - confs: [default]
[2024-01-20T05:35:20.315+0000] {spark_submit.py:571} INFO - found com.datastax.spark#spark-cassandra-connector_2.12;3.4.1 in central
[2024-01-20T05:35:20.339+0000] {spark_submit.py:571} INFO - found com.datastax.spark#spark-cassandra-connector-driver_2.12;3.4.1 in central
[2024-01-20T05:35:20.362+0000] {spark_submit.py:571} INFO - found org.scala-lang.modules#scala-collection-compat_2.12;2.11.0 in central
[2024-01-20T05:35:20.394+0000] {spark_submit.py:571} INFO - found com.datastax.oss#java-driver-core-shaded;4.13.0 in central
[2024-01-20T05:35:20.410+0000] {spark_submit.py:571} INFO - found com.datastax.oss#native-protocol;1.5.0 in central
[2024-01-20T05:35:20.423+0000] {spark_submit.py:571} INFO - found com.datastax.oss#java-driver-shaded-guava;25.1-jre-graal-sub-1 in central
[2024-01-20T05:35:20.435+0000] {spark_submit.py:571} INFO - found com.typesafe#config;1.4.1 in central
[2024-01-20T05:35:20.451+0000] {spark_submit.py:571} INFO - found org.slf4j#slf4j-api;1.7.26 in central
[2024-01-20T05:35:20.470+0000] {spark_submit.py:571} INFO - found io.dropwizard.metrics#metrics-core;4.1.18 in central
[2024-01-20T05:35:20.487+0000] {spark_submit.py:571} INFO - found org.hdrhistogram#HdrHistogram;2.1.12 in central
[2024-01-20T05:35:20.497+0000] {spark_submit.py:571} INFO - found org.reactivestreams#reactive-streams;1.0.3 in central
[2024-01-20T05:35:20.511+0000] {spark_submit.py:571} INFO - found com.github.stephenc.jcip#jcip-annotations;1.0-1 in central
[2024-01-20T05:35:20.525+0000] {spark_submit.py:571} INFO - found com.github.spotbugs#spotbugs-annotations;3.1.12 in central
[2024-01-20T05:35:20.537+0000] {spark_submit.py:571} INFO - found com.google.code.findbugs#jsr305;3.0.2 in central
[2024-01-20T05:35:20.553+0000] {spark_submit.py:571} INFO - found com.datastax.oss#java-driver-mapper-runtime;4.13.0 in central
[2024-01-20T05:35:20.567+0000] {spark_submit.py:571} INFO - found com.datastax.oss#java-driver-query-builder;4.13.0 in central
[2024-01-20T05:35:20.596+0000] {spark_submit.py:571} INFO - found org.apache.commons#commons-lang3;3.10 in central
[2024-01-20T05:35:20.604+0000] {spark_submit.py:571} INFO - found com.thoughtworks.paranamer#paranamer;2.8 in central
[2024-01-20T05:35:20.611+0000] {spark_submit.py:571} INFO - found org.scala-lang#scala-reflect;2.12.11 in central
[2024-01-20T05:35:20.632+0000] {spark_submit.py:571} INFO - found org.apache.spark#spark-sql-kafka-0-10_2.12;3.4.1 in central
[2024-01-20T05:35:20.650+0000] {spark_submit.py:571} INFO - found org.apache.spark#spark-token-provider-kafka-0-10_2.12;3.4.1 in central
[2024-01-20T05:35:20.660+0000] {spark_submit.py:571} INFO - found org.apache.kafka#kafka-clients;3.3.2 in central
[2024-01-20T05:35:20.670+0000] {spark_submit.py:571} INFO - found org.lz4#lz4-java;1.8.0 in central
[2024-01-20T05:35:20.679+0000] {spark_submit.py:571} INFO - found org.xerial.snappy#snappy-java;1.1.10.1 in central
[2024-01-20T05:35:20.691+0000] {spark_submit.py:571} INFO - found org.slf4j#slf4j-api;2.0.6 in central
[2024-01-20T05:35:20.704+0000] {spark_submit.py:571} INFO - found org.apache.hadoop#hadoop-client-runtime;3.3.4 in central
[2024-01-20T05:35:20.720+0000] {spark_submit.py:571} INFO - found org.apache.hadoop#hadoop-client-api;3.3.4 in central
[2024-01-20T05:35:20.730+0000] {spark_submit.py:571} INFO - found commons-logging#commons-logging;1.1.3 in central
[2024-01-20T05:35:20.743+0000] {spark_submit.py:571} INFO - found org.apache.commons#commons-pool2;2.11.1 in central
[2024-01-20T05:35:20.772+0000] {spark_submit.py:571} INFO - :: resolution report :: resolve 519ms :: artifacts dl 19ms
[2024-01-20T05:35:20.773+0000] {spark_submit.py:571} INFO - :: modules in use:
[2024-01-20T05:35:20.773+0000] {spark_submit.py:571} INFO - com.datastax.oss#java-driver-core-shaded;4.13.0 from central in [default]
[2024-01-20T05:35:20.773+0000] {spark_submit.py:571} INFO - com.datastax.oss#java-driver-mapper-runtime;4.13.0 from central in [default]
[2024-01-20T05:35:20.774+0000] {spark_submit.py:571} INFO - com.datastax.oss#java-driver-query-builder;4.13.0 from central in [default]
[2024-01-20T05:35:20.775+0000] {spark_submit.py:571} INFO - com.datastax.oss#java-driver-shaded-guava;25.1-jre-graal-sub-1 from central in [default]
[2024-01-20T05:35:20.775+0000] {spark_submit.py:571} INFO - com.datastax.oss#native-protocol;1.5.0 from central in [default]
[2024-01-20T05:35:20.775+0000] {spark_submit.py:571} INFO - com.datastax.spark#spark-cassandra-connector-driver_2.12;3.4.1 from central in [default]
[2024-01-20T05:35:20.776+0000] {spark_submit.py:571} INFO - com.datastax.spark#spark-cassandra-connector_2.12;3.4.1 from central in [default]
[2024-01-20T05:35:20.776+0000] {spark_submit.py:571} INFO - com.github.spotbugs#spotbugs-annotations;3.1.12 from central in [default]
[2024-01-20T05:35:20.777+0000] {spark_submit.py:571} INFO - com.github.stephenc.jcip#jcip-annotations;1.0-1 from central in [default]
[2024-01-20T05:35:20.777+0000] {spark_submit.py:571} INFO - com.google.code.findbugs#jsr305;3.0.2 from central in [default]
[2024-01-20T05:35:20.778+0000] {spark_submit.py:571} INFO - com.thoughtworks.paranamer#paranamer;2.8 from central in [default]
[2024-01-20T05:35:20.778+0000] {spark_submit.py:571} INFO - com.typesafe#config;1.4.1 from central in [default]
[2024-01-20T05:35:20.779+0000] {spark_submit.py:571} INFO - commons-logging#commons-logging;1.1.3 from central in [default]
[2024-01-20T05:35:20.779+0000] {spark_submit.py:571} INFO - io.dropwizard.metrics#metrics-core;4.1.18 from central in [default]
[2024-01-20T05:35:20.780+0000] {spark_submit.py:571} INFO - org.apache.commons#commons-lang3;3.10 from central in [default]
[2024-01-20T05:35:20.780+0000] {spark_submit.py:571} INFO - org.apache.commons#commons-pool2;2.11.1 from central in [default]
[2024-01-20T05:35:20.781+0000] {spark_submit.py:571} INFO - org.apache.hadoop#hadoop-client-api;3.3.4 from central in [default]
[2024-01-20T05:35:20.781+0000] {spark_submit.py:571} INFO - org.apache.hadoop#hadoop-client-runtime;3.3.4 from central in [default]
[2024-01-20T05:35:20.782+0000] {spark_submit.py:571} INFO - org.apache.kafka#kafka-clients;3.3.2 from central in [default]
[2024-01-20T05:35:20.782+0000] {spark_submit.py:571} INFO - org.apache.spark#spark-sql-kafka-0-10_2.12;3.4.1 from central in [default]
[2024-01-20T05:35:20.783+0000] {spark_submit.py:571} INFO - org.apache.spark#spark-token-provider-kafka-0-10_2.12;3.4.1 from central in [default]
[2024-01-20T05:35:20.783+0000] {spark_submit.py:571} INFO - org.hdrhistogram#HdrHistogram;2.1.12 from central in [default]
[2024-01-20T05:35:20.784+0000] {spark_submit.py:571} INFO - org.lz4#lz4-java;1.8.0 from central in [default]
[2024-01-20T05:35:20.784+0000] {spark_submit.py:571} INFO - org.reactivestreams#reactive-streams;1.0.3 from central in [default]
[2024-01-20T05:35:20.784+0000] {spark_submit.py:571} INFO - org.scala-lang#scala-reflect;2.12.11 from central in [default]
[2024-01-20T05:35:20.785+0000] {spark_submit.py:571} INFO - org.scala-lang.modules#scala-collection-compat_2.12;2.11.0 from central in [default]
[2024-01-20T05:35:20.785+0000] {spark_submit.py:571} INFO - org.slf4j#slf4j-api;2.0.6 from central in [default]
[2024-01-20T05:35:20.786+0000] {spark_submit.py:571} INFO - org.xerial.snappy#snappy-java;1.1.10.1 from central in [default]
[2024-01-20T05:35:20.786+0000] {spark_submit.py:571} INFO - :: evicted modules:
[2024-01-20T05:35:20.787+0000] {spark_submit.py:571} INFO - org.slf4j#slf4j-api;1.7.26 by [org.slf4j#slf4j-api;2.0.6] in [default]
[2024-01-20T05:35:20.787+0000] {spark_submit.py:571} INFO - com.google.code.findbugs#jsr305;3.0.0 by [com.google.code.findbugs#jsr305;3.0.2] in [default]
[2024-01-20T05:35:20.788+0000] {spark_submit.py:571} INFO - ---------------------------------------------------------------------
[2024-01-20T05:35:20.789+0000] {spark_submit.py:571} INFO - |                  |            modules            ||   artifacts   |
[2024-01-20T05:35:20.789+0000] {spark_submit.py:571} INFO - |       conf       | number| search|dwnlded|evicted|| number|dwnlded|
[2024-01-20T05:35:20.789+0000] {spark_submit.py:571} INFO - ---------------------------------------------------------------------
[2024-01-20T05:35:20.790+0000] {spark_submit.py:571} INFO - |      default     |   30  |   0   |   0   |   2   ||   28  |   0   |
[2024-01-20T05:35:20.791+0000] {spark_submit.py:571} INFO - ---------------------------------------------------------------------
[2024-01-20T05:35:20.791+0000] {spark_submit.py:571} INFO - :: retrieving :: org.apache.spark#spark-submit-parent-41c7f69e-ab76-49b5-8812-42475ada275a
[2024-01-20T05:35:20.792+0000] {spark_submit.py:571} INFO - confs: [default]
[2024-01-20T05:35:20.799+0000] {spark_submit.py:571} INFO - 0 artifacts copied, 28 already retrieved (0kB/15ms)
[2024-01-20T05:35:20.965+0000] {spark_submit.py:571} INFO - 24/01/20 05:35:20 WARN NativeCodeLoader: Unable to load native-hadoop library for your platform... using builtin-java classes where applicable
[2024-01-20T05:35:23.837+0000] {spark_submit.py:571} INFO - 2024-01-20 05:35:23.837478: I tensorflow/core/util/port.cc:113] oneDNN custom operations are on. You may see slightly different numerical results due to floating-point round-off errors from different computation orders. To turn them off, set the environment variable `TF_ENABLE_ONEDNN_OPTS=0`.
[2024-01-20T05:35:23.839+0000] {spark_submit.py:571} INFO - 2024-01-20 05:35:23.839233: I external/local_tsl/tsl/cuda/cudart_stub.cc:31] Could not find cuda drivers on your machine, GPU will not be used.
[2024-01-20T05:35:23.865+0000] {spark_submit.py:571} INFO - 2024-01-20 05:35:23.865050: E external/local_xla/xla/stream_executor/cuda/cuda_dnn.cc:9261] Unable to register cuDNN factory: Attempting to register factory for plugin cuDNN when one has already been registered
[2024-01-20T05:35:23.865+0000] {spark_submit.py:571} INFO - 2024-01-20 05:35:23.865093: E external/local_xla/xla/stream_executor/cuda/cuda_fft.cc:607] Unable to register cuFFT factory: Attempting to register factory for plugin cuFFT when one has already been registered
[2024-01-20T05:35:23.866+0000] {spark_submit.py:571} INFO - 2024-01-20 05:35:23.865888: E external/local_xla/xla/stream_executor/cuda/cuda_blas.cc:1515] Unable to register cuBLAS factory: Attempting to register factory for plugin cuBLAS when one has already been registered
[2024-01-20T05:35:23.870+0000] {spark_submit.py:571} INFO - 2024-01-20 05:35:23.870451: I external/local_tsl/tsl/cuda/cudart_stub.cc:31] Could not find cuda drivers on your machine, GPU will not be used.
[2024-01-20T05:35:23.871+0000] {spark_submit.py:571} INFO - 2024-01-20 05:35:23.870643: I tensorflow/core/platform/cpu_feature_guard.cc:182] This TensorFlow binary is optimized to use available CPU instructions in performance-critical operations.
[2024-01-20T05:35:23.871+0000] {spark_submit.py:571} INFO - To enable the following instructions: AVX2 AVX_VNNI FMA, in other operations, rebuild TensorFlow with the appropriate compiler flags.
[2024-01-20T05:35:24.721+0000] {spark_submit.py:571} INFO - 2024-01-20 05:35:24.721739: W tensorflow/compiler/tf2tensorrt/utils/py_utils.cc:38] TF-TRT Warning: Could not find TensorRT
[2024-01-20T05:35:26.897+0000] {spark_submit.py:571} INFO - 24/01/20 05:35:26 INFO SparkContext: Running Spark version 3.5.0
[2024-01-20T05:35:26.897+0000] {spark_submit.py:571} INFO - 24/01/20 05:35:26 INFO SparkContext: OS info Linux, 5.10.16.3-microsoft-standard-WSL2, amd64
[2024-01-20T05:35:26.898+0000] {spark_submit.py:571} INFO - 24/01/20 05:35:26 INFO SparkContext: Java version 11.0.21
[2024-01-20T05:35:26.919+0000] {spark_submit.py:571} INFO - 24/01/20 05:35:26 INFO ResourceUtils: ==============================================================
[2024-01-20T05:35:26.920+0000] {spark_submit.py:571} INFO - 24/01/20 05:35:26 INFO ResourceUtils: No custom resources configured for spark.driver.
[2024-01-20T05:35:26.921+0000] {spark_submit.py:571} INFO - 24/01/20 05:35:26 INFO ResourceUtils: ==============================================================
[2024-01-20T05:35:26.921+0000] {spark_submit.py:571} INFO - 24/01/20 05:35:26 INFO SparkContext: Submitted application: SparkDataStreaming
[2024-01-20T05:35:26.943+0000] {spark_submit.py:571} INFO - 24/01/20 05:35:26 INFO ResourceProfile: Default ResourceProfile created, executor resources: Map(memory -> name: memory, amount: 1024, script: , vendor: , offHeap -> name: offHeap, amount: 0, script: , vendor: ), task resources: Map(cpus -> name: cpus, amount: 1.0)
[2024-01-20T05:35:26.953+0000] {spark_submit.py:571} INFO - 24/01/20 05:35:26 INFO ResourceProfile: Limiting resource is cpu
[2024-01-20T05:35:26.954+0000] {spark_submit.py:571} INFO - 24/01/20 05:35:26 INFO ResourceProfileManager: Added ResourceProfile id: 0
[2024-01-20T05:35:27.023+0000] {spark_submit.py:571} INFO - 24/01/20 05:35:27 INFO SecurityManager: Changing view acls to: ***
[2024-01-20T05:35:27.023+0000] {spark_submit.py:571} INFO - 24/01/20 05:35:27 INFO SecurityManager: Changing modify acls to: ***
[2024-01-20T05:35:27.024+0000] {spark_submit.py:571} INFO - 24/01/20 05:35:27 INFO SecurityManager: Changing view acls groups to:
[2024-01-20T05:35:27.024+0000] {spark_submit.py:571} INFO - 24/01/20 05:35:27 INFO SecurityManager: Changing modify acls groups to:
[2024-01-20T05:35:27.024+0000] {spark_submit.py:571} INFO - 24/01/20 05:35:27 INFO SecurityManager: SecurityManager: authentication disabled; ui acls disabled; users with view permissions: ***; groups with view permissions: EMPTY; users with modify permissions: ***; groups with modify permissions: EMPTY
[2024-01-20T05:35:27.228+0000] {spark_submit.py:571} INFO - 24/01/20 05:35:27 INFO Utils: Successfully started service 'sparkDriver' on port 39481.
[2024-01-20T05:35:27.256+0000] {spark_submit.py:571} INFO - 24/01/20 05:35:27 INFO SparkEnv: Registering MapOutputTracker
[2024-01-20T05:35:27.286+0000] {spark_submit.py:571} INFO - 24/01/20 05:35:27 INFO SparkEnv: Registering BlockManagerMaster
[2024-01-20T05:35:27.305+0000] {spark_submit.py:571} INFO - 24/01/20 05:35:27 INFO BlockManagerMasterEndpoint: Using org.apache.spark.storage.DefaultTopologyMapper for getting topology information
[2024-01-20T05:35:27.305+0000] {spark_submit.py:571} INFO - 24/01/20 05:35:27 INFO BlockManagerMasterEndpoint: BlockManagerMasterEndpoint up
[2024-01-20T05:35:27.309+0000] {spark_submit.py:571} INFO - 24/01/20 05:35:27 INFO SparkEnv: Registering BlockManagerMasterHeartbeat
[2024-01-20T05:35:27.326+0000] {spark_submit.py:571} INFO - 24/01/20 05:35:27 INFO DiskBlockManager: Created local directory at /tmp/blockmgr-4a2e15c8-99c0-4c94-8214-5da380774119
[2024-01-20T05:35:27.338+0000] {spark_submit.py:571} INFO - 24/01/20 05:35:27 INFO MemoryStore: MemoryStore started with capacity 434.4 MiB
[2024-01-20T05:35:27.349+0000] {spark_submit.py:571} INFO - 24/01/20 05:35:27 INFO SparkEnv: Registering OutputCommitCoordinator
[2024-01-20T05:35:27.469+0000] {spark_submit.py:571} INFO - 24/01/20 05:35:27 INFO JettyUtils: Start Jetty 0.0.0.0:4040 for SparkUI
[2024-01-20T05:35:27.528+0000] {spark_submit.py:571} INFO - 24/01/20 05:35:27 INFO Utils: Successfully started service 'SparkUI' on port 4040.
[2024-01-20T05:35:27.565+0000] {spark_submit.py:571} INFO - 24/01/20 05:35:27 INFO SparkContext: Added JAR file:///home/***/.ivy2/jars/com.datastax.spark_spark-cassandra-connector_2.12-3.4.1.jar at spark://45c5bfab8aa1:39481/jars/com.datastax.spark_spark-cassandra-connector_2.12-3.4.1.jar with timestamp 1705728926889
[2024-01-20T05:35:27.565+0000] {spark_submit.py:571} INFO - 24/01/20 05:35:27 INFO SparkContext: Added JAR file:///home/***/.ivy2/jars/org.apache.spark_spark-sql-kafka-0-10_2.12-3.4.1.jar at spark://45c5bfab8aa1:39481/jars/org.apache.spark_spark-sql-kafka-0-10_2.12-3.4.1.jar with timestamp 1705728926889
[2024-01-20T05:35:27.566+0000] {spark_submit.py:571} INFO - 24/01/20 05:35:27 INFO SparkContext: Added JAR file:///home/***/.ivy2/jars/com.datastax.spark_spark-cassandra-connector-driver_2.12-3.4.1.jar at spark://45c5bfab8aa1:39481/jars/com.datastax.spark_spark-cassandra-connector-driver_2.12-3.4.1.jar with timestamp 1705728926889
[2024-01-20T05:35:27.566+0000] {spark_submit.py:571} INFO - 24/01/20 05:35:27 INFO SparkContext: Added JAR file:///home/***/.ivy2/jars/org.scala-lang.modules_scala-collection-compat_2.12-2.11.0.jar at spark://45c5bfab8aa1:39481/jars/org.scala-lang.modules_scala-collection-compat_2.12-2.11.0.jar with timestamp 1705728926889
[2024-01-20T05:35:27.566+0000] {spark_submit.py:571} INFO - 24/01/20 05:35:27 INFO SparkContext: Added JAR file:///home/***/.ivy2/jars/com.datastax.oss_java-driver-core-shaded-4.13.0.jar at spark://45c5bfab8aa1:39481/jars/com.datastax.oss_java-driver-core-shaded-4.13.0.jar with timestamp 1705728926889
[2024-01-20T05:35:27.567+0000] {spark_submit.py:571} INFO - 24/01/20 05:35:27 INFO SparkContext: Added JAR file:///home/***/.ivy2/jars/com.datastax.oss_java-driver-mapper-runtime-4.13.0.jar at spark://45c5bfab8aa1:39481/jars/com.datastax.oss_java-driver-mapper-runtime-4.13.0.jar with timestamp 1705728926889
[2024-01-20T05:35:27.567+0000] {spark_submit.py:571} INFO - 24/01/20 05:35:27 INFO SparkContext: Added JAR file:///home/***/.ivy2/jars/org.apache.commons_commons-lang3-3.10.jar at spark://45c5bfab8aa1:39481/jars/org.apache.commons_commons-lang3-3.10.jar with timestamp 1705728926889
[2024-01-20T05:35:27.567+0000] {spark_submit.py:571} INFO - 24/01/20 05:35:27 INFO SparkContext: Added JAR file:///home/***/.ivy2/jars/com.thoughtworks.paranamer_paranamer-2.8.jar at spark://45c5bfab8aa1:39481/jars/com.thoughtworks.paranamer_paranamer-2.8.jar with timestamp 1705728926889
[2024-01-20T05:35:27.568+0000] {spark_submit.py:571} INFO - 24/01/20 05:35:27 INFO SparkContext: Added JAR file:///home/***/.ivy2/jars/org.scala-lang_scala-reflect-2.12.11.jar at spark://45c5bfab8aa1:39481/jars/org.scala-lang_scala-reflect-2.12.11.jar with timestamp 1705728926889
[2024-01-20T05:35:27.568+0000] {spark_submit.py:571} INFO - 24/01/20 05:35:27 INFO SparkContext: Added JAR file:///home/***/.ivy2/jars/com.datastax.oss_native-protocol-1.5.0.jar at spark://45c5bfab8aa1:39481/jars/com.datastax.oss_native-protocol-1.5.0.jar with timestamp 1705728926889
[2024-01-20T05:35:27.568+0000] {spark_submit.py:571} INFO - 24/01/20 05:35:27 INFO SparkContext: Added JAR file:///home/***/.ivy2/jars/com.datastax.oss_java-driver-shaded-guava-25.1-jre-graal-sub-1.jar at spark://45c5bfab8aa1:39481/jars/com.datastax.oss_java-driver-shaded-guava-25.1-jre-graal-sub-1.jar with timestamp 1705728926889
[2024-01-20T05:35:27.568+0000] {spark_submit.py:571} INFO - 24/01/20 05:35:27 INFO SparkContext: Added JAR file:///home/***/.ivy2/jars/com.typesafe_config-1.4.1.jar at spark://45c5bfab8aa1:39481/jars/com.typesafe_config-1.4.1.jar with timestamp 1705728926889
[2024-01-20T05:35:27.569+0000] {spark_submit.py:571} INFO - 24/01/20 05:35:27 INFO SparkContext: Added JAR file:///home/***/.ivy2/jars/io.dropwizard.metrics_metrics-core-4.1.18.jar at spark://45c5bfab8aa1:39481/jars/io.dropwizard.metrics_metrics-core-4.1.18.jar with timestamp 1705728926889
[2024-01-20T05:35:27.569+0000] {spark_submit.py:571} INFO - 24/01/20 05:35:27 INFO SparkContext: Added JAR file:///home/***/.ivy2/jars/org.hdrhistogram_HdrHistogram-2.1.12.jar at spark://45c5bfab8aa1:39481/jars/org.hdrhistogram_HdrHistogram-2.1.12.jar with timestamp 1705728926889
[2024-01-20T05:35:27.569+0000] {spark_submit.py:571} INFO - 24/01/20 05:35:27 INFO SparkContext: Added JAR file:///home/***/.ivy2/jars/org.reactivestreams_reactive-streams-1.0.3.jar at spark://45c5bfab8aa1:39481/jars/org.reactivestreams_reactive-streams-1.0.3.jar with timestamp 1705728926889
[2024-01-20T05:35:27.569+0000] {spark_submit.py:571} INFO - 24/01/20 05:35:27 INFO SparkContext: Added JAR file:///home/***/.ivy2/jars/com.github.stephenc.jcip_jcip-annotations-1.0-1.jar at spark://45c5bfab8aa1:39481/jars/com.github.stephenc.jcip_jcip-annotations-1.0-1.jar with timestamp 1705728926889
[2024-01-20T05:35:27.570+0000] {spark_submit.py:571} INFO - 24/01/20 05:35:27 INFO SparkContext: Added JAR file:///home/***/.ivy2/jars/com.github.spotbugs_spotbugs-annotations-3.1.12.jar at spark://45c5bfab8aa1:39481/jars/com.github.spotbugs_spotbugs-annotations-3.1.12.jar with timestamp 1705728926889
[2024-01-20T05:35:27.570+0000] {spark_submit.py:571} INFO - 24/01/20 05:35:27 INFO SparkContext: Added JAR file:///home/***/.ivy2/jars/com.google.code.findbugs_jsr305-3.0.2.jar at spark://45c5bfab8aa1:39481/jars/com.google.code.findbugs_jsr305-3.0.2.jar with timestamp 1705728926889
[2024-01-20T05:35:27.570+0000] {spark_submit.py:571} INFO - 24/01/20 05:35:27 INFO SparkContext: Added JAR file:///home/***/.ivy2/jars/com.datastax.oss_java-driver-query-builder-4.13.0.jar at spark://45c5bfab8aa1:39481/jars/com.datastax.oss_java-driver-query-builder-4.13.0.jar with timestamp 1705728926889
[2024-01-20T05:35:27.570+0000] {spark_submit.py:571} INFO - 24/01/20 05:35:27 INFO SparkContext: Added JAR file:///home/***/.ivy2/jars/org.apache.spark_spark-token-provider-kafka-0-10_2.12-3.4.1.jar at spark://45c5bfab8aa1:39481/jars/org.apache.spark_spark-token-provider-kafka-0-10_2.12-3.4.1.jar with timestamp 1705728926889
[2024-01-20T05:35:27.571+0000] {spark_submit.py:571} INFO - 24/01/20 05:35:27 INFO SparkContext: Added JAR file:///home/***/.ivy2/jars/org.apache.kafka_kafka-clients-3.3.2.jar at spark://45c5bfab8aa1:39481/jars/org.apache.kafka_kafka-clients-3.3.2.jar with timestamp 1705728926889
[2024-01-20T05:35:27.571+0000] {spark_submit.py:571} INFO - 24/01/20 05:35:27 INFO SparkContext: Added JAR file:///home/***/.ivy2/jars/org.apache.commons_commons-pool2-2.11.1.jar at spark://45c5bfab8aa1:39481/jars/org.apache.commons_commons-pool2-2.11.1.jar with timestamp 1705728926889
[2024-01-20T05:35:27.571+0000] {spark_submit.py:571} INFO - 24/01/20 05:35:27 INFO SparkContext: Added JAR file:///home/***/.ivy2/jars/org.apache.hadoop_hadoop-client-runtime-3.3.4.jar at spark://45c5bfab8aa1:39481/jars/org.apache.hadoop_hadoop-client-runtime-3.3.4.jar with timestamp 1705728926889
[2024-01-20T05:35:27.572+0000] {spark_submit.py:571} INFO - 24/01/20 05:35:27 INFO SparkContext: Added JAR file:///home/***/.ivy2/jars/org.lz4_lz4-java-1.8.0.jar at spark://45c5bfab8aa1:39481/jars/org.lz4_lz4-java-1.8.0.jar with timestamp 1705728926889
[2024-01-20T05:35:27.572+0000] {spark_submit.py:571} INFO - 24/01/20 05:35:27 INFO SparkContext: Added JAR file:///home/***/.ivy2/jars/org.xerial.snappy_snappy-java-1.1.10.1.jar at spark://45c5bfab8aa1:39481/jars/org.xerial.snappy_snappy-java-1.1.10.1.jar with timestamp 1705728926889
[2024-01-20T05:35:27.572+0000] {spark_submit.py:571} INFO - 24/01/20 05:35:27 INFO SparkContext: Added JAR file:///home/***/.ivy2/jars/org.slf4j_slf4j-api-2.0.6.jar at spark://45c5bfab8aa1:39481/jars/org.slf4j_slf4j-api-2.0.6.jar with timestamp 1705728926889
[2024-01-20T05:35:27.572+0000] {spark_submit.py:571} INFO - 24/01/20 05:35:27 INFO SparkContext: Added JAR file:///home/***/.ivy2/jars/org.apache.hadoop_hadoop-client-api-3.3.4.jar at spark://45c5bfab8aa1:39481/jars/org.apache.hadoop_hadoop-client-api-3.3.4.jar with timestamp 1705728926889
[2024-01-20T05:35:27.573+0000] {spark_submit.py:571} INFO - 24/01/20 05:35:27 INFO SparkContext: Added JAR file:///home/***/.ivy2/jars/commons-logging_commons-logging-1.1.3.jar at spark://45c5bfab8aa1:39481/jars/commons-logging_commons-logging-1.1.3.jar with timestamp 1705728926889
[2024-01-20T05:35:27.573+0000] {spark_submit.py:571} INFO - 24/01/20 05:35:27 INFO SparkContext: Added file file:///home/***/.ivy2/jars/com.datastax.spark_spark-cassandra-connector_2.12-3.4.1.jar at spark://45c5bfab8aa1:39481/files/com.datastax.spark_spark-cassandra-connector_2.12-3.4.1.jar with timestamp 1705728926889
[2024-01-20T05:35:27.573+0000] {spark_submit.py:571} INFO - 24/01/20 05:35:27 INFO Utils: Copying /home/***/.ivy2/jars/com.datastax.spark_spark-cassandra-connector_2.12-3.4.1.jar to /tmp/spark-cdb9ee66-0b45-43d2-b78a-995229981a1e/userFiles-67f08e5b-26aa-4343-aca2-26f7fcc6cd45/com.datastax.spark_spark-cassandra-connector_2.12-3.4.1.jar
[2024-01-20T05:35:27.579+0000] {spark_submit.py:571} INFO - 24/01/20 05:35:27 INFO SparkContext: Added file file:///home/***/.ivy2/jars/org.apache.spark_spark-sql-kafka-0-10_2.12-3.4.1.jar at spark://45c5bfab8aa1:39481/files/org.apache.spark_spark-sql-kafka-0-10_2.12-3.4.1.jar with timestamp 1705728926889
[2024-01-20T05:35:27.579+0000] {spark_submit.py:571} INFO - 24/01/20 05:35:27 INFO Utils: Copying /home/***/.ivy2/jars/org.apache.spark_spark-sql-kafka-0-10_2.12-3.4.1.jar to /tmp/spark-cdb9ee66-0b45-43d2-b78a-995229981a1e/userFiles-67f08e5b-26aa-4343-aca2-26f7fcc6cd45/org.apache.spark_spark-sql-kafka-0-10_2.12-3.4.1.jar
[2024-01-20T05:35:27.583+0000] {spark_submit.py:571} INFO - 24/01/20 05:35:27 INFO SparkContext: Added file file:///home/***/.ivy2/jars/com.datastax.spark_spark-cassandra-connector-driver_2.12-3.4.1.jar at spark://45c5bfab8aa1:39481/files/com.datastax.spark_spark-cassandra-connector-driver_2.12-3.4.1.jar with timestamp 1705728926889
[2024-01-20T05:35:27.584+0000] {spark_submit.py:571} INFO - 24/01/20 05:35:27 INFO Utils: Copying /home/***/.ivy2/jars/com.datastax.spark_spark-cassandra-connector-driver_2.12-3.4.1.jar to /tmp/spark-cdb9ee66-0b45-43d2-b78a-995229981a1e/userFiles-67f08e5b-26aa-4343-aca2-26f7fcc6cd45/com.datastax.spark_spark-cassandra-connector-driver_2.12-3.4.1.jar
[2024-01-20T05:35:27.587+0000] {spark_submit.py:571} INFO - 24/01/20 05:35:27 INFO SparkContext: Added file file:///home/***/.ivy2/jars/org.scala-lang.modules_scala-collection-compat_2.12-2.11.0.jar at spark://45c5bfab8aa1:39481/files/org.scala-lang.modules_scala-collection-compat_2.12-2.11.0.jar with timestamp 1705728926889
[2024-01-20T05:35:27.587+0000] {spark_submit.py:571} INFO - 24/01/20 05:35:27 INFO Utils: Copying /home/***/.ivy2/jars/org.scala-lang.modules_scala-collection-compat_2.12-2.11.0.jar to /tmp/spark-cdb9ee66-0b45-43d2-b78a-995229981a1e/userFiles-67f08e5b-26aa-4343-aca2-26f7fcc6cd45/org.scala-lang.modules_scala-collection-compat_2.12-2.11.0.jar
[2024-01-20T05:35:27.589+0000] {spark_submit.py:571} INFO - 24/01/20 05:35:27 INFO SparkContext: Added file file:///home/***/.ivy2/jars/com.datastax.oss_java-driver-core-shaded-4.13.0.jar at spark://45c5bfab8aa1:39481/files/com.datastax.oss_java-driver-core-shaded-4.13.0.jar with timestamp 1705728926889
[2024-01-20T05:35:27.590+0000] {spark_submit.py:571} INFO - 24/01/20 05:35:27 INFO Utils: Copying /home/***/.ivy2/jars/com.datastax.oss_java-driver-core-shaded-4.13.0.jar to /tmp/spark-cdb9ee66-0b45-43d2-b78a-995229981a1e/userFiles-67f08e5b-26aa-4343-aca2-26f7fcc6cd45/com.datastax.oss_java-driver-core-shaded-4.13.0.jar
[2024-01-20T05:35:27.597+0000] {spark_submit.py:571} INFO - 24/01/20 05:35:27 INFO SparkContext: Added file file:///home/***/.ivy2/jars/com.datastax.oss_java-driver-mapper-runtime-4.13.0.jar at spark://45c5bfab8aa1:39481/files/com.datastax.oss_java-driver-mapper-runtime-4.13.0.jar with timestamp 1705728926889
[2024-01-20T05:35:27.597+0000] {spark_submit.py:571} INFO - 24/01/20 05:35:27 INFO Utils: Copying /home/***/.ivy2/jars/com.datastax.oss_java-driver-mapper-runtime-4.13.0.jar to /tmp/spark-cdb9ee66-0b45-43d2-b78a-995229981a1e/userFiles-67f08e5b-26aa-4343-aca2-26f7fcc6cd45/com.datastax.oss_java-driver-mapper-runtime-4.13.0.jar
[2024-01-20T05:35:27.599+0000] {spark_submit.py:571} INFO - 24/01/20 05:35:27 INFO SparkContext: Added file file:///home/***/.ivy2/jars/org.apache.commons_commons-lang3-3.10.jar at spark://45c5bfab8aa1:39481/files/org.apache.commons_commons-lang3-3.10.jar with timestamp 1705728926889
[2024-01-20T05:35:27.600+0000] {spark_submit.py:571} INFO - 24/01/20 05:35:27 INFO Utils: Copying /home/***/.ivy2/jars/org.apache.commons_commons-lang3-3.10.jar to /tmp/spark-cdb9ee66-0b45-43d2-b78a-995229981a1e/userFiles-67f08e5b-26aa-4343-aca2-26f7fcc6cd45/org.apache.commons_commons-lang3-3.10.jar
[2024-01-20T05:35:27.603+0000] {spark_submit.py:571} INFO - 24/01/20 05:35:27 INFO SparkContext: Added file file:///home/***/.ivy2/jars/com.thoughtworks.paranamer_paranamer-2.8.jar at spark://45c5bfab8aa1:39481/files/com.thoughtworks.paranamer_paranamer-2.8.jar with timestamp 1705728926889
[2024-01-20T05:35:27.603+0000] {spark_submit.py:571} INFO - 24/01/20 05:35:27 INFO Utils: Copying /home/***/.ivy2/jars/com.thoughtworks.paranamer_paranamer-2.8.jar to /tmp/spark-cdb9ee66-0b45-43d2-b78a-995229981a1e/userFiles-67f08e5b-26aa-4343-aca2-26f7fcc6cd45/com.thoughtworks.paranamer_paranamer-2.8.jar
[2024-01-20T05:35:27.605+0000] {spark_submit.py:571} INFO - 24/01/20 05:35:27 INFO SparkContext: Added file file:///home/***/.ivy2/jars/org.scala-lang_scala-reflect-2.12.11.jar at spark://45c5bfab8aa1:39481/files/org.scala-lang_scala-reflect-2.12.11.jar with timestamp 1705728926889
[2024-01-20T05:35:27.606+0000] {spark_submit.py:571} INFO - 24/01/20 05:35:27 INFO Utils: Copying /home/***/.ivy2/jars/org.scala-lang_scala-reflect-2.12.11.jar to /tmp/spark-cdb9ee66-0b45-43d2-b78a-995229981a1e/userFiles-67f08e5b-26aa-4343-aca2-26f7fcc6cd45/org.scala-lang_scala-reflect-2.12.11.jar
[2024-01-20T05:35:27.610+0000] {spark_submit.py:571} INFO - 24/01/20 05:35:27 INFO SparkContext: Added file file:///home/***/.ivy2/jars/com.datastax.oss_native-protocol-1.5.0.jar at spark://45c5bfab8aa1:39481/files/com.datastax.oss_native-protocol-1.5.0.jar with timestamp 1705728926889
[2024-01-20T05:35:27.611+0000] {spark_submit.py:571} INFO - 24/01/20 05:35:27 INFO Utils: Copying /home/***/.ivy2/jars/com.datastax.oss_native-protocol-1.5.0.jar to /tmp/spark-cdb9ee66-0b45-43d2-b78a-995229981a1e/userFiles-67f08e5b-26aa-4343-aca2-26f7fcc6cd45/com.datastax.oss_native-protocol-1.5.0.jar
[2024-01-20T05:35:27.614+0000] {spark_submit.py:571} INFO - 24/01/20 05:35:27 INFO SparkContext: Added file file:///home/***/.ivy2/jars/com.datastax.oss_java-driver-shaded-guava-25.1-jre-graal-sub-1.jar at spark://45c5bfab8aa1:39481/files/com.datastax.oss_java-driver-shaded-guava-25.1-jre-graal-sub-1.jar with timestamp 1705728926889
[2024-01-20T05:35:27.614+0000] {spark_submit.py:571} INFO - 24/01/20 05:35:27 INFO Utils: Copying /home/***/.ivy2/jars/com.datastax.oss_java-driver-shaded-guava-25.1-jre-graal-sub-1.jar to /tmp/spark-cdb9ee66-0b45-43d2-b78a-995229981a1e/userFiles-67f08e5b-26aa-4343-aca2-26f7fcc6cd45/com.datastax.oss_java-driver-shaded-guava-25.1-jre-graal-sub-1.jar
[2024-01-20T05:35:27.618+0000] {spark_submit.py:571} INFO - 24/01/20 05:35:27 INFO SparkContext: Added file file:///home/***/.ivy2/jars/com.typesafe_config-1.4.1.jar at spark://45c5bfab8aa1:39481/files/com.typesafe_config-1.4.1.jar with timestamp 1705728926889
[2024-01-20T05:35:27.619+0000] {spark_submit.py:571} INFO - 24/01/20 05:35:27 INFO Utils: Copying /home/***/.ivy2/jars/com.typesafe_config-1.4.1.jar to /tmp/spark-cdb9ee66-0b45-43d2-b78a-995229981a1e/userFiles-67f08e5b-26aa-4343-aca2-26f7fcc6cd45/com.typesafe_config-1.4.1.jar
[2024-01-20T05:35:27.621+0000] {spark_submit.py:571} INFO - 24/01/20 05:35:27 INFO SparkContext: Added file file:///home/***/.ivy2/jars/io.dropwizard.metrics_metrics-core-4.1.18.jar at spark://45c5bfab8aa1:39481/files/io.dropwizard.metrics_metrics-core-4.1.18.jar with timestamp 1705728926889
[2024-01-20T05:35:27.621+0000] {spark_submit.py:571} INFO - 24/01/20 05:35:27 INFO Utils: Copying /home/***/.ivy2/jars/io.dropwizard.metrics_metrics-core-4.1.18.jar to /tmp/spark-cdb9ee66-0b45-43d2-b78a-995229981a1e/userFiles-67f08e5b-26aa-4343-aca2-26f7fcc6cd45/io.dropwizard.metrics_metrics-core-4.1.18.jar
[2024-01-20T05:35:27.624+0000] {spark_submit.py:571} INFO - 24/01/20 05:35:27 INFO SparkContext: Added file file:///home/***/.ivy2/jars/org.hdrhistogram_HdrHistogram-2.1.12.jar at spark://45c5bfab8aa1:39481/files/org.hdrhistogram_HdrHistogram-2.1.12.jar with timestamp 1705728926889
[2024-01-20T05:35:27.624+0000] {spark_submit.py:571} INFO - 24/01/20 05:35:27 INFO Utils: Copying /home/***/.ivy2/jars/org.hdrhistogram_HdrHistogram-2.1.12.jar to /tmp/spark-cdb9ee66-0b45-43d2-b78a-995229981a1e/userFiles-67f08e5b-26aa-4343-aca2-26f7fcc6cd45/org.hdrhistogram_HdrHistogram-2.1.12.jar
[2024-01-20T05:35:27.626+0000] {spark_submit.py:571} INFO - 24/01/20 05:35:27 INFO SparkContext: Added file file:///home/***/.ivy2/jars/org.reactivestreams_reactive-streams-1.0.3.jar at spark://45c5bfab8aa1:39481/files/org.reactivestreams_reactive-streams-1.0.3.jar with timestamp 1705728926889
[2024-01-20T05:35:27.627+0000] {spark_submit.py:571} INFO - 24/01/20 05:35:27 INFO Utils: Copying /home/***/.ivy2/jars/org.reactivestreams_reactive-streams-1.0.3.jar to /tmp/spark-cdb9ee66-0b45-43d2-b78a-995229981a1e/userFiles-67f08e5b-26aa-4343-aca2-26f7fcc6cd45/org.reactivestreams_reactive-streams-1.0.3.jar
[2024-01-20T05:35:27.629+0000] {spark_submit.py:571} INFO - 24/01/20 05:35:27 INFO SparkContext: Added file file:///home/***/.ivy2/jars/com.github.stephenc.jcip_jcip-annotations-1.0-1.jar at spark://45c5bfab8aa1:39481/files/com.github.stephenc.jcip_jcip-annotations-1.0-1.jar with timestamp 1705728926889
[2024-01-20T05:35:27.629+0000] {spark_submit.py:571} INFO - 24/01/20 05:35:27 INFO Utils: Copying /home/***/.ivy2/jars/com.github.stephenc.jcip_jcip-annotations-1.0-1.jar to /tmp/spark-cdb9ee66-0b45-43d2-b78a-995229981a1e/userFiles-67f08e5b-26aa-4343-aca2-26f7fcc6cd45/com.github.stephenc.jcip_jcip-annotations-1.0-1.jar
[2024-01-20T05:35:27.631+0000] {spark_submit.py:571} INFO - 24/01/20 05:35:27 INFO SparkContext: Added file file:///home/***/.ivy2/jars/com.github.spotbugs_spotbugs-annotations-3.1.12.jar at spark://45c5bfab8aa1:39481/files/com.github.spotbugs_spotbugs-annotations-3.1.12.jar with timestamp 1705728926889
[2024-01-20T05:35:27.631+0000] {spark_submit.py:571} INFO - 24/01/20 05:35:27 INFO Utils: Copying /home/***/.ivy2/jars/com.github.spotbugs_spotbugs-annotations-3.1.12.jar to /tmp/spark-cdb9ee66-0b45-43d2-b78a-995229981a1e/userFiles-67f08e5b-26aa-4343-aca2-26f7fcc6cd45/com.github.spotbugs_spotbugs-annotations-3.1.12.jar
[2024-01-20T05:35:27.633+0000] {spark_submit.py:571} INFO - 24/01/20 05:35:27 INFO SparkContext: Added file file:///home/***/.ivy2/jars/com.google.code.findbugs_jsr305-3.0.2.jar at spark://45c5bfab8aa1:39481/files/com.google.code.findbugs_jsr305-3.0.2.jar with timestamp 1705728926889
[2024-01-20T05:35:27.634+0000] {spark_submit.py:571} INFO - 24/01/20 05:35:27 INFO Utils: Copying /home/***/.ivy2/jars/com.google.code.findbugs_jsr305-3.0.2.jar to /tmp/spark-cdb9ee66-0b45-43d2-b78a-995229981a1e/userFiles-67f08e5b-26aa-4343-aca2-26f7fcc6cd45/com.google.code.findbugs_jsr305-3.0.2.jar
[2024-01-20T05:35:27.636+0000] {spark_submit.py:571} INFO - 24/01/20 05:35:27 INFO SparkContext: Added file file:///home/***/.ivy2/jars/com.datastax.oss_java-driver-query-builder-4.13.0.jar at spark://45c5bfab8aa1:39481/files/com.datastax.oss_java-driver-query-builder-4.13.0.jar with timestamp 1705728926889
[2024-01-20T05:35:27.637+0000] {spark_submit.py:571} INFO - 24/01/20 05:35:27 INFO Utils: Copying /home/***/.ivy2/jars/com.datastax.oss_java-driver-query-builder-4.13.0.jar to /tmp/spark-cdb9ee66-0b45-43d2-b78a-995229981a1e/userFiles-67f08e5b-26aa-4343-aca2-26f7fcc6cd45/com.datastax.oss_java-driver-query-builder-4.13.0.jar
[2024-01-20T05:35:27.639+0000] {spark_submit.py:571} INFO - 24/01/20 05:35:27 INFO SparkContext: Added file file:///home/***/.ivy2/jars/org.apache.spark_spark-token-provider-kafka-0-10_2.12-3.4.1.jar at spark://45c5bfab8aa1:39481/files/org.apache.spark_spark-token-provider-kafka-0-10_2.12-3.4.1.jar with timestamp 1705728926889
[2024-01-20T05:35:27.639+0000] {spark_submit.py:571} INFO - 24/01/20 05:35:27 INFO Utils: Copying /home/***/.ivy2/jars/org.apache.spark_spark-token-provider-kafka-0-10_2.12-3.4.1.jar to /tmp/spark-cdb9ee66-0b45-43d2-b78a-995229981a1e/userFiles-67f08e5b-26aa-4343-aca2-26f7fcc6cd45/org.apache.spark_spark-token-provider-kafka-0-10_2.12-3.4.1.jar
[2024-01-20T05:35:27.642+0000] {spark_submit.py:571} INFO - 24/01/20 05:35:27 INFO SparkContext: Added file file:///home/***/.ivy2/jars/org.apache.kafka_kafka-clients-3.3.2.jar at spark://45c5bfab8aa1:39481/files/org.apache.kafka_kafka-clients-3.3.2.jar with timestamp 1705728926889
[2024-01-20T05:35:27.642+0000] {spark_submit.py:571} INFO - 24/01/20 05:35:27 INFO Utils: Copying /home/***/.ivy2/jars/org.apache.kafka_kafka-clients-3.3.2.jar to /tmp/spark-cdb9ee66-0b45-43d2-b78a-995229981a1e/userFiles-67f08e5b-26aa-4343-aca2-26f7fcc6cd45/org.apache.kafka_kafka-clients-3.3.2.jar
[2024-01-20T05:35:27.648+0000] {spark_submit.py:571} INFO - 24/01/20 05:35:27 INFO SparkContext: Added file file:///home/***/.ivy2/jars/org.apache.commons_commons-pool2-2.11.1.jar at spark://45c5bfab8aa1:39481/files/org.apache.commons_commons-pool2-2.11.1.jar with timestamp 1705728926889
[2024-01-20T05:35:27.648+0000] {spark_submit.py:571} INFO - 24/01/20 05:35:27 INFO Utils: Copying /home/***/.ivy2/jars/org.apache.commons_commons-pool2-2.11.1.jar to /tmp/spark-cdb9ee66-0b45-43d2-b78a-995229981a1e/userFiles-67f08e5b-26aa-4343-aca2-26f7fcc6cd45/org.apache.commons_commons-pool2-2.11.1.jar
[2024-01-20T05:35:27.650+0000] {spark_submit.py:571} INFO - 24/01/20 05:35:27 INFO SparkContext: Added file file:///home/***/.ivy2/jars/org.apache.hadoop_hadoop-client-runtime-3.3.4.jar at spark://45c5bfab8aa1:39481/files/org.apache.hadoop_hadoop-client-runtime-3.3.4.jar with timestamp 1705728926889
[2024-01-20T05:35:27.651+0000] {spark_submit.py:571} INFO - 24/01/20 05:35:27 INFO Utils: Copying /home/***/.ivy2/jars/org.apache.hadoop_hadoop-client-runtime-3.3.4.jar to /tmp/spark-cdb9ee66-0b45-43d2-b78a-995229981a1e/userFiles-67f08e5b-26aa-4343-aca2-26f7fcc6cd45/org.apache.hadoop_hadoop-client-runtime-3.3.4.jar
[2024-01-20T05:35:27.675+0000] {spark_submit.py:571} INFO - 24/01/20 05:35:27 INFO SparkContext: Added file file:///home/***/.ivy2/jars/org.lz4_lz4-java-1.8.0.jar at spark://45c5bfab8aa1:39481/files/org.lz4_lz4-java-1.8.0.jar with timestamp 1705728926889
[2024-01-20T05:35:27.677+0000] {spark_submit.py:571} INFO - 24/01/20 05:35:27 INFO Utils: Copying /home/***/.ivy2/jars/org.lz4_lz4-java-1.8.0.jar to /tmp/spark-cdb9ee66-0b45-43d2-b78a-995229981a1e/userFiles-67f08e5b-26aa-4343-aca2-26f7fcc6cd45/org.lz4_lz4-java-1.8.0.jar
[2024-01-20T05:35:27.682+0000] {spark_submit.py:571} INFO - 24/01/20 05:35:27 INFO SparkContext: Added file file:///home/***/.ivy2/jars/org.xerial.snappy_snappy-java-1.1.10.1.jar at spark://45c5bfab8aa1:39481/files/org.xerial.snappy_snappy-java-1.1.10.1.jar with timestamp 1705728926889
[2024-01-20T05:35:27.683+0000] {spark_submit.py:571} INFO - 24/01/20 05:35:27 INFO Utils: Copying /home/***/.ivy2/jars/org.xerial.snappy_snappy-java-1.1.10.1.jar to /tmp/spark-cdb9ee66-0b45-43d2-b78a-995229981a1e/userFiles-67f08e5b-26aa-4343-aca2-26f7fcc6cd45/org.xerial.snappy_snappy-java-1.1.10.1.jar
[2024-01-20T05:35:27.689+0000] {spark_submit.py:571} INFO - 24/01/20 05:35:27 INFO SparkContext: Added file file:///home/***/.ivy2/jars/org.slf4j_slf4j-api-2.0.6.jar at spark://45c5bfab8aa1:39481/files/org.slf4j_slf4j-api-2.0.6.jar with timestamp 1705728926889
[2024-01-20T05:35:27.691+0000] {spark_submit.py:571} INFO - 24/01/20 05:35:27 INFO Utils: Copying /home/***/.ivy2/jars/org.slf4j_slf4j-api-2.0.6.jar to /tmp/spark-cdb9ee66-0b45-43d2-b78a-995229981a1e/userFiles-67f08e5b-26aa-4343-aca2-26f7fcc6cd45/org.slf4j_slf4j-api-2.0.6.jar
[2024-01-20T05:35:27.694+0000] {spark_submit.py:571} INFO - 24/01/20 05:35:27 INFO SparkContext: Added file file:///home/***/.ivy2/jars/org.apache.hadoop_hadoop-client-api-3.3.4.jar at spark://45c5bfab8aa1:39481/files/org.apache.hadoop_hadoop-client-api-3.3.4.jar with timestamp 1705728926889
[2024-01-20T05:35:27.694+0000] {spark_submit.py:571} INFO - 24/01/20 05:35:27 INFO Utils: Copying /home/***/.ivy2/jars/org.apache.hadoop_hadoop-client-api-3.3.4.jar to /tmp/spark-cdb9ee66-0b45-43d2-b78a-995229981a1e/userFiles-67f08e5b-26aa-4343-aca2-26f7fcc6cd45/org.apache.hadoop_hadoop-client-api-3.3.4.jar
[2024-01-20T05:35:27.752+0000] {spark_submit.py:571} INFO - 24/01/20 05:35:27 INFO SparkContext: Added file file:///home/***/.ivy2/jars/commons-logging_commons-logging-1.1.3.jar at spark://45c5bfab8aa1:39481/files/commons-logging_commons-logging-1.1.3.jar with timestamp 1705728926889
[2024-01-20T05:35:27.752+0000] {spark_submit.py:571} INFO - 24/01/20 05:35:27 INFO Utils: Copying /home/***/.ivy2/jars/commons-logging_commons-logging-1.1.3.jar to /tmp/spark-cdb9ee66-0b45-43d2-b78a-995229981a1e/userFiles-67f08e5b-26aa-4343-aca2-26f7fcc6cd45/commons-logging_commons-logging-1.1.3.jar
[2024-01-20T05:35:27.825+0000] {spark_submit.py:571} INFO - 24/01/20 05:35:27 INFO StandaloneAppClient$ClientEndpoint: Connecting to master spark://172.19.0.4:7077...
[2024-01-20T05:35:27.857+0000] {spark_submit.py:571} INFO - 24/01/20 05:35:27 INFO TransportClientFactory: Successfully created connection to /172.19.0.4:7077 after 19 ms (0 ms spent in bootstraps)
[2024-01-20T05:35:27.929+0000] {spark_submit.py:571} INFO - 24/01/20 05:35:27 INFO StandaloneSchedulerBackend: Connected to Spark cluster with app ID app-20240120053527-0017
[2024-01-20T05:35:27.931+0000] {spark_submit.py:571} INFO - 24/01/20 05:35:27 INFO StandaloneAppClient$ClientEndpoint: Executor added: app-20240120053527-0017/0 on worker-20240120035805-172.19.0.7-35915 (172.19.0.7:35915) with 2 core(s)
[2024-01-20T05:35:27.932+0000] {spark_submit.py:571} INFO - 24/01/20 05:35:27 INFO StandaloneSchedulerBackend: Granted executor ID app-20240120053527-0017/0 on hostPort 172.19.0.7:35915 with 2 core(s), 1024.0 MiB RAM
[2024-01-20T05:35:27.937+0000] {spark_submit.py:571} INFO - 24/01/20 05:35:27 INFO Utils: Successfully started service 'org.apache.spark.network.netty.NettyBlockTransferService' on port 45077.
[2024-01-20T05:35:27.939+0000] {spark_submit.py:571} INFO - 24/01/20 05:35:27 INFO NettyBlockTransferService: Server created on 45c5bfab8aa1:45077
[2024-01-20T05:35:27.940+0000] {spark_submit.py:571} INFO - 24/01/20 05:35:27 INFO BlockManager: Using org.apache.spark.storage.RandomBlockReplicationPolicy for block replication policy
[2024-01-20T05:35:27.946+0000] {spark_submit.py:571} INFO - 24/01/20 05:35:27 INFO BlockManagerMaster: Registering BlockManager BlockManagerId(driver, 45c5bfab8aa1, 45077, None)
[2024-01-20T05:35:27.949+0000] {spark_submit.py:571} INFO - 24/01/20 05:35:27 INFO BlockManagerMasterEndpoint: Registering block manager 45c5bfab8aa1:45077 with 434.4 MiB RAM, BlockManagerId(driver, 45c5bfab8aa1, 45077, None)
[2024-01-20T05:35:27.952+0000] {spark_submit.py:571} INFO - 24/01/20 05:35:27 INFO BlockManagerMaster: Registered BlockManager BlockManagerId(driver, 45c5bfab8aa1, 45077, None)
[2024-01-20T05:35:27.953+0000] {spark_submit.py:571} INFO - 24/01/20 05:35:27 INFO BlockManager: Initialized BlockManager: BlockManagerId(driver, 45c5bfab8aa1, 45077, None)
[2024-01-20T05:35:27.958+0000] {spark_submit.py:571} INFO - 24/01/20 05:35:27 INFO StandaloneAppClient$ClientEndpoint: Executor updated: app-20240120053527-0017/0 is now RUNNING
[2024-01-20T05:35:28.172+0000] {spark_submit.py:571} INFO - 24/01/20 05:35:28 INFO StandaloneSchedulerBackend: SchedulerBackend is ready for scheduling beginning after reached minRegisteredResourcesRatio: 0.0
[2024-01-20T05:35:30.089+0000] {spark_submit.py:571} INFO - WARNING:cassandra.cluster:Cluster.__init__ called with contact_points specified, but no load_balancing_policy. In the next major version, this will raise an error; please specify a load-balancing policy. (contact_points = ['cassandra'], lbp = None)
[2024-01-20T05:35:30.100+0000] {spark_submit.py:571} INFO - WARNING:cassandra.cluster:Downgrading core protocol version from 66 to 65 for 172.19.0.2:9042. To avoid this, it is best practice to explicitly set Cluster(protocol_version) to the version supported by your cluster. http://datastax.github.io/python-driver/api/cassandra/cluster.html#cassandra.cluster.Cluster.protocol_version
[2024-01-20T05:35:30.102+0000] {spark_submit.py:571} INFO - WARNING:cassandra.cluster:Downgrading core protocol version from 65 to 5 for 172.19.0.2:9042. To avoid this, it is best practice to explicitly set Cluster(protocol_version) to the version supported by your cluster. http://datastax.github.io/python-driver/api/cassandra/cluster.html#cassandra.cluster.Cluster.protocol_version
[2024-01-20T05:35:30.147+0000] {spark_submit.py:571} INFO - Keyspace created successfully!
[2024-01-20T05:35:30.151+0000] {spark_submit.py:571} INFO - Tables created successfully!
[2024-01-20T05:35:30.550+0000] {spark_submit.py:571} INFO - bitcoin_parsed_df :  DataFrame[Name: string, Symbol: string, num_market_pairs: string, max_supply: string, infinite_supply: string, last_updated: string, Price (USD): string, Market Cap (USD): string, Volume 24h (USD): string, Percent Change 24h: string, percent_change_1h: string]
[2024-01-20T05:35:32.589+0000] {spark_submit.py:571} INFO - reddit_parsed_df :  DataFrame[created_utc: string, subreddit: string, selftext: string, title: string, subreddit_name_prefixed: string, _comments_by_id: string, upvote_ratio: string, category: string, score: string, created: string, num_comments: string, url: string, view_count: string, send_replies: string]
[2024-01-20T05:35:32.613+0000] {spark_submit.py:571} INFO - # Calculate sentiment scores for reddit_data
[2024-01-20T05:35:32.682+0000] {spark_submit.py:571} INFO - # Calculate average sentiment scores
[2024-01-20T05:35:32.706+0000] {spark_submit.py:571} INFO - 1
[2024-01-20T05:35:32.791+0000] {spark_submit.py:571} INFO - awaitTermination ...
[2024-01-20T05:36:32.793+0000] {spark_submit.py:571} INFO - select scores
[2024-01-20T05:36:32.868+0000] {spark_submit.py:571} INFO - ERROR:root:An error occurred in the Spark Streaming job: [TABLE_OR_VIEW_NOT_FOUND] The table or view `result_table` cannot be found. Verify the spelling and correctness of the schema and catalog.
[2024-01-20T05:36:32.869+0000] {spark_submit.py:571} INFO - If you did not qualify the name with a schema, verify the current_schema() output, or qualify the name with the correct schema and catalog.
[2024-01-20T05:36:32.869+0000] {spark_submit.py:571} INFO - To tolerate the error on drop use DROP VIEW IF EXISTS or DROP TABLE IF EXISTS.; line 1 pos 14;
[2024-01-20T05:36:32.869+0000] {spark_submit.py:571} INFO - 'Project [*]
[2024-01-20T05:36:32.870+0000] {spark_submit.py:571} INFO - +- 'UnresolvedRelation [result_table], [], false
[2024-01-20T05:36:32.870+0000] {spark_submit.py:571} INFO - 
[2024-01-20T05:36:32.870+0000] {spark_submit.py:571} INFO - Done !!
[2024-01-20T05:36:34.130+0000] {taskinstance.py:1400} INFO - Marking task as SUCCESS. dag_id=SpeedLayer, task_id=submit_spark_job, execution_date=20240120T053458, start_date=20240120T053518, end_date=20240120T053634
[2024-01-20T05:36:34.155+0000] {local_task_job_runner.py:228} INFO - Task exited with return code 0
[2024-01-20T05:36:34.168+0000] {taskinstance.py:2784} INFO - 0 downstream tasks scheduled from follow-on schedule check
