[2024-01-17T22:42:52.719+0000] {taskinstance.py:1159} INFO - Dependencies all met for dep_context=non-requeueable deps ti=<TaskInstance: Stream_Data_5.Reddit scheduled__2024-01-17T22:41:37.726346+00:00 [queued]>
[2024-01-17T22:42:52.728+0000] {taskinstance.py:1159} INFO - Dependencies all met for dep_context=requeueable deps ti=<TaskInstance: Stream_Data_5.Reddit scheduled__2024-01-17T22:41:37.726346+00:00 [queued]>
[2024-01-17T22:42:52.728+0000] {taskinstance.py:1361} INFO - Starting attempt 1 of 1
[2024-01-17T22:42:52.743+0000] {taskinstance.py:1382} INFO - Executing <Task(PythonOperator): Reddit> on 2024-01-17 22:41:37.726346+00:00
[2024-01-17T22:42:52.749+0000] {standard_task_runner.py:57} INFO - Started process 7506 to run task
[2024-01-17T22:42:52.752+0000] {standard_task_runner.py:84} INFO - Running: ['***', 'tasks', 'run', 'Stream_Data_5', 'Reddit', 'scheduled__2024-01-17T22:41:37.726346+00:00', '--job-id', '1117', '--raw', '--subdir', 'DAGS_FOLDER/kafka_stream_5.py', '--cfg-path', '/tmp/tmpgkfe9nsr']
[2024-01-17T22:42:52.753+0000] {standard_task_runner.py:85} INFO - Job 1117: Subtask Reddit
[2024-01-17T22:42:52.817+0000] {task_command.py:415} INFO - Running <TaskInstance: Stream_Data_5.Reddit scheduled__2024-01-17T22:41:37.726346+00:00 [running]> on host 614a419ad930
[2024-01-17T22:42:52.931+0000] {taskinstance.py:1660} INFO - Exporting env vars: AIRFLOW_CTX_DAG_OWNER='me' AIRFLOW_CTX_DAG_ID='Stream_Data_5' AIRFLOW_CTX_TASK_ID='Reddit' AIRFLOW_CTX_EXECUTION_DATE='2024-01-17T22:41:37.726346+00:00' AIRFLOW_CTX_TRY_NUMBER='1' AIRFLOW_CTX_DAG_RUN_ID='scheduled__2024-01-17T22:41:37.726346+00:00'
[2024-01-17T22:42:52.972+0000] {logging_mixin.py:151} INFO -  submission : 
[2024-01-17T22:42:55.306+0000] {logging_mixin.py:151} INFO - #False
[2024-01-17T22:42:55.306+0000] {logging_mixin.py:151} INFO - #False
[2024-01-17T22:42:55.306+0000] {logging_mixin.py:151} INFO - #False
[2024-01-17T22:42:55.306+0000] {logging_mixin.py:151} INFO - #False
[2024-01-17T22:42:55.306+0000] {logging_mixin.py:151} INFO - #False
[2024-01-17T22:42:55.306+0000] {logging_mixin.py:151} INFO - #False
[2024-01-17T22:42:55.306+0000] {logging_mixin.py:151} INFO - #False
[2024-01-17T22:42:55.307+0000] {logging_mixin.py:151} INFO - #False
[2024-01-17T22:42:55.307+0000] {logging_mixin.py:151} INFO - #False
[2024-01-17T22:42:55.307+0000] {logging_mixin.py:151} INFO - #False
[2024-01-17T22:42:55.307+0000] {logging_mixin.py:151} INFO - #False
[2024-01-17T22:42:55.307+0000] {logging_mixin.py:151} INFO - #False
[2024-01-17T22:42:55.307+0000] {logging_mixin.py:151} INFO - #False
[2024-01-17T22:42:55.307+0000] {logging_mixin.py:151} INFO - #False
[2024-01-17T22:42:55.307+0000] {logging_mixin.py:151} INFO - #False
[2024-01-17T22:42:55.307+0000] {logging_mixin.py:151} INFO - #False
[2024-01-17T22:42:55.307+0000] {logging_mixin.py:151} INFO - #False
[2024-01-17T22:42:55.307+0000] {logging_mixin.py:151} INFO - #False
[2024-01-17T22:42:55.307+0000] {logging_mixin.py:151} INFO - #False
[2024-01-17T22:42:55.307+0000] {logging_mixin.py:151} INFO - #False
[2024-01-17T22:42:55.307+0000] {logging_mixin.py:151} INFO - #False
[2024-01-17T22:42:55.307+0000] {logging_mixin.py:151} INFO - #False
[2024-01-17T22:42:55.308+0000] {logging_mixin.py:151} INFO - #False
[2024-01-17T22:42:55.308+0000] {logging_mixin.py:151} INFO - #False
[2024-01-17T22:42:55.308+0000] {logging_mixin.py:151} INFO - #False
[2024-01-17T22:42:55.308+0000] {logging_mixin.py:151} INFO - #False
[2024-01-17T22:42:55.308+0000] {logging_mixin.py:151} INFO - #False
[2024-01-17T22:42:55.308+0000] {logging_mixin.py:151} INFO - #False
[2024-01-17T22:42:55.308+0000] {logging_mixin.py:151} INFO - #False
[2024-01-17T22:42:55.308+0000] {logging_mixin.py:151} INFO - #False
[2024-01-17T22:42:55.308+0000] {logging_mixin.py:151} INFO -  submission : 
[2024-01-17T22:42:56.629+0000] {logging_mixin.py:151} INFO - #False
[2024-01-17T22:42:56.629+0000] {logging_mixin.py:151} INFO - #False
[2024-01-17T22:42:56.629+0000] {logging_mixin.py:151} INFO - #False
[2024-01-17T22:42:56.630+0000] {logging_mixin.py:151} INFO - #False
[2024-01-17T22:42:56.630+0000] {logging_mixin.py:151} INFO - #False
[2024-01-17T22:42:56.630+0000] {logging_mixin.py:151} INFO - #False
[2024-01-17T22:42:56.630+0000] {logging_mixin.py:151} INFO - #False
[2024-01-17T22:42:56.630+0000] {logging_mixin.py:151} INFO - #False
[2024-01-17T22:42:56.630+0000] {logging_mixin.py:151} INFO - #False
[2024-01-17T22:42:56.630+0000] {logging_mixin.py:151} INFO - #False
[2024-01-17T22:42:56.630+0000] {logging_mixin.py:151} INFO - #False
[2024-01-17T22:42:56.630+0000] {logging_mixin.py:151} INFO - #False
[2024-01-17T22:42:56.630+0000] {logging_mixin.py:151} INFO - #False
[2024-01-17T22:42:56.630+0000] {logging_mixin.py:151} INFO - #False
[2024-01-17T22:42:56.630+0000] {logging_mixin.py:151} INFO - #False
[2024-01-17T22:42:56.630+0000] {logging_mixin.py:151} INFO - #False
[2024-01-17T22:42:56.630+0000] {logging_mixin.py:151} INFO - #False
[2024-01-17T22:42:56.630+0000] {logging_mixin.py:151} INFO - #False
[2024-01-17T22:42:56.630+0000] {logging_mixin.py:151} INFO - #False
[2024-01-17T22:42:56.630+0000] {logging_mixin.py:151} INFO - #False
[2024-01-17T22:42:56.630+0000] {logging_mixin.py:151} INFO - #False
[2024-01-17T22:42:56.631+0000] {logging_mixin.py:151} INFO - #False
[2024-01-17T22:42:56.631+0000] {logging_mixin.py:151} INFO - #False
[2024-01-17T22:42:56.631+0000] {logging_mixin.py:151} INFO - #False
[2024-01-17T22:42:56.631+0000] {logging_mixin.py:151} INFO - #False
[2024-01-17T22:42:56.631+0000] {logging_mixin.py:151} INFO - #False
[2024-01-17T22:42:56.631+0000] {logging_mixin.py:151} INFO - #False
[2024-01-17T22:42:56.631+0000] {logging_mixin.py:151} INFO - #False
[2024-01-17T22:42:56.631+0000] {logging_mixin.py:151} INFO - #False
[2024-01-17T22:42:56.631+0000] {logging_mixin.py:151} INFO - #False
[2024-01-17T22:42:56.631+0000] {logging_mixin.py:151} INFO -  submission : 
[2024-01-17T22:42:57.367+0000] {logging_mixin.py:151} INFO - #False
[2024-01-17T22:42:57.367+0000] {logging_mixin.py:151} INFO - #False
[2024-01-17T22:42:57.367+0000] {logging_mixin.py:151} INFO - #False
[2024-01-17T22:42:57.368+0000] {logging_mixin.py:151} INFO - #False
[2024-01-17T22:42:57.368+0000] {logging_mixin.py:151} INFO - #False
[2024-01-17T22:42:57.368+0000] {logging_mixin.py:151} INFO - #False
[2024-01-17T22:42:57.368+0000] {logging_mixin.py:151} INFO - #False
[2024-01-17T22:42:57.368+0000] {logging_mixin.py:151} INFO - #False
[2024-01-17T22:42:57.368+0000] {logging_mixin.py:151} INFO - #False
[2024-01-17T22:42:57.368+0000] {logging_mixin.py:151} INFO - #False
[2024-01-17T22:42:57.368+0000] {logging_mixin.py:151} INFO - #False
[2024-01-17T22:42:57.368+0000] {logging_mixin.py:151} INFO - #False
[2024-01-17T22:42:57.368+0000] {logging_mixin.py:151} INFO - #False
[2024-01-17T22:42:57.368+0000] {logging_mixin.py:151} INFO - #False
[2024-01-17T22:42:57.368+0000] {logging_mixin.py:151} INFO - #False
[2024-01-17T22:42:57.368+0000] {logging_mixin.py:151} INFO - #False
[2024-01-17T22:42:57.368+0000] {logging_mixin.py:151} INFO - #False
[2024-01-17T22:42:57.368+0000] {logging_mixin.py:151} INFO - #False
[2024-01-17T22:42:57.368+0000] {logging_mixin.py:151} INFO - #False
[2024-01-17T22:42:57.368+0000] {logging_mixin.py:151} INFO - #False
[2024-01-17T22:42:57.368+0000] {logging_mixin.py:151} INFO - #False
[2024-01-17T22:42:57.368+0000] {logging_mixin.py:151} INFO - #False
[2024-01-17T22:42:57.368+0000] {logging_mixin.py:151} INFO - #False
[2024-01-17T22:42:57.369+0000] {logging_mixin.py:151} INFO - #False
[2024-01-17T22:42:57.369+0000] {logging_mixin.py:151} INFO - #False
[2024-01-17T22:42:57.369+0000] {logging_mixin.py:151} INFO - #False
[2024-01-17T22:42:57.369+0000] {logging_mixin.py:151} INFO - #False
[2024-01-17T22:42:57.369+0000] {logging_mixin.py:151} INFO - #False
[2024-01-17T22:42:57.369+0000] {logging_mixin.py:151} INFO - #False
[2024-01-17T22:42:57.369+0000] {logging_mixin.py:151} INFO - #False
[2024-01-17T22:42:57.369+0000] {logging_mixin.py:151} INFO -  submission : 
[2024-01-17T22:42:58.185+0000] {logging_mixin.py:151} INFO - #False
[2024-01-17T22:42:58.185+0000] {logging_mixin.py:151} INFO - #False
[2024-01-17T22:42:58.185+0000] {logging_mixin.py:151} INFO - #False
[2024-01-17T22:42:58.185+0000] {logging_mixin.py:151} INFO - #False
[2024-01-17T22:42:58.185+0000] {logging_mixin.py:151} INFO - #False
[2024-01-17T22:42:58.185+0000] {logging_mixin.py:151} INFO - #False
[2024-01-17T22:42:58.185+0000] {logging_mixin.py:151} INFO - #False
[2024-01-17T22:42:58.185+0000] {logging_mixin.py:151} INFO - #False
[2024-01-17T22:42:58.185+0000] {logging_mixin.py:151} INFO - #False
[2024-01-17T22:42:58.185+0000] {logging_mixin.py:151} INFO - #False
[2024-01-17T22:42:58.185+0000] {logging_mixin.py:151} INFO - #False
[2024-01-17T22:42:58.185+0000] {logging_mixin.py:151} INFO - #False
[2024-01-17T22:42:58.186+0000] {logging_mixin.py:151} INFO - #False
[2024-01-17T22:42:58.186+0000] {logging_mixin.py:151} INFO - #False
[2024-01-17T22:42:58.186+0000] {logging_mixin.py:151} INFO - #False
[2024-01-17T22:42:58.186+0000] {logging_mixin.py:151} INFO - #False
[2024-01-17T22:42:58.186+0000] {logging_mixin.py:151} INFO - #False
[2024-01-17T22:42:58.186+0000] {logging_mixin.py:151} INFO - #False
[2024-01-17T22:42:58.186+0000] {logging_mixin.py:151} INFO - #False
[2024-01-17T22:42:58.186+0000] {logging_mixin.py:151} INFO - #False
[2024-01-17T22:42:58.186+0000] {logging_mixin.py:151} INFO - #False
[2024-01-17T22:42:58.186+0000] {logging_mixin.py:151} INFO - #False
[2024-01-17T22:42:58.186+0000] {logging_mixin.py:151} INFO - #False
[2024-01-17T22:42:58.186+0000] {logging_mixin.py:151} INFO - #False
[2024-01-17T22:42:58.186+0000] {logging_mixin.py:151} INFO - #False
[2024-01-17T22:42:58.186+0000] {logging_mixin.py:151} INFO - #False
[2024-01-17T22:42:58.186+0000] {logging_mixin.py:151} INFO - #False
[2024-01-17T22:42:58.186+0000] {logging_mixin.py:151} INFO - #False
[2024-01-17T22:42:58.186+0000] {logging_mixin.py:151} INFO - #False
[2024-01-17T22:42:58.186+0000] {logging_mixin.py:151} INFO - #False
[2024-01-17T22:42:58.187+0000] {logging_mixin.py:151} INFO -  submission : 
[2024-01-17T22:42:58.780+0000] {logging_mixin.py:151} INFO - #False
[2024-01-17T22:42:58.781+0000] {logging_mixin.py:151} INFO - #False
[2024-01-17T22:42:58.781+0000] {logging_mixin.py:151} INFO - #False
[2024-01-17T22:42:58.781+0000] {logging_mixin.py:151} INFO - #False
[2024-01-17T22:42:58.781+0000] {logging_mixin.py:151} INFO - #False
[2024-01-17T22:42:58.781+0000] {logging_mixin.py:151} INFO - #False
[2024-01-17T22:42:58.781+0000] {logging_mixin.py:151} INFO - #False
[2024-01-17T22:42:58.781+0000] {logging_mixin.py:151} INFO - #False
[2024-01-17T22:42:58.781+0000] {logging_mixin.py:151} INFO - #False
[2024-01-17T22:42:58.781+0000] {logging_mixin.py:151} INFO - #False
[2024-01-17T22:42:58.781+0000] {logging_mixin.py:151} INFO - #False
[2024-01-17T22:42:58.781+0000] {logging_mixin.py:151} INFO - #False
[2024-01-17T22:42:58.781+0000] {logging_mixin.py:151} INFO - #False
[2024-01-17T22:42:58.781+0000] {logging_mixin.py:151} INFO - #False
[2024-01-17T22:42:58.781+0000] {logging_mixin.py:151} INFO - #False
[2024-01-17T22:42:58.781+0000] {logging_mixin.py:151} INFO - #False
[2024-01-17T22:42:58.782+0000] {logging_mixin.py:151} INFO - #False
[2024-01-17T22:42:58.782+0000] {logging_mixin.py:151} INFO - #False
[2024-01-17T22:42:58.782+0000] {logging_mixin.py:151} INFO - #False
[2024-01-17T22:42:58.782+0000] {logging_mixin.py:151} INFO - #False
[2024-01-17T22:42:58.782+0000] {logging_mixin.py:151} INFO - #False
[2024-01-17T22:42:58.782+0000] {logging_mixin.py:151} INFO - #False
[2024-01-17T22:42:58.782+0000] {logging_mixin.py:151} INFO - #False
[2024-01-17T22:42:58.782+0000] {logging_mixin.py:151} INFO - #False
[2024-01-17T22:42:58.782+0000] {logging_mixin.py:151} INFO - #False
[2024-01-17T22:42:58.782+0000] {logging_mixin.py:151} INFO - #False
[2024-01-17T22:42:58.782+0000] {logging_mixin.py:151} INFO - #False
[2024-01-17T22:42:58.782+0000] {logging_mixin.py:151} INFO - #False
[2024-01-17T22:42:58.782+0000] {logging_mixin.py:151} INFO - #False
[2024-01-17T22:42:58.782+0000] {logging_mixin.py:151} INFO - #False
[2024-01-17T22:42:58.782+0000] {logging_mixin.py:151} INFO -  submission : 
[2024-01-17T22:42:59.556+0000] {logging_mixin.py:151} INFO - #False
[2024-01-17T22:42:59.556+0000] {logging_mixin.py:151} INFO - #False
[2024-01-17T22:42:59.556+0000] {logging_mixin.py:151} INFO - #False
[2024-01-17T22:42:59.556+0000] {logging_mixin.py:151} INFO - #False
[2024-01-17T22:42:59.557+0000] {logging_mixin.py:151} INFO - #False
[2024-01-17T22:42:59.557+0000] {logging_mixin.py:151} INFO - #False
[2024-01-17T22:42:59.557+0000] {logging_mixin.py:151} INFO - #False
[2024-01-17T22:42:59.557+0000] {logging_mixin.py:151} INFO - #False
[2024-01-17T22:42:59.557+0000] {logging_mixin.py:151} INFO - #False
[2024-01-17T22:42:59.557+0000] {logging_mixin.py:151} INFO - #False
[2024-01-17T22:42:59.557+0000] {logging_mixin.py:151} INFO - #False
[2024-01-17T22:42:59.557+0000] {logging_mixin.py:151} INFO - #False
[2024-01-17T22:42:59.557+0000] {logging_mixin.py:151} INFO - #False
[2024-01-17T22:42:59.557+0000] {logging_mixin.py:151} INFO - #False
[2024-01-17T22:42:59.557+0000] {logging_mixin.py:151} INFO - #False
[2024-01-17T22:42:59.557+0000] {logging_mixin.py:151} INFO - #False
[2024-01-17T22:42:59.557+0000] {logging_mixin.py:151} INFO - #False
[2024-01-17T22:42:59.557+0000] {logging_mixin.py:151} INFO - #False
[2024-01-17T22:42:59.557+0000] {logging_mixin.py:151} INFO - #False
[2024-01-17T22:42:59.557+0000] {logging_mixin.py:151} INFO - #False
[2024-01-17T22:42:59.558+0000] {logging_mixin.py:151} INFO - #False
[2024-01-17T22:42:59.558+0000] {logging_mixin.py:151} INFO - #False
[2024-01-17T22:42:59.558+0000] {logging_mixin.py:151} INFO - #False
[2024-01-17T22:42:59.558+0000] {logging_mixin.py:151} INFO - #False
[2024-01-17T22:42:59.558+0000] {logging_mixin.py:151} INFO - #False
[2024-01-17T22:42:59.558+0000] {logging_mixin.py:151} INFO - #False
[2024-01-17T22:42:59.558+0000] {logging_mixin.py:151} INFO - #False
[2024-01-17T22:42:59.558+0000] {logging_mixin.py:151} INFO - #False
[2024-01-17T22:42:59.558+0000] {logging_mixin.py:151} INFO - #False
[2024-01-17T22:42:59.558+0000] {logging_mixin.py:151} INFO - #False
[2024-01-17T22:42:59.558+0000] {logging_mixin.py:151} INFO -  submission : 
[2024-01-17T22:43:00.638+0000] {logging_mixin.py:151} INFO - #False
[2024-01-17T22:43:00.638+0000] {logging_mixin.py:151} INFO - #False
[2024-01-17T22:43:00.638+0000] {logging_mixin.py:151} INFO - #False
[2024-01-17T22:43:00.638+0000] {logging_mixin.py:151} INFO - #False
[2024-01-17T22:43:00.638+0000] {logging_mixin.py:151} INFO - #False
[2024-01-17T22:43:00.639+0000] {logging_mixin.py:151} INFO - #False
[2024-01-17T22:43:00.639+0000] {logging_mixin.py:151} INFO - #False
[2024-01-17T22:43:00.639+0000] {logging_mixin.py:151} INFO - #False
[2024-01-17T22:43:00.639+0000] {logging_mixin.py:151} INFO - #False
[2024-01-17T22:43:00.639+0000] {logging_mixin.py:151} INFO - #False
[2024-01-17T22:43:00.639+0000] {logging_mixin.py:151} INFO - #False
[2024-01-17T22:43:00.639+0000] {logging_mixin.py:151} INFO - #False
[2024-01-17T22:43:00.639+0000] {logging_mixin.py:151} INFO - #False
[2024-01-17T22:43:00.639+0000] {logging_mixin.py:151} INFO - #False
[2024-01-17T22:43:00.639+0000] {logging_mixin.py:151} INFO - #False
[2024-01-17T22:43:00.639+0000] {logging_mixin.py:151} INFO - #False
[2024-01-17T22:43:00.639+0000] {logging_mixin.py:151} INFO - #False
[2024-01-17T22:43:00.639+0000] {logging_mixin.py:151} INFO - #False
[2024-01-17T22:43:00.639+0000] {logging_mixin.py:151} INFO - #False
[2024-01-17T22:43:00.639+0000] {logging_mixin.py:151} INFO - #False
[2024-01-17T22:43:00.640+0000] {logging_mixin.py:151} INFO - #False
[2024-01-17T22:43:00.640+0000] {logging_mixin.py:151} INFO - #False
[2024-01-17T22:43:00.640+0000] {logging_mixin.py:151} INFO - #False
[2024-01-17T22:43:00.640+0000] {logging_mixin.py:151} INFO - #False
[2024-01-17T22:43:00.640+0000] {logging_mixin.py:151} INFO - #False
[2024-01-17T22:43:00.640+0000] {logging_mixin.py:151} INFO - #False
[2024-01-17T22:43:00.640+0000] {logging_mixin.py:151} INFO - #False
[2024-01-17T22:43:00.640+0000] {logging_mixin.py:151} INFO - #False
[2024-01-17T22:43:00.640+0000] {logging_mixin.py:151} INFO - #False
[2024-01-17T22:43:00.640+0000] {logging_mixin.py:151} INFO - #False
[2024-01-17T22:43:00.641+0000] {logging_mixin.py:151} INFO -  submission : 
[2024-01-17T22:43:01.449+0000] {logging_mixin.py:151} INFO - #False
[2024-01-17T22:43:01.449+0000] {logging_mixin.py:151} INFO - #False
[2024-01-17T22:43:01.449+0000] {logging_mixin.py:151} INFO - #False
[2024-01-17T22:43:01.449+0000] {logging_mixin.py:151} INFO - #False
[2024-01-17T22:43:01.449+0000] {logging_mixin.py:151} INFO - #False
[2024-01-17T22:43:01.449+0000] {logging_mixin.py:151} INFO - #False
[2024-01-17T22:43:01.449+0000] {logging_mixin.py:151} INFO - #False
[2024-01-17T22:43:01.449+0000] {logging_mixin.py:151} INFO - #False
[2024-01-17T22:43:01.450+0000] {logging_mixin.py:151} INFO - #False
[2024-01-17T22:43:01.450+0000] {logging_mixin.py:151} INFO - #False
[2024-01-17T22:43:01.450+0000] {logging_mixin.py:151} INFO - #False
[2024-01-17T22:43:01.450+0000] {logging_mixin.py:151} INFO - #False
[2024-01-17T22:43:01.450+0000] {logging_mixin.py:151} INFO - #False
[2024-01-17T22:43:01.450+0000] {logging_mixin.py:151} INFO - #False
[2024-01-17T22:43:01.450+0000] {logging_mixin.py:151} INFO - #False
[2024-01-17T22:43:01.450+0000] {logging_mixin.py:151} INFO - #False
[2024-01-17T22:43:01.450+0000] {logging_mixin.py:151} INFO - #False
[2024-01-17T22:43:01.450+0000] {logging_mixin.py:151} INFO - #False
[2024-01-17T22:43:01.450+0000] {logging_mixin.py:151} INFO - #False
[2024-01-17T22:43:01.450+0000] {logging_mixin.py:151} INFO - #False
[2024-01-17T22:43:01.450+0000] {logging_mixin.py:151} INFO - #False
[2024-01-17T22:43:01.450+0000] {logging_mixin.py:151} INFO - #False
[2024-01-17T22:43:01.450+0000] {logging_mixin.py:151} INFO - #False
[2024-01-17T22:43:01.451+0000] {logging_mixin.py:151} INFO - #False
[2024-01-17T22:43:01.451+0000] {logging_mixin.py:151} INFO - #False
[2024-01-17T22:43:01.451+0000] {logging_mixin.py:151} INFO - #False
[2024-01-17T22:43:01.451+0000] {logging_mixin.py:151} INFO - #False
[2024-01-17T22:43:01.451+0000] {logging_mixin.py:151} INFO - #False
[2024-01-17T22:43:01.451+0000] {logging_mixin.py:151} INFO - #False
[2024-01-17T22:43:01.451+0000] {logging_mixin.py:151} INFO - #False
[2024-01-17T22:43:01.451+0000] {python.py:194} INFO - Done. Returned value was: None
[2024-01-17T22:43:01.464+0000] {taskinstance.py:1400} INFO - Marking task as SUCCESS. dag_id=Stream_Data_5, task_id=Reddit, execution_date=20240117T224137, start_date=20240117T224252, end_date=20240117T224301
[2024-01-17T22:43:01.510+0000] {local_task_job_runner.py:228} INFO - Task exited with return code 0
[2024-01-17T22:43:01.528+0000] {taskinstance.py:2784} INFO - 0 downstream tasks scheduled from follow-on schedule check
