[2024-01-20T06:07:22.074+0000] {taskinstance.py:1159} INFO - Dependencies all met for dep_context=non-requeueable deps ti=<TaskInstance: Kafka_Producer_4.Reddit scheduled__2024-01-20T06:05:17.127272+00:00 [queued]>
[2024-01-20T06:07:22.080+0000] {taskinstance.py:1159} INFO - Dependencies all met for dep_context=requeueable deps ti=<TaskInstance: Kafka_Producer_4.Reddit scheduled__2024-01-20T06:05:17.127272+00:00 [queued]>
[2024-01-20T06:07:22.081+0000] {taskinstance.py:1361} INFO - Starting attempt 1 of 1
[2024-01-20T06:07:22.094+0000] {taskinstance.py:1382} INFO - Executing <Task(PythonOperator): Reddit> on 2024-01-20 06:05:17.127272+00:00
[2024-01-20T06:07:22.097+0000] {standard_task_runner.py:57} INFO - Started process 14554 to run task
[2024-01-20T06:07:22.099+0000] {standard_task_runner.py:84} INFO - Running: ['***', 'tasks', 'run', 'Kafka_Producer_4', 'Reddit', 'scheduled__2024-01-20T06:05:17.127272+00:00', '--job-id', '823', '--raw', '--subdir', 'DAGS_FOLDER/kafka_stream_4.py', '--cfg-path', '/tmp/tmpiv1u8qjt']
[2024-01-20T06:07:22.100+0000] {standard_task_runner.py:85} INFO - Job 823: Subtask Reddit
[2024-01-20T06:07:22.142+0000] {task_command.py:415} INFO - Running <TaskInstance: Kafka_Producer_4.Reddit scheduled__2024-01-20T06:05:17.127272+00:00 [running]> on host 45c5bfab8aa1
[2024-01-20T06:07:22.213+0000] {taskinstance.py:1660} INFO - Exporting env vars: AIRFLOW_CTX_DAG_OWNER='me' AIRFLOW_CTX_DAG_ID='Kafka_Producer_4' AIRFLOW_CTX_TASK_ID='Reddit' AIRFLOW_CTX_EXECUTION_DATE='2024-01-20T06:05:17.127272+00:00' AIRFLOW_CTX_TRY_NUMBER='1' AIRFLOW_CTX_DAG_RUN_ID='scheduled__2024-01-20T06:05:17.127272+00:00'
[2024-01-20T06:07:22.243+0000] {logging_mixin.py:151} INFO -  submission : 
[2024-01-20T06:07:23.044+0000] {logging_mixin.py:151} INFO - @True
[2024-01-20T06:07:23.045+0000] {conn.py:380} INFO - <BrokerConnection node_id=bootstrap-0 host=broker:29092 <connecting> [IPv4 ('172.19.0.8', 29092)]>: connecting to broker:29092 [('172.19.0.8', 29092) IPv4]
[2024-01-20T06:07:23.046+0000] {conn.py:1205} INFO - Probing node bootstrap-0 broker version
[2024-01-20T06:07:23.047+0000] {conn.py:410} INFO - <BrokerConnection node_id=bootstrap-0 host=broker:29092 <connecting> [IPv4 ('172.19.0.8', 29092)]>: Connection complete.
[2024-01-20T06:07:23.150+0000] {conn.py:1267} INFO - Broker version identified as 2.5.0
[2024-01-20T06:07:23.150+0000] {conn.py:1268} INFO - Set configuration api_version=(2, 5, 0) to skip auto check_version requests on startup
[2024-01-20T06:07:23.155+0000] {logging_mixin.py:151} INFO - #False
[2024-01-20T06:07:23.155+0000] {logging_mixin.py:151} INFO - #False
[2024-01-20T06:07:23.156+0000] {conn.py:380} INFO - <BrokerConnection node_id=1 host=broker:29092 <connecting> [IPv4 ('172.19.0.8', 29092)]>: connecting to broker:29092 [('172.19.0.8', 29092) IPv4]
[2024-01-20T06:07:23.156+0000] {logging_mixin.py:151} INFO - #False
[2024-01-20T06:07:23.156+0000] {conn.py:410} INFO - <BrokerConnection node_id=1 host=broker:29092 <connecting> [IPv4 ('172.19.0.8', 29092)]>: Connection complete.
[2024-01-20T06:07:23.157+0000] {logging_mixin.py:151} INFO - #False
[2024-01-20T06:07:23.157+0000] {conn.py:919} INFO - <BrokerConnection node_id=bootstrap-0 host=broker:29092 <connected> [IPv4 ('172.19.0.8', 29092)]>: Closing connection. 
[2024-01-20T06:07:23.157+0000] {logging_mixin.py:151} INFO - #False
[2024-01-20T06:07:23.223+0000] {logging_mixin.py:151} INFO - #False
[2024-01-20T06:07:23.224+0000] {logging_mixin.py:151} INFO - #False
[2024-01-20T06:07:23.225+0000] {logging_mixin.py:151} INFO - #False
[2024-01-20T06:07:23.225+0000] {logging_mixin.py:151} INFO - #False
[2024-01-20T06:07:23.225+0000] {logging_mixin.py:151} INFO - #False
[2024-01-20T06:07:23.226+0000] {logging_mixin.py:151} INFO - #False
[2024-01-20T06:07:23.226+0000] {logging_mixin.py:151} INFO - #False
[2024-01-20T06:07:23.226+0000] {logging_mixin.py:151} INFO - #False
[2024-01-20T06:07:23.226+0000] {logging_mixin.py:151} INFO - #False
[2024-01-20T06:07:23.226+0000] {logging_mixin.py:151} INFO - #False
[2024-01-20T06:07:23.227+0000] {logging_mixin.py:151} INFO - #False
[2024-01-20T06:07:23.227+0000] {logging_mixin.py:151} INFO - #False
[2024-01-20T06:07:23.227+0000] {logging_mixin.py:151} INFO - #False
[2024-01-20T06:07:23.227+0000] {logging_mixin.py:151} INFO - #False
[2024-01-20T06:07:23.228+0000] {logging_mixin.py:151} INFO - #False
[2024-01-20T06:07:23.228+0000] {logging_mixin.py:151} INFO - #False
[2024-01-20T06:07:23.228+0000] {logging_mixin.py:151} INFO - #False
[2024-01-20T06:07:23.228+0000] {logging_mixin.py:151} INFO - #False
[2024-01-20T06:07:23.229+0000] {logging_mixin.py:151} INFO - #False
[2024-01-20T06:07:23.229+0000] {logging_mixin.py:151} INFO - #False
[2024-01-20T06:07:23.229+0000] {logging_mixin.py:151} INFO - #False
[2024-01-20T06:07:23.229+0000] {logging_mixin.py:151} INFO - #False
[2024-01-20T06:07:23.230+0000] {logging_mixin.py:151} INFO - #False
[2024-01-20T06:07:23.230+0000] {logging_mixin.py:151} INFO - #False
[2024-01-20T06:07:23.230+0000] {logging_mixin.py:151} INFO -  submission : 
[2024-01-20T06:07:23.796+0000] {logging_mixin.py:151} INFO - #False
[2024-01-20T06:07:23.797+0000] {logging_mixin.py:151} INFO - #False
[2024-01-20T06:07:23.797+0000] {logging_mixin.py:151} INFO - #False
[2024-01-20T06:07:23.798+0000] {logging_mixin.py:151} INFO - #False
[2024-01-20T06:07:23.798+0000] {logging_mixin.py:151} INFO - #False
[2024-01-20T06:07:23.798+0000] {logging_mixin.py:151} INFO - #False
[2024-01-20T06:07:23.798+0000] {logging_mixin.py:151} INFO - #False
[2024-01-20T06:07:23.799+0000] {logging_mixin.py:151} INFO - #False
[2024-01-20T06:07:23.799+0000] {logging_mixin.py:151} INFO - #False
[2024-01-20T06:07:23.799+0000] {logging_mixin.py:151} INFO - #False
[2024-01-20T06:07:23.799+0000] {logging_mixin.py:151} INFO - #False
[2024-01-20T06:07:23.799+0000] {logging_mixin.py:151} INFO - #False
[2024-01-20T06:07:23.800+0000] {logging_mixin.py:151} INFO - #False
[2024-01-20T06:07:23.800+0000] {logging_mixin.py:151} INFO - #False
[2024-01-20T06:07:23.800+0000] {logging_mixin.py:151} INFO - #False
[2024-01-20T06:07:23.800+0000] {logging_mixin.py:151} INFO - #False
[2024-01-20T06:07:23.801+0000] {logging_mixin.py:151} INFO - #False
[2024-01-20T06:07:23.801+0000] {logging_mixin.py:151} INFO - #False
[2024-01-20T06:07:23.801+0000] {logging_mixin.py:151} INFO - #False
[2024-01-20T06:07:23.801+0000] {logging_mixin.py:151} INFO - #False
[2024-01-20T06:07:23.801+0000] {logging_mixin.py:151} INFO - #False
[2024-01-20T06:07:23.802+0000] {logging_mixin.py:151} INFO - #False
[2024-01-20T06:07:23.802+0000] {logging_mixin.py:151} INFO - #False
[2024-01-20T06:07:23.802+0000] {logging_mixin.py:151} INFO - #False
[2024-01-20T06:07:23.803+0000] {logging_mixin.py:151} INFO - #False
[2024-01-20T06:07:23.803+0000] {logging_mixin.py:151} INFO - #False
[2024-01-20T06:07:23.803+0000] {logging_mixin.py:151} INFO - #False
[2024-01-20T06:07:23.803+0000] {logging_mixin.py:151} INFO - #False
[2024-01-20T06:07:23.804+0000] {logging_mixin.py:151} INFO - #False
[2024-01-20T06:07:23.804+0000] {logging_mixin.py:151} INFO - #False
[2024-01-20T06:07:23.805+0000] {logging_mixin.py:151} INFO -  submission : 
[2024-01-20T06:07:24.450+0000] {logging_mixin.py:151} INFO - #False
[2024-01-20T06:07:24.451+0000] {logging_mixin.py:151} INFO - #False
[2024-01-20T06:07:24.452+0000] {logging_mixin.py:151} INFO - #False
[2024-01-20T06:07:24.452+0000] {logging_mixin.py:151} INFO - #False
[2024-01-20T06:07:24.452+0000] {logging_mixin.py:151} INFO - #False
[2024-01-20T06:07:24.452+0000] {logging_mixin.py:151} INFO - #False
[2024-01-20T06:07:24.455+0000] {logging_mixin.py:151} INFO - #False
[2024-01-20T06:07:24.455+0000] {logging_mixin.py:151} INFO - #False
[2024-01-20T06:07:24.455+0000] {logging_mixin.py:151} INFO - #False
[2024-01-20T06:07:24.456+0000] {logging_mixin.py:151} INFO - #False
[2024-01-20T06:07:24.456+0000] {logging_mixin.py:151} INFO - #False
[2024-01-20T06:07:24.456+0000] {logging_mixin.py:151} INFO - #False
[2024-01-20T06:07:24.456+0000] {logging_mixin.py:151} INFO - #False
[2024-01-20T06:07:24.457+0000] {logging_mixin.py:151} INFO - #False
[2024-01-20T06:07:24.457+0000] {logging_mixin.py:151} INFO - #False
[2024-01-20T06:07:24.458+0000] {logging_mixin.py:151} INFO - #False
[2024-01-20T06:07:24.458+0000] {logging_mixin.py:151} INFO - #False
[2024-01-20T06:07:24.458+0000] {logging_mixin.py:151} INFO - #False
[2024-01-20T06:07:24.459+0000] {logging_mixin.py:151} INFO - #False
[2024-01-20T06:07:24.459+0000] {logging_mixin.py:151} INFO - #False
[2024-01-20T06:07:24.459+0000] {logging_mixin.py:151} INFO - #False
[2024-01-20T06:07:24.460+0000] {logging_mixin.py:151} INFO - #False
[2024-01-20T06:07:24.460+0000] {logging_mixin.py:151} INFO - #False
[2024-01-20T06:07:24.460+0000] {logging_mixin.py:151} INFO - #False
[2024-01-20T06:07:24.461+0000] {logging_mixin.py:151} INFO - #False
[2024-01-20T06:07:24.461+0000] {logging_mixin.py:151} INFO - #False
[2024-01-20T06:07:24.461+0000] {logging_mixin.py:151} INFO - #False
[2024-01-20T06:07:24.462+0000] {logging_mixin.py:151} INFO - #False
[2024-01-20T06:07:24.462+0000] {logging_mixin.py:151} INFO - #False
[2024-01-20T06:07:24.462+0000] {logging_mixin.py:151} INFO - #False
[2024-01-20T06:07:24.463+0000] {logging_mixin.py:151} INFO -  submission : 
[2024-01-20T06:07:24.821+0000] {logging_mixin.py:151} INFO - #False
[2024-01-20T06:07:24.824+0000] {logging_mixin.py:151} INFO - #False
[2024-01-20T06:07:24.824+0000] {logging_mixin.py:151} INFO - #False
[2024-01-20T06:07:24.825+0000] {logging_mixin.py:151} INFO - #False
[2024-01-20T06:07:24.825+0000] {logging_mixin.py:151} INFO - #False
[2024-01-20T06:07:24.826+0000] {logging_mixin.py:151} INFO - #False
[2024-01-20T06:07:24.826+0000] {logging_mixin.py:151} INFO - #False
[2024-01-20T06:07:24.826+0000] {logging_mixin.py:151} INFO - #False
[2024-01-20T06:07:24.827+0000] {logging_mixin.py:151} INFO - #False
[2024-01-20T06:07:24.828+0000] {logging_mixin.py:151} INFO - #False
[2024-01-20T06:07:24.844+0000] {logging_mixin.py:151} INFO - #False
[2024-01-20T06:07:24.845+0000] {logging_mixin.py:151} INFO - #False
[2024-01-20T06:07:24.845+0000] {logging_mixin.py:151} INFO - #False
[2024-01-20T06:07:24.846+0000] {logging_mixin.py:151} INFO - #False
[2024-01-20T06:07:24.846+0000] {logging_mixin.py:151} INFO - #False
[2024-01-20T06:07:24.847+0000] {logging_mixin.py:151} INFO - #False
[2024-01-20T06:07:24.847+0000] {logging_mixin.py:151} INFO - #False
[2024-01-20T06:07:24.848+0000] {logging_mixin.py:151} INFO - #False
[2024-01-20T06:07:24.848+0000] {logging_mixin.py:151} INFO - #False
[2024-01-20T06:07:24.848+0000] {logging_mixin.py:151} INFO - #False
[2024-01-20T06:07:24.849+0000] {logging_mixin.py:151} INFO - #False
[2024-01-20T06:07:24.849+0000] {logging_mixin.py:151} INFO - #False
[2024-01-20T06:07:24.849+0000] {logging_mixin.py:151} INFO - #False
[2024-01-20T06:07:24.850+0000] {logging_mixin.py:151} INFO - #False
[2024-01-20T06:07:24.850+0000] {logging_mixin.py:151} INFO - #False
[2024-01-20T06:07:24.850+0000] {logging_mixin.py:151} INFO - #False
[2024-01-20T06:07:24.850+0000] {logging_mixin.py:151} INFO - #False
[2024-01-20T06:07:24.851+0000] {logging_mixin.py:151} INFO - #False
[2024-01-20T06:07:24.851+0000] {logging_mixin.py:151} INFO - #False
[2024-01-20T06:07:24.851+0000] {logging_mixin.py:151} INFO - #False
[2024-01-20T06:07:24.852+0000] {logging_mixin.py:151} INFO -  submission : 
[2024-01-20T06:07:25.369+0000] {logging_mixin.py:151} INFO - #False
[2024-01-20T06:07:25.370+0000] {logging_mixin.py:151} INFO - #False
[2024-01-20T06:07:25.370+0000] {logging_mixin.py:151} INFO - #False
[2024-01-20T06:07:25.370+0000] {logging_mixin.py:151} INFO - #False
[2024-01-20T06:07:25.371+0000] {logging_mixin.py:151} INFO - #False
[2024-01-20T06:07:25.371+0000] {logging_mixin.py:151} INFO - #False
[2024-01-20T06:07:25.371+0000] {logging_mixin.py:151} INFO - #False
[2024-01-20T06:07:25.371+0000] {logging_mixin.py:151} INFO - #False
[2024-01-20T06:07:25.372+0000] {logging_mixin.py:151} INFO - #False
[2024-01-20T06:07:25.372+0000] {logging_mixin.py:151} INFO - #False
[2024-01-20T06:07:25.373+0000] {logging_mixin.py:151} INFO - #False
[2024-01-20T06:07:25.373+0000] {logging_mixin.py:151} INFO - #False
[2024-01-20T06:07:25.373+0000] {logging_mixin.py:151} INFO - #False
[2024-01-20T06:07:25.373+0000] {logging_mixin.py:151} INFO - #False
[2024-01-20T06:07:25.374+0000] {logging_mixin.py:151} INFO - #False
[2024-01-20T06:07:25.374+0000] {logging_mixin.py:151} INFO - #False
[2024-01-20T06:07:25.374+0000] {logging_mixin.py:151} INFO - #False
[2024-01-20T06:07:25.374+0000] {logging_mixin.py:151} INFO - #False
[2024-01-20T06:07:25.375+0000] {logging_mixin.py:151} INFO - #False
[2024-01-20T06:07:25.375+0000] {logging_mixin.py:151} INFO - #False
[2024-01-20T06:07:25.375+0000] {logging_mixin.py:151} INFO - #False
[2024-01-20T06:07:25.375+0000] {logging_mixin.py:151} INFO - #False
[2024-01-20T06:07:25.376+0000] {logging_mixin.py:151} INFO - #False
[2024-01-20T06:07:25.376+0000] {logging_mixin.py:151} INFO - #False
[2024-01-20T06:07:25.376+0000] {logging_mixin.py:151} INFO - #False
[2024-01-20T06:07:25.376+0000] {logging_mixin.py:151} INFO - #False
[2024-01-20T06:07:25.377+0000] {logging_mixin.py:151} INFO - #False
[2024-01-20T06:07:25.377+0000] {logging_mixin.py:151} INFO - #False
[2024-01-20T06:07:25.377+0000] {logging_mixin.py:151} INFO - #False
[2024-01-20T06:07:25.377+0000] {logging_mixin.py:151} INFO - #False
[2024-01-20T06:07:25.378+0000] {logging_mixin.py:151} INFO -  submission : 
[2024-01-20T06:07:25.811+0000] {logging_mixin.py:151} INFO - #False
[2024-01-20T06:07:25.814+0000] {logging_mixin.py:151} INFO - #False
[2024-01-20T06:07:25.814+0000] {logging_mixin.py:151} INFO - #False
[2024-01-20T06:07:25.815+0000] {logging_mixin.py:151} INFO - #False
[2024-01-20T06:07:25.815+0000] {logging_mixin.py:151} INFO - #False
[2024-01-20T06:07:25.816+0000] {logging_mixin.py:151} INFO - #False
[2024-01-20T06:07:25.816+0000] {logging_mixin.py:151} INFO - #False
[2024-01-20T06:07:25.817+0000] {logging_mixin.py:151} INFO - #False
[2024-01-20T06:07:25.817+0000] {logging_mixin.py:151} INFO - #False
[2024-01-20T06:07:25.818+0000] {logging_mixin.py:151} INFO - #False
[2024-01-20T06:07:25.819+0000] {logging_mixin.py:151} INFO - #False
[2024-01-20T06:07:25.820+0000] {logging_mixin.py:151} INFO - #False
[2024-01-20T06:07:25.821+0000] {logging_mixin.py:151} INFO - #False
[2024-01-20T06:07:25.821+0000] {logging_mixin.py:151} INFO - #False
[2024-01-20T06:07:25.821+0000] {logging_mixin.py:151} INFO - #False
[2024-01-20T06:07:25.822+0000] {logging_mixin.py:151} INFO - #False
[2024-01-20T06:07:25.822+0000] {logging_mixin.py:151} INFO - #False
[2024-01-20T06:07:25.822+0000] {logging_mixin.py:151} INFO - #False
[2024-01-20T06:07:25.823+0000] {logging_mixin.py:151} INFO - #False
[2024-01-20T06:07:25.823+0000] {logging_mixin.py:151} INFO - #False
[2024-01-20T06:07:25.823+0000] {logging_mixin.py:151} INFO - #False
[2024-01-20T06:07:25.823+0000] {logging_mixin.py:151} INFO - #False
[2024-01-20T06:07:25.824+0000] {logging_mixin.py:151} INFO - #False
[2024-01-20T06:07:25.824+0000] {logging_mixin.py:151} INFO - #False
[2024-01-20T06:07:25.824+0000] {logging_mixin.py:151} INFO - #False
[2024-01-20T06:07:25.824+0000] {logging_mixin.py:151} INFO - #False
[2024-01-20T06:07:25.825+0000] {logging_mixin.py:151} INFO - #False
[2024-01-20T06:07:25.825+0000] {logging_mixin.py:151} INFO - #False
[2024-01-20T06:07:25.825+0000] {logging_mixin.py:151} INFO - #False
[2024-01-20T06:07:25.825+0000] {logging_mixin.py:151} INFO - #False
[2024-01-20T06:07:25.826+0000] {logging_mixin.py:151} INFO -  submission : 
[2024-01-20T06:07:26.441+0000] {logging_mixin.py:151} INFO - #False
[2024-01-20T06:07:26.441+0000] {logging_mixin.py:151} INFO - #False
[2024-01-20T06:07:26.441+0000] {logging_mixin.py:151} INFO - #False
[2024-01-20T06:07:26.442+0000] {logging_mixin.py:151} INFO - #False
[2024-01-20T06:07:26.442+0000] {logging_mixin.py:151} INFO - #False
[2024-01-20T06:07:26.443+0000] {logging_mixin.py:151} INFO - #False
[2024-01-20T06:07:26.443+0000] {logging_mixin.py:151} INFO - #False
[2024-01-20T06:07:26.443+0000] {logging_mixin.py:151} INFO - #False
[2024-01-20T06:07:26.443+0000] {logging_mixin.py:151} INFO - #False
[2024-01-20T06:07:26.444+0000] {logging_mixin.py:151} INFO - #False
[2024-01-20T06:07:26.444+0000] {logging_mixin.py:151} INFO - #False
[2024-01-20T06:07:26.445+0000] {logging_mixin.py:151} INFO - #False
[2024-01-20T06:07:26.446+0000] {logging_mixin.py:151} INFO - #False
[2024-01-20T06:07:26.446+0000] {logging_mixin.py:151} INFO - #False
[2024-01-20T06:07:26.446+0000] {logging_mixin.py:151} INFO - #False
[2024-01-20T06:07:26.447+0000] {logging_mixin.py:151} INFO - #False
[2024-01-20T06:07:26.447+0000] {logging_mixin.py:151} INFO - #False
[2024-01-20T06:07:26.447+0000] {logging_mixin.py:151} INFO - #False
[2024-01-20T06:07:26.448+0000] {logging_mixin.py:151} INFO - #False
[2024-01-20T06:07:26.448+0000] {logging_mixin.py:151} INFO - #False
[2024-01-20T06:07:26.448+0000] {logging_mixin.py:151} INFO - #False
[2024-01-20T06:07:26.448+0000] {logging_mixin.py:151} INFO - #False
[2024-01-20T06:07:26.449+0000] {logging_mixin.py:151} INFO - #False
[2024-01-20T06:07:26.449+0000] {logging_mixin.py:151} INFO - #False
[2024-01-20T06:07:26.449+0000] {logging_mixin.py:151} INFO - #False
[2024-01-20T06:07:26.449+0000] {logging_mixin.py:151} INFO - #False
[2024-01-20T06:07:26.449+0000] {logging_mixin.py:151} INFO - #False
[2024-01-20T06:07:26.450+0000] {logging_mixin.py:151} INFO - #False
[2024-01-20T06:07:26.450+0000] {logging_mixin.py:151} INFO - #False
[2024-01-20T06:07:26.450+0000] {logging_mixin.py:151} INFO - #False
[2024-01-20T06:07:26.450+0000] {logging_mixin.py:151} INFO -  submission : 
[2024-01-20T06:07:27.129+0000] {logging_mixin.py:151} INFO - #False
[2024-01-20T06:07:27.130+0000] {logging_mixin.py:151} INFO - #False
[2024-01-20T06:07:27.130+0000] {logging_mixin.py:151} INFO - #False
[2024-01-20T06:07:27.131+0000] {logging_mixin.py:151} INFO - #False
[2024-01-20T06:07:27.138+0000] {logging_mixin.py:151} INFO - #False
[2024-01-20T06:07:27.139+0000] {logging_mixin.py:151} INFO - #False
[2024-01-20T06:07:27.140+0000] {logging_mixin.py:151} INFO - #False
[2024-01-20T06:07:27.141+0000] {logging_mixin.py:151} INFO - #False
[2024-01-20T06:07:27.141+0000] {logging_mixin.py:151} INFO - #False
[2024-01-20T06:07:27.142+0000] {logging_mixin.py:151} INFO - #False
[2024-01-20T06:07:27.143+0000] {logging_mixin.py:151} INFO - #False
[2024-01-20T06:07:27.143+0000] {logging_mixin.py:151} INFO - #False
[2024-01-20T06:07:27.144+0000] {logging_mixin.py:151} INFO - #False
[2024-01-20T06:07:27.144+0000] {logging_mixin.py:151} INFO - #False
[2024-01-20T06:07:27.145+0000] {logging_mixin.py:151} INFO - #False
[2024-01-20T06:07:27.145+0000] {logging_mixin.py:151} INFO - #False
[2024-01-20T06:07:27.146+0000] {logging_mixin.py:151} INFO - #False
[2024-01-20T06:07:27.146+0000] {logging_mixin.py:151} INFO - #False
[2024-01-20T06:07:27.146+0000] {logging_mixin.py:151} INFO - #False
[2024-01-20T06:07:27.146+0000] {logging_mixin.py:151} INFO - #False
[2024-01-20T06:07:27.147+0000] {logging_mixin.py:151} INFO - #False
[2024-01-20T06:07:27.147+0000] {logging_mixin.py:151} INFO - #False
[2024-01-20T06:07:27.147+0000] {logging_mixin.py:151} INFO - #False
[2024-01-20T06:07:27.147+0000] {logging_mixin.py:151} INFO - #False
[2024-01-20T06:07:27.148+0000] {logging_mixin.py:151} INFO - #False
[2024-01-20T06:07:27.149+0000] {logging_mixin.py:151} INFO - #False
[2024-01-20T06:07:27.149+0000] {logging_mixin.py:151} INFO - #False
[2024-01-20T06:07:27.149+0000] {logging_mixin.py:151} INFO - #False
[2024-01-20T06:07:27.150+0000] {logging_mixin.py:151} INFO - #False
[2024-01-20T06:07:27.150+0000] {logging_mixin.py:151} INFO - #False
[2024-01-20T06:07:27.150+0000] {conn.py:919} INFO - <BrokerConnection node_id=1 host=broker:29092 <connected> [IPv4 ('172.19.0.8', 29092)]>: Closing connection. 
[2024-01-20T06:07:27.151+0000] {python.py:194} INFO - Done. Returned value was: None
[2024-01-20T06:07:27.158+0000] {taskinstance.py:1400} INFO - Marking task as SUCCESS. dag_id=Kafka_Producer_4, task_id=Reddit, execution_date=20240120T060517, start_date=20240120T060722, end_date=20240120T060727
[2024-01-20T06:07:27.176+0000] {local_task_job_runner.py:228} INFO - Task exited with return code 0
[2024-01-20T06:07:27.189+0000] {taskinstance.py:2784} INFO - 0 downstream tasks scheduled from follow-on schedule check
