[2024-01-20T04:38:04.569+0000] {taskinstance.py:1159} INFO - Dependencies all met for dep_context=non-requeueable deps ti=<TaskInstance: Kafka_Producer_3.Reddit scheduled__2024-01-20T04:34:57.735410+00:00 [queued]>
[2024-01-20T04:38:04.575+0000] {taskinstance.py:1159} INFO - Dependencies all met for dep_context=requeueable deps ti=<TaskInstance: Kafka_Producer_3.Reddit scheduled__2024-01-20T04:34:57.735410+00:00 [queued]>
[2024-01-20T04:38:04.575+0000] {taskinstance.py:1361} INFO - Starting attempt 1 of 1
[2024-01-20T04:38:04.587+0000] {taskinstance.py:1382} INFO - Executing <Task(PythonOperator): Reddit> on 2024-01-20 04:34:57.735410+00:00
[2024-01-20T04:38:04.591+0000] {standard_task_runner.py:57} INFO - Started process 6418 to run task
[2024-01-20T04:38:04.593+0000] {standard_task_runner.py:84} INFO - Running: ['***', 'tasks', 'run', 'Kafka_Producer_3', 'Reddit', 'scheduled__2024-01-20T04:34:57.735410+00:00', '--job-id', '235', '--raw', '--subdir', 'DAGS_FOLDER/kafka_stream_3.py', '--cfg-path', '/tmp/tmpur8kvgvt']
[2024-01-20T04:38:04.594+0000] {standard_task_runner.py:85} INFO - Job 235: Subtask Reddit
[2024-01-20T04:38:04.631+0000] {task_command.py:415} INFO - Running <TaskInstance: Kafka_Producer_3.Reddit scheduled__2024-01-20T04:34:57.735410+00:00 [running]> on host 45c5bfab8aa1
[2024-01-20T04:38:04.691+0000] {taskinstance.py:1660} INFO - Exporting env vars: AIRFLOW_CTX_DAG_OWNER='me' AIRFLOW_CTX_DAG_ID='Kafka_Producer_3' AIRFLOW_CTX_TASK_ID='Reddit' AIRFLOW_CTX_EXECUTION_DATE='2024-01-20T04:34:57.735410+00:00' AIRFLOW_CTX_TRY_NUMBER='1' AIRFLOW_CTX_DAG_RUN_ID='scheduled__2024-01-20T04:34:57.735410+00:00'
[2024-01-20T04:38:04.719+0000] {logging_mixin.py:151} INFO -  submission : 
[2024-01-20T04:38:05.471+0000] {logging_mixin.py:151} INFO - #False
[2024-01-20T04:38:05.472+0000] {logging_mixin.py:151} INFO - #False
[2024-01-20T04:38:05.472+0000] {logging_mixin.py:151} INFO - #False
[2024-01-20T04:38:05.472+0000] {logging_mixin.py:151} INFO - #False
[2024-01-20T04:38:05.473+0000] {logging_mixin.py:151} INFO - #False
[2024-01-20T04:38:05.473+0000] {logging_mixin.py:151} INFO - #False
[2024-01-20T04:38:05.473+0000] {logging_mixin.py:151} INFO - #False
[2024-01-20T04:38:05.473+0000] {logging_mixin.py:151} INFO - #False
[2024-01-20T04:38:05.474+0000] {logging_mixin.py:151} INFO - #False
[2024-01-20T04:38:05.474+0000] {logging_mixin.py:151} INFO - #False
[2024-01-20T04:38:05.474+0000] {logging_mixin.py:151} INFO - #False
[2024-01-20T04:38:05.474+0000] {logging_mixin.py:151} INFO - #False
[2024-01-20T04:38:05.474+0000] {logging_mixin.py:151} INFO - #False
[2024-01-20T04:38:05.475+0000] {logging_mixin.py:151} INFO - #False
[2024-01-20T04:38:05.475+0000] {logging_mixin.py:151} INFO - #False
[2024-01-20T04:38:05.475+0000] {logging_mixin.py:151} INFO - #False
[2024-01-20T04:38:05.475+0000] {logging_mixin.py:151} INFO - #False
[2024-01-20T04:38:05.476+0000] {logging_mixin.py:151} INFO - #False
[2024-01-20T04:38:05.476+0000] {logging_mixin.py:151} INFO - #False
[2024-01-20T04:38:05.476+0000] {logging_mixin.py:151} INFO - #False
[2024-01-20T04:38:05.476+0000] {logging_mixin.py:151} INFO - #False
[2024-01-20T04:38:05.476+0000] {logging_mixin.py:151} INFO - #False
[2024-01-20T04:38:05.477+0000] {logging_mixin.py:151} INFO - #False
[2024-01-20T04:38:05.477+0000] {logging_mixin.py:151} INFO - #False
[2024-01-20T04:38:05.477+0000] {logging_mixin.py:151} INFO - #False
[2024-01-20T04:38:05.477+0000] {logging_mixin.py:151} INFO - #False
[2024-01-20T04:38:05.477+0000] {logging_mixin.py:151} INFO - #False
[2024-01-20T04:38:05.478+0000] {logging_mixin.py:151} INFO - #False
[2024-01-20T04:38:05.478+0000] {logging_mixin.py:151} INFO - #False
[2024-01-20T04:38:05.478+0000] {logging_mixin.py:151} INFO - #False
[2024-01-20T04:38:05.479+0000] {logging_mixin.py:151} INFO -  submission : 
[2024-01-20T04:38:05.995+0000] {logging_mixin.py:151} INFO - #False
[2024-01-20T04:38:05.996+0000] {logging_mixin.py:151} INFO - #False
[2024-01-20T04:38:05.996+0000] {logging_mixin.py:151} INFO - #False
[2024-01-20T04:38:05.996+0000] {logging_mixin.py:151} INFO - #False
[2024-01-20T04:38:05.997+0000] {logging_mixin.py:151} INFO - #False
[2024-01-20T04:38:05.997+0000] {logging_mixin.py:151} INFO - #False
[2024-01-20T04:38:05.997+0000] {logging_mixin.py:151} INFO - #False
[2024-01-20T04:38:05.998+0000] {logging_mixin.py:151} INFO - #False
[2024-01-20T04:38:05.998+0000] {logging_mixin.py:151} INFO - #False
[2024-01-20T04:38:05.998+0000] {logging_mixin.py:151} INFO - #False
[2024-01-20T04:38:05.999+0000] {logging_mixin.py:151} INFO - #False
[2024-01-20T04:38:05.999+0000] {logging_mixin.py:151} INFO - #False
[2024-01-20T04:38:05.999+0000] {logging_mixin.py:151} INFO - #False
[2024-01-20T04:38:05.999+0000] {logging_mixin.py:151} INFO - #False
[2024-01-20T04:38:06.000+0000] {logging_mixin.py:151} INFO - #False
[2024-01-20T04:38:06.000+0000] {logging_mixin.py:151} INFO - #False
[2024-01-20T04:38:06.000+0000] {logging_mixin.py:151} INFO - #False
[2024-01-20T04:38:06.001+0000] {logging_mixin.py:151} INFO - #False
[2024-01-20T04:38:06.001+0000] {logging_mixin.py:151} INFO - #False
[2024-01-20T04:38:06.002+0000] {logging_mixin.py:151} INFO - #False
[2024-01-20T04:38:06.002+0000] {logging_mixin.py:151} INFO - #False
[2024-01-20T04:38:06.002+0000] {logging_mixin.py:151} INFO - #False
[2024-01-20T04:38:06.003+0000] {logging_mixin.py:151} INFO - #False
[2024-01-20T04:38:06.003+0000] {logging_mixin.py:151} INFO - #False
[2024-01-20T04:38:06.003+0000] {logging_mixin.py:151} INFO - #False
[2024-01-20T04:38:06.003+0000] {logging_mixin.py:151} INFO - #False
[2024-01-20T04:38:06.004+0000] {logging_mixin.py:151} INFO - #False
[2024-01-20T04:38:06.004+0000] {logging_mixin.py:151} INFO - #False
[2024-01-20T04:38:06.005+0000] {logging_mixin.py:151} INFO - #False
[2024-01-20T04:38:06.005+0000] {logging_mixin.py:151} INFO - #False
[2024-01-20T04:38:06.005+0000] {logging_mixin.py:151} INFO -  submission : 
[2024-01-20T04:38:06.512+0000] {logging_mixin.py:151} INFO - #False
[2024-01-20T04:38:06.513+0000] {logging_mixin.py:151} INFO - #False
[2024-01-20T04:38:06.513+0000] {logging_mixin.py:151} INFO - #False
[2024-01-20T04:38:06.514+0000] {logging_mixin.py:151} INFO - #False
[2024-01-20T04:38:06.514+0000] {logging_mixin.py:151} INFO - #False
[2024-01-20T04:38:06.514+0000] {logging_mixin.py:151} INFO - #False
[2024-01-20T04:38:06.514+0000] {logging_mixin.py:151} INFO - #False
[2024-01-20T04:38:06.515+0000] {logging_mixin.py:151} INFO - #False
[2024-01-20T04:38:06.515+0000] {logging_mixin.py:151} INFO - #False
[2024-01-20T04:38:06.515+0000] {logging_mixin.py:151} INFO - #False
[2024-01-20T04:38:06.515+0000] {logging_mixin.py:151} INFO - #False
[2024-01-20T04:38:06.515+0000] {logging_mixin.py:151} INFO - #False
[2024-01-20T04:38:06.516+0000] {logging_mixin.py:151} INFO - #False
[2024-01-20T04:38:06.516+0000] {logging_mixin.py:151} INFO - #False
[2024-01-20T04:38:06.516+0000] {logging_mixin.py:151} INFO - #False
[2024-01-20T04:38:06.516+0000] {logging_mixin.py:151} INFO - #False
[2024-01-20T04:38:06.516+0000] {logging_mixin.py:151} INFO - #False
[2024-01-20T04:38:06.517+0000] {logging_mixin.py:151} INFO - #False
[2024-01-20T04:38:06.517+0000] {logging_mixin.py:151} INFO - #False
[2024-01-20T04:38:06.517+0000] {logging_mixin.py:151} INFO - #False
[2024-01-20T04:38:06.517+0000] {logging_mixin.py:151} INFO - #False
[2024-01-20T04:38:06.518+0000] {logging_mixin.py:151} INFO - #False
[2024-01-20T04:38:06.519+0000] {logging_mixin.py:151} INFO - #False
[2024-01-20T04:38:06.520+0000] {logging_mixin.py:151} INFO - #False
[2024-01-20T04:38:06.520+0000] {logging_mixin.py:151} INFO - #False
[2024-01-20T04:38:06.520+0000] {logging_mixin.py:151} INFO - #False
[2024-01-20T04:38:06.520+0000] {logging_mixin.py:151} INFO - #False
[2024-01-20T04:38:06.521+0000] {logging_mixin.py:151} INFO - #False
[2024-01-20T04:38:06.521+0000] {logging_mixin.py:151} INFO - #False
[2024-01-20T04:38:06.521+0000] {logging_mixin.py:151} INFO - #False
[2024-01-20T04:38:06.522+0000] {logging_mixin.py:151} INFO -  submission : 
[2024-01-20T04:38:06.966+0000] {logging_mixin.py:151} INFO - #False
[2024-01-20T04:38:06.966+0000] {logging_mixin.py:151} INFO - #False
[2024-01-20T04:38:06.967+0000] {logging_mixin.py:151} INFO - #False
[2024-01-20T04:38:06.967+0000] {logging_mixin.py:151} INFO - #False
[2024-01-20T04:38:06.967+0000] {logging_mixin.py:151} INFO - #False
[2024-01-20T04:38:06.968+0000] {logging_mixin.py:151} INFO - #False
[2024-01-20T04:38:06.968+0000] {logging_mixin.py:151} INFO - #False
[2024-01-20T04:38:06.968+0000] {logging_mixin.py:151} INFO - #False
[2024-01-20T04:38:06.968+0000] {logging_mixin.py:151} INFO - #False
[2024-01-20T04:38:06.969+0000] {logging_mixin.py:151} INFO - #False
[2024-01-20T04:38:06.969+0000] {logging_mixin.py:151} INFO - #False
[2024-01-20T04:38:06.969+0000] {logging_mixin.py:151} INFO - #False
[2024-01-20T04:38:06.969+0000] {logging_mixin.py:151} INFO - #False
[2024-01-20T04:38:06.970+0000] {logging_mixin.py:151} INFO - #False
[2024-01-20T04:38:06.970+0000] {logging_mixin.py:151} INFO - #False
[2024-01-20T04:38:06.970+0000] {logging_mixin.py:151} INFO - #False
[2024-01-20T04:38:06.970+0000] {logging_mixin.py:151} INFO - #False
[2024-01-20T04:38:06.971+0000] {logging_mixin.py:151} INFO - #False
[2024-01-20T04:38:06.971+0000] {logging_mixin.py:151} INFO - #False
[2024-01-20T04:38:06.971+0000] {logging_mixin.py:151} INFO - #False
[2024-01-20T04:38:06.972+0000] {logging_mixin.py:151} INFO - #False
[2024-01-20T04:38:06.972+0000] {logging_mixin.py:151} INFO - #False
[2024-01-20T04:38:06.972+0000] {logging_mixin.py:151} INFO - #False
[2024-01-20T04:38:06.972+0000] {logging_mixin.py:151} INFO - #False
[2024-01-20T04:38:06.973+0000] {logging_mixin.py:151} INFO - #False
[2024-01-20T04:38:06.973+0000] {logging_mixin.py:151} INFO - #False
[2024-01-20T04:38:06.973+0000] {logging_mixin.py:151} INFO - #False
[2024-01-20T04:38:06.973+0000] {logging_mixin.py:151} INFO - #False
[2024-01-20T04:38:06.974+0000] {logging_mixin.py:151} INFO - #False
[2024-01-20T04:38:06.974+0000] {logging_mixin.py:151} INFO - #False
[2024-01-20T04:38:06.974+0000] {logging_mixin.py:151} INFO -  submission : 
[2024-01-20T04:38:07.408+0000] {logging_mixin.py:151} INFO - #False
[2024-01-20T04:38:07.408+0000] {logging_mixin.py:151} INFO - #False
[2024-01-20T04:38:07.409+0000] {logging_mixin.py:151} INFO - #False
[2024-01-20T04:38:07.409+0000] {logging_mixin.py:151} INFO - #False
[2024-01-20T04:38:07.409+0000] {logging_mixin.py:151} INFO - #False
[2024-01-20T04:38:07.409+0000] {logging_mixin.py:151} INFO - #False
[2024-01-20T04:38:07.410+0000] {logging_mixin.py:151} INFO - #False
[2024-01-20T04:38:07.410+0000] {logging_mixin.py:151} INFO - #False
[2024-01-20T04:38:07.410+0000] {logging_mixin.py:151} INFO - #False
[2024-01-20T04:38:07.410+0000] {logging_mixin.py:151} INFO - #False
[2024-01-20T04:38:07.411+0000] {logging_mixin.py:151} INFO - #False
[2024-01-20T04:38:07.411+0000] {logging_mixin.py:151} INFO - #False
[2024-01-20T04:38:07.411+0000] {logging_mixin.py:151} INFO - #False
[2024-01-20T04:38:07.411+0000] {logging_mixin.py:151} INFO - #False
[2024-01-20T04:38:07.412+0000] {logging_mixin.py:151} INFO - #False
[2024-01-20T04:38:07.412+0000] {logging_mixin.py:151} INFO - #False
[2024-01-20T04:38:07.412+0000] {logging_mixin.py:151} INFO - #False
[2024-01-20T04:38:07.412+0000] {logging_mixin.py:151} INFO - #False
[2024-01-20T04:38:07.412+0000] {logging_mixin.py:151} INFO - #False
[2024-01-20T04:38:07.413+0000] {logging_mixin.py:151} INFO - #False
[2024-01-20T04:38:07.413+0000] {logging_mixin.py:151} INFO - #False
[2024-01-20T04:38:07.413+0000] {logging_mixin.py:151} INFO - #False
[2024-01-20T04:38:07.413+0000] {logging_mixin.py:151} INFO - #False
[2024-01-20T04:38:07.414+0000] {logging_mixin.py:151} INFO - #False
[2024-01-20T04:38:07.414+0000] {logging_mixin.py:151} INFO - #False
[2024-01-20T04:38:07.414+0000] {logging_mixin.py:151} INFO - #False
[2024-01-20T04:38:07.414+0000] {logging_mixin.py:151} INFO - #False
[2024-01-20T04:38:07.414+0000] {logging_mixin.py:151} INFO - #False
[2024-01-20T04:38:07.415+0000] {logging_mixin.py:151} INFO - #False
[2024-01-20T04:38:07.415+0000] {logging_mixin.py:151} INFO - #False
[2024-01-20T04:38:07.415+0000] {logging_mixin.py:151} INFO -  submission : 
[2024-01-20T04:38:07.780+0000] {logging_mixin.py:151} INFO - #False
[2024-01-20T04:38:07.781+0000] {logging_mixin.py:151} INFO - #False
[2024-01-20T04:38:07.781+0000] {logging_mixin.py:151} INFO - #False
[2024-01-20T04:38:07.781+0000] {logging_mixin.py:151} INFO - #False
[2024-01-20T04:38:07.782+0000] {logging_mixin.py:151} INFO - #False
[2024-01-20T04:38:07.782+0000] {logging_mixin.py:151} INFO - #False
[2024-01-20T04:38:07.782+0000] {logging_mixin.py:151} INFO - #False
[2024-01-20T04:38:07.782+0000] {logging_mixin.py:151} INFO - #False
[2024-01-20T04:38:07.783+0000] {logging_mixin.py:151} INFO - #False
[2024-01-20T04:38:07.783+0000] {logging_mixin.py:151} INFO - #False
[2024-01-20T04:38:07.783+0000] {logging_mixin.py:151} INFO - #False
[2024-01-20T04:38:07.784+0000] {logging_mixin.py:151} INFO - #False
[2024-01-20T04:38:07.784+0000] {logging_mixin.py:151} INFO - #False
[2024-01-20T04:38:07.784+0000] {logging_mixin.py:151} INFO - #False
[2024-01-20T04:38:07.784+0000] {logging_mixin.py:151} INFO - #False
[2024-01-20T04:38:07.785+0000] {logging_mixin.py:151} INFO - #False
[2024-01-20T04:38:07.785+0000] {logging_mixin.py:151} INFO - #False
[2024-01-20T04:38:07.785+0000] {logging_mixin.py:151} INFO - #False
[2024-01-20T04:38:07.785+0000] {logging_mixin.py:151} INFO - #False
[2024-01-20T04:38:07.786+0000] {logging_mixin.py:151} INFO - #False
[2024-01-20T04:38:07.786+0000] {logging_mixin.py:151} INFO - #False
[2024-01-20T04:38:07.786+0000] {logging_mixin.py:151} INFO - #False
[2024-01-20T04:38:07.786+0000] {logging_mixin.py:151} INFO - #False
[2024-01-20T04:38:07.786+0000] {logging_mixin.py:151} INFO - #False
[2024-01-20T04:38:07.787+0000] {logging_mixin.py:151} INFO - #False
[2024-01-20T04:38:07.787+0000] {logging_mixin.py:151} INFO - #False
[2024-01-20T04:38:07.787+0000] {logging_mixin.py:151} INFO - #False
[2024-01-20T04:38:07.787+0000] {logging_mixin.py:151} INFO - #False
[2024-01-20T04:38:07.788+0000] {logging_mixin.py:151} INFO - #False
[2024-01-20T04:38:07.788+0000] {logging_mixin.py:151} INFO - #False
[2024-01-20T04:38:07.788+0000] {logging_mixin.py:151} INFO -  submission : 
[2024-01-20T04:38:08.255+0000] {logging_mixin.py:151} INFO - #False
[2024-01-20T04:38:08.255+0000] {logging_mixin.py:151} INFO - #False
[2024-01-20T04:38:08.256+0000] {logging_mixin.py:151} INFO - #False
[2024-01-20T04:38:08.256+0000] {logging_mixin.py:151} INFO - #False
[2024-01-20T04:38:08.256+0000] {logging_mixin.py:151} INFO - #False
[2024-01-20T04:38:08.256+0000] {logging_mixin.py:151} INFO - #False
[2024-01-20T04:38:08.257+0000] {logging_mixin.py:151} INFO - #False
[2024-01-20T04:38:08.257+0000] {logging_mixin.py:151} INFO - #False
[2024-01-20T04:38:08.257+0000] {logging_mixin.py:151} INFO - #False
[2024-01-20T04:38:08.258+0000] {logging_mixin.py:151} INFO - #False
[2024-01-20T04:38:08.258+0000] {logging_mixin.py:151} INFO - #False
[2024-01-20T04:38:08.258+0000] {logging_mixin.py:151} INFO - #False
[2024-01-20T04:38:08.258+0000] {logging_mixin.py:151} INFO - #False
[2024-01-20T04:38:08.258+0000] {logging_mixin.py:151} INFO - #False
[2024-01-20T04:38:08.259+0000] {logging_mixin.py:151} INFO - #False
[2024-01-20T04:38:08.259+0000] {logging_mixin.py:151} INFO - #False
[2024-01-20T04:38:08.259+0000] {logging_mixin.py:151} INFO - #False
[2024-01-20T04:38:08.259+0000] {logging_mixin.py:151} INFO - #False
[2024-01-20T04:38:08.259+0000] {logging_mixin.py:151} INFO - #False
[2024-01-20T04:38:08.260+0000] {logging_mixin.py:151} INFO - #False
[2024-01-20T04:38:08.260+0000] {logging_mixin.py:151} INFO - #False
[2024-01-20T04:38:08.260+0000] {logging_mixin.py:151} INFO - #False
[2024-01-20T04:38:08.261+0000] {logging_mixin.py:151} INFO - #False
[2024-01-20T04:38:08.261+0000] {logging_mixin.py:151} INFO - #False
[2024-01-20T04:38:08.261+0000] {logging_mixin.py:151} INFO - #False
[2024-01-20T04:38:08.262+0000] {logging_mixin.py:151} INFO - #False
[2024-01-20T04:38:08.262+0000] {logging_mixin.py:151} INFO - #False
[2024-01-20T04:38:08.262+0000] {logging_mixin.py:151} INFO - #False
[2024-01-20T04:38:08.262+0000] {logging_mixin.py:151} INFO - #False
[2024-01-20T04:38:08.262+0000] {logging_mixin.py:151} INFO - #False
[2024-01-20T04:38:08.263+0000] {logging_mixin.py:151} INFO -  submission : 
[2024-01-20T04:38:08.782+0000] {logging_mixin.py:151} INFO - #False
[2024-01-20T04:38:08.782+0000] {logging_mixin.py:151} INFO - #False
[2024-01-20T04:38:08.783+0000] {logging_mixin.py:151} INFO - #False
[2024-01-20T04:38:08.783+0000] {logging_mixin.py:151} INFO - #False
[2024-01-20T04:38:08.783+0000] {logging_mixin.py:151} INFO - #False
[2024-01-20T04:38:08.784+0000] {logging_mixin.py:151} INFO - #False
[2024-01-20T04:38:08.784+0000] {logging_mixin.py:151} INFO - #False
[2024-01-20T04:38:08.784+0000] {logging_mixin.py:151} INFO - #False
[2024-01-20T04:38:08.784+0000] {logging_mixin.py:151} INFO - #False
[2024-01-20T04:38:08.785+0000] {logging_mixin.py:151} INFO - #False
[2024-01-20T04:38:08.785+0000] {logging_mixin.py:151} INFO - #False
[2024-01-20T04:38:08.785+0000] {logging_mixin.py:151} INFO - #False
[2024-01-20T04:38:08.785+0000] {logging_mixin.py:151} INFO - #False
[2024-01-20T04:38:08.786+0000] {logging_mixin.py:151} INFO - #False
[2024-01-20T04:38:08.786+0000] {logging_mixin.py:151} INFO - #False
[2024-01-20T04:38:08.786+0000] {logging_mixin.py:151} INFO - #False
[2024-01-20T04:38:08.786+0000] {logging_mixin.py:151} INFO - #False
[2024-01-20T04:38:08.786+0000] {logging_mixin.py:151} INFO - #False
[2024-01-20T04:38:08.787+0000] {logging_mixin.py:151} INFO - #False
[2024-01-20T04:38:08.787+0000] {logging_mixin.py:151} INFO - #False
[2024-01-20T04:38:08.787+0000] {logging_mixin.py:151} INFO - #False
[2024-01-20T04:38:08.787+0000] {logging_mixin.py:151} INFO - #False
[2024-01-20T04:38:08.788+0000] {logging_mixin.py:151} INFO - #False
[2024-01-20T04:38:08.788+0000] {logging_mixin.py:151} INFO - #False
[2024-01-20T04:38:08.788+0000] {logging_mixin.py:151} INFO - #False
[2024-01-20T04:38:08.789+0000] {logging_mixin.py:151} INFO - #False
[2024-01-20T04:38:08.789+0000] {logging_mixin.py:151} INFO - #False
[2024-01-20T04:38:08.789+0000] {logging_mixin.py:151} INFO - #False
[2024-01-20T04:38:08.789+0000] {logging_mixin.py:151} INFO - #False
[2024-01-20T04:38:08.790+0000] {logging_mixin.py:151} INFO - #False
[2024-01-20T04:38:08.790+0000] {python.py:194} INFO - Done. Returned value was: None
[2024-01-20T04:38:08.797+0000] {taskinstance.py:1400} INFO - Marking task as SUCCESS. dag_id=Kafka_Producer_3, task_id=Reddit, execution_date=20240120T043457, start_date=20240120T043804, end_date=20240120T043808
[2024-01-20T04:38:08.816+0000] {local_task_job_runner.py:228} INFO - Task exited with return code 0
[2024-01-20T04:38:08.831+0000] {taskinstance.py:2784} INFO - 0 downstream tasks scheduled from follow-on schedule check
