[2024-01-20T06:11:21.259+0000] {taskinstance.py:1159} INFO - Dependencies all met for dep_context=non-requeueable deps ti=<TaskInstance: Kafka_Producer_4.Reddit scheduled__2024-01-20T06:09:17.127272+00:00 [queued]>
[2024-01-20T06:11:21.266+0000] {taskinstance.py:1159} INFO - Dependencies all met for dep_context=requeueable deps ti=<TaskInstance: Kafka_Producer_4.Reddit scheduled__2024-01-20T06:09:17.127272+00:00 [queued]>
[2024-01-20T06:11:21.267+0000] {taskinstance.py:1361} INFO - Starting attempt 1 of 1
[2024-01-20T06:11:21.278+0000] {taskinstance.py:1382} INFO - Executing <Task(PythonOperator): Reddit> on 2024-01-20 06:09:17.127272+00:00
[2024-01-20T06:11:21.280+0000] {standard_task_runner.py:57} INFO - Started process 14677 to run task
[2024-01-20T06:11:21.282+0000] {standard_task_runner.py:84} INFO - Running: ['***', 'tasks', 'run', 'Kafka_Producer_4', 'Reddit', 'scheduled__2024-01-20T06:09:17.127272+00:00', '--job-id', '849', '--raw', '--subdir', 'DAGS_FOLDER/kafka_stream_4.py', '--cfg-path', '/tmp/tmp35dutp14']
[2024-01-20T06:11:21.284+0000] {standard_task_runner.py:85} INFO - Job 849: Subtask Reddit
[2024-01-20T06:11:21.324+0000] {task_command.py:415} INFO - Running <TaskInstance: Kafka_Producer_4.Reddit scheduled__2024-01-20T06:09:17.127272+00:00 [running]> on host 45c5bfab8aa1
[2024-01-20T06:11:21.397+0000] {taskinstance.py:1660} INFO - Exporting env vars: AIRFLOW_CTX_DAG_OWNER='me' AIRFLOW_CTX_DAG_ID='Kafka_Producer_4' AIRFLOW_CTX_TASK_ID='Reddit' AIRFLOW_CTX_EXECUTION_DATE='2024-01-20T06:09:17.127272+00:00' AIRFLOW_CTX_TRY_NUMBER='1' AIRFLOW_CTX_DAG_RUN_ID='scheduled__2024-01-20T06:09:17.127272+00:00'
[2024-01-20T06:11:21.435+0000] {logging_mixin.py:151} INFO -  submission : 
[2024-01-20T06:11:22.240+0000] {logging_mixin.py:151} INFO - #False
[2024-01-20T06:11:22.241+0000] {logging_mixin.py:151} INFO - #False
[2024-01-20T06:11:22.242+0000] {logging_mixin.py:151} INFO - #False
[2024-01-20T06:11:22.242+0000] {logging_mixin.py:151} INFO - #False
[2024-01-20T06:11:22.243+0000] {logging_mixin.py:151} INFO - #False
[2024-01-20T06:11:22.243+0000] {logging_mixin.py:151} INFO - #False
[2024-01-20T06:11:22.243+0000] {logging_mixin.py:151} INFO - #False
[2024-01-20T06:11:22.244+0000] {logging_mixin.py:151} INFO - #False
[2024-01-20T06:11:22.244+0000] {logging_mixin.py:151} INFO - #False
[2024-01-20T06:11:22.245+0000] {logging_mixin.py:151} INFO - #False
[2024-01-20T06:11:22.245+0000] {logging_mixin.py:151} INFO - #False
[2024-01-20T06:11:22.246+0000] {logging_mixin.py:151} INFO - #False
[2024-01-20T06:11:22.246+0000] {logging_mixin.py:151} INFO - #False
[2024-01-20T06:11:22.247+0000] {logging_mixin.py:151} INFO - #False
[2024-01-20T06:11:22.247+0000] {logging_mixin.py:151} INFO - #False
[2024-01-20T06:11:22.248+0000] {logging_mixin.py:151} INFO - #False
[2024-01-20T06:11:22.248+0000] {logging_mixin.py:151} INFO - #False
[2024-01-20T06:11:22.249+0000] {logging_mixin.py:151} INFO - #False
[2024-01-20T06:11:22.249+0000] {logging_mixin.py:151} INFO - #False
[2024-01-20T06:11:22.250+0000] {logging_mixin.py:151} INFO - #False
[2024-01-20T06:11:22.250+0000] {logging_mixin.py:151} INFO - #False
[2024-01-20T06:11:22.251+0000] {logging_mixin.py:151} INFO - #False
[2024-01-20T06:11:22.251+0000] {logging_mixin.py:151} INFO - #False
[2024-01-20T06:11:22.251+0000] {logging_mixin.py:151} INFO - #False
[2024-01-20T06:11:22.252+0000] {logging_mixin.py:151} INFO - #False
[2024-01-20T06:11:22.252+0000] {logging_mixin.py:151} INFO - #False
[2024-01-20T06:11:22.253+0000] {logging_mixin.py:151} INFO - #False
[2024-01-20T06:11:22.253+0000] {logging_mixin.py:151} INFO - #False
[2024-01-20T06:11:22.254+0000] {logging_mixin.py:151} INFO - #False
[2024-01-20T06:11:22.254+0000] {logging_mixin.py:151} INFO - #False
[2024-01-20T06:11:22.255+0000] {logging_mixin.py:151} INFO -  submission : 
[2024-01-20T06:11:22.867+0000] {logging_mixin.py:151} INFO - #False
[2024-01-20T06:11:22.868+0000] {logging_mixin.py:151} INFO - #False
[2024-01-20T06:11:22.869+0000] {logging_mixin.py:151} INFO - #False
[2024-01-20T06:11:22.869+0000] {logging_mixin.py:151} INFO - #False
[2024-01-20T06:11:22.870+0000] {logging_mixin.py:151} INFO - #False
[2024-01-20T06:11:22.871+0000] {logging_mixin.py:151} INFO - #False
[2024-01-20T06:11:22.871+0000] {logging_mixin.py:151} INFO - #False
[2024-01-20T06:11:22.872+0000] {logging_mixin.py:151} INFO - #False
[2024-01-20T06:11:22.872+0000] {logging_mixin.py:151} INFO - #False
[2024-01-20T06:11:22.873+0000] {logging_mixin.py:151} INFO - #False
[2024-01-20T06:11:22.873+0000] {logging_mixin.py:151} INFO - #False
[2024-01-20T06:11:22.874+0000] {logging_mixin.py:151} INFO - #False
[2024-01-20T06:11:22.874+0000] {logging_mixin.py:151} INFO - #False
[2024-01-20T06:11:22.875+0000] {logging_mixin.py:151} INFO - #False
[2024-01-20T06:11:22.875+0000] {logging_mixin.py:151} INFO - #False
[2024-01-20T06:11:22.875+0000] {logging_mixin.py:151} INFO - #False
[2024-01-20T06:11:22.876+0000] {logging_mixin.py:151} INFO - #False
[2024-01-20T06:11:22.876+0000] {logging_mixin.py:151} INFO - #False
[2024-01-20T06:11:22.876+0000] {logging_mixin.py:151} INFO - #False
[2024-01-20T06:11:22.877+0000] {logging_mixin.py:151} INFO - #False
[2024-01-20T06:11:22.877+0000] {logging_mixin.py:151} INFO - #False
[2024-01-20T06:11:22.878+0000] {logging_mixin.py:151} INFO - #False
[2024-01-20T06:11:22.878+0000] {logging_mixin.py:151} INFO - #False
[2024-01-20T06:11:22.878+0000] {logging_mixin.py:151} INFO - #False
[2024-01-20T06:11:22.879+0000] {logging_mixin.py:151} INFO - #False
[2024-01-20T06:11:22.879+0000] {logging_mixin.py:151} INFO - #False
[2024-01-20T06:11:22.880+0000] {logging_mixin.py:151} INFO - #False
[2024-01-20T06:11:22.880+0000] {logging_mixin.py:151} INFO - #False
[2024-01-20T06:11:22.880+0000] {logging_mixin.py:151} INFO - #False
[2024-01-20T06:11:22.881+0000] {logging_mixin.py:151} INFO - #False
[2024-01-20T06:11:22.881+0000] {logging_mixin.py:151} INFO -  submission : 
[2024-01-20T06:11:23.449+0000] {logging_mixin.py:151} INFO - #False
[2024-01-20T06:11:23.449+0000] {logging_mixin.py:151} INFO - #False
[2024-01-20T06:11:23.450+0000] {logging_mixin.py:151} INFO - #False
[2024-01-20T06:11:23.450+0000] {logging_mixin.py:151} INFO - #False
[2024-01-20T06:11:23.450+0000] {logging_mixin.py:151} INFO - #False
[2024-01-20T06:11:23.450+0000] {logging_mixin.py:151} INFO - #False
[2024-01-20T06:11:23.451+0000] {logging_mixin.py:151} INFO - #False
[2024-01-20T06:11:23.451+0000] {logging_mixin.py:151} INFO - #False
[2024-01-20T06:11:23.451+0000] {logging_mixin.py:151} INFO - #False
[2024-01-20T06:11:23.451+0000] {logging_mixin.py:151} INFO - #False
[2024-01-20T06:11:23.452+0000] {logging_mixin.py:151} INFO - #False
[2024-01-20T06:11:23.452+0000] {logging_mixin.py:151} INFO - #False
[2024-01-20T06:11:23.452+0000] {logging_mixin.py:151} INFO - #False
[2024-01-20T06:11:23.452+0000] {logging_mixin.py:151} INFO - #False
[2024-01-20T06:11:23.453+0000] {logging_mixin.py:151} INFO - #False
[2024-01-20T06:11:23.453+0000] {logging_mixin.py:151} INFO - #False
[2024-01-20T06:11:23.453+0000] {logging_mixin.py:151} INFO - #False
[2024-01-20T06:11:23.453+0000] {logging_mixin.py:151} INFO - #False
[2024-01-20T06:11:23.454+0000] {logging_mixin.py:151} INFO - #False
[2024-01-20T06:11:23.454+0000] {logging_mixin.py:151} INFO - #False
[2024-01-20T06:11:23.454+0000] {logging_mixin.py:151} INFO - #False
[2024-01-20T06:11:23.454+0000] {logging_mixin.py:151} INFO - #False
[2024-01-20T06:11:23.454+0000] {logging_mixin.py:151} INFO - #False
[2024-01-20T06:11:23.455+0000] {logging_mixin.py:151} INFO - #False
[2024-01-20T06:11:23.455+0000] {logging_mixin.py:151} INFO - #False
[2024-01-20T06:11:23.455+0000] {logging_mixin.py:151} INFO - #False
[2024-01-20T06:11:23.455+0000] {logging_mixin.py:151} INFO - #False
[2024-01-20T06:11:23.456+0000] {logging_mixin.py:151} INFO - #False
[2024-01-20T06:11:23.456+0000] {logging_mixin.py:151} INFO - #False
[2024-01-20T06:11:23.456+0000] {logging_mixin.py:151} INFO - #False
[2024-01-20T06:11:23.456+0000] {logging_mixin.py:151} INFO -  submission : 
[2024-01-20T06:11:23.828+0000] {logging_mixin.py:151} INFO - #False
[2024-01-20T06:11:23.829+0000] {logging_mixin.py:151} INFO - #False
[2024-01-20T06:11:23.829+0000] {logging_mixin.py:151} INFO - #False
[2024-01-20T06:11:23.830+0000] {logging_mixin.py:151} INFO - #False
[2024-01-20T06:11:23.830+0000] {logging_mixin.py:151} INFO - #False
[2024-01-20T06:11:23.830+0000] {logging_mixin.py:151} INFO - #False
[2024-01-20T06:11:23.831+0000] {logging_mixin.py:151} INFO - #False
[2024-01-20T06:11:23.831+0000] {logging_mixin.py:151} INFO - #False
[2024-01-20T06:11:23.832+0000] {logging_mixin.py:151} INFO - #False
[2024-01-20T06:11:23.832+0000] {logging_mixin.py:151} INFO - #False
[2024-01-20T06:11:23.833+0000] {logging_mixin.py:151} INFO - #False
[2024-01-20T06:11:23.833+0000] {logging_mixin.py:151} INFO - #False
[2024-01-20T06:11:23.834+0000] {logging_mixin.py:151} INFO - #False
[2024-01-20T06:11:23.834+0000] {logging_mixin.py:151} INFO - #False
[2024-01-20T06:11:23.834+0000] {logging_mixin.py:151} INFO - #False
[2024-01-20T06:11:23.835+0000] {logging_mixin.py:151} INFO - #False
[2024-01-20T06:11:23.835+0000] {logging_mixin.py:151} INFO - #False
[2024-01-20T06:11:23.835+0000] {logging_mixin.py:151} INFO - #False
[2024-01-20T06:11:23.836+0000] {logging_mixin.py:151} INFO - #False
[2024-01-20T06:11:23.836+0000] {logging_mixin.py:151} INFO - #False
[2024-01-20T06:11:23.836+0000] {logging_mixin.py:151} INFO - #False
[2024-01-20T06:11:23.836+0000] {logging_mixin.py:151} INFO - #False
[2024-01-20T06:11:23.837+0000] {logging_mixin.py:151} INFO - #False
[2024-01-20T06:11:23.837+0000] {logging_mixin.py:151} INFO - #False
[2024-01-20T06:11:23.838+0000] {logging_mixin.py:151} INFO - #False
[2024-01-20T06:11:23.838+0000] {logging_mixin.py:151} INFO - #False
[2024-01-20T06:11:23.838+0000] {logging_mixin.py:151} INFO - #False
[2024-01-20T06:11:23.838+0000] {logging_mixin.py:151} INFO - #False
[2024-01-20T06:11:23.839+0000] {logging_mixin.py:151} INFO - #False
[2024-01-20T06:11:23.839+0000] {logging_mixin.py:151} INFO - #False
[2024-01-20T06:11:23.840+0000] {logging_mixin.py:151} INFO -  submission : 
[2024-01-20T06:11:24.415+0000] {logging_mixin.py:151} INFO - #False
[2024-01-20T06:11:24.416+0000] {logging_mixin.py:151} INFO - #False
[2024-01-20T06:11:24.416+0000] {logging_mixin.py:151} INFO - #False
[2024-01-20T06:11:24.416+0000] {logging_mixin.py:151} INFO - #False
[2024-01-20T06:11:24.417+0000] {logging_mixin.py:151} INFO - #False
[2024-01-20T06:11:24.417+0000] {logging_mixin.py:151} INFO - #False
[2024-01-20T06:11:24.417+0000] {logging_mixin.py:151} INFO - #False
[2024-01-20T06:11:24.418+0000] {logging_mixin.py:151} INFO - #False
[2024-01-20T06:11:24.418+0000] {logging_mixin.py:151} INFO - #False
[2024-01-20T06:11:24.418+0000] {logging_mixin.py:151} INFO - #False
[2024-01-20T06:11:24.418+0000] {logging_mixin.py:151} INFO - #False
[2024-01-20T06:11:24.419+0000] {logging_mixin.py:151} INFO - #False
[2024-01-20T06:11:24.419+0000] {logging_mixin.py:151} INFO - #False
[2024-01-20T06:11:24.419+0000] {logging_mixin.py:151} INFO - #False
[2024-01-20T06:11:24.420+0000] {logging_mixin.py:151} INFO - #False
[2024-01-20T06:11:24.420+0000] {logging_mixin.py:151} INFO - #False
[2024-01-20T06:11:24.420+0000] {logging_mixin.py:151} INFO - #False
[2024-01-20T06:11:24.420+0000] {logging_mixin.py:151} INFO - #False
[2024-01-20T06:11:24.420+0000] {logging_mixin.py:151} INFO - #False
[2024-01-20T06:11:24.421+0000] {logging_mixin.py:151} INFO - #False
[2024-01-20T06:11:24.421+0000] {logging_mixin.py:151} INFO - #False
[2024-01-20T06:11:24.421+0000] {logging_mixin.py:151} INFO - #False
[2024-01-20T06:11:24.422+0000] {logging_mixin.py:151} INFO - #False
[2024-01-20T06:11:24.422+0000] {logging_mixin.py:151} INFO - #False
[2024-01-20T06:11:24.422+0000] {logging_mixin.py:151} INFO - #False
[2024-01-20T06:11:24.422+0000] {logging_mixin.py:151} INFO - #False
[2024-01-20T06:11:24.423+0000] {logging_mixin.py:151} INFO - #False
[2024-01-20T06:11:24.423+0000] {logging_mixin.py:151} INFO - #False
[2024-01-20T06:11:24.423+0000] {logging_mixin.py:151} INFO - #False
[2024-01-20T06:11:24.423+0000] {logging_mixin.py:151} INFO - #False
[2024-01-20T06:11:24.424+0000] {logging_mixin.py:151} INFO -  submission : 
[2024-01-20T06:11:24.879+0000] {logging_mixin.py:151} INFO - #False
[2024-01-20T06:11:24.880+0000] {logging_mixin.py:151} INFO - #False
[2024-01-20T06:11:24.881+0000] {logging_mixin.py:151} INFO - #False
[2024-01-20T06:11:24.881+0000] {logging_mixin.py:151} INFO - #False
[2024-01-20T06:11:24.882+0000] {logging_mixin.py:151} INFO - #False
[2024-01-20T06:11:24.882+0000] {logging_mixin.py:151} INFO - #False
[2024-01-20T06:11:24.883+0000] {logging_mixin.py:151} INFO - #False
[2024-01-20T06:11:24.883+0000] {logging_mixin.py:151} INFO - #False
[2024-01-20T06:11:24.884+0000] {logging_mixin.py:151} INFO - #False
[2024-01-20T06:11:24.884+0000] {logging_mixin.py:151} INFO - #False
[2024-01-20T06:11:24.885+0000] {logging_mixin.py:151} INFO - #False
[2024-01-20T06:11:24.885+0000] {logging_mixin.py:151} INFO - #False
[2024-01-20T06:11:24.886+0000] {logging_mixin.py:151} INFO - #False
[2024-01-20T06:11:24.886+0000] {logging_mixin.py:151} INFO - #False
[2024-01-20T06:11:24.887+0000] {logging_mixin.py:151} INFO - #False
[2024-01-20T06:11:24.887+0000] {logging_mixin.py:151} INFO - #False
[2024-01-20T06:11:24.888+0000] {logging_mixin.py:151} INFO - #False
[2024-01-20T06:11:24.888+0000] {logging_mixin.py:151} INFO - #False
[2024-01-20T06:11:24.889+0000] {logging_mixin.py:151} INFO - #False
[2024-01-20T06:11:24.889+0000] {logging_mixin.py:151} INFO - #False
[2024-01-20T06:11:24.890+0000] {logging_mixin.py:151} INFO - #False
[2024-01-20T06:11:24.890+0000] {logging_mixin.py:151} INFO - #False
[2024-01-20T06:11:24.891+0000] {logging_mixin.py:151} INFO - #False
[2024-01-20T06:11:24.891+0000] {logging_mixin.py:151} INFO - #False
[2024-01-20T06:11:24.892+0000] {logging_mixin.py:151} INFO - #False
[2024-01-20T06:11:24.892+0000] {logging_mixin.py:151} INFO - #False
[2024-01-20T06:11:24.892+0000] {logging_mixin.py:151} INFO - #False
[2024-01-20T06:11:24.893+0000] {logging_mixin.py:151} INFO - #False
[2024-01-20T06:11:24.893+0000] {logging_mixin.py:151} INFO - #False
[2024-01-20T06:11:24.893+0000] {logging_mixin.py:151} INFO - #False
[2024-01-20T06:11:24.894+0000] {logging_mixin.py:151} INFO -  submission : 
[2024-01-20T06:11:25.391+0000] {logging_mixin.py:151} INFO - #False
[2024-01-20T06:11:25.391+0000] {logging_mixin.py:151} INFO - #False
[2024-01-20T06:11:25.391+0000] {logging_mixin.py:151} INFO - #False
[2024-01-20T06:11:25.392+0000] {logging_mixin.py:151} INFO - #False
[2024-01-20T06:11:25.392+0000] {logging_mixin.py:151} INFO - #False
[2024-01-20T06:11:25.392+0000] {logging_mixin.py:151} INFO - #False
[2024-01-20T06:11:25.392+0000] {logging_mixin.py:151} INFO - #False
[2024-01-20T06:11:25.393+0000] {logging_mixin.py:151} INFO - #False
[2024-01-20T06:11:25.393+0000] {logging_mixin.py:151} INFO - #False
[2024-01-20T06:11:25.393+0000] {logging_mixin.py:151} INFO - #False
[2024-01-20T06:11:25.393+0000] {logging_mixin.py:151} INFO - #False
[2024-01-20T06:11:25.394+0000] {logging_mixin.py:151} INFO - #False
[2024-01-20T06:11:25.394+0000] {logging_mixin.py:151} INFO - #False
[2024-01-20T06:11:25.394+0000] {logging_mixin.py:151} INFO - #False
[2024-01-20T06:11:25.394+0000] {logging_mixin.py:151} INFO - #False
[2024-01-20T06:11:25.395+0000] {logging_mixin.py:151} INFO - #False
[2024-01-20T06:11:25.395+0000] {logging_mixin.py:151} INFO - #False
[2024-01-20T06:11:25.395+0000] {logging_mixin.py:151} INFO - #False
[2024-01-20T06:11:25.395+0000] {logging_mixin.py:151} INFO - #False
[2024-01-20T06:11:25.396+0000] {logging_mixin.py:151} INFO - #False
[2024-01-20T06:11:25.396+0000] {logging_mixin.py:151} INFO - #False
[2024-01-20T06:11:25.396+0000] {logging_mixin.py:151} INFO - #False
[2024-01-20T06:11:25.396+0000] {logging_mixin.py:151} INFO - #False
[2024-01-20T06:11:25.396+0000] {logging_mixin.py:151} INFO - #False
[2024-01-20T06:11:25.397+0000] {logging_mixin.py:151} INFO - #False
[2024-01-20T06:11:25.397+0000] {logging_mixin.py:151} INFO - #False
[2024-01-20T06:11:25.397+0000] {logging_mixin.py:151} INFO - #False
[2024-01-20T06:11:25.397+0000] {logging_mixin.py:151} INFO - #False
[2024-01-20T06:11:25.398+0000] {logging_mixin.py:151} INFO - #False
[2024-01-20T06:11:25.398+0000] {logging_mixin.py:151} INFO - #False
[2024-01-20T06:11:25.398+0000] {logging_mixin.py:151} INFO -  submission : 
[2024-01-20T06:11:26.065+0000] {logging_mixin.py:151} INFO - #False
[2024-01-20T06:11:26.066+0000] {logging_mixin.py:151} INFO - #False
[2024-01-20T06:11:26.066+0000] {logging_mixin.py:151} INFO - #False
[2024-01-20T06:11:26.067+0000] {logging_mixin.py:151} INFO - #False
[2024-01-20T06:11:26.067+0000] {logging_mixin.py:151} INFO - #False
[2024-01-20T06:11:26.067+0000] {logging_mixin.py:151} INFO - #False
[2024-01-20T06:11:26.067+0000] {logging_mixin.py:151} INFO - #False
[2024-01-20T06:11:26.068+0000] {logging_mixin.py:151} INFO - #False
[2024-01-20T06:11:26.068+0000] {logging_mixin.py:151} INFO - #False
[2024-01-20T06:11:26.068+0000] {logging_mixin.py:151} INFO - #False
[2024-01-20T06:11:26.068+0000] {logging_mixin.py:151} INFO - #False
[2024-01-20T06:11:26.069+0000] {logging_mixin.py:151} INFO - #False
[2024-01-20T06:11:26.069+0000] {logging_mixin.py:151} INFO - #False
[2024-01-20T06:11:26.069+0000] {logging_mixin.py:151} INFO - #False
[2024-01-20T06:11:26.070+0000] {logging_mixin.py:151} INFO - #False
[2024-01-20T06:11:26.070+0000] {logging_mixin.py:151} INFO - #False
[2024-01-20T06:11:26.070+0000] {logging_mixin.py:151} INFO - #False
[2024-01-20T06:11:26.070+0000] {logging_mixin.py:151} INFO - #False
[2024-01-20T06:11:26.070+0000] {logging_mixin.py:151} INFO - #False
[2024-01-20T06:11:26.071+0000] {logging_mixin.py:151} INFO - #False
[2024-01-20T06:11:26.071+0000] {logging_mixin.py:151} INFO - #False
[2024-01-20T06:11:26.071+0000] {logging_mixin.py:151} INFO - #False
[2024-01-20T06:11:26.071+0000] {logging_mixin.py:151} INFO - #False
[2024-01-20T06:11:26.072+0000] {logging_mixin.py:151} INFO - #False
[2024-01-20T06:11:26.072+0000] {logging_mixin.py:151} INFO - #False
[2024-01-20T06:11:26.072+0000] {logging_mixin.py:151} INFO - #False
[2024-01-20T06:11:26.072+0000] {logging_mixin.py:151} INFO - #False
[2024-01-20T06:11:26.073+0000] {logging_mixin.py:151} INFO - #False
[2024-01-20T06:11:26.073+0000] {logging_mixin.py:151} INFO - #False
[2024-01-20T06:11:26.073+0000] {logging_mixin.py:151} INFO - #False
[2024-01-20T06:11:26.073+0000] {python.py:194} INFO - Done. Returned value was: None
[2024-01-20T06:11:26.081+0000] {taskinstance.py:1400} INFO - Marking task as SUCCESS. dag_id=Kafka_Producer_4, task_id=Reddit, execution_date=20240120T060917, start_date=20240120T061121, end_date=20240120T061126
[2024-01-20T06:11:26.109+0000] {local_task_job_runner.py:228} INFO - Task exited with return code 0
[2024-01-20T06:11:26.123+0000] {taskinstance.py:2784} INFO - 0 downstream tasks scheduled from follow-on schedule check
