[2024-01-20T04:19:26.648+0000] {taskinstance.py:1159} INFO - Dependencies all met for dep_context=non-requeueable deps ti=<TaskInstance: Kafka_Producer_5.Reddit manual__2024-01-20T04:18:38.035404+00:00 [queued]>
[2024-01-20T04:19:26.654+0000] {taskinstance.py:1159} INFO - Dependencies all met for dep_context=requeueable deps ti=<TaskInstance: Kafka_Producer_5.Reddit manual__2024-01-20T04:18:38.035404+00:00 [queued]>
[2024-01-20T04:19:26.654+0000] {taskinstance.py:1361} INFO - Starting attempt 1 of 1
[2024-01-20T04:19:26.665+0000] {taskinstance.py:1382} INFO - Executing <Task(PythonOperator): Reddit> on 2024-01-20 04:18:38.035404+00:00
[2024-01-20T04:19:26.669+0000] {standard_task_runner.py:57} INFO - Started process 4144 to run task
[2024-01-20T04:19:26.671+0000] {standard_task_runner.py:84} INFO - Running: ['***', 'tasks', 'run', 'Kafka_Producer_5', 'Reddit', 'manual__2024-01-20T04:18:38.035404+00:00', '--job-id', '89', '--raw', '--subdir', 'DAGS_FOLDER/kafka_stream_5.py', '--cfg-path', '/tmp/tmprv0usj4q']
[2024-01-20T04:19:26.672+0000] {standard_task_runner.py:85} INFO - Job 89: Subtask Reddit
[2024-01-20T04:19:26.708+0000] {task_command.py:415} INFO - Running <TaskInstance: Kafka_Producer_5.Reddit manual__2024-01-20T04:18:38.035404+00:00 [running]> on host 45c5bfab8aa1
[2024-01-20T04:19:26.764+0000] {taskinstance.py:1660} INFO - Exporting env vars: AIRFLOW_CTX_DAG_OWNER='me' AIRFLOW_CTX_DAG_ID='Kafka_Producer_5' AIRFLOW_CTX_TASK_ID='Reddit' AIRFLOW_CTX_EXECUTION_DATE='2024-01-20T04:18:38.035404+00:00' AIRFLOW_CTX_TRY_NUMBER='1' AIRFLOW_CTX_DAG_RUN_ID='manual__2024-01-20T04:18:38.035404+00:00'
[2024-01-20T04:19:26.791+0000] {logging_mixin.py:151} INFO -  submission : 
[2024-01-20T04:19:27.705+0000] {logging_mixin.py:151} INFO - #False
[2024-01-20T04:19:27.712+0000] {logging_mixin.py:151} INFO - #False
[2024-01-20T04:19:27.713+0000] {logging_mixin.py:151} INFO - #False
[2024-01-20T04:19:27.713+0000] {logging_mixin.py:151} INFO - #False
[2024-01-20T04:19:27.713+0000] {logging_mixin.py:151} INFO - #False
[2024-01-20T04:19:27.714+0000] {logging_mixin.py:151} INFO - #False
[2024-01-20T04:19:27.714+0000] {logging_mixin.py:151} INFO - #False
[2024-01-20T04:19:27.715+0000] {logging_mixin.py:151} INFO - #False
[2024-01-20T04:19:27.715+0000] {logging_mixin.py:151} INFO - #False
[2024-01-20T04:19:27.716+0000] {logging_mixin.py:151} INFO - #False
[2024-01-20T04:19:27.716+0000] {logging_mixin.py:151} INFO - #False
[2024-01-20T04:19:27.716+0000] {logging_mixin.py:151} INFO - #False
[2024-01-20T04:19:27.717+0000] {logging_mixin.py:151} INFO - #False
[2024-01-20T04:19:27.717+0000] {logging_mixin.py:151} INFO - #False
[2024-01-20T04:19:27.717+0000] {logging_mixin.py:151} INFO - #False
[2024-01-20T04:19:27.718+0000] {logging_mixin.py:151} INFO - #False
[2024-01-20T04:19:27.718+0000] {logging_mixin.py:151} INFO - #False
[2024-01-20T04:19:27.718+0000] {logging_mixin.py:151} INFO - #False
[2024-01-20T04:19:27.718+0000] {logging_mixin.py:151} INFO - #False
[2024-01-20T04:19:27.719+0000] {logging_mixin.py:151} INFO - #False
[2024-01-20T04:19:27.719+0000] {logging_mixin.py:151} INFO - #False
[2024-01-20T04:19:27.719+0000] {logging_mixin.py:151} INFO - #False
[2024-01-20T04:19:27.719+0000] {logging_mixin.py:151} INFO - #False
[2024-01-20T04:19:27.720+0000] {logging_mixin.py:151} INFO - #False
[2024-01-20T04:19:27.720+0000] {logging_mixin.py:151} INFO - #False
[2024-01-20T04:19:27.720+0000] {logging_mixin.py:151} INFO - #False
[2024-01-20T04:19:27.720+0000] {logging_mixin.py:151} INFO - #False
[2024-01-20T04:19:27.721+0000] {logging_mixin.py:151} INFO - #False
[2024-01-20T04:19:27.721+0000] {logging_mixin.py:151} INFO - #False
[2024-01-20T04:19:27.721+0000] {logging_mixin.py:151} INFO - #False
[2024-01-20T04:19:27.721+0000] {logging_mixin.py:151} INFO -  submission : 
[2024-01-20T04:19:28.213+0000] {logging_mixin.py:151} INFO - #False
[2024-01-20T04:19:28.213+0000] {logging_mixin.py:151} INFO - #False
[2024-01-20T04:19:28.214+0000] {logging_mixin.py:151} INFO - #False
[2024-01-20T04:19:28.214+0000] {logging_mixin.py:151} INFO - #False
[2024-01-20T04:19:28.214+0000] {logging_mixin.py:151} INFO - #False
[2024-01-20T04:19:28.215+0000] {logging_mixin.py:151} INFO - #False
[2024-01-20T04:19:28.215+0000] {logging_mixin.py:151} INFO - #False
[2024-01-20T04:19:28.215+0000] {logging_mixin.py:151} INFO - #False
[2024-01-20T04:19:28.216+0000] {logging_mixin.py:151} INFO - #False
[2024-01-20T04:19:28.216+0000] {logging_mixin.py:151} INFO - #False
[2024-01-20T04:19:28.216+0000] {logging_mixin.py:151} INFO - #False
[2024-01-20T04:19:28.216+0000] {logging_mixin.py:151} INFO - #False
[2024-01-20T04:19:28.217+0000] {logging_mixin.py:151} INFO - #False
[2024-01-20T04:19:28.217+0000] {logging_mixin.py:151} INFO - #False
[2024-01-20T04:19:28.217+0000] {logging_mixin.py:151} INFO - #False
[2024-01-20T04:19:28.217+0000] {logging_mixin.py:151} INFO - #False
[2024-01-20T04:19:28.218+0000] {logging_mixin.py:151} INFO - #False
[2024-01-20T04:19:28.218+0000] {logging_mixin.py:151} INFO - #False
[2024-01-20T04:19:28.218+0000] {logging_mixin.py:151} INFO - #False
[2024-01-20T04:19:28.218+0000] {logging_mixin.py:151} INFO - #False
[2024-01-20T04:19:28.218+0000] {logging_mixin.py:151} INFO - #False
[2024-01-20T04:19:28.219+0000] {logging_mixin.py:151} INFO - #False
[2024-01-20T04:19:28.219+0000] {logging_mixin.py:151} INFO - #False
[2024-01-20T04:19:28.219+0000] {logging_mixin.py:151} INFO - #False
[2024-01-20T04:19:28.219+0000] {logging_mixin.py:151} INFO - #False
[2024-01-20T04:19:28.220+0000] {logging_mixin.py:151} INFO - #False
[2024-01-20T04:19:28.220+0000] {logging_mixin.py:151} INFO - #False
[2024-01-20T04:19:28.220+0000] {logging_mixin.py:151} INFO - #False
[2024-01-20T04:19:28.220+0000] {logging_mixin.py:151} INFO - #False
[2024-01-20T04:19:28.221+0000] {logging_mixin.py:151} INFO - #False
[2024-01-20T04:19:28.221+0000] {logging_mixin.py:151} INFO -  submission : 
[2024-01-20T04:19:28.692+0000] {logging_mixin.py:151} INFO - #False
[2024-01-20T04:19:28.693+0000] {logging_mixin.py:151} INFO - #False
[2024-01-20T04:19:28.693+0000] {logging_mixin.py:151} INFO - #False
[2024-01-20T04:19:28.693+0000] {logging_mixin.py:151} INFO - #False
[2024-01-20T04:19:28.694+0000] {logging_mixin.py:151} INFO - #False
[2024-01-20T04:19:28.694+0000] {logging_mixin.py:151} INFO - #False
[2024-01-20T04:19:28.694+0000] {logging_mixin.py:151} INFO - #False
[2024-01-20T04:19:28.694+0000] {logging_mixin.py:151} INFO - #False
[2024-01-20T04:19:28.695+0000] {logging_mixin.py:151} INFO - #False
[2024-01-20T04:19:28.695+0000] {logging_mixin.py:151} INFO - #False
[2024-01-20T04:19:28.695+0000] {logging_mixin.py:151} INFO - #False
[2024-01-20T04:19:28.695+0000] {logging_mixin.py:151} INFO - #False
[2024-01-20T04:19:28.695+0000] {logging_mixin.py:151} INFO - #False
[2024-01-20T04:19:28.696+0000] {logging_mixin.py:151} INFO - #False
[2024-01-20T04:19:28.696+0000] {logging_mixin.py:151} INFO - #False
[2024-01-20T04:19:28.696+0000] {logging_mixin.py:151} INFO - #False
[2024-01-20T04:19:28.696+0000] {logging_mixin.py:151} INFO - #False
[2024-01-20T04:19:28.697+0000] {logging_mixin.py:151} INFO - #False
[2024-01-20T04:19:28.697+0000] {logging_mixin.py:151} INFO - #False
[2024-01-20T04:19:28.697+0000] {logging_mixin.py:151} INFO - #False
[2024-01-20T04:19:28.697+0000] {logging_mixin.py:151} INFO - #False
[2024-01-20T04:19:28.698+0000] {logging_mixin.py:151} INFO - #False
[2024-01-20T04:19:28.698+0000] {logging_mixin.py:151} INFO - #False
[2024-01-20T04:19:28.698+0000] {logging_mixin.py:151} INFO - #False
[2024-01-20T04:19:28.699+0000] {logging_mixin.py:151} INFO - #False
[2024-01-20T04:19:28.699+0000] {logging_mixin.py:151} INFO - #False
[2024-01-20T04:19:28.699+0000] {logging_mixin.py:151} INFO - #False
[2024-01-20T04:19:28.700+0000] {logging_mixin.py:151} INFO - #False
[2024-01-20T04:19:28.700+0000] {logging_mixin.py:151} INFO - #False
[2024-01-20T04:19:28.700+0000] {logging_mixin.py:151} INFO - #False
[2024-01-20T04:19:28.701+0000] {logging_mixin.py:151} INFO -  submission : 
[2024-01-20T04:19:29.149+0000] {logging_mixin.py:151} INFO - #False
[2024-01-20T04:19:29.150+0000] {logging_mixin.py:151} INFO - #False
[2024-01-20T04:19:29.151+0000] {logging_mixin.py:151} INFO - #False
[2024-01-20T04:19:29.152+0000] {logging_mixin.py:151} INFO - #False
[2024-01-20T04:19:29.152+0000] {logging_mixin.py:151} INFO - #False
[2024-01-20T04:19:29.153+0000] {logging_mixin.py:151} INFO - #False
[2024-01-20T04:19:29.153+0000] {logging_mixin.py:151} INFO - #False
[2024-01-20T04:19:29.153+0000] {logging_mixin.py:151} INFO - #False
[2024-01-20T04:19:29.153+0000] {logging_mixin.py:151} INFO - #False
[2024-01-20T04:19:29.153+0000] {logging_mixin.py:151} INFO - #False
[2024-01-20T04:19:29.154+0000] {logging_mixin.py:151} INFO - #False
[2024-01-20T04:19:29.154+0000] {logging_mixin.py:151} INFO - #False
[2024-01-20T04:19:29.154+0000] {logging_mixin.py:151} INFO - #False
[2024-01-20T04:19:29.155+0000] {logging_mixin.py:151} INFO - #False
[2024-01-20T04:19:29.155+0000] {logging_mixin.py:151} INFO - #False
[2024-01-20T04:19:29.155+0000] {logging_mixin.py:151} INFO - #False
[2024-01-20T04:19:29.156+0000] {logging_mixin.py:151} INFO - #False
[2024-01-20T04:19:29.156+0000] {logging_mixin.py:151} INFO - #False
[2024-01-20T04:19:29.156+0000] {logging_mixin.py:151} INFO - #False
[2024-01-20T04:19:29.156+0000] {logging_mixin.py:151} INFO - #False
[2024-01-20T04:19:29.157+0000] {logging_mixin.py:151} INFO - #False
[2024-01-20T04:19:29.157+0000] {logging_mixin.py:151} INFO - #False
[2024-01-20T04:19:29.157+0000] {logging_mixin.py:151} INFO - #False
[2024-01-20T04:19:29.157+0000] {logging_mixin.py:151} INFO - #False
[2024-01-20T04:19:29.158+0000] {logging_mixin.py:151} INFO - #False
[2024-01-20T04:19:29.158+0000] {logging_mixin.py:151} INFO - #False
[2024-01-20T04:19:29.158+0000] {logging_mixin.py:151} INFO - #False
[2024-01-20T04:19:29.158+0000] {logging_mixin.py:151} INFO - #False
[2024-01-20T04:19:29.159+0000] {logging_mixin.py:151} INFO - #False
[2024-01-20T04:19:29.159+0000] {logging_mixin.py:151} INFO - #False
[2024-01-20T04:19:29.159+0000] {logging_mixin.py:151} INFO -  submission : 
[2024-01-20T04:19:29.652+0000] {logging_mixin.py:151} INFO - #False
[2024-01-20T04:19:29.652+0000] {logging_mixin.py:151} INFO - #False
[2024-01-20T04:19:29.653+0000] {logging_mixin.py:151} INFO - #False
[2024-01-20T04:19:29.653+0000] {logging_mixin.py:151} INFO - #False
[2024-01-20T04:19:29.654+0000] {logging_mixin.py:151} INFO - #False
[2024-01-20T04:19:29.654+0000] {logging_mixin.py:151} INFO - #False
[2024-01-20T04:19:29.654+0000] {logging_mixin.py:151} INFO - #False
[2024-01-20T04:19:29.654+0000] {logging_mixin.py:151} INFO - #False
[2024-01-20T04:19:29.655+0000] {logging_mixin.py:151} INFO - #False
[2024-01-20T04:19:29.655+0000] {logging_mixin.py:151} INFO - #False
[2024-01-20T04:19:29.655+0000] {logging_mixin.py:151} INFO - #False
[2024-01-20T04:19:29.655+0000] {logging_mixin.py:151} INFO - #False
[2024-01-20T04:19:29.656+0000] {logging_mixin.py:151} INFO - #False
[2024-01-20T04:19:29.656+0000] {logging_mixin.py:151} INFO - #False
[2024-01-20T04:19:29.656+0000] {logging_mixin.py:151} INFO - #False
[2024-01-20T04:19:29.657+0000] {logging_mixin.py:151} INFO - #False
[2024-01-20T04:19:29.657+0000] {logging_mixin.py:151} INFO - #False
[2024-01-20T04:19:29.657+0000] {logging_mixin.py:151} INFO - #False
[2024-01-20T04:19:29.657+0000] {logging_mixin.py:151} INFO - #False
[2024-01-20T04:19:29.658+0000] {logging_mixin.py:151} INFO - #False
[2024-01-20T04:19:29.658+0000] {logging_mixin.py:151} INFO - #False
[2024-01-20T04:19:29.658+0000] {logging_mixin.py:151} INFO - #False
[2024-01-20T04:19:29.659+0000] {logging_mixin.py:151} INFO - #False
[2024-01-20T04:19:29.659+0000] {logging_mixin.py:151} INFO - #False
[2024-01-20T04:19:29.659+0000] {logging_mixin.py:151} INFO - #False
[2024-01-20T04:19:29.659+0000] {logging_mixin.py:151} INFO - #False
[2024-01-20T04:19:29.660+0000] {logging_mixin.py:151} INFO - #False
[2024-01-20T04:19:29.660+0000] {logging_mixin.py:151} INFO - #False
[2024-01-20T04:19:29.660+0000] {logging_mixin.py:151} INFO - #False
[2024-01-20T04:19:29.661+0000] {logging_mixin.py:151} INFO - #False
[2024-01-20T04:19:29.661+0000] {logging_mixin.py:151} INFO -  submission : 
[2024-01-20T04:19:30.026+0000] {logging_mixin.py:151} INFO - #False
[2024-01-20T04:19:30.027+0000] {logging_mixin.py:151} INFO - #False
[2024-01-20T04:19:30.027+0000] {logging_mixin.py:151} INFO - #False
[2024-01-20T04:19:30.027+0000] {logging_mixin.py:151} INFO - #False
[2024-01-20T04:19:30.028+0000] {logging_mixin.py:151} INFO - #False
[2024-01-20T04:19:30.028+0000] {logging_mixin.py:151} INFO - #False
[2024-01-20T04:19:30.028+0000] {logging_mixin.py:151} INFO - #False
[2024-01-20T04:19:30.029+0000] {logging_mixin.py:151} INFO - #False
[2024-01-20T04:19:30.029+0000] {logging_mixin.py:151} INFO - #False
[2024-01-20T04:19:30.029+0000] {logging_mixin.py:151} INFO - #False
[2024-01-20T04:19:30.029+0000] {logging_mixin.py:151} INFO - #False
[2024-01-20T04:19:30.030+0000] {logging_mixin.py:151} INFO - #False
[2024-01-20T04:19:30.030+0000] {logging_mixin.py:151} INFO - #False
[2024-01-20T04:19:30.030+0000] {logging_mixin.py:151} INFO - #False
[2024-01-20T04:19:30.030+0000] {logging_mixin.py:151} INFO - #False
[2024-01-20T04:19:30.031+0000] {logging_mixin.py:151} INFO - #False
[2024-01-20T04:19:30.031+0000] {logging_mixin.py:151} INFO - #False
[2024-01-20T04:19:30.031+0000] {logging_mixin.py:151} INFO - #False
[2024-01-20T04:19:30.031+0000] {logging_mixin.py:151} INFO - #False
[2024-01-20T04:19:30.032+0000] {logging_mixin.py:151} INFO - #False
[2024-01-20T04:19:30.032+0000] {logging_mixin.py:151} INFO - #False
[2024-01-20T04:19:30.032+0000] {logging_mixin.py:151} INFO - #False
[2024-01-20T04:19:30.032+0000] {logging_mixin.py:151} INFO - #False
[2024-01-20T04:19:30.032+0000] {logging_mixin.py:151} INFO - #False
[2024-01-20T04:19:30.033+0000] {logging_mixin.py:151} INFO - #False
[2024-01-20T04:19:30.033+0000] {logging_mixin.py:151} INFO - #False
[2024-01-20T04:19:30.033+0000] {logging_mixin.py:151} INFO - #False
[2024-01-20T04:19:30.033+0000] {logging_mixin.py:151} INFO - #False
[2024-01-20T04:19:30.033+0000] {logging_mixin.py:151} INFO - #False
[2024-01-20T04:19:30.034+0000] {logging_mixin.py:151} INFO - #False
[2024-01-20T04:19:30.034+0000] {logging_mixin.py:151} INFO -  submission : 
[2024-01-20T04:19:30.567+0000] {logging_mixin.py:151} INFO - #False
[2024-01-20T04:19:30.568+0000] {logging_mixin.py:151} INFO - #False
[2024-01-20T04:19:30.568+0000] {logging_mixin.py:151} INFO - #False
[2024-01-20T04:19:30.568+0000] {logging_mixin.py:151} INFO - #False
[2024-01-20T04:19:30.569+0000] {logging_mixin.py:151} INFO - #False
[2024-01-20T04:19:30.569+0000] {logging_mixin.py:151} INFO - #False
[2024-01-20T04:19:30.569+0000] {logging_mixin.py:151} INFO - #False
[2024-01-20T04:19:30.570+0000] {logging_mixin.py:151} INFO - #False
[2024-01-20T04:19:30.570+0000] {logging_mixin.py:151} INFO - #False
[2024-01-20T04:19:30.570+0000] {logging_mixin.py:151} INFO - #False
[2024-01-20T04:19:30.570+0000] {logging_mixin.py:151} INFO - #False
[2024-01-20T04:19:30.571+0000] {logging_mixin.py:151} INFO - #False
[2024-01-20T04:19:30.571+0000] {logging_mixin.py:151} INFO - #False
[2024-01-20T04:19:30.571+0000] {logging_mixin.py:151} INFO - #False
[2024-01-20T04:19:30.571+0000] {logging_mixin.py:151} INFO - #False
[2024-01-20T04:19:30.572+0000] {logging_mixin.py:151} INFO - #False
[2024-01-20T04:19:30.572+0000] {logging_mixin.py:151} INFO - #False
[2024-01-20T04:19:30.572+0000] {logging_mixin.py:151} INFO - #False
[2024-01-20T04:19:30.572+0000] {logging_mixin.py:151} INFO - #False
[2024-01-20T04:19:30.573+0000] {logging_mixin.py:151} INFO - #False
[2024-01-20T04:19:30.573+0000] {logging_mixin.py:151} INFO - #False
[2024-01-20T04:19:30.573+0000] {logging_mixin.py:151} INFO - #False
[2024-01-20T04:19:30.573+0000] {logging_mixin.py:151} INFO - #False
[2024-01-20T04:19:30.573+0000] {logging_mixin.py:151} INFO - #False
[2024-01-20T04:19:30.574+0000] {logging_mixin.py:151} INFO - #False
[2024-01-20T04:19:30.574+0000] {logging_mixin.py:151} INFO - #False
[2024-01-20T04:19:30.574+0000] {logging_mixin.py:151} INFO - #False
[2024-01-20T04:19:30.574+0000] {logging_mixin.py:151} INFO - #False
[2024-01-20T04:19:30.575+0000] {logging_mixin.py:151} INFO - #False
[2024-01-20T04:19:30.575+0000] {logging_mixin.py:151} INFO - #False
[2024-01-20T04:19:30.575+0000] {logging_mixin.py:151} INFO -  submission : 
[2024-01-20T04:19:30.998+0000] {logging_mixin.py:151} INFO - #False
[2024-01-20T04:19:30.999+0000] {logging_mixin.py:151} INFO - #False
[2024-01-20T04:19:30.999+0000] {logging_mixin.py:151} INFO - #False
[2024-01-20T04:19:31.000+0000] {logging_mixin.py:151} INFO - #False
[2024-01-20T04:19:31.000+0000] {logging_mixin.py:151} INFO - #False
[2024-01-20T04:19:31.003+0000] {logging_mixin.py:151} INFO - #False
[2024-01-20T04:19:31.003+0000] {logging_mixin.py:151} INFO - #False
[2024-01-20T04:19:31.003+0000] {logging_mixin.py:151} INFO - #False
[2024-01-20T04:19:31.003+0000] {logging_mixin.py:151} INFO - #False
[2024-01-20T04:19:31.004+0000] {logging_mixin.py:151} INFO - #False
[2024-01-20T04:19:31.004+0000] {logging_mixin.py:151} INFO - #False
[2024-01-20T04:19:31.004+0000] {logging_mixin.py:151} INFO - #False
[2024-01-20T04:19:31.004+0000] {logging_mixin.py:151} INFO - #False
[2024-01-20T04:19:31.005+0000] {logging_mixin.py:151} INFO - #False
[2024-01-20T04:19:31.005+0000] {logging_mixin.py:151} INFO - #False
[2024-01-20T04:19:31.006+0000] {logging_mixin.py:151} INFO - #False
[2024-01-20T04:19:31.006+0000] {logging_mixin.py:151} INFO - #False
[2024-01-20T04:19:31.006+0000] {logging_mixin.py:151} INFO - #False
[2024-01-20T04:19:31.007+0000] {logging_mixin.py:151} INFO - #False
[2024-01-20T04:19:31.007+0000] {logging_mixin.py:151} INFO - #False
[2024-01-20T04:19:31.007+0000] {logging_mixin.py:151} INFO - #False
[2024-01-20T04:19:31.007+0000] {logging_mixin.py:151} INFO - #False
[2024-01-20T04:19:31.007+0000] {logging_mixin.py:151} INFO - #False
[2024-01-20T04:19:31.008+0000] {logging_mixin.py:151} INFO - #False
[2024-01-20T04:19:31.008+0000] {logging_mixin.py:151} INFO - #False
[2024-01-20T04:19:31.008+0000] {logging_mixin.py:151} INFO - #False
[2024-01-20T04:19:31.008+0000] {logging_mixin.py:151} INFO - #False
[2024-01-20T04:19:31.009+0000] {logging_mixin.py:151} INFO - #False
[2024-01-20T04:19:31.009+0000] {logging_mixin.py:151} INFO - #False
[2024-01-20T04:19:31.009+0000] {logging_mixin.py:151} INFO - #False
[2024-01-20T04:19:31.010+0000] {python.py:194} INFO - Done. Returned value was: None
[2024-01-20T04:19:31.017+0000] {taskinstance.py:1400} INFO - Marking task as SUCCESS. dag_id=Kafka_Producer_5, task_id=Reddit, execution_date=20240120T041838, start_date=20240120T041926, end_date=20240120T041931
[2024-01-20T04:19:31.055+0000] {local_task_job_runner.py:228} INFO - Task exited with return code 0
[2024-01-20T04:19:31.072+0000] {taskinstance.py:2784} INFO - 0 downstream tasks scheduled from follow-on schedule check
