[2024-01-17T22:18:13.273+0000] {taskinstance.py:1159} INFO - Dependencies all met for dep_context=non-requeueable deps ti=<TaskInstance: Stream__2.Reddit scheduled__2024-01-17T22:16:07.735459+00:00 [queued]>
[2024-01-17T22:18:13.282+0000] {taskinstance.py:1159} INFO - Dependencies all met for dep_context=requeueable deps ti=<TaskInstance: Stream__2.Reddit scheduled__2024-01-17T22:16:07.735459+00:00 [queued]>
[2024-01-17T22:18:13.283+0000] {taskinstance.py:1361} INFO - Starting attempt 1 of 1
[2024-01-17T22:18:13.300+0000] {taskinstance.py:1382} INFO - Executing <Task(PythonOperator): Reddit> on 2024-01-17 22:16:07.735459+00:00
[2024-01-17T22:18:13.303+0000] {standard_task_runner.py:57} INFO - Started process 5724 to run task
[2024-01-17T22:18:13.306+0000] {standard_task_runner.py:84} INFO - Running: ['***', 'tasks', 'run', 'Stream__2', 'Reddit', 'scheduled__2024-01-17T22:16:07.735459+00:00', '--job-id', '960', '--raw', '--subdir', 'DAGS_FOLDER/kafka_stream_2.py', '--cfg-path', '/tmp/tmp31zklfp6']
[2024-01-17T22:18:13.308+0000] {standard_task_runner.py:85} INFO - Job 960: Subtask Reddit
[2024-01-17T22:18:13.363+0000] {task_command.py:415} INFO - Running <TaskInstance: Stream__2.Reddit scheduled__2024-01-17T22:16:07.735459+00:00 [running]> on host 614a419ad930
[2024-01-17T22:18:13.455+0000] {taskinstance.py:1660} INFO - Exporting env vars: AIRFLOW_CTX_DAG_OWNER='me' AIRFLOW_CTX_DAG_ID='Stream__2' AIRFLOW_CTX_TASK_ID='Reddit' AIRFLOW_CTX_EXECUTION_DATE='2024-01-17T22:16:07.735459+00:00' AIRFLOW_CTX_TRY_NUMBER='1' AIRFLOW_CTX_DAG_RUN_ID='scheduled__2024-01-17T22:16:07.735459+00:00'
[2024-01-17T22:18:13.489+0000] {logging_mixin.py:151} INFO -  submission : 
[2024-01-17T22:18:14.940+0000] {logging_mixin.py:151} INFO - #False
[2024-01-17T22:18:14.940+0000] {logging_mixin.py:151} INFO - #False
[2024-01-17T22:18:14.941+0000] {logging_mixin.py:151} INFO - #False
[2024-01-17T22:18:14.941+0000] {logging_mixin.py:151} INFO - #False
[2024-01-17T22:18:14.941+0000] {logging_mixin.py:151} INFO - #False
[2024-01-17T22:18:14.941+0000] {logging_mixin.py:151} INFO - #False
[2024-01-17T22:18:14.941+0000] {logging_mixin.py:151} INFO - #False
[2024-01-17T22:18:14.941+0000] {logging_mixin.py:151} INFO - #False
[2024-01-17T22:18:14.942+0000] {logging_mixin.py:151} INFO - #False
[2024-01-17T22:18:14.942+0000] {logging_mixin.py:151} INFO - #False
[2024-01-17T22:18:14.942+0000] {logging_mixin.py:151} INFO - #False
[2024-01-17T22:18:14.942+0000] {logging_mixin.py:151} INFO - #False
[2024-01-17T22:18:14.942+0000] {logging_mixin.py:151} INFO - #False
[2024-01-17T22:18:14.942+0000] {logging_mixin.py:151} INFO - #False
[2024-01-17T22:18:14.942+0000] {logging_mixin.py:151} INFO - #False
[2024-01-17T22:18:14.942+0000] {logging_mixin.py:151} INFO - #False
[2024-01-17T22:18:14.942+0000] {logging_mixin.py:151} INFO - #False
[2024-01-17T22:18:14.942+0000] {logging_mixin.py:151} INFO - #False
[2024-01-17T22:18:14.942+0000] {logging_mixin.py:151} INFO - #False
[2024-01-17T22:18:14.942+0000] {logging_mixin.py:151} INFO - #False
[2024-01-17T22:18:14.942+0000] {logging_mixin.py:151} INFO - #False
[2024-01-17T22:18:14.943+0000] {logging_mixin.py:151} INFO - #False
[2024-01-17T22:18:14.943+0000] {logging_mixin.py:151} INFO - #False
[2024-01-17T22:18:14.943+0000] {logging_mixin.py:151} INFO - #False
[2024-01-17T22:18:14.943+0000] {logging_mixin.py:151} INFO - #False
[2024-01-17T22:18:14.943+0000] {logging_mixin.py:151} INFO - #False
[2024-01-17T22:18:14.943+0000] {logging_mixin.py:151} INFO - #False
[2024-01-17T22:18:14.943+0000] {logging_mixin.py:151} INFO - #False
[2024-01-17T22:18:14.943+0000] {logging_mixin.py:151} INFO - #False
[2024-01-17T22:18:14.943+0000] {logging_mixin.py:151} INFO - #False
[2024-01-17T22:18:14.943+0000] {logging_mixin.py:151} INFO -  submission : 
[2024-01-17T22:18:15.550+0000] {logging_mixin.py:151} INFO - #False
[2024-01-17T22:18:15.551+0000] {logging_mixin.py:151} INFO - #False
[2024-01-17T22:18:15.551+0000] {logging_mixin.py:151} INFO - #False
[2024-01-17T22:18:15.551+0000] {logging_mixin.py:151} INFO - #False
[2024-01-17T22:18:15.551+0000] {logging_mixin.py:151} INFO - #False
[2024-01-17T22:18:15.551+0000] {logging_mixin.py:151} INFO - #False
[2024-01-17T22:18:15.551+0000] {logging_mixin.py:151} INFO - #False
[2024-01-17T22:18:15.551+0000] {logging_mixin.py:151} INFO - #False
[2024-01-17T22:18:15.552+0000] {logging_mixin.py:151} INFO - #False
[2024-01-17T22:18:15.552+0000] {logging_mixin.py:151} INFO - #False
[2024-01-17T22:18:15.552+0000] {logging_mixin.py:151} INFO - #False
[2024-01-17T22:18:15.552+0000] {logging_mixin.py:151} INFO - #False
[2024-01-17T22:18:15.552+0000] {logging_mixin.py:151} INFO - #False
[2024-01-17T22:18:15.552+0000] {logging_mixin.py:151} INFO - #False
[2024-01-17T22:18:15.552+0000] {logging_mixin.py:151} INFO - #False
[2024-01-17T22:18:15.552+0000] {logging_mixin.py:151} INFO - #False
[2024-01-17T22:18:15.553+0000] {logging_mixin.py:151} INFO - #False
[2024-01-17T22:18:15.553+0000] {logging_mixin.py:151} INFO - #False
[2024-01-17T22:18:15.553+0000] {logging_mixin.py:151} INFO - #False
[2024-01-17T22:18:15.553+0000] {logging_mixin.py:151} INFO - #False
[2024-01-17T22:18:15.553+0000] {logging_mixin.py:151} INFO - #False
[2024-01-17T22:18:15.553+0000] {logging_mixin.py:151} INFO - #False
[2024-01-17T22:18:15.553+0000] {logging_mixin.py:151} INFO - #False
[2024-01-17T22:18:15.553+0000] {logging_mixin.py:151} INFO - #False
[2024-01-17T22:18:15.553+0000] {logging_mixin.py:151} INFO - #False
[2024-01-17T22:18:15.554+0000] {logging_mixin.py:151} INFO - #False
[2024-01-17T22:18:15.554+0000] {logging_mixin.py:151} INFO - #False
[2024-01-17T22:18:15.554+0000] {logging_mixin.py:151} INFO - #False
[2024-01-17T22:18:15.554+0000] {logging_mixin.py:151} INFO - #False
[2024-01-17T22:18:15.554+0000] {logging_mixin.py:151} INFO - #False
[2024-01-17T22:18:15.554+0000] {logging_mixin.py:151} INFO -  submission : 
[2024-01-17T22:18:16.307+0000] {logging_mixin.py:151} INFO - #False
[2024-01-17T22:18:16.308+0000] {logging_mixin.py:151} INFO - #False
[2024-01-17T22:18:16.308+0000] {logging_mixin.py:151} INFO - #False
[2024-01-17T22:18:16.308+0000] {logging_mixin.py:151} INFO - #False
[2024-01-17T22:18:16.308+0000] {logging_mixin.py:151} INFO - #False
[2024-01-17T22:18:16.308+0000] {logging_mixin.py:151} INFO - #False
[2024-01-17T22:18:16.308+0000] {logging_mixin.py:151} INFO - #False
[2024-01-17T22:18:16.308+0000] {logging_mixin.py:151} INFO - #False
[2024-01-17T22:18:16.308+0000] {logging_mixin.py:151} INFO - #False
[2024-01-17T22:18:16.308+0000] {logging_mixin.py:151} INFO - #False
[2024-01-17T22:18:16.308+0000] {logging_mixin.py:151} INFO - #False
[2024-01-17T22:18:16.308+0000] {logging_mixin.py:151} INFO - #False
[2024-01-17T22:18:16.308+0000] {logging_mixin.py:151} INFO - #False
[2024-01-17T22:18:16.308+0000] {logging_mixin.py:151} INFO - #False
[2024-01-17T22:18:16.309+0000] {logging_mixin.py:151} INFO - #False
[2024-01-17T22:18:16.309+0000] {logging_mixin.py:151} INFO - #False
[2024-01-17T22:18:16.309+0000] {logging_mixin.py:151} INFO - #False
[2024-01-17T22:18:16.309+0000] {logging_mixin.py:151} INFO - #False
[2024-01-17T22:18:16.309+0000] {logging_mixin.py:151} INFO - #False
[2024-01-17T22:18:16.309+0000] {logging_mixin.py:151} INFO - #False
[2024-01-17T22:18:16.309+0000] {logging_mixin.py:151} INFO - #False
[2024-01-17T22:18:16.309+0000] {logging_mixin.py:151} INFO - #False
[2024-01-17T22:18:16.309+0000] {logging_mixin.py:151} INFO - #False
[2024-01-17T22:18:16.309+0000] {logging_mixin.py:151} INFO - #False
[2024-01-17T22:18:16.309+0000] {logging_mixin.py:151} INFO - #False
[2024-01-17T22:18:16.309+0000] {logging_mixin.py:151} INFO - #False
[2024-01-17T22:18:16.309+0000] {logging_mixin.py:151} INFO - #False
[2024-01-17T22:18:16.309+0000] {logging_mixin.py:151} INFO - #False
[2024-01-17T22:18:16.309+0000] {logging_mixin.py:151} INFO - #False
[2024-01-17T22:18:16.309+0000] {logging_mixin.py:151} INFO - #False
[2024-01-17T22:18:16.310+0000] {logging_mixin.py:151} INFO -  submission : 
[2024-01-17T22:18:17.317+0000] {logging_mixin.py:151} INFO - #False
[2024-01-17T22:18:17.317+0000] {logging_mixin.py:151} INFO - #False
[2024-01-17T22:18:17.317+0000] {logging_mixin.py:151} INFO - #False
[2024-01-17T22:18:17.317+0000] {logging_mixin.py:151} INFO - #False
[2024-01-17T22:18:17.318+0000] {logging_mixin.py:151} INFO - #False
[2024-01-17T22:18:17.318+0000] {logging_mixin.py:151} INFO - #False
[2024-01-17T22:18:17.318+0000] {logging_mixin.py:151} INFO - #False
[2024-01-17T22:18:17.318+0000] {logging_mixin.py:151} INFO - #False
[2024-01-17T22:18:17.318+0000] {logging_mixin.py:151} INFO - #False
[2024-01-17T22:18:17.318+0000] {logging_mixin.py:151} INFO - #False
[2024-01-17T22:18:17.318+0000] {logging_mixin.py:151} INFO - #False
[2024-01-17T22:18:17.318+0000] {logging_mixin.py:151} INFO - #False
[2024-01-17T22:18:17.318+0000] {logging_mixin.py:151} INFO - #False
[2024-01-17T22:18:17.318+0000] {logging_mixin.py:151} INFO - #False
[2024-01-17T22:18:17.318+0000] {logging_mixin.py:151} INFO - #False
[2024-01-17T22:18:17.318+0000] {logging_mixin.py:151} INFO - #False
[2024-01-17T22:18:17.318+0000] {logging_mixin.py:151} INFO - #False
[2024-01-17T22:18:17.319+0000] {logging_mixin.py:151} INFO - #False
[2024-01-17T22:18:17.319+0000] {logging_mixin.py:151} INFO - #False
[2024-01-17T22:18:17.319+0000] {logging_mixin.py:151} INFO - #False
[2024-01-17T22:18:17.319+0000] {logging_mixin.py:151} INFO - #False
[2024-01-17T22:18:17.319+0000] {logging_mixin.py:151} INFO - #False
[2024-01-17T22:18:17.319+0000] {logging_mixin.py:151} INFO - #False
[2024-01-17T22:18:17.319+0000] {logging_mixin.py:151} INFO - #False
[2024-01-17T22:18:17.319+0000] {logging_mixin.py:151} INFO - #False
[2024-01-17T22:18:17.319+0000] {logging_mixin.py:151} INFO - #False
[2024-01-17T22:18:17.319+0000] {logging_mixin.py:151} INFO - #False
[2024-01-17T22:18:17.319+0000] {logging_mixin.py:151} INFO - #False
[2024-01-17T22:18:17.319+0000] {logging_mixin.py:151} INFO - #False
[2024-01-17T22:18:17.320+0000] {logging_mixin.py:151} INFO - #False
[2024-01-17T22:18:17.320+0000] {logging_mixin.py:151} INFO -  submission : 
[2024-01-17T22:18:17.867+0000] {logging_mixin.py:151} INFO - #False
[2024-01-17T22:18:17.868+0000] {logging_mixin.py:151} INFO - #False
[2024-01-17T22:18:17.868+0000] {logging_mixin.py:151} INFO - #False
[2024-01-17T22:18:17.868+0000] {logging_mixin.py:151} INFO - #False
[2024-01-17T22:18:17.868+0000] {logging_mixin.py:151} INFO - #False
[2024-01-17T22:18:17.868+0000] {logging_mixin.py:151} INFO - #False
[2024-01-17T22:18:17.868+0000] {logging_mixin.py:151} INFO - #False
[2024-01-17T22:18:17.868+0000] {logging_mixin.py:151} INFO - #False
[2024-01-17T22:18:17.868+0000] {logging_mixin.py:151} INFO - #False
[2024-01-17T22:18:17.868+0000] {logging_mixin.py:151} INFO - #False
[2024-01-17T22:18:17.868+0000] {logging_mixin.py:151} INFO - #False
[2024-01-17T22:18:17.868+0000] {logging_mixin.py:151} INFO - #False
[2024-01-17T22:18:17.868+0000] {logging_mixin.py:151} INFO - #False
[2024-01-17T22:18:17.868+0000] {logging_mixin.py:151} INFO - #False
[2024-01-17T22:18:17.868+0000] {logging_mixin.py:151} INFO - #False
[2024-01-17T22:18:17.868+0000] {logging_mixin.py:151} INFO - #False
[2024-01-17T22:18:17.869+0000] {logging_mixin.py:151} INFO - #False
[2024-01-17T22:18:17.869+0000] {logging_mixin.py:151} INFO - #False
[2024-01-17T22:18:17.869+0000] {logging_mixin.py:151} INFO - #False
[2024-01-17T22:18:17.869+0000] {logging_mixin.py:151} INFO - #False
[2024-01-17T22:18:17.869+0000] {logging_mixin.py:151} INFO - #False
[2024-01-17T22:18:17.869+0000] {logging_mixin.py:151} INFO - #False
[2024-01-17T22:18:17.869+0000] {logging_mixin.py:151} INFO - #False
[2024-01-17T22:18:17.869+0000] {logging_mixin.py:151} INFO - #False
[2024-01-17T22:18:17.869+0000] {logging_mixin.py:151} INFO - #False
[2024-01-17T22:18:17.869+0000] {logging_mixin.py:151} INFO - #False
[2024-01-17T22:18:17.869+0000] {logging_mixin.py:151} INFO - #False
[2024-01-17T22:18:17.869+0000] {logging_mixin.py:151} INFO - #False
[2024-01-17T22:18:17.869+0000] {logging_mixin.py:151} INFO - #False
[2024-01-17T22:18:17.869+0000] {logging_mixin.py:151} INFO - #False
[2024-01-17T22:18:17.870+0000] {logging_mixin.py:151} INFO -  submission : 
[2024-01-17T22:18:18.461+0000] {logging_mixin.py:151} INFO - #False
[2024-01-17T22:18:18.461+0000] {logging_mixin.py:151} INFO - #False
[2024-01-17T22:18:18.461+0000] {logging_mixin.py:151} INFO - #False
[2024-01-17T22:18:18.461+0000] {logging_mixin.py:151} INFO - #False
[2024-01-17T22:18:18.461+0000] {logging_mixin.py:151} INFO - #False
[2024-01-17T22:18:18.461+0000] {logging_mixin.py:151} INFO - #False
[2024-01-17T22:18:18.461+0000] {logging_mixin.py:151} INFO - #False
[2024-01-17T22:18:18.462+0000] {logging_mixin.py:151} INFO - #False
[2024-01-17T22:18:18.462+0000] {logging_mixin.py:151} INFO - #False
[2024-01-17T22:18:18.462+0000] {logging_mixin.py:151} INFO - #False
[2024-01-17T22:18:18.462+0000] {logging_mixin.py:151} INFO - #False
[2024-01-17T22:18:18.462+0000] {logging_mixin.py:151} INFO - #False
[2024-01-17T22:18:18.462+0000] {logging_mixin.py:151} INFO - #False
[2024-01-17T22:18:18.462+0000] {logging_mixin.py:151} INFO - #False
[2024-01-17T22:18:18.462+0000] {logging_mixin.py:151} INFO - #False
[2024-01-17T22:18:18.462+0000] {logging_mixin.py:151} INFO - #False
[2024-01-17T22:18:18.462+0000] {logging_mixin.py:151} INFO - #False
[2024-01-17T22:18:18.462+0000] {logging_mixin.py:151} INFO - #False
[2024-01-17T22:18:18.462+0000] {logging_mixin.py:151} INFO - #False
[2024-01-17T22:18:18.462+0000] {logging_mixin.py:151} INFO - #False
[2024-01-17T22:18:18.462+0000] {logging_mixin.py:151} INFO - #False
[2024-01-17T22:18:18.462+0000] {logging_mixin.py:151} INFO - #False
[2024-01-17T22:18:18.463+0000] {logging_mixin.py:151} INFO - #False
[2024-01-17T22:18:18.463+0000] {logging_mixin.py:151} INFO - #False
[2024-01-17T22:18:18.463+0000] {logging_mixin.py:151} INFO - #False
[2024-01-17T22:18:18.463+0000] {logging_mixin.py:151} INFO - #False
[2024-01-17T22:18:18.463+0000] {logging_mixin.py:151} INFO - #False
[2024-01-17T22:18:18.463+0000] {logging_mixin.py:151} INFO - #False
[2024-01-17T22:18:18.463+0000] {logging_mixin.py:151} INFO - #False
[2024-01-17T22:18:18.463+0000] {logging_mixin.py:151} INFO - #False
[2024-01-17T22:18:18.463+0000] {logging_mixin.py:151} INFO -  submission : 
[2024-01-17T22:18:19.316+0000] {logging_mixin.py:151} INFO - @True
[2024-01-17T22:18:19.318+0000] {conn.py:380} INFO - <BrokerConnection node_id=bootstrap-0 host=broker:29092 <connecting> [IPv4 ('192.168.224.8', 29092)]>: connecting to broker:29092 [('192.168.224.8', 29092) IPv4]
[2024-01-17T22:18:19.319+0000] {conn.py:1205} INFO - Probing node bootstrap-0 broker version
[2024-01-17T22:18:19.320+0000] {conn.py:410} INFO - <BrokerConnection node_id=bootstrap-0 host=broker:29092 <connecting> [IPv4 ('192.168.224.8', 29092)]>: Connection complete.
[2024-01-17T22:18:19.424+0000] {conn.py:1267} INFO - Broker version identified as 2.5.0
[2024-01-17T22:18:19.424+0000] {conn.py:1268} INFO - Set configuration api_version=(2, 5, 0) to skip auto check_version requests on startup
[2024-01-17T22:18:19.520+0000] {logging_mixin.py:151} INFO - #False
[2024-01-17T22:18:19.521+0000] {logging_mixin.py:151} INFO - #False
[2024-01-17T22:18:19.522+0000] {logging_mixin.py:151} INFO - #False
[2024-01-17T22:18:19.522+0000] {logging_mixin.py:151} INFO - #False
[2024-01-17T22:18:19.522+0000] {logging_mixin.py:151} INFO - #False
[2024-01-17T22:18:19.522+0000] {logging_mixin.py:151} INFO - #False
[2024-01-17T22:18:19.522+0000] {logging_mixin.py:151} INFO - #False
[2024-01-17T22:18:19.522+0000] {logging_mixin.py:151} INFO - #False
[2024-01-17T22:18:19.522+0000] {logging_mixin.py:151} INFO - #False
[2024-01-17T22:18:19.523+0000] {logging_mixin.py:151} INFO - #False
[2024-01-17T22:18:19.523+0000] {logging_mixin.py:151} INFO - #False
[2024-01-17T22:18:19.523+0000] {logging_mixin.py:151} INFO - #False
[2024-01-17T22:18:19.523+0000] {logging_mixin.py:151} INFO - #False
[2024-01-17T22:18:19.523+0000] {logging_mixin.py:151} INFO - #False
[2024-01-17T22:18:19.523+0000] {logging_mixin.py:151} INFO - #False
[2024-01-17T22:18:19.523+0000] {logging_mixin.py:151} INFO - #False
[2024-01-17T22:18:19.523+0000] {logging_mixin.py:151} INFO - #False
[2024-01-17T22:18:19.523+0000] {logging_mixin.py:151} INFO - #False
[2024-01-17T22:18:19.524+0000] {logging_mixin.py:151} INFO - #False
[2024-01-17T22:18:19.524+0000] {logging_mixin.py:151} INFO - #False
[2024-01-17T22:18:19.524+0000] {logging_mixin.py:151} INFO - #False
[2024-01-17T22:18:19.524+0000] {logging_mixin.py:151} INFO - #False
[2024-01-17T22:18:19.524+0000] {logging_mixin.py:151} INFO - #False
[2024-01-17T22:18:19.524+0000] {logging_mixin.py:151} INFO - #False
[2024-01-17T22:18:19.524+0000] {logging_mixin.py:151} INFO - #False
[2024-01-17T22:18:19.525+0000] {logging_mixin.py:151} INFO - #False
[2024-01-17T22:18:19.525+0000] {logging_mixin.py:151} INFO - #False
[2024-01-17T22:18:19.525+0000] {logging_mixin.py:151} INFO - #False
[2024-01-17T22:18:19.525+0000] {logging_mixin.py:151} INFO - #False
[2024-01-17T22:18:19.525+0000] {logging_mixin.py:151} INFO -  submission : 
[2024-01-17T22:18:19.529+0000] {conn.py:380} INFO - <BrokerConnection node_id=1 host=broker:29092 <connecting> [IPv4 ('192.168.224.8', 29092)]>: connecting to broker:29092 [('192.168.224.8', 29092) IPv4]
[2024-01-17T22:18:19.529+0000] {conn.py:410} INFO - <BrokerConnection node_id=1 host=broker:29092 <connecting> [IPv4 ('192.168.224.8', 29092)]>: Connection complete.
[2024-01-17T22:18:19.529+0000] {conn.py:919} INFO - <BrokerConnection node_id=bootstrap-0 host=broker:29092 <connected> [IPv4 ('192.168.224.8', 29092)]>: Closing connection. 
[2024-01-17T22:18:20.195+0000] {logging_mixin.py:151} INFO - #False
[2024-01-17T22:18:20.195+0000] {logging_mixin.py:151} INFO - #False
[2024-01-17T22:18:20.198+0000] {logging_mixin.py:151} INFO - #False
[2024-01-17T22:18:20.199+0000] {logging_mixin.py:151} INFO - #False
[2024-01-17T22:18:20.199+0000] {logging_mixin.py:151} INFO - #False
[2024-01-17T22:18:20.199+0000] {logging_mixin.py:151} INFO - #False
[2024-01-17T22:18:20.199+0000] {logging_mixin.py:151} INFO - #False
[2024-01-17T22:18:20.199+0000] {logging_mixin.py:151} INFO - #False
[2024-01-17T22:18:20.199+0000] {logging_mixin.py:151} INFO - #False
[2024-01-17T22:18:20.199+0000] {logging_mixin.py:151} INFO - #False
[2024-01-17T22:18:20.199+0000] {logging_mixin.py:151} INFO - #False
[2024-01-17T22:18:20.199+0000] {logging_mixin.py:151} INFO - #False
[2024-01-17T22:18:20.200+0000] {logging_mixin.py:151} INFO - #False
[2024-01-17T22:18:20.200+0000] {logging_mixin.py:151} INFO - #False
[2024-01-17T22:18:20.200+0000] {logging_mixin.py:151} INFO - #False
[2024-01-17T22:18:20.200+0000] {logging_mixin.py:151} INFO - #False
[2024-01-17T22:18:20.200+0000] {logging_mixin.py:151} INFO - #False
[2024-01-17T22:18:20.200+0000] {logging_mixin.py:151} INFO - #False
[2024-01-17T22:18:20.200+0000] {logging_mixin.py:151} INFO - #False
[2024-01-17T22:18:20.200+0000] {logging_mixin.py:151} INFO - #False
[2024-01-17T22:18:20.200+0000] {logging_mixin.py:151} INFO - #False
[2024-01-17T22:18:20.200+0000] {logging_mixin.py:151} INFO - #False
[2024-01-17T22:18:20.200+0000] {logging_mixin.py:151} INFO - #False
[2024-01-17T22:18:20.200+0000] {logging_mixin.py:151} INFO - #False
[2024-01-17T22:18:20.201+0000] {logging_mixin.py:151} INFO - #False
[2024-01-17T22:18:20.201+0000] {logging_mixin.py:151} INFO - #False
[2024-01-17T22:18:20.201+0000] {logging_mixin.py:151} INFO - #False
[2024-01-17T22:18:20.201+0000] {logging_mixin.py:151} INFO - #False
[2024-01-17T22:18:20.201+0000] {logging_mixin.py:151} INFO - #False
[2024-01-17T22:18:20.201+0000] {logging_mixin.py:151} INFO - #False
[2024-01-17T22:18:20.202+0000] {conn.py:919} INFO - <BrokerConnection node_id=1 host=broker:29092 <connected> [IPv4 ('192.168.224.8', 29092)]>: Closing connection. 
[2024-01-17T22:18:20.203+0000] {python.py:194} INFO - Done. Returned value was: None
[2024-01-17T22:18:20.214+0000] {taskinstance.py:1400} INFO - Marking task as SUCCESS. dag_id=Stream__2, task_id=Reddit, execution_date=20240117T221607, start_date=20240117T221813, end_date=20240117T221820
[2024-01-17T22:18:20.271+0000] {local_task_job_runner.py:228} INFO - Task exited with return code 0
[2024-01-17T22:18:20.290+0000] {taskinstance.py:2784} INFO - 0 downstream tasks scheduled from follow-on schedule check
