[2024-01-20T04:13:27.663+0000] {taskinstance.py:1159} INFO - Dependencies all met for dep_context=non-requeueable deps ti=<TaskInstance: Kafka_Producer_5.Reddit scheduled__2024-01-20T04:11:52.998461+00:00 [queued]>
[2024-01-20T04:13:27.668+0000] {taskinstance.py:1159} INFO - Dependencies all met for dep_context=requeueable deps ti=<TaskInstance: Kafka_Producer_5.Reddit scheduled__2024-01-20T04:11:52.998461+00:00 [queued]>
[2024-01-20T04:13:27.668+0000] {taskinstance.py:1361} INFO - Starting attempt 1 of 1
[2024-01-20T04:13:27.680+0000] {taskinstance.py:1382} INFO - Executing <Task(PythonOperator): Reddit> on 2024-01-20 04:11:52.998461+00:00
[2024-01-20T04:13:27.684+0000] {standard_task_runner.py:57} INFO - Started process 3945 to run task
[2024-01-20T04:13:27.686+0000] {standard_task_runner.py:84} INFO - Running: ['***', 'tasks', 'run', 'Kafka_Producer_5', 'Reddit', 'scheduled__2024-01-20T04:11:52.998461+00:00', '--job-id', '42', '--raw', '--subdir', 'DAGS_FOLDER/kafka_stream_5.py', '--cfg-path', '/tmp/tmpdnlv5i_5']
[2024-01-20T04:13:27.688+0000] {standard_task_runner.py:85} INFO - Job 42: Subtask Reddit
[2024-01-20T04:13:27.726+0000] {task_command.py:415} INFO - Running <TaskInstance: Kafka_Producer_5.Reddit scheduled__2024-01-20T04:11:52.998461+00:00 [running]> on host 45c5bfab8aa1
[2024-01-20T04:13:27.789+0000] {taskinstance.py:1660} INFO - Exporting env vars: AIRFLOW_CTX_DAG_OWNER='me' AIRFLOW_CTX_DAG_ID='Kafka_Producer_5' AIRFLOW_CTX_TASK_ID='Reddit' AIRFLOW_CTX_EXECUTION_DATE='2024-01-20T04:11:52.998461+00:00' AIRFLOW_CTX_TRY_NUMBER='1' AIRFLOW_CTX_DAG_RUN_ID='scheduled__2024-01-20T04:11:52.998461+00:00'
[2024-01-20T04:13:27.816+0000] {logging_mixin.py:151} INFO -  submission : 
[2024-01-20T04:13:28.572+0000] {logging_mixin.py:151} INFO - #False
[2024-01-20T04:13:28.573+0000] {logging_mixin.py:151} INFO - #False
[2024-01-20T04:13:28.573+0000] {logging_mixin.py:151} INFO - #False
[2024-01-20T04:13:28.573+0000] {logging_mixin.py:151} INFO - #False
[2024-01-20T04:13:28.573+0000] {logging_mixin.py:151} INFO - #False
[2024-01-20T04:13:28.574+0000] {logging_mixin.py:151} INFO - #False
[2024-01-20T04:13:28.574+0000] {logging_mixin.py:151} INFO - #False
[2024-01-20T04:13:28.574+0000] {logging_mixin.py:151} INFO - #False
[2024-01-20T04:13:28.574+0000] {logging_mixin.py:151} INFO - #False
[2024-01-20T04:13:28.574+0000] {logging_mixin.py:151} INFO - #False
[2024-01-20T04:13:28.575+0000] {logging_mixin.py:151} INFO - #False
[2024-01-20T04:13:28.575+0000] {logging_mixin.py:151} INFO - #False
[2024-01-20T04:13:28.575+0000] {logging_mixin.py:151} INFO - #False
[2024-01-20T04:13:28.575+0000] {logging_mixin.py:151} INFO - #False
[2024-01-20T04:13:28.576+0000] {logging_mixin.py:151} INFO - #False
[2024-01-20T04:13:28.576+0000] {logging_mixin.py:151} INFO - #False
[2024-01-20T04:13:28.576+0000] {logging_mixin.py:151} INFO - #False
[2024-01-20T04:13:28.576+0000] {logging_mixin.py:151} INFO - #False
[2024-01-20T04:13:28.576+0000] {logging_mixin.py:151} INFO - #False
[2024-01-20T04:13:28.577+0000] {logging_mixin.py:151} INFO - #False
[2024-01-20T04:13:28.577+0000] {logging_mixin.py:151} INFO - #False
[2024-01-20T04:13:28.577+0000] {logging_mixin.py:151} INFO - #False
[2024-01-20T04:13:28.577+0000] {logging_mixin.py:151} INFO - #False
[2024-01-20T04:13:28.577+0000] {logging_mixin.py:151} INFO - #False
[2024-01-20T04:13:28.578+0000] {logging_mixin.py:151} INFO - #False
[2024-01-20T04:13:28.578+0000] {logging_mixin.py:151} INFO - #False
[2024-01-20T04:13:28.578+0000] {logging_mixin.py:151} INFO - #False
[2024-01-20T04:13:28.578+0000] {logging_mixin.py:151} INFO - #False
[2024-01-20T04:13:28.579+0000] {logging_mixin.py:151} INFO - #False
[2024-01-20T04:13:28.579+0000] {logging_mixin.py:151} INFO - #False
[2024-01-20T04:13:28.579+0000] {logging_mixin.py:151} INFO -  submission : 
[2024-01-20T04:13:29.159+0000] {logging_mixin.py:151} INFO - @True
[2024-01-20T04:13:29.161+0000] {conn.py:380} INFO - <BrokerConnection node_id=bootstrap-0 host=broker:29092 <connecting> [IPv4 ('172.19.0.8', 29092)]>: connecting to broker:29092 [('172.19.0.8', 29092) IPv4]
[2024-01-20T04:13:29.161+0000] {conn.py:1205} INFO - Probing node bootstrap-0 broker version
[2024-01-20T04:13:29.162+0000] {conn.py:410} INFO - <BrokerConnection node_id=bootstrap-0 host=broker:29092 <connecting> [IPv4 ('172.19.0.8', 29092)]>: Connection complete.
[2024-01-20T04:13:29.265+0000] {conn.py:1267} INFO - Broker version identified as 2.5.0
[2024-01-20T04:13:29.265+0000] {conn.py:1268} INFO - Set configuration api_version=(2, 5, 0) to skip auto check_version requests on startup
[2024-01-20T04:13:29.269+0000] {logging_mixin.py:151} INFO - #False
[2024-01-20T04:13:29.270+0000] {conn.py:380} INFO - <BrokerConnection node_id=1 host=broker:29092 <connecting> [IPv4 ('172.19.0.8', 29092)]>: connecting to broker:29092 [('172.19.0.8', 29092) IPv4]
[2024-01-20T04:13:29.271+0000] {logging_mixin.py:151} INFO - #False
[2024-01-20T04:13:29.271+0000] {conn.py:410} INFO - <BrokerConnection node_id=1 host=broker:29092 <connecting> [IPv4 ('172.19.0.8', 29092)]>: Connection complete.
[2024-01-20T04:13:29.271+0000] {logging_mixin.py:151} INFO - #False
[2024-01-20T04:13:29.272+0000] {conn.py:919} INFO - <BrokerConnection node_id=bootstrap-0 host=broker:29092 <connected> [IPv4 ('172.19.0.8', 29092)]>: Closing connection. 
[2024-01-20T04:13:29.272+0000] {logging_mixin.py:151} INFO - #False
[2024-01-20T04:13:29.273+0000] {logging_mixin.py:151} INFO - #False
[2024-01-20T04:13:29.274+0000] {logging_mixin.py:151} INFO - #False
[2024-01-20T04:13:29.274+0000] {logging_mixin.py:151} INFO - #False
[2024-01-20T04:13:29.274+0000] {logging_mixin.py:151} INFO - #False
[2024-01-20T04:13:29.274+0000] {logging_mixin.py:151} INFO - #False
[2024-01-20T04:13:29.275+0000] {logging_mixin.py:151} INFO - #False
[2024-01-20T04:13:29.275+0000] {logging_mixin.py:151} INFO - #False
[2024-01-20T04:13:29.275+0000] {logging_mixin.py:151} INFO - #False
[2024-01-20T04:13:29.275+0000] {logging_mixin.py:151} INFO - #False
[2024-01-20T04:13:29.276+0000] {logging_mixin.py:151} INFO - #False
[2024-01-20T04:13:29.276+0000] {logging_mixin.py:151} INFO - #False
[2024-01-20T04:13:29.276+0000] {logging_mixin.py:151} INFO - #False
[2024-01-20T04:13:29.276+0000] {logging_mixin.py:151} INFO - #False
[2024-01-20T04:13:29.276+0000] {logging_mixin.py:151} INFO - #False
[2024-01-20T04:13:29.277+0000] {logging_mixin.py:151} INFO - #False
[2024-01-20T04:13:29.277+0000] {logging_mixin.py:151} INFO - #False
[2024-01-20T04:13:29.277+0000] {logging_mixin.py:151} INFO - #False
[2024-01-20T04:13:29.277+0000] {logging_mixin.py:151} INFO - #False
[2024-01-20T04:13:29.278+0000] {logging_mixin.py:151} INFO - #False
[2024-01-20T04:13:29.278+0000] {logging_mixin.py:151} INFO - #False
[2024-01-20T04:13:29.278+0000] {logging_mixin.py:151} INFO - #False
[2024-01-20T04:13:29.278+0000] {logging_mixin.py:151} INFO - #False
[2024-01-20T04:13:29.278+0000] {logging_mixin.py:151} INFO - #False
[2024-01-20T04:13:29.279+0000] {logging_mixin.py:151} INFO - #False
[2024-01-20T04:13:29.279+0000] {logging_mixin.py:151} INFO - #False
[2024-01-20T04:13:29.280+0000] {logging_mixin.py:151} INFO -  submission : 
[2024-01-20T04:13:29.812+0000] {logging_mixin.py:151} INFO - #False
[2024-01-20T04:13:29.813+0000] {logging_mixin.py:151} INFO - #False
[2024-01-20T04:13:29.813+0000] {logging_mixin.py:151} INFO - #False
[2024-01-20T04:13:29.813+0000] {logging_mixin.py:151} INFO - #False
[2024-01-20T04:13:29.814+0000] {logging_mixin.py:151} INFO - #False
[2024-01-20T04:13:29.814+0000] {logging_mixin.py:151} INFO - #False
[2024-01-20T04:13:29.814+0000] {logging_mixin.py:151} INFO - #False
[2024-01-20T04:13:29.815+0000] {logging_mixin.py:151} INFO - #False
[2024-01-20T04:13:29.815+0000] {logging_mixin.py:151} INFO - #False
[2024-01-20T04:13:29.815+0000] {logging_mixin.py:151} INFO - #False
[2024-01-20T04:13:29.815+0000] {logging_mixin.py:151} INFO - #False
[2024-01-20T04:13:29.816+0000] {logging_mixin.py:151} INFO - #False
[2024-01-20T04:13:29.816+0000] {logging_mixin.py:151} INFO - #False
[2024-01-20T04:13:29.816+0000] {logging_mixin.py:151} INFO - #False
[2024-01-20T04:13:29.816+0000] {logging_mixin.py:151} INFO - #False
[2024-01-20T04:13:29.816+0000] {logging_mixin.py:151} INFO - #False
[2024-01-20T04:13:29.817+0000] {logging_mixin.py:151} INFO - #False
[2024-01-20T04:13:29.817+0000] {logging_mixin.py:151} INFO - #False
[2024-01-20T04:13:29.817+0000] {logging_mixin.py:151} INFO - #False
[2024-01-20T04:13:29.817+0000] {logging_mixin.py:151} INFO - #False
[2024-01-20T04:13:29.817+0000] {logging_mixin.py:151} INFO - #False
[2024-01-20T04:13:29.818+0000] {logging_mixin.py:151} INFO - #False
[2024-01-20T04:13:29.818+0000] {logging_mixin.py:151} INFO - #False
[2024-01-20T04:13:29.818+0000] {logging_mixin.py:151} INFO - #False
[2024-01-20T04:13:29.818+0000] {logging_mixin.py:151} INFO - #False
[2024-01-20T04:13:29.819+0000] {logging_mixin.py:151} INFO - #False
[2024-01-20T04:13:29.819+0000] {logging_mixin.py:151} INFO - #False
[2024-01-20T04:13:29.819+0000] {logging_mixin.py:151} INFO - #False
[2024-01-20T04:13:29.819+0000] {logging_mixin.py:151} INFO - #False
[2024-01-20T04:13:29.819+0000] {logging_mixin.py:151} INFO - #False
[2024-01-20T04:13:29.820+0000] {logging_mixin.py:151} INFO -  submission : 
[2024-01-20T04:13:30.276+0000] {logging_mixin.py:151} INFO - #False
[2024-01-20T04:13:30.277+0000] {logging_mixin.py:151} INFO - #False
[2024-01-20T04:13:30.277+0000] {logging_mixin.py:151} INFO - #False
[2024-01-20T04:13:30.278+0000] {logging_mixin.py:151} INFO - #False
[2024-01-20T04:13:30.278+0000] {logging_mixin.py:151} INFO - #False
[2024-01-20T04:13:30.278+0000] {logging_mixin.py:151} INFO - #False
[2024-01-20T04:13:30.278+0000] {logging_mixin.py:151} INFO - #False
[2024-01-20T04:13:30.279+0000] {logging_mixin.py:151} INFO - #False
[2024-01-20T04:13:30.279+0000] {logging_mixin.py:151} INFO - #False
[2024-01-20T04:13:30.279+0000] {logging_mixin.py:151} INFO - #False
[2024-01-20T04:13:30.279+0000] {logging_mixin.py:151} INFO - #False
[2024-01-20T04:13:30.280+0000] {logging_mixin.py:151} INFO - #False
[2024-01-20T04:13:30.280+0000] {logging_mixin.py:151} INFO - #False
[2024-01-20T04:13:30.280+0000] {logging_mixin.py:151} INFO - #False
[2024-01-20T04:13:30.281+0000] {logging_mixin.py:151} INFO - #False
[2024-01-20T04:13:30.281+0000] {logging_mixin.py:151} INFO - #False
[2024-01-20T04:13:30.281+0000] {logging_mixin.py:151} INFO - #False
[2024-01-20T04:13:30.281+0000] {logging_mixin.py:151} INFO - #False
[2024-01-20T04:13:30.282+0000] {logging_mixin.py:151} INFO - #False
[2024-01-20T04:13:30.282+0000] {logging_mixin.py:151} INFO - #False
[2024-01-20T04:13:30.282+0000] {logging_mixin.py:151} INFO - #False
[2024-01-20T04:13:30.283+0000] {logging_mixin.py:151} INFO - #False
[2024-01-20T04:13:30.283+0000] {logging_mixin.py:151} INFO - #False
[2024-01-20T04:13:30.283+0000] {logging_mixin.py:151} INFO - #False
[2024-01-20T04:13:30.283+0000] {logging_mixin.py:151} INFO - #False
[2024-01-20T04:13:30.284+0000] {logging_mixin.py:151} INFO - #False
[2024-01-20T04:13:30.284+0000] {logging_mixin.py:151} INFO - #False
[2024-01-20T04:13:30.285+0000] {logging_mixin.py:151} INFO - #False
[2024-01-20T04:13:30.285+0000] {logging_mixin.py:151} INFO - #False
[2024-01-20T04:13:30.285+0000] {logging_mixin.py:151} INFO - #False
[2024-01-20T04:13:30.286+0000] {logging_mixin.py:151} INFO -  submission : 
[2024-01-20T04:13:30.825+0000] {logging_mixin.py:151} INFO - #False
[2024-01-20T04:13:30.825+0000] {logging_mixin.py:151} INFO - #False
[2024-01-20T04:13:30.826+0000] {logging_mixin.py:151} INFO - #False
[2024-01-20T04:13:30.826+0000] {logging_mixin.py:151} INFO - #False
[2024-01-20T04:13:30.827+0000] {logging_mixin.py:151} INFO - #False
[2024-01-20T04:13:30.827+0000] {logging_mixin.py:151} INFO - #False
[2024-01-20T04:13:30.828+0000] {logging_mixin.py:151} INFO - #False
[2024-01-20T04:13:30.828+0000] {logging_mixin.py:151} INFO - #False
[2024-01-20T04:13:30.828+0000] {logging_mixin.py:151} INFO - #False
[2024-01-20T04:13:30.829+0000] {logging_mixin.py:151} INFO - #False
[2024-01-20T04:13:30.829+0000] {logging_mixin.py:151} INFO - #False
[2024-01-20T04:13:30.830+0000] {logging_mixin.py:151} INFO - #False
[2024-01-20T04:13:30.830+0000] {logging_mixin.py:151} INFO - #False
[2024-01-20T04:13:30.831+0000] {logging_mixin.py:151} INFO - #False
[2024-01-20T04:13:30.831+0000] {logging_mixin.py:151} INFO - #False
[2024-01-20T04:13:30.831+0000] {logging_mixin.py:151} INFO - #False
[2024-01-20T04:13:30.832+0000] {logging_mixin.py:151} INFO - #False
[2024-01-20T04:13:30.832+0000] {logging_mixin.py:151} INFO - #False
[2024-01-20T04:13:30.832+0000] {logging_mixin.py:151} INFO - #False
[2024-01-20T04:13:30.833+0000] {logging_mixin.py:151} INFO - #False
[2024-01-20T04:13:30.833+0000] {logging_mixin.py:151} INFO - #False
[2024-01-20T04:13:30.833+0000] {logging_mixin.py:151} INFO - #False
[2024-01-20T04:13:30.833+0000] {logging_mixin.py:151} INFO - #False
[2024-01-20T04:13:30.834+0000] {logging_mixin.py:151} INFO - #False
[2024-01-20T04:13:30.834+0000] {logging_mixin.py:151} INFO - #False
[2024-01-20T04:13:30.834+0000] {logging_mixin.py:151} INFO - #False
[2024-01-20T04:13:30.835+0000] {logging_mixin.py:151} INFO - #False
[2024-01-20T04:13:30.835+0000] {logging_mixin.py:151} INFO - #False
[2024-01-20T04:13:30.836+0000] {logging_mixin.py:151} INFO - #False
[2024-01-20T04:13:30.836+0000] {logging_mixin.py:151} INFO - #False
[2024-01-20T04:13:30.836+0000] {logging_mixin.py:151} INFO -  submission : 
[2024-01-20T04:13:31.394+0000] {logging_mixin.py:151} INFO - #False
[2024-01-20T04:13:31.395+0000] {logging_mixin.py:151} INFO - #False
[2024-01-20T04:13:31.395+0000] {logging_mixin.py:151} INFO - #False
[2024-01-20T04:13:31.396+0000] {logging_mixin.py:151} INFO - #False
[2024-01-20T04:13:31.396+0000] {logging_mixin.py:151} INFO - #False
[2024-01-20T04:13:31.396+0000] {logging_mixin.py:151} INFO - #False
[2024-01-20T04:13:31.397+0000] {logging_mixin.py:151} INFO - #False
[2024-01-20T04:13:31.397+0000] {logging_mixin.py:151} INFO - #False
[2024-01-20T04:13:31.397+0000] {logging_mixin.py:151} INFO - #False
[2024-01-20T04:13:31.397+0000] {logging_mixin.py:151} INFO - #False
[2024-01-20T04:13:31.398+0000] {logging_mixin.py:151} INFO - #False
[2024-01-20T04:13:31.398+0000] {logging_mixin.py:151} INFO - #False
[2024-01-20T04:13:31.398+0000] {logging_mixin.py:151} INFO - #False
[2024-01-20T04:13:31.398+0000] {logging_mixin.py:151} INFO - #False
[2024-01-20T04:13:31.398+0000] {logging_mixin.py:151} INFO - #False
[2024-01-20T04:13:31.399+0000] {logging_mixin.py:151} INFO - #False
[2024-01-20T04:13:31.399+0000] {logging_mixin.py:151} INFO - #False
[2024-01-20T04:13:31.399+0000] {logging_mixin.py:151} INFO - #False
[2024-01-20T04:13:31.399+0000] {logging_mixin.py:151} INFO - #False
[2024-01-20T04:13:31.399+0000] {logging_mixin.py:151} INFO - #False
[2024-01-20T04:13:31.400+0000] {logging_mixin.py:151} INFO - #False
[2024-01-20T04:13:31.400+0000] {logging_mixin.py:151} INFO - #False
[2024-01-20T04:13:31.400+0000] {logging_mixin.py:151} INFO - #False
[2024-01-20T04:13:31.401+0000] {logging_mixin.py:151} INFO - #False
[2024-01-20T04:13:31.401+0000] {logging_mixin.py:151} INFO - #False
[2024-01-20T04:13:31.401+0000] {logging_mixin.py:151} INFO - #False
[2024-01-20T04:13:31.402+0000] {logging_mixin.py:151} INFO - #False
[2024-01-20T04:13:31.402+0000] {logging_mixin.py:151} INFO - #False
[2024-01-20T04:13:31.402+0000] {logging_mixin.py:151} INFO - #False
[2024-01-20T04:13:31.402+0000] {logging_mixin.py:151} INFO - #False
[2024-01-20T04:13:31.403+0000] {logging_mixin.py:151} INFO -  submission : 
[2024-01-20T04:13:32.021+0000] {logging_mixin.py:151} INFO - #False
[2024-01-20T04:13:32.021+0000] {logging_mixin.py:151} INFO - #False
[2024-01-20T04:13:32.022+0000] {logging_mixin.py:151} INFO - #False
[2024-01-20T04:13:32.022+0000] {logging_mixin.py:151} INFO - #False
[2024-01-20T04:13:32.022+0000] {logging_mixin.py:151} INFO - #False
[2024-01-20T04:13:32.023+0000] {logging_mixin.py:151} INFO - #False
[2024-01-20T04:13:32.023+0000] {logging_mixin.py:151} INFO - #False
[2024-01-20T04:13:32.024+0000] {logging_mixin.py:151} INFO - #False
[2024-01-20T04:13:32.024+0000] {logging_mixin.py:151} INFO - #False
[2024-01-20T04:13:32.024+0000] {logging_mixin.py:151} INFO - #False
[2024-01-20T04:13:32.024+0000] {logging_mixin.py:151} INFO - #False
[2024-01-20T04:13:32.025+0000] {logging_mixin.py:151} INFO - #False
[2024-01-20T04:13:32.025+0000] {logging_mixin.py:151} INFO - #False
[2024-01-20T04:13:32.025+0000] {logging_mixin.py:151} INFO - #False
[2024-01-20T04:13:32.025+0000] {logging_mixin.py:151} INFO - #False
[2024-01-20T04:13:32.025+0000] {logging_mixin.py:151} INFO - #False
[2024-01-20T04:13:32.026+0000] {logging_mixin.py:151} INFO - #False
[2024-01-20T04:13:32.026+0000] {logging_mixin.py:151} INFO - #False
[2024-01-20T04:13:32.026+0000] {logging_mixin.py:151} INFO - #False
[2024-01-20T04:13:32.026+0000] {logging_mixin.py:151} INFO - #False
[2024-01-20T04:13:32.027+0000] {logging_mixin.py:151} INFO - #False
[2024-01-20T04:13:32.027+0000] {logging_mixin.py:151} INFO - #False
[2024-01-20T04:13:32.027+0000] {logging_mixin.py:151} INFO - #False
[2024-01-20T04:13:32.027+0000] {logging_mixin.py:151} INFO - #False
[2024-01-20T04:13:32.027+0000] {logging_mixin.py:151} INFO - #False
[2024-01-20T04:13:32.028+0000] {logging_mixin.py:151} INFO - #False
[2024-01-20T04:13:32.028+0000] {logging_mixin.py:151} INFO - #False
[2024-01-20T04:13:32.028+0000] {logging_mixin.py:151} INFO - #False
[2024-01-20T04:13:32.028+0000] {logging_mixin.py:151} INFO - #False
[2024-01-20T04:13:32.028+0000] {logging_mixin.py:151} INFO - #False
[2024-01-20T04:13:32.029+0000] {logging_mixin.py:151} INFO -  submission : 
[2024-01-20T04:13:32.695+0000] {logging_mixin.py:151} INFO - #False
[2024-01-20T04:13:32.696+0000] {logging_mixin.py:151} INFO - #False
[2024-01-20T04:13:32.696+0000] {logging_mixin.py:151} INFO - #False
[2024-01-20T04:13:32.697+0000] {logging_mixin.py:151} INFO - #False
[2024-01-20T04:13:32.697+0000] {logging_mixin.py:151} INFO - #False
[2024-01-20T04:13:32.697+0000] {logging_mixin.py:151} INFO - #False
[2024-01-20T04:13:32.698+0000] {logging_mixin.py:151} INFO - #False
[2024-01-20T04:13:32.698+0000] {logging_mixin.py:151} INFO - #False
[2024-01-20T04:13:32.698+0000] {logging_mixin.py:151} INFO - #False
[2024-01-20T04:13:32.699+0000] {logging_mixin.py:151} INFO - #False
[2024-01-20T04:13:32.699+0000] {logging_mixin.py:151} INFO - #False
[2024-01-20T04:13:32.699+0000] {logging_mixin.py:151} INFO - #False
[2024-01-20T04:13:32.700+0000] {logging_mixin.py:151} INFO - #False
[2024-01-20T04:13:32.700+0000] {logging_mixin.py:151} INFO - #False
[2024-01-20T04:13:32.700+0000] {logging_mixin.py:151} INFO - #False
[2024-01-20T04:13:32.701+0000] {logging_mixin.py:151} INFO - #False
[2024-01-20T04:13:32.701+0000] {logging_mixin.py:151} INFO - #False
[2024-01-20T04:13:32.701+0000] {logging_mixin.py:151} INFO - #False
[2024-01-20T04:13:32.702+0000] {logging_mixin.py:151} INFO - #False
[2024-01-20T04:13:32.702+0000] {logging_mixin.py:151} INFO - #False
[2024-01-20T04:13:32.702+0000] {logging_mixin.py:151} INFO - #False
[2024-01-20T04:13:32.702+0000] {logging_mixin.py:151} INFO - #False
[2024-01-20T04:13:32.703+0000] {logging_mixin.py:151} INFO - #False
[2024-01-20T04:13:32.703+0000] {logging_mixin.py:151} INFO - #False
[2024-01-20T04:13:32.703+0000] {logging_mixin.py:151} INFO - #False
[2024-01-20T04:13:32.703+0000] {logging_mixin.py:151} INFO - #False
[2024-01-20T04:13:32.703+0000] {logging_mixin.py:151} INFO - #False
[2024-01-20T04:13:32.704+0000] {logging_mixin.py:151} INFO - #False
[2024-01-20T04:13:32.704+0000] {logging_mixin.py:151} INFO - #False
[2024-01-20T04:13:32.705+0000] {logging_mixin.py:151} INFO - #False
[2024-01-20T04:13:32.705+0000] {conn.py:919} INFO - <BrokerConnection node_id=1 host=broker:29092 <connected> [IPv4 ('172.19.0.8', 29092)]>: Closing connection. 
[2024-01-20T04:13:32.706+0000] {python.py:194} INFO - Done. Returned value was: None
[2024-01-20T04:13:32.713+0000] {taskinstance.py:1400} INFO - Marking task as SUCCESS. dag_id=Kafka_Producer_5, task_id=Reddit, execution_date=20240120T041152, start_date=20240120T041327, end_date=20240120T041332
[2024-01-20T04:13:32.821+0000] {local_task_job_runner.py:228} INFO - Task exited with return code 0
[2024-01-20T04:13:32.833+0000] {taskinstance.py:2784} INFO - 0 downstream tasks scheduled from follow-on schedule check
