[2024-01-20T05:24:30.486+0000] {taskinstance.py:1159} INFO - Dependencies all met for dep_context=non-requeueable deps ti=<TaskInstance: Kafka_Producer_1.Reddit scheduled__2024-01-20T05:23:26.365744+00:00 [queued]>
[2024-01-20T05:24:30.494+0000] {taskinstance.py:1159} INFO - Dependencies all met for dep_context=requeueable deps ti=<TaskInstance: Kafka_Producer_1.Reddit scheduled__2024-01-20T05:23:26.365744+00:00 [queued]>
[2024-01-20T05:24:30.494+0000] {taskinstance.py:1361} INFO - Starting attempt 1 of 1
[2024-01-20T05:24:30.508+0000] {taskinstance.py:1382} INFO - Executing <Task(PythonOperator): Reddit> on 2024-01-20 05:23:26.365744+00:00
[2024-01-20T05:24:30.511+0000] {standard_task_runner.py:57} INFO - Started process 11054 to run task
[2024-01-20T05:24:30.513+0000] {standard_task_runner.py:84} INFO - Running: ['***', 'tasks', 'run', 'Kafka_Producer_1', 'Reddit', 'scheduled__2024-01-20T05:23:26.365744+00:00', '--job-id', '566', '--raw', '--subdir', 'DAGS_FOLDER/kafka_stream.py', '--cfg-path', '/tmp/tmpllfsyxso']
[2024-01-20T05:24:30.515+0000] {standard_task_runner.py:85} INFO - Job 566: Subtask Reddit
[2024-01-20T05:24:30.554+0000] {task_command.py:415} INFO - Running <TaskInstance: Kafka_Producer_1.Reddit scheduled__2024-01-20T05:23:26.365744+00:00 [running]> on host 45c5bfab8aa1
[2024-01-20T05:24:30.620+0000] {taskinstance.py:1660} INFO - Exporting env vars: AIRFLOW_CTX_DAG_OWNER='me' AIRFLOW_CTX_DAG_ID='Kafka_Producer_1' AIRFLOW_CTX_TASK_ID='Reddit' AIRFLOW_CTX_EXECUTION_DATE='2024-01-20T05:23:26.365744+00:00' AIRFLOW_CTX_TRY_NUMBER='1' AIRFLOW_CTX_DAG_RUN_ID='scheduled__2024-01-20T05:23:26.365744+00:00'
[2024-01-20T05:24:30.649+0000] {logging_mixin.py:151} INFO -  submission : 
[2024-01-20T05:24:31.469+0000] {logging_mixin.py:151} INFO - #False
[2024-01-20T05:24:31.470+0000] {logging_mixin.py:151} INFO - #False
[2024-01-20T05:24:31.470+0000] {logging_mixin.py:151} INFO - #False
[2024-01-20T05:24:31.470+0000] {logging_mixin.py:151} INFO - #False
[2024-01-20T05:24:31.471+0000] {logging_mixin.py:151} INFO - #False
[2024-01-20T05:24:31.471+0000] {logging_mixin.py:151} INFO - #False
[2024-01-20T05:24:31.471+0000] {logging_mixin.py:151} INFO - #False
[2024-01-20T05:24:31.472+0000] {logging_mixin.py:151} INFO - #False
[2024-01-20T05:24:31.472+0000] {logging_mixin.py:151} INFO - #False
[2024-01-20T05:24:31.472+0000] {logging_mixin.py:151} INFO - #False
[2024-01-20T05:24:31.473+0000] {logging_mixin.py:151} INFO - #False
[2024-01-20T05:24:31.473+0000] {logging_mixin.py:151} INFO - #False
[2024-01-20T05:24:31.474+0000] {logging_mixin.py:151} INFO - #False
[2024-01-20T05:24:31.474+0000] {logging_mixin.py:151} INFO - #False
[2024-01-20T05:24:31.474+0000] {logging_mixin.py:151} INFO - #False
[2024-01-20T05:24:31.475+0000] {logging_mixin.py:151} INFO - #False
[2024-01-20T05:24:31.475+0000] {logging_mixin.py:151} INFO - #False
[2024-01-20T05:24:31.475+0000] {logging_mixin.py:151} INFO - #False
[2024-01-20T05:24:31.476+0000] {logging_mixin.py:151} INFO - #False
[2024-01-20T05:24:31.476+0000] {logging_mixin.py:151} INFO - #False
[2024-01-20T05:24:31.477+0000] {logging_mixin.py:151} INFO - #False
[2024-01-20T05:24:31.477+0000] {logging_mixin.py:151} INFO - #False
[2024-01-20T05:24:31.477+0000] {logging_mixin.py:151} INFO - #False
[2024-01-20T05:24:31.478+0000] {logging_mixin.py:151} INFO - #False
[2024-01-20T05:24:31.478+0000] {logging_mixin.py:151} INFO - #False
[2024-01-20T05:24:31.478+0000] {logging_mixin.py:151} INFO - #False
[2024-01-20T05:24:31.479+0000] {logging_mixin.py:151} INFO - #False
[2024-01-20T05:24:31.479+0000] {logging_mixin.py:151} INFO - #False
[2024-01-20T05:24:31.479+0000] {logging_mixin.py:151} INFO - #False
[2024-01-20T05:24:31.479+0000] {logging_mixin.py:151} INFO - #False
[2024-01-20T05:24:31.480+0000] {logging_mixin.py:151} INFO -  submission : 
[2024-01-20T05:24:31.986+0000] {logging_mixin.py:151} INFO - #False
[2024-01-20T05:24:31.987+0000] {logging_mixin.py:151} INFO - #False
[2024-01-20T05:24:31.987+0000] {logging_mixin.py:151} INFO - #False
[2024-01-20T05:24:31.988+0000] {logging_mixin.py:151} INFO - #False
[2024-01-20T05:24:31.988+0000] {logging_mixin.py:151} INFO - #False
[2024-01-20T05:24:31.988+0000] {logging_mixin.py:151} INFO - #False
[2024-01-20T05:24:31.989+0000] {logging_mixin.py:151} INFO - #False
[2024-01-20T05:24:31.989+0000] {logging_mixin.py:151} INFO - #False
[2024-01-20T05:24:31.989+0000] {logging_mixin.py:151} INFO - #False
[2024-01-20T05:24:31.990+0000] {logging_mixin.py:151} INFO - #False
[2024-01-20T05:24:31.990+0000] {logging_mixin.py:151} INFO - #False
[2024-01-20T05:24:31.990+0000] {logging_mixin.py:151} INFO - #False
[2024-01-20T05:24:31.990+0000] {logging_mixin.py:151} INFO - #False
[2024-01-20T05:24:31.990+0000] {logging_mixin.py:151} INFO - #False
[2024-01-20T05:24:31.991+0000] {logging_mixin.py:151} INFO - #False
[2024-01-20T05:24:31.991+0000] {logging_mixin.py:151} INFO - #False
[2024-01-20T05:24:31.991+0000] {logging_mixin.py:151} INFO - #False
[2024-01-20T05:24:31.991+0000] {logging_mixin.py:151} INFO - #False
[2024-01-20T05:24:31.992+0000] {logging_mixin.py:151} INFO - #False
[2024-01-20T05:24:31.992+0000] {logging_mixin.py:151} INFO - #False
[2024-01-20T05:24:31.992+0000] {logging_mixin.py:151} INFO - #False
[2024-01-20T05:24:31.992+0000] {logging_mixin.py:151} INFO - #False
[2024-01-20T05:24:31.993+0000] {logging_mixin.py:151} INFO - #False
[2024-01-20T05:24:31.993+0000] {logging_mixin.py:151} INFO - #False
[2024-01-20T05:24:31.993+0000] {logging_mixin.py:151} INFO - #False
[2024-01-20T05:24:31.993+0000] {logging_mixin.py:151} INFO - #False
[2024-01-20T05:24:31.993+0000] {logging_mixin.py:151} INFO - #False
[2024-01-20T05:24:31.994+0000] {logging_mixin.py:151} INFO - #False
[2024-01-20T05:24:31.994+0000] {logging_mixin.py:151} INFO - #False
[2024-01-20T05:24:31.994+0000] {logging_mixin.py:151} INFO - #False
[2024-01-20T05:24:31.994+0000] {logging_mixin.py:151} INFO -  submission : 
[2024-01-20T05:24:32.592+0000] {logging_mixin.py:151} INFO - #False
[2024-01-20T05:24:32.592+0000] {logging_mixin.py:151} INFO - #False
[2024-01-20T05:24:32.593+0000] {logging_mixin.py:151} INFO - #False
[2024-01-20T05:24:32.593+0000] {logging_mixin.py:151} INFO - #False
[2024-01-20T05:24:32.593+0000] {logging_mixin.py:151} INFO - #False
[2024-01-20T05:24:32.593+0000] {logging_mixin.py:151} INFO - #False
[2024-01-20T05:24:32.594+0000] {logging_mixin.py:151} INFO - #False
[2024-01-20T05:24:32.594+0000] {logging_mixin.py:151} INFO - #False
[2024-01-20T05:24:32.594+0000] {logging_mixin.py:151} INFO - #False
[2024-01-20T05:24:32.594+0000] {logging_mixin.py:151} INFO - #False
[2024-01-20T05:24:32.594+0000] {logging_mixin.py:151} INFO - #False
[2024-01-20T05:24:32.595+0000] {logging_mixin.py:151} INFO - #False
[2024-01-20T05:24:32.595+0000] {logging_mixin.py:151} INFO - #False
[2024-01-20T05:24:32.595+0000] {logging_mixin.py:151} INFO - #False
[2024-01-20T05:24:32.595+0000] {logging_mixin.py:151} INFO - #False
[2024-01-20T05:24:32.595+0000] {logging_mixin.py:151} INFO - #False
[2024-01-20T05:24:32.596+0000] {logging_mixin.py:151} INFO - #False
[2024-01-20T05:24:32.596+0000] {logging_mixin.py:151} INFO - #False
[2024-01-20T05:24:32.596+0000] {logging_mixin.py:151} INFO - #False
[2024-01-20T05:24:32.596+0000] {logging_mixin.py:151} INFO - #False
[2024-01-20T05:24:32.596+0000] {logging_mixin.py:151} INFO - #False
[2024-01-20T05:24:32.597+0000] {logging_mixin.py:151} INFO - #False
[2024-01-20T05:24:32.597+0000] {logging_mixin.py:151} INFO - #False
[2024-01-20T05:24:32.597+0000] {logging_mixin.py:151} INFO - #False
[2024-01-20T05:24:32.597+0000] {logging_mixin.py:151} INFO - #False
[2024-01-20T05:24:32.597+0000] {logging_mixin.py:151} INFO - #False
[2024-01-20T05:24:32.598+0000] {logging_mixin.py:151} INFO - #False
[2024-01-20T05:24:32.598+0000] {logging_mixin.py:151} INFO - #False
[2024-01-20T05:24:32.598+0000] {logging_mixin.py:151} INFO - #False
[2024-01-20T05:24:32.598+0000] {logging_mixin.py:151} INFO - #False
[2024-01-20T05:24:32.598+0000] {logging_mixin.py:151} INFO -  submission : 
[2024-01-20T05:24:33.048+0000] {logging_mixin.py:151} INFO - #False
[2024-01-20T05:24:33.049+0000] {logging_mixin.py:151} INFO - #False
[2024-01-20T05:24:33.049+0000] {logging_mixin.py:151} INFO - #False
[2024-01-20T05:24:33.049+0000] {logging_mixin.py:151} INFO - #False
[2024-01-20T05:24:33.050+0000] {logging_mixin.py:151} INFO - #False
[2024-01-20T05:24:33.050+0000] {logging_mixin.py:151} INFO - #False
[2024-01-20T05:24:33.050+0000] {logging_mixin.py:151} INFO - #False
[2024-01-20T05:24:33.050+0000] {logging_mixin.py:151} INFO - #False
[2024-01-20T05:24:33.051+0000] {logging_mixin.py:151} INFO - #False
[2024-01-20T05:24:33.051+0000] {logging_mixin.py:151} INFO - #False
[2024-01-20T05:24:33.051+0000] {logging_mixin.py:151} INFO - #False
[2024-01-20T05:24:33.052+0000] {logging_mixin.py:151} INFO - #False
[2024-01-20T05:24:33.052+0000] {logging_mixin.py:151} INFO - #False
[2024-01-20T05:24:33.052+0000] {logging_mixin.py:151} INFO - #False
[2024-01-20T05:24:33.053+0000] {logging_mixin.py:151} INFO - #False
[2024-01-20T05:24:33.053+0000] {logging_mixin.py:151} INFO - #False
[2024-01-20T05:24:33.054+0000] {logging_mixin.py:151} INFO - #False
[2024-01-20T05:24:33.054+0000] {logging_mixin.py:151} INFO - #False
[2024-01-20T05:24:33.055+0000] {logging_mixin.py:151} INFO - #False
[2024-01-20T05:24:33.055+0000] {logging_mixin.py:151} INFO - #False
[2024-01-20T05:24:33.056+0000] {logging_mixin.py:151} INFO - #False
[2024-01-20T05:24:33.056+0000] {logging_mixin.py:151} INFO - #False
[2024-01-20T05:24:33.057+0000] {logging_mixin.py:151} INFO - #False
[2024-01-20T05:24:33.057+0000] {logging_mixin.py:151} INFO - #False
[2024-01-20T05:24:33.057+0000] {logging_mixin.py:151} INFO - #False
[2024-01-20T05:24:33.058+0000] {logging_mixin.py:151} INFO - #False
[2024-01-20T05:24:33.058+0000] {logging_mixin.py:151} INFO - #False
[2024-01-20T05:24:33.058+0000] {logging_mixin.py:151} INFO - #False
[2024-01-20T05:24:33.059+0000] {logging_mixin.py:151} INFO - #False
[2024-01-20T05:24:33.059+0000] {logging_mixin.py:151} INFO - #False
[2024-01-20T05:24:33.059+0000] {logging_mixin.py:151} INFO -  submission : 
[2024-01-20T05:24:33.553+0000] {logging_mixin.py:151} INFO - #False
[2024-01-20T05:24:33.554+0000] {logging_mixin.py:151} INFO - #False
[2024-01-20T05:24:33.554+0000] {logging_mixin.py:151} INFO - #False
[2024-01-20T05:24:33.554+0000] {logging_mixin.py:151} INFO - #False
[2024-01-20T05:24:33.555+0000] {logging_mixin.py:151} INFO - #False
[2024-01-20T05:24:33.555+0000] {logging_mixin.py:151} INFO - #False
[2024-01-20T05:24:33.555+0000] {logging_mixin.py:151} INFO - #False
[2024-01-20T05:24:33.555+0000] {logging_mixin.py:151} INFO - #False
[2024-01-20T05:24:33.556+0000] {logging_mixin.py:151} INFO - #False
[2024-01-20T05:24:33.556+0000] {logging_mixin.py:151} INFO - #False
[2024-01-20T05:24:33.556+0000] {logging_mixin.py:151} INFO - #False
[2024-01-20T05:24:33.556+0000] {logging_mixin.py:151} INFO - #False
[2024-01-20T05:24:33.556+0000] {logging_mixin.py:151} INFO - #False
[2024-01-20T05:24:33.557+0000] {logging_mixin.py:151} INFO - #False
[2024-01-20T05:24:33.557+0000] {logging_mixin.py:151} INFO - #False
[2024-01-20T05:24:33.557+0000] {logging_mixin.py:151} INFO - #False
[2024-01-20T05:24:33.557+0000] {logging_mixin.py:151} INFO - #False
[2024-01-20T05:24:33.557+0000] {logging_mixin.py:151} INFO - #False
[2024-01-20T05:24:33.558+0000] {logging_mixin.py:151} INFO - #False
[2024-01-20T05:24:33.558+0000] {logging_mixin.py:151} INFO - #False
[2024-01-20T05:24:33.558+0000] {logging_mixin.py:151} INFO - #False
[2024-01-20T05:24:33.558+0000] {logging_mixin.py:151} INFO - #False
[2024-01-20T05:24:33.558+0000] {logging_mixin.py:151} INFO - #False
[2024-01-20T05:24:33.559+0000] {logging_mixin.py:151} INFO - #False
[2024-01-20T05:24:33.559+0000] {logging_mixin.py:151} INFO - #False
[2024-01-20T05:24:33.559+0000] {logging_mixin.py:151} INFO - #False
[2024-01-20T05:24:33.559+0000] {logging_mixin.py:151} INFO - #False
[2024-01-20T05:24:33.559+0000] {logging_mixin.py:151} INFO - #False
[2024-01-20T05:24:33.559+0000] {logging_mixin.py:151} INFO - #False
[2024-01-20T05:24:33.560+0000] {logging_mixin.py:151} INFO - #False
[2024-01-20T05:24:33.560+0000] {logging_mixin.py:151} INFO -  submission : 
[2024-01-20T05:24:34.410+0000] {logging_mixin.py:151} INFO - #False
[2024-01-20T05:24:34.411+0000] {logging_mixin.py:151} INFO - #False
[2024-01-20T05:24:34.411+0000] {logging_mixin.py:151} INFO - #False
[2024-01-20T05:24:34.412+0000] {logging_mixin.py:151} INFO - #False
[2024-01-20T05:24:34.412+0000] {logging_mixin.py:151} INFO - #False
[2024-01-20T05:24:34.412+0000] {logging_mixin.py:151} INFO - #False
[2024-01-20T05:24:34.412+0000] {logging_mixin.py:151} INFO - #False
[2024-01-20T05:24:34.413+0000] {logging_mixin.py:151} INFO - #False
[2024-01-20T05:24:34.413+0000] {logging_mixin.py:151} INFO - #False
[2024-01-20T05:24:34.413+0000] {logging_mixin.py:151} INFO - #False
[2024-01-20T05:24:34.413+0000] {logging_mixin.py:151} INFO - #False
[2024-01-20T05:24:34.414+0000] {logging_mixin.py:151} INFO - #False
[2024-01-20T05:24:34.414+0000] {logging_mixin.py:151} INFO - #False
[2024-01-20T05:24:34.414+0000] {logging_mixin.py:151} INFO - #False
[2024-01-20T05:24:34.414+0000] {logging_mixin.py:151} INFO - #False
[2024-01-20T05:24:34.414+0000] {logging_mixin.py:151} INFO - #False
[2024-01-20T05:24:34.415+0000] {logging_mixin.py:151} INFO - #False
[2024-01-20T05:24:34.415+0000] {logging_mixin.py:151} INFO - #False
[2024-01-20T05:24:34.415+0000] {logging_mixin.py:151} INFO - #False
[2024-01-20T05:24:34.415+0000] {logging_mixin.py:151} INFO - #False
[2024-01-20T05:24:34.416+0000] {logging_mixin.py:151} INFO - #False
[2024-01-20T05:24:34.416+0000] {logging_mixin.py:151} INFO - #False
[2024-01-20T05:24:34.416+0000] {logging_mixin.py:151} INFO - #False
[2024-01-20T05:24:34.416+0000] {logging_mixin.py:151} INFO - #False
[2024-01-20T05:24:34.417+0000] {logging_mixin.py:151} INFO - #False
[2024-01-20T05:24:34.417+0000] {logging_mixin.py:151} INFO - #False
[2024-01-20T05:24:34.417+0000] {logging_mixin.py:151} INFO - #False
[2024-01-20T05:24:34.417+0000] {logging_mixin.py:151} INFO - #False
[2024-01-20T05:24:34.418+0000] {logging_mixin.py:151} INFO - #False
[2024-01-20T05:24:34.418+0000] {logging_mixin.py:151} INFO - #False
[2024-01-20T05:24:34.418+0000] {logging_mixin.py:151} INFO -  submission : 
[2024-01-20T05:24:35.108+0000] {logging_mixin.py:151} INFO - #False
[2024-01-20T05:24:35.108+0000] {logging_mixin.py:151} INFO - #False
[2024-01-20T05:24:35.109+0000] {logging_mixin.py:151} INFO - #False
[2024-01-20T05:24:35.109+0000] {logging_mixin.py:151} INFO - #False
[2024-01-20T05:24:35.110+0000] {logging_mixin.py:151} INFO - #False
[2024-01-20T05:24:35.110+0000] {logging_mixin.py:151} INFO - #False
[2024-01-20T05:24:35.111+0000] {logging_mixin.py:151} INFO - #False
[2024-01-20T05:24:35.112+0000] {logging_mixin.py:151} INFO - #False
[2024-01-20T05:24:35.112+0000] {logging_mixin.py:151} INFO - #False
[2024-01-20T05:24:35.113+0000] {logging_mixin.py:151} INFO - #False
[2024-01-20T05:24:35.113+0000] {logging_mixin.py:151} INFO - #False
[2024-01-20T05:24:35.114+0000] {logging_mixin.py:151} INFO - #False
[2024-01-20T05:24:35.114+0000] {logging_mixin.py:151} INFO - #False
[2024-01-20T05:24:35.114+0000] {logging_mixin.py:151} INFO - #False
[2024-01-20T05:24:35.115+0000] {logging_mixin.py:151} INFO - #False
[2024-01-20T05:24:35.115+0000] {logging_mixin.py:151} INFO - #False
[2024-01-20T05:24:35.116+0000] {logging_mixin.py:151} INFO - #False
[2024-01-20T05:24:35.116+0000] {logging_mixin.py:151} INFO - #False
[2024-01-20T05:24:35.116+0000] {logging_mixin.py:151} INFO - #False
[2024-01-20T05:24:35.117+0000] {logging_mixin.py:151} INFO - #False
[2024-01-20T05:24:35.117+0000] {logging_mixin.py:151} INFO - #False
[2024-01-20T05:24:35.117+0000] {logging_mixin.py:151} INFO - #False
[2024-01-20T05:24:35.117+0000] {logging_mixin.py:151} INFO - #False
[2024-01-20T05:24:35.118+0000] {logging_mixin.py:151} INFO - #False
[2024-01-20T05:24:35.119+0000] {logging_mixin.py:151} INFO - #False
[2024-01-20T05:24:35.119+0000] {logging_mixin.py:151} INFO - #False
[2024-01-20T05:24:35.120+0000] {logging_mixin.py:151} INFO - #False
[2024-01-20T05:24:35.121+0000] {logging_mixin.py:151} INFO - #False
[2024-01-20T05:24:35.121+0000] {logging_mixin.py:151} INFO - #False
[2024-01-20T05:24:35.122+0000] {logging_mixin.py:151} INFO - #False
[2024-01-20T05:24:35.122+0000] {logging_mixin.py:151} INFO -  submission : 
[2024-01-20T05:24:35.740+0000] {logging_mixin.py:151} INFO - #False
[2024-01-20T05:24:35.742+0000] {logging_mixin.py:151} INFO - #False
[2024-01-20T05:24:35.743+0000] {logging_mixin.py:151} INFO - #False
[2024-01-20T05:24:35.743+0000] {logging_mixin.py:151} INFO - #False
[2024-01-20T05:24:35.744+0000] {logging_mixin.py:151} INFO - #False
[2024-01-20T05:24:35.745+0000] {logging_mixin.py:151} INFO - #False
[2024-01-20T05:24:35.745+0000] {logging_mixin.py:151} INFO - #False
[2024-01-20T05:24:35.745+0000] {logging_mixin.py:151} INFO - #False
[2024-01-20T05:24:35.746+0000] {logging_mixin.py:151} INFO - #False
[2024-01-20T05:24:35.746+0000] {logging_mixin.py:151} INFO - #False
[2024-01-20T05:24:35.746+0000] {logging_mixin.py:151} INFO - #False
[2024-01-20T05:24:35.747+0000] {logging_mixin.py:151} INFO - #False
[2024-01-20T05:24:35.747+0000] {logging_mixin.py:151} INFO - #False
[2024-01-20T05:24:35.747+0000] {logging_mixin.py:151} INFO - #False
[2024-01-20T05:24:35.747+0000] {logging_mixin.py:151} INFO - #False
[2024-01-20T05:24:35.748+0000] {logging_mixin.py:151} INFO - #False
[2024-01-20T05:24:35.748+0000] {logging_mixin.py:151} INFO - #False
[2024-01-20T05:24:35.748+0000] {logging_mixin.py:151} INFO - #False
[2024-01-20T05:24:35.748+0000] {logging_mixin.py:151} INFO - #False
[2024-01-20T05:24:35.749+0000] {logging_mixin.py:151} INFO - #False
[2024-01-20T05:24:35.749+0000] {logging_mixin.py:151} INFO - #False
[2024-01-20T05:24:35.749+0000] {logging_mixin.py:151} INFO - #False
[2024-01-20T05:24:35.749+0000] {logging_mixin.py:151} INFO - #False
[2024-01-20T05:24:35.750+0000] {logging_mixin.py:151} INFO - #False
[2024-01-20T05:24:35.750+0000] {logging_mixin.py:151} INFO - #False
[2024-01-20T05:24:35.750+0000] {logging_mixin.py:151} INFO - #False
[2024-01-20T05:24:35.750+0000] {logging_mixin.py:151} INFO - #False
[2024-01-20T05:24:35.751+0000] {logging_mixin.py:151} INFO - #False
[2024-01-20T05:24:35.751+0000] {logging_mixin.py:151} INFO - #False
[2024-01-20T05:24:35.751+0000] {logging_mixin.py:151} INFO - #False
[2024-01-20T05:24:35.751+0000] {python.py:194} INFO - Done. Returned value was: None
[2024-01-20T05:24:35.759+0000] {taskinstance.py:1400} INFO - Marking task as SUCCESS. dag_id=Kafka_Producer_1, task_id=Reddit, execution_date=20240120T052326, start_date=20240120T052430, end_date=20240120T052435
[2024-01-20T05:24:35.809+0000] {local_task_job_runner.py:228} INFO - Task exited with return code 0
[2024-01-20T05:24:35.823+0000] {taskinstance.py:2784} INFO - 0 downstream tasks scheduled from follow-on schedule check
