[2024-01-17T04:36:14.605+0000] {taskinstance.py:1159} INFO - Dependencies all met for dep_context=non-requeueable deps ti=<TaskInstance: spark_stream_job.spark_submit_task manual__2024-01-17T04:36:09.138715+00:00 [queued]>
[2024-01-17T04:36:14.610+0000] {taskinstance.py:1159} INFO - Dependencies all met for dep_context=requeueable deps ti=<TaskInstance: spark_stream_job.spark_submit_task manual__2024-01-17T04:36:09.138715+00:00 [queued]>
[2024-01-17T04:36:14.610+0000] {taskinstance.py:1361} INFO - Starting attempt 1 of 2
[2024-01-17T04:36:14.620+0000] {taskinstance.py:1382} INFO - Executing <Task(SparkSubmitOperator): spark_submit_task> on 2024-01-17 04:36:09.138715+00:00
[2024-01-17T04:36:14.623+0000] {standard_task_runner.py:57} INFO - Started process 5211 to run task
[2024-01-17T04:36:14.625+0000] {standard_task_runner.py:84} INFO - Running: ['***', 'tasks', 'run', 'spark_stream_job', 'spark_submit_task', 'manual__2024-01-17T04:36:09.138715+00:00', '--job-id', '62', '--raw', '--subdir', 'DAGS_FOLDER/spark_streaming_dag.py', '--cfg-path', '/tmp/tmpsal2z1tx']
[2024-01-17T04:36:14.626+0000] {standard_task_runner.py:85} INFO - Job 62: Subtask spark_submit_task
[2024-01-17T04:36:14.661+0000] {task_command.py:415} INFO - Running <TaskInstance: spark_stream_job.spark_submit_task manual__2024-01-17T04:36:09.138715+00:00 [running]> on host 614a419ad930
[2024-01-17T04:36:14.717+0000] {taskinstance.py:1660} INFO - Exporting env vars: AIRFLOW_CTX_DAG_OWNER='me' AIRFLOW_CTX_DAG_ID='spark_stream_job' AIRFLOW_CTX_TASK_ID='spark_submit_task' AIRFLOW_CTX_EXECUTION_DATE='2024-01-17T04:36:09.138715+00:00' AIRFLOW_CTX_TRY_NUMBER='1' AIRFLOW_CTX_DAG_RUN_ID='manual__2024-01-17T04:36:09.138715+00:00'
[2024-01-17T04:36:14.723+0000] {base.py:73} INFO - Using connection ID 'spark_default' for task execution.
[2024-01-17T04:36:14.724+0000] {spark_submit.py:401} INFO - Spark-Submit cmd: spark-submit --master spark://192.168.224.5:7077 --name spark_submit_job --class org.apache.spark.deploy.PythonRunner --verbose --queue root.default --deploy-mode client /opt/bitnami/code/spark_stream.py
[2024-01-17T04:36:14.823+0000] {spark_submit.py:571} INFO - /home/***/.local/lib/python3.9/site-packages/pyspark/bin/load-spark-env.sh: line 68: ps: command not found
[2024-01-17T04:36:15.862+0000] {spark_submit.py:571} INFO - Using properties file: null
[2024-01-17T04:36:15.939+0000] {spark_submit.py:571} INFO - Parsed arguments:
[2024-01-17T04:36:15.940+0000] {spark_submit.py:571} INFO - master                  spark://192.168.224.5:7077
[2024-01-17T04:36:15.940+0000] {spark_submit.py:571} INFO - remote                  null
[2024-01-17T04:36:15.940+0000] {spark_submit.py:571} INFO - deployMode              client
[2024-01-17T04:36:15.940+0000] {spark_submit.py:571} INFO - executorMemory          null
[2024-01-17T04:36:15.940+0000] {spark_submit.py:571} INFO - executorCores           null
[2024-01-17T04:36:15.940+0000] {spark_submit.py:571} INFO - totalExecutorCores      null
[2024-01-17T04:36:15.940+0000] {spark_submit.py:571} INFO - propertiesFile          null
[2024-01-17T04:36:15.940+0000] {spark_submit.py:571} INFO - driverMemory            null
[2024-01-17T04:36:15.940+0000] {spark_submit.py:571} INFO - driverCores             null
[2024-01-17T04:36:15.940+0000] {spark_submit.py:571} INFO - driverExtraClassPath    null
[2024-01-17T04:36:15.940+0000] {spark_submit.py:571} INFO - driverExtraLibraryPath  null
[2024-01-17T04:36:15.940+0000] {spark_submit.py:571} INFO - driverExtraJavaOptions  null
[2024-01-17T04:36:15.940+0000] {spark_submit.py:571} INFO - supervise               false
[2024-01-17T04:36:15.940+0000] {spark_submit.py:571} INFO - queue                   root.default
[2024-01-17T04:36:15.940+0000] {spark_submit.py:571} INFO - numExecutors            null
[2024-01-17T04:36:15.940+0000] {spark_submit.py:571} INFO - files                   null
[2024-01-17T04:36:15.940+0000] {spark_submit.py:571} INFO - pyFiles                 null
[2024-01-17T04:36:15.940+0000] {spark_submit.py:571} INFO - archives                null
[2024-01-17T04:36:15.940+0000] {spark_submit.py:571} INFO - mainClass               org.apache.spark.deploy.PythonRunner
[2024-01-17T04:36:15.940+0000] {spark_submit.py:571} INFO - primaryResource         file:/opt/bitnami/code/spark_stream.py
[2024-01-17T04:36:15.940+0000] {spark_submit.py:571} INFO - name                    spark_submit_job
[2024-01-17T04:36:15.941+0000] {spark_submit.py:571} INFO - childArgs               []
[2024-01-17T04:36:15.941+0000] {spark_submit.py:571} INFO - jars                    null
[2024-01-17T04:36:15.941+0000] {spark_submit.py:571} INFO - packages                null
[2024-01-17T04:36:15.941+0000] {spark_submit.py:571} INFO - packagesExclusions      null
[2024-01-17T04:36:15.941+0000] {spark_submit.py:571} INFO - repositories            null
[2024-01-17T04:36:15.941+0000] {spark_submit.py:571} INFO - verbose                 true
[2024-01-17T04:36:15.941+0000] {spark_submit.py:571} INFO - 
[2024-01-17T04:36:15.941+0000] {spark_submit.py:571} INFO - Spark properties used, including those specified through
[2024-01-17T04:36:15.941+0000] {spark_submit.py:571} INFO - --conf and those from the properties file null:
[2024-01-17T04:36:15.941+0000] {spark_submit.py:571} INFO - 
[2024-01-17T04:36:15.941+0000] {spark_submit.py:571} INFO - 
[2024-01-17T04:36:15.941+0000] {spark_submit.py:571} INFO - 
[2024-01-17T04:36:16.108+0000] {spark_submit.py:571} INFO - Main class:
[2024-01-17T04:36:16.108+0000] {spark_submit.py:571} INFO - org.apache.spark.deploy.PythonRunner
[2024-01-17T04:36:16.108+0000] {spark_submit.py:571} INFO - Arguments:
[2024-01-17T04:36:16.108+0000] {spark_submit.py:571} INFO - file:/opt/bitnami/code/spark_stream.py
[2024-01-17T04:36:16.108+0000] {spark_submit.py:571} INFO - null
[2024-01-17T04:36:16.110+0000] {spark_submit.py:571} INFO - Spark config:
[2024-01-17T04:36:16.111+0000] {spark_submit.py:571} INFO - (spark.app.name,spark_submit_job)
[2024-01-17T04:36:16.111+0000] {spark_submit.py:571} INFO - (spark.app.submitTime,1705466176099)
[2024-01-17T04:36:16.111+0000] {spark_submit.py:571} INFO - (spark.master,spark://192.168.224.5:7077)
[2024-01-17T04:36:16.111+0000] {spark_submit.py:571} INFO - (spark.submit.deployMode,client)
[2024-01-17T04:36:16.111+0000] {spark_submit.py:571} INFO - (spark.submit.pyFiles,)
[2024-01-17T04:36:16.111+0000] {spark_submit.py:571} INFO - Classpath elements:
[2024-01-17T04:36:16.111+0000] {spark_submit.py:571} INFO - 
[2024-01-17T04:36:16.111+0000] {spark_submit.py:571} INFO - 
[2024-01-17T04:36:16.111+0000] {spark_submit.py:571} INFO - 
[2024-01-17T04:36:16.242+0000] {spark_submit.py:571} INFO - python3: can't open file '/opt/bitnami/code/spark_stream.py': [Errno 2] No such file or directory
[2024-01-17T04:36:16.254+0000] {spark_submit.py:571} INFO - 24/01/17 04:36:16 INFO ShutdownHookManager: Shutdown hook called
[2024-01-17T04:36:16.257+0000] {spark_submit.py:571} INFO - 24/01/17 04:36:16 INFO ShutdownHookManager: Deleting directory /tmp/spark-dcf59886-b406-475a-95fe-a19b4cb6eb6a
[2024-01-17T04:36:16.289+0000] {taskinstance.py:1943} ERROR - Task failed with exception
Traceback (most recent call last):
  File "/home/airflow/.local/lib/python3.9/site-packages/airflow/providers/apache/spark/operators/spark_submit.py", line 174, in execute
    self._hook.submit(self._application)
  File "/home/airflow/.local/lib/python3.9/site-packages/airflow/providers/apache/spark/hooks/spark_submit.py", line 502, in submit
    raise AirflowException(
airflow.exceptions.AirflowException: Cannot execute: spark-submit --master spark://192.168.224.5:7077 --name spark_submit_job --class org.apache.spark.deploy.PythonRunner --verbose --queue root.default --deploy-mode client /opt/bitnami/code/spark_stream.py. Error code is: 2.
[2024-01-17T04:36:16.291+0000] {taskinstance.py:1400} INFO - Marking task as UP_FOR_RETRY. dag_id=spark_stream_job, task_id=spark_submit_task, execution_date=20240117T043609, start_date=20240117T043614, end_date=20240117T043616
[2024-01-17T04:36:16.301+0000] {standard_task_runner.py:104} ERROR - Failed to execute job 62 for task spark_submit_task (Cannot execute: spark-submit --master spark://192.168.224.5:7077 --name spark_submit_job --class org.apache.spark.deploy.PythonRunner --verbose --queue root.default --deploy-mode client /opt/bitnami/code/spark_stream.py. Error code is: 2.; 5211)
[2024-01-17T04:36:16.340+0000] {local_task_job_runner.py:228} INFO - Task exited with return code 1
[2024-01-17T04:36:16.356+0000] {taskinstance.py:2784} INFO - 0 downstream tasks scheduled from follow-on schedule check
