[2024-01-20T05:00:26.718+0000] {taskinstance.py:1159} INFO - Dependencies all met for dep_context=non-requeueable deps ti=<TaskInstance: Kafka_Producer_5.Reddit scheduled__2024-01-20T04:59:13.643667+00:00 [queued]>
[2024-01-20T05:00:26.725+0000] {taskinstance.py:1159} INFO - Dependencies all met for dep_context=requeueable deps ti=<TaskInstance: Kafka_Producer_5.Reddit scheduled__2024-01-20T04:59:13.643667+00:00 [queued]>
[2024-01-20T05:00:26.725+0000] {taskinstance.py:1361} INFO - Starting attempt 1 of 1
[2024-01-20T05:00:26.736+0000] {taskinstance.py:1382} INFO - Executing <Task(PythonOperator): Reddit> on 2024-01-20 04:59:13.643667+00:00
[2024-01-20T05:00:26.739+0000] {standard_task_runner.py:57} INFO - Started process 8612 to run task
[2024-01-20T05:00:26.741+0000] {standard_task_runner.py:84} INFO - Running: ['***', 'tasks', 'run', 'Kafka_Producer_5', 'Reddit', 'scheduled__2024-01-20T04:59:13.643667+00:00', '--job-id', '403', '--raw', '--subdir', 'DAGS_FOLDER/kafka_stream_5.py', '--cfg-path', '/tmp/tmpnp6jqxwy']
[2024-01-20T05:00:26.742+0000] {standard_task_runner.py:85} INFO - Job 403: Subtask Reddit
[2024-01-20T05:00:26.783+0000] {task_command.py:415} INFO - Running <TaskInstance: Kafka_Producer_5.Reddit scheduled__2024-01-20T04:59:13.643667+00:00 [running]> on host 45c5bfab8aa1
[2024-01-20T05:00:26.855+0000] {taskinstance.py:1660} INFO - Exporting env vars: AIRFLOW_CTX_DAG_OWNER='me' AIRFLOW_CTX_DAG_ID='Kafka_Producer_5' AIRFLOW_CTX_TASK_ID='Reddit' AIRFLOW_CTX_EXECUTION_DATE='2024-01-20T04:59:13.643667+00:00' AIRFLOW_CTX_TRY_NUMBER='1' AIRFLOW_CTX_DAG_RUN_ID='scheduled__2024-01-20T04:59:13.643667+00:00'
[2024-01-20T05:00:26.884+0000] {logging_mixin.py:151} INFO -  submission : 
[2024-01-20T05:00:27.675+0000] {logging_mixin.py:151} INFO - @True
[2024-01-20T05:00:27.676+0000] {conn.py:380} INFO - <BrokerConnection node_id=bootstrap-0 host=broker:29092 <connecting> [IPv4 ('172.19.0.8', 29092)]>: connecting to broker:29092 [('172.19.0.8', 29092) IPv4]
[2024-01-20T05:00:27.677+0000] {conn.py:1205} INFO - Probing node bootstrap-0 broker version
[2024-01-20T05:00:27.678+0000] {conn.py:410} INFO - <BrokerConnection node_id=bootstrap-0 host=broker:29092 <connecting> [IPv4 ('172.19.0.8', 29092)]>: Connection complete.
[2024-01-20T05:00:27.780+0000] {conn.py:1267} INFO - Broker version identified as 2.5.0
[2024-01-20T05:00:27.782+0000] {conn.py:1268} INFO - Set configuration api_version=(2, 5, 0) to skip auto check_version requests on startup
[2024-01-20T05:00:27.785+0000] {logging_mixin.py:151} INFO - #False
[2024-01-20T05:00:27.786+0000] {conn.py:380} INFO - <BrokerConnection node_id=1 host=broker:29092 <connecting> [IPv4 ('172.19.0.8', 29092)]>: connecting to broker:29092 [('172.19.0.8', 29092) IPv4]
[2024-01-20T05:00:27.786+0000] {logging_mixin.py:151} INFO - #False
[2024-01-20T05:00:27.787+0000] {conn.py:410} INFO - <BrokerConnection node_id=1 host=broker:29092 <connecting> [IPv4 ('172.19.0.8', 29092)]>: Connection complete.
[2024-01-20T05:00:27.787+0000] {logging_mixin.py:151} INFO - #False
[2024-01-20T05:00:27.788+0000] {conn.py:919} INFO - <BrokerConnection node_id=bootstrap-0 host=broker:29092 <connected> [IPv4 ('172.19.0.8', 29092)]>: Closing connection. 
[2024-01-20T05:00:27.788+0000] {logging_mixin.py:151} INFO - #False
[2024-01-20T05:00:27.789+0000] {logging_mixin.py:151} INFO - #False
[2024-01-20T05:00:27.789+0000] {logging_mixin.py:151} INFO - #False
[2024-01-20T05:00:27.790+0000] {logging_mixin.py:151} INFO - #False
[2024-01-20T05:00:27.790+0000] {logging_mixin.py:151} INFO - #False
[2024-01-20T05:00:27.790+0000] {logging_mixin.py:151} INFO - #False
[2024-01-20T05:00:27.790+0000] {logging_mixin.py:151} INFO - #False
[2024-01-20T05:00:27.791+0000] {logging_mixin.py:151} INFO - #False
[2024-01-20T05:00:27.791+0000] {logging_mixin.py:151} INFO - #False
[2024-01-20T05:00:27.791+0000] {logging_mixin.py:151} INFO - #False
[2024-01-20T05:00:27.791+0000] {logging_mixin.py:151} INFO - #False
[2024-01-20T05:00:27.792+0000] {logging_mixin.py:151} INFO - #False
[2024-01-20T05:00:27.792+0000] {logging_mixin.py:151} INFO - #False
[2024-01-20T05:00:27.792+0000] {logging_mixin.py:151} INFO - #False
[2024-01-20T05:00:27.792+0000] {logging_mixin.py:151} INFO - #False
[2024-01-20T05:00:27.792+0000] {logging_mixin.py:151} INFO - #False
[2024-01-20T05:00:27.793+0000] {logging_mixin.py:151} INFO - #False
[2024-01-20T05:00:27.793+0000] {logging_mixin.py:151} INFO - #False
[2024-01-20T05:00:27.793+0000] {logging_mixin.py:151} INFO - #False
[2024-01-20T05:00:27.793+0000] {logging_mixin.py:151} INFO - #False
[2024-01-20T05:00:27.794+0000] {logging_mixin.py:151} INFO - #False
[2024-01-20T05:00:27.794+0000] {logging_mixin.py:151} INFO - #False
[2024-01-20T05:00:27.794+0000] {logging_mixin.py:151} INFO - #False
[2024-01-20T05:00:27.794+0000] {logging_mixin.py:151} INFO - #False
[2024-01-20T05:00:27.794+0000] {logging_mixin.py:151} INFO - #False
[2024-01-20T05:00:27.795+0000] {logging_mixin.py:151} INFO - #False
[2024-01-20T05:00:27.795+0000] {logging_mixin.py:151} INFO -  submission : 
[2024-01-20T05:00:28.390+0000] {logging_mixin.py:151} INFO - #False
[2024-01-20T05:00:28.391+0000] {logging_mixin.py:151} INFO - #False
[2024-01-20T05:00:28.391+0000] {logging_mixin.py:151} INFO - #False
[2024-01-20T05:00:28.391+0000] {logging_mixin.py:151} INFO - #False
[2024-01-20T05:00:28.392+0000] {logging_mixin.py:151} INFO - #False
[2024-01-20T05:00:28.392+0000] {logging_mixin.py:151} INFO - #False
[2024-01-20T05:00:28.393+0000] {logging_mixin.py:151} INFO - #False
[2024-01-20T05:00:28.393+0000] {logging_mixin.py:151} INFO - #False
[2024-01-20T05:00:28.394+0000] {logging_mixin.py:151} INFO - #False
[2024-01-20T05:00:28.394+0000] {logging_mixin.py:151} INFO - #False
[2024-01-20T05:00:28.394+0000] {logging_mixin.py:151} INFO - #False
[2024-01-20T05:00:28.395+0000] {logging_mixin.py:151} INFO - #False
[2024-01-20T05:00:28.395+0000] {logging_mixin.py:151} INFO - #False
[2024-01-20T05:00:28.396+0000] {logging_mixin.py:151} INFO - #False
[2024-01-20T05:00:28.396+0000] {logging_mixin.py:151} INFO - #False
[2024-01-20T05:00:28.397+0000] {logging_mixin.py:151} INFO - #False
[2024-01-20T05:00:28.397+0000] {logging_mixin.py:151} INFO - #False
[2024-01-20T05:00:28.397+0000] {logging_mixin.py:151} INFO - #False
[2024-01-20T05:00:28.398+0000] {logging_mixin.py:151} INFO - #False
[2024-01-20T05:00:28.398+0000] {logging_mixin.py:151} INFO - #False
[2024-01-20T05:00:28.399+0000] {logging_mixin.py:151} INFO - #False
[2024-01-20T05:00:28.399+0000] {logging_mixin.py:151} INFO - #False
[2024-01-20T05:00:28.400+0000] {logging_mixin.py:151} INFO - #False
[2024-01-20T05:00:28.400+0000] {logging_mixin.py:151} INFO - #False
[2024-01-20T05:00:28.401+0000] {logging_mixin.py:151} INFO - #False
[2024-01-20T05:00:28.401+0000] {logging_mixin.py:151} INFO - #False
[2024-01-20T05:00:28.401+0000] {logging_mixin.py:151} INFO - #False
[2024-01-20T05:00:28.402+0000] {logging_mixin.py:151} INFO - #False
[2024-01-20T05:00:28.402+0000] {logging_mixin.py:151} INFO - #False
[2024-01-20T05:00:28.402+0000] {logging_mixin.py:151} INFO - #False
[2024-01-20T05:00:28.402+0000] {logging_mixin.py:151} INFO -  submission : 
[2024-01-20T05:00:29.015+0000] {logging_mixin.py:151} INFO - #False
[2024-01-20T05:00:29.015+0000] {logging_mixin.py:151} INFO - #False
[2024-01-20T05:00:29.016+0000] {logging_mixin.py:151} INFO - #False
[2024-01-20T05:00:29.016+0000] {logging_mixin.py:151} INFO - #False
[2024-01-20T05:00:29.017+0000] {logging_mixin.py:151} INFO - #False
[2024-01-20T05:00:29.017+0000] {logging_mixin.py:151} INFO - #False
[2024-01-20T05:00:29.018+0000] {logging_mixin.py:151} INFO - #False
[2024-01-20T05:00:29.018+0000] {logging_mixin.py:151} INFO - #False
[2024-01-20T05:00:29.019+0000] {logging_mixin.py:151} INFO - #False
[2024-01-20T05:00:29.019+0000] {logging_mixin.py:151} INFO - #False
[2024-01-20T05:00:29.020+0000] {logging_mixin.py:151} INFO - #False
[2024-01-20T05:00:29.020+0000] {logging_mixin.py:151} INFO - #False
[2024-01-20T05:00:29.021+0000] {logging_mixin.py:151} INFO - #False
[2024-01-20T05:00:29.021+0000] {logging_mixin.py:151} INFO - #False
[2024-01-20T05:00:29.022+0000] {logging_mixin.py:151} INFO - #False
[2024-01-20T05:00:29.022+0000] {logging_mixin.py:151} INFO - #False
[2024-01-20T05:00:29.022+0000] {logging_mixin.py:151} INFO - #False
[2024-01-20T05:00:29.023+0000] {logging_mixin.py:151} INFO - #False
[2024-01-20T05:00:29.023+0000] {logging_mixin.py:151} INFO - #False
[2024-01-20T05:00:29.024+0000] {logging_mixin.py:151} INFO - #False
[2024-01-20T05:00:29.024+0000] {logging_mixin.py:151} INFO - #False
[2024-01-20T05:00:29.025+0000] {logging_mixin.py:151} INFO - #False
[2024-01-20T05:00:29.025+0000] {logging_mixin.py:151} INFO - #False
[2024-01-20T05:00:29.026+0000] {logging_mixin.py:151} INFO - #False
[2024-01-20T05:00:29.026+0000] {logging_mixin.py:151} INFO - #False
[2024-01-20T05:00:29.026+0000] {logging_mixin.py:151} INFO - #False
[2024-01-20T05:00:29.027+0000] {logging_mixin.py:151} INFO - #False
[2024-01-20T05:00:29.027+0000] {logging_mixin.py:151} INFO - #False
[2024-01-20T05:00:29.027+0000] {logging_mixin.py:151} INFO - #False
[2024-01-20T05:00:29.028+0000] {logging_mixin.py:151} INFO - #False
[2024-01-20T05:00:29.028+0000] {logging_mixin.py:151} INFO -  submission : 
[2024-01-20T05:00:29.606+0000] {logging_mixin.py:151} INFO - #False
[2024-01-20T05:00:29.607+0000] {logging_mixin.py:151} INFO - #False
[2024-01-20T05:00:29.607+0000] {logging_mixin.py:151} INFO - #False
[2024-01-20T05:00:29.607+0000] {logging_mixin.py:151} INFO - #False
[2024-01-20T05:00:29.608+0000] {logging_mixin.py:151} INFO - #False
[2024-01-20T05:00:29.608+0000] {logging_mixin.py:151} INFO - #False
[2024-01-20T05:00:29.608+0000] {logging_mixin.py:151} INFO - #False
[2024-01-20T05:00:29.608+0000] {logging_mixin.py:151} INFO - #False
[2024-01-20T05:00:29.609+0000] {logging_mixin.py:151} INFO - #False
[2024-01-20T05:00:29.609+0000] {logging_mixin.py:151} INFO - #False
[2024-01-20T05:00:29.609+0000] {logging_mixin.py:151} INFO - #False
[2024-01-20T05:00:29.609+0000] {logging_mixin.py:151} INFO - #False
[2024-01-20T05:00:29.609+0000] {logging_mixin.py:151} INFO - #False
[2024-01-20T05:00:29.610+0000] {logging_mixin.py:151} INFO - #False
[2024-01-20T05:00:29.610+0000] {logging_mixin.py:151} INFO - #False
[2024-01-20T05:00:29.610+0000] {logging_mixin.py:151} INFO - #False
[2024-01-20T05:00:29.610+0000] {logging_mixin.py:151} INFO - #False
[2024-01-20T05:00:29.611+0000] {logging_mixin.py:151} INFO - #False
[2024-01-20T05:00:29.611+0000] {logging_mixin.py:151} INFO - #False
[2024-01-20T05:00:29.611+0000] {logging_mixin.py:151} INFO - #False
[2024-01-20T05:00:29.611+0000] {logging_mixin.py:151} INFO - #False
[2024-01-20T05:00:29.611+0000] {logging_mixin.py:151} INFO - #False
[2024-01-20T05:00:29.612+0000] {logging_mixin.py:151} INFO - #False
[2024-01-20T05:00:29.612+0000] {logging_mixin.py:151} INFO - #False
[2024-01-20T05:00:29.612+0000] {logging_mixin.py:151} INFO - #False
[2024-01-20T05:00:29.612+0000] {logging_mixin.py:151} INFO - #False
[2024-01-20T05:00:29.613+0000] {logging_mixin.py:151} INFO - #False
[2024-01-20T05:00:29.613+0000] {logging_mixin.py:151} INFO - #False
[2024-01-20T05:00:29.613+0000] {logging_mixin.py:151} INFO - #False
[2024-01-20T05:00:29.614+0000] {logging_mixin.py:151} INFO - #False
[2024-01-20T05:00:29.615+0000] {logging_mixin.py:151} INFO -  submission : 
[2024-01-20T05:00:30.189+0000] {logging_mixin.py:151} INFO - #False
[2024-01-20T05:00:30.189+0000] {logging_mixin.py:151} INFO - #False
[2024-01-20T05:00:30.190+0000] {logging_mixin.py:151} INFO - #False
[2024-01-20T05:00:30.190+0000] {logging_mixin.py:151} INFO - #False
[2024-01-20T05:00:30.190+0000] {logging_mixin.py:151} INFO - #False
[2024-01-20T05:00:30.190+0000] {logging_mixin.py:151} INFO - #False
[2024-01-20T05:00:30.191+0000] {logging_mixin.py:151} INFO - #False
[2024-01-20T05:00:30.191+0000] {logging_mixin.py:151} INFO - #False
[2024-01-20T05:00:30.191+0000] {logging_mixin.py:151} INFO - #False
[2024-01-20T05:00:30.191+0000] {logging_mixin.py:151} INFO - #False
[2024-01-20T05:00:30.192+0000] {logging_mixin.py:151} INFO - #False
[2024-01-20T05:00:30.192+0000] {logging_mixin.py:151} INFO - #False
[2024-01-20T05:00:30.192+0000] {logging_mixin.py:151} INFO - #False
[2024-01-20T05:00:30.192+0000] {logging_mixin.py:151} INFO - #False
[2024-01-20T05:00:30.192+0000] {logging_mixin.py:151} INFO - #False
[2024-01-20T05:00:30.192+0000] {logging_mixin.py:151} INFO - #False
[2024-01-20T05:00:30.193+0000] {logging_mixin.py:151} INFO - #False
[2024-01-20T05:00:30.193+0000] {logging_mixin.py:151} INFO - #False
[2024-01-20T05:00:30.193+0000] {logging_mixin.py:151} INFO - #False
[2024-01-20T05:00:30.193+0000] {logging_mixin.py:151} INFO - #False
[2024-01-20T05:00:30.193+0000] {logging_mixin.py:151} INFO - #False
[2024-01-20T05:00:30.194+0000] {logging_mixin.py:151} INFO - #False
[2024-01-20T05:00:30.194+0000] {logging_mixin.py:151} INFO - #False
[2024-01-20T05:00:30.194+0000] {logging_mixin.py:151} INFO - #False
[2024-01-20T05:00:30.194+0000] {logging_mixin.py:151} INFO - #False
[2024-01-20T05:00:30.194+0000] {logging_mixin.py:151} INFO - #False
[2024-01-20T05:00:30.195+0000] {logging_mixin.py:151} INFO - #False
[2024-01-20T05:00:30.195+0000] {logging_mixin.py:151} INFO - #False
[2024-01-20T05:00:30.195+0000] {logging_mixin.py:151} INFO - #False
[2024-01-20T05:00:30.195+0000] {logging_mixin.py:151} INFO - #False
[2024-01-20T05:00:30.196+0000] {logging_mixin.py:151} INFO -  submission : 
[2024-01-20T05:00:30.700+0000] {logging_mixin.py:151} INFO - #False
[2024-01-20T05:00:30.701+0000] {logging_mixin.py:151} INFO - #False
[2024-01-20T05:00:30.701+0000] {logging_mixin.py:151} INFO - #False
[2024-01-20T05:00:30.701+0000] {logging_mixin.py:151} INFO - #False
[2024-01-20T05:00:30.702+0000] {logging_mixin.py:151} INFO - #False
[2024-01-20T05:00:30.702+0000] {logging_mixin.py:151} INFO - #False
[2024-01-20T05:00:30.703+0000] {logging_mixin.py:151} INFO - #False
[2024-01-20T05:00:30.703+0000] {logging_mixin.py:151} INFO - #False
[2024-01-20T05:00:30.703+0000] {logging_mixin.py:151} INFO - #False
[2024-01-20T05:00:30.703+0000] {logging_mixin.py:151} INFO - #False
[2024-01-20T05:00:30.704+0000] {logging_mixin.py:151} INFO - #False
[2024-01-20T05:00:30.704+0000] {logging_mixin.py:151} INFO - #False
[2024-01-20T05:00:30.704+0000] {logging_mixin.py:151} INFO - #False
[2024-01-20T05:00:30.704+0000] {logging_mixin.py:151} INFO - #False
[2024-01-20T05:00:30.704+0000] {logging_mixin.py:151} INFO - #False
[2024-01-20T05:00:30.705+0000] {logging_mixin.py:151} INFO - #False
[2024-01-20T05:00:30.705+0000] {logging_mixin.py:151} INFO - #False
[2024-01-20T05:00:30.705+0000] {logging_mixin.py:151} INFO - #False
[2024-01-20T05:00:30.705+0000] {logging_mixin.py:151} INFO - #False
[2024-01-20T05:00:30.706+0000] {logging_mixin.py:151} INFO - #False
[2024-01-20T05:00:30.706+0000] {logging_mixin.py:151} INFO - #False
[2024-01-20T05:00:30.706+0000] {logging_mixin.py:151} INFO - #False
[2024-01-20T05:00:30.706+0000] {logging_mixin.py:151} INFO - #False
[2024-01-20T05:00:30.706+0000] {logging_mixin.py:151} INFO - #False
[2024-01-20T05:00:30.707+0000] {logging_mixin.py:151} INFO - #False
[2024-01-20T05:00:30.707+0000] {logging_mixin.py:151} INFO - #False
[2024-01-20T05:00:30.707+0000] {logging_mixin.py:151} INFO - #False
[2024-01-20T05:00:30.708+0000] {logging_mixin.py:151} INFO - #False
[2024-01-20T05:00:30.708+0000] {logging_mixin.py:151} INFO - #False
[2024-01-20T05:00:30.708+0000] {logging_mixin.py:151} INFO - #False
[2024-01-20T05:00:30.709+0000] {logging_mixin.py:151} INFO -  submission : 
[2024-01-20T05:00:31.308+0000] {logging_mixin.py:151} INFO - #False
[2024-01-20T05:00:31.308+0000] {logging_mixin.py:151} INFO - #False
[2024-01-20T05:00:31.309+0000] {logging_mixin.py:151} INFO - #False
[2024-01-20T05:00:31.309+0000] {logging_mixin.py:151} INFO - #False
[2024-01-20T05:00:31.309+0000] {logging_mixin.py:151} INFO - #False
[2024-01-20T05:00:31.310+0000] {logging_mixin.py:151} INFO - #False
[2024-01-20T05:00:31.310+0000] {logging_mixin.py:151} INFO - #False
[2024-01-20T05:00:31.311+0000] {logging_mixin.py:151} INFO - #False
[2024-01-20T05:00:31.311+0000] {logging_mixin.py:151} INFO - #False
[2024-01-20T05:00:31.311+0000] {logging_mixin.py:151} INFO - #False
[2024-01-20T05:00:31.312+0000] {logging_mixin.py:151} INFO - #False
[2024-01-20T05:00:31.312+0000] {logging_mixin.py:151} INFO - #False
[2024-01-20T05:00:31.312+0000] {logging_mixin.py:151} INFO - #False
[2024-01-20T05:00:31.313+0000] {logging_mixin.py:151} INFO - #False
[2024-01-20T05:00:31.313+0000] {logging_mixin.py:151} INFO - #False
[2024-01-20T05:00:31.313+0000] {logging_mixin.py:151} INFO - #False
[2024-01-20T05:00:31.313+0000] {logging_mixin.py:151} INFO - #False
[2024-01-20T05:00:31.313+0000] {logging_mixin.py:151} INFO - #False
[2024-01-20T05:00:31.314+0000] {logging_mixin.py:151} INFO - #False
[2024-01-20T05:00:31.314+0000] {logging_mixin.py:151} INFO - #False
[2024-01-20T05:00:31.314+0000] {logging_mixin.py:151} INFO - #False
[2024-01-20T05:00:31.315+0000] {logging_mixin.py:151} INFO - #False
[2024-01-20T05:00:31.315+0000] {logging_mixin.py:151} INFO - #False
[2024-01-20T05:00:31.315+0000] {logging_mixin.py:151} INFO - #False
[2024-01-20T05:00:31.315+0000] {logging_mixin.py:151} INFO - #False
[2024-01-20T05:00:31.316+0000] {logging_mixin.py:151} INFO - #False
[2024-01-20T05:00:31.316+0000] {logging_mixin.py:151} INFO - #False
[2024-01-20T05:00:31.316+0000] {logging_mixin.py:151} INFO - #False
[2024-01-20T05:00:31.316+0000] {logging_mixin.py:151} INFO - #False
[2024-01-20T05:00:31.317+0000] {logging_mixin.py:151} INFO - #False
[2024-01-20T05:00:31.317+0000] {logging_mixin.py:151} INFO -  submission : 
[2024-01-20T05:00:31.992+0000] {logging_mixin.py:151} INFO - #False
[2024-01-20T05:00:31.993+0000] {logging_mixin.py:151} INFO - #False
[2024-01-20T05:00:31.993+0000] {logging_mixin.py:151} INFO - #False
[2024-01-20T05:00:31.993+0000] {logging_mixin.py:151} INFO - #False
[2024-01-20T05:00:31.994+0000] {logging_mixin.py:151} INFO - #False
[2024-01-20T05:00:31.994+0000] {logging_mixin.py:151} INFO - #False
[2024-01-20T05:00:31.994+0000] {logging_mixin.py:151} INFO - #False
[2024-01-20T05:00:31.994+0000] {logging_mixin.py:151} INFO - #False
[2024-01-20T05:00:31.995+0000] {logging_mixin.py:151} INFO - #False
[2024-01-20T05:00:31.995+0000] {logging_mixin.py:151} INFO - #False
[2024-01-20T05:00:31.995+0000] {logging_mixin.py:151} INFO - #False
[2024-01-20T05:00:31.995+0000] {logging_mixin.py:151} INFO - #False
[2024-01-20T05:00:31.996+0000] {logging_mixin.py:151} INFO - #False
[2024-01-20T05:00:31.996+0000] {logging_mixin.py:151} INFO - #False
[2024-01-20T05:00:31.996+0000] {logging_mixin.py:151} INFO - #False
[2024-01-20T05:00:31.997+0000] {logging_mixin.py:151} INFO - #False
[2024-01-20T05:00:31.997+0000] {logging_mixin.py:151} INFO - #False
[2024-01-20T05:00:31.997+0000] {logging_mixin.py:151} INFO - #False
[2024-01-20T05:00:31.997+0000] {logging_mixin.py:151} INFO - #False
[2024-01-20T05:00:31.998+0000] {logging_mixin.py:151} INFO - #False
[2024-01-20T05:00:31.998+0000] {logging_mixin.py:151} INFO - #False
[2024-01-20T05:00:31.999+0000] {logging_mixin.py:151} INFO - #False
[2024-01-20T05:00:31.999+0000] {logging_mixin.py:151} INFO - #False
[2024-01-20T05:00:31.999+0000] {logging_mixin.py:151} INFO - #False
[2024-01-20T05:00:31.999+0000] {logging_mixin.py:151} INFO - #False
[2024-01-20T05:00:32.000+0000] {logging_mixin.py:151} INFO - #False
[2024-01-20T05:00:32.000+0000] {logging_mixin.py:151} INFO - #False
[2024-01-20T05:00:32.000+0000] {logging_mixin.py:151} INFO - #False
[2024-01-20T05:00:32.000+0000] {logging_mixin.py:151} INFO - #False
[2024-01-20T05:00:32.001+0000] {logging_mixin.py:151} INFO - #False
[2024-01-20T05:00:32.002+0000] {conn.py:919} INFO - <BrokerConnection node_id=1 host=broker:29092 <connected> [IPv4 ('172.19.0.8', 29092)]>: Closing connection. 
[2024-01-20T05:00:32.002+0000] {python.py:194} INFO - Done. Returned value was: None
[2024-01-20T05:00:32.009+0000] {taskinstance.py:1400} INFO - Marking task as SUCCESS. dag_id=Kafka_Producer_5, task_id=Reddit, execution_date=20240120T045913, start_date=20240120T050026, end_date=20240120T050032
[2024-01-20T05:00:32.035+0000] {local_task_job_runner.py:228} INFO - Task exited with return code 0
[2024-01-20T05:00:32.047+0000] {taskinstance.py:2784} INFO - 0 downstream tasks scheduled from follow-on schedule check
