[2024-01-17T23:14:45.938+0000] {taskinstance.py:1159} INFO - Dependencies all met for dep_context=non-requeueable deps ti=<TaskInstance: Stream_3.Reddit scheduled__2024-01-17T23:11:24.864042+00:00 [queued]>
[2024-01-17T23:14:45.948+0000] {taskinstance.py:1159} INFO - Dependencies all met for dep_context=requeueable deps ti=<TaskInstance: Stream_3.Reddit scheduled__2024-01-17T23:11:24.864042+00:00 [queued]>
[2024-01-17T23:14:45.948+0000] {taskinstance.py:1361} INFO - Starting attempt 1 of 1
[2024-01-17T23:14:45.967+0000] {taskinstance.py:1382} INFO - Executing <Task(PythonOperator): Reddit> on 2024-01-17 23:11:24.864042+00:00
[2024-01-17T23:14:45.973+0000] {standard_task_runner.py:57} INFO - Started process 9871 to run task
[2024-01-17T23:14:45.977+0000] {standard_task_runner.py:84} INFO - Running: ['***', 'tasks', 'run', 'Stream_3', 'Reddit', 'scheduled__2024-01-17T23:11:24.864042+00:00', '--job-id', '1330', '--raw', '--subdir', 'DAGS_FOLDER/kafka_stream_3.py', '--cfg-path', '/tmp/tmpd4z1gehb']
[2024-01-17T23:14:45.979+0000] {standard_task_runner.py:85} INFO - Job 1330: Subtask Reddit
[2024-01-17T23:14:46.052+0000] {task_command.py:415} INFO - Running <TaskInstance: Stream_3.Reddit scheduled__2024-01-17T23:11:24.864042+00:00 [running]> on host 614a419ad930
[2024-01-17T23:14:46.198+0000] {taskinstance.py:1660} INFO - Exporting env vars: AIRFLOW_CTX_DAG_OWNER='me' AIRFLOW_CTX_DAG_ID='Stream_3' AIRFLOW_CTX_TASK_ID='Reddit' AIRFLOW_CTX_EXECUTION_DATE='2024-01-17T23:11:24.864042+00:00' AIRFLOW_CTX_TRY_NUMBER='1' AIRFLOW_CTX_DAG_RUN_ID='scheduled__2024-01-17T23:11:24.864042+00:00'
[2024-01-17T23:14:46.266+0000] {logging_mixin.py:151} INFO -  submission : 
[2024-01-17T23:14:47.066+0000] {logging_mixin.py:151} INFO - #False
[2024-01-17T23:14:47.066+0000] {logging_mixin.py:151} INFO - #False
[2024-01-17T23:14:47.066+0000] {logging_mixin.py:151} INFO - #False
[2024-01-17T23:14:47.066+0000] {logging_mixin.py:151} INFO - #False
[2024-01-17T23:14:47.067+0000] {logging_mixin.py:151} INFO - #False
[2024-01-17T23:14:47.067+0000] {logging_mixin.py:151} INFO - #False
[2024-01-17T23:14:47.067+0000] {logging_mixin.py:151} INFO - #False
[2024-01-17T23:14:47.067+0000] {logging_mixin.py:151} INFO - #False
[2024-01-17T23:14:47.067+0000] {logging_mixin.py:151} INFO - #False
[2024-01-17T23:14:47.067+0000] {logging_mixin.py:151} INFO - #False
[2024-01-17T23:14:47.067+0000] {logging_mixin.py:151} INFO - #False
[2024-01-17T23:14:47.067+0000] {logging_mixin.py:151} INFO - #False
[2024-01-17T23:14:47.067+0000] {logging_mixin.py:151} INFO - #False
[2024-01-17T23:14:47.067+0000] {logging_mixin.py:151} INFO - #False
[2024-01-17T23:14:47.067+0000] {logging_mixin.py:151} INFO - #False
[2024-01-17T23:14:47.067+0000] {logging_mixin.py:151} INFO - #False
[2024-01-17T23:14:47.067+0000] {logging_mixin.py:151} INFO - #False
[2024-01-17T23:14:47.067+0000] {logging_mixin.py:151} INFO - #False
[2024-01-17T23:14:47.067+0000] {logging_mixin.py:151} INFO - #False
[2024-01-17T23:14:47.068+0000] {logging_mixin.py:151} INFO - #False
[2024-01-17T23:14:47.068+0000] {logging_mixin.py:151} INFO - #False
[2024-01-17T23:14:47.068+0000] {logging_mixin.py:151} INFO - #False
[2024-01-17T23:14:47.068+0000] {logging_mixin.py:151} INFO - #False
[2024-01-17T23:14:47.068+0000] {logging_mixin.py:151} INFO - #False
[2024-01-17T23:14:47.068+0000] {logging_mixin.py:151} INFO - #False
[2024-01-17T23:14:47.068+0000] {logging_mixin.py:151} INFO - #False
[2024-01-17T23:14:47.068+0000] {logging_mixin.py:151} INFO - #False
[2024-01-17T23:14:47.068+0000] {logging_mixin.py:151} INFO - #False
[2024-01-17T23:14:47.068+0000] {logging_mixin.py:151} INFO - #False
[2024-01-17T23:14:47.068+0000] {logging_mixin.py:151} INFO - #False
[2024-01-17T23:14:47.068+0000] {logging_mixin.py:151} INFO -  submission : 
[2024-01-17T23:14:47.596+0000] {logging_mixin.py:151} INFO - #False
[2024-01-17T23:14:47.596+0000] {logging_mixin.py:151} INFO - #False
[2024-01-17T23:14:47.596+0000] {logging_mixin.py:151} INFO - #False
[2024-01-17T23:14:47.596+0000] {logging_mixin.py:151} INFO - #False
[2024-01-17T23:14:47.597+0000] {logging_mixin.py:151} INFO - #False
[2024-01-17T23:14:47.597+0000] {logging_mixin.py:151} INFO - #False
[2024-01-17T23:14:47.597+0000] {logging_mixin.py:151} INFO - #False
[2024-01-17T23:14:47.597+0000] {logging_mixin.py:151} INFO - #False
[2024-01-17T23:14:47.597+0000] {logging_mixin.py:151} INFO - #False
[2024-01-17T23:14:47.597+0000] {logging_mixin.py:151} INFO - #False
[2024-01-17T23:14:47.597+0000] {logging_mixin.py:151} INFO - #False
[2024-01-17T23:14:47.597+0000] {logging_mixin.py:151} INFO - #False
[2024-01-17T23:14:47.597+0000] {logging_mixin.py:151} INFO - #False
[2024-01-17T23:14:47.598+0000] {logging_mixin.py:151} INFO - #False
[2024-01-17T23:14:47.598+0000] {logging_mixin.py:151} INFO - #False
[2024-01-17T23:14:47.598+0000] {logging_mixin.py:151} INFO - #False
[2024-01-17T23:14:47.598+0000] {logging_mixin.py:151} INFO - #False
[2024-01-17T23:14:47.598+0000] {logging_mixin.py:151} INFO - #False
[2024-01-17T23:14:47.598+0000] {logging_mixin.py:151} INFO - #False
[2024-01-17T23:14:47.598+0000] {logging_mixin.py:151} INFO - #False
[2024-01-17T23:14:47.598+0000] {logging_mixin.py:151} INFO - #False
[2024-01-17T23:14:47.598+0000] {logging_mixin.py:151} INFO - #False
[2024-01-17T23:14:47.598+0000] {logging_mixin.py:151} INFO - #False
[2024-01-17T23:14:47.598+0000] {logging_mixin.py:151} INFO - #False
[2024-01-17T23:14:47.599+0000] {logging_mixin.py:151} INFO - #False
[2024-01-17T23:14:47.599+0000] {logging_mixin.py:151} INFO - #False
[2024-01-17T23:14:47.599+0000] {logging_mixin.py:151} INFO - #False
[2024-01-17T23:14:47.599+0000] {logging_mixin.py:151} INFO - #False
[2024-01-17T23:14:47.599+0000] {logging_mixin.py:151} INFO - #False
[2024-01-17T23:14:47.599+0000] {logging_mixin.py:151} INFO - #False
[2024-01-17T23:14:47.599+0000] {logging_mixin.py:151} INFO -  submission : 
[2024-01-17T23:14:48.102+0000] {logging_mixin.py:151} INFO - #False
[2024-01-17T23:14:48.102+0000] {logging_mixin.py:151} INFO - #False
[2024-01-17T23:14:48.102+0000] {logging_mixin.py:151} INFO - #False
[2024-01-17T23:14:48.102+0000] {logging_mixin.py:151} INFO - #False
[2024-01-17T23:14:48.102+0000] {logging_mixin.py:151} INFO - #False
[2024-01-17T23:14:48.103+0000] {logging_mixin.py:151} INFO - #False
[2024-01-17T23:14:48.103+0000] {logging_mixin.py:151} INFO - #False
[2024-01-17T23:14:48.103+0000] {logging_mixin.py:151} INFO - #False
[2024-01-17T23:14:48.103+0000] {logging_mixin.py:151} INFO - #False
[2024-01-17T23:14:48.103+0000] {logging_mixin.py:151} INFO - #False
[2024-01-17T23:14:48.103+0000] {logging_mixin.py:151} INFO - #False
[2024-01-17T23:14:48.103+0000] {logging_mixin.py:151} INFO - #False
[2024-01-17T23:14:48.103+0000] {logging_mixin.py:151} INFO - #False
[2024-01-17T23:14:48.103+0000] {logging_mixin.py:151} INFO - #False
[2024-01-17T23:14:48.103+0000] {logging_mixin.py:151} INFO - #False
[2024-01-17T23:14:48.103+0000] {logging_mixin.py:151} INFO - #False
[2024-01-17T23:14:48.103+0000] {logging_mixin.py:151} INFO - #False
[2024-01-17T23:14:48.103+0000] {logging_mixin.py:151} INFO - #False
[2024-01-17T23:14:48.104+0000] {logging_mixin.py:151} INFO - #False
[2024-01-17T23:14:48.104+0000] {logging_mixin.py:151} INFO - #False
[2024-01-17T23:14:48.104+0000] {logging_mixin.py:151} INFO - #False
[2024-01-17T23:14:48.104+0000] {logging_mixin.py:151} INFO - #False
[2024-01-17T23:14:48.104+0000] {logging_mixin.py:151} INFO - #False
[2024-01-17T23:14:48.104+0000] {logging_mixin.py:151} INFO - #False
[2024-01-17T23:14:48.104+0000] {logging_mixin.py:151} INFO - #False
[2024-01-17T23:14:48.104+0000] {logging_mixin.py:151} INFO - #False
[2024-01-17T23:14:48.104+0000] {logging_mixin.py:151} INFO - #False
[2024-01-17T23:14:48.104+0000] {logging_mixin.py:151} INFO - #False
[2024-01-17T23:14:48.104+0000] {logging_mixin.py:151} INFO - #False
[2024-01-17T23:14:48.104+0000] {logging_mixin.py:151} INFO - #False
[2024-01-17T23:14:48.105+0000] {logging_mixin.py:151} INFO -  submission : 
[2024-01-17T23:14:48.563+0000] {logging_mixin.py:151} INFO - #False
[2024-01-17T23:14:48.563+0000] {logging_mixin.py:151} INFO - #False
[2024-01-17T23:14:48.564+0000] {logging_mixin.py:151} INFO - #False
[2024-01-17T23:14:48.564+0000] {logging_mixin.py:151} INFO - #False
[2024-01-17T23:14:48.564+0000] {logging_mixin.py:151} INFO - #False
[2024-01-17T23:14:48.564+0000] {logging_mixin.py:151} INFO - #False
[2024-01-17T23:14:48.564+0000] {logging_mixin.py:151} INFO - #False
[2024-01-17T23:14:48.564+0000] {logging_mixin.py:151} INFO - #False
[2024-01-17T23:14:48.564+0000] {logging_mixin.py:151} INFO - #False
[2024-01-17T23:14:48.564+0000] {logging_mixin.py:151} INFO - #False
[2024-01-17T23:14:48.564+0000] {logging_mixin.py:151} INFO - #False
[2024-01-17T23:14:48.564+0000] {logging_mixin.py:151} INFO - #False
[2024-01-17T23:14:48.564+0000] {logging_mixin.py:151} INFO - #False
[2024-01-17T23:14:48.565+0000] {logging_mixin.py:151} INFO - #False
[2024-01-17T23:14:48.565+0000] {logging_mixin.py:151} INFO - #False
[2024-01-17T23:14:48.565+0000] {logging_mixin.py:151} INFO - #False
[2024-01-17T23:14:48.565+0000] {logging_mixin.py:151} INFO - #False
[2024-01-17T23:14:48.565+0000] {logging_mixin.py:151} INFO - #False
[2024-01-17T23:14:48.565+0000] {logging_mixin.py:151} INFO - #False
[2024-01-17T23:14:48.565+0000] {logging_mixin.py:151} INFO - #False
[2024-01-17T23:14:48.565+0000] {logging_mixin.py:151} INFO - #False
[2024-01-17T23:14:48.565+0000] {logging_mixin.py:151} INFO - #False
[2024-01-17T23:14:48.565+0000] {logging_mixin.py:151} INFO - #False
[2024-01-17T23:14:48.565+0000] {logging_mixin.py:151} INFO - #False
[2024-01-17T23:14:48.566+0000] {logging_mixin.py:151} INFO - #False
[2024-01-17T23:14:48.566+0000] {logging_mixin.py:151} INFO - #False
[2024-01-17T23:14:48.566+0000] {logging_mixin.py:151} INFO - #False
[2024-01-17T23:14:48.566+0000] {logging_mixin.py:151} INFO - #False
[2024-01-17T23:14:48.566+0000] {logging_mixin.py:151} INFO - #False
[2024-01-17T23:14:48.566+0000] {logging_mixin.py:151} INFO - #False
[2024-01-17T23:14:48.566+0000] {logging_mixin.py:151} INFO -  submission : 
[2024-01-17T23:14:48.942+0000] {logging_mixin.py:151} INFO - #False
[2024-01-17T23:14:48.943+0000] {logging_mixin.py:151} INFO - #False
[2024-01-17T23:14:48.943+0000] {logging_mixin.py:151} INFO - #False
[2024-01-17T23:14:48.943+0000] {logging_mixin.py:151} INFO - #False
[2024-01-17T23:14:48.943+0000] {logging_mixin.py:151} INFO - #False
[2024-01-17T23:14:48.943+0000] {logging_mixin.py:151} INFO - #False
[2024-01-17T23:14:48.943+0000] {logging_mixin.py:151} INFO - #False
[2024-01-17T23:14:48.943+0000] {logging_mixin.py:151} INFO - #False
[2024-01-17T23:14:48.943+0000] {logging_mixin.py:151} INFO - #False
[2024-01-17T23:14:48.943+0000] {logging_mixin.py:151} INFO - #False
[2024-01-17T23:14:48.943+0000] {logging_mixin.py:151} INFO - #False
[2024-01-17T23:14:48.943+0000] {logging_mixin.py:151} INFO - #False
[2024-01-17T23:14:48.943+0000] {logging_mixin.py:151} INFO - #False
[2024-01-17T23:14:48.943+0000] {logging_mixin.py:151} INFO - #False
[2024-01-17T23:14:48.944+0000] {logging_mixin.py:151} INFO - #False
[2024-01-17T23:14:48.944+0000] {logging_mixin.py:151} INFO - #False
[2024-01-17T23:14:48.944+0000] {logging_mixin.py:151} INFO - #False
[2024-01-17T23:14:48.944+0000] {logging_mixin.py:151} INFO - #False
[2024-01-17T23:14:48.944+0000] {logging_mixin.py:151} INFO - #False
[2024-01-17T23:14:48.944+0000] {logging_mixin.py:151} INFO - #False
[2024-01-17T23:14:48.944+0000] {logging_mixin.py:151} INFO - #False
[2024-01-17T23:14:48.944+0000] {logging_mixin.py:151} INFO - #False
[2024-01-17T23:14:48.944+0000] {logging_mixin.py:151} INFO - #False
[2024-01-17T23:14:48.944+0000] {logging_mixin.py:151} INFO - #False
[2024-01-17T23:14:48.944+0000] {logging_mixin.py:151} INFO - #False
[2024-01-17T23:14:48.944+0000] {logging_mixin.py:151} INFO - #False
[2024-01-17T23:14:48.944+0000] {logging_mixin.py:151} INFO - #False
[2024-01-17T23:14:48.944+0000] {logging_mixin.py:151} INFO - #False
[2024-01-17T23:14:48.945+0000] {logging_mixin.py:151} INFO - #False
[2024-01-17T23:14:48.945+0000] {logging_mixin.py:151} INFO - #False
[2024-01-17T23:14:48.945+0000] {logging_mixin.py:151} INFO -  submission : 
[2024-01-17T23:14:49.381+0000] {logging_mixin.py:151} INFO - #False
[2024-01-17T23:14:49.382+0000] {logging_mixin.py:151} INFO - #False
[2024-01-17T23:14:49.382+0000] {logging_mixin.py:151} INFO - #False
[2024-01-17T23:14:49.382+0000] {logging_mixin.py:151} INFO - #False
[2024-01-17T23:14:49.382+0000] {logging_mixin.py:151} INFO - #False
[2024-01-17T23:14:49.382+0000] {logging_mixin.py:151} INFO - #False
[2024-01-17T23:14:49.382+0000] {logging_mixin.py:151} INFO - #False
[2024-01-17T23:14:49.382+0000] {logging_mixin.py:151} INFO - #False
[2024-01-17T23:14:49.382+0000] {logging_mixin.py:151} INFO - #False
[2024-01-17T23:14:49.382+0000] {logging_mixin.py:151} INFO - #False
[2024-01-17T23:14:49.382+0000] {logging_mixin.py:151} INFO - #False
[2024-01-17T23:14:49.383+0000] {logging_mixin.py:151} INFO - #False
[2024-01-17T23:14:49.383+0000] {logging_mixin.py:151} INFO - #False
[2024-01-17T23:14:49.383+0000] {logging_mixin.py:151} INFO - #False
[2024-01-17T23:14:49.383+0000] {logging_mixin.py:151} INFO - #False
[2024-01-17T23:14:49.383+0000] {logging_mixin.py:151} INFO - #False
[2024-01-17T23:14:49.383+0000] {logging_mixin.py:151} INFO - #False
[2024-01-17T23:14:49.383+0000] {logging_mixin.py:151} INFO - #False
[2024-01-17T23:14:49.383+0000] {logging_mixin.py:151} INFO - #False
[2024-01-17T23:14:49.383+0000] {logging_mixin.py:151} INFO - #False
[2024-01-17T23:14:49.383+0000] {logging_mixin.py:151} INFO - #False
[2024-01-17T23:14:49.383+0000] {logging_mixin.py:151} INFO - #False
[2024-01-17T23:14:49.383+0000] {logging_mixin.py:151} INFO - #False
[2024-01-17T23:14:49.383+0000] {logging_mixin.py:151} INFO - #False
[2024-01-17T23:14:49.383+0000] {logging_mixin.py:151} INFO - #False
[2024-01-17T23:14:49.383+0000] {logging_mixin.py:151} INFO - #False
[2024-01-17T23:14:49.384+0000] {logging_mixin.py:151} INFO - #False
[2024-01-17T23:14:49.384+0000] {logging_mixin.py:151} INFO - #False
[2024-01-17T23:14:49.384+0000] {logging_mixin.py:151} INFO - #False
[2024-01-17T23:14:49.384+0000] {logging_mixin.py:151} INFO - #False
[2024-01-17T23:14:49.384+0000] {logging_mixin.py:151} INFO -  submission : 
[2024-01-17T23:14:49.918+0000] {logging_mixin.py:151} INFO - #False
[2024-01-17T23:14:49.918+0000] {logging_mixin.py:151} INFO - #False
[2024-01-17T23:14:49.918+0000] {logging_mixin.py:151} INFO - #False
[2024-01-17T23:14:49.919+0000] {logging_mixin.py:151} INFO - #False
[2024-01-17T23:14:49.919+0000] {logging_mixin.py:151} INFO - #False
[2024-01-17T23:14:49.919+0000] {logging_mixin.py:151} INFO - #False
[2024-01-17T23:14:49.919+0000] {logging_mixin.py:151} INFO - #False
[2024-01-17T23:14:49.920+0000] {logging_mixin.py:151} INFO - #False
[2024-01-17T23:14:49.920+0000] {logging_mixin.py:151} INFO - #False
[2024-01-17T23:14:49.920+0000] {logging_mixin.py:151} INFO - #False
[2024-01-17T23:14:49.920+0000] {logging_mixin.py:151} INFO - #False
[2024-01-17T23:14:49.920+0000] {logging_mixin.py:151} INFO - #False
[2024-01-17T23:14:49.920+0000] {logging_mixin.py:151} INFO - #False
[2024-01-17T23:14:49.920+0000] {logging_mixin.py:151} INFO - #False
[2024-01-17T23:14:49.920+0000] {logging_mixin.py:151} INFO - #False
[2024-01-17T23:14:49.920+0000] {logging_mixin.py:151} INFO - #False
[2024-01-17T23:14:49.921+0000] {logging_mixin.py:151} INFO - #False
[2024-01-17T23:14:49.921+0000] {logging_mixin.py:151} INFO - #False
[2024-01-17T23:14:49.921+0000] {logging_mixin.py:151} INFO - #False
[2024-01-17T23:14:49.921+0000] {logging_mixin.py:151} INFO - #False
[2024-01-17T23:14:49.921+0000] {logging_mixin.py:151} INFO - #False
[2024-01-17T23:14:49.921+0000] {logging_mixin.py:151} INFO - #False
[2024-01-17T23:14:49.922+0000] {logging_mixin.py:151} INFO - #False
[2024-01-17T23:14:49.922+0000] {logging_mixin.py:151} INFO - #False
[2024-01-17T23:14:49.922+0000] {logging_mixin.py:151} INFO - #False
[2024-01-17T23:14:49.922+0000] {logging_mixin.py:151} INFO - #False
[2024-01-17T23:14:49.922+0000] {logging_mixin.py:151} INFO - #False
[2024-01-17T23:14:49.922+0000] {logging_mixin.py:151} INFO - #False
[2024-01-17T23:14:49.922+0000] {logging_mixin.py:151} INFO - #False
[2024-01-17T23:14:49.922+0000] {logging_mixin.py:151} INFO - #False
[2024-01-17T23:14:49.923+0000] {logging_mixin.py:151} INFO -  submission : 
[2024-01-17T23:14:50.539+0000] {logging_mixin.py:151} INFO - #False
[2024-01-17T23:14:50.540+0000] {logging_mixin.py:151} INFO - #False
[2024-01-17T23:14:50.540+0000] {logging_mixin.py:151} INFO - #False
[2024-01-17T23:14:50.540+0000] {logging_mixin.py:151} INFO - #False
[2024-01-17T23:14:50.540+0000] {logging_mixin.py:151} INFO - #False
[2024-01-17T23:14:50.540+0000] {logging_mixin.py:151} INFO - #False
[2024-01-17T23:14:50.540+0000] {logging_mixin.py:151} INFO - #False
[2024-01-17T23:14:50.540+0000] {logging_mixin.py:151} INFO - #False
[2024-01-17T23:14:50.541+0000] {logging_mixin.py:151} INFO - #False
[2024-01-17T23:14:50.541+0000] {logging_mixin.py:151} INFO - #False
[2024-01-17T23:14:50.541+0000] {logging_mixin.py:151} INFO - #False
[2024-01-17T23:14:50.541+0000] {logging_mixin.py:151} INFO - #False
[2024-01-17T23:14:50.541+0000] {logging_mixin.py:151} INFO - #False
[2024-01-17T23:14:50.542+0000] {logging_mixin.py:151} INFO - #False
[2024-01-17T23:14:50.542+0000] {logging_mixin.py:151} INFO - #False
[2024-01-17T23:14:50.542+0000] {logging_mixin.py:151} INFO - #False
[2024-01-17T23:14:50.542+0000] {logging_mixin.py:151} INFO - #False
[2024-01-17T23:14:50.542+0000] {logging_mixin.py:151} INFO - #False
[2024-01-17T23:14:50.542+0000] {logging_mixin.py:151} INFO - #False
[2024-01-17T23:14:50.542+0000] {logging_mixin.py:151} INFO - #False
[2024-01-17T23:14:50.543+0000] {logging_mixin.py:151} INFO - #False
[2024-01-17T23:14:50.543+0000] {logging_mixin.py:151} INFO - #False
[2024-01-17T23:14:50.543+0000] {logging_mixin.py:151} INFO - #False
[2024-01-17T23:14:50.543+0000] {logging_mixin.py:151} INFO - #False
[2024-01-17T23:14:50.543+0000] {logging_mixin.py:151} INFO - #False
[2024-01-17T23:14:50.543+0000] {logging_mixin.py:151} INFO - #False
[2024-01-17T23:14:50.543+0000] {logging_mixin.py:151} INFO - #False
[2024-01-17T23:14:50.543+0000] {logging_mixin.py:151} INFO - #False
[2024-01-17T23:14:50.544+0000] {logging_mixin.py:151} INFO - #False
[2024-01-17T23:14:50.544+0000] {logging_mixin.py:151} INFO - #False
[2024-01-17T23:14:50.544+0000] {python.py:194} INFO - Done. Returned value was: None
[2024-01-17T23:14:50.558+0000] {taskinstance.py:1400} INFO - Marking task as SUCCESS. dag_id=Stream_3, task_id=Reddit, execution_date=20240117T231124, start_date=20240117T231445, end_date=20240117T231450
[2024-01-17T23:14:50.613+0000] {local_task_job_runner.py:228} INFO - Task exited with return code 0
[2024-01-17T23:14:50.636+0000] {taskinstance.py:2784} INFO - 0 downstream tasks scheduled from follow-on schedule check
