[2024-01-17T23:17:31.308+0000] {taskinstance.py:1159} INFO - Dependencies all met for dep_context=non-requeueable deps ti=<TaskInstance: Stream_3.Reddit scheduled__2024-01-17T23:14:24.864042+00:00 [queued]>
[2024-01-17T23:17:31.316+0000] {taskinstance.py:1159} INFO - Dependencies all met for dep_context=requeueable deps ti=<TaskInstance: Stream_3.Reddit scheduled__2024-01-17T23:14:24.864042+00:00 [queued]>
[2024-01-17T23:17:31.316+0000] {taskinstance.py:1361} INFO - Starting attempt 1 of 1
[2024-01-17T23:17:31.330+0000] {taskinstance.py:1382} INFO - Executing <Task(PythonOperator): Reddit> on 2024-01-17 23:14:24.864042+00:00
[2024-01-17T23:17:31.335+0000] {standard_task_runner.py:57} INFO - Started process 9961 to run task
[2024-01-17T23:17:31.338+0000] {standard_task_runner.py:84} INFO - Running: ['***', 'tasks', 'run', 'Stream_3', 'Reddit', 'scheduled__2024-01-17T23:14:24.864042+00:00', '--job-id', '1352', '--raw', '--subdir', 'DAGS_FOLDER/kafka_stream_3.py', '--cfg-path', '/tmp/tmpdn6djtbz']
[2024-01-17T23:17:31.339+0000] {standard_task_runner.py:85} INFO - Job 1352: Subtask Reddit
[2024-01-17T23:17:31.389+0000] {task_command.py:415} INFO - Running <TaskInstance: Stream_3.Reddit scheduled__2024-01-17T23:14:24.864042+00:00 [running]> on host 614a419ad930
[2024-01-17T23:17:31.477+0000] {taskinstance.py:1660} INFO - Exporting env vars: AIRFLOW_CTX_DAG_OWNER='me' AIRFLOW_CTX_DAG_ID='Stream_3' AIRFLOW_CTX_TASK_ID='Reddit' AIRFLOW_CTX_EXECUTION_DATE='2024-01-17T23:14:24.864042+00:00' AIRFLOW_CTX_TRY_NUMBER='1' AIRFLOW_CTX_DAG_RUN_ID='scheduled__2024-01-17T23:14:24.864042+00:00'
[2024-01-17T23:17:31.517+0000] {logging_mixin.py:151} INFO -  submission : 
[2024-01-17T23:17:32.253+0000] {logging_mixin.py:151} INFO - #False
[2024-01-17T23:17:32.253+0000] {logging_mixin.py:151} INFO - #False
[2024-01-17T23:17:32.253+0000] {logging_mixin.py:151} INFO - #False
[2024-01-17T23:17:32.253+0000] {logging_mixin.py:151} INFO - #False
[2024-01-17T23:17:32.253+0000] {logging_mixin.py:151} INFO - #False
[2024-01-17T23:17:32.253+0000] {logging_mixin.py:151} INFO - #False
[2024-01-17T23:17:32.254+0000] {logging_mixin.py:151} INFO - #False
[2024-01-17T23:17:32.254+0000] {logging_mixin.py:151} INFO - #False
[2024-01-17T23:17:32.254+0000] {logging_mixin.py:151} INFO - #False
[2024-01-17T23:17:32.254+0000] {logging_mixin.py:151} INFO - #False
[2024-01-17T23:17:32.254+0000] {logging_mixin.py:151} INFO - #False
[2024-01-17T23:17:32.254+0000] {logging_mixin.py:151} INFO - #False
[2024-01-17T23:17:32.254+0000] {logging_mixin.py:151} INFO - #False
[2024-01-17T23:17:32.254+0000] {logging_mixin.py:151} INFO - #False
[2024-01-17T23:17:32.254+0000] {logging_mixin.py:151} INFO - #False
[2024-01-17T23:17:32.254+0000] {logging_mixin.py:151} INFO - #False
[2024-01-17T23:17:32.254+0000] {logging_mixin.py:151} INFO - #False
[2024-01-17T23:17:32.254+0000] {logging_mixin.py:151} INFO - #False
[2024-01-17T23:17:32.254+0000] {logging_mixin.py:151} INFO - #False
[2024-01-17T23:17:32.254+0000] {logging_mixin.py:151} INFO - #False
[2024-01-17T23:17:32.254+0000] {logging_mixin.py:151} INFO - #False
[2024-01-17T23:17:32.254+0000] {logging_mixin.py:151} INFO - #False
[2024-01-17T23:17:32.255+0000] {logging_mixin.py:151} INFO - #False
[2024-01-17T23:17:32.255+0000] {logging_mixin.py:151} INFO - #False
[2024-01-17T23:17:32.255+0000] {logging_mixin.py:151} INFO - #False
[2024-01-17T23:17:32.255+0000] {logging_mixin.py:151} INFO - #False
[2024-01-17T23:17:32.255+0000] {logging_mixin.py:151} INFO - #False
[2024-01-17T23:17:32.255+0000] {logging_mixin.py:151} INFO - #False
[2024-01-17T23:17:32.255+0000] {logging_mixin.py:151} INFO - #False
[2024-01-17T23:17:32.255+0000] {logging_mixin.py:151} INFO - #False
[2024-01-17T23:17:32.255+0000] {logging_mixin.py:151} INFO -  submission : 
[2024-01-17T23:17:32.782+0000] {logging_mixin.py:151} INFO - #False
[2024-01-17T23:17:32.782+0000] {logging_mixin.py:151} INFO - #False
[2024-01-17T23:17:32.782+0000] {logging_mixin.py:151} INFO - #False
[2024-01-17T23:17:32.782+0000] {logging_mixin.py:151} INFO - #False
[2024-01-17T23:17:32.782+0000] {logging_mixin.py:151} INFO - #False
[2024-01-17T23:17:32.782+0000] {logging_mixin.py:151} INFO - #False
[2024-01-17T23:17:32.782+0000] {logging_mixin.py:151} INFO - #False
[2024-01-17T23:17:32.782+0000] {logging_mixin.py:151} INFO - #False
[2024-01-17T23:17:32.782+0000] {logging_mixin.py:151} INFO - #False
[2024-01-17T23:17:32.782+0000] {logging_mixin.py:151} INFO - #False
[2024-01-17T23:17:32.782+0000] {logging_mixin.py:151} INFO - #False
[2024-01-17T23:17:32.782+0000] {logging_mixin.py:151} INFO - #False
[2024-01-17T23:17:32.783+0000] {logging_mixin.py:151} INFO - #False
[2024-01-17T23:17:32.783+0000] {logging_mixin.py:151} INFO - #False
[2024-01-17T23:17:32.783+0000] {logging_mixin.py:151} INFO - #False
[2024-01-17T23:17:32.783+0000] {logging_mixin.py:151} INFO - #False
[2024-01-17T23:17:32.783+0000] {logging_mixin.py:151} INFO - #False
[2024-01-17T23:17:32.783+0000] {logging_mixin.py:151} INFO - #False
[2024-01-17T23:17:32.783+0000] {logging_mixin.py:151} INFO - #False
[2024-01-17T23:17:32.783+0000] {logging_mixin.py:151} INFO - #False
[2024-01-17T23:17:32.783+0000] {logging_mixin.py:151} INFO - #False
[2024-01-17T23:17:32.783+0000] {logging_mixin.py:151} INFO - #False
[2024-01-17T23:17:32.783+0000] {logging_mixin.py:151} INFO - #False
[2024-01-17T23:17:32.783+0000] {logging_mixin.py:151} INFO - #False
[2024-01-17T23:17:32.783+0000] {logging_mixin.py:151} INFO - #False
[2024-01-17T23:17:32.783+0000] {logging_mixin.py:151} INFO - #False
[2024-01-17T23:17:32.783+0000] {logging_mixin.py:151} INFO - #False
[2024-01-17T23:17:32.783+0000] {logging_mixin.py:151} INFO - #False
[2024-01-17T23:17:32.783+0000] {logging_mixin.py:151} INFO - #False
[2024-01-17T23:17:32.783+0000] {logging_mixin.py:151} INFO - #False
[2024-01-17T23:17:32.784+0000] {logging_mixin.py:151} INFO -  submission : 
[2024-01-17T23:17:33.295+0000] {logging_mixin.py:151} INFO - #False
[2024-01-17T23:17:33.296+0000] {logging_mixin.py:151} INFO - #False
[2024-01-17T23:17:33.296+0000] {logging_mixin.py:151} INFO - #False
[2024-01-17T23:17:33.296+0000] {logging_mixin.py:151} INFO - #False
[2024-01-17T23:17:33.296+0000] {logging_mixin.py:151} INFO - #False
[2024-01-17T23:17:33.296+0000] {logging_mixin.py:151} INFO - #False
[2024-01-17T23:17:33.296+0000] {logging_mixin.py:151} INFO - #False
[2024-01-17T23:17:33.296+0000] {logging_mixin.py:151} INFO - #False
[2024-01-17T23:17:33.296+0000] {logging_mixin.py:151} INFO - #False
[2024-01-17T23:17:33.296+0000] {logging_mixin.py:151} INFO - #False
[2024-01-17T23:17:33.296+0000] {logging_mixin.py:151} INFO - #False
[2024-01-17T23:17:33.296+0000] {logging_mixin.py:151} INFO - #False
[2024-01-17T23:17:33.296+0000] {logging_mixin.py:151} INFO - #False
[2024-01-17T23:17:33.296+0000] {logging_mixin.py:151} INFO - #False
[2024-01-17T23:17:33.296+0000] {logging_mixin.py:151} INFO - #False
[2024-01-17T23:17:33.296+0000] {logging_mixin.py:151} INFO - #False
[2024-01-17T23:17:33.297+0000] {logging_mixin.py:151} INFO - #False
[2024-01-17T23:17:33.297+0000] {logging_mixin.py:151} INFO - #False
[2024-01-17T23:17:33.297+0000] {logging_mixin.py:151} INFO - #False
[2024-01-17T23:17:33.297+0000] {logging_mixin.py:151} INFO - #False
[2024-01-17T23:17:33.297+0000] {logging_mixin.py:151} INFO - #False
[2024-01-17T23:17:33.297+0000] {logging_mixin.py:151} INFO - #False
[2024-01-17T23:17:33.297+0000] {logging_mixin.py:151} INFO - #False
[2024-01-17T23:17:33.297+0000] {logging_mixin.py:151} INFO - #False
[2024-01-17T23:17:33.297+0000] {logging_mixin.py:151} INFO - #False
[2024-01-17T23:17:33.297+0000] {logging_mixin.py:151} INFO - #False
[2024-01-17T23:17:33.297+0000] {logging_mixin.py:151} INFO - #False
[2024-01-17T23:17:33.297+0000] {logging_mixin.py:151} INFO - #False
[2024-01-17T23:17:33.297+0000] {logging_mixin.py:151} INFO - #False
[2024-01-17T23:17:33.297+0000] {logging_mixin.py:151} INFO - #False
[2024-01-17T23:17:33.297+0000] {logging_mixin.py:151} INFO -  submission : 
[2024-01-17T23:17:33.756+0000] {logging_mixin.py:151} INFO - #False
[2024-01-17T23:17:33.756+0000] {logging_mixin.py:151} INFO - #False
[2024-01-17T23:17:33.756+0000] {logging_mixin.py:151} INFO - #False
[2024-01-17T23:17:33.756+0000] {logging_mixin.py:151} INFO - #False
[2024-01-17T23:17:33.756+0000] {logging_mixin.py:151} INFO - #False
[2024-01-17T23:17:33.756+0000] {logging_mixin.py:151} INFO - #False
[2024-01-17T23:17:33.756+0000] {logging_mixin.py:151} INFO - #False
[2024-01-17T23:17:33.756+0000] {logging_mixin.py:151} INFO - #False
[2024-01-17T23:17:33.756+0000] {logging_mixin.py:151} INFO - #False
[2024-01-17T23:17:33.757+0000] {logging_mixin.py:151} INFO - #False
[2024-01-17T23:17:33.757+0000] {logging_mixin.py:151} INFO - #False
[2024-01-17T23:17:33.757+0000] {logging_mixin.py:151} INFO - #False
[2024-01-17T23:17:33.757+0000] {logging_mixin.py:151} INFO - #False
[2024-01-17T23:17:33.757+0000] {logging_mixin.py:151} INFO - #False
[2024-01-17T23:17:33.757+0000] {logging_mixin.py:151} INFO - #False
[2024-01-17T23:17:33.757+0000] {logging_mixin.py:151} INFO - #False
[2024-01-17T23:17:33.757+0000] {logging_mixin.py:151} INFO - #False
[2024-01-17T23:17:33.757+0000] {logging_mixin.py:151} INFO - #False
[2024-01-17T23:17:33.757+0000] {logging_mixin.py:151} INFO - #False
[2024-01-17T23:17:33.757+0000] {logging_mixin.py:151} INFO - #False
[2024-01-17T23:17:33.757+0000] {logging_mixin.py:151} INFO - #False
[2024-01-17T23:17:33.757+0000] {logging_mixin.py:151} INFO - #False
[2024-01-17T23:17:33.757+0000] {logging_mixin.py:151} INFO - #False
[2024-01-17T23:17:33.757+0000] {logging_mixin.py:151} INFO - #False
[2024-01-17T23:17:33.757+0000] {logging_mixin.py:151} INFO - #False
[2024-01-17T23:17:33.757+0000] {logging_mixin.py:151} INFO - #False
[2024-01-17T23:17:33.757+0000] {logging_mixin.py:151} INFO - #False
[2024-01-17T23:17:33.757+0000] {logging_mixin.py:151} INFO - #False
[2024-01-17T23:17:33.757+0000] {logging_mixin.py:151} INFO - #False
[2024-01-17T23:17:33.757+0000] {logging_mixin.py:151} INFO - #False
[2024-01-17T23:17:33.758+0000] {logging_mixin.py:151} INFO -  submission : 
[2024-01-17T23:17:34.308+0000] {logging_mixin.py:151} INFO - #False
[2024-01-17T23:17:34.308+0000] {logging_mixin.py:151} INFO - #False
[2024-01-17T23:17:34.309+0000] {logging_mixin.py:151} INFO - #False
[2024-01-17T23:17:34.309+0000] {logging_mixin.py:151} INFO - #False
[2024-01-17T23:17:34.309+0000] {logging_mixin.py:151} INFO - #False
[2024-01-17T23:17:34.309+0000] {logging_mixin.py:151} INFO - #False
[2024-01-17T23:17:34.309+0000] {logging_mixin.py:151} INFO - #False
[2024-01-17T23:17:34.309+0000] {logging_mixin.py:151} INFO - #False
[2024-01-17T23:17:34.309+0000] {logging_mixin.py:151} INFO - #False
[2024-01-17T23:17:34.309+0000] {logging_mixin.py:151} INFO - #False
[2024-01-17T23:17:34.309+0000] {logging_mixin.py:151} INFO - #False
[2024-01-17T23:17:34.309+0000] {logging_mixin.py:151} INFO - #False
[2024-01-17T23:17:34.309+0000] {logging_mixin.py:151} INFO - #False
[2024-01-17T23:17:34.309+0000] {logging_mixin.py:151} INFO - #False
[2024-01-17T23:17:34.309+0000] {logging_mixin.py:151} INFO - #False
[2024-01-17T23:17:34.309+0000] {logging_mixin.py:151} INFO - #False
[2024-01-17T23:17:34.309+0000] {logging_mixin.py:151} INFO - #False
[2024-01-17T23:17:34.309+0000] {logging_mixin.py:151} INFO - #False
[2024-01-17T23:17:34.309+0000] {logging_mixin.py:151} INFO - #False
[2024-01-17T23:17:34.309+0000] {logging_mixin.py:151} INFO - #False
[2024-01-17T23:17:34.309+0000] {logging_mixin.py:151} INFO - #False
[2024-01-17T23:17:34.310+0000] {logging_mixin.py:151} INFO - #False
[2024-01-17T23:17:34.310+0000] {logging_mixin.py:151} INFO - #False
[2024-01-17T23:17:34.310+0000] {logging_mixin.py:151} INFO - #False
[2024-01-17T23:17:34.310+0000] {logging_mixin.py:151} INFO - #False
[2024-01-17T23:17:34.310+0000] {logging_mixin.py:151} INFO - #False
[2024-01-17T23:17:34.310+0000] {logging_mixin.py:151} INFO - #False
[2024-01-17T23:17:34.310+0000] {logging_mixin.py:151} INFO - #False
[2024-01-17T23:17:34.310+0000] {logging_mixin.py:151} INFO - #False
[2024-01-17T23:17:34.310+0000] {logging_mixin.py:151} INFO - #False
[2024-01-17T23:17:34.310+0000] {logging_mixin.py:151} INFO -  submission : 
[2024-01-17T23:17:35.184+0000] {logging_mixin.py:151} INFO - #False
[2024-01-17T23:17:35.184+0000] {logging_mixin.py:151} INFO - #False
[2024-01-17T23:17:35.184+0000] {logging_mixin.py:151} INFO - #False
[2024-01-17T23:17:35.184+0000] {logging_mixin.py:151} INFO - #False
[2024-01-17T23:17:35.184+0000] {logging_mixin.py:151} INFO - #False
[2024-01-17T23:17:35.184+0000] {logging_mixin.py:151} INFO - #False
[2024-01-17T23:17:35.184+0000] {logging_mixin.py:151} INFO - #False
[2024-01-17T23:17:35.185+0000] {logging_mixin.py:151} INFO - #False
[2024-01-17T23:17:35.185+0000] {logging_mixin.py:151} INFO - #False
[2024-01-17T23:17:35.185+0000] {logging_mixin.py:151} INFO - #False
[2024-01-17T23:17:35.185+0000] {logging_mixin.py:151} INFO - #False
[2024-01-17T23:17:35.185+0000] {logging_mixin.py:151} INFO - #False
[2024-01-17T23:17:35.185+0000] {logging_mixin.py:151} INFO - #False
[2024-01-17T23:17:35.185+0000] {logging_mixin.py:151} INFO - #False
[2024-01-17T23:17:35.185+0000] {logging_mixin.py:151} INFO - #False
[2024-01-17T23:17:35.185+0000] {logging_mixin.py:151} INFO - #False
[2024-01-17T23:17:35.185+0000] {logging_mixin.py:151} INFO - #False
[2024-01-17T23:17:35.185+0000] {logging_mixin.py:151} INFO - #False
[2024-01-17T23:17:35.186+0000] {logging_mixin.py:151} INFO - #False
[2024-01-17T23:17:35.186+0000] {logging_mixin.py:151} INFO - #False
[2024-01-17T23:17:35.186+0000] {logging_mixin.py:151} INFO - #False
[2024-01-17T23:17:35.186+0000] {logging_mixin.py:151} INFO - #False
[2024-01-17T23:17:35.186+0000] {logging_mixin.py:151} INFO - #False
[2024-01-17T23:17:35.186+0000] {logging_mixin.py:151} INFO - #False
[2024-01-17T23:17:35.186+0000] {logging_mixin.py:151} INFO - #False
[2024-01-17T23:17:35.186+0000] {logging_mixin.py:151} INFO - #False
[2024-01-17T23:17:35.186+0000] {logging_mixin.py:151} INFO - #False
[2024-01-17T23:17:35.186+0000] {logging_mixin.py:151} INFO - #False
[2024-01-17T23:17:35.186+0000] {logging_mixin.py:151} INFO - #False
[2024-01-17T23:17:35.186+0000] {logging_mixin.py:151} INFO - #False
[2024-01-17T23:17:35.187+0000] {logging_mixin.py:151} INFO -  submission : 
[2024-01-17T23:17:35.785+0000] {logging_mixin.py:151} INFO - #False
[2024-01-17T23:17:35.785+0000] {logging_mixin.py:151} INFO - #False
[2024-01-17T23:17:35.785+0000] {logging_mixin.py:151} INFO - #False
[2024-01-17T23:17:35.785+0000] {logging_mixin.py:151} INFO - #False
[2024-01-17T23:17:35.786+0000] {logging_mixin.py:151} INFO - #False
[2024-01-17T23:17:35.786+0000] {logging_mixin.py:151} INFO - #False
[2024-01-17T23:17:35.786+0000] {logging_mixin.py:151} INFO - #False
[2024-01-17T23:17:35.786+0000] {logging_mixin.py:151} INFO - #False
[2024-01-17T23:17:35.786+0000] {logging_mixin.py:151} INFO - #False
[2024-01-17T23:17:35.786+0000] {logging_mixin.py:151} INFO - #False
[2024-01-17T23:17:35.786+0000] {logging_mixin.py:151} INFO - #False
[2024-01-17T23:17:35.786+0000] {logging_mixin.py:151} INFO - #False
[2024-01-17T23:17:35.786+0000] {logging_mixin.py:151} INFO - #False
[2024-01-17T23:17:35.786+0000] {logging_mixin.py:151} INFO - #False
[2024-01-17T23:17:35.786+0000] {logging_mixin.py:151} INFO - #False
[2024-01-17T23:17:35.786+0000] {logging_mixin.py:151} INFO - #False
[2024-01-17T23:17:35.786+0000] {logging_mixin.py:151} INFO - #False
[2024-01-17T23:17:35.786+0000] {logging_mixin.py:151} INFO - #False
[2024-01-17T23:17:35.786+0000] {logging_mixin.py:151} INFO - #False
[2024-01-17T23:17:35.787+0000] {logging_mixin.py:151} INFO - #False
[2024-01-17T23:17:35.787+0000] {logging_mixin.py:151} INFO - #False
[2024-01-17T23:17:35.787+0000] {logging_mixin.py:151} INFO - #False
[2024-01-17T23:17:35.787+0000] {logging_mixin.py:151} INFO - #False
[2024-01-17T23:17:35.787+0000] {logging_mixin.py:151} INFO - #False
[2024-01-17T23:17:35.787+0000] {logging_mixin.py:151} INFO - #False
[2024-01-17T23:17:35.787+0000] {logging_mixin.py:151} INFO - #False
[2024-01-17T23:17:35.787+0000] {logging_mixin.py:151} INFO - #False
[2024-01-17T23:17:35.787+0000] {logging_mixin.py:151} INFO - #False
[2024-01-17T23:17:35.787+0000] {logging_mixin.py:151} INFO - #False
[2024-01-17T23:17:35.787+0000] {logging_mixin.py:151} INFO - #False
[2024-01-17T23:17:35.788+0000] {logging_mixin.py:151} INFO -  submission : 
[2024-01-17T23:17:36.476+0000] {logging_mixin.py:151} INFO - #False
[2024-01-17T23:17:36.476+0000] {logging_mixin.py:151} INFO - #False
[2024-01-17T23:17:36.477+0000] {logging_mixin.py:151} INFO - #False
[2024-01-17T23:17:36.477+0000] {logging_mixin.py:151} INFO - #False
[2024-01-17T23:17:36.477+0000] {logging_mixin.py:151} INFO - #False
[2024-01-17T23:17:36.477+0000] {logging_mixin.py:151} INFO - #False
[2024-01-17T23:17:36.477+0000] {logging_mixin.py:151} INFO - #False
[2024-01-17T23:17:36.477+0000] {logging_mixin.py:151} INFO - #False
[2024-01-17T23:17:36.478+0000] {logging_mixin.py:151} INFO - #False
[2024-01-17T23:17:36.478+0000] {logging_mixin.py:151} INFO - #False
[2024-01-17T23:17:36.478+0000] {logging_mixin.py:151} INFO - #False
[2024-01-17T23:17:36.478+0000] {logging_mixin.py:151} INFO - #False
[2024-01-17T23:17:36.478+0000] {logging_mixin.py:151} INFO - #False
[2024-01-17T23:17:36.478+0000] {logging_mixin.py:151} INFO - #False
[2024-01-17T23:17:36.478+0000] {logging_mixin.py:151} INFO - #False
[2024-01-17T23:17:36.478+0000] {logging_mixin.py:151} INFO - #False
[2024-01-17T23:17:36.478+0000] {logging_mixin.py:151} INFO - #False
[2024-01-17T23:17:36.478+0000] {logging_mixin.py:151} INFO - #False
[2024-01-17T23:17:36.478+0000] {logging_mixin.py:151} INFO - #False
[2024-01-17T23:17:36.478+0000] {logging_mixin.py:151} INFO - #False
[2024-01-17T23:17:36.478+0000] {logging_mixin.py:151} INFO - #False
[2024-01-17T23:17:36.478+0000] {logging_mixin.py:151} INFO - #False
[2024-01-17T23:17:36.478+0000] {logging_mixin.py:151} INFO - #False
[2024-01-17T23:17:36.478+0000] {logging_mixin.py:151} INFO - #False
[2024-01-17T23:17:36.479+0000] {logging_mixin.py:151} INFO - #False
[2024-01-17T23:17:36.479+0000] {logging_mixin.py:151} INFO - #False
[2024-01-17T23:17:36.479+0000] {logging_mixin.py:151} INFO - #False
[2024-01-17T23:17:36.479+0000] {logging_mixin.py:151} INFO - #False
[2024-01-17T23:17:36.479+0000] {logging_mixin.py:151} INFO - #False
[2024-01-17T23:17:36.479+0000] {logging_mixin.py:151} INFO - #False
[2024-01-17T23:17:36.479+0000] {python.py:194} INFO - Done. Returned value was: None
[2024-01-17T23:17:36.488+0000] {taskinstance.py:1400} INFO - Marking task as SUCCESS. dag_id=Stream_3, task_id=Reddit, execution_date=20240117T231424, start_date=20240117T231731, end_date=20240117T231736
[2024-01-17T23:17:36.542+0000] {local_task_job_runner.py:228} INFO - Task exited with return code 0
[2024-01-17T23:17:36.555+0000] {taskinstance.py:2784} INFO - 0 downstream tasks scheduled from follow-on schedule check
