[2024-01-17T03:23:48.323+0000] {taskinstance.py:1159} INFO - Dependencies all met for dep_context=non-requeueable deps ti=<TaskInstance: Stream_Data_5.Reddit scheduled__2024-01-17T02:58:38.953439+00:00 [queued]>
[2024-01-17T03:23:48.329+0000] {taskinstance.py:1159} INFO - Dependencies all met for dep_context=requeueable deps ti=<TaskInstance: Stream_Data_5.Reddit scheduled__2024-01-17T02:58:38.953439+00:00 [queued]>
[2024-01-17T03:23:48.329+0000] {taskinstance.py:1361} INFO - Starting attempt 1 of 1
[2024-01-17T03:23:48.339+0000] {taskinstance.py:1382} INFO - Executing <Task(PythonOperator): Reddit> on 2024-01-17 02:58:38.953439+00:00
[2024-01-17T03:23:48.342+0000] {standard_task_runner.py:57} INFO - Started process 141 to run task
[2024-01-17T03:23:48.346+0000] {standard_task_runner.py:84} INFO - Running: ['***', 'tasks', 'run', 'Stream_Data_5', 'Reddit', 'scheduled__2024-01-17T02:58:38.953439+00:00', '--job-id', '3', '--raw', '--subdir', 'DAGS_FOLDER/kafka_stream_5.py', '--cfg-path', '/tmp/tmpmkfsqyxh']
[2024-01-17T03:23:48.347+0000] {standard_task_runner.py:85} INFO - Job 3: Subtask Reddit
[2024-01-17T03:23:48.391+0000] {task_command.py:415} INFO - Running <TaskInstance: Stream_Data_5.Reddit scheduled__2024-01-17T02:58:38.953439+00:00 [running]> on host 776833dc279e
[2024-01-17T03:23:48.451+0000] {taskinstance.py:1660} INFO - Exporting env vars: AIRFLOW_CTX_DAG_OWNER='me' AIRFLOW_CTX_DAG_ID='Stream_Data_5' AIRFLOW_CTX_TASK_ID='Reddit' AIRFLOW_CTX_EXECUTION_DATE='2024-01-17T02:58:38.953439+00:00' AIRFLOW_CTX_TRY_NUMBER='1' AIRFLOW_CTX_DAG_RUN_ID='scheduled__2024-01-17T02:58:38.953439+00:00'
[2024-01-17T03:23:48.762+0000] {logging_mixin.py:151} INFO -  submission : 
[2024-01-17T03:23:49.582+0000] {logging_mixin.py:151} INFO - #False
[2024-01-17T03:23:49.582+0000] {logging_mixin.py:151} INFO - #False
[2024-01-17T03:23:49.582+0000] {logging_mixin.py:151} INFO - #False
[2024-01-17T03:23:49.583+0000] {logging_mixin.py:151} INFO - #False
[2024-01-17T03:23:49.583+0000] {logging_mixin.py:151} INFO - #False
[2024-01-17T03:23:49.583+0000] {logging_mixin.py:151} INFO - #False
[2024-01-17T03:23:49.583+0000] {logging_mixin.py:151} INFO - #False
[2024-01-17T03:23:49.583+0000] {logging_mixin.py:151} INFO - #False
[2024-01-17T03:23:49.583+0000] {logging_mixin.py:151} INFO - #False
[2024-01-17T03:23:49.583+0000] {logging_mixin.py:151} INFO - #False
[2024-01-17T03:23:49.583+0000] {logging_mixin.py:151} INFO - #False
[2024-01-17T03:23:49.583+0000] {logging_mixin.py:151} INFO - #False
[2024-01-17T03:23:49.583+0000] {logging_mixin.py:151} INFO - #False
[2024-01-17T03:23:49.583+0000] {logging_mixin.py:151} INFO - #False
[2024-01-17T03:23:49.583+0000] {logging_mixin.py:151} INFO - #False
[2024-01-17T03:23:49.583+0000] {logging_mixin.py:151} INFO - #False
[2024-01-17T03:23:49.583+0000] {logging_mixin.py:151} INFO - #False
[2024-01-17T03:23:49.583+0000] {logging_mixin.py:151} INFO - #False
[2024-01-17T03:23:49.583+0000] {logging_mixin.py:151} INFO - #False
[2024-01-17T03:23:49.583+0000] {logging_mixin.py:151} INFO - #False
[2024-01-17T03:23:49.583+0000] {logging_mixin.py:151} INFO - #False
[2024-01-17T03:23:49.583+0000] {logging_mixin.py:151} INFO - #False
[2024-01-17T03:23:49.583+0000] {logging_mixin.py:151} INFO - #False
[2024-01-17T03:23:49.583+0000] {logging_mixin.py:151} INFO - #False
[2024-01-17T03:23:49.583+0000] {logging_mixin.py:151} INFO - #False
[2024-01-17T03:23:49.584+0000] {logging_mixin.py:151} INFO - #False
[2024-01-17T03:23:49.584+0000] {logging_mixin.py:151} INFO - #False
[2024-01-17T03:23:49.584+0000] {logging_mixin.py:151} INFO - #False
[2024-01-17T03:23:49.584+0000] {logging_mixin.py:151} INFO - #False
[2024-01-17T03:23:49.584+0000] {logging_mixin.py:151} INFO - #False
[2024-01-17T03:23:49.584+0000] {logging_mixin.py:151} INFO -  submission : 
[2024-01-17T03:23:50.096+0000] {logging_mixin.py:151} INFO - #False
[2024-01-17T03:23:50.096+0000] {logging_mixin.py:151} INFO - #False
[2024-01-17T03:23:50.096+0000] {logging_mixin.py:151} INFO - #False
[2024-01-17T03:23:50.096+0000] {logging_mixin.py:151} INFO - #False
[2024-01-17T03:23:50.096+0000] {logging_mixin.py:151} INFO - #False
[2024-01-17T03:23:50.096+0000] {logging_mixin.py:151} INFO - #False
[2024-01-17T03:23:50.097+0000] {logging_mixin.py:151} INFO - #False
[2024-01-17T03:23:50.097+0000] {logging_mixin.py:151} INFO - #False
[2024-01-17T03:23:50.097+0000] {logging_mixin.py:151} INFO - #False
[2024-01-17T03:23:50.097+0000] {logging_mixin.py:151} INFO - #False
[2024-01-17T03:23:50.097+0000] {logging_mixin.py:151} INFO - #False
[2024-01-17T03:23:50.097+0000] {logging_mixin.py:151} INFO - #False
[2024-01-17T03:23:50.097+0000] {logging_mixin.py:151} INFO - #False
[2024-01-17T03:23:50.097+0000] {logging_mixin.py:151} INFO - #False
[2024-01-17T03:23:50.097+0000] {logging_mixin.py:151} INFO - #False
[2024-01-17T03:23:50.097+0000] {logging_mixin.py:151} INFO - #False
[2024-01-17T03:23:50.097+0000] {logging_mixin.py:151} INFO - #False
[2024-01-17T03:23:50.097+0000] {logging_mixin.py:151} INFO - #False
[2024-01-17T03:23:50.097+0000] {logging_mixin.py:151} INFO - #False
[2024-01-17T03:23:50.097+0000] {logging_mixin.py:151} INFO - #False
[2024-01-17T03:23:50.097+0000] {logging_mixin.py:151} INFO - #False
[2024-01-17T03:23:50.097+0000] {logging_mixin.py:151} INFO - #False
[2024-01-17T03:23:50.097+0000] {logging_mixin.py:151} INFO - #False
[2024-01-17T03:23:50.097+0000] {logging_mixin.py:151} INFO - #False
[2024-01-17T03:23:50.097+0000] {logging_mixin.py:151} INFO - #False
[2024-01-17T03:23:50.097+0000] {logging_mixin.py:151} INFO - #False
[2024-01-17T03:23:50.097+0000] {logging_mixin.py:151} INFO - #False
[2024-01-17T03:23:50.097+0000] {logging_mixin.py:151} INFO - #False
[2024-01-17T03:23:50.097+0000] {logging_mixin.py:151} INFO - #False
[2024-01-17T03:23:50.098+0000] {logging_mixin.py:151} INFO - #False
[2024-01-17T03:23:50.098+0000] {logging_mixin.py:151} INFO -  submission : 
[2024-01-17T03:23:50.574+0000] {logging_mixin.py:151} INFO - #False
[2024-01-17T03:23:50.574+0000] {logging_mixin.py:151} INFO - #False
[2024-01-17T03:23:50.574+0000] {logging_mixin.py:151} INFO - #False
[2024-01-17T03:23:50.574+0000] {logging_mixin.py:151} INFO - #False
[2024-01-17T03:23:50.574+0000] {logging_mixin.py:151} INFO - #False
[2024-01-17T03:23:50.574+0000] {logging_mixin.py:151} INFO - #False
[2024-01-17T03:23:50.574+0000] {logging_mixin.py:151} INFO - #False
[2024-01-17T03:23:50.574+0000] {logging_mixin.py:151} INFO - #False
[2024-01-17T03:23:50.574+0000] {logging_mixin.py:151} INFO - #False
[2024-01-17T03:23:50.575+0000] {logging_mixin.py:151} INFO - #False
[2024-01-17T03:23:50.575+0000] {logging_mixin.py:151} INFO - #False
[2024-01-17T03:23:50.575+0000] {logging_mixin.py:151} INFO - #False
[2024-01-17T03:23:50.575+0000] {logging_mixin.py:151} INFO - #False
[2024-01-17T03:23:50.575+0000] {logging_mixin.py:151} INFO - #False
[2024-01-17T03:23:50.575+0000] {logging_mixin.py:151} INFO - #False
[2024-01-17T03:23:50.575+0000] {logging_mixin.py:151} INFO - #False
[2024-01-17T03:23:50.575+0000] {logging_mixin.py:151} INFO - #False
[2024-01-17T03:23:50.575+0000] {logging_mixin.py:151} INFO - #False
[2024-01-17T03:23:50.575+0000] {logging_mixin.py:151} INFO - #False
[2024-01-17T03:23:50.575+0000] {logging_mixin.py:151} INFO - #False
[2024-01-17T03:23:50.575+0000] {logging_mixin.py:151} INFO - #False
[2024-01-17T03:23:50.575+0000] {logging_mixin.py:151} INFO - #False
[2024-01-17T03:23:50.575+0000] {logging_mixin.py:151} INFO - #False
[2024-01-17T03:23:50.575+0000] {logging_mixin.py:151} INFO - #False
[2024-01-17T03:23:50.575+0000] {logging_mixin.py:151} INFO - #False
[2024-01-17T03:23:50.575+0000] {logging_mixin.py:151} INFO - #False
[2024-01-17T03:23:50.575+0000] {logging_mixin.py:151} INFO - #False
[2024-01-17T03:23:50.575+0000] {logging_mixin.py:151} INFO - #False
[2024-01-17T03:23:50.575+0000] {logging_mixin.py:151} INFO - #False
[2024-01-17T03:23:50.575+0000] {logging_mixin.py:151} INFO - #False
[2024-01-17T03:23:50.576+0000] {logging_mixin.py:151} INFO -  submission : 
[2024-01-17T03:23:51.024+0000] {logging_mixin.py:151} INFO - #False
[2024-01-17T03:23:51.025+0000] {logging_mixin.py:151} INFO - #False
[2024-01-17T03:23:51.025+0000] {logging_mixin.py:151} INFO - #False
[2024-01-17T03:23:51.025+0000] {logging_mixin.py:151} INFO - #False
[2024-01-17T03:23:51.025+0000] {logging_mixin.py:151} INFO - #False
[2024-01-17T03:23:51.025+0000] {logging_mixin.py:151} INFO - #False
[2024-01-17T03:23:51.025+0000] {logging_mixin.py:151} INFO - #False
[2024-01-17T03:23:51.025+0000] {logging_mixin.py:151} INFO - #False
[2024-01-17T03:23:51.025+0000] {logging_mixin.py:151} INFO - #False
[2024-01-17T03:23:51.025+0000] {logging_mixin.py:151} INFO - #False
[2024-01-17T03:23:51.025+0000] {logging_mixin.py:151} INFO - #False
[2024-01-17T03:23:51.025+0000] {logging_mixin.py:151} INFO - #False
[2024-01-17T03:23:51.025+0000] {logging_mixin.py:151} INFO - #False
[2024-01-17T03:23:51.025+0000] {logging_mixin.py:151} INFO - #False
[2024-01-17T03:23:51.025+0000] {logging_mixin.py:151} INFO - #False
[2024-01-17T03:23:51.026+0000] {logging_mixin.py:151} INFO - #False
[2024-01-17T03:23:51.026+0000] {logging_mixin.py:151} INFO - #False
[2024-01-17T03:23:51.026+0000] {logging_mixin.py:151} INFO - #False
[2024-01-17T03:23:51.026+0000] {logging_mixin.py:151} INFO - #False
[2024-01-17T03:23:51.026+0000] {logging_mixin.py:151} INFO - #False
[2024-01-17T03:23:51.026+0000] {logging_mixin.py:151} INFO - #False
[2024-01-17T03:23:51.026+0000] {logging_mixin.py:151} INFO - #False
[2024-01-17T03:23:51.026+0000] {logging_mixin.py:151} INFO - #False
[2024-01-17T03:23:51.026+0000] {logging_mixin.py:151} INFO - #False
[2024-01-17T03:23:51.026+0000] {logging_mixin.py:151} INFO - #False
[2024-01-17T03:23:51.026+0000] {logging_mixin.py:151} INFO - #False
[2024-01-17T03:23:51.026+0000] {logging_mixin.py:151} INFO - #False
[2024-01-17T03:23:51.026+0000] {logging_mixin.py:151} INFO - #False
[2024-01-17T03:23:51.026+0000] {logging_mixin.py:151} INFO - #False
[2024-01-17T03:23:51.026+0000] {logging_mixin.py:151} INFO - #False
[2024-01-17T03:23:51.026+0000] {logging_mixin.py:151} INFO -  submission : 
[2024-01-17T03:23:51.449+0000] {logging_mixin.py:151} INFO - #False
[2024-01-17T03:23:51.450+0000] {logging_mixin.py:151} INFO - #False
[2024-01-17T03:23:51.450+0000] {logging_mixin.py:151} INFO - #False
[2024-01-17T03:23:51.450+0000] {logging_mixin.py:151} INFO - #False
[2024-01-17T03:23:51.450+0000] {logging_mixin.py:151} INFO - #False
[2024-01-17T03:23:51.450+0000] {logging_mixin.py:151} INFO - #False
[2024-01-17T03:23:51.450+0000] {logging_mixin.py:151} INFO - #False
[2024-01-17T03:23:51.450+0000] {logging_mixin.py:151} INFO - #False
[2024-01-17T03:23:51.450+0000] {logging_mixin.py:151} INFO - #False
[2024-01-17T03:23:51.450+0000] {logging_mixin.py:151} INFO - #False
[2024-01-17T03:23:51.450+0000] {logging_mixin.py:151} INFO - #False
[2024-01-17T03:23:51.450+0000] {logging_mixin.py:151} INFO - #False
[2024-01-17T03:23:51.450+0000] {logging_mixin.py:151} INFO - #False
[2024-01-17T03:23:51.450+0000] {logging_mixin.py:151} INFO - #False
[2024-01-17T03:23:51.450+0000] {logging_mixin.py:151} INFO - #False
[2024-01-17T03:23:51.450+0000] {logging_mixin.py:151} INFO - #False
[2024-01-17T03:23:51.450+0000] {logging_mixin.py:151} INFO - #False
[2024-01-17T03:23:51.450+0000] {logging_mixin.py:151} INFO - #False
[2024-01-17T03:23:51.450+0000] {logging_mixin.py:151} INFO - #False
[2024-01-17T03:23:51.451+0000] {logging_mixin.py:151} INFO - #False
[2024-01-17T03:23:51.451+0000] {logging_mixin.py:151} INFO - #False
[2024-01-17T03:23:51.451+0000] {logging_mixin.py:151} INFO - #False
[2024-01-17T03:23:51.451+0000] {logging_mixin.py:151} INFO - #False
[2024-01-17T03:23:51.451+0000] {logging_mixin.py:151} INFO - #False
[2024-01-17T03:23:51.451+0000] {logging_mixin.py:151} INFO - #False
[2024-01-17T03:23:51.451+0000] {logging_mixin.py:151} INFO - #False
[2024-01-17T03:23:51.451+0000] {logging_mixin.py:151} INFO - #False
[2024-01-17T03:23:51.451+0000] {logging_mixin.py:151} INFO - #False
[2024-01-17T03:23:51.451+0000] {logging_mixin.py:151} INFO - #False
[2024-01-17T03:23:51.451+0000] {logging_mixin.py:151} INFO - #False
[2024-01-17T03:23:51.451+0000] {logging_mixin.py:151} INFO -  submission : 
[2024-01-17T03:23:51.882+0000] {logging_mixin.py:151} INFO - #False
[2024-01-17T03:23:51.882+0000] {logging_mixin.py:151} INFO - #False
[2024-01-17T03:23:51.882+0000] {logging_mixin.py:151} INFO - #False
[2024-01-17T03:23:51.882+0000] {logging_mixin.py:151} INFO - #False
[2024-01-17T03:23:51.882+0000] {logging_mixin.py:151} INFO - #False
[2024-01-17T03:23:51.882+0000] {logging_mixin.py:151} INFO - #False
[2024-01-17T03:23:51.882+0000] {logging_mixin.py:151} INFO - #False
[2024-01-17T03:23:51.882+0000] {logging_mixin.py:151} INFO - #False
[2024-01-17T03:23:51.882+0000] {logging_mixin.py:151} INFO - #False
[2024-01-17T03:23:51.882+0000] {logging_mixin.py:151} INFO - #False
[2024-01-17T03:23:51.883+0000] {logging_mixin.py:151} INFO - #False
[2024-01-17T03:23:51.883+0000] {logging_mixin.py:151} INFO - #False
[2024-01-17T03:23:51.883+0000] {logging_mixin.py:151} INFO - #False
[2024-01-17T03:23:51.883+0000] {logging_mixin.py:151} INFO - #False
[2024-01-17T03:23:51.883+0000] {logging_mixin.py:151} INFO - #False
[2024-01-17T03:23:51.883+0000] {logging_mixin.py:151} INFO - #False
[2024-01-17T03:23:51.883+0000] {logging_mixin.py:151} INFO - #False
[2024-01-17T03:23:51.883+0000] {logging_mixin.py:151} INFO - #False
[2024-01-17T03:23:51.883+0000] {logging_mixin.py:151} INFO - #False
[2024-01-17T03:23:51.883+0000] {logging_mixin.py:151} INFO - #False
[2024-01-17T03:23:51.883+0000] {logging_mixin.py:151} INFO - #False
[2024-01-17T03:23:51.883+0000] {logging_mixin.py:151} INFO - #False
[2024-01-17T03:23:51.883+0000] {logging_mixin.py:151} INFO - #False
[2024-01-17T03:23:51.883+0000] {logging_mixin.py:151} INFO - #False
[2024-01-17T03:23:51.883+0000] {logging_mixin.py:151} INFO - #False
[2024-01-17T03:23:51.883+0000] {logging_mixin.py:151} INFO - #False
[2024-01-17T03:23:51.883+0000] {logging_mixin.py:151} INFO - #False
[2024-01-17T03:23:51.884+0000] {logging_mixin.py:151} INFO - #False
[2024-01-17T03:23:51.884+0000] {logging_mixin.py:151} INFO - #False
[2024-01-17T03:23:51.884+0000] {logging_mixin.py:151} INFO - #False
[2024-01-17T03:23:51.884+0000] {logging_mixin.py:151} INFO -  submission : 
[2024-01-17T03:23:52.448+0000] {logging_mixin.py:151} INFO - @True
[2024-01-17T03:23:52.449+0000] {conn.py:380} INFO - <BrokerConnection node_id=bootstrap-0 host=broker:29092 <connecting> [IPv4 ('192.168.192.8', 29092)]>: connecting to broker:29092 [('192.168.192.8', 29092) IPv4]
[2024-01-17T03:23:52.450+0000] {conn.py:1205} INFO - Probing node bootstrap-0 broker version
[2024-01-17T03:23:52.450+0000] {conn.py:410} INFO - <BrokerConnection node_id=bootstrap-0 host=broker:29092 <connecting> [IPv4 ('192.168.192.8', 29092)]>: Connection complete.
[2024-01-17T03:23:52.554+0000] {conn.py:1267} INFO - Broker version identified as 2.5.0
[2024-01-17T03:23:52.554+0000] {conn.py:1268} INFO - Set configuration api_version=(2, 5, 0) to skip auto check_version requests on startup
[2024-01-17T03:23:52.709+0000] {conn.py:380} INFO - <BrokerConnection node_id=1 host=broker:29092 <connecting> [IPv4 ('192.168.192.8', 29092)]>: connecting to broker:29092 [('192.168.192.8', 29092) IPv4]
[2024-01-17T03:23:52.709+0000] {conn.py:410} INFO - <BrokerConnection node_id=1 host=broker:29092 <connecting> [IPv4 ('192.168.192.8', 29092)]>: Connection complete.
[2024-01-17T03:23:52.709+0000] {conn.py:919} INFO - <BrokerConnection node_id=bootstrap-0 host=broker:29092 <connected> [IPv4 ('192.168.192.8', 29092)]>: Closing connection. 
[2024-01-17T03:23:52.828+0000] {logging_mixin.py:151} INFO - #False
[2024-01-17T03:23:52.828+0000] {logging_mixin.py:151} INFO - #False
[2024-01-17T03:23:52.828+0000] {logging_mixin.py:151} INFO - #False
[2024-01-17T03:23:52.828+0000] {logging_mixin.py:151} INFO - #False
[2024-01-17T03:23:52.828+0000] {logging_mixin.py:151} INFO - #False
[2024-01-17T03:23:52.828+0000] {logging_mixin.py:151} INFO - #False
[2024-01-17T03:23:52.828+0000] {logging_mixin.py:151} INFO - #False
[2024-01-17T03:23:52.828+0000] {logging_mixin.py:151} INFO - #False
[2024-01-17T03:23:52.828+0000] {logging_mixin.py:151} INFO - #False
[2024-01-17T03:23:52.828+0000] {logging_mixin.py:151} INFO - #False
[2024-01-17T03:23:52.828+0000] {logging_mixin.py:151} INFO - #False
[2024-01-17T03:23:52.828+0000] {logging_mixin.py:151} INFO - #False
[2024-01-17T03:23:52.828+0000] {logging_mixin.py:151} INFO - #False
[2024-01-17T03:23:52.829+0000] {logging_mixin.py:151} INFO - #False
[2024-01-17T03:23:52.829+0000] {logging_mixin.py:151} INFO - #False
[2024-01-17T03:23:52.829+0000] {logging_mixin.py:151} INFO - #False
[2024-01-17T03:23:52.829+0000] {logging_mixin.py:151} INFO - #False
[2024-01-17T03:23:52.829+0000] {logging_mixin.py:151} INFO - #False
[2024-01-17T03:23:52.829+0000] {logging_mixin.py:151} INFO - #False
[2024-01-17T03:23:52.829+0000] {logging_mixin.py:151} INFO - #False
[2024-01-17T03:23:52.829+0000] {logging_mixin.py:151} INFO - #False
[2024-01-17T03:23:52.829+0000] {logging_mixin.py:151} INFO - #False
[2024-01-17T03:23:52.829+0000] {logging_mixin.py:151} INFO - #False
[2024-01-17T03:23:52.829+0000] {logging_mixin.py:151} INFO - #False
[2024-01-17T03:23:52.829+0000] {logging_mixin.py:151} INFO - #False
[2024-01-17T03:23:52.829+0000] {logging_mixin.py:151} INFO - #False
[2024-01-17T03:23:52.829+0000] {logging_mixin.py:151} INFO - #False
[2024-01-17T03:23:52.829+0000] {logging_mixin.py:151} INFO - #False
[2024-01-17T03:23:52.829+0000] {logging_mixin.py:151} INFO - #False
[2024-01-17T03:23:52.830+0000] {logging_mixin.py:151} INFO -  submission : 
[2024-01-17T03:23:53.397+0000] {logging_mixin.py:151} INFO - #False
[2024-01-17T03:23:53.397+0000] {logging_mixin.py:151} INFO - #False
[2024-01-17T03:23:53.397+0000] {logging_mixin.py:151} INFO - #False
[2024-01-17T03:23:53.397+0000] {logging_mixin.py:151} INFO - #False
[2024-01-17T03:23:53.397+0000] {logging_mixin.py:151} INFO - #False
[2024-01-17T03:23:53.397+0000] {logging_mixin.py:151} INFO - #False
[2024-01-17T03:23:53.397+0000] {logging_mixin.py:151} INFO - #False
[2024-01-17T03:23:53.397+0000] {logging_mixin.py:151} INFO - #False
[2024-01-17T03:23:53.398+0000] {logging_mixin.py:151} INFO - #False
[2024-01-17T03:23:53.398+0000] {logging_mixin.py:151} INFO - #False
[2024-01-17T03:23:53.398+0000] {logging_mixin.py:151} INFO - #False
[2024-01-17T03:23:53.398+0000] {logging_mixin.py:151} INFO - #False
[2024-01-17T03:23:53.398+0000] {logging_mixin.py:151} INFO - #False
[2024-01-17T03:23:53.398+0000] {logging_mixin.py:151} INFO - #False
[2024-01-17T03:23:53.398+0000] {logging_mixin.py:151} INFO - #False
[2024-01-17T03:23:53.398+0000] {logging_mixin.py:151} INFO - #False
[2024-01-17T03:23:53.398+0000] {logging_mixin.py:151} INFO - #False
[2024-01-17T03:23:53.398+0000] {logging_mixin.py:151} INFO - #False
[2024-01-17T03:23:53.398+0000] {logging_mixin.py:151} INFO - #False
[2024-01-17T03:23:53.398+0000] {logging_mixin.py:151} INFO - #False
[2024-01-17T03:23:53.398+0000] {logging_mixin.py:151} INFO - #False
[2024-01-17T03:23:53.398+0000] {logging_mixin.py:151} INFO - #False
[2024-01-17T03:23:53.398+0000] {logging_mixin.py:151} INFO - #False
[2024-01-17T03:23:53.398+0000] {logging_mixin.py:151} INFO - #False
[2024-01-17T03:23:53.398+0000] {logging_mixin.py:151} INFO - #False
[2024-01-17T03:23:53.398+0000] {logging_mixin.py:151} INFO - #False
[2024-01-17T03:23:53.398+0000] {logging_mixin.py:151} INFO - #False
[2024-01-17T03:23:53.398+0000] {logging_mixin.py:151} INFO - #False
[2024-01-17T03:23:53.398+0000] {logging_mixin.py:151} INFO - #False
[2024-01-17T03:23:53.398+0000] {logging_mixin.py:151} INFO - #False
[2024-01-17T03:23:53.399+0000] {conn.py:919} INFO - <BrokerConnection node_id=1 host=broker:29092 <connected> [IPv4 ('192.168.192.8', 29092)]>: Closing connection. 
[2024-01-17T03:23:53.399+0000] {python.py:194} INFO - Done. Returned value was: None
[2024-01-17T03:23:53.407+0000] {taskinstance.py:1400} INFO - Marking task as SUCCESS. dag_id=Stream_Data_5, task_id=Reddit, execution_date=20240117T025838, start_date=20240117T032348, end_date=20240117T032353
[2024-01-17T03:23:53.420+0000] {local_task_job_runner.py:228} INFO - Task exited with return code 0
[2024-01-17T03:23:53.433+0000] {taskinstance.py:2784} INFO - 0 downstream tasks scheduled from follow-on schedule check
