[2024-01-20T04:11:43.656+0000] {taskinstance.py:1159} INFO - Dependencies all met for dep_context=non-requeueable deps ti=<TaskInstance: Kafka_Producer_1.Reddit scheduled__2024-01-20T04:10:20.730575+00:00 [queued]>
[2024-01-20T04:11:43.664+0000] {taskinstance.py:1159} INFO - Dependencies all met for dep_context=requeueable deps ti=<TaskInstance: Kafka_Producer_1.Reddit scheduled__2024-01-20T04:10:20.730575+00:00 [queued]>
[2024-01-20T04:11:43.665+0000] {taskinstance.py:1361} INFO - Starting attempt 1 of 1
[2024-01-20T04:11:43.678+0000] {taskinstance.py:1382} INFO - Executing <Task(PythonOperator): Reddit> on 2024-01-20 04:10:20.730575+00:00
[2024-01-20T04:11:43.681+0000] {standard_task_runner.py:57} INFO - Started process 3607 to run task
[2024-01-20T04:11:43.683+0000] {standard_task_runner.py:84} INFO - Running: ['***', 'tasks', 'run', 'Kafka_Producer_1', 'Reddit', 'scheduled__2024-01-20T04:10:20.730575+00:00', '--job-id', '29', '--raw', '--subdir', 'DAGS_FOLDER/kafka_stream.py', '--cfg-path', '/tmp/tmpit53i2if']
[2024-01-20T04:11:43.685+0000] {standard_task_runner.py:85} INFO - Job 29: Subtask Reddit
[2024-01-20T04:11:43.725+0000] {task_command.py:415} INFO - Running <TaskInstance: Kafka_Producer_1.Reddit scheduled__2024-01-20T04:10:20.730575+00:00 [running]> on host 45c5bfab8aa1
[2024-01-20T04:11:43.790+0000] {taskinstance.py:1660} INFO - Exporting env vars: AIRFLOW_CTX_DAG_OWNER='me' AIRFLOW_CTX_DAG_ID='Kafka_Producer_1' AIRFLOW_CTX_TASK_ID='Reddit' AIRFLOW_CTX_EXECUTION_DATE='2024-01-20T04:10:20.730575+00:00' AIRFLOW_CTX_TRY_NUMBER='1' AIRFLOW_CTX_DAG_RUN_ID='scheduled__2024-01-20T04:10:20.730575+00:00'
[2024-01-20T04:11:43.822+0000] {logging_mixin.py:151} INFO -  submission : 
[2024-01-20T04:11:44.516+0000] {logging_mixin.py:151} INFO - #False
[2024-01-20T04:11:44.516+0000] {logging_mixin.py:151} INFO - #False
[2024-01-20T04:11:44.517+0000] {logging_mixin.py:151} INFO - #False
[2024-01-20T04:11:44.517+0000] {logging_mixin.py:151} INFO - #False
[2024-01-20T04:11:44.517+0000] {logging_mixin.py:151} INFO - #False
[2024-01-20T04:11:44.518+0000] {logging_mixin.py:151} INFO - #False
[2024-01-20T04:11:44.518+0000] {logging_mixin.py:151} INFO - #False
[2024-01-20T04:11:44.519+0000] {logging_mixin.py:151} INFO - #False
[2024-01-20T04:11:44.519+0000] {logging_mixin.py:151} INFO - #False
[2024-01-20T04:11:44.519+0000] {logging_mixin.py:151} INFO - #False
[2024-01-20T04:11:44.520+0000] {logging_mixin.py:151} INFO - #False
[2024-01-20T04:11:44.520+0000] {logging_mixin.py:151} INFO - #False
[2024-01-20T04:11:44.521+0000] {logging_mixin.py:151} INFO - #False
[2024-01-20T04:11:44.521+0000] {logging_mixin.py:151} INFO - #False
[2024-01-20T04:11:44.521+0000] {logging_mixin.py:151} INFO - #False
[2024-01-20T04:11:44.522+0000] {logging_mixin.py:151} INFO - #False
[2024-01-20T04:11:44.522+0000] {logging_mixin.py:151} INFO - #False
[2024-01-20T04:11:44.522+0000] {logging_mixin.py:151} INFO - #False
[2024-01-20T04:11:44.523+0000] {logging_mixin.py:151} INFO - #False
[2024-01-20T04:11:44.523+0000] {logging_mixin.py:151} INFO - #False
[2024-01-20T04:11:44.523+0000] {logging_mixin.py:151} INFO - #False
[2024-01-20T04:11:44.523+0000] {logging_mixin.py:151} INFO - #False
[2024-01-20T04:11:44.524+0000] {logging_mixin.py:151} INFO - #False
[2024-01-20T04:11:44.524+0000] {logging_mixin.py:151} INFO - #False
[2024-01-20T04:11:44.524+0000] {logging_mixin.py:151} INFO - #False
[2024-01-20T04:11:44.524+0000] {logging_mixin.py:151} INFO - #False
[2024-01-20T04:11:44.525+0000] {logging_mixin.py:151} INFO - #False
[2024-01-20T04:11:44.525+0000] {logging_mixin.py:151} INFO - #False
[2024-01-20T04:11:44.525+0000] {logging_mixin.py:151} INFO - #False
[2024-01-20T04:11:44.526+0000] {logging_mixin.py:151} INFO - #False
[2024-01-20T04:11:44.526+0000] {logging_mixin.py:151} INFO -  submission : 
[2024-01-20T04:11:45.010+0000] {logging_mixin.py:151} INFO - @True
[2024-01-20T04:11:45.012+0000] {conn.py:380} INFO - <BrokerConnection node_id=bootstrap-0 host=broker:29092 <connecting> [IPv4 ('172.19.0.8', 29092)]>: connecting to broker:29092 [('172.19.0.8', 29092) IPv4]
[2024-01-20T04:11:45.012+0000] {conn.py:1205} INFO - Probing node bootstrap-0 broker version
[2024-01-20T04:11:45.013+0000] {conn.py:410} INFO - <BrokerConnection node_id=bootstrap-0 host=broker:29092 <connecting> [IPv4 ('172.19.0.8', 29092)]>: Connection complete.
[2024-01-20T04:11:45.116+0000] {conn.py:1267} INFO - Broker version identified as 2.5.0
[2024-01-20T04:11:45.117+0000] {conn.py:1268} INFO - Set configuration api_version=(2, 5, 0) to skip auto check_version requests on startup
[2024-01-20T04:11:45.121+0000] {logging_mixin.py:151} INFO - #False
[2024-01-20T04:11:45.122+0000] {logging_mixin.py:151} INFO - #False
[2024-01-20T04:11:45.122+0000] {conn.py:380} INFO - <BrokerConnection node_id=1 host=broker:29092 <connecting> [IPv4 ('172.19.0.8', 29092)]>: connecting to broker:29092 [('172.19.0.8', 29092) IPv4]
[2024-01-20T04:11:45.122+0000] {logging_mixin.py:151} INFO - #False
[2024-01-20T04:11:45.123+0000] {conn.py:410} INFO - <BrokerConnection node_id=1 host=broker:29092 <connecting> [IPv4 ('172.19.0.8', 29092)]>: Connection complete.
[2024-01-20T04:11:45.123+0000] {logging_mixin.py:151} INFO - #False
[2024-01-20T04:11:45.124+0000] {conn.py:919} INFO - <BrokerConnection node_id=bootstrap-0 host=broker:29092 <connected> [IPv4 ('172.19.0.8', 29092)]>: Closing connection. 
[2024-01-20T04:11:45.124+0000] {logging_mixin.py:151} INFO - #False
[2024-01-20T04:11:45.126+0000] {logging_mixin.py:151} INFO - #False
[2024-01-20T04:11:45.127+0000] {logging_mixin.py:151} INFO - #False
[2024-01-20T04:11:45.128+0000] {logging_mixin.py:151} INFO - #False
[2024-01-20T04:11:45.128+0000] {logging_mixin.py:151} INFO - #False
[2024-01-20T04:11:45.129+0000] {logging_mixin.py:151} INFO - #False
[2024-01-20T04:11:45.129+0000] {logging_mixin.py:151} INFO - #False
[2024-01-20T04:11:45.129+0000] {logging_mixin.py:151} INFO - #False
[2024-01-20T04:11:45.130+0000] {logging_mixin.py:151} INFO - #False
[2024-01-20T04:11:45.130+0000] {logging_mixin.py:151} INFO - #False
[2024-01-20T04:11:45.131+0000] {logging_mixin.py:151} INFO - #False
[2024-01-20T04:11:45.131+0000] {logging_mixin.py:151} INFO - #False
[2024-01-20T04:11:45.131+0000] {logging_mixin.py:151} INFO - #False
[2024-01-20T04:11:45.132+0000] {logging_mixin.py:151} INFO - #False
[2024-01-20T04:11:45.132+0000] {logging_mixin.py:151} INFO - #False
[2024-01-20T04:11:45.133+0000] {logging_mixin.py:151} INFO - #False
[2024-01-20T04:11:45.133+0000] {logging_mixin.py:151} INFO - #False
[2024-01-20T04:11:45.133+0000] {logging_mixin.py:151} INFO - #False
[2024-01-20T04:11:45.134+0000] {logging_mixin.py:151} INFO - #False
[2024-01-20T04:11:45.134+0000] {logging_mixin.py:151} INFO - #False
[2024-01-20T04:11:45.134+0000] {logging_mixin.py:151} INFO - #False
[2024-01-20T04:11:45.135+0000] {logging_mixin.py:151} INFO - #False
[2024-01-20T04:11:45.135+0000] {logging_mixin.py:151} INFO - #False
[2024-01-20T04:11:45.136+0000] {logging_mixin.py:151} INFO - #False
[2024-01-20T04:11:45.136+0000] {logging_mixin.py:151} INFO - #False
[2024-01-20T04:11:45.137+0000] {logging_mixin.py:151} INFO -  submission : 
[2024-01-20T04:11:45.689+0000] {logging_mixin.py:151} INFO - #False
[2024-01-20T04:11:45.690+0000] {logging_mixin.py:151} INFO - #False
[2024-01-20T04:11:45.690+0000] {logging_mixin.py:151} INFO - #False
[2024-01-20T04:11:45.691+0000] {logging_mixin.py:151} INFO - #False
[2024-01-20T04:11:45.691+0000] {logging_mixin.py:151} INFO - #False
[2024-01-20T04:11:45.691+0000] {logging_mixin.py:151} INFO - #False
[2024-01-20T04:11:45.692+0000] {logging_mixin.py:151} INFO - #False
[2024-01-20T04:11:45.692+0000] {logging_mixin.py:151} INFO - #False
[2024-01-20T04:11:45.692+0000] {logging_mixin.py:151} INFO - #False
[2024-01-20T04:11:45.693+0000] {logging_mixin.py:151} INFO - #False
[2024-01-20T04:11:45.693+0000] {logging_mixin.py:151} INFO - #False
[2024-01-20T04:11:45.693+0000] {logging_mixin.py:151} INFO - #False
[2024-01-20T04:11:45.694+0000] {logging_mixin.py:151} INFO - #False
[2024-01-20T04:11:45.694+0000] {logging_mixin.py:151} INFO - #False
[2024-01-20T04:11:45.695+0000] {logging_mixin.py:151} INFO - #False
[2024-01-20T04:11:45.695+0000] {logging_mixin.py:151} INFO - #False
[2024-01-20T04:11:45.695+0000] {logging_mixin.py:151} INFO - #False
[2024-01-20T04:11:45.695+0000] {logging_mixin.py:151} INFO - #False
[2024-01-20T04:11:45.696+0000] {logging_mixin.py:151} INFO - #False
[2024-01-20T04:11:45.696+0000] {logging_mixin.py:151} INFO - #False
[2024-01-20T04:11:45.696+0000] {logging_mixin.py:151} INFO - #False
[2024-01-20T04:11:45.696+0000] {logging_mixin.py:151} INFO - #False
[2024-01-20T04:11:45.697+0000] {logging_mixin.py:151} INFO - #False
[2024-01-20T04:11:45.697+0000] {logging_mixin.py:151} INFO - #False
[2024-01-20T04:11:45.697+0000] {logging_mixin.py:151} INFO - #False
[2024-01-20T04:11:45.697+0000] {logging_mixin.py:151} INFO - #False
[2024-01-20T04:11:45.697+0000] {logging_mixin.py:151} INFO - #False
[2024-01-20T04:11:45.698+0000] {logging_mixin.py:151} INFO - #False
[2024-01-20T04:11:45.698+0000] {logging_mixin.py:151} INFO - #False
[2024-01-20T04:11:45.698+0000] {logging_mixin.py:151} INFO - #False
[2024-01-20T04:11:45.699+0000] {logging_mixin.py:151} INFO -  submission : 
[2024-01-20T04:11:46.031+0000] {logging_mixin.py:151} INFO - #False
[2024-01-20T04:11:46.032+0000] {logging_mixin.py:151} INFO - #False
[2024-01-20T04:11:46.032+0000] {logging_mixin.py:151} INFO - #False
[2024-01-20T04:11:46.033+0000] {logging_mixin.py:151} INFO - #False
[2024-01-20T04:11:46.034+0000] {logging_mixin.py:151} INFO - #False
[2024-01-20T04:11:46.034+0000] {logging_mixin.py:151} INFO - #False
[2024-01-20T04:11:46.034+0000] {logging_mixin.py:151} INFO - #False
[2024-01-20T04:11:46.035+0000] {logging_mixin.py:151} INFO - #False
[2024-01-20T04:11:46.035+0000] {logging_mixin.py:151} INFO - #False
[2024-01-20T04:11:46.035+0000] {logging_mixin.py:151} INFO - #False
[2024-01-20T04:11:46.036+0000] {logging_mixin.py:151} INFO - #False
[2024-01-20T04:11:46.036+0000] {logging_mixin.py:151} INFO - #False
[2024-01-20T04:11:46.036+0000] {logging_mixin.py:151} INFO - #False
[2024-01-20T04:11:46.037+0000] {logging_mixin.py:151} INFO - #False
[2024-01-20T04:11:46.037+0000] {logging_mixin.py:151} INFO - #False
[2024-01-20T04:11:46.038+0000] {logging_mixin.py:151} INFO - #False
[2024-01-20T04:11:46.038+0000] {logging_mixin.py:151} INFO - #False
[2024-01-20T04:11:46.039+0000] {logging_mixin.py:151} INFO - #False
[2024-01-20T04:11:46.039+0000] {logging_mixin.py:151} INFO - #False
[2024-01-20T04:11:46.039+0000] {logging_mixin.py:151} INFO - #False
[2024-01-20T04:11:46.039+0000] {logging_mixin.py:151} INFO - #False
[2024-01-20T04:11:46.040+0000] {logging_mixin.py:151} INFO - #False
[2024-01-20T04:11:46.040+0000] {logging_mixin.py:151} INFO - #False
[2024-01-20T04:11:46.040+0000] {logging_mixin.py:151} INFO - #False
[2024-01-20T04:11:46.041+0000] {logging_mixin.py:151} INFO - #False
[2024-01-20T04:11:46.041+0000] {logging_mixin.py:151} INFO - #False
[2024-01-20T04:11:46.041+0000] {logging_mixin.py:151} INFO - #False
[2024-01-20T04:11:46.041+0000] {logging_mixin.py:151} INFO - #False
[2024-01-20T04:11:46.042+0000] {logging_mixin.py:151} INFO - #False
[2024-01-20T04:11:46.042+0000] {logging_mixin.py:151} INFO - #False
[2024-01-20T04:11:46.043+0000] {logging_mixin.py:151} INFO -  submission : 
[2024-01-20T04:11:46.479+0000] {logging_mixin.py:151} INFO - #False
[2024-01-20T04:11:46.479+0000] {logging_mixin.py:151} INFO - #False
[2024-01-20T04:11:46.480+0000] {logging_mixin.py:151} INFO - #False
[2024-01-20T04:11:46.480+0000] {logging_mixin.py:151} INFO - #False
[2024-01-20T04:11:46.480+0000] {logging_mixin.py:151} INFO - #False
[2024-01-20T04:11:46.481+0000] {logging_mixin.py:151} INFO - #False
[2024-01-20T04:11:46.481+0000] {logging_mixin.py:151} INFO - #False
[2024-01-20T04:11:46.481+0000] {logging_mixin.py:151} INFO - #False
[2024-01-20T04:11:46.481+0000] {logging_mixin.py:151} INFO - #False
[2024-01-20T04:11:46.481+0000] {logging_mixin.py:151} INFO - #False
[2024-01-20T04:11:46.482+0000] {logging_mixin.py:151} INFO - #False
[2024-01-20T04:11:46.482+0000] {logging_mixin.py:151} INFO - #False
[2024-01-20T04:11:46.482+0000] {logging_mixin.py:151} INFO - #False
[2024-01-20T04:11:46.482+0000] {logging_mixin.py:151} INFO - #False
[2024-01-20T04:11:46.483+0000] {logging_mixin.py:151} INFO - #False
[2024-01-20T04:11:46.483+0000] {logging_mixin.py:151} INFO - #False
[2024-01-20T04:11:46.484+0000] {logging_mixin.py:151} INFO - #False
[2024-01-20T04:11:46.484+0000] {logging_mixin.py:151} INFO - #False
[2024-01-20T04:11:46.484+0000] {logging_mixin.py:151} INFO - #False
[2024-01-20T04:11:46.484+0000] {logging_mixin.py:151} INFO - #False
[2024-01-20T04:11:46.485+0000] {logging_mixin.py:151} INFO - #False
[2024-01-20T04:11:46.485+0000] {logging_mixin.py:151} INFO - #False
[2024-01-20T04:11:46.485+0000] {logging_mixin.py:151} INFO - #False
[2024-01-20T04:11:46.485+0000] {logging_mixin.py:151} INFO - #False
[2024-01-20T04:11:46.485+0000] {logging_mixin.py:151} INFO - #False
[2024-01-20T04:11:46.486+0000] {logging_mixin.py:151} INFO - #False
[2024-01-20T04:11:46.486+0000] {logging_mixin.py:151} INFO - #False
[2024-01-20T04:11:46.486+0000] {logging_mixin.py:151} INFO - #False
[2024-01-20T04:11:46.486+0000] {logging_mixin.py:151} INFO - #False
[2024-01-20T04:11:46.486+0000] {logging_mixin.py:151} INFO - #False
[2024-01-20T04:11:46.487+0000] {logging_mixin.py:151} INFO -  submission : 
[2024-01-20T04:11:46.880+0000] {logging_mixin.py:151} INFO - #False
[2024-01-20T04:11:46.880+0000] {logging_mixin.py:151} INFO - #False
[2024-01-20T04:11:46.881+0000] {logging_mixin.py:151} INFO - #False
[2024-01-20T04:11:46.881+0000] {logging_mixin.py:151} INFO - #False
[2024-01-20T04:11:46.881+0000] {logging_mixin.py:151} INFO - #False
[2024-01-20T04:11:46.882+0000] {logging_mixin.py:151} INFO - #False
[2024-01-20T04:11:46.882+0000] {logging_mixin.py:151} INFO - #False
[2024-01-20T04:11:46.882+0000] {logging_mixin.py:151} INFO - #False
[2024-01-20T04:11:46.883+0000] {logging_mixin.py:151} INFO - #False
[2024-01-20T04:11:46.883+0000] {logging_mixin.py:151} INFO - #False
[2024-01-20T04:11:46.883+0000] {logging_mixin.py:151} INFO - #False
[2024-01-20T04:11:46.884+0000] {logging_mixin.py:151} INFO - #False
[2024-01-20T04:11:46.884+0000] {logging_mixin.py:151} INFO - #False
[2024-01-20T04:11:46.884+0000] {logging_mixin.py:151} INFO - #False
[2024-01-20T04:11:46.885+0000] {logging_mixin.py:151} INFO - #False
[2024-01-20T04:11:46.885+0000] {logging_mixin.py:151} INFO - #False
[2024-01-20T04:11:46.886+0000] {logging_mixin.py:151} INFO - #False
[2024-01-20T04:11:46.886+0000] {logging_mixin.py:151} INFO - #False
[2024-01-20T04:11:46.886+0000] {logging_mixin.py:151} INFO - #False
[2024-01-20T04:11:46.887+0000] {logging_mixin.py:151} INFO - #False
[2024-01-20T04:11:46.887+0000] {logging_mixin.py:151} INFO - #False
[2024-01-20T04:11:46.887+0000] {logging_mixin.py:151} INFO - #False
[2024-01-20T04:11:46.888+0000] {logging_mixin.py:151} INFO - #False
[2024-01-20T04:11:46.888+0000] {logging_mixin.py:151} INFO - #False
[2024-01-20T04:11:46.888+0000] {logging_mixin.py:151} INFO - #False
[2024-01-20T04:11:46.888+0000] {logging_mixin.py:151} INFO - #False
[2024-01-20T04:11:46.889+0000] {logging_mixin.py:151} INFO - #False
[2024-01-20T04:11:46.889+0000] {logging_mixin.py:151} INFO - #False
[2024-01-20T04:11:46.889+0000] {logging_mixin.py:151} INFO - #False
[2024-01-20T04:11:46.890+0000] {logging_mixin.py:151} INFO - #False
[2024-01-20T04:11:46.890+0000] {logging_mixin.py:151} INFO -  submission : 
[2024-01-20T04:11:47.504+0000] {logging_mixin.py:151} INFO - #False
[2024-01-20T04:11:47.504+0000] {logging_mixin.py:151} INFO - #False
[2024-01-20T04:11:47.505+0000] {logging_mixin.py:151} INFO - #False
[2024-01-20T04:11:47.505+0000] {logging_mixin.py:151} INFO - #False
[2024-01-20T04:11:47.505+0000] {logging_mixin.py:151} INFO - #False
[2024-01-20T04:11:47.506+0000] {logging_mixin.py:151} INFO - #False
[2024-01-20T04:11:47.507+0000] {logging_mixin.py:151} INFO - #False
[2024-01-20T04:11:47.507+0000] {logging_mixin.py:151} INFO - #False
[2024-01-20T04:11:47.508+0000] {logging_mixin.py:151} INFO - #False
[2024-01-20T04:11:47.508+0000] {logging_mixin.py:151} INFO - #False
[2024-01-20T04:11:47.508+0000] {logging_mixin.py:151} INFO - #False
[2024-01-20T04:11:47.509+0000] {logging_mixin.py:151} INFO - #False
[2024-01-20T04:11:47.509+0000] {logging_mixin.py:151} INFO - #False
[2024-01-20T04:11:47.509+0000] {logging_mixin.py:151} INFO - #False
[2024-01-20T04:11:47.509+0000] {logging_mixin.py:151} INFO - #False
[2024-01-20T04:11:47.510+0000] {logging_mixin.py:151} INFO - #False
[2024-01-20T04:11:47.510+0000] {logging_mixin.py:151} INFO - #False
[2024-01-20T04:11:47.511+0000] {logging_mixin.py:151} INFO - #False
[2024-01-20T04:11:47.512+0000] {logging_mixin.py:151} INFO - #False
[2024-01-20T04:11:47.512+0000] {logging_mixin.py:151} INFO - #False
[2024-01-20T04:11:47.513+0000] {logging_mixin.py:151} INFO - #False
[2024-01-20T04:11:47.513+0000] {logging_mixin.py:151} INFO - #False
[2024-01-20T04:11:47.514+0000] {logging_mixin.py:151} INFO - #False
[2024-01-20T04:11:47.514+0000] {logging_mixin.py:151} INFO - #False
[2024-01-20T04:11:47.514+0000] {logging_mixin.py:151} INFO - #False
[2024-01-20T04:11:47.514+0000] {logging_mixin.py:151} INFO - #False
[2024-01-20T04:11:47.515+0000] {logging_mixin.py:151} INFO - #False
[2024-01-20T04:11:47.515+0000] {logging_mixin.py:151} INFO - #False
[2024-01-20T04:11:47.516+0000] {logging_mixin.py:151} INFO - #False
[2024-01-20T04:11:47.516+0000] {logging_mixin.py:151} INFO - #False
[2024-01-20T04:11:47.517+0000] {logging_mixin.py:151} INFO -  submission : 
[2024-01-20T04:11:48.073+0000] {logging_mixin.py:151} INFO - #False
[2024-01-20T04:11:48.074+0000] {logging_mixin.py:151} INFO - #False
[2024-01-20T04:11:48.075+0000] {logging_mixin.py:151} INFO - #False
[2024-01-20T04:11:48.075+0000] {logging_mixin.py:151} INFO - #False
[2024-01-20T04:11:48.075+0000] {logging_mixin.py:151} INFO - #False
[2024-01-20T04:11:48.075+0000] {logging_mixin.py:151} INFO - #False
[2024-01-20T04:11:48.076+0000] {logging_mixin.py:151} INFO - #False
[2024-01-20T04:11:48.076+0000] {logging_mixin.py:151} INFO - #False
[2024-01-20T04:11:48.076+0000] {logging_mixin.py:151} INFO - #False
[2024-01-20T04:11:48.077+0000] {logging_mixin.py:151} INFO - #False
[2024-01-20T04:11:48.077+0000] {logging_mixin.py:151} INFO - #False
[2024-01-20T04:11:48.077+0000] {logging_mixin.py:151} INFO - #False
[2024-01-20T04:11:48.077+0000] {logging_mixin.py:151} INFO - #False
[2024-01-20T04:11:48.078+0000] {logging_mixin.py:151} INFO - #False
[2024-01-20T04:11:48.078+0000] {logging_mixin.py:151} INFO - #False
[2024-01-20T04:11:48.078+0000] {logging_mixin.py:151} INFO - #False
[2024-01-20T04:11:48.078+0000] {logging_mixin.py:151} INFO - #False
[2024-01-20T04:11:48.078+0000] {logging_mixin.py:151} INFO - #False
[2024-01-20T04:11:48.079+0000] {logging_mixin.py:151} INFO - #False
[2024-01-20T04:11:48.079+0000] {logging_mixin.py:151} INFO - #False
[2024-01-20T04:11:48.079+0000] {logging_mixin.py:151} INFO - #False
[2024-01-20T04:11:48.079+0000] {logging_mixin.py:151} INFO - #False
[2024-01-20T04:11:48.080+0000] {logging_mixin.py:151} INFO - #False
[2024-01-20T04:11:48.080+0000] {logging_mixin.py:151} INFO - #False
[2024-01-20T04:11:48.080+0000] {logging_mixin.py:151} INFO - #False
[2024-01-20T04:11:48.080+0000] {logging_mixin.py:151} INFO - #False
[2024-01-20T04:11:48.081+0000] {logging_mixin.py:151} INFO - #False
[2024-01-20T04:11:48.081+0000] {logging_mixin.py:151} INFO - #False
[2024-01-20T04:11:48.081+0000] {logging_mixin.py:151} INFO - #False
[2024-01-20T04:11:48.082+0000] {logging_mixin.py:151} INFO - #False
[2024-01-20T04:11:48.082+0000] {conn.py:919} INFO - <BrokerConnection node_id=1 host=broker:29092 <connected> [IPv4 ('172.19.0.8', 29092)]>: Closing connection. 
[2024-01-20T04:11:48.083+0000] {python.py:194} INFO - Done. Returned value was: None
[2024-01-20T04:11:48.090+0000] {taskinstance.py:1400} INFO - Marking task as SUCCESS. dag_id=Kafka_Producer_1, task_id=Reddit, execution_date=20240120T041020, start_date=20240120T041143, end_date=20240120T041148
[2024-01-20T04:11:48.204+0000] {local_task_job_runner.py:228} INFO - Task exited with return code 0
[2024-01-20T04:11:48.216+0000] {taskinstance.py:2784} INFO - 0 downstream tasks scheduled from follow-on schedule check
