[2024-01-20T05:10:26.468+0000] {taskinstance.py:1159} INFO - Dependencies all met for dep_context=non-requeueable deps ti=<TaskInstance: Kafka_Producer_5.Reddit scheduled__2024-01-20T05:09:13.643667+00:00 [queued]>
[2024-01-20T05:10:26.474+0000] {taskinstance.py:1159} INFO - Dependencies all met for dep_context=requeueable deps ti=<TaskInstance: Kafka_Producer_5.Reddit scheduled__2024-01-20T05:09:13.643667+00:00 [queued]>
[2024-01-20T05:10:26.474+0000] {taskinstance.py:1361} INFO - Starting attempt 1 of 1
[2024-01-20T05:10:26.484+0000] {taskinstance.py:1382} INFO - Executing <Task(PythonOperator): Reddit> on 2024-01-20 05:09:13.643667+00:00
[2024-01-20T05:10:26.488+0000] {standard_task_runner.py:57} INFO - Started process 9586 to run task
[2024-01-20T05:10:26.490+0000] {standard_task_runner.py:84} INFO - Running: ['***', 'tasks', 'run', 'Kafka_Producer_5', 'Reddit', 'scheduled__2024-01-20T05:09:13.643667+00:00', '--job-id', '471', '--raw', '--subdir', 'DAGS_FOLDER/kafka_stream_5.py', '--cfg-path', '/tmp/tmpr9huuo0i']
[2024-01-20T05:10:26.491+0000] {standard_task_runner.py:85} INFO - Job 471: Subtask Reddit
[2024-01-20T05:10:26.529+0000] {task_command.py:415} INFO - Running <TaskInstance: Kafka_Producer_5.Reddit scheduled__2024-01-20T05:09:13.643667+00:00 [running]> on host 45c5bfab8aa1
[2024-01-20T05:10:26.595+0000] {taskinstance.py:1660} INFO - Exporting env vars: AIRFLOW_CTX_DAG_OWNER='me' AIRFLOW_CTX_DAG_ID='Kafka_Producer_5' AIRFLOW_CTX_TASK_ID='Reddit' AIRFLOW_CTX_EXECUTION_DATE='2024-01-20T05:09:13.643667+00:00' AIRFLOW_CTX_TRY_NUMBER='1' AIRFLOW_CTX_DAG_RUN_ID='scheduled__2024-01-20T05:09:13.643667+00:00'
[2024-01-20T05:10:26.628+0000] {logging_mixin.py:151} INFO -  submission : 
[2024-01-20T05:10:27.424+0000] {logging_mixin.py:151} INFO - #False
[2024-01-20T05:10:27.424+0000] {logging_mixin.py:151} INFO - #False
[2024-01-20T05:10:27.425+0000] {logging_mixin.py:151} INFO - #False
[2024-01-20T05:10:27.425+0000] {logging_mixin.py:151} INFO - #False
[2024-01-20T05:10:27.425+0000] {logging_mixin.py:151} INFO - #False
[2024-01-20T05:10:27.426+0000] {logging_mixin.py:151} INFO - #False
[2024-01-20T05:10:27.426+0000] {logging_mixin.py:151} INFO - #False
[2024-01-20T05:10:27.427+0000] {logging_mixin.py:151} INFO - #False
[2024-01-20T05:10:27.427+0000] {logging_mixin.py:151} INFO - #False
[2024-01-20T05:10:27.427+0000] {logging_mixin.py:151} INFO - #False
[2024-01-20T05:10:27.427+0000] {logging_mixin.py:151} INFO - #False
[2024-01-20T05:10:27.428+0000] {logging_mixin.py:151} INFO - #False
[2024-01-20T05:10:27.428+0000] {logging_mixin.py:151} INFO - #False
[2024-01-20T05:10:27.428+0000] {logging_mixin.py:151} INFO - #False
[2024-01-20T05:10:27.428+0000] {logging_mixin.py:151} INFO - #False
[2024-01-20T05:10:27.428+0000] {logging_mixin.py:151} INFO - #False
[2024-01-20T05:10:27.428+0000] {logging_mixin.py:151} INFO - #False
[2024-01-20T05:10:27.429+0000] {logging_mixin.py:151} INFO - #False
[2024-01-20T05:10:27.429+0000] {logging_mixin.py:151} INFO - #False
[2024-01-20T05:10:27.429+0000] {logging_mixin.py:151} INFO - #False
[2024-01-20T05:10:27.429+0000] {logging_mixin.py:151} INFO - #False
[2024-01-20T05:10:27.429+0000] {logging_mixin.py:151} INFO - #False
[2024-01-20T05:10:27.430+0000] {logging_mixin.py:151} INFO - #False
[2024-01-20T05:10:27.430+0000] {logging_mixin.py:151} INFO - #False
[2024-01-20T05:10:27.430+0000] {logging_mixin.py:151} INFO - #False
[2024-01-20T05:10:27.430+0000] {logging_mixin.py:151} INFO - #False
[2024-01-20T05:10:27.430+0000] {logging_mixin.py:151} INFO - #False
[2024-01-20T05:10:27.430+0000] {logging_mixin.py:151} INFO - #False
[2024-01-20T05:10:27.431+0000] {logging_mixin.py:151} INFO - #False
[2024-01-20T05:10:27.431+0000] {logging_mixin.py:151} INFO - #False
[2024-01-20T05:10:27.431+0000] {logging_mixin.py:151} INFO -  submission : 
[2024-01-20T05:10:27.964+0000] {logging_mixin.py:151} INFO - #False
[2024-01-20T05:10:27.964+0000] {logging_mixin.py:151} INFO - #False
[2024-01-20T05:10:27.965+0000] {logging_mixin.py:151} INFO - #False
[2024-01-20T05:10:27.965+0000] {logging_mixin.py:151} INFO - #False
[2024-01-20T05:10:27.966+0000] {logging_mixin.py:151} INFO - #False
[2024-01-20T05:10:27.966+0000] {logging_mixin.py:151} INFO - #False
[2024-01-20T05:10:27.967+0000] {logging_mixin.py:151} INFO - #False
[2024-01-20T05:10:27.967+0000] {logging_mixin.py:151} INFO - #False
[2024-01-20T05:10:27.967+0000] {logging_mixin.py:151} INFO - #False
[2024-01-20T05:10:27.968+0000] {logging_mixin.py:151} INFO - #False
[2024-01-20T05:10:27.968+0000] {logging_mixin.py:151} INFO - #False
[2024-01-20T05:10:27.968+0000] {logging_mixin.py:151} INFO - #False
[2024-01-20T05:10:27.968+0000] {logging_mixin.py:151} INFO - #False
[2024-01-20T05:10:27.968+0000] {logging_mixin.py:151} INFO - #False
[2024-01-20T05:10:27.969+0000] {logging_mixin.py:151} INFO - #False
[2024-01-20T05:10:27.969+0000] {logging_mixin.py:151} INFO - #False
[2024-01-20T05:10:27.969+0000] {logging_mixin.py:151} INFO - #False
[2024-01-20T05:10:27.970+0000] {logging_mixin.py:151} INFO - #False
[2024-01-20T05:10:27.970+0000] {logging_mixin.py:151} INFO - #False
[2024-01-20T05:10:27.970+0000] {logging_mixin.py:151} INFO - #False
[2024-01-20T05:10:27.970+0000] {logging_mixin.py:151} INFO - #False
[2024-01-20T05:10:27.971+0000] {logging_mixin.py:151} INFO - #False
[2024-01-20T05:10:27.971+0000] {logging_mixin.py:151} INFO - #False
[2024-01-20T05:10:27.971+0000] {logging_mixin.py:151} INFO - #False
[2024-01-20T05:10:27.972+0000] {logging_mixin.py:151} INFO - #False
[2024-01-20T05:10:27.972+0000] {logging_mixin.py:151} INFO - #False
[2024-01-20T05:10:27.972+0000] {logging_mixin.py:151} INFO - #False
[2024-01-20T05:10:27.972+0000] {logging_mixin.py:151} INFO - #False
[2024-01-20T05:10:27.972+0000] {logging_mixin.py:151} INFO - #False
[2024-01-20T05:10:27.973+0000] {logging_mixin.py:151} INFO - #False
[2024-01-20T05:10:27.973+0000] {logging_mixin.py:151} INFO -  submission : 
[2024-01-20T05:10:28.749+0000] {logging_mixin.py:151} INFO - #False
[2024-01-20T05:10:28.750+0000] {logging_mixin.py:151} INFO - #False
[2024-01-20T05:10:28.750+0000] {logging_mixin.py:151} INFO - #False
[2024-01-20T05:10:28.751+0000] {logging_mixin.py:151} INFO - #False
[2024-01-20T05:10:28.751+0000] {logging_mixin.py:151} INFO - #False
[2024-01-20T05:10:28.751+0000] {logging_mixin.py:151} INFO - #False
[2024-01-20T05:10:28.752+0000] {logging_mixin.py:151} INFO - #False
[2024-01-20T05:10:28.752+0000] {logging_mixin.py:151} INFO - #False
[2024-01-20T05:10:28.752+0000] {logging_mixin.py:151} INFO - #False
[2024-01-20T05:10:28.752+0000] {logging_mixin.py:151} INFO - #False
[2024-01-20T05:10:28.753+0000] {logging_mixin.py:151} INFO - #False
[2024-01-20T05:10:28.753+0000] {logging_mixin.py:151} INFO - #False
[2024-01-20T05:10:28.754+0000] {logging_mixin.py:151} INFO - #False
[2024-01-20T05:10:28.754+0000] {logging_mixin.py:151} INFO - #False
[2024-01-20T05:10:28.754+0000] {logging_mixin.py:151} INFO - #False
[2024-01-20T05:10:28.754+0000] {logging_mixin.py:151} INFO - #False
[2024-01-20T05:10:28.754+0000] {logging_mixin.py:151} INFO - #False
[2024-01-20T05:10:28.755+0000] {logging_mixin.py:151} INFO - #False
[2024-01-20T05:10:28.755+0000] {logging_mixin.py:151} INFO - #False
[2024-01-20T05:10:28.755+0000] {logging_mixin.py:151} INFO - #False
[2024-01-20T05:10:28.756+0000] {logging_mixin.py:151} INFO - #False
[2024-01-20T05:10:28.756+0000] {logging_mixin.py:151} INFO - #False
[2024-01-20T05:10:28.756+0000] {logging_mixin.py:151} INFO - #False
[2024-01-20T05:10:28.757+0000] {logging_mixin.py:151} INFO - #False
[2024-01-20T05:10:28.757+0000] {logging_mixin.py:151} INFO - #False
[2024-01-20T05:10:28.757+0000] {logging_mixin.py:151} INFO - #False
[2024-01-20T05:10:28.758+0000] {logging_mixin.py:151} INFO - #False
[2024-01-20T05:10:28.758+0000] {logging_mixin.py:151} INFO - #False
[2024-01-20T05:10:28.758+0000] {logging_mixin.py:151} INFO - #False
[2024-01-20T05:10:28.759+0000] {logging_mixin.py:151} INFO - #False
[2024-01-20T05:10:28.759+0000] {logging_mixin.py:151} INFO -  submission : 
[2024-01-20T05:10:29.166+0000] {logging_mixin.py:151} INFO - #False
[2024-01-20T05:10:29.166+0000] {logging_mixin.py:151} INFO - #False
[2024-01-20T05:10:29.167+0000] {logging_mixin.py:151} INFO - #False
[2024-01-20T05:10:29.167+0000] {logging_mixin.py:151} INFO - #False
[2024-01-20T05:10:29.167+0000] {logging_mixin.py:151} INFO - #False
[2024-01-20T05:10:29.167+0000] {logging_mixin.py:151} INFO - #False
[2024-01-20T05:10:29.168+0000] {logging_mixin.py:151} INFO - #False
[2024-01-20T05:10:29.168+0000] {logging_mixin.py:151} INFO - #False
[2024-01-20T05:10:29.168+0000] {logging_mixin.py:151} INFO - #False
[2024-01-20T05:10:29.168+0000] {logging_mixin.py:151} INFO - #False
[2024-01-20T05:10:29.168+0000] {logging_mixin.py:151} INFO - #False
[2024-01-20T05:10:29.169+0000] {logging_mixin.py:151} INFO - #False
[2024-01-20T05:10:29.169+0000] {logging_mixin.py:151} INFO - #False
[2024-01-20T05:10:29.169+0000] {logging_mixin.py:151} INFO - #False
[2024-01-20T05:10:29.169+0000] {logging_mixin.py:151} INFO - #False
[2024-01-20T05:10:29.170+0000] {logging_mixin.py:151} INFO - #False
[2024-01-20T05:10:29.170+0000] {logging_mixin.py:151} INFO - #False
[2024-01-20T05:10:29.170+0000] {logging_mixin.py:151} INFO - #False
[2024-01-20T05:10:29.170+0000] {logging_mixin.py:151} INFO - #False
[2024-01-20T05:10:29.170+0000] {logging_mixin.py:151} INFO - #False
[2024-01-20T05:10:29.171+0000] {logging_mixin.py:151} INFO - #False
[2024-01-20T05:10:29.171+0000] {logging_mixin.py:151} INFO - #False
[2024-01-20T05:10:29.171+0000] {logging_mixin.py:151} INFO - #False
[2024-01-20T05:10:29.171+0000] {logging_mixin.py:151} INFO - #False
[2024-01-20T05:10:29.172+0000] {logging_mixin.py:151} INFO - #False
[2024-01-20T05:10:29.172+0000] {logging_mixin.py:151} INFO - #False
[2024-01-20T05:10:29.172+0000] {logging_mixin.py:151} INFO - #False
[2024-01-20T05:10:29.172+0000] {logging_mixin.py:151} INFO - #False
[2024-01-20T05:10:29.172+0000] {logging_mixin.py:151} INFO - #False
[2024-01-20T05:10:29.173+0000] {logging_mixin.py:151} INFO - #False
[2024-01-20T05:10:29.173+0000] {logging_mixin.py:151} INFO -  submission : 
[2024-01-20T05:10:29.618+0000] {logging_mixin.py:151} INFO - #False
[2024-01-20T05:10:29.619+0000] {logging_mixin.py:151} INFO - #False
[2024-01-20T05:10:29.619+0000] {logging_mixin.py:151} INFO - #False
[2024-01-20T05:10:29.619+0000] {logging_mixin.py:151} INFO - #False
[2024-01-20T05:10:29.620+0000] {logging_mixin.py:151} INFO - #False
[2024-01-20T05:10:29.620+0000] {logging_mixin.py:151} INFO - #False
[2024-01-20T05:10:29.620+0000] {logging_mixin.py:151} INFO - #False
[2024-01-20T05:10:29.620+0000] {logging_mixin.py:151} INFO - #False
[2024-01-20T05:10:29.621+0000] {logging_mixin.py:151} INFO - #False
[2024-01-20T05:10:29.621+0000] {logging_mixin.py:151} INFO - #False
[2024-01-20T05:10:29.621+0000] {logging_mixin.py:151} INFO - #False
[2024-01-20T05:10:29.621+0000] {logging_mixin.py:151} INFO - #False
[2024-01-20T05:10:29.621+0000] {logging_mixin.py:151} INFO - #False
[2024-01-20T05:10:29.622+0000] {logging_mixin.py:151} INFO - #False
[2024-01-20T05:10:29.622+0000] {logging_mixin.py:151} INFO - #False
[2024-01-20T05:10:29.622+0000] {logging_mixin.py:151} INFO - #False
[2024-01-20T05:10:29.622+0000] {logging_mixin.py:151} INFO - #False
[2024-01-20T05:10:29.622+0000] {logging_mixin.py:151} INFO - #False
[2024-01-20T05:10:29.623+0000] {logging_mixin.py:151} INFO - #False
[2024-01-20T05:10:29.623+0000] {logging_mixin.py:151} INFO - #False
[2024-01-20T05:10:29.623+0000] {logging_mixin.py:151} INFO - #False
[2024-01-20T05:10:29.623+0000] {logging_mixin.py:151} INFO - #False
[2024-01-20T05:10:29.623+0000] {logging_mixin.py:151} INFO - #False
[2024-01-20T05:10:29.624+0000] {logging_mixin.py:151} INFO - #False
[2024-01-20T05:10:29.624+0000] {logging_mixin.py:151} INFO - #False
[2024-01-20T05:10:29.624+0000] {logging_mixin.py:151} INFO - #False
[2024-01-20T05:10:29.624+0000] {logging_mixin.py:151} INFO - #False
[2024-01-20T05:10:29.624+0000] {logging_mixin.py:151} INFO - #False
[2024-01-20T05:10:29.624+0000] {logging_mixin.py:151} INFO - #False
[2024-01-20T05:10:29.625+0000] {logging_mixin.py:151} INFO - #False
[2024-01-20T05:10:29.625+0000] {logging_mixin.py:151} INFO -  submission : 
[2024-01-20T05:10:30.098+0000] {logging_mixin.py:151} INFO - #False
[2024-01-20T05:10:30.099+0000] {logging_mixin.py:151} INFO - #False
[2024-01-20T05:10:30.099+0000] {logging_mixin.py:151} INFO - #False
[2024-01-20T05:10:30.099+0000] {logging_mixin.py:151} INFO - #False
[2024-01-20T05:10:30.100+0000] {logging_mixin.py:151} INFO - #False
[2024-01-20T05:10:30.100+0000] {logging_mixin.py:151} INFO - #False
[2024-01-20T05:10:30.100+0000] {logging_mixin.py:151} INFO - #False
[2024-01-20T05:10:30.100+0000] {logging_mixin.py:151} INFO - #False
[2024-01-20T05:10:30.101+0000] {logging_mixin.py:151} INFO - #False
[2024-01-20T05:10:30.101+0000] {logging_mixin.py:151} INFO - #False
[2024-01-20T05:10:30.101+0000] {logging_mixin.py:151} INFO - #False
[2024-01-20T05:10:30.101+0000] {logging_mixin.py:151} INFO - #False
[2024-01-20T05:10:30.105+0000] {logging_mixin.py:151} INFO - #False
[2024-01-20T05:10:30.105+0000] {logging_mixin.py:151} INFO - #False
[2024-01-20T05:10:30.105+0000] {logging_mixin.py:151} INFO - #False
[2024-01-20T05:10:30.106+0000] {logging_mixin.py:151} INFO - #False
[2024-01-20T05:10:30.106+0000] {logging_mixin.py:151} INFO - #False
[2024-01-20T05:10:30.106+0000] {logging_mixin.py:151} INFO - #False
[2024-01-20T05:10:30.106+0000] {logging_mixin.py:151} INFO - #False
[2024-01-20T05:10:30.106+0000] {logging_mixin.py:151} INFO - #False
[2024-01-20T05:10:30.107+0000] {logging_mixin.py:151} INFO - #False
[2024-01-20T05:10:30.107+0000] {logging_mixin.py:151} INFO - #False
[2024-01-20T05:10:30.107+0000] {logging_mixin.py:151} INFO - #False
[2024-01-20T05:10:30.107+0000] {logging_mixin.py:151} INFO - #False
[2024-01-20T05:10:30.107+0000] {logging_mixin.py:151} INFO - #False
[2024-01-20T05:10:30.107+0000] {logging_mixin.py:151} INFO - #False
[2024-01-20T05:10:30.108+0000] {logging_mixin.py:151} INFO - #False
[2024-01-20T05:10:30.108+0000] {logging_mixin.py:151} INFO - #False
[2024-01-20T05:10:30.108+0000] {logging_mixin.py:151} INFO - #False
[2024-01-20T05:10:30.108+0000] {logging_mixin.py:151} INFO - #False
[2024-01-20T05:10:30.108+0000] {logging_mixin.py:151} INFO -  submission : 
[2024-01-20T05:10:30.705+0000] {logging_mixin.py:151} INFO - #False
[2024-01-20T05:10:30.705+0000] {logging_mixin.py:151} INFO - #False
[2024-01-20T05:10:30.705+0000] {logging_mixin.py:151} INFO - #False
[2024-01-20T05:10:30.706+0000] {logging_mixin.py:151} INFO - #False
[2024-01-20T05:10:30.706+0000] {logging_mixin.py:151} INFO - #False
[2024-01-20T05:10:30.706+0000] {logging_mixin.py:151} INFO - #False
[2024-01-20T05:10:30.706+0000] {logging_mixin.py:151} INFO - #False
[2024-01-20T05:10:30.707+0000] {logging_mixin.py:151} INFO - #False
[2024-01-20T05:10:30.707+0000] {logging_mixin.py:151} INFO - #False
[2024-01-20T05:10:30.707+0000] {logging_mixin.py:151} INFO - #False
[2024-01-20T05:10:30.707+0000] {logging_mixin.py:151} INFO - #False
[2024-01-20T05:10:30.707+0000] {logging_mixin.py:151} INFO - #False
[2024-01-20T05:10:30.708+0000] {logging_mixin.py:151} INFO - #False
[2024-01-20T05:10:30.708+0000] {logging_mixin.py:151} INFO - #False
[2024-01-20T05:10:30.708+0000] {logging_mixin.py:151} INFO - #False
[2024-01-20T05:10:30.708+0000] {logging_mixin.py:151} INFO - #False
[2024-01-20T05:10:30.708+0000] {logging_mixin.py:151} INFO - #False
[2024-01-20T05:10:30.709+0000] {logging_mixin.py:151} INFO - #False
[2024-01-20T05:10:30.709+0000] {logging_mixin.py:151} INFO - #False
[2024-01-20T05:10:30.709+0000] {logging_mixin.py:151} INFO - #False
[2024-01-20T05:10:30.709+0000] {logging_mixin.py:151} INFO - #False
[2024-01-20T05:10:30.710+0000] {logging_mixin.py:151} INFO - #False
[2024-01-20T05:10:30.710+0000] {logging_mixin.py:151} INFO - #False
[2024-01-20T05:10:30.711+0000] {logging_mixin.py:151} INFO - #False
[2024-01-20T05:10:30.711+0000] {logging_mixin.py:151} INFO - #False
[2024-01-20T05:10:30.712+0000] {logging_mixin.py:151} INFO - #False
[2024-01-20T05:10:30.712+0000] {logging_mixin.py:151} INFO - #False
[2024-01-20T05:10:30.712+0000] {logging_mixin.py:151} INFO - #False
[2024-01-20T05:10:30.712+0000] {logging_mixin.py:151} INFO - #False
[2024-01-20T05:10:30.713+0000] {logging_mixin.py:151} INFO - #False
[2024-01-20T05:10:30.713+0000] {logging_mixin.py:151} INFO -  submission : 
[2024-01-20T05:10:31.161+0000] {logging_mixin.py:151} INFO - #False
[2024-01-20T05:10:31.162+0000] {logging_mixin.py:151} INFO - #False
[2024-01-20T05:10:31.162+0000] {logging_mixin.py:151} INFO - #False
[2024-01-20T05:10:31.163+0000] {logging_mixin.py:151} INFO - #False
[2024-01-20T05:10:31.163+0000] {logging_mixin.py:151} INFO - #False
[2024-01-20T05:10:31.163+0000] {logging_mixin.py:151} INFO - #False
[2024-01-20T05:10:31.163+0000] {logging_mixin.py:151} INFO - #False
[2024-01-20T05:10:31.164+0000] {logging_mixin.py:151} INFO - #False
[2024-01-20T05:10:31.164+0000] {logging_mixin.py:151} INFO - #False
[2024-01-20T05:10:31.164+0000] {logging_mixin.py:151} INFO - #False
[2024-01-20T05:10:31.164+0000] {logging_mixin.py:151} INFO - #False
[2024-01-20T05:10:31.164+0000] {logging_mixin.py:151} INFO - #False
[2024-01-20T05:10:31.165+0000] {logging_mixin.py:151} INFO - #False
[2024-01-20T05:10:31.165+0000] {logging_mixin.py:151} INFO - #False
[2024-01-20T05:10:31.165+0000] {logging_mixin.py:151} INFO - #False
[2024-01-20T05:10:31.165+0000] {logging_mixin.py:151} INFO - #False
[2024-01-20T05:10:31.166+0000] {logging_mixin.py:151} INFO - #False
[2024-01-20T05:10:31.166+0000] {logging_mixin.py:151} INFO - #False
[2024-01-20T05:10:31.166+0000] {logging_mixin.py:151} INFO - #False
[2024-01-20T05:10:31.166+0000] {logging_mixin.py:151} INFO - #False
[2024-01-20T05:10:31.167+0000] {logging_mixin.py:151} INFO - #False
[2024-01-20T05:10:31.167+0000] {logging_mixin.py:151} INFO - #False
[2024-01-20T05:10:31.167+0000] {logging_mixin.py:151} INFO - #False
[2024-01-20T05:10:31.167+0000] {logging_mixin.py:151} INFO - #False
[2024-01-20T05:10:31.168+0000] {logging_mixin.py:151} INFO - #False
[2024-01-20T05:10:31.168+0000] {logging_mixin.py:151} INFO - #False
[2024-01-20T05:10:31.168+0000] {logging_mixin.py:151} INFO - #False
[2024-01-20T05:10:31.168+0000] {logging_mixin.py:151} INFO - #False
[2024-01-20T05:10:31.168+0000] {logging_mixin.py:151} INFO - #False
[2024-01-20T05:10:31.169+0000] {logging_mixin.py:151} INFO - #False
[2024-01-20T05:10:31.169+0000] {python.py:194} INFO - Done. Returned value was: None
[2024-01-20T05:10:31.177+0000] {taskinstance.py:1400} INFO - Marking task as SUCCESS. dag_id=Kafka_Producer_5, task_id=Reddit, execution_date=20240120T050913, start_date=20240120T051026, end_date=20240120T051031
[2024-01-20T05:10:31.200+0000] {local_task_job_runner.py:228} INFO - Task exited with return code 0
[2024-01-20T05:10:31.213+0000] {taskinstance.py:2784} INFO - 0 downstream tasks scheduled from follow-on schedule check
