[2024-01-17T21:55:07.452+0000] {taskinstance.py:1159} INFO - Dependencies all met for dep_context=non-requeueable deps ti=<TaskInstance: Stream_3.Reddit scheduled__2024-01-17T21:52:02.255594+00:00 [queued]>
[2024-01-17T21:55:07.458+0000] {taskinstance.py:1159} INFO - Dependencies all met for dep_context=requeueable deps ti=<TaskInstance: Stream_3.Reddit scheduled__2024-01-17T21:52:02.255594+00:00 [queued]>
[2024-01-17T21:55:07.458+0000] {taskinstance.py:1361} INFO - Starting attempt 1 of 1
[2024-01-17T21:55:07.471+0000] {taskinstance.py:1382} INFO - Executing <Task(PythonOperator): Reddit> on 2024-01-17 21:52:02.255594+00:00
[2024-01-17T21:55:07.474+0000] {standard_task_runner.py:57} INFO - Started process 4283 to run task
[2024-01-17T21:55:07.476+0000] {standard_task_runner.py:84} INFO - Running: ['***', 'tasks', 'run', 'Stream_3', 'Reddit', 'scheduled__2024-01-17T21:52:02.255594+00:00', '--job-id', '808', '--raw', '--subdir', 'DAGS_FOLDER/kafka_stream_3.py', '--cfg-path', '/tmp/tmpb2uqg0vm']
[2024-01-17T21:55:07.478+0000] {standard_task_runner.py:85} INFO - Job 808: Subtask Reddit
[2024-01-17T21:55:07.579+0000] {task_command.py:415} INFO - Running <TaskInstance: Stream_3.Reddit scheduled__2024-01-17T21:52:02.255594+00:00 [running]> on host 614a419ad930
[2024-01-17T21:55:07.645+0000] {taskinstance.py:1660} INFO - Exporting env vars: AIRFLOW_CTX_DAG_OWNER='me' AIRFLOW_CTX_DAG_ID='Stream_3' AIRFLOW_CTX_TASK_ID='Reddit' AIRFLOW_CTX_EXECUTION_DATE='2024-01-17T21:52:02.255594+00:00' AIRFLOW_CTX_TRY_NUMBER='1' AIRFLOW_CTX_DAG_RUN_ID='scheduled__2024-01-17T21:52:02.255594+00:00'
[2024-01-17T21:55:07.670+0000] {logging_mixin.py:151} INFO -  submission : 
[2024-01-17T21:55:09.931+0000] {logging_mixin.py:151} INFO - #False
[2024-01-17T21:55:09.931+0000] {logging_mixin.py:151} INFO - #False
[2024-01-17T21:55:09.931+0000] {logging_mixin.py:151} INFO - #False
[2024-01-17T21:55:09.931+0000] {logging_mixin.py:151} INFO - #False
[2024-01-17T21:55:09.931+0000] {logging_mixin.py:151} INFO - #False
[2024-01-17T21:55:09.931+0000] {logging_mixin.py:151} INFO - #False
[2024-01-17T21:55:09.931+0000] {logging_mixin.py:151} INFO - #False
[2024-01-17T21:55:09.931+0000] {logging_mixin.py:151} INFO - #False
[2024-01-17T21:55:09.931+0000] {logging_mixin.py:151} INFO - #False
[2024-01-17T21:55:09.931+0000] {logging_mixin.py:151} INFO - #False
[2024-01-17T21:55:09.931+0000] {logging_mixin.py:151} INFO - #False
[2024-01-17T21:55:09.931+0000] {logging_mixin.py:151} INFO - #False
[2024-01-17T21:55:09.932+0000] {logging_mixin.py:151} INFO - #False
[2024-01-17T21:55:09.932+0000] {logging_mixin.py:151} INFO - #False
[2024-01-17T21:55:09.932+0000] {logging_mixin.py:151} INFO - #False
[2024-01-17T21:55:09.932+0000] {logging_mixin.py:151} INFO - #False
[2024-01-17T21:55:09.932+0000] {logging_mixin.py:151} INFO - #False
[2024-01-17T21:55:09.932+0000] {logging_mixin.py:151} INFO - #False
[2024-01-17T21:55:09.932+0000] {logging_mixin.py:151} INFO - #False
[2024-01-17T21:55:09.932+0000] {logging_mixin.py:151} INFO - #False
[2024-01-17T21:55:09.932+0000] {logging_mixin.py:151} INFO - #False
[2024-01-17T21:55:09.932+0000] {logging_mixin.py:151} INFO - #False
[2024-01-17T21:55:09.932+0000] {logging_mixin.py:151} INFO - #False
[2024-01-17T21:55:09.932+0000] {logging_mixin.py:151} INFO - #False
[2024-01-17T21:55:09.932+0000] {logging_mixin.py:151} INFO - #False
[2024-01-17T21:55:09.932+0000] {logging_mixin.py:151} INFO - #False
[2024-01-17T21:55:09.932+0000] {logging_mixin.py:151} INFO - #False
[2024-01-17T21:55:09.932+0000] {logging_mixin.py:151} INFO - #False
[2024-01-17T21:55:09.932+0000] {logging_mixin.py:151} INFO - #False
[2024-01-17T21:55:09.932+0000] {logging_mixin.py:151} INFO - #False
[2024-01-17T21:55:09.932+0000] {logging_mixin.py:151} INFO -  submission : 
[2024-01-17T21:55:10.416+0000] {logging_mixin.py:151} INFO - #False
[2024-01-17T21:55:10.416+0000] {logging_mixin.py:151} INFO - #False
[2024-01-17T21:55:10.416+0000] {logging_mixin.py:151} INFO - #False
[2024-01-17T21:55:10.416+0000] {logging_mixin.py:151} INFO - #False
[2024-01-17T21:55:10.416+0000] {logging_mixin.py:151} INFO - #False
[2024-01-17T21:55:10.416+0000] {logging_mixin.py:151} INFO - #False
[2024-01-17T21:55:10.416+0000] {logging_mixin.py:151} INFO - #False
[2024-01-17T21:55:10.416+0000] {logging_mixin.py:151} INFO - #False
[2024-01-17T21:55:10.416+0000] {logging_mixin.py:151} INFO - #False
[2024-01-17T21:55:10.416+0000] {logging_mixin.py:151} INFO - #False
[2024-01-17T21:55:10.416+0000] {logging_mixin.py:151} INFO - #False
[2024-01-17T21:55:10.416+0000] {logging_mixin.py:151} INFO - #False
[2024-01-17T21:55:10.416+0000] {logging_mixin.py:151} INFO - #False
[2024-01-17T21:55:10.417+0000] {logging_mixin.py:151} INFO - #False
[2024-01-17T21:55:10.417+0000] {logging_mixin.py:151} INFO - #False
[2024-01-17T21:55:10.417+0000] {logging_mixin.py:151} INFO - #False
[2024-01-17T21:55:10.417+0000] {logging_mixin.py:151} INFO - #False
[2024-01-17T21:55:10.417+0000] {logging_mixin.py:151} INFO - #False
[2024-01-17T21:55:10.417+0000] {logging_mixin.py:151} INFO - #False
[2024-01-17T21:55:10.417+0000] {logging_mixin.py:151} INFO - #False
[2024-01-17T21:55:10.417+0000] {logging_mixin.py:151} INFO - #False
[2024-01-17T21:55:10.417+0000] {logging_mixin.py:151} INFO - #False
[2024-01-17T21:55:10.417+0000] {logging_mixin.py:151} INFO - #False
[2024-01-17T21:55:10.417+0000] {logging_mixin.py:151} INFO - #False
[2024-01-17T21:55:10.417+0000] {logging_mixin.py:151} INFO - #False
[2024-01-17T21:55:10.417+0000] {logging_mixin.py:151} INFO - #False
[2024-01-17T21:55:10.417+0000] {logging_mixin.py:151} INFO - #False
[2024-01-17T21:55:10.417+0000] {logging_mixin.py:151} INFO - #False
[2024-01-17T21:55:10.417+0000] {logging_mixin.py:151} INFO - #False
[2024-01-17T21:55:10.417+0000] {logging_mixin.py:151} INFO - #False
[2024-01-17T21:55:10.418+0000] {logging_mixin.py:151} INFO -  submission : 
[2024-01-17T21:55:11.181+0000] {logging_mixin.py:151} INFO - @True
[2024-01-17T21:55:11.182+0000] {conn.py:380} INFO - <BrokerConnection node_id=bootstrap-0 host=broker:29092 <connecting> [IPv4 ('192.168.224.8', 29092)]>: connecting to broker:29092 [('192.168.224.8', 29092) IPv4]
[2024-01-17T21:55:11.182+0000] {conn.py:1205} INFO - Probing node bootstrap-0 broker version
[2024-01-17T21:55:11.183+0000] {conn.py:410} INFO - <BrokerConnection node_id=bootstrap-0 host=broker:29092 <connecting> [IPv4 ('192.168.224.8', 29092)]>: Connection complete.
[2024-01-17T21:55:11.285+0000] {conn.py:1267} INFO - Broker version identified as 2.5.0
[2024-01-17T21:55:11.286+0000] {conn.py:1268} INFO - Set configuration api_version=(2, 5, 0) to skip auto check_version requests on startup
[2024-01-17T21:55:11.289+0000] {logging_mixin.py:151} INFO - #False
[2024-01-17T21:55:11.289+0000] {logging_mixin.py:151} INFO - #False
[2024-01-17T21:55:11.289+0000] {logging_mixin.py:151} INFO - #False
[2024-01-17T21:55:11.289+0000] {logging_mixin.py:151} INFO - #False
[2024-01-17T21:55:11.290+0000] {logging_mixin.py:151} INFO - #False
[2024-01-17T21:55:11.290+0000] {logging_mixin.py:151} INFO - #False
[2024-01-17T21:55:11.290+0000] {logging_mixin.py:151} INFO - #False
[2024-01-17T21:55:11.290+0000] {logging_mixin.py:151} INFO - #False
[2024-01-17T21:55:11.290+0000] {logging_mixin.py:151} INFO - #False
[2024-01-17T21:55:11.290+0000] {logging_mixin.py:151} INFO - #False
[2024-01-17T21:55:11.290+0000] {logging_mixin.py:151} INFO - #False
[2024-01-17T21:55:11.290+0000] {logging_mixin.py:151} INFO - #False
[2024-01-17T21:55:11.290+0000] {logging_mixin.py:151} INFO - #False
[2024-01-17T21:55:11.291+0000] {logging_mixin.py:151} INFO - #False
[2024-01-17T21:55:11.291+0000] {logging_mixin.py:151} INFO - #False
[2024-01-17T21:55:11.291+0000] {logging_mixin.py:151} INFO - #False
[2024-01-17T21:55:11.291+0000] {logging_mixin.py:151} INFO - #False
[2024-01-17T21:55:11.291+0000] {logging_mixin.py:151} INFO - #False
[2024-01-17T21:55:11.291+0000] {logging_mixin.py:151} INFO - #False
[2024-01-17T21:55:11.291+0000] {logging_mixin.py:151} INFO - #False
[2024-01-17T21:55:11.291+0000] {logging_mixin.py:151} INFO - #False
[2024-01-17T21:55:11.291+0000] {conn.py:380} INFO - <BrokerConnection node_id=1 host=broker:29092 <connecting> [IPv4 ('192.168.224.8', 29092)]>: connecting to broker:29092 [('192.168.224.8', 29092) IPv4]
[2024-01-17T21:55:11.292+0000] {logging_mixin.py:151} INFO - #False
[2024-01-17T21:55:11.292+0000] {logging_mixin.py:151} INFO - #False
[2024-01-17T21:55:11.292+0000] {logging_mixin.py:151} INFO - #False
[2024-01-17T21:55:11.292+0000] {logging_mixin.py:151} INFO - #False
[2024-01-17T21:55:11.292+0000] {logging_mixin.py:151} INFO - #False
[2024-01-17T21:55:11.292+0000] {logging_mixin.py:151} INFO - #False
[2024-01-17T21:55:11.292+0000] {logging_mixin.py:151} INFO - #False
[2024-01-17T21:55:11.292+0000] {logging_mixin.py:151} INFO - #False
[2024-01-17T21:55:11.293+0000] {logging_mixin.py:151} INFO -  submission : 
[2024-01-17T21:55:11.294+0000] {conn.py:410} INFO - <BrokerConnection node_id=1 host=broker:29092 <connecting> [IPv4 ('192.168.224.8', 29092)]>: Connection complete.
[2024-01-17T21:55:11.294+0000] {conn.py:919} INFO - <BrokerConnection node_id=bootstrap-0 host=broker:29092 <connected> [IPv4 ('192.168.224.8', 29092)]>: Closing connection. 
[2024-01-17T21:55:12.390+0000] {logging_mixin.py:151} INFO - #False
[2024-01-17T21:55:12.390+0000] {logging_mixin.py:151} INFO - #False
[2024-01-17T21:55:12.390+0000] {logging_mixin.py:151} INFO - #False
[2024-01-17T21:55:12.390+0000] {logging_mixin.py:151} INFO - #False
[2024-01-17T21:55:12.390+0000] {logging_mixin.py:151} INFO - #False
[2024-01-17T21:55:12.390+0000] {logging_mixin.py:151} INFO - #False
[2024-01-17T21:55:12.390+0000] {logging_mixin.py:151} INFO - #False
[2024-01-17T21:55:12.390+0000] {logging_mixin.py:151} INFO - #False
[2024-01-17T21:55:12.390+0000] {logging_mixin.py:151} INFO - #False
[2024-01-17T21:55:12.390+0000] {logging_mixin.py:151} INFO - #False
[2024-01-17T21:55:12.390+0000] {logging_mixin.py:151} INFO - #False
[2024-01-17T21:55:12.390+0000] {logging_mixin.py:151} INFO - #False
[2024-01-17T21:55:12.391+0000] {logging_mixin.py:151} INFO - #False
[2024-01-17T21:55:12.391+0000] {logging_mixin.py:151} INFO - #False
[2024-01-17T21:55:12.391+0000] {logging_mixin.py:151} INFO - #False
[2024-01-17T21:55:12.391+0000] {logging_mixin.py:151} INFO - #False
[2024-01-17T21:55:12.391+0000] {logging_mixin.py:151} INFO - #False
[2024-01-17T21:55:12.391+0000] {logging_mixin.py:151} INFO - #False
[2024-01-17T21:55:12.391+0000] {logging_mixin.py:151} INFO - #False
[2024-01-17T21:55:12.391+0000] {logging_mixin.py:151} INFO - #False
[2024-01-17T21:55:12.391+0000] {logging_mixin.py:151} INFO - #False
[2024-01-17T21:55:12.391+0000] {logging_mixin.py:151} INFO - #False
[2024-01-17T21:55:12.391+0000] {logging_mixin.py:151} INFO - #False
[2024-01-17T21:55:12.391+0000] {logging_mixin.py:151} INFO - #False
[2024-01-17T21:55:12.391+0000] {logging_mixin.py:151} INFO - #False
[2024-01-17T21:55:12.391+0000] {logging_mixin.py:151} INFO - #False
[2024-01-17T21:55:12.391+0000] {logging_mixin.py:151} INFO - #False
[2024-01-17T21:55:12.391+0000] {logging_mixin.py:151} INFO - #False
[2024-01-17T21:55:12.391+0000] {logging_mixin.py:151} INFO - #False
[2024-01-17T21:55:12.391+0000] {logging_mixin.py:151} INFO - #False
[2024-01-17T21:55:12.392+0000] {logging_mixin.py:151} INFO -  submission : 
[2024-01-17T21:55:13.214+0000] {logging_mixin.py:151} INFO - #False
[2024-01-17T21:55:13.214+0000] {logging_mixin.py:151} INFO - #False
[2024-01-17T21:55:13.214+0000] {logging_mixin.py:151} INFO - #False
[2024-01-17T21:55:13.214+0000] {logging_mixin.py:151} INFO - #False
[2024-01-17T21:55:13.214+0000] {logging_mixin.py:151} INFO - #False
[2024-01-17T21:55:13.214+0000] {logging_mixin.py:151} INFO - #False
[2024-01-17T21:55:13.214+0000] {logging_mixin.py:151} INFO - #False
[2024-01-17T21:55:13.214+0000] {logging_mixin.py:151} INFO - #False
[2024-01-17T21:55:13.214+0000] {logging_mixin.py:151} INFO - #False
[2024-01-17T21:55:13.214+0000] {logging_mixin.py:151} INFO - #False
[2024-01-17T21:55:13.214+0000] {logging_mixin.py:151} INFO - #False
[2024-01-17T21:55:13.214+0000] {logging_mixin.py:151} INFO - #False
[2024-01-17T21:55:13.214+0000] {logging_mixin.py:151} INFO - #False
[2024-01-17T21:55:13.214+0000] {logging_mixin.py:151} INFO - #False
[2024-01-17T21:55:13.215+0000] {logging_mixin.py:151} INFO - #False
[2024-01-17T21:55:13.215+0000] {logging_mixin.py:151} INFO - #False
[2024-01-17T21:55:13.215+0000] {logging_mixin.py:151} INFO - #False
[2024-01-17T21:55:13.215+0000] {logging_mixin.py:151} INFO - #False
[2024-01-17T21:55:13.215+0000] {logging_mixin.py:151} INFO - #False
[2024-01-17T21:55:13.215+0000] {logging_mixin.py:151} INFO - #False
[2024-01-17T21:55:13.215+0000] {logging_mixin.py:151} INFO - #False
[2024-01-17T21:55:13.215+0000] {logging_mixin.py:151} INFO - #False
[2024-01-17T21:55:13.215+0000] {logging_mixin.py:151} INFO - #False
[2024-01-17T21:55:13.215+0000] {logging_mixin.py:151} INFO - #False
[2024-01-17T21:55:13.215+0000] {logging_mixin.py:151} INFO - #False
[2024-01-17T21:55:13.215+0000] {logging_mixin.py:151} INFO - #False
[2024-01-17T21:55:13.215+0000] {logging_mixin.py:151} INFO - #False
[2024-01-17T21:55:13.215+0000] {logging_mixin.py:151} INFO - #False
[2024-01-17T21:55:13.215+0000] {logging_mixin.py:151} INFO - #False
[2024-01-17T21:55:13.215+0000] {logging_mixin.py:151} INFO - #False
[2024-01-17T21:55:13.215+0000] {logging_mixin.py:151} INFO -  submission : 
[2024-01-17T21:55:13.863+0000] {logging_mixin.py:151} INFO - #False
[2024-01-17T21:55:13.863+0000] {logging_mixin.py:151} INFO - #False
[2024-01-17T21:55:13.864+0000] {logging_mixin.py:151} INFO - #False
[2024-01-17T21:55:13.864+0000] {logging_mixin.py:151} INFO - #False
[2024-01-17T21:55:13.864+0000] {logging_mixin.py:151} INFO - #False
[2024-01-17T21:55:13.864+0000] {logging_mixin.py:151} INFO - #False
[2024-01-17T21:55:13.864+0000] {logging_mixin.py:151} INFO - #False
[2024-01-17T21:55:13.864+0000] {logging_mixin.py:151} INFO - #False
[2024-01-17T21:55:13.864+0000] {logging_mixin.py:151} INFO - #False
[2024-01-17T21:55:13.864+0000] {logging_mixin.py:151} INFO - #False
[2024-01-17T21:55:13.864+0000] {logging_mixin.py:151} INFO - #False
[2024-01-17T21:55:13.864+0000] {logging_mixin.py:151} INFO - #False
[2024-01-17T21:55:13.864+0000] {logging_mixin.py:151} INFO - #False
[2024-01-17T21:55:13.864+0000] {logging_mixin.py:151} INFO - #False
[2024-01-17T21:55:13.864+0000] {logging_mixin.py:151} INFO - #False
[2024-01-17T21:55:13.864+0000] {logging_mixin.py:151} INFO - #False
[2024-01-17T21:55:13.864+0000] {logging_mixin.py:151} INFO - #False
[2024-01-17T21:55:13.864+0000] {logging_mixin.py:151} INFO - #False
[2024-01-17T21:55:13.864+0000] {logging_mixin.py:151} INFO - #False
[2024-01-17T21:55:13.864+0000] {logging_mixin.py:151} INFO - #False
[2024-01-17T21:55:13.864+0000] {logging_mixin.py:151} INFO - #False
[2024-01-17T21:55:13.864+0000] {logging_mixin.py:151} INFO - #False
[2024-01-17T21:55:13.864+0000] {logging_mixin.py:151} INFO - #False
[2024-01-17T21:55:13.865+0000] {logging_mixin.py:151} INFO - #False
[2024-01-17T21:55:13.865+0000] {logging_mixin.py:151} INFO - #False
[2024-01-17T21:55:13.865+0000] {logging_mixin.py:151} INFO - #False
[2024-01-17T21:55:13.865+0000] {logging_mixin.py:151} INFO - #False
[2024-01-17T21:55:13.865+0000] {logging_mixin.py:151} INFO - #False
[2024-01-17T21:55:13.865+0000] {logging_mixin.py:151} INFO - #False
[2024-01-17T21:55:13.865+0000] {logging_mixin.py:151} INFO - #False
[2024-01-17T21:55:13.865+0000] {logging_mixin.py:151} INFO -  submission : 
[2024-01-17T21:55:14.649+0000] {logging_mixin.py:151} INFO - #False
[2024-01-17T21:55:14.649+0000] {logging_mixin.py:151} INFO - #False
[2024-01-17T21:55:14.650+0000] {logging_mixin.py:151} INFO - #False
[2024-01-17T21:55:14.650+0000] {logging_mixin.py:151} INFO - #False
[2024-01-17T21:55:14.650+0000] {logging_mixin.py:151} INFO - #False
[2024-01-17T21:55:14.650+0000] {logging_mixin.py:151} INFO - #False
[2024-01-17T21:55:14.650+0000] {logging_mixin.py:151} INFO - #False
[2024-01-17T21:55:14.650+0000] {logging_mixin.py:151} INFO - #False
[2024-01-17T21:55:14.650+0000] {logging_mixin.py:151} INFO - #False
[2024-01-17T21:55:14.650+0000] {logging_mixin.py:151} INFO - #False
[2024-01-17T21:55:14.651+0000] {logging_mixin.py:151} INFO - #False
[2024-01-17T21:55:14.651+0000] {logging_mixin.py:151} INFO - #False
[2024-01-17T21:55:14.651+0000] {logging_mixin.py:151} INFO - #False
[2024-01-17T21:55:14.651+0000] {logging_mixin.py:151} INFO - #False
[2024-01-17T21:55:14.651+0000] {logging_mixin.py:151} INFO - #False
[2024-01-17T21:55:14.651+0000] {logging_mixin.py:151} INFO - #False
[2024-01-17T21:55:14.651+0000] {logging_mixin.py:151} INFO - #False
[2024-01-17T21:55:14.651+0000] {logging_mixin.py:151} INFO - #False
[2024-01-17T21:55:14.652+0000] {logging_mixin.py:151} INFO - #False
[2024-01-17T21:55:14.652+0000] {logging_mixin.py:151} INFO - #False
[2024-01-17T21:55:14.652+0000] {logging_mixin.py:151} INFO - #False
[2024-01-17T21:55:14.652+0000] {logging_mixin.py:151} INFO - #False
[2024-01-17T21:55:14.652+0000] {logging_mixin.py:151} INFO - #False
[2024-01-17T21:55:14.652+0000] {logging_mixin.py:151} INFO - #False
[2024-01-17T21:55:14.652+0000] {logging_mixin.py:151} INFO - #False
[2024-01-17T21:55:14.652+0000] {logging_mixin.py:151} INFO - #False
[2024-01-17T21:55:14.652+0000] {logging_mixin.py:151} INFO - #False
[2024-01-17T21:55:14.652+0000] {logging_mixin.py:151} INFO - #False
[2024-01-17T21:55:14.652+0000] {logging_mixin.py:151} INFO - #False
[2024-01-17T21:55:14.652+0000] {logging_mixin.py:151} INFO - #False
[2024-01-17T21:55:14.653+0000] {logging_mixin.py:151} INFO -  submission : 
[2024-01-17T21:55:15.459+0000] {logging_mixin.py:151} INFO - #False
[2024-01-17T21:55:15.459+0000] {logging_mixin.py:151} INFO - #False
[2024-01-17T21:55:15.459+0000] {logging_mixin.py:151} INFO - #False
[2024-01-17T21:55:15.459+0000] {logging_mixin.py:151} INFO - #False
[2024-01-17T21:55:15.459+0000] {logging_mixin.py:151} INFO - #False
[2024-01-17T21:55:15.459+0000] {logging_mixin.py:151} INFO - #False
[2024-01-17T21:55:15.459+0000] {logging_mixin.py:151} INFO - #False
[2024-01-17T21:55:15.459+0000] {logging_mixin.py:151} INFO - #False
[2024-01-17T21:55:15.459+0000] {logging_mixin.py:151} INFO - #False
[2024-01-17T21:55:15.459+0000] {logging_mixin.py:151} INFO - #False
[2024-01-17T21:55:15.459+0000] {logging_mixin.py:151} INFO - #False
[2024-01-17T21:55:15.460+0000] {logging_mixin.py:151} INFO - #False
[2024-01-17T21:55:15.460+0000] {logging_mixin.py:151} INFO - #False
[2024-01-17T21:55:15.460+0000] {logging_mixin.py:151} INFO - #False
[2024-01-17T21:55:15.460+0000] {logging_mixin.py:151} INFO - #False
[2024-01-17T21:55:15.460+0000] {logging_mixin.py:151} INFO - #False
[2024-01-17T21:55:15.460+0000] {logging_mixin.py:151} INFO - #False
[2024-01-17T21:55:15.460+0000] {logging_mixin.py:151} INFO - #False
[2024-01-17T21:55:15.460+0000] {logging_mixin.py:151} INFO - #False
[2024-01-17T21:55:15.460+0000] {logging_mixin.py:151} INFO - #False
[2024-01-17T21:55:15.460+0000] {logging_mixin.py:151} INFO - #False
[2024-01-17T21:55:15.460+0000] {logging_mixin.py:151} INFO - #False
[2024-01-17T21:55:15.460+0000] {logging_mixin.py:151} INFO - #False
[2024-01-17T21:55:15.460+0000] {logging_mixin.py:151} INFO - #False
[2024-01-17T21:55:15.460+0000] {logging_mixin.py:151} INFO - #False
[2024-01-17T21:55:15.460+0000] {logging_mixin.py:151} INFO - #False
[2024-01-17T21:55:15.460+0000] {logging_mixin.py:151} INFO - #False
[2024-01-17T21:55:15.460+0000] {logging_mixin.py:151} INFO - #False
[2024-01-17T21:55:15.460+0000] {logging_mixin.py:151} INFO - #False
[2024-01-17T21:55:15.460+0000] {logging_mixin.py:151} INFO - #False
[2024-01-17T21:55:15.461+0000] {conn.py:919} INFO - <BrokerConnection node_id=1 host=broker:29092 <connected> [IPv4 ('192.168.224.8', 29092)]>: Closing connection. 
[2024-01-17T21:55:15.461+0000] {python.py:194} INFO - Done. Returned value was: None
[2024-01-17T21:55:15.470+0000] {taskinstance.py:1400} INFO - Marking task as SUCCESS. dag_id=Stream_3, task_id=Reddit, execution_date=20240117T215202, start_date=20240117T215507, end_date=20240117T215515
[2024-01-17T21:55:15.514+0000] {local_task_job_runner.py:228} INFO - Task exited with return code 0
[2024-01-17T21:55:15.527+0000] {taskinstance.py:2784} INFO - 0 downstream tasks scheduled from follow-on schedule check
