[2024-01-20T05:49:32.207+0000] {taskinstance.py:1159} INFO - Dependencies all met for dep_context=non-requeueable deps ti=<TaskInstance: Kafka_Producer_2.Reddit scheduled__2024-01-20T05:47:17.133110+00:00 [queued]>
[2024-01-20T05:49:32.213+0000] {taskinstance.py:1159} INFO - Dependencies all met for dep_context=requeueable deps ti=<TaskInstance: Kafka_Producer_2.Reddit scheduled__2024-01-20T05:47:17.133110+00:00 [queued]>
[2024-01-20T05:49:32.213+0000] {taskinstance.py:1361} INFO - Starting attempt 1 of 1
[2024-01-20T05:49:32.224+0000] {taskinstance.py:1382} INFO - Executing <Task(PythonOperator): Reddit> on 2024-01-20 05:47:17.133110+00:00
[2024-01-20T05:49:32.226+0000] {standard_task_runner.py:57} INFO - Started process 13927 to run task
[2024-01-20T05:49:32.228+0000] {standard_task_runner.py:84} INFO - Running: ['***', 'tasks', 'run', 'Kafka_Producer_2', 'Reddit', 'scheduled__2024-01-20T05:47:17.133110+00:00', '--job-id', '705', '--raw', '--subdir', 'DAGS_FOLDER/kafka_stream_2.py', '--cfg-path', '/tmp/tmpn9oqlsyw']
[2024-01-20T05:49:32.230+0000] {standard_task_runner.py:85} INFO - Job 705: Subtask Reddit
[2024-01-20T05:49:32.266+0000] {task_command.py:415} INFO - Running <TaskInstance: Kafka_Producer_2.Reddit scheduled__2024-01-20T05:47:17.133110+00:00 [running]> on host 45c5bfab8aa1
[2024-01-20T05:49:32.331+0000] {taskinstance.py:1660} INFO - Exporting env vars: AIRFLOW_CTX_DAG_OWNER='me' AIRFLOW_CTX_DAG_ID='Kafka_Producer_2' AIRFLOW_CTX_TASK_ID='Reddit' AIRFLOW_CTX_EXECUTION_DATE='2024-01-20T05:47:17.133110+00:00' AIRFLOW_CTX_TRY_NUMBER='1' AIRFLOW_CTX_DAG_RUN_ID='scheduled__2024-01-20T05:47:17.133110+00:00'
[2024-01-20T05:49:32.358+0000] {logging_mixin.py:151} INFO -  submission : 
[2024-01-20T05:49:33.160+0000] {logging_mixin.py:151} INFO - @True
[2024-01-20T05:49:33.162+0000] {conn.py:380} INFO - <BrokerConnection node_id=bootstrap-0 host=broker:29092 <connecting> [IPv4 ('172.19.0.8', 29092)]>: connecting to broker:29092 [('172.19.0.8', 29092) IPv4]
[2024-01-20T05:49:33.162+0000] {conn.py:1205} INFO - Probing node bootstrap-0 broker version
[2024-01-20T05:49:33.163+0000] {conn.py:410} INFO - <BrokerConnection node_id=bootstrap-0 host=broker:29092 <connecting> [IPv4 ('172.19.0.8', 29092)]>: Connection complete.
[2024-01-20T05:49:33.265+0000] {conn.py:1267} INFO - Broker version identified as 2.5.0
[2024-01-20T05:49:33.266+0000] {conn.py:1268} INFO - Set configuration api_version=(2, 5, 0) to skip auto check_version requests on startup
[2024-01-20T05:49:33.269+0000] {logging_mixin.py:151} INFO - #False
[2024-01-20T05:49:33.270+0000] {logging_mixin.py:151} INFO - #False
[2024-01-20T05:49:33.270+0000] {conn.py:380} INFO - <BrokerConnection node_id=1 host=broker:29092 <connecting> [IPv4 ('172.19.0.8', 29092)]>: connecting to broker:29092 [('172.19.0.8', 29092) IPv4]
[2024-01-20T05:49:33.270+0000] {logging_mixin.py:151} INFO - #False
[2024-01-20T05:49:33.271+0000] {conn.py:410} INFO - <BrokerConnection node_id=1 host=broker:29092 <connecting> [IPv4 ('172.19.0.8', 29092)]>: Connection complete.
[2024-01-20T05:49:33.271+0000] {logging_mixin.py:151} INFO - #False
[2024-01-20T05:49:33.271+0000] {conn.py:919} INFO - <BrokerConnection node_id=bootstrap-0 host=broker:29092 <connected> [IPv4 ('172.19.0.8', 29092)]>: Closing connection. 
[2024-01-20T05:49:33.272+0000] {logging_mixin.py:151} INFO - #False
[2024-01-20T05:49:33.273+0000] {logging_mixin.py:151} INFO - #False
[2024-01-20T05:49:33.273+0000] {logging_mixin.py:151} INFO - #False
[2024-01-20T05:49:33.274+0000] {logging_mixin.py:151} INFO - #False
[2024-01-20T05:49:33.274+0000] {logging_mixin.py:151} INFO - #False
[2024-01-20T05:49:33.274+0000] {logging_mixin.py:151} INFO - #False
[2024-01-20T05:49:33.274+0000] {logging_mixin.py:151} INFO - #False
[2024-01-20T05:49:33.275+0000] {logging_mixin.py:151} INFO - #False
[2024-01-20T05:49:33.275+0000] {logging_mixin.py:151} INFO - #False
[2024-01-20T05:49:33.275+0000] {logging_mixin.py:151} INFO - #False
[2024-01-20T05:49:33.275+0000] {logging_mixin.py:151} INFO - #False
[2024-01-20T05:49:33.275+0000] {logging_mixin.py:151} INFO - #False
[2024-01-20T05:49:33.276+0000] {logging_mixin.py:151} INFO - #False
[2024-01-20T05:49:33.276+0000] {logging_mixin.py:151} INFO - #False
[2024-01-20T05:49:33.276+0000] {logging_mixin.py:151} INFO - #False
[2024-01-20T05:49:33.277+0000] {logging_mixin.py:151} INFO - #False
[2024-01-20T05:49:33.277+0000] {logging_mixin.py:151} INFO - #False
[2024-01-20T05:49:33.277+0000] {logging_mixin.py:151} INFO - #False
[2024-01-20T05:49:33.278+0000] {logging_mixin.py:151} INFO - #False
[2024-01-20T05:49:33.278+0000] {logging_mixin.py:151} INFO - #False
[2024-01-20T05:49:33.278+0000] {logging_mixin.py:151} INFO - #False
[2024-01-20T05:49:33.278+0000] {logging_mixin.py:151} INFO - #False
[2024-01-20T05:49:33.279+0000] {logging_mixin.py:151} INFO - #False
[2024-01-20T05:49:33.279+0000] {logging_mixin.py:151} INFO - #False
[2024-01-20T05:49:33.279+0000] {logging_mixin.py:151} INFO - #False
[2024-01-20T05:49:33.279+0000] {logging_mixin.py:151} INFO -  submission : 
[2024-01-20T05:49:33.773+0000] {logging_mixin.py:151} INFO - #False
[2024-01-20T05:49:33.775+0000] {logging_mixin.py:151} INFO - #False
[2024-01-20T05:49:33.775+0000] {logging_mixin.py:151} INFO - #False
[2024-01-20T05:49:33.775+0000] {logging_mixin.py:151} INFO - #False
[2024-01-20T05:49:33.776+0000] {logging_mixin.py:151} INFO - #False
[2024-01-20T05:49:33.776+0000] {logging_mixin.py:151} INFO - #False
[2024-01-20T05:49:33.776+0000] {logging_mixin.py:151} INFO - #False
[2024-01-20T05:49:33.776+0000] {logging_mixin.py:151} INFO - #False
[2024-01-20T05:49:33.777+0000] {logging_mixin.py:151} INFO - #False
[2024-01-20T05:49:33.777+0000] {logging_mixin.py:151} INFO - #False
[2024-01-20T05:49:33.777+0000] {logging_mixin.py:151} INFO - #False
[2024-01-20T05:49:33.777+0000] {logging_mixin.py:151} INFO - #False
[2024-01-20T05:49:33.778+0000] {logging_mixin.py:151} INFO - #False
[2024-01-20T05:49:33.778+0000] {logging_mixin.py:151} INFO - #False
[2024-01-20T05:49:33.778+0000] {logging_mixin.py:151} INFO - #False
[2024-01-20T05:49:33.779+0000] {logging_mixin.py:151} INFO - #False
[2024-01-20T05:49:33.779+0000] {logging_mixin.py:151} INFO - #False
[2024-01-20T05:49:33.779+0000] {logging_mixin.py:151} INFO - #False
[2024-01-20T05:49:33.779+0000] {logging_mixin.py:151} INFO - #False
[2024-01-20T05:49:33.779+0000] {logging_mixin.py:151} INFO - #False
[2024-01-20T05:49:33.780+0000] {logging_mixin.py:151} INFO - #False
[2024-01-20T05:49:33.780+0000] {logging_mixin.py:151} INFO - #False
[2024-01-20T05:49:33.780+0000] {logging_mixin.py:151} INFO - #False
[2024-01-20T05:49:33.781+0000] {logging_mixin.py:151} INFO - #False
[2024-01-20T05:49:33.782+0000] {logging_mixin.py:151} INFO - #False
[2024-01-20T05:49:33.782+0000] {logging_mixin.py:151} INFO - #False
[2024-01-20T05:49:33.782+0000] {logging_mixin.py:151} INFO - #False
[2024-01-20T05:49:33.783+0000] {logging_mixin.py:151} INFO - #False
[2024-01-20T05:49:33.783+0000] {logging_mixin.py:151} INFO - #False
[2024-01-20T05:49:33.783+0000] {logging_mixin.py:151} INFO - #False
[2024-01-20T05:49:33.783+0000] {logging_mixin.py:151} INFO -  submission : 
[2024-01-20T05:49:34.243+0000] {logging_mixin.py:151} INFO - #False
[2024-01-20T05:49:34.243+0000] {logging_mixin.py:151} INFO - #False
[2024-01-20T05:49:34.244+0000] {logging_mixin.py:151} INFO - #False
[2024-01-20T05:49:34.244+0000] {logging_mixin.py:151} INFO - #False
[2024-01-20T05:49:34.244+0000] {logging_mixin.py:151} INFO - #False
[2024-01-20T05:49:34.245+0000] {logging_mixin.py:151} INFO - #False
[2024-01-20T05:49:34.245+0000] {logging_mixin.py:151} INFO - #False
[2024-01-20T05:49:34.245+0000] {logging_mixin.py:151} INFO - #False
[2024-01-20T05:49:34.245+0000] {logging_mixin.py:151} INFO - #False
[2024-01-20T05:49:34.246+0000] {logging_mixin.py:151} INFO - #False
[2024-01-20T05:49:34.246+0000] {logging_mixin.py:151} INFO - #False
[2024-01-20T05:49:34.246+0000] {logging_mixin.py:151} INFO - #False
[2024-01-20T05:49:34.246+0000] {logging_mixin.py:151} INFO - #False
[2024-01-20T05:49:34.247+0000] {logging_mixin.py:151} INFO - #False
[2024-01-20T05:49:34.247+0000] {logging_mixin.py:151} INFO - #False
[2024-01-20T05:49:34.247+0000] {logging_mixin.py:151} INFO - #False
[2024-01-20T05:49:34.248+0000] {logging_mixin.py:151} INFO - #False
[2024-01-20T05:49:34.249+0000] {logging_mixin.py:151} INFO - #False
[2024-01-20T05:49:34.249+0000] {logging_mixin.py:151} INFO - #False
[2024-01-20T05:49:34.250+0000] {logging_mixin.py:151} INFO - #False
[2024-01-20T05:49:34.250+0000] {logging_mixin.py:151} INFO - #False
[2024-01-20T05:49:34.251+0000] {logging_mixin.py:151} INFO - #False
[2024-01-20T05:49:34.251+0000] {logging_mixin.py:151} INFO - #False
[2024-01-20T05:49:34.251+0000] {logging_mixin.py:151} INFO - #False
[2024-01-20T05:49:34.252+0000] {logging_mixin.py:151} INFO - #False
[2024-01-20T05:49:34.253+0000] {logging_mixin.py:151} INFO - #False
[2024-01-20T05:49:34.253+0000] {logging_mixin.py:151} INFO - #False
[2024-01-20T05:49:34.254+0000] {logging_mixin.py:151} INFO - #False
[2024-01-20T05:49:34.254+0000] {logging_mixin.py:151} INFO - #False
[2024-01-20T05:49:34.254+0000] {logging_mixin.py:151} INFO - #False
[2024-01-20T05:49:34.254+0000] {logging_mixin.py:151} INFO -  submission : 
[2024-01-20T05:49:34.696+0000] {logging_mixin.py:151} INFO - #False
[2024-01-20T05:49:34.697+0000] {logging_mixin.py:151} INFO - #False
[2024-01-20T05:49:34.697+0000] {logging_mixin.py:151} INFO - #False
[2024-01-20T05:49:34.697+0000] {logging_mixin.py:151} INFO - #False
[2024-01-20T05:49:34.698+0000] {logging_mixin.py:151} INFO - #False
[2024-01-20T05:49:34.698+0000] {logging_mixin.py:151} INFO - #False
[2024-01-20T05:49:34.698+0000] {logging_mixin.py:151} INFO - #False
[2024-01-20T05:49:34.698+0000] {logging_mixin.py:151} INFO - #False
[2024-01-20T05:49:34.699+0000] {logging_mixin.py:151} INFO - #False
[2024-01-20T05:49:34.699+0000] {logging_mixin.py:151} INFO - #False
[2024-01-20T05:49:34.699+0000] {logging_mixin.py:151} INFO - #False
[2024-01-20T05:49:34.699+0000] {logging_mixin.py:151} INFO - #False
[2024-01-20T05:49:34.700+0000] {logging_mixin.py:151} INFO - #False
[2024-01-20T05:49:34.700+0000] {logging_mixin.py:151} INFO - #False
[2024-01-20T05:49:34.700+0000] {logging_mixin.py:151} INFO - #False
[2024-01-20T05:49:34.700+0000] {logging_mixin.py:151} INFO - #False
[2024-01-20T05:49:34.700+0000] {logging_mixin.py:151} INFO - #False
[2024-01-20T05:49:34.701+0000] {logging_mixin.py:151} INFO - #False
[2024-01-20T05:49:34.701+0000] {logging_mixin.py:151} INFO - #False
[2024-01-20T05:49:34.701+0000] {logging_mixin.py:151} INFO - #False
[2024-01-20T05:49:34.701+0000] {logging_mixin.py:151} INFO - #False
[2024-01-20T05:49:34.701+0000] {logging_mixin.py:151} INFO - #False
[2024-01-20T05:49:34.702+0000] {logging_mixin.py:151} INFO - #False
[2024-01-20T05:49:34.702+0000] {logging_mixin.py:151} INFO - #False
[2024-01-20T05:49:34.702+0000] {logging_mixin.py:151} INFO - #False
[2024-01-20T05:49:34.702+0000] {logging_mixin.py:151} INFO - #False
[2024-01-20T05:49:34.702+0000] {logging_mixin.py:151} INFO - #False
[2024-01-20T05:49:34.703+0000] {logging_mixin.py:151} INFO - #False
[2024-01-20T05:49:34.703+0000] {logging_mixin.py:151} INFO - #False
[2024-01-20T05:49:34.703+0000] {logging_mixin.py:151} INFO - #False
[2024-01-20T05:49:34.703+0000] {logging_mixin.py:151} INFO -  submission : 
[2024-01-20T05:49:35.207+0000] {logging_mixin.py:151} INFO - #False
[2024-01-20T05:49:35.208+0000] {logging_mixin.py:151} INFO - #False
[2024-01-20T05:49:35.208+0000] {logging_mixin.py:151} INFO - #False
[2024-01-20T05:49:35.209+0000] {logging_mixin.py:151} INFO - #False
[2024-01-20T05:49:35.209+0000] {logging_mixin.py:151} INFO - #False
[2024-01-20T05:49:35.209+0000] {logging_mixin.py:151} INFO - #False
[2024-01-20T05:49:35.210+0000] {logging_mixin.py:151} INFO - #False
[2024-01-20T05:49:35.210+0000] {logging_mixin.py:151} INFO - #False
[2024-01-20T05:49:35.210+0000] {logging_mixin.py:151} INFO - #False
[2024-01-20T05:49:35.211+0000] {logging_mixin.py:151} INFO - #False
[2024-01-20T05:49:35.211+0000] {logging_mixin.py:151} INFO - #False
[2024-01-20T05:49:35.211+0000] {logging_mixin.py:151} INFO - #False
[2024-01-20T05:49:35.212+0000] {logging_mixin.py:151} INFO - #False
[2024-01-20T05:49:35.212+0000] {logging_mixin.py:151} INFO - #False
[2024-01-20T05:49:35.212+0000] {logging_mixin.py:151} INFO - #False
[2024-01-20T05:49:35.212+0000] {logging_mixin.py:151} INFO - #False
[2024-01-20T05:49:35.213+0000] {logging_mixin.py:151} INFO - #False
[2024-01-20T05:49:35.213+0000] {logging_mixin.py:151} INFO - #False
[2024-01-20T05:49:35.213+0000] {logging_mixin.py:151} INFO - #False
[2024-01-20T05:49:35.213+0000] {logging_mixin.py:151} INFO - #False
[2024-01-20T05:49:35.214+0000] {logging_mixin.py:151} INFO - #False
[2024-01-20T05:49:35.214+0000] {logging_mixin.py:151} INFO - #False
[2024-01-20T05:49:35.214+0000] {logging_mixin.py:151} INFO - #False
[2024-01-20T05:49:35.214+0000] {logging_mixin.py:151} INFO - #False
[2024-01-20T05:49:35.215+0000] {logging_mixin.py:151} INFO - #False
[2024-01-20T05:49:35.215+0000] {logging_mixin.py:151} INFO - #False
[2024-01-20T05:49:35.215+0000] {logging_mixin.py:151} INFO - #False
[2024-01-20T05:49:35.215+0000] {logging_mixin.py:151} INFO - #False
[2024-01-20T05:49:35.215+0000] {logging_mixin.py:151} INFO - #False
[2024-01-20T05:49:35.216+0000] {logging_mixin.py:151} INFO - #False
[2024-01-20T05:49:35.216+0000] {logging_mixin.py:151} INFO -  submission : 
[2024-01-20T05:49:35.623+0000] {logging_mixin.py:151} INFO - #False
[2024-01-20T05:49:35.624+0000] {logging_mixin.py:151} INFO - #False
[2024-01-20T05:49:35.625+0000] {logging_mixin.py:151} INFO - #False
[2024-01-20T05:49:35.625+0000] {logging_mixin.py:151} INFO - #False
[2024-01-20T05:49:35.625+0000] {logging_mixin.py:151} INFO - #False
[2024-01-20T05:49:35.625+0000] {logging_mixin.py:151} INFO - #False
[2024-01-20T05:49:35.626+0000] {logging_mixin.py:151} INFO - #False
[2024-01-20T05:49:35.626+0000] {logging_mixin.py:151} INFO - #False
[2024-01-20T05:49:35.626+0000] {logging_mixin.py:151} INFO - #False
[2024-01-20T05:49:35.627+0000] {logging_mixin.py:151} INFO - #False
[2024-01-20T05:49:35.627+0000] {logging_mixin.py:151} INFO - #False
[2024-01-20T05:49:35.627+0000] {logging_mixin.py:151} INFO - #False
[2024-01-20T05:49:35.628+0000] {logging_mixin.py:151} INFO - #False
[2024-01-20T05:49:35.628+0000] {logging_mixin.py:151} INFO - #False
[2024-01-20T05:49:35.628+0000] {logging_mixin.py:151} INFO - #False
[2024-01-20T05:49:35.629+0000] {logging_mixin.py:151} INFO - #False
[2024-01-20T05:49:35.629+0000] {logging_mixin.py:151} INFO - #False
[2024-01-20T05:49:35.629+0000] {logging_mixin.py:151} INFO - #False
[2024-01-20T05:49:35.629+0000] {logging_mixin.py:151} INFO - #False
[2024-01-20T05:49:35.630+0000] {logging_mixin.py:151} INFO - #False
[2024-01-20T05:49:35.630+0000] {logging_mixin.py:151} INFO - #False
[2024-01-20T05:49:35.630+0000] {logging_mixin.py:151} INFO - #False
[2024-01-20T05:49:35.631+0000] {logging_mixin.py:151} INFO - #False
[2024-01-20T05:49:35.631+0000] {logging_mixin.py:151} INFO - #False
[2024-01-20T05:49:35.631+0000] {logging_mixin.py:151} INFO - #False
[2024-01-20T05:49:35.632+0000] {logging_mixin.py:151} INFO - #False
[2024-01-20T05:49:35.632+0000] {logging_mixin.py:151} INFO - #False
[2024-01-20T05:49:35.632+0000] {logging_mixin.py:151} INFO - #False
[2024-01-20T05:49:35.632+0000] {logging_mixin.py:151} INFO - #False
[2024-01-20T05:49:35.633+0000] {logging_mixin.py:151} INFO - #False
[2024-01-20T05:49:35.633+0000] {logging_mixin.py:151} INFO -  submission : 
[2024-01-20T05:49:36.190+0000] {logging_mixin.py:151} INFO - #False
[2024-01-20T05:49:36.192+0000] {logging_mixin.py:151} INFO - #False
[2024-01-20T05:49:36.192+0000] {logging_mixin.py:151} INFO - #False
[2024-01-20T05:49:36.192+0000] {logging_mixin.py:151} INFO - #False
[2024-01-20T05:49:36.193+0000] {logging_mixin.py:151} INFO - #False
[2024-01-20T05:49:36.193+0000] {logging_mixin.py:151} INFO - #False
[2024-01-20T05:49:36.193+0000] {logging_mixin.py:151} INFO - #False
[2024-01-20T05:49:36.194+0000] {logging_mixin.py:151} INFO - #False
[2024-01-20T05:49:36.194+0000] {logging_mixin.py:151} INFO - #False
[2024-01-20T05:49:36.194+0000] {logging_mixin.py:151} INFO - #False
[2024-01-20T05:49:36.195+0000] {logging_mixin.py:151} INFO - #False
[2024-01-20T05:49:36.195+0000] {logging_mixin.py:151} INFO - #False
[2024-01-20T05:49:36.196+0000] {logging_mixin.py:151} INFO - #False
[2024-01-20T05:49:36.196+0000] {logging_mixin.py:151} INFO - #False
[2024-01-20T05:49:36.196+0000] {logging_mixin.py:151} INFO - #False
[2024-01-20T05:49:36.196+0000] {logging_mixin.py:151} INFO - #False
[2024-01-20T05:49:36.197+0000] {logging_mixin.py:151} INFO - #False
[2024-01-20T05:49:36.197+0000] {logging_mixin.py:151} INFO - #False
[2024-01-20T05:49:36.197+0000] {logging_mixin.py:151} INFO - #False
[2024-01-20T05:49:36.198+0000] {logging_mixin.py:151} INFO - #False
[2024-01-20T05:49:36.198+0000] {logging_mixin.py:151} INFO - #False
[2024-01-20T05:49:36.199+0000] {logging_mixin.py:151} INFO - #False
[2024-01-20T05:49:36.199+0000] {logging_mixin.py:151} INFO - #False
[2024-01-20T05:49:36.199+0000] {logging_mixin.py:151} INFO - #False
[2024-01-20T05:49:36.199+0000] {logging_mixin.py:151} INFO - #False
[2024-01-20T05:49:36.200+0000] {logging_mixin.py:151} INFO - #False
[2024-01-20T05:49:36.200+0000] {logging_mixin.py:151} INFO - #False
[2024-01-20T05:49:36.201+0000] {logging_mixin.py:151} INFO - #False
[2024-01-20T05:49:36.202+0000] {logging_mixin.py:151} INFO - #False
[2024-01-20T05:49:36.202+0000] {logging_mixin.py:151} INFO - #False
[2024-01-20T05:49:36.203+0000] {logging_mixin.py:151} INFO -  submission : 
[2024-01-20T05:49:36.758+0000] {logging_mixin.py:151} INFO - #False
[2024-01-20T05:49:36.759+0000] {logging_mixin.py:151} INFO - #False
[2024-01-20T05:49:36.759+0000] {logging_mixin.py:151} INFO - #False
[2024-01-20T05:49:36.759+0000] {logging_mixin.py:151} INFO - #False
[2024-01-20T05:49:36.759+0000] {logging_mixin.py:151} INFO - #False
[2024-01-20T05:49:36.760+0000] {logging_mixin.py:151} INFO - #False
[2024-01-20T05:49:36.760+0000] {logging_mixin.py:151} INFO - #False
[2024-01-20T05:49:36.760+0000] {logging_mixin.py:151} INFO - #False
[2024-01-20T05:49:36.760+0000] {logging_mixin.py:151} INFO - #False
[2024-01-20T05:49:36.761+0000] {logging_mixin.py:151} INFO - #False
[2024-01-20T05:49:36.761+0000] {logging_mixin.py:151} INFO - #False
[2024-01-20T05:49:36.761+0000] {logging_mixin.py:151} INFO - #False
[2024-01-20T05:49:36.761+0000] {logging_mixin.py:151} INFO - #False
[2024-01-20T05:49:36.762+0000] {logging_mixin.py:151} INFO - #False
[2024-01-20T05:49:36.762+0000] {logging_mixin.py:151} INFO - #False
[2024-01-20T05:49:36.762+0000] {logging_mixin.py:151} INFO - #False
[2024-01-20T05:49:36.762+0000] {logging_mixin.py:151} INFO - #False
[2024-01-20T05:49:36.763+0000] {logging_mixin.py:151} INFO - #False
[2024-01-20T05:49:36.763+0000] {logging_mixin.py:151} INFO - #False
[2024-01-20T05:49:36.763+0000] {logging_mixin.py:151} INFO - #False
[2024-01-20T05:49:36.763+0000] {logging_mixin.py:151} INFO - #False
[2024-01-20T05:49:36.764+0000] {logging_mixin.py:151} INFO - #False
[2024-01-20T05:49:36.764+0000] {logging_mixin.py:151} INFO - #False
[2024-01-20T05:49:36.764+0000] {logging_mixin.py:151} INFO - #False
[2024-01-20T05:49:36.764+0000] {logging_mixin.py:151} INFO - #False
[2024-01-20T05:49:36.765+0000] {logging_mixin.py:151} INFO - #False
[2024-01-20T05:49:36.765+0000] {logging_mixin.py:151} INFO - #False
[2024-01-20T05:49:36.765+0000] {logging_mixin.py:151} INFO - #False
[2024-01-20T05:49:36.766+0000] {logging_mixin.py:151} INFO - #False
[2024-01-20T05:49:36.766+0000] {logging_mixin.py:151} INFO - #False
[2024-01-20T05:49:36.766+0000] {conn.py:919} INFO - <BrokerConnection node_id=1 host=broker:29092 <connected> [IPv4 ('172.19.0.8', 29092)]>: Closing connection. 
[2024-01-20T05:49:36.767+0000] {python.py:194} INFO - Done. Returned value was: None
[2024-01-20T05:49:36.775+0000] {taskinstance.py:1400} INFO - Marking task as SUCCESS. dag_id=Kafka_Producer_2, task_id=Reddit, execution_date=20240120T054717, start_date=20240120T054932, end_date=20240120T054936
[2024-01-20T05:49:36.821+0000] {local_task_job_runner.py:228} INFO - Task exited with return code 0
[2024-01-20T05:49:36.835+0000] {taskinstance.py:2784} INFO - 0 downstream tasks scheduled from follow-on schedule check
