[2024-01-20T06:27:14.624+0000] {taskinstance.py:1159} INFO - Dependencies all met for dep_context=non-requeueable deps ti=<TaskInstance: Kafka_Producer_3.Reddit scheduled__2024-01-20T06:24:09.968957+00:00 [queued]>
[2024-01-20T06:27:14.631+0000] {taskinstance.py:1159} INFO - Dependencies all met for dep_context=requeueable deps ti=<TaskInstance: Kafka_Producer_3.Reddit scheduled__2024-01-20T06:24:09.968957+00:00 [queued]>
[2024-01-20T06:27:14.631+0000] {taskinstance.py:1361} INFO - Starting attempt 1 of 1
[2024-01-20T06:27:14.643+0000] {taskinstance.py:1382} INFO - Executing <Task(PythonOperator): Reddit> on 2024-01-20 06:24:09.968957+00:00
[2024-01-20T06:27:14.647+0000] {standard_task_runner.py:57} INFO - Started process 15428 to run task
[2024-01-20T06:27:14.649+0000] {standard_task_runner.py:84} INFO - Running: ['***', 'tasks', 'run', 'Kafka_Producer_3', 'Reddit', 'scheduled__2024-01-20T06:24:09.968957+00:00', '--job-id', '956', '--raw', '--subdir', 'DAGS_FOLDER/kafka_stream_3.py', '--cfg-path', '/tmp/tmp0bnit60u']
[2024-01-20T06:27:14.650+0000] {standard_task_runner.py:85} INFO - Job 956: Subtask Reddit
[2024-01-20T06:27:14.690+0000] {task_command.py:415} INFO - Running <TaskInstance: Kafka_Producer_3.Reddit scheduled__2024-01-20T06:24:09.968957+00:00 [running]> on host 45c5bfab8aa1
[2024-01-20T06:27:14.756+0000] {taskinstance.py:1660} INFO - Exporting env vars: AIRFLOW_CTX_DAG_OWNER='me' AIRFLOW_CTX_DAG_ID='Kafka_Producer_3' AIRFLOW_CTX_TASK_ID='Reddit' AIRFLOW_CTX_EXECUTION_DATE='2024-01-20T06:24:09.968957+00:00' AIRFLOW_CTX_TRY_NUMBER='1' AIRFLOW_CTX_DAG_RUN_ID='scheduled__2024-01-20T06:24:09.968957+00:00'
[2024-01-20T06:27:14.785+0000] {logging_mixin.py:151} INFO -  submission : 
[2024-01-20T06:27:15.602+0000] {logging_mixin.py:151} INFO - #False
[2024-01-20T06:27:15.602+0000] {logging_mixin.py:151} INFO - #False
[2024-01-20T06:27:15.603+0000] {logging_mixin.py:151} INFO - #False
[2024-01-20T06:27:15.603+0000] {logging_mixin.py:151} INFO - #False
[2024-01-20T06:27:15.603+0000] {logging_mixin.py:151} INFO - #False
[2024-01-20T06:27:15.603+0000] {logging_mixin.py:151} INFO - #False
[2024-01-20T06:27:15.604+0000] {logging_mixin.py:151} INFO - #False
[2024-01-20T06:27:15.604+0000] {logging_mixin.py:151} INFO - #False
[2024-01-20T06:27:15.604+0000] {logging_mixin.py:151} INFO - #False
[2024-01-20T06:27:15.605+0000] {logging_mixin.py:151} INFO - #False
[2024-01-20T06:27:15.605+0000] {logging_mixin.py:151} INFO - #False
[2024-01-20T06:27:15.605+0000] {logging_mixin.py:151} INFO - #False
[2024-01-20T06:27:15.605+0000] {logging_mixin.py:151} INFO - #False
[2024-01-20T06:27:15.606+0000] {logging_mixin.py:151} INFO - #False
[2024-01-20T06:27:15.606+0000] {logging_mixin.py:151} INFO - #False
[2024-01-20T06:27:15.606+0000] {logging_mixin.py:151} INFO - #False
[2024-01-20T06:27:15.606+0000] {logging_mixin.py:151} INFO - #False
[2024-01-20T06:27:15.606+0000] {logging_mixin.py:151} INFO - #False
[2024-01-20T06:27:15.607+0000] {logging_mixin.py:151} INFO - #False
[2024-01-20T06:27:15.607+0000] {logging_mixin.py:151} INFO - #False
[2024-01-20T06:27:15.608+0000] {logging_mixin.py:151} INFO - #False
[2024-01-20T06:27:15.608+0000] {logging_mixin.py:151} INFO - #False
[2024-01-20T06:27:15.609+0000] {logging_mixin.py:151} INFO - #False
[2024-01-20T06:27:15.609+0000] {logging_mixin.py:151} INFO - #False
[2024-01-20T06:27:15.609+0000] {logging_mixin.py:151} INFO - #False
[2024-01-20T06:27:15.609+0000] {logging_mixin.py:151} INFO - #False
[2024-01-20T06:27:15.610+0000] {logging_mixin.py:151} INFO - #False
[2024-01-20T06:27:15.610+0000] {logging_mixin.py:151} INFO - #False
[2024-01-20T06:27:15.610+0000] {logging_mixin.py:151} INFO - #False
[2024-01-20T06:27:15.610+0000] {logging_mixin.py:151} INFO - #False
[2024-01-20T06:27:15.611+0000] {logging_mixin.py:151} INFO -  submission : 
[2024-01-20T06:27:16.145+0000] {logging_mixin.py:151} INFO - #False
[2024-01-20T06:27:16.147+0000] {logging_mixin.py:151} INFO - #False
[2024-01-20T06:27:16.147+0000] {logging_mixin.py:151} INFO - #False
[2024-01-20T06:27:16.147+0000] {logging_mixin.py:151} INFO - #False
[2024-01-20T06:27:16.148+0000] {logging_mixin.py:151} INFO - #False
[2024-01-20T06:27:16.148+0000] {logging_mixin.py:151} INFO - #False
[2024-01-20T06:27:16.148+0000] {logging_mixin.py:151} INFO - #False
[2024-01-20T06:27:16.148+0000] {logging_mixin.py:151} INFO - #False
[2024-01-20T06:27:16.148+0000] {logging_mixin.py:151} INFO - #False
[2024-01-20T06:27:16.149+0000] {logging_mixin.py:151} INFO - #False
[2024-01-20T06:27:16.149+0000] {logging_mixin.py:151} INFO - #False
[2024-01-20T06:27:16.149+0000] {logging_mixin.py:151} INFO - #False
[2024-01-20T06:27:16.149+0000] {logging_mixin.py:151} INFO - #False
[2024-01-20T06:27:16.149+0000] {logging_mixin.py:151} INFO - #False
[2024-01-20T06:27:16.150+0000] {logging_mixin.py:151} INFO - #False
[2024-01-20T06:27:16.150+0000] {logging_mixin.py:151} INFO - #False
[2024-01-20T06:27:16.150+0000] {logging_mixin.py:151} INFO - #False
[2024-01-20T06:27:16.150+0000] {logging_mixin.py:151} INFO - #False
[2024-01-20T06:27:16.150+0000] {logging_mixin.py:151} INFO - #False
[2024-01-20T06:27:16.151+0000] {logging_mixin.py:151} INFO - #False
[2024-01-20T06:27:16.151+0000] {logging_mixin.py:151} INFO - #False
[2024-01-20T06:27:16.151+0000] {logging_mixin.py:151} INFO - #False
[2024-01-20T06:27:16.151+0000] {logging_mixin.py:151} INFO - #False
[2024-01-20T06:27:16.151+0000] {logging_mixin.py:151} INFO - #False
[2024-01-20T06:27:16.152+0000] {logging_mixin.py:151} INFO - #False
[2024-01-20T06:27:16.152+0000] {logging_mixin.py:151} INFO - #False
[2024-01-20T06:27:16.152+0000] {logging_mixin.py:151} INFO - #False
[2024-01-20T06:27:16.152+0000] {logging_mixin.py:151} INFO - #False
[2024-01-20T06:27:16.153+0000] {logging_mixin.py:151} INFO - #False
[2024-01-20T06:27:16.153+0000] {logging_mixin.py:151} INFO - #False
[2024-01-20T06:27:16.153+0000] {logging_mixin.py:151} INFO -  submission : 
[2024-01-20T06:27:16.763+0000] {logging_mixin.py:151} INFO - #False
[2024-01-20T06:27:16.764+0000] {logging_mixin.py:151} INFO - #False
[2024-01-20T06:27:16.764+0000] {logging_mixin.py:151} INFO - #False
[2024-01-20T06:27:16.765+0000] {logging_mixin.py:151} INFO - #False
[2024-01-20T06:27:16.765+0000] {logging_mixin.py:151} INFO - #False
[2024-01-20T06:27:16.766+0000] {logging_mixin.py:151} INFO - #False
[2024-01-20T06:27:16.766+0000] {logging_mixin.py:151} INFO - #False
[2024-01-20T06:27:16.766+0000] {logging_mixin.py:151} INFO - #False
[2024-01-20T06:27:16.767+0000] {logging_mixin.py:151} INFO - #False
[2024-01-20T06:27:16.768+0000] {logging_mixin.py:151} INFO - #False
[2024-01-20T06:27:16.768+0000] {logging_mixin.py:151} INFO - #False
[2024-01-20T06:27:16.768+0000] {logging_mixin.py:151} INFO - #False
[2024-01-20T06:27:16.769+0000] {logging_mixin.py:151} INFO - #False
[2024-01-20T06:27:16.769+0000] {logging_mixin.py:151} INFO - #False
[2024-01-20T06:27:16.769+0000] {logging_mixin.py:151} INFO - #False
[2024-01-20T06:27:16.770+0000] {logging_mixin.py:151} INFO - #False
[2024-01-20T06:27:16.770+0000] {logging_mixin.py:151} INFO - #False
[2024-01-20T06:27:16.770+0000] {logging_mixin.py:151} INFO - #False
[2024-01-20T06:27:16.771+0000] {logging_mixin.py:151} INFO - #False
[2024-01-20T06:27:16.771+0000] {logging_mixin.py:151} INFO - #False
[2024-01-20T06:27:16.771+0000] {logging_mixin.py:151} INFO - #False
[2024-01-20T06:27:16.771+0000] {logging_mixin.py:151} INFO - #False
[2024-01-20T06:27:16.772+0000] {logging_mixin.py:151} INFO - #False
[2024-01-20T06:27:16.772+0000] {logging_mixin.py:151} INFO - #False
[2024-01-20T06:27:16.772+0000] {logging_mixin.py:151} INFO - #False
[2024-01-20T06:27:16.773+0000] {logging_mixin.py:151} INFO - #False
[2024-01-20T06:27:16.773+0000] {logging_mixin.py:151} INFO - #False
[2024-01-20T06:27:16.773+0000] {logging_mixin.py:151} INFO - #False
[2024-01-20T06:27:16.774+0000] {logging_mixin.py:151} INFO - #False
[2024-01-20T06:27:16.774+0000] {logging_mixin.py:151} INFO - #False
[2024-01-20T06:27:16.775+0000] {logging_mixin.py:151} INFO -  submission : 
[2024-01-20T06:27:17.663+0000] {logging_mixin.py:151} INFO - #False
[2024-01-20T06:27:17.663+0000] {logging_mixin.py:151} INFO - #False
[2024-01-20T06:27:17.663+0000] {logging_mixin.py:151} INFO - #False
[2024-01-20T06:27:17.664+0000] {logging_mixin.py:151} INFO - #False
[2024-01-20T06:27:17.664+0000] {logging_mixin.py:151} INFO - #False
[2024-01-20T06:27:17.664+0000] {logging_mixin.py:151} INFO - #False
[2024-01-20T06:27:17.664+0000] {logging_mixin.py:151} INFO - #False
[2024-01-20T06:27:17.665+0000] {logging_mixin.py:151} INFO - #False
[2024-01-20T06:27:17.665+0000] {logging_mixin.py:151} INFO - #False
[2024-01-20T06:27:17.665+0000] {logging_mixin.py:151} INFO - #False
[2024-01-20T06:27:17.665+0000] {logging_mixin.py:151} INFO - #False
[2024-01-20T06:27:17.666+0000] {logging_mixin.py:151} INFO - #False
[2024-01-20T06:27:17.666+0000] {logging_mixin.py:151} INFO - #False
[2024-01-20T06:27:17.666+0000] {logging_mixin.py:151} INFO - #False
[2024-01-20T06:27:17.666+0000] {logging_mixin.py:151} INFO - #False
[2024-01-20T06:27:17.666+0000] {logging_mixin.py:151} INFO - #False
[2024-01-20T06:27:17.667+0000] {logging_mixin.py:151} INFO - #False
[2024-01-20T06:27:17.667+0000] {logging_mixin.py:151} INFO - #False
[2024-01-20T06:27:17.667+0000] {logging_mixin.py:151} INFO - #False
[2024-01-20T06:27:17.667+0000] {logging_mixin.py:151} INFO - #False
[2024-01-20T06:27:17.667+0000] {logging_mixin.py:151} INFO - #False
[2024-01-20T06:27:17.668+0000] {logging_mixin.py:151} INFO - #False
[2024-01-20T06:27:17.668+0000] {logging_mixin.py:151} INFO - #False
[2024-01-20T06:27:17.669+0000] {logging_mixin.py:151} INFO - #False
[2024-01-20T06:27:17.669+0000] {logging_mixin.py:151} INFO - #False
[2024-01-20T06:27:17.670+0000] {logging_mixin.py:151} INFO - #False
[2024-01-20T06:27:17.670+0000] {logging_mixin.py:151} INFO - #False
[2024-01-20T06:27:17.672+0000] {logging_mixin.py:151} INFO - #False
[2024-01-20T06:27:17.672+0000] {logging_mixin.py:151} INFO - #False
[2024-01-20T06:27:17.673+0000] {logging_mixin.py:151} INFO - #False
[2024-01-20T06:27:17.673+0000] {logging_mixin.py:151} INFO -  submission : 
[2024-01-20T06:27:18.192+0000] {logging_mixin.py:151} INFO - #False
[2024-01-20T06:27:18.193+0000] {logging_mixin.py:151} INFO - #False
[2024-01-20T06:27:18.193+0000] {logging_mixin.py:151} INFO - #False
[2024-01-20T06:27:18.193+0000] {logging_mixin.py:151} INFO - #False
[2024-01-20T06:27:18.193+0000] {logging_mixin.py:151} INFO - #False
[2024-01-20T06:27:18.194+0000] {logging_mixin.py:151} INFO - #False
[2024-01-20T06:27:18.194+0000] {logging_mixin.py:151} INFO - #False
[2024-01-20T06:27:18.194+0000] {logging_mixin.py:151} INFO - #False
[2024-01-20T06:27:18.195+0000] {logging_mixin.py:151} INFO - #False
[2024-01-20T06:27:18.195+0000] {logging_mixin.py:151} INFO - #False
[2024-01-20T06:27:18.195+0000] {logging_mixin.py:151} INFO - #False
[2024-01-20T06:27:18.195+0000] {logging_mixin.py:151} INFO - #False
[2024-01-20T06:27:18.195+0000] {logging_mixin.py:151} INFO - #False
[2024-01-20T06:27:18.196+0000] {logging_mixin.py:151} INFO - #False
[2024-01-20T06:27:18.196+0000] {logging_mixin.py:151} INFO - #False
[2024-01-20T06:27:18.196+0000] {logging_mixin.py:151} INFO - #False
[2024-01-20T06:27:18.196+0000] {logging_mixin.py:151} INFO - #False
[2024-01-20T06:27:18.196+0000] {logging_mixin.py:151} INFO - #False
[2024-01-20T06:27:18.197+0000] {logging_mixin.py:151} INFO - #False
[2024-01-20T06:27:18.197+0000] {logging_mixin.py:151} INFO - #False
[2024-01-20T06:27:18.197+0000] {logging_mixin.py:151} INFO - #False
[2024-01-20T06:27:18.197+0000] {logging_mixin.py:151} INFO - #False
[2024-01-20T06:27:18.198+0000] {logging_mixin.py:151} INFO - #False
[2024-01-20T06:27:18.198+0000] {logging_mixin.py:151} INFO - #False
[2024-01-20T06:27:18.198+0000] {logging_mixin.py:151} INFO - #False
[2024-01-20T06:27:18.198+0000] {logging_mixin.py:151} INFO - #False
[2024-01-20T06:27:18.198+0000] {logging_mixin.py:151} INFO - #False
[2024-01-20T06:27:18.199+0000] {logging_mixin.py:151} INFO - #False
[2024-01-20T06:27:18.199+0000] {logging_mixin.py:151} INFO - #False
[2024-01-20T06:27:18.199+0000] {logging_mixin.py:151} INFO - #False
[2024-01-20T06:27:18.199+0000] {logging_mixin.py:151} INFO -  submission : 
[2024-01-20T06:27:18.617+0000] {logging_mixin.py:151} INFO - #False
[2024-01-20T06:27:18.617+0000] {logging_mixin.py:151} INFO - #False
[2024-01-20T06:27:18.617+0000] {logging_mixin.py:151} INFO - #False
[2024-01-20T06:27:18.618+0000] {logging_mixin.py:151} INFO - #False
[2024-01-20T06:27:18.618+0000] {logging_mixin.py:151} INFO - #False
[2024-01-20T06:27:18.618+0000] {logging_mixin.py:151} INFO - #False
[2024-01-20T06:27:18.618+0000] {logging_mixin.py:151} INFO - #False
[2024-01-20T06:27:18.619+0000] {logging_mixin.py:151} INFO - #False
[2024-01-20T06:27:18.619+0000] {logging_mixin.py:151} INFO - #False
[2024-01-20T06:27:18.619+0000] {logging_mixin.py:151} INFO - #False
[2024-01-20T06:27:18.619+0000] {logging_mixin.py:151} INFO - #False
[2024-01-20T06:27:18.620+0000] {logging_mixin.py:151} INFO - #False
[2024-01-20T06:27:18.620+0000] {logging_mixin.py:151} INFO - #False
[2024-01-20T06:27:18.620+0000] {logging_mixin.py:151} INFO - #False
[2024-01-20T06:27:18.621+0000] {logging_mixin.py:151} INFO - #False
[2024-01-20T06:27:18.621+0000] {logging_mixin.py:151} INFO - #False
[2024-01-20T06:27:18.621+0000] {logging_mixin.py:151} INFO - #False
[2024-01-20T06:27:18.621+0000] {logging_mixin.py:151} INFO - #False
[2024-01-20T06:27:18.622+0000] {logging_mixin.py:151} INFO - #False
[2024-01-20T06:27:18.622+0000] {logging_mixin.py:151} INFO - #False
[2024-01-20T06:27:18.623+0000] {logging_mixin.py:151} INFO - #False
[2024-01-20T06:27:18.623+0000] {logging_mixin.py:151} INFO - #False
[2024-01-20T06:27:18.624+0000] {logging_mixin.py:151} INFO - #False
[2024-01-20T06:27:18.624+0000] {logging_mixin.py:151} INFO - #False
[2024-01-20T06:27:18.624+0000] {logging_mixin.py:151} INFO - #False
[2024-01-20T06:27:18.625+0000] {logging_mixin.py:151} INFO - #False
[2024-01-20T06:27:18.625+0000] {logging_mixin.py:151} INFO - #False
[2024-01-20T06:27:18.626+0000] {logging_mixin.py:151} INFO - #False
[2024-01-20T06:27:18.626+0000] {logging_mixin.py:151} INFO - #False
[2024-01-20T06:27:18.626+0000] {logging_mixin.py:151} INFO - #False
[2024-01-20T06:27:18.627+0000] {logging_mixin.py:151} INFO -  submission : 
[2024-01-20T06:27:19.329+0000] {logging_mixin.py:151} INFO - #False
[2024-01-20T06:27:19.329+0000] {logging_mixin.py:151} INFO - #False
[2024-01-20T06:27:19.330+0000] {logging_mixin.py:151} INFO - #False
[2024-01-20T06:27:19.330+0000] {logging_mixin.py:151} INFO - #False
[2024-01-20T06:27:19.330+0000] {logging_mixin.py:151} INFO - #False
[2024-01-20T06:27:19.330+0000] {logging_mixin.py:151} INFO - #False
[2024-01-20T06:27:19.331+0000] {logging_mixin.py:151} INFO - #False
[2024-01-20T06:27:19.331+0000] {logging_mixin.py:151} INFO - #False
[2024-01-20T06:27:19.331+0000] {logging_mixin.py:151} INFO - #False
[2024-01-20T06:27:19.331+0000] {logging_mixin.py:151} INFO - #False
[2024-01-20T06:27:19.332+0000] {logging_mixin.py:151} INFO - #False
[2024-01-20T06:27:19.332+0000] {logging_mixin.py:151} INFO - #False
[2024-01-20T06:27:19.332+0000] {logging_mixin.py:151} INFO - #False
[2024-01-20T06:27:19.332+0000] {logging_mixin.py:151} INFO - #False
[2024-01-20T06:27:19.332+0000] {logging_mixin.py:151} INFO - #False
[2024-01-20T06:27:19.333+0000] {logging_mixin.py:151} INFO - #False
[2024-01-20T06:27:19.333+0000] {logging_mixin.py:151} INFO - #False
[2024-01-20T06:27:19.333+0000] {logging_mixin.py:151} INFO - #False
[2024-01-20T06:27:19.333+0000] {logging_mixin.py:151} INFO - #False
[2024-01-20T06:27:19.334+0000] {logging_mixin.py:151} INFO - #False
[2024-01-20T06:27:19.334+0000] {logging_mixin.py:151} INFO - #False
[2024-01-20T06:27:19.334+0000] {logging_mixin.py:151} INFO - #False
[2024-01-20T06:27:19.334+0000] {logging_mixin.py:151} INFO - #False
[2024-01-20T06:27:19.334+0000] {logging_mixin.py:151} INFO - #False
[2024-01-20T06:27:19.335+0000] {logging_mixin.py:151} INFO - #False
[2024-01-20T06:27:19.335+0000] {logging_mixin.py:151} INFO - #False
[2024-01-20T06:27:19.335+0000] {logging_mixin.py:151} INFO - #False
[2024-01-20T06:27:19.335+0000] {logging_mixin.py:151} INFO - #False
[2024-01-20T06:27:19.335+0000] {logging_mixin.py:151} INFO - #False
[2024-01-20T06:27:19.336+0000] {logging_mixin.py:151} INFO - #False
[2024-01-20T06:27:19.336+0000] {logging_mixin.py:151} INFO -  submission : 
[2024-01-20T06:27:19.869+0000] {logging_mixin.py:151} INFO - #False
[2024-01-20T06:27:19.870+0000] {logging_mixin.py:151} INFO - #False
[2024-01-20T06:27:19.870+0000] {logging_mixin.py:151} INFO - #False
[2024-01-20T06:27:19.870+0000] {logging_mixin.py:151} INFO - #False
[2024-01-20T06:27:19.871+0000] {logging_mixin.py:151} INFO - #False
[2024-01-20T06:27:19.871+0000] {logging_mixin.py:151} INFO - #False
[2024-01-20T06:27:19.871+0000] {logging_mixin.py:151} INFO - #False
[2024-01-20T06:27:19.871+0000] {logging_mixin.py:151} INFO - #False
[2024-01-20T06:27:19.871+0000] {logging_mixin.py:151} INFO - #False
[2024-01-20T06:27:19.871+0000] {logging_mixin.py:151} INFO - #False
[2024-01-20T06:27:19.872+0000] {logging_mixin.py:151} INFO - #False
[2024-01-20T06:27:19.872+0000] {logging_mixin.py:151} INFO - #False
[2024-01-20T06:27:19.872+0000] {logging_mixin.py:151} INFO - #False
[2024-01-20T06:27:19.872+0000] {logging_mixin.py:151} INFO - #False
[2024-01-20T06:27:19.873+0000] {logging_mixin.py:151} INFO - #False
[2024-01-20T06:27:19.873+0000] {logging_mixin.py:151} INFO - #False
[2024-01-20T06:27:19.873+0000] {logging_mixin.py:151} INFO - #False
[2024-01-20T06:27:19.873+0000] {logging_mixin.py:151} INFO - #False
[2024-01-20T06:27:19.874+0000] {logging_mixin.py:151} INFO - #False
[2024-01-20T06:27:19.874+0000] {logging_mixin.py:151} INFO - #False
[2024-01-20T06:27:19.875+0000] {logging_mixin.py:151} INFO - #False
[2024-01-20T06:27:19.875+0000] {logging_mixin.py:151} INFO - #False
[2024-01-20T06:27:19.875+0000] {logging_mixin.py:151} INFO - #False
[2024-01-20T06:27:19.875+0000] {logging_mixin.py:151} INFO - #False
[2024-01-20T06:27:19.876+0000] {logging_mixin.py:151} INFO - #False
[2024-01-20T06:27:19.876+0000] {logging_mixin.py:151} INFO - #False
[2024-01-20T06:27:19.876+0000] {logging_mixin.py:151} INFO - #False
[2024-01-20T06:27:19.876+0000] {logging_mixin.py:151} INFO - #False
[2024-01-20T06:27:19.877+0000] {logging_mixin.py:151} INFO - #False
[2024-01-20T06:27:19.877+0000] {logging_mixin.py:151} INFO - #False
[2024-01-20T06:27:19.877+0000] {python.py:194} INFO - Done. Returned value was: None
[2024-01-20T06:27:19.884+0000] {taskinstance.py:1400} INFO - Marking task as SUCCESS. dag_id=Kafka_Producer_3, task_id=Reddit, execution_date=20240120T062409, start_date=20240120T062714, end_date=20240120T062719
[2024-01-20T06:27:19.902+0000] {local_task_job_runner.py:228} INFO - Task exited with return code 0
[2024-01-20T06:27:19.913+0000] {taskinstance.py:2784} INFO - 0 downstream tasks scheduled from follow-on schedule check
