[2024-01-17T21:37:22.244+0000] {taskinstance.py:1159} INFO - Dependencies all met for dep_context=non-requeueable deps ti=<TaskInstance: Stream_Data_5.Reddit scheduled__2024-01-17T21:35:48.230405+00:00 [queued]>
[2024-01-17T21:37:22.249+0000] {taskinstance.py:1159} INFO - Dependencies all met for dep_context=requeueable deps ti=<TaskInstance: Stream_Data_5.Reddit scheduled__2024-01-17T21:35:48.230405+00:00 [queued]>
[2024-01-17T21:37:22.249+0000] {taskinstance.py:1361} INFO - Starting attempt 1 of 1
[2024-01-17T21:37:22.262+0000] {taskinstance.py:1382} INFO - Executing <Task(PythonOperator): Reddit> on 2024-01-17 21:35:48.230405+00:00
[2024-01-17T21:37:22.266+0000] {standard_task_runner.py:57} INFO - Started process 2920 to run task
[2024-01-17T21:37:22.268+0000] {standard_task_runner.py:84} INFO - Running: ['***', 'tasks', 'run', 'Stream_Data_5', 'Reddit', 'scheduled__2024-01-17T21:35:48.230405+00:00', '--job-id', '686', '--raw', '--subdir', 'DAGS_FOLDER/kafka_stream_5.py', '--cfg-path', '/tmp/tmp5ff5i0rf']
[2024-01-17T21:37:22.269+0000] {standard_task_runner.py:85} INFO - Job 686: Subtask Reddit
[2024-01-17T21:37:22.310+0000] {task_command.py:415} INFO - Running <TaskInstance: Stream_Data_5.Reddit scheduled__2024-01-17T21:35:48.230405+00:00 [running]> on host 614a419ad930
[2024-01-17T21:37:22.379+0000] {taskinstance.py:1660} INFO - Exporting env vars: AIRFLOW_CTX_DAG_OWNER='me' AIRFLOW_CTX_DAG_ID='Stream_Data_5' AIRFLOW_CTX_TASK_ID='Reddit' AIRFLOW_CTX_EXECUTION_DATE='2024-01-17T21:35:48.230405+00:00' AIRFLOW_CTX_TRY_NUMBER='1' AIRFLOW_CTX_DAG_RUN_ID='scheduled__2024-01-17T21:35:48.230405+00:00'
[2024-01-17T21:37:22.406+0000] {logging_mixin.py:151} INFO -  submission : 
[2024-01-17T21:37:23.706+0000] {logging_mixin.py:151} INFO - #False
[2024-01-17T21:37:23.706+0000] {logging_mixin.py:151} INFO - #False
[2024-01-17T21:37:23.706+0000] {logging_mixin.py:151} INFO - #False
[2024-01-17T21:37:23.706+0000] {logging_mixin.py:151} INFO - #False
[2024-01-17T21:37:23.706+0000] {logging_mixin.py:151} INFO - #False
[2024-01-17T21:37:23.706+0000] {logging_mixin.py:151} INFO - #False
[2024-01-17T21:37:23.706+0000] {logging_mixin.py:151} INFO - #False
[2024-01-17T21:37:23.706+0000] {logging_mixin.py:151} INFO - #False
[2024-01-17T21:37:23.706+0000] {logging_mixin.py:151} INFO - #False
[2024-01-17T21:37:23.706+0000] {logging_mixin.py:151} INFO - #False
[2024-01-17T21:37:23.707+0000] {logging_mixin.py:151} INFO - #False
[2024-01-17T21:37:23.707+0000] {logging_mixin.py:151} INFO - #False
[2024-01-17T21:37:23.707+0000] {logging_mixin.py:151} INFO - #False
[2024-01-17T21:37:23.707+0000] {logging_mixin.py:151} INFO - #False
[2024-01-17T21:37:23.707+0000] {logging_mixin.py:151} INFO - #False
[2024-01-17T21:37:23.707+0000] {logging_mixin.py:151} INFO - #False
[2024-01-17T21:37:23.707+0000] {logging_mixin.py:151} INFO - #False
[2024-01-17T21:37:23.707+0000] {logging_mixin.py:151} INFO - #False
[2024-01-17T21:37:23.707+0000] {logging_mixin.py:151} INFO - #False
[2024-01-17T21:37:23.707+0000] {logging_mixin.py:151} INFO - #False
[2024-01-17T21:37:23.707+0000] {logging_mixin.py:151} INFO - #False
[2024-01-17T21:37:23.707+0000] {logging_mixin.py:151} INFO - #False
[2024-01-17T21:37:23.707+0000] {logging_mixin.py:151} INFO - #False
[2024-01-17T21:37:23.707+0000] {logging_mixin.py:151} INFO - #False
[2024-01-17T21:37:23.707+0000] {logging_mixin.py:151} INFO - #False
[2024-01-17T21:37:23.707+0000] {logging_mixin.py:151} INFO - #False
[2024-01-17T21:37:23.707+0000] {logging_mixin.py:151} INFO - #False
[2024-01-17T21:37:23.707+0000] {logging_mixin.py:151} INFO - #False
[2024-01-17T21:37:23.707+0000] {logging_mixin.py:151} INFO - #False
[2024-01-17T21:37:23.707+0000] {logging_mixin.py:151} INFO - #False
[2024-01-17T21:37:23.708+0000] {logging_mixin.py:151} INFO -  submission : 
[2024-01-17T21:37:24.536+0000] {logging_mixin.py:151} INFO - #False
[2024-01-17T21:37:24.536+0000] {logging_mixin.py:151} INFO - #False
[2024-01-17T21:37:24.537+0000] {logging_mixin.py:151} INFO - #False
[2024-01-17T21:37:24.537+0000] {logging_mixin.py:151} INFO - #False
[2024-01-17T21:37:24.537+0000] {logging_mixin.py:151} INFO - #False
[2024-01-17T21:37:24.537+0000] {logging_mixin.py:151} INFO - #False
[2024-01-17T21:37:24.537+0000] {logging_mixin.py:151} INFO - #False
[2024-01-17T21:37:24.537+0000] {logging_mixin.py:151} INFO - #False
[2024-01-17T21:37:24.537+0000] {logging_mixin.py:151} INFO - #False
[2024-01-17T21:37:24.537+0000] {logging_mixin.py:151} INFO - #False
[2024-01-17T21:37:24.538+0000] {logging_mixin.py:151} INFO - #False
[2024-01-17T21:37:24.538+0000] {logging_mixin.py:151} INFO - #False
[2024-01-17T21:37:24.538+0000] {logging_mixin.py:151} INFO - #False
[2024-01-17T21:37:24.538+0000] {logging_mixin.py:151} INFO - #False
[2024-01-17T21:37:24.538+0000] {logging_mixin.py:151} INFO - #False
[2024-01-17T21:37:24.538+0000] {logging_mixin.py:151} INFO - #False
[2024-01-17T21:37:24.538+0000] {logging_mixin.py:151} INFO - #False
[2024-01-17T21:37:24.538+0000] {logging_mixin.py:151} INFO - #False
[2024-01-17T21:37:24.538+0000] {logging_mixin.py:151} INFO - #False
[2024-01-17T21:37:24.538+0000] {logging_mixin.py:151} INFO - #False
[2024-01-17T21:37:24.538+0000] {logging_mixin.py:151} INFO - #False
[2024-01-17T21:37:24.538+0000] {logging_mixin.py:151} INFO - #False
[2024-01-17T21:37:24.538+0000] {logging_mixin.py:151} INFO - #False
[2024-01-17T21:37:24.538+0000] {logging_mixin.py:151} INFO - #False
[2024-01-17T21:37:24.538+0000] {logging_mixin.py:151} INFO - #False
[2024-01-17T21:37:24.538+0000] {logging_mixin.py:151} INFO - #False
[2024-01-17T21:37:24.538+0000] {logging_mixin.py:151} INFO - #False
[2024-01-17T21:37:24.538+0000] {logging_mixin.py:151} INFO - #False
[2024-01-17T21:37:24.538+0000] {logging_mixin.py:151} INFO - #False
[2024-01-17T21:37:24.538+0000] {logging_mixin.py:151} INFO - #False
[2024-01-17T21:37:24.538+0000] {logging_mixin.py:151} INFO -  submission : 
[2024-01-17T21:37:25.871+0000] {logging_mixin.py:151} INFO - #False
[2024-01-17T21:37:25.871+0000] {logging_mixin.py:151} INFO - #False
[2024-01-17T21:37:25.872+0000] {logging_mixin.py:151} INFO - #False
[2024-01-17T21:37:25.872+0000] {logging_mixin.py:151} INFO - #False
[2024-01-17T21:37:25.872+0000] {logging_mixin.py:151} INFO - #False
[2024-01-17T21:37:25.872+0000] {logging_mixin.py:151} INFO - #False
[2024-01-17T21:37:25.872+0000] {logging_mixin.py:151} INFO - #False
[2024-01-17T21:37:25.872+0000] {logging_mixin.py:151} INFO - #False
[2024-01-17T21:37:25.872+0000] {logging_mixin.py:151} INFO - #False
[2024-01-17T21:37:25.872+0000] {logging_mixin.py:151} INFO - #False
[2024-01-17T21:37:25.872+0000] {logging_mixin.py:151} INFO - #False
[2024-01-17T21:37:25.872+0000] {logging_mixin.py:151} INFO - #False
[2024-01-17T21:37:25.872+0000] {logging_mixin.py:151} INFO - #False
[2024-01-17T21:37:25.872+0000] {logging_mixin.py:151} INFO - #False
[2024-01-17T21:37:25.872+0000] {logging_mixin.py:151} INFO - #False
[2024-01-17T21:37:25.872+0000] {logging_mixin.py:151} INFO - #False
[2024-01-17T21:37:25.872+0000] {logging_mixin.py:151} INFO - #False
[2024-01-17T21:37:25.872+0000] {logging_mixin.py:151} INFO - #False
[2024-01-17T21:37:25.872+0000] {logging_mixin.py:151} INFO - #False
[2024-01-17T21:37:25.872+0000] {logging_mixin.py:151} INFO - #False
[2024-01-17T21:37:25.872+0000] {logging_mixin.py:151} INFO - #False
[2024-01-17T21:37:25.872+0000] {logging_mixin.py:151} INFO - #False
[2024-01-17T21:37:25.872+0000] {logging_mixin.py:151} INFO - #False
[2024-01-17T21:37:25.872+0000] {logging_mixin.py:151} INFO - #False
[2024-01-17T21:37:25.873+0000] {logging_mixin.py:151} INFO - #False
[2024-01-17T21:37:25.873+0000] {logging_mixin.py:151} INFO - #False
[2024-01-17T21:37:25.873+0000] {logging_mixin.py:151} INFO - #False
[2024-01-17T21:37:25.873+0000] {logging_mixin.py:151} INFO - #False
[2024-01-17T21:37:25.873+0000] {logging_mixin.py:151} INFO - #False
[2024-01-17T21:37:25.873+0000] {logging_mixin.py:151} INFO - #False
[2024-01-17T21:37:25.873+0000] {logging_mixin.py:151} INFO -  submission : 
[2024-01-17T21:37:26.666+0000] {logging_mixin.py:151} INFO - #False
[2024-01-17T21:37:26.666+0000] {logging_mixin.py:151} INFO - #False
[2024-01-17T21:37:26.666+0000] {logging_mixin.py:151} INFO - #False
[2024-01-17T21:37:26.666+0000] {logging_mixin.py:151} INFO - #False
[2024-01-17T21:37:26.666+0000] {logging_mixin.py:151} INFO - #False
[2024-01-17T21:37:26.666+0000] {logging_mixin.py:151} INFO - #False
[2024-01-17T21:37:26.666+0000] {logging_mixin.py:151} INFO - #False
[2024-01-17T21:37:26.666+0000] {logging_mixin.py:151} INFO - #False
[2024-01-17T21:37:26.666+0000] {logging_mixin.py:151} INFO - #False
[2024-01-17T21:37:26.667+0000] {logging_mixin.py:151} INFO - #False
[2024-01-17T21:37:26.667+0000] {logging_mixin.py:151} INFO - #False
[2024-01-17T21:37:26.667+0000] {logging_mixin.py:151} INFO - #False
[2024-01-17T21:37:26.667+0000] {logging_mixin.py:151} INFO - #False
[2024-01-17T21:37:26.667+0000] {logging_mixin.py:151} INFO - #False
[2024-01-17T21:37:26.667+0000] {logging_mixin.py:151} INFO - #False
[2024-01-17T21:37:26.667+0000] {logging_mixin.py:151} INFO - #False
[2024-01-17T21:37:26.667+0000] {logging_mixin.py:151} INFO - #False
[2024-01-17T21:37:26.667+0000] {logging_mixin.py:151} INFO - #False
[2024-01-17T21:37:26.667+0000] {logging_mixin.py:151} INFO - #False
[2024-01-17T21:37:26.667+0000] {logging_mixin.py:151} INFO - #False
[2024-01-17T21:37:26.667+0000] {logging_mixin.py:151} INFO - #False
[2024-01-17T21:37:26.667+0000] {logging_mixin.py:151} INFO - #False
[2024-01-17T21:37:26.667+0000] {logging_mixin.py:151} INFO - #False
[2024-01-17T21:37:26.667+0000] {logging_mixin.py:151} INFO - #False
[2024-01-17T21:37:26.667+0000] {logging_mixin.py:151} INFO - #False
[2024-01-17T21:37:26.667+0000] {logging_mixin.py:151} INFO - #False
[2024-01-17T21:37:26.668+0000] {logging_mixin.py:151} INFO - #False
[2024-01-17T21:37:26.668+0000] {logging_mixin.py:151} INFO - #False
[2024-01-17T21:37:26.668+0000] {logging_mixin.py:151} INFO - #False
[2024-01-17T21:37:26.668+0000] {logging_mixin.py:151} INFO - #False
[2024-01-17T21:37:26.668+0000] {logging_mixin.py:151} INFO -  submission : 
[2024-01-17T21:37:27.500+0000] {logging_mixin.py:151} INFO - #False
[2024-01-17T21:37:27.500+0000] {logging_mixin.py:151} INFO - #False
[2024-01-17T21:37:27.500+0000] {logging_mixin.py:151} INFO - #False
[2024-01-17T21:37:27.500+0000] {logging_mixin.py:151} INFO - #False
[2024-01-17T21:37:27.500+0000] {logging_mixin.py:151} INFO - #False
[2024-01-17T21:37:27.500+0000] {logging_mixin.py:151} INFO - #False
[2024-01-17T21:37:27.501+0000] {logging_mixin.py:151} INFO - #False
[2024-01-17T21:37:27.501+0000] {logging_mixin.py:151} INFO - #False
[2024-01-17T21:37:27.501+0000] {logging_mixin.py:151} INFO - #False
[2024-01-17T21:37:27.501+0000] {logging_mixin.py:151} INFO - #False
[2024-01-17T21:37:27.501+0000] {logging_mixin.py:151} INFO - #False
[2024-01-17T21:37:27.501+0000] {logging_mixin.py:151} INFO - #False
[2024-01-17T21:37:27.501+0000] {logging_mixin.py:151} INFO - #False
[2024-01-17T21:37:27.501+0000] {logging_mixin.py:151} INFO - #False
[2024-01-17T21:37:27.501+0000] {logging_mixin.py:151} INFO - #False
[2024-01-17T21:37:27.501+0000] {logging_mixin.py:151} INFO - #False
[2024-01-17T21:37:27.501+0000] {logging_mixin.py:151} INFO - #False
[2024-01-17T21:37:27.501+0000] {logging_mixin.py:151} INFO - #False
[2024-01-17T21:37:27.501+0000] {logging_mixin.py:151} INFO - #False
[2024-01-17T21:37:27.501+0000] {logging_mixin.py:151} INFO - #False
[2024-01-17T21:37:27.501+0000] {logging_mixin.py:151} INFO - #False
[2024-01-17T21:37:27.501+0000] {logging_mixin.py:151} INFO - #False
[2024-01-17T21:37:27.501+0000] {logging_mixin.py:151} INFO - #False
[2024-01-17T21:37:27.501+0000] {logging_mixin.py:151} INFO - #False
[2024-01-17T21:37:27.501+0000] {logging_mixin.py:151} INFO - #False
[2024-01-17T21:37:27.501+0000] {logging_mixin.py:151} INFO - #False
[2024-01-17T21:37:27.501+0000] {logging_mixin.py:151} INFO - #False
[2024-01-17T21:37:27.501+0000] {logging_mixin.py:151} INFO - #False
[2024-01-17T21:37:27.502+0000] {logging_mixin.py:151} INFO - #False
[2024-01-17T21:37:27.502+0000] {logging_mixin.py:151} INFO - #False
[2024-01-17T21:37:27.502+0000] {logging_mixin.py:151} INFO -  submission : 
[2024-01-17T21:37:28.300+0000] {logging_mixin.py:151} INFO - #False
[2024-01-17T21:37:28.301+0000] {logging_mixin.py:151} INFO - #False
[2024-01-17T21:37:28.301+0000] {logging_mixin.py:151} INFO - #False
[2024-01-17T21:37:28.301+0000] {logging_mixin.py:151} INFO - #False
[2024-01-17T21:37:28.301+0000] {logging_mixin.py:151} INFO - #False
[2024-01-17T21:37:28.301+0000] {logging_mixin.py:151} INFO - #False
[2024-01-17T21:37:28.301+0000] {logging_mixin.py:151} INFO - #False
[2024-01-17T21:37:28.301+0000] {logging_mixin.py:151} INFO - #False
[2024-01-17T21:37:28.301+0000] {logging_mixin.py:151} INFO - #False
[2024-01-17T21:37:28.301+0000] {logging_mixin.py:151} INFO - #False
[2024-01-17T21:37:28.301+0000] {logging_mixin.py:151} INFO - #False
[2024-01-17T21:37:28.301+0000] {logging_mixin.py:151} INFO - #False
[2024-01-17T21:37:28.301+0000] {logging_mixin.py:151} INFO - #False
[2024-01-17T21:37:28.301+0000] {logging_mixin.py:151} INFO - #False
[2024-01-17T21:37:28.301+0000] {logging_mixin.py:151} INFO - #False
[2024-01-17T21:37:28.301+0000] {logging_mixin.py:151} INFO - #False
[2024-01-17T21:37:28.301+0000] {logging_mixin.py:151} INFO - #False
[2024-01-17T21:37:28.301+0000] {logging_mixin.py:151} INFO - #False
[2024-01-17T21:37:28.301+0000] {logging_mixin.py:151} INFO - #False
[2024-01-17T21:37:28.302+0000] {logging_mixin.py:151} INFO - #False
[2024-01-17T21:37:28.302+0000] {logging_mixin.py:151} INFO - #False
[2024-01-17T21:37:28.302+0000] {logging_mixin.py:151} INFO - #False
[2024-01-17T21:37:28.302+0000] {logging_mixin.py:151} INFO - #False
[2024-01-17T21:37:28.302+0000] {logging_mixin.py:151} INFO - #False
[2024-01-17T21:37:28.302+0000] {logging_mixin.py:151} INFO - #False
[2024-01-17T21:37:28.302+0000] {logging_mixin.py:151} INFO - #False
[2024-01-17T21:37:28.302+0000] {logging_mixin.py:151} INFO - #False
[2024-01-17T21:37:28.302+0000] {logging_mixin.py:151} INFO - #False
[2024-01-17T21:37:28.302+0000] {logging_mixin.py:151} INFO - #False
[2024-01-17T21:37:28.302+0000] {logging_mixin.py:151} INFO - #False
[2024-01-17T21:37:28.302+0000] {logging_mixin.py:151} INFO -  submission : 
[2024-01-17T21:37:29.134+0000] {logging_mixin.py:151} INFO - #False
[2024-01-17T21:37:29.134+0000] {logging_mixin.py:151} INFO - #False
[2024-01-17T21:37:29.134+0000] {logging_mixin.py:151} INFO - #False
[2024-01-17T21:37:29.135+0000] {logging_mixin.py:151} INFO - #False
[2024-01-17T21:37:29.135+0000] {logging_mixin.py:151} INFO - #False
[2024-01-17T21:37:29.135+0000] {logging_mixin.py:151} INFO - #False
[2024-01-17T21:37:29.135+0000] {logging_mixin.py:151} INFO - #False
[2024-01-17T21:37:29.135+0000] {logging_mixin.py:151} INFO - #False
[2024-01-17T21:37:29.135+0000] {logging_mixin.py:151} INFO - #False
[2024-01-17T21:37:29.135+0000] {logging_mixin.py:151} INFO - #False
[2024-01-17T21:37:29.135+0000] {logging_mixin.py:151} INFO - #False
[2024-01-17T21:37:29.135+0000] {logging_mixin.py:151} INFO - #False
[2024-01-17T21:37:29.135+0000] {logging_mixin.py:151} INFO - #False
[2024-01-17T21:37:29.135+0000] {logging_mixin.py:151} INFO - #False
[2024-01-17T21:37:29.135+0000] {logging_mixin.py:151} INFO - #False
[2024-01-17T21:37:29.135+0000] {logging_mixin.py:151} INFO - #False
[2024-01-17T21:37:29.135+0000] {logging_mixin.py:151} INFO - #False
[2024-01-17T21:37:29.135+0000] {logging_mixin.py:151} INFO - #False
[2024-01-17T21:37:29.135+0000] {logging_mixin.py:151} INFO - #False
[2024-01-17T21:37:29.135+0000] {logging_mixin.py:151} INFO - #False
[2024-01-17T21:37:29.135+0000] {logging_mixin.py:151} INFO - #False
[2024-01-17T21:37:29.135+0000] {logging_mixin.py:151} INFO - #False
[2024-01-17T21:37:29.135+0000] {logging_mixin.py:151} INFO - #False
[2024-01-17T21:37:29.135+0000] {logging_mixin.py:151} INFO - #False
[2024-01-17T21:37:29.136+0000] {logging_mixin.py:151} INFO - #False
[2024-01-17T21:37:29.136+0000] {logging_mixin.py:151} INFO - #False
[2024-01-17T21:37:29.136+0000] {logging_mixin.py:151} INFO - #False
[2024-01-17T21:37:29.136+0000] {logging_mixin.py:151} INFO - #False
[2024-01-17T21:37:29.136+0000] {logging_mixin.py:151} INFO - #False
[2024-01-17T21:37:29.136+0000] {logging_mixin.py:151} INFO - #False
[2024-01-17T21:37:29.136+0000] {logging_mixin.py:151} INFO -  submission : 
[2024-01-17T21:37:30.063+0000] {logging_mixin.py:151} INFO - #False
[2024-01-17T21:37:30.064+0000] {logging_mixin.py:151} INFO - #False
[2024-01-17T21:37:30.064+0000] {logging_mixin.py:151} INFO - #False
[2024-01-17T21:37:30.064+0000] {logging_mixin.py:151} INFO - #False
[2024-01-17T21:37:30.064+0000] {logging_mixin.py:151} INFO - #False
[2024-01-17T21:37:30.064+0000] {logging_mixin.py:151} INFO - #False
[2024-01-17T21:37:30.064+0000] {logging_mixin.py:151} INFO - #False
[2024-01-17T21:37:30.064+0000] {logging_mixin.py:151} INFO - #False
[2024-01-17T21:37:30.064+0000] {logging_mixin.py:151} INFO - #False
[2024-01-17T21:37:30.064+0000] {logging_mixin.py:151} INFO - #False
[2024-01-17T21:37:30.064+0000] {logging_mixin.py:151} INFO - #False
[2024-01-17T21:37:30.064+0000] {logging_mixin.py:151} INFO - #False
[2024-01-17T21:37:30.064+0000] {logging_mixin.py:151} INFO - #False
[2024-01-17T21:37:30.064+0000] {logging_mixin.py:151} INFO - #False
[2024-01-17T21:37:30.064+0000] {logging_mixin.py:151} INFO - #False
[2024-01-17T21:37:30.064+0000] {logging_mixin.py:151} INFO - #False
[2024-01-17T21:37:30.065+0000] {logging_mixin.py:151} INFO - #False
[2024-01-17T21:37:30.065+0000] {logging_mixin.py:151} INFO - #False
[2024-01-17T21:37:30.065+0000] {logging_mixin.py:151} INFO - #False
[2024-01-17T21:37:30.065+0000] {logging_mixin.py:151} INFO - #False
[2024-01-17T21:37:30.065+0000] {logging_mixin.py:151} INFO - #False
[2024-01-17T21:37:30.065+0000] {logging_mixin.py:151} INFO - #False
[2024-01-17T21:37:30.065+0000] {logging_mixin.py:151} INFO - #False
[2024-01-17T21:37:30.065+0000] {logging_mixin.py:151} INFO - #False
[2024-01-17T21:37:30.065+0000] {logging_mixin.py:151} INFO - #False
[2024-01-17T21:37:30.065+0000] {logging_mixin.py:151} INFO - #False
[2024-01-17T21:37:30.065+0000] {logging_mixin.py:151} INFO - #False
[2024-01-17T21:37:30.065+0000] {logging_mixin.py:151} INFO - #False
[2024-01-17T21:37:30.065+0000] {logging_mixin.py:151} INFO - #False
[2024-01-17T21:37:30.065+0000] {logging_mixin.py:151} INFO - #False
[2024-01-17T21:37:30.065+0000] {python.py:194} INFO - Done. Returned value was: None
[2024-01-17T21:37:30.073+0000] {taskinstance.py:1400} INFO - Marking task as SUCCESS. dag_id=Stream_Data_5, task_id=Reddit, execution_date=20240117T213548, start_date=20240117T213722, end_date=20240117T213730
[2024-01-17T21:37:30.104+0000] {local_task_job_runner.py:228} INFO - Task exited with return code 0
[2024-01-17T21:37:30.116+0000] {taskinstance.py:2784} INFO - 0 downstream tasks scheduled from follow-on schedule check
