[2024-01-20T05:07:08.502+0000] {taskinstance.py:1159} INFO - Dependencies all met for dep_context=non-requeueable deps ti=<TaskInstance: Kafka_Producer_2.Reddit scheduled__2024-01-20T05:04:51.385549+00:00 [queued]>
[2024-01-20T05:07:08.507+0000] {taskinstance.py:1159} INFO - Dependencies all met for dep_context=requeueable deps ti=<TaskInstance: Kafka_Producer_2.Reddit scheduled__2024-01-20T05:04:51.385549+00:00 [queued]>
[2024-01-20T05:07:08.508+0000] {taskinstance.py:1361} INFO - Starting attempt 1 of 1
[2024-01-20T05:07:08.521+0000] {taskinstance.py:1382} INFO - Executing <Task(PythonOperator): Reddit> on 2024-01-20 05:04:51.385549+00:00
[2024-01-20T05:07:08.525+0000] {standard_task_runner.py:57} INFO - Started process 9154 to run task
[2024-01-20T05:07:08.528+0000] {standard_task_runner.py:84} INFO - Running: ['***', 'tasks', 'run', 'Kafka_Producer_2', 'Reddit', 'scheduled__2024-01-20T05:04:51.385549+00:00', '--job-id', '448', '--raw', '--subdir', 'DAGS_FOLDER/kafka_stream_2.py', '--cfg-path', '/tmp/tmpeqwbb0fw']
[2024-01-20T05:07:08.529+0000] {standard_task_runner.py:85} INFO - Job 448: Subtask Reddit
[2024-01-20T05:07:08.572+0000] {task_command.py:415} INFO - Running <TaskInstance: Kafka_Producer_2.Reddit scheduled__2024-01-20T05:04:51.385549+00:00 [running]> on host 45c5bfab8aa1
[2024-01-20T05:07:08.651+0000] {taskinstance.py:1660} INFO - Exporting env vars: AIRFLOW_CTX_DAG_OWNER='me' AIRFLOW_CTX_DAG_ID='Kafka_Producer_2' AIRFLOW_CTX_TASK_ID='Reddit' AIRFLOW_CTX_EXECUTION_DATE='2024-01-20T05:04:51.385549+00:00' AIRFLOW_CTX_TRY_NUMBER='1' AIRFLOW_CTX_DAG_RUN_ID='scheduled__2024-01-20T05:04:51.385549+00:00'
[2024-01-20T05:07:08.685+0000] {logging_mixin.py:151} INFO -  submission : 
[2024-01-20T05:07:09.406+0000] {logging_mixin.py:151} INFO - #False
[2024-01-20T05:07:09.412+0000] {logging_mixin.py:151} INFO - #False
[2024-01-20T05:07:09.413+0000] {logging_mixin.py:151} INFO - #False
[2024-01-20T05:07:09.414+0000] {logging_mixin.py:151} INFO - #False
[2024-01-20T05:07:09.414+0000] {logging_mixin.py:151} INFO - #False
[2024-01-20T05:07:09.414+0000] {logging_mixin.py:151} INFO - #False
[2024-01-20T05:07:09.415+0000] {logging_mixin.py:151} INFO - #False
[2024-01-20T05:07:09.415+0000] {logging_mixin.py:151} INFO - #False
[2024-01-20T05:07:09.415+0000] {logging_mixin.py:151} INFO - #False
[2024-01-20T05:07:09.415+0000] {logging_mixin.py:151} INFO - #False
[2024-01-20T05:07:09.416+0000] {logging_mixin.py:151} INFO - #False
[2024-01-20T05:07:09.416+0000] {logging_mixin.py:151} INFO - #False
[2024-01-20T05:07:09.416+0000] {logging_mixin.py:151} INFO - #False
[2024-01-20T05:07:09.416+0000] {logging_mixin.py:151} INFO - #False
[2024-01-20T05:07:09.416+0000] {logging_mixin.py:151} INFO - #False
[2024-01-20T05:07:09.417+0000] {logging_mixin.py:151} INFO - #False
[2024-01-20T05:07:09.417+0000] {logging_mixin.py:151} INFO - #False
[2024-01-20T05:07:09.417+0000] {logging_mixin.py:151} INFO - #False
[2024-01-20T05:07:09.417+0000] {logging_mixin.py:151} INFO - #False
[2024-01-20T05:07:09.417+0000] {logging_mixin.py:151} INFO - #False
[2024-01-20T05:07:09.418+0000] {logging_mixin.py:151} INFO - #False
[2024-01-20T05:07:09.418+0000] {logging_mixin.py:151} INFO - #False
[2024-01-20T05:07:09.418+0000] {logging_mixin.py:151} INFO - #False
[2024-01-20T05:07:09.418+0000] {logging_mixin.py:151} INFO - #False
[2024-01-20T05:07:09.418+0000] {logging_mixin.py:151} INFO - #False
[2024-01-20T05:07:09.419+0000] {logging_mixin.py:151} INFO - #False
[2024-01-20T05:07:09.419+0000] {logging_mixin.py:151} INFO - #False
[2024-01-20T05:07:09.419+0000] {logging_mixin.py:151} INFO - #False
[2024-01-20T05:07:09.419+0000] {logging_mixin.py:151} INFO - #False
[2024-01-20T05:07:09.420+0000] {logging_mixin.py:151} INFO - #False
[2024-01-20T05:07:09.420+0000] {logging_mixin.py:151} INFO -  submission : 
[2024-01-20T05:07:09.866+0000] {logging_mixin.py:151} INFO - #False
[2024-01-20T05:07:09.867+0000] {logging_mixin.py:151} INFO - #False
[2024-01-20T05:07:09.867+0000] {logging_mixin.py:151} INFO - #False
[2024-01-20T05:07:09.867+0000] {logging_mixin.py:151} INFO - #False
[2024-01-20T05:07:09.868+0000] {logging_mixin.py:151} INFO - #False
[2024-01-20T05:07:09.868+0000] {logging_mixin.py:151} INFO - #False
[2024-01-20T05:07:09.868+0000] {logging_mixin.py:151} INFO - #False
[2024-01-20T05:07:09.869+0000] {logging_mixin.py:151} INFO - #False
[2024-01-20T05:07:09.869+0000] {logging_mixin.py:151} INFO - #False
[2024-01-20T05:07:09.869+0000] {logging_mixin.py:151} INFO - #False
[2024-01-20T05:07:09.869+0000] {logging_mixin.py:151} INFO - #False
[2024-01-20T05:07:09.869+0000] {logging_mixin.py:151} INFO - #False
[2024-01-20T05:07:09.870+0000] {logging_mixin.py:151} INFO - #False
[2024-01-20T05:07:09.870+0000] {logging_mixin.py:151} INFO - #False
[2024-01-20T05:07:09.870+0000] {logging_mixin.py:151} INFO - #False
[2024-01-20T05:07:09.870+0000] {logging_mixin.py:151} INFO - #False
[2024-01-20T05:07:09.871+0000] {logging_mixin.py:151} INFO - #False
[2024-01-20T05:07:09.871+0000] {logging_mixin.py:151} INFO - #False
[2024-01-20T05:07:09.871+0000] {logging_mixin.py:151} INFO - #False
[2024-01-20T05:07:09.871+0000] {logging_mixin.py:151} INFO - #False
[2024-01-20T05:07:09.871+0000] {logging_mixin.py:151} INFO - #False
[2024-01-20T05:07:09.872+0000] {logging_mixin.py:151} INFO - #False
[2024-01-20T05:07:09.872+0000] {logging_mixin.py:151} INFO - #False
[2024-01-20T05:07:09.872+0000] {logging_mixin.py:151} INFO - #False
[2024-01-20T05:07:09.872+0000] {logging_mixin.py:151} INFO - #False
[2024-01-20T05:07:09.873+0000] {logging_mixin.py:151} INFO - #False
[2024-01-20T05:07:09.873+0000] {logging_mixin.py:151} INFO - #False
[2024-01-20T05:07:09.873+0000] {logging_mixin.py:151} INFO - #False
[2024-01-20T05:07:09.873+0000] {logging_mixin.py:151} INFO - #False
[2024-01-20T05:07:09.874+0000] {logging_mixin.py:151} INFO - #False
[2024-01-20T05:07:09.874+0000] {logging_mixin.py:151} INFO -  submission : 
[2024-01-20T05:07:10.374+0000] {logging_mixin.py:151} INFO - #False
[2024-01-20T05:07:10.374+0000] {logging_mixin.py:151} INFO - #False
[2024-01-20T05:07:10.374+0000] {logging_mixin.py:151} INFO - #False
[2024-01-20T05:07:10.375+0000] {logging_mixin.py:151} INFO - #False
[2024-01-20T05:07:10.375+0000] {logging_mixin.py:151} INFO - #False
[2024-01-20T05:07:10.375+0000] {logging_mixin.py:151} INFO - #False
[2024-01-20T05:07:10.375+0000] {logging_mixin.py:151} INFO - #False
[2024-01-20T05:07:10.376+0000] {logging_mixin.py:151} INFO - #False
[2024-01-20T05:07:10.376+0000] {logging_mixin.py:151} INFO - #False
[2024-01-20T05:07:10.376+0000] {logging_mixin.py:151} INFO - #False
[2024-01-20T05:07:10.376+0000] {logging_mixin.py:151} INFO - #False
[2024-01-20T05:07:10.377+0000] {logging_mixin.py:151} INFO - #False
[2024-01-20T05:07:10.377+0000] {logging_mixin.py:151} INFO - #False
[2024-01-20T05:07:10.377+0000] {logging_mixin.py:151} INFO - #False
[2024-01-20T05:07:10.377+0000] {logging_mixin.py:151} INFO - #False
[2024-01-20T05:07:10.377+0000] {logging_mixin.py:151} INFO - #False
[2024-01-20T05:07:10.378+0000] {logging_mixin.py:151} INFO - #False
[2024-01-20T05:07:10.378+0000] {logging_mixin.py:151} INFO - #False
[2024-01-20T05:07:10.378+0000] {logging_mixin.py:151} INFO - #False
[2024-01-20T05:07:10.379+0000] {logging_mixin.py:151} INFO - #False
[2024-01-20T05:07:10.379+0000] {logging_mixin.py:151} INFO - #False
[2024-01-20T05:07:10.379+0000] {logging_mixin.py:151} INFO - #False
[2024-01-20T05:07:10.379+0000] {logging_mixin.py:151} INFO - #False
[2024-01-20T05:07:10.379+0000] {logging_mixin.py:151} INFO - #False
[2024-01-20T05:07:10.380+0000] {logging_mixin.py:151} INFO - #False
[2024-01-20T05:07:10.380+0000] {logging_mixin.py:151} INFO - #False
[2024-01-20T05:07:10.380+0000] {logging_mixin.py:151} INFO - #False
[2024-01-20T05:07:10.380+0000] {logging_mixin.py:151} INFO - #False
[2024-01-20T05:07:10.381+0000] {logging_mixin.py:151} INFO - #False
[2024-01-20T05:07:10.381+0000] {logging_mixin.py:151} INFO - #False
[2024-01-20T05:07:10.381+0000] {logging_mixin.py:151} INFO -  submission : 
[2024-01-20T05:07:10.812+0000] {logging_mixin.py:151} INFO - #False
[2024-01-20T05:07:10.812+0000] {logging_mixin.py:151} INFO - #False
[2024-01-20T05:07:10.812+0000] {logging_mixin.py:151} INFO - #False
[2024-01-20T05:07:10.813+0000] {logging_mixin.py:151} INFO - #False
[2024-01-20T05:07:10.813+0000] {logging_mixin.py:151} INFO - #False
[2024-01-20T05:07:10.813+0000] {logging_mixin.py:151} INFO - #False
[2024-01-20T05:07:10.813+0000] {logging_mixin.py:151} INFO - #False
[2024-01-20T05:07:10.814+0000] {logging_mixin.py:151} INFO - #False
[2024-01-20T05:07:10.814+0000] {logging_mixin.py:151} INFO - #False
[2024-01-20T05:07:10.814+0000] {logging_mixin.py:151} INFO - #False
[2024-01-20T05:07:10.814+0000] {logging_mixin.py:151} INFO - #False
[2024-01-20T05:07:10.815+0000] {logging_mixin.py:151} INFO - #False
[2024-01-20T05:07:10.815+0000] {logging_mixin.py:151} INFO - #False
[2024-01-20T05:07:10.815+0000] {logging_mixin.py:151} INFO - #False
[2024-01-20T05:07:10.816+0000] {logging_mixin.py:151} INFO - #False
[2024-01-20T05:07:10.816+0000] {logging_mixin.py:151} INFO - #False
[2024-01-20T05:07:10.816+0000] {logging_mixin.py:151} INFO - #False
[2024-01-20T05:07:10.816+0000] {logging_mixin.py:151} INFO - #False
[2024-01-20T05:07:10.817+0000] {logging_mixin.py:151} INFO - #False
[2024-01-20T05:07:10.817+0000] {logging_mixin.py:151} INFO - #False
[2024-01-20T05:07:10.817+0000] {logging_mixin.py:151} INFO - #False
[2024-01-20T05:07:10.818+0000] {logging_mixin.py:151} INFO - #False
[2024-01-20T05:07:10.818+0000] {logging_mixin.py:151} INFO - #False
[2024-01-20T05:07:10.818+0000] {logging_mixin.py:151} INFO - #False
[2024-01-20T05:07:10.818+0000] {logging_mixin.py:151} INFO - #False
[2024-01-20T05:07:10.819+0000] {logging_mixin.py:151} INFO - #False
[2024-01-20T05:07:10.819+0000] {logging_mixin.py:151} INFO - #False
[2024-01-20T05:07:10.819+0000] {logging_mixin.py:151} INFO - #False
[2024-01-20T05:07:10.819+0000] {logging_mixin.py:151} INFO - #False
[2024-01-20T05:07:10.820+0000] {logging_mixin.py:151} INFO - #False
[2024-01-20T05:07:10.820+0000] {logging_mixin.py:151} INFO -  submission : 
[2024-01-20T05:07:11.382+0000] {logging_mixin.py:151} INFO - #False
[2024-01-20T05:07:11.382+0000] {logging_mixin.py:151} INFO - #False
[2024-01-20T05:07:11.383+0000] {logging_mixin.py:151} INFO - #False
[2024-01-20T05:07:11.383+0000] {logging_mixin.py:151} INFO - #False
[2024-01-20T05:07:11.383+0000] {logging_mixin.py:151} INFO - #False
[2024-01-20T05:07:11.384+0000] {logging_mixin.py:151} INFO - #False
[2024-01-20T05:07:11.384+0000] {logging_mixin.py:151} INFO - #False
[2024-01-20T05:07:11.384+0000] {logging_mixin.py:151} INFO - #False
[2024-01-20T05:07:11.385+0000] {logging_mixin.py:151} INFO - #False
[2024-01-20T05:07:11.385+0000] {logging_mixin.py:151} INFO - #False
[2024-01-20T05:07:11.385+0000] {logging_mixin.py:151} INFO - #False
[2024-01-20T05:07:11.386+0000] {logging_mixin.py:151} INFO - #False
[2024-01-20T05:07:11.386+0000] {logging_mixin.py:151} INFO - #False
[2024-01-20T05:07:11.386+0000] {logging_mixin.py:151} INFO - #False
[2024-01-20T05:07:11.386+0000] {logging_mixin.py:151} INFO - #False
[2024-01-20T05:07:11.386+0000] {logging_mixin.py:151} INFO - #False
[2024-01-20T05:07:11.387+0000] {logging_mixin.py:151} INFO - #False
[2024-01-20T05:07:11.387+0000] {logging_mixin.py:151} INFO - #False
[2024-01-20T05:07:11.387+0000] {logging_mixin.py:151} INFO - #False
[2024-01-20T05:07:11.387+0000] {logging_mixin.py:151} INFO - #False
[2024-01-20T05:07:11.388+0000] {logging_mixin.py:151} INFO - #False
[2024-01-20T05:07:11.388+0000] {logging_mixin.py:151} INFO - #False
[2024-01-20T05:07:11.388+0000] {logging_mixin.py:151} INFO - #False
[2024-01-20T05:07:11.388+0000] {logging_mixin.py:151} INFO - #False
[2024-01-20T05:07:11.388+0000] {logging_mixin.py:151} INFO - #False
[2024-01-20T05:07:11.389+0000] {logging_mixin.py:151} INFO - #False
[2024-01-20T05:07:11.389+0000] {logging_mixin.py:151} INFO - #False
[2024-01-20T05:07:11.389+0000] {logging_mixin.py:151} INFO - #False
[2024-01-20T05:07:11.389+0000] {logging_mixin.py:151} INFO - #False
[2024-01-20T05:07:11.390+0000] {logging_mixin.py:151} INFO - #False
[2024-01-20T05:07:11.390+0000] {logging_mixin.py:151} INFO -  submission : 
[2024-01-20T05:07:11.900+0000] {logging_mixin.py:151} INFO - #False
[2024-01-20T05:07:11.901+0000] {logging_mixin.py:151} INFO - #False
[2024-01-20T05:07:11.901+0000] {logging_mixin.py:151} INFO - #False
[2024-01-20T05:07:11.902+0000] {logging_mixin.py:151} INFO - #False
[2024-01-20T05:07:11.902+0000] {logging_mixin.py:151} INFO - #False
[2024-01-20T05:07:11.902+0000] {logging_mixin.py:151} INFO - #False
[2024-01-20T05:07:11.902+0000] {logging_mixin.py:151} INFO - #False
[2024-01-20T05:07:11.903+0000] {logging_mixin.py:151} INFO - #False
[2024-01-20T05:07:11.903+0000] {logging_mixin.py:151} INFO - #False
[2024-01-20T05:07:11.903+0000] {logging_mixin.py:151} INFO - #False
[2024-01-20T05:07:11.904+0000] {logging_mixin.py:151} INFO - #False
[2024-01-20T05:07:11.904+0000] {logging_mixin.py:151} INFO - #False
[2024-01-20T05:07:11.904+0000] {logging_mixin.py:151} INFO - #False
[2024-01-20T05:07:11.904+0000] {logging_mixin.py:151} INFO - #False
[2024-01-20T05:07:11.905+0000] {logging_mixin.py:151} INFO - #False
[2024-01-20T05:07:11.905+0000] {logging_mixin.py:151} INFO - #False
[2024-01-20T05:07:11.905+0000] {logging_mixin.py:151} INFO - #False
[2024-01-20T05:07:11.905+0000] {logging_mixin.py:151} INFO - #False
[2024-01-20T05:07:11.906+0000] {logging_mixin.py:151} INFO - #False
[2024-01-20T05:07:11.906+0000] {logging_mixin.py:151} INFO - #False
[2024-01-20T05:07:11.906+0000] {logging_mixin.py:151} INFO - #False
[2024-01-20T05:07:11.906+0000] {logging_mixin.py:151} INFO - #False
[2024-01-20T05:07:11.907+0000] {logging_mixin.py:151} INFO - #False
[2024-01-20T05:07:11.907+0000] {logging_mixin.py:151} INFO - #False
[2024-01-20T05:07:11.907+0000] {logging_mixin.py:151} INFO - #False
[2024-01-20T05:07:11.907+0000] {logging_mixin.py:151} INFO - #False
[2024-01-20T05:07:11.907+0000] {logging_mixin.py:151} INFO - #False
[2024-01-20T05:07:11.908+0000] {logging_mixin.py:151} INFO - #False
[2024-01-20T05:07:11.908+0000] {logging_mixin.py:151} INFO - #False
[2024-01-20T05:07:11.908+0000] {logging_mixin.py:151} INFO - #False
[2024-01-20T05:07:11.909+0000] {logging_mixin.py:151} INFO -  submission : 
[2024-01-20T05:07:12.536+0000] {logging_mixin.py:151} INFO - #False
[2024-01-20T05:07:12.537+0000] {logging_mixin.py:151} INFO - #False
[2024-01-20T05:07:12.537+0000] {logging_mixin.py:151} INFO - #False
[2024-01-20T05:07:12.538+0000] {logging_mixin.py:151} INFO - #False
[2024-01-20T05:07:12.538+0000] {logging_mixin.py:151} INFO - #False
[2024-01-20T05:07:12.538+0000] {logging_mixin.py:151} INFO - #False
[2024-01-20T05:07:12.539+0000] {logging_mixin.py:151} INFO - #False
[2024-01-20T05:07:12.539+0000] {logging_mixin.py:151} INFO - #False
[2024-01-20T05:07:12.539+0000] {logging_mixin.py:151} INFO - #False
[2024-01-20T05:07:12.539+0000] {logging_mixin.py:151} INFO - #False
[2024-01-20T05:07:12.540+0000] {logging_mixin.py:151} INFO - #False
[2024-01-20T05:07:12.540+0000] {logging_mixin.py:151} INFO - #False
[2024-01-20T05:07:12.540+0000] {logging_mixin.py:151} INFO - #False
[2024-01-20T05:07:12.541+0000] {logging_mixin.py:151} INFO - #False
[2024-01-20T05:07:12.541+0000] {logging_mixin.py:151} INFO - #False
[2024-01-20T05:07:12.541+0000] {logging_mixin.py:151} INFO - #False
[2024-01-20T05:07:12.542+0000] {logging_mixin.py:151} INFO - #False
[2024-01-20T05:07:12.542+0000] {logging_mixin.py:151} INFO - #False
[2024-01-20T05:07:12.542+0000] {logging_mixin.py:151} INFO - #False
[2024-01-20T05:07:12.542+0000] {logging_mixin.py:151} INFO - #False
[2024-01-20T05:07:12.543+0000] {logging_mixin.py:151} INFO - #False
[2024-01-20T05:07:12.543+0000] {logging_mixin.py:151} INFO - #False
[2024-01-20T05:07:12.543+0000] {logging_mixin.py:151} INFO - #False
[2024-01-20T05:07:12.543+0000] {logging_mixin.py:151} INFO - #False
[2024-01-20T05:07:12.544+0000] {logging_mixin.py:151} INFO - #False
[2024-01-20T05:07:12.544+0000] {logging_mixin.py:151} INFO - #False
[2024-01-20T05:07:12.544+0000] {logging_mixin.py:151} INFO - #False
[2024-01-20T05:07:12.545+0000] {logging_mixin.py:151} INFO - #False
[2024-01-20T05:07:12.545+0000] {logging_mixin.py:151} INFO - #False
[2024-01-20T05:07:12.545+0000] {logging_mixin.py:151} INFO - #False
[2024-01-20T05:07:12.546+0000] {logging_mixin.py:151} INFO -  submission : 
[2024-01-20T05:07:13.163+0000] {logging_mixin.py:151} INFO - #False
[2024-01-20T05:07:13.164+0000] {logging_mixin.py:151} INFO - #False
[2024-01-20T05:07:13.164+0000] {logging_mixin.py:151} INFO - #False
[2024-01-20T05:07:13.164+0000] {logging_mixin.py:151} INFO - #False
[2024-01-20T05:07:13.165+0000] {logging_mixin.py:151} INFO - #False
[2024-01-20T05:07:13.165+0000] {logging_mixin.py:151} INFO - #False
[2024-01-20T05:07:13.165+0000] {logging_mixin.py:151} INFO - #False
[2024-01-20T05:07:13.165+0000] {logging_mixin.py:151} INFO - #False
[2024-01-20T05:07:13.165+0000] {logging_mixin.py:151} INFO - #False
[2024-01-20T05:07:13.166+0000] {logging_mixin.py:151} INFO - #False
[2024-01-20T05:07:13.166+0000] {logging_mixin.py:151} INFO - #False
[2024-01-20T05:07:13.166+0000] {logging_mixin.py:151} INFO - #False
[2024-01-20T05:07:13.166+0000] {logging_mixin.py:151} INFO - #False
[2024-01-20T05:07:13.167+0000] {logging_mixin.py:151} INFO - #False
[2024-01-20T05:07:13.167+0000] {logging_mixin.py:151} INFO - #False
[2024-01-20T05:07:13.167+0000] {logging_mixin.py:151} INFO - #False
[2024-01-20T05:07:13.167+0000] {logging_mixin.py:151} INFO - #False
[2024-01-20T05:07:13.168+0000] {logging_mixin.py:151} INFO - #False
[2024-01-20T05:07:13.168+0000] {logging_mixin.py:151} INFO - #False
[2024-01-20T05:07:13.168+0000] {logging_mixin.py:151} INFO - #False
[2024-01-20T05:07:13.168+0000] {logging_mixin.py:151} INFO - #False
[2024-01-20T05:07:13.169+0000] {logging_mixin.py:151} INFO - #False
[2024-01-20T05:07:13.169+0000] {logging_mixin.py:151} INFO - #False
[2024-01-20T05:07:13.169+0000] {logging_mixin.py:151} INFO - #False
[2024-01-20T05:07:13.170+0000] {logging_mixin.py:151} INFO - #False
[2024-01-20T05:07:13.171+0000] {logging_mixin.py:151} INFO - #False
[2024-01-20T05:07:13.171+0000] {logging_mixin.py:151} INFO - #False
[2024-01-20T05:07:13.171+0000] {logging_mixin.py:151} INFO - #False
[2024-01-20T05:07:13.172+0000] {logging_mixin.py:151} INFO - #False
[2024-01-20T05:07:13.172+0000] {logging_mixin.py:151} INFO - #False
[2024-01-20T05:07:13.173+0000] {python.py:194} INFO - Done. Returned value was: None
[2024-01-20T05:07:13.180+0000] {taskinstance.py:1400} INFO - Marking task as SUCCESS. dag_id=Kafka_Producer_2, task_id=Reddit, execution_date=20240120T050451, start_date=20240120T050708, end_date=20240120T050713
[2024-01-20T05:07:13.193+0000] {local_task_job_runner.py:228} INFO - Task exited with return code 0
[2024-01-20T05:07:13.207+0000] {taskinstance.py:2784} INFO - 0 downstream tasks scheduled from follow-on schedule check
