[2024-01-17T22:55:29.832+0000] {taskinstance.py:1159} INFO - Dependencies all met for dep_context=non-requeueable deps ti=<TaskInstance: Stream_Data_5.Reddit scheduled__2024-01-17T22:54:01.319696+00:00 [queued]>
[2024-01-17T22:55:29.841+0000] {taskinstance.py:1159} INFO - Dependencies all met for dep_context=requeueable deps ti=<TaskInstance: Stream_Data_5.Reddit scheduled__2024-01-17T22:54:01.319696+00:00 [queued]>
[2024-01-17T22:55:29.841+0000] {taskinstance.py:1361} INFO - Starting attempt 1 of 1
[2024-01-17T22:55:29.866+0000] {taskinstance.py:1382} INFO - Executing <Task(PythonOperator): Reddit> on 2024-01-17 22:54:01.319696+00:00
[2024-01-17T22:55:29.872+0000] {standard_task_runner.py:57} INFO - Started process 8491 to run task
[2024-01-17T22:55:29.875+0000] {standard_task_runner.py:84} INFO - Running: ['***', 'tasks', 'run', 'Stream_Data_5', 'Reddit', 'scheduled__2024-01-17T22:54:01.319696+00:00', '--job-id', '1202', '--raw', '--subdir', 'DAGS_FOLDER/kafka_stream_5.py', '--cfg-path', '/tmp/tmp06ywlxir']
[2024-01-17T22:55:29.877+0000] {standard_task_runner.py:85} INFO - Job 1202: Subtask Reddit
[2024-01-17T22:55:29.941+0000] {task_command.py:415} INFO - Running <TaskInstance: Stream_Data_5.Reddit scheduled__2024-01-17T22:54:01.319696+00:00 [running]> on host 614a419ad930
[2024-01-17T22:55:30.034+0000] {taskinstance.py:1660} INFO - Exporting env vars: AIRFLOW_CTX_DAG_OWNER='me' AIRFLOW_CTX_DAG_ID='Stream_Data_5' AIRFLOW_CTX_TASK_ID='Reddit' AIRFLOW_CTX_EXECUTION_DATE='2024-01-17T22:54:01.319696+00:00' AIRFLOW_CTX_TRY_NUMBER='1' AIRFLOW_CTX_DAG_RUN_ID='scheduled__2024-01-17T22:54:01.319696+00:00'
[2024-01-17T22:55:30.064+0000] {logging_mixin.py:151} INFO -  submission : 
[2024-01-17T22:55:32.309+0000] {logging_mixin.py:151} INFO - @True
[2024-01-17T22:55:32.396+0000] {conn.py:380} INFO - <BrokerConnection node_id=bootstrap-0 host=broker:29092 <connecting> [IPv4 ('192.168.224.8', 29092)]>: connecting to broker:29092 [('192.168.224.8', 29092) IPv4]
[2024-01-17T22:55:32.397+0000] {conn.py:1205} INFO - Probing node bootstrap-0 broker version
[2024-01-17T22:55:32.397+0000] {conn.py:410} INFO - <BrokerConnection node_id=bootstrap-0 host=broker:29092 <connecting> [IPv4 ('192.168.224.8', 29092)]>: Connection complete.
[2024-01-17T22:55:32.501+0000] {conn.py:1267} INFO - Broker version identified as 2.5.0
[2024-01-17T22:55:32.501+0000] {conn.py:1268} INFO - Set configuration api_version=(2, 5, 0) to skip auto check_version requests on startup
[2024-01-17T22:55:32.505+0000] {logging_mixin.py:151} INFO - #False
[2024-01-17T22:55:32.505+0000] {logging_mixin.py:151} INFO - #False
[2024-01-17T22:55:32.505+0000] {logging_mixin.py:151} INFO - #False
[2024-01-17T22:55:32.505+0000] {logging_mixin.py:151} INFO - #False
[2024-01-17T22:55:32.506+0000] {logging_mixin.py:151} INFO - #False
[2024-01-17T22:55:32.506+0000] {logging_mixin.py:151} INFO - #False
[2024-01-17T22:55:32.506+0000] {logging_mixin.py:151} INFO - #False
[2024-01-17T22:55:32.506+0000] {logging_mixin.py:151} INFO - #False
[2024-01-17T22:55:32.506+0000] {logging_mixin.py:151} INFO - #False
[2024-01-17T22:55:32.507+0000] {logging_mixin.py:151} INFO - #False
[2024-01-17T22:55:32.507+0000] {logging_mixin.py:151} INFO - #False
[2024-01-17T22:55:32.507+0000] {logging_mixin.py:151} INFO - #False
[2024-01-17T22:55:32.507+0000] {logging_mixin.py:151} INFO - #False
[2024-01-17T22:55:32.507+0000] {logging_mixin.py:151} INFO - #False
[2024-01-17T22:55:32.507+0000] {logging_mixin.py:151} INFO - #False
[2024-01-17T22:55:32.508+0000] {logging_mixin.py:151} INFO - #False
[2024-01-17T22:55:32.508+0000] {logging_mixin.py:151} INFO - #False
[2024-01-17T22:55:32.508+0000] {logging_mixin.py:151} INFO - #False
[2024-01-17T22:55:32.508+0000] {logging_mixin.py:151} INFO - #False
[2024-01-17T22:55:32.508+0000] {logging_mixin.py:151} INFO - #False
[2024-01-17T22:55:32.508+0000] {logging_mixin.py:151} INFO - #False
[2024-01-17T22:55:32.508+0000] {logging_mixin.py:151} INFO - #False
[2024-01-17T22:55:32.508+0000] {logging_mixin.py:151} INFO - #False
[2024-01-17T22:55:32.509+0000] {logging_mixin.py:151} INFO - #False
[2024-01-17T22:55:32.509+0000] {logging_mixin.py:151} INFO - #False
[2024-01-17T22:55:32.509+0000] {logging_mixin.py:151} INFO - #False
[2024-01-17T22:55:32.509+0000] {logging_mixin.py:151} INFO - #False
[2024-01-17T22:55:32.509+0000] {logging_mixin.py:151} INFO - #False
[2024-01-17T22:55:32.509+0000] {logging_mixin.py:151} INFO - #False
[2024-01-17T22:55:32.510+0000] {logging_mixin.py:151} INFO -  submission : 
[2024-01-17T22:55:32.511+0000] {conn.py:380} INFO - <BrokerConnection node_id=1 host=broker:29092 <connecting> [IPv4 ('192.168.224.8', 29092)]>: connecting to broker:29092 [('192.168.224.8', 29092) IPv4]
[2024-01-17T22:55:32.512+0000] {conn.py:410} INFO - <BrokerConnection node_id=1 host=broker:29092 <connecting> [IPv4 ('192.168.224.8', 29092)]>: Connection complete.
[2024-01-17T22:55:32.512+0000] {conn.py:919} INFO - <BrokerConnection node_id=bootstrap-0 host=broker:29092 <connected> [IPv4 ('192.168.224.8', 29092)]>: Closing connection. 
[2024-01-17T22:55:33.513+0000] {logging_mixin.py:151} INFO - #False
[2024-01-17T22:55:33.514+0000] {logging_mixin.py:151} INFO - #False
[2024-01-17T22:55:33.514+0000] {logging_mixin.py:151} INFO - #False
[2024-01-17T22:55:33.514+0000] {logging_mixin.py:151} INFO - #False
[2024-01-17T22:55:33.514+0000] {logging_mixin.py:151} INFO - #False
[2024-01-17T22:55:33.514+0000] {logging_mixin.py:151} INFO - #False
[2024-01-17T22:55:33.514+0000] {logging_mixin.py:151} INFO - #False
[2024-01-17T22:55:33.514+0000] {logging_mixin.py:151} INFO - #False
[2024-01-17T22:55:33.514+0000] {logging_mixin.py:151} INFO - #False
[2024-01-17T22:55:33.514+0000] {logging_mixin.py:151} INFO - #False
[2024-01-17T22:55:33.514+0000] {logging_mixin.py:151} INFO - #False
[2024-01-17T22:55:33.514+0000] {logging_mixin.py:151} INFO - #False
[2024-01-17T22:55:33.514+0000] {logging_mixin.py:151} INFO - #False
[2024-01-17T22:55:33.514+0000] {logging_mixin.py:151} INFO - #False
[2024-01-17T22:55:33.515+0000] {logging_mixin.py:151} INFO - #False
[2024-01-17T22:55:33.515+0000] {logging_mixin.py:151} INFO - #False
[2024-01-17T22:55:33.515+0000] {logging_mixin.py:151} INFO - #False
[2024-01-17T22:55:33.515+0000] {logging_mixin.py:151} INFO - #False
[2024-01-17T22:55:33.515+0000] {logging_mixin.py:151} INFO - #False
[2024-01-17T22:55:33.515+0000] {logging_mixin.py:151} INFO - #False
[2024-01-17T22:55:33.515+0000] {logging_mixin.py:151} INFO - #False
[2024-01-17T22:55:33.515+0000] {logging_mixin.py:151} INFO - #False
[2024-01-17T22:55:33.515+0000] {logging_mixin.py:151} INFO - #False
[2024-01-17T22:55:33.515+0000] {logging_mixin.py:151} INFO - #False
[2024-01-17T22:55:33.515+0000] {logging_mixin.py:151} INFO - #False
[2024-01-17T22:55:33.515+0000] {logging_mixin.py:151} INFO - #False
[2024-01-17T22:55:33.515+0000] {logging_mixin.py:151} INFO - #False
[2024-01-17T22:55:33.515+0000] {logging_mixin.py:151} INFO - #False
[2024-01-17T22:55:33.515+0000] {logging_mixin.py:151} INFO - #False
[2024-01-17T22:55:33.515+0000] {logging_mixin.py:151} INFO - #False
[2024-01-17T22:55:33.516+0000] {logging_mixin.py:151} INFO -  submission : 
[2024-01-17T22:55:34.424+0000] {logging_mixin.py:151} INFO - #False
[2024-01-17T22:55:34.424+0000] {logging_mixin.py:151} INFO - #False
[2024-01-17T22:55:34.425+0000] {logging_mixin.py:151} INFO - #False
[2024-01-17T22:55:34.425+0000] {logging_mixin.py:151} INFO - #False
[2024-01-17T22:55:34.425+0000] {logging_mixin.py:151} INFO - #False
[2024-01-17T22:55:34.425+0000] {logging_mixin.py:151} INFO - #False
[2024-01-17T22:55:34.425+0000] {logging_mixin.py:151} INFO - #False
[2024-01-17T22:55:34.425+0000] {logging_mixin.py:151} INFO - #False
[2024-01-17T22:55:34.425+0000] {logging_mixin.py:151} INFO - #False
[2024-01-17T22:55:34.425+0000] {logging_mixin.py:151} INFO - #False
[2024-01-17T22:55:34.425+0000] {logging_mixin.py:151} INFO - #False
[2024-01-17T22:55:34.425+0000] {logging_mixin.py:151} INFO - #False
[2024-01-17T22:55:34.425+0000] {logging_mixin.py:151} INFO - #False
[2024-01-17T22:55:34.425+0000] {logging_mixin.py:151} INFO - #False
[2024-01-17T22:55:34.425+0000] {logging_mixin.py:151} INFO - #False
[2024-01-17T22:55:34.425+0000] {logging_mixin.py:151} INFO - #False
[2024-01-17T22:55:34.425+0000] {logging_mixin.py:151} INFO - #False
[2024-01-17T22:55:34.426+0000] {logging_mixin.py:151} INFO - #False
[2024-01-17T22:55:34.426+0000] {logging_mixin.py:151} INFO - #False
[2024-01-17T22:55:34.426+0000] {logging_mixin.py:151} INFO - #False
[2024-01-17T22:55:34.426+0000] {logging_mixin.py:151} INFO - #False
[2024-01-17T22:55:34.426+0000] {logging_mixin.py:151} INFO - #False
[2024-01-17T22:55:34.426+0000] {logging_mixin.py:151} INFO - #False
[2024-01-17T22:55:34.426+0000] {logging_mixin.py:151} INFO - #False
[2024-01-17T22:55:34.426+0000] {logging_mixin.py:151} INFO - #False
[2024-01-17T22:55:34.426+0000] {logging_mixin.py:151} INFO - #False
[2024-01-17T22:55:34.426+0000] {logging_mixin.py:151} INFO - #False
[2024-01-17T22:55:34.426+0000] {logging_mixin.py:151} INFO - #False
[2024-01-17T22:55:34.426+0000] {logging_mixin.py:151} INFO - #False
[2024-01-17T22:55:34.426+0000] {logging_mixin.py:151} INFO - #False
[2024-01-17T22:55:34.426+0000] {logging_mixin.py:151} INFO -  submission : 
[2024-01-17T22:55:34.878+0000] {logging_mixin.py:151} INFO - #False
[2024-01-17T22:55:34.879+0000] {logging_mixin.py:151} INFO - #False
[2024-01-17T22:55:34.879+0000] {logging_mixin.py:151} INFO - #False
[2024-01-17T22:55:34.879+0000] {logging_mixin.py:151} INFO - #False
[2024-01-17T22:55:34.879+0000] {logging_mixin.py:151} INFO - #False
[2024-01-17T22:55:34.879+0000] {logging_mixin.py:151} INFO - #False
[2024-01-17T22:55:34.879+0000] {logging_mixin.py:151} INFO - #False
[2024-01-17T22:55:34.879+0000] {logging_mixin.py:151} INFO - #False
[2024-01-17T22:55:34.879+0000] {logging_mixin.py:151} INFO - #False
[2024-01-17T22:55:34.879+0000] {logging_mixin.py:151} INFO - #False
[2024-01-17T22:55:34.879+0000] {logging_mixin.py:151} INFO - #False
[2024-01-17T22:55:34.879+0000] {logging_mixin.py:151} INFO - #False
[2024-01-17T22:55:34.879+0000] {logging_mixin.py:151} INFO - #False
[2024-01-17T22:55:34.880+0000] {logging_mixin.py:151} INFO - #False
[2024-01-17T22:55:34.880+0000] {logging_mixin.py:151} INFO - #False
[2024-01-17T22:55:34.880+0000] {logging_mixin.py:151} INFO - #False
[2024-01-17T22:55:34.880+0000] {logging_mixin.py:151} INFO - #False
[2024-01-17T22:55:34.880+0000] {logging_mixin.py:151} INFO - #False
[2024-01-17T22:55:34.880+0000] {logging_mixin.py:151} INFO - #False
[2024-01-17T22:55:34.880+0000] {logging_mixin.py:151} INFO - #False
[2024-01-17T22:55:34.880+0000] {logging_mixin.py:151} INFO - #False
[2024-01-17T22:55:34.880+0000] {logging_mixin.py:151} INFO - #False
[2024-01-17T22:55:34.880+0000] {logging_mixin.py:151} INFO - #False
[2024-01-17T22:55:34.880+0000] {logging_mixin.py:151} INFO - #False
[2024-01-17T22:55:34.880+0000] {logging_mixin.py:151} INFO - #False
[2024-01-17T22:55:34.881+0000] {logging_mixin.py:151} INFO - #False
[2024-01-17T22:55:34.881+0000] {logging_mixin.py:151} INFO - #False
[2024-01-17T22:55:34.881+0000] {logging_mixin.py:151} INFO - #False
[2024-01-17T22:55:34.881+0000] {logging_mixin.py:151} INFO - #False
[2024-01-17T22:55:34.881+0000] {logging_mixin.py:151} INFO - #False
[2024-01-17T22:55:34.881+0000] {logging_mixin.py:151} INFO -  submission : 
[2024-01-17T22:55:35.592+0000] {logging_mixin.py:151} INFO - #False
[2024-01-17T22:55:35.592+0000] {logging_mixin.py:151} INFO - #False
[2024-01-17T22:55:35.592+0000] {logging_mixin.py:151} INFO - #False
[2024-01-17T22:55:35.592+0000] {logging_mixin.py:151} INFO - #False
[2024-01-17T22:55:35.592+0000] {logging_mixin.py:151} INFO - #False
[2024-01-17T22:55:35.592+0000] {logging_mixin.py:151} INFO - #False
[2024-01-17T22:55:35.592+0000] {logging_mixin.py:151} INFO - #False
[2024-01-17T22:55:35.592+0000] {logging_mixin.py:151} INFO - #False
[2024-01-17T22:55:35.592+0000] {logging_mixin.py:151} INFO - #False
[2024-01-17T22:55:35.592+0000] {logging_mixin.py:151} INFO - #False
[2024-01-17T22:55:35.592+0000] {logging_mixin.py:151} INFO - #False
[2024-01-17T22:55:35.592+0000] {logging_mixin.py:151} INFO - #False
[2024-01-17T22:55:35.592+0000] {logging_mixin.py:151} INFO - #False
[2024-01-17T22:55:35.592+0000] {logging_mixin.py:151} INFO - #False
[2024-01-17T22:55:35.593+0000] {logging_mixin.py:151} INFO - #False
[2024-01-17T22:55:35.593+0000] {logging_mixin.py:151} INFO - #False
[2024-01-17T22:55:35.593+0000] {logging_mixin.py:151} INFO - #False
[2024-01-17T22:55:35.593+0000] {logging_mixin.py:151} INFO - #False
[2024-01-17T22:55:35.593+0000] {logging_mixin.py:151} INFO - #False
[2024-01-17T22:55:35.593+0000] {logging_mixin.py:151} INFO - #False
[2024-01-17T22:55:35.593+0000] {logging_mixin.py:151} INFO - #False
[2024-01-17T22:55:35.593+0000] {logging_mixin.py:151} INFO - #False
[2024-01-17T22:55:35.593+0000] {logging_mixin.py:151} INFO - #False
[2024-01-17T22:55:35.593+0000] {logging_mixin.py:151} INFO - #False
[2024-01-17T22:55:35.593+0000] {logging_mixin.py:151} INFO - #False
[2024-01-17T22:55:35.593+0000] {logging_mixin.py:151} INFO - #False
[2024-01-17T22:55:35.593+0000] {logging_mixin.py:151} INFO - #False
[2024-01-17T22:55:35.593+0000] {logging_mixin.py:151} INFO - #False
[2024-01-17T22:55:35.593+0000] {logging_mixin.py:151} INFO - #False
[2024-01-17T22:55:35.593+0000] {logging_mixin.py:151} INFO - #False
[2024-01-17T22:55:35.593+0000] {logging_mixin.py:151} INFO -  submission : 
[2024-01-17T22:55:36.146+0000] {logging_mixin.py:151} INFO - #False
[2024-01-17T22:55:36.146+0000] {logging_mixin.py:151} INFO - #False
[2024-01-17T22:55:36.146+0000] {logging_mixin.py:151} INFO - #False
[2024-01-17T22:55:36.146+0000] {logging_mixin.py:151} INFO - #False
[2024-01-17T22:55:36.146+0000] {logging_mixin.py:151} INFO - #False
[2024-01-17T22:55:36.146+0000] {logging_mixin.py:151} INFO - #False
[2024-01-17T22:55:36.146+0000] {logging_mixin.py:151} INFO - #False
[2024-01-17T22:55:36.147+0000] {logging_mixin.py:151} INFO - #False
[2024-01-17T22:55:36.147+0000] {logging_mixin.py:151} INFO - #False
[2024-01-17T22:55:36.147+0000] {logging_mixin.py:151} INFO - #False
[2024-01-17T22:55:36.147+0000] {logging_mixin.py:151} INFO - #False
[2024-01-17T22:55:36.147+0000] {logging_mixin.py:151} INFO - #False
[2024-01-17T22:55:36.147+0000] {logging_mixin.py:151} INFO - #False
[2024-01-17T22:55:36.147+0000] {logging_mixin.py:151} INFO - #False
[2024-01-17T22:55:36.147+0000] {logging_mixin.py:151} INFO - #False
[2024-01-17T22:55:36.147+0000] {logging_mixin.py:151} INFO - #False
[2024-01-17T22:55:36.147+0000] {logging_mixin.py:151} INFO - #False
[2024-01-17T22:55:36.147+0000] {logging_mixin.py:151} INFO - #False
[2024-01-17T22:55:36.147+0000] {logging_mixin.py:151} INFO - #False
[2024-01-17T22:55:36.147+0000] {logging_mixin.py:151} INFO - #False
[2024-01-17T22:55:36.147+0000] {logging_mixin.py:151} INFO - #False
[2024-01-17T22:55:36.147+0000] {logging_mixin.py:151} INFO - #False
[2024-01-17T22:55:36.148+0000] {logging_mixin.py:151} INFO - #False
[2024-01-17T22:55:36.148+0000] {logging_mixin.py:151} INFO - #False
[2024-01-17T22:55:36.148+0000] {logging_mixin.py:151} INFO - #False
[2024-01-17T22:55:36.148+0000] {logging_mixin.py:151} INFO - #False
[2024-01-17T22:55:36.148+0000] {logging_mixin.py:151} INFO - #False
[2024-01-17T22:55:36.148+0000] {logging_mixin.py:151} INFO - #False
[2024-01-17T22:55:36.148+0000] {logging_mixin.py:151} INFO - #False
[2024-01-17T22:55:36.148+0000] {logging_mixin.py:151} INFO - #False
[2024-01-17T22:55:36.148+0000] {logging_mixin.py:151} INFO -  submission : 
[2024-01-17T22:55:36.675+0000] {logging_mixin.py:151} INFO - #False
[2024-01-17T22:55:36.675+0000] {logging_mixin.py:151} INFO - #False
[2024-01-17T22:55:36.675+0000] {logging_mixin.py:151} INFO - #False
[2024-01-17T22:55:36.675+0000] {logging_mixin.py:151} INFO - #False
[2024-01-17T22:55:36.675+0000] {logging_mixin.py:151} INFO - #False
[2024-01-17T22:55:36.675+0000] {logging_mixin.py:151} INFO - #False
[2024-01-17T22:55:36.675+0000] {logging_mixin.py:151} INFO - #False
[2024-01-17T22:55:36.675+0000] {logging_mixin.py:151} INFO - #False
[2024-01-17T22:55:36.675+0000] {logging_mixin.py:151} INFO - #False
[2024-01-17T22:55:36.675+0000] {logging_mixin.py:151} INFO - #False
[2024-01-17T22:55:36.675+0000] {logging_mixin.py:151} INFO - #False
[2024-01-17T22:55:36.675+0000] {logging_mixin.py:151} INFO - #False
[2024-01-17T22:55:36.675+0000] {logging_mixin.py:151} INFO - #False
[2024-01-17T22:55:36.675+0000] {logging_mixin.py:151} INFO - #False
[2024-01-17T22:55:36.676+0000] {logging_mixin.py:151} INFO - #False
[2024-01-17T22:55:36.676+0000] {logging_mixin.py:151} INFO - #False
[2024-01-17T22:55:36.676+0000] {logging_mixin.py:151} INFO - #False
[2024-01-17T22:55:36.676+0000] {logging_mixin.py:151} INFO - #False
[2024-01-17T22:55:36.676+0000] {logging_mixin.py:151} INFO - #False
[2024-01-17T22:55:36.676+0000] {logging_mixin.py:151} INFO - #False
[2024-01-17T22:55:36.676+0000] {logging_mixin.py:151} INFO - #False
[2024-01-17T22:55:36.676+0000] {logging_mixin.py:151} INFO - #False
[2024-01-17T22:55:36.676+0000] {logging_mixin.py:151} INFO - #False
[2024-01-17T22:55:36.676+0000] {logging_mixin.py:151} INFO - #False
[2024-01-17T22:55:36.676+0000] {logging_mixin.py:151} INFO - #False
[2024-01-17T22:55:36.676+0000] {logging_mixin.py:151} INFO - #False
[2024-01-17T22:55:36.676+0000] {logging_mixin.py:151} INFO - #False
[2024-01-17T22:55:36.676+0000] {logging_mixin.py:151} INFO - #False
[2024-01-17T22:55:36.676+0000] {logging_mixin.py:151} INFO - #False
[2024-01-17T22:55:36.676+0000] {logging_mixin.py:151} INFO - #False
[2024-01-17T22:55:36.676+0000] {logging_mixin.py:151} INFO -  submission : 
[2024-01-17T22:55:37.389+0000] {logging_mixin.py:151} INFO - #False
[2024-01-17T22:55:37.389+0000] {logging_mixin.py:151} INFO - #False
[2024-01-17T22:55:37.390+0000] {logging_mixin.py:151} INFO - #False
[2024-01-17T22:55:37.390+0000] {logging_mixin.py:151} INFO - #False
[2024-01-17T22:55:37.390+0000] {logging_mixin.py:151} INFO - #False
[2024-01-17T22:55:37.390+0000] {logging_mixin.py:151} INFO - #False
[2024-01-17T22:55:37.390+0000] {logging_mixin.py:151} INFO - #False
[2024-01-17T22:55:37.390+0000] {logging_mixin.py:151} INFO - #False
[2024-01-17T22:55:37.390+0000] {logging_mixin.py:151} INFO - #False
[2024-01-17T22:55:37.390+0000] {logging_mixin.py:151} INFO - #False
[2024-01-17T22:55:37.390+0000] {logging_mixin.py:151} INFO - #False
[2024-01-17T22:55:37.390+0000] {logging_mixin.py:151} INFO - #False
[2024-01-17T22:55:37.390+0000] {logging_mixin.py:151} INFO - #False
[2024-01-17T22:55:37.390+0000] {logging_mixin.py:151} INFO - #False
[2024-01-17T22:55:37.390+0000] {logging_mixin.py:151} INFO - #False
[2024-01-17T22:55:37.391+0000] {logging_mixin.py:151} INFO - #False
[2024-01-17T22:55:37.391+0000] {logging_mixin.py:151} INFO - #False
[2024-01-17T22:55:37.391+0000] {logging_mixin.py:151} INFO - #False
[2024-01-17T22:55:37.391+0000] {logging_mixin.py:151} INFO - #False
[2024-01-17T22:55:37.391+0000] {logging_mixin.py:151} INFO - #False
[2024-01-17T22:55:37.391+0000] {logging_mixin.py:151} INFO - #False
[2024-01-17T22:55:37.391+0000] {logging_mixin.py:151} INFO - #False
[2024-01-17T22:55:37.391+0000] {logging_mixin.py:151} INFO - #False
[2024-01-17T22:55:37.391+0000] {logging_mixin.py:151} INFO - #False
[2024-01-17T22:55:37.391+0000] {logging_mixin.py:151} INFO - #False
[2024-01-17T22:55:37.391+0000] {logging_mixin.py:151} INFO - #False
[2024-01-17T22:55:37.391+0000] {logging_mixin.py:151} INFO - #False
[2024-01-17T22:55:37.391+0000] {logging_mixin.py:151} INFO - #False
[2024-01-17T22:55:37.391+0000] {logging_mixin.py:151} INFO - #False
[2024-01-17T22:55:37.392+0000] {logging_mixin.py:151} INFO - #False
[2024-01-17T22:55:37.392+0000] {conn.py:919} INFO - <BrokerConnection node_id=1 host=broker:29092 <connected> [IPv4 ('192.168.224.8', 29092)]>: Closing connection. 
[2024-01-17T22:55:37.393+0000] {python.py:194} INFO - Done. Returned value was: None
[2024-01-17T22:55:37.403+0000] {taskinstance.py:1400} INFO - Marking task as SUCCESS. dag_id=Stream_Data_5, task_id=Reddit, execution_date=20240117T225401, start_date=20240117T225529, end_date=20240117T225537
[2024-01-17T22:55:37.431+0000] {local_task_job_runner.py:228} INFO - Task exited with return code 0
[2024-01-17T22:55:37.449+0000] {taskinstance.py:2784} INFO - 0 downstream tasks scheduled from follow-on schedule check
