[2024-01-20T04:20:00.446+0000] {taskinstance.py:1159} INFO - Dependencies all met for dep_context=non-requeueable deps ti=<TaskInstance: Kafka_Producer_5.Reddit scheduled__2024-01-20T04:18:32.513796+00:00 [queued]>
[2024-01-20T04:20:00.451+0000] {taskinstance.py:1159} INFO - Dependencies all met for dep_context=requeueable deps ti=<TaskInstance: Kafka_Producer_5.Reddit scheduled__2024-01-20T04:18:32.513796+00:00 [queued]>
[2024-01-20T04:20:00.451+0000] {taskinstance.py:1361} INFO - Starting attempt 1 of 1
[2024-01-20T04:20:00.462+0000] {taskinstance.py:1382} INFO - Executing <Task(PythonOperator): Reddit> on 2024-01-20 04:18:32.513796+00:00
[2024-01-20T04:20:00.466+0000] {standard_task_runner.py:57} INFO - Started process 4443 to run task
[2024-01-20T04:20:00.468+0000] {standard_task_runner.py:84} INFO - Running: ['***', 'tasks', 'run', 'Kafka_Producer_5', 'Reddit', 'scheduled__2024-01-20T04:18:32.513796+00:00', '--job-id', '95', '--raw', '--subdir', 'DAGS_FOLDER/kafka_stream_5.py', '--cfg-path', '/tmp/tmp1z0yxus9']
[2024-01-20T04:20:00.469+0000] {standard_task_runner.py:85} INFO - Job 95: Subtask Reddit
[2024-01-20T04:20:00.508+0000] {task_command.py:415} INFO - Running <TaskInstance: Kafka_Producer_5.Reddit scheduled__2024-01-20T04:18:32.513796+00:00 [running]> on host 45c5bfab8aa1
[2024-01-20T04:20:00.569+0000] {taskinstance.py:1660} INFO - Exporting env vars: AIRFLOW_CTX_DAG_OWNER='me' AIRFLOW_CTX_DAG_ID='Kafka_Producer_5' AIRFLOW_CTX_TASK_ID='Reddit' AIRFLOW_CTX_EXECUTION_DATE='2024-01-20T04:18:32.513796+00:00' AIRFLOW_CTX_TRY_NUMBER='1' AIRFLOW_CTX_DAG_RUN_ID='scheduled__2024-01-20T04:18:32.513796+00:00'
[2024-01-20T04:20:00.597+0000] {logging_mixin.py:151} INFO -  submission : 
[2024-01-20T04:20:01.374+0000] {logging_mixin.py:151} INFO - #False
[2024-01-20T04:20:01.375+0000] {logging_mixin.py:151} INFO - #False
[2024-01-20T04:20:01.375+0000] {logging_mixin.py:151} INFO - #False
[2024-01-20T04:20:01.375+0000] {logging_mixin.py:151} INFO - #False
[2024-01-20T04:20:01.376+0000] {logging_mixin.py:151} INFO - #False
[2024-01-20T04:20:01.376+0000] {logging_mixin.py:151} INFO - #False
[2024-01-20T04:20:01.376+0000] {logging_mixin.py:151} INFO - #False
[2024-01-20T04:20:01.376+0000] {logging_mixin.py:151} INFO - #False
[2024-01-20T04:20:01.377+0000] {logging_mixin.py:151} INFO - #False
[2024-01-20T04:20:01.377+0000] {logging_mixin.py:151} INFO - #False
[2024-01-20T04:20:01.377+0000] {logging_mixin.py:151} INFO - #False
[2024-01-20T04:20:01.377+0000] {logging_mixin.py:151} INFO - #False
[2024-01-20T04:20:01.378+0000] {logging_mixin.py:151} INFO - #False
[2024-01-20T04:20:01.378+0000] {logging_mixin.py:151} INFO - #False
[2024-01-20T04:20:01.378+0000] {logging_mixin.py:151} INFO - #False
[2024-01-20T04:20:01.379+0000] {logging_mixin.py:151} INFO - #False
[2024-01-20T04:20:01.379+0000] {logging_mixin.py:151} INFO - #False
[2024-01-20T04:20:01.379+0000] {logging_mixin.py:151} INFO - #False
[2024-01-20T04:20:01.379+0000] {logging_mixin.py:151} INFO - #False
[2024-01-20T04:20:01.380+0000] {logging_mixin.py:151} INFO - #False
[2024-01-20T04:20:01.380+0000] {logging_mixin.py:151} INFO - #False
[2024-01-20T04:20:01.380+0000] {logging_mixin.py:151} INFO - #False
[2024-01-20T04:20:01.381+0000] {logging_mixin.py:151} INFO - #False
[2024-01-20T04:20:01.381+0000] {logging_mixin.py:151} INFO - #False
[2024-01-20T04:20:01.381+0000] {logging_mixin.py:151} INFO - #False
[2024-01-20T04:20:01.382+0000] {logging_mixin.py:151} INFO - #False
[2024-01-20T04:20:01.382+0000] {logging_mixin.py:151} INFO - #False
[2024-01-20T04:20:01.382+0000] {logging_mixin.py:151} INFO - #False
[2024-01-20T04:20:01.382+0000] {logging_mixin.py:151} INFO - #False
[2024-01-20T04:20:01.383+0000] {logging_mixin.py:151} INFO - #False
[2024-01-20T04:20:01.383+0000] {logging_mixin.py:151} INFO -  submission : 
[2024-01-20T04:20:01.888+0000] {logging_mixin.py:151} INFO - #False
[2024-01-20T04:20:01.889+0000] {logging_mixin.py:151} INFO - #False
[2024-01-20T04:20:01.889+0000] {logging_mixin.py:151} INFO - #False
[2024-01-20T04:20:01.889+0000] {logging_mixin.py:151} INFO - #False
[2024-01-20T04:20:01.890+0000] {logging_mixin.py:151} INFO - #False
[2024-01-20T04:20:01.890+0000] {logging_mixin.py:151} INFO - #False
[2024-01-20T04:20:01.890+0000] {logging_mixin.py:151} INFO - #False
[2024-01-20T04:20:01.890+0000] {logging_mixin.py:151} INFO - #False
[2024-01-20T04:20:01.891+0000] {logging_mixin.py:151} INFO - #False
[2024-01-20T04:20:01.891+0000] {logging_mixin.py:151} INFO - #False
[2024-01-20T04:20:01.891+0000] {logging_mixin.py:151} INFO - #False
[2024-01-20T04:20:01.891+0000] {logging_mixin.py:151} INFO - #False
[2024-01-20T04:20:01.891+0000] {logging_mixin.py:151} INFO - #False
[2024-01-20T04:20:01.892+0000] {logging_mixin.py:151} INFO - #False
[2024-01-20T04:20:01.892+0000] {logging_mixin.py:151} INFO - #False
[2024-01-20T04:20:01.892+0000] {logging_mixin.py:151} INFO - #False
[2024-01-20T04:20:01.892+0000] {logging_mixin.py:151} INFO - #False
[2024-01-20T04:20:01.893+0000] {logging_mixin.py:151} INFO - #False
[2024-01-20T04:20:01.893+0000] {logging_mixin.py:151} INFO - #False
[2024-01-20T04:20:01.893+0000] {logging_mixin.py:151} INFO - #False
[2024-01-20T04:20:01.893+0000] {logging_mixin.py:151} INFO - #False
[2024-01-20T04:20:01.893+0000] {logging_mixin.py:151} INFO - #False
[2024-01-20T04:20:01.894+0000] {logging_mixin.py:151} INFO - #False
[2024-01-20T04:20:01.894+0000] {logging_mixin.py:151} INFO - #False
[2024-01-20T04:20:01.894+0000] {logging_mixin.py:151} INFO - #False
[2024-01-20T04:20:01.894+0000] {logging_mixin.py:151} INFO - #False
[2024-01-20T04:20:01.894+0000] {logging_mixin.py:151} INFO - #False
[2024-01-20T04:20:01.895+0000] {logging_mixin.py:151} INFO - #False
[2024-01-20T04:20:01.895+0000] {logging_mixin.py:151} INFO - #False
[2024-01-20T04:20:01.895+0000] {logging_mixin.py:151} INFO - #False
[2024-01-20T04:20:01.895+0000] {logging_mixin.py:151} INFO -  submission : 
[2024-01-20T04:20:02.430+0000] {logging_mixin.py:151} INFO - #False
[2024-01-20T04:20:02.430+0000] {logging_mixin.py:151} INFO - #False
[2024-01-20T04:20:02.431+0000] {logging_mixin.py:151} INFO - #False
[2024-01-20T04:20:02.431+0000] {logging_mixin.py:151} INFO - #False
[2024-01-20T04:20:02.431+0000] {logging_mixin.py:151} INFO - #False
[2024-01-20T04:20:02.432+0000] {logging_mixin.py:151} INFO - #False
[2024-01-20T04:20:02.432+0000] {logging_mixin.py:151} INFO - #False
[2024-01-20T04:20:02.432+0000] {logging_mixin.py:151} INFO - #False
[2024-01-20T04:20:02.432+0000] {logging_mixin.py:151} INFO - #False
[2024-01-20T04:20:02.432+0000] {logging_mixin.py:151} INFO - #False
[2024-01-20T04:20:02.433+0000] {logging_mixin.py:151} INFO - #False
[2024-01-20T04:20:02.433+0000] {logging_mixin.py:151} INFO - #False
[2024-01-20T04:20:02.433+0000] {logging_mixin.py:151} INFO - #False
[2024-01-20T04:20:02.433+0000] {logging_mixin.py:151} INFO - #False
[2024-01-20T04:20:02.434+0000] {logging_mixin.py:151} INFO - #False
[2024-01-20T04:20:02.434+0000] {logging_mixin.py:151} INFO - #False
[2024-01-20T04:20:02.434+0000] {logging_mixin.py:151} INFO - #False
[2024-01-20T04:20:02.434+0000] {logging_mixin.py:151} INFO - #False
[2024-01-20T04:20:02.435+0000] {logging_mixin.py:151} INFO - #False
[2024-01-20T04:20:02.435+0000] {logging_mixin.py:151} INFO - #False
[2024-01-20T04:20:02.435+0000] {logging_mixin.py:151} INFO - #False
[2024-01-20T04:20:02.435+0000] {logging_mixin.py:151} INFO - #False
[2024-01-20T04:20:02.435+0000] {logging_mixin.py:151} INFO - #False
[2024-01-20T04:20:02.436+0000] {logging_mixin.py:151} INFO - #False
[2024-01-20T04:20:02.436+0000] {logging_mixin.py:151} INFO - #False
[2024-01-20T04:20:02.436+0000] {logging_mixin.py:151} INFO - #False
[2024-01-20T04:20:02.436+0000] {logging_mixin.py:151} INFO - #False
[2024-01-20T04:20:02.437+0000] {logging_mixin.py:151} INFO - #False
[2024-01-20T04:20:02.437+0000] {logging_mixin.py:151} INFO - #False
[2024-01-20T04:20:02.437+0000] {logging_mixin.py:151} INFO - #False
[2024-01-20T04:20:02.437+0000] {logging_mixin.py:151} INFO -  submission : 
[2024-01-20T04:20:02.903+0000] {logging_mixin.py:151} INFO - #False
[2024-01-20T04:20:02.904+0000] {logging_mixin.py:151} INFO - #False
[2024-01-20T04:20:02.904+0000] {logging_mixin.py:151} INFO - #False
[2024-01-20T04:20:02.904+0000] {logging_mixin.py:151} INFO - #False
[2024-01-20T04:20:02.905+0000] {logging_mixin.py:151} INFO - #False
[2024-01-20T04:20:02.905+0000] {logging_mixin.py:151} INFO - #False
[2024-01-20T04:20:02.905+0000] {logging_mixin.py:151} INFO - #False
[2024-01-20T04:20:02.905+0000] {logging_mixin.py:151} INFO - #False
[2024-01-20T04:20:02.906+0000] {logging_mixin.py:151} INFO - #False
[2024-01-20T04:20:02.906+0000] {logging_mixin.py:151} INFO - #False
[2024-01-20T04:20:02.906+0000] {logging_mixin.py:151} INFO - #False
[2024-01-20T04:20:02.906+0000] {logging_mixin.py:151} INFO - #False
[2024-01-20T04:20:02.906+0000] {logging_mixin.py:151} INFO - #False
[2024-01-20T04:20:02.907+0000] {logging_mixin.py:151} INFO - #False
[2024-01-20T04:20:02.907+0000] {logging_mixin.py:151} INFO - #False
[2024-01-20T04:20:02.907+0000] {logging_mixin.py:151} INFO - #False
[2024-01-20T04:20:02.907+0000] {logging_mixin.py:151} INFO - #False
[2024-01-20T04:20:02.908+0000] {logging_mixin.py:151} INFO - #False
[2024-01-20T04:20:02.908+0000] {logging_mixin.py:151} INFO - #False
[2024-01-20T04:20:02.908+0000] {logging_mixin.py:151} INFO - #False
[2024-01-20T04:20:02.908+0000] {logging_mixin.py:151} INFO - #False
[2024-01-20T04:20:02.908+0000] {logging_mixin.py:151} INFO - #False
[2024-01-20T04:20:02.909+0000] {logging_mixin.py:151} INFO - #False
[2024-01-20T04:20:02.909+0000] {logging_mixin.py:151} INFO - #False
[2024-01-20T04:20:02.909+0000] {logging_mixin.py:151} INFO - #False
[2024-01-20T04:20:02.909+0000] {logging_mixin.py:151} INFO - #False
[2024-01-20T04:20:02.910+0000] {logging_mixin.py:151} INFO - #False
[2024-01-20T04:20:02.910+0000] {logging_mixin.py:151} INFO - #False
[2024-01-20T04:20:02.910+0000] {logging_mixin.py:151} INFO - #False
[2024-01-20T04:20:02.910+0000] {logging_mixin.py:151} INFO - #False
[2024-01-20T04:20:02.910+0000] {logging_mixin.py:151} INFO -  submission : 
[2024-01-20T04:20:03.341+0000] {logging_mixin.py:151} INFO - #False
[2024-01-20T04:20:03.341+0000] {logging_mixin.py:151} INFO - #False
[2024-01-20T04:20:03.341+0000] {logging_mixin.py:151} INFO - #False
[2024-01-20T04:20:03.341+0000] {logging_mixin.py:151} INFO - #False
[2024-01-20T04:20:03.342+0000] {logging_mixin.py:151} INFO - #False
[2024-01-20T04:20:03.342+0000] {logging_mixin.py:151} INFO - #False
[2024-01-20T04:20:03.342+0000] {logging_mixin.py:151} INFO - #False
[2024-01-20T04:20:03.343+0000] {logging_mixin.py:151} INFO - #False
[2024-01-20T04:20:03.343+0000] {logging_mixin.py:151} INFO - #False
[2024-01-20T04:20:03.343+0000] {logging_mixin.py:151} INFO - #False
[2024-01-20T04:20:03.343+0000] {logging_mixin.py:151} INFO - #False
[2024-01-20T04:20:03.343+0000] {logging_mixin.py:151} INFO - #False
[2024-01-20T04:20:03.344+0000] {logging_mixin.py:151} INFO - #False
[2024-01-20T04:20:03.344+0000] {logging_mixin.py:151} INFO - #False
[2024-01-20T04:20:03.344+0000] {logging_mixin.py:151} INFO - #False
[2024-01-20T04:20:03.344+0000] {logging_mixin.py:151} INFO - #False
[2024-01-20T04:20:03.345+0000] {logging_mixin.py:151} INFO - #False
[2024-01-20T04:20:03.345+0000] {logging_mixin.py:151} INFO - #False
[2024-01-20T04:20:03.345+0000] {logging_mixin.py:151} INFO - #False
[2024-01-20T04:20:03.345+0000] {logging_mixin.py:151} INFO - #False
[2024-01-20T04:20:03.346+0000] {logging_mixin.py:151} INFO - #False
[2024-01-20T04:20:03.346+0000] {logging_mixin.py:151} INFO - #False
[2024-01-20T04:20:03.346+0000] {logging_mixin.py:151} INFO - #False
[2024-01-20T04:20:03.346+0000] {logging_mixin.py:151} INFO - #False
[2024-01-20T04:20:03.346+0000] {logging_mixin.py:151} INFO - #False
[2024-01-20T04:20:03.347+0000] {logging_mixin.py:151} INFO - #False
[2024-01-20T04:20:03.347+0000] {logging_mixin.py:151} INFO - #False
[2024-01-20T04:20:03.347+0000] {logging_mixin.py:151} INFO - #False
[2024-01-20T04:20:03.347+0000] {logging_mixin.py:151} INFO - #False
[2024-01-20T04:20:03.348+0000] {logging_mixin.py:151} INFO - #False
[2024-01-20T04:20:03.348+0000] {logging_mixin.py:151} INFO -  submission : 
[2024-01-20T04:20:04.118+0000] {logging_mixin.py:151} INFO - #False
[2024-01-20T04:20:04.118+0000] {logging_mixin.py:151} INFO - #False
[2024-01-20T04:20:04.118+0000] {logging_mixin.py:151} INFO - #False
[2024-01-20T04:20:04.119+0000] {logging_mixin.py:151} INFO - #False
[2024-01-20T04:20:04.119+0000] {logging_mixin.py:151} INFO - #False
[2024-01-20T04:20:04.119+0000] {logging_mixin.py:151} INFO - #False
[2024-01-20T04:20:04.119+0000] {logging_mixin.py:151} INFO - #False
[2024-01-20T04:20:04.120+0000] {logging_mixin.py:151} INFO - #False
[2024-01-20T04:20:04.120+0000] {logging_mixin.py:151} INFO - #False
[2024-01-20T04:20:04.120+0000] {logging_mixin.py:151} INFO - #False
[2024-01-20T04:20:04.121+0000] {logging_mixin.py:151} INFO - #False
[2024-01-20T04:20:04.121+0000] {logging_mixin.py:151} INFO - #False
[2024-01-20T04:20:04.121+0000] {logging_mixin.py:151} INFO - #False
[2024-01-20T04:20:04.121+0000] {logging_mixin.py:151} INFO - #False
[2024-01-20T04:20:04.121+0000] {logging_mixin.py:151} INFO - #False
[2024-01-20T04:20:04.122+0000] {logging_mixin.py:151} INFO - #False
[2024-01-20T04:20:04.122+0000] {logging_mixin.py:151} INFO - #False
[2024-01-20T04:20:04.122+0000] {logging_mixin.py:151} INFO - #False
[2024-01-20T04:20:04.122+0000] {logging_mixin.py:151} INFO - #False
[2024-01-20T04:20:04.122+0000] {logging_mixin.py:151} INFO - #False
[2024-01-20T04:20:04.123+0000] {logging_mixin.py:151} INFO - #False
[2024-01-20T04:20:04.123+0000] {logging_mixin.py:151} INFO - #False
[2024-01-20T04:20:04.123+0000] {logging_mixin.py:151} INFO - #False
[2024-01-20T04:20:04.123+0000] {logging_mixin.py:151} INFO - #False
[2024-01-20T04:20:04.124+0000] {logging_mixin.py:151} INFO - #False
[2024-01-20T04:20:04.124+0000] {logging_mixin.py:151} INFO - #False
[2024-01-20T04:20:04.124+0000] {logging_mixin.py:151} INFO - #False
[2024-01-20T04:20:04.124+0000] {logging_mixin.py:151} INFO - #False
[2024-01-20T04:20:04.124+0000] {logging_mixin.py:151} INFO - #False
[2024-01-20T04:20:04.125+0000] {logging_mixin.py:151} INFO - #False
[2024-01-20T04:20:04.125+0000] {logging_mixin.py:151} INFO -  submission : 
[2024-01-20T04:20:04.647+0000] {logging_mixin.py:151} INFO - #False
[2024-01-20T04:20:04.648+0000] {logging_mixin.py:151} INFO - #False
[2024-01-20T04:20:04.648+0000] {logging_mixin.py:151} INFO - #False
[2024-01-20T04:20:04.648+0000] {logging_mixin.py:151} INFO - #False
[2024-01-20T04:20:04.649+0000] {logging_mixin.py:151} INFO - #False
[2024-01-20T04:20:04.649+0000] {logging_mixin.py:151} INFO - #False
[2024-01-20T04:20:04.649+0000] {logging_mixin.py:151} INFO - #False
[2024-01-20T04:20:04.649+0000] {logging_mixin.py:151} INFO - #False
[2024-01-20T04:20:04.650+0000] {logging_mixin.py:151} INFO - #False
[2024-01-20T04:20:04.650+0000] {logging_mixin.py:151} INFO - #False
[2024-01-20T04:20:04.650+0000] {logging_mixin.py:151} INFO - #False
[2024-01-20T04:20:04.650+0000] {logging_mixin.py:151} INFO - #False
[2024-01-20T04:20:04.650+0000] {logging_mixin.py:151} INFO - #False
[2024-01-20T04:20:04.651+0000] {logging_mixin.py:151} INFO - #False
[2024-01-20T04:20:04.651+0000] {logging_mixin.py:151} INFO - #False
[2024-01-20T04:20:04.651+0000] {logging_mixin.py:151} INFO - #False
[2024-01-20T04:20:04.651+0000] {logging_mixin.py:151} INFO - #False
[2024-01-20T04:20:04.651+0000] {logging_mixin.py:151} INFO - #False
[2024-01-20T04:20:04.652+0000] {logging_mixin.py:151} INFO - #False
[2024-01-20T04:20:04.652+0000] {logging_mixin.py:151} INFO - #False
[2024-01-20T04:20:04.652+0000] {logging_mixin.py:151} INFO - #False
[2024-01-20T04:20:04.652+0000] {logging_mixin.py:151} INFO - #False
[2024-01-20T04:20:04.653+0000] {logging_mixin.py:151} INFO - #False
[2024-01-20T04:20:04.653+0000] {logging_mixin.py:151} INFO - #False
[2024-01-20T04:20:04.653+0000] {logging_mixin.py:151} INFO - #False
[2024-01-20T04:20:04.653+0000] {logging_mixin.py:151} INFO - #False
[2024-01-20T04:20:04.653+0000] {logging_mixin.py:151} INFO - #False
[2024-01-20T04:20:04.654+0000] {logging_mixin.py:151} INFO - #False
[2024-01-20T04:20:04.654+0000] {logging_mixin.py:151} INFO - #False
[2024-01-20T04:20:04.654+0000] {logging_mixin.py:151} INFO - #False
[2024-01-20T04:20:04.654+0000] {logging_mixin.py:151} INFO -  submission : 
[2024-01-20T04:20:05.183+0000] {logging_mixin.py:151} INFO - #False
[2024-01-20T04:20:05.184+0000] {logging_mixin.py:151} INFO - #False
[2024-01-20T04:20:05.184+0000] {logging_mixin.py:151} INFO - #False
[2024-01-20T04:20:05.184+0000] {logging_mixin.py:151} INFO - #False
[2024-01-20T04:20:05.185+0000] {logging_mixin.py:151} INFO - #False
[2024-01-20T04:20:05.185+0000] {logging_mixin.py:151} INFO - #False
[2024-01-20T04:20:05.185+0000] {logging_mixin.py:151} INFO - #False
[2024-01-20T04:20:05.185+0000] {logging_mixin.py:151} INFO - #False
[2024-01-20T04:20:05.185+0000] {logging_mixin.py:151} INFO - #False
[2024-01-20T04:20:05.186+0000] {logging_mixin.py:151} INFO - #False
[2024-01-20T04:20:05.186+0000] {logging_mixin.py:151} INFO - #False
[2024-01-20T04:20:05.186+0000] {logging_mixin.py:151} INFO - #False
[2024-01-20T04:20:05.186+0000] {logging_mixin.py:151} INFO - #False
[2024-01-20T04:20:05.187+0000] {logging_mixin.py:151} INFO - #False
[2024-01-20T04:20:05.187+0000] {logging_mixin.py:151} INFO - #False
[2024-01-20T04:20:05.187+0000] {logging_mixin.py:151} INFO - #False
[2024-01-20T04:20:05.187+0000] {logging_mixin.py:151} INFO - #False
[2024-01-20T04:20:05.188+0000] {logging_mixin.py:151} INFO - #False
[2024-01-20T04:20:05.188+0000] {logging_mixin.py:151} INFO - #False
[2024-01-20T04:20:05.188+0000] {logging_mixin.py:151} INFO - #False
[2024-01-20T04:20:05.189+0000] {logging_mixin.py:151} INFO - #False
[2024-01-20T04:20:05.189+0000] {logging_mixin.py:151} INFO - #False
[2024-01-20T04:20:05.189+0000] {logging_mixin.py:151} INFO - #False
[2024-01-20T04:20:05.189+0000] {logging_mixin.py:151} INFO - #False
[2024-01-20T04:20:05.190+0000] {logging_mixin.py:151} INFO - #False
[2024-01-20T04:20:05.190+0000] {logging_mixin.py:151} INFO - #False
[2024-01-20T04:20:05.190+0000] {logging_mixin.py:151} INFO - #False
[2024-01-20T04:20:05.190+0000] {logging_mixin.py:151} INFO - #False
[2024-01-20T04:20:05.191+0000] {logging_mixin.py:151} INFO - #False
[2024-01-20T04:20:05.191+0000] {logging_mixin.py:151} INFO - #False
[2024-01-20T04:20:05.191+0000] {python.py:194} INFO - Done. Returned value was: None
[2024-01-20T04:20:05.198+0000] {taskinstance.py:1400} INFO - Marking task as SUCCESS. dag_id=Kafka_Producer_5, task_id=Reddit, execution_date=20240120T041832, start_date=20240120T042000, end_date=20240120T042005
[2024-01-20T04:20:05.213+0000] {local_task_job_runner.py:228} INFO - Task exited with return code 0
[2024-01-20T04:20:05.226+0000] {taskinstance.py:2784} INFO - 0 downstream tasks scheduled from follow-on schedule check
