[2024-01-17T21:37:37.506+0000] {taskinstance.py:1159} INFO - Dependencies all met for dep_context=non-requeueable deps ti=<TaskInstance: Stream_Data_1.Reddit scheduled__2024-01-17T21:35:48.322795+00:00 [queued]>
[2024-01-17T21:37:37.512+0000] {taskinstance.py:1159} INFO - Dependencies all met for dep_context=requeueable deps ti=<TaskInstance: Stream_Data_1.Reddit scheduled__2024-01-17T21:35:48.322795+00:00 [queued]>
[2024-01-17T21:37:37.512+0000] {taskinstance.py:1361} INFO - Starting attempt 1 of 1
[2024-01-17T21:37:37.523+0000] {taskinstance.py:1382} INFO - Executing <Task(PythonOperator): Reddit> on 2024-01-17 21:35:48.322795+00:00
[2024-01-17T21:37:37.527+0000] {standard_task_runner.py:57} INFO - Started process 2925 to run task
[2024-01-17T21:37:37.529+0000] {standard_task_runner.py:84} INFO - Running: ['***', 'tasks', 'run', 'Stream_Data_1', 'Reddit', 'scheduled__2024-01-17T21:35:48.322795+00:00', '--job-id', '688', '--raw', '--subdir', 'DAGS_FOLDER/kafka_stream.py', '--cfg-path', '/tmp/tmpnkm6bjxb']
[2024-01-17T21:37:37.530+0000] {standard_task_runner.py:85} INFO - Job 688: Subtask Reddit
[2024-01-17T21:37:37.569+0000] {task_command.py:415} INFO - Running <TaskInstance: Stream_Data_1.Reddit scheduled__2024-01-17T21:35:48.322795+00:00 [running]> on host 614a419ad930
[2024-01-17T21:37:37.643+0000] {taskinstance.py:1660} INFO - Exporting env vars: AIRFLOW_CTX_DAG_OWNER='me' AIRFLOW_CTX_DAG_ID='Stream_Data_1' AIRFLOW_CTX_TASK_ID='Reddit' AIRFLOW_CTX_EXECUTION_DATE='2024-01-17T21:35:48.322795+00:00' AIRFLOW_CTX_TRY_NUMBER='1' AIRFLOW_CTX_DAG_RUN_ID='scheduled__2024-01-17T21:35:48.322795+00:00'
[2024-01-17T21:37:37.669+0000] {logging_mixin.py:151} INFO -  submission : 
[2024-01-17T21:37:40.194+0000] {logging_mixin.py:151} INFO - #False
[2024-01-17T21:37:40.195+0000] {logging_mixin.py:151} INFO - #False
[2024-01-17T21:37:40.195+0000] {logging_mixin.py:151} INFO - #False
[2024-01-17T21:37:40.195+0000] {logging_mixin.py:151} INFO - #False
[2024-01-17T21:37:40.195+0000] {logging_mixin.py:151} INFO - #False
[2024-01-17T21:37:40.195+0000] {logging_mixin.py:151} INFO - #False
[2024-01-17T21:37:40.195+0000] {logging_mixin.py:151} INFO - #False
[2024-01-17T21:37:40.195+0000] {logging_mixin.py:151} INFO - #False
[2024-01-17T21:37:40.195+0000] {logging_mixin.py:151} INFO - #False
[2024-01-17T21:37:40.195+0000] {logging_mixin.py:151} INFO - #False
[2024-01-17T21:37:40.195+0000] {logging_mixin.py:151} INFO - #False
[2024-01-17T21:37:40.195+0000] {logging_mixin.py:151} INFO - #False
[2024-01-17T21:37:40.195+0000] {logging_mixin.py:151} INFO - #False
[2024-01-17T21:37:40.195+0000] {logging_mixin.py:151} INFO - #False
[2024-01-17T21:37:40.195+0000] {logging_mixin.py:151} INFO - #False
[2024-01-17T21:37:40.195+0000] {logging_mixin.py:151} INFO - #False
[2024-01-17T21:37:40.195+0000] {logging_mixin.py:151} INFO - #False
[2024-01-17T21:37:40.195+0000] {logging_mixin.py:151} INFO - #False
[2024-01-17T21:37:40.195+0000] {logging_mixin.py:151} INFO - #False
[2024-01-17T21:37:40.195+0000] {logging_mixin.py:151} INFO - #False
[2024-01-17T21:37:40.196+0000] {logging_mixin.py:151} INFO - #False
[2024-01-17T21:37:40.196+0000] {logging_mixin.py:151} INFO - #False
[2024-01-17T21:37:40.196+0000] {logging_mixin.py:151} INFO - #False
[2024-01-17T21:37:40.196+0000] {logging_mixin.py:151} INFO - #False
[2024-01-17T21:37:40.196+0000] {logging_mixin.py:151} INFO - #False
[2024-01-17T21:37:40.196+0000] {logging_mixin.py:151} INFO - #False
[2024-01-17T21:37:40.196+0000] {logging_mixin.py:151} INFO - #False
[2024-01-17T21:37:40.196+0000] {logging_mixin.py:151} INFO - #False
[2024-01-17T21:37:40.196+0000] {logging_mixin.py:151} INFO - #False
[2024-01-17T21:37:40.196+0000] {logging_mixin.py:151} INFO - #False
[2024-01-17T21:37:40.196+0000] {logging_mixin.py:151} INFO -  submission : 
[2024-01-17T21:37:41.029+0000] {logging_mixin.py:151} INFO - #False
[2024-01-17T21:37:41.029+0000] {logging_mixin.py:151} INFO - #False
[2024-01-17T21:37:41.030+0000] {logging_mixin.py:151} INFO - #False
[2024-01-17T21:37:41.030+0000] {logging_mixin.py:151} INFO - #False
[2024-01-17T21:37:41.030+0000] {logging_mixin.py:151} INFO - #False
[2024-01-17T21:37:41.030+0000] {logging_mixin.py:151} INFO - #False
[2024-01-17T21:37:41.030+0000] {logging_mixin.py:151} INFO - #False
[2024-01-17T21:37:41.030+0000] {logging_mixin.py:151} INFO - #False
[2024-01-17T21:37:41.030+0000] {logging_mixin.py:151} INFO - #False
[2024-01-17T21:37:41.030+0000] {logging_mixin.py:151} INFO - #False
[2024-01-17T21:37:41.030+0000] {logging_mixin.py:151} INFO - #False
[2024-01-17T21:37:41.030+0000] {logging_mixin.py:151} INFO - #False
[2024-01-17T21:37:41.030+0000] {logging_mixin.py:151} INFO - #False
[2024-01-17T21:37:41.030+0000] {logging_mixin.py:151} INFO - #False
[2024-01-17T21:37:41.030+0000] {logging_mixin.py:151} INFO - #False
[2024-01-17T21:37:41.030+0000] {logging_mixin.py:151} INFO - #False
[2024-01-17T21:37:41.031+0000] {logging_mixin.py:151} INFO - #False
[2024-01-17T21:37:41.031+0000] {logging_mixin.py:151} INFO - #False
[2024-01-17T21:37:41.031+0000] {logging_mixin.py:151} INFO - #False
[2024-01-17T21:37:41.031+0000] {logging_mixin.py:151} INFO - #False
[2024-01-17T21:37:41.031+0000] {logging_mixin.py:151} INFO - #False
[2024-01-17T21:37:41.031+0000] {logging_mixin.py:151} INFO - #False
[2024-01-17T21:37:41.031+0000] {logging_mixin.py:151} INFO - #False
[2024-01-17T21:37:41.031+0000] {logging_mixin.py:151} INFO - #False
[2024-01-17T21:37:41.031+0000] {logging_mixin.py:151} INFO - #False
[2024-01-17T21:37:41.031+0000] {logging_mixin.py:151} INFO - #False
[2024-01-17T21:37:41.031+0000] {logging_mixin.py:151} INFO - #False
[2024-01-17T21:37:41.031+0000] {logging_mixin.py:151} INFO - #False
[2024-01-17T21:37:41.031+0000] {logging_mixin.py:151} INFO - #False
[2024-01-17T21:37:41.031+0000] {logging_mixin.py:151} INFO - #False
[2024-01-17T21:37:41.031+0000] {logging_mixin.py:151} INFO -  submission : 
[2024-01-17T21:37:41.810+0000] {logging_mixin.py:151} INFO - #False
[2024-01-17T21:37:41.811+0000] {logging_mixin.py:151} INFO - #False
[2024-01-17T21:37:41.811+0000] {logging_mixin.py:151} INFO - #False
[2024-01-17T21:37:41.811+0000] {logging_mixin.py:151} INFO - #False
[2024-01-17T21:37:41.811+0000] {logging_mixin.py:151} INFO - #False
[2024-01-17T21:37:41.811+0000] {logging_mixin.py:151} INFO - #False
[2024-01-17T21:37:41.811+0000] {logging_mixin.py:151} INFO - #False
[2024-01-17T21:37:41.811+0000] {logging_mixin.py:151} INFO - #False
[2024-01-17T21:37:41.811+0000] {logging_mixin.py:151} INFO - #False
[2024-01-17T21:37:41.811+0000] {logging_mixin.py:151} INFO - #False
[2024-01-17T21:37:41.811+0000] {logging_mixin.py:151} INFO - #False
[2024-01-17T21:37:41.811+0000] {logging_mixin.py:151} INFO - #False
[2024-01-17T21:37:41.811+0000] {logging_mixin.py:151} INFO - #False
[2024-01-17T21:37:41.811+0000] {logging_mixin.py:151} INFO - #False
[2024-01-17T21:37:41.811+0000] {logging_mixin.py:151} INFO - #False
[2024-01-17T21:37:41.811+0000] {logging_mixin.py:151} INFO - #False
[2024-01-17T21:37:41.811+0000] {logging_mixin.py:151} INFO - #False
[2024-01-17T21:37:41.811+0000] {logging_mixin.py:151} INFO - #False
[2024-01-17T21:37:41.811+0000] {logging_mixin.py:151} INFO - #False
[2024-01-17T21:37:41.812+0000] {logging_mixin.py:151} INFO - #False
[2024-01-17T21:37:41.812+0000] {logging_mixin.py:151} INFO - #False
[2024-01-17T21:37:41.812+0000] {logging_mixin.py:151} INFO - #False
[2024-01-17T21:37:41.812+0000] {logging_mixin.py:151} INFO - #False
[2024-01-17T21:37:41.812+0000] {logging_mixin.py:151} INFO - #False
[2024-01-17T21:37:41.812+0000] {logging_mixin.py:151} INFO - #False
[2024-01-17T21:37:41.812+0000] {logging_mixin.py:151} INFO - #False
[2024-01-17T21:37:41.812+0000] {logging_mixin.py:151} INFO - #False
[2024-01-17T21:37:41.812+0000] {logging_mixin.py:151} INFO - #False
[2024-01-17T21:37:41.812+0000] {logging_mixin.py:151} INFO - #False
[2024-01-17T21:37:41.812+0000] {logging_mixin.py:151} INFO - #False
[2024-01-17T21:37:41.812+0000] {logging_mixin.py:151} INFO -  submission : 
[2024-01-17T21:37:42.338+0000] {logging_mixin.py:151} INFO - #False
[2024-01-17T21:37:42.339+0000] {logging_mixin.py:151} INFO - #False
[2024-01-17T21:37:42.339+0000] {logging_mixin.py:151} INFO - #False
[2024-01-17T21:37:42.339+0000] {logging_mixin.py:151} INFO - #False
[2024-01-17T21:37:42.339+0000] {logging_mixin.py:151} INFO - #False
[2024-01-17T21:37:42.339+0000] {logging_mixin.py:151} INFO - #False
[2024-01-17T21:37:42.339+0000] {logging_mixin.py:151} INFO - #False
[2024-01-17T21:37:42.339+0000] {logging_mixin.py:151} INFO - #False
[2024-01-17T21:37:42.339+0000] {logging_mixin.py:151} INFO - #False
[2024-01-17T21:37:42.339+0000] {logging_mixin.py:151} INFO - #False
[2024-01-17T21:37:42.339+0000] {logging_mixin.py:151} INFO - #False
[2024-01-17T21:37:42.339+0000] {logging_mixin.py:151} INFO - #False
[2024-01-17T21:37:42.339+0000] {logging_mixin.py:151} INFO - #False
[2024-01-17T21:37:42.339+0000] {logging_mixin.py:151} INFO - #False
[2024-01-17T21:37:42.339+0000] {logging_mixin.py:151} INFO - #False
[2024-01-17T21:37:42.339+0000] {logging_mixin.py:151} INFO - #False
[2024-01-17T21:37:42.339+0000] {logging_mixin.py:151} INFO - #False
[2024-01-17T21:37:42.340+0000] {logging_mixin.py:151} INFO - #False
[2024-01-17T21:37:42.340+0000] {logging_mixin.py:151} INFO - #False
[2024-01-17T21:37:42.340+0000] {logging_mixin.py:151} INFO - #False
[2024-01-17T21:37:42.340+0000] {logging_mixin.py:151} INFO - #False
[2024-01-17T21:37:42.340+0000] {logging_mixin.py:151} INFO - #False
[2024-01-17T21:37:42.340+0000] {logging_mixin.py:151} INFO - #False
[2024-01-17T21:37:42.340+0000] {logging_mixin.py:151} INFO - #False
[2024-01-17T21:37:42.340+0000] {logging_mixin.py:151} INFO - #False
[2024-01-17T21:37:42.340+0000] {logging_mixin.py:151} INFO - #False
[2024-01-17T21:37:42.340+0000] {logging_mixin.py:151} INFO - #False
[2024-01-17T21:37:42.340+0000] {logging_mixin.py:151} INFO - #False
[2024-01-17T21:37:42.340+0000] {logging_mixin.py:151} INFO - #False
[2024-01-17T21:37:42.340+0000] {logging_mixin.py:151} INFO - #False
[2024-01-17T21:37:42.340+0000] {logging_mixin.py:151} INFO -  submission : 
[2024-01-17T21:37:43.453+0000] {logging_mixin.py:151} INFO - #False
[2024-01-17T21:37:43.453+0000] {logging_mixin.py:151} INFO - #False
[2024-01-17T21:37:43.453+0000] {logging_mixin.py:151} INFO - #False
[2024-01-17T21:37:43.453+0000] {logging_mixin.py:151} INFO - #False
[2024-01-17T21:37:43.453+0000] {logging_mixin.py:151} INFO - #False
[2024-01-17T21:37:43.453+0000] {logging_mixin.py:151} INFO - #False
[2024-01-17T21:37:43.453+0000] {logging_mixin.py:151} INFO - #False
[2024-01-17T21:37:43.453+0000] {logging_mixin.py:151} INFO - #False
[2024-01-17T21:37:43.454+0000] {logging_mixin.py:151} INFO - #False
[2024-01-17T21:37:43.454+0000] {logging_mixin.py:151} INFO - #False
[2024-01-17T21:37:43.454+0000] {logging_mixin.py:151} INFO - #False
[2024-01-17T21:37:43.454+0000] {logging_mixin.py:151} INFO - #False
[2024-01-17T21:37:43.454+0000] {logging_mixin.py:151} INFO - #False
[2024-01-17T21:37:43.454+0000] {logging_mixin.py:151} INFO - #False
[2024-01-17T21:37:43.454+0000] {logging_mixin.py:151} INFO - #False
[2024-01-17T21:37:43.454+0000] {logging_mixin.py:151} INFO - #False
[2024-01-17T21:37:43.454+0000] {logging_mixin.py:151} INFO - #False
[2024-01-17T21:37:43.454+0000] {logging_mixin.py:151} INFO - #False
[2024-01-17T21:37:43.454+0000] {logging_mixin.py:151} INFO - #False
[2024-01-17T21:37:43.454+0000] {logging_mixin.py:151} INFO - #False
[2024-01-17T21:37:43.454+0000] {logging_mixin.py:151} INFO - #False
[2024-01-17T21:37:43.454+0000] {logging_mixin.py:151} INFO - #False
[2024-01-17T21:37:43.454+0000] {logging_mixin.py:151} INFO - #False
[2024-01-17T21:37:43.454+0000] {logging_mixin.py:151} INFO - #False
[2024-01-17T21:37:43.454+0000] {logging_mixin.py:151} INFO - #False
[2024-01-17T21:37:43.454+0000] {logging_mixin.py:151} INFO - #False
[2024-01-17T21:37:43.454+0000] {logging_mixin.py:151} INFO - #False
[2024-01-17T21:37:43.454+0000] {logging_mixin.py:151} INFO - #False
[2024-01-17T21:37:43.454+0000] {logging_mixin.py:151} INFO - #False
[2024-01-17T21:37:43.454+0000] {logging_mixin.py:151} INFO - #False
[2024-01-17T21:37:43.455+0000] {logging_mixin.py:151} INFO -  submission : 
[2024-01-17T21:37:44.281+0000] {logging_mixin.py:151} INFO - #False
[2024-01-17T21:37:44.281+0000] {logging_mixin.py:151} INFO - #False
[2024-01-17T21:37:44.281+0000] {logging_mixin.py:151} INFO - #False
[2024-01-17T21:37:44.282+0000] {logging_mixin.py:151} INFO - #False
[2024-01-17T21:37:44.282+0000] {logging_mixin.py:151} INFO - #False
[2024-01-17T21:37:44.282+0000] {logging_mixin.py:151} INFO - #False
[2024-01-17T21:37:44.282+0000] {logging_mixin.py:151} INFO - #False
[2024-01-17T21:37:44.282+0000] {logging_mixin.py:151} INFO - #False
[2024-01-17T21:37:44.282+0000] {logging_mixin.py:151} INFO - #False
[2024-01-17T21:37:44.282+0000] {logging_mixin.py:151} INFO - #False
[2024-01-17T21:37:44.282+0000] {logging_mixin.py:151} INFO - #False
[2024-01-17T21:37:44.282+0000] {logging_mixin.py:151} INFO - #False
[2024-01-17T21:37:44.282+0000] {logging_mixin.py:151} INFO - #False
[2024-01-17T21:37:44.282+0000] {logging_mixin.py:151} INFO - #False
[2024-01-17T21:37:44.282+0000] {logging_mixin.py:151} INFO - #False
[2024-01-17T21:37:44.282+0000] {logging_mixin.py:151} INFO - #False
[2024-01-17T21:37:44.282+0000] {logging_mixin.py:151} INFO - #False
[2024-01-17T21:37:44.282+0000] {logging_mixin.py:151} INFO - #False
[2024-01-17T21:37:44.282+0000] {logging_mixin.py:151} INFO - #False
[2024-01-17T21:37:44.282+0000] {logging_mixin.py:151} INFO - #False
[2024-01-17T21:37:44.282+0000] {logging_mixin.py:151} INFO - #False
[2024-01-17T21:37:44.283+0000] {logging_mixin.py:151} INFO - #False
[2024-01-17T21:37:44.283+0000] {logging_mixin.py:151} INFO - #False
[2024-01-17T21:37:44.283+0000] {logging_mixin.py:151} INFO - #False
[2024-01-17T21:37:44.283+0000] {logging_mixin.py:151} INFO - #False
[2024-01-17T21:37:44.283+0000] {logging_mixin.py:151} INFO - #False
[2024-01-17T21:37:44.283+0000] {logging_mixin.py:151} INFO - #False
[2024-01-17T21:37:44.283+0000] {logging_mixin.py:151} INFO - #False
[2024-01-17T21:37:44.283+0000] {logging_mixin.py:151} INFO - #False
[2024-01-17T21:37:44.283+0000] {logging_mixin.py:151} INFO - #False
[2024-01-17T21:37:44.283+0000] {logging_mixin.py:151} INFO -  submission : 
[2024-01-17T21:37:45.111+0000] {logging_mixin.py:151} INFO - #False
[2024-01-17T21:37:45.111+0000] {logging_mixin.py:151} INFO - #False
[2024-01-17T21:37:45.111+0000] {logging_mixin.py:151} INFO - #False
[2024-01-17T21:37:45.112+0000] {logging_mixin.py:151} INFO - #False
[2024-01-17T21:37:45.112+0000] {logging_mixin.py:151} INFO - #False
[2024-01-17T21:37:45.112+0000] {logging_mixin.py:151} INFO - #False
[2024-01-17T21:37:45.112+0000] {logging_mixin.py:151} INFO - #False
[2024-01-17T21:37:45.112+0000] {logging_mixin.py:151} INFO - #False
[2024-01-17T21:37:45.112+0000] {logging_mixin.py:151} INFO - #False
[2024-01-17T21:37:45.112+0000] {logging_mixin.py:151} INFO - #False
[2024-01-17T21:37:45.112+0000] {logging_mixin.py:151} INFO - #False
[2024-01-17T21:37:45.112+0000] {logging_mixin.py:151} INFO - #False
[2024-01-17T21:37:45.112+0000] {logging_mixin.py:151} INFO - #False
[2024-01-17T21:37:45.112+0000] {logging_mixin.py:151} INFO - #False
[2024-01-17T21:37:45.112+0000] {logging_mixin.py:151} INFO - #False
[2024-01-17T21:37:45.112+0000] {logging_mixin.py:151} INFO - #False
[2024-01-17T21:37:45.112+0000] {logging_mixin.py:151} INFO - #False
[2024-01-17T21:37:45.112+0000] {logging_mixin.py:151} INFO - #False
[2024-01-17T21:37:45.112+0000] {logging_mixin.py:151} INFO - #False
[2024-01-17T21:37:45.112+0000] {logging_mixin.py:151} INFO - #False
[2024-01-17T21:37:45.112+0000] {logging_mixin.py:151} INFO - #False
[2024-01-17T21:37:45.112+0000] {logging_mixin.py:151} INFO - #False
[2024-01-17T21:37:45.112+0000] {logging_mixin.py:151} INFO - #False
[2024-01-17T21:37:45.113+0000] {logging_mixin.py:151} INFO - #False
[2024-01-17T21:37:45.113+0000] {logging_mixin.py:151} INFO - #False
[2024-01-17T21:37:45.113+0000] {logging_mixin.py:151} INFO - #False
[2024-01-17T21:37:45.113+0000] {logging_mixin.py:151} INFO - #False
[2024-01-17T21:37:45.113+0000] {logging_mixin.py:151} INFO - #False
[2024-01-17T21:37:45.113+0000] {logging_mixin.py:151} INFO - #False
[2024-01-17T21:37:45.113+0000] {logging_mixin.py:151} INFO - #False
[2024-01-17T21:37:45.113+0000] {logging_mixin.py:151} INFO -  submission : 
[2024-01-17T21:37:45.724+0000] {logging_mixin.py:151} INFO - #False
[2024-01-17T21:37:45.724+0000] {logging_mixin.py:151} INFO - #False
[2024-01-17T21:37:45.725+0000] {logging_mixin.py:151} INFO - #False
[2024-01-17T21:37:45.725+0000] {logging_mixin.py:151} INFO - #False
[2024-01-17T21:37:45.725+0000] {logging_mixin.py:151} INFO - #False
[2024-01-17T21:37:45.725+0000] {logging_mixin.py:151} INFO - #False
[2024-01-17T21:37:45.725+0000] {logging_mixin.py:151} INFO - #False
[2024-01-17T21:37:45.725+0000] {logging_mixin.py:151} INFO - #False
[2024-01-17T21:37:45.725+0000] {logging_mixin.py:151} INFO - #False
[2024-01-17T21:37:45.725+0000] {logging_mixin.py:151} INFO - #False
[2024-01-17T21:37:45.725+0000] {logging_mixin.py:151} INFO - #False
[2024-01-17T21:37:45.725+0000] {logging_mixin.py:151} INFO - #False
[2024-01-17T21:37:45.725+0000] {logging_mixin.py:151} INFO - #False
[2024-01-17T21:37:45.725+0000] {logging_mixin.py:151} INFO - #False
[2024-01-17T21:37:45.725+0000] {logging_mixin.py:151} INFO - #False
[2024-01-17T21:37:45.725+0000] {logging_mixin.py:151} INFO - #False
[2024-01-17T21:37:45.725+0000] {logging_mixin.py:151} INFO - #False
[2024-01-17T21:37:45.725+0000] {logging_mixin.py:151} INFO - #False
[2024-01-17T21:37:45.725+0000] {logging_mixin.py:151} INFO - #False
[2024-01-17T21:37:45.725+0000] {logging_mixin.py:151} INFO - #False
[2024-01-17T21:37:45.725+0000] {logging_mixin.py:151} INFO - #False
[2024-01-17T21:37:45.726+0000] {logging_mixin.py:151} INFO - #False
[2024-01-17T21:37:45.726+0000] {logging_mixin.py:151} INFO - #False
[2024-01-17T21:37:45.726+0000] {logging_mixin.py:151} INFO - #False
[2024-01-17T21:37:45.726+0000] {logging_mixin.py:151} INFO - #False
[2024-01-17T21:37:45.726+0000] {logging_mixin.py:151} INFO - #False
[2024-01-17T21:37:45.726+0000] {logging_mixin.py:151} INFO - #False
[2024-01-17T21:37:45.726+0000] {logging_mixin.py:151} INFO - #False
[2024-01-17T21:37:45.726+0000] {logging_mixin.py:151} INFO - #False
[2024-01-17T21:37:45.726+0000] {logging_mixin.py:151} INFO - #False
[2024-01-17T21:37:45.726+0000] {python.py:194} INFO - Done. Returned value was: None
[2024-01-17T21:37:45.734+0000] {taskinstance.py:1400} INFO - Marking task as SUCCESS. dag_id=Stream_Data_1, task_id=Reddit, execution_date=20240117T213548, start_date=20240117T213737, end_date=20240117T213745
[2024-01-17T21:37:45.763+0000] {local_task_job_runner.py:228} INFO - Task exited with return code 0
[2024-01-17T21:37:45.777+0000] {taskinstance.py:2784} INFO - 0 downstream tasks scheduled from follow-on schedule check
