[2024-01-20T04:27:16.522+0000] {taskinstance.py:1159} INFO - Dependencies all met for dep_context=non-requeueable deps ti=<TaskInstance: Kafka_Producer_1.Reddit scheduled__2024-01-20T04:26:14.186310+00:00 [queued]>
[2024-01-20T04:27:16.527+0000] {taskinstance.py:1159} INFO - Dependencies all met for dep_context=requeueable deps ti=<TaskInstance: Kafka_Producer_1.Reddit scheduled__2024-01-20T04:26:14.186310+00:00 [queued]>
[2024-01-20T04:27:16.528+0000] {taskinstance.py:1361} INFO - Starting attempt 1 of 1
[2024-01-20T04:27:16.541+0000] {taskinstance.py:1382} INFO - Executing <Task(PythonOperator): Reddit> on 2024-01-20 04:26:14.186310+00:00
[2024-01-20T04:27:16.543+0000] {standard_task_runner.py:57} INFO - Started process 4705 to run task
[2024-01-20T04:27:16.545+0000] {standard_task_runner.py:84} INFO - Running: ['***', 'tasks', 'run', 'Kafka_Producer_1', 'Reddit', 'scheduled__2024-01-20T04:26:14.186310+00:00', '--job-id', '146', '--raw', '--subdir', 'DAGS_FOLDER/kafka_stream.py', '--cfg-path', '/tmp/tmptb0s8gfs']
[2024-01-20T04:27:16.547+0000] {standard_task_runner.py:85} INFO - Job 146: Subtask Reddit
[2024-01-20T04:27:16.586+0000] {task_command.py:415} INFO - Running <TaskInstance: Kafka_Producer_1.Reddit scheduled__2024-01-20T04:26:14.186310+00:00 [running]> on host 45c5bfab8aa1
[2024-01-20T04:27:16.654+0000] {taskinstance.py:1660} INFO - Exporting env vars: AIRFLOW_CTX_DAG_OWNER='me' AIRFLOW_CTX_DAG_ID='Kafka_Producer_1' AIRFLOW_CTX_TASK_ID='Reddit' AIRFLOW_CTX_EXECUTION_DATE='2024-01-20T04:26:14.186310+00:00' AIRFLOW_CTX_TRY_NUMBER='1' AIRFLOW_CTX_DAG_RUN_ID='scheduled__2024-01-20T04:26:14.186310+00:00'
[2024-01-20T04:27:16.687+0000] {logging_mixin.py:151} INFO -  submission : 
[2024-01-20T04:27:17.483+0000] {logging_mixin.py:151} INFO - #False
[2024-01-20T04:27:17.484+0000] {logging_mixin.py:151} INFO - #False
[2024-01-20T04:27:17.484+0000] {logging_mixin.py:151} INFO - #False
[2024-01-20T04:27:17.485+0000] {logging_mixin.py:151} INFO - #False
[2024-01-20T04:27:17.486+0000] {logging_mixin.py:151} INFO - #False
[2024-01-20T04:27:17.486+0000] {logging_mixin.py:151} INFO - #False
[2024-01-20T04:27:17.487+0000] {logging_mixin.py:151} INFO - #False
[2024-01-20T04:27:17.487+0000] {logging_mixin.py:151} INFO - #False
[2024-01-20T04:27:17.488+0000] {logging_mixin.py:151} INFO - #False
[2024-01-20T04:27:17.488+0000] {logging_mixin.py:151} INFO - #False
[2024-01-20T04:27:17.488+0000] {logging_mixin.py:151} INFO - #False
[2024-01-20T04:27:17.489+0000] {logging_mixin.py:151} INFO - #False
[2024-01-20T04:27:17.489+0000] {logging_mixin.py:151} INFO - #False
[2024-01-20T04:27:17.489+0000] {logging_mixin.py:151} INFO - #False
[2024-01-20T04:27:17.490+0000] {logging_mixin.py:151} INFO - #False
[2024-01-20T04:27:17.490+0000] {logging_mixin.py:151} INFO - #False
[2024-01-20T04:27:17.491+0000] {logging_mixin.py:151} INFO - #False
[2024-01-20T04:27:17.491+0000] {logging_mixin.py:151} INFO - #False
[2024-01-20T04:27:17.492+0000] {logging_mixin.py:151} INFO - #False
[2024-01-20T04:27:17.492+0000] {logging_mixin.py:151} INFO - #False
[2024-01-20T04:27:17.493+0000] {logging_mixin.py:151} INFO - #False
[2024-01-20T04:27:17.493+0000] {logging_mixin.py:151} INFO - #False
[2024-01-20T04:27:17.494+0000] {logging_mixin.py:151} INFO - #False
[2024-01-20T04:27:17.494+0000] {logging_mixin.py:151} INFO - #False
[2024-01-20T04:27:17.494+0000] {logging_mixin.py:151} INFO - #False
[2024-01-20T04:27:17.495+0000] {logging_mixin.py:151} INFO - #False
[2024-01-20T04:27:17.495+0000] {logging_mixin.py:151} INFO - #False
[2024-01-20T04:27:17.496+0000] {logging_mixin.py:151} INFO - #False
[2024-01-20T04:27:17.496+0000] {logging_mixin.py:151} INFO - #False
[2024-01-20T04:27:17.497+0000] {logging_mixin.py:151} INFO - #False
[2024-01-20T04:27:17.497+0000] {logging_mixin.py:151} INFO -  submission : 
[2024-01-20T04:27:17.991+0000] {logging_mixin.py:151} INFO - #False
[2024-01-20T04:27:17.992+0000] {logging_mixin.py:151} INFO - #False
[2024-01-20T04:27:17.992+0000] {logging_mixin.py:151} INFO - #False
[2024-01-20T04:27:17.992+0000] {logging_mixin.py:151} INFO - #False
[2024-01-20T04:27:17.993+0000] {logging_mixin.py:151} INFO - #False
[2024-01-20T04:27:17.993+0000] {logging_mixin.py:151} INFO - #False
[2024-01-20T04:27:17.993+0000] {logging_mixin.py:151} INFO - #False
[2024-01-20T04:27:17.994+0000] {logging_mixin.py:151} INFO - #False
[2024-01-20T04:27:17.994+0000] {logging_mixin.py:151} INFO - #False
[2024-01-20T04:27:17.994+0000] {logging_mixin.py:151} INFO - #False
[2024-01-20T04:27:17.994+0000] {logging_mixin.py:151} INFO - #False
[2024-01-20T04:27:17.995+0000] {logging_mixin.py:151} INFO - #False
[2024-01-20T04:27:17.995+0000] {logging_mixin.py:151} INFO - #False
[2024-01-20T04:27:17.995+0000] {logging_mixin.py:151} INFO - #False
[2024-01-20T04:27:17.995+0000] {logging_mixin.py:151} INFO - #False
[2024-01-20T04:27:17.996+0000] {logging_mixin.py:151} INFO - #False
[2024-01-20T04:27:17.996+0000] {logging_mixin.py:151} INFO - #False
[2024-01-20T04:27:17.996+0000] {logging_mixin.py:151} INFO - #False
[2024-01-20T04:27:17.996+0000] {logging_mixin.py:151} INFO - #False
[2024-01-20T04:27:17.997+0000] {logging_mixin.py:151} INFO - #False
[2024-01-20T04:27:17.997+0000] {logging_mixin.py:151} INFO - #False
[2024-01-20T04:27:17.997+0000] {logging_mixin.py:151} INFO - #False
[2024-01-20T04:27:17.997+0000] {logging_mixin.py:151} INFO - #False
[2024-01-20T04:27:17.997+0000] {logging_mixin.py:151} INFO - #False
[2024-01-20T04:27:17.998+0000] {logging_mixin.py:151} INFO - #False
[2024-01-20T04:27:17.998+0000] {logging_mixin.py:151} INFO - #False
[2024-01-20T04:27:17.998+0000] {logging_mixin.py:151} INFO - #False
[2024-01-20T04:27:17.998+0000] {logging_mixin.py:151} INFO - #False
[2024-01-20T04:27:17.999+0000] {logging_mixin.py:151} INFO - #False
[2024-01-20T04:27:17.999+0000] {logging_mixin.py:151} INFO - #False
[2024-01-20T04:27:17.999+0000] {logging_mixin.py:151} INFO -  submission : 
[2024-01-20T04:27:18.557+0000] {logging_mixin.py:151} INFO - #False
[2024-01-20T04:27:18.557+0000] {logging_mixin.py:151} INFO - #False
[2024-01-20T04:27:18.557+0000] {logging_mixin.py:151} INFO - #False
[2024-01-20T04:27:18.558+0000] {logging_mixin.py:151} INFO - #False
[2024-01-20T04:27:18.558+0000] {logging_mixin.py:151} INFO - #False
[2024-01-20T04:27:18.558+0000] {logging_mixin.py:151} INFO - #False
[2024-01-20T04:27:18.558+0000] {logging_mixin.py:151} INFO - #False
[2024-01-20T04:27:18.559+0000] {logging_mixin.py:151} INFO - #False
[2024-01-20T04:27:18.559+0000] {logging_mixin.py:151} INFO - #False
[2024-01-20T04:27:18.559+0000] {logging_mixin.py:151} INFO - #False
[2024-01-20T04:27:18.559+0000] {logging_mixin.py:151} INFO - #False
[2024-01-20T04:27:18.559+0000] {logging_mixin.py:151} INFO - #False
[2024-01-20T04:27:18.560+0000] {logging_mixin.py:151} INFO - #False
[2024-01-20T04:27:18.560+0000] {logging_mixin.py:151} INFO - #False
[2024-01-20T04:27:18.560+0000] {logging_mixin.py:151} INFO - #False
[2024-01-20T04:27:18.560+0000] {logging_mixin.py:151} INFO - #False
[2024-01-20T04:27:18.561+0000] {logging_mixin.py:151} INFO - #False
[2024-01-20T04:27:18.561+0000] {logging_mixin.py:151} INFO - #False
[2024-01-20T04:27:18.561+0000] {logging_mixin.py:151} INFO - #False
[2024-01-20T04:27:18.561+0000] {logging_mixin.py:151} INFO - #False
[2024-01-20T04:27:18.562+0000] {logging_mixin.py:151} INFO - #False
[2024-01-20T04:27:18.562+0000] {logging_mixin.py:151} INFO - #False
[2024-01-20T04:27:18.562+0000] {logging_mixin.py:151} INFO - #False
[2024-01-20T04:27:18.562+0000] {logging_mixin.py:151} INFO - #False
[2024-01-20T04:27:18.563+0000] {logging_mixin.py:151} INFO - #False
[2024-01-20T04:27:18.563+0000] {logging_mixin.py:151} INFO - #False
[2024-01-20T04:27:18.563+0000] {logging_mixin.py:151} INFO - #False
[2024-01-20T04:27:18.563+0000] {logging_mixin.py:151} INFO - #False
[2024-01-20T04:27:18.563+0000] {logging_mixin.py:151} INFO - #False
[2024-01-20T04:27:18.564+0000] {logging_mixin.py:151} INFO - #False
[2024-01-20T04:27:18.564+0000] {logging_mixin.py:151} INFO -  submission : 
[2024-01-20T04:27:19.048+0000] {logging_mixin.py:151} INFO - #False
[2024-01-20T04:27:19.048+0000] {logging_mixin.py:151} INFO - #False
[2024-01-20T04:27:19.048+0000] {logging_mixin.py:151} INFO - #False
[2024-01-20T04:27:19.049+0000] {logging_mixin.py:151} INFO - #False
[2024-01-20T04:27:19.049+0000] {logging_mixin.py:151} INFO - #False
[2024-01-20T04:27:19.049+0000] {logging_mixin.py:151} INFO - #False
[2024-01-20T04:27:19.050+0000] {logging_mixin.py:151} INFO - #False
[2024-01-20T04:27:19.050+0000] {logging_mixin.py:151} INFO - #False
[2024-01-20T04:27:19.051+0000] {logging_mixin.py:151} INFO - #False
[2024-01-20T04:27:19.053+0000] {logging_mixin.py:151} INFO - #False
[2024-01-20T04:27:19.053+0000] {logging_mixin.py:151} INFO - #False
[2024-01-20T04:27:19.053+0000] {logging_mixin.py:151} INFO - #False
[2024-01-20T04:27:19.054+0000] {logging_mixin.py:151} INFO - #False
[2024-01-20T04:27:19.054+0000] {logging_mixin.py:151} INFO - #False
[2024-01-20T04:27:19.054+0000] {logging_mixin.py:151} INFO - #False
[2024-01-20T04:27:19.054+0000] {logging_mixin.py:151} INFO - #False
[2024-01-20T04:27:19.054+0000] {logging_mixin.py:151} INFO - #False
[2024-01-20T04:27:19.055+0000] {logging_mixin.py:151} INFO - #False
[2024-01-20T04:27:19.055+0000] {logging_mixin.py:151} INFO - #False
[2024-01-20T04:27:19.055+0000] {logging_mixin.py:151} INFO - #False
[2024-01-20T04:27:19.055+0000] {logging_mixin.py:151} INFO - #False
[2024-01-20T04:27:19.055+0000] {logging_mixin.py:151} INFO - #False
[2024-01-20T04:27:19.056+0000] {logging_mixin.py:151} INFO - #False
[2024-01-20T04:27:19.056+0000] {logging_mixin.py:151} INFO - #False
[2024-01-20T04:27:19.056+0000] {logging_mixin.py:151} INFO - #False
[2024-01-20T04:27:19.056+0000] {logging_mixin.py:151} INFO - #False
[2024-01-20T04:27:19.056+0000] {logging_mixin.py:151} INFO - #False
[2024-01-20T04:27:19.057+0000] {logging_mixin.py:151} INFO - #False
[2024-01-20T04:27:19.057+0000] {logging_mixin.py:151} INFO - #False
[2024-01-20T04:27:19.057+0000] {logging_mixin.py:151} INFO - #False
[2024-01-20T04:27:19.057+0000] {logging_mixin.py:151} INFO -  submission : 
[2024-01-20T04:27:19.492+0000] {logging_mixin.py:151} INFO - #False
[2024-01-20T04:27:19.493+0000] {logging_mixin.py:151} INFO - #False
[2024-01-20T04:27:19.493+0000] {logging_mixin.py:151} INFO - #False
[2024-01-20T04:27:19.493+0000] {logging_mixin.py:151} INFO - #False
[2024-01-20T04:27:19.494+0000] {logging_mixin.py:151} INFO - #False
[2024-01-20T04:27:19.494+0000] {logging_mixin.py:151} INFO - #False
[2024-01-20T04:27:19.494+0000] {logging_mixin.py:151} INFO - #False
[2024-01-20T04:27:19.494+0000] {logging_mixin.py:151} INFO - #False
[2024-01-20T04:27:19.495+0000] {logging_mixin.py:151} INFO - #False
[2024-01-20T04:27:19.495+0000] {logging_mixin.py:151} INFO - #False
[2024-01-20T04:27:19.495+0000] {logging_mixin.py:151} INFO - #False
[2024-01-20T04:27:19.495+0000] {logging_mixin.py:151} INFO - #False
[2024-01-20T04:27:19.495+0000] {logging_mixin.py:151} INFO - #False
[2024-01-20T04:27:19.496+0000] {logging_mixin.py:151} INFO - #False
[2024-01-20T04:27:19.496+0000] {logging_mixin.py:151} INFO - #False
[2024-01-20T04:27:19.496+0000] {logging_mixin.py:151} INFO - #False
[2024-01-20T04:27:19.497+0000] {logging_mixin.py:151} INFO - #False
[2024-01-20T04:27:19.497+0000] {logging_mixin.py:151} INFO - #False
[2024-01-20T04:27:19.497+0000] {logging_mixin.py:151} INFO - #False
[2024-01-20T04:27:19.497+0000] {logging_mixin.py:151} INFO - #False
[2024-01-20T04:27:19.498+0000] {logging_mixin.py:151} INFO - #False
[2024-01-20T04:27:19.498+0000] {logging_mixin.py:151} INFO - #False
[2024-01-20T04:27:19.498+0000] {logging_mixin.py:151} INFO - #False
[2024-01-20T04:27:19.499+0000] {logging_mixin.py:151} INFO - #False
[2024-01-20T04:27:19.499+0000] {logging_mixin.py:151} INFO - #False
[2024-01-20T04:27:19.499+0000] {logging_mixin.py:151} INFO - #False
[2024-01-20T04:27:19.499+0000] {logging_mixin.py:151} INFO - #False
[2024-01-20T04:27:19.500+0000] {logging_mixin.py:151} INFO - #False
[2024-01-20T04:27:19.500+0000] {logging_mixin.py:151} INFO - #False
[2024-01-20T04:27:19.501+0000] {logging_mixin.py:151} INFO - #False
[2024-01-20T04:27:19.501+0000] {logging_mixin.py:151} INFO -  submission : 
[2024-01-20T04:27:19.947+0000] {logging_mixin.py:151} INFO - #False
[2024-01-20T04:27:19.947+0000] {logging_mixin.py:151} INFO - #False
[2024-01-20T04:27:19.947+0000] {logging_mixin.py:151} INFO - #False
[2024-01-20T04:27:19.948+0000] {logging_mixin.py:151} INFO - #False
[2024-01-20T04:27:19.948+0000] {logging_mixin.py:151} INFO - #False
[2024-01-20T04:27:19.948+0000] {logging_mixin.py:151} INFO - #False
[2024-01-20T04:27:19.948+0000] {logging_mixin.py:151} INFO - #False
[2024-01-20T04:27:19.948+0000] {logging_mixin.py:151} INFO - #False
[2024-01-20T04:27:19.949+0000] {logging_mixin.py:151} INFO - #False
[2024-01-20T04:27:19.949+0000] {logging_mixin.py:151} INFO - #False
[2024-01-20T04:27:19.949+0000] {logging_mixin.py:151} INFO - #False
[2024-01-20T04:27:19.949+0000] {logging_mixin.py:151} INFO - #False
[2024-01-20T04:27:19.949+0000] {logging_mixin.py:151} INFO - #False
[2024-01-20T04:27:19.950+0000] {logging_mixin.py:151} INFO - #False
[2024-01-20T04:27:19.950+0000] {logging_mixin.py:151} INFO - #False
[2024-01-20T04:27:19.950+0000] {logging_mixin.py:151} INFO - #False
[2024-01-20T04:27:19.950+0000] {logging_mixin.py:151} INFO - #False
[2024-01-20T04:27:19.951+0000] {logging_mixin.py:151} INFO - #False
[2024-01-20T04:27:19.951+0000] {logging_mixin.py:151} INFO - #False
[2024-01-20T04:27:19.951+0000] {logging_mixin.py:151} INFO - #False
[2024-01-20T04:27:19.951+0000] {logging_mixin.py:151} INFO - #False
[2024-01-20T04:27:19.951+0000] {logging_mixin.py:151} INFO - #False
[2024-01-20T04:27:19.951+0000] {logging_mixin.py:151} INFO - #False
[2024-01-20T04:27:19.952+0000] {logging_mixin.py:151} INFO - #False
[2024-01-20T04:27:19.952+0000] {logging_mixin.py:151} INFO - #False
[2024-01-20T04:27:19.952+0000] {logging_mixin.py:151} INFO - #False
[2024-01-20T04:27:19.952+0000] {logging_mixin.py:151} INFO - #False
[2024-01-20T04:27:19.953+0000] {logging_mixin.py:151} INFO - #False
[2024-01-20T04:27:19.953+0000] {logging_mixin.py:151} INFO - #False
[2024-01-20T04:27:19.953+0000] {logging_mixin.py:151} INFO - #False
[2024-01-20T04:27:19.954+0000] {logging_mixin.py:151} INFO -  submission : 
[2024-01-20T04:27:20.699+0000] {logging_mixin.py:151} INFO - #False
[2024-01-20T04:27:20.700+0000] {logging_mixin.py:151} INFO - #False
[2024-01-20T04:27:20.700+0000] {logging_mixin.py:151} INFO - #False
[2024-01-20T04:27:20.700+0000] {logging_mixin.py:151} INFO - #False
[2024-01-20T04:27:20.701+0000] {logging_mixin.py:151} INFO - #False
[2024-01-20T04:27:20.701+0000] {logging_mixin.py:151} INFO - #False
[2024-01-20T04:27:20.701+0000] {logging_mixin.py:151} INFO - #False
[2024-01-20T04:27:20.702+0000] {logging_mixin.py:151} INFO - #False
[2024-01-20T04:27:20.702+0000] {logging_mixin.py:151} INFO - #False
[2024-01-20T04:27:20.702+0000] {logging_mixin.py:151} INFO - #False
[2024-01-20T04:27:20.702+0000] {logging_mixin.py:151} INFO - #False
[2024-01-20T04:27:20.702+0000] {logging_mixin.py:151} INFO - #False
[2024-01-20T04:27:20.703+0000] {logging_mixin.py:151} INFO - #False
[2024-01-20T04:27:20.703+0000] {logging_mixin.py:151} INFO - #False
[2024-01-20T04:27:20.703+0000] {logging_mixin.py:151} INFO - #False
[2024-01-20T04:27:20.703+0000] {logging_mixin.py:151} INFO - #False
[2024-01-20T04:27:20.703+0000] {logging_mixin.py:151} INFO - #False
[2024-01-20T04:27:20.704+0000] {logging_mixin.py:151} INFO - #False
[2024-01-20T04:27:20.704+0000] {logging_mixin.py:151} INFO - #False
[2024-01-20T04:27:20.704+0000] {logging_mixin.py:151} INFO - #False
[2024-01-20T04:27:20.704+0000] {logging_mixin.py:151} INFO - #False
[2024-01-20T04:27:20.704+0000] {logging_mixin.py:151} INFO - #False
[2024-01-20T04:27:20.705+0000] {logging_mixin.py:151} INFO - #False
[2024-01-20T04:27:20.705+0000] {logging_mixin.py:151} INFO - #False
[2024-01-20T04:27:20.705+0000] {logging_mixin.py:151} INFO - #False
[2024-01-20T04:27:20.705+0000] {logging_mixin.py:151} INFO - #False
[2024-01-20T04:27:20.705+0000] {logging_mixin.py:151} INFO - #False
[2024-01-20T04:27:20.706+0000] {logging_mixin.py:151} INFO - #False
[2024-01-20T04:27:20.706+0000] {logging_mixin.py:151} INFO - #False
[2024-01-20T04:27:20.706+0000] {logging_mixin.py:151} INFO - #False
[2024-01-20T04:27:20.707+0000] {logging_mixin.py:151} INFO -  submission : 
[2024-01-20T04:27:21.183+0000] {logging_mixin.py:151} INFO - #False
[2024-01-20T04:27:21.184+0000] {logging_mixin.py:151} INFO - #False
[2024-01-20T04:27:21.185+0000] {logging_mixin.py:151} INFO - #False
[2024-01-20T04:27:21.185+0000] {logging_mixin.py:151} INFO - #False
[2024-01-20T04:27:21.186+0000] {logging_mixin.py:151} INFO - #False
[2024-01-20T04:27:21.186+0000] {logging_mixin.py:151} INFO - #False
[2024-01-20T04:27:21.186+0000] {logging_mixin.py:151} INFO - #False
[2024-01-20T04:27:21.186+0000] {logging_mixin.py:151} INFO - #False
[2024-01-20T04:27:21.187+0000] {logging_mixin.py:151} INFO - #False
[2024-01-20T04:27:21.187+0000] {logging_mixin.py:151} INFO - #False
[2024-01-20T04:27:21.187+0000] {logging_mixin.py:151} INFO - #False
[2024-01-20T04:27:21.188+0000] {logging_mixin.py:151} INFO - #False
[2024-01-20T04:27:21.188+0000] {logging_mixin.py:151} INFO - #False
[2024-01-20T04:27:21.188+0000] {logging_mixin.py:151} INFO - #False
[2024-01-20T04:27:21.188+0000] {logging_mixin.py:151} INFO - #False
[2024-01-20T04:27:21.189+0000] {logging_mixin.py:151} INFO - #False
[2024-01-20T04:27:21.189+0000] {logging_mixin.py:151} INFO - #False
[2024-01-20T04:27:21.189+0000] {logging_mixin.py:151} INFO - #False
[2024-01-20T04:27:21.189+0000] {logging_mixin.py:151} INFO - #False
[2024-01-20T04:27:21.189+0000] {logging_mixin.py:151} INFO - #False
[2024-01-20T04:27:21.190+0000] {logging_mixin.py:151} INFO - #False
[2024-01-20T04:27:21.190+0000] {logging_mixin.py:151} INFO - #False
[2024-01-20T04:27:21.190+0000] {logging_mixin.py:151} INFO - #False
[2024-01-20T04:27:21.190+0000] {logging_mixin.py:151} INFO - #False
[2024-01-20T04:27:21.191+0000] {logging_mixin.py:151} INFO - #False
[2024-01-20T04:27:21.191+0000] {logging_mixin.py:151} INFO - #False
[2024-01-20T04:27:21.191+0000] {logging_mixin.py:151} INFO - #False
[2024-01-20T04:27:21.191+0000] {logging_mixin.py:151} INFO - #False
[2024-01-20T04:27:21.191+0000] {logging_mixin.py:151} INFO - #False
[2024-01-20T04:27:21.192+0000] {logging_mixin.py:151} INFO - #False
[2024-01-20T04:27:21.192+0000] {python.py:194} INFO - Done. Returned value was: None
[2024-01-20T04:27:21.199+0000] {taskinstance.py:1400} INFO - Marking task as SUCCESS. dag_id=Kafka_Producer_1, task_id=Reddit, execution_date=20240120T042614, start_date=20240120T042716, end_date=20240120T042721
[2024-01-20T04:27:21.216+0000] {local_task_job_runner.py:228} INFO - Task exited with return code 0
[2024-01-20T04:27:21.232+0000] {taskinstance.py:2784} INFO - 0 downstream tasks scheduled from follow-on schedule check
