[2024-01-20T05:56:24.642+0000] {taskinstance.py:1159} INFO - Dependencies all met for dep_context=non-requeueable deps ti=<TaskInstance: Kafka_Producer_1.Reddit scheduled__2024-01-20T05:55:19.689806+00:00 [queued]>
[2024-01-20T05:56:24.648+0000] {taskinstance.py:1159} INFO - Dependencies all met for dep_context=requeueable deps ti=<TaskInstance: Kafka_Producer_1.Reddit scheduled__2024-01-20T05:55:19.689806+00:00 [queued]>
[2024-01-20T05:56:24.648+0000] {taskinstance.py:1361} INFO - Starting attempt 1 of 1
[2024-01-20T05:56:24.658+0000] {taskinstance.py:1382} INFO - Executing <Task(PythonOperator): Reddit> on 2024-01-20 05:55:19.689806+00:00
[2024-01-20T05:56:24.661+0000] {standard_task_runner.py:57} INFO - Started process 14162 to run task
[2024-01-20T05:56:24.663+0000] {standard_task_runner.py:84} INFO - Running: ['***', 'tasks', 'run', 'Kafka_Producer_1', 'Reddit', 'scheduled__2024-01-20T05:55:19.689806+00:00', '--job-id', '751', '--raw', '--subdir', 'DAGS_FOLDER/kafka_stream.py', '--cfg-path', '/tmp/tmp15hy7b0q']
[2024-01-20T05:56:24.665+0000] {standard_task_runner.py:85} INFO - Job 751: Subtask Reddit
[2024-01-20T05:56:24.705+0000] {task_command.py:415} INFO - Running <TaskInstance: Kafka_Producer_1.Reddit scheduled__2024-01-20T05:55:19.689806+00:00 [running]> on host 45c5bfab8aa1
[2024-01-20T05:56:24.774+0000] {taskinstance.py:1660} INFO - Exporting env vars: AIRFLOW_CTX_DAG_OWNER='me' AIRFLOW_CTX_DAG_ID='Kafka_Producer_1' AIRFLOW_CTX_TASK_ID='Reddit' AIRFLOW_CTX_EXECUTION_DATE='2024-01-20T05:55:19.689806+00:00' AIRFLOW_CTX_TRY_NUMBER='1' AIRFLOW_CTX_DAG_RUN_ID='scheduled__2024-01-20T05:55:19.689806+00:00'
[2024-01-20T05:56:24.808+0000] {logging_mixin.py:151} INFO -  submission : 
[2024-01-20T05:56:25.647+0000] {logging_mixin.py:151} INFO - @True
[2024-01-20T05:56:25.707+0000] {conn.py:380} INFO - <BrokerConnection node_id=bootstrap-0 host=broker:29092 <connecting> [IPv4 ('172.19.0.8', 29092)]>: connecting to broker:29092 [('172.19.0.8', 29092) IPv4]
[2024-01-20T05:56:25.708+0000] {conn.py:1205} INFO - Probing node bootstrap-0 broker version
[2024-01-20T05:56:25.708+0000] {conn.py:410} INFO - <BrokerConnection node_id=bootstrap-0 host=broker:29092 <connecting> [IPv4 ('172.19.0.8', 29092)]>: Connection complete.
[2024-01-20T05:56:25.811+0000] {conn.py:1267} INFO - Broker version identified as 2.5.0
[2024-01-20T05:56:25.811+0000] {conn.py:1268} INFO - Set configuration api_version=(2, 5, 0) to skip auto check_version requests on startup
[2024-01-20T05:56:25.815+0000] {logging_mixin.py:151} INFO - #False
[2024-01-20T05:56:25.816+0000] {logging_mixin.py:151} INFO - #False
[2024-01-20T05:56:25.816+0000] {conn.py:380} INFO - <BrokerConnection node_id=1 host=broker:29092 <connecting> [IPv4 ('172.19.0.8', 29092)]>: connecting to broker:29092 [('172.19.0.8', 29092) IPv4]
[2024-01-20T05:56:25.816+0000] {logging_mixin.py:151} INFO - #False
[2024-01-20T05:56:25.817+0000] {conn.py:410} INFO - <BrokerConnection node_id=1 host=broker:29092 <connecting> [IPv4 ('172.19.0.8', 29092)]>: Connection complete.
[2024-01-20T05:56:25.817+0000] {logging_mixin.py:151} INFO - #False
[2024-01-20T05:56:25.817+0000] {conn.py:919} INFO - <BrokerConnection node_id=bootstrap-0 host=broker:29092 <connected> [IPv4 ('172.19.0.8', 29092)]>: Closing connection. 
[2024-01-20T05:56:25.817+0000] {logging_mixin.py:151} INFO - #False
[2024-01-20T05:56:25.819+0000] {logging_mixin.py:151} INFO - #False
[2024-01-20T05:56:25.819+0000] {logging_mixin.py:151} INFO - #False
[2024-01-20T05:56:25.819+0000] {logging_mixin.py:151} INFO - #False
[2024-01-20T05:56:25.820+0000] {logging_mixin.py:151} INFO - #False
[2024-01-20T05:56:25.820+0000] {logging_mixin.py:151} INFO - #False
[2024-01-20T05:56:25.820+0000] {logging_mixin.py:151} INFO - #False
[2024-01-20T05:56:25.820+0000] {logging_mixin.py:151} INFO - #False
[2024-01-20T05:56:25.820+0000] {logging_mixin.py:151} INFO - #False
[2024-01-20T05:56:25.821+0000] {logging_mixin.py:151} INFO - #False
[2024-01-20T05:56:25.821+0000] {logging_mixin.py:151} INFO - #False
[2024-01-20T05:56:25.821+0000] {logging_mixin.py:151} INFO - #False
[2024-01-20T05:56:25.821+0000] {logging_mixin.py:151} INFO - #False
[2024-01-20T05:56:25.821+0000] {logging_mixin.py:151} INFO - #False
[2024-01-20T05:56:25.822+0000] {logging_mixin.py:151} INFO - #False
[2024-01-20T05:56:25.822+0000] {logging_mixin.py:151} INFO - #False
[2024-01-20T05:56:25.822+0000] {logging_mixin.py:151} INFO - #False
[2024-01-20T05:56:25.822+0000] {logging_mixin.py:151} INFO - #False
[2024-01-20T05:56:25.822+0000] {logging_mixin.py:151} INFO - #False
[2024-01-20T05:56:25.823+0000] {logging_mixin.py:151} INFO - #False
[2024-01-20T05:56:25.823+0000] {logging_mixin.py:151} INFO - #False
[2024-01-20T05:56:25.823+0000] {logging_mixin.py:151} INFO - #False
[2024-01-20T05:56:25.823+0000] {logging_mixin.py:151} INFO - #False
[2024-01-20T05:56:25.823+0000] {logging_mixin.py:151} INFO - #False
[2024-01-20T05:56:25.824+0000] {logging_mixin.py:151} INFO - #False
[2024-01-20T05:56:25.824+0000] {logging_mixin.py:151} INFO -  submission : 
[2024-01-20T05:56:26.362+0000] {logging_mixin.py:151} INFO - #False
[2024-01-20T05:56:26.362+0000] {logging_mixin.py:151} INFO - #False
[2024-01-20T05:56:26.362+0000] {logging_mixin.py:151} INFO - #False
[2024-01-20T05:56:26.363+0000] {logging_mixin.py:151} INFO - #False
[2024-01-20T05:56:26.363+0000] {logging_mixin.py:151} INFO - #False
[2024-01-20T05:56:26.364+0000] {logging_mixin.py:151} INFO - #False
[2024-01-20T05:56:26.364+0000] {logging_mixin.py:151} INFO - #False
[2024-01-20T05:56:26.364+0000] {logging_mixin.py:151} INFO - #False
[2024-01-20T05:56:26.364+0000] {logging_mixin.py:151} INFO - #False
[2024-01-20T05:56:26.365+0000] {logging_mixin.py:151} INFO - #False
[2024-01-20T05:56:26.365+0000] {logging_mixin.py:151} INFO - #False
[2024-01-20T05:56:26.365+0000] {logging_mixin.py:151} INFO - #False
[2024-01-20T05:56:26.365+0000] {logging_mixin.py:151} INFO - #False
[2024-01-20T05:56:26.366+0000] {logging_mixin.py:151} INFO - #False
[2024-01-20T05:56:26.366+0000] {logging_mixin.py:151} INFO - #False
[2024-01-20T05:56:26.366+0000] {logging_mixin.py:151} INFO - #False
[2024-01-20T05:56:26.367+0000] {logging_mixin.py:151} INFO - #False
[2024-01-20T05:56:26.367+0000] {logging_mixin.py:151} INFO - #False
[2024-01-20T05:56:26.367+0000] {logging_mixin.py:151} INFO - #False
[2024-01-20T05:56:26.367+0000] {logging_mixin.py:151} INFO - #False
[2024-01-20T05:56:26.368+0000] {logging_mixin.py:151} INFO - #False
[2024-01-20T05:56:26.368+0000] {logging_mixin.py:151} INFO - #False
[2024-01-20T05:56:26.368+0000] {logging_mixin.py:151} INFO - #False
[2024-01-20T05:56:26.368+0000] {logging_mixin.py:151} INFO - #False
[2024-01-20T05:56:26.369+0000] {logging_mixin.py:151} INFO - #False
[2024-01-20T05:56:26.369+0000] {logging_mixin.py:151} INFO - #False
[2024-01-20T05:56:26.369+0000] {logging_mixin.py:151} INFO - #False
[2024-01-20T05:56:26.369+0000] {logging_mixin.py:151} INFO - #False
[2024-01-20T05:56:26.369+0000] {logging_mixin.py:151} INFO - #False
[2024-01-20T05:56:26.370+0000] {logging_mixin.py:151} INFO - #False
[2024-01-20T05:56:26.370+0000] {logging_mixin.py:151} INFO -  submission : 
[2024-01-20T05:56:26.984+0000] {logging_mixin.py:151} INFO - #False
[2024-01-20T05:56:26.984+0000] {logging_mixin.py:151} INFO - #False
[2024-01-20T05:56:26.984+0000] {logging_mixin.py:151} INFO - #False
[2024-01-20T05:56:26.985+0000] {logging_mixin.py:151} INFO - #False
[2024-01-20T05:56:26.985+0000] {logging_mixin.py:151} INFO - #False
[2024-01-20T05:56:26.985+0000] {logging_mixin.py:151} INFO - #False
[2024-01-20T05:56:26.985+0000] {logging_mixin.py:151} INFO - #False
[2024-01-20T05:56:26.986+0000] {logging_mixin.py:151} INFO - #False
[2024-01-20T05:56:26.986+0000] {logging_mixin.py:151} INFO - #False
[2024-01-20T05:56:26.986+0000] {logging_mixin.py:151} INFO - #False
[2024-01-20T05:56:26.986+0000] {logging_mixin.py:151} INFO - #False
[2024-01-20T05:56:26.987+0000] {logging_mixin.py:151} INFO - #False
[2024-01-20T05:56:26.987+0000] {logging_mixin.py:151} INFO - #False
[2024-01-20T05:56:26.987+0000] {logging_mixin.py:151} INFO - #False
[2024-01-20T05:56:26.987+0000] {logging_mixin.py:151} INFO - #False
[2024-01-20T05:56:26.988+0000] {logging_mixin.py:151} INFO - #False
[2024-01-20T05:56:26.988+0000] {logging_mixin.py:151} INFO - #False
[2024-01-20T05:56:26.988+0000] {logging_mixin.py:151} INFO - #False
[2024-01-20T05:56:26.988+0000] {logging_mixin.py:151} INFO - #False
[2024-01-20T05:56:26.989+0000] {logging_mixin.py:151} INFO - #False
[2024-01-20T05:56:26.989+0000] {logging_mixin.py:151} INFO - #False
[2024-01-20T05:56:26.989+0000] {logging_mixin.py:151} INFO - #False
[2024-01-20T05:56:26.989+0000] {logging_mixin.py:151} INFO - #False
[2024-01-20T05:56:26.989+0000] {logging_mixin.py:151} INFO - #False
[2024-01-20T05:56:26.990+0000] {logging_mixin.py:151} INFO - #False
[2024-01-20T05:56:26.990+0000] {logging_mixin.py:151} INFO - #False
[2024-01-20T05:56:26.990+0000] {logging_mixin.py:151} INFO - #False
[2024-01-20T05:56:26.990+0000] {logging_mixin.py:151} INFO - #False
[2024-01-20T05:56:26.991+0000] {logging_mixin.py:151} INFO - #False
[2024-01-20T05:56:26.991+0000] {logging_mixin.py:151} INFO - #False
[2024-01-20T05:56:26.991+0000] {logging_mixin.py:151} INFO -  submission : 
[2024-01-20T05:56:27.345+0000] {logging_mixin.py:151} INFO - #False
[2024-01-20T05:56:27.346+0000] {logging_mixin.py:151} INFO - #False
[2024-01-20T05:56:27.346+0000] {logging_mixin.py:151} INFO - #False
[2024-01-20T05:56:27.346+0000] {logging_mixin.py:151} INFO - #False
[2024-01-20T05:56:27.347+0000] {logging_mixin.py:151} INFO - #False
[2024-01-20T05:56:27.347+0000] {logging_mixin.py:151} INFO - #False
[2024-01-20T05:56:27.347+0000] {logging_mixin.py:151} INFO - #False
[2024-01-20T05:56:27.347+0000] {logging_mixin.py:151} INFO - #False
[2024-01-20T05:56:27.348+0000] {logging_mixin.py:151} INFO - #False
[2024-01-20T05:56:27.348+0000] {logging_mixin.py:151} INFO - #False
[2024-01-20T05:56:27.348+0000] {logging_mixin.py:151} INFO - #False
[2024-01-20T05:56:27.348+0000] {logging_mixin.py:151} INFO - #False
[2024-01-20T05:56:27.349+0000] {logging_mixin.py:151} INFO - #False
[2024-01-20T05:56:27.349+0000] {logging_mixin.py:151} INFO - #False
[2024-01-20T05:56:27.349+0000] {logging_mixin.py:151} INFO - #False
[2024-01-20T05:56:27.349+0000] {logging_mixin.py:151} INFO - #False
[2024-01-20T05:56:27.349+0000] {logging_mixin.py:151} INFO - #False
[2024-01-20T05:56:27.350+0000] {logging_mixin.py:151} INFO - #False
[2024-01-20T05:56:27.350+0000] {logging_mixin.py:151} INFO - #False
[2024-01-20T05:56:27.350+0000] {logging_mixin.py:151} INFO - #False
[2024-01-20T05:56:27.350+0000] {logging_mixin.py:151} INFO - #False
[2024-01-20T05:56:27.351+0000] {logging_mixin.py:151} INFO - #False
[2024-01-20T05:56:27.351+0000] {logging_mixin.py:151} INFO - #False
[2024-01-20T05:56:27.351+0000] {logging_mixin.py:151} INFO - #False
[2024-01-20T05:56:27.351+0000] {logging_mixin.py:151} INFO - #False
[2024-01-20T05:56:27.351+0000] {logging_mixin.py:151} INFO - #False
[2024-01-20T05:56:27.352+0000] {logging_mixin.py:151} INFO - #False
[2024-01-20T05:56:27.352+0000] {logging_mixin.py:151} INFO - #False
[2024-01-20T05:56:27.352+0000] {logging_mixin.py:151} INFO - #False
[2024-01-20T05:56:27.353+0000] {logging_mixin.py:151} INFO - #False
[2024-01-20T05:56:27.353+0000] {logging_mixin.py:151} INFO -  submission : 
[2024-01-20T05:56:28.113+0000] {logging_mixin.py:151} INFO - #False
[2024-01-20T05:56:28.113+0000] {logging_mixin.py:151} INFO - #False
[2024-01-20T05:56:28.114+0000] {logging_mixin.py:151} INFO - #False
[2024-01-20T05:56:28.114+0000] {logging_mixin.py:151} INFO - #False
[2024-01-20T05:56:28.114+0000] {logging_mixin.py:151} INFO - #False
[2024-01-20T05:56:28.115+0000] {logging_mixin.py:151} INFO - #False
[2024-01-20T05:56:28.115+0000] {logging_mixin.py:151} INFO - #False
[2024-01-20T05:56:28.115+0000] {logging_mixin.py:151} INFO - #False
[2024-01-20T05:56:28.115+0000] {logging_mixin.py:151} INFO - #False
[2024-01-20T05:56:28.115+0000] {logging_mixin.py:151} INFO - #False
[2024-01-20T05:56:28.116+0000] {logging_mixin.py:151} INFO - #False
[2024-01-20T05:56:28.116+0000] {logging_mixin.py:151} INFO - #False
[2024-01-20T05:56:28.116+0000] {logging_mixin.py:151} INFO - #False
[2024-01-20T05:56:28.116+0000] {logging_mixin.py:151} INFO - #False
[2024-01-20T05:56:28.117+0000] {logging_mixin.py:151} INFO - #False
[2024-01-20T05:56:28.117+0000] {logging_mixin.py:151} INFO - #False
[2024-01-20T05:56:28.117+0000] {logging_mixin.py:151} INFO - #False
[2024-01-20T05:56:28.117+0000] {logging_mixin.py:151} INFO - #False
[2024-01-20T05:56:28.117+0000] {logging_mixin.py:151} INFO - #False
[2024-01-20T05:56:28.118+0000] {logging_mixin.py:151} INFO - #False
[2024-01-20T05:56:28.118+0000] {logging_mixin.py:151} INFO - #False
[2024-01-20T05:56:28.118+0000] {logging_mixin.py:151} INFO - #False
[2024-01-20T05:56:28.118+0000] {logging_mixin.py:151} INFO - #False
[2024-01-20T05:56:28.119+0000] {logging_mixin.py:151} INFO - #False
[2024-01-20T05:56:28.119+0000] {logging_mixin.py:151} INFO - #False
[2024-01-20T05:56:28.119+0000] {logging_mixin.py:151} INFO - #False
[2024-01-20T05:56:28.119+0000] {logging_mixin.py:151} INFO - #False
[2024-01-20T05:56:28.119+0000] {logging_mixin.py:151} INFO - #False
[2024-01-20T05:56:28.120+0000] {logging_mixin.py:151} INFO - #False
[2024-01-20T05:56:28.120+0000] {logging_mixin.py:151} INFO - #False
[2024-01-20T05:56:28.120+0000] {logging_mixin.py:151} INFO -  submission : 
[2024-01-20T05:56:28.667+0000] {logging_mixin.py:151} INFO - #False
[2024-01-20T05:56:28.667+0000] {logging_mixin.py:151} INFO - #False
[2024-01-20T05:56:28.668+0000] {logging_mixin.py:151} INFO - #False
[2024-01-20T05:56:28.669+0000] {logging_mixin.py:151} INFO - #False
[2024-01-20T05:56:28.670+0000] {logging_mixin.py:151} INFO - #False
[2024-01-20T05:56:28.670+0000] {logging_mixin.py:151} INFO - #False
[2024-01-20T05:56:28.670+0000] {logging_mixin.py:151} INFO - #False
[2024-01-20T05:56:28.671+0000] {logging_mixin.py:151} INFO - #False
[2024-01-20T05:56:28.671+0000] {logging_mixin.py:151} INFO - #False
[2024-01-20T05:56:28.672+0000] {logging_mixin.py:151} INFO - #False
[2024-01-20T05:56:28.672+0000] {logging_mixin.py:151} INFO - #False
[2024-01-20T05:56:28.672+0000] {logging_mixin.py:151} INFO - #False
[2024-01-20T05:56:28.672+0000] {logging_mixin.py:151} INFO - #False
[2024-01-20T05:56:28.673+0000] {logging_mixin.py:151} INFO - #False
[2024-01-20T05:56:28.673+0000] {logging_mixin.py:151} INFO - #False
[2024-01-20T05:56:28.673+0000] {logging_mixin.py:151} INFO - #False
[2024-01-20T05:56:28.673+0000] {logging_mixin.py:151} INFO - #False
[2024-01-20T05:56:28.673+0000] {logging_mixin.py:151} INFO - #False
[2024-01-20T05:56:28.674+0000] {logging_mixin.py:151} INFO - #False
[2024-01-20T05:56:28.674+0000] {logging_mixin.py:151} INFO - #False
[2024-01-20T05:56:28.674+0000] {logging_mixin.py:151} INFO - #False
[2024-01-20T05:56:28.674+0000] {logging_mixin.py:151} INFO - #False
[2024-01-20T05:56:28.674+0000] {logging_mixin.py:151} INFO - #False
[2024-01-20T05:56:28.675+0000] {logging_mixin.py:151} INFO - #False
[2024-01-20T05:56:28.675+0000] {logging_mixin.py:151} INFO - #False
[2024-01-20T05:56:28.675+0000] {logging_mixin.py:151} INFO - #False
[2024-01-20T05:56:28.675+0000] {logging_mixin.py:151} INFO - #False
[2024-01-20T05:56:28.676+0000] {logging_mixin.py:151} INFO - #False
[2024-01-20T05:56:28.676+0000] {logging_mixin.py:151} INFO - #False
[2024-01-20T05:56:28.676+0000] {logging_mixin.py:151} INFO - #False
[2024-01-20T05:56:28.676+0000] {logging_mixin.py:151} INFO -  submission : 
[2024-01-20T05:56:29.280+0000] {logging_mixin.py:151} INFO - #False
[2024-01-20T05:56:29.280+0000] {logging_mixin.py:151} INFO - #False
[2024-01-20T05:56:29.281+0000] {logging_mixin.py:151} INFO - #False
[2024-01-20T05:56:29.281+0000] {logging_mixin.py:151} INFO - #False
[2024-01-20T05:56:29.281+0000] {logging_mixin.py:151} INFO - #False
[2024-01-20T05:56:29.281+0000] {logging_mixin.py:151} INFO - #False
[2024-01-20T05:56:29.282+0000] {logging_mixin.py:151} INFO - #False
[2024-01-20T05:56:29.282+0000] {logging_mixin.py:151} INFO - #False
[2024-01-20T05:56:29.282+0000] {logging_mixin.py:151} INFO - #False
[2024-01-20T05:56:29.282+0000] {logging_mixin.py:151} INFO - #False
[2024-01-20T05:56:29.282+0000] {logging_mixin.py:151} INFO - #False
[2024-01-20T05:56:29.283+0000] {logging_mixin.py:151} INFO - #False
[2024-01-20T05:56:29.283+0000] {logging_mixin.py:151} INFO - #False
[2024-01-20T05:56:29.283+0000] {logging_mixin.py:151} INFO - #False
[2024-01-20T05:56:29.283+0000] {logging_mixin.py:151} INFO - #False
[2024-01-20T05:56:29.284+0000] {logging_mixin.py:151} INFO - #False
[2024-01-20T05:56:29.284+0000] {logging_mixin.py:151} INFO - #False
[2024-01-20T05:56:29.284+0000] {logging_mixin.py:151} INFO - #False
[2024-01-20T05:56:29.284+0000] {logging_mixin.py:151} INFO - #False
[2024-01-20T05:56:29.285+0000] {logging_mixin.py:151} INFO - #False
[2024-01-20T05:56:29.285+0000] {logging_mixin.py:151} INFO - #False
[2024-01-20T05:56:29.285+0000] {logging_mixin.py:151} INFO - #False
[2024-01-20T05:56:29.285+0000] {logging_mixin.py:151} INFO - #False
[2024-01-20T05:56:29.286+0000] {logging_mixin.py:151} INFO - #False
[2024-01-20T05:56:29.286+0000] {logging_mixin.py:151} INFO - #False
[2024-01-20T05:56:29.286+0000] {logging_mixin.py:151} INFO - #False
[2024-01-20T05:56:29.286+0000] {logging_mixin.py:151} INFO - #False
[2024-01-20T05:56:29.286+0000] {logging_mixin.py:151} INFO - #False
[2024-01-20T05:56:29.287+0000] {logging_mixin.py:151} INFO - #False
[2024-01-20T05:56:29.287+0000] {logging_mixin.py:151} INFO - #False
[2024-01-20T05:56:29.287+0000] {logging_mixin.py:151} INFO -  submission : 
[2024-01-20T05:56:29.837+0000] {logging_mixin.py:151} INFO - #False
[2024-01-20T05:56:29.838+0000] {logging_mixin.py:151} INFO - #False
[2024-01-20T05:56:29.838+0000] {logging_mixin.py:151} INFO - #False
[2024-01-20T05:56:29.838+0000] {logging_mixin.py:151} INFO - #False
[2024-01-20T05:56:29.839+0000] {logging_mixin.py:151} INFO - #False
[2024-01-20T05:56:29.839+0000] {logging_mixin.py:151} INFO - #False
[2024-01-20T05:56:29.839+0000] {logging_mixin.py:151} INFO - #False
[2024-01-20T05:56:29.839+0000] {logging_mixin.py:151} INFO - #False
[2024-01-20T05:56:29.839+0000] {logging_mixin.py:151} INFO - #False
[2024-01-20T05:56:29.839+0000] {logging_mixin.py:151} INFO - #False
[2024-01-20T05:56:29.840+0000] {logging_mixin.py:151} INFO - #False
[2024-01-20T05:56:29.840+0000] {logging_mixin.py:151} INFO - #False
[2024-01-20T05:56:29.840+0000] {logging_mixin.py:151} INFO - #False
[2024-01-20T05:56:29.841+0000] {logging_mixin.py:151} INFO - #False
[2024-01-20T05:56:29.842+0000] {logging_mixin.py:151} INFO - #False
[2024-01-20T05:56:29.842+0000] {logging_mixin.py:151} INFO - #False
[2024-01-20T05:56:29.842+0000] {logging_mixin.py:151} INFO - #False
[2024-01-20T05:56:29.842+0000] {logging_mixin.py:151} INFO - #False
[2024-01-20T05:56:29.843+0000] {logging_mixin.py:151} INFO - #False
[2024-01-20T05:56:29.843+0000] {logging_mixin.py:151} INFO - #False
[2024-01-20T05:56:29.843+0000] {logging_mixin.py:151} INFO - #False
[2024-01-20T05:56:29.844+0000] {logging_mixin.py:151} INFO - #False
[2024-01-20T05:56:29.844+0000] {logging_mixin.py:151} INFO - #False
[2024-01-20T05:56:29.844+0000] {logging_mixin.py:151} INFO - #False
[2024-01-20T05:56:29.844+0000] {logging_mixin.py:151} INFO - #False
[2024-01-20T05:56:29.845+0000] {logging_mixin.py:151} INFO - #False
[2024-01-20T05:56:29.845+0000] {logging_mixin.py:151} INFO - #False
[2024-01-20T05:56:29.845+0000] {logging_mixin.py:151} INFO - #False
[2024-01-20T05:56:29.845+0000] {logging_mixin.py:151} INFO - #False
[2024-01-20T05:56:29.846+0000] {logging_mixin.py:151} INFO - #False
[2024-01-20T05:56:29.846+0000] {conn.py:919} INFO - <BrokerConnection node_id=1 host=broker:29092 <connected> [IPv4 ('172.19.0.8', 29092)]>: Closing connection. 
[2024-01-20T05:56:29.847+0000] {python.py:194} INFO - Done. Returned value was: None
[2024-01-20T05:56:29.854+0000] {taskinstance.py:1400} INFO - Marking task as SUCCESS. dag_id=Kafka_Producer_1, task_id=Reddit, execution_date=20240120T055519, start_date=20240120T055624, end_date=20240120T055629
[2024-01-20T05:56:29.884+0000] {local_task_job_runner.py:228} INFO - Task exited with return code 0
[2024-01-20T05:56:29.897+0000] {taskinstance.py:2784} INFO - 0 downstream tasks scheduled from follow-on schedule check
