[2024-01-17T21:58:54.254+0000] {taskinstance.py:1159} INFO - Dependencies all met for dep_context=non-requeueable deps ti=<TaskInstance: Stream_Data_5.Reddit scheduled__2024-01-17T21:57:38.401072+00:00 [queued]>
[2024-01-17T21:58:54.260+0000] {taskinstance.py:1159} INFO - Dependencies all met for dep_context=requeueable deps ti=<TaskInstance: Stream_Data_5.Reddit scheduled__2024-01-17T21:57:38.401072+00:00 [queued]>
[2024-01-17T21:58:54.260+0000] {taskinstance.py:1361} INFO - Starting attempt 1 of 1
[2024-01-17T21:58:54.270+0000] {taskinstance.py:1382} INFO - Executing <Task(PythonOperator): Reddit> on 2024-01-17 21:57:38.401072+00:00
[2024-01-17T21:58:54.273+0000] {standard_task_runner.py:57} INFO - Started process 4585 to run task
[2024-01-17T21:58:54.275+0000] {standard_task_runner.py:84} INFO - Running: ['***', 'tasks', 'run', 'Stream_Data_5', 'Reddit', 'scheduled__2024-01-17T21:57:38.401072+00:00', '--job-id', '833', '--raw', '--subdir', 'DAGS_FOLDER/kafka_stream_5.py', '--cfg-path', '/tmp/tmpqwfbatd5']
[2024-01-17T21:58:54.276+0000] {standard_task_runner.py:85} INFO - Job 833: Subtask Reddit
[2024-01-17T21:58:54.315+0000] {task_command.py:415} INFO - Running <TaskInstance: Stream_Data_5.Reddit scheduled__2024-01-17T21:57:38.401072+00:00 [running]> on host 614a419ad930
[2024-01-17T21:58:54.380+0000] {taskinstance.py:1660} INFO - Exporting env vars: AIRFLOW_CTX_DAG_OWNER='me' AIRFLOW_CTX_DAG_ID='Stream_Data_5' AIRFLOW_CTX_TASK_ID='Reddit' AIRFLOW_CTX_EXECUTION_DATE='2024-01-17T21:57:38.401072+00:00' AIRFLOW_CTX_TRY_NUMBER='1' AIRFLOW_CTX_DAG_RUN_ID='scheduled__2024-01-17T21:57:38.401072+00:00'
[2024-01-17T21:58:54.407+0000] {logging_mixin.py:151} INFO -  submission : 
[2024-01-17T21:58:55.328+0000] {logging_mixin.py:151} INFO - #False
[2024-01-17T21:58:55.328+0000] {logging_mixin.py:151} INFO - #False
[2024-01-17T21:58:55.328+0000] {logging_mixin.py:151} INFO - #False
[2024-01-17T21:58:55.328+0000] {logging_mixin.py:151} INFO - #False
[2024-01-17T21:58:55.328+0000] {logging_mixin.py:151} INFO - #False
[2024-01-17T21:58:55.328+0000] {logging_mixin.py:151} INFO - #False
[2024-01-17T21:58:55.328+0000] {logging_mixin.py:151} INFO - #False
[2024-01-17T21:58:55.328+0000] {logging_mixin.py:151} INFO - #False
[2024-01-17T21:58:55.329+0000] {logging_mixin.py:151} INFO - #False
[2024-01-17T21:58:55.329+0000] {logging_mixin.py:151} INFO - #False
[2024-01-17T21:58:55.329+0000] {logging_mixin.py:151} INFO - #False
[2024-01-17T21:58:55.329+0000] {logging_mixin.py:151} INFO - #False
[2024-01-17T21:58:55.329+0000] {logging_mixin.py:151} INFO - #False
[2024-01-17T21:58:55.329+0000] {logging_mixin.py:151} INFO - #False
[2024-01-17T21:58:55.329+0000] {logging_mixin.py:151} INFO - #False
[2024-01-17T21:58:55.329+0000] {logging_mixin.py:151} INFO - #False
[2024-01-17T21:58:55.329+0000] {logging_mixin.py:151} INFO - #False
[2024-01-17T21:58:55.329+0000] {logging_mixin.py:151} INFO - #False
[2024-01-17T21:58:55.329+0000] {logging_mixin.py:151} INFO - #False
[2024-01-17T21:58:55.329+0000] {logging_mixin.py:151} INFO - #False
[2024-01-17T21:58:55.329+0000] {logging_mixin.py:151} INFO - #False
[2024-01-17T21:58:55.329+0000] {logging_mixin.py:151} INFO - #False
[2024-01-17T21:58:55.329+0000] {logging_mixin.py:151} INFO - #False
[2024-01-17T21:58:55.329+0000] {logging_mixin.py:151} INFO - #False
[2024-01-17T21:58:55.329+0000] {logging_mixin.py:151} INFO - #False
[2024-01-17T21:58:55.329+0000] {logging_mixin.py:151} INFO - #False
[2024-01-17T21:58:55.329+0000] {logging_mixin.py:151} INFO - #False
[2024-01-17T21:58:55.329+0000] {logging_mixin.py:151} INFO - #False
[2024-01-17T21:58:55.330+0000] {logging_mixin.py:151} INFO - #False
[2024-01-17T21:58:55.330+0000] {logging_mixin.py:151} INFO - #False
[2024-01-17T21:58:55.330+0000] {logging_mixin.py:151} INFO -  submission : 
[2024-01-17T21:58:56.007+0000] {logging_mixin.py:151} INFO - #False
[2024-01-17T21:58:56.007+0000] {logging_mixin.py:151} INFO - #False
[2024-01-17T21:58:56.007+0000] {logging_mixin.py:151} INFO - #False
[2024-01-17T21:58:56.007+0000] {logging_mixin.py:151} INFO - #False
[2024-01-17T21:58:56.007+0000] {logging_mixin.py:151} INFO - #False
[2024-01-17T21:58:56.007+0000] {logging_mixin.py:151} INFO - #False
[2024-01-17T21:58:56.007+0000] {logging_mixin.py:151} INFO - #False
[2024-01-17T21:58:56.007+0000] {logging_mixin.py:151} INFO - #False
[2024-01-17T21:58:56.007+0000] {logging_mixin.py:151} INFO - #False
[2024-01-17T21:58:56.008+0000] {logging_mixin.py:151} INFO - #False
[2024-01-17T21:58:56.008+0000] {logging_mixin.py:151} INFO - #False
[2024-01-17T21:58:56.008+0000] {logging_mixin.py:151} INFO - #False
[2024-01-17T21:58:56.008+0000] {logging_mixin.py:151} INFO - #False
[2024-01-17T21:58:56.008+0000] {logging_mixin.py:151} INFO - #False
[2024-01-17T21:58:56.008+0000] {logging_mixin.py:151} INFO - #False
[2024-01-17T21:58:56.008+0000] {logging_mixin.py:151} INFO - #False
[2024-01-17T21:58:56.008+0000] {logging_mixin.py:151} INFO - #False
[2024-01-17T21:58:56.008+0000] {logging_mixin.py:151} INFO - #False
[2024-01-17T21:58:56.008+0000] {logging_mixin.py:151} INFO - #False
[2024-01-17T21:58:56.008+0000] {logging_mixin.py:151} INFO - #False
[2024-01-17T21:58:56.008+0000] {logging_mixin.py:151} INFO - #False
[2024-01-17T21:58:56.008+0000] {logging_mixin.py:151} INFO - #False
[2024-01-17T21:58:56.008+0000] {logging_mixin.py:151} INFO - #False
[2024-01-17T21:58:56.008+0000] {logging_mixin.py:151} INFO - #False
[2024-01-17T21:58:56.008+0000] {logging_mixin.py:151} INFO - #False
[2024-01-17T21:58:56.009+0000] {logging_mixin.py:151} INFO - #False
[2024-01-17T21:58:56.009+0000] {logging_mixin.py:151} INFO - #False
[2024-01-17T21:58:56.009+0000] {logging_mixin.py:151} INFO - #False
[2024-01-17T21:58:56.009+0000] {logging_mixin.py:151} INFO - #False
[2024-01-17T21:58:56.009+0000] {logging_mixin.py:151} INFO - #False
[2024-01-17T21:58:56.010+0000] {logging_mixin.py:151} INFO -  submission : 
[2024-01-17T21:58:57.063+0000] {logging_mixin.py:151} INFO - #False
[2024-01-17T21:58:57.064+0000] {logging_mixin.py:151} INFO - #False
[2024-01-17T21:58:57.064+0000] {logging_mixin.py:151} INFO - #False
[2024-01-17T21:58:57.064+0000] {logging_mixin.py:151} INFO - #False
[2024-01-17T21:58:57.064+0000] {logging_mixin.py:151} INFO - #False
[2024-01-17T21:58:57.064+0000] {logging_mixin.py:151} INFO - #False
[2024-01-17T21:58:57.064+0000] {logging_mixin.py:151} INFO - #False
[2024-01-17T21:58:57.064+0000] {logging_mixin.py:151} INFO - #False
[2024-01-17T21:58:57.064+0000] {logging_mixin.py:151} INFO - #False
[2024-01-17T21:58:57.064+0000] {logging_mixin.py:151} INFO - #False
[2024-01-17T21:58:57.064+0000] {logging_mixin.py:151} INFO - #False
[2024-01-17T21:58:57.064+0000] {logging_mixin.py:151} INFO - #False
[2024-01-17T21:58:57.064+0000] {logging_mixin.py:151} INFO - #False
[2024-01-17T21:58:57.064+0000] {logging_mixin.py:151} INFO - #False
[2024-01-17T21:58:57.064+0000] {logging_mixin.py:151} INFO - #False
[2024-01-17T21:58:57.064+0000] {logging_mixin.py:151} INFO - #False
[2024-01-17T21:58:57.064+0000] {logging_mixin.py:151} INFO - #False
[2024-01-17T21:58:57.064+0000] {logging_mixin.py:151} INFO - #False
[2024-01-17T21:58:57.064+0000] {logging_mixin.py:151} INFO - #False
[2024-01-17T21:58:57.064+0000] {logging_mixin.py:151} INFO - #False
[2024-01-17T21:58:57.064+0000] {logging_mixin.py:151} INFO - #False
[2024-01-17T21:58:57.065+0000] {logging_mixin.py:151} INFO - #False
[2024-01-17T21:58:57.065+0000] {logging_mixin.py:151} INFO - #False
[2024-01-17T21:58:57.065+0000] {logging_mixin.py:151} INFO - #False
[2024-01-17T21:58:57.065+0000] {logging_mixin.py:151} INFO - #False
[2024-01-17T21:58:57.065+0000] {logging_mixin.py:151} INFO - #False
[2024-01-17T21:58:57.065+0000] {logging_mixin.py:151} INFO - #False
[2024-01-17T21:58:57.065+0000] {logging_mixin.py:151} INFO - #False
[2024-01-17T21:58:57.065+0000] {logging_mixin.py:151} INFO - #False
[2024-01-17T21:58:57.065+0000] {logging_mixin.py:151} INFO - #False
[2024-01-17T21:58:57.065+0000] {logging_mixin.py:151} INFO -  submission : 
[2024-01-17T21:58:57.763+0000] {logging_mixin.py:151} INFO - #False
[2024-01-17T21:58:57.763+0000] {logging_mixin.py:151} INFO - #False
[2024-01-17T21:58:57.763+0000] {logging_mixin.py:151} INFO - #False
[2024-01-17T21:58:57.763+0000] {logging_mixin.py:151} INFO - #False
[2024-01-17T21:58:57.763+0000] {logging_mixin.py:151} INFO - #False
[2024-01-17T21:58:57.763+0000] {logging_mixin.py:151} INFO - #False
[2024-01-17T21:58:57.763+0000] {logging_mixin.py:151} INFO - #False
[2024-01-17T21:58:57.764+0000] {logging_mixin.py:151} INFO - #False
[2024-01-17T21:58:57.764+0000] {logging_mixin.py:151} INFO - #False
[2024-01-17T21:58:57.764+0000] {logging_mixin.py:151} INFO - #False
[2024-01-17T21:58:57.764+0000] {logging_mixin.py:151} INFO - #False
[2024-01-17T21:58:57.764+0000] {logging_mixin.py:151} INFO - #False
[2024-01-17T21:58:57.764+0000] {logging_mixin.py:151} INFO - #False
[2024-01-17T21:58:57.764+0000] {logging_mixin.py:151} INFO - #False
[2024-01-17T21:58:57.764+0000] {logging_mixin.py:151} INFO - #False
[2024-01-17T21:58:57.764+0000] {logging_mixin.py:151} INFO - #False
[2024-01-17T21:58:57.764+0000] {logging_mixin.py:151} INFO - #False
[2024-01-17T21:58:57.764+0000] {logging_mixin.py:151} INFO - #False
[2024-01-17T21:58:57.764+0000] {logging_mixin.py:151} INFO - #False
[2024-01-17T21:58:57.764+0000] {logging_mixin.py:151} INFO - #False
[2024-01-17T21:58:57.764+0000] {logging_mixin.py:151} INFO - #False
[2024-01-17T21:58:57.764+0000] {logging_mixin.py:151} INFO - #False
[2024-01-17T21:58:57.764+0000] {logging_mixin.py:151} INFO - #False
[2024-01-17T21:58:57.764+0000] {logging_mixin.py:151} INFO - #False
[2024-01-17T21:58:57.764+0000] {logging_mixin.py:151} INFO - #False
[2024-01-17T21:58:57.764+0000] {logging_mixin.py:151} INFO - #False
[2024-01-17T21:58:57.764+0000] {logging_mixin.py:151} INFO - #False
[2024-01-17T21:58:57.765+0000] {logging_mixin.py:151} INFO - #False
[2024-01-17T21:58:57.765+0000] {logging_mixin.py:151} INFO - #False
[2024-01-17T21:58:57.765+0000] {logging_mixin.py:151} INFO - #False
[2024-01-17T21:58:57.765+0000] {logging_mixin.py:151} INFO -  submission : 
[2024-01-17T21:58:58.254+0000] {logging_mixin.py:151} INFO - #False
[2024-01-17T21:58:58.254+0000] {logging_mixin.py:151} INFO - #False
[2024-01-17T21:58:58.254+0000] {logging_mixin.py:151} INFO - #False
[2024-01-17T21:58:58.254+0000] {logging_mixin.py:151} INFO - #False
[2024-01-17T21:58:58.254+0000] {logging_mixin.py:151} INFO - #False
[2024-01-17T21:58:58.254+0000] {logging_mixin.py:151} INFO - #False
[2024-01-17T21:58:58.254+0000] {logging_mixin.py:151} INFO - #False
[2024-01-17T21:58:58.254+0000] {logging_mixin.py:151} INFO - #False
[2024-01-17T21:58:58.254+0000] {logging_mixin.py:151} INFO - #False
[2024-01-17T21:58:58.254+0000] {logging_mixin.py:151} INFO - #False
[2024-01-17T21:58:58.255+0000] {logging_mixin.py:151} INFO - #False
[2024-01-17T21:58:58.255+0000] {logging_mixin.py:151} INFO - #False
[2024-01-17T21:58:58.255+0000] {logging_mixin.py:151} INFO - #False
[2024-01-17T21:58:58.255+0000] {logging_mixin.py:151} INFO - #False
[2024-01-17T21:58:58.255+0000] {logging_mixin.py:151} INFO - #False
[2024-01-17T21:58:58.255+0000] {logging_mixin.py:151} INFO - #False
[2024-01-17T21:58:58.255+0000] {logging_mixin.py:151} INFO - #False
[2024-01-17T21:58:58.255+0000] {logging_mixin.py:151} INFO - #False
[2024-01-17T21:58:58.255+0000] {logging_mixin.py:151} INFO - #False
[2024-01-17T21:58:58.255+0000] {logging_mixin.py:151} INFO - #False
[2024-01-17T21:58:58.255+0000] {logging_mixin.py:151} INFO - #False
[2024-01-17T21:58:58.255+0000] {logging_mixin.py:151} INFO - #False
[2024-01-17T21:58:58.255+0000] {logging_mixin.py:151} INFO - #False
[2024-01-17T21:58:58.255+0000] {logging_mixin.py:151} INFO - #False
[2024-01-17T21:58:58.255+0000] {logging_mixin.py:151} INFO - #False
[2024-01-17T21:58:58.255+0000] {logging_mixin.py:151} INFO - #False
[2024-01-17T21:58:58.255+0000] {logging_mixin.py:151} INFO - #False
[2024-01-17T21:58:58.255+0000] {logging_mixin.py:151} INFO - #False
[2024-01-17T21:58:58.255+0000] {logging_mixin.py:151} INFO - #False
[2024-01-17T21:58:58.256+0000] {logging_mixin.py:151} INFO - #False
[2024-01-17T21:58:58.256+0000] {logging_mixin.py:151} INFO -  submission : 
[2024-01-17T21:58:58.789+0000] {logging_mixin.py:151} INFO - #False
[2024-01-17T21:58:58.789+0000] {logging_mixin.py:151} INFO - #False
[2024-01-17T21:58:58.789+0000] {logging_mixin.py:151} INFO - #False
[2024-01-17T21:58:58.789+0000] {logging_mixin.py:151} INFO - #False
[2024-01-17T21:58:58.789+0000] {logging_mixin.py:151} INFO - #False
[2024-01-17T21:58:58.789+0000] {logging_mixin.py:151} INFO - #False
[2024-01-17T21:58:58.789+0000] {logging_mixin.py:151} INFO - #False
[2024-01-17T21:58:58.789+0000] {logging_mixin.py:151} INFO - #False
[2024-01-17T21:58:58.789+0000] {logging_mixin.py:151} INFO - #False
[2024-01-17T21:58:58.789+0000] {logging_mixin.py:151} INFO - #False
[2024-01-17T21:58:58.789+0000] {logging_mixin.py:151} INFO - #False
[2024-01-17T21:58:58.790+0000] {logging_mixin.py:151} INFO - #False
[2024-01-17T21:58:58.790+0000] {logging_mixin.py:151} INFO - #False
[2024-01-17T21:58:58.790+0000] {logging_mixin.py:151} INFO - #False
[2024-01-17T21:58:58.790+0000] {logging_mixin.py:151} INFO - #False
[2024-01-17T21:58:58.790+0000] {logging_mixin.py:151} INFO - #False
[2024-01-17T21:58:58.790+0000] {logging_mixin.py:151} INFO - #False
[2024-01-17T21:58:58.790+0000] {logging_mixin.py:151} INFO - #False
[2024-01-17T21:58:58.790+0000] {logging_mixin.py:151} INFO - #False
[2024-01-17T21:58:58.790+0000] {logging_mixin.py:151} INFO - #False
[2024-01-17T21:58:58.790+0000] {logging_mixin.py:151} INFO - #False
[2024-01-17T21:58:58.790+0000] {logging_mixin.py:151} INFO - #False
[2024-01-17T21:58:58.790+0000] {logging_mixin.py:151} INFO - #False
[2024-01-17T21:58:58.790+0000] {logging_mixin.py:151} INFO - #False
[2024-01-17T21:58:58.790+0000] {logging_mixin.py:151} INFO - #False
[2024-01-17T21:58:58.790+0000] {logging_mixin.py:151} INFO - #False
[2024-01-17T21:58:58.790+0000] {logging_mixin.py:151} INFO - #False
[2024-01-17T21:58:58.790+0000] {logging_mixin.py:151} INFO - #False
[2024-01-17T21:58:58.790+0000] {logging_mixin.py:151} INFO - #False
[2024-01-17T21:58:58.790+0000] {logging_mixin.py:151} INFO - #False
[2024-01-17T21:58:58.790+0000] {logging_mixin.py:151} INFO -  submission : 
[2024-01-17T21:58:59.602+0000] {logging_mixin.py:151} INFO - #False
[2024-01-17T21:58:59.602+0000] {logging_mixin.py:151} INFO - #False
[2024-01-17T21:58:59.603+0000] {logging_mixin.py:151} INFO - #False
[2024-01-17T21:58:59.603+0000] {logging_mixin.py:151} INFO - #False
[2024-01-17T21:58:59.603+0000] {logging_mixin.py:151} INFO - #False
[2024-01-17T21:58:59.603+0000] {logging_mixin.py:151} INFO - #False
[2024-01-17T21:58:59.603+0000] {logging_mixin.py:151} INFO - #False
[2024-01-17T21:58:59.603+0000] {logging_mixin.py:151} INFO - #False
[2024-01-17T21:58:59.603+0000] {logging_mixin.py:151} INFO - #False
[2024-01-17T21:58:59.603+0000] {logging_mixin.py:151} INFO - #False
[2024-01-17T21:58:59.604+0000] {logging_mixin.py:151} INFO - #False
[2024-01-17T21:58:59.604+0000] {logging_mixin.py:151} INFO - #False
[2024-01-17T21:58:59.604+0000] {logging_mixin.py:151} INFO - #False
[2024-01-17T21:58:59.604+0000] {logging_mixin.py:151} INFO - #False
[2024-01-17T21:58:59.604+0000] {logging_mixin.py:151} INFO - #False
[2024-01-17T21:58:59.604+0000] {logging_mixin.py:151} INFO - #False
[2024-01-17T21:58:59.604+0000] {logging_mixin.py:151} INFO - #False
[2024-01-17T21:58:59.604+0000] {logging_mixin.py:151} INFO - #False
[2024-01-17T21:58:59.604+0000] {logging_mixin.py:151} INFO - #False
[2024-01-17T21:58:59.604+0000] {logging_mixin.py:151} INFO - #False
[2024-01-17T21:58:59.604+0000] {logging_mixin.py:151} INFO - #False
[2024-01-17T21:58:59.604+0000] {logging_mixin.py:151} INFO - #False
[2024-01-17T21:58:59.604+0000] {logging_mixin.py:151} INFO - #False
[2024-01-17T21:58:59.604+0000] {logging_mixin.py:151} INFO - #False
[2024-01-17T21:58:59.604+0000] {logging_mixin.py:151} INFO - #False
[2024-01-17T21:58:59.604+0000] {logging_mixin.py:151} INFO - #False
[2024-01-17T21:58:59.604+0000] {logging_mixin.py:151} INFO - #False
[2024-01-17T21:58:59.604+0000] {logging_mixin.py:151} INFO - #False
[2024-01-17T21:58:59.605+0000] {logging_mixin.py:151} INFO - #False
[2024-01-17T21:58:59.605+0000] {logging_mixin.py:151} INFO - #False
[2024-01-17T21:58:59.605+0000] {logging_mixin.py:151} INFO -  submission : 
[2024-01-17T21:59:00.231+0000] {logging_mixin.py:151} INFO - #False
[2024-01-17T21:59:00.231+0000] {logging_mixin.py:151} INFO - #False
[2024-01-17T21:59:00.232+0000] {logging_mixin.py:151} INFO - #False
[2024-01-17T21:59:00.232+0000] {logging_mixin.py:151} INFO - #False
[2024-01-17T21:59:00.232+0000] {logging_mixin.py:151} INFO - #False
[2024-01-17T21:59:00.232+0000] {logging_mixin.py:151} INFO - #False
[2024-01-17T21:59:00.232+0000] {logging_mixin.py:151} INFO - #False
[2024-01-17T21:59:00.232+0000] {logging_mixin.py:151} INFO - #False
[2024-01-17T21:59:00.232+0000] {logging_mixin.py:151} INFO - #False
[2024-01-17T21:59:00.232+0000] {logging_mixin.py:151} INFO - #False
[2024-01-17T21:59:00.232+0000] {logging_mixin.py:151} INFO - #False
[2024-01-17T21:59:00.232+0000] {logging_mixin.py:151} INFO - #False
[2024-01-17T21:59:00.232+0000] {logging_mixin.py:151} INFO - #False
[2024-01-17T21:59:00.232+0000] {logging_mixin.py:151} INFO - #False
[2024-01-17T21:59:00.232+0000] {logging_mixin.py:151} INFO - #False
[2024-01-17T21:59:00.232+0000] {logging_mixin.py:151} INFO - #False
[2024-01-17T21:59:00.232+0000] {logging_mixin.py:151} INFO - #False
[2024-01-17T21:59:00.232+0000] {logging_mixin.py:151} INFO - #False
[2024-01-17T21:59:00.232+0000] {logging_mixin.py:151} INFO - #False
[2024-01-17T21:59:00.233+0000] {logging_mixin.py:151} INFO - #False
[2024-01-17T21:59:00.233+0000] {logging_mixin.py:151} INFO - #False
[2024-01-17T21:59:00.233+0000] {logging_mixin.py:151} INFO - #False
[2024-01-17T21:59:00.233+0000] {logging_mixin.py:151} INFO - #False
[2024-01-17T21:59:00.233+0000] {logging_mixin.py:151} INFO - #False
[2024-01-17T21:59:00.233+0000] {logging_mixin.py:151} INFO - #False
[2024-01-17T21:59:00.233+0000] {logging_mixin.py:151} INFO - #False
[2024-01-17T21:59:00.233+0000] {logging_mixin.py:151} INFO - #False
[2024-01-17T21:59:00.233+0000] {logging_mixin.py:151} INFO - #False
[2024-01-17T21:59:00.233+0000] {logging_mixin.py:151} INFO - #False
[2024-01-17T21:59:00.233+0000] {logging_mixin.py:151} INFO - #False
[2024-01-17T21:59:00.233+0000] {python.py:194} INFO - Done. Returned value was: None
[2024-01-17T21:59:00.321+0000] {taskinstance.py:1400} INFO - Marking task as SUCCESS. dag_id=Stream_Data_5, task_id=Reddit, execution_date=20240117T215738, start_date=20240117T215854, end_date=20240117T215900
[2024-01-17T21:59:00.344+0000] {local_task_job_runner.py:228} INFO - Task exited with return code 0
[2024-01-17T21:59:00.356+0000] {taskinstance.py:2784} INFO - 0 downstream tasks scheduled from follow-on schedule check
