[2024-01-20T20:07:39.633+0000] {taskinstance.py:1159} INFO - Dependencies all met for dep_context=non-requeueable deps ti=<TaskInstance: SpeedLayer_process_dag.submit_spark_job scheduled__2024-01-20T19:54:48.346287+00:00 [queued]>
[2024-01-20T20:07:39.639+0000] {taskinstance.py:1159} INFO - Dependencies all met for dep_context=requeueable deps ti=<TaskInstance: SpeedLayer_process_dag.submit_spark_job scheduled__2024-01-20T19:54:48.346287+00:00 [queued]>
[2024-01-20T20:07:39.639+0000] {taskinstance.py:1361} INFO - Starting attempt 1 of 1
[2024-01-20T20:07:39.650+0000] {taskinstance.py:1382} INFO - Executing <Task(SparkSubmitOperator): submit_spark_job> on 2024-01-20 19:54:48.346287+00:00
[2024-01-20T20:07:39.654+0000] {standard_task_runner.py:57} INFO - Started process 1095 to run task
[2024-01-20T20:07:39.657+0000] {standard_task_runner.py:84} INFO - Running: ['***', 'tasks', 'run', 'SpeedLayer_process_dag', 'submit_spark_job', 'scheduled__2024-01-20T19:54:48.346287+00:00', '--job-id', '1230', '--raw', '--subdir', 'DAGS_FOLDER/streaming_process.py', '--cfg-path', '/tmp/tmp4t7x35cv']
[2024-01-20T20:07:39.658+0000] {standard_task_runner.py:85} INFO - Job 1230: Subtask submit_spark_job
[2024-01-20T20:07:39.695+0000] {task_command.py:415} INFO - Running <TaskInstance: SpeedLayer_process_dag.submit_spark_job scheduled__2024-01-20T19:54:48.346287+00:00 [running]> on host 45c5bfab8aa1
[2024-01-20T20:07:39.756+0000] {taskinstance.py:1660} INFO - Exporting env vars: AIRFLOW_CTX_DAG_OWNER='***' AIRFLOW_CTX_DAG_ID='SpeedLayer_process_dag' AIRFLOW_CTX_TASK_ID='submit_spark_job' AIRFLOW_CTX_EXECUTION_DATE='2024-01-20T19:54:48.346287+00:00' AIRFLOW_CTX_TRY_NUMBER='1' AIRFLOW_CTX_DAG_RUN_ID='scheduled__2024-01-20T19:54:48.346287+00:00'
[2024-01-20T20:07:39.762+0000] {base.py:73} INFO - Using connection ID 'spark_default' for task execution.
[2024-01-20T20:07:39.764+0000] {spark_submit.py:401} INFO - Spark-Submit cmd: spark-submit --master spark://172.19.0.5:7077 --conf spark.jars.packages=org.apache.spark:spark-streaming-kafka-0-10_2.12:3.1.2 --conf spark.jars.excludes=org.scala-lang:scala-reflect --packages com.datastax.spark:spark-cassandra-connector_2.12:3.4.1,org.apache.spark:spark-sql-kafka-0-10_2.12:3.4.1 --name arrow-spark --queue root.default --deploy-mode client /opt/***/shared_volume/stream_process.py
[2024-01-20T20:07:39.869+0000] {spark_submit.py:571} INFO - /home/***/.local/lib/python3.9/site-packages/pyspark/bin/load-spark-env.sh: line 68: ps: command not found
[2024-01-20T20:07:41.074+0000] {spark_submit.py:571} INFO - :: loading settings :: url = jar:file:/home/***/.local/lib/python3.9/site-packages/pyspark/jars/ivy-2.5.1.jar!/org/apache/ivy/core/settings/ivysettings.xml
[2024-01-20T20:07:41.171+0000] {spark_submit.py:571} INFO - Ivy Default Cache set to: /home/***/.ivy2/cache
[2024-01-20T20:07:41.172+0000] {spark_submit.py:571} INFO - The jars for the packages stored in: /home/***/.ivy2/jars
[2024-01-20T20:07:41.175+0000] {spark_submit.py:571} INFO - com.datastax.spark#spark-cassandra-connector_2.12 added as a dependency
[2024-01-20T20:07:41.176+0000] {spark_submit.py:571} INFO - org.apache.spark#spark-sql-kafka-0-10_2.12 added as a dependency
[2024-01-20T20:07:41.176+0000] {spark_submit.py:571} INFO - :: resolving dependencies :: org.apache.spark#spark-submit-parent-42f64223-ee46-4c19-8ec1-80ad1f0e151f;1.0
[2024-01-20T20:07:41.177+0000] {spark_submit.py:571} INFO - confs: [default]
[2024-01-20T20:07:41.247+0000] {spark_submit.py:571} INFO - found com.datastax.spark#spark-cassandra-connector_2.12;3.4.1 in central
[2024-01-20T20:07:41.269+0000] {spark_submit.py:571} INFO - found com.datastax.spark#spark-cassandra-connector-driver_2.12;3.4.1 in central
[2024-01-20T20:07:41.285+0000] {spark_submit.py:571} INFO - found org.scala-lang.modules#scala-collection-compat_2.12;2.11.0 in central
[2024-01-20T20:07:41.314+0000] {spark_submit.py:571} INFO - found com.datastax.oss#java-driver-core-shaded;4.13.0 in central
[2024-01-20T20:07:41.330+0000] {spark_submit.py:571} INFO - found com.datastax.oss#native-protocol;1.5.0 in central
[2024-01-20T20:07:41.342+0000] {spark_submit.py:571} INFO - found com.datastax.oss#java-driver-shaded-guava;25.1-jre-graal-sub-1 in central
[2024-01-20T20:07:41.353+0000] {spark_submit.py:571} INFO - found com.typesafe#config;1.4.1 in central
[2024-01-20T20:07:41.366+0000] {spark_submit.py:571} INFO - found org.slf4j#slf4j-api;1.7.26 in central
[2024-01-20T20:07:41.376+0000] {spark_submit.py:571} INFO - found io.dropwizard.metrics#metrics-core;4.1.18 in central
[2024-01-20T20:07:41.387+0000] {spark_submit.py:571} INFO - found org.hdrhistogram#HdrHistogram;2.1.12 in central
[2024-01-20T20:07:41.397+0000] {spark_submit.py:571} INFO - found org.reactivestreams#reactive-streams;1.0.3 in central
[2024-01-20T20:07:41.407+0000] {spark_submit.py:571} INFO - found com.github.stephenc.jcip#jcip-annotations;1.0-1 in central
[2024-01-20T20:07:41.419+0000] {spark_submit.py:571} INFO - found com.github.spotbugs#spotbugs-annotations;3.1.12 in central
[2024-01-20T20:07:41.428+0000] {spark_submit.py:571} INFO - found com.google.code.findbugs#jsr305;3.0.2 in central
[2024-01-20T20:07:41.444+0000] {spark_submit.py:571} INFO - found com.datastax.oss#java-driver-mapper-runtime;4.13.0 in central
[2024-01-20T20:07:41.453+0000] {spark_submit.py:571} INFO - found com.datastax.oss#java-driver-query-builder;4.13.0 in central
[2024-01-20T20:07:41.469+0000] {spark_submit.py:571} INFO - found org.apache.commons#commons-lang3;3.10 in central
[2024-01-20T20:07:41.479+0000] {spark_submit.py:571} INFO - found com.thoughtworks.paranamer#paranamer;2.8 in central
[2024-01-20T20:07:41.508+0000] {spark_submit.py:571} INFO - found org.apache.spark#spark-sql-kafka-0-10_2.12;3.4.1 in central
[2024-01-20T20:07:41.528+0000] {spark_submit.py:571} INFO - found org.apache.spark#spark-token-provider-kafka-0-10_2.12;3.4.1 in central
[2024-01-20T20:07:41.536+0000] {spark_submit.py:571} INFO - found org.apache.kafka#kafka-clients;3.3.2 in central
[2024-01-20T20:07:41.545+0000] {spark_submit.py:571} INFO - found org.lz4#lz4-java;1.8.0 in central
[2024-01-20T20:07:41.552+0000] {spark_submit.py:571} INFO - found org.xerial.snappy#snappy-java;1.1.10.1 in central
[2024-01-20T20:07:41.562+0000] {spark_submit.py:571} INFO - found org.slf4j#slf4j-api;2.0.6 in central
[2024-01-20T20:07:41.574+0000] {spark_submit.py:571} INFO - found org.apache.hadoop#hadoop-client-runtime;3.3.4 in central
[2024-01-20T20:07:41.588+0000] {spark_submit.py:571} INFO - found org.apache.hadoop#hadoop-client-api;3.3.4 in central
[2024-01-20T20:07:41.600+0000] {spark_submit.py:571} INFO - found commons-logging#commons-logging;1.1.3 in central
[2024-01-20T20:07:41.614+0000] {spark_submit.py:571} INFO - found org.apache.commons#commons-pool2;2.11.1 in central
[2024-01-20T20:07:41.640+0000] {spark_submit.py:571} INFO - :: resolution report :: resolve 448ms :: artifacts dl 16ms
[2024-01-20T20:07:41.641+0000] {spark_submit.py:571} INFO - :: modules in use:
[2024-01-20T20:07:41.642+0000] {spark_submit.py:571} INFO - com.datastax.oss#java-driver-core-shaded;4.13.0 from central in [default]
[2024-01-20T20:07:41.642+0000] {spark_submit.py:571} INFO - com.datastax.oss#java-driver-mapper-runtime;4.13.0 from central in [default]
[2024-01-20T20:07:41.643+0000] {spark_submit.py:571} INFO - com.datastax.oss#java-driver-query-builder;4.13.0 from central in [default]
[2024-01-20T20:07:41.643+0000] {spark_submit.py:571} INFO - com.datastax.oss#java-driver-shaded-guava;25.1-jre-graal-sub-1 from central in [default]
[2024-01-20T20:07:41.644+0000] {spark_submit.py:571} INFO - com.datastax.oss#native-protocol;1.5.0 from central in [default]
[2024-01-20T20:07:41.644+0000] {spark_submit.py:571} INFO - com.datastax.spark#spark-cassandra-connector-driver_2.12;3.4.1 from central in [default]
[2024-01-20T20:07:41.644+0000] {spark_submit.py:571} INFO - com.datastax.spark#spark-cassandra-connector_2.12;3.4.1 from central in [default]
[2024-01-20T20:07:41.645+0000] {spark_submit.py:571} INFO - com.github.spotbugs#spotbugs-annotations;3.1.12 from central in [default]
[2024-01-20T20:07:41.645+0000] {spark_submit.py:571} INFO - com.github.stephenc.jcip#jcip-annotations;1.0-1 from central in [default]
[2024-01-20T20:07:41.646+0000] {spark_submit.py:571} INFO - com.google.code.findbugs#jsr305;3.0.2 from central in [default]
[2024-01-20T20:07:41.646+0000] {spark_submit.py:571} INFO - com.thoughtworks.paranamer#paranamer;2.8 from central in [default]
[2024-01-20T20:07:41.647+0000] {spark_submit.py:571} INFO - com.typesafe#config;1.4.1 from central in [default]
[2024-01-20T20:07:41.647+0000] {spark_submit.py:571} INFO - commons-logging#commons-logging;1.1.3 from central in [default]
[2024-01-20T20:07:41.648+0000] {spark_submit.py:571} INFO - io.dropwizard.metrics#metrics-core;4.1.18 from central in [default]
[2024-01-20T20:07:41.648+0000] {spark_submit.py:571} INFO - org.apache.commons#commons-lang3;3.10 from central in [default]
[2024-01-20T20:07:41.649+0000] {spark_submit.py:571} INFO - org.apache.commons#commons-pool2;2.11.1 from central in [default]
[2024-01-20T20:07:41.649+0000] {spark_submit.py:571} INFO - org.apache.hadoop#hadoop-client-api;3.3.4 from central in [default]
[2024-01-20T20:07:41.650+0000] {spark_submit.py:571} INFO - org.apache.hadoop#hadoop-client-runtime;3.3.4 from central in [default]
[2024-01-20T20:07:41.650+0000] {spark_submit.py:571} INFO - org.apache.kafka#kafka-clients;3.3.2 from central in [default]
[2024-01-20T20:07:41.651+0000] {spark_submit.py:571} INFO - org.apache.spark#spark-sql-kafka-0-10_2.12;3.4.1 from central in [default]
[2024-01-20T20:07:41.651+0000] {spark_submit.py:571} INFO - org.apache.spark#spark-token-provider-kafka-0-10_2.12;3.4.1 from central in [default]
[2024-01-20T20:07:41.651+0000] {spark_submit.py:571} INFO - org.hdrhistogram#HdrHistogram;2.1.12 from central in [default]
[2024-01-20T20:07:41.652+0000] {spark_submit.py:571} INFO - org.lz4#lz4-java;1.8.0 from central in [default]
[2024-01-20T20:07:41.652+0000] {spark_submit.py:571} INFO - org.reactivestreams#reactive-streams;1.0.3 from central in [default]
[2024-01-20T20:07:41.653+0000] {spark_submit.py:571} INFO - org.scala-lang.modules#scala-collection-compat_2.12;2.11.0 from central in [default]
[2024-01-20T20:07:41.654+0000] {spark_submit.py:571} INFO - org.slf4j#slf4j-api;2.0.6 from central in [default]
[2024-01-20T20:07:41.654+0000] {spark_submit.py:571} INFO - org.xerial.snappy#snappy-java;1.1.10.1 from central in [default]
[2024-01-20T20:07:41.654+0000] {spark_submit.py:571} INFO - :: evicted modules:
[2024-01-20T20:07:41.655+0000] {spark_submit.py:571} INFO - org.slf4j#slf4j-api;1.7.26 by [org.slf4j#slf4j-api;2.0.6] in [default]
[2024-01-20T20:07:41.655+0000] {spark_submit.py:571} INFO - com.google.code.findbugs#jsr305;3.0.0 by [com.google.code.findbugs#jsr305;3.0.2] in [default]
[2024-01-20T20:07:41.656+0000] {spark_submit.py:571} INFO - ---------------------------------------------------------------------
[2024-01-20T20:07:41.656+0000] {spark_submit.py:571} INFO - |                  |            modules            ||   artifacts   |
[2024-01-20T20:07:41.657+0000] {spark_submit.py:571} INFO - |       conf       | number| search|dwnlded|evicted|| number|dwnlded|
[2024-01-20T20:07:41.657+0000] {spark_submit.py:571} INFO - ---------------------------------------------------------------------
[2024-01-20T20:07:41.658+0000] {spark_submit.py:571} INFO - |      default     |   29  |   0   |   0   |   2   ||   27  |   0   |
[2024-01-20T20:07:41.658+0000] {spark_submit.py:571} INFO - ---------------------------------------------------------------------
[2024-01-20T20:07:41.658+0000] {spark_submit.py:571} INFO - :: retrieving :: org.apache.spark#spark-submit-parent-42f64223-ee46-4c19-8ec1-80ad1f0e151f
[2024-01-20T20:07:41.659+0000] {spark_submit.py:571} INFO - confs: [default]
[2024-01-20T20:07:41.666+0000] {spark_submit.py:571} INFO - 0 artifacts copied, 27 already retrieved (0kB/11ms)
[2024-01-20T20:07:41.792+0000] {spark_submit.py:571} INFO - 24/01/20 20:07:41 WARN NativeCodeLoader: Unable to load native-hadoop library for your platform... using builtin-java classes where applicable
[2024-01-20T20:07:44.726+0000] {spark_submit.py:571} INFO - 2024-01-20 20:07:44.726456: I tensorflow/core/util/port.cc:113] oneDNN custom operations are on. You may see slightly different numerical results due to floating-point round-off errors from different computation orders. To turn them off, set the environment variable `TF_ENABLE_ONEDNN_OPTS=0`.
[2024-01-20T20:07:44.789+0000] {spark_submit.py:571} INFO - 2024-01-20 20:07:44.789531: I external/local_tsl/tsl/cuda/cudart_stub.cc:31] Could not find cuda drivers on your machine, GPU will not be used.
[2024-01-20T20:07:45.082+0000] {spark_submit.py:571} INFO - 2024-01-20 20:07:45.081788: E external/local_xla/xla/stream_executor/cuda/cuda_dnn.cc:9261] Unable to register cuDNN factory: Attempting to register factory for plugin cuDNN when one has already been registered
[2024-01-20T20:07:45.082+0000] {spark_submit.py:571} INFO - 2024-01-20 20:07:45.081935: E external/local_xla/xla/stream_executor/cuda/cuda_fft.cc:607] Unable to register cuFFT factory: Attempting to register factory for plugin cuFFT when one has already been registered
[2024-01-20T20:07:45.141+0000] {spark_submit.py:571} INFO - 2024-01-20 20:07:45.140849: E external/local_xla/xla/stream_executor/cuda/cuda_blas.cc:1515] Unable to register cuBLAS factory: Attempting to register factory for plugin cuBLAS when one has already been registered
[2024-01-20T20:07:45.301+0000] {spark_submit.py:571} INFO - 2024-01-20 20:07:45.300946: I external/local_tsl/tsl/cuda/cudart_stub.cc:31] Could not find cuda drivers on your machine, GPU will not be used.
[2024-01-20T20:07:45.302+0000] {spark_submit.py:571} INFO - 2024-01-20 20:07:45.302270: I tensorflow/core/platform/cpu_feature_guard.cc:182] This TensorFlow binary is optimized to use available CPU instructions in performance-critical operations.
[2024-01-20T20:07:45.303+0000] {spark_submit.py:571} INFO - To enable the following instructions: AVX2 AVX_VNNI FMA, in other operations, rebuild TensorFlow with the appropriate compiler flags.
[2024-01-20T20:07:46.611+0000] {spark_submit.py:571} INFO - 2024-01-20 20:07:46.611354: W tensorflow/compiler/tf2tensorrt/utils/py_utils.cc:38] TF-TRT Warning: Could not find TensorRT
[2024-01-20T20:07:48.722+0000] {spark_submit.py:571} INFO - 24/01/20 20:07:48 INFO SparkContext: Running Spark version 3.4.1
[2024-01-20T20:07:48.737+0000] {spark_submit.py:571} INFO - 24/01/20 20:07:48 INFO ResourceUtils: ==============================================================
[2024-01-20T20:07:48.738+0000] {spark_submit.py:571} INFO - 24/01/20 20:07:48 INFO ResourceUtils: No custom resources configured for spark.driver.
[2024-01-20T20:07:48.738+0000] {spark_submit.py:571} INFO - 24/01/20 20:07:48 INFO ResourceUtils: ==============================================================
[2024-01-20T20:07:48.738+0000] {spark_submit.py:571} INFO - 24/01/20 20:07:48 INFO SparkContext: Submitted application: SparkStreamingProcess
[2024-01-20T20:07:48.754+0000] {spark_submit.py:571} INFO - 24/01/20 20:07:48 INFO ResourceProfile: Default ResourceProfile created, executor resources: Map(memory -> name: memory, amount: 1024, script: , vendor: , offHeap -> name: offHeap, amount: 0, script: , vendor: ), task resources: Map(cpus -> name: cpus, amount: 1.0)
[2024-01-20T20:07:48.763+0000] {spark_submit.py:571} INFO - 24/01/20 20:07:48 INFO ResourceProfile: Limiting resource is cpu
[2024-01-20T20:07:48.764+0000] {spark_submit.py:571} INFO - 24/01/20 20:07:48 INFO ResourceProfileManager: Added ResourceProfile id: 0
[2024-01-20T20:07:48.801+0000] {spark_submit.py:571} INFO - 24/01/20 20:07:48 INFO SecurityManager: Changing view acls to: ***
[2024-01-20T20:07:48.802+0000] {spark_submit.py:571} INFO - 24/01/20 20:07:48 INFO SecurityManager: Changing modify acls to: ***
[2024-01-20T20:07:48.802+0000] {spark_submit.py:571} INFO - 24/01/20 20:07:48 INFO SecurityManager: Changing view acls groups to:
[2024-01-20T20:07:48.803+0000] {spark_submit.py:571} INFO - 24/01/20 20:07:48 INFO SecurityManager: Changing modify acls groups to:
[2024-01-20T20:07:48.803+0000] {spark_submit.py:571} INFO - 24/01/20 20:07:48 INFO SecurityManager: SecurityManager: authentication disabled; ui acls disabled; users with view permissions: ***; groups with view permissions: EMPTY; users with modify permissions: ***; groups with modify permissions: EMPTY
[2024-01-20T20:07:48.958+0000] {spark_submit.py:571} INFO - 24/01/20 20:07:48 INFO Utils: Successfully started service 'sparkDriver' on port 42383.
[2024-01-20T20:07:48.977+0000] {spark_submit.py:571} INFO - 24/01/20 20:07:48 INFO SparkEnv: Registering MapOutputTracker
[2024-01-20T20:07:48.999+0000] {spark_submit.py:571} INFO - 24/01/20 20:07:48 INFO SparkEnv: Registering BlockManagerMaster
[2024-01-20T20:07:49.010+0000] {spark_submit.py:571} INFO - 24/01/20 20:07:49 INFO BlockManagerMasterEndpoint: Using org.apache.spark.storage.DefaultTopologyMapper for getting topology information
[2024-01-20T20:07:49.011+0000] {spark_submit.py:571} INFO - 24/01/20 20:07:49 INFO BlockManagerMasterEndpoint: BlockManagerMasterEndpoint up
[2024-01-20T20:07:49.013+0000] {spark_submit.py:571} INFO - 24/01/20 20:07:49 INFO SparkEnv: Registering BlockManagerMasterHeartbeat
[2024-01-20T20:07:49.028+0000] {spark_submit.py:571} INFO - 24/01/20 20:07:49 INFO DiskBlockManager: Created local directory at /tmp/blockmgr-e9b0dc85-c3cb-4055-a031-d5ef40501ed6
[2024-01-20T20:07:49.039+0000] {spark_submit.py:571} INFO - 24/01/20 20:07:49 INFO MemoryStore: MemoryStore started with capacity 434.4 MiB
[2024-01-20T20:07:49.049+0000] {spark_submit.py:571} INFO - 24/01/20 20:07:49 INFO SparkEnv: Registering OutputCommitCoordinator
[2024-01-20T20:07:49.136+0000] {spark_submit.py:571} INFO - 24/01/20 20:07:49 INFO JettyUtils: Start Jetty 0.0.0.0:4040 for SparkUI
[2024-01-20T20:07:49.173+0000] {spark_submit.py:571} INFO - 24/01/20 20:07:49 INFO Utils: Successfully started service 'SparkUI' on port 4040.
[2024-01-20T20:07:49.197+0000] {spark_submit.py:571} INFO - 24/01/20 20:07:49 INFO SparkContext: Added JAR file:///home/***/.ivy2/jars/com.datastax.spark_spark-cassandra-connector_2.12-3.4.1.jar at spark://45c5bfab8aa1:42383/jars/com.datastax.spark_spark-cassandra-connector_2.12-3.4.1.jar with timestamp 1705781268715
[2024-01-20T20:07:49.199+0000] {spark_submit.py:571} INFO - 24/01/20 20:07:49 INFO SparkContext: Added JAR file:///home/***/.ivy2/jars/org.apache.spark_spark-sql-kafka-0-10_2.12-3.4.1.jar at spark://45c5bfab8aa1:42383/jars/org.apache.spark_spark-sql-kafka-0-10_2.12-3.4.1.jar with timestamp 1705781268715
[2024-01-20T20:07:49.200+0000] {spark_submit.py:571} INFO - 24/01/20 20:07:49 INFO SparkContext: Added JAR file:///home/***/.ivy2/jars/com.datastax.spark_spark-cassandra-connector-driver_2.12-3.4.1.jar at spark://45c5bfab8aa1:42383/jars/com.datastax.spark_spark-cassandra-connector-driver_2.12-3.4.1.jar with timestamp 1705781268715
[2024-01-20T20:07:49.200+0000] {spark_submit.py:571} INFO - 24/01/20 20:07:49 INFO SparkContext: Added JAR file:///home/***/.ivy2/jars/org.scala-lang.modules_scala-collection-compat_2.12-2.11.0.jar at spark://45c5bfab8aa1:42383/jars/org.scala-lang.modules_scala-collection-compat_2.12-2.11.0.jar with timestamp 1705781268715
[2024-01-20T20:07:49.201+0000] {spark_submit.py:571} INFO - 24/01/20 20:07:49 INFO SparkContext: Added JAR file:///home/***/.ivy2/jars/com.datastax.oss_java-driver-core-shaded-4.13.0.jar at spark://45c5bfab8aa1:42383/jars/com.datastax.oss_java-driver-core-shaded-4.13.0.jar with timestamp 1705781268715
[2024-01-20T20:07:49.201+0000] {spark_submit.py:571} INFO - 24/01/20 20:07:49 INFO SparkContext: Added JAR file:///home/***/.ivy2/jars/com.datastax.oss_java-driver-mapper-runtime-4.13.0.jar at spark://45c5bfab8aa1:42383/jars/com.datastax.oss_java-driver-mapper-runtime-4.13.0.jar with timestamp 1705781268715
[2024-01-20T20:07:49.201+0000] {spark_submit.py:571} INFO - 24/01/20 20:07:49 INFO SparkContext: Added JAR file:///home/***/.ivy2/jars/org.apache.commons_commons-lang3-3.10.jar at spark://45c5bfab8aa1:42383/jars/org.apache.commons_commons-lang3-3.10.jar with timestamp 1705781268715
[2024-01-20T20:07:49.202+0000] {spark_submit.py:571} INFO - 24/01/20 20:07:49 INFO SparkContext: Added JAR file:///home/***/.ivy2/jars/com.thoughtworks.paranamer_paranamer-2.8.jar at spark://45c5bfab8aa1:42383/jars/com.thoughtworks.paranamer_paranamer-2.8.jar with timestamp 1705781268715
[2024-01-20T20:07:49.202+0000] {spark_submit.py:571} INFO - 24/01/20 20:07:49 INFO SparkContext: Added JAR file:///home/***/.ivy2/jars/com.datastax.oss_native-protocol-1.5.0.jar at spark://45c5bfab8aa1:42383/jars/com.datastax.oss_native-protocol-1.5.0.jar with timestamp 1705781268715
[2024-01-20T20:07:49.202+0000] {spark_submit.py:571} INFO - 24/01/20 20:07:49 INFO SparkContext: Added JAR file:///home/***/.ivy2/jars/com.datastax.oss_java-driver-shaded-guava-25.1-jre-graal-sub-1.jar at spark://45c5bfab8aa1:42383/jars/com.datastax.oss_java-driver-shaded-guava-25.1-jre-graal-sub-1.jar with timestamp 1705781268715
[2024-01-20T20:07:49.203+0000] {spark_submit.py:571} INFO - 24/01/20 20:07:49 INFO SparkContext: Added JAR file:///home/***/.ivy2/jars/com.typesafe_config-1.4.1.jar at spark://45c5bfab8aa1:42383/jars/com.typesafe_config-1.4.1.jar with timestamp 1705781268715
[2024-01-20T20:07:49.203+0000] {spark_submit.py:571} INFO - 24/01/20 20:07:49 INFO SparkContext: Added JAR file:///home/***/.ivy2/jars/io.dropwizard.metrics_metrics-core-4.1.18.jar at spark://45c5bfab8aa1:42383/jars/io.dropwizard.metrics_metrics-core-4.1.18.jar with timestamp 1705781268715
[2024-01-20T20:07:49.203+0000] {spark_submit.py:571} INFO - 24/01/20 20:07:49 INFO SparkContext: Added JAR file:///home/***/.ivy2/jars/org.hdrhistogram_HdrHistogram-2.1.12.jar at spark://45c5bfab8aa1:42383/jars/org.hdrhistogram_HdrHistogram-2.1.12.jar with timestamp 1705781268715
[2024-01-20T20:07:49.204+0000] {spark_submit.py:571} INFO - 24/01/20 20:07:49 INFO SparkContext: Added JAR file:///home/***/.ivy2/jars/org.reactivestreams_reactive-streams-1.0.3.jar at spark://45c5bfab8aa1:42383/jars/org.reactivestreams_reactive-streams-1.0.3.jar with timestamp 1705781268715
[2024-01-20T20:07:49.204+0000] {spark_submit.py:571} INFO - 24/01/20 20:07:49 INFO SparkContext: Added JAR file:///home/***/.ivy2/jars/com.github.stephenc.jcip_jcip-annotations-1.0-1.jar at spark://45c5bfab8aa1:42383/jars/com.github.stephenc.jcip_jcip-annotations-1.0-1.jar with timestamp 1705781268715
[2024-01-20T20:07:49.204+0000] {spark_submit.py:571} INFO - 24/01/20 20:07:49 INFO SparkContext: Added JAR file:///home/***/.ivy2/jars/com.github.spotbugs_spotbugs-annotations-3.1.12.jar at spark://45c5bfab8aa1:42383/jars/com.github.spotbugs_spotbugs-annotations-3.1.12.jar with timestamp 1705781268715
[2024-01-20T20:07:49.204+0000] {spark_submit.py:571} INFO - 24/01/20 20:07:49 INFO SparkContext: Added JAR file:///home/***/.ivy2/jars/com.google.code.findbugs_jsr305-3.0.2.jar at spark://45c5bfab8aa1:42383/jars/com.google.code.findbugs_jsr305-3.0.2.jar with timestamp 1705781268715
[2024-01-20T20:07:49.205+0000] {spark_submit.py:571} INFO - 24/01/20 20:07:49 INFO SparkContext: Added JAR file:///home/***/.ivy2/jars/com.datastax.oss_java-driver-query-builder-4.13.0.jar at spark://45c5bfab8aa1:42383/jars/com.datastax.oss_java-driver-query-builder-4.13.0.jar with timestamp 1705781268715
[2024-01-20T20:07:49.205+0000] {spark_submit.py:571} INFO - 24/01/20 20:07:49 INFO SparkContext: Added JAR file:///home/***/.ivy2/jars/org.apache.spark_spark-token-provider-kafka-0-10_2.12-3.4.1.jar at spark://45c5bfab8aa1:42383/jars/org.apache.spark_spark-token-provider-kafka-0-10_2.12-3.4.1.jar with timestamp 1705781268715
[2024-01-20T20:07:49.206+0000] {spark_submit.py:571} INFO - 24/01/20 20:07:49 INFO SparkContext: Added JAR file:///home/***/.ivy2/jars/org.apache.kafka_kafka-clients-3.3.2.jar at spark://45c5bfab8aa1:42383/jars/org.apache.kafka_kafka-clients-3.3.2.jar with timestamp 1705781268715
[2024-01-20T20:07:49.206+0000] {spark_submit.py:571} INFO - 24/01/20 20:07:49 INFO SparkContext: Added JAR file:///home/***/.ivy2/jars/org.apache.commons_commons-pool2-2.11.1.jar at spark://45c5bfab8aa1:42383/jars/org.apache.commons_commons-pool2-2.11.1.jar with timestamp 1705781268715
[2024-01-20T20:07:49.206+0000] {spark_submit.py:571} INFO - 24/01/20 20:07:49 INFO SparkContext: Added JAR file:///home/***/.ivy2/jars/org.apache.hadoop_hadoop-client-runtime-3.3.4.jar at spark://45c5bfab8aa1:42383/jars/org.apache.hadoop_hadoop-client-runtime-3.3.4.jar with timestamp 1705781268715
[2024-01-20T20:07:49.206+0000] {spark_submit.py:571} INFO - 24/01/20 20:07:49 INFO SparkContext: Added JAR file:///home/***/.ivy2/jars/org.lz4_lz4-java-1.8.0.jar at spark://45c5bfab8aa1:42383/jars/org.lz4_lz4-java-1.8.0.jar with timestamp 1705781268715
[2024-01-20T20:07:49.207+0000] {spark_submit.py:571} INFO - 24/01/20 20:07:49 INFO SparkContext: Added JAR file:///home/***/.ivy2/jars/org.xerial.snappy_snappy-java-1.1.10.1.jar at spark://45c5bfab8aa1:42383/jars/org.xerial.snappy_snappy-java-1.1.10.1.jar with timestamp 1705781268715
[2024-01-20T20:07:49.207+0000] {spark_submit.py:571} INFO - 24/01/20 20:07:49 INFO SparkContext: Added JAR file:///home/***/.ivy2/jars/org.slf4j_slf4j-api-2.0.6.jar at spark://45c5bfab8aa1:42383/jars/org.slf4j_slf4j-api-2.0.6.jar with timestamp 1705781268715
[2024-01-20T20:07:49.207+0000] {spark_submit.py:571} INFO - 24/01/20 20:07:49 INFO SparkContext: Added JAR file:///home/***/.ivy2/jars/org.apache.hadoop_hadoop-client-api-3.3.4.jar at spark://45c5bfab8aa1:42383/jars/org.apache.hadoop_hadoop-client-api-3.3.4.jar with timestamp 1705781268715
[2024-01-20T20:07:49.207+0000] {spark_submit.py:571} INFO - 24/01/20 20:07:49 INFO SparkContext: Added JAR file:///home/***/.ivy2/jars/commons-logging_commons-logging-1.1.3.jar at spark://45c5bfab8aa1:42383/jars/commons-logging_commons-logging-1.1.3.jar with timestamp 1705781268715
[2024-01-20T20:07:49.208+0000] {spark_submit.py:571} INFO - 24/01/20 20:07:49 INFO SparkContext: Added file file:///home/***/.ivy2/jars/com.datastax.spark_spark-cassandra-connector_2.12-3.4.1.jar at spark://45c5bfab8aa1:42383/files/com.datastax.spark_spark-cassandra-connector_2.12-3.4.1.jar with timestamp 1705781268715
[2024-01-20T20:07:49.208+0000] {spark_submit.py:571} INFO - 24/01/20 20:07:49 INFO Utils: Copying /home/***/.ivy2/jars/com.datastax.spark_spark-cassandra-connector_2.12-3.4.1.jar to /tmp/spark-900bfa04-bb4f-48cd-933b-f02ade457e40/userFiles-be184c93-6ffd-45e3-9c6a-9549ab61cfa9/com.datastax.spark_spark-cassandra-connector_2.12-3.4.1.jar
[2024-01-20T20:07:49.214+0000] {spark_submit.py:571} INFO - 24/01/20 20:07:49 INFO SparkContext: Added file file:///home/***/.ivy2/jars/org.apache.spark_spark-sql-kafka-0-10_2.12-3.4.1.jar at spark://45c5bfab8aa1:42383/files/org.apache.spark_spark-sql-kafka-0-10_2.12-3.4.1.jar with timestamp 1705781268715
[2024-01-20T20:07:49.215+0000] {spark_submit.py:571} INFO - 24/01/20 20:07:49 INFO Utils: Copying /home/***/.ivy2/jars/org.apache.spark_spark-sql-kafka-0-10_2.12-3.4.1.jar to /tmp/spark-900bfa04-bb4f-48cd-933b-f02ade457e40/userFiles-be184c93-6ffd-45e3-9c6a-9549ab61cfa9/org.apache.spark_spark-sql-kafka-0-10_2.12-3.4.1.jar
[2024-01-20T20:07:49.217+0000] {spark_submit.py:571} INFO - 24/01/20 20:07:49 INFO SparkContext: Added file file:///home/***/.ivy2/jars/com.datastax.spark_spark-cassandra-connector-driver_2.12-3.4.1.jar at spark://45c5bfab8aa1:42383/files/com.datastax.spark_spark-cassandra-connector-driver_2.12-3.4.1.jar with timestamp 1705781268715
[2024-01-20T20:07:49.218+0000] {spark_submit.py:571} INFO - 24/01/20 20:07:49 INFO Utils: Copying /home/***/.ivy2/jars/com.datastax.spark_spark-cassandra-connector-driver_2.12-3.4.1.jar to /tmp/spark-900bfa04-bb4f-48cd-933b-f02ade457e40/userFiles-be184c93-6ffd-45e3-9c6a-9549ab61cfa9/com.datastax.spark_spark-cassandra-connector-driver_2.12-3.4.1.jar
[2024-01-20T20:07:49.221+0000] {spark_submit.py:571} INFO - 24/01/20 20:07:49 INFO SparkContext: Added file file:///home/***/.ivy2/jars/org.scala-lang.modules_scala-collection-compat_2.12-2.11.0.jar at spark://45c5bfab8aa1:42383/files/org.scala-lang.modules_scala-collection-compat_2.12-2.11.0.jar with timestamp 1705781268715
[2024-01-20T20:07:49.221+0000] {spark_submit.py:571} INFO - 24/01/20 20:07:49 INFO Utils: Copying /home/***/.ivy2/jars/org.scala-lang.modules_scala-collection-compat_2.12-2.11.0.jar to /tmp/spark-900bfa04-bb4f-48cd-933b-f02ade457e40/userFiles-be184c93-6ffd-45e3-9c6a-9549ab61cfa9/org.scala-lang.modules_scala-collection-compat_2.12-2.11.0.jar
[2024-01-20T20:07:49.224+0000] {spark_submit.py:571} INFO - 24/01/20 20:07:49 INFO SparkContext: Added file file:///home/***/.ivy2/jars/com.datastax.oss_java-driver-core-shaded-4.13.0.jar at spark://45c5bfab8aa1:42383/files/com.datastax.oss_java-driver-core-shaded-4.13.0.jar with timestamp 1705781268715
[2024-01-20T20:07:49.224+0000] {spark_submit.py:571} INFO - 24/01/20 20:07:49 INFO Utils: Copying /home/***/.ivy2/jars/com.datastax.oss_java-driver-core-shaded-4.13.0.jar to /tmp/spark-900bfa04-bb4f-48cd-933b-f02ade457e40/userFiles-be184c93-6ffd-45e3-9c6a-9549ab61cfa9/com.datastax.oss_java-driver-core-shaded-4.13.0.jar
[2024-01-20T20:07:49.238+0000] {spark_submit.py:571} INFO - 24/01/20 20:07:49 INFO SparkContext: Added file file:///home/***/.ivy2/jars/com.datastax.oss_java-driver-mapper-runtime-4.13.0.jar at spark://45c5bfab8aa1:42383/files/com.datastax.oss_java-driver-mapper-runtime-4.13.0.jar with timestamp 1705781268715
[2024-01-20T20:07:49.238+0000] {spark_submit.py:571} INFO - 24/01/20 20:07:49 INFO Utils: Copying /home/***/.ivy2/jars/com.datastax.oss_java-driver-mapper-runtime-4.13.0.jar to /tmp/spark-900bfa04-bb4f-48cd-933b-f02ade457e40/userFiles-be184c93-6ffd-45e3-9c6a-9549ab61cfa9/com.datastax.oss_java-driver-mapper-runtime-4.13.0.jar
[2024-01-20T20:07:49.241+0000] {spark_submit.py:571} INFO - 24/01/20 20:07:49 INFO SparkContext: Added file file:///home/***/.ivy2/jars/org.apache.commons_commons-lang3-3.10.jar at spark://45c5bfab8aa1:42383/files/org.apache.commons_commons-lang3-3.10.jar with timestamp 1705781268715
[2024-01-20T20:07:49.241+0000] {spark_submit.py:571} INFO - 24/01/20 20:07:49 INFO Utils: Copying /home/***/.ivy2/jars/org.apache.commons_commons-lang3-3.10.jar to /tmp/spark-900bfa04-bb4f-48cd-933b-f02ade457e40/userFiles-be184c93-6ffd-45e3-9c6a-9549ab61cfa9/org.apache.commons_commons-lang3-3.10.jar
[2024-01-20T20:07:49.244+0000] {spark_submit.py:571} INFO - 24/01/20 20:07:49 INFO SparkContext: Added file file:///home/***/.ivy2/jars/com.thoughtworks.paranamer_paranamer-2.8.jar at spark://45c5bfab8aa1:42383/files/com.thoughtworks.paranamer_paranamer-2.8.jar with timestamp 1705781268715
[2024-01-20T20:07:49.244+0000] {spark_submit.py:571} INFO - 24/01/20 20:07:49 INFO Utils: Copying /home/***/.ivy2/jars/com.thoughtworks.paranamer_paranamer-2.8.jar to /tmp/spark-900bfa04-bb4f-48cd-933b-f02ade457e40/userFiles-be184c93-6ffd-45e3-9c6a-9549ab61cfa9/com.thoughtworks.paranamer_paranamer-2.8.jar
[2024-01-20T20:07:49.246+0000] {spark_submit.py:571} INFO - 24/01/20 20:07:49 INFO SparkContext: Added file file:///home/***/.ivy2/jars/com.datastax.oss_native-protocol-1.5.0.jar at spark://45c5bfab8aa1:42383/files/com.datastax.oss_native-protocol-1.5.0.jar with timestamp 1705781268715
[2024-01-20T20:07:49.247+0000] {spark_submit.py:571} INFO - 24/01/20 20:07:49 INFO Utils: Copying /home/***/.ivy2/jars/com.datastax.oss_native-protocol-1.5.0.jar to /tmp/spark-900bfa04-bb4f-48cd-933b-f02ade457e40/userFiles-be184c93-6ffd-45e3-9c6a-9549ab61cfa9/com.datastax.oss_native-protocol-1.5.0.jar
[2024-01-20T20:07:49.249+0000] {spark_submit.py:571} INFO - 24/01/20 20:07:49 INFO SparkContext: Added file file:///home/***/.ivy2/jars/com.datastax.oss_java-driver-shaded-guava-25.1-jre-graal-sub-1.jar at spark://45c5bfab8aa1:42383/files/com.datastax.oss_java-driver-shaded-guava-25.1-jre-graal-sub-1.jar with timestamp 1705781268715
[2024-01-20T20:07:49.250+0000] {spark_submit.py:571} INFO - 24/01/20 20:07:49 INFO Utils: Copying /home/***/.ivy2/jars/com.datastax.oss_java-driver-shaded-guava-25.1-jre-graal-sub-1.jar to /tmp/spark-900bfa04-bb4f-48cd-933b-f02ade457e40/userFiles-be184c93-6ffd-45e3-9c6a-9549ab61cfa9/com.datastax.oss_java-driver-shaded-guava-25.1-jre-graal-sub-1.jar
[2024-01-20T20:07:49.254+0000] {spark_submit.py:571} INFO - 24/01/20 20:07:49 INFO SparkContext: Added file file:///home/***/.ivy2/jars/com.typesafe_config-1.4.1.jar at spark://45c5bfab8aa1:42383/files/com.typesafe_config-1.4.1.jar with timestamp 1705781268715
[2024-01-20T20:07:49.254+0000] {spark_submit.py:571} INFO - 24/01/20 20:07:49 INFO Utils: Copying /home/***/.ivy2/jars/com.typesafe_config-1.4.1.jar to /tmp/spark-900bfa04-bb4f-48cd-933b-f02ade457e40/userFiles-be184c93-6ffd-45e3-9c6a-9549ab61cfa9/com.typesafe_config-1.4.1.jar
[2024-01-20T20:07:49.257+0000] {spark_submit.py:571} INFO - 24/01/20 20:07:49 INFO SparkContext: Added file file:///home/***/.ivy2/jars/io.dropwizard.metrics_metrics-core-4.1.18.jar at spark://45c5bfab8aa1:42383/files/io.dropwizard.metrics_metrics-core-4.1.18.jar with timestamp 1705781268715
[2024-01-20T20:07:49.257+0000] {spark_submit.py:571} INFO - 24/01/20 20:07:49 INFO Utils: Copying /home/***/.ivy2/jars/io.dropwizard.metrics_metrics-core-4.1.18.jar to /tmp/spark-900bfa04-bb4f-48cd-933b-f02ade457e40/userFiles-be184c93-6ffd-45e3-9c6a-9549ab61cfa9/io.dropwizard.metrics_metrics-core-4.1.18.jar
[2024-01-20T20:07:49.260+0000] {spark_submit.py:571} INFO - 24/01/20 20:07:49 INFO SparkContext: Added file file:///home/***/.ivy2/jars/org.hdrhistogram_HdrHistogram-2.1.12.jar at spark://45c5bfab8aa1:42383/files/org.hdrhistogram_HdrHistogram-2.1.12.jar with timestamp 1705781268715
[2024-01-20T20:07:49.260+0000] {spark_submit.py:571} INFO - 24/01/20 20:07:49 INFO Utils: Copying /home/***/.ivy2/jars/org.hdrhistogram_HdrHistogram-2.1.12.jar to /tmp/spark-900bfa04-bb4f-48cd-933b-f02ade457e40/userFiles-be184c93-6ffd-45e3-9c6a-9549ab61cfa9/org.hdrhistogram_HdrHistogram-2.1.12.jar
[2024-01-20T20:07:49.263+0000] {spark_submit.py:571} INFO - 24/01/20 20:07:49 INFO SparkContext: Added file file:///home/***/.ivy2/jars/org.reactivestreams_reactive-streams-1.0.3.jar at spark://45c5bfab8aa1:42383/files/org.reactivestreams_reactive-streams-1.0.3.jar with timestamp 1705781268715
[2024-01-20T20:07:49.263+0000] {spark_submit.py:571} INFO - 24/01/20 20:07:49 INFO Utils: Copying /home/***/.ivy2/jars/org.reactivestreams_reactive-streams-1.0.3.jar to /tmp/spark-900bfa04-bb4f-48cd-933b-f02ade457e40/userFiles-be184c93-6ffd-45e3-9c6a-9549ab61cfa9/org.reactivestreams_reactive-streams-1.0.3.jar
[2024-01-20T20:07:49.265+0000] {spark_submit.py:571} INFO - 24/01/20 20:07:49 INFO SparkContext: Added file file:///home/***/.ivy2/jars/com.github.stephenc.jcip_jcip-annotations-1.0-1.jar at spark://45c5bfab8aa1:42383/files/com.github.stephenc.jcip_jcip-annotations-1.0-1.jar with timestamp 1705781268715
[2024-01-20T20:07:49.265+0000] {spark_submit.py:571} INFO - 24/01/20 20:07:49 INFO Utils: Copying /home/***/.ivy2/jars/com.github.stephenc.jcip_jcip-annotations-1.0-1.jar to /tmp/spark-900bfa04-bb4f-48cd-933b-f02ade457e40/userFiles-be184c93-6ffd-45e3-9c6a-9549ab61cfa9/com.github.stephenc.jcip_jcip-annotations-1.0-1.jar
[2024-01-20T20:07:49.267+0000] {spark_submit.py:571} INFO - 24/01/20 20:07:49 INFO SparkContext: Added file file:///home/***/.ivy2/jars/com.github.spotbugs_spotbugs-annotations-3.1.12.jar at spark://45c5bfab8aa1:42383/files/com.github.spotbugs_spotbugs-annotations-3.1.12.jar with timestamp 1705781268715
[2024-01-20T20:07:49.268+0000] {spark_submit.py:571} INFO - 24/01/20 20:07:49 INFO Utils: Copying /home/***/.ivy2/jars/com.github.spotbugs_spotbugs-annotations-3.1.12.jar to /tmp/spark-900bfa04-bb4f-48cd-933b-f02ade457e40/userFiles-be184c93-6ffd-45e3-9c6a-9549ab61cfa9/com.github.spotbugs_spotbugs-annotations-3.1.12.jar
[2024-01-20T20:07:49.270+0000] {spark_submit.py:571} INFO - 24/01/20 20:07:49 INFO SparkContext: Added file file:///home/***/.ivy2/jars/com.google.code.findbugs_jsr305-3.0.2.jar at spark://45c5bfab8aa1:42383/files/com.google.code.findbugs_jsr305-3.0.2.jar with timestamp 1705781268715
[2024-01-20T20:07:49.270+0000] {spark_submit.py:571} INFO - 24/01/20 20:07:49 INFO Utils: Copying /home/***/.ivy2/jars/com.google.code.findbugs_jsr305-3.0.2.jar to /tmp/spark-900bfa04-bb4f-48cd-933b-f02ade457e40/userFiles-be184c93-6ffd-45e3-9c6a-9549ab61cfa9/com.google.code.findbugs_jsr305-3.0.2.jar
[2024-01-20T20:07:49.272+0000] {spark_submit.py:571} INFO - 24/01/20 20:07:49 INFO SparkContext: Added file file:///home/***/.ivy2/jars/com.datastax.oss_java-driver-query-builder-4.13.0.jar at spark://45c5bfab8aa1:42383/files/com.datastax.oss_java-driver-query-builder-4.13.0.jar with timestamp 1705781268715
[2024-01-20T20:07:49.273+0000] {spark_submit.py:571} INFO - 24/01/20 20:07:49 INFO Utils: Copying /home/***/.ivy2/jars/com.datastax.oss_java-driver-query-builder-4.13.0.jar to /tmp/spark-900bfa04-bb4f-48cd-933b-f02ade457e40/userFiles-be184c93-6ffd-45e3-9c6a-9549ab61cfa9/com.datastax.oss_java-driver-query-builder-4.13.0.jar
[2024-01-20T20:07:49.278+0000] {spark_submit.py:571} INFO - 24/01/20 20:07:49 INFO SparkContext: Added file file:///home/***/.ivy2/jars/org.apache.spark_spark-token-provider-kafka-0-10_2.12-3.4.1.jar at spark://45c5bfab8aa1:42383/files/org.apache.spark_spark-token-provider-kafka-0-10_2.12-3.4.1.jar with timestamp 1705781268715
[2024-01-20T20:07:49.279+0000] {spark_submit.py:571} INFO - 24/01/20 20:07:49 INFO Utils: Copying /home/***/.ivy2/jars/org.apache.spark_spark-token-provider-kafka-0-10_2.12-3.4.1.jar to /tmp/spark-900bfa04-bb4f-48cd-933b-f02ade457e40/userFiles-be184c93-6ffd-45e3-9c6a-9549ab61cfa9/org.apache.spark_spark-token-provider-kafka-0-10_2.12-3.4.1.jar
[2024-01-20T20:07:49.282+0000] {spark_submit.py:571} INFO - 24/01/20 20:07:49 INFO SparkContext: Added file file:///home/***/.ivy2/jars/org.apache.kafka_kafka-clients-3.3.2.jar at spark://45c5bfab8aa1:42383/files/org.apache.kafka_kafka-clients-3.3.2.jar with timestamp 1705781268715
[2024-01-20T20:07:49.283+0000] {spark_submit.py:571} INFO - 24/01/20 20:07:49 INFO Utils: Copying /home/***/.ivy2/jars/org.apache.kafka_kafka-clients-3.3.2.jar to /tmp/spark-900bfa04-bb4f-48cd-933b-f02ade457e40/userFiles-be184c93-6ffd-45e3-9c6a-9549ab61cfa9/org.apache.kafka_kafka-clients-3.3.2.jar
[2024-01-20T20:07:49.291+0000] {spark_submit.py:571} INFO - 24/01/20 20:07:49 INFO SparkContext: Added file file:///home/***/.ivy2/jars/org.apache.commons_commons-pool2-2.11.1.jar at spark://45c5bfab8aa1:42383/files/org.apache.commons_commons-pool2-2.11.1.jar with timestamp 1705781268715
[2024-01-20T20:07:49.292+0000] {spark_submit.py:571} INFO - 24/01/20 20:07:49 INFO Utils: Copying /home/***/.ivy2/jars/org.apache.commons_commons-pool2-2.11.1.jar to /tmp/spark-900bfa04-bb4f-48cd-933b-f02ade457e40/userFiles-be184c93-6ffd-45e3-9c6a-9549ab61cfa9/org.apache.commons_commons-pool2-2.11.1.jar
[2024-01-20T20:07:49.297+0000] {spark_submit.py:571} INFO - 24/01/20 20:07:49 INFO SparkContext: Added file file:///home/***/.ivy2/jars/org.apache.hadoop_hadoop-client-runtime-3.3.4.jar at spark://45c5bfab8aa1:42383/files/org.apache.hadoop_hadoop-client-runtime-3.3.4.jar with timestamp 1705781268715
[2024-01-20T20:07:49.298+0000] {spark_submit.py:571} INFO - 24/01/20 20:07:49 INFO Utils: Copying /home/***/.ivy2/jars/org.apache.hadoop_hadoop-client-runtime-3.3.4.jar to /tmp/spark-900bfa04-bb4f-48cd-933b-f02ade457e40/userFiles-be184c93-6ffd-45e3-9c6a-9549ab61cfa9/org.apache.hadoop_hadoop-client-runtime-3.3.4.jar
[2024-01-20T20:07:49.321+0000] {spark_submit.py:571} INFO - 24/01/20 20:07:49 INFO SparkContext: Added file file:///home/***/.ivy2/jars/org.lz4_lz4-java-1.8.0.jar at spark://45c5bfab8aa1:42383/files/org.lz4_lz4-java-1.8.0.jar with timestamp 1705781268715
[2024-01-20T20:07:49.322+0000] {spark_submit.py:571} INFO - 24/01/20 20:07:49 INFO Utils: Copying /home/***/.ivy2/jars/org.lz4_lz4-java-1.8.0.jar to /tmp/spark-900bfa04-bb4f-48cd-933b-f02ade457e40/userFiles-be184c93-6ffd-45e3-9c6a-9549ab61cfa9/org.lz4_lz4-java-1.8.0.jar
[2024-01-20T20:07:49.325+0000] {spark_submit.py:571} INFO - 24/01/20 20:07:49 INFO SparkContext: Added file file:///home/***/.ivy2/jars/org.xerial.snappy_snappy-java-1.1.10.1.jar at spark://45c5bfab8aa1:42383/files/org.xerial.snappy_snappy-java-1.1.10.1.jar with timestamp 1705781268715
[2024-01-20T20:07:49.325+0000] {spark_submit.py:571} INFO - 24/01/20 20:07:49 INFO Utils: Copying /home/***/.ivy2/jars/org.xerial.snappy_snappy-java-1.1.10.1.jar to /tmp/spark-900bfa04-bb4f-48cd-933b-f02ade457e40/userFiles-be184c93-6ffd-45e3-9c6a-9549ab61cfa9/org.xerial.snappy_snappy-java-1.1.10.1.jar
[2024-01-20T20:07:49.334+0000] {spark_submit.py:571} INFO - 24/01/20 20:07:49 INFO SparkContext: Added file file:///home/***/.ivy2/jars/org.slf4j_slf4j-api-2.0.6.jar at spark://45c5bfab8aa1:42383/files/org.slf4j_slf4j-api-2.0.6.jar with timestamp 1705781268715
[2024-01-20T20:07:49.335+0000] {spark_submit.py:571} INFO - 24/01/20 20:07:49 INFO Utils: Copying /home/***/.ivy2/jars/org.slf4j_slf4j-api-2.0.6.jar to /tmp/spark-900bfa04-bb4f-48cd-933b-f02ade457e40/userFiles-be184c93-6ffd-45e3-9c6a-9549ab61cfa9/org.slf4j_slf4j-api-2.0.6.jar
[2024-01-20T20:07:49.337+0000] {spark_submit.py:571} INFO - 24/01/20 20:07:49 INFO SparkContext: Added file file:///home/***/.ivy2/jars/org.apache.hadoop_hadoop-client-api-3.3.4.jar at spark://45c5bfab8aa1:42383/files/org.apache.hadoop_hadoop-client-api-3.3.4.jar with timestamp 1705781268715
[2024-01-20T20:07:49.338+0000] {spark_submit.py:571} INFO - 24/01/20 20:07:49 INFO Utils: Copying /home/***/.ivy2/jars/org.apache.hadoop_hadoop-client-api-3.3.4.jar to /tmp/spark-900bfa04-bb4f-48cd-933b-f02ade457e40/userFiles-be184c93-6ffd-45e3-9c6a-9549ab61cfa9/org.apache.hadoop_hadoop-client-api-3.3.4.jar
[2024-01-20T20:07:49.354+0000] {spark_submit.py:571} INFO - 24/01/20 20:07:49 INFO SparkContext: Added file file:///home/***/.ivy2/jars/commons-logging_commons-logging-1.1.3.jar at spark://45c5bfab8aa1:42383/files/commons-logging_commons-logging-1.1.3.jar with timestamp 1705781268715
[2024-01-20T20:07:49.355+0000] {spark_submit.py:571} INFO - 24/01/20 20:07:49 INFO Utils: Copying /home/***/.ivy2/jars/commons-logging_commons-logging-1.1.3.jar to /tmp/spark-900bfa04-bb4f-48cd-933b-f02ade457e40/userFiles-be184c93-6ffd-45e3-9c6a-9549ab61cfa9/commons-logging_commons-logging-1.1.3.jar
[2024-01-20T20:07:49.410+0000] {spark_submit.py:571} INFO - 24/01/20 20:07:49 INFO StandaloneAppClient$ClientEndpoint: Connecting to master spark://172.19.0.5:7077...
[2024-01-20T20:07:49.439+0000] {spark_submit.py:571} INFO - 24/01/20 20:07:49 INFO TransportClientFactory: Successfully created connection to /172.19.0.5:7077 after 17 ms (0 ms spent in bootstraps)
[2024-01-20T20:07:49.507+0000] {spark_submit.py:571} INFO - 24/01/20 20:07:49 INFO StandaloneSchedulerBackend: Connected to Spark cluster with app ID app-20240120200749-0012
[2024-01-20T20:07:49.509+0000] {spark_submit.py:571} INFO - 24/01/20 20:07:49 INFO StandaloneAppClient$ClientEndpoint: Executor added: app-20240120200749-0012/0 on worker-20240120190212-172.19.0.7-41203 (172.19.0.7:41203) with 2 core(s)
[2024-01-20T20:07:49.511+0000] {spark_submit.py:571} INFO - 24/01/20 20:07:49 INFO StandaloneSchedulerBackend: Granted executor ID app-20240120200749-0012/0 on hostPort 172.19.0.7:41203 with 2 core(s), 1024.0 MiB RAM
[2024-01-20T20:07:49.514+0000] {spark_submit.py:571} INFO - 24/01/20 20:07:49 INFO Utils: Successfully started service 'org.apache.spark.network.netty.NettyBlockTransferService' on port 42377.
[2024-01-20T20:07:49.515+0000] {spark_submit.py:571} INFO - 24/01/20 20:07:49 INFO NettyBlockTransferService: Server created on 45c5bfab8aa1:42377
[2024-01-20T20:07:49.516+0000] {spark_submit.py:571} INFO - 24/01/20 20:07:49 INFO BlockManager: Using org.apache.spark.storage.RandomBlockReplicationPolicy for block replication policy
[2024-01-20T20:07:49.522+0000] {spark_submit.py:571} INFO - 24/01/20 20:07:49 INFO BlockManagerMaster: Registering BlockManager BlockManagerId(driver, 45c5bfab8aa1, 42377, None)
[2024-01-20T20:07:49.525+0000] {spark_submit.py:571} INFO - 24/01/20 20:07:49 INFO BlockManagerMasterEndpoint: Registering block manager 45c5bfab8aa1:42377 with 434.4 MiB RAM, BlockManagerId(driver, 45c5bfab8aa1, 42377, None)
[2024-01-20T20:07:49.528+0000] {spark_submit.py:571} INFO - 24/01/20 20:07:49 INFO BlockManagerMaster: Registered BlockManager BlockManagerId(driver, 45c5bfab8aa1, 42377, None)
[2024-01-20T20:07:49.530+0000] {spark_submit.py:571} INFO - 24/01/20 20:07:49 INFO BlockManager: Initialized BlockManager: BlockManagerId(driver, 45c5bfab8aa1, 42377, None)
[2024-01-20T20:07:49.540+0000] {spark_submit.py:571} INFO - 24/01/20 20:07:49 INFO StandaloneAppClient$ClientEndpoint: Executor updated: app-20240120200749-0012/0 is now RUNNING
[2024-01-20T20:07:49.680+0000] {spark_submit.py:571} INFO - 24/01/20 20:07:49 INFO StandaloneSchedulerBackend: SchedulerBackend is ready for scheduling beginning after reached minRegisteredResourcesRatio: 0.0
[2024-01-20T20:07:49.860+0000] {spark_submit.py:571} INFO - WARNING:cassandra.cluster:Cluster.__init__ called with contact_points specified, but no load_balancing_policy. In the next major version, this will raise an error; please specify a load-balancing policy. (contact_points = ['cassandra'], lbp = None)
[2024-01-20T20:07:49.862+0000] {spark_submit.py:571} INFO - WARNING:cassandra.cluster:Downgrading core protocol version from 66 to 65 for 172.19.0.4:9042. To avoid this, it is best practice to explicitly set Cluster(protocol_version) to the version supported by your cluster. http://datastax.github.io/python-driver/api/cassandra/cluster.html#cassandra.cluster.Cluster.protocol_version
[2024-01-20T20:07:49.863+0000] {spark_submit.py:571} INFO - WARNING:cassandra.cluster:Downgrading core protocol version from 65 to 5 for 172.19.0.4:9042. To avoid this, it is best practice to explicitly set Cluster(protocol_version) to the version supported by your cluster. http://datastax.github.io/python-driver/api/cassandra/cluster.html#cassandra.cluster.Cluster.protocol_version
[2024-01-20T20:07:49.886+0000] {spark_submit.py:571} INFO - Keyspace created successfully!
[2024-01-20T20:07:49.888+0000] {spark_submit.py:571} INFO - Table created successfully!
[2024-01-20T20:09:13.538+0000] {local_task_job_runner.py:115} ERROR - Received SIGTERM. Terminating subprocesses
[2024-01-20T20:09:13.539+0000] {process_utils.py:131} INFO - Sending 15 to group 1095. PIDs of all processes in the group: [1096, 1160, 1095]
[2024-01-20T20:09:13.540+0000] {process_utils.py:86} INFO - Sending the signal 15 to group 1095
[2024-01-20T20:09:13.541+0000] {taskinstance.py:1632} ERROR - Received SIGTERM. Terminating subprocesses.
[2024-01-20T20:09:13.542+0000] {spark_submit.py:697} INFO - Sending kill signal to spark-submit
[2024-01-20T20:09:13.562+0000] {taskinstance.py:1943} ERROR - Task failed with exception
Traceback (most recent call last):
  File "/home/airflow/.local/lib/python3.9/site-packages/airflow/providers/apache/spark/operators/spark_submit.py", line 174, in execute
    self._hook.submit(self._application)
  File "/home/airflow/.local/lib/python3.9/site-packages/airflow/providers/apache/spark/hooks/spark_submit.py", line 490, in submit
    self._process_spark_submit_log(iter(self._submit_sp.stdout))  # type: ignore
  File "/home/airflow/.local/lib/python3.9/site-packages/airflow/providers/apache/spark/hooks/spark_submit.py", line 539, in _process_spark_submit_log
    for line in itr:
  File "/home/airflow/.local/lib/python3.9/site-packages/airflow/models/taskinstance.py", line 1634, in signal_handler
    raise AirflowException("Task received SIGTERM signal")
airflow.exceptions.AirflowException: Task received SIGTERM signal
[2024-01-20T20:09:13.575+0000] {taskinstance.py:1400} INFO - Marking task as FAILED. dag_id=SpeedLayer_process_dag, task_id=submit_spark_job, execution_date=20240120T195448, start_date=20240120T200739, end_date=20240120T200913
[2024-01-20T20:09:13.593+0000] {standard_task_runner.py:104} ERROR - Failed to execute job 1230 for task submit_spark_job (Task received SIGTERM signal; 1095)
[2024-01-20T20:09:13.634+0000] {process_utils.py:79} INFO - Process psutil.Process(pid=1096, status='terminated', started='20:07:38') (1096) terminated with exit code None
[2024-01-20T20:09:13.635+0000] {process_utils.py:79} INFO - Process psutil.Process(pid=1160, status='terminated', started='20:07:40') (1160) terminated with exit code None
[2024-01-20T20:09:13.636+0000] {process_utils.py:79} INFO - Process psutil.Process(pid=1095, status='terminated', exitcode=1, started='20:07:38') (1095) terminated with exit code 1
[2024-01-20T20:09:13.636+0000] {local_task_job_runner.py:228} INFO - Task exited with return code 143
[2024-01-20T20:09:13.649+0000] {taskinstance.py:2784} INFO - 0 downstream tasks scheduled from follow-on schedule check
