[2024-01-17T23:21:56.901+0000] {taskinstance.py:1159} INFO - Dependencies all met for dep_context=non-requeueable deps ti=<TaskInstance: Stream_Data_5.Reddit scheduled__2024-01-17T23:20:51.547580+00:00 [queued]>
[2024-01-17T23:21:56.909+0000] {taskinstance.py:1159} INFO - Dependencies all met for dep_context=requeueable deps ti=<TaskInstance: Stream_Data_5.Reddit scheduled__2024-01-17T23:20:51.547580+00:00 [queued]>
[2024-01-17T23:21:56.910+0000] {taskinstance.py:1361} INFO - Starting attempt 1 of 1
[2024-01-17T23:21:56.925+0000] {taskinstance.py:1382} INFO - Executing <Task(PythonOperator): Reddit> on 2024-01-17 23:20:51.547580+00:00
[2024-01-17T23:21:56.929+0000] {standard_task_runner.py:57} INFO - Started process 10280 to run task
[2024-01-17T23:21:56.932+0000] {standard_task_runner.py:84} INFO - Running: ['***', 'tasks', 'run', 'Stream_Data_5', 'Reddit', 'scheduled__2024-01-17T23:20:51.547580+00:00', '--job-id', '1381', '--raw', '--subdir', 'DAGS_FOLDER/kafka_stream_5.py', '--cfg-path', '/tmp/tmpnja7mpf2']
[2024-01-17T23:21:56.934+0000] {standard_task_runner.py:85} INFO - Job 1381: Subtask Reddit
[2024-01-17T23:21:57.005+0000] {task_command.py:415} INFO - Running <TaskInstance: Stream_Data_5.Reddit scheduled__2024-01-17T23:20:51.547580+00:00 [running]> on host 614a419ad930
[2024-01-17T23:21:57.107+0000] {taskinstance.py:1660} INFO - Exporting env vars: AIRFLOW_CTX_DAG_OWNER='me' AIRFLOW_CTX_DAG_ID='Stream_Data_5' AIRFLOW_CTX_TASK_ID='Reddit' AIRFLOW_CTX_EXECUTION_DATE='2024-01-17T23:20:51.547580+00:00' AIRFLOW_CTX_TRY_NUMBER='1' AIRFLOW_CTX_DAG_RUN_ID='scheduled__2024-01-17T23:20:51.547580+00:00'
[2024-01-17T23:21:57.223+0000] {logging_mixin.py:151} INFO -  submission : 
[2024-01-17T23:21:57.932+0000] {logging_mixin.py:151} INFO - #False
[2024-01-17T23:21:57.933+0000] {logging_mixin.py:151} INFO - #False
[2024-01-17T23:21:57.933+0000] {logging_mixin.py:151} INFO - #False
[2024-01-17T23:21:57.933+0000] {logging_mixin.py:151} INFO - #False
[2024-01-17T23:21:57.933+0000] {logging_mixin.py:151} INFO - #False
[2024-01-17T23:21:57.933+0000] {logging_mixin.py:151} INFO - #False
[2024-01-17T23:21:57.933+0000] {logging_mixin.py:151} INFO - #False
[2024-01-17T23:21:57.933+0000] {logging_mixin.py:151} INFO - #False
[2024-01-17T23:21:57.933+0000] {logging_mixin.py:151} INFO - #False
[2024-01-17T23:21:57.933+0000] {logging_mixin.py:151} INFO - #False
[2024-01-17T23:21:57.933+0000] {logging_mixin.py:151} INFO - #False
[2024-01-17T23:21:57.933+0000] {logging_mixin.py:151} INFO - #False
[2024-01-17T23:21:57.933+0000] {logging_mixin.py:151} INFO - #False
[2024-01-17T23:21:57.933+0000] {logging_mixin.py:151} INFO - #False
[2024-01-17T23:21:57.933+0000] {logging_mixin.py:151} INFO - #False
[2024-01-17T23:21:57.933+0000] {logging_mixin.py:151} INFO - #False
[2024-01-17T23:21:57.933+0000] {logging_mixin.py:151} INFO - #False
[2024-01-17T23:21:57.934+0000] {logging_mixin.py:151} INFO - #False
[2024-01-17T23:21:57.934+0000] {logging_mixin.py:151} INFO - #False
[2024-01-17T23:21:57.934+0000] {logging_mixin.py:151} INFO - #False
[2024-01-17T23:21:57.934+0000] {logging_mixin.py:151} INFO - #False
[2024-01-17T23:21:57.934+0000] {logging_mixin.py:151} INFO - #False
[2024-01-17T23:21:57.934+0000] {logging_mixin.py:151} INFO - #False
[2024-01-17T23:21:57.934+0000] {logging_mixin.py:151} INFO - #False
[2024-01-17T23:21:57.934+0000] {logging_mixin.py:151} INFO - #False
[2024-01-17T23:21:57.934+0000] {logging_mixin.py:151} INFO - #False
[2024-01-17T23:21:57.934+0000] {logging_mixin.py:151} INFO - #False
[2024-01-17T23:21:57.934+0000] {logging_mixin.py:151} INFO - #False
[2024-01-17T23:21:57.934+0000] {logging_mixin.py:151} INFO - #False
[2024-01-17T23:21:57.934+0000] {logging_mixin.py:151} INFO - #False
[2024-01-17T23:21:57.934+0000] {logging_mixin.py:151} INFO -  submission : 
[2024-01-17T23:21:58.426+0000] {logging_mixin.py:151} INFO - #False
[2024-01-17T23:21:58.427+0000] {logging_mixin.py:151} INFO - #False
[2024-01-17T23:21:58.427+0000] {logging_mixin.py:151} INFO - #False
[2024-01-17T23:21:58.427+0000] {logging_mixin.py:151} INFO - #False
[2024-01-17T23:21:58.427+0000] {logging_mixin.py:151} INFO - #False
[2024-01-17T23:21:58.427+0000] {logging_mixin.py:151} INFO - #False
[2024-01-17T23:21:58.427+0000] {logging_mixin.py:151} INFO - #False
[2024-01-17T23:21:58.427+0000] {logging_mixin.py:151} INFO - #False
[2024-01-17T23:21:58.427+0000] {logging_mixin.py:151} INFO - #False
[2024-01-17T23:21:58.427+0000] {logging_mixin.py:151} INFO - #False
[2024-01-17T23:21:58.427+0000] {logging_mixin.py:151} INFO - #False
[2024-01-17T23:21:58.427+0000] {logging_mixin.py:151} INFO - #False
[2024-01-17T23:21:58.427+0000] {logging_mixin.py:151} INFO - #False
[2024-01-17T23:21:58.427+0000] {logging_mixin.py:151} INFO - #False
[2024-01-17T23:21:58.427+0000] {logging_mixin.py:151} INFO - #False
[2024-01-17T23:21:58.427+0000] {logging_mixin.py:151} INFO - #False
[2024-01-17T23:21:58.427+0000] {logging_mixin.py:151} INFO - #False
[2024-01-17T23:21:58.427+0000] {logging_mixin.py:151} INFO - #False
[2024-01-17T23:21:58.427+0000] {logging_mixin.py:151} INFO - #False
[2024-01-17T23:21:58.428+0000] {logging_mixin.py:151} INFO - #False
[2024-01-17T23:21:58.428+0000] {logging_mixin.py:151} INFO - #False
[2024-01-17T23:21:58.428+0000] {logging_mixin.py:151} INFO - #False
[2024-01-17T23:21:58.428+0000] {logging_mixin.py:151} INFO - #False
[2024-01-17T23:21:58.428+0000] {logging_mixin.py:151} INFO - #False
[2024-01-17T23:21:58.428+0000] {logging_mixin.py:151} INFO - #False
[2024-01-17T23:21:58.428+0000] {logging_mixin.py:151} INFO - #False
[2024-01-17T23:21:58.428+0000] {logging_mixin.py:151} INFO - #False
[2024-01-17T23:21:58.428+0000] {logging_mixin.py:151} INFO - #False
[2024-01-17T23:21:58.428+0000] {logging_mixin.py:151} INFO - #False
[2024-01-17T23:21:58.428+0000] {logging_mixin.py:151} INFO - #False
[2024-01-17T23:21:58.428+0000] {logging_mixin.py:151} INFO -  submission : 
[2024-01-17T23:21:58.949+0000] {logging_mixin.py:151} INFO - #False
[2024-01-17T23:21:58.950+0000] {logging_mixin.py:151} INFO - #False
[2024-01-17T23:21:58.950+0000] {logging_mixin.py:151} INFO - #False
[2024-01-17T23:21:58.950+0000] {logging_mixin.py:151} INFO - #False
[2024-01-17T23:21:58.950+0000] {logging_mixin.py:151} INFO - #False
[2024-01-17T23:21:58.950+0000] {logging_mixin.py:151} INFO - #False
[2024-01-17T23:21:58.950+0000] {logging_mixin.py:151} INFO - #False
[2024-01-17T23:21:58.950+0000] {logging_mixin.py:151} INFO - #False
[2024-01-17T23:21:58.950+0000] {logging_mixin.py:151} INFO - #False
[2024-01-17T23:21:58.950+0000] {logging_mixin.py:151} INFO - #False
[2024-01-17T23:21:58.950+0000] {logging_mixin.py:151} INFO - #False
[2024-01-17T23:21:58.950+0000] {logging_mixin.py:151} INFO - #False
[2024-01-17T23:21:58.950+0000] {logging_mixin.py:151} INFO - #False
[2024-01-17T23:21:58.950+0000] {logging_mixin.py:151} INFO - #False
[2024-01-17T23:21:58.950+0000] {logging_mixin.py:151} INFO - #False
[2024-01-17T23:21:58.950+0000] {logging_mixin.py:151} INFO - #False
[2024-01-17T23:21:58.951+0000] {logging_mixin.py:151} INFO - #False
[2024-01-17T23:21:58.951+0000] {logging_mixin.py:151} INFO - #False
[2024-01-17T23:21:58.951+0000] {logging_mixin.py:151} INFO - #False
[2024-01-17T23:21:58.951+0000] {logging_mixin.py:151} INFO - #False
[2024-01-17T23:21:58.951+0000] {logging_mixin.py:151} INFO - #False
[2024-01-17T23:21:58.951+0000] {logging_mixin.py:151} INFO - #False
[2024-01-17T23:21:58.951+0000] {logging_mixin.py:151} INFO - #False
[2024-01-17T23:21:58.951+0000] {logging_mixin.py:151} INFO - #False
[2024-01-17T23:21:58.951+0000] {logging_mixin.py:151} INFO - #False
[2024-01-17T23:21:58.951+0000] {logging_mixin.py:151} INFO - #False
[2024-01-17T23:21:58.951+0000] {logging_mixin.py:151} INFO - #False
[2024-01-17T23:21:58.951+0000] {logging_mixin.py:151} INFO - #False
[2024-01-17T23:21:58.951+0000] {logging_mixin.py:151} INFO - #False
[2024-01-17T23:21:58.951+0000] {logging_mixin.py:151} INFO - #False
[2024-01-17T23:21:58.951+0000] {logging_mixin.py:151} INFO -  submission : 
[2024-01-17T23:21:59.381+0000] {logging_mixin.py:151} INFO - #False
[2024-01-17T23:21:59.381+0000] {logging_mixin.py:151} INFO - #False
[2024-01-17T23:21:59.381+0000] {logging_mixin.py:151} INFO - #False
[2024-01-17T23:21:59.381+0000] {logging_mixin.py:151} INFO - #False
[2024-01-17T23:21:59.382+0000] {logging_mixin.py:151} INFO - #False
[2024-01-17T23:21:59.382+0000] {logging_mixin.py:151} INFO - #False
[2024-01-17T23:21:59.382+0000] {logging_mixin.py:151} INFO - #False
[2024-01-17T23:21:59.382+0000] {logging_mixin.py:151} INFO - #False
[2024-01-17T23:21:59.382+0000] {logging_mixin.py:151} INFO - #False
[2024-01-17T23:21:59.382+0000] {logging_mixin.py:151} INFO - #False
[2024-01-17T23:21:59.382+0000] {logging_mixin.py:151} INFO - #False
[2024-01-17T23:21:59.382+0000] {logging_mixin.py:151} INFO - #False
[2024-01-17T23:21:59.382+0000] {logging_mixin.py:151} INFO - #False
[2024-01-17T23:21:59.382+0000] {logging_mixin.py:151} INFO - #False
[2024-01-17T23:21:59.382+0000] {logging_mixin.py:151} INFO - #False
[2024-01-17T23:21:59.383+0000] {logging_mixin.py:151} INFO - #False
[2024-01-17T23:21:59.383+0000] {logging_mixin.py:151} INFO - #False
[2024-01-17T23:21:59.383+0000] {logging_mixin.py:151} INFO - #False
[2024-01-17T23:21:59.383+0000] {logging_mixin.py:151} INFO - #False
[2024-01-17T23:21:59.383+0000] {logging_mixin.py:151} INFO - #False
[2024-01-17T23:21:59.383+0000] {logging_mixin.py:151} INFO - #False
[2024-01-17T23:21:59.383+0000] {logging_mixin.py:151} INFO - #False
[2024-01-17T23:21:59.383+0000] {logging_mixin.py:151} INFO - #False
[2024-01-17T23:21:59.383+0000] {logging_mixin.py:151} INFO - #False
[2024-01-17T23:21:59.383+0000] {logging_mixin.py:151} INFO - #False
[2024-01-17T23:21:59.383+0000] {logging_mixin.py:151} INFO - #False
[2024-01-17T23:21:59.384+0000] {logging_mixin.py:151} INFO - #False
[2024-01-17T23:21:59.384+0000] {logging_mixin.py:151} INFO - #False
[2024-01-17T23:21:59.384+0000] {logging_mixin.py:151} INFO - #False
[2024-01-17T23:21:59.384+0000] {logging_mixin.py:151} INFO - #False
[2024-01-17T23:21:59.384+0000] {logging_mixin.py:151} INFO -  submission : 
[2024-01-17T23:21:59.820+0000] {logging_mixin.py:151} INFO - #False
[2024-01-17T23:21:59.821+0000] {logging_mixin.py:151} INFO - #False
[2024-01-17T23:21:59.821+0000] {logging_mixin.py:151} INFO - #False
[2024-01-17T23:21:59.821+0000] {logging_mixin.py:151} INFO - #False
[2024-01-17T23:21:59.821+0000] {logging_mixin.py:151} INFO - #False
[2024-01-17T23:21:59.821+0000] {logging_mixin.py:151} INFO - #False
[2024-01-17T23:21:59.821+0000] {logging_mixin.py:151} INFO - #False
[2024-01-17T23:21:59.821+0000] {logging_mixin.py:151} INFO - #False
[2024-01-17T23:21:59.821+0000] {logging_mixin.py:151} INFO - #False
[2024-01-17T23:21:59.821+0000] {logging_mixin.py:151} INFO - #False
[2024-01-17T23:21:59.821+0000] {logging_mixin.py:151} INFO - #False
[2024-01-17T23:21:59.821+0000] {logging_mixin.py:151} INFO - #False
[2024-01-17T23:21:59.821+0000] {logging_mixin.py:151} INFO - #False
[2024-01-17T23:21:59.821+0000] {logging_mixin.py:151} INFO - #False
[2024-01-17T23:21:59.822+0000] {logging_mixin.py:151} INFO - #False
[2024-01-17T23:21:59.822+0000] {logging_mixin.py:151} INFO - #False
[2024-01-17T23:21:59.822+0000] {logging_mixin.py:151} INFO - #False
[2024-01-17T23:21:59.822+0000] {logging_mixin.py:151} INFO - #False
[2024-01-17T23:21:59.822+0000] {logging_mixin.py:151} INFO - #False
[2024-01-17T23:21:59.822+0000] {logging_mixin.py:151} INFO - #False
[2024-01-17T23:21:59.822+0000] {logging_mixin.py:151} INFO - #False
[2024-01-17T23:21:59.822+0000] {logging_mixin.py:151} INFO - #False
[2024-01-17T23:21:59.822+0000] {logging_mixin.py:151} INFO - #False
[2024-01-17T23:21:59.822+0000] {logging_mixin.py:151} INFO - #False
[2024-01-17T23:21:59.823+0000] {logging_mixin.py:151} INFO - #False
[2024-01-17T23:21:59.823+0000] {logging_mixin.py:151} INFO - #False
[2024-01-17T23:21:59.823+0000] {logging_mixin.py:151} INFO - #False
[2024-01-17T23:21:59.823+0000] {logging_mixin.py:151} INFO - #False
[2024-01-17T23:21:59.823+0000] {logging_mixin.py:151} INFO - #False
[2024-01-17T23:21:59.823+0000] {logging_mixin.py:151} INFO - #False
[2024-01-17T23:21:59.823+0000] {logging_mixin.py:151} INFO -  submission : 
[2024-01-17T23:22:00.367+0000] {logging_mixin.py:151} INFO - #False
[2024-01-17T23:22:00.367+0000] {logging_mixin.py:151} INFO - #False
[2024-01-17T23:22:00.367+0000] {logging_mixin.py:151} INFO - #False
[2024-01-17T23:22:00.367+0000] {logging_mixin.py:151} INFO - #False
[2024-01-17T23:22:00.367+0000] {logging_mixin.py:151} INFO - #False
[2024-01-17T23:22:00.367+0000] {logging_mixin.py:151} INFO - #False
[2024-01-17T23:22:00.367+0000] {logging_mixin.py:151} INFO - #False
[2024-01-17T23:22:00.367+0000] {logging_mixin.py:151} INFO - #False
[2024-01-17T23:22:00.367+0000] {logging_mixin.py:151} INFO - #False
[2024-01-17T23:22:00.368+0000] {logging_mixin.py:151} INFO - #False
[2024-01-17T23:22:00.368+0000] {logging_mixin.py:151} INFO - #False
[2024-01-17T23:22:00.368+0000] {logging_mixin.py:151} INFO - #False
[2024-01-17T23:22:00.368+0000] {logging_mixin.py:151} INFO - #False
[2024-01-17T23:22:00.368+0000] {logging_mixin.py:151} INFO - #False
[2024-01-17T23:22:00.368+0000] {logging_mixin.py:151} INFO - #False
[2024-01-17T23:22:00.368+0000] {logging_mixin.py:151} INFO - #False
[2024-01-17T23:22:00.368+0000] {logging_mixin.py:151} INFO - #False
[2024-01-17T23:22:00.368+0000] {logging_mixin.py:151} INFO - #False
[2024-01-17T23:22:00.368+0000] {logging_mixin.py:151} INFO - #False
[2024-01-17T23:22:00.368+0000] {logging_mixin.py:151} INFO - #False
[2024-01-17T23:22:00.368+0000] {logging_mixin.py:151} INFO - #False
[2024-01-17T23:22:00.368+0000] {logging_mixin.py:151} INFO - #False
[2024-01-17T23:22:00.368+0000] {logging_mixin.py:151} INFO - #False
[2024-01-17T23:22:00.368+0000] {logging_mixin.py:151} INFO - #False
[2024-01-17T23:22:00.369+0000] {logging_mixin.py:151} INFO - #False
[2024-01-17T23:22:00.369+0000] {logging_mixin.py:151} INFO - #False
[2024-01-17T23:22:00.369+0000] {logging_mixin.py:151} INFO - #False
[2024-01-17T23:22:00.369+0000] {logging_mixin.py:151} INFO - #False
[2024-01-17T23:22:00.369+0000] {logging_mixin.py:151} INFO - #False
[2024-01-17T23:22:00.369+0000] {logging_mixin.py:151} INFO - #False
[2024-01-17T23:22:00.369+0000] {logging_mixin.py:151} INFO -  submission : 
[2024-01-17T23:22:00.912+0000] {logging_mixin.py:151} INFO - #False
[2024-01-17T23:22:00.912+0000] {logging_mixin.py:151} INFO - #False
[2024-01-17T23:22:00.912+0000] {logging_mixin.py:151} INFO - #False
[2024-01-17T23:22:00.912+0000] {logging_mixin.py:151} INFO - #False
[2024-01-17T23:22:00.912+0000] {logging_mixin.py:151} INFO - #False
[2024-01-17T23:22:00.912+0000] {logging_mixin.py:151} INFO - #False
[2024-01-17T23:22:00.912+0000] {logging_mixin.py:151} INFO - #False
[2024-01-17T23:22:00.912+0000] {logging_mixin.py:151} INFO - #False
[2024-01-17T23:22:00.912+0000] {logging_mixin.py:151} INFO - #False
[2024-01-17T23:22:00.912+0000] {logging_mixin.py:151} INFO - #False
[2024-01-17T23:22:00.912+0000] {logging_mixin.py:151} INFO - #False
[2024-01-17T23:22:00.912+0000] {logging_mixin.py:151} INFO - #False
[2024-01-17T23:22:00.913+0000] {logging_mixin.py:151} INFO - #False
[2024-01-17T23:22:00.913+0000] {logging_mixin.py:151} INFO - #False
[2024-01-17T23:22:00.913+0000] {logging_mixin.py:151} INFO - #False
[2024-01-17T23:22:00.913+0000] {logging_mixin.py:151} INFO - #False
[2024-01-17T23:22:00.913+0000] {logging_mixin.py:151} INFO - #False
[2024-01-17T23:22:00.913+0000] {logging_mixin.py:151} INFO - #False
[2024-01-17T23:22:00.913+0000] {logging_mixin.py:151} INFO - #False
[2024-01-17T23:22:00.913+0000] {logging_mixin.py:151} INFO - #False
[2024-01-17T23:22:00.913+0000] {logging_mixin.py:151} INFO - #False
[2024-01-17T23:22:00.913+0000] {logging_mixin.py:151} INFO - #False
[2024-01-17T23:22:00.913+0000] {logging_mixin.py:151} INFO - #False
[2024-01-17T23:22:00.913+0000] {logging_mixin.py:151} INFO - #False
[2024-01-17T23:22:00.913+0000] {logging_mixin.py:151} INFO - #False
[2024-01-17T23:22:00.913+0000] {logging_mixin.py:151} INFO - #False
[2024-01-17T23:22:00.914+0000] {logging_mixin.py:151} INFO - #False
[2024-01-17T23:22:00.914+0000] {logging_mixin.py:151} INFO - #False
[2024-01-17T23:22:00.914+0000] {logging_mixin.py:151} INFO - #False
[2024-01-17T23:22:00.914+0000] {logging_mixin.py:151} INFO - #False
[2024-01-17T23:22:00.914+0000] {logging_mixin.py:151} INFO -  submission : 
[2024-01-17T23:22:01.508+0000] {logging_mixin.py:151} INFO - #False
[2024-01-17T23:22:01.508+0000] {logging_mixin.py:151} INFO - #False
[2024-01-17T23:22:01.509+0000] {logging_mixin.py:151} INFO - #False
[2024-01-17T23:22:01.510+0000] {logging_mixin.py:151} INFO - #False
[2024-01-17T23:22:01.510+0000] {logging_mixin.py:151} INFO - #False
[2024-01-17T23:22:01.510+0000] {logging_mixin.py:151} INFO - #False
[2024-01-17T23:22:01.510+0000] {logging_mixin.py:151} INFO - #False
[2024-01-17T23:22:01.510+0000] {logging_mixin.py:151} INFO - #False
[2024-01-17T23:22:01.510+0000] {logging_mixin.py:151} INFO - #False
[2024-01-17T23:22:01.511+0000] {logging_mixin.py:151} INFO - #False
[2024-01-17T23:22:01.511+0000] {logging_mixin.py:151} INFO - #False
[2024-01-17T23:22:01.511+0000] {logging_mixin.py:151} INFO - #False
[2024-01-17T23:22:01.511+0000] {logging_mixin.py:151} INFO - #False
[2024-01-17T23:22:01.511+0000] {logging_mixin.py:151} INFO - #False
[2024-01-17T23:22:01.512+0000] {logging_mixin.py:151} INFO - #False
[2024-01-17T23:22:01.512+0000] {logging_mixin.py:151} INFO - #False
[2024-01-17T23:22:01.512+0000] {logging_mixin.py:151} INFO - #False
[2024-01-17T23:22:01.512+0000] {logging_mixin.py:151} INFO - #False
[2024-01-17T23:22:01.512+0000] {logging_mixin.py:151} INFO - #False
[2024-01-17T23:22:01.512+0000] {logging_mixin.py:151} INFO - #False
[2024-01-17T23:22:01.513+0000] {logging_mixin.py:151} INFO - #False
[2024-01-17T23:22:01.513+0000] {logging_mixin.py:151} INFO - #False
[2024-01-17T23:22:01.513+0000] {logging_mixin.py:151} INFO - #False
[2024-01-17T23:22:01.513+0000] {logging_mixin.py:151} INFO - #False
[2024-01-17T23:22:01.513+0000] {logging_mixin.py:151} INFO - #False
[2024-01-17T23:22:01.513+0000] {logging_mixin.py:151} INFO - #False
[2024-01-17T23:22:01.514+0000] {logging_mixin.py:151} INFO - #False
[2024-01-17T23:22:01.514+0000] {logging_mixin.py:151} INFO - #False
[2024-01-17T23:22:01.514+0000] {logging_mixin.py:151} INFO - #False
[2024-01-17T23:22:01.514+0000] {logging_mixin.py:151} INFO - #False
[2024-01-17T23:22:01.514+0000] {python.py:194} INFO - Done. Returned value was: None
[2024-01-17T23:22:01.528+0000] {taskinstance.py:1400} INFO - Marking task as SUCCESS. dag_id=Stream_Data_5, task_id=Reddit, execution_date=20240117T232051, start_date=20240117T232156, end_date=20240117T232201
[2024-01-17T23:22:01.567+0000] {local_task_job_runner.py:228} INFO - Task exited with return code 0
[2024-01-17T23:22:01.583+0000] {taskinstance.py:2784} INFO - 0 downstream tasks scheduled from follow-on schedule check
