[2024-01-17T05:02:25.856+0000] {taskinstance.py:1159} INFO - Dependencies all met for dep_context=non-requeueable deps ti=<TaskInstance: Stream_Data_1.Reddit scheduled__2024-01-17T05:00:38.857716+00:00 [queued]>
[2024-01-17T05:02:25.862+0000] {taskinstance.py:1159} INFO - Dependencies all met for dep_context=requeueable deps ti=<TaskInstance: Stream_Data_1.Reddit scheduled__2024-01-17T05:00:38.857716+00:00 [queued]>
[2024-01-17T05:02:25.862+0000] {taskinstance.py:1361} INFO - Starting attempt 1 of 1
[2024-01-17T05:02:25.872+0000] {taskinstance.py:1382} INFO - Executing <Task(PythonOperator): Reddit> on 2024-01-17 05:00:38.857716+00:00
[2024-01-17T05:02:25.874+0000] {standard_task_runner.py:57} INFO - Started process 28037 to run task
[2024-01-17T05:02:25.876+0000] {standard_task_runner.py:84} INFO - Running: ['***', 'tasks', 'run', 'Stream_Data_1', 'Reddit', 'scheduled__2024-01-17T05:00:38.857716+00:00', '--job-id', '289', '--raw', '--subdir', 'DAGS_FOLDER/kafka_stream.py', '--cfg-path', '/tmp/tmpe5ygfgq2']
[2024-01-17T05:02:25.877+0000] {standard_task_runner.py:85} INFO - Job 289: Subtask Reddit
[2024-01-17T05:02:25.914+0000] {task_command.py:415} INFO - Running <TaskInstance: Stream_Data_1.Reddit scheduled__2024-01-17T05:00:38.857716+00:00 [running]> on host 614a419ad930
[2024-01-17T05:02:25.967+0000] {taskinstance.py:1660} INFO - Exporting env vars: AIRFLOW_CTX_DAG_OWNER='me' AIRFLOW_CTX_DAG_ID='Stream_Data_1' AIRFLOW_CTX_TASK_ID='Reddit' AIRFLOW_CTX_EXECUTION_DATE='2024-01-17T05:00:38.857716+00:00' AIRFLOW_CTX_TRY_NUMBER='1' AIRFLOW_CTX_DAG_RUN_ID='scheduled__2024-01-17T05:00:38.857716+00:00'
[2024-01-17T05:02:25.994+0000] {logging_mixin.py:151} INFO -  submission : 
[2024-01-17T05:02:26.858+0000] {logging_mixin.py:151} INFO - #False
[2024-01-17T05:02:26.858+0000] {logging_mixin.py:151} INFO - #False
[2024-01-17T05:02:26.858+0000] {logging_mixin.py:151} INFO - #False
[2024-01-17T05:02:26.858+0000] {logging_mixin.py:151} INFO - #False
[2024-01-17T05:02:26.858+0000] {logging_mixin.py:151} INFO - #False
[2024-01-17T05:02:26.858+0000] {logging_mixin.py:151} INFO - #False
[2024-01-17T05:02:26.858+0000] {logging_mixin.py:151} INFO - #False
[2024-01-17T05:02:26.858+0000] {logging_mixin.py:151} INFO - #False
[2024-01-17T05:02:26.858+0000] {logging_mixin.py:151} INFO - #False
[2024-01-17T05:02:26.858+0000] {logging_mixin.py:151} INFO - #False
[2024-01-17T05:02:26.858+0000] {logging_mixin.py:151} INFO - #False
[2024-01-17T05:02:26.858+0000] {logging_mixin.py:151} INFO - #False
[2024-01-17T05:02:26.858+0000] {logging_mixin.py:151} INFO - #False
[2024-01-17T05:02:26.858+0000] {logging_mixin.py:151} INFO - #False
[2024-01-17T05:02:26.859+0000] {logging_mixin.py:151} INFO - #False
[2024-01-17T05:02:26.859+0000] {logging_mixin.py:151} INFO - #False
[2024-01-17T05:02:26.859+0000] {logging_mixin.py:151} INFO - #False
[2024-01-17T05:02:26.859+0000] {logging_mixin.py:151} INFO - #False
[2024-01-17T05:02:26.859+0000] {logging_mixin.py:151} INFO - #False
[2024-01-17T05:02:26.859+0000] {logging_mixin.py:151} INFO - #False
[2024-01-17T05:02:26.859+0000] {logging_mixin.py:151} INFO - #False
[2024-01-17T05:02:26.859+0000] {logging_mixin.py:151} INFO - #False
[2024-01-17T05:02:26.859+0000] {logging_mixin.py:151} INFO - #False
[2024-01-17T05:02:26.859+0000] {logging_mixin.py:151} INFO - #False
[2024-01-17T05:02:26.859+0000] {logging_mixin.py:151} INFO - #False
[2024-01-17T05:02:26.859+0000] {logging_mixin.py:151} INFO - #False
[2024-01-17T05:02:26.859+0000] {logging_mixin.py:151} INFO - #False
[2024-01-17T05:02:26.859+0000] {logging_mixin.py:151} INFO - #False
[2024-01-17T05:02:26.859+0000] {logging_mixin.py:151} INFO - #False
[2024-01-17T05:02:26.859+0000] {logging_mixin.py:151} INFO - #False
[2024-01-17T05:02:26.859+0000] {logging_mixin.py:151} INFO -  submission : 
[2024-01-17T05:02:27.526+0000] {logging_mixin.py:151} INFO - #False
[2024-01-17T05:02:27.527+0000] {logging_mixin.py:151} INFO - #False
[2024-01-17T05:02:27.527+0000] {logging_mixin.py:151} INFO - #False
[2024-01-17T05:02:27.527+0000] {logging_mixin.py:151} INFO - #False
[2024-01-17T05:02:27.527+0000] {logging_mixin.py:151} INFO - #False
[2024-01-17T05:02:27.527+0000] {logging_mixin.py:151} INFO - #False
[2024-01-17T05:02:27.527+0000] {logging_mixin.py:151} INFO - #False
[2024-01-17T05:02:27.527+0000] {logging_mixin.py:151} INFO - #False
[2024-01-17T05:02:27.527+0000] {logging_mixin.py:151} INFO - #False
[2024-01-17T05:02:27.527+0000] {logging_mixin.py:151} INFO - #False
[2024-01-17T05:02:27.527+0000] {logging_mixin.py:151} INFO - #False
[2024-01-17T05:02:27.527+0000] {logging_mixin.py:151} INFO - #False
[2024-01-17T05:02:27.527+0000] {logging_mixin.py:151} INFO - #False
[2024-01-17T05:02:27.527+0000] {logging_mixin.py:151} INFO - #False
[2024-01-17T05:02:27.527+0000] {logging_mixin.py:151} INFO - #False
[2024-01-17T05:02:27.527+0000] {logging_mixin.py:151} INFO - #False
[2024-01-17T05:02:27.528+0000] {logging_mixin.py:151} INFO - #False
[2024-01-17T05:02:27.528+0000] {logging_mixin.py:151} INFO - #False
[2024-01-17T05:02:27.528+0000] {logging_mixin.py:151} INFO - #False
[2024-01-17T05:02:27.528+0000] {logging_mixin.py:151} INFO - #False
[2024-01-17T05:02:27.528+0000] {logging_mixin.py:151} INFO - #False
[2024-01-17T05:02:27.528+0000] {logging_mixin.py:151} INFO - #False
[2024-01-17T05:02:27.528+0000] {logging_mixin.py:151} INFO - #False
[2024-01-17T05:02:27.528+0000] {logging_mixin.py:151} INFO - #False
[2024-01-17T05:02:27.528+0000] {logging_mixin.py:151} INFO - #False
[2024-01-17T05:02:27.528+0000] {logging_mixin.py:151} INFO - #False
[2024-01-17T05:02:27.528+0000] {logging_mixin.py:151} INFO - #False
[2024-01-17T05:02:27.528+0000] {logging_mixin.py:151} INFO - #False
[2024-01-17T05:02:27.528+0000] {logging_mixin.py:151} INFO - #False
[2024-01-17T05:02:27.528+0000] {logging_mixin.py:151} INFO - #False
[2024-01-17T05:02:27.528+0000] {logging_mixin.py:151} INFO -  submission : 
[2024-01-17T05:02:28.096+0000] {logging_mixin.py:151} INFO - @True
[2024-01-17T05:02:28.097+0000] {conn.py:380} INFO - <BrokerConnection node_id=bootstrap-0 host=broker:29092 <connecting> [IPv4 ('192.168.224.8', 29092)]>: connecting to broker:29092 [('192.168.224.8', 29092) IPv4]
[2024-01-17T05:02:28.097+0000] {conn.py:1205} INFO - Probing node bootstrap-0 broker version
[2024-01-17T05:02:28.098+0000] {conn.py:410} INFO - <BrokerConnection node_id=bootstrap-0 host=broker:29092 <connecting> [IPv4 ('192.168.224.8', 29092)]>: Connection complete.
[2024-01-17T05:02:28.201+0000] {conn.py:1267} INFO - Broker version identified as 2.5.0
[2024-01-17T05:02:28.202+0000] {conn.py:1268} INFO - Set configuration api_version=(2, 5, 0) to skip auto check_version requests on startup
[2024-01-17T05:02:28.205+0000] {logging_mixin.py:151} INFO - #False
[2024-01-17T05:02:28.206+0000] {logging_mixin.py:151} INFO - #False
[2024-01-17T05:02:28.206+0000] {logging_mixin.py:151} INFO - #False
[2024-01-17T05:02:28.206+0000] {logging_mixin.py:151} INFO - #False
[2024-01-17T05:02:28.206+0000] {logging_mixin.py:151} INFO - #False
[2024-01-17T05:02:28.206+0000] {logging_mixin.py:151} INFO - #False
[2024-01-17T05:02:28.206+0000] {logging_mixin.py:151} INFO - #False
[2024-01-17T05:02:28.206+0000] {logging_mixin.py:151} INFO - #False
[2024-01-17T05:02:28.206+0000] {logging_mixin.py:151} INFO - #False
[2024-01-17T05:02:28.206+0000] {logging_mixin.py:151} INFO - #False
[2024-01-17T05:02:28.206+0000] {logging_mixin.py:151} INFO - #False
[2024-01-17T05:02:28.206+0000] {logging_mixin.py:151} INFO - #False
[2024-01-17T05:02:28.206+0000] {logging_mixin.py:151} INFO - #False
[2024-01-17T05:02:28.206+0000] {logging_mixin.py:151} INFO - #False
[2024-01-17T05:02:28.206+0000] {logging_mixin.py:151} INFO - #False
[2024-01-17T05:02:28.206+0000] {logging_mixin.py:151} INFO - #False
[2024-01-17T05:02:28.206+0000] {logging_mixin.py:151} INFO - #False
[2024-01-17T05:02:28.206+0000] {logging_mixin.py:151} INFO - #False
[2024-01-17T05:02:28.206+0000] {logging_mixin.py:151} INFO - #False
[2024-01-17T05:02:28.207+0000] {logging_mixin.py:151} INFO - #False
[2024-01-17T05:02:28.207+0000] {logging_mixin.py:151} INFO - #False
[2024-01-17T05:02:28.207+0000] {logging_mixin.py:151} INFO - #False
[2024-01-17T05:02:28.207+0000] {logging_mixin.py:151} INFO - #False
[2024-01-17T05:02:28.207+0000] {logging_mixin.py:151} INFO - #False
[2024-01-17T05:02:28.207+0000] {logging_mixin.py:151} INFO - #False
[2024-01-17T05:02:28.207+0000] {logging_mixin.py:151} INFO - #False
[2024-01-17T05:02:28.207+0000] {logging_mixin.py:151} INFO - #False
[2024-01-17T05:02:28.207+0000] {logging_mixin.py:151} INFO - #False
[2024-01-17T05:02:28.207+0000] {logging_mixin.py:151} INFO - #False
[2024-01-17T05:02:28.207+0000] {logging_mixin.py:151} INFO -  submission : 
[2024-01-17T05:02:28.210+0000] {conn.py:380} INFO - <BrokerConnection node_id=1 host=broker:29092 <connecting> [IPv4 ('192.168.224.8', 29092)]>: connecting to broker:29092 [('192.168.224.8', 29092) IPv4]
[2024-01-17T05:02:28.210+0000] {conn.py:410} INFO - <BrokerConnection node_id=1 host=broker:29092 <connecting> [IPv4 ('192.168.224.8', 29092)]>: Connection complete.
[2024-01-17T05:02:28.210+0000] {conn.py:919} INFO - <BrokerConnection node_id=bootstrap-0 host=broker:29092 <connected> [IPv4 ('192.168.224.8', 29092)]>: Closing connection. 
[2024-01-17T05:02:28.611+0000] {logging_mixin.py:151} INFO - #False
[2024-01-17T05:02:28.611+0000] {logging_mixin.py:151} INFO - #False
[2024-01-17T05:02:28.611+0000] {logging_mixin.py:151} INFO - #False
[2024-01-17T05:02:28.611+0000] {logging_mixin.py:151} INFO - #False
[2024-01-17T05:02:28.611+0000] {logging_mixin.py:151} INFO - #False
[2024-01-17T05:02:28.611+0000] {logging_mixin.py:151} INFO - #False
[2024-01-17T05:02:28.611+0000] {logging_mixin.py:151} INFO - #False
[2024-01-17T05:02:28.612+0000] {logging_mixin.py:151} INFO - #False
[2024-01-17T05:02:28.612+0000] {logging_mixin.py:151} INFO - #False
[2024-01-17T05:02:28.612+0000] {logging_mixin.py:151} INFO - #False
[2024-01-17T05:02:28.612+0000] {logging_mixin.py:151} INFO - #False
[2024-01-17T05:02:28.612+0000] {logging_mixin.py:151} INFO - #False
[2024-01-17T05:02:28.612+0000] {logging_mixin.py:151} INFO - #False
[2024-01-17T05:02:28.612+0000] {logging_mixin.py:151} INFO - #False
[2024-01-17T05:02:28.612+0000] {logging_mixin.py:151} INFO - #False
[2024-01-17T05:02:28.612+0000] {logging_mixin.py:151} INFO - #False
[2024-01-17T05:02:28.612+0000] {logging_mixin.py:151} INFO - #False
[2024-01-17T05:02:28.612+0000] {logging_mixin.py:151} INFO - #False
[2024-01-17T05:02:28.612+0000] {logging_mixin.py:151} INFO - #False
[2024-01-17T05:02:28.612+0000] {logging_mixin.py:151} INFO - #False
[2024-01-17T05:02:28.612+0000] {logging_mixin.py:151} INFO - #False
[2024-01-17T05:02:28.612+0000] {logging_mixin.py:151} INFO - #False
[2024-01-17T05:02:28.612+0000] {logging_mixin.py:151} INFO - #False
[2024-01-17T05:02:28.612+0000] {logging_mixin.py:151} INFO - #False
[2024-01-17T05:02:28.612+0000] {logging_mixin.py:151} INFO - #False
[2024-01-17T05:02:28.612+0000] {logging_mixin.py:151} INFO - #False
[2024-01-17T05:02:28.613+0000] {logging_mixin.py:151} INFO - #False
[2024-01-17T05:02:28.613+0000] {logging_mixin.py:151} INFO - #False
[2024-01-17T05:02:28.613+0000] {logging_mixin.py:151} INFO - #False
[2024-01-17T05:02:28.613+0000] {logging_mixin.py:151} INFO - #False
[2024-01-17T05:02:28.613+0000] {logging_mixin.py:151} INFO -  submission : 
[2024-01-17T05:02:29.174+0000] {logging_mixin.py:151} INFO - #False
[2024-01-17T05:02:29.174+0000] {logging_mixin.py:151} INFO - #False
[2024-01-17T05:02:29.174+0000] {logging_mixin.py:151} INFO - #False
[2024-01-17T05:02:29.174+0000] {logging_mixin.py:151} INFO - #False
[2024-01-17T05:02:29.174+0000] {logging_mixin.py:151} INFO - #False
[2024-01-17T05:02:29.174+0000] {logging_mixin.py:151} INFO - #False
[2024-01-17T05:02:29.174+0000] {logging_mixin.py:151} INFO - #False
[2024-01-17T05:02:29.174+0000] {logging_mixin.py:151} INFO - #False
[2024-01-17T05:02:29.174+0000] {logging_mixin.py:151} INFO - #False
[2024-01-17T05:02:29.174+0000] {logging_mixin.py:151} INFO - #False
[2024-01-17T05:02:29.175+0000] {logging_mixin.py:151} INFO - #False
[2024-01-17T05:02:29.175+0000] {logging_mixin.py:151} INFO - #False
[2024-01-17T05:02:29.175+0000] {logging_mixin.py:151} INFO - #False
[2024-01-17T05:02:29.175+0000] {logging_mixin.py:151} INFO - #False
[2024-01-17T05:02:29.175+0000] {logging_mixin.py:151} INFO - #False
[2024-01-17T05:02:29.175+0000] {logging_mixin.py:151} INFO - #False
[2024-01-17T05:02:29.175+0000] {logging_mixin.py:151} INFO - #False
[2024-01-17T05:02:29.175+0000] {logging_mixin.py:151} INFO - #False
[2024-01-17T05:02:29.175+0000] {logging_mixin.py:151} INFO - #False
[2024-01-17T05:02:29.175+0000] {logging_mixin.py:151} INFO - #False
[2024-01-17T05:02:29.175+0000] {logging_mixin.py:151} INFO - #False
[2024-01-17T05:02:29.175+0000] {logging_mixin.py:151} INFO - #False
[2024-01-17T05:02:29.175+0000] {logging_mixin.py:151} INFO - #False
[2024-01-17T05:02:29.175+0000] {logging_mixin.py:151} INFO - #False
[2024-01-17T05:02:29.175+0000] {logging_mixin.py:151} INFO - #False
[2024-01-17T05:02:29.175+0000] {logging_mixin.py:151} INFO - #False
[2024-01-17T05:02:29.175+0000] {logging_mixin.py:151} INFO - #False
[2024-01-17T05:02:29.175+0000] {logging_mixin.py:151} INFO - #False
[2024-01-17T05:02:29.175+0000] {logging_mixin.py:151} INFO - #False
[2024-01-17T05:02:29.175+0000] {logging_mixin.py:151} INFO - #False
[2024-01-17T05:02:29.176+0000] {logging_mixin.py:151} INFO -  submission : 
[2024-01-17T05:02:29.793+0000] {logging_mixin.py:151} INFO - #False
[2024-01-17T05:02:29.793+0000] {logging_mixin.py:151} INFO - #False
[2024-01-17T05:02:29.794+0000] {logging_mixin.py:151} INFO - #False
[2024-01-17T05:02:29.794+0000] {logging_mixin.py:151} INFO - #False
[2024-01-17T05:02:29.794+0000] {logging_mixin.py:151} INFO - #False
[2024-01-17T05:02:29.794+0000] {logging_mixin.py:151} INFO - #False
[2024-01-17T05:02:29.794+0000] {logging_mixin.py:151} INFO - #False
[2024-01-17T05:02:29.794+0000] {logging_mixin.py:151} INFO - #False
[2024-01-17T05:02:29.794+0000] {logging_mixin.py:151} INFO - #False
[2024-01-17T05:02:29.794+0000] {logging_mixin.py:151} INFO - #False
[2024-01-17T05:02:29.794+0000] {logging_mixin.py:151} INFO - #False
[2024-01-17T05:02:29.795+0000] {logging_mixin.py:151} INFO - #False
[2024-01-17T05:02:29.795+0000] {logging_mixin.py:151} INFO - #False
[2024-01-17T05:02:29.795+0000] {logging_mixin.py:151} INFO - #False
[2024-01-17T05:02:29.795+0000] {logging_mixin.py:151} INFO - #False
[2024-01-17T05:02:29.795+0000] {logging_mixin.py:151} INFO - #False
[2024-01-17T05:02:29.795+0000] {logging_mixin.py:151} INFO - #False
[2024-01-17T05:02:29.795+0000] {logging_mixin.py:151} INFO - #False
[2024-01-17T05:02:29.795+0000] {logging_mixin.py:151} INFO - #False
[2024-01-17T05:02:29.795+0000] {logging_mixin.py:151} INFO - #False
[2024-01-17T05:02:29.795+0000] {logging_mixin.py:151} INFO - #False
[2024-01-17T05:02:29.795+0000] {logging_mixin.py:151} INFO - #False
[2024-01-17T05:02:29.795+0000] {logging_mixin.py:151} INFO - #False
[2024-01-17T05:02:29.795+0000] {logging_mixin.py:151} INFO - #False
[2024-01-17T05:02:29.795+0000] {logging_mixin.py:151} INFO - #False
[2024-01-17T05:02:29.795+0000] {logging_mixin.py:151} INFO - #False
[2024-01-17T05:02:29.795+0000] {logging_mixin.py:151} INFO - #False
[2024-01-17T05:02:29.795+0000] {logging_mixin.py:151} INFO - #False
[2024-01-17T05:02:29.795+0000] {logging_mixin.py:151} INFO - #False
[2024-01-17T05:02:29.795+0000] {logging_mixin.py:151} INFO - #False
[2024-01-17T05:02:29.796+0000] {logging_mixin.py:151} INFO -  submission : 
[2024-01-17T05:02:30.424+0000] {logging_mixin.py:151} INFO - @True
[2024-01-17T05:02:30.425+0000] {conn.py:380} INFO - <BrokerConnection node_id=bootstrap-0 host=broker:29092 <connecting> [IPv4 ('192.168.224.8', 29092)]>: connecting to broker:29092 [('192.168.224.8', 29092) IPv4]
[2024-01-17T05:02:30.425+0000] {conn.py:1205} INFO - Probing node bootstrap-0 broker version
[2024-01-17T05:02:30.425+0000] {conn.py:410} INFO - <BrokerConnection node_id=bootstrap-0 host=broker:29092 <connecting> [IPv4 ('192.168.224.8', 29092)]>: Connection complete.
[2024-01-17T05:02:30.528+0000] {conn.py:1267} INFO - Broker version identified as 2.5.0
[2024-01-17T05:02:30.528+0000] {conn.py:1268} INFO - Set configuration api_version=(2, 5, 0) to skip auto check_version requests on startup
[2024-01-17T05:02:30.589+0000] {conn.py:919} INFO - <BrokerConnection node_id=1 host=broker:29092 <connected> [IPv4 ('192.168.224.8', 29092)]>: Closing connection. 
[2024-01-17T05:02:30.591+0000] {logging_mixin.py:151} INFO - #False
[2024-01-17T05:02:30.592+0000] {logging_mixin.py:151} INFO - #False
[2024-01-17T05:02:30.592+0000] {logging_mixin.py:151} INFO - #False
[2024-01-17T05:02:30.592+0000] {logging_mixin.py:151} INFO - #False
[2024-01-17T05:02:30.592+0000] {logging_mixin.py:151} INFO - #False
[2024-01-17T05:02:30.592+0000] {logging_mixin.py:151} INFO - #False
[2024-01-17T05:02:30.592+0000] {logging_mixin.py:151} INFO - #False
[2024-01-17T05:02:30.592+0000] {logging_mixin.py:151} INFO - #False
[2024-01-17T05:02:30.592+0000] {logging_mixin.py:151} INFO - #False
[2024-01-17T05:02:30.592+0000] {logging_mixin.py:151} INFO - #False
[2024-01-17T05:02:30.592+0000] {logging_mixin.py:151} INFO - #False
[2024-01-17T05:02:30.593+0000] {logging_mixin.py:151} INFO - #False
[2024-01-17T05:02:30.593+0000] {logging_mixin.py:151} INFO - #False
[2024-01-17T05:02:30.593+0000] {logging_mixin.py:151} INFO - #False
[2024-01-17T05:02:30.593+0000] {logging_mixin.py:151} INFO - #False
[2024-01-17T05:02:30.594+0000] {logging_mixin.py:151} INFO - #False
[2024-01-17T05:02:30.594+0000] {logging_mixin.py:151} INFO - #False
[2024-01-17T05:02:30.594+0000] {logging_mixin.py:151} INFO - #False
[2024-01-17T05:02:30.594+0000] {logging_mixin.py:151} INFO - #False
[2024-01-17T05:02:30.594+0000] {logging_mixin.py:151} INFO - #False
[2024-01-17T05:02:30.594+0000] {logging_mixin.py:151} INFO - #False
[2024-01-17T05:02:30.594+0000] {logging_mixin.py:151} INFO - #False
[2024-01-17T05:02:30.594+0000] {logging_mixin.py:151} INFO - #False
[2024-01-17T05:02:30.594+0000] {logging_mixin.py:151} INFO - #False
[2024-01-17T05:02:30.594+0000] {logging_mixin.py:151} INFO - #False
[2024-01-17T05:02:30.595+0000] {logging_mixin.py:151} INFO - #False
[2024-01-17T05:02:30.595+0000] {logging_mixin.py:151} INFO - #False
[2024-01-17T05:02:30.595+0000] {logging_mixin.py:151} INFO - #False
[2024-01-17T05:02:30.595+0000] {logging_mixin.py:151} INFO - #False
[2024-01-17T05:02:30.595+0000] {logging_mixin.py:151} INFO -  submission : 
[2024-01-17T05:02:30.597+0000] {conn.py:380} INFO - <BrokerConnection node_id=1 host=broker:29092 <connecting> [IPv4 ('192.168.224.8', 29092)]>: connecting to broker:29092 [('192.168.224.8', 29092) IPv4]
[2024-01-17T05:02:30.597+0000] {conn.py:410} INFO - <BrokerConnection node_id=1 host=broker:29092 <connecting> [IPv4 ('192.168.224.8', 29092)]>: Connection complete.
[2024-01-17T05:02:30.597+0000] {conn.py:919} INFO - <BrokerConnection node_id=bootstrap-0 host=broker:29092 <connected> [IPv4 ('192.168.224.8', 29092)]>: Closing connection. 
[2024-01-17T05:02:31.288+0000] {logging_mixin.py:151} INFO - #False
[2024-01-17T05:02:31.289+0000] {logging_mixin.py:151} INFO - #False
[2024-01-17T05:02:31.289+0000] {logging_mixin.py:151} INFO - #False
[2024-01-17T05:02:31.289+0000] {logging_mixin.py:151} INFO - #False
[2024-01-17T05:02:31.289+0000] {logging_mixin.py:151} INFO - #False
[2024-01-17T05:02:31.289+0000] {logging_mixin.py:151} INFO - #False
[2024-01-17T05:02:31.289+0000] {logging_mixin.py:151} INFO - #False
[2024-01-17T05:02:31.289+0000] {logging_mixin.py:151} INFO - #False
[2024-01-17T05:02:31.289+0000] {logging_mixin.py:151} INFO - #False
[2024-01-17T05:02:31.289+0000] {logging_mixin.py:151} INFO - #False
[2024-01-17T05:02:31.289+0000] {logging_mixin.py:151} INFO - #False
[2024-01-17T05:02:31.289+0000] {logging_mixin.py:151} INFO - #False
[2024-01-17T05:02:31.289+0000] {logging_mixin.py:151} INFO - #False
[2024-01-17T05:02:31.289+0000] {logging_mixin.py:151} INFO - #False
[2024-01-17T05:02:31.289+0000] {logging_mixin.py:151} INFO - #False
[2024-01-17T05:02:31.289+0000] {logging_mixin.py:151} INFO - #False
[2024-01-17T05:02:31.289+0000] {logging_mixin.py:151} INFO - #False
[2024-01-17T05:02:31.289+0000] {logging_mixin.py:151} INFO - #False
[2024-01-17T05:02:31.289+0000] {logging_mixin.py:151} INFO - #False
[2024-01-17T05:02:31.290+0000] {logging_mixin.py:151} INFO - #False
[2024-01-17T05:02:31.290+0000] {logging_mixin.py:151} INFO - #False
[2024-01-17T05:02:31.290+0000] {logging_mixin.py:151} INFO - #False
[2024-01-17T05:02:31.290+0000] {logging_mixin.py:151} INFO - #False
[2024-01-17T05:02:31.290+0000] {logging_mixin.py:151} INFO - #False
[2024-01-17T05:02:31.290+0000] {logging_mixin.py:151} INFO - #False
[2024-01-17T05:02:31.290+0000] {logging_mixin.py:151} INFO - #False
[2024-01-17T05:02:31.290+0000] {logging_mixin.py:151} INFO - #False
[2024-01-17T05:02:31.290+0000] {logging_mixin.py:151} INFO - #False
[2024-01-17T05:02:31.290+0000] {logging_mixin.py:151} INFO - #False
[2024-01-17T05:02:31.290+0000] {logging_mixin.py:151} INFO - #False
[2024-01-17T05:02:31.290+0000] {conn.py:919} INFO - <BrokerConnection node_id=1 host=broker:29092 <connected> [IPv4 ('192.168.224.8', 29092)]>: Closing connection. 
[2024-01-17T05:02:31.291+0000] {python.py:194} INFO - Done. Returned value was: None
[2024-01-17T05:02:31.299+0000] {taskinstance.py:1400} INFO - Marking task as SUCCESS. dag_id=Stream_Data_1, task_id=Reddit, execution_date=20240117T050038, start_date=20240117T050225, end_date=20240117T050231
[2024-01-17T05:02:31.338+0000] {local_task_job_runner.py:228} INFO - Task exited with return code 0
[2024-01-17T05:02:31.352+0000] {taskinstance.py:2784} INFO - 0 downstream tasks scheduled from follow-on schedule check
