[2024-01-17T01:37:29.826+0000] {taskinstance.py:1159} INFO - Dependencies all met for dep_context=non-requeueable deps ti=<TaskInstance: Stream_Data_5.Reddit scheduled__2024-01-17T01:12:16.072105+00:00 [queued]>
[2024-01-17T01:37:29.832+0000] {taskinstance.py:1159} INFO - Dependencies all met for dep_context=requeueable deps ti=<TaskInstance: Stream_Data_5.Reddit scheduled__2024-01-17T01:12:16.072105+00:00 [queued]>
[2024-01-17T01:37:29.832+0000] {taskinstance.py:1361} INFO - Starting attempt 1 of 1
[2024-01-17T01:37:29.843+0000] {taskinstance.py:1382} INFO - Executing <Task(PythonOperator): Reddit> on 2024-01-17 01:12:16.072105+00:00
[2024-01-17T01:37:29.847+0000] {standard_task_runner.py:57} INFO - Started process 135 to run task
[2024-01-17T01:37:29.849+0000] {standard_task_runner.py:84} INFO - Running: ['***', 'tasks', 'run', 'Stream_Data_5', 'Reddit', 'scheduled__2024-01-17T01:12:16.072105+00:00', '--job-id', '10', '--raw', '--subdir', 'DAGS_FOLDER/kafka_stream_5.py', '--cfg-path', '/tmp/tmpdfnotp0c']
[2024-01-17T01:37:29.851+0000] {standard_task_runner.py:85} INFO - Job 10: Subtask Reddit
[2024-01-17T01:37:29.891+0000] {task_command.py:415} INFO - Running <TaskInstance: Stream_Data_5.Reddit scheduled__2024-01-17T01:12:16.072105+00:00 [running]> on host 4ec820d606d8
[2024-01-17T01:37:29.954+0000] {taskinstance.py:1660} INFO - Exporting env vars: AIRFLOW_CTX_DAG_OWNER='me' AIRFLOW_CTX_DAG_ID='Stream_Data_5' AIRFLOW_CTX_TASK_ID='Reddit' AIRFLOW_CTX_EXECUTION_DATE='2024-01-17T01:12:16.072105+00:00' AIRFLOW_CTX_TRY_NUMBER='1' AIRFLOW_CTX_DAG_RUN_ID='scheduled__2024-01-17T01:12:16.072105+00:00'
[2024-01-17T01:37:29.982+0000] {logging_mixin.py:151} INFO -  submission : 
[2024-01-17T01:37:30.822+0000] {logging_mixin.py:151} INFO - @True
[2024-01-17T01:37:30.823+0000] {conn.py:380} INFO - <BrokerConnection node_id=bootstrap-0 host=broker:29092 <connecting> [IPv4 ('192.168.80.8', 29092)]>: connecting to broker:29092 [('192.168.80.8', 29092) IPv4]
[2024-01-17T01:37:30.823+0000] {conn.py:1205} INFO - Probing node bootstrap-0 broker version
[2024-01-17T01:37:30.824+0000] {conn.py:410} INFO - <BrokerConnection node_id=bootstrap-0 host=broker:29092 <connecting> [IPv4 ('192.168.80.8', 29092)]>: Connection complete.
[2024-01-17T01:37:30.927+0000] {conn.py:1267} INFO - Broker version identified as 2.5.0
[2024-01-17T01:37:30.927+0000] {conn.py:1268} INFO - Set configuration api_version=(2, 5, 0) to skip auto check_version requests on startup
[2024-01-17T01:37:30.931+0000] {logging_mixin.py:151} INFO - #False
[2024-01-17T01:37:30.931+0000] {logging_mixin.py:151} INFO - #False
[2024-01-17T01:37:30.931+0000] {logging_mixin.py:151} INFO - #False
[2024-01-17T01:37:30.932+0000] {logging_mixin.py:151} INFO - #False
[2024-01-17T01:37:30.932+0000] {logging_mixin.py:151} INFO - #False
[2024-01-17T01:37:30.932+0000] {logging_mixin.py:151} INFO - #False
[2024-01-17T01:37:30.932+0000] {logging_mixin.py:151} INFO - #False
[2024-01-17T01:37:30.932+0000] {logging_mixin.py:151} INFO - #False
[2024-01-17T01:37:30.932+0000] {logging_mixin.py:151} INFO - #False
[2024-01-17T01:37:30.932+0000] {logging_mixin.py:151} INFO - #False
[2024-01-17T01:37:30.932+0000] {logging_mixin.py:151} INFO - #False
[2024-01-17T01:37:30.932+0000] {logging_mixin.py:151} INFO - #False
[2024-01-17T01:37:30.932+0000] {logging_mixin.py:151} INFO - #False
[2024-01-17T01:37:30.932+0000] {logging_mixin.py:151} INFO - #False
[2024-01-17T01:37:30.933+0000] {logging_mixin.py:151} INFO - #False
[2024-01-17T01:37:30.933+0000] {logging_mixin.py:151} INFO - #False
[2024-01-17T01:37:30.933+0000] {logging_mixin.py:151} INFO - #False
[2024-01-17T01:37:30.933+0000] {logging_mixin.py:151} INFO - #False
[2024-01-17T01:37:30.933+0000] {logging_mixin.py:151} INFO - #False
[2024-01-17T01:37:30.933+0000] {logging_mixin.py:151} INFO - #False
[2024-01-17T01:37:30.933+0000] {logging_mixin.py:151} INFO - #False
[2024-01-17T01:37:30.933+0000] {logging_mixin.py:151} INFO - #False
[2024-01-17T01:37:30.933+0000] {logging_mixin.py:151} INFO - #False
[2024-01-17T01:37:30.933+0000] {logging_mixin.py:151} INFO - #False
[2024-01-17T01:37:30.933+0000] {logging_mixin.py:151} INFO - #False
[2024-01-17T01:37:30.934+0000] {logging_mixin.py:151} INFO - #False
[2024-01-17T01:37:30.934+0000] {logging_mixin.py:151} INFO - #False
[2024-01-17T01:37:30.934+0000] {logging_mixin.py:151} INFO - #False
[2024-01-17T01:37:30.934+0000] {logging_mixin.py:151} INFO - #False
[2024-01-17T01:37:30.934+0000] {logging_mixin.py:151} INFO -  submission : 
[2024-01-17T01:37:30.936+0000] {conn.py:380} INFO - <BrokerConnection node_id=1 host=broker:29092 <connecting> [IPv4 ('192.168.80.8', 29092)]>: connecting to broker:29092 [('192.168.80.8', 29092) IPv4]
[2024-01-17T01:37:30.936+0000] {conn.py:410} INFO - <BrokerConnection node_id=1 host=broker:29092 <connecting> [IPv4 ('192.168.80.8', 29092)]>: Connection complete.
[2024-01-17T01:37:30.936+0000] {conn.py:919} INFO - <BrokerConnection node_id=bootstrap-0 host=broker:29092 <connected> [IPv4 ('192.168.80.8', 29092)]>: Closing connection. 
[2024-01-17T01:37:31.620+0000] {logging_mixin.py:151} INFO - #False
[2024-01-17T01:37:31.621+0000] {logging_mixin.py:151} INFO - #False
[2024-01-17T01:37:31.621+0000] {logging_mixin.py:151} INFO - #False
[2024-01-17T01:37:31.621+0000] {logging_mixin.py:151} INFO - #False
[2024-01-17T01:37:31.621+0000] {logging_mixin.py:151} INFO - #False
[2024-01-17T01:37:31.621+0000] {logging_mixin.py:151} INFO - #False
[2024-01-17T01:37:31.621+0000] {logging_mixin.py:151} INFO - #False
[2024-01-17T01:37:31.621+0000] {logging_mixin.py:151} INFO - #False
[2024-01-17T01:37:31.621+0000] {logging_mixin.py:151} INFO - #False
[2024-01-17T01:37:31.621+0000] {logging_mixin.py:151} INFO - #False
[2024-01-17T01:37:31.621+0000] {logging_mixin.py:151} INFO - #False
[2024-01-17T01:37:31.621+0000] {logging_mixin.py:151} INFO - #False
[2024-01-17T01:37:31.621+0000] {logging_mixin.py:151} INFO - #False
[2024-01-17T01:37:31.621+0000] {logging_mixin.py:151} INFO - #False
[2024-01-17T01:37:31.622+0000] {logging_mixin.py:151} INFO - #False
[2024-01-17T01:37:31.622+0000] {logging_mixin.py:151} INFO - #False
[2024-01-17T01:37:31.622+0000] {logging_mixin.py:151} INFO - #False
[2024-01-17T01:37:31.622+0000] {logging_mixin.py:151} INFO - #False
[2024-01-17T01:37:31.622+0000] {logging_mixin.py:151} INFO - #False
[2024-01-17T01:37:31.622+0000] {logging_mixin.py:151} INFO - #False
[2024-01-17T01:37:31.622+0000] {logging_mixin.py:151} INFO - #False
[2024-01-17T01:37:31.622+0000] {logging_mixin.py:151} INFO - #False
[2024-01-17T01:37:31.622+0000] {logging_mixin.py:151} INFO - #False
[2024-01-17T01:37:31.622+0000] {logging_mixin.py:151} INFO - #False
[2024-01-17T01:37:31.622+0000] {logging_mixin.py:151} INFO - #False
[2024-01-17T01:37:31.622+0000] {logging_mixin.py:151} INFO - #False
[2024-01-17T01:37:31.622+0000] {logging_mixin.py:151} INFO - #False
[2024-01-17T01:37:31.622+0000] {logging_mixin.py:151} INFO - #False
[2024-01-17T01:37:31.622+0000] {logging_mixin.py:151} INFO - #False
[2024-01-17T01:37:31.622+0000] {logging_mixin.py:151} INFO - #False
[2024-01-17T01:37:31.622+0000] {logging_mixin.py:151} INFO -  submission : 
[2024-01-17T01:37:32.174+0000] {logging_mixin.py:151} INFO - #False
[2024-01-17T01:37:32.175+0000] {logging_mixin.py:151} INFO - #False
[2024-01-17T01:37:32.175+0000] {logging_mixin.py:151} INFO - #False
[2024-01-17T01:37:32.175+0000] {logging_mixin.py:151} INFO - #False
[2024-01-17T01:37:32.175+0000] {logging_mixin.py:151} INFO - #False
[2024-01-17T01:37:32.176+0000] {logging_mixin.py:151} INFO - #False
[2024-01-17T01:37:32.176+0000] {logging_mixin.py:151} INFO - #False
[2024-01-17T01:37:32.176+0000] {logging_mixin.py:151} INFO - #False
[2024-01-17T01:37:32.176+0000] {logging_mixin.py:151} INFO - #False
[2024-01-17T01:37:32.176+0000] {logging_mixin.py:151} INFO - #False
[2024-01-17T01:37:32.176+0000] {logging_mixin.py:151} INFO - #False
[2024-01-17T01:37:32.176+0000] {logging_mixin.py:151} INFO - #False
[2024-01-17T01:37:32.176+0000] {logging_mixin.py:151} INFO - #False
[2024-01-17T01:37:32.176+0000] {logging_mixin.py:151} INFO - #False
[2024-01-17T01:37:32.176+0000] {logging_mixin.py:151} INFO - #False
[2024-01-17T01:37:32.176+0000] {logging_mixin.py:151} INFO - #False
[2024-01-17T01:37:32.176+0000] {logging_mixin.py:151} INFO - #False
[2024-01-17T01:37:32.176+0000] {logging_mixin.py:151} INFO - #False
[2024-01-17T01:37:32.176+0000] {logging_mixin.py:151} INFO - #False
[2024-01-17T01:37:32.176+0000] {logging_mixin.py:151} INFO - #False
[2024-01-17T01:37:32.176+0000] {logging_mixin.py:151} INFO - #False
[2024-01-17T01:37:32.176+0000] {logging_mixin.py:151} INFO - #False
[2024-01-17T01:37:32.176+0000] {logging_mixin.py:151} INFO - #False
[2024-01-17T01:37:32.176+0000] {logging_mixin.py:151} INFO - #False
[2024-01-17T01:37:32.177+0000] {logging_mixin.py:151} INFO - #False
[2024-01-17T01:37:32.177+0000] {logging_mixin.py:151} INFO - #False
[2024-01-17T01:37:32.177+0000] {logging_mixin.py:151} INFO - #False
[2024-01-17T01:37:32.177+0000] {logging_mixin.py:151} INFO - #False
[2024-01-17T01:37:32.177+0000] {logging_mixin.py:151} INFO - #False
[2024-01-17T01:37:32.177+0000] {logging_mixin.py:151} INFO - #False
[2024-01-17T01:37:32.177+0000] {logging_mixin.py:151} INFO -  submission : 
[2024-01-17T01:37:32.667+0000] {logging_mixin.py:151} INFO - #False
[2024-01-17T01:37:32.667+0000] {logging_mixin.py:151} INFO - #False
[2024-01-17T01:37:32.667+0000] {logging_mixin.py:151} INFO - #False
[2024-01-17T01:37:32.667+0000] {logging_mixin.py:151} INFO - #False
[2024-01-17T01:37:32.667+0000] {logging_mixin.py:151} INFO - #False
[2024-01-17T01:37:32.667+0000] {logging_mixin.py:151} INFO - #False
[2024-01-17T01:37:32.667+0000] {logging_mixin.py:151} INFO - #False
[2024-01-17T01:37:32.667+0000] {logging_mixin.py:151} INFO - #False
[2024-01-17T01:37:32.668+0000] {logging_mixin.py:151} INFO - #False
[2024-01-17T01:37:32.668+0000] {logging_mixin.py:151} INFO - #False
[2024-01-17T01:37:32.668+0000] {logging_mixin.py:151} INFO - #False
[2024-01-17T01:37:32.668+0000] {logging_mixin.py:151} INFO - #False
[2024-01-17T01:37:32.668+0000] {logging_mixin.py:151} INFO - #False
[2024-01-17T01:37:32.668+0000] {logging_mixin.py:151} INFO - #False
[2024-01-17T01:37:32.668+0000] {logging_mixin.py:151} INFO - #False
[2024-01-17T01:37:32.668+0000] {logging_mixin.py:151} INFO - #False
[2024-01-17T01:37:32.668+0000] {logging_mixin.py:151} INFO - #False
[2024-01-17T01:37:32.668+0000] {logging_mixin.py:151} INFO - #False
[2024-01-17T01:37:32.668+0000] {logging_mixin.py:151} INFO - #False
[2024-01-17T01:37:32.668+0000] {logging_mixin.py:151} INFO - #False
[2024-01-17T01:37:32.668+0000] {logging_mixin.py:151} INFO - #False
[2024-01-17T01:37:32.668+0000] {logging_mixin.py:151} INFO - #False
[2024-01-17T01:37:32.668+0000] {logging_mixin.py:151} INFO - #False
[2024-01-17T01:37:32.668+0000] {logging_mixin.py:151} INFO - #False
[2024-01-17T01:37:32.668+0000] {logging_mixin.py:151} INFO - #False
[2024-01-17T01:37:32.669+0000] {logging_mixin.py:151} INFO - #False
[2024-01-17T01:37:32.669+0000] {logging_mixin.py:151} INFO - #False
[2024-01-17T01:37:32.669+0000] {logging_mixin.py:151} INFO - #False
[2024-01-17T01:37:32.669+0000] {logging_mixin.py:151} INFO - #False
[2024-01-17T01:37:32.669+0000] {logging_mixin.py:151} INFO - #False
[2024-01-17T01:37:32.669+0000] {logging_mixin.py:151} INFO -  submission : 
[2024-01-17T01:37:33.264+0000] {logging_mixin.py:151} INFO - #False
[2024-01-17T01:37:33.264+0000] {logging_mixin.py:151} INFO - #False
[2024-01-17T01:37:33.264+0000] {logging_mixin.py:151} INFO - #False
[2024-01-17T01:37:33.264+0000] {logging_mixin.py:151} INFO - #False
[2024-01-17T01:37:33.264+0000] {logging_mixin.py:151} INFO - #False
[2024-01-17T01:37:33.264+0000] {logging_mixin.py:151} INFO - #False
[2024-01-17T01:37:33.264+0000] {logging_mixin.py:151} INFO - #False
[2024-01-17T01:37:33.264+0000] {logging_mixin.py:151} INFO - #False
[2024-01-17T01:37:33.264+0000] {logging_mixin.py:151} INFO - #False
[2024-01-17T01:37:33.264+0000] {logging_mixin.py:151} INFO - #False
[2024-01-17T01:37:33.264+0000] {logging_mixin.py:151} INFO - #False
[2024-01-17T01:37:33.264+0000] {logging_mixin.py:151} INFO - #False
[2024-01-17T01:37:33.264+0000] {logging_mixin.py:151} INFO - #False
[2024-01-17T01:37:33.265+0000] {logging_mixin.py:151} INFO - #False
[2024-01-17T01:37:33.265+0000] {logging_mixin.py:151} INFO - #False
[2024-01-17T01:37:33.265+0000] {logging_mixin.py:151} INFO - #False
[2024-01-17T01:37:33.265+0000] {logging_mixin.py:151} INFO - #False
[2024-01-17T01:37:33.265+0000] {logging_mixin.py:151} INFO - #False
[2024-01-17T01:37:33.265+0000] {logging_mixin.py:151} INFO - #False
[2024-01-17T01:37:33.265+0000] {logging_mixin.py:151} INFO - #False
[2024-01-17T01:37:33.265+0000] {logging_mixin.py:151} INFO - #False
[2024-01-17T01:37:33.265+0000] {logging_mixin.py:151} INFO - #False
[2024-01-17T01:37:33.265+0000] {logging_mixin.py:151} INFO - #False
[2024-01-17T01:37:33.265+0000] {logging_mixin.py:151} INFO - #False
[2024-01-17T01:37:33.265+0000] {logging_mixin.py:151} INFO - #False
[2024-01-17T01:37:33.265+0000] {logging_mixin.py:151} INFO - #False
[2024-01-17T01:37:33.265+0000] {logging_mixin.py:151} INFO - #False
[2024-01-17T01:37:33.265+0000] {logging_mixin.py:151} INFO - #False
[2024-01-17T01:37:33.265+0000] {logging_mixin.py:151} INFO - #False
[2024-01-17T01:37:33.265+0000] {logging_mixin.py:151} INFO - #False
[2024-01-17T01:37:33.265+0000] {logging_mixin.py:151} INFO -  submission : 
[2024-01-17T01:37:33.884+0000] {logging_mixin.py:151} INFO - #False
[2024-01-17T01:37:33.884+0000] {logging_mixin.py:151} INFO - #False
[2024-01-17T01:37:33.885+0000] {logging_mixin.py:151} INFO - #False
[2024-01-17T01:37:33.885+0000] {logging_mixin.py:151} INFO - #False
[2024-01-17T01:37:33.885+0000] {logging_mixin.py:151} INFO - #False
[2024-01-17T01:37:33.885+0000] {logging_mixin.py:151} INFO - #False
[2024-01-17T01:37:33.885+0000] {logging_mixin.py:151} INFO - #False
[2024-01-17T01:37:33.885+0000] {logging_mixin.py:151} INFO - #False
[2024-01-17T01:37:33.885+0000] {logging_mixin.py:151} INFO - #False
[2024-01-17T01:37:33.885+0000] {logging_mixin.py:151} INFO - #False
[2024-01-17T01:37:33.885+0000] {logging_mixin.py:151} INFO - #False
[2024-01-17T01:37:33.885+0000] {logging_mixin.py:151} INFO - #False
[2024-01-17T01:37:33.885+0000] {logging_mixin.py:151} INFO - #False
[2024-01-17T01:37:33.885+0000] {logging_mixin.py:151} INFO - #False
[2024-01-17T01:37:33.885+0000] {logging_mixin.py:151} INFO - #False
[2024-01-17T01:37:33.885+0000] {logging_mixin.py:151} INFO - #False
[2024-01-17T01:37:33.885+0000] {logging_mixin.py:151} INFO - #False
[2024-01-17T01:37:33.885+0000] {logging_mixin.py:151} INFO - #False
[2024-01-17T01:37:33.885+0000] {logging_mixin.py:151} INFO - #False
[2024-01-17T01:37:33.885+0000] {logging_mixin.py:151} INFO - #False
[2024-01-17T01:37:33.885+0000] {logging_mixin.py:151} INFO - #False
[2024-01-17T01:37:33.886+0000] {logging_mixin.py:151} INFO - #False
[2024-01-17T01:37:33.886+0000] {logging_mixin.py:151} INFO - #False
[2024-01-17T01:37:33.886+0000] {logging_mixin.py:151} INFO - #False
[2024-01-17T01:37:33.886+0000] {logging_mixin.py:151} INFO - #False
[2024-01-17T01:37:33.886+0000] {logging_mixin.py:151} INFO - #False
[2024-01-17T01:37:33.886+0000] {logging_mixin.py:151} INFO - #False
[2024-01-17T01:37:33.886+0000] {logging_mixin.py:151} INFO - #False
[2024-01-17T01:37:33.886+0000] {logging_mixin.py:151} INFO - #False
[2024-01-17T01:37:33.886+0000] {logging_mixin.py:151} INFO - #False
[2024-01-17T01:37:33.886+0000] {logging_mixin.py:151} INFO -  submission : 
[2024-01-17T01:37:34.561+0000] {logging_mixin.py:151} INFO - #False
[2024-01-17T01:37:34.561+0000] {logging_mixin.py:151} INFO - #False
[2024-01-17T01:37:34.561+0000] {logging_mixin.py:151} INFO - #False
[2024-01-17T01:37:34.561+0000] {logging_mixin.py:151} INFO - #False
[2024-01-17T01:37:34.561+0000] {logging_mixin.py:151} INFO - #False
[2024-01-17T01:37:34.561+0000] {logging_mixin.py:151} INFO - #False
[2024-01-17T01:37:34.561+0000] {logging_mixin.py:151} INFO - #False
[2024-01-17T01:37:34.562+0000] {logging_mixin.py:151} INFO - #False
[2024-01-17T01:37:34.562+0000] {logging_mixin.py:151} INFO - #False
[2024-01-17T01:37:34.562+0000] {logging_mixin.py:151} INFO - #False
[2024-01-17T01:37:34.562+0000] {logging_mixin.py:151} INFO - #False
[2024-01-17T01:37:34.562+0000] {logging_mixin.py:151} INFO - #False
[2024-01-17T01:37:34.562+0000] {logging_mixin.py:151} INFO - #False
[2024-01-17T01:37:34.562+0000] {logging_mixin.py:151} INFO - #False
[2024-01-17T01:37:34.562+0000] {logging_mixin.py:151} INFO - #False
[2024-01-17T01:37:34.562+0000] {logging_mixin.py:151} INFO - #False
[2024-01-17T01:37:34.562+0000] {logging_mixin.py:151} INFO - #False
[2024-01-17T01:37:34.562+0000] {logging_mixin.py:151} INFO - #False
[2024-01-17T01:37:34.562+0000] {logging_mixin.py:151} INFO - #False
[2024-01-17T01:37:34.562+0000] {logging_mixin.py:151} INFO - #False
[2024-01-17T01:37:34.562+0000] {logging_mixin.py:151} INFO - #False
[2024-01-17T01:37:34.562+0000] {logging_mixin.py:151} INFO - #False
[2024-01-17T01:37:34.562+0000] {logging_mixin.py:151} INFO - #False
[2024-01-17T01:37:34.562+0000] {logging_mixin.py:151} INFO - #False
[2024-01-17T01:37:34.563+0000] {logging_mixin.py:151} INFO - #False
[2024-01-17T01:37:34.563+0000] {logging_mixin.py:151} INFO - #False
[2024-01-17T01:37:34.563+0000] {logging_mixin.py:151} INFO - #False
[2024-01-17T01:37:34.563+0000] {logging_mixin.py:151} INFO - #False
[2024-01-17T01:37:34.563+0000] {logging_mixin.py:151} INFO - #False
[2024-01-17T01:37:34.563+0000] {logging_mixin.py:151} INFO - #False
[2024-01-17T01:37:34.563+0000] {logging_mixin.py:151} INFO -  submission : 
[2024-01-17T01:37:35.189+0000] {logging_mixin.py:151} INFO - #False
[2024-01-17T01:37:35.189+0000] {logging_mixin.py:151} INFO - #False
[2024-01-17T01:37:35.189+0000] {logging_mixin.py:151} INFO - #False
[2024-01-17T01:37:35.189+0000] {logging_mixin.py:151} INFO - #False
[2024-01-17T01:37:35.189+0000] {logging_mixin.py:151} INFO - #False
[2024-01-17T01:37:35.189+0000] {logging_mixin.py:151} INFO - #False
[2024-01-17T01:37:35.189+0000] {logging_mixin.py:151} INFO - #False
[2024-01-17T01:37:35.190+0000] {logging_mixin.py:151} INFO - #False
[2024-01-17T01:37:35.190+0000] {logging_mixin.py:151} INFO - #False
[2024-01-17T01:37:35.190+0000] {logging_mixin.py:151} INFO - #False
[2024-01-17T01:37:35.190+0000] {logging_mixin.py:151} INFO - #False
[2024-01-17T01:37:35.190+0000] {logging_mixin.py:151} INFO - #False
[2024-01-17T01:37:35.190+0000] {logging_mixin.py:151} INFO - #False
[2024-01-17T01:37:35.190+0000] {logging_mixin.py:151} INFO - #False
[2024-01-17T01:37:35.190+0000] {logging_mixin.py:151} INFO - #False
[2024-01-17T01:37:35.190+0000] {logging_mixin.py:151} INFO - #False
[2024-01-17T01:37:35.190+0000] {logging_mixin.py:151} INFO - #False
[2024-01-17T01:37:35.190+0000] {logging_mixin.py:151} INFO - #False
[2024-01-17T01:37:35.190+0000] {logging_mixin.py:151} INFO - #False
[2024-01-17T01:37:35.190+0000] {logging_mixin.py:151} INFO - #False
[2024-01-17T01:37:35.190+0000] {logging_mixin.py:151} INFO - #False
[2024-01-17T01:37:35.190+0000] {logging_mixin.py:151} INFO - #False
[2024-01-17T01:37:35.190+0000] {logging_mixin.py:151} INFO - #False
[2024-01-17T01:37:35.190+0000] {logging_mixin.py:151} INFO - #False
[2024-01-17T01:37:35.190+0000] {logging_mixin.py:151} INFO - #False
[2024-01-17T01:37:35.190+0000] {logging_mixin.py:151} INFO - #False
[2024-01-17T01:37:35.190+0000] {logging_mixin.py:151} INFO - #False
[2024-01-17T01:37:35.190+0000] {logging_mixin.py:151} INFO - #False
[2024-01-17T01:37:35.190+0000] {logging_mixin.py:151} INFO - #False
[2024-01-17T01:37:35.191+0000] {logging_mixin.py:151} INFO - #False
[2024-01-17T01:37:35.191+0000] {conn.py:919} INFO - <BrokerConnection node_id=1 host=broker:29092 <connected> [IPv4 ('192.168.80.8', 29092)]>: Closing connection. 
[2024-01-17T01:37:35.191+0000] {python.py:194} INFO - Done. Returned value was: None
[2024-01-17T01:37:35.199+0000] {taskinstance.py:1400} INFO - Marking task as SUCCESS. dag_id=Stream_Data_5, task_id=Reddit, execution_date=20240117T011216, start_date=20240117T013729, end_date=20240117T013735
[2024-01-17T01:37:35.356+0000] {local_task_job_runner.py:228} INFO - Task exited with return code 0
[2024-01-17T01:37:35.371+0000] {taskinstance.py:2784} INFO - 0 downstream tasks scheduled from follow-on schedule check
