[2024-01-17T22:43:56.783+0000] {taskinstance.py:1159} INFO - Dependencies all met for dep_context=non-requeueable deps ti=<TaskInstance: Stream_3.Reddit scheduled__2024-01-17T22:40:38.431375+00:00 [queued]>
[2024-01-17T22:43:56.791+0000] {taskinstance.py:1159} INFO - Dependencies all met for dep_context=requeueable deps ti=<TaskInstance: Stream_3.Reddit scheduled__2024-01-17T22:40:38.431375+00:00 [queued]>
[2024-01-17T22:43:56.791+0000] {taskinstance.py:1361} INFO - Starting attempt 1 of 1
[2024-01-17T22:43:56.804+0000] {taskinstance.py:1382} INFO - Executing <Task(PythonOperator): Reddit> on 2024-01-17 22:40:38.431375+00:00
[2024-01-17T22:43:56.809+0000] {standard_task_runner.py:57} INFO - Started process 7735 to run task
[2024-01-17T22:43:56.812+0000] {standard_task_runner.py:84} INFO - Running: ['***', 'tasks', 'run', 'Stream_3', 'Reddit', 'scheduled__2024-01-17T22:40:38.431375+00:00', '--job-id', '1126', '--raw', '--subdir', 'DAGS_FOLDER/kafka_stream_3.py', '--cfg-path', '/tmp/tmp7ofnt5as']
[2024-01-17T22:43:56.813+0000] {standard_task_runner.py:85} INFO - Job 1126: Subtask Reddit
[2024-01-17T22:43:56.861+0000] {task_command.py:415} INFO - Running <TaskInstance: Stream_3.Reddit scheduled__2024-01-17T22:40:38.431375+00:00 [running]> on host 614a419ad930
[2024-01-17T22:43:56.952+0000] {taskinstance.py:1660} INFO - Exporting env vars: AIRFLOW_CTX_DAG_OWNER='me' AIRFLOW_CTX_DAG_ID='Stream_3' AIRFLOW_CTX_TASK_ID='Reddit' AIRFLOW_CTX_EXECUTION_DATE='2024-01-17T22:40:38.431375+00:00' AIRFLOW_CTX_TRY_NUMBER='1' AIRFLOW_CTX_DAG_RUN_ID='scheduled__2024-01-17T22:40:38.431375+00:00'
[2024-01-17T22:43:56.993+0000] {logging_mixin.py:151} INFO -  submission : 
[2024-01-17T22:43:59.144+0000] {logging_mixin.py:151} INFO - #False
[2024-01-17T22:43:59.144+0000] {logging_mixin.py:151} INFO - #False
[2024-01-17T22:43:59.145+0000] {logging_mixin.py:151} INFO - #False
[2024-01-17T22:43:59.145+0000] {logging_mixin.py:151} INFO - #False
[2024-01-17T22:43:59.145+0000] {logging_mixin.py:151} INFO - #False
[2024-01-17T22:43:59.145+0000] {logging_mixin.py:151} INFO - #False
[2024-01-17T22:43:59.145+0000] {logging_mixin.py:151} INFO - #False
[2024-01-17T22:43:59.145+0000] {logging_mixin.py:151} INFO - #False
[2024-01-17T22:43:59.145+0000] {logging_mixin.py:151} INFO - #False
[2024-01-17T22:43:59.145+0000] {logging_mixin.py:151} INFO - #False
[2024-01-17T22:43:59.145+0000] {logging_mixin.py:151} INFO - #False
[2024-01-17T22:43:59.145+0000] {logging_mixin.py:151} INFO - #False
[2024-01-17T22:43:59.145+0000] {logging_mixin.py:151} INFO - #False
[2024-01-17T22:43:59.145+0000] {logging_mixin.py:151} INFO - #False
[2024-01-17T22:43:59.145+0000] {logging_mixin.py:151} INFO - #False
[2024-01-17T22:43:59.145+0000] {logging_mixin.py:151} INFO - #False
[2024-01-17T22:43:59.146+0000] {logging_mixin.py:151} INFO - #False
[2024-01-17T22:43:59.146+0000] {logging_mixin.py:151} INFO - #False
[2024-01-17T22:43:59.146+0000] {logging_mixin.py:151} INFO - #False
[2024-01-17T22:43:59.146+0000] {logging_mixin.py:151} INFO - #False
[2024-01-17T22:43:59.146+0000] {logging_mixin.py:151} INFO - #False
[2024-01-17T22:43:59.146+0000] {logging_mixin.py:151} INFO - #False
[2024-01-17T22:43:59.146+0000] {logging_mixin.py:151} INFO - #False
[2024-01-17T22:43:59.146+0000] {logging_mixin.py:151} INFO - #False
[2024-01-17T22:43:59.146+0000] {logging_mixin.py:151} INFO - #False
[2024-01-17T22:43:59.146+0000] {logging_mixin.py:151} INFO - #False
[2024-01-17T22:43:59.146+0000] {logging_mixin.py:151} INFO - #False
[2024-01-17T22:43:59.146+0000] {logging_mixin.py:151} INFO - #False
[2024-01-17T22:43:59.146+0000] {logging_mixin.py:151} INFO - #False
[2024-01-17T22:43:59.146+0000] {logging_mixin.py:151} INFO - #False
[2024-01-17T22:43:59.146+0000] {logging_mixin.py:151} INFO -  submission : 
[2024-01-17T22:43:59.972+0000] {logging_mixin.py:151} INFO - #False
[2024-01-17T22:43:59.972+0000] {logging_mixin.py:151} INFO - #False
[2024-01-17T22:43:59.973+0000] {logging_mixin.py:151} INFO - #False
[2024-01-17T22:43:59.973+0000] {logging_mixin.py:151} INFO - #False
[2024-01-17T22:43:59.973+0000] {logging_mixin.py:151} INFO - #False
[2024-01-17T22:43:59.973+0000] {logging_mixin.py:151} INFO - #False
[2024-01-17T22:43:59.973+0000] {logging_mixin.py:151} INFO - #False
[2024-01-17T22:43:59.973+0000] {logging_mixin.py:151} INFO - #False
[2024-01-17T22:43:59.973+0000] {logging_mixin.py:151} INFO - #False
[2024-01-17T22:43:59.973+0000] {logging_mixin.py:151} INFO - #False
[2024-01-17T22:43:59.973+0000] {logging_mixin.py:151} INFO - #False
[2024-01-17T22:43:59.973+0000] {logging_mixin.py:151} INFO - #False
[2024-01-17T22:43:59.973+0000] {logging_mixin.py:151} INFO - #False
[2024-01-17T22:43:59.973+0000] {logging_mixin.py:151} INFO - #False
[2024-01-17T22:43:59.973+0000] {logging_mixin.py:151} INFO - #False
[2024-01-17T22:43:59.974+0000] {logging_mixin.py:151} INFO - #False
[2024-01-17T22:43:59.974+0000] {logging_mixin.py:151} INFO - #False
[2024-01-17T22:43:59.974+0000] {logging_mixin.py:151} INFO - #False
[2024-01-17T22:43:59.974+0000] {logging_mixin.py:151} INFO - #False
[2024-01-17T22:43:59.974+0000] {logging_mixin.py:151} INFO - #False
[2024-01-17T22:43:59.974+0000] {logging_mixin.py:151} INFO - #False
[2024-01-17T22:43:59.974+0000] {logging_mixin.py:151} INFO - #False
[2024-01-17T22:43:59.974+0000] {logging_mixin.py:151} INFO - #False
[2024-01-17T22:43:59.975+0000] {logging_mixin.py:151} INFO - #False
[2024-01-17T22:43:59.975+0000] {logging_mixin.py:151} INFO - #False
[2024-01-17T22:43:59.975+0000] {logging_mixin.py:151} INFO - #False
[2024-01-17T22:43:59.975+0000] {logging_mixin.py:151} INFO - #False
[2024-01-17T22:43:59.975+0000] {logging_mixin.py:151} INFO - #False
[2024-01-17T22:43:59.976+0000] {logging_mixin.py:151} INFO - #False
[2024-01-17T22:43:59.976+0000] {logging_mixin.py:151} INFO - #False
[2024-01-17T22:43:59.976+0000] {logging_mixin.py:151} INFO -  submission : 
[2024-01-17T22:44:00.737+0000] {logging_mixin.py:151} INFO - #False
[2024-01-17T22:44:00.737+0000] {logging_mixin.py:151} INFO - #False
[2024-01-17T22:44:00.737+0000] {logging_mixin.py:151} INFO - #False
[2024-01-17T22:44:00.737+0000] {logging_mixin.py:151} INFO - #False
[2024-01-17T22:44:00.737+0000] {logging_mixin.py:151} INFO - #False
[2024-01-17T22:44:00.737+0000] {logging_mixin.py:151} INFO - #False
[2024-01-17T22:44:00.737+0000] {logging_mixin.py:151} INFO - #False
[2024-01-17T22:44:00.738+0000] {logging_mixin.py:151} INFO - #False
[2024-01-17T22:44:00.738+0000] {logging_mixin.py:151} INFO - #False
[2024-01-17T22:44:00.738+0000] {logging_mixin.py:151} INFO - #False
[2024-01-17T22:44:00.738+0000] {logging_mixin.py:151} INFO - #False
[2024-01-17T22:44:00.738+0000] {logging_mixin.py:151} INFO - #False
[2024-01-17T22:44:00.738+0000] {logging_mixin.py:151} INFO - #False
[2024-01-17T22:44:00.738+0000] {logging_mixin.py:151} INFO - #False
[2024-01-17T22:44:00.738+0000] {logging_mixin.py:151} INFO - #False
[2024-01-17T22:44:00.738+0000] {logging_mixin.py:151} INFO - #False
[2024-01-17T22:44:00.738+0000] {logging_mixin.py:151} INFO - #False
[2024-01-17T22:44:00.738+0000] {logging_mixin.py:151} INFO - #False
[2024-01-17T22:44:00.738+0000] {logging_mixin.py:151} INFO - #False
[2024-01-17T22:44:00.738+0000] {logging_mixin.py:151} INFO - #False
[2024-01-17T22:44:00.738+0000] {logging_mixin.py:151} INFO - #False
[2024-01-17T22:44:00.738+0000] {logging_mixin.py:151} INFO - #False
[2024-01-17T22:44:00.739+0000] {logging_mixin.py:151} INFO - #False
[2024-01-17T22:44:00.739+0000] {logging_mixin.py:151} INFO - #False
[2024-01-17T22:44:00.739+0000] {logging_mixin.py:151} INFO - #False
[2024-01-17T22:44:00.739+0000] {logging_mixin.py:151} INFO - #False
[2024-01-17T22:44:00.739+0000] {logging_mixin.py:151} INFO - #False
[2024-01-17T22:44:00.739+0000] {logging_mixin.py:151} INFO - #False
[2024-01-17T22:44:00.739+0000] {logging_mixin.py:151} INFO - #False
[2024-01-17T22:44:00.739+0000] {logging_mixin.py:151} INFO - #False
[2024-01-17T22:44:00.739+0000] {logging_mixin.py:151} INFO -  submission : 
[2024-01-17T22:44:01.230+0000] {logging_mixin.py:151} INFO - #False
[2024-01-17T22:44:01.230+0000] {logging_mixin.py:151} INFO - #False
[2024-01-17T22:44:01.230+0000] {logging_mixin.py:151} INFO - #False
[2024-01-17T22:44:01.230+0000] {logging_mixin.py:151} INFO - #False
[2024-01-17T22:44:01.230+0000] {logging_mixin.py:151} INFO - #False
[2024-01-17T22:44:01.231+0000] {logging_mixin.py:151} INFO - #False
[2024-01-17T22:44:01.231+0000] {logging_mixin.py:151} INFO - #False
[2024-01-17T22:44:01.231+0000] {logging_mixin.py:151} INFO - #False
[2024-01-17T22:44:01.231+0000] {logging_mixin.py:151} INFO - #False
[2024-01-17T22:44:01.231+0000] {logging_mixin.py:151} INFO - #False
[2024-01-17T22:44:01.231+0000] {logging_mixin.py:151} INFO - #False
[2024-01-17T22:44:01.231+0000] {logging_mixin.py:151} INFO - #False
[2024-01-17T22:44:01.231+0000] {logging_mixin.py:151} INFO - #False
[2024-01-17T22:44:01.231+0000] {logging_mixin.py:151} INFO - #False
[2024-01-17T22:44:01.231+0000] {logging_mixin.py:151} INFO - #False
[2024-01-17T22:44:01.231+0000] {logging_mixin.py:151} INFO - #False
[2024-01-17T22:44:01.231+0000] {logging_mixin.py:151} INFO - #False
[2024-01-17T22:44:01.231+0000] {logging_mixin.py:151} INFO - #False
[2024-01-17T22:44:01.231+0000] {logging_mixin.py:151} INFO - #False
[2024-01-17T22:44:01.231+0000] {logging_mixin.py:151} INFO - #False
[2024-01-17T22:44:01.231+0000] {logging_mixin.py:151} INFO - #False
[2024-01-17T22:44:01.231+0000] {logging_mixin.py:151} INFO - #False
[2024-01-17T22:44:01.231+0000] {logging_mixin.py:151} INFO - #False
[2024-01-17T22:44:01.231+0000] {logging_mixin.py:151} INFO - #False
[2024-01-17T22:44:01.232+0000] {logging_mixin.py:151} INFO - #False
[2024-01-17T22:44:01.232+0000] {logging_mixin.py:151} INFO - #False
[2024-01-17T22:44:01.232+0000] {logging_mixin.py:151} INFO - #False
[2024-01-17T22:44:01.232+0000] {logging_mixin.py:151} INFO - #False
[2024-01-17T22:44:01.232+0000] {logging_mixin.py:151} INFO - #False
[2024-01-17T22:44:01.232+0000] {logging_mixin.py:151} INFO - #False
[2024-01-17T22:44:01.232+0000] {logging_mixin.py:151} INFO -  submission : 
[2024-01-17T22:44:01.682+0000] {logging_mixin.py:151} INFO - #False
[2024-01-17T22:44:01.682+0000] {logging_mixin.py:151} INFO - #False
[2024-01-17T22:44:01.682+0000] {logging_mixin.py:151} INFO - #False
[2024-01-17T22:44:01.682+0000] {logging_mixin.py:151} INFO - #False
[2024-01-17T22:44:01.682+0000] {logging_mixin.py:151} INFO - #False
[2024-01-17T22:44:01.683+0000] {logging_mixin.py:151} INFO - #False
[2024-01-17T22:44:01.683+0000] {logging_mixin.py:151} INFO - #False
[2024-01-17T22:44:01.683+0000] {logging_mixin.py:151} INFO - #False
[2024-01-17T22:44:01.683+0000] {logging_mixin.py:151} INFO - #False
[2024-01-17T22:44:01.683+0000] {logging_mixin.py:151} INFO - #False
[2024-01-17T22:44:01.683+0000] {logging_mixin.py:151} INFO - #False
[2024-01-17T22:44:01.683+0000] {logging_mixin.py:151} INFO - #False
[2024-01-17T22:44:01.683+0000] {logging_mixin.py:151} INFO - #False
[2024-01-17T22:44:01.683+0000] {logging_mixin.py:151} INFO - #False
[2024-01-17T22:44:01.683+0000] {logging_mixin.py:151} INFO - #False
[2024-01-17T22:44:01.683+0000] {logging_mixin.py:151} INFO - #False
[2024-01-17T22:44:01.683+0000] {logging_mixin.py:151} INFO - #False
[2024-01-17T22:44:01.683+0000] {logging_mixin.py:151} INFO - #False
[2024-01-17T22:44:01.683+0000] {logging_mixin.py:151} INFO - #False
[2024-01-17T22:44:01.683+0000] {logging_mixin.py:151} INFO - #False
[2024-01-17T22:44:01.683+0000] {logging_mixin.py:151} INFO - #False
[2024-01-17T22:44:01.683+0000] {logging_mixin.py:151} INFO - #False
[2024-01-17T22:44:01.683+0000] {logging_mixin.py:151} INFO - #False
[2024-01-17T22:44:01.683+0000] {logging_mixin.py:151} INFO - #False
[2024-01-17T22:44:01.684+0000] {logging_mixin.py:151} INFO - #False
[2024-01-17T22:44:01.684+0000] {logging_mixin.py:151} INFO - #False
[2024-01-17T22:44:01.684+0000] {logging_mixin.py:151} INFO - #False
[2024-01-17T22:44:01.684+0000] {logging_mixin.py:151} INFO - #False
[2024-01-17T22:44:01.684+0000] {logging_mixin.py:151} INFO - #False
[2024-01-17T22:44:01.684+0000] {logging_mixin.py:151} INFO - #False
[2024-01-17T22:44:01.684+0000] {logging_mixin.py:151} INFO -  submission : 
[2024-01-17T22:44:02.247+0000] {logging_mixin.py:151} INFO - #False
[2024-01-17T22:44:02.247+0000] {logging_mixin.py:151} INFO - #False
[2024-01-17T22:44:02.249+0000] {logging_mixin.py:151} INFO - #False
[2024-01-17T22:44:02.250+0000] {logging_mixin.py:151} INFO - #False
[2024-01-17T22:44:02.250+0000] {logging_mixin.py:151} INFO - #False
[2024-01-17T22:44:02.250+0000] {logging_mixin.py:151} INFO - #False
[2024-01-17T22:44:02.250+0000] {logging_mixin.py:151} INFO - #False
[2024-01-17T22:44:02.250+0000] {logging_mixin.py:151} INFO - #False
[2024-01-17T22:44:02.250+0000] {logging_mixin.py:151} INFO - #False
[2024-01-17T22:44:02.250+0000] {logging_mixin.py:151} INFO - #False
[2024-01-17T22:44:02.250+0000] {logging_mixin.py:151} INFO - #False
[2024-01-17T22:44:02.250+0000] {logging_mixin.py:151} INFO - #False
[2024-01-17T22:44:02.250+0000] {logging_mixin.py:151} INFO - #False
[2024-01-17T22:44:02.250+0000] {logging_mixin.py:151} INFO - #False
[2024-01-17T22:44:02.251+0000] {logging_mixin.py:151} INFO - #False
[2024-01-17T22:44:02.251+0000] {logging_mixin.py:151} INFO - #False
[2024-01-17T22:44:02.251+0000] {logging_mixin.py:151} INFO - #False
[2024-01-17T22:44:02.251+0000] {logging_mixin.py:151} INFO - #False
[2024-01-17T22:44:02.251+0000] {logging_mixin.py:151} INFO - #False
[2024-01-17T22:44:02.251+0000] {logging_mixin.py:151} INFO - #False
[2024-01-17T22:44:02.251+0000] {logging_mixin.py:151} INFO - #False
[2024-01-17T22:44:02.251+0000] {logging_mixin.py:151} INFO - #False
[2024-01-17T22:44:02.251+0000] {logging_mixin.py:151} INFO - #False
[2024-01-17T22:44:02.251+0000] {logging_mixin.py:151} INFO - #False
[2024-01-17T22:44:02.251+0000] {logging_mixin.py:151} INFO - #False
[2024-01-17T22:44:02.251+0000] {logging_mixin.py:151} INFO - #False
[2024-01-17T22:44:02.251+0000] {logging_mixin.py:151} INFO - #False
[2024-01-17T22:44:02.251+0000] {logging_mixin.py:151} INFO - #False
[2024-01-17T22:44:02.251+0000] {logging_mixin.py:151} INFO - #False
[2024-01-17T22:44:02.251+0000] {logging_mixin.py:151} INFO - #False
[2024-01-17T22:44:02.251+0000] {logging_mixin.py:151} INFO -  submission : 
[2024-01-17T22:44:03.094+0000] {logging_mixin.py:151} INFO - #False
[2024-01-17T22:44:03.094+0000] {logging_mixin.py:151} INFO - #False
[2024-01-17T22:44:03.095+0000] {logging_mixin.py:151} INFO - #False
[2024-01-17T22:44:03.095+0000] {logging_mixin.py:151} INFO - #False
[2024-01-17T22:44:03.095+0000] {logging_mixin.py:151} INFO - #False
[2024-01-17T22:44:03.095+0000] {logging_mixin.py:151} INFO - #False
[2024-01-17T22:44:03.095+0000] {logging_mixin.py:151} INFO - #False
[2024-01-17T22:44:03.095+0000] {logging_mixin.py:151} INFO - #False
[2024-01-17T22:44:03.095+0000] {logging_mixin.py:151} INFO - #False
[2024-01-17T22:44:03.095+0000] {logging_mixin.py:151} INFO - #False
[2024-01-17T22:44:03.095+0000] {logging_mixin.py:151} INFO - #False
[2024-01-17T22:44:03.095+0000] {logging_mixin.py:151} INFO - #False
[2024-01-17T22:44:03.095+0000] {logging_mixin.py:151} INFO - #False
[2024-01-17T22:44:03.095+0000] {logging_mixin.py:151} INFO - #False
[2024-01-17T22:44:03.095+0000] {logging_mixin.py:151} INFO - #False
[2024-01-17T22:44:03.095+0000] {logging_mixin.py:151} INFO - #False
[2024-01-17T22:44:03.095+0000] {logging_mixin.py:151} INFO - #False
[2024-01-17T22:44:03.095+0000] {logging_mixin.py:151} INFO - #False
[2024-01-17T22:44:03.096+0000] {logging_mixin.py:151} INFO - #False
[2024-01-17T22:44:03.096+0000] {logging_mixin.py:151} INFO - #False
[2024-01-17T22:44:03.096+0000] {logging_mixin.py:151} INFO - #False
[2024-01-17T22:44:03.096+0000] {logging_mixin.py:151} INFO - #False
[2024-01-17T22:44:03.096+0000] {logging_mixin.py:151} INFO - #False
[2024-01-17T22:44:03.096+0000] {logging_mixin.py:151} INFO - #False
[2024-01-17T22:44:03.096+0000] {logging_mixin.py:151} INFO - #False
[2024-01-17T22:44:03.096+0000] {logging_mixin.py:151} INFO - #False
[2024-01-17T22:44:03.096+0000] {logging_mixin.py:151} INFO - #False
[2024-01-17T22:44:03.096+0000] {logging_mixin.py:151} INFO - #False
[2024-01-17T22:44:03.096+0000] {logging_mixin.py:151} INFO - #False
[2024-01-17T22:44:03.096+0000] {logging_mixin.py:151} INFO - #False
[2024-01-17T22:44:03.096+0000] {logging_mixin.py:151} INFO -  submission : 
[2024-01-17T22:44:03.912+0000] {logging_mixin.py:151} INFO - #False
[2024-01-17T22:44:03.912+0000] {logging_mixin.py:151} INFO - #False
[2024-01-17T22:44:03.912+0000] {logging_mixin.py:151} INFO - #False
[2024-01-17T22:44:03.912+0000] {logging_mixin.py:151} INFO - #False
[2024-01-17T22:44:03.912+0000] {logging_mixin.py:151} INFO - #False
[2024-01-17T22:44:03.912+0000] {logging_mixin.py:151} INFO - #False
[2024-01-17T22:44:03.912+0000] {logging_mixin.py:151} INFO - #False
[2024-01-17T22:44:03.912+0000] {logging_mixin.py:151} INFO - #False
[2024-01-17T22:44:03.912+0000] {logging_mixin.py:151} INFO - #False
[2024-01-17T22:44:03.912+0000] {logging_mixin.py:151} INFO - #False
[2024-01-17T22:44:03.913+0000] {logging_mixin.py:151} INFO - #False
[2024-01-17T22:44:03.913+0000] {logging_mixin.py:151} INFO - #False
[2024-01-17T22:44:03.913+0000] {logging_mixin.py:151} INFO - #False
[2024-01-17T22:44:03.913+0000] {logging_mixin.py:151} INFO - #False
[2024-01-17T22:44:03.913+0000] {logging_mixin.py:151} INFO - #False
[2024-01-17T22:44:03.913+0000] {logging_mixin.py:151} INFO - #False
[2024-01-17T22:44:03.913+0000] {logging_mixin.py:151} INFO - #False
[2024-01-17T22:44:03.913+0000] {logging_mixin.py:151} INFO - #False
[2024-01-17T22:44:03.913+0000] {logging_mixin.py:151} INFO - #False
[2024-01-17T22:44:03.913+0000] {logging_mixin.py:151} INFO - #False
[2024-01-17T22:44:03.913+0000] {logging_mixin.py:151} INFO - #False
[2024-01-17T22:44:03.913+0000] {logging_mixin.py:151} INFO - #False
[2024-01-17T22:44:03.913+0000] {logging_mixin.py:151} INFO - #False
[2024-01-17T22:44:03.913+0000] {logging_mixin.py:151} INFO - #False
[2024-01-17T22:44:03.913+0000] {logging_mixin.py:151} INFO - #False
[2024-01-17T22:44:03.913+0000] {logging_mixin.py:151} INFO - #False
[2024-01-17T22:44:03.913+0000] {logging_mixin.py:151} INFO - #False
[2024-01-17T22:44:03.913+0000] {logging_mixin.py:151} INFO - #False
[2024-01-17T22:44:03.913+0000] {logging_mixin.py:151} INFO - #False
[2024-01-17T22:44:03.914+0000] {logging_mixin.py:151} INFO - #False
[2024-01-17T22:44:03.914+0000] {python.py:194} INFO - Done. Returned value was: None
[2024-01-17T22:44:03.923+0000] {taskinstance.py:1400} INFO - Marking task as SUCCESS. dag_id=Stream_3, task_id=Reddit, execution_date=20240117T224038, start_date=20240117T224356, end_date=20240117T224403
[2024-01-17T22:44:03.970+0000] {local_task_job_runner.py:228} INFO - Task exited with return code 0
[2024-01-17T22:44:03.986+0000] {taskinstance.py:2784} INFO - 0 downstream tasks scheduled from follow-on schedule check
