[2024-01-20T05:02:53.705+0000] {taskinstance.py:1159} INFO - Dependencies all met for dep_context=non-requeueable deps ti=<TaskInstance: Kafka_Producer_4.Reddit scheduled__2024-01-20T05:00:51.242862+00:00 [queued]>
[2024-01-20T05:02:53.712+0000] {taskinstance.py:1159} INFO - Dependencies all met for dep_context=requeueable deps ti=<TaskInstance: Kafka_Producer_4.Reddit scheduled__2024-01-20T05:00:51.242862+00:00 [queued]>
[2024-01-20T05:02:53.712+0000] {taskinstance.py:1361} INFO - Starting attempt 1 of 1
[2024-01-20T05:02:53.726+0000] {taskinstance.py:1382} INFO - Executing <Task(PythonOperator): Reddit> on 2024-01-20 05:00:51.242862+00:00
[2024-01-20T05:02:53.729+0000] {standard_task_runner.py:57} INFO - Started process 8688 to run task
[2024-01-20T05:02:53.731+0000] {standard_task_runner.py:84} INFO - Running: ['***', 'tasks', 'run', 'Kafka_Producer_4', 'Reddit', 'scheduled__2024-01-20T05:00:51.242862+00:00', '--job-id', '418', '--raw', '--subdir', 'DAGS_FOLDER/kafka_stream_4.py', '--cfg-path', '/tmp/tmp6r2jciyx']
[2024-01-20T05:02:53.732+0000] {standard_task_runner.py:85} INFO - Job 418: Subtask Reddit
[2024-01-20T05:02:53.771+0000] {task_command.py:415} INFO - Running <TaskInstance: Kafka_Producer_4.Reddit scheduled__2024-01-20T05:00:51.242862+00:00 [running]> on host 45c5bfab8aa1
[2024-01-20T05:02:53.846+0000] {taskinstance.py:1660} INFO - Exporting env vars: AIRFLOW_CTX_DAG_OWNER='me' AIRFLOW_CTX_DAG_ID='Kafka_Producer_4' AIRFLOW_CTX_TASK_ID='Reddit' AIRFLOW_CTX_EXECUTION_DATE='2024-01-20T05:00:51.242862+00:00' AIRFLOW_CTX_TRY_NUMBER='1' AIRFLOW_CTX_DAG_RUN_ID='scheduled__2024-01-20T05:00:51.242862+00:00'
[2024-01-20T05:02:53.881+0000] {logging_mixin.py:151} INFO -  submission : 
[2024-01-20T05:02:54.719+0000] {logging_mixin.py:151} INFO - #False
[2024-01-20T05:02:54.720+0000] {logging_mixin.py:151} INFO - #False
[2024-01-20T05:02:54.720+0000] {logging_mixin.py:151} INFO - #False
[2024-01-20T05:02:54.720+0000] {logging_mixin.py:151} INFO - #False
[2024-01-20T05:02:54.721+0000] {logging_mixin.py:151} INFO - #False
[2024-01-20T05:02:54.722+0000] {logging_mixin.py:151} INFO - #False
[2024-01-20T05:02:54.722+0000] {logging_mixin.py:151} INFO - #False
[2024-01-20T05:02:54.722+0000] {logging_mixin.py:151} INFO - #False
[2024-01-20T05:02:54.722+0000] {logging_mixin.py:151} INFO - #False
[2024-01-20T05:02:54.723+0000] {logging_mixin.py:151} INFO - #False
[2024-01-20T05:02:54.723+0000] {logging_mixin.py:151} INFO - #False
[2024-01-20T05:02:54.723+0000] {logging_mixin.py:151} INFO - #False
[2024-01-20T05:02:54.724+0000] {logging_mixin.py:151} INFO - #False
[2024-01-20T05:02:54.724+0000] {logging_mixin.py:151} INFO - #False
[2024-01-20T05:02:54.725+0000] {logging_mixin.py:151} INFO - #False
[2024-01-20T05:02:54.725+0000] {logging_mixin.py:151} INFO - #False
[2024-01-20T05:02:54.725+0000] {logging_mixin.py:151} INFO - #False
[2024-01-20T05:02:54.726+0000] {logging_mixin.py:151} INFO - #False
[2024-01-20T05:02:54.726+0000] {logging_mixin.py:151} INFO - #False
[2024-01-20T05:02:54.726+0000] {logging_mixin.py:151} INFO - #False
[2024-01-20T05:02:54.726+0000] {logging_mixin.py:151} INFO - #False
[2024-01-20T05:02:54.727+0000] {logging_mixin.py:151} INFO - #False
[2024-01-20T05:02:54.727+0000] {logging_mixin.py:151} INFO - #False
[2024-01-20T05:02:54.727+0000] {logging_mixin.py:151} INFO - #False
[2024-01-20T05:02:54.727+0000] {logging_mixin.py:151} INFO - #False
[2024-01-20T05:02:54.728+0000] {logging_mixin.py:151} INFO - #False
[2024-01-20T05:02:54.728+0000] {logging_mixin.py:151} INFO - #False
[2024-01-20T05:02:54.728+0000] {logging_mixin.py:151} INFO - #False
[2024-01-20T05:02:54.728+0000] {logging_mixin.py:151} INFO - #False
[2024-01-20T05:02:54.729+0000] {logging_mixin.py:151} INFO - #False
[2024-01-20T05:02:54.729+0000] {logging_mixin.py:151} INFO -  submission : 
[2024-01-20T05:02:55.336+0000] {logging_mixin.py:151} INFO - #False
[2024-01-20T05:02:55.337+0000] {logging_mixin.py:151} INFO - #False
[2024-01-20T05:02:55.337+0000] {logging_mixin.py:151} INFO - #False
[2024-01-20T05:02:55.337+0000] {logging_mixin.py:151} INFO - #False
[2024-01-20T05:02:55.338+0000] {logging_mixin.py:151} INFO - #False
[2024-01-20T05:02:55.338+0000] {logging_mixin.py:151} INFO - #False
[2024-01-20T05:02:55.338+0000] {logging_mixin.py:151} INFO - #False
[2024-01-20T05:02:55.338+0000] {logging_mixin.py:151} INFO - #False
[2024-01-20T05:02:55.339+0000] {logging_mixin.py:151} INFO - #False
[2024-01-20T05:02:55.339+0000] {logging_mixin.py:151} INFO - #False
[2024-01-20T05:02:55.339+0000] {logging_mixin.py:151} INFO - #False
[2024-01-20T05:02:55.339+0000] {logging_mixin.py:151} INFO - #False
[2024-01-20T05:02:55.340+0000] {logging_mixin.py:151} INFO - #False
[2024-01-20T05:02:55.340+0000] {logging_mixin.py:151} INFO - #False
[2024-01-20T05:02:55.340+0000] {logging_mixin.py:151} INFO - #False
[2024-01-20T05:02:55.340+0000] {logging_mixin.py:151} INFO - #False
[2024-01-20T05:02:55.341+0000] {logging_mixin.py:151} INFO - #False
[2024-01-20T05:02:55.341+0000] {logging_mixin.py:151} INFO - #False
[2024-01-20T05:02:55.341+0000] {logging_mixin.py:151} INFO - #False
[2024-01-20T05:02:55.341+0000] {logging_mixin.py:151} INFO - #False
[2024-01-20T05:02:55.342+0000] {logging_mixin.py:151} INFO - #False
[2024-01-20T05:02:55.342+0000] {logging_mixin.py:151} INFO - #False
[2024-01-20T05:02:55.342+0000] {logging_mixin.py:151} INFO - #False
[2024-01-20T05:02:55.343+0000] {logging_mixin.py:151} INFO - #False
[2024-01-20T05:02:55.343+0000] {logging_mixin.py:151} INFO - #False
[2024-01-20T05:02:55.343+0000] {logging_mixin.py:151} INFO - #False
[2024-01-20T05:02:55.343+0000] {logging_mixin.py:151} INFO - #False
[2024-01-20T05:02:55.343+0000] {logging_mixin.py:151} INFO - #False
[2024-01-20T05:02:55.344+0000] {logging_mixin.py:151} INFO - #False
[2024-01-20T05:02:55.344+0000] {logging_mixin.py:151} INFO - #False
[2024-01-20T05:02:55.344+0000] {logging_mixin.py:151} INFO -  submission : 
[2024-01-20T05:02:55.909+0000] {logging_mixin.py:151} INFO - #False
[2024-01-20T05:02:55.910+0000] {logging_mixin.py:151} INFO - #False
[2024-01-20T05:02:55.910+0000] {logging_mixin.py:151} INFO - #False
[2024-01-20T05:02:55.910+0000] {logging_mixin.py:151} INFO - #False
[2024-01-20T05:02:55.911+0000] {logging_mixin.py:151} INFO - #False
[2024-01-20T05:02:55.912+0000] {logging_mixin.py:151} INFO - #False
[2024-01-20T05:02:55.912+0000] {logging_mixin.py:151} INFO - #False
[2024-01-20T05:02:55.912+0000] {logging_mixin.py:151} INFO - #False
[2024-01-20T05:02:55.912+0000] {logging_mixin.py:151} INFO - #False
[2024-01-20T05:02:55.913+0000] {logging_mixin.py:151} INFO - #False
[2024-01-20T05:02:55.913+0000] {logging_mixin.py:151} INFO - #False
[2024-01-20T05:02:55.913+0000] {logging_mixin.py:151} INFO - #False
[2024-01-20T05:02:55.913+0000] {logging_mixin.py:151} INFO - #False
[2024-01-20T05:02:55.914+0000] {logging_mixin.py:151} INFO - #False
[2024-01-20T05:02:55.914+0000] {logging_mixin.py:151} INFO - #False
[2024-01-20T05:02:55.914+0000] {logging_mixin.py:151} INFO - #False
[2024-01-20T05:02:55.915+0000] {logging_mixin.py:151} INFO - #False
[2024-01-20T05:02:55.915+0000] {logging_mixin.py:151} INFO - #False
[2024-01-20T05:02:55.915+0000] {logging_mixin.py:151} INFO - #False
[2024-01-20T05:02:55.915+0000] {logging_mixin.py:151} INFO - #False
[2024-01-20T05:02:55.916+0000] {logging_mixin.py:151} INFO - #False
[2024-01-20T05:02:55.916+0000] {logging_mixin.py:151} INFO - #False
[2024-01-20T05:02:55.916+0000] {logging_mixin.py:151} INFO - #False
[2024-01-20T05:02:55.917+0000] {logging_mixin.py:151} INFO - #False
[2024-01-20T05:02:55.917+0000] {logging_mixin.py:151} INFO - #False
[2024-01-20T05:02:55.917+0000] {logging_mixin.py:151} INFO - #False
[2024-01-20T05:02:55.917+0000] {logging_mixin.py:151} INFO - #False
[2024-01-20T05:02:55.917+0000] {logging_mixin.py:151} INFO - #False
[2024-01-20T05:02:55.918+0000] {logging_mixin.py:151} INFO - #False
[2024-01-20T05:02:55.918+0000] {logging_mixin.py:151} INFO - #False
[2024-01-20T05:02:55.918+0000] {logging_mixin.py:151} INFO -  submission : 
[2024-01-20T05:02:56.385+0000] {logging_mixin.py:151} INFO - #False
[2024-01-20T05:02:56.386+0000] {logging_mixin.py:151} INFO - #False
[2024-01-20T05:02:56.387+0000] {logging_mixin.py:151} INFO - #False
[2024-01-20T05:02:56.387+0000] {logging_mixin.py:151} INFO - #False
[2024-01-20T05:02:56.387+0000] {logging_mixin.py:151} INFO - #False
[2024-01-20T05:02:56.388+0000] {logging_mixin.py:151} INFO - #False
[2024-01-20T05:02:56.388+0000] {logging_mixin.py:151} INFO - #False
[2024-01-20T05:02:56.389+0000] {logging_mixin.py:151} INFO - #False
[2024-01-20T05:02:56.389+0000] {logging_mixin.py:151} INFO - #False
[2024-01-20T05:02:56.389+0000] {logging_mixin.py:151} INFO - #False
[2024-01-20T05:02:56.390+0000] {logging_mixin.py:151} INFO - #False
[2024-01-20T05:02:56.390+0000] {logging_mixin.py:151} INFO - #False
[2024-01-20T05:02:56.391+0000] {logging_mixin.py:151} INFO - #False
[2024-01-20T05:02:56.391+0000] {logging_mixin.py:151} INFO - #False
[2024-01-20T05:02:56.391+0000] {logging_mixin.py:151} INFO - #False
[2024-01-20T05:02:56.392+0000] {logging_mixin.py:151} INFO - #False
[2024-01-20T05:02:56.392+0000] {logging_mixin.py:151} INFO - #False
[2024-01-20T05:02:56.392+0000] {logging_mixin.py:151} INFO - #False
[2024-01-20T05:02:56.392+0000] {logging_mixin.py:151} INFO - #False
[2024-01-20T05:02:56.393+0000] {logging_mixin.py:151} INFO - #False
[2024-01-20T05:02:56.393+0000] {logging_mixin.py:151} INFO - #False
[2024-01-20T05:02:56.393+0000] {logging_mixin.py:151} INFO - #False
[2024-01-20T05:02:56.393+0000] {logging_mixin.py:151} INFO - #False
[2024-01-20T05:02:56.394+0000] {logging_mixin.py:151} INFO - #False
[2024-01-20T05:02:56.394+0000] {logging_mixin.py:151} INFO - #False
[2024-01-20T05:02:56.394+0000] {logging_mixin.py:151} INFO - #False
[2024-01-20T05:02:56.394+0000] {logging_mixin.py:151} INFO - #False
[2024-01-20T05:02:56.394+0000] {logging_mixin.py:151} INFO - #False
[2024-01-20T05:02:56.395+0000] {logging_mixin.py:151} INFO - #False
[2024-01-20T05:02:56.395+0000] {logging_mixin.py:151} INFO - #False
[2024-01-20T05:02:56.396+0000] {logging_mixin.py:151} INFO -  submission : 
[2024-01-20T05:02:56.892+0000] {logging_mixin.py:151} INFO - #False
[2024-01-20T05:02:56.893+0000] {logging_mixin.py:151} INFO - #False
[2024-01-20T05:02:56.893+0000] {logging_mixin.py:151} INFO - #False
[2024-01-20T05:02:56.894+0000] {logging_mixin.py:151} INFO - #False
[2024-01-20T05:02:56.894+0000] {logging_mixin.py:151} INFO - #False
[2024-01-20T05:02:56.895+0000] {logging_mixin.py:151} INFO - #False
[2024-01-20T05:02:56.895+0000] {logging_mixin.py:151} INFO - #False
[2024-01-20T05:02:56.895+0000] {logging_mixin.py:151} INFO - #False
[2024-01-20T05:02:56.896+0000] {logging_mixin.py:151} INFO - #False
[2024-01-20T05:02:56.896+0000] {logging_mixin.py:151} INFO - #False
[2024-01-20T05:02:56.896+0000] {logging_mixin.py:151} INFO - #False
[2024-01-20T05:02:56.897+0000] {logging_mixin.py:151} INFO - #False
[2024-01-20T05:02:56.897+0000] {logging_mixin.py:151} INFO - #False
[2024-01-20T05:02:56.898+0000] {logging_mixin.py:151} INFO - #False
[2024-01-20T05:02:56.898+0000] {logging_mixin.py:151} INFO - #False
[2024-01-20T05:02:56.898+0000] {logging_mixin.py:151} INFO - #False
[2024-01-20T05:02:56.898+0000] {logging_mixin.py:151} INFO - #False
[2024-01-20T05:02:56.899+0000] {logging_mixin.py:151} INFO - #False
[2024-01-20T05:02:56.899+0000] {logging_mixin.py:151} INFO - #False
[2024-01-20T05:02:56.899+0000] {logging_mixin.py:151} INFO - #False
[2024-01-20T05:02:56.900+0000] {logging_mixin.py:151} INFO - #False
[2024-01-20T05:02:56.900+0000] {logging_mixin.py:151} INFO - #False
[2024-01-20T05:02:56.900+0000] {logging_mixin.py:151} INFO - #False
[2024-01-20T05:02:56.900+0000] {logging_mixin.py:151} INFO - #False
[2024-01-20T05:02:56.901+0000] {logging_mixin.py:151} INFO - #False
[2024-01-20T05:02:56.901+0000] {logging_mixin.py:151} INFO - #False
[2024-01-20T05:02:56.902+0000] {logging_mixin.py:151} INFO - #False
[2024-01-20T05:02:56.902+0000] {logging_mixin.py:151} INFO - #False
[2024-01-20T05:02:56.902+0000] {logging_mixin.py:151} INFO - #False
[2024-01-20T05:02:56.903+0000] {logging_mixin.py:151} INFO - #False
[2024-01-20T05:02:56.903+0000] {logging_mixin.py:151} INFO -  submission : 
[2024-01-20T05:02:57.401+0000] {logging_mixin.py:151} INFO - #False
[2024-01-20T05:02:57.401+0000] {logging_mixin.py:151} INFO - #False
[2024-01-20T05:02:57.402+0000] {logging_mixin.py:151} INFO - #False
[2024-01-20T05:02:57.402+0000] {logging_mixin.py:151} INFO - #False
[2024-01-20T05:02:57.403+0000] {logging_mixin.py:151} INFO - #False
[2024-01-20T05:02:57.403+0000] {logging_mixin.py:151} INFO - #False
[2024-01-20T05:02:57.403+0000] {logging_mixin.py:151} INFO - #False
[2024-01-20T05:02:57.404+0000] {logging_mixin.py:151} INFO - #False
[2024-01-20T05:02:57.404+0000] {logging_mixin.py:151} INFO - #False
[2024-01-20T05:02:57.404+0000] {logging_mixin.py:151} INFO - #False
[2024-01-20T05:02:57.405+0000] {logging_mixin.py:151} INFO - #False
[2024-01-20T05:02:57.405+0000] {logging_mixin.py:151} INFO - #False
[2024-01-20T05:02:57.405+0000] {logging_mixin.py:151} INFO - #False
[2024-01-20T05:02:57.405+0000] {logging_mixin.py:151} INFO - #False
[2024-01-20T05:02:57.406+0000] {logging_mixin.py:151} INFO - #False
[2024-01-20T05:02:57.406+0000] {logging_mixin.py:151} INFO - #False
[2024-01-20T05:02:57.406+0000] {logging_mixin.py:151} INFO - #False
[2024-01-20T05:02:57.407+0000] {logging_mixin.py:151} INFO - #False
[2024-01-20T05:02:57.407+0000] {logging_mixin.py:151} INFO - #False
[2024-01-20T05:02:57.408+0000] {logging_mixin.py:151} INFO - #False
[2024-01-20T05:02:57.408+0000] {logging_mixin.py:151} INFO - #False
[2024-01-20T05:02:57.408+0000] {logging_mixin.py:151} INFO - #False
[2024-01-20T05:02:57.409+0000] {logging_mixin.py:151} INFO - #False
[2024-01-20T05:02:57.409+0000] {logging_mixin.py:151} INFO - #False
[2024-01-20T05:02:57.410+0000] {logging_mixin.py:151} INFO - #False
[2024-01-20T05:02:57.410+0000] {logging_mixin.py:151} INFO - #False
[2024-01-20T05:02:57.410+0000] {logging_mixin.py:151} INFO - #False
[2024-01-20T05:02:57.411+0000] {logging_mixin.py:151} INFO - #False
[2024-01-20T05:02:57.411+0000] {logging_mixin.py:151} INFO - #False
[2024-01-20T05:02:57.412+0000] {logging_mixin.py:151} INFO - #False
[2024-01-20T05:02:57.412+0000] {logging_mixin.py:151} INFO -  submission : 
[2024-01-20T05:02:58.025+0000] {logging_mixin.py:151} INFO - #False
[2024-01-20T05:02:58.025+0000] {logging_mixin.py:151} INFO - #False
[2024-01-20T05:02:58.026+0000] {logging_mixin.py:151} INFO - #False
[2024-01-20T05:02:58.026+0000] {logging_mixin.py:151} INFO - #False
[2024-01-20T05:02:58.026+0000] {logging_mixin.py:151} INFO - #False
[2024-01-20T05:02:58.026+0000] {logging_mixin.py:151} INFO - #False
[2024-01-20T05:02:58.027+0000] {logging_mixin.py:151} INFO - #False
[2024-01-20T05:02:58.028+0000] {logging_mixin.py:151} INFO - #False
[2024-01-20T05:02:58.029+0000] {logging_mixin.py:151} INFO - #False
[2024-01-20T05:02:58.029+0000] {logging_mixin.py:151} INFO - #False
[2024-01-20T05:02:58.029+0000] {logging_mixin.py:151} INFO - #False
[2024-01-20T05:02:58.030+0000] {logging_mixin.py:151} INFO - #False
[2024-01-20T05:02:58.030+0000] {logging_mixin.py:151} INFO - #False
[2024-01-20T05:02:58.030+0000] {logging_mixin.py:151} INFO - #False
[2024-01-20T05:02:58.031+0000] {logging_mixin.py:151} INFO - #False
[2024-01-20T05:02:58.031+0000] {logging_mixin.py:151} INFO - #False
[2024-01-20T05:02:58.031+0000] {logging_mixin.py:151} INFO - #False
[2024-01-20T05:02:58.032+0000] {logging_mixin.py:151} INFO - #False
[2024-01-20T05:02:58.032+0000] {logging_mixin.py:151} INFO - #False
[2024-01-20T05:02:58.032+0000] {logging_mixin.py:151} INFO - #False
[2024-01-20T05:02:58.033+0000] {logging_mixin.py:151} INFO - #False
[2024-01-20T05:02:58.033+0000] {logging_mixin.py:151} INFO - #False
[2024-01-20T05:02:58.033+0000] {logging_mixin.py:151} INFO - #False
[2024-01-20T05:02:58.034+0000] {logging_mixin.py:151} INFO - #False
[2024-01-20T05:02:58.034+0000] {logging_mixin.py:151} INFO - #False
[2024-01-20T05:02:58.034+0000] {logging_mixin.py:151} INFO - #False
[2024-01-20T05:02:58.035+0000] {logging_mixin.py:151} INFO - #False
[2024-01-20T05:02:58.035+0000] {logging_mixin.py:151} INFO - #False
[2024-01-20T05:02:58.036+0000] {logging_mixin.py:151} INFO - #False
[2024-01-20T05:02:58.036+0000] {logging_mixin.py:151} INFO - #False
[2024-01-20T05:02:58.036+0000] {logging_mixin.py:151} INFO -  submission : 
[2024-01-20T05:02:58.581+0000] {logging_mixin.py:151} INFO - #False
[2024-01-20T05:02:58.581+0000] {logging_mixin.py:151} INFO - #False
[2024-01-20T05:02:58.581+0000] {logging_mixin.py:151} INFO - #False
[2024-01-20T05:02:58.582+0000] {logging_mixin.py:151} INFO - #False
[2024-01-20T05:02:58.582+0000] {logging_mixin.py:151} INFO - #False
[2024-01-20T05:02:58.582+0000] {logging_mixin.py:151} INFO - #False
[2024-01-20T05:02:58.583+0000] {logging_mixin.py:151} INFO - #False
[2024-01-20T05:02:58.583+0000] {logging_mixin.py:151} INFO - #False
[2024-01-20T05:02:58.583+0000] {logging_mixin.py:151} INFO - #False
[2024-01-20T05:02:58.583+0000] {logging_mixin.py:151} INFO - #False
[2024-01-20T05:02:58.584+0000] {logging_mixin.py:151} INFO - #False
[2024-01-20T05:02:58.584+0000] {logging_mixin.py:151} INFO - #False
[2024-01-20T05:02:58.584+0000] {logging_mixin.py:151} INFO - #False
[2024-01-20T05:02:58.584+0000] {logging_mixin.py:151} INFO - #False
[2024-01-20T05:02:58.585+0000] {logging_mixin.py:151} INFO - #False
[2024-01-20T05:02:58.585+0000] {logging_mixin.py:151} INFO - #False
[2024-01-20T05:02:58.585+0000] {logging_mixin.py:151} INFO - #False
[2024-01-20T05:02:58.586+0000] {logging_mixin.py:151} INFO - #False
[2024-01-20T05:02:58.586+0000] {logging_mixin.py:151} INFO - #False
[2024-01-20T05:02:58.586+0000] {logging_mixin.py:151} INFO - #False
[2024-01-20T05:02:58.586+0000] {logging_mixin.py:151} INFO - #False
[2024-01-20T05:02:58.586+0000] {logging_mixin.py:151} INFO - #False
[2024-01-20T05:02:58.587+0000] {logging_mixin.py:151} INFO - #False
[2024-01-20T05:02:58.587+0000] {logging_mixin.py:151} INFO - #False
[2024-01-20T05:02:58.588+0000] {logging_mixin.py:151} INFO - #False
[2024-01-20T05:02:58.588+0000] {logging_mixin.py:151} INFO - #False
[2024-01-20T05:02:58.588+0000] {logging_mixin.py:151} INFO - #False
[2024-01-20T05:02:58.588+0000] {logging_mixin.py:151} INFO - #False
[2024-01-20T05:02:58.589+0000] {logging_mixin.py:151} INFO - #False
[2024-01-20T05:02:58.589+0000] {logging_mixin.py:151} INFO - #False
[2024-01-20T05:02:58.589+0000] {python.py:194} INFO - Done. Returned value was: None
[2024-01-20T05:02:58.597+0000] {taskinstance.py:1400} INFO - Marking task as SUCCESS. dag_id=Kafka_Producer_4, task_id=Reddit, execution_date=20240120T050051, start_date=20240120T050253, end_date=20240120T050258
[2024-01-20T05:02:58.637+0000] {local_task_job_runner.py:228} INFO - Task exited with return code 0
[2024-01-20T05:02:58.655+0000] {taskinstance.py:2784} INFO - 0 downstream tasks scheduled from follow-on schedule check
