[2024-01-17T05:09:19.446+0000] {taskinstance.py:1159} INFO - Dependencies all met for dep_context=non-requeueable deps ti=<TaskInstance: Stream_Data_1.Reddit scheduled__2024-01-17T05:08:15.135468+00:00 [queued]>
[2024-01-17T05:09:19.453+0000] {taskinstance.py:1159} INFO - Dependencies all met for dep_context=requeueable deps ti=<TaskInstance: Stream_Data_1.Reddit scheduled__2024-01-17T05:08:15.135468+00:00 [queued]>
[2024-01-17T05:09:19.454+0000] {taskinstance.py:1361} INFO - Starting attempt 1 of 1
[2024-01-17T05:09:19.467+0000] {taskinstance.py:1382} INFO - Executing <Task(PythonOperator): Reddit> on 2024-01-17 05:08:15.135468+00:00
[2024-01-17T05:09:19.471+0000] {standard_task_runner.py:57} INFO - Started process 29279 to run task
[2024-01-17T05:09:19.474+0000] {standard_task_runner.py:84} INFO - Running: ['***', 'tasks', 'run', 'Stream_Data_1', 'Reddit', 'scheduled__2024-01-17T05:08:15.135468+00:00', '--job-id', '344', '--raw', '--subdir', 'DAGS_FOLDER/kafka_stream.py', '--cfg-path', '/tmp/tmpa_g5_m7g']
[2024-01-17T05:09:19.475+0000] {standard_task_runner.py:85} INFO - Job 344: Subtask Reddit
[2024-01-17T05:09:19.516+0000] {task_command.py:415} INFO - Running <TaskInstance: Stream_Data_1.Reddit scheduled__2024-01-17T05:08:15.135468+00:00 [running]> on host 614a419ad930
[2024-01-17T05:09:19.579+0000] {taskinstance.py:1660} INFO - Exporting env vars: AIRFLOW_CTX_DAG_OWNER='me' AIRFLOW_CTX_DAG_ID='Stream_Data_1' AIRFLOW_CTX_TASK_ID='Reddit' AIRFLOW_CTX_EXECUTION_DATE='2024-01-17T05:08:15.135468+00:00' AIRFLOW_CTX_TRY_NUMBER='1' AIRFLOW_CTX_DAG_RUN_ID='scheduled__2024-01-17T05:08:15.135468+00:00'
[2024-01-17T05:09:19.605+0000] {logging_mixin.py:151} INFO -  submission : 
[2024-01-17T05:09:20.568+0000] {logging_mixin.py:151} INFO - @True
[2024-01-17T05:09:20.570+0000] {conn.py:380} INFO - <BrokerConnection node_id=bootstrap-0 host=broker:29092 <connecting> [IPv4 ('192.168.224.8', 29092)]>: connecting to broker:29092 [('192.168.224.8', 29092) IPv4]
[2024-01-17T05:09:20.571+0000] {conn.py:1205} INFO - Probing node bootstrap-0 broker version
[2024-01-17T05:09:20.573+0000] {conn.py:410} INFO - <BrokerConnection node_id=bootstrap-0 host=broker:29092 <connecting> [IPv4 ('192.168.224.8', 29092)]>: Connection complete.
[2024-01-17T05:09:20.676+0000] {conn.py:1267} INFO - Broker version identified as 2.5.0
[2024-01-17T05:09:20.676+0000] {conn.py:1268} INFO - Set configuration api_version=(2, 5, 0) to skip auto check_version requests on startup
[2024-01-17T05:09:20.679+0000] {logging_mixin.py:151} INFO - @True
[2024-01-17T05:09:20.680+0000] {conn.py:380} INFO - <BrokerConnection node_id=1 host=broker:29092 <connecting> [IPv4 ('192.168.224.8', 29092)]>: connecting to broker:29092 [('192.168.224.8', 29092) IPv4]
[2024-01-17T05:09:20.681+0000] {conn.py:380} INFO - <BrokerConnection node_id=bootstrap-0 host=broker:29092 <connecting> [IPv4 ('192.168.224.8', 29092)]>: connecting to broker:29092 [('192.168.224.8', 29092) IPv4]
[2024-01-17T05:09:20.681+0000] {conn.py:410} INFO - <BrokerConnection node_id=1 host=broker:29092 <connecting> [IPv4 ('192.168.224.8', 29092)]>: Connection complete.
[2024-01-17T05:09:20.681+0000] {conn.py:919} INFO - <BrokerConnection node_id=bootstrap-0 host=broker:29092 <connected> [IPv4 ('192.168.224.8', 29092)]>: Closing connection. 
[2024-01-17T05:09:20.681+0000] {conn.py:1205} INFO - Probing node bootstrap-0 broker version
[2024-01-17T05:09:20.682+0000] {conn.py:410} INFO - <BrokerConnection node_id=bootstrap-0 host=broker:29092 <connecting> [IPv4 ('192.168.224.8', 29092)]>: Connection complete.
[2024-01-17T05:09:20.785+0000] {conn.py:1267} INFO - Broker version identified as 2.5.0
[2024-01-17T05:09:20.785+0000] {conn.py:1268} INFO - Set configuration api_version=(2, 5, 0) to skip auto check_version requests on startup
[2024-01-17T05:09:20.787+0000] {conn.py:919} INFO - <BrokerConnection node_id=1 host=broker:29092 <connected> [IPv4 ('192.168.224.8', 29092)]>: Closing connection. 
[2024-01-17T05:09:20.789+0000] {logging_mixin.py:151} INFO - #False
[2024-01-17T05:09:20.790+0000] {logging_mixin.py:151} INFO - #False
[2024-01-17T05:09:20.790+0000] {logging_mixin.py:151} INFO - #False
[2024-01-17T05:09:20.790+0000] {logging_mixin.py:151} INFO - #False
[2024-01-17T05:09:20.790+0000] {logging_mixin.py:151} INFO - #False
[2024-01-17T05:09:20.790+0000] {logging_mixin.py:151} INFO - #False
[2024-01-17T05:09:20.790+0000] {logging_mixin.py:151} INFO - #False
[2024-01-17T05:09:20.790+0000] {logging_mixin.py:151} INFO - #False
[2024-01-17T05:09:20.791+0000] {logging_mixin.py:151} INFO - #False
[2024-01-17T05:09:20.791+0000] {logging_mixin.py:151} INFO - #False
[2024-01-17T05:09:20.791+0000] {logging_mixin.py:151} INFO - #False
[2024-01-17T05:09:20.791+0000] {logging_mixin.py:151} INFO - #False
[2024-01-17T05:09:20.791+0000] {logging_mixin.py:151} INFO - #False
[2024-01-17T05:09:20.791+0000] {logging_mixin.py:151} INFO - #False
[2024-01-17T05:09:20.791+0000] {logging_mixin.py:151} INFO - #False
[2024-01-17T05:09:20.791+0000] {logging_mixin.py:151} INFO - #False
[2024-01-17T05:09:20.791+0000] {logging_mixin.py:151} INFO - #False
[2024-01-17T05:09:20.792+0000] {logging_mixin.py:151} INFO - #False
[2024-01-17T05:09:20.792+0000] {logging_mixin.py:151} INFO - #False
[2024-01-17T05:09:20.792+0000] {logging_mixin.py:151} INFO - #False
[2024-01-17T05:09:20.792+0000] {logging_mixin.py:151} INFO - #False
[2024-01-17T05:09:20.792+0000] {logging_mixin.py:151} INFO - #False
[2024-01-17T05:09:20.792+0000] {logging_mixin.py:151} INFO - #False
[2024-01-17T05:09:20.792+0000] {logging_mixin.py:151} INFO - #False
[2024-01-17T05:09:20.792+0000] {logging_mixin.py:151} INFO - #False
[2024-01-17T05:09:20.792+0000] {logging_mixin.py:151} INFO - #False
[2024-01-17T05:09:20.792+0000] {logging_mixin.py:151} INFO - #False
[2024-01-17T05:09:20.793+0000] {logging_mixin.py:151} INFO - #False
[2024-01-17T05:09:20.793+0000] {logging_mixin.py:151} INFO -  submission : 
[2024-01-17T05:09:20.794+0000] {conn.py:380} INFO - <BrokerConnection node_id=1 host=broker:29092 <connecting> [IPv4 ('192.168.224.8', 29092)]>: connecting to broker:29092 [('192.168.224.8', 29092) IPv4]
[2024-01-17T05:09:20.795+0000] {conn.py:410} INFO - <BrokerConnection node_id=1 host=broker:29092 <connecting> [IPv4 ('192.168.224.8', 29092)]>: Connection complete.
[2024-01-17T05:09:20.795+0000] {conn.py:919} INFO - <BrokerConnection node_id=bootstrap-0 host=broker:29092 <connected> [IPv4 ('192.168.224.8', 29092)]>: Closing connection. 
[2024-01-17T05:09:21.546+0000] {logging_mixin.py:151} INFO - #False
[2024-01-17T05:09:21.546+0000] {logging_mixin.py:151} INFO - #False
[2024-01-17T05:09:21.546+0000] {logging_mixin.py:151} INFO - #False
[2024-01-17T05:09:21.547+0000] {logging_mixin.py:151} INFO - #False
[2024-01-17T05:09:21.547+0000] {logging_mixin.py:151} INFO - #False
[2024-01-17T05:09:21.547+0000] {logging_mixin.py:151} INFO - #False
[2024-01-17T05:09:21.547+0000] {logging_mixin.py:151} INFO - #False
[2024-01-17T05:09:21.547+0000] {logging_mixin.py:151} INFO - #False
[2024-01-17T05:09:21.547+0000] {logging_mixin.py:151} INFO - #False
[2024-01-17T05:09:21.547+0000] {logging_mixin.py:151} INFO - #False
[2024-01-17T05:09:21.547+0000] {logging_mixin.py:151} INFO - #False
[2024-01-17T05:09:21.547+0000] {logging_mixin.py:151} INFO - #False
[2024-01-17T05:09:21.547+0000] {logging_mixin.py:151} INFO - #False
[2024-01-17T05:09:21.547+0000] {logging_mixin.py:151} INFO - #False
[2024-01-17T05:09:21.547+0000] {logging_mixin.py:151} INFO - #False
[2024-01-17T05:09:21.547+0000] {logging_mixin.py:151} INFO - #False
[2024-01-17T05:09:21.547+0000] {logging_mixin.py:151} INFO - #False
[2024-01-17T05:09:21.547+0000] {logging_mixin.py:151} INFO - #False
[2024-01-17T05:09:21.547+0000] {logging_mixin.py:151} INFO - #False
[2024-01-17T05:09:21.547+0000] {logging_mixin.py:151} INFO - #False
[2024-01-17T05:09:21.547+0000] {logging_mixin.py:151} INFO - #False
[2024-01-17T05:09:21.547+0000] {logging_mixin.py:151} INFO - #False
[2024-01-17T05:09:21.547+0000] {logging_mixin.py:151} INFO - #False
[2024-01-17T05:09:21.547+0000] {logging_mixin.py:151} INFO - #False
[2024-01-17T05:09:21.547+0000] {logging_mixin.py:151} INFO - #False
[2024-01-17T05:09:21.548+0000] {logging_mixin.py:151} INFO - #False
[2024-01-17T05:09:21.548+0000] {logging_mixin.py:151} INFO - #False
[2024-01-17T05:09:21.548+0000] {logging_mixin.py:151} INFO - #False
[2024-01-17T05:09:21.548+0000] {logging_mixin.py:151} INFO - #False
[2024-01-17T05:09:21.548+0000] {logging_mixin.py:151} INFO - #False
[2024-01-17T05:09:21.548+0000] {logging_mixin.py:151} INFO -  submission : 
[2024-01-17T05:09:22.141+0000] {logging_mixin.py:151} INFO - #False
[2024-01-17T05:09:22.142+0000] {logging_mixin.py:151} INFO - #False
[2024-01-17T05:09:22.142+0000] {logging_mixin.py:151} INFO - #False
[2024-01-17T05:09:22.142+0000] {logging_mixin.py:151} INFO - #False
[2024-01-17T05:09:22.142+0000] {logging_mixin.py:151} INFO - #False
[2024-01-17T05:09:22.142+0000] {logging_mixin.py:151} INFO - #False
[2024-01-17T05:09:22.142+0000] {logging_mixin.py:151} INFO - #False
[2024-01-17T05:09:22.142+0000] {logging_mixin.py:151} INFO - #False
[2024-01-17T05:09:22.142+0000] {logging_mixin.py:151} INFO - #False
[2024-01-17T05:09:22.142+0000] {logging_mixin.py:151} INFO - #False
[2024-01-17T05:09:22.142+0000] {logging_mixin.py:151} INFO - #False
[2024-01-17T05:09:22.142+0000] {logging_mixin.py:151} INFO - #False
[2024-01-17T05:09:22.142+0000] {logging_mixin.py:151} INFO - #False
[2024-01-17T05:09:22.142+0000] {logging_mixin.py:151} INFO - #False
[2024-01-17T05:09:22.142+0000] {logging_mixin.py:151} INFO - #False
[2024-01-17T05:09:22.142+0000] {logging_mixin.py:151} INFO - #False
[2024-01-17T05:09:22.142+0000] {logging_mixin.py:151} INFO - #False
[2024-01-17T05:09:22.142+0000] {logging_mixin.py:151} INFO - #False
[2024-01-17T05:09:22.143+0000] {logging_mixin.py:151} INFO - #False
[2024-01-17T05:09:22.143+0000] {logging_mixin.py:151} INFO - #False
[2024-01-17T05:09:22.143+0000] {logging_mixin.py:151} INFO - #False
[2024-01-17T05:09:22.143+0000] {logging_mixin.py:151} INFO - #False
[2024-01-17T05:09:22.143+0000] {logging_mixin.py:151} INFO - #False
[2024-01-17T05:09:22.143+0000] {logging_mixin.py:151} INFO - #False
[2024-01-17T05:09:22.143+0000] {logging_mixin.py:151} INFO - #False
[2024-01-17T05:09:22.143+0000] {logging_mixin.py:151} INFO - #False
[2024-01-17T05:09:22.143+0000] {logging_mixin.py:151} INFO - #False
[2024-01-17T05:09:22.143+0000] {logging_mixin.py:151} INFO - #False
[2024-01-17T05:09:22.143+0000] {logging_mixin.py:151} INFO - #False
[2024-01-17T05:09:22.143+0000] {logging_mixin.py:151} INFO - #False
[2024-01-17T05:09:22.143+0000] {logging_mixin.py:151} INFO -  submission : 
[2024-01-17T05:09:22.618+0000] {logging_mixin.py:151} INFO - #False
[2024-01-17T05:09:22.618+0000] {logging_mixin.py:151} INFO - #False
[2024-01-17T05:09:22.618+0000] {logging_mixin.py:151} INFO - #False
[2024-01-17T05:09:22.618+0000] {logging_mixin.py:151} INFO - #False
[2024-01-17T05:09:22.618+0000] {logging_mixin.py:151} INFO - #False
[2024-01-17T05:09:22.618+0000] {logging_mixin.py:151} INFO - #False
[2024-01-17T05:09:22.618+0000] {logging_mixin.py:151} INFO - #False
[2024-01-17T05:09:22.618+0000] {logging_mixin.py:151} INFO - #False
[2024-01-17T05:09:22.618+0000] {logging_mixin.py:151} INFO - #False
[2024-01-17T05:09:22.618+0000] {logging_mixin.py:151} INFO - #False
[2024-01-17T05:09:22.618+0000] {logging_mixin.py:151} INFO - #False
[2024-01-17T05:09:22.618+0000] {logging_mixin.py:151} INFO - #False
[2024-01-17T05:09:22.618+0000] {logging_mixin.py:151} INFO - #False
[2024-01-17T05:09:22.618+0000] {logging_mixin.py:151} INFO - #False
[2024-01-17T05:09:22.618+0000] {logging_mixin.py:151} INFO - #False
[2024-01-17T05:09:22.619+0000] {logging_mixin.py:151} INFO - #False
[2024-01-17T05:09:22.619+0000] {logging_mixin.py:151} INFO - #False
[2024-01-17T05:09:22.619+0000] {logging_mixin.py:151} INFO - #False
[2024-01-17T05:09:22.619+0000] {logging_mixin.py:151} INFO - #False
[2024-01-17T05:09:22.619+0000] {logging_mixin.py:151} INFO - #False
[2024-01-17T05:09:22.619+0000] {logging_mixin.py:151} INFO - #False
[2024-01-17T05:09:22.619+0000] {logging_mixin.py:151} INFO - #False
[2024-01-17T05:09:22.619+0000] {logging_mixin.py:151} INFO - #False
[2024-01-17T05:09:22.619+0000] {logging_mixin.py:151} INFO - #False
[2024-01-17T05:09:22.619+0000] {logging_mixin.py:151} INFO - #False
[2024-01-17T05:09:22.619+0000] {logging_mixin.py:151} INFO - #False
[2024-01-17T05:09:22.619+0000] {logging_mixin.py:151} INFO - #False
[2024-01-17T05:09:22.619+0000] {logging_mixin.py:151} INFO - #False
[2024-01-17T05:09:22.619+0000] {logging_mixin.py:151} INFO - #False
[2024-01-17T05:09:22.619+0000] {logging_mixin.py:151} INFO - #False
[2024-01-17T05:09:22.620+0000] {logging_mixin.py:151} INFO -  submission : 
[2024-01-17T05:09:23.135+0000] {logging_mixin.py:151} INFO - #False
[2024-01-17T05:09:23.135+0000] {logging_mixin.py:151} INFO - #False
[2024-01-17T05:09:23.135+0000] {logging_mixin.py:151} INFO - #False
[2024-01-17T05:09:23.135+0000] {logging_mixin.py:151} INFO - #False
[2024-01-17T05:09:23.135+0000] {logging_mixin.py:151} INFO - #False
[2024-01-17T05:09:23.135+0000] {logging_mixin.py:151} INFO - #False
[2024-01-17T05:09:23.135+0000] {logging_mixin.py:151} INFO - #False
[2024-01-17T05:09:23.135+0000] {logging_mixin.py:151} INFO - #False
[2024-01-17T05:09:23.136+0000] {logging_mixin.py:151} INFO - #False
[2024-01-17T05:09:23.136+0000] {logging_mixin.py:151} INFO - #False
[2024-01-17T05:09:23.136+0000] {logging_mixin.py:151} INFO - #False
[2024-01-17T05:09:23.136+0000] {logging_mixin.py:151} INFO - #False
[2024-01-17T05:09:23.136+0000] {logging_mixin.py:151} INFO - #False
[2024-01-17T05:09:23.136+0000] {logging_mixin.py:151} INFO - #False
[2024-01-17T05:09:23.136+0000] {logging_mixin.py:151} INFO - #False
[2024-01-17T05:09:23.136+0000] {logging_mixin.py:151} INFO - #False
[2024-01-17T05:09:23.136+0000] {logging_mixin.py:151} INFO - #False
[2024-01-17T05:09:23.136+0000] {logging_mixin.py:151} INFO - #False
[2024-01-17T05:09:23.136+0000] {logging_mixin.py:151} INFO - #False
[2024-01-17T05:09:23.136+0000] {logging_mixin.py:151} INFO - #False
[2024-01-17T05:09:23.136+0000] {logging_mixin.py:151} INFO - #False
[2024-01-17T05:09:23.136+0000] {logging_mixin.py:151} INFO - #False
[2024-01-17T05:09:23.136+0000] {logging_mixin.py:151} INFO - #False
[2024-01-17T05:09:23.136+0000] {logging_mixin.py:151} INFO - #False
[2024-01-17T05:09:23.136+0000] {logging_mixin.py:151} INFO - #False
[2024-01-17T05:09:23.136+0000] {logging_mixin.py:151} INFO - #False
[2024-01-17T05:09:23.136+0000] {logging_mixin.py:151} INFO - #False
[2024-01-17T05:09:23.136+0000] {logging_mixin.py:151} INFO - #False
[2024-01-17T05:09:23.136+0000] {logging_mixin.py:151} INFO - #False
[2024-01-17T05:09:23.136+0000] {logging_mixin.py:151} INFO - #False
[2024-01-17T05:09:23.137+0000] {logging_mixin.py:151} INFO -  submission : 
[2024-01-17T05:09:23.650+0000] {logging_mixin.py:151} INFO - #False
[2024-01-17T05:09:23.650+0000] {logging_mixin.py:151} INFO - #False
[2024-01-17T05:09:23.650+0000] {logging_mixin.py:151} INFO - #False
[2024-01-17T05:09:23.650+0000] {logging_mixin.py:151} INFO - #False
[2024-01-17T05:09:23.651+0000] {logging_mixin.py:151} INFO - #False
[2024-01-17T05:09:23.651+0000] {logging_mixin.py:151} INFO - #False
[2024-01-17T05:09:23.651+0000] {logging_mixin.py:151} INFO - #False
[2024-01-17T05:09:23.651+0000] {logging_mixin.py:151} INFO - #False
[2024-01-17T05:09:23.651+0000] {logging_mixin.py:151} INFO - #False
[2024-01-17T05:09:23.651+0000] {logging_mixin.py:151} INFO - #False
[2024-01-17T05:09:23.651+0000] {logging_mixin.py:151} INFO - #False
[2024-01-17T05:09:23.651+0000] {logging_mixin.py:151} INFO - #False
[2024-01-17T05:09:23.651+0000] {logging_mixin.py:151} INFO - #False
[2024-01-17T05:09:23.651+0000] {logging_mixin.py:151} INFO - #False
[2024-01-17T05:09:23.651+0000] {logging_mixin.py:151} INFO - #False
[2024-01-17T05:09:23.651+0000] {logging_mixin.py:151} INFO - #False
[2024-01-17T05:09:23.651+0000] {logging_mixin.py:151} INFO - #False
[2024-01-17T05:09:23.651+0000] {logging_mixin.py:151} INFO - #False
[2024-01-17T05:09:23.651+0000] {logging_mixin.py:151} INFO - #False
[2024-01-17T05:09:23.651+0000] {logging_mixin.py:151} INFO - #False
[2024-01-17T05:09:23.651+0000] {logging_mixin.py:151} INFO - #False
[2024-01-17T05:09:23.651+0000] {logging_mixin.py:151} INFO - #False
[2024-01-17T05:09:23.652+0000] {logging_mixin.py:151} INFO - #False
[2024-01-17T05:09:23.652+0000] {logging_mixin.py:151} INFO - #False
[2024-01-17T05:09:23.652+0000] {logging_mixin.py:151} INFO - #False
[2024-01-17T05:09:23.652+0000] {logging_mixin.py:151} INFO - #False
[2024-01-17T05:09:23.652+0000] {logging_mixin.py:151} INFO - #False
[2024-01-17T05:09:23.652+0000] {logging_mixin.py:151} INFO - #False
[2024-01-17T05:09:23.652+0000] {logging_mixin.py:151} INFO - #False
[2024-01-17T05:09:23.652+0000] {logging_mixin.py:151} INFO - #False
[2024-01-17T05:09:23.653+0000] {logging_mixin.py:151} INFO -  submission : 
[2024-01-17T05:09:24.202+0000] {logging_mixin.py:151} INFO - #False
[2024-01-17T05:09:24.202+0000] {logging_mixin.py:151} INFO - #False
[2024-01-17T05:09:24.203+0000] {logging_mixin.py:151} INFO - #False
[2024-01-17T05:09:24.203+0000] {logging_mixin.py:151} INFO - #False
[2024-01-17T05:09:24.203+0000] {logging_mixin.py:151} INFO - #False
[2024-01-17T05:09:24.203+0000] {logging_mixin.py:151} INFO - #False
[2024-01-17T05:09:24.203+0000] {logging_mixin.py:151} INFO - #False
[2024-01-17T05:09:24.203+0000] {logging_mixin.py:151} INFO - #False
[2024-01-17T05:09:24.203+0000] {logging_mixin.py:151} INFO - #False
[2024-01-17T05:09:24.203+0000] {logging_mixin.py:151} INFO - #False
[2024-01-17T05:09:24.203+0000] {logging_mixin.py:151} INFO - #False
[2024-01-17T05:09:24.203+0000] {logging_mixin.py:151} INFO - #False
[2024-01-17T05:09:24.203+0000] {logging_mixin.py:151} INFO - #False
[2024-01-17T05:09:24.203+0000] {logging_mixin.py:151} INFO - #False
[2024-01-17T05:09:24.204+0000] {logging_mixin.py:151} INFO - #False
[2024-01-17T05:09:24.204+0000] {logging_mixin.py:151} INFO - #False
[2024-01-17T05:09:24.204+0000] {logging_mixin.py:151} INFO - #False
[2024-01-17T05:09:24.204+0000] {logging_mixin.py:151} INFO - #False
[2024-01-17T05:09:24.204+0000] {logging_mixin.py:151} INFO - #False
[2024-01-17T05:09:24.204+0000] {logging_mixin.py:151} INFO - #False
[2024-01-17T05:09:24.204+0000] {logging_mixin.py:151} INFO - #False
[2024-01-17T05:09:24.204+0000] {logging_mixin.py:151} INFO - #False
[2024-01-17T05:09:24.204+0000] {logging_mixin.py:151} INFO - #False
[2024-01-17T05:09:24.204+0000] {logging_mixin.py:151} INFO - #False
[2024-01-17T05:09:24.204+0000] {logging_mixin.py:151} INFO - #False
[2024-01-17T05:09:24.204+0000] {logging_mixin.py:151} INFO - #False
[2024-01-17T05:09:24.204+0000] {logging_mixin.py:151} INFO - #False
[2024-01-17T05:09:24.204+0000] {logging_mixin.py:151} INFO - #False
[2024-01-17T05:09:24.204+0000] {logging_mixin.py:151} INFO - #False
[2024-01-17T05:09:24.204+0000] {logging_mixin.py:151} INFO - #False
[2024-01-17T05:09:24.204+0000] {logging_mixin.py:151} INFO -  submission : 
[2024-01-17T05:09:24.772+0000] {logging_mixin.py:151} INFO - #False
[2024-01-17T05:09:24.772+0000] {logging_mixin.py:151} INFO - #False
[2024-01-17T05:09:24.772+0000] {logging_mixin.py:151} INFO - #False
[2024-01-17T05:09:24.772+0000] {logging_mixin.py:151} INFO - #False
[2024-01-17T05:09:24.772+0000] {logging_mixin.py:151} INFO - #False
[2024-01-17T05:09:24.772+0000] {logging_mixin.py:151} INFO - #False
[2024-01-17T05:09:24.772+0000] {logging_mixin.py:151} INFO - #False
[2024-01-17T05:09:24.772+0000] {logging_mixin.py:151} INFO - #False
[2024-01-17T05:09:24.772+0000] {logging_mixin.py:151} INFO - #False
[2024-01-17T05:09:24.772+0000] {logging_mixin.py:151} INFO - #False
[2024-01-17T05:09:24.772+0000] {logging_mixin.py:151} INFO - #False
[2024-01-17T05:09:24.772+0000] {logging_mixin.py:151} INFO - #False
[2024-01-17T05:09:24.773+0000] {logging_mixin.py:151} INFO - #False
[2024-01-17T05:09:24.773+0000] {logging_mixin.py:151} INFO - #False
[2024-01-17T05:09:24.773+0000] {logging_mixin.py:151} INFO - #False
[2024-01-17T05:09:24.773+0000] {logging_mixin.py:151} INFO - #False
[2024-01-17T05:09:24.773+0000] {logging_mixin.py:151} INFO - #False
[2024-01-17T05:09:24.773+0000] {logging_mixin.py:151} INFO - #False
[2024-01-17T05:09:24.773+0000] {logging_mixin.py:151} INFO - #False
[2024-01-17T05:09:24.773+0000] {logging_mixin.py:151} INFO - #False
[2024-01-17T05:09:24.773+0000] {logging_mixin.py:151} INFO - #False
[2024-01-17T05:09:24.773+0000] {logging_mixin.py:151} INFO - #False
[2024-01-17T05:09:24.773+0000] {logging_mixin.py:151} INFO - #False
[2024-01-17T05:09:24.773+0000] {logging_mixin.py:151} INFO - #False
[2024-01-17T05:09:24.773+0000] {logging_mixin.py:151} INFO - #False
[2024-01-17T05:09:24.773+0000] {logging_mixin.py:151} INFO - #False
[2024-01-17T05:09:24.773+0000] {logging_mixin.py:151} INFO - #False
[2024-01-17T05:09:24.773+0000] {logging_mixin.py:151} INFO - #False
[2024-01-17T05:09:24.773+0000] {logging_mixin.py:151} INFO - #False
[2024-01-17T05:09:24.773+0000] {logging_mixin.py:151} INFO - #False
[2024-01-17T05:09:24.774+0000] {conn.py:919} INFO - <BrokerConnection node_id=1 host=broker:29092 <connected> [IPv4 ('192.168.224.8', 29092)]>: Closing connection. 
[2024-01-17T05:09:24.774+0000] {python.py:194} INFO - Done. Returned value was: None
[2024-01-17T05:09:24.781+0000] {taskinstance.py:1400} INFO - Marking task as SUCCESS. dag_id=Stream_Data_1, task_id=Reddit, execution_date=20240117T050815, start_date=20240117T050919, end_date=20240117T050924
[2024-01-17T05:09:24.821+0000] {local_task_job_runner.py:228} INFO - Task exited with return code 0
[2024-01-17T05:09:24.833+0000] {taskinstance.py:2784} INFO - 0 downstream tasks scheduled from follow-on schedule check
