[2024-01-17T02:34:59.900+0000] {taskinstance.py:1159} INFO - Dependencies all met for dep_context=non-requeueable deps ti=<TaskInstance: Stream_Data_4.Reddit scheduled__2024-01-17T02:09:29.332260+00:00 [queued]>
[2024-01-17T02:34:59.909+0000] {taskinstance.py:1159} INFO - Dependencies all met for dep_context=requeueable deps ti=<TaskInstance: Stream_Data_4.Reddit scheduled__2024-01-17T02:09:29.332260+00:00 [queued]>
[2024-01-17T02:34:59.910+0000] {taskinstance.py:1361} INFO - Starting attempt 1 of 1
[2024-01-17T02:34:59.923+0000] {taskinstance.py:1382} INFO - Executing <Task(PythonOperator): Reddit> on 2024-01-17 02:09:29.332260+00:00
[2024-01-17T02:34:59.927+0000] {standard_task_runner.py:57} INFO - Started process 144 to run task
[2024-01-17T02:34:59.932+0000] {standard_task_runner.py:84} INFO - Running: ['***', 'tasks', 'run', 'Stream_Data_4', 'Reddit', 'scheduled__2024-01-17T02:09:29.332260+00:00', '--job-id', '8', '--raw', '--subdir', 'DAGS_FOLDER/kafka_stream_4.py', '--cfg-path', '/tmp/tmpqa7qb3yq']
[2024-01-17T02:34:59.933+0000] {standard_task_runner.py:85} INFO - Job 8: Subtask Reddit
[2024-01-17T02:35:00.025+0000] {task_command.py:415} INFO - Running <TaskInstance: Stream_Data_4.Reddit scheduled__2024-01-17T02:09:29.332260+00:00 [running]> on host 7f29d30c8362
[2024-01-17T02:35:00.099+0000] {taskinstance.py:1660} INFO - Exporting env vars: AIRFLOW_CTX_DAG_OWNER='me' AIRFLOW_CTX_DAG_ID='Stream_Data_4' AIRFLOW_CTX_TASK_ID='Reddit' AIRFLOW_CTX_EXECUTION_DATE='2024-01-17T02:09:29.332260+00:00' AIRFLOW_CTX_TRY_NUMBER='1' AIRFLOW_CTX_DAG_RUN_ID='scheduled__2024-01-17T02:09:29.332260+00:00'
[2024-01-17T02:35:00.141+0000] {logging_mixin.py:151} INFO -  submission : 
[2024-01-17T02:35:01.175+0000] {logging_mixin.py:151} INFO - #False
[2024-01-17T02:35:01.176+0000] {logging_mixin.py:151} INFO - #False
[2024-01-17T02:35:01.176+0000] {logging_mixin.py:151} INFO - #False
[2024-01-17T02:35:01.176+0000] {logging_mixin.py:151} INFO - #False
[2024-01-17T02:35:01.176+0000] {logging_mixin.py:151} INFO - #False
[2024-01-17T02:35:01.176+0000] {logging_mixin.py:151} INFO - #False
[2024-01-17T02:35:01.176+0000] {logging_mixin.py:151} INFO - #False
[2024-01-17T02:35:01.176+0000] {logging_mixin.py:151} INFO - #False
[2024-01-17T02:35:01.176+0000] {logging_mixin.py:151} INFO - #False
[2024-01-17T02:35:01.176+0000] {logging_mixin.py:151} INFO - #False
[2024-01-17T02:35:01.176+0000] {logging_mixin.py:151} INFO - #False
[2024-01-17T02:35:01.176+0000] {logging_mixin.py:151} INFO - #False
[2024-01-17T02:35:01.176+0000] {logging_mixin.py:151} INFO - #False
[2024-01-17T02:35:01.176+0000] {logging_mixin.py:151} INFO - #False
[2024-01-17T02:35:01.176+0000] {logging_mixin.py:151} INFO - #False
[2024-01-17T02:35:01.176+0000] {logging_mixin.py:151} INFO - #False
[2024-01-17T02:35:01.176+0000] {logging_mixin.py:151} INFO - #False
[2024-01-17T02:35:01.176+0000] {logging_mixin.py:151} INFO - #False
[2024-01-17T02:35:01.176+0000] {logging_mixin.py:151} INFO - #False
[2024-01-17T02:35:01.177+0000] {logging_mixin.py:151} INFO - #False
[2024-01-17T02:35:01.177+0000] {logging_mixin.py:151} INFO - #False
[2024-01-17T02:35:01.177+0000] {logging_mixin.py:151} INFO - #False
[2024-01-17T02:35:01.177+0000] {logging_mixin.py:151} INFO - #False
[2024-01-17T02:35:01.177+0000] {logging_mixin.py:151} INFO - #False
[2024-01-17T02:35:01.177+0000] {logging_mixin.py:151} INFO - #False
[2024-01-17T02:35:01.177+0000] {logging_mixin.py:151} INFO - #False
[2024-01-17T02:35:01.177+0000] {logging_mixin.py:151} INFO - #False
[2024-01-17T02:35:01.177+0000] {logging_mixin.py:151} INFO - #False
[2024-01-17T02:35:01.177+0000] {logging_mixin.py:151} INFO - #False
[2024-01-17T02:35:01.177+0000] {logging_mixin.py:151} INFO - #False
[2024-01-17T02:35:01.177+0000] {logging_mixin.py:151} INFO -  submission : 
[2024-01-17T02:35:01.867+0000] {logging_mixin.py:151} INFO - @True
[2024-01-17T02:35:01.868+0000] {conn.py:380} INFO - <BrokerConnection node_id=bootstrap-0 host=broker:29092 <connecting> [IPv4 ('192.168.160.8', 29092)]>: connecting to broker:29092 [('192.168.160.8', 29092) IPv4]
[2024-01-17T02:35:01.869+0000] {conn.py:1205} INFO - Probing node bootstrap-0 broker version
[2024-01-17T02:35:01.869+0000] {conn.py:410} INFO - <BrokerConnection node_id=bootstrap-0 host=broker:29092 <connecting> [IPv4 ('192.168.160.8', 29092)]>: Connection complete.
[2024-01-17T02:35:01.972+0000] {conn.py:1267} INFO - Broker version identified as 2.5.0
[2024-01-17T02:35:01.972+0000] {conn.py:1268} INFO - Set configuration api_version=(2, 5, 0) to skip auto check_version requests on startup
[2024-01-17T02:35:01.976+0000] {logging_mixin.py:151} INFO - @True
[2024-01-17T02:35:01.977+0000] {conn.py:380} INFO - <BrokerConnection node_id=bootstrap-0 host=broker:29092 <connecting> [IPv4 ('192.168.160.8', 29092)]>: connecting to broker:29092 [('192.168.160.8', 29092) IPv4]
[2024-01-17T02:35:01.977+0000] {conn.py:380} INFO - <BrokerConnection node_id=1 host=broker:29092 <connecting> [IPv4 ('192.168.160.8', 29092)]>: connecting to broker:29092 [('192.168.160.8', 29092) IPv4]
[2024-01-17T02:35:01.977+0000] {conn.py:1205} INFO - Probing node bootstrap-0 broker version
[2024-01-17T02:35:01.977+0000] {conn.py:410} INFO - <BrokerConnection node_id=1 host=broker:29092 <connecting> [IPv4 ('192.168.160.8', 29092)]>: Connection complete.
[2024-01-17T02:35:01.978+0000] {conn.py:919} INFO - <BrokerConnection node_id=bootstrap-0 host=broker:29092 <connected> [IPv4 ('192.168.160.8', 29092)]>: Closing connection. 
[2024-01-17T02:35:01.978+0000] {conn.py:410} INFO - <BrokerConnection node_id=bootstrap-0 host=broker:29092 <connecting> [IPv4 ('192.168.160.8', 29092)]>: Connection complete.
[2024-01-17T02:35:02.081+0000] {conn.py:1267} INFO - Broker version identified as 2.5.0
[2024-01-17T02:35:02.081+0000] {conn.py:1268} INFO - Set configuration api_version=(2, 5, 0) to skip auto check_version requests on startup
[2024-01-17T02:35:02.083+0000] {conn.py:919} INFO - <BrokerConnection node_id=1 host=broker:29092 <connected> [IPv4 ('192.168.160.8', 29092)]>: Closing connection. 
[2024-01-17T02:35:02.085+0000] {logging_mixin.py:151} INFO - #False
[2024-01-17T02:35:02.086+0000] {logging_mixin.py:151} INFO - #False
[2024-01-17T02:35:02.086+0000] {logging_mixin.py:151} INFO - #False
[2024-01-17T02:35:02.086+0000] {logging_mixin.py:151} INFO - #False
[2024-01-17T02:35:02.086+0000] {logging_mixin.py:151} INFO - #False
[2024-01-17T02:35:02.086+0000] {logging_mixin.py:151} INFO - #False
[2024-01-17T02:35:02.086+0000] {logging_mixin.py:151} INFO - #False
[2024-01-17T02:35:02.086+0000] {logging_mixin.py:151} INFO - #False
[2024-01-17T02:35:02.086+0000] {logging_mixin.py:151} INFO - #False
[2024-01-17T02:35:02.086+0000] {logging_mixin.py:151} INFO - #False
[2024-01-17T02:35:02.087+0000] {logging_mixin.py:151} INFO - #False
[2024-01-17T02:35:02.087+0000] {logging_mixin.py:151} INFO - #False
[2024-01-17T02:35:02.087+0000] {logging_mixin.py:151} INFO - #False
[2024-01-17T02:35:02.087+0000] {logging_mixin.py:151} INFO - #False
[2024-01-17T02:35:02.087+0000] {logging_mixin.py:151} INFO - #False
[2024-01-17T02:35:02.087+0000] {logging_mixin.py:151} INFO - #False
[2024-01-17T02:35:02.087+0000] {logging_mixin.py:151} INFO - #False
[2024-01-17T02:35:02.087+0000] {logging_mixin.py:151} INFO - #False
[2024-01-17T02:35:02.087+0000] {logging_mixin.py:151} INFO - #False
[2024-01-17T02:35:02.087+0000] {logging_mixin.py:151} INFO - #False
[2024-01-17T02:35:02.088+0000] {logging_mixin.py:151} INFO - #False
[2024-01-17T02:35:02.088+0000] {logging_mixin.py:151} INFO - #False
[2024-01-17T02:35:02.088+0000] {logging_mixin.py:151} INFO - #False
[2024-01-17T02:35:02.088+0000] {logging_mixin.py:151} INFO - #False
[2024-01-17T02:35:02.088+0000] {logging_mixin.py:151} INFO - #False
[2024-01-17T02:35:02.088+0000] {logging_mixin.py:151} INFO - #False
[2024-01-17T02:35:02.088+0000] {logging_mixin.py:151} INFO - #False
[2024-01-17T02:35:02.088+0000] {logging_mixin.py:151} INFO - #False
[2024-01-17T02:35:02.088+0000] {logging_mixin.py:151} INFO -  submission : 
[2024-01-17T02:35:02.089+0000] {conn.py:380} INFO - <BrokerConnection node_id=1 host=broker:29092 <connecting> [IPv4 ('192.168.160.8', 29092)]>: connecting to broker:29092 [('192.168.160.8', 29092) IPv4]
[2024-01-17T02:35:02.091+0000] {conn.py:410} INFO - <BrokerConnection node_id=1 host=broker:29092 <connecting> [IPv4 ('192.168.160.8', 29092)]>: Connection complete.
[2024-01-17T02:35:02.091+0000] {conn.py:919} INFO - <BrokerConnection node_id=bootstrap-0 host=broker:29092 <connected> [IPv4 ('192.168.160.8', 29092)]>: Closing connection. 
[2024-01-17T02:35:02.684+0000] {logging_mixin.py:151} INFO - #False
[2024-01-17T02:35:02.684+0000] {logging_mixin.py:151} INFO - #False
[2024-01-17T02:35:02.684+0000] {logging_mixin.py:151} INFO - #False
[2024-01-17T02:35:02.684+0000] {logging_mixin.py:151} INFO - #False
[2024-01-17T02:35:02.685+0000] {logging_mixin.py:151} INFO - #False
[2024-01-17T02:35:02.685+0000] {logging_mixin.py:151} INFO - #False
[2024-01-17T02:35:02.685+0000] {logging_mixin.py:151} INFO - #False
[2024-01-17T02:35:02.685+0000] {logging_mixin.py:151} INFO - #False
[2024-01-17T02:35:02.685+0000] {logging_mixin.py:151} INFO - #False
[2024-01-17T02:35:02.685+0000] {logging_mixin.py:151} INFO - #False
[2024-01-17T02:35:02.685+0000] {logging_mixin.py:151} INFO - #False
[2024-01-17T02:35:02.685+0000] {logging_mixin.py:151} INFO - #False
[2024-01-17T02:35:02.685+0000] {logging_mixin.py:151} INFO - #False
[2024-01-17T02:35:02.685+0000] {logging_mixin.py:151} INFO - #False
[2024-01-17T02:35:02.685+0000] {logging_mixin.py:151} INFO - #False
[2024-01-17T02:35:02.685+0000] {logging_mixin.py:151} INFO - #False
[2024-01-17T02:35:02.686+0000] {logging_mixin.py:151} INFO - #False
[2024-01-17T02:35:02.686+0000] {logging_mixin.py:151} INFO - #False
[2024-01-17T02:35:02.686+0000] {logging_mixin.py:151} INFO - #False
[2024-01-17T02:35:02.686+0000] {logging_mixin.py:151} INFO - #False
[2024-01-17T02:35:02.686+0000] {logging_mixin.py:151} INFO - #False
[2024-01-17T02:35:02.686+0000] {logging_mixin.py:151} INFO - #False
[2024-01-17T02:35:02.686+0000] {logging_mixin.py:151} INFO - #False
[2024-01-17T02:35:02.686+0000] {logging_mixin.py:151} INFO - #False
[2024-01-17T02:35:02.686+0000] {logging_mixin.py:151} INFO - #False
[2024-01-17T02:35:02.686+0000] {logging_mixin.py:151} INFO - #False
[2024-01-17T02:35:02.686+0000] {logging_mixin.py:151} INFO - #False
[2024-01-17T02:35:02.686+0000] {logging_mixin.py:151} INFO - #False
[2024-01-17T02:35:02.686+0000] {logging_mixin.py:151} INFO - #False
[2024-01-17T02:35:02.686+0000] {logging_mixin.py:151} INFO - #False
[2024-01-17T02:35:02.686+0000] {logging_mixin.py:151} INFO -  submission : 
[2024-01-17T02:35:03.287+0000] {logging_mixin.py:151} INFO - #False
[2024-01-17T02:35:03.287+0000] {logging_mixin.py:151} INFO - #False
[2024-01-17T02:35:03.288+0000] {logging_mixin.py:151} INFO - #False
[2024-01-17T02:35:03.288+0000] {logging_mixin.py:151} INFO - #False
[2024-01-17T02:35:03.288+0000] {logging_mixin.py:151} INFO - #False
[2024-01-17T02:35:03.288+0000] {logging_mixin.py:151} INFO - #False
[2024-01-17T02:35:03.288+0000] {logging_mixin.py:151} INFO - #False
[2024-01-17T02:35:03.288+0000] {logging_mixin.py:151} INFO - #False
[2024-01-17T02:35:03.288+0000] {logging_mixin.py:151} INFO - #False
[2024-01-17T02:35:03.288+0000] {logging_mixin.py:151} INFO - #False
[2024-01-17T02:35:03.289+0000] {logging_mixin.py:151} INFO - #False
[2024-01-17T02:35:03.289+0000] {logging_mixin.py:151} INFO - #False
[2024-01-17T02:35:03.289+0000] {logging_mixin.py:151} INFO - #False
[2024-01-17T02:35:03.289+0000] {logging_mixin.py:151} INFO - #False
[2024-01-17T02:35:03.289+0000] {logging_mixin.py:151} INFO - #False
[2024-01-17T02:35:03.289+0000] {logging_mixin.py:151} INFO - #False
[2024-01-17T02:35:03.289+0000] {logging_mixin.py:151} INFO - #False
[2024-01-17T02:35:03.289+0000] {logging_mixin.py:151} INFO - #False
[2024-01-17T02:35:03.289+0000] {logging_mixin.py:151} INFO - #False
[2024-01-17T02:35:03.289+0000] {logging_mixin.py:151} INFO - #False
[2024-01-17T02:35:03.289+0000] {logging_mixin.py:151} INFO - #False
[2024-01-17T02:35:03.289+0000] {logging_mixin.py:151} INFO - #False
[2024-01-17T02:35:03.289+0000] {logging_mixin.py:151} INFO - #False
[2024-01-17T02:35:03.289+0000] {logging_mixin.py:151} INFO - #False
[2024-01-17T02:35:03.289+0000] {logging_mixin.py:151} INFO - #False
[2024-01-17T02:35:03.290+0000] {logging_mixin.py:151} INFO - #False
[2024-01-17T02:35:03.290+0000] {logging_mixin.py:151} INFO - #False
[2024-01-17T02:35:03.290+0000] {logging_mixin.py:151} INFO - #False
[2024-01-17T02:35:03.290+0000] {logging_mixin.py:151} INFO - #False
[2024-01-17T02:35:03.290+0000] {logging_mixin.py:151} INFO - #False
[2024-01-17T02:35:03.290+0000] {logging_mixin.py:151} INFO -  submission : 
[2024-01-17T02:35:03.883+0000] {logging_mixin.py:151} INFO - #False
[2024-01-17T02:35:03.883+0000] {logging_mixin.py:151} INFO - #False
[2024-01-17T02:35:03.883+0000] {logging_mixin.py:151} INFO - #False
[2024-01-17T02:35:03.883+0000] {logging_mixin.py:151} INFO - #False
[2024-01-17T02:35:03.883+0000] {logging_mixin.py:151} INFO - #False
[2024-01-17T02:35:03.883+0000] {logging_mixin.py:151} INFO - #False
[2024-01-17T02:35:03.883+0000] {logging_mixin.py:151} INFO - #False
[2024-01-17T02:35:03.883+0000] {logging_mixin.py:151} INFO - #False
[2024-01-17T02:35:03.883+0000] {logging_mixin.py:151} INFO - #False
[2024-01-17T02:35:03.884+0000] {logging_mixin.py:151} INFO - #False
[2024-01-17T02:35:03.884+0000] {logging_mixin.py:151} INFO - #False
[2024-01-17T02:35:03.884+0000] {logging_mixin.py:151} INFO - #False
[2024-01-17T02:35:03.884+0000] {logging_mixin.py:151} INFO - #False
[2024-01-17T02:35:03.884+0000] {logging_mixin.py:151} INFO - #False
[2024-01-17T02:35:03.884+0000] {logging_mixin.py:151} INFO - #False
[2024-01-17T02:35:03.884+0000] {logging_mixin.py:151} INFO - #False
[2024-01-17T02:35:03.884+0000] {logging_mixin.py:151} INFO - #False
[2024-01-17T02:35:03.884+0000] {logging_mixin.py:151} INFO - #False
[2024-01-17T02:35:03.884+0000] {logging_mixin.py:151} INFO - #False
[2024-01-17T02:35:03.884+0000] {logging_mixin.py:151} INFO - #False
[2024-01-17T02:35:03.884+0000] {logging_mixin.py:151} INFO - #False
[2024-01-17T02:35:03.884+0000] {logging_mixin.py:151} INFO - #False
[2024-01-17T02:35:03.884+0000] {logging_mixin.py:151} INFO - #False
[2024-01-17T02:35:03.884+0000] {logging_mixin.py:151} INFO - #False
[2024-01-17T02:35:03.884+0000] {logging_mixin.py:151} INFO - #False
[2024-01-17T02:35:03.884+0000] {logging_mixin.py:151} INFO - #False
[2024-01-17T02:35:03.884+0000] {logging_mixin.py:151} INFO - #False
[2024-01-17T02:35:03.884+0000] {logging_mixin.py:151} INFO - #False
[2024-01-17T02:35:03.884+0000] {logging_mixin.py:151} INFO - #False
[2024-01-17T02:35:03.884+0000] {logging_mixin.py:151} INFO - #False
[2024-01-17T02:35:03.885+0000] {logging_mixin.py:151} INFO -  submission : 
[2024-01-17T02:35:04.555+0000] {logging_mixin.py:151} INFO - #False
[2024-01-17T02:35:04.555+0000] {logging_mixin.py:151} INFO - #False
[2024-01-17T02:35:04.555+0000] {logging_mixin.py:151} INFO - #False
[2024-01-17T02:35:04.555+0000] {logging_mixin.py:151} INFO - #False
[2024-01-17T02:35:04.556+0000] {logging_mixin.py:151} INFO - #False
[2024-01-17T02:35:04.556+0000] {logging_mixin.py:151} INFO - #False
[2024-01-17T02:35:04.556+0000] {logging_mixin.py:151} INFO - #False
[2024-01-17T02:35:04.556+0000] {logging_mixin.py:151} INFO - #False
[2024-01-17T02:35:04.556+0000] {logging_mixin.py:151} INFO - #False
[2024-01-17T02:35:04.556+0000] {logging_mixin.py:151} INFO - #False
[2024-01-17T02:35:04.556+0000] {logging_mixin.py:151} INFO - #False
[2024-01-17T02:35:04.556+0000] {logging_mixin.py:151} INFO - #False
[2024-01-17T02:35:04.556+0000] {logging_mixin.py:151} INFO - #False
[2024-01-17T02:35:04.556+0000] {logging_mixin.py:151} INFO - #False
[2024-01-17T02:35:04.556+0000] {logging_mixin.py:151} INFO - #False
[2024-01-17T02:35:04.556+0000] {logging_mixin.py:151} INFO - #False
[2024-01-17T02:35:04.556+0000] {logging_mixin.py:151} INFO - #False
[2024-01-17T02:35:04.556+0000] {logging_mixin.py:151} INFO - #False
[2024-01-17T02:35:04.556+0000] {logging_mixin.py:151} INFO - #False
[2024-01-17T02:35:04.556+0000] {logging_mixin.py:151} INFO - #False
[2024-01-17T02:35:04.556+0000] {logging_mixin.py:151} INFO - #False
[2024-01-17T02:35:04.556+0000] {logging_mixin.py:151} INFO - #False
[2024-01-17T02:35:04.557+0000] {logging_mixin.py:151} INFO - #False
[2024-01-17T02:35:04.557+0000] {logging_mixin.py:151} INFO - #False
[2024-01-17T02:35:04.557+0000] {logging_mixin.py:151} INFO - #False
[2024-01-17T02:35:04.557+0000] {logging_mixin.py:151} INFO - #False
[2024-01-17T02:35:04.557+0000] {logging_mixin.py:151} INFO - #False
[2024-01-17T02:35:04.557+0000] {logging_mixin.py:151} INFO - #False
[2024-01-17T02:35:04.557+0000] {logging_mixin.py:151} INFO - #False
[2024-01-17T02:35:04.557+0000] {logging_mixin.py:151} INFO - #False
[2024-01-17T02:35:04.557+0000] {logging_mixin.py:151} INFO -  submission : 
[2024-01-17T02:35:05.074+0000] {logging_mixin.py:151} INFO - #False
[2024-01-17T02:35:05.074+0000] {logging_mixin.py:151} INFO - #False
[2024-01-17T02:35:05.074+0000] {logging_mixin.py:151} INFO - #False
[2024-01-17T02:35:05.074+0000] {logging_mixin.py:151} INFO - #False
[2024-01-17T02:35:05.074+0000] {logging_mixin.py:151} INFO - #False
[2024-01-17T02:35:05.074+0000] {logging_mixin.py:151} INFO - #False
[2024-01-17T02:35:05.074+0000] {logging_mixin.py:151} INFO - #False
[2024-01-17T02:35:05.074+0000] {logging_mixin.py:151} INFO - #False
[2024-01-17T02:35:05.074+0000] {logging_mixin.py:151} INFO - #False
[2024-01-17T02:35:05.074+0000] {logging_mixin.py:151} INFO - #False
[2024-01-17T02:35:05.074+0000] {logging_mixin.py:151} INFO - #False
[2024-01-17T02:35:05.074+0000] {logging_mixin.py:151} INFO - #False
[2024-01-17T02:35:05.074+0000] {logging_mixin.py:151} INFO - #False
[2024-01-17T02:35:05.074+0000] {logging_mixin.py:151} INFO - #False
[2024-01-17T02:35:05.074+0000] {logging_mixin.py:151} INFO - #False
[2024-01-17T02:35:05.074+0000] {logging_mixin.py:151} INFO - #False
[2024-01-17T02:35:05.075+0000] {logging_mixin.py:151} INFO - #False
[2024-01-17T02:35:05.075+0000] {logging_mixin.py:151} INFO - #False
[2024-01-17T02:35:05.075+0000] {logging_mixin.py:151} INFO - #False
[2024-01-17T02:35:05.075+0000] {logging_mixin.py:151} INFO - #False
[2024-01-17T02:35:05.075+0000] {logging_mixin.py:151} INFO - #False
[2024-01-17T02:35:05.075+0000] {logging_mixin.py:151} INFO - #False
[2024-01-17T02:35:05.075+0000] {logging_mixin.py:151} INFO - #False
[2024-01-17T02:35:05.075+0000] {logging_mixin.py:151} INFO - #False
[2024-01-17T02:35:05.075+0000] {logging_mixin.py:151} INFO - #False
[2024-01-17T02:35:05.075+0000] {logging_mixin.py:151} INFO - #False
[2024-01-17T02:35:05.075+0000] {logging_mixin.py:151} INFO - #False
[2024-01-17T02:35:05.075+0000] {logging_mixin.py:151} INFO - #False
[2024-01-17T02:35:05.075+0000] {logging_mixin.py:151} INFO - #False
[2024-01-17T02:35:05.075+0000] {logging_mixin.py:151} INFO - #False
[2024-01-17T02:35:05.075+0000] {logging_mixin.py:151} INFO -  submission : 
[2024-01-17T02:35:05.754+0000] {logging_mixin.py:151} INFO - #False
[2024-01-17T02:35:05.754+0000] {logging_mixin.py:151} INFO - #False
[2024-01-17T02:35:05.754+0000] {logging_mixin.py:151} INFO - #False
[2024-01-17T02:35:05.754+0000] {logging_mixin.py:151} INFO - #False
[2024-01-17T02:35:05.754+0000] {logging_mixin.py:151} INFO - #False
[2024-01-17T02:35:05.754+0000] {logging_mixin.py:151} INFO - #False
[2024-01-17T02:35:05.754+0000] {logging_mixin.py:151} INFO - #False
[2024-01-17T02:35:05.754+0000] {logging_mixin.py:151} INFO - #False
[2024-01-17T02:35:05.754+0000] {logging_mixin.py:151} INFO - #False
[2024-01-17T02:35:05.754+0000] {logging_mixin.py:151} INFO - #False
[2024-01-17T02:35:05.754+0000] {logging_mixin.py:151} INFO - #False
[2024-01-17T02:35:05.754+0000] {logging_mixin.py:151} INFO - #False
[2024-01-17T02:35:05.754+0000] {logging_mixin.py:151} INFO - #False
[2024-01-17T02:35:05.754+0000] {logging_mixin.py:151} INFO - #False
[2024-01-17T02:35:05.755+0000] {logging_mixin.py:151} INFO - #False
[2024-01-17T02:35:05.755+0000] {logging_mixin.py:151} INFO - #False
[2024-01-17T02:35:05.755+0000] {logging_mixin.py:151} INFO - #False
[2024-01-17T02:35:05.755+0000] {logging_mixin.py:151} INFO - #False
[2024-01-17T02:35:05.755+0000] {logging_mixin.py:151} INFO - #False
[2024-01-17T02:35:05.755+0000] {logging_mixin.py:151} INFO - #False
[2024-01-17T02:35:05.755+0000] {logging_mixin.py:151} INFO - #False
[2024-01-17T02:35:05.755+0000] {logging_mixin.py:151} INFO - #False
[2024-01-17T02:35:05.755+0000] {logging_mixin.py:151} INFO - #False
[2024-01-17T02:35:05.755+0000] {logging_mixin.py:151} INFO - #False
[2024-01-17T02:35:05.755+0000] {logging_mixin.py:151} INFO - #False
[2024-01-17T02:35:05.755+0000] {logging_mixin.py:151} INFO - #False
[2024-01-17T02:35:05.755+0000] {logging_mixin.py:151} INFO - #False
[2024-01-17T02:35:05.755+0000] {logging_mixin.py:151} INFO - #False
[2024-01-17T02:35:05.755+0000] {logging_mixin.py:151} INFO - #False
[2024-01-17T02:35:05.755+0000] {logging_mixin.py:151} INFO - #False
[2024-01-17T02:35:05.756+0000] {conn.py:919} INFO - <BrokerConnection node_id=1 host=broker:29092 <connected> [IPv4 ('192.168.160.8', 29092)]>: Closing connection. 
[2024-01-17T02:35:05.758+0000] {python.py:194} INFO - Done. Returned value was: None
[2024-01-17T02:35:05.770+0000] {taskinstance.py:1400} INFO - Marking task as SUCCESS. dag_id=Stream_Data_4, task_id=Reddit, execution_date=20240117T020929, start_date=20240117T023459, end_date=20240117T023505
[2024-01-17T02:35:05.796+0000] {local_task_job_runner.py:228} INFO - Task exited with return code 0
[2024-01-17T02:35:05.818+0000] {taskinstance.py:2784} INFO - 0 downstream tasks scheduled from follow-on schedule check
