[2024-01-21T00:00:24.893+0000] {processor.py:157} INFO - Started process (PID=2907) to work on /opt/airflow/dags/stream_reddit.py
[2024-01-21T00:00:24.894+0000] {processor.py:829} INFO - Processing file /opt/airflow/dags/stream_reddit.py for tasks to queue
[2024-01-21T00:00:24.895+0000] {logging_mixin.py:151} INFO - [2024-01-21T00:00:24.894+0000] {dagbag.py:539} INFO - Filling up the DagBag from /opt/airflow/dags/stream_reddit.py
[2024-01-21T00:00:24.909+0000] {processor.py:839} INFO - DAG(s) dict_keys(['Stream_reddit_to_cassandra']) retrieved from /opt/airflow/dags/stream_reddit.py
[2024-01-21T00:00:24.930+0000] {logging_mixin.py:151} INFO - [2024-01-21T00:00:24.930+0000] {dag.py:2907} INFO - Sync 1 DAGs
[2024-01-21T00:00:24.946+0000] {logging_mixin.py:151} INFO - [2024-01-21T00:00:24.946+0000] {dag.py:3677} INFO - Setting next_dagrun for Stream_reddit_to_cassandra to 2024-01-20T23:55:24.945869+00:00, run_after=2024-01-21T00:00:24.945869+00:00
[2024-01-21T00:00:24.961+0000] {processor.py:179} INFO - Processing /opt/airflow/dags/stream_reddit.py took 0.071 seconds
[2024-01-21T00:00:55.047+0000] {processor.py:157} INFO - Started process (PID=2932) to work on /opt/airflow/dags/stream_reddit.py
[2024-01-21T00:00:55.048+0000] {processor.py:829} INFO - Processing file /opt/airflow/dags/stream_reddit.py for tasks to queue
[2024-01-21T00:00:55.049+0000] {logging_mixin.py:151} INFO - [2024-01-21T00:00:55.048+0000] {dagbag.py:539} INFO - Filling up the DagBag from /opt/airflow/dags/stream_reddit.py
[2024-01-21T00:00:55.065+0000] {processor.py:839} INFO - DAG(s) dict_keys(['Stream_reddit_to_cassandra']) retrieved from /opt/airflow/dags/stream_reddit.py
[2024-01-21T00:00:55.089+0000] {logging_mixin.py:151} INFO - [2024-01-21T00:00:55.089+0000] {dag.py:2907} INFO - Sync 1 DAGs
[2024-01-21T00:00:55.108+0000] {logging_mixin.py:151} INFO - [2024-01-21T00:00:55.107+0000] {dag.py:3677} INFO - Setting next_dagrun for Stream_reddit_to_cassandra to 2024-01-20T23:55:55.107182+00:00, run_after=2024-01-21T00:00:55.107182+00:00
[2024-01-21T00:00:55.127+0000] {processor.py:179} INFO - Processing /opt/airflow/dags/stream_reddit.py took 0.083 seconds
[2024-01-21T00:01:26.200+0000] {processor.py:157} INFO - Started process (PID=2957) to work on /opt/airflow/dags/stream_reddit.py
[2024-01-21T00:01:26.200+0000] {processor.py:829} INFO - Processing file /opt/airflow/dags/stream_reddit.py for tasks to queue
[2024-01-21T00:01:26.201+0000] {logging_mixin.py:151} INFO - [2024-01-21T00:01:26.201+0000] {dagbag.py:539} INFO - Filling up the DagBag from /opt/airflow/dags/stream_reddit.py
[2024-01-21T00:01:26.224+0000] {processor.py:839} INFO - DAG(s) dict_keys(['Stream_reddit_to_cassandra']) retrieved from /opt/airflow/dags/stream_reddit.py
[2024-01-21T00:01:26.250+0000] {logging_mixin.py:151} INFO - [2024-01-21T00:01:26.250+0000] {dag.py:2907} INFO - Sync 1 DAGs
[2024-01-21T00:01:26.269+0000] {logging_mixin.py:151} INFO - [2024-01-21T00:01:26.268+0000] {dag.py:3677} INFO - Setting next_dagrun for Stream_reddit_to_cassandra to 2024-01-20T23:56:26.268786+00:00, run_after=2024-01-21T00:01:26.268786+00:00
[2024-01-21T00:01:26.287+0000] {processor.py:179} INFO - Processing /opt/airflow/dags/stream_reddit.py took 0.091 seconds
[2024-01-21T00:01:56.528+0000] {processor.py:157} INFO - Started process (PID=2984) to work on /opt/airflow/dags/stream_reddit.py
[2024-01-21T00:01:56.529+0000] {processor.py:829} INFO - Processing file /opt/airflow/dags/stream_reddit.py for tasks to queue
[2024-01-21T00:01:56.530+0000] {logging_mixin.py:151} INFO - [2024-01-21T00:01:56.529+0000] {dagbag.py:539} INFO - Filling up the DagBag from /opt/airflow/dags/stream_reddit.py
[2024-01-21T00:01:56.545+0000] {processor.py:839} INFO - DAG(s) dict_keys(['Stream_reddit_to_cassandra']) retrieved from /opt/airflow/dags/stream_reddit.py
[2024-01-21T00:01:56.567+0000] {logging_mixin.py:151} INFO - [2024-01-21T00:01:56.567+0000] {dag.py:2907} INFO - Sync 1 DAGs
[2024-01-21T00:01:56.584+0000] {logging_mixin.py:151} INFO - [2024-01-21T00:01:56.583+0000] {dag.py:3677} INFO - Setting next_dagrun for Stream_reddit_to_cassandra to 2024-01-20T23:56:56.583761+00:00, run_after=2024-01-21T00:01:56.583761+00:00
[2024-01-21T00:01:56.602+0000] {processor.py:179} INFO - Processing /opt/airflow/dags/stream_reddit.py took 0.077 seconds
[2024-01-21T00:02:27.561+0000] {processor.py:157} INFO - Started process (PID=2993) to work on /opt/airflow/dags/stream_reddit.py
[2024-01-21T00:02:27.562+0000] {processor.py:829} INFO - Processing file /opt/airflow/dags/stream_reddit.py for tasks to queue
[2024-01-21T00:02:27.563+0000] {logging_mixin.py:151} INFO - [2024-01-21T00:02:27.563+0000] {dagbag.py:539} INFO - Filling up the DagBag from /opt/airflow/dags/stream_reddit.py
[2024-01-21T00:02:27.586+0000] {processor.py:839} INFO - DAG(s) dict_keys(['Stream_reddit_to_cassandra']) retrieved from /opt/airflow/dags/stream_reddit.py
[2024-01-21T00:02:27.609+0000] {logging_mixin.py:151} INFO - [2024-01-21T00:02:27.608+0000] {dag.py:2907} INFO - Sync 1 DAGs
[2024-01-21T00:02:27.628+0000] {logging_mixin.py:151} INFO - [2024-01-21T00:02:27.628+0000] {dag.py:3677} INFO - Setting next_dagrun for Stream_reddit_to_cassandra to 2024-01-20T23:57:27.628287+00:00, run_after=2024-01-21T00:02:27.628287+00:00
[2024-01-21T00:02:27.646+0000] {processor.py:179} INFO - Processing /opt/airflow/dags/stream_reddit.py took 0.088 seconds
[2024-01-21T00:02:57.920+0000] {processor.py:157} INFO - Started process (PID=3018) to work on /opt/airflow/dags/stream_reddit.py
[2024-01-21T00:02:57.921+0000] {processor.py:829} INFO - Processing file /opt/airflow/dags/stream_reddit.py for tasks to queue
[2024-01-21T00:02:57.923+0000] {logging_mixin.py:151} INFO - [2024-01-21T00:02:57.922+0000] {dagbag.py:539} INFO - Filling up the DagBag from /opt/airflow/dags/stream_reddit.py
[2024-01-21T00:02:57.947+0000] {processor.py:839} INFO - DAG(s) dict_keys(['Stream_reddit_to_cassandra']) retrieved from /opt/airflow/dags/stream_reddit.py
[2024-01-21T00:02:57.973+0000] {logging_mixin.py:151} INFO - [2024-01-21T00:02:57.972+0000] {dag.py:2907} INFO - Sync 1 DAGs
[2024-01-21T00:02:57.994+0000] {logging_mixin.py:151} INFO - [2024-01-21T00:02:57.993+0000] {dag.py:3677} INFO - Setting next_dagrun for Stream_reddit_to_cassandra to 2024-01-20T23:57:57.993564+00:00, run_after=2024-01-21T00:02:57.993564+00:00
[2024-01-21T00:02:58.016+0000] {processor.py:179} INFO - Processing /opt/airflow/dags/stream_reddit.py took 0.099 seconds
[2024-01-21T00:03:28.053+0000] {processor.py:157} INFO - Started process (PID=3042) to work on /opt/airflow/dags/stream_reddit.py
[2024-01-21T00:03:28.054+0000] {processor.py:829} INFO - Processing file /opt/airflow/dags/stream_reddit.py for tasks to queue
[2024-01-21T00:03:28.055+0000] {logging_mixin.py:151} INFO - [2024-01-21T00:03:28.054+0000] {dagbag.py:539} INFO - Filling up the DagBag from /opt/airflow/dags/stream_reddit.py
[2024-01-21T00:03:28.072+0000] {processor.py:839} INFO - DAG(s) dict_keys(['Stream_reddit_to_cassandra']) retrieved from /opt/airflow/dags/stream_reddit.py
[2024-01-21T00:03:28.096+0000] {logging_mixin.py:151} INFO - [2024-01-21T00:03:28.095+0000] {dag.py:2907} INFO - Sync 1 DAGs
[2024-01-21T00:03:28.112+0000] {logging_mixin.py:151} INFO - [2024-01-21T00:03:28.112+0000] {dag.py:3677} INFO - Setting next_dagrun for Stream_reddit_to_cassandra to 2024-01-20T23:58:28.112255+00:00, run_after=2024-01-21T00:03:28.112255+00:00
[2024-01-21T00:03:28.134+0000] {processor.py:179} INFO - Processing /opt/airflow/dags/stream_reddit.py took 0.083 seconds
[2024-01-21T00:03:58.630+0000] {processor.py:157} INFO - Started process (PID=3069) to work on /opt/airflow/dags/stream_reddit.py
[2024-01-21T00:03:58.632+0000] {processor.py:829} INFO - Processing file /opt/airflow/dags/stream_reddit.py for tasks to queue
[2024-01-21T00:03:58.633+0000] {logging_mixin.py:151} INFO - [2024-01-21T00:03:58.633+0000] {dagbag.py:539} INFO - Filling up the DagBag from /opt/airflow/dags/stream_reddit.py
[2024-01-21T00:03:58.677+0000] {processor.py:839} INFO - DAG(s) dict_keys(['Stream_reddit_to_cassandra']) retrieved from /opt/airflow/dags/stream_reddit.py
[2024-01-21T00:03:58.719+0000] {logging_mixin.py:151} INFO - [2024-01-21T00:03:58.718+0000] {dag.py:2907} INFO - Sync 1 DAGs
[2024-01-21T00:03:58.752+0000] {logging_mixin.py:151} INFO - [2024-01-21T00:03:58.752+0000] {dag.py:3677} INFO - Setting next_dagrun for Stream_reddit_to_cassandra to 2024-01-20T23:58:58.751735+00:00, run_after=2024-01-21T00:03:58.751735+00:00
[2024-01-21T00:03:58.782+0000] {processor.py:179} INFO - Processing /opt/airflow/dags/stream_reddit.py took 0.158 seconds
[2024-01-21T00:04:28.924+0000] {processor.py:157} INFO - Started process (PID=3078) to work on /opt/airflow/dags/stream_reddit.py
[2024-01-21T00:04:28.925+0000] {processor.py:829} INFO - Processing file /opt/airflow/dags/stream_reddit.py for tasks to queue
[2024-01-21T00:04:28.926+0000] {logging_mixin.py:151} INFO - [2024-01-21T00:04:28.926+0000] {dagbag.py:539} INFO - Filling up the DagBag from /opt/airflow/dags/stream_reddit.py
[2024-01-21T00:04:28.950+0000] {processor.py:839} INFO - DAG(s) dict_keys(['Stream_reddit_to_cassandra']) retrieved from /opt/airflow/dags/stream_reddit.py
[2024-01-21T00:04:28.974+0000] {logging_mixin.py:151} INFO - [2024-01-21T00:04:28.973+0000] {dag.py:2907} INFO - Sync 1 DAGs
[2024-01-21T00:04:28.991+0000] {logging_mixin.py:151} INFO - [2024-01-21T00:04:28.990+0000] {dag.py:3677} INFO - Setting next_dagrun for Stream_reddit_to_cassandra to 2024-01-20T23:59:28.990674+00:00, run_after=2024-01-21T00:04:28.990674+00:00
[2024-01-21T00:04:29.016+0000] {processor.py:179} INFO - Processing /opt/airflow/dags/stream_reddit.py took 0.095 seconds
[2024-01-21T00:04:59.175+0000] {processor.py:157} INFO - Started process (PID=3103) to work on /opt/airflow/dags/stream_reddit.py
[2024-01-21T00:04:59.176+0000] {processor.py:829} INFO - Processing file /opt/airflow/dags/stream_reddit.py for tasks to queue
[2024-01-21T00:04:59.177+0000] {logging_mixin.py:151} INFO - [2024-01-21T00:04:59.177+0000] {dagbag.py:539} INFO - Filling up the DagBag from /opt/airflow/dags/stream_reddit.py
[2024-01-21T00:04:59.208+0000] {processor.py:839} INFO - DAG(s) dict_keys(['Stream_reddit_to_cassandra']) retrieved from /opt/airflow/dags/stream_reddit.py
[2024-01-21T00:04:59.236+0000] {logging_mixin.py:151} INFO - [2024-01-21T00:04:59.235+0000] {dag.py:2907} INFO - Sync 1 DAGs
[2024-01-21T00:04:59.254+0000] {logging_mixin.py:151} INFO - [2024-01-21T00:04:59.254+0000] {dag.py:3677} INFO - Setting next_dagrun for Stream_reddit_to_cassandra to 2024-01-20T23:59:59.254048+00:00, run_after=2024-01-21T00:04:59.254048+00:00
[2024-01-21T00:04:59.272+0000] {processor.py:179} INFO - Processing /opt/airflow/dags/stream_reddit.py took 0.101 seconds
[2024-01-21T00:05:29.402+0000] {processor.py:157} INFO - Started process (PID=3127) to work on /opt/airflow/dags/stream_reddit.py
[2024-01-21T00:05:29.402+0000] {processor.py:829} INFO - Processing file /opt/airflow/dags/stream_reddit.py for tasks to queue
[2024-01-21T00:05:29.403+0000] {logging_mixin.py:151} INFO - [2024-01-21T00:05:29.403+0000] {dagbag.py:539} INFO - Filling up the DagBag from /opt/airflow/dags/stream_reddit.py
[2024-01-21T00:05:29.416+0000] {processor.py:839} INFO - DAG(s) dict_keys(['Stream_reddit_to_cassandra']) retrieved from /opt/airflow/dags/stream_reddit.py
[2024-01-21T00:05:29.436+0000] {logging_mixin.py:151} INFO - [2024-01-21T00:05:29.436+0000] {dag.py:2907} INFO - Sync 1 DAGs
[2024-01-21T00:05:29.452+0000] {logging_mixin.py:151} INFO - [2024-01-21T00:05:29.452+0000] {dag.py:3677} INFO - Setting next_dagrun for Stream_reddit_to_cassandra to 2024-01-21T00:00:29.452500+00:00, run_after=2024-01-21T00:05:29.452500+00:00
[2024-01-21T00:05:29.468+0000] {processor.py:179} INFO - Processing /opt/airflow/dags/stream_reddit.py took 0.070 seconds
[2024-01-21T00:05:59.733+0000] {processor.py:157} INFO - Started process (PID=3153) to work on /opt/airflow/dags/stream_reddit.py
[2024-01-21T00:05:59.734+0000] {processor.py:829} INFO - Processing file /opt/airflow/dags/stream_reddit.py for tasks to queue
[2024-01-21T00:05:59.735+0000] {logging_mixin.py:151} INFO - [2024-01-21T00:05:59.735+0000] {dagbag.py:539} INFO - Filling up the DagBag from /opt/airflow/dags/stream_reddit.py
[2024-01-21T00:05:59.751+0000] {processor.py:839} INFO - DAG(s) dict_keys(['Stream_reddit_to_cassandra']) retrieved from /opt/airflow/dags/stream_reddit.py
[2024-01-21T00:05:59.773+0000] {logging_mixin.py:151} INFO - [2024-01-21T00:05:59.773+0000] {dag.py:2907} INFO - Sync 1 DAGs
[2024-01-21T00:05:59.790+0000] {logging_mixin.py:151} INFO - [2024-01-21T00:05:59.790+0000] {dag.py:3677} INFO - Setting next_dagrun for Stream_reddit_to_cassandra to 2024-01-21T00:00:59.789852+00:00, run_after=2024-01-21T00:05:59.789852+00:00
[2024-01-21T00:05:59.808+0000] {processor.py:179} INFO - Processing /opt/airflow/dags/stream_reddit.py took 0.078 seconds
[2024-01-21T00:06:30.032+0000] {processor.py:157} INFO - Started process (PID=3162) to work on /opt/airflow/dags/stream_reddit.py
[2024-01-21T00:06:30.033+0000] {processor.py:829} INFO - Processing file /opt/airflow/dags/stream_reddit.py for tasks to queue
[2024-01-21T00:06:30.034+0000] {logging_mixin.py:151} INFO - [2024-01-21T00:06:30.033+0000] {dagbag.py:539} INFO - Filling up the DagBag from /opt/airflow/dags/stream_reddit.py
[2024-01-21T00:06:30.050+0000] {processor.py:839} INFO - DAG(s) dict_keys(['Stream_reddit_to_cassandra']) retrieved from /opt/airflow/dags/stream_reddit.py
[2024-01-21T00:06:30.071+0000] {logging_mixin.py:151} INFO - [2024-01-21T00:06:30.071+0000] {dag.py:2907} INFO - Sync 1 DAGs
[2024-01-21T00:06:30.088+0000] {logging_mixin.py:151} INFO - [2024-01-21T00:06:30.088+0000] {dag.py:3677} INFO - Setting next_dagrun for Stream_reddit_to_cassandra to 2024-01-21T00:01:30.088482+00:00, run_after=2024-01-21T00:06:30.088482+00:00
[2024-01-21T00:06:30.105+0000] {processor.py:179} INFO - Processing /opt/airflow/dags/stream_reddit.py took 0.076 seconds
[2024-01-21T00:07:00.347+0000] {processor.py:157} INFO - Started process (PID=3186) to work on /opt/airflow/dags/stream_reddit.py
[2024-01-21T00:07:00.348+0000] {processor.py:829} INFO - Processing file /opt/airflow/dags/stream_reddit.py for tasks to queue
[2024-01-21T00:07:00.349+0000] {logging_mixin.py:151} INFO - [2024-01-21T00:07:00.348+0000] {dagbag.py:539} INFO - Filling up the DagBag from /opt/airflow/dags/stream_reddit.py
[2024-01-21T00:07:00.366+0000] {processor.py:839} INFO - DAG(s) dict_keys(['Stream_reddit_to_cassandra']) retrieved from /opt/airflow/dags/stream_reddit.py
[2024-01-21T00:07:00.388+0000] {logging_mixin.py:151} INFO - [2024-01-21T00:07:00.388+0000] {dag.py:2907} INFO - Sync 1 DAGs
[2024-01-21T00:07:00.406+0000] {logging_mixin.py:151} INFO - [2024-01-21T00:07:00.406+0000] {dag.py:3677} INFO - Setting next_dagrun for Stream_reddit_to_cassandra to 2024-01-21T00:02:00.405802+00:00, run_after=2024-01-21T00:07:00.405802+00:00
[2024-01-21T00:07:00.423+0000] {processor.py:179} INFO - Processing /opt/airflow/dags/stream_reddit.py took 0.079 seconds
[2024-01-21T00:07:30.785+0000] {processor.py:157} INFO - Started process (PID=3211) to work on /opt/airflow/dags/stream_reddit.py
[2024-01-21T00:07:30.785+0000] {processor.py:829} INFO - Processing file /opt/airflow/dags/stream_reddit.py for tasks to queue
[2024-01-21T00:07:30.787+0000] {logging_mixin.py:151} INFO - [2024-01-21T00:07:30.786+0000] {dagbag.py:539} INFO - Filling up the DagBag from /opt/airflow/dags/stream_reddit.py
[2024-01-21T00:07:30.807+0000] {processor.py:839} INFO - DAG(s) dict_keys(['Stream_reddit_to_cassandra']) retrieved from /opt/airflow/dags/stream_reddit.py
[2024-01-21T00:07:30.833+0000] {logging_mixin.py:151} INFO - [2024-01-21T00:07:30.832+0000] {dag.py:2907} INFO - Sync 1 DAGs
[2024-01-21T00:07:30.852+0000] {logging_mixin.py:151} INFO - [2024-01-21T00:07:30.851+0000] {dag.py:3677} INFO - Setting next_dagrun for Stream_reddit_to_cassandra to 2024-01-21T00:02:30.851662+00:00, run_after=2024-01-21T00:07:30.851662+00:00
[2024-01-21T00:07:30.870+0000] {processor.py:179} INFO - Processing /opt/airflow/dags/stream_reddit.py took 0.089 seconds
[2024-01-21T00:08:01.090+0000] {processor.py:157} INFO - Started process (PID=3235) to work on /opt/airflow/dags/stream_reddit.py
[2024-01-21T00:08:01.091+0000] {processor.py:829} INFO - Processing file /opt/airflow/dags/stream_reddit.py for tasks to queue
[2024-01-21T00:08:01.092+0000] {logging_mixin.py:151} INFO - [2024-01-21T00:08:01.092+0000] {dagbag.py:539} INFO - Filling up the DagBag from /opt/airflow/dags/stream_reddit.py
[2024-01-21T00:08:01.109+0000] {processor.py:839} INFO - DAG(s) dict_keys(['Stream_reddit_to_cassandra']) retrieved from /opt/airflow/dags/stream_reddit.py
[2024-01-21T00:08:01.131+0000] {logging_mixin.py:151} INFO - [2024-01-21T00:08:01.131+0000] {dag.py:2907} INFO - Sync 1 DAGs
[2024-01-21T00:08:01.148+0000] {logging_mixin.py:151} INFO - [2024-01-21T00:08:01.148+0000] {dag.py:3677} INFO - Setting next_dagrun for Stream_reddit_to_cassandra to 2024-01-21T00:03:01.148018+00:00, run_after=2024-01-21T00:08:01.148018+00:00
[2024-01-21T00:08:01.164+0000] {processor.py:179} INFO - Processing /opt/airflow/dags/stream_reddit.py took 0.077 seconds
[2024-01-21T00:08:31.316+0000] {processor.py:157} INFO - Started process (PID=3244) to work on /opt/airflow/dags/stream_reddit.py
[2024-01-21T00:08:31.316+0000] {processor.py:829} INFO - Processing file /opt/airflow/dags/stream_reddit.py for tasks to queue
[2024-01-21T00:08:31.317+0000] {logging_mixin.py:151} INFO - [2024-01-21T00:08:31.317+0000] {dagbag.py:539} INFO - Filling up the DagBag from /opt/airflow/dags/stream_reddit.py
[2024-01-21T00:08:31.334+0000] {processor.py:839} INFO - DAG(s) dict_keys(['Stream_reddit_to_cassandra']) retrieved from /opt/airflow/dags/stream_reddit.py
[2024-01-21T00:08:31.357+0000] {logging_mixin.py:151} INFO - [2024-01-21T00:08:31.357+0000] {dag.py:2907} INFO - Sync 1 DAGs
[2024-01-21T00:08:31.373+0000] {logging_mixin.py:151} INFO - [2024-01-21T00:08:31.373+0000] {dag.py:3677} INFO - Setting next_dagrun for Stream_reddit_to_cassandra to 2024-01-21T00:03:31.373239+00:00, run_after=2024-01-21T00:08:31.373239+00:00
[2024-01-21T00:08:31.391+0000] {processor.py:179} INFO - Processing /opt/airflow/dags/stream_reddit.py took 0.078 seconds
[2024-01-21T00:09:01.463+0000] {processor.py:157} INFO - Started process (PID=3267) to work on /opt/airflow/dags/stream_reddit.py
[2024-01-21T00:09:01.464+0000] {processor.py:829} INFO - Processing file /opt/airflow/dags/stream_reddit.py for tasks to queue
[2024-01-21T00:09:01.466+0000] {logging_mixin.py:151} INFO - [2024-01-21T00:09:01.465+0000] {dagbag.py:539} INFO - Filling up the DagBag from /opt/airflow/dags/stream_reddit.py
[2024-01-21T00:09:01.499+0000] {processor.py:839} INFO - DAG(s) dict_keys(['Stream_reddit_to_cassandra']) retrieved from /opt/airflow/dags/stream_reddit.py
[2024-01-21T00:09:01.533+0000] {logging_mixin.py:151} INFO - [2024-01-21T00:09:01.533+0000] {dag.py:2907} INFO - Sync 1 DAGs
[2024-01-21T00:09:01.563+0000] {logging_mixin.py:151} INFO - [2024-01-21T00:09:01.562+0000] {dag.py:3677} INFO - Setting next_dagrun for Stream_reddit_to_cassandra to 2024-01-21T00:04:01.562479+00:00, run_after=2024-01-21T00:09:01.562479+00:00
[2024-01-21T00:09:01.596+0000] {processor.py:179} INFO - Processing /opt/airflow/dags/stream_reddit.py took 0.137 seconds
[2024-01-21T00:09:31.870+0000] {processor.py:157} INFO - Started process (PID=3292) to work on /opt/airflow/dags/stream_reddit.py
[2024-01-21T00:09:31.870+0000] {processor.py:829} INFO - Processing file /opt/airflow/dags/stream_reddit.py for tasks to queue
[2024-01-21T00:09:31.872+0000] {logging_mixin.py:151} INFO - [2024-01-21T00:09:31.871+0000] {dagbag.py:539} INFO - Filling up the DagBag from /opt/airflow/dags/stream_reddit.py
[2024-01-21T00:09:31.887+0000] {processor.py:839} INFO - DAG(s) dict_keys(['Stream_reddit_to_cassandra']) retrieved from /opt/airflow/dags/stream_reddit.py
[2024-01-21T00:09:31.910+0000] {logging_mixin.py:151} INFO - [2024-01-21T00:09:31.910+0000] {dag.py:2907} INFO - Sync 1 DAGs
[2024-01-21T00:09:31.928+0000] {logging_mixin.py:151} INFO - [2024-01-21T00:09:31.928+0000] {dag.py:3677} INFO - Setting next_dagrun for Stream_reddit_to_cassandra to 2024-01-21T00:04:31.927808+00:00, run_after=2024-01-21T00:09:31.927808+00:00
[2024-01-21T00:09:31.944+0000] {processor.py:179} INFO - Processing /opt/airflow/dags/stream_reddit.py took 0.079 seconds
[2024-01-21T00:10:03.011+0000] {processor.py:157} INFO - Started process (PID=3317) to work on /opt/airflow/dags/stream_reddit.py
[2024-01-21T00:10:03.011+0000] {processor.py:829} INFO - Processing file /opt/airflow/dags/stream_reddit.py for tasks to queue
[2024-01-21T00:10:03.012+0000] {logging_mixin.py:151} INFO - [2024-01-21T00:10:03.012+0000] {dagbag.py:539} INFO - Filling up the DagBag from /opt/airflow/dags/stream_reddit.py
[2024-01-21T00:10:03.028+0000] {processor.py:839} INFO - DAG(s) dict_keys(['Stream_reddit_to_cassandra']) retrieved from /opt/airflow/dags/stream_reddit.py
[2024-01-21T00:10:03.051+0000] {logging_mixin.py:151} INFO - [2024-01-21T00:10:03.051+0000] {dag.py:2907} INFO - Sync 1 DAGs
[2024-01-21T00:10:03.069+0000] {logging_mixin.py:151} INFO - [2024-01-21T00:10:03.069+0000] {dag.py:3677} INFO - Setting next_dagrun for Stream_reddit_to_cassandra to 2024-01-21T00:05:03.068840+00:00, run_after=2024-01-21T00:10:03.068840+00:00
[2024-01-21T00:10:03.085+0000] {processor.py:179} INFO - Processing /opt/airflow/dags/stream_reddit.py took 0.077 seconds
[2024-01-21T00:10:33.369+0000] {processor.py:157} INFO - Started process (PID=3326) to work on /opt/airflow/dags/stream_reddit.py
[2024-01-21T00:10:33.369+0000] {processor.py:829} INFO - Processing file /opt/airflow/dags/stream_reddit.py for tasks to queue
[2024-01-21T00:10:33.370+0000] {logging_mixin.py:151} INFO - [2024-01-21T00:10:33.370+0000] {dagbag.py:539} INFO - Filling up the DagBag from /opt/airflow/dags/stream_reddit.py
[2024-01-21T00:10:33.396+0000] {processor.py:839} INFO - DAG(s) dict_keys(['Stream_reddit_to_cassandra']) retrieved from /opt/airflow/dags/stream_reddit.py
[2024-01-21T00:10:33.419+0000] {logging_mixin.py:151} INFO - [2024-01-21T00:10:33.419+0000] {dag.py:2907} INFO - Sync 1 DAGs
[2024-01-21T00:10:33.441+0000] {logging_mixin.py:151} INFO - [2024-01-21T00:10:33.441+0000] {dag.py:3677} INFO - Setting next_dagrun for Stream_reddit_to_cassandra to 2024-01-21T00:05:33.441123+00:00, run_after=2024-01-21T00:10:33.441123+00:00
[2024-01-21T00:10:33.461+0000] {processor.py:179} INFO - Processing /opt/airflow/dags/stream_reddit.py took 0.096 seconds
[2024-01-21T00:11:03.653+0000] {processor.py:157} INFO - Started process (PID=3350) to work on /opt/airflow/dags/stream_reddit.py
[2024-01-21T00:11:03.653+0000] {processor.py:829} INFO - Processing file /opt/airflow/dags/stream_reddit.py for tasks to queue
[2024-01-21T00:11:03.654+0000] {logging_mixin.py:151} INFO - [2024-01-21T00:11:03.654+0000] {dagbag.py:539} INFO - Filling up the DagBag from /opt/airflow/dags/stream_reddit.py
[2024-01-21T00:11:03.673+0000] {processor.py:839} INFO - DAG(s) dict_keys(['Stream_reddit_to_cassandra']) retrieved from /opt/airflow/dags/stream_reddit.py
[2024-01-21T00:11:03.696+0000] {logging_mixin.py:151} INFO - [2024-01-21T00:11:03.696+0000] {dag.py:2907} INFO - Sync 1 DAGs
[2024-01-21T00:11:03.715+0000] {logging_mixin.py:151} INFO - [2024-01-21T00:11:03.715+0000] {dag.py:3677} INFO - Setting next_dagrun for Stream_reddit_to_cassandra to 2024-01-21T00:06:03.714966+00:00, run_after=2024-01-21T00:11:03.714966+00:00
[2024-01-21T00:11:03.733+0000] {processor.py:179} INFO - Processing /opt/airflow/dags/stream_reddit.py took 0.083 seconds
[2024-01-21T00:11:33.814+0000] {processor.py:157} INFO - Started process (PID=3375) to work on /opt/airflow/dags/stream_reddit.py
[2024-01-21T00:11:33.814+0000] {processor.py:829} INFO - Processing file /opt/airflow/dags/stream_reddit.py for tasks to queue
[2024-01-21T00:11:33.815+0000] {logging_mixin.py:151} INFO - [2024-01-21T00:11:33.815+0000] {dagbag.py:539} INFO - Filling up the DagBag from /opt/airflow/dags/stream_reddit.py
[2024-01-21T00:11:33.832+0000] {processor.py:839} INFO - DAG(s) dict_keys(['Stream_reddit_to_cassandra']) retrieved from /opt/airflow/dags/stream_reddit.py
[2024-01-21T00:11:33.855+0000] {logging_mixin.py:151} INFO - [2024-01-21T00:11:33.855+0000] {dag.py:2907} INFO - Sync 1 DAGs
[2024-01-21T00:11:33.872+0000] {logging_mixin.py:151} INFO - [2024-01-21T00:11:33.872+0000] {dag.py:3677} INFO - Setting next_dagrun for Stream_reddit_to_cassandra to 2024-01-21T00:06:33.872029+00:00, run_after=2024-01-21T00:11:33.872029+00:00
[2024-01-21T00:11:33.888+0000] {processor.py:179} INFO - Processing /opt/airflow/dags/stream_reddit.py took 0.077 seconds
[2024-01-21T00:12:04.894+0000] {processor.py:157} INFO - Started process (PID=3399) to work on /opt/airflow/dags/stream_reddit.py
[2024-01-21T00:12:04.895+0000] {processor.py:829} INFO - Processing file /opt/airflow/dags/stream_reddit.py for tasks to queue
[2024-01-21T00:12:04.896+0000] {logging_mixin.py:151} INFO - [2024-01-21T00:12:04.896+0000] {dagbag.py:539} INFO - Filling up the DagBag from /opt/airflow/dags/stream_reddit.py
[2024-01-21T00:12:04.918+0000] {processor.py:839} INFO - DAG(s) dict_keys(['Stream_reddit_to_cassandra']) retrieved from /opt/airflow/dags/stream_reddit.py
[2024-01-21T00:12:04.942+0000] {logging_mixin.py:151} INFO - [2024-01-21T00:12:04.941+0000] {dag.py:2907} INFO - Sync 1 DAGs
[2024-01-21T00:12:04.960+0000] {logging_mixin.py:151} INFO - [2024-01-21T00:12:04.960+0000] {dag.py:3677} INFO - Setting next_dagrun for Stream_reddit_to_cassandra to 2024-01-21T00:07:04.960483+00:00, run_after=2024-01-21T00:12:04.960483+00:00
[2024-01-21T00:12:04.981+0000] {processor.py:179} INFO - Processing /opt/airflow/dags/stream_reddit.py took 0.089 seconds
[2024-01-21T00:12:35.186+0000] {processor.py:157} INFO - Started process (PID=3408) to work on /opt/airflow/dags/stream_reddit.py
[2024-01-21T00:12:35.186+0000] {processor.py:829} INFO - Processing file /opt/airflow/dags/stream_reddit.py for tasks to queue
[2024-01-21T00:12:35.187+0000] {logging_mixin.py:151} INFO - [2024-01-21T00:12:35.187+0000] {dagbag.py:539} INFO - Filling up the DagBag from /opt/airflow/dags/stream_reddit.py
[2024-01-21T00:12:35.203+0000] {processor.py:839} INFO - DAG(s) dict_keys(['Stream_reddit_to_cassandra']) retrieved from /opt/airflow/dags/stream_reddit.py
[2024-01-21T00:12:35.225+0000] {logging_mixin.py:151} INFO - [2024-01-21T00:12:35.225+0000] {dag.py:2907} INFO - Sync 1 DAGs
[2024-01-21T00:12:35.241+0000] {logging_mixin.py:151} INFO - [2024-01-21T00:12:35.241+0000] {dag.py:3677} INFO - Setting next_dagrun for Stream_reddit_to_cassandra to 2024-01-21T00:07:35.241401+00:00, run_after=2024-01-21T00:12:35.241401+00:00
[2024-01-21T00:12:35.257+0000] {processor.py:179} INFO - Processing /opt/airflow/dags/stream_reddit.py took 0.074 seconds
[2024-01-21T00:13:05.490+0000] {processor.py:157} INFO - Started process (PID=3432) to work on /opt/airflow/dags/stream_reddit.py
[2024-01-21T00:13:05.491+0000] {processor.py:829} INFO - Processing file /opt/airflow/dags/stream_reddit.py for tasks to queue
[2024-01-21T00:13:05.492+0000] {logging_mixin.py:151} INFO - [2024-01-21T00:13:05.492+0000] {dagbag.py:539} INFO - Filling up the DagBag from /opt/airflow/dags/stream_reddit.py
[2024-01-21T00:13:05.512+0000] {processor.py:839} INFO - DAG(s) dict_keys(['Stream_reddit_to_cassandra']) retrieved from /opt/airflow/dags/stream_reddit.py
[2024-01-21T00:13:05.533+0000] {logging_mixin.py:151} INFO - [2024-01-21T00:13:05.533+0000] {dag.py:2907} INFO - Sync 1 DAGs
[2024-01-21T00:13:05.548+0000] {logging_mixin.py:151} INFO - [2024-01-21T00:13:05.548+0000] {dag.py:3677} INFO - Setting next_dagrun for Stream_reddit_to_cassandra to 2024-01-21T00:08:05.548576+00:00, run_after=2024-01-21T00:13:05.548576+00:00
[2024-01-21T00:13:05.564+0000] {processor.py:179} INFO - Processing /opt/airflow/dags/stream_reddit.py took 0.077 seconds
[2024-01-21T00:13:36.350+0000] {processor.py:157} INFO - Started process (PID=3457) to work on /opt/airflow/dags/stream_reddit.py
[2024-01-21T00:13:36.351+0000] {processor.py:829} INFO - Processing file /opt/airflow/dags/stream_reddit.py for tasks to queue
[2024-01-21T00:13:36.352+0000] {logging_mixin.py:151} INFO - [2024-01-21T00:13:36.352+0000] {dagbag.py:539} INFO - Filling up the DagBag from /opt/airflow/dags/stream_reddit.py
[2024-01-21T00:13:36.367+0000] {processor.py:839} INFO - DAG(s) dict_keys(['Stream_reddit_to_cassandra']) retrieved from /opt/airflow/dags/stream_reddit.py
[2024-01-21T00:13:36.390+0000] {logging_mixin.py:151} INFO - [2024-01-21T00:13:36.390+0000] {dag.py:2907} INFO - Sync 1 DAGs
[2024-01-21T00:13:36.410+0000] {logging_mixin.py:151} INFO - [2024-01-21T00:13:36.409+0000] {dag.py:3677} INFO - Setting next_dagrun for Stream_reddit_to_cassandra to 2024-01-21T00:08:36.409650+00:00, run_after=2024-01-21T00:13:36.409650+00:00
[2024-01-21T00:13:36.429+0000] {processor.py:179} INFO - Processing /opt/airflow/dags/stream_reddit.py took 0.081 seconds
[2024-01-21T00:14:06.546+0000] {processor.py:157} INFO - Started process (PID=3481) to work on /opt/airflow/dags/stream_reddit.py
[2024-01-21T00:14:06.547+0000] {processor.py:829} INFO - Processing file /opt/airflow/dags/stream_reddit.py for tasks to queue
[2024-01-21T00:14:06.548+0000] {logging_mixin.py:151} INFO - [2024-01-21T00:14:06.548+0000] {dagbag.py:539} INFO - Filling up the DagBag from /opt/airflow/dags/stream_reddit.py
[2024-01-21T00:14:06.564+0000] {processor.py:839} INFO - DAG(s) dict_keys(['Stream_reddit_to_cassandra']) retrieved from /opt/airflow/dags/stream_reddit.py
[2024-01-21T00:14:06.588+0000] {logging_mixin.py:151} INFO - [2024-01-21T00:14:06.588+0000] {dag.py:2907} INFO - Sync 1 DAGs
[2024-01-21T00:14:06.605+0000] {logging_mixin.py:151} INFO - [2024-01-21T00:14:06.605+0000] {dag.py:3677} INFO - Setting next_dagrun for Stream_reddit_to_cassandra to 2024-01-21T00:09:06.605416+00:00, run_after=2024-01-21T00:14:06.605416+00:00
[2024-01-21T00:14:06.623+0000] {processor.py:179} INFO - Processing /opt/airflow/dags/stream_reddit.py took 0.081 seconds
[2024-01-21T00:14:36.742+0000] {processor.py:157} INFO - Started process (PID=3489) to work on /opt/airflow/dags/stream_reddit.py
[2024-01-21T00:14:36.743+0000] {processor.py:829} INFO - Processing file /opt/airflow/dags/stream_reddit.py for tasks to queue
[2024-01-21T00:14:36.744+0000] {logging_mixin.py:151} INFO - [2024-01-21T00:14:36.743+0000] {dagbag.py:539} INFO - Filling up the DagBag from /opt/airflow/dags/stream_reddit.py
[2024-01-21T00:14:36.761+0000] {processor.py:839} INFO - DAG(s) dict_keys(['Stream_reddit_to_cassandra']) retrieved from /opt/airflow/dags/stream_reddit.py
[2024-01-21T00:14:36.782+0000] {logging_mixin.py:151} INFO - [2024-01-21T00:14:36.782+0000] {dag.py:2907} INFO - Sync 1 DAGs
[2024-01-21T00:14:36.799+0000] {logging_mixin.py:151} INFO - [2024-01-21T00:14:36.799+0000] {dag.py:3677} INFO - Setting next_dagrun for Stream_reddit_to_cassandra to 2024-01-21T00:09:36.799121+00:00, run_after=2024-01-21T00:14:36.799121+00:00
[2024-01-21T00:14:36.898+0000] {processor.py:179} INFO - Processing /opt/airflow/dags/stream_reddit.py took 0.158 seconds
[2024-01-21T00:15:07.188+0000] {processor.py:157} INFO - Started process (PID=3513) to work on /opt/airflow/dags/stream_reddit.py
[2024-01-21T00:15:07.191+0000] {processor.py:829} INFO - Processing file /opt/airflow/dags/stream_reddit.py for tasks to queue
[2024-01-21T00:15:07.196+0000] {logging_mixin.py:151} INFO - [2024-01-21T00:15:07.194+0000] {dagbag.py:539} INFO - Filling up the DagBag from /opt/airflow/dags/stream_reddit.py
[2024-01-21T00:15:07.244+0000] {processor.py:839} INFO - DAG(s) dict_keys(['Stream_reddit_to_cassandra']) retrieved from /opt/airflow/dags/stream_reddit.py
[2024-01-21T00:15:07.298+0000] {logging_mixin.py:151} INFO - [2024-01-21T00:15:07.296+0000] {dag.py:2907} INFO - Sync 1 DAGs
[2024-01-21T00:15:07.342+0000] {logging_mixin.py:151} INFO - [2024-01-21T00:15:07.342+0000] {dag.py:3677} INFO - Setting next_dagrun for Stream_reddit_to_cassandra to 2024-01-21T00:10:07.341944+00:00, run_after=2024-01-21T00:15:07.341944+00:00
[2024-01-21T00:15:07.389+0000] {processor.py:179} INFO - Processing /opt/airflow/dags/stream_reddit.py took 0.212 seconds
[2024-01-21T00:15:37.487+0000] {processor.py:157} INFO - Started process (PID=3538) to work on /opt/airflow/dags/stream_reddit.py
[2024-01-21T00:15:37.487+0000] {processor.py:829} INFO - Processing file /opt/airflow/dags/stream_reddit.py for tasks to queue
[2024-01-21T00:15:37.488+0000] {logging_mixin.py:151} INFO - [2024-01-21T00:15:37.488+0000] {dagbag.py:539} INFO - Filling up the DagBag from /opt/airflow/dags/stream_reddit.py
[2024-01-21T00:15:37.505+0000] {processor.py:839} INFO - DAG(s) dict_keys(['Stream_reddit_to_cassandra']) retrieved from /opt/airflow/dags/stream_reddit.py
[2024-01-21T00:15:37.524+0000] {logging_mixin.py:151} INFO - [2024-01-21T00:15:37.524+0000] {dag.py:2907} INFO - Sync 1 DAGs
[2024-01-21T00:15:37.540+0000] {logging_mixin.py:151} INFO - [2024-01-21T00:15:37.540+0000] {dag.py:3677} INFO - Setting next_dagrun for Stream_reddit_to_cassandra to 2024-01-21T00:10:37.540305+00:00, run_after=2024-01-21T00:15:37.540305+00:00
[2024-01-21T00:15:37.558+0000] {processor.py:179} INFO - Processing /opt/airflow/dags/stream_reddit.py took 0.074 seconds
[2024-01-21T00:16:08.334+0000] {processor.py:157} INFO - Started process (PID=3562) to work on /opt/airflow/dags/stream_reddit.py
[2024-01-21T00:16:08.334+0000] {processor.py:829} INFO - Processing file /opt/airflow/dags/stream_reddit.py for tasks to queue
[2024-01-21T00:16:08.335+0000] {logging_mixin.py:151} INFO - [2024-01-21T00:16:08.335+0000] {dagbag.py:539} INFO - Filling up the DagBag from /opt/airflow/dags/stream_reddit.py
[2024-01-21T00:16:08.354+0000] {processor.py:839} INFO - DAG(s) dict_keys(['Stream_reddit_to_cassandra']) retrieved from /opt/airflow/dags/stream_reddit.py
[2024-01-21T00:16:08.380+0000] {logging_mixin.py:151} INFO - [2024-01-21T00:16:08.380+0000] {dag.py:2907} INFO - Sync 1 DAGs
[2024-01-21T00:16:08.404+0000] {logging_mixin.py:151} INFO - [2024-01-21T00:16:08.404+0000] {dag.py:3677} INFO - Setting next_dagrun for Stream_reddit_to_cassandra to 2024-01-21T00:11:08.403271+00:00, run_after=2024-01-21T00:16:08.403271+00:00
[2024-01-21T00:16:08.427+0000] {processor.py:179} INFO - Processing /opt/airflow/dags/stream_reddit.py took 0.096 seconds
[2024-01-21T00:16:38.677+0000] {processor.py:157} INFO - Started process (PID=3571) to work on /opt/airflow/dags/stream_reddit.py
[2024-01-21T00:16:38.677+0000] {processor.py:829} INFO - Processing file /opt/airflow/dags/stream_reddit.py for tasks to queue
[2024-01-21T00:16:38.678+0000] {logging_mixin.py:151} INFO - [2024-01-21T00:16:38.678+0000] {dagbag.py:539} INFO - Filling up the DagBag from /opt/airflow/dags/stream_reddit.py
[2024-01-21T00:16:38.695+0000] {processor.py:839} INFO - DAG(s) dict_keys(['Stream_reddit_to_cassandra']) retrieved from /opt/airflow/dags/stream_reddit.py
[2024-01-21T00:16:38.716+0000] {logging_mixin.py:151} INFO - [2024-01-21T00:16:38.716+0000] {dag.py:2907} INFO - Sync 1 DAGs
[2024-01-21T00:16:38.734+0000] {logging_mixin.py:151} INFO - [2024-01-21T00:16:38.734+0000] {dag.py:3677} INFO - Setting next_dagrun for Stream_reddit_to_cassandra to 2024-01-21T00:11:38.734207+00:00, run_after=2024-01-21T00:16:38.734207+00:00
[2024-01-21T00:16:38.753+0000] {processor.py:179} INFO - Processing /opt/airflow/dags/stream_reddit.py took 0.079 seconds
[2024-01-21T00:17:09.620+0000] {processor.py:157} INFO - Started process (PID=3595) to work on /opt/airflow/dags/stream_reddit.py
[2024-01-21T00:17:09.621+0000] {processor.py:829} INFO - Processing file /opt/airflow/dags/stream_reddit.py for tasks to queue
[2024-01-21T00:17:09.622+0000] {logging_mixin.py:151} INFO - [2024-01-21T00:17:09.621+0000] {dagbag.py:539} INFO - Filling up the DagBag from /opt/airflow/dags/stream_reddit.py
[2024-01-21T00:17:09.643+0000] {processor.py:839} INFO - DAG(s) dict_keys(['Stream_reddit_to_cassandra']) retrieved from /opt/airflow/dags/stream_reddit.py
[2024-01-21T00:17:09.666+0000] {logging_mixin.py:151} INFO - [2024-01-21T00:17:09.666+0000] {dag.py:2907} INFO - Sync 1 DAGs
[2024-01-21T00:17:09.777+0000] {logging_mixin.py:151} INFO - [2024-01-21T00:17:09.776+0000] {dag.py:3677} INFO - Setting next_dagrun for Stream_reddit_to_cassandra to 2024-01-21T00:12:09.776838+00:00, run_after=2024-01-21T00:17:09.776838+00:00
[2024-01-21T00:17:09.796+0000] {processor.py:179} INFO - Processing /opt/airflow/dags/stream_reddit.py took 0.180 seconds
[2024-01-21T00:17:39.851+0000] {processor.py:157} INFO - Started process (PID=3621) to work on /opt/airflow/dags/stream_reddit.py
[2024-01-21T00:17:39.851+0000] {processor.py:829} INFO - Processing file /opt/airflow/dags/stream_reddit.py for tasks to queue
[2024-01-21T00:17:39.852+0000] {logging_mixin.py:151} INFO - [2024-01-21T00:17:39.852+0000] {dagbag.py:539} INFO - Filling up the DagBag from /opt/airflow/dags/stream_reddit.py
[2024-01-21T00:17:39.869+0000] {processor.py:839} INFO - DAG(s) dict_keys(['Stream_reddit_to_cassandra']) retrieved from /opt/airflow/dags/stream_reddit.py
[2024-01-21T00:17:39.893+0000] {logging_mixin.py:151} INFO - [2024-01-21T00:17:39.892+0000] {dag.py:2907} INFO - Sync 1 DAGs
[2024-01-21T00:17:39.909+0000] {logging_mixin.py:151} INFO - [2024-01-21T00:17:39.909+0000] {dag.py:3677} INFO - Setting next_dagrun for Stream_reddit_to_cassandra to 2024-01-21T00:12:39.909307+00:00, run_after=2024-01-21T00:17:39.909307+00:00
[2024-01-21T00:17:39.926+0000] {processor.py:179} INFO - Processing /opt/airflow/dags/stream_reddit.py took 0.078 seconds
[2024-01-21T00:18:10.817+0000] {processor.py:157} INFO - Started process (PID=3644) to work on /opt/airflow/dags/stream_reddit.py
[2024-01-21T00:18:10.818+0000] {processor.py:829} INFO - Processing file /opt/airflow/dags/stream_reddit.py for tasks to queue
[2024-01-21T00:18:10.819+0000] {logging_mixin.py:151} INFO - [2024-01-21T00:18:10.818+0000] {dagbag.py:539} INFO - Filling up the DagBag from /opt/airflow/dags/stream_reddit.py
[2024-01-21T00:18:10.846+0000] {processor.py:839} INFO - DAG(s) dict_keys(['Stream_reddit_to_cassandra']) retrieved from /opt/airflow/dags/stream_reddit.py
[2024-01-21T00:18:10.879+0000] {logging_mixin.py:151} INFO - [2024-01-21T00:18:10.879+0000] {dag.py:2907} INFO - Sync 1 DAGs
[2024-01-21T00:18:10.902+0000] {logging_mixin.py:151} INFO - [2024-01-21T00:18:10.902+0000] {dag.py:3677} INFO - Setting next_dagrun for Stream_reddit_to_cassandra to 2024-01-21T00:13:10.902390+00:00, run_after=2024-01-21T00:18:10.902390+00:00
[2024-01-21T00:18:11.026+0000] {processor.py:179} INFO - Processing /opt/airflow/dags/stream_reddit.py took 0.212 seconds
[2024-01-21T00:18:41.100+0000] {processor.py:157} INFO - Started process (PID=3654) to work on /opt/airflow/dags/stream_reddit.py
[2024-01-21T00:18:41.102+0000] {processor.py:829} INFO - Processing file /opt/airflow/dags/stream_reddit.py for tasks to queue
[2024-01-21T00:18:41.103+0000] {logging_mixin.py:151} INFO - [2024-01-21T00:18:41.103+0000] {dagbag.py:539} INFO - Filling up the DagBag from /opt/airflow/dags/stream_reddit.py
[2024-01-21T00:18:41.121+0000] {processor.py:839} INFO - DAG(s) dict_keys(['Stream_reddit_to_cassandra']) retrieved from /opt/airflow/dags/stream_reddit.py
[2024-01-21T00:18:41.145+0000] {logging_mixin.py:151} INFO - [2024-01-21T00:18:41.144+0000] {dag.py:2907} INFO - Sync 1 DAGs
[2024-01-21T00:18:41.167+0000] {logging_mixin.py:151} INFO - [2024-01-21T00:18:41.167+0000] {dag.py:3677} INFO - Setting next_dagrun for Stream_reddit_to_cassandra to 2024-01-21T00:13:41.167351+00:00, run_after=2024-01-21T00:18:41.167351+00:00
[2024-01-21T00:18:41.195+0000] {processor.py:179} INFO - Processing /opt/airflow/dags/stream_reddit.py took 0.099 seconds
[2024-01-21T00:19:11.463+0000] {processor.py:157} INFO - Started process (PID=3676) to work on /opt/airflow/dags/stream_reddit.py
[2024-01-21T00:19:11.463+0000] {processor.py:829} INFO - Processing file /opt/airflow/dags/stream_reddit.py for tasks to queue
[2024-01-21T00:19:11.465+0000] {logging_mixin.py:151} INFO - [2024-01-21T00:19:11.464+0000] {dagbag.py:539} INFO - Filling up the DagBag from /opt/airflow/dags/stream_reddit.py
[2024-01-21T00:19:11.493+0000] {processor.py:839} INFO - DAG(s) dict_keys(['Stream_reddit_to_cassandra']) retrieved from /opt/airflow/dags/stream_reddit.py
[2024-01-21T00:19:11.523+0000] {logging_mixin.py:151} INFO - [2024-01-21T00:19:11.523+0000] {dag.py:2907} INFO - Sync 1 DAGs
[2024-01-21T00:19:11.545+0000] {logging_mixin.py:151} INFO - [2024-01-21T00:19:11.545+0000] {dag.py:3677} INFO - Setting next_dagrun for Stream_reddit_to_cassandra to 2024-01-21T00:14:11.545333+00:00, run_after=2024-01-21T00:19:11.545333+00:00
[2024-01-21T00:19:11.709+0000] {processor.py:179} INFO - Processing /opt/airflow/dags/stream_reddit.py took 0.250 seconds
[2024-01-21T00:19:41.879+0000] {processor.py:157} INFO - Started process (PID=3701) to work on /opt/airflow/dags/stream_reddit.py
[2024-01-21T00:19:41.880+0000] {processor.py:829} INFO - Processing file /opt/airflow/dags/stream_reddit.py for tasks to queue
[2024-01-21T00:19:41.881+0000] {logging_mixin.py:151} INFO - [2024-01-21T00:19:41.881+0000] {dagbag.py:539} INFO - Filling up the DagBag from /opt/airflow/dags/stream_reddit.py
[2024-01-21T00:19:41.903+0000] {processor.py:839} INFO - DAG(s) dict_keys(['Stream_reddit_to_cassandra']) retrieved from /opt/airflow/dags/stream_reddit.py
[2024-01-21T00:19:41.932+0000] {logging_mixin.py:151} INFO - [2024-01-21T00:19:41.932+0000] {dag.py:2907} INFO - Sync 1 DAGs
[2024-01-21T00:19:41.953+0000] {logging_mixin.py:151} INFO - [2024-01-21T00:19:41.953+0000] {dag.py:3677} INFO - Setting next_dagrun for Stream_reddit_to_cassandra to 2024-01-21T00:14:41.953226+00:00, run_after=2024-01-21T00:19:41.953226+00:00
[2024-01-21T00:19:41.981+0000] {processor.py:179} INFO - Processing /opt/airflow/dags/stream_reddit.py took 0.105 seconds
[2024-01-21T00:20:12.047+0000] {processor.py:157} INFO - Started process (PID=3710) to work on /opt/airflow/dags/stream_reddit.py
[2024-01-21T00:20:12.047+0000] {processor.py:829} INFO - Processing file /opt/airflow/dags/stream_reddit.py for tasks to queue
[2024-01-21T00:20:12.049+0000] {logging_mixin.py:151} INFO - [2024-01-21T00:20:12.048+0000] {dagbag.py:539} INFO - Filling up the DagBag from /opt/airflow/dags/stream_reddit.py
[2024-01-21T00:20:12.064+0000] {processor.py:839} INFO - DAG(s) dict_keys(['Stream_reddit_to_cassandra']) retrieved from /opt/airflow/dags/stream_reddit.py
[2024-01-21T00:20:12.085+0000] {logging_mixin.py:151} INFO - [2024-01-21T00:20:12.085+0000] {dag.py:2907} INFO - Sync 1 DAGs
[2024-01-21T00:20:12.101+0000] {logging_mixin.py:151} INFO - [2024-01-21T00:20:12.101+0000] {dag.py:3677} INFO - Setting next_dagrun for Stream_reddit_to_cassandra to 2024-01-21T00:15:12.101120+00:00, run_after=2024-01-21T00:20:12.101120+00:00
[2024-01-21T00:20:12.121+0000] {processor.py:179} INFO - Processing /opt/airflow/dags/stream_reddit.py took 0.079 seconds
[2024-01-21T00:20:42.192+0000] {processor.py:157} INFO - Started process (PID=3719) to work on /opt/airflow/dags/stream_reddit.py
[2024-01-21T00:20:42.193+0000] {processor.py:829} INFO - Processing file /opt/airflow/dags/stream_reddit.py for tasks to queue
[2024-01-21T00:20:42.194+0000] {logging_mixin.py:151} INFO - [2024-01-21T00:20:42.193+0000] {dagbag.py:539} INFO - Filling up the DagBag from /opt/airflow/dags/stream_reddit.py
[2024-01-21T00:20:42.209+0000] {processor.py:839} INFO - DAG(s) dict_keys(['Stream_reddit_to_cassandra']) retrieved from /opt/airflow/dags/stream_reddit.py
[2024-01-21T00:20:42.231+0000] {logging_mixin.py:151} INFO - [2024-01-21T00:20:42.230+0000] {dag.py:2907} INFO - Sync 1 DAGs
[2024-01-21T00:20:42.348+0000] {logging_mixin.py:151} INFO - [2024-01-21T00:20:42.348+0000] {dag.py:3677} INFO - Setting next_dagrun for Stream_reddit_to_cassandra to 2024-01-21T00:15:42.347840+00:00, run_after=2024-01-21T00:20:42.347840+00:00
[2024-01-21T00:20:42.364+0000] {processor.py:179} INFO - Processing /opt/airflow/dags/stream_reddit.py took 0.177 seconds
[2024-01-21T00:21:12.420+0000] {processor.py:157} INFO - Started process (PID=3728) to work on /opt/airflow/dags/stream_reddit.py
[2024-01-21T00:21:12.421+0000] {processor.py:829} INFO - Processing file /opt/airflow/dags/stream_reddit.py for tasks to queue
[2024-01-21T00:21:12.422+0000] {logging_mixin.py:151} INFO - [2024-01-21T00:21:12.421+0000] {dagbag.py:539} INFO - Filling up the DagBag from /opt/airflow/dags/stream_reddit.py
[2024-01-21T00:21:12.444+0000] {processor.py:839} INFO - DAG(s) dict_keys(['Stream_reddit_to_cassandra']) retrieved from /opt/airflow/dags/stream_reddit.py
[2024-01-21T00:21:12.468+0000] {logging_mixin.py:151} INFO - [2024-01-21T00:21:12.468+0000] {dag.py:2907} INFO - Sync 1 DAGs
[2024-01-21T00:21:12.487+0000] {logging_mixin.py:151} INFO - [2024-01-21T00:21:12.487+0000] {dag.py:3677} INFO - Setting next_dagrun for Stream_reddit_to_cassandra to 2024-01-21T00:16:12.487133+00:00, run_after=2024-01-21T00:21:12.487133+00:00
[2024-01-21T00:21:12.505+0000] {processor.py:179} INFO - Processing /opt/airflow/dags/stream_reddit.py took 0.088 seconds
[2024-01-21T00:21:42.736+0000] {processor.py:157} INFO - Started process (PID=3737) to work on /opt/airflow/dags/stream_reddit.py
[2024-01-21T00:21:42.737+0000] {processor.py:829} INFO - Processing file /opt/airflow/dags/stream_reddit.py for tasks to queue
[2024-01-21T00:21:42.739+0000] {logging_mixin.py:151} INFO - [2024-01-21T00:21:42.738+0000] {dagbag.py:539} INFO - Filling up the DagBag from /opt/airflow/dags/stream_reddit.py
[2024-01-21T00:21:42.755+0000] {processor.py:839} INFO - DAG(s) dict_keys(['Stream_reddit_to_cassandra']) retrieved from /opt/airflow/dags/stream_reddit.py
[2024-01-21T00:21:42.776+0000] {logging_mixin.py:151} INFO - [2024-01-21T00:21:42.776+0000] {dag.py:2907} INFO - Sync 1 DAGs
[2024-01-21T00:21:42.881+0000] {logging_mixin.py:151} INFO - [2024-01-21T00:21:42.880+0000] {dag.py:3677} INFO - Setting next_dagrun for Stream_reddit_to_cassandra to 2024-01-21T00:16:42.880740+00:00, run_after=2024-01-21T00:21:42.880740+00:00
[2024-01-21T00:21:42.899+0000] {processor.py:179} INFO - Processing /opt/airflow/dags/stream_reddit.py took 0.166 seconds
[2024-01-21T00:22:13.155+0000] {processor.py:157} INFO - Started process (PID=3766) to work on /opt/airflow/dags/stream_reddit.py
[2024-01-21T00:22:13.156+0000] {processor.py:829} INFO - Processing file /opt/airflow/dags/stream_reddit.py for tasks to queue
[2024-01-21T00:22:13.157+0000] {logging_mixin.py:151} INFO - [2024-01-21T00:22:13.156+0000] {dagbag.py:539} INFO - Filling up the DagBag from /opt/airflow/dags/stream_reddit.py
[2024-01-21T00:22:13.178+0000] {processor.py:839} INFO - DAG(s) dict_keys(['Stream_reddit_to_cassandra']) retrieved from /opt/airflow/dags/stream_reddit.py
[2024-01-21T00:22:13.202+0000] {logging_mixin.py:151} INFO - [2024-01-21T00:22:13.202+0000] {dag.py:2907} INFO - Sync 1 DAGs
[2024-01-21T00:22:13.221+0000] {logging_mixin.py:151} INFO - [2024-01-21T00:22:13.220+0000] {dag.py:3677} INFO - Setting next_dagrun for Stream_reddit_to_cassandra to 2024-01-21T00:17:13.220519+00:00, run_after=2024-01-21T00:22:13.220519+00:00
[2024-01-21T00:22:13.245+0000] {processor.py:179} INFO - Processing /opt/airflow/dags/stream_reddit.py took 0.094 seconds
[2024-01-21T00:22:43.365+0000] {processor.py:157} INFO - Started process (PID=3795) to work on /opt/airflow/dags/stream_reddit.py
[2024-01-21T00:22:43.366+0000] {processor.py:829} INFO - Processing file /opt/airflow/dags/stream_reddit.py for tasks to queue
[2024-01-21T00:22:43.367+0000] {logging_mixin.py:151} INFO - [2024-01-21T00:22:43.367+0000] {dagbag.py:539} INFO - Filling up the DagBag from /opt/airflow/dags/stream_reddit.py
[2024-01-21T00:22:43.387+0000] {processor.py:839} INFO - DAG(s) dict_keys(['Stream_reddit_to_cassandra']) retrieved from /opt/airflow/dags/stream_reddit.py
[2024-01-21T00:22:43.407+0000] {logging_mixin.py:151} INFO - [2024-01-21T00:22:43.407+0000] {dag.py:2907} INFO - Sync 1 DAGs
[2024-01-21T00:22:43.424+0000] {logging_mixin.py:151} INFO - [2024-01-21T00:22:43.423+0000] {dag.py:3677} INFO - Setting next_dagrun for Stream_reddit_to_cassandra to 2024-01-21T00:17:43.423779+00:00, run_after=2024-01-21T00:22:43.423779+00:00
[2024-01-21T00:22:43.532+0000] {processor.py:179} INFO - Processing /opt/airflow/dags/stream_reddit.py took 0.171 seconds
[2024-01-21T00:23:14.054+0000] {processor.py:157} INFO - Started process (PID=3816) to work on /opt/airflow/dags/stream_reddit.py
[2024-01-21T00:23:14.055+0000] {processor.py:829} INFO - Processing file /opt/airflow/dags/stream_reddit.py for tasks to queue
[2024-01-21T00:23:14.058+0000] {logging_mixin.py:151} INFO - [2024-01-21T00:23:14.058+0000] {dagbag.py:539} INFO - Filling up the DagBag from /opt/airflow/dags/stream_reddit.py
[2024-01-21T00:23:14.086+0000] {processor.py:839} INFO - DAG(s) dict_keys(['Stream_reddit_to_cassandra']) retrieved from /opt/airflow/dags/stream_reddit.py
[2024-01-21T00:23:14.226+0000] {logging_mixin.py:151} INFO - [2024-01-21T00:23:14.226+0000] {dag.py:2907} INFO - Sync 1 DAGs
[2024-01-21T00:23:14.243+0000] {logging_mixin.py:151} INFO - [2024-01-21T00:23:14.243+0000] {dag.py:3677} INFO - Setting next_dagrun for Stream_reddit_to_cassandra to 2024-01-21T00:18:14.242868+00:00, run_after=2024-01-21T00:23:14.242868+00:00
[2024-01-21T00:23:14.260+0000] {processor.py:179} INFO - Processing /opt/airflow/dags/stream_reddit.py took 0.209 seconds
[2024-01-21T00:23:44.332+0000] {processor.py:157} INFO - Started process (PID=3825) to work on /opt/airflow/dags/stream_reddit.py
[2024-01-21T00:23:44.333+0000] {processor.py:829} INFO - Processing file /opt/airflow/dags/stream_reddit.py for tasks to queue
[2024-01-21T00:23:44.334+0000] {logging_mixin.py:151} INFO - [2024-01-21T00:23:44.334+0000] {dagbag.py:539} INFO - Filling up the DagBag from /opt/airflow/dags/stream_reddit.py
[2024-01-21T00:23:44.359+0000] {processor.py:839} INFO - DAG(s) dict_keys(['Stream_reddit_to_cassandra']) retrieved from /opt/airflow/dags/stream_reddit.py
[2024-01-21T00:23:44.388+0000] {logging_mixin.py:151} INFO - [2024-01-21T00:23:44.387+0000] {dag.py:2907} INFO - Sync 1 DAGs
[2024-01-21T00:23:44.413+0000] {logging_mixin.py:151} INFO - [2024-01-21T00:23:44.412+0000] {dag.py:3677} INFO - Setting next_dagrun for Stream_reddit_to_cassandra to 2024-01-21T00:18:44.412611+00:00, run_after=2024-01-21T00:23:44.412611+00:00
[2024-01-21T00:23:44.607+0000] {processor.py:179} INFO - Processing /opt/airflow/dags/stream_reddit.py took 0.280 seconds
[2024-01-21T00:24:14.743+0000] {processor.py:157} INFO - Started process (PID=3851) to work on /opt/airflow/dags/stream_reddit.py
[2024-01-21T00:24:14.744+0000] {processor.py:829} INFO - Processing file /opt/airflow/dags/stream_reddit.py for tasks to queue
[2024-01-21T00:24:14.746+0000] {logging_mixin.py:151} INFO - [2024-01-21T00:24:14.746+0000] {dagbag.py:539} INFO - Filling up the DagBag from /opt/airflow/dags/stream_reddit.py
[2024-01-21T00:24:14.781+0000] {processor.py:839} INFO - DAG(s) dict_keys(['Stream_reddit_to_cassandra']) retrieved from /opt/airflow/dags/stream_reddit.py
[2024-01-21T00:24:15.116+0000] {logging_mixin.py:151} INFO - [2024-01-21T00:24:15.116+0000] {dag.py:2907} INFO - Sync 1 DAGs
[2024-01-21T00:24:15.142+0000] {logging_mixin.py:151} INFO - [2024-01-21T00:24:15.142+0000] {dag.py:3677} INFO - Setting next_dagrun for Stream_reddit_to_cassandra to 2024-01-21T00:19:15.142153+00:00, run_after=2024-01-21T00:24:15.142153+00:00
[2024-01-21T00:24:15.169+0000] {processor.py:179} INFO - Processing /opt/airflow/dags/stream_reddit.py took 0.431 seconds
[2024-01-21T00:24:46.061+0000] {processor.py:157} INFO - Started process (PID=3871) to work on /opt/airflow/dags/stream_reddit.py
[2024-01-21T00:24:46.061+0000] {processor.py:829} INFO - Processing file /opt/airflow/dags/stream_reddit.py for tasks to queue
[2024-01-21T00:24:46.063+0000] {logging_mixin.py:151} INFO - [2024-01-21T00:24:46.062+0000] {dagbag.py:539} INFO - Filling up the DagBag from /opt/airflow/dags/stream_reddit.py
[2024-01-21T00:24:46.078+0000] {processor.py:839} INFO - DAG(s) dict_keys(['Stream_reddit_to_cassandra']) retrieved from /opt/airflow/dags/stream_reddit.py
[2024-01-21T00:24:46.099+0000] {logging_mixin.py:151} INFO - [2024-01-21T00:24:46.099+0000] {dag.py:2907} INFO - Sync 1 DAGs
[2024-01-21T00:24:46.115+0000] {logging_mixin.py:151} INFO - [2024-01-21T00:24:46.115+0000] {dag.py:3677} INFO - Setting next_dagrun for Stream_reddit_to_cassandra to 2024-01-21T00:19:46.115343+00:00, run_after=2024-01-21T00:24:46.115343+00:00
[2024-01-21T00:24:46.135+0000] {processor.py:179} INFO - Processing /opt/airflow/dags/stream_reddit.py took 0.078 seconds
[2024-01-21T00:25:16.760+0000] {processor.py:157} INFO - Started process (PID=3892) to work on /opt/airflow/dags/stream_reddit.py
[2024-01-21T00:25:16.761+0000] {processor.py:829} INFO - Processing file /opt/airflow/dags/stream_reddit.py for tasks to queue
[2024-01-21T00:25:16.762+0000] {logging_mixin.py:151} INFO - [2024-01-21T00:25:16.761+0000] {dagbag.py:539} INFO - Filling up the DagBag from /opt/airflow/dags/stream_reddit.py
[2024-01-21T00:25:16.776+0000] {processor.py:839} INFO - DAG(s) dict_keys(['Stream_reddit_to_cassandra']) retrieved from /opt/airflow/dags/stream_reddit.py
[2024-01-21T00:25:16.796+0000] {logging_mixin.py:151} INFO - [2024-01-21T00:25:16.796+0000] {dag.py:2907} INFO - Sync 1 DAGs
[2024-01-21T00:25:16.812+0000] {logging_mixin.py:151} INFO - [2024-01-21T00:25:16.812+0000] {dag.py:3677} INFO - Setting next_dagrun for Stream_reddit_to_cassandra to 2024-01-21T00:20:16.812342+00:00, run_after=2024-01-21T00:25:16.812342+00:00
[2024-01-21T00:25:16.832+0000] {processor.py:179} INFO - Processing /opt/airflow/dags/stream_reddit.py took 0.074 seconds
[2024-01-21T00:25:47.628+0000] {processor.py:157} INFO - Started process (PID=3901) to work on /opt/airflow/dags/stream_reddit.py
[2024-01-21T00:25:47.628+0000] {processor.py:829} INFO - Processing file /opt/airflow/dags/stream_reddit.py for tasks to queue
[2024-01-21T00:25:47.629+0000] {logging_mixin.py:151} INFO - [2024-01-21T00:25:47.629+0000] {dagbag.py:539} INFO - Filling up the DagBag from /opt/airflow/dags/stream_reddit.py
[2024-01-21T00:25:47.648+0000] {processor.py:839} INFO - DAG(s) dict_keys(['Stream_reddit_to_cassandra']) retrieved from /opt/airflow/dags/stream_reddit.py
[2024-01-21T00:25:47.669+0000] {logging_mixin.py:151} INFO - [2024-01-21T00:25:47.669+0000] {dag.py:2907} INFO - Sync 1 DAGs
[2024-01-21T00:25:47.685+0000] {logging_mixin.py:151} INFO - [2024-01-21T00:25:47.685+0000] {dag.py:3677} INFO - Setting next_dagrun for Stream_reddit_to_cassandra to 2024-01-21T00:20:47.684811+00:00, run_after=2024-01-21T00:25:47.684811+00:00
[2024-01-21T00:25:47.702+0000] {processor.py:179} INFO - Processing /opt/airflow/dags/stream_reddit.py took 0.077 seconds
[2024-01-21T00:26:18.497+0000] {processor.py:157} INFO - Started process (PID=3936) to work on /opt/airflow/dags/stream_reddit.py
[2024-01-21T00:26:18.498+0000] {processor.py:829} INFO - Processing file /opt/airflow/dags/stream_reddit.py for tasks to queue
[2024-01-21T00:26:18.502+0000] {logging_mixin.py:151} INFO - [2024-01-21T00:26:18.501+0000] {dagbag.py:539} INFO - Filling up the DagBag from /opt/airflow/dags/stream_reddit.py
[2024-01-21T00:26:18.549+0000] {processor.py:839} INFO - DAG(s) dict_keys(['Stream_reddit_to_cassandra']) retrieved from /opt/airflow/dags/stream_reddit.py
[2024-01-21T00:26:18.597+0000] {logging_mixin.py:151} INFO - [2024-01-21T00:26:18.597+0000] {dag.py:2907} INFO - Sync 1 DAGs
[2024-01-21T00:26:18.636+0000] {logging_mixin.py:151} INFO - [2024-01-21T00:26:18.636+0000] {dag.py:3677} INFO - Setting next_dagrun for Stream_reddit_to_cassandra to 2024-01-21T00:21:18.635615+00:00, run_after=2024-01-21T00:26:18.635615+00:00
[2024-01-21T00:26:18.683+0000] {processor.py:179} INFO - Processing /opt/airflow/dags/stream_reddit.py took 0.194 seconds
[2024-01-21T00:26:49.286+0000] {processor.py:157} INFO - Started process (PID=3947) to work on /opt/airflow/dags/stream_reddit.py
[2024-01-21T00:26:49.287+0000] {processor.py:829} INFO - Processing file /opt/airflow/dags/stream_reddit.py for tasks to queue
[2024-01-21T00:26:49.287+0000] {logging_mixin.py:151} INFO - [2024-01-21T00:26:49.287+0000] {dagbag.py:539} INFO - Filling up the DagBag from /opt/airflow/dags/stream_reddit.py
[2024-01-21T00:26:49.303+0000] {processor.py:839} INFO - DAG(s) dict_keys(['Stream_reddit_to_cassandra']) retrieved from /opt/airflow/dags/stream_reddit.py
[2024-01-21T00:26:49.324+0000] {logging_mixin.py:151} INFO - [2024-01-21T00:26:49.324+0000] {dag.py:2907} INFO - Sync 1 DAGs
[2024-01-21T00:26:49.340+0000] {logging_mixin.py:151} INFO - [2024-01-21T00:26:49.340+0000] {dag.py:3677} INFO - Setting next_dagrun for Stream_reddit_to_cassandra to 2024-01-21T00:21:49.339766+00:00, run_after=2024-01-21T00:26:49.339766+00:00
[2024-01-21T00:26:49.357+0000] {processor.py:179} INFO - Processing /opt/airflow/dags/stream_reddit.py took 0.074 seconds
[2024-01-21T00:27:19.995+0000] {processor.py:157} INFO - Started process (PID=3967) to work on /opt/airflow/dags/stream_reddit.py
[2024-01-21T00:27:19.995+0000] {processor.py:829} INFO - Processing file /opt/airflow/dags/stream_reddit.py for tasks to queue
[2024-01-21T00:27:19.996+0000] {logging_mixin.py:151} INFO - [2024-01-21T00:27:19.996+0000] {dagbag.py:539} INFO - Filling up the DagBag from /opt/airflow/dags/stream_reddit.py
[2024-01-21T00:27:20.022+0000] {processor.py:839} INFO - DAG(s) dict_keys(['Stream_reddit_to_cassandra']) retrieved from /opt/airflow/dags/stream_reddit.py
[2024-01-21T00:27:20.043+0000] {logging_mixin.py:151} INFO - [2024-01-21T00:27:20.043+0000] {dag.py:2907} INFO - Sync 1 DAGs
[2024-01-21T00:27:20.059+0000] {logging_mixin.py:151} INFO - [2024-01-21T00:27:20.059+0000] {dag.py:3677} INFO - Setting next_dagrun for Stream_reddit_to_cassandra to 2024-01-21T00:22:20.059435+00:00, run_after=2024-01-21T00:27:20.059435+00:00
[2024-01-21T00:27:20.078+0000] {processor.py:179} INFO - Processing /opt/airflow/dags/stream_reddit.py took 0.086 seconds
