[2024-01-17T04:57:00.170+0000] {taskinstance.py:1159} INFO - Dependencies all met for dep_context=non-requeueable deps ti=<TaskInstance: Stream_Data_4.Reddit scheduled__2024-01-17T04:54:49.326061+00:00 [queued]>
[2024-01-17T04:57:00.174+0000] {taskinstance.py:1159} INFO - Dependencies all met for dep_context=requeueable deps ti=<TaskInstance: Stream_Data_4.Reddit scheduled__2024-01-17T04:54:49.326061+00:00 [queued]>
[2024-01-17T04:57:00.175+0000] {taskinstance.py:1361} INFO - Starting attempt 1 of 1
[2024-01-17T04:57:00.184+0000] {taskinstance.py:1382} INFO - Executing <Task(PythonOperator): Reddit> on 2024-01-17 04:54:49.326061+00:00
[2024-01-17T04:57:00.188+0000] {standard_task_runner.py:57} INFO - Started process 24896 to run task
[2024-01-17T04:57:00.190+0000] {standard_task_runner.py:84} INFO - Running: ['***', 'tasks', 'run', 'Stream_Data_4', 'Reddit', 'scheduled__2024-01-17T04:54:49.326061+00:00', '--job-id', '240', '--raw', '--subdir', 'DAGS_FOLDER/kafka_stream_4.py', '--cfg-path', '/tmp/tmp6wu_e1as']
[2024-01-17T04:57:00.191+0000] {standard_task_runner.py:85} INFO - Job 240: Subtask Reddit
[2024-01-17T04:57:00.226+0000] {task_command.py:415} INFO - Running <TaskInstance: Stream_Data_4.Reddit scheduled__2024-01-17T04:54:49.326061+00:00 [running]> on host 614a419ad930
[2024-01-17T04:57:00.287+0000] {taskinstance.py:1660} INFO - Exporting env vars: AIRFLOW_CTX_DAG_OWNER='me' AIRFLOW_CTX_DAG_ID='Stream_Data_4' AIRFLOW_CTX_TASK_ID='Reddit' AIRFLOW_CTX_EXECUTION_DATE='2024-01-17T04:54:49.326061+00:00' AIRFLOW_CTX_TRY_NUMBER='1' AIRFLOW_CTX_DAG_RUN_ID='scheduled__2024-01-17T04:54:49.326061+00:00'
[2024-01-17T04:57:00.312+0000] {logging_mixin.py:151} INFO -  submission : 
[2024-01-17T04:57:01.187+0000] {logging_mixin.py:151} INFO - #False
[2024-01-17T04:57:01.188+0000] {logging_mixin.py:151} INFO - #False
[2024-01-17T04:57:01.188+0000] {logging_mixin.py:151} INFO - #False
[2024-01-17T04:57:01.188+0000] {logging_mixin.py:151} INFO - #False
[2024-01-17T04:57:01.188+0000] {logging_mixin.py:151} INFO - #False
[2024-01-17T04:57:01.188+0000] {logging_mixin.py:151} INFO - #False
[2024-01-17T04:57:01.188+0000] {logging_mixin.py:151} INFO - #False
[2024-01-17T04:57:01.188+0000] {logging_mixin.py:151} INFO - #False
[2024-01-17T04:57:01.188+0000] {logging_mixin.py:151} INFO - #False
[2024-01-17T04:57:01.188+0000] {logging_mixin.py:151} INFO - #False
[2024-01-17T04:57:01.188+0000] {logging_mixin.py:151} INFO - #False
[2024-01-17T04:57:01.188+0000] {logging_mixin.py:151} INFO - #False
[2024-01-17T04:57:01.188+0000] {logging_mixin.py:151} INFO - #False
[2024-01-17T04:57:01.188+0000] {logging_mixin.py:151} INFO - #False
[2024-01-17T04:57:01.188+0000] {logging_mixin.py:151} INFO - #False
[2024-01-17T04:57:01.188+0000] {logging_mixin.py:151} INFO - #False
[2024-01-17T04:57:01.188+0000] {logging_mixin.py:151} INFO - #False
[2024-01-17T04:57:01.188+0000] {logging_mixin.py:151} INFO - #False
[2024-01-17T04:57:01.189+0000] {logging_mixin.py:151} INFO - #False
[2024-01-17T04:57:01.189+0000] {logging_mixin.py:151} INFO - #False
[2024-01-17T04:57:01.189+0000] {logging_mixin.py:151} INFO - #False
[2024-01-17T04:57:01.189+0000] {logging_mixin.py:151} INFO - #False
[2024-01-17T04:57:01.189+0000] {logging_mixin.py:151} INFO - #False
[2024-01-17T04:57:01.189+0000] {logging_mixin.py:151} INFO - #False
[2024-01-17T04:57:01.189+0000] {logging_mixin.py:151} INFO - #False
[2024-01-17T04:57:01.189+0000] {logging_mixin.py:151} INFO - #False
[2024-01-17T04:57:01.189+0000] {logging_mixin.py:151} INFO - #False
[2024-01-17T04:57:01.189+0000] {logging_mixin.py:151} INFO - #False
[2024-01-17T04:57:01.189+0000] {logging_mixin.py:151} INFO - #False
[2024-01-17T04:57:01.189+0000] {logging_mixin.py:151} INFO - #False
[2024-01-17T04:57:01.189+0000] {logging_mixin.py:151} INFO -  submission : 
[2024-01-17T04:57:01.914+0000] {logging_mixin.py:151} INFO - #False
[2024-01-17T04:57:01.914+0000] {logging_mixin.py:151} INFO - #False
[2024-01-17T04:57:01.914+0000] {logging_mixin.py:151} INFO - #False
[2024-01-17T04:57:01.914+0000] {logging_mixin.py:151} INFO - #False
[2024-01-17T04:57:01.914+0000] {logging_mixin.py:151} INFO - #False
[2024-01-17T04:57:01.915+0000] {logging_mixin.py:151} INFO - #False
[2024-01-17T04:57:01.915+0000] {logging_mixin.py:151} INFO - #False
[2024-01-17T04:57:01.915+0000] {logging_mixin.py:151} INFO - #False
[2024-01-17T04:57:01.915+0000] {logging_mixin.py:151} INFO - #False
[2024-01-17T04:57:01.915+0000] {logging_mixin.py:151} INFO - #False
[2024-01-17T04:57:01.915+0000] {logging_mixin.py:151} INFO - #False
[2024-01-17T04:57:01.915+0000] {logging_mixin.py:151} INFO - #False
[2024-01-17T04:57:01.915+0000] {logging_mixin.py:151} INFO - #False
[2024-01-17T04:57:01.915+0000] {logging_mixin.py:151} INFO - #False
[2024-01-17T04:57:01.915+0000] {logging_mixin.py:151} INFO - #False
[2024-01-17T04:57:01.915+0000] {logging_mixin.py:151} INFO - #False
[2024-01-17T04:57:01.915+0000] {logging_mixin.py:151} INFO - #False
[2024-01-17T04:57:01.915+0000] {logging_mixin.py:151} INFO - #False
[2024-01-17T04:57:01.915+0000] {logging_mixin.py:151} INFO - #False
[2024-01-17T04:57:01.915+0000] {logging_mixin.py:151} INFO - #False
[2024-01-17T04:57:01.915+0000] {logging_mixin.py:151} INFO - #False
[2024-01-17T04:57:01.915+0000] {logging_mixin.py:151} INFO - #False
[2024-01-17T04:57:01.915+0000] {logging_mixin.py:151} INFO - #False
[2024-01-17T04:57:01.915+0000] {logging_mixin.py:151} INFO - #False
[2024-01-17T04:57:01.916+0000] {logging_mixin.py:151} INFO - #False
[2024-01-17T04:57:01.916+0000] {logging_mixin.py:151} INFO - #False
[2024-01-17T04:57:01.916+0000] {logging_mixin.py:151} INFO - #False
[2024-01-17T04:57:01.916+0000] {logging_mixin.py:151} INFO - #False
[2024-01-17T04:57:01.916+0000] {logging_mixin.py:151} INFO - #False
[2024-01-17T04:57:01.916+0000] {logging_mixin.py:151} INFO - #False
[2024-01-17T04:57:01.916+0000] {logging_mixin.py:151} INFO -  submission : 
[2024-01-17T04:57:02.552+0000] {logging_mixin.py:151} INFO - @True
[2024-01-17T04:57:02.554+0000] {conn.py:380} INFO - <BrokerConnection node_id=bootstrap-0 host=broker:29092 <connecting> [IPv4 ('192.168.224.8', 29092)]>: connecting to broker:29092 [('192.168.224.8', 29092) IPv4]
[2024-01-17T04:57:02.554+0000] {conn.py:1205} INFO - Probing node bootstrap-0 broker version
[2024-01-17T04:57:02.554+0000] {conn.py:410} INFO - <BrokerConnection node_id=bootstrap-0 host=broker:29092 <connecting> [IPv4 ('192.168.224.8', 29092)]>: Connection complete.
[2024-01-17T04:57:02.657+0000] {conn.py:1267} INFO - Broker version identified as 2.5.0
[2024-01-17T04:57:02.657+0000] {conn.py:1268} INFO - Set configuration api_version=(2, 5, 0) to skip auto check_version requests on startup
[2024-01-17T04:57:02.662+0000] {logging_mixin.py:151} INFO - #False
[2024-01-17T04:57:02.662+0000] {logging_mixin.py:151} INFO - #False
[2024-01-17T04:57:02.662+0000] {logging_mixin.py:151} INFO - #False
[2024-01-17T04:57:02.662+0000] {logging_mixin.py:151} INFO - #False
[2024-01-17T04:57:02.662+0000] {logging_mixin.py:151} INFO - #False
[2024-01-17T04:57:02.662+0000] {logging_mixin.py:151} INFO - #False
[2024-01-17T04:57:02.663+0000] {logging_mixin.py:151} INFO - #False
[2024-01-17T04:57:02.663+0000] {logging_mixin.py:151} INFO - #False
[2024-01-17T04:57:02.663+0000] {logging_mixin.py:151} INFO - #False
[2024-01-17T04:57:02.663+0000] {logging_mixin.py:151} INFO - #False
[2024-01-17T04:57:02.663+0000] {logging_mixin.py:151} INFO - #False
[2024-01-17T04:57:02.663+0000] {logging_mixin.py:151} INFO - #False
[2024-01-17T04:57:02.663+0000] {logging_mixin.py:151} INFO - #False
[2024-01-17T04:57:02.663+0000] {logging_mixin.py:151} INFO - #False
[2024-01-17T04:57:02.663+0000] {logging_mixin.py:151} INFO - #False
[2024-01-17T04:57:02.663+0000] {logging_mixin.py:151} INFO - #False
[2024-01-17T04:57:02.664+0000] {logging_mixin.py:151} INFO - #False
[2024-01-17T04:57:02.664+0000] {logging_mixin.py:151} INFO - #False
[2024-01-17T04:57:02.664+0000] {logging_mixin.py:151} INFO - #False
[2024-01-17T04:57:02.664+0000] {logging_mixin.py:151} INFO - #False
[2024-01-17T04:57:02.664+0000] {logging_mixin.py:151} INFO - #False
[2024-01-17T04:57:02.664+0000] {logging_mixin.py:151} INFO - #False
[2024-01-17T04:57:02.664+0000] {logging_mixin.py:151} INFO - #False
[2024-01-17T04:57:02.664+0000] {logging_mixin.py:151} INFO - #False
[2024-01-17T04:57:02.664+0000] {logging_mixin.py:151} INFO - #False
[2024-01-17T04:57:02.664+0000] {logging_mixin.py:151} INFO - #False
[2024-01-17T04:57:02.665+0000] {logging_mixin.py:151} INFO - #False
[2024-01-17T04:57:02.665+0000] {logging_mixin.py:151} INFO - #False
[2024-01-17T04:57:02.665+0000] {logging_mixin.py:151} INFO - #False
[2024-01-17T04:57:02.665+0000] {logging_mixin.py:151} INFO -  submission : 
[2024-01-17T04:57:02.666+0000] {conn.py:380} INFO - <BrokerConnection node_id=1 host=broker:29092 <connecting> [IPv4 ('192.168.224.8', 29092)]>: connecting to broker:29092 [('192.168.224.8', 29092) IPv4]
[2024-01-17T04:57:02.667+0000] {conn.py:410} INFO - <BrokerConnection node_id=1 host=broker:29092 <connecting> [IPv4 ('192.168.224.8', 29092)]>: Connection complete.
[2024-01-17T04:57:02.667+0000] {conn.py:919} INFO - <BrokerConnection node_id=bootstrap-0 host=broker:29092 <connected> [IPv4 ('192.168.224.8', 29092)]>: Closing connection. 
[2024-01-17T04:57:03.457+0000] {logging_mixin.py:151} INFO - #False
[2024-01-17T04:57:03.457+0000] {logging_mixin.py:151} INFO - #False
[2024-01-17T04:57:03.458+0000] {logging_mixin.py:151} INFO - #False
[2024-01-17T04:57:03.458+0000] {logging_mixin.py:151} INFO - #False
[2024-01-17T04:57:03.458+0000] {logging_mixin.py:151} INFO - #False
[2024-01-17T04:57:03.458+0000] {logging_mixin.py:151} INFO - #False
[2024-01-17T04:57:03.458+0000] {logging_mixin.py:151} INFO - #False
[2024-01-17T04:57:03.458+0000] {logging_mixin.py:151} INFO - #False
[2024-01-17T04:57:03.458+0000] {logging_mixin.py:151} INFO - #False
[2024-01-17T04:57:03.458+0000] {logging_mixin.py:151} INFO - #False
[2024-01-17T04:57:03.459+0000] {logging_mixin.py:151} INFO - #False
[2024-01-17T04:57:03.459+0000] {logging_mixin.py:151} INFO - #False
[2024-01-17T04:57:03.459+0000] {logging_mixin.py:151} INFO - #False
[2024-01-17T04:57:03.459+0000] {logging_mixin.py:151} INFO - #False
[2024-01-17T04:57:03.459+0000] {logging_mixin.py:151} INFO - #False
[2024-01-17T04:57:03.459+0000] {logging_mixin.py:151} INFO - #False
[2024-01-17T04:57:03.459+0000] {logging_mixin.py:151} INFO - #False
[2024-01-17T04:57:03.459+0000] {logging_mixin.py:151} INFO - #False
[2024-01-17T04:57:03.459+0000] {logging_mixin.py:151} INFO - #False
[2024-01-17T04:57:03.459+0000] {logging_mixin.py:151} INFO - #False
[2024-01-17T04:57:03.459+0000] {logging_mixin.py:151} INFO - #False
[2024-01-17T04:57:03.459+0000] {logging_mixin.py:151} INFO - #False
[2024-01-17T04:57:03.459+0000] {logging_mixin.py:151} INFO - #False
[2024-01-17T04:57:03.459+0000] {logging_mixin.py:151} INFO - #False
[2024-01-17T04:57:03.459+0000] {logging_mixin.py:151} INFO - #False
[2024-01-17T04:57:03.459+0000] {logging_mixin.py:151} INFO - #False
[2024-01-17T04:57:03.460+0000] {logging_mixin.py:151} INFO - #False
[2024-01-17T04:57:03.460+0000] {logging_mixin.py:151} INFO - #False
[2024-01-17T04:57:03.460+0000] {logging_mixin.py:151} INFO - #False
[2024-01-17T04:57:03.460+0000] {logging_mixin.py:151} INFO - #False
[2024-01-17T04:57:03.460+0000] {logging_mixin.py:151} INFO -  submission : 
[2024-01-17T04:57:03.921+0000] {logging_mixin.py:151} INFO - #False
[2024-01-17T04:57:03.921+0000] {logging_mixin.py:151} INFO - #False
[2024-01-17T04:57:03.921+0000] {logging_mixin.py:151} INFO - #False
[2024-01-17T04:57:03.922+0000] {logging_mixin.py:151} INFO - #False
[2024-01-17T04:57:03.922+0000] {logging_mixin.py:151} INFO - #False
[2024-01-17T04:57:03.922+0000] {logging_mixin.py:151} INFO - #False
[2024-01-17T04:57:03.922+0000] {logging_mixin.py:151} INFO - #False
[2024-01-17T04:57:03.922+0000] {logging_mixin.py:151} INFO - #False
[2024-01-17T04:57:03.922+0000] {logging_mixin.py:151} INFO - #False
[2024-01-17T04:57:03.922+0000] {logging_mixin.py:151} INFO - #False
[2024-01-17T04:57:03.922+0000] {logging_mixin.py:151} INFO - #False
[2024-01-17T04:57:03.922+0000] {logging_mixin.py:151} INFO - #False
[2024-01-17T04:57:03.922+0000] {logging_mixin.py:151} INFO - #False
[2024-01-17T04:57:03.922+0000] {logging_mixin.py:151} INFO - #False
[2024-01-17T04:57:03.922+0000] {logging_mixin.py:151} INFO - #False
[2024-01-17T04:57:03.922+0000] {logging_mixin.py:151} INFO - #False
[2024-01-17T04:57:03.922+0000] {logging_mixin.py:151} INFO - #False
[2024-01-17T04:57:03.922+0000] {logging_mixin.py:151} INFO - #False
[2024-01-17T04:57:03.922+0000] {logging_mixin.py:151} INFO - #False
[2024-01-17T04:57:03.922+0000] {logging_mixin.py:151} INFO - #False
[2024-01-17T04:57:03.922+0000] {logging_mixin.py:151} INFO - #False
[2024-01-17T04:57:03.922+0000] {logging_mixin.py:151} INFO - #False
[2024-01-17T04:57:03.923+0000] {logging_mixin.py:151} INFO - #False
[2024-01-17T04:57:03.923+0000] {logging_mixin.py:151} INFO - #False
[2024-01-17T04:57:03.923+0000] {logging_mixin.py:151} INFO - #False
[2024-01-17T04:57:03.923+0000] {logging_mixin.py:151} INFO - #False
[2024-01-17T04:57:03.923+0000] {logging_mixin.py:151} INFO - #False
[2024-01-17T04:57:03.923+0000] {logging_mixin.py:151} INFO - #False
[2024-01-17T04:57:03.923+0000] {logging_mixin.py:151} INFO - #False
[2024-01-17T04:57:03.923+0000] {logging_mixin.py:151} INFO - #False
[2024-01-17T04:57:03.923+0000] {logging_mixin.py:151} INFO -  submission : 
[2024-01-17T04:57:04.457+0000] {logging_mixin.py:151} INFO - #False
[2024-01-17T04:57:04.458+0000] {logging_mixin.py:151} INFO - #False
[2024-01-17T04:57:04.458+0000] {logging_mixin.py:151} INFO - #False
[2024-01-17T04:57:04.458+0000] {logging_mixin.py:151} INFO - #False
[2024-01-17T04:57:04.458+0000] {logging_mixin.py:151} INFO - #False
[2024-01-17T04:57:04.458+0000] {logging_mixin.py:151} INFO - #False
[2024-01-17T04:57:04.458+0000] {logging_mixin.py:151} INFO - #False
[2024-01-17T04:57:04.458+0000] {logging_mixin.py:151} INFO - #False
[2024-01-17T04:57:04.458+0000] {logging_mixin.py:151} INFO - #False
[2024-01-17T04:57:04.458+0000] {logging_mixin.py:151} INFO - #False
[2024-01-17T04:57:04.458+0000] {logging_mixin.py:151} INFO - #False
[2024-01-17T04:57:04.458+0000] {logging_mixin.py:151} INFO - #False
[2024-01-17T04:57:04.458+0000] {logging_mixin.py:151} INFO - #False
[2024-01-17T04:57:04.458+0000] {logging_mixin.py:151} INFO - #False
[2024-01-17T04:57:04.458+0000] {logging_mixin.py:151} INFO - #False
[2024-01-17T04:57:04.458+0000] {logging_mixin.py:151} INFO - #False
[2024-01-17T04:57:04.458+0000] {logging_mixin.py:151} INFO - #False
[2024-01-17T04:57:04.458+0000] {logging_mixin.py:151} INFO - #False
[2024-01-17T04:57:04.458+0000] {logging_mixin.py:151} INFO - #False
[2024-01-17T04:57:04.459+0000] {logging_mixin.py:151} INFO - #False
[2024-01-17T04:57:04.459+0000] {logging_mixin.py:151} INFO - #False
[2024-01-17T04:57:04.459+0000] {logging_mixin.py:151} INFO - #False
[2024-01-17T04:57:04.459+0000] {logging_mixin.py:151} INFO - #False
[2024-01-17T04:57:04.459+0000] {logging_mixin.py:151} INFO - #False
[2024-01-17T04:57:04.459+0000] {logging_mixin.py:151} INFO - #False
[2024-01-17T04:57:04.459+0000] {logging_mixin.py:151} INFO - #False
[2024-01-17T04:57:04.459+0000] {logging_mixin.py:151} INFO - #False
[2024-01-17T04:57:04.459+0000] {logging_mixin.py:151} INFO - #False
[2024-01-17T04:57:04.459+0000] {logging_mixin.py:151} INFO - #False
[2024-01-17T04:57:04.459+0000] {logging_mixin.py:151} INFO - #False
[2024-01-17T04:57:04.459+0000] {logging_mixin.py:151} INFO -  submission : 
[2024-01-17T04:57:05.189+0000] {logging_mixin.py:151} INFO - @True
[2024-01-17T04:57:05.190+0000] {conn.py:380} INFO - <BrokerConnection node_id=bootstrap-0 host=broker:29092 <connecting> [IPv4 ('192.168.224.8', 29092)]>: connecting to broker:29092 [('192.168.224.8', 29092) IPv4]
[2024-01-17T04:57:05.190+0000] {conn.py:1205} INFO - Probing node bootstrap-0 broker version
[2024-01-17T04:57:05.191+0000] {conn.py:410} INFO - <BrokerConnection node_id=bootstrap-0 host=broker:29092 <connecting> [IPv4 ('192.168.224.8', 29092)]>: Connection complete.
[2024-01-17T04:57:05.366+0000] {conn.py:1267} INFO - Broker version identified as 2.5.0
[2024-01-17T04:57:05.367+0000] {conn.py:1268} INFO - Set configuration api_version=(2, 5, 0) to skip auto check_version requests on startup
[2024-01-17T04:57:05.368+0000] {conn.py:919} INFO - <BrokerConnection node_id=1 host=broker:29092 <connected> [IPv4 ('192.168.224.8', 29092)]>: Closing connection. 
[2024-01-17T04:57:05.371+0000] {logging_mixin.py:151} INFO - #False
[2024-01-17T04:57:05.371+0000] {logging_mixin.py:151} INFO - #False
[2024-01-17T04:57:05.371+0000] {logging_mixin.py:151} INFO - #False
[2024-01-17T04:57:05.371+0000] {logging_mixin.py:151} INFO - #False
[2024-01-17T04:57:05.371+0000] {logging_mixin.py:151} INFO - #False
[2024-01-17T04:57:05.371+0000] {logging_mixin.py:151} INFO - #False
[2024-01-17T04:57:05.371+0000] {logging_mixin.py:151} INFO - #False
[2024-01-17T04:57:05.371+0000] {logging_mixin.py:151} INFO - #False
[2024-01-17T04:57:05.372+0000] {logging_mixin.py:151} INFO - #False
[2024-01-17T04:57:05.372+0000] {logging_mixin.py:151} INFO - #False
[2024-01-17T04:57:05.372+0000] {logging_mixin.py:151} INFO - #False
[2024-01-17T04:57:05.372+0000] {logging_mixin.py:151} INFO - #False
[2024-01-17T04:57:05.372+0000] {logging_mixin.py:151} INFO - #False
[2024-01-17T04:57:05.372+0000] {logging_mixin.py:151} INFO - #False
[2024-01-17T04:57:05.372+0000] {logging_mixin.py:151} INFO - #False
[2024-01-17T04:57:05.372+0000] {logging_mixin.py:151} INFO - #False
[2024-01-17T04:57:05.372+0000] {logging_mixin.py:151} INFO - #False
[2024-01-17T04:57:05.372+0000] {logging_mixin.py:151} INFO - #False
[2024-01-17T04:57:05.373+0000] {logging_mixin.py:151} INFO - #False
[2024-01-17T04:57:05.373+0000] {logging_mixin.py:151} INFO - #False
[2024-01-17T04:57:05.373+0000] {logging_mixin.py:151} INFO - #False
[2024-01-17T04:57:05.373+0000] {logging_mixin.py:151} INFO - #False
[2024-01-17T04:57:05.373+0000] {logging_mixin.py:151} INFO - #False
[2024-01-17T04:57:05.373+0000] {logging_mixin.py:151} INFO - #False
[2024-01-17T04:57:05.373+0000] {logging_mixin.py:151} INFO - #False
[2024-01-17T04:57:05.373+0000] {logging_mixin.py:151} INFO - #False
[2024-01-17T04:57:05.373+0000] {logging_mixin.py:151} INFO - #False
[2024-01-17T04:57:05.373+0000] {logging_mixin.py:151} INFO - #False
[2024-01-17T04:57:05.374+0000] {logging_mixin.py:151} INFO - #False
[2024-01-17T04:57:05.374+0000] {logging_mixin.py:151} INFO -  submission : 
[2024-01-17T04:57:05.375+0000] {conn.py:380} INFO - <BrokerConnection node_id=1 host=broker:29092 <connecting> [IPv4 ('192.168.224.8', 29092)]>: connecting to broker:29092 [('192.168.224.8', 29092) IPv4]
[2024-01-17T04:57:05.376+0000] {conn.py:410} INFO - <BrokerConnection node_id=1 host=broker:29092 <connecting> [IPv4 ('192.168.224.8', 29092)]>: Connection complete.
[2024-01-17T04:57:05.376+0000] {conn.py:919} INFO - <BrokerConnection node_id=bootstrap-0 host=broker:29092 <connected> [IPv4 ('192.168.224.8', 29092)]>: Closing connection. 
[2024-01-17T04:57:06.023+0000] {logging_mixin.py:151} INFO - #False
[2024-01-17T04:57:06.024+0000] {logging_mixin.py:151} INFO - #False
[2024-01-17T04:57:06.024+0000] {logging_mixin.py:151} INFO - #False
[2024-01-17T04:57:06.024+0000] {logging_mixin.py:151} INFO - #False
[2024-01-17T04:57:06.024+0000] {logging_mixin.py:151} INFO - #False
[2024-01-17T04:57:06.024+0000] {logging_mixin.py:151} INFO - #False
[2024-01-17T04:57:06.024+0000] {logging_mixin.py:151} INFO - #False
[2024-01-17T04:57:06.024+0000] {logging_mixin.py:151} INFO - #False
[2024-01-17T04:57:06.024+0000] {logging_mixin.py:151} INFO - #False
[2024-01-17T04:57:06.024+0000] {logging_mixin.py:151} INFO - #False
[2024-01-17T04:57:06.024+0000] {logging_mixin.py:151} INFO - #False
[2024-01-17T04:57:06.024+0000] {logging_mixin.py:151} INFO - #False
[2024-01-17T04:57:06.024+0000] {logging_mixin.py:151} INFO - #False
[2024-01-17T04:57:06.024+0000] {logging_mixin.py:151} INFO - #False
[2024-01-17T04:57:06.024+0000] {logging_mixin.py:151} INFO - #False
[2024-01-17T04:57:06.024+0000] {logging_mixin.py:151} INFO - #False
[2024-01-17T04:57:06.024+0000] {logging_mixin.py:151} INFO - #False
[2024-01-17T04:57:06.024+0000] {logging_mixin.py:151} INFO - #False
[2024-01-17T04:57:06.024+0000] {logging_mixin.py:151} INFO - #False
[2024-01-17T04:57:06.024+0000] {logging_mixin.py:151} INFO - #False
[2024-01-17T04:57:06.024+0000] {logging_mixin.py:151} INFO - #False
[2024-01-17T04:57:06.025+0000] {logging_mixin.py:151} INFO - #False
[2024-01-17T04:57:06.025+0000] {logging_mixin.py:151} INFO - #False
[2024-01-17T04:57:06.025+0000] {logging_mixin.py:151} INFO - #False
[2024-01-17T04:57:06.025+0000] {logging_mixin.py:151} INFO - #False
[2024-01-17T04:57:06.025+0000] {logging_mixin.py:151} INFO - #False
[2024-01-17T04:57:06.025+0000] {logging_mixin.py:151} INFO - #False
[2024-01-17T04:57:06.025+0000] {logging_mixin.py:151} INFO - #False
[2024-01-17T04:57:06.025+0000] {logging_mixin.py:151} INFO - #False
[2024-01-17T04:57:06.025+0000] {logging_mixin.py:151} INFO - #False
[2024-01-17T04:57:06.025+0000] {conn.py:919} INFO - <BrokerConnection node_id=1 host=broker:29092 <connected> [IPv4 ('192.168.224.8', 29092)]>: Closing connection. 
[2024-01-17T04:57:06.026+0000] {python.py:194} INFO - Done. Returned value was: None
[2024-01-17T04:57:06.033+0000] {taskinstance.py:1400} INFO - Marking task as SUCCESS. dag_id=Stream_Data_4, task_id=Reddit, execution_date=20240117T045449, start_date=20240117T045700, end_date=20240117T045706
[2024-01-17T04:57:06.059+0000] {local_task_job_runner.py:228} INFO - Task exited with return code 0
[2024-01-17T04:57:06.070+0000] {taskinstance.py:2784} INFO - 0 downstream tasks scheduled from follow-on schedule check
