[2024-01-20T05:09:32.981+0000] {taskinstance.py:1159} INFO - Dependencies all met for dep_context=non-requeueable deps ti=<TaskInstance: Kafka_Producer_5.Reddit scheduled__2024-01-20T05:08:13.643667+00:00 [queued]>
[2024-01-20T05:09:32.987+0000] {taskinstance.py:1159} INFO - Dependencies all met for dep_context=requeueable deps ti=<TaskInstance: Kafka_Producer_5.Reddit scheduled__2024-01-20T05:08:13.643667+00:00 [queued]>
[2024-01-20T05:09:32.987+0000] {taskinstance.py:1361} INFO - Starting attempt 1 of 1
[2024-01-20T05:09:32.998+0000] {taskinstance.py:1382} INFO - Executing <Task(PythonOperator): Reddit> on 2024-01-20 05:08:13.643667+00:00
[2024-01-20T05:09:33.002+0000] {standard_task_runner.py:57} INFO - Started process 9562 to run task
[2024-01-20T05:09:33.004+0000] {standard_task_runner.py:84} INFO - Running: ['***', 'tasks', 'run', 'Kafka_Producer_5', 'Reddit', 'scheduled__2024-01-20T05:08:13.643667+00:00', '--job-id', '467', '--raw', '--subdir', 'DAGS_FOLDER/kafka_stream_5.py', '--cfg-path', '/tmp/tmpfv_a3qo7']
[2024-01-20T05:09:33.005+0000] {standard_task_runner.py:85} INFO - Job 467: Subtask Reddit
[2024-01-20T05:09:33.042+0000] {task_command.py:415} INFO - Running <TaskInstance: Kafka_Producer_5.Reddit scheduled__2024-01-20T05:08:13.643667+00:00 [running]> on host 45c5bfab8aa1
[2024-01-20T05:09:33.112+0000] {taskinstance.py:1660} INFO - Exporting env vars: AIRFLOW_CTX_DAG_OWNER='me' AIRFLOW_CTX_DAG_ID='Kafka_Producer_5' AIRFLOW_CTX_TASK_ID='Reddit' AIRFLOW_CTX_EXECUTION_DATE='2024-01-20T05:08:13.643667+00:00' AIRFLOW_CTX_TRY_NUMBER='1' AIRFLOW_CTX_DAG_RUN_ID='scheduled__2024-01-20T05:08:13.643667+00:00'
[2024-01-20T05:09:33.139+0000] {logging_mixin.py:151} INFO -  submission : 
[2024-01-20T05:09:33.841+0000] {logging_mixin.py:151} INFO - #False
[2024-01-20T05:09:33.842+0000] {logging_mixin.py:151} INFO - #False
[2024-01-20T05:09:33.842+0000] {logging_mixin.py:151} INFO - #False
[2024-01-20T05:09:33.842+0000] {logging_mixin.py:151} INFO - #False
[2024-01-20T05:09:33.843+0000] {logging_mixin.py:151} INFO - #False
[2024-01-20T05:09:33.843+0000] {logging_mixin.py:151} INFO - #False
[2024-01-20T05:09:33.843+0000] {logging_mixin.py:151} INFO - #False
[2024-01-20T05:09:33.843+0000] {logging_mixin.py:151} INFO - #False
[2024-01-20T05:09:33.844+0000] {logging_mixin.py:151} INFO - #False
[2024-01-20T05:09:33.844+0000] {logging_mixin.py:151} INFO - #False
[2024-01-20T05:09:33.844+0000] {logging_mixin.py:151} INFO - #False
[2024-01-20T05:09:33.844+0000] {logging_mixin.py:151} INFO - #False
[2024-01-20T05:09:33.844+0000] {logging_mixin.py:151} INFO - #False
[2024-01-20T05:09:33.845+0000] {logging_mixin.py:151} INFO - #False
[2024-01-20T05:09:33.845+0000] {logging_mixin.py:151} INFO - #False
[2024-01-20T05:09:33.845+0000] {logging_mixin.py:151} INFO - #False
[2024-01-20T05:09:33.846+0000] {logging_mixin.py:151} INFO - #False
[2024-01-20T05:09:33.846+0000] {logging_mixin.py:151} INFO - #False
[2024-01-20T05:09:33.846+0000] {logging_mixin.py:151} INFO - #False
[2024-01-20T05:09:33.846+0000] {logging_mixin.py:151} INFO - #False
[2024-01-20T05:09:33.846+0000] {logging_mixin.py:151} INFO - #False
[2024-01-20T05:09:33.847+0000] {logging_mixin.py:151} INFO - #False
[2024-01-20T05:09:33.847+0000] {logging_mixin.py:151} INFO - #False
[2024-01-20T05:09:33.847+0000] {logging_mixin.py:151} INFO - #False
[2024-01-20T05:09:33.847+0000] {logging_mixin.py:151} INFO - #False
[2024-01-20T05:09:33.848+0000] {logging_mixin.py:151} INFO - #False
[2024-01-20T05:09:33.848+0000] {logging_mixin.py:151} INFO - #False
[2024-01-20T05:09:33.848+0000] {logging_mixin.py:151} INFO - #False
[2024-01-20T05:09:33.848+0000] {logging_mixin.py:151} INFO - #False
[2024-01-20T05:09:33.849+0000] {logging_mixin.py:151} INFO - #False
[2024-01-20T05:09:33.849+0000] {logging_mixin.py:151} INFO -  submission : 
[2024-01-20T05:09:34.436+0000] {logging_mixin.py:151} INFO - #False
[2024-01-20T05:09:34.437+0000] {logging_mixin.py:151} INFO - #False
[2024-01-20T05:09:34.437+0000] {logging_mixin.py:151} INFO - #False
[2024-01-20T05:09:34.438+0000] {logging_mixin.py:151} INFO - #False
[2024-01-20T05:09:34.438+0000] {logging_mixin.py:151} INFO - #False
[2024-01-20T05:09:34.438+0000] {logging_mixin.py:151} INFO - #False
[2024-01-20T05:09:34.439+0000] {logging_mixin.py:151} INFO - #False
[2024-01-20T05:09:34.439+0000] {logging_mixin.py:151} INFO - #False
[2024-01-20T05:09:34.439+0000] {logging_mixin.py:151} INFO - #False
[2024-01-20T05:09:34.439+0000] {logging_mixin.py:151} INFO - #False
[2024-01-20T05:09:34.440+0000] {logging_mixin.py:151} INFO - #False
[2024-01-20T05:09:34.440+0000] {logging_mixin.py:151} INFO - #False
[2024-01-20T05:09:34.440+0000] {logging_mixin.py:151} INFO - #False
[2024-01-20T05:09:34.442+0000] {logging_mixin.py:151} INFO - #False
[2024-01-20T05:09:34.442+0000] {logging_mixin.py:151} INFO - #False
[2024-01-20T05:09:34.442+0000] {logging_mixin.py:151} INFO - #False
[2024-01-20T05:09:34.443+0000] {logging_mixin.py:151} INFO - #False
[2024-01-20T05:09:34.443+0000] {logging_mixin.py:151} INFO - #False
[2024-01-20T05:09:34.443+0000] {logging_mixin.py:151} INFO - #False
[2024-01-20T05:09:34.443+0000] {logging_mixin.py:151} INFO - #False
[2024-01-20T05:09:34.444+0000] {logging_mixin.py:151} INFO - #False
[2024-01-20T05:09:34.444+0000] {logging_mixin.py:151} INFO - #False
[2024-01-20T05:09:34.444+0000] {logging_mixin.py:151} INFO - #False
[2024-01-20T05:09:34.444+0000] {logging_mixin.py:151} INFO - #False
[2024-01-20T05:09:34.445+0000] {logging_mixin.py:151} INFO - #False
[2024-01-20T05:09:34.446+0000] {logging_mixin.py:151} INFO - #False
[2024-01-20T05:09:34.446+0000] {logging_mixin.py:151} INFO - #False
[2024-01-20T05:09:34.446+0000] {logging_mixin.py:151} INFO - #False
[2024-01-20T05:09:34.447+0000] {logging_mixin.py:151} INFO - #False
[2024-01-20T05:09:34.447+0000] {logging_mixin.py:151} INFO - #False
[2024-01-20T05:09:34.447+0000] {logging_mixin.py:151} INFO -  submission : 
[2024-01-20T05:09:34.916+0000] {logging_mixin.py:151} INFO - #False
[2024-01-20T05:09:34.917+0000] {logging_mixin.py:151} INFO - #False
[2024-01-20T05:09:34.917+0000] {logging_mixin.py:151} INFO - #False
[2024-01-20T05:09:34.917+0000] {logging_mixin.py:151} INFO - #False
[2024-01-20T05:09:34.918+0000] {logging_mixin.py:151} INFO - #False
[2024-01-20T05:09:34.918+0000] {logging_mixin.py:151} INFO - #False
[2024-01-20T05:09:34.918+0000] {logging_mixin.py:151} INFO - #False
[2024-01-20T05:09:34.918+0000] {logging_mixin.py:151} INFO - #False
[2024-01-20T05:09:34.918+0000] {logging_mixin.py:151} INFO - #False
[2024-01-20T05:09:34.919+0000] {logging_mixin.py:151} INFO - #False
[2024-01-20T05:09:34.919+0000] {logging_mixin.py:151} INFO - #False
[2024-01-20T05:09:34.919+0000] {logging_mixin.py:151} INFO - #False
[2024-01-20T05:09:34.919+0000] {logging_mixin.py:151} INFO - #False
[2024-01-20T05:09:34.920+0000] {logging_mixin.py:151} INFO - #False
[2024-01-20T05:09:34.920+0000] {logging_mixin.py:151} INFO - #False
[2024-01-20T05:09:34.920+0000] {logging_mixin.py:151} INFO - #False
[2024-01-20T05:09:34.920+0000] {logging_mixin.py:151} INFO - #False
[2024-01-20T05:09:34.920+0000] {logging_mixin.py:151} INFO - #False
[2024-01-20T05:09:34.921+0000] {logging_mixin.py:151} INFO - #False
[2024-01-20T05:09:34.921+0000] {logging_mixin.py:151} INFO - #False
[2024-01-20T05:09:34.921+0000] {logging_mixin.py:151} INFO - #False
[2024-01-20T05:09:34.921+0000] {logging_mixin.py:151} INFO - #False
[2024-01-20T05:09:34.922+0000] {logging_mixin.py:151} INFO - #False
[2024-01-20T05:09:34.922+0000] {logging_mixin.py:151} INFO - #False
[2024-01-20T05:09:34.922+0000] {logging_mixin.py:151} INFO - #False
[2024-01-20T05:09:34.922+0000] {logging_mixin.py:151} INFO - #False
[2024-01-20T05:09:34.922+0000] {logging_mixin.py:151} INFO - #False
[2024-01-20T05:09:34.923+0000] {logging_mixin.py:151} INFO - #False
[2024-01-20T05:09:34.923+0000] {logging_mixin.py:151} INFO - #False
[2024-01-20T05:09:34.923+0000] {logging_mixin.py:151} INFO - #False
[2024-01-20T05:09:34.923+0000] {logging_mixin.py:151} INFO -  submission : 
[2024-01-20T05:09:35.404+0000] {logging_mixin.py:151} INFO - #False
[2024-01-20T05:09:35.404+0000] {logging_mixin.py:151} INFO - #False
[2024-01-20T05:09:35.405+0000] {logging_mixin.py:151} INFO - #False
[2024-01-20T05:09:35.405+0000] {logging_mixin.py:151} INFO - #False
[2024-01-20T05:09:35.405+0000] {logging_mixin.py:151} INFO - #False
[2024-01-20T05:09:35.406+0000] {logging_mixin.py:151} INFO - #False
[2024-01-20T05:09:35.406+0000] {logging_mixin.py:151} INFO - #False
[2024-01-20T05:09:35.406+0000] {logging_mixin.py:151} INFO - #False
[2024-01-20T05:09:35.406+0000] {logging_mixin.py:151} INFO - #False
[2024-01-20T05:09:35.407+0000] {logging_mixin.py:151} INFO - #False
[2024-01-20T05:09:35.407+0000] {logging_mixin.py:151} INFO - #False
[2024-01-20T05:09:35.407+0000] {logging_mixin.py:151} INFO - #False
[2024-01-20T05:09:35.407+0000] {logging_mixin.py:151} INFO - #False
[2024-01-20T05:09:35.408+0000] {logging_mixin.py:151} INFO - #False
[2024-01-20T05:09:35.408+0000] {logging_mixin.py:151} INFO - #False
[2024-01-20T05:09:35.408+0000] {logging_mixin.py:151} INFO - #False
[2024-01-20T05:09:35.408+0000] {logging_mixin.py:151} INFO - #False
[2024-01-20T05:09:35.409+0000] {logging_mixin.py:151} INFO - #False
[2024-01-20T05:09:35.409+0000] {logging_mixin.py:151} INFO - #False
[2024-01-20T05:09:35.409+0000] {logging_mixin.py:151} INFO - #False
[2024-01-20T05:09:35.409+0000] {logging_mixin.py:151} INFO - #False
[2024-01-20T05:09:35.409+0000] {logging_mixin.py:151} INFO - #False
[2024-01-20T05:09:35.410+0000] {logging_mixin.py:151} INFO - #False
[2024-01-20T05:09:35.410+0000] {logging_mixin.py:151} INFO - #False
[2024-01-20T05:09:35.410+0000] {logging_mixin.py:151} INFO - #False
[2024-01-20T05:09:35.411+0000] {logging_mixin.py:151} INFO - #False
[2024-01-20T05:09:35.411+0000] {logging_mixin.py:151} INFO - #False
[2024-01-20T05:09:35.411+0000] {logging_mixin.py:151} INFO - #False
[2024-01-20T05:09:35.411+0000] {logging_mixin.py:151} INFO - #False
[2024-01-20T05:09:35.412+0000] {logging_mixin.py:151} INFO - #False
[2024-01-20T05:09:35.412+0000] {logging_mixin.py:151} INFO -  submission : 
[2024-01-20T05:09:35.949+0000] {logging_mixin.py:151} INFO - #False
[2024-01-20T05:09:35.949+0000] {logging_mixin.py:151} INFO - #False
[2024-01-20T05:09:35.949+0000] {logging_mixin.py:151} INFO - #False
[2024-01-20T05:09:35.950+0000] {logging_mixin.py:151} INFO - #False
[2024-01-20T05:09:35.950+0000] {logging_mixin.py:151} INFO - #False
[2024-01-20T05:09:35.950+0000] {logging_mixin.py:151} INFO - #False
[2024-01-20T05:09:35.950+0000] {logging_mixin.py:151} INFO - #False
[2024-01-20T05:09:35.950+0000] {logging_mixin.py:151} INFO - #False
[2024-01-20T05:09:35.951+0000] {logging_mixin.py:151} INFO - #False
[2024-01-20T05:09:35.951+0000] {logging_mixin.py:151} INFO - #False
[2024-01-20T05:09:35.951+0000] {logging_mixin.py:151} INFO - #False
[2024-01-20T05:09:35.952+0000] {logging_mixin.py:151} INFO - #False
[2024-01-20T05:09:35.952+0000] {logging_mixin.py:151} INFO - #False
[2024-01-20T05:09:35.953+0000] {logging_mixin.py:151} INFO - #False
[2024-01-20T05:09:35.953+0000] {logging_mixin.py:151} INFO - #False
[2024-01-20T05:09:35.953+0000] {logging_mixin.py:151} INFO - #False
[2024-01-20T05:09:35.953+0000] {logging_mixin.py:151} INFO - #False
[2024-01-20T05:09:35.953+0000] {logging_mixin.py:151} INFO - #False
[2024-01-20T05:09:35.954+0000] {logging_mixin.py:151} INFO - #False
[2024-01-20T05:09:35.954+0000] {logging_mixin.py:151} INFO - #False
[2024-01-20T05:09:35.954+0000] {logging_mixin.py:151} INFO - #False
[2024-01-20T05:09:35.954+0000] {logging_mixin.py:151} INFO - #False
[2024-01-20T05:09:35.954+0000] {logging_mixin.py:151} INFO - #False
[2024-01-20T05:09:35.955+0000] {logging_mixin.py:151} INFO - #False
[2024-01-20T05:09:35.955+0000] {logging_mixin.py:151} INFO - #False
[2024-01-20T05:09:35.955+0000] {logging_mixin.py:151} INFO - #False
[2024-01-20T05:09:35.955+0000] {logging_mixin.py:151} INFO - #False
[2024-01-20T05:09:35.956+0000] {logging_mixin.py:151} INFO - #False
[2024-01-20T05:09:35.956+0000] {logging_mixin.py:151} INFO - #False
[2024-01-20T05:09:35.956+0000] {logging_mixin.py:151} INFO - #False
[2024-01-20T05:09:35.957+0000] {logging_mixin.py:151} INFO -  submission : 
[2024-01-20T05:09:36.447+0000] {logging_mixin.py:151} INFO - #False
[2024-01-20T05:09:36.447+0000] {logging_mixin.py:151} INFO - #False
[2024-01-20T05:09:36.448+0000] {logging_mixin.py:151} INFO - #False
[2024-01-20T05:09:36.448+0000] {logging_mixin.py:151} INFO - #False
[2024-01-20T05:09:36.449+0000] {logging_mixin.py:151} INFO - #False
[2024-01-20T05:09:36.449+0000] {logging_mixin.py:151} INFO - #False
[2024-01-20T05:09:36.449+0000] {logging_mixin.py:151} INFO - #False
[2024-01-20T05:09:36.450+0000] {logging_mixin.py:151} INFO - #False
[2024-01-20T05:09:36.450+0000] {logging_mixin.py:151} INFO - #False
[2024-01-20T05:09:36.450+0000] {logging_mixin.py:151} INFO - #False
[2024-01-20T05:09:36.450+0000] {logging_mixin.py:151} INFO - #False
[2024-01-20T05:09:36.451+0000] {logging_mixin.py:151} INFO - #False
[2024-01-20T05:09:36.451+0000] {logging_mixin.py:151} INFO - #False
[2024-01-20T05:09:36.451+0000] {logging_mixin.py:151} INFO - #False
[2024-01-20T05:09:36.452+0000] {logging_mixin.py:151} INFO - #False
[2024-01-20T05:09:36.452+0000] {logging_mixin.py:151} INFO - #False
[2024-01-20T05:09:36.452+0000] {logging_mixin.py:151} INFO - #False
[2024-01-20T05:09:36.452+0000] {logging_mixin.py:151} INFO - #False
[2024-01-20T05:09:36.453+0000] {logging_mixin.py:151} INFO - #False
[2024-01-20T05:09:36.453+0000] {logging_mixin.py:151} INFO - #False
[2024-01-20T05:09:36.453+0000] {logging_mixin.py:151} INFO - #False
[2024-01-20T05:09:36.453+0000] {logging_mixin.py:151} INFO - #False
[2024-01-20T05:09:36.454+0000] {logging_mixin.py:151} INFO - #False
[2024-01-20T05:09:36.454+0000] {logging_mixin.py:151} INFO - #False
[2024-01-20T05:09:36.454+0000] {logging_mixin.py:151} INFO - #False
[2024-01-20T05:09:36.454+0000] {logging_mixin.py:151} INFO - #False
[2024-01-20T05:09:36.455+0000] {logging_mixin.py:151} INFO - #False
[2024-01-20T05:09:36.455+0000] {logging_mixin.py:151} INFO - #False
[2024-01-20T05:09:36.455+0000] {logging_mixin.py:151} INFO - #False
[2024-01-20T05:09:36.455+0000] {logging_mixin.py:151} INFO - #False
[2024-01-20T05:09:36.456+0000] {logging_mixin.py:151} INFO -  submission : 
[2024-01-20T05:09:37.081+0000] {logging_mixin.py:151} INFO - #False
[2024-01-20T05:09:37.082+0000] {logging_mixin.py:151} INFO - #False
[2024-01-20T05:09:37.082+0000] {logging_mixin.py:151} INFO - #False
[2024-01-20T05:09:37.082+0000] {logging_mixin.py:151} INFO - #False
[2024-01-20T05:09:37.083+0000] {logging_mixin.py:151} INFO - #False
[2024-01-20T05:09:37.083+0000] {logging_mixin.py:151} INFO - #False
[2024-01-20T05:09:37.084+0000] {logging_mixin.py:151} INFO - #False
[2024-01-20T05:09:37.084+0000] {logging_mixin.py:151} INFO - #False
[2024-01-20T05:09:37.084+0000] {logging_mixin.py:151} INFO - #False
[2024-01-20T05:09:37.085+0000] {logging_mixin.py:151} INFO - #False
[2024-01-20T05:09:37.085+0000] {logging_mixin.py:151} INFO - #False
[2024-01-20T05:09:37.085+0000] {logging_mixin.py:151} INFO - #False
[2024-01-20T05:09:37.086+0000] {logging_mixin.py:151} INFO - #False
[2024-01-20T05:09:37.086+0000] {logging_mixin.py:151} INFO - #False
[2024-01-20T05:09:37.087+0000] {logging_mixin.py:151} INFO - #False
[2024-01-20T05:09:37.087+0000] {logging_mixin.py:151} INFO - #False
[2024-01-20T05:09:37.088+0000] {logging_mixin.py:151} INFO - #False
[2024-01-20T05:09:37.088+0000] {logging_mixin.py:151} INFO - #False
[2024-01-20T05:09:37.088+0000] {logging_mixin.py:151} INFO - #False
[2024-01-20T05:09:37.089+0000] {logging_mixin.py:151} INFO - #False
[2024-01-20T05:09:37.089+0000] {logging_mixin.py:151} INFO - #False
[2024-01-20T05:09:37.089+0000] {logging_mixin.py:151} INFO - #False
[2024-01-20T05:09:37.090+0000] {logging_mixin.py:151} INFO - #False
[2024-01-20T05:09:37.090+0000] {logging_mixin.py:151} INFO - #False
[2024-01-20T05:09:37.090+0000] {logging_mixin.py:151} INFO - #False
[2024-01-20T05:09:37.091+0000] {logging_mixin.py:151} INFO - #False
[2024-01-20T05:09:37.091+0000] {logging_mixin.py:151} INFO - #False
[2024-01-20T05:09:37.091+0000] {logging_mixin.py:151} INFO - #False
[2024-01-20T05:09:37.091+0000] {logging_mixin.py:151} INFO - #False
[2024-01-20T05:09:37.092+0000] {logging_mixin.py:151} INFO - #False
[2024-01-20T05:09:37.092+0000] {logging_mixin.py:151} INFO -  submission : 
[2024-01-20T05:09:37.626+0000] {logging_mixin.py:151} INFO - #False
[2024-01-20T05:09:37.626+0000] {logging_mixin.py:151} INFO - #False
[2024-01-20T05:09:37.627+0000] {logging_mixin.py:151} INFO - #False
[2024-01-20T05:09:37.627+0000] {logging_mixin.py:151} INFO - #False
[2024-01-20T05:09:37.627+0000] {logging_mixin.py:151} INFO - #False
[2024-01-20T05:09:37.627+0000] {logging_mixin.py:151} INFO - #False
[2024-01-20T05:09:37.628+0000] {logging_mixin.py:151} INFO - #False
[2024-01-20T05:09:37.628+0000] {logging_mixin.py:151} INFO - #False
[2024-01-20T05:09:37.628+0000] {logging_mixin.py:151} INFO - #False
[2024-01-20T05:09:37.628+0000] {logging_mixin.py:151} INFO - #False
[2024-01-20T05:09:37.629+0000] {logging_mixin.py:151} INFO - #False
[2024-01-20T05:09:37.629+0000] {logging_mixin.py:151} INFO - #False
[2024-01-20T05:09:37.629+0000] {logging_mixin.py:151} INFO - #False
[2024-01-20T05:09:37.629+0000] {logging_mixin.py:151} INFO - #False
[2024-01-20T05:09:37.630+0000] {logging_mixin.py:151} INFO - #False
[2024-01-20T05:09:37.630+0000] {logging_mixin.py:151} INFO - #False
[2024-01-20T05:09:37.630+0000] {logging_mixin.py:151} INFO - #False
[2024-01-20T05:09:37.630+0000] {logging_mixin.py:151} INFO - #False
[2024-01-20T05:09:37.631+0000] {logging_mixin.py:151} INFO - #False
[2024-01-20T05:09:37.631+0000] {logging_mixin.py:151} INFO - #False
[2024-01-20T05:09:37.631+0000] {logging_mixin.py:151} INFO - #False
[2024-01-20T05:09:37.632+0000] {logging_mixin.py:151} INFO - #False
[2024-01-20T05:09:37.632+0000] {logging_mixin.py:151} INFO - #False
[2024-01-20T05:09:37.632+0000] {logging_mixin.py:151} INFO - #False
[2024-01-20T05:09:37.632+0000] {logging_mixin.py:151} INFO - #False
[2024-01-20T05:09:37.633+0000] {logging_mixin.py:151} INFO - #False
[2024-01-20T05:09:37.633+0000] {logging_mixin.py:151} INFO - #False
[2024-01-20T05:09:37.633+0000] {logging_mixin.py:151} INFO - #False
[2024-01-20T05:09:37.633+0000] {logging_mixin.py:151} INFO - #False
[2024-01-20T05:09:37.634+0000] {logging_mixin.py:151} INFO - #False
[2024-01-20T05:09:37.634+0000] {python.py:194} INFO - Done. Returned value was: None
[2024-01-20T05:09:37.641+0000] {taskinstance.py:1400} INFO - Marking task as SUCCESS. dag_id=Kafka_Producer_5, task_id=Reddit, execution_date=20240120T050813, start_date=20240120T050932, end_date=20240120T050937
[2024-01-20T05:09:37.673+0000] {local_task_job_runner.py:228} INFO - Task exited with return code 0
[2024-01-20T05:09:37.687+0000] {taskinstance.py:2784} INFO - 0 downstream tasks scheduled from follow-on schedule check
