[2024-01-17T21:38:32.987+0000] {taskinstance.py:1159} INFO - Dependencies all met for dep_context=non-requeueable deps ti=<TaskInstance: Stream_Data_1.Reddit scheduled__2024-01-17T21:36:49.248532+00:00 [queued]>
[2024-01-17T21:38:32.993+0000] {taskinstance.py:1159} INFO - Dependencies all met for dep_context=requeueable deps ti=<TaskInstance: Stream_Data_1.Reddit scheduled__2024-01-17T21:36:49.248532+00:00 [queued]>
[2024-01-17T21:38:32.993+0000] {taskinstance.py:1361} INFO - Starting attempt 1 of 1
[2024-01-17T21:38:33.006+0000] {taskinstance.py:1382} INFO - Executing <Task(PythonOperator): Reddit> on 2024-01-17 21:36:49.248532+00:00
[2024-01-17T21:38:33.010+0000] {standard_task_runner.py:57} INFO - Started process 3150 to run task
[2024-01-17T21:38:33.013+0000] {standard_task_runner.py:84} INFO - Running: ['***', 'tasks', 'run', 'Stream_Data_1', 'Reddit', 'scheduled__2024-01-17T21:36:49.248532+00:00', '--job-id', '697', '--raw', '--subdir', 'DAGS_FOLDER/kafka_stream.py', '--cfg-path', '/tmp/tmp9lvxk7z8']
[2024-01-17T21:38:33.014+0000] {standard_task_runner.py:85} INFO - Job 697: Subtask Reddit
[2024-01-17T21:38:33.054+0000] {task_command.py:415} INFO - Running <TaskInstance: Stream_Data_1.Reddit scheduled__2024-01-17T21:36:49.248532+00:00 [running]> on host 614a419ad930
[2024-01-17T21:38:33.124+0000] {taskinstance.py:1660} INFO - Exporting env vars: AIRFLOW_CTX_DAG_OWNER='me' AIRFLOW_CTX_DAG_ID='Stream_Data_1' AIRFLOW_CTX_TASK_ID='Reddit' AIRFLOW_CTX_EXECUTION_DATE='2024-01-17T21:36:49.248532+00:00' AIRFLOW_CTX_TRY_NUMBER='1' AIRFLOW_CTX_DAG_RUN_ID='scheduled__2024-01-17T21:36:49.248532+00:00'
[2024-01-17T21:38:33.151+0000] {logging_mixin.py:151} INFO -  submission : 
[2024-01-17T21:38:34.974+0000] {logging_mixin.py:151} INFO - #False
[2024-01-17T21:38:34.974+0000] {logging_mixin.py:151} INFO - #False
[2024-01-17T21:38:34.974+0000] {logging_mixin.py:151} INFO - #False
[2024-01-17T21:38:34.974+0000] {logging_mixin.py:151} INFO - #False
[2024-01-17T21:38:34.974+0000] {logging_mixin.py:151} INFO - #False
[2024-01-17T21:38:34.974+0000] {logging_mixin.py:151} INFO - #False
[2024-01-17T21:38:34.974+0000] {logging_mixin.py:151} INFO - #False
[2024-01-17T21:38:34.974+0000] {logging_mixin.py:151} INFO - #False
[2024-01-17T21:38:34.974+0000] {logging_mixin.py:151} INFO - #False
[2024-01-17T21:38:34.974+0000] {logging_mixin.py:151} INFO - #False
[2024-01-17T21:38:34.975+0000] {logging_mixin.py:151} INFO - #False
[2024-01-17T21:38:34.975+0000] {logging_mixin.py:151} INFO - #False
[2024-01-17T21:38:34.975+0000] {logging_mixin.py:151} INFO - #False
[2024-01-17T21:38:34.975+0000] {logging_mixin.py:151} INFO - #False
[2024-01-17T21:38:34.975+0000] {logging_mixin.py:151} INFO - #False
[2024-01-17T21:38:34.975+0000] {logging_mixin.py:151} INFO - #False
[2024-01-17T21:38:34.975+0000] {logging_mixin.py:151} INFO - #False
[2024-01-17T21:38:34.975+0000] {logging_mixin.py:151} INFO - #False
[2024-01-17T21:38:34.975+0000] {logging_mixin.py:151} INFO - #False
[2024-01-17T21:38:34.975+0000] {logging_mixin.py:151} INFO - #False
[2024-01-17T21:38:34.975+0000] {logging_mixin.py:151} INFO - #False
[2024-01-17T21:38:34.975+0000] {logging_mixin.py:151} INFO - #False
[2024-01-17T21:38:34.975+0000] {logging_mixin.py:151} INFO - #False
[2024-01-17T21:38:34.975+0000] {logging_mixin.py:151} INFO - #False
[2024-01-17T21:38:34.975+0000] {logging_mixin.py:151} INFO - #False
[2024-01-17T21:38:34.975+0000] {logging_mixin.py:151} INFO - #False
[2024-01-17T21:38:34.975+0000] {logging_mixin.py:151} INFO - #False
[2024-01-17T21:38:34.975+0000] {logging_mixin.py:151} INFO - #False
[2024-01-17T21:38:34.975+0000] {logging_mixin.py:151} INFO - #False
[2024-01-17T21:38:34.975+0000] {logging_mixin.py:151} INFO - #False
[2024-01-17T21:38:34.976+0000] {logging_mixin.py:151} INFO -  submission : 
[2024-01-17T21:38:35.824+0000] {logging_mixin.py:151} INFO - #False
[2024-01-17T21:38:35.824+0000] {logging_mixin.py:151} INFO - #False
[2024-01-17T21:38:35.824+0000] {logging_mixin.py:151} INFO - #False
[2024-01-17T21:38:35.824+0000] {logging_mixin.py:151} INFO - #False
[2024-01-17T21:38:35.824+0000] {logging_mixin.py:151} INFO - #False
[2024-01-17T21:38:35.825+0000] {logging_mixin.py:151} INFO - #False
[2024-01-17T21:38:35.825+0000] {logging_mixin.py:151} INFO - #False
[2024-01-17T21:38:35.825+0000] {logging_mixin.py:151} INFO - #False
[2024-01-17T21:38:35.825+0000] {logging_mixin.py:151} INFO - #False
[2024-01-17T21:38:35.825+0000] {logging_mixin.py:151} INFO - #False
[2024-01-17T21:38:35.825+0000] {logging_mixin.py:151} INFO - #False
[2024-01-17T21:38:35.825+0000] {logging_mixin.py:151} INFO - #False
[2024-01-17T21:38:35.825+0000] {logging_mixin.py:151} INFO - #False
[2024-01-17T21:38:35.825+0000] {logging_mixin.py:151} INFO - #False
[2024-01-17T21:38:35.825+0000] {logging_mixin.py:151} INFO - #False
[2024-01-17T21:38:35.825+0000] {logging_mixin.py:151} INFO - #False
[2024-01-17T21:38:35.825+0000] {logging_mixin.py:151} INFO - #False
[2024-01-17T21:38:35.825+0000] {logging_mixin.py:151} INFO - #False
[2024-01-17T21:38:35.825+0000] {logging_mixin.py:151} INFO - #False
[2024-01-17T21:38:35.825+0000] {logging_mixin.py:151} INFO - #False
[2024-01-17T21:38:35.825+0000] {logging_mixin.py:151} INFO - #False
[2024-01-17T21:38:35.825+0000] {logging_mixin.py:151} INFO - #False
[2024-01-17T21:38:35.825+0000] {logging_mixin.py:151} INFO - #False
[2024-01-17T21:38:35.825+0000] {logging_mixin.py:151} INFO - #False
[2024-01-17T21:38:35.825+0000] {logging_mixin.py:151} INFO - #False
[2024-01-17T21:38:35.825+0000] {logging_mixin.py:151} INFO - #False
[2024-01-17T21:38:35.826+0000] {logging_mixin.py:151} INFO - #False
[2024-01-17T21:38:35.826+0000] {logging_mixin.py:151} INFO - #False
[2024-01-17T21:38:35.826+0000] {logging_mixin.py:151} INFO - #False
[2024-01-17T21:38:35.826+0000] {logging_mixin.py:151} INFO - #False
[2024-01-17T21:38:35.826+0000] {logging_mixin.py:151} INFO -  submission : 
[2024-01-17T21:38:37.844+0000] {logging_mixin.py:151} INFO - #False
[2024-01-17T21:38:37.844+0000] {logging_mixin.py:151} INFO - #False
[2024-01-17T21:38:37.844+0000] {logging_mixin.py:151} INFO - #False
[2024-01-17T21:38:37.844+0000] {logging_mixin.py:151} INFO - #False
[2024-01-17T21:38:37.844+0000] {logging_mixin.py:151} INFO - #False
[2024-01-17T21:38:37.844+0000] {logging_mixin.py:151} INFO - #False
[2024-01-17T21:38:37.844+0000] {logging_mixin.py:151} INFO - #False
[2024-01-17T21:38:37.844+0000] {logging_mixin.py:151} INFO - #False
[2024-01-17T21:38:37.844+0000] {logging_mixin.py:151} INFO - #False
[2024-01-17T21:38:37.844+0000] {logging_mixin.py:151} INFO - #False
[2024-01-17T21:38:37.844+0000] {logging_mixin.py:151} INFO - #False
[2024-01-17T21:38:37.844+0000] {logging_mixin.py:151} INFO - #False
[2024-01-17T21:38:37.844+0000] {logging_mixin.py:151} INFO - #False
[2024-01-17T21:38:37.845+0000] {logging_mixin.py:151} INFO - #False
[2024-01-17T21:38:37.845+0000] {logging_mixin.py:151} INFO - #False
[2024-01-17T21:38:37.845+0000] {logging_mixin.py:151} INFO - #False
[2024-01-17T21:38:37.845+0000] {logging_mixin.py:151} INFO - #False
[2024-01-17T21:38:37.845+0000] {logging_mixin.py:151} INFO - #False
[2024-01-17T21:38:37.845+0000] {logging_mixin.py:151} INFO - #False
[2024-01-17T21:38:37.845+0000] {logging_mixin.py:151} INFO - #False
[2024-01-17T21:38:37.845+0000] {logging_mixin.py:151} INFO - #False
[2024-01-17T21:38:37.845+0000] {logging_mixin.py:151} INFO - #False
[2024-01-17T21:38:37.845+0000] {logging_mixin.py:151} INFO - #False
[2024-01-17T21:38:37.845+0000] {logging_mixin.py:151} INFO - #False
[2024-01-17T21:38:37.845+0000] {logging_mixin.py:151} INFO - #False
[2024-01-17T21:38:37.845+0000] {logging_mixin.py:151} INFO - #False
[2024-01-17T21:38:37.845+0000] {logging_mixin.py:151} INFO - #False
[2024-01-17T21:38:37.845+0000] {logging_mixin.py:151} INFO - #False
[2024-01-17T21:38:37.845+0000] {logging_mixin.py:151} INFO - #False
[2024-01-17T21:38:37.845+0000] {logging_mixin.py:151} INFO - #False
[2024-01-17T21:38:37.846+0000] {logging_mixin.py:151} INFO -  submission : 
[2024-01-17T21:38:39.573+0000] {logging_mixin.py:151} INFO - #False
[2024-01-17T21:38:39.574+0000] {logging_mixin.py:151} INFO - #False
[2024-01-17T21:38:39.574+0000] {logging_mixin.py:151} INFO - #False
[2024-01-17T21:38:39.574+0000] {logging_mixin.py:151} INFO - #False
[2024-01-17T21:38:39.574+0000] {logging_mixin.py:151} INFO - #False
[2024-01-17T21:38:39.574+0000] {logging_mixin.py:151} INFO - #False
[2024-01-17T21:38:39.574+0000] {logging_mixin.py:151} INFO - #False
[2024-01-17T21:38:39.574+0000] {logging_mixin.py:151} INFO - #False
[2024-01-17T21:38:39.574+0000] {logging_mixin.py:151} INFO - #False
[2024-01-17T21:38:39.574+0000] {logging_mixin.py:151} INFO - #False
[2024-01-17T21:38:39.574+0000] {logging_mixin.py:151} INFO - #False
[2024-01-17T21:38:39.574+0000] {logging_mixin.py:151} INFO - #False
[2024-01-17T21:38:39.574+0000] {logging_mixin.py:151} INFO - #False
[2024-01-17T21:38:39.574+0000] {logging_mixin.py:151} INFO - #False
[2024-01-17T21:38:39.575+0000] {logging_mixin.py:151} INFO - #False
[2024-01-17T21:38:39.575+0000] {logging_mixin.py:151} INFO - #False
[2024-01-17T21:38:39.575+0000] {logging_mixin.py:151} INFO - #False
[2024-01-17T21:38:39.575+0000] {logging_mixin.py:151} INFO - #False
[2024-01-17T21:38:39.575+0000] {logging_mixin.py:151} INFO - #False
[2024-01-17T21:38:39.575+0000] {logging_mixin.py:151} INFO - #False
[2024-01-17T21:38:39.575+0000] {logging_mixin.py:151} INFO - #False
[2024-01-17T21:38:39.575+0000] {logging_mixin.py:151} INFO - #False
[2024-01-17T21:38:39.575+0000] {logging_mixin.py:151} INFO - #False
[2024-01-17T21:38:39.575+0000] {logging_mixin.py:151} INFO - #False
[2024-01-17T21:38:39.575+0000] {logging_mixin.py:151} INFO - #False
[2024-01-17T21:38:39.575+0000] {logging_mixin.py:151} INFO - #False
[2024-01-17T21:38:39.575+0000] {logging_mixin.py:151} INFO - #False
[2024-01-17T21:38:39.575+0000] {logging_mixin.py:151} INFO - #False
[2024-01-17T21:38:39.575+0000] {logging_mixin.py:151} INFO - #False
[2024-01-17T21:38:39.575+0000] {logging_mixin.py:151} INFO - #False
[2024-01-17T21:38:39.575+0000] {logging_mixin.py:151} INFO -  submission : 
[2024-01-17T21:38:42.194+0000] {logging_mixin.py:151} INFO - #False
[2024-01-17T21:38:42.194+0000] {logging_mixin.py:151} INFO - #False
[2024-01-17T21:38:42.194+0000] {logging_mixin.py:151} INFO - #False
[2024-01-17T21:38:42.194+0000] {logging_mixin.py:151} INFO - #False
[2024-01-17T21:38:42.195+0000] {logging_mixin.py:151} INFO - #False
[2024-01-17T21:38:42.195+0000] {logging_mixin.py:151} INFO - #False
[2024-01-17T21:38:42.195+0000] {logging_mixin.py:151} INFO - #False
[2024-01-17T21:38:42.195+0000] {logging_mixin.py:151} INFO - #False
[2024-01-17T21:38:42.195+0000] {logging_mixin.py:151} INFO - #False
[2024-01-17T21:38:42.195+0000] {logging_mixin.py:151} INFO - #False
[2024-01-17T21:38:42.195+0000] {logging_mixin.py:151} INFO - #False
[2024-01-17T21:38:42.195+0000] {logging_mixin.py:151} INFO - #False
[2024-01-17T21:38:42.195+0000] {logging_mixin.py:151} INFO - #False
[2024-01-17T21:38:42.195+0000] {logging_mixin.py:151} INFO - #False
[2024-01-17T21:38:42.195+0000] {logging_mixin.py:151} INFO - #False
[2024-01-17T21:38:42.195+0000] {logging_mixin.py:151} INFO - #False
[2024-01-17T21:38:42.195+0000] {logging_mixin.py:151} INFO - #False
[2024-01-17T21:38:42.195+0000] {logging_mixin.py:151} INFO - #False
[2024-01-17T21:38:42.195+0000] {logging_mixin.py:151} INFO - #False
[2024-01-17T21:38:42.195+0000] {logging_mixin.py:151} INFO - #False
[2024-01-17T21:38:42.195+0000] {logging_mixin.py:151} INFO - #False
[2024-01-17T21:38:42.195+0000] {logging_mixin.py:151} INFO - #False
[2024-01-17T21:38:42.196+0000] {logging_mixin.py:151} INFO - #False
[2024-01-17T21:38:42.196+0000] {logging_mixin.py:151} INFO - #False
[2024-01-17T21:38:42.196+0000] {logging_mixin.py:151} INFO - #False
[2024-01-17T21:38:42.196+0000] {logging_mixin.py:151} INFO - #False
[2024-01-17T21:38:42.196+0000] {logging_mixin.py:151} INFO - #False
[2024-01-17T21:38:42.196+0000] {logging_mixin.py:151} INFO - #False
[2024-01-17T21:38:42.196+0000] {logging_mixin.py:151} INFO - #False
[2024-01-17T21:38:42.196+0000] {logging_mixin.py:151} INFO - #False
[2024-01-17T21:38:42.196+0000] {logging_mixin.py:151} INFO -  submission : 
[2024-01-17T21:38:43.150+0000] {logging_mixin.py:151} INFO - #False
[2024-01-17T21:38:43.151+0000] {logging_mixin.py:151} INFO - #False
[2024-01-17T21:38:43.151+0000] {logging_mixin.py:151} INFO - #False
[2024-01-17T21:38:43.151+0000] {logging_mixin.py:151} INFO - #False
[2024-01-17T21:38:43.151+0000] {logging_mixin.py:151} INFO - #False
[2024-01-17T21:38:43.151+0000] {logging_mixin.py:151} INFO - #False
[2024-01-17T21:38:43.151+0000] {logging_mixin.py:151} INFO - #False
[2024-01-17T21:38:43.151+0000] {logging_mixin.py:151} INFO - #False
[2024-01-17T21:38:43.151+0000] {logging_mixin.py:151} INFO - #False
[2024-01-17T21:38:43.151+0000] {logging_mixin.py:151} INFO - #False
[2024-01-17T21:38:43.151+0000] {logging_mixin.py:151} INFO - #False
[2024-01-17T21:38:43.151+0000] {logging_mixin.py:151} INFO - #False
[2024-01-17T21:38:43.151+0000] {logging_mixin.py:151} INFO - #False
[2024-01-17T21:38:43.151+0000] {logging_mixin.py:151} INFO - #False
[2024-01-17T21:38:43.151+0000] {logging_mixin.py:151} INFO - #False
[2024-01-17T21:38:43.151+0000] {logging_mixin.py:151} INFO - #False
[2024-01-17T21:38:43.151+0000] {logging_mixin.py:151} INFO - #False
[2024-01-17T21:38:43.152+0000] {logging_mixin.py:151} INFO - #False
[2024-01-17T21:38:43.152+0000] {logging_mixin.py:151} INFO - #False
[2024-01-17T21:38:43.152+0000] {logging_mixin.py:151} INFO - #False
[2024-01-17T21:38:43.152+0000] {logging_mixin.py:151} INFO - #False
[2024-01-17T21:38:43.152+0000] {logging_mixin.py:151} INFO - #False
[2024-01-17T21:38:43.152+0000] {logging_mixin.py:151} INFO - #False
[2024-01-17T21:38:43.152+0000] {logging_mixin.py:151} INFO - #False
[2024-01-17T21:38:43.152+0000] {logging_mixin.py:151} INFO - #False
[2024-01-17T21:38:43.152+0000] {logging_mixin.py:151} INFO - #False
[2024-01-17T21:38:43.152+0000] {logging_mixin.py:151} INFO - #False
[2024-01-17T21:38:43.152+0000] {logging_mixin.py:151} INFO - #False
[2024-01-17T21:38:43.152+0000] {logging_mixin.py:151} INFO - #False
[2024-01-17T21:38:43.152+0000] {logging_mixin.py:151} INFO - #False
[2024-01-17T21:38:43.152+0000] {logging_mixin.py:151} INFO -  submission : 
[2024-01-17T21:38:43.873+0000] {logging_mixin.py:151} INFO - #False
[2024-01-17T21:38:43.874+0000] {logging_mixin.py:151} INFO - #False
[2024-01-17T21:38:43.874+0000] {logging_mixin.py:151} INFO - #False
[2024-01-17T21:38:43.874+0000] {logging_mixin.py:151} INFO - #False
[2024-01-17T21:38:43.874+0000] {logging_mixin.py:151} INFO - #False
[2024-01-17T21:38:43.874+0000] {logging_mixin.py:151} INFO - #False
[2024-01-17T21:38:43.874+0000] {logging_mixin.py:151} INFO - #False
[2024-01-17T21:38:43.874+0000] {logging_mixin.py:151} INFO - #False
[2024-01-17T21:38:43.874+0000] {logging_mixin.py:151} INFO - #False
[2024-01-17T21:38:43.874+0000] {logging_mixin.py:151} INFO - #False
[2024-01-17T21:38:43.874+0000] {logging_mixin.py:151} INFO - #False
[2024-01-17T21:38:43.874+0000] {logging_mixin.py:151} INFO - #False
[2024-01-17T21:38:43.874+0000] {logging_mixin.py:151} INFO - #False
[2024-01-17T21:38:43.874+0000] {logging_mixin.py:151} INFO - #False
[2024-01-17T21:38:43.874+0000] {logging_mixin.py:151} INFO - #False
[2024-01-17T21:38:43.874+0000] {logging_mixin.py:151} INFO - #False
[2024-01-17T21:38:43.874+0000] {logging_mixin.py:151} INFO - #False
[2024-01-17T21:38:43.874+0000] {logging_mixin.py:151} INFO - #False
[2024-01-17T21:38:43.874+0000] {logging_mixin.py:151} INFO - #False
[2024-01-17T21:38:43.874+0000] {logging_mixin.py:151} INFO - #False
[2024-01-17T21:38:43.875+0000] {logging_mixin.py:151} INFO - #False
[2024-01-17T21:38:43.875+0000] {logging_mixin.py:151} INFO - #False
[2024-01-17T21:38:43.875+0000] {logging_mixin.py:151} INFO - #False
[2024-01-17T21:38:43.875+0000] {logging_mixin.py:151} INFO - #False
[2024-01-17T21:38:43.875+0000] {logging_mixin.py:151} INFO - #False
[2024-01-17T21:38:43.875+0000] {logging_mixin.py:151} INFO - #False
[2024-01-17T21:38:43.875+0000] {logging_mixin.py:151} INFO - #False
[2024-01-17T21:38:43.875+0000] {logging_mixin.py:151} INFO - #False
[2024-01-17T21:38:43.875+0000] {logging_mixin.py:151} INFO - #False
[2024-01-17T21:38:43.875+0000] {logging_mixin.py:151} INFO - #False
[2024-01-17T21:38:43.875+0000] {logging_mixin.py:151} INFO -  submission : 
[2024-01-17T21:38:46.755+0000] {logging_mixin.py:151} INFO - #False
[2024-01-17T21:38:46.755+0000] {logging_mixin.py:151} INFO - #False
[2024-01-17T21:38:46.755+0000] {logging_mixin.py:151} INFO - #False
[2024-01-17T21:38:46.755+0000] {logging_mixin.py:151} INFO - #False
[2024-01-17T21:38:46.755+0000] {logging_mixin.py:151} INFO - #False
[2024-01-17T21:38:46.755+0000] {logging_mixin.py:151} INFO - #False
[2024-01-17T21:38:46.755+0000] {logging_mixin.py:151} INFO - #False
[2024-01-17T21:38:46.755+0000] {logging_mixin.py:151} INFO - #False
[2024-01-17T21:38:46.755+0000] {logging_mixin.py:151} INFO - #False
[2024-01-17T21:38:46.755+0000] {logging_mixin.py:151} INFO - #False
[2024-01-17T21:38:46.755+0000] {logging_mixin.py:151} INFO - #False
[2024-01-17T21:38:46.756+0000] {logging_mixin.py:151} INFO - #False
[2024-01-17T21:38:46.756+0000] {logging_mixin.py:151} INFO - #False
[2024-01-17T21:38:46.756+0000] {logging_mixin.py:151} INFO - #False
[2024-01-17T21:38:46.756+0000] {logging_mixin.py:151} INFO - #False
[2024-01-17T21:38:46.756+0000] {logging_mixin.py:151} INFO - #False
[2024-01-17T21:38:46.756+0000] {logging_mixin.py:151} INFO - #False
[2024-01-17T21:38:46.756+0000] {logging_mixin.py:151} INFO - #False
[2024-01-17T21:38:46.756+0000] {logging_mixin.py:151} INFO - #False
[2024-01-17T21:38:46.756+0000] {logging_mixin.py:151} INFO - #False
[2024-01-17T21:38:46.756+0000] {logging_mixin.py:151} INFO - #False
[2024-01-17T21:38:46.756+0000] {logging_mixin.py:151} INFO - #False
[2024-01-17T21:38:46.756+0000] {logging_mixin.py:151} INFO - #False
[2024-01-17T21:38:46.756+0000] {logging_mixin.py:151} INFO - #False
[2024-01-17T21:38:46.756+0000] {logging_mixin.py:151} INFO - #False
[2024-01-17T21:38:46.756+0000] {logging_mixin.py:151} INFO - #False
[2024-01-17T21:38:46.756+0000] {logging_mixin.py:151} INFO - #False
[2024-01-17T21:38:46.756+0000] {logging_mixin.py:151} INFO - #False
[2024-01-17T21:38:46.756+0000] {logging_mixin.py:151} INFO - #False
[2024-01-17T21:38:46.756+0000] {logging_mixin.py:151} INFO - #False
[2024-01-17T21:38:46.756+0000] {python.py:194} INFO - Done. Returned value was: None
[2024-01-17T21:38:46.764+0000] {taskinstance.py:1400} INFO - Marking task as SUCCESS. dag_id=Stream_Data_1, task_id=Reddit, execution_date=20240117T213649, start_date=20240117T213832, end_date=20240117T213846
[2024-01-17T21:38:46.800+0000] {local_task_job_runner.py:228} INFO - Task exited with return code 0
[2024-01-17T21:38:46.812+0000] {taskinstance.py:2784} INFO - 0 downstream tasks scheduled from follow-on schedule check
