[2024-01-20T05:53:40.234+0000] {taskinstance.py:1159} INFO - Dependencies all met for dep_context=non-requeueable deps ti=<TaskInstance: Kafka_Producer_1.Reddit scheduled__2024-01-20T05:52:17.138373+00:00 [queued]>
[2024-01-20T05:53:40.240+0000] {taskinstance.py:1159} INFO - Dependencies all met for dep_context=requeueable deps ti=<TaskInstance: Kafka_Producer_1.Reddit scheduled__2024-01-20T05:52:17.138373+00:00 [queued]>
[2024-01-20T05:53:40.291+0000] {taskinstance.py:1361} INFO - Starting attempt 1 of 1
[2024-01-20T05:53:40.304+0000] {taskinstance.py:1382} INFO - Executing <Task(PythonOperator): Reddit> on 2024-01-20 05:52:17.138373+00:00
[2024-01-20T05:53:40.307+0000] {standard_task_runner.py:57} INFO - Started process 14067 to run task
[2024-01-20T05:53:40.309+0000] {standard_task_runner.py:84} INFO - Running: ['***', 'tasks', 'run', 'Kafka_Producer_1', 'Reddit', 'scheduled__2024-01-20T05:52:17.138373+00:00', '--job-id', '733', '--raw', '--subdir', 'DAGS_FOLDER/kafka_stream.py', '--cfg-path', '/tmp/tmp8slzpuq0']
[2024-01-20T05:53:40.310+0000] {standard_task_runner.py:85} INFO - Job 733: Subtask Reddit
[2024-01-20T05:53:40.352+0000] {task_command.py:415} INFO - Running <TaskInstance: Kafka_Producer_1.Reddit scheduled__2024-01-20T05:52:17.138373+00:00 [running]> on host 45c5bfab8aa1
[2024-01-20T05:53:40.426+0000] {taskinstance.py:1660} INFO - Exporting env vars: AIRFLOW_CTX_DAG_OWNER='me' AIRFLOW_CTX_DAG_ID='Kafka_Producer_1' AIRFLOW_CTX_TASK_ID='Reddit' AIRFLOW_CTX_EXECUTION_DATE='2024-01-20T05:52:17.138373+00:00' AIRFLOW_CTX_TRY_NUMBER='1' AIRFLOW_CTX_DAG_RUN_ID='scheduled__2024-01-20T05:52:17.138373+00:00'
[2024-01-20T05:53:40.454+0000] {logging_mixin.py:151} INFO -  submission : 
[2024-01-20T05:53:41.259+0000] {logging_mixin.py:151} INFO - @True
[2024-01-20T05:53:41.316+0000] {conn.py:380} INFO - <BrokerConnection node_id=bootstrap-0 host=broker:29092 <connecting> [IPv4 ('172.19.0.8', 29092)]>: connecting to broker:29092 [('172.19.0.8', 29092) IPv4]
[2024-01-20T05:53:41.317+0000] {conn.py:1205} INFO - Probing node bootstrap-0 broker version
[2024-01-20T05:53:41.317+0000] {conn.py:410} INFO - <BrokerConnection node_id=bootstrap-0 host=broker:29092 <connecting> [IPv4 ('172.19.0.8', 29092)]>: Connection complete.
[2024-01-20T05:53:41.420+0000] {conn.py:1267} INFO - Broker version identified as 2.5.0
[2024-01-20T05:53:41.420+0000] {conn.py:1268} INFO - Set configuration api_version=(2, 5, 0) to skip auto check_version requests on startup
[2024-01-20T05:53:41.424+0000] {logging_mixin.py:151} INFO - #False
[2024-01-20T05:53:41.425+0000] {conn.py:380} INFO - <BrokerConnection node_id=1 host=broker:29092 <connecting> [IPv4 ('172.19.0.8', 29092)]>: connecting to broker:29092 [('172.19.0.8', 29092) IPv4]
[2024-01-20T05:53:41.425+0000] {logging_mixin.py:151} INFO - #False
[2024-01-20T05:53:41.426+0000] {conn.py:410} INFO - <BrokerConnection node_id=1 host=broker:29092 <connecting> [IPv4 ('172.19.0.8', 29092)]>: Connection complete.
[2024-01-20T05:53:41.426+0000] {logging_mixin.py:151} INFO - #False
[2024-01-20T05:53:41.426+0000] {conn.py:919} INFO - <BrokerConnection node_id=bootstrap-0 host=broker:29092 <connected> [IPv4 ('172.19.0.8', 29092)]>: Closing connection. 
[2024-01-20T05:53:41.427+0000] {logging_mixin.py:151} INFO - #False
[2024-01-20T05:53:41.428+0000] {logging_mixin.py:151} INFO - #False
[2024-01-20T05:53:41.429+0000] {logging_mixin.py:151} INFO - #False
[2024-01-20T05:53:41.430+0000] {logging_mixin.py:151} INFO - #False
[2024-01-20T05:53:41.430+0000] {logging_mixin.py:151} INFO - #False
[2024-01-20T05:53:41.430+0000] {logging_mixin.py:151} INFO - #False
[2024-01-20T05:53:41.430+0000] {logging_mixin.py:151} INFO - #False
[2024-01-20T05:53:41.431+0000] {logging_mixin.py:151} INFO - #False
[2024-01-20T05:53:41.431+0000] {logging_mixin.py:151} INFO - #False
[2024-01-20T05:53:41.431+0000] {logging_mixin.py:151} INFO - #False
[2024-01-20T05:53:41.431+0000] {logging_mixin.py:151} INFO - #False
[2024-01-20T05:53:41.432+0000] {logging_mixin.py:151} INFO - #False
[2024-01-20T05:53:41.432+0000] {logging_mixin.py:151} INFO - #False
[2024-01-20T05:53:41.432+0000] {logging_mixin.py:151} INFO - #False
[2024-01-20T05:53:41.432+0000] {logging_mixin.py:151} INFO - #False
[2024-01-20T05:53:41.433+0000] {logging_mixin.py:151} INFO - #False
[2024-01-20T05:53:41.433+0000] {logging_mixin.py:151} INFO - #False
[2024-01-20T05:53:41.433+0000] {logging_mixin.py:151} INFO - #False
[2024-01-20T05:53:41.433+0000] {logging_mixin.py:151} INFO - #False
[2024-01-20T05:53:41.433+0000] {logging_mixin.py:151} INFO - #False
[2024-01-20T05:53:41.434+0000] {logging_mixin.py:151} INFO - #False
[2024-01-20T05:53:41.434+0000] {logging_mixin.py:151} INFO - #False
[2024-01-20T05:53:41.434+0000] {logging_mixin.py:151} INFO - #False
[2024-01-20T05:53:41.434+0000] {logging_mixin.py:151} INFO - #False
[2024-01-20T05:53:41.434+0000] {logging_mixin.py:151} INFO - #False
[2024-01-20T05:53:41.435+0000] {logging_mixin.py:151} INFO - #False
[2024-01-20T05:53:41.435+0000] {logging_mixin.py:151} INFO -  submission : 
[2024-01-20T05:53:42.007+0000] {logging_mixin.py:151} INFO - #False
[2024-01-20T05:53:42.007+0000] {logging_mixin.py:151} INFO - #False
[2024-01-20T05:53:42.008+0000] {logging_mixin.py:151} INFO - #False
[2024-01-20T05:53:42.008+0000] {logging_mixin.py:151} INFO - #False
[2024-01-20T05:53:42.008+0000] {logging_mixin.py:151} INFO - #False
[2024-01-20T05:53:42.009+0000] {logging_mixin.py:151} INFO - #False
[2024-01-20T05:53:42.009+0000] {logging_mixin.py:151} INFO - #False
[2024-01-20T05:53:42.009+0000] {logging_mixin.py:151} INFO - #False
[2024-01-20T05:53:42.009+0000] {logging_mixin.py:151} INFO - #False
[2024-01-20T05:53:42.010+0000] {logging_mixin.py:151} INFO - #False
[2024-01-20T05:53:42.010+0000] {logging_mixin.py:151} INFO - #False
[2024-01-20T05:53:42.010+0000] {logging_mixin.py:151} INFO - #False
[2024-01-20T05:53:42.010+0000] {logging_mixin.py:151} INFO - #False
[2024-01-20T05:53:42.010+0000] {logging_mixin.py:151} INFO - #False
[2024-01-20T05:53:42.011+0000] {logging_mixin.py:151} INFO - #False
[2024-01-20T05:53:42.011+0000] {logging_mixin.py:151} INFO - #False
[2024-01-20T05:53:42.011+0000] {logging_mixin.py:151} INFO - #False
[2024-01-20T05:53:42.011+0000] {logging_mixin.py:151} INFO - #False
[2024-01-20T05:53:42.011+0000] {logging_mixin.py:151} INFO - #False
[2024-01-20T05:53:42.012+0000] {logging_mixin.py:151} INFO - #False
[2024-01-20T05:53:42.012+0000] {logging_mixin.py:151} INFO - #False
[2024-01-20T05:53:42.012+0000] {logging_mixin.py:151} INFO - #False
[2024-01-20T05:53:42.012+0000] {logging_mixin.py:151} INFO - #False
[2024-01-20T05:53:42.012+0000] {logging_mixin.py:151} INFO - #False
[2024-01-20T05:53:42.013+0000] {logging_mixin.py:151} INFO - #False
[2024-01-20T05:53:42.013+0000] {logging_mixin.py:151} INFO - #False
[2024-01-20T05:53:42.013+0000] {logging_mixin.py:151} INFO - #False
[2024-01-20T05:53:42.013+0000] {logging_mixin.py:151} INFO - #False
[2024-01-20T05:53:42.014+0000] {logging_mixin.py:151} INFO - #False
[2024-01-20T05:53:42.014+0000] {logging_mixin.py:151} INFO - #False
[2024-01-20T05:53:42.014+0000] {logging_mixin.py:151} INFO -  submission : 
[2024-01-20T05:53:42.599+0000] {logging_mixin.py:151} INFO - #False
[2024-01-20T05:53:42.600+0000] {logging_mixin.py:151} INFO - #False
[2024-01-20T05:53:42.600+0000] {logging_mixin.py:151} INFO - #False
[2024-01-20T05:53:42.601+0000] {logging_mixin.py:151} INFO - #False
[2024-01-20T05:53:42.601+0000] {logging_mixin.py:151} INFO - #False
[2024-01-20T05:53:42.601+0000] {logging_mixin.py:151} INFO - #False
[2024-01-20T05:53:42.601+0000] {logging_mixin.py:151} INFO - #False
[2024-01-20T05:53:42.602+0000] {logging_mixin.py:151} INFO - #False
[2024-01-20T05:53:42.602+0000] {logging_mixin.py:151} INFO - #False
[2024-01-20T05:53:42.602+0000] {logging_mixin.py:151} INFO - #False
[2024-01-20T05:53:42.602+0000] {logging_mixin.py:151} INFO - #False
[2024-01-20T05:53:42.603+0000] {logging_mixin.py:151} INFO - #False
[2024-01-20T05:53:42.603+0000] {logging_mixin.py:151} INFO - #False
[2024-01-20T05:53:42.603+0000] {logging_mixin.py:151} INFO - #False
[2024-01-20T05:53:42.603+0000] {logging_mixin.py:151} INFO - #False
[2024-01-20T05:53:42.604+0000] {logging_mixin.py:151} INFO - #False
[2024-01-20T05:53:42.604+0000] {logging_mixin.py:151} INFO - #False
[2024-01-20T05:53:42.604+0000] {logging_mixin.py:151} INFO - #False
[2024-01-20T05:53:42.604+0000] {logging_mixin.py:151} INFO - #False
[2024-01-20T05:53:42.604+0000] {logging_mixin.py:151} INFO - #False
[2024-01-20T05:53:42.605+0000] {logging_mixin.py:151} INFO - #False
[2024-01-20T05:53:42.605+0000] {logging_mixin.py:151} INFO - #False
[2024-01-20T05:53:42.605+0000] {logging_mixin.py:151} INFO - #False
[2024-01-20T05:53:42.605+0000] {logging_mixin.py:151} INFO - #False
[2024-01-20T05:53:42.605+0000] {logging_mixin.py:151} INFO - #False
[2024-01-20T05:53:42.606+0000] {logging_mixin.py:151} INFO - #False
[2024-01-20T05:53:42.606+0000] {logging_mixin.py:151} INFO - #False
[2024-01-20T05:53:42.606+0000] {logging_mixin.py:151} INFO - #False
[2024-01-20T05:53:42.606+0000] {logging_mixin.py:151} INFO - #False
[2024-01-20T05:53:42.606+0000] {logging_mixin.py:151} INFO - #False
[2024-01-20T05:53:42.607+0000] {logging_mixin.py:151} INFO -  submission : 
[2024-01-20T05:53:43.023+0000] {logging_mixin.py:151} INFO - #False
[2024-01-20T05:53:43.024+0000] {logging_mixin.py:151} INFO - #False
[2024-01-20T05:53:43.024+0000] {logging_mixin.py:151} INFO - #False
[2024-01-20T05:53:43.024+0000] {logging_mixin.py:151} INFO - #False
[2024-01-20T05:53:43.024+0000] {logging_mixin.py:151} INFO - #False
[2024-01-20T05:53:43.025+0000] {logging_mixin.py:151} INFO - #False
[2024-01-20T05:53:43.025+0000] {logging_mixin.py:151} INFO - #False
[2024-01-20T05:53:43.026+0000] {logging_mixin.py:151} INFO - #False
[2024-01-20T05:53:43.026+0000] {logging_mixin.py:151} INFO - #False
[2024-01-20T05:53:43.026+0000] {logging_mixin.py:151} INFO - #False
[2024-01-20T05:53:43.027+0000] {logging_mixin.py:151} INFO - #False
[2024-01-20T05:53:43.027+0000] {logging_mixin.py:151} INFO - #False
[2024-01-20T05:53:43.027+0000] {logging_mixin.py:151} INFO - #False
[2024-01-20T05:53:43.027+0000] {logging_mixin.py:151} INFO - #False
[2024-01-20T05:53:43.028+0000] {logging_mixin.py:151} INFO - #False
[2024-01-20T05:53:43.028+0000] {logging_mixin.py:151} INFO - #False
[2024-01-20T05:53:43.028+0000] {logging_mixin.py:151} INFO - #False
[2024-01-20T05:53:43.028+0000] {logging_mixin.py:151} INFO - #False
[2024-01-20T05:53:43.028+0000] {logging_mixin.py:151} INFO - #False
[2024-01-20T05:53:43.029+0000] {logging_mixin.py:151} INFO - #False
[2024-01-20T05:53:43.029+0000] {logging_mixin.py:151} INFO - #False
[2024-01-20T05:53:43.029+0000] {logging_mixin.py:151} INFO - #False
[2024-01-20T05:53:43.029+0000] {logging_mixin.py:151} INFO - #False
[2024-01-20T05:53:43.030+0000] {logging_mixin.py:151} INFO - #False
[2024-01-20T05:53:43.030+0000] {logging_mixin.py:151} INFO - #False
[2024-01-20T05:53:43.030+0000] {logging_mixin.py:151} INFO - #False
[2024-01-20T05:53:43.030+0000] {logging_mixin.py:151} INFO - #False
[2024-01-20T05:53:43.031+0000] {logging_mixin.py:151} INFO - #False
[2024-01-20T05:53:43.031+0000] {logging_mixin.py:151} INFO - #False
[2024-01-20T05:53:43.031+0000] {logging_mixin.py:151} INFO - #False
[2024-01-20T05:53:43.032+0000] {logging_mixin.py:151} INFO -  submission : 
[2024-01-20T05:53:43.508+0000] {logging_mixin.py:151} INFO - #False
[2024-01-20T05:53:43.509+0000] {logging_mixin.py:151} INFO - #False
[2024-01-20T05:53:43.509+0000] {logging_mixin.py:151} INFO - #False
[2024-01-20T05:53:43.510+0000] {logging_mixin.py:151} INFO - #False
[2024-01-20T05:53:43.510+0000] {logging_mixin.py:151} INFO - #False
[2024-01-20T05:53:43.511+0000] {logging_mixin.py:151} INFO - #False
[2024-01-20T05:53:43.511+0000] {logging_mixin.py:151} INFO - #False
[2024-01-20T05:53:43.512+0000] {logging_mixin.py:151} INFO - #False
[2024-01-20T05:53:43.512+0000] {logging_mixin.py:151} INFO - #False
[2024-01-20T05:53:43.512+0000] {logging_mixin.py:151} INFO - #False
[2024-01-20T05:53:43.512+0000] {logging_mixin.py:151} INFO - #False
[2024-01-20T05:53:43.513+0000] {logging_mixin.py:151} INFO - #False
[2024-01-20T05:53:43.513+0000] {logging_mixin.py:151} INFO - #False
[2024-01-20T05:53:43.513+0000] {logging_mixin.py:151} INFO - #False
[2024-01-20T05:53:43.514+0000] {logging_mixin.py:151} INFO - #False
[2024-01-20T05:53:43.514+0000] {logging_mixin.py:151} INFO - #False
[2024-01-20T05:53:43.514+0000] {logging_mixin.py:151} INFO - #False
[2024-01-20T05:53:43.514+0000] {logging_mixin.py:151} INFO - #False
[2024-01-20T05:53:43.515+0000] {logging_mixin.py:151} INFO - #False
[2024-01-20T05:53:43.515+0000] {logging_mixin.py:151} INFO - #False
[2024-01-20T05:53:43.515+0000] {logging_mixin.py:151} INFO - #False
[2024-01-20T05:53:43.515+0000] {logging_mixin.py:151} INFO - #False
[2024-01-20T05:53:43.516+0000] {logging_mixin.py:151} INFO - #False
[2024-01-20T05:53:43.516+0000] {logging_mixin.py:151} INFO - #False
[2024-01-20T05:53:43.516+0000] {logging_mixin.py:151} INFO - #False
[2024-01-20T05:53:43.516+0000] {logging_mixin.py:151} INFO - #False
[2024-01-20T05:53:43.517+0000] {logging_mixin.py:151} INFO - #False
[2024-01-20T05:53:43.517+0000] {logging_mixin.py:151} INFO - #False
[2024-01-20T05:53:43.517+0000] {logging_mixin.py:151} INFO - #False
[2024-01-20T05:53:43.517+0000] {logging_mixin.py:151} INFO - #False
[2024-01-20T05:53:43.518+0000] {logging_mixin.py:151} INFO -  submission : 
[2024-01-20T05:53:43.961+0000] {logging_mixin.py:151} INFO - #False
[2024-01-20T05:53:43.961+0000] {logging_mixin.py:151} INFO - #False
[2024-01-20T05:53:43.962+0000] {logging_mixin.py:151} INFO - #False
[2024-01-20T05:53:43.963+0000] {logging_mixin.py:151} INFO - #False
[2024-01-20T05:53:43.963+0000] {logging_mixin.py:151} INFO - #False
[2024-01-20T05:53:43.963+0000] {logging_mixin.py:151} INFO - #False
[2024-01-20T05:53:43.964+0000] {logging_mixin.py:151} INFO - #False
[2024-01-20T05:53:43.964+0000] {logging_mixin.py:151} INFO - #False
[2024-01-20T05:53:43.964+0000] {logging_mixin.py:151} INFO - #False
[2024-01-20T05:53:43.965+0000] {logging_mixin.py:151} INFO - #False
[2024-01-20T05:53:43.965+0000] {logging_mixin.py:151} INFO - #False
[2024-01-20T05:53:43.965+0000] {logging_mixin.py:151} INFO - #False
[2024-01-20T05:53:43.965+0000] {logging_mixin.py:151} INFO - #False
[2024-01-20T05:53:43.966+0000] {logging_mixin.py:151} INFO - #False
[2024-01-20T05:53:43.966+0000] {logging_mixin.py:151} INFO - #False
[2024-01-20T05:53:43.966+0000] {logging_mixin.py:151} INFO - #False
[2024-01-20T05:53:43.966+0000] {logging_mixin.py:151} INFO - #False
[2024-01-20T05:53:43.967+0000] {logging_mixin.py:151} INFO - #False
[2024-01-20T05:53:43.967+0000] {logging_mixin.py:151} INFO - #False
[2024-01-20T05:53:43.967+0000] {logging_mixin.py:151} INFO - #False
[2024-01-20T05:53:43.967+0000] {logging_mixin.py:151} INFO - #False
[2024-01-20T05:53:43.968+0000] {logging_mixin.py:151} INFO - #False
[2024-01-20T05:53:43.968+0000] {logging_mixin.py:151} INFO - #False
[2024-01-20T05:53:43.968+0000] {logging_mixin.py:151} INFO - #False
[2024-01-20T05:53:43.968+0000] {logging_mixin.py:151} INFO - #False
[2024-01-20T05:53:43.969+0000] {logging_mixin.py:151} INFO - #False
[2024-01-20T05:53:43.969+0000] {logging_mixin.py:151} INFO - #False
[2024-01-20T05:53:43.969+0000] {logging_mixin.py:151} INFO - #False
[2024-01-20T05:53:43.969+0000] {logging_mixin.py:151} INFO - #False
[2024-01-20T05:53:43.970+0000] {logging_mixin.py:151} INFO - #False
[2024-01-20T05:53:43.970+0000] {logging_mixin.py:151} INFO -  submission : 
[2024-01-20T05:53:44.467+0000] {logging_mixin.py:151} INFO - #False
[2024-01-20T05:53:44.468+0000] {logging_mixin.py:151} INFO - #False
[2024-01-20T05:53:44.469+0000] {logging_mixin.py:151} INFO - #False
[2024-01-20T05:53:44.469+0000] {logging_mixin.py:151} INFO - #False
[2024-01-20T05:53:44.470+0000] {logging_mixin.py:151} INFO - #False
[2024-01-20T05:53:44.470+0000] {logging_mixin.py:151} INFO - #False
[2024-01-20T05:53:44.471+0000] {logging_mixin.py:151} INFO - #False
[2024-01-20T05:53:44.471+0000] {logging_mixin.py:151} INFO - #False
[2024-01-20T05:53:44.472+0000] {logging_mixin.py:151} INFO - #False
[2024-01-20T05:53:44.472+0000] {logging_mixin.py:151} INFO - #False
[2024-01-20T05:53:44.473+0000] {logging_mixin.py:151} INFO - #False
[2024-01-20T05:53:44.473+0000] {logging_mixin.py:151} INFO - #False
[2024-01-20T05:53:44.474+0000] {logging_mixin.py:151} INFO - #False
[2024-01-20T05:53:44.474+0000] {logging_mixin.py:151} INFO - #False
[2024-01-20T05:53:44.475+0000] {logging_mixin.py:151} INFO - #False
[2024-01-20T05:53:44.475+0000] {logging_mixin.py:151} INFO - #False
[2024-01-20T05:53:44.475+0000] {logging_mixin.py:151} INFO - #False
[2024-01-20T05:53:44.476+0000] {logging_mixin.py:151} INFO - #False
[2024-01-20T05:53:44.476+0000] {logging_mixin.py:151} INFO - #False
[2024-01-20T05:53:44.477+0000] {logging_mixin.py:151} INFO - #False
[2024-01-20T05:53:44.477+0000] {logging_mixin.py:151} INFO - #False
[2024-01-20T05:53:44.477+0000] {logging_mixin.py:151} INFO - #False
[2024-01-20T05:53:44.478+0000] {logging_mixin.py:151} INFO - #False
[2024-01-20T05:53:44.478+0000] {logging_mixin.py:151} INFO - #False
[2024-01-20T05:53:44.478+0000] {logging_mixin.py:151} INFO - #False
[2024-01-20T05:53:44.479+0000] {logging_mixin.py:151} INFO - #False
[2024-01-20T05:53:44.479+0000] {logging_mixin.py:151} INFO - #False
[2024-01-20T05:53:44.480+0000] {logging_mixin.py:151} INFO - #False
[2024-01-20T05:53:44.480+0000] {logging_mixin.py:151} INFO - #False
[2024-01-20T05:53:44.480+0000] {logging_mixin.py:151} INFO - #False
[2024-01-20T05:53:44.481+0000] {logging_mixin.py:151} INFO -  submission : 
[2024-01-20T05:53:45.032+0000] {logging_mixin.py:151} INFO - #False
[2024-01-20T05:53:45.033+0000] {logging_mixin.py:151} INFO - #False
[2024-01-20T05:53:45.033+0000] {logging_mixin.py:151} INFO - #False
[2024-01-20T05:53:45.033+0000] {logging_mixin.py:151} INFO - #False
[2024-01-20T05:53:45.034+0000] {logging_mixin.py:151} INFO - #False
[2024-01-20T05:53:45.034+0000] {logging_mixin.py:151} INFO - #False
[2024-01-20T05:53:45.034+0000] {logging_mixin.py:151} INFO - #False
[2024-01-20T05:53:45.035+0000] {logging_mixin.py:151} INFO - #False
[2024-01-20T05:53:45.035+0000] {logging_mixin.py:151} INFO - #False
[2024-01-20T05:53:45.035+0000] {logging_mixin.py:151} INFO - #False
[2024-01-20T05:53:45.036+0000] {logging_mixin.py:151} INFO - #False
[2024-01-20T05:53:45.036+0000] {logging_mixin.py:151} INFO - #False
[2024-01-20T05:53:45.037+0000] {logging_mixin.py:151} INFO - #False
[2024-01-20T05:53:45.037+0000] {logging_mixin.py:151} INFO - #False
[2024-01-20T05:53:45.037+0000] {logging_mixin.py:151} INFO - #False
[2024-01-20T05:53:45.037+0000] {logging_mixin.py:151} INFO - #False
[2024-01-20T05:53:45.038+0000] {logging_mixin.py:151} INFO - #False
[2024-01-20T05:53:45.038+0000] {logging_mixin.py:151} INFO - #False
[2024-01-20T05:53:45.038+0000] {logging_mixin.py:151} INFO - #False
[2024-01-20T05:53:45.039+0000] {logging_mixin.py:151} INFO - #False
[2024-01-20T05:53:45.039+0000] {logging_mixin.py:151} INFO - #False
[2024-01-20T05:53:45.039+0000] {logging_mixin.py:151} INFO - #False
[2024-01-20T05:53:45.040+0000] {logging_mixin.py:151} INFO - #False
[2024-01-20T05:53:45.040+0000] {logging_mixin.py:151} INFO - #False
[2024-01-20T05:53:45.040+0000] {logging_mixin.py:151} INFO - #False
[2024-01-20T05:53:45.040+0000] {logging_mixin.py:151} INFO - #False
[2024-01-20T05:53:45.040+0000] {logging_mixin.py:151} INFO - #False
[2024-01-20T05:53:45.041+0000] {logging_mixin.py:151} INFO - #False
[2024-01-20T05:53:45.041+0000] {logging_mixin.py:151} INFO - #False
[2024-01-20T05:53:45.041+0000] {logging_mixin.py:151} INFO - #False
[2024-01-20T05:53:45.042+0000] {conn.py:919} INFO - <BrokerConnection node_id=1 host=broker:29092 <connected> [IPv4 ('172.19.0.8', 29092)]>: Closing connection. 
[2024-01-20T05:53:45.043+0000] {python.py:194} INFO - Done. Returned value was: None
[2024-01-20T05:53:45.049+0000] {taskinstance.py:1400} INFO - Marking task as SUCCESS. dag_id=Kafka_Producer_1, task_id=Reddit, execution_date=20240120T055217, start_date=20240120T055340, end_date=20240120T055345
[2024-01-20T05:53:45.096+0000] {local_task_job_runner.py:228} INFO - Task exited with return code 0
[2024-01-20T05:53:45.109+0000] {taskinstance.py:2784} INFO - 0 downstream tasks scheduled from follow-on schedule check
