[2024-01-20T05:03:02.499+0000] {taskinstance.py:1159} INFO - Dependencies all met for dep_context=non-requeueable deps ti=<TaskInstance: Kafka_Producer_2.Reddit scheduled__2024-01-20T05:00:51.385549+00:00 [queued]>
[2024-01-20T05:03:02.507+0000] {taskinstance.py:1159} INFO - Dependencies all met for dep_context=requeueable deps ti=<TaskInstance: Kafka_Producer_2.Reddit scheduled__2024-01-20T05:00:51.385549+00:00 [queued]>
[2024-01-20T05:03:02.508+0000] {taskinstance.py:1361} INFO - Starting attempt 1 of 1
[2024-01-20T05:03:02.523+0000] {taskinstance.py:1382} INFO - Executing <Task(PythonOperator): Reddit> on 2024-01-20 05:00:51.385549+00:00
[2024-01-20T05:03:02.526+0000] {standard_task_runner.py:57} INFO - Started process 8699 to run task
[2024-01-20T05:03:02.528+0000] {standard_task_runner.py:84} INFO - Running: ['***', 'tasks', 'run', 'Kafka_Producer_2', 'Reddit', 'scheduled__2024-01-20T05:00:51.385549+00:00', '--job-id', '420', '--raw', '--subdir', 'DAGS_FOLDER/kafka_stream_2.py', '--cfg-path', '/tmp/tmpiw65w2rw']
[2024-01-20T05:03:02.529+0000] {standard_task_runner.py:85} INFO - Job 420: Subtask Reddit
[2024-01-20T05:03:02.566+0000] {task_command.py:415} INFO - Running <TaskInstance: Kafka_Producer_2.Reddit scheduled__2024-01-20T05:00:51.385549+00:00 [running]> on host 45c5bfab8aa1
[2024-01-20T05:03:02.633+0000] {taskinstance.py:1660} INFO - Exporting env vars: AIRFLOW_CTX_DAG_OWNER='me' AIRFLOW_CTX_DAG_ID='Kafka_Producer_2' AIRFLOW_CTX_TASK_ID='Reddit' AIRFLOW_CTX_EXECUTION_DATE='2024-01-20T05:00:51.385549+00:00' AIRFLOW_CTX_TRY_NUMBER='1' AIRFLOW_CTX_DAG_RUN_ID='scheduled__2024-01-20T05:00:51.385549+00:00'
[2024-01-20T05:03:02.661+0000] {logging_mixin.py:151} INFO -  submission : 
[2024-01-20T05:03:03.416+0000] {logging_mixin.py:151} INFO - #False
[2024-01-20T05:03:03.416+0000] {logging_mixin.py:151} INFO - #False
[2024-01-20T05:03:03.417+0000] {logging_mixin.py:151} INFO - #False
[2024-01-20T05:03:03.417+0000] {logging_mixin.py:151} INFO - #False
[2024-01-20T05:03:03.417+0000] {logging_mixin.py:151} INFO - #False
[2024-01-20T05:03:03.418+0000] {logging_mixin.py:151} INFO - #False
[2024-01-20T05:03:03.418+0000] {logging_mixin.py:151} INFO - #False
[2024-01-20T05:03:03.418+0000] {logging_mixin.py:151} INFO - #False
[2024-01-20T05:03:03.419+0000] {logging_mixin.py:151} INFO - #False
[2024-01-20T05:03:03.419+0000] {logging_mixin.py:151} INFO - #False
[2024-01-20T05:03:03.419+0000] {logging_mixin.py:151} INFO - #False
[2024-01-20T05:03:03.419+0000] {logging_mixin.py:151} INFO - #False
[2024-01-20T05:03:03.420+0000] {logging_mixin.py:151} INFO - #False
[2024-01-20T05:03:03.420+0000] {logging_mixin.py:151} INFO - #False
[2024-01-20T05:03:03.420+0000] {logging_mixin.py:151} INFO - #False
[2024-01-20T05:03:03.421+0000] {logging_mixin.py:151} INFO - #False
[2024-01-20T05:03:03.421+0000] {logging_mixin.py:151} INFO - #False
[2024-01-20T05:03:03.422+0000] {logging_mixin.py:151} INFO - #False
[2024-01-20T05:03:03.422+0000] {logging_mixin.py:151} INFO - #False
[2024-01-20T05:03:03.422+0000] {logging_mixin.py:151} INFO - #False
[2024-01-20T05:03:03.423+0000] {logging_mixin.py:151} INFO - #False
[2024-01-20T05:03:03.423+0000] {logging_mixin.py:151} INFO - #False
[2024-01-20T05:03:03.423+0000] {logging_mixin.py:151} INFO - #False
[2024-01-20T05:03:03.423+0000] {logging_mixin.py:151} INFO - #False
[2024-01-20T05:03:03.424+0000] {logging_mixin.py:151} INFO - #False
[2024-01-20T05:03:03.424+0000] {logging_mixin.py:151} INFO - #False
[2024-01-20T05:03:03.424+0000] {logging_mixin.py:151} INFO - #False
[2024-01-20T05:03:03.424+0000] {logging_mixin.py:151} INFO - #False
[2024-01-20T05:03:03.425+0000] {logging_mixin.py:151} INFO - #False
[2024-01-20T05:03:03.425+0000] {logging_mixin.py:151} INFO - #False
[2024-01-20T05:03:03.425+0000] {logging_mixin.py:151} INFO -  submission : 
[2024-01-20T05:03:03.885+0000] {logging_mixin.py:151} INFO - #False
[2024-01-20T05:03:03.886+0000] {logging_mixin.py:151} INFO - #False
[2024-01-20T05:03:03.886+0000] {logging_mixin.py:151} INFO - #False
[2024-01-20T05:03:03.886+0000] {logging_mixin.py:151} INFO - #False
[2024-01-20T05:03:03.887+0000] {logging_mixin.py:151} INFO - #False
[2024-01-20T05:03:03.887+0000] {logging_mixin.py:151} INFO - #False
[2024-01-20T05:03:03.887+0000] {logging_mixin.py:151} INFO - #False
[2024-01-20T05:03:03.888+0000] {logging_mixin.py:151} INFO - #False
[2024-01-20T05:03:03.888+0000] {logging_mixin.py:151} INFO - #False
[2024-01-20T05:03:03.888+0000] {logging_mixin.py:151} INFO - #False
[2024-01-20T05:03:03.889+0000] {logging_mixin.py:151} INFO - #False
[2024-01-20T05:03:03.889+0000] {logging_mixin.py:151} INFO - #False
[2024-01-20T05:03:03.889+0000] {logging_mixin.py:151} INFO - #False
[2024-01-20T05:03:03.889+0000] {logging_mixin.py:151} INFO - #False
[2024-01-20T05:03:03.890+0000] {logging_mixin.py:151} INFO - #False
[2024-01-20T05:03:03.890+0000] {logging_mixin.py:151} INFO - #False
[2024-01-20T05:03:03.890+0000] {logging_mixin.py:151} INFO - #False
[2024-01-20T05:03:03.891+0000] {logging_mixin.py:151} INFO - #False
[2024-01-20T05:03:03.891+0000] {logging_mixin.py:151} INFO - #False
[2024-01-20T05:03:03.891+0000] {logging_mixin.py:151} INFO - #False
[2024-01-20T05:03:03.891+0000] {logging_mixin.py:151} INFO - #False
[2024-01-20T05:03:03.892+0000] {logging_mixin.py:151} INFO - #False
[2024-01-20T05:03:03.892+0000] {logging_mixin.py:151} INFO - #False
[2024-01-20T05:03:03.892+0000] {logging_mixin.py:151} INFO - #False
[2024-01-20T05:03:03.893+0000] {logging_mixin.py:151} INFO - #False
[2024-01-20T05:03:03.893+0000] {logging_mixin.py:151} INFO - #False
[2024-01-20T05:03:03.894+0000] {logging_mixin.py:151} INFO - #False
[2024-01-20T05:03:03.894+0000] {logging_mixin.py:151} INFO - #False
[2024-01-20T05:03:03.894+0000] {logging_mixin.py:151} INFO - #False
[2024-01-20T05:03:03.895+0000] {logging_mixin.py:151} INFO - #False
[2024-01-20T05:03:03.895+0000] {logging_mixin.py:151} INFO -  submission : 
[2024-01-20T05:03:04.387+0000] {logging_mixin.py:151} INFO - #False
[2024-01-20T05:03:04.388+0000] {logging_mixin.py:151} INFO - #False
[2024-01-20T05:03:04.388+0000] {logging_mixin.py:151} INFO - #False
[2024-01-20T05:03:04.388+0000] {logging_mixin.py:151} INFO - #False
[2024-01-20T05:03:04.389+0000] {logging_mixin.py:151} INFO - #False
[2024-01-20T05:03:04.389+0000] {logging_mixin.py:151} INFO - #False
[2024-01-20T05:03:04.389+0000] {logging_mixin.py:151} INFO - #False
[2024-01-20T05:03:04.389+0000] {logging_mixin.py:151} INFO - #False
[2024-01-20T05:03:04.389+0000] {logging_mixin.py:151} INFO - #False
[2024-01-20T05:03:04.390+0000] {logging_mixin.py:151} INFO - #False
[2024-01-20T05:03:04.390+0000] {logging_mixin.py:151} INFO - #False
[2024-01-20T05:03:04.390+0000] {logging_mixin.py:151} INFO - #False
[2024-01-20T05:03:04.390+0000] {logging_mixin.py:151} INFO - #False
[2024-01-20T05:03:04.391+0000] {logging_mixin.py:151} INFO - #False
[2024-01-20T05:03:04.391+0000] {logging_mixin.py:151} INFO - #False
[2024-01-20T05:03:04.391+0000] {logging_mixin.py:151} INFO - #False
[2024-01-20T05:03:04.391+0000] {logging_mixin.py:151} INFO - #False
[2024-01-20T05:03:04.392+0000] {logging_mixin.py:151} INFO - #False
[2024-01-20T05:03:04.392+0000] {logging_mixin.py:151} INFO - #False
[2024-01-20T05:03:04.392+0000] {logging_mixin.py:151} INFO - #False
[2024-01-20T05:03:04.392+0000] {logging_mixin.py:151} INFO - #False
[2024-01-20T05:03:04.392+0000] {logging_mixin.py:151} INFO - #False
[2024-01-20T05:03:04.393+0000] {logging_mixin.py:151} INFO - #False
[2024-01-20T05:03:04.393+0000] {logging_mixin.py:151} INFO - #False
[2024-01-20T05:03:04.393+0000] {logging_mixin.py:151} INFO - #False
[2024-01-20T05:03:04.393+0000] {logging_mixin.py:151} INFO - #False
[2024-01-20T05:03:04.393+0000] {logging_mixin.py:151} INFO - #False
[2024-01-20T05:03:04.394+0000] {logging_mixin.py:151} INFO - #False
[2024-01-20T05:03:04.394+0000] {logging_mixin.py:151} INFO - #False
[2024-01-20T05:03:04.394+0000] {logging_mixin.py:151} INFO - #False
[2024-01-20T05:03:04.394+0000] {logging_mixin.py:151} INFO -  submission : 
[2024-01-20T05:03:04.730+0000] {logging_mixin.py:151} INFO - #False
[2024-01-20T05:03:04.731+0000] {logging_mixin.py:151} INFO - #False
[2024-01-20T05:03:04.731+0000] {logging_mixin.py:151} INFO - #False
[2024-01-20T05:03:04.731+0000] {logging_mixin.py:151} INFO - #False
[2024-01-20T05:03:04.732+0000] {logging_mixin.py:151} INFO - #False
[2024-01-20T05:03:04.732+0000] {logging_mixin.py:151} INFO - #False
[2024-01-20T05:03:04.732+0000] {logging_mixin.py:151} INFO - #False
[2024-01-20T05:03:04.733+0000] {logging_mixin.py:151} INFO - #False
[2024-01-20T05:03:04.733+0000] {logging_mixin.py:151} INFO - #False
[2024-01-20T05:03:04.734+0000] {logging_mixin.py:151} INFO - #False
[2024-01-20T05:03:04.734+0000] {logging_mixin.py:151} INFO - #False
[2024-01-20T05:03:04.735+0000] {logging_mixin.py:151} INFO - #False
[2024-01-20T05:03:04.735+0000] {logging_mixin.py:151} INFO - #False
[2024-01-20T05:03:04.736+0000] {logging_mixin.py:151} INFO - #False
[2024-01-20T05:03:04.736+0000] {logging_mixin.py:151} INFO - #False
[2024-01-20T05:03:04.736+0000] {logging_mixin.py:151} INFO - #False
[2024-01-20T05:03:04.737+0000] {logging_mixin.py:151} INFO - #False
[2024-01-20T05:03:04.737+0000] {logging_mixin.py:151} INFO - #False
[2024-01-20T05:03:04.738+0000] {logging_mixin.py:151} INFO - #False
[2024-01-20T05:03:04.738+0000] {logging_mixin.py:151} INFO - #False
[2024-01-20T05:03:04.738+0000] {logging_mixin.py:151} INFO - #False
[2024-01-20T05:03:04.739+0000] {logging_mixin.py:151} INFO - #False
[2024-01-20T05:03:04.739+0000] {logging_mixin.py:151} INFO - #False
[2024-01-20T05:03:04.740+0000] {logging_mixin.py:151} INFO - #False
[2024-01-20T05:03:04.740+0000] {logging_mixin.py:151} INFO - #False
[2024-01-20T05:03:04.741+0000] {logging_mixin.py:151} INFO - #False
[2024-01-20T05:03:04.741+0000] {logging_mixin.py:151} INFO - #False
[2024-01-20T05:03:04.741+0000] {logging_mixin.py:151} INFO - #False
[2024-01-20T05:03:04.742+0000] {logging_mixin.py:151} INFO - #False
[2024-01-20T05:03:04.742+0000] {logging_mixin.py:151} INFO - #False
[2024-01-20T05:03:04.742+0000] {logging_mixin.py:151} INFO -  submission : 
[2024-01-20T05:03:05.205+0000] {logging_mixin.py:151} INFO - #False
[2024-01-20T05:03:05.206+0000] {logging_mixin.py:151} INFO - #False
[2024-01-20T05:03:05.206+0000] {logging_mixin.py:151} INFO - #False
[2024-01-20T05:03:05.207+0000] {logging_mixin.py:151} INFO - #False
[2024-01-20T05:03:05.207+0000] {logging_mixin.py:151} INFO - #False
[2024-01-20T05:03:05.208+0000] {logging_mixin.py:151} INFO - #False
[2024-01-20T05:03:05.208+0000] {logging_mixin.py:151} INFO - #False
[2024-01-20T05:03:05.208+0000] {logging_mixin.py:151} INFO - #False
[2024-01-20T05:03:05.208+0000] {logging_mixin.py:151} INFO - #False
[2024-01-20T05:03:05.209+0000] {logging_mixin.py:151} INFO - #False
[2024-01-20T05:03:05.209+0000] {logging_mixin.py:151} INFO - #False
[2024-01-20T05:03:05.209+0000] {logging_mixin.py:151} INFO - #False
[2024-01-20T05:03:05.209+0000] {logging_mixin.py:151} INFO - #False
[2024-01-20T05:03:05.210+0000] {logging_mixin.py:151} INFO - #False
[2024-01-20T05:03:05.210+0000] {logging_mixin.py:151} INFO - #False
[2024-01-20T05:03:05.210+0000] {logging_mixin.py:151} INFO - #False
[2024-01-20T05:03:05.210+0000] {logging_mixin.py:151} INFO - #False
[2024-01-20T05:03:05.211+0000] {logging_mixin.py:151} INFO - #False
[2024-01-20T05:03:05.211+0000] {logging_mixin.py:151} INFO - #False
[2024-01-20T05:03:05.211+0000] {logging_mixin.py:151} INFO - #False
[2024-01-20T05:03:05.212+0000] {logging_mixin.py:151} INFO - #False
[2024-01-20T05:03:05.212+0000] {logging_mixin.py:151} INFO - #False
[2024-01-20T05:03:05.212+0000] {logging_mixin.py:151} INFO - #False
[2024-01-20T05:03:05.212+0000] {logging_mixin.py:151} INFO - #False
[2024-01-20T05:03:05.213+0000] {logging_mixin.py:151} INFO - #False
[2024-01-20T05:03:05.213+0000] {logging_mixin.py:151} INFO - #False
[2024-01-20T05:03:05.213+0000] {logging_mixin.py:151} INFO - #False
[2024-01-20T05:03:05.213+0000] {logging_mixin.py:151} INFO - #False
[2024-01-20T05:03:05.214+0000] {logging_mixin.py:151} INFO - #False
[2024-01-20T05:03:05.214+0000] {logging_mixin.py:151} INFO - #False
[2024-01-20T05:03:05.215+0000] {logging_mixin.py:151} INFO -  submission : 
[2024-01-20T05:03:05.657+0000] {logging_mixin.py:151} INFO - #False
[2024-01-20T05:03:05.658+0000] {logging_mixin.py:151} INFO - #False
[2024-01-20T05:03:05.658+0000] {logging_mixin.py:151} INFO - #False
[2024-01-20T05:03:05.658+0000] {logging_mixin.py:151} INFO - #False
[2024-01-20T05:03:05.659+0000] {logging_mixin.py:151} INFO - #False
[2024-01-20T05:03:05.659+0000] {logging_mixin.py:151} INFO - #False
[2024-01-20T05:03:05.659+0000] {logging_mixin.py:151} INFO - #False
[2024-01-20T05:03:05.660+0000] {logging_mixin.py:151} INFO - #False
[2024-01-20T05:03:05.660+0000] {logging_mixin.py:151} INFO - #False
[2024-01-20T05:03:05.660+0000] {logging_mixin.py:151} INFO - #False
[2024-01-20T05:03:05.660+0000] {logging_mixin.py:151} INFO - #False
[2024-01-20T05:03:05.660+0000] {logging_mixin.py:151} INFO - #False
[2024-01-20T05:03:05.661+0000] {logging_mixin.py:151} INFO - #False
[2024-01-20T05:03:05.661+0000] {logging_mixin.py:151} INFO - #False
[2024-01-20T05:03:05.661+0000] {logging_mixin.py:151} INFO - #False
[2024-01-20T05:03:05.661+0000] {logging_mixin.py:151} INFO - #False
[2024-01-20T05:03:05.662+0000] {logging_mixin.py:151} INFO - #False
[2024-01-20T05:03:05.662+0000] {logging_mixin.py:151} INFO - #False
[2024-01-20T05:03:05.662+0000] {logging_mixin.py:151} INFO - #False
[2024-01-20T05:03:05.662+0000] {logging_mixin.py:151} INFO - #False
[2024-01-20T05:03:05.663+0000] {logging_mixin.py:151} INFO - #False
[2024-01-20T05:03:05.663+0000] {logging_mixin.py:151} INFO - #False
[2024-01-20T05:03:05.663+0000] {logging_mixin.py:151} INFO - #False
[2024-01-20T05:03:05.663+0000] {logging_mixin.py:151} INFO - #False
[2024-01-20T05:03:05.663+0000] {logging_mixin.py:151} INFO - #False
[2024-01-20T05:03:05.664+0000] {logging_mixin.py:151} INFO - #False
[2024-01-20T05:03:05.664+0000] {logging_mixin.py:151} INFO - #False
[2024-01-20T05:03:05.664+0000] {logging_mixin.py:151} INFO - #False
[2024-01-20T05:03:05.664+0000] {logging_mixin.py:151} INFO - #False
[2024-01-20T05:03:05.665+0000] {logging_mixin.py:151} INFO - #False
[2024-01-20T05:03:05.665+0000] {logging_mixin.py:151} INFO -  submission : 
[2024-01-20T05:03:06.204+0000] {logging_mixin.py:151} INFO - #False
[2024-01-20T05:03:06.204+0000] {logging_mixin.py:151} INFO - #False
[2024-01-20T05:03:06.205+0000] {logging_mixin.py:151} INFO - #False
[2024-01-20T05:03:06.205+0000] {logging_mixin.py:151} INFO - #False
[2024-01-20T05:03:06.205+0000] {logging_mixin.py:151} INFO - #False
[2024-01-20T05:03:06.205+0000] {logging_mixin.py:151} INFO - #False
[2024-01-20T05:03:06.206+0000] {logging_mixin.py:151} INFO - #False
[2024-01-20T05:03:06.206+0000] {logging_mixin.py:151} INFO - #False
[2024-01-20T05:03:06.206+0000] {logging_mixin.py:151} INFO - #False
[2024-01-20T05:03:06.206+0000] {logging_mixin.py:151} INFO - #False
[2024-01-20T05:03:06.207+0000] {logging_mixin.py:151} INFO - #False
[2024-01-20T05:03:06.207+0000] {logging_mixin.py:151} INFO - #False
[2024-01-20T05:03:06.207+0000] {logging_mixin.py:151} INFO - #False
[2024-01-20T05:03:06.208+0000] {logging_mixin.py:151} INFO - #False
[2024-01-20T05:03:06.208+0000] {logging_mixin.py:151} INFO - #False
[2024-01-20T05:03:06.208+0000] {logging_mixin.py:151} INFO - #False
[2024-01-20T05:03:06.208+0000] {logging_mixin.py:151} INFO - #False
[2024-01-20T05:03:06.209+0000] {logging_mixin.py:151} INFO - #False
[2024-01-20T05:03:06.209+0000] {logging_mixin.py:151} INFO - #False
[2024-01-20T05:03:06.209+0000] {logging_mixin.py:151} INFO - #False
[2024-01-20T05:03:06.209+0000] {logging_mixin.py:151} INFO - #False
[2024-01-20T05:03:06.209+0000] {logging_mixin.py:151} INFO - #False
[2024-01-20T05:03:06.210+0000] {logging_mixin.py:151} INFO - #False
[2024-01-20T05:03:06.210+0000] {logging_mixin.py:151} INFO - #False
[2024-01-20T05:03:06.210+0000] {logging_mixin.py:151} INFO - #False
[2024-01-20T05:03:06.210+0000] {logging_mixin.py:151} INFO - #False
[2024-01-20T05:03:06.211+0000] {logging_mixin.py:151} INFO - #False
[2024-01-20T05:03:06.211+0000] {logging_mixin.py:151} INFO - #False
[2024-01-20T05:03:06.211+0000] {logging_mixin.py:151} INFO - #False
[2024-01-20T05:03:06.211+0000] {logging_mixin.py:151} INFO - #False
[2024-01-20T05:03:06.212+0000] {logging_mixin.py:151} INFO -  submission : 
[2024-01-20T05:03:06.664+0000] {logging_mixin.py:151} INFO - #False
[2024-01-20T05:03:06.664+0000] {logging_mixin.py:151} INFO - #False
[2024-01-20T05:03:06.664+0000] {logging_mixin.py:151} INFO - #False
[2024-01-20T05:03:06.665+0000] {logging_mixin.py:151} INFO - #False
[2024-01-20T05:03:06.665+0000] {logging_mixin.py:151} INFO - #False
[2024-01-20T05:03:06.665+0000] {logging_mixin.py:151} INFO - #False
[2024-01-20T05:03:06.665+0000] {logging_mixin.py:151} INFO - #False
[2024-01-20T05:03:06.666+0000] {logging_mixin.py:151} INFO - #False
[2024-01-20T05:03:06.666+0000] {logging_mixin.py:151} INFO - #False
[2024-01-20T05:03:06.666+0000] {logging_mixin.py:151} INFO - #False
[2024-01-20T05:03:06.667+0000] {logging_mixin.py:151} INFO - #False
[2024-01-20T05:03:06.667+0000] {logging_mixin.py:151} INFO - #False
[2024-01-20T05:03:06.667+0000] {logging_mixin.py:151} INFO - #False
[2024-01-20T05:03:06.668+0000] {logging_mixin.py:151} INFO - #False
[2024-01-20T05:03:06.668+0000] {logging_mixin.py:151} INFO - #False
[2024-01-20T05:03:06.668+0000] {logging_mixin.py:151} INFO - #False
[2024-01-20T05:03:06.669+0000] {logging_mixin.py:151} INFO - #False
[2024-01-20T05:03:06.669+0000] {logging_mixin.py:151} INFO - #False
[2024-01-20T05:03:06.669+0000] {logging_mixin.py:151} INFO - #False
[2024-01-20T05:03:06.669+0000] {logging_mixin.py:151} INFO - #False
[2024-01-20T05:03:06.669+0000] {logging_mixin.py:151} INFO - #False
[2024-01-20T05:03:06.670+0000] {logging_mixin.py:151} INFO - #False
[2024-01-20T05:03:06.670+0000] {logging_mixin.py:151} INFO - #False
[2024-01-20T05:03:06.670+0000] {logging_mixin.py:151} INFO - #False
[2024-01-20T05:03:06.671+0000] {logging_mixin.py:151} INFO - #False
[2024-01-20T05:03:06.671+0000] {logging_mixin.py:151} INFO - #False
[2024-01-20T05:03:06.671+0000] {logging_mixin.py:151} INFO - #False
[2024-01-20T05:03:06.672+0000] {logging_mixin.py:151} INFO - #False
[2024-01-20T05:03:06.672+0000] {logging_mixin.py:151} INFO - #False
[2024-01-20T05:03:06.672+0000] {logging_mixin.py:151} INFO - #False
[2024-01-20T05:03:06.672+0000] {python.py:194} INFO - Done. Returned value was: None
[2024-01-20T05:03:06.679+0000] {taskinstance.py:1400} INFO - Marking task as SUCCESS. dag_id=Kafka_Producer_2, task_id=Reddit, execution_date=20240120T050051, start_date=20240120T050302, end_date=20240120T050306
[2024-01-20T05:03:06.713+0000] {local_task_job_runner.py:228} INFO - Task exited with return code 0
[2024-01-20T05:03:06.728+0000] {taskinstance.py:2784} INFO - 0 downstream tasks scheduled from follow-on schedule check
