[2024-01-17T21:07:54.079+0000] {taskinstance.py:1159} INFO - Dependencies all met for dep_context=non-requeueable deps ti=<TaskInstance: Stream_Data_1.Reddit scheduled__2024-01-17T21:06:22.142739+00:00 [queued]>
[2024-01-17T21:07:54.085+0000] {taskinstance.py:1159} INFO - Dependencies all met for dep_context=requeueable deps ti=<TaskInstance: Stream_Data_1.Reddit scheduled__2024-01-17T21:06:22.142739+00:00 [queued]>
[2024-01-17T21:07:54.085+0000] {taskinstance.py:1361} INFO - Starting attempt 1 of 1
[2024-01-17T21:07:54.097+0000] {taskinstance.py:1382} INFO - Executing <Task(PythonOperator): Reddit> on 2024-01-17 21:06:22.142739+00:00
[2024-01-17T21:07:54.101+0000] {standard_task_runner.py:57} INFO - Started process 995 to run task
[2024-01-17T21:07:54.103+0000] {standard_task_runner.py:84} INFO - Running: ['***', 'tasks', 'run', 'Stream_Data_1', 'Reddit', 'scheduled__2024-01-17T21:06:22.142739+00:00', '--job-id', '495', '--raw', '--subdir', 'DAGS_FOLDER/kafka_stream.py', '--cfg-path', '/tmp/tmpb_lnxx4g']
[2024-01-17T21:07:54.104+0000] {standard_task_runner.py:85} INFO - Job 495: Subtask Reddit
[2024-01-17T21:07:54.142+0000] {task_command.py:415} INFO - Running <TaskInstance: Stream_Data_1.Reddit scheduled__2024-01-17T21:06:22.142739+00:00 [running]> on host 614a419ad930
[2024-01-17T21:07:54.204+0000] {taskinstance.py:1660} INFO - Exporting env vars: AIRFLOW_CTX_DAG_OWNER='me' AIRFLOW_CTX_DAG_ID='Stream_Data_1' AIRFLOW_CTX_TASK_ID='Reddit' AIRFLOW_CTX_EXECUTION_DATE='2024-01-17T21:06:22.142739+00:00' AIRFLOW_CTX_TRY_NUMBER='1' AIRFLOW_CTX_DAG_RUN_ID='scheduled__2024-01-17T21:06:22.142739+00:00'
[2024-01-17T21:07:54.233+0000] {logging_mixin.py:151} INFO -  submission : 
[2024-01-17T21:07:55.420+0000] {logging_mixin.py:151} INFO - #False
[2024-01-17T21:07:55.420+0000] {logging_mixin.py:151} INFO - #False
[2024-01-17T21:07:55.420+0000] {logging_mixin.py:151} INFO - #False
[2024-01-17T21:07:55.420+0000] {logging_mixin.py:151} INFO - #False
[2024-01-17T21:07:55.420+0000] {logging_mixin.py:151} INFO - #False
[2024-01-17T21:07:55.420+0000] {logging_mixin.py:151} INFO - #False
[2024-01-17T21:07:55.420+0000] {logging_mixin.py:151} INFO - #False
[2024-01-17T21:07:55.420+0000] {logging_mixin.py:151} INFO - #False
[2024-01-17T21:07:55.420+0000] {logging_mixin.py:151} INFO - #False
[2024-01-17T21:07:55.420+0000] {logging_mixin.py:151} INFO - #False
[2024-01-17T21:07:55.420+0000] {logging_mixin.py:151} INFO - #False
[2024-01-17T21:07:55.420+0000] {logging_mixin.py:151} INFO - #False
[2024-01-17T21:07:55.420+0000] {logging_mixin.py:151} INFO - #False
[2024-01-17T21:07:55.421+0000] {logging_mixin.py:151} INFO - #False
[2024-01-17T21:07:55.421+0000] {logging_mixin.py:151} INFO - #False
[2024-01-17T21:07:55.421+0000] {logging_mixin.py:151} INFO - #False
[2024-01-17T21:07:55.421+0000] {logging_mixin.py:151} INFO - #False
[2024-01-17T21:07:55.421+0000] {logging_mixin.py:151} INFO - #False
[2024-01-17T21:07:55.421+0000] {logging_mixin.py:151} INFO - #False
[2024-01-17T21:07:55.421+0000] {logging_mixin.py:151} INFO - #False
[2024-01-17T21:07:55.421+0000] {logging_mixin.py:151} INFO - #False
[2024-01-17T21:07:55.421+0000] {logging_mixin.py:151} INFO - #False
[2024-01-17T21:07:55.421+0000] {logging_mixin.py:151} INFO - #False
[2024-01-17T21:07:55.421+0000] {logging_mixin.py:151} INFO - #False
[2024-01-17T21:07:55.421+0000] {logging_mixin.py:151} INFO - #False
[2024-01-17T21:07:55.421+0000] {logging_mixin.py:151} INFO - #False
[2024-01-17T21:07:55.421+0000] {logging_mixin.py:151} INFO - #False
[2024-01-17T21:07:55.421+0000] {logging_mixin.py:151} INFO - #False
[2024-01-17T21:07:55.421+0000] {logging_mixin.py:151} INFO - #False
[2024-01-17T21:07:55.421+0000] {logging_mixin.py:151} INFO - #False
[2024-01-17T21:07:55.421+0000] {logging_mixin.py:151} INFO -  submission : 
[2024-01-17T21:07:56.009+0000] {logging_mixin.py:151} INFO - #False
[2024-01-17T21:07:56.009+0000] {logging_mixin.py:151} INFO - #False
[2024-01-17T21:07:56.010+0000] {logging_mixin.py:151} INFO - #False
[2024-01-17T21:07:56.010+0000] {logging_mixin.py:151} INFO - #False
[2024-01-17T21:07:56.010+0000] {logging_mixin.py:151} INFO - #False
[2024-01-17T21:07:56.010+0000] {logging_mixin.py:151} INFO - #False
[2024-01-17T21:07:56.010+0000] {logging_mixin.py:151} INFO - #False
[2024-01-17T21:07:56.010+0000] {logging_mixin.py:151} INFO - #False
[2024-01-17T21:07:56.010+0000] {logging_mixin.py:151} INFO - #False
[2024-01-17T21:07:56.010+0000] {logging_mixin.py:151} INFO - #False
[2024-01-17T21:07:56.010+0000] {logging_mixin.py:151} INFO - #False
[2024-01-17T21:07:56.010+0000] {logging_mixin.py:151} INFO - #False
[2024-01-17T21:07:56.010+0000] {logging_mixin.py:151} INFO - #False
[2024-01-17T21:07:56.010+0000] {logging_mixin.py:151} INFO - #False
[2024-01-17T21:07:56.010+0000] {logging_mixin.py:151} INFO - #False
[2024-01-17T21:07:56.010+0000] {logging_mixin.py:151} INFO - #False
[2024-01-17T21:07:56.010+0000] {logging_mixin.py:151} INFO - #False
[2024-01-17T21:07:56.010+0000] {logging_mixin.py:151} INFO - #False
[2024-01-17T21:07:56.010+0000] {logging_mixin.py:151} INFO - #False
[2024-01-17T21:07:56.010+0000] {logging_mixin.py:151} INFO - #False
[2024-01-17T21:07:56.010+0000] {logging_mixin.py:151} INFO - #False
[2024-01-17T21:07:56.010+0000] {logging_mixin.py:151} INFO - #False
[2024-01-17T21:07:56.010+0000] {logging_mixin.py:151} INFO - #False
[2024-01-17T21:07:56.011+0000] {logging_mixin.py:151} INFO - #False
[2024-01-17T21:07:56.011+0000] {logging_mixin.py:151} INFO - #False
[2024-01-17T21:07:56.011+0000] {logging_mixin.py:151} INFO - #False
[2024-01-17T21:07:56.011+0000] {logging_mixin.py:151} INFO - #False
[2024-01-17T21:07:56.011+0000] {logging_mixin.py:151} INFO - #False
[2024-01-17T21:07:56.011+0000] {logging_mixin.py:151} INFO - #False
[2024-01-17T21:07:56.011+0000] {logging_mixin.py:151} INFO - #False
[2024-01-17T21:07:56.011+0000] {logging_mixin.py:151} INFO -  submission : 
[2024-01-17T21:07:56.540+0000] {logging_mixin.py:151} INFO - #False
[2024-01-17T21:07:56.540+0000] {logging_mixin.py:151} INFO - #False
[2024-01-17T21:07:56.540+0000] {logging_mixin.py:151} INFO - #False
[2024-01-17T21:07:56.540+0000] {logging_mixin.py:151} INFO - #False
[2024-01-17T21:07:56.540+0000] {logging_mixin.py:151} INFO - #False
[2024-01-17T21:07:56.540+0000] {logging_mixin.py:151} INFO - #False
[2024-01-17T21:07:56.540+0000] {logging_mixin.py:151} INFO - #False
[2024-01-17T21:07:56.540+0000] {logging_mixin.py:151} INFO - #False
[2024-01-17T21:07:56.541+0000] {logging_mixin.py:151} INFO - #False
[2024-01-17T21:07:56.541+0000] {logging_mixin.py:151} INFO - #False
[2024-01-17T21:07:56.541+0000] {logging_mixin.py:151} INFO - #False
[2024-01-17T21:07:56.541+0000] {logging_mixin.py:151} INFO - #False
[2024-01-17T21:07:56.541+0000] {logging_mixin.py:151} INFO - #False
[2024-01-17T21:07:56.541+0000] {logging_mixin.py:151} INFO - #False
[2024-01-17T21:07:56.541+0000] {logging_mixin.py:151} INFO - #False
[2024-01-17T21:07:56.541+0000] {logging_mixin.py:151} INFO - #False
[2024-01-17T21:07:56.541+0000] {logging_mixin.py:151} INFO - #False
[2024-01-17T21:07:56.541+0000] {logging_mixin.py:151} INFO - #False
[2024-01-17T21:07:56.541+0000] {logging_mixin.py:151} INFO - #False
[2024-01-17T21:07:56.541+0000] {logging_mixin.py:151} INFO - #False
[2024-01-17T21:07:56.541+0000] {logging_mixin.py:151} INFO - #False
[2024-01-17T21:07:56.541+0000] {logging_mixin.py:151} INFO - #False
[2024-01-17T21:07:56.541+0000] {logging_mixin.py:151} INFO - #False
[2024-01-17T21:07:56.541+0000] {logging_mixin.py:151} INFO - #False
[2024-01-17T21:07:56.541+0000] {logging_mixin.py:151} INFO - #False
[2024-01-17T21:07:56.541+0000] {logging_mixin.py:151} INFO - #False
[2024-01-17T21:07:56.541+0000] {logging_mixin.py:151} INFO - #False
[2024-01-17T21:07:56.541+0000] {logging_mixin.py:151} INFO - #False
[2024-01-17T21:07:56.542+0000] {logging_mixin.py:151} INFO - #False
[2024-01-17T21:07:56.542+0000] {logging_mixin.py:151} INFO - #False
[2024-01-17T21:07:56.542+0000] {logging_mixin.py:151} INFO -  submission : 
[2024-01-17T21:07:57.240+0000] {logging_mixin.py:151} INFO - #False
[2024-01-17T21:07:57.241+0000] {logging_mixin.py:151} INFO - #False
[2024-01-17T21:07:57.241+0000] {logging_mixin.py:151} INFO - #False
[2024-01-17T21:07:57.241+0000] {logging_mixin.py:151} INFO - #False
[2024-01-17T21:07:57.241+0000] {logging_mixin.py:151} INFO - #False
[2024-01-17T21:07:57.241+0000] {logging_mixin.py:151} INFO - #False
[2024-01-17T21:07:57.241+0000] {logging_mixin.py:151} INFO - #False
[2024-01-17T21:07:57.241+0000] {logging_mixin.py:151} INFO - #False
[2024-01-17T21:07:57.241+0000] {logging_mixin.py:151} INFO - #False
[2024-01-17T21:07:57.241+0000] {logging_mixin.py:151} INFO - #False
[2024-01-17T21:07:57.241+0000] {logging_mixin.py:151} INFO - #False
[2024-01-17T21:07:57.241+0000] {logging_mixin.py:151} INFO - #False
[2024-01-17T21:07:57.241+0000] {logging_mixin.py:151} INFO - #False
[2024-01-17T21:07:57.241+0000] {logging_mixin.py:151} INFO - #False
[2024-01-17T21:07:57.241+0000] {logging_mixin.py:151} INFO - #False
[2024-01-17T21:07:57.241+0000] {logging_mixin.py:151} INFO - #False
[2024-01-17T21:07:57.242+0000] {logging_mixin.py:151} INFO - #False
[2024-01-17T21:07:57.242+0000] {logging_mixin.py:151} INFO - #False
[2024-01-17T21:07:57.242+0000] {logging_mixin.py:151} INFO - #False
[2024-01-17T21:07:57.242+0000] {logging_mixin.py:151} INFO - #False
[2024-01-17T21:07:57.242+0000] {logging_mixin.py:151} INFO - #False
[2024-01-17T21:07:57.242+0000] {logging_mixin.py:151} INFO - #False
[2024-01-17T21:07:57.242+0000] {logging_mixin.py:151} INFO - #False
[2024-01-17T21:07:57.242+0000] {logging_mixin.py:151} INFO - #False
[2024-01-17T21:07:57.242+0000] {logging_mixin.py:151} INFO - #False
[2024-01-17T21:07:57.242+0000] {logging_mixin.py:151} INFO - #False
[2024-01-17T21:07:57.242+0000] {logging_mixin.py:151} INFO - #False
[2024-01-17T21:07:57.242+0000] {logging_mixin.py:151} INFO - #False
[2024-01-17T21:07:57.242+0000] {logging_mixin.py:151} INFO - #False
[2024-01-17T21:07:57.242+0000] {logging_mixin.py:151} INFO - #False
[2024-01-17T21:07:57.242+0000] {logging_mixin.py:151} INFO -  submission : 
[2024-01-17T21:07:57.666+0000] {logging_mixin.py:151} INFO - #False
[2024-01-17T21:07:57.666+0000] {logging_mixin.py:151} INFO - #False
[2024-01-17T21:07:57.666+0000] {logging_mixin.py:151} INFO - #False
[2024-01-17T21:07:57.666+0000] {logging_mixin.py:151} INFO - #False
[2024-01-17T21:07:57.666+0000] {logging_mixin.py:151} INFO - #False
[2024-01-17T21:07:57.666+0000] {logging_mixin.py:151} INFO - #False
[2024-01-17T21:07:57.666+0000] {logging_mixin.py:151} INFO - #False
[2024-01-17T21:07:57.666+0000] {logging_mixin.py:151} INFO - #False
[2024-01-17T21:07:57.666+0000] {logging_mixin.py:151} INFO - #False
[2024-01-17T21:07:57.667+0000] {logging_mixin.py:151} INFO - #False
[2024-01-17T21:07:57.667+0000] {logging_mixin.py:151} INFO - #False
[2024-01-17T21:07:57.667+0000] {logging_mixin.py:151} INFO - #False
[2024-01-17T21:07:57.667+0000] {logging_mixin.py:151} INFO - #False
[2024-01-17T21:07:57.667+0000] {logging_mixin.py:151} INFO - #False
[2024-01-17T21:07:57.667+0000] {logging_mixin.py:151} INFO - #False
[2024-01-17T21:07:57.667+0000] {logging_mixin.py:151} INFO - #False
[2024-01-17T21:07:57.667+0000] {logging_mixin.py:151} INFO - #False
[2024-01-17T21:07:57.667+0000] {logging_mixin.py:151} INFO - #False
[2024-01-17T21:07:57.667+0000] {logging_mixin.py:151} INFO - #False
[2024-01-17T21:07:57.667+0000] {logging_mixin.py:151} INFO - #False
[2024-01-17T21:07:57.667+0000] {logging_mixin.py:151} INFO - #False
[2024-01-17T21:07:57.667+0000] {logging_mixin.py:151} INFO - #False
[2024-01-17T21:07:57.667+0000] {logging_mixin.py:151} INFO - #False
[2024-01-17T21:07:57.667+0000] {logging_mixin.py:151} INFO - #False
[2024-01-17T21:07:57.667+0000] {logging_mixin.py:151} INFO - #False
[2024-01-17T21:07:57.667+0000] {logging_mixin.py:151} INFO - #False
[2024-01-17T21:07:57.667+0000] {logging_mixin.py:151} INFO - #False
[2024-01-17T21:07:57.667+0000] {logging_mixin.py:151} INFO - #False
[2024-01-17T21:07:57.667+0000] {logging_mixin.py:151} INFO - #False
[2024-01-17T21:07:57.668+0000] {logging_mixin.py:151} INFO - #False
[2024-01-17T21:07:57.668+0000] {logging_mixin.py:151} INFO -  submission : 
[2024-01-17T21:07:58.252+0000] {logging_mixin.py:151} INFO - #False
[2024-01-17T21:07:58.252+0000] {logging_mixin.py:151} INFO - #False
[2024-01-17T21:07:58.252+0000] {logging_mixin.py:151} INFO - #False
[2024-01-17T21:07:58.252+0000] {logging_mixin.py:151} INFO - #False
[2024-01-17T21:07:58.252+0000] {logging_mixin.py:151} INFO - #False
[2024-01-17T21:07:58.252+0000] {logging_mixin.py:151} INFO - #False
[2024-01-17T21:07:58.252+0000] {logging_mixin.py:151} INFO - #False
[2024-01-17T21:07:58.252+0000] {logging_mixin.py:151} INFO - #False
[2024-01-17T21:07:58.252+0000] {logging_mixin.py:151} INFO - #False
[2024-01-17T21:07:58.253+0000] {logging_mixin.py:151} INFO - #False
[2024-01-17T21:07:58.253+0000] {logging_mixin.py:151} INFO - #False
[2024-01-17T21:07:58.253+0000] {logging_mixin.py:151} INFO - #False
[2024-01-17T21:07:58.253+0000] {logging_mixin.py:151} INFO - #False
[2024-01-17T21:07:58.253+0000] {logging_mixin.py:151} INFO - #False
[2024-01-17T21:07:58.253+0000] {logging_mixin.py:151} INFO - #False
[2024-01-17T21:07:58.253+0000] {logging_mixin.py:151} INFO - #False
[2024-01-17T21:07:58.253+0000] {logging_mixin.py:151} INFO - #False
[2024-01-17T21:07:58.253+0000] {logging_mixin.py:151} INFO - #False
[2024-01-17T21:07:58.253+0000] {logging_mixin.py:151} INFO - #False
[2024-01-17T21:07:58.253+0000] {logging_mixin.py:151} INFO - #False
[2024-01-17T21:07:58.253+0000] {logging_mixin.py:151} INFO - #False
[2024-01-17T21:07:58.253+0000] {logging_mixin.py:151} INFO - #False
[2024-01-17T21:07:58.253+0000] {logging_mixin.py:151} INFO - #False
[2024-01-17T21:07:58.253+0000] {logging_mixin.py:151} INFO - #False
[2024-01-17T21:07:58.253+0000] {logging_mixin.py:151} INFO - #False
[2024-01-17T21:07:58.253+0000] {logging_mixin.py:151} INFO - #False
[2024-01-17T21:07:58.253+0000] {logging_mixin.py:151} INFO - #False
[2024-01-17T21:07:58.254+0000] {logging_mixin.py:151} INFO - #False
[2024-01-17T21:07:58.254+0000] {logging_mixin.py:151} INFO - #False
[2024-01-17T21:07:58.254+0000] {logging_mixin.py:151} INFO - #False
[2024-01-17T21:07:58.254+0000] {logging_mixin.py:151} INFO -  submission : 
[2024-01-17T21:07:58.768+0000] {logging_mixin.py:151} INFO - #False
[2024-01-17T21:07:58.769+0000] {logging_mixin.py:151} INFO - #False
[2024-01-17T21:07:58.769+0000] {logging_mixin.py:151} INFO - #False
[2024-01-17T21:07:58.769+0000] {logging_mixin.py:151} INFO - #False
[2024-01-17T21:07:58.769+0000] {logging_mixin.py:151} INFO - #False
[2024-01-17T21:07:58.769+0000] {logging_mixin.py:151} INFO - #False
[2024-01-17T21:07:58.769+0000] {logging_mixin.py:151} INFO - #False
[2024-01-17T21:07:58.769+0000] {logging_mixin.py:151} INFO - #False
[2024-01-17T21:07:58.769+0000] {logging_mixin.py:151} INFO - #False
[2024-01-17T21:07:58.769+0000] {logging_mixin.py:151} INFO - #False
[2024-01-17T21:07:58.769+0000] {logging_mixin.py:151} INFO - #False
[2024-01-17T21:07:58.769+0000] {logging_mixin.py:151} INFO - #False
[2024-01-17T21:07:58.769+0000] {logging_mixin.py:151} INFO - #False
[2024-01-17T21:07:58.769+0000] {logging_mixin.py:151} INFO - #False
[2024-01-17T21:07:58.769+0000] {logging_mixin.py:151} INFO - #False
[2024-01-17T21:07:58.769+0000] {logging_mixin.py:151} INFO - #False
[2024-01-17T21:07:58.769+0000] {logging_mixin.py:151} INFO - #False
[2024-01-17T21:07:58.769+0000] {logging_mixin.py:151} INFO - #False
[2024-01-17T21:07:58.769+0000] {logging_mixin.py:151} INFO - #False
[2024-01-17T21:07:58.769+0000] {logging_mixin.py:151} INFO - #False
[2024-01-17T21:07:58.769+0000] {logging_mixin.py:151} INFO - #False
[2024-01-17T21:07:58.769+0000] {logging_mixin.py:151} INFO - #False
[2024-01-17T21:07:58.769+0000] {logging_mixin.py:151} INFO - #False
[2024-01-17T21:07:58.770+0000] {logging_mixin.py:151} INFO - #False
[2024-01-17T21:07:58.770+0000] {logging_mixin.py:151} INFO - #False
[2024-01-17T21:07:58.770+0000] {logging_mixin.py:151} INFO - #False
[2024-01-17T21:07:58.770+0000] {logging_mixin.py:151} INFO - #False
[2024-01-17T21:07:58.770+0000] {logging_mixin.py:151} INFO - #False
[2024-01-17T21:07:58.770+0000] {logging_mixin.py:151} INFO - #False
[2024-01-17T21:07:58.770+0000] {logging_mixin.py:151} INFO - #False
[2024-01-17T21:07:58.770+0000] {logging_mixin.py:151} INFO -  submission : 
[2024-01-17T21:07:59.307+0000] {logging_mixin.py:151} INFO - #False
[2024-01-17T21:07:59.308+0000] {logging_mixin.py:151} INFO - #False
[2024-01-17T21:07:59.308+0000] {logging_mixin.py:151} INFO - #False
[2024-01-17T21:07:59.308+0000] {logging_mixin.py:151} INFO - #False
[2024-01-17T21:07:59.308+0000] {logging_mixin.py:151} INFO - #False
[2024-01-17T21:07:59.308+0000] {logging_mixin.py:151} INFO - #False
[2024-01-17T21:07:59.308+0000] {logging_mixin.py:151} INFO - #False
[2024-01-17T21:07:59.308+0000] {logging_mixin.py:151} INFO - #False
[2024-01-17T21:07:59.308+0000] {logging_mixin.py:151} INFO - #False
[2024-01-17T21:07:59.309+0000] {logging_mixin.py:151} INFO - #False
[2024-01-17T21:07:59.309+0000] {logging_mixin.py:151} INFO - #False
[2024-01-17T21:07:59.309+0000] {logging_mixin.py:151} INFO - #False
[2024-01-17T21:07:59.309+0000] {logging_mixin.py:151} INFO - #False
[2024-01-17T21:07:59.309+0000] {logging_mixin.py:151} INFO - #False
[2024-01-17T21:07:59.309+0000] {logging_mixin.py:151} INFO - #False
[2024-01-17T21:07:59.309+0000] {logging_mixin.py:151} INFO - #False
[2024-01-17T21:07:59.309+0000] {logging_mixin.py:151} INFO - #False
[2024-01-17T21:07:59.309+0000] {logging_mixin.py:151} INFO - #False
[2024-01-17T21:07:59.309+0000] {logging_mixin.py:151} INFO - #False
[2024-01-17T21:07:59.309+0000] {logging_mixin.py:151} INFO - #False
[2024-01-17T21:07:59.309+0000] {logging_mixin.py:151} INFO - #False
[2024-01-17T21:07:59.309+0000] {logging_mixin.py:151} INFO - #False
[2024-01-17T21:07:59.309+0000] {logging_mixin.py:151} INFO - #False
[2024-01-17T21:07:59.309+0000] {logging_mixin.py:151} INFO - #False
[2024-01-17T21:07:59.309+0000] {logging_mixin.py:151} INFO - #False
[2024-01-17T21:07:59.309+0000] {logging_mixin.py:151} INFO - #False
[2024-01-17T21:07:59.309+0000] {logging_mixin.py:151} INFO - #False
[2024-01-17T21:07:59.309+0000] {logging_mixin.py:151} INFO - #False
[2024-01-17T21:07:59.309+0000] {logging_mixin.py:151} INFO - #False
[2024-01-17T21:07:59.310+0000] {logging_mixin.py:151} INFO - #False
[2024-01-17T21:07:59.310+0000] {python.py:194} INFO - Done. Returned value was: None
[2024-01-17T21:07:59.319+0000] {taskinstance.py:1400} INFO - Marking task as SUCCESS. dag_id=Stream_Data_1, task_id=Reddit, execution_date=20240117T210622, start_date=20240117T210754, end_date=20240117T210759
[2024-01-17T21:07:59.362+0000] {local_task_job_runner.py:228} INFO - Task exited with return code 0
[2024-01-17T21:07:59.374+0000] {taskinstance.py:2784} INFO - 0 downstream tasks scheduled from follow-on schedule check
