[2024-01-20T06:16:39.032+0000] {taskinstance.py:1159} INFO - Dependencies all met for dep_context=non-requeueable deps ti=<TaskInstance: Kafka_Producer_1.Reddit scheduled__2024-01-20T06:15:34.161541+00:00 [queued]>
[2024-01-20T06:16:39.038+0000] {taskinstance.py:1159} INFO - Dependencies all met for dep_context=requeueable deps ti=<TaskInstance: Kafka_Producer_1.Reddit scheduled__2024-01-20T06:15:34.161541+00:00 [queued]>
[2024-01-20T06:16:39.039+0000] {taskinstance.py:1361} INFO - Starting attempt 1 of 1
[2024-01-20T06:16:39.049+0000] {taskinstance.py:1382} INFO - Executing <Task(PythonOperator): Reddit> on 2024-01-20 06:15:34.161541+00:00
[2024-01-20T06:16:39.052+0000] {standard_task_runner.py:57} INFO - Started process 14838 to run task
[2024-01-20T06:16:39.054+0000] {standard_task_runner.py:84} INFO - Running: ['***', 'tasks', 'run', 'Kafka_Producer_1', 'Reddit', 'scheduled__2024-01-20T06:15:34.161541+00:00', '--job-id', '885', '--raw', '--subdir', 'DAGS_FOLDER/kafka_stream.py', '--cfg-path', '/tmp/tmp6ktfs_k3']
[2024-01-20T06:16:39.055+0000] {standard_task_runner.py:85} INFO - Job 885: Subtask Reddit
[2024-01-20T06:16:39.098+0000] {task_command.py:415} INFO - Running <TaskInstance: Kafka_Producer_1.Reddit scheduled__2024-01-20T06:15:34.161541+00:00 [running]> on host 45c5bfab8aa1
[2024-01-20T06:16:39.167+0000] {taskinstance.py:1660} INFO - Exporting env vars: AIRFLOW_CTX_DAG_OWNER='me' AIRFLOW_CTX_DAG_ID='Kafka_Producer_1' AIRFLOW_CTX_TASK_ID='Reddit' AIRFLOW_CTX_EXECUTION_DATE='2024-01-20T06:15:34.161541+00:00' AIRFLOW_CTX_TRY_NUMBER='1' AIRFLOW_CTX_DAG_RUN_ID='scheduled__2024-01-20T06:15:34.161541+00:00'
[2024-01-20T06:16:39.197+0000] {logging_mixin.py:151} INFO -  submission : 
[2024-01-20T06:16:40.078+0000] {logging_mixin.py:151} INFO - #False
[2024-01-20T06:16:40.079+0000] {logging_mixin.py:151} INFO - #False
[2024-01-20T06:16:40.079+0000] {logging_mixin.py:151} INFO - #False
[2024-01-20T06:16:40.079+0000] {logging_mixin.py:151} INFO - #False
[2024-01-20T06:16:40.080+0000] {logging_mixin.py:151} INFO - #False
[2024-01-20T06:16:40.080+0000] {logging_mixin.py:151} INFO - #False
[2024-01-20T06:16:40.080+0000] {logging_mixin.py:151} INFO - #False
[2024-01-20T06:16:40.080+0000] {logging_mixin.py:151} INFO - #False
[2024-01-20T06:16:40.081+0000] {logging_mixin.py:151} INFO - #False
[2024-01-20T06:16:40.081+0000] {logging_mixin.py:151} INFO - #False
[2024-01-20T06:16:40.081+0000] {logging_mixin.py:151} INFO - #False
[2024-01-20T06:16:40.081+0000] {logging_mixin.py:151} INFO - #False
[2024-01-20T06:16:40.081+0000] {logging_mixin.py:151} INFO - #False
[2024-01-20T06:16:40.082+0000] {logging_mixin.py:151} INFO - #False
[2024-01-20T06:16:40.082+0000] {logging_mixin.py:151} INFO - #False
[2024-01-20T06:16:40.082+0000] {logging_mixin.py:151} INFO - #False
[2024-01-20T06:16:40.082+0000] {logging_mixin.py:151} INFO - #False
[2024-01-20T06:16:40.083+0000] {logging_mixin.py:151} INFO - #False
[2024-01-20T06:16:40.083+0000] {logging_mixin.py:151} INFO - #False
[2024-01-20T06:16:40.083+0000] {logging_mixin.py:151} INFO - #False
[2024-01-20T06:16:40.083+0000] {logging_mixin.py:151} INFO - #False
[2024-01-20T06:16:40.084+0000] {logging_mixin.py:151} INFO - #False
[2024-01-20T06:16:40.084+0000] {logging_mixin.py:151} INFO - #False
[2024-01-20T06:16:40.084+0000] {logging_mixin.py:151} INFO - #False
[2024-01-20T06:16:40.084+0000] {logging_mixin.py:151} INFO - #False
[2024-01-20T06:16:40.085+0000] {logging_mixin.py:151} INFO - #False
[2024-01-20T06:16:40.085+0000] {logging_mixin.py:151} INFO - #False
[2024-01-20T06:16:40.085+0000] {logging_mixin.py:151} INFO - #False
[2024-01-20T06:16:40.085+0000] {logging_mixin.py:151} INFO - #False
[2024-01-20T06:16:40.086+0000] {logging_mixin.py:151} INFO - #False
[2024-01-20T06:16:40.086+0000] {logging_mixin.py:151} INFO -  submission : 
[2024-01-20T06:16:40.694+0000] {logging_mixin.py:151} INFO - #False
[2024-01-20T06:16:40.694+0000] {logging_mixin.py:151} INFO - #False
[2024-01-20T06:16:40.694+0000] {logging_mixin.py:151} INFO - #False
[2024-01-20T06:16:40.695+0000] {logging_mixin.py:151} INFO - #False
[2024-01-20T06:16:40.695+0000] {logging_mixin.py:151} INFO - #False
[2024-01-20T06:16:40.695+0000] {logging_mixin.py:151} INFO - #False
[2024-01-20T06:16:40.696+0000] {logging_mixin.py:151} INFO - #False
[2024-01-20T06:16:40.696+0000] {logging_mixin.py:151} INFO - #False
[2024-01-20T06:16:40.696+0000] {logging_mixin.py:151} INFO - #False
[2024-01-20T06:16:40.697+0000] {logging_mixin.py:151} INFO - #False
[2024-01-20T06:16:40.697+0000] {logging_mixin.py:151} INFO - #False
[2024-01-20T06:16:40.697+0000] {logging_mixin.py:151} INFO - #False
[2024-01-20T06:16:40.697+0000] {logging_mixin.py:151} INFO - #False
[2024-01-20T06:16:40.698+0000] {logging_mixin.py:151} INFO - #False
[2024-01-20T06:16:40.698+0000] {logging_mixin.py:151} INFO - #False
[2024-01-20T06:16:40.698+0000] {logging_mixin.py:151} INFO - #False
[2024-01-20T06:16:40.698+0000] {logging_mixin.py:151} INFO - #False
[2024-01-20T06:16:40.698+0000] {logging_mixin.py:151} INFO - #False
[2024-01-20T06:16:40.699+0000] {logging_mixin.py:151} INFO - #False
[2024-01-20T06:16:40.699+0000] {logging_mixin.py:151} INFO - #False
[2024-01-20T06:16:40.700+0000] {logging_mixin.py:151} INFO - #False
[2024-01-20T06:16:40.700+0000] {logging_mixin.py:151} INFO - #False
[2024-01-20T06:16:40.700+0000] {logging_mixin.py:151} INFO - #False
[2024-01-20T06:16:40.701+0000] {logging_mixin.py:151} INFO - #False
[2024-01-20T06:16:40.702+0000] {logging_mixin.py:151} INFO - #False
[2024-01-20T06:16:40.702+0000] {logging_mixin.py:151} INFO - #False
[2024-01-20T06:16:40.703+0000] {logging_mixin.py:151} INFO - #False
[2024-01-20T06:16:40.703+0000] {logging_mixin.py:151} INFO - #False
[2024-01-20T06:16:40.705+0000] {logging_mixin.py:151} INFO - #False
[2024-01-20T06:16:40.705+0000] {logging_mixin.py:151} INFO - #False
[2024-01-20T06:16:40.706+0000] {logging_mixin.py:151} INFO -  submission : 
[2024-01-20T06:16:41.182+0000] {logging_mixin.py:151} INFO - #False
[2024-01-20T06:16:41.182+0000] {logging_mixin.py:151} INFO - #False
[2024-01-20T06:16:41.183+0000] {logging_mixin.py:151} INFO - #False
[2024-01-20T06:16:41.183+0000] {logging_mixin.py:151} INFO - #False
[2024-01-20T06:16:41.183+0000] {logging_mixin.py:151} INFO - #False
[2024-01-20T06:16:41.184+0000] {logging_mixin.py:151} INFO - #False
[2024-01-20T06:16:41.184+0000] {logging_mixin.py:151} INFO - #False
[2024-01-20T06:16:41.184+0000] {logging_mixin.py:151} INFO - #False
[2024-01-20T06:16:41.184+0000] {logging_mixin.py:151} INFO - #False
[2024-01-20T06:16:41.185+0000] {logging_mixin.py:151} INFO - #False
[2024-01-20T06:16:41.185+0000] {logging_mixin.py:151} INFO - #False
[2024-01-20T06:16:41.185+0000] {logging_mixin.py:151} INFO - #False
[2024-01-20T06:16:41.185+0000] {logging_mixin.py:151} INFO - #False
[2024-01-20T06:16:41.186+0000] {logging_mixin.py:151} INFO - #False
[2024-01-20T06:16:41.186+0000] {logging_mixin.py:151} INFO - #False
[2024-01-20T06:16:41.186+0000] {logging_mixin.py:151} INFO - #False
[2024-01-20T06:16:41.186+0000] {logging_mixin.py:151} INFO - #False
[2024-01-20T06:16:41.187+0000] {logging_mixin.py:151} INFO - #False
[2024-01-20T06:16:41.187+0000] {logging_mixin.py:151} INFO - #False
[2024-01-20T06:16:41.187+0000] {logging_mixin.py:151} INFO - #False
[2024-01-20T06:16:41.188+0000] {logging_mixin.py:151} INFO - #False
[2024-01-20T06:16:41.188+0000] {logging_mixin.py:151} INFO - #False
[2024-01-20T06:16:41.188+0000] {logging_mixin.py:151} INFO - #False
[2024-01-20T06:16:41.188+0000] {logging_mixin.py:151} INFO - #False
[2024-01-20T06:16:41.189+0000] {logging_mixin.py:151} INFO - #False
[2024-01-20T06:16:41.189+0000] {logging_mixin.py:151} INFO - #False
[2024-01-20T06:16:41.189+0000] {logging_mixin.py:151} INFO - #False
[2024-01-20T06:16:41.189+0000] {logging_mixin.py:151} INFO - #False
[2024-01-20T06:16:41.189+0000] {logging_mixin.py:151} INFO - #False
[2024-01-20T06:16:41.190+0000] {logging_mixin.py:151} INFO - #False
[2024-01-20T06:16:41.190+0000] {logging_mixin.py:151} INFO -  submission : 
[2024-01-20T06:16:41.598+0000] {logging_mixin.py:151} INFO - #False
[2024-01-20T06:16:41.598+0000] {logging_mixin.py:151} INFO - #False
[2024-01-20T06:16:41.599+0000] {logging_mixin.py:151} INFO - #False
[2024-01-20T06:16:41.599+0000] {logging_mixin.py:151} INFO - #False
[2024-01-20T06:16:41.600+0000] {logging_mixin.py:151} INFO - #False
[2024-01-20T06:16:41.600+0000] {logging_mixin.py:151} INFO - #False
[2024-01-20T06:16:41.601+0000] {logging_mixin.py:151} INFO - #False
[2024-01-20T06:16:41.601+0000] {logging_mixin.py:151} INFO - #False
[2024-01-20T06:16:41.603+0000] {logging_mixin.py:151} INFO - #False
[2024-01-20T06:16:41.603+0000] {logging_mixin.py:151} INFO - #False
[2024-01-20T06:16:41.604+0000] {logging_mixin.py:151} INFO - #False
[2024-01-20T06:16:41.604+0000] {logging_mixin.py:151} INFO - #False
[2024-01-20T06:16:41.605+0000] {logging_mixin.py:151} INFO - #False
[2024-01-20T06:16:41.605+0000] {logging_mixin.py:151} INFO - #False
[2024-01-20T06:16:41.606+0000] {logging_mixin.py:151} INFO - #False
[2024-01-20T06:16:41.607+0000] {logging_mixin.py:151} INFO - #False
[2024-01-20T06:16:41.607+0000] {logging_mixin.py:151} INFO - #False
[2024-01-20T06:16:41.608+0000] {logging_mixin.py:151} INFO - #False
[2024-01-20T06:16:41.608+0000] {logging_mixin.py:151} INFO - #False
[2024-01-20T06:16:41.609+0000] {logging_mixin.py:151} INFO - #False
[2024-01-20T06:16:41.609+0000] {logging_mixin.py:151} INFO - #False
[2024-01-20T06:16:41.609+0000] {logging_mixin.py:151} INFO - #False
[2024-01-20T06:16:41.610+0000] {logging_mixin.py:151} INFO - #False
[2024-01-20T06:16:41.611+0000] {logging_mixin.py:151} INFO - #False
[2024-01-20T06:16:41.611+0000] {logging_mixin.py:151} INFO - #False
[2024-01-20T06:16:41.612+0000] {logging_mixin.py:151} INFO - #False
[2024-01-20T06:16:41.612+0000] {logging_mixin.py:151} INFO - #False
[2024-01-20T06:16:41.612+0000] {logging_mixin.py:151} INFO - #False
[2024-01-20T06:16:41.613+0000] {logging_mixin.py:151} INFO - #False
[2024-01-20T06:16:41.614+0000] {logging_mixin.py:151} INFO - #False
[2024-01-20T06:16:41.614+0000] {logging_mixin.py:151} INFO -  submission : 
[2024-01-20T06:16:42.114+0000] {logging_mixin.py:151} INFO - #False
[2024-01-20T06:16:42.115+0000] {logging_mixin.py:151} INFO - #False
[2024-01-20T06:16:42.115+0000] {logging_mixin.py:151} INFO - #False
[2024-01-20T06:16:42.116+0000] {logging_mixin.py:151} INFO - #False
[2024-01-20T06:16:42.116+0000] {logging_mixin.py:151} INFO - #False
[2024-01-20T06:16:42.116+0000] {logging_mixin.py:151} INFO - #False
[2024-01-20T06:16:42.117+0000] {logging_mixin.py:151} INFO - #False
[2024-01-20T06:16:42.117+0000] {logging_mixin.py:151} INFO - #False
[2024-01-20T06:16:42.117+0000] {logging_mixin.py:151} INFO - #False
[2024-01-20T06:16:42.117+0000] {logging_mixin.py:151} INFO - #False
[2024-01-20T06:16:42.118+0000] {logging_mixin.py:151} INFO - #False
[2024-01-20T06:16:42.118+0000] {logging_mixin.py:151} INFO - #False
[2024-01-20T06:16:42.118+0000] {logging_mixin.py:151} INFO - #False
[2024-01-20T06:16:42.118+0000] {logging_mixin.py:151} INFO - #False
[2024-01-20T06:16:42.119+0000] {logging_mixin.py:151} INFO - #False
[2024-01-20T06:16:42.119+0000] {logging_mixin.py:151} INFO - #False
[2024-01-20T06:16:42.119+0000] {logging_mixin.py:151} INFO - #False
[2024-01-20T06:16:42.119+0000] {logging_mixin.py:151} INFO - #False
[2024-01-20T06:16:42.120+0000] {logging_mixin.py:151} INFO - #False
[2024-01-20T06:16:42.120+0000] {logging_mixin.py:151} INFO - #False
[2024-01-20T06:16:42.120+0000] {logging_mixin.py:151} INFO - #False
[2024-01-20T06:16:42.120+0000] {logging_mixin.py:151} INFO - #False
[2024-01-20T06:16:42.121+0000] {logging_mixin.py:151} INFO - #False
[2024-01-20T06:16:42.121+0000] {logging_mixin.py:151} INFO - #False
[2024-01-20T06:16:42.121+0000] {logging_mixin.py:151} INFO - #False
[2024-01-20T06:16:42.121+0000] {logging_mixin.py:151} INFO - #False
[2024-01-20T06:16:42.122+0000] {logging_mixin.py:151} INFO - #False
[2024-01-20T06:16:42.122+0000] {logging_mixin.py:151} INFO - #False
[2024-01-20T06:16:42.122+0000] {logging_mixin.py:151} INFO - #False
[2024-01-20T06:16:42.122+0000] {logging_mixin.py:151} INFO - #False
[2024-01-20T06:16:42.123+0000] {logging_mixin.py:151} INFO -  submission : 
[2024-01-20T06:16:42.596+0000] {logging_mixin.py:151} INFO - #False
[2024-01-20T06:16:42.596+0000] {logging_mixin.py:151} INFO - #False
[2024-01-20T06:16:42.597+0000] {logging_mixin.py:151} INFO - #False
[2024-01-20T06:16:42.597+0000] {logging_mixin.py:151} INFO - #False
[2024-01-20T06:16:42.597+0000] {logging_mixin.py:151} INFO - #False
[2024-01-20T06:16:42.597+0000] {logging_mixin.py:151} INFO - #False
[2024-01-20T06:16:42.598+0000] {logging_mixin.py:151} INFO - #False
[2024-01-20T06:16:42.598+0000] {logging_mixin.py:151} INFO - #False
[2024-01-20T06:16:42.598+0000] {logging_mixin.py:151} INFO - #False
[2024-01-20T06:16:42.599+0000] {logging_mixin.py:151} INFO - #False
[2024-01-20T06:16:42.599+0000] {logging_mixin.py:151} INFO - #False
[2024-01-20T06:16:42.599+0000] {logging_mixin.py:151} INFO - #False
[2024-01-20T06:16:42.599+0000] {logging_mixin.py:151} INFO - #False
[2024-01-20T06:16:42.600+0000] {logging_mixin.py:151} INFO - #False
[2024-01-20T06:16:42.600+0000] {logging_mixin.py:151} INFO - #False
[2024-01-20T06:16:42.600+0000] {logging_mixin.py:151} INFO - #False
[2024-01-20T06:16:42.601+0000] {logging_mixin.py:151} INFO - #False
[2024-01-20T06:16:42.601+0000] {logging_mixin.py:151} INFO - #False
[2024-01-20T06:16:42.601+0000] {logging_mixin.py:151} INFO - #False
[2024-01-20T06:16:42.601+0000] {logging_mixin.py:151} INFO - #False
[2024-01-20T06:16:42.601+0000] {logging_mixin.py:151} INFO - #False
[2024-01-20T06:16:42.602+0000] {logging_mixin.py:151} INFO - #False
[2024-01-20T06:16:42.602+0000] {logging_mixin.py:151} INFO - #False
[2024-01-20T06:16:42.602+0000] {logging_mixin.py:151} INFO - #False
[2024-01-20T06:16:42.602+0000] {logging_mixin.py:151} INFO - #False
[2024-01-20T06:16:42.603+0000] {logging_mixin.py:151} INFO - #False
[2024-01-20T06:16:42.603+0000] {logging_mixin.py:151} INFO - #False
[2024-01-20T06:16:42.603+0000] {logging_mixin.py:151} INFO - #False
[2024-01-20T06:16:42.604+0000] {logging_mixin.py:151} INFO - #False
[2024-01-20T06:16:42.604+0000] {logging_mixin.py:151} INFO - #False
[2024-01-20T06:16:42.604+0000] {logging_mixin.py:151} INFO -  submission : 
[2024-01-20T06:16:43.215+0000] {logging_mixin.py:151} INFO - #False
[2024-01-20T06:16:43.216+0000] {logging_mixin.py:151} INFO - #False
[2024-01-20T06:16:43.216+0000] {logging_mixin.py:151} INFO - #False
[2024-01-20T06:16:43.217+0000] {logging_mixin.py:151} INFO - #False
[2024-01-20T06:16:43.217+0000] {logging_mixin.py:151} INFO - #False
[2024-01-20T06:16:43.217+0000] {logging_mixin.py:151} INFO - #False
[2024-01-20T06:16:43.217+0000] {logging_mixin.py:151} INFO - #False
[2024-01-20T06:16:43.218+0000] {logging_mixin.py:151} INFO - #False
[2024-01-20T06:16:43.218+0000] {logging_mixin.py:151} INFO - #False
[2024-01-20T06:16:43.218+0000] {logging_mixin.py:151} INFO - #False
[2024-01-20T06:16:43.219+0000] {logging_mixin.py:151} INFO - #False
[2024-01-20T06:16:43.219+0000] {logging_mixin.py:151} INFO - #False
[2024-01-20T06:16:43.219+0000] {logging_mixin.py:151} INFO - #False
[2024-01-20T06:16:43.219+0000] {logging_mixin.py:151} INFO - #False
[2024-01-20T06:16:43.220+0000] {logging_mixin.py:151} INFO - #False
[2024-01-20T06:16:43.220+0000] {logging_mixin.py:151} INFO - #False
[2024-01-20T06:16:43.220+0000] {logging_mixin.py:151} INFO - #False
[2024-01-20T06:16:43.220+0000] {logging_mixin.py:151} INFO - #False
[2024-01-20T06:16:43.221+0000] {logging_mixin.py:151} INFO - #False
[2024-01-20T06:16:43.221+0000] {logging_mixin.py:151} INFO - #False
[2024-01-20T06:16:43.221+0000] {logging_mixin.py:151} INFO - #False
[2024-01-20T06:16:43.221+0000] {logging_mixin.py:151} INFO - #False
[2024-01-20T06:16:43.221+0000] {logging_mixin.py:151} INFO - #False
[2024-01-20T06:16:43.222+0000] {logging_mixin.py:151} INFO - #False
[2024-01-20T06:16:43.222+0000] {logging_mixin.py:151} INFO - #False
[2024-01-20T06:16:43.222+0000] {logging_mixin.py:151} INFO - #False
[2024-01-20T06:16:43.223+0000] {logging_mixin.py:151} INFO - #False
[2024-01-20T06:16:43.223+0000] {logging_mixin.py:151} INFO - #False
[2024-01-20T06:16:43.223+0000] {logging_mixin.py:151} INFO - #False
[2024-01-20T06:16:43.223+0000] {logging_mixin.py:151} INFO - #False
[2024-01-20T06:16:43.224+0000] {logging_mixin.py:151} INFO -  submission : 
[2024-01-20T06:16:44.084+0000] {logging_mixin.py:151} INFO - #False
[2024-01-20T06:16:44.084+0000] {logging_mixin.py:151} INFO - #False
[2024-01-20T06:16:44.084+0000] {logging_mixin.py:151} INFO - #False
[2024-01-20T06:16:44.085+0000] {logging_mixin.py:151} INFO - #False
[2024-01-20T06:16:44.085+0000] {logging_mixin.py:151} INFO - #False
[2024-01-20T06:16:44.085+0000] {logging_mixin.py:151} INFO - #False
[2024-01-20T06:16:44.086+0000] {logging_mixin.py:151} INFO - #False
[2024-01-20T06:16:44.086+0000] {logging_mixin.py:151} INFO - #False
[2024-01-20T06:16:44.086+0000] {logging_mixin.py:151} INFO - #False
[2024-01-20T06:16:44.086+0000] {logging_mixin.py:151} INFO - #False
[2024-01-20T06:16:44.087+0000] {logging_mixin.py:151} INFO - #False
[2024-01-20T06:16:44.087+0000] {logging_mixin.py:151} INFO - #False
[2024-01-20T06:16:44.087+0000] {logging_mixin.py:151} INFO - #False
[2024-01-20T06:16:44.087+0000] {logging_mixin.py:151} INFO - #False
[2024-01-20T06:16:44.088+0000] {logging_mixin.py:151} INFO - #False
[2024-01-20T06:16:44.088+0000] {logging_mixin.py:151} INFO - #False
[2024-01-20T06:16:44.088+0000] {logging_mixin.py:151} INFO - #False
[2024-01-20T06:16:44.088+0000] {logging_mixin.py:151} INFO - #False
[2024-01-20T06:16:44.089+0000] {logging_mixin.py:151} INFO - #False
[2024-01-20T06:16:44.089+0000] {logging_mixin.py:151} INFO - #False
[2024-01-20T06:16:44.089+0000] {logging_mixin.py:151} INFO - #False
[2024-01-20T06:16:44.090+0000] {logging_mixin.py:151} INFO - #False
[2024-01-20T06:16:44.090+0000] {logging_mixin.py:151} INFO - #False
[2024-01-20T06:16:44.090+0000] {logging_mixin.py:151} INFO - #False
[2024-01-20T06:16:44.091+0000] {logging_mixin.py:151} INFO - #False
[2024-01-20T06:16:44.091+0000] {logging_mixin.py:151} INFO - #False
[2024-01-20T06:16:44.091+0000] {logging_mixin.py:151} INFO - #False
[2024-01-20T06:16:44.091+0000] {logging_mixin.py:151} INFO - #False
[2024-01-20T06:16:44.091+0000] {logging_mixin.py:151} INFO - #False
[2024-01-20T06:16:44.092+0000] {logging_mixin.py:151} INFO - #False
[2024-01-20T06:16:44.092+0000] {python.py:194} INFO - Done. Returned value was: None
[2024-01-20T06:16:44.100+0000] {taskinstance.py:1400} INFO - Marking task as SUCCESS. dag_id=Kafka_Producer_1, task_id=Reddit, execution_date=20240120T061534, start_date=20240120T061639, end_date=20240120T061644
[2024-01-20T06:16:44.123+0000] {local_task_job_runner.py:228} INFO - Task exited with return code 0
[2024-01-20T06:16:44.135+0000] {taskinstance.py:2784} INFO - 0 downstream tasks scheduled from follow-on schedule check
