[2024-01-20T06:24:38.882+0000] {taskinstance.py:1159} INFO - Dependencies all met for dep_context=non-requeueable deps ti=<TaskInstance: Kafka_Producer_1.Reddit scheduled__2024-01-20T06:23:34.161541+00:00 [queued]>
[2024-01-20T06:24:38.888+0000] {taskinstance.py:1159} INFO - Dependencies all met for dep_context=requeueable deps ti=<TaskInstance: Kafka_Producer_1.Reddit scheduled__2024-01-20T06:23:34.161541+00:00 [queued]>
[2024-01-20T06:24:38.889+0000] {taskinstance.py:1361} INFO - Starting attempt 1 of 1
[2024-01-20T06:24:38.900+0000] {taskinstance.py:1382} INFO - Executing <Task(PythonOperator): Reddit> on 2024-01-20 06:23:34.161541+00:00
[2024-01-20T06:24:38.903+0000] {standard_task_runner.py:57} INFO - Started process 15084 to run task
[2024-01-20T06:24:38.905+0000] {standard_task_runner.py:84} INFO - Running: ['***', 'tasks', 'run', 'Kafka_Producer_1', 'Reddit', 'scheduled__2024-01-20T06:23:34.161541+00:00', '--job-id', '939', '--raw', '--subdir', 'DAGS_FOLDER/kafka_stream.py', '--cfg-path', '/tmp/tmp_u6k05pw']
[2024-01-20T06:24:38.906+0000] {standard_task_runner.py:85} INFO - Job 939: Subtask Reddit
[2024-01-20T06:24:38.958+0000] {task_command.py:415} INFO - Running <TaskInstance: Kafka_Producer_1.Reddit scheduled__2024-01-20T06:23:34.161541+00:00 [running]> on host 45c5bfab8aa1
[2024-01-20T06:24:39.034+0000] {taskinstance.py:1660} INFO - Exporting env vars: AIRFLOW_CTX_DAG_OWNER='me' AIRFLOW_CTX_DAG_ID='Kafka_Producer_1' AIRFLOW_CTX_TASK_ID='Reddit' AIRFLOW_CTX_EXECUTION_DATE='2024-01-20T06:23:34.161541+00:00' AIRFLOW_CTX_TRY_NUMBER='1' AIRFLOW_CTX_DAG_RUN_ID='scheduled__2024-01-20T06:23:34.161541+00:00'
[2024-01-20T06:24:39.064+0000] {logging_mixin.py:151} INFO -  submission : 
[2024-01-20T06:24:39.895+0000] {logging_mixin.py:151} INFO - #False
[2024-01-20T06:24:39.896+0000] {logging_mixin.py:151} INFO - #False
[2024-01-20T06:24:39.896+0000] {logging_mixin.py:151} INFO - #False
[2024-01-20T06:24:39.897+0000] {logging_mixin.py:151} INFO - #False
[2024-01-20T06:24:39.897+0000] {logging_mixin.py:151} INFO - #False
[2024-01-20T06:24:39.897+0000] {logging_mixin.py:151} INFO - #False
[2024-01-20T06:24:39.898+0000] {logging_mixin.py:151} INFO - #False
[2024-01-20T06:24:39.898+0000] {logging_mixin.py:151} INFO - #False
[2024-01-20T06:24:39.898+0000] {logging_mixin.py:151} INFO - #False
[2024-01-20T06:24:39.898+0000] {logging_mixin.py:151} INFO - #False
[2024-01-20T06:24:39.899+0000] {logging_mixin.py:151} INFO - #False
[2024-01-20T06:24:39.899+0000] {logging_mixin.py:151} INFO - #False
[2024-01-20T06:24:39.899+0000] {logging_mixin.py:151} INFO - #False
[2024-01-20T06:24:39.900+0000] {logging_mixin.py:151} INFO - #False
[2024-01-20T06:24:39.900+0000] {logging_mixin.py:151} INFO - #False
[2024-01-20T06:24:39.901+0000] {logging_mixin.py:151} INFO - #False
[2024-01-20T06:24:39.901+0000] {logging_mixin.py:151} INFO - #False
[2024-01-20T06:24:39.901+0000] {logging_mixin.py:151} INFO - #False
[2024-01-20T06:24:39.902+0000] {logging_mixin.py:151} INFO - #False
[2024-01-20T06:24:39.902+0000] {logging_mixin.py:151} INFO - #False
[2024-01-20T06:24:39.902+0000] {logging_mixin.py:151} INFO - #False
[2024-01-20T06:24:39.903+0000] {logging_mixin.py:151} INFO - #False
[2024-01-20T06:24:39.903+0000] {logging_mixin.py:151} INFO - #False
[2024-01-20T06:24:39.903+0000] {logging_mixin.py:151} INFO - #False
[2024-01-20T06:24:39.903+0000] {logging_mixin.py:151} INFO - #False
[2024-01-20T06:24:39.904+0000] {logging_mixin.py:151} INFO - #False
[2024-01-20T06:24:39.904+0000] {logging_mixin.py:151} INFO - #False
[2024-01-20T06:24:39.904+0000] {logging_mixin.py:151} INFO - #False
[2024-01-20T06:24:39.904+0000] {logging_mixin.py:151} INFO - #False
[2024-01-20T06:24:39.905+0000] {logging_mixin.py:151} INFO - #False
[2024-01-20T06:24:39.905+0000] {logging_mixin.py:151} INFO -  submission : 
[2024-01-20T06:24:40.403+0000] {logging_mixin.py:151} INFO - #False
[2024-01-20T06:24:40.404+0000] {logging_mixin.py:151} INFO - #False
[2024-01-20T06:24:40.404+0000] {logging_mixin.py:151} INFO - #False
[2024-01-20T06:24:40.405+0000] {logging_mixin.py:151} INFO - #False
[2024-01-20T06:24:40.405+0000] {logging_mixin.py:151} INFO - #False
[2024-01-20T06:24:40.405+0000] {logging_mixin.py:151} INFO - #False
[2024-01-20T06:24:40.406+0000] {logging_mixin.py:151} INFO - #False
[2024-01-20T06:24:40.406+0000] {logging_mixin.py:151} INFO - #False
[2024-01-20T06:24:40.406+0000] {logging_mixin.py:151} INFO - #False
[2024-01-20T06:24:40.406+0000] {logging_mixin.py:151} INFO - #False
[2024-01-20T06:24:40.406+0000] {logging_mixin.py:151} INFO - #False
[2024-01-20T06:24:40.407+0000] {logging_mixin.py:151} INFO - #False
[2024-01-20T06:24:40.407+0000] {logging_mixin.py:151} INFO - #False
[2024-01-20T06:24:40.407+0000] {logging_mixin.py:151} INFO - #False
[2024-01-20T06:24:40.407+0000] {logging_mixin.py:151} INFO - #False
[2024-01-20T06:24:40.408+0000] {logging_mixin.py:151} INFO - #False
[2024-01-20T06:24:40.408+0000] {logging_mixin.py:151} INFO - #False
[2024-01-20T06:24:40.408+0000] {logging_mixin.py:151} INFO - #False
[2024-01-20T06:24:40.408+0000] {logging_mixin.py:151} INFO - #False
[2024-01-20T06:24:40.408+0000] {logging_mixin.py:151} INFO - #False
[2024-01-20T06:24:40.409+0000] {logging_mixin.py:151} INFO - #False
[2024-01-20T06:24:40.409+0000] {logging_mixin.py:151} INFO - #False
[2024-01-20T06:24:40.409+0000] {logging_mixin.py:151} INFO - #False
[2024-01-20T06:24:40.409+0000] {logging_mixin.py:151} INFO - #False
[2024-01-20T06:24:40.409+0000] {logging_mixin.py:151} INFO - #False
[2024-01-20T06:24:40.410+0000] {logging_mixin.py:151} INFO - #False
[2024-01-20T06:24:40.410+0000] {logging_mixin.py:151} INFO - #False
[2024-01-20T06:24:40.410+0000] {logging_mixin.py:151} INFO - #False
[2024-01-20T06:24:40.410+0000] {logging_mixin.py:151} INFO - #False
[2024-01-20T06:24:40.411+0000] {logging_mixin.py:151} INFO - #False
[2024-01-20T06:24:40.411+0000] {logging_mixin.py:151} INFO -  submission : 
[2024-01-20T06:24:40.948+0000] {logging_mixin.py:151} INFO - #False
[2024-01-20T06:24:40.948+0000] {logging_mixin.py:151} INFO - #False
[2024-01-20T06:24:40.949+0000] {logging_mixin.py:151} INFO - #False
[2024-01-20T06:24:40.949+0000] {logging_mixin.py:151} INFO - #False
[2024-01-20T06:24:40.950+0000] {logging_mixin.py:151} INFO - #False
[2024-01-20T06:24:40.950+0000] {logging_mixin.py:151} INFO - #False
[2024-01-20T06:24:40.951+0000] {logging_mixin.py:151} INFO - #False
[2024-01-20T06:24:40.951+0000] {logging_mixin.py:151} INFO - #False
[2024-01-20T06:24:40.951+0000] {logging_mixin.py:151} INFO - #False
[2024-01-20T06:24:40.951+0000] {logging_mixin.py:151} INFO - #False
[2024-01-20T06:24:40.952+0000] {logging_mixin.py:151} INFO - #False
[2024-01-20T06:24:40.952+0000] {logging_mixin.py:151} INFO - #False
[2024-01-20T06:24:40.952+0000] {logging_mixin.py:151} INFO - #False
[2024-01-20T06:24:40.952+0000] {logging_mixin.py:151} INFO - #False
[2024-01-20T06:24:40.953+0000] {logging_mixin.py:151} INFO - #False
[2024-01-20T06:24:40.953+0000] {logging_mixin.py:151} INFO - #False
[2024-01-20T06:24:40.953+0000] {logging_mixin.py:151} INFO - #False
[2024-01-20T06:24:40.953+0000] {logging_mixin.py:151} INFO - #False
[2024-01-20T06:24:40.953+0000] {logging_mixin.py:151} INFO - #False
[2024-01-20T06:24:40.954+0000] {logging_mixin.py:151} INFO - #False
[2024-01-20T06:24:40.954+0000] {logging_mixin.py:151} INFO - #False
[2024-01-20T06:24:40.954+0000] {logging_mixin.py:151} INFO - #False
[2024-01-20T06:24:40.954+0000] {logging_mixin.py:151} INFO - #False
[2024-01-20T06:24:40.955+0000] {logging_mixin.py:151} INFO - #False
[2024-01-20T06:24:40.955+0000] {logging_mixin.py:151} INFO - #False
[2024-01-20T06:24:40.955+0000] {logging_mixin.py:151} INFO - #False
[2024-01-20T06:24:40.955+0000] {logging_mixin.py:151} INFO - #False
[2024-01-20T06:24:40.956+0000] {logging_mixin.py:151} INFO - #False
[2024-01-20T06:24:40.956+0000] {logging_mixin.py:151} INFO - #False
[2024-01-20T06:24:40.956+0000] {logging_mixin.py:151} INFO - #False
[2024-01-20T06:24:40.957+0000] {logging_mixin.py:151} INFO -  submission : 
[2024-01-20T06:24:41.344+0000] {logging_mixin.py:151} INFO - #False
[2024-01-20T06:24:41.345+0000] {logging_mixin.py:151} INFO - #False
[2024-01-20T06:24:41.345+0000] {logging_mixin.py:151} INFO - #False
[2024-01-20T06:24:41.345+0000] {logging_mixin.py:151} INFO - #False
[2024-01-20T06:24:41.346+0000] {logging_mixin.py:151} INFO - #False
[2024-01-20T06:24:41.346+0000] {logging_mixin.py:151} INFO - #False
[2024-01-20T06:24:41.346+0000] {logging_mixin.py:151} INFO - #False
[2024-01-20T06:24:41.346+0000] {logging_mixin.py:151} INFO - #False
[2024-01-20T06:24:41.347+0000] {logging_mixin.py:151} INFO - #False
[2024-01-20T06:24:41.347+0000] {logging_mixin.py:151} INFO - #False
[2024-01-20T06:24:41.347+0000] {logging_mixin.py:151} INFO - #False
[2024-01-20T06:24:41.347+0000] {logging_mixin.py:151} INFO - #False
[2024-01-20T06:24:41.348+0000] {logging_mixin.py:151} INFO - #False
[2024-01-20T06:24:41.348+0000] {logging_mixin.py:151} INFO - #False
[2024-01-20T06:24:41.348+0000] {logging_mixin.py:151} INFO - #False
[2024-01-20T06:24:41.349+0000] {logging_mixin.py:151} INFO - #False
[2024-01-20T06:24:41.349+0000] {logging_mixin.py:151} INFO - #False
[2024-01-20T06:24:41.349+0000] {logging_mixin.py:151} INFO - #False
[2024-01-20T06:24:41.349+0000] {logging_mixin.py:151} INFO - #False
[2024-01-20T06:24:41.350+0000] {logging_mixin.py:151} INFO - #False
[2024-01-20T06:24:41.350+0000] {logging_mixin.py:151} INFO - #False
[2024-01-20T06:24:41.350+0000] {logging_mixin.py:151} INFO - #False
[2024-01-20T06:24:41.350+0000] {logging_mixin.py:151} INFO - #False
[2024-01-20T06:24:41.350+0000] {logging_mixin.py:151} INFO - #False
[2024-01-20T06:24:41.351+0000] {logging_mixin.py:151} INFO - #False
[2024-01-20T06:24:41.351+0000] {logging_mixin.py:151} INFO - #False
[2024-01-20T06:24:41.351+0000] {logging_mixin.py:151} INFO - #False
[2024-01-20T06:24:41.351+0000] {logging_mixin.py:151} INFO - #False
[2024-01-20T06:24:41.352+0000] {logging_mixin.py:151} INFO - #False
[2024-01-20T06:24:41.352+0000] {logging_mixin.py:151} INFO - #False
[2024-01-20T06:24:41.352+0000] {logging_mixin.py:151} INFO -  submission : 
[2024-01-20T06:24:41.843+0000] {logging_mixin.py:151} INFO - #False
[2024-01-20T06:24:41.844+0000] {logging_mixin.py:151} INFO - #False
[2024-01-20T06:24:41.845+0000] {logging_mixin.py:151} INFO - #False
[2024-01-20T06:24:41.845+0000] {logging_mixin.py:151} INFO - #False
[2024-01-20T06:24:41.845+0000] {logging_mixin.py:151} INFO - #False
[2024-01-20T06:24:41.845+0000] {logging_mixin.py:151} INFO - #False
[2024-01-20T06:24:41.846+0000] {logging_mixin.py:151} INFO - #False
[2024-01-20T06:24:41.846+0000] {logging_mixin.py:151} INFO - #False
[2024-01-20T06:24:41.846+0000] {logging_mixin.py:151} INFO - #False
[2024-01-20T06:24:41.846+0000] {logging_mixin.py:151} INFO - #False
[2024-01-20T06:24:41.847+0000] {logging_mixin.py:151} INFO - #False
[2024-01-20T06:24:41.847+0000] {logging_mixin.py:151} INFO - #False
[2024-01-20T06:24:41.847+0000] {logging_mixin.py:151} INFO - #False
[2024-01-20T06:24:41.847+0000] {logging_mixin.py:151} INFO - #False
[2024-01-20T06:24:41.848+0000] {logging_mixin.py:151} INFO - #False
[2024-01-20T06:24:41.848+0000] {logging_mixin.py:151} INFO - #False
[2024-01-20T06:24:41.848+0000] {logging_mixin.py:151} INFO - #False
[2024-01-20T06:24:41.848+0000] {logging_mixin.py:151} INFO - #False
[2024-01-20T06:24:41.848+0000] {logging_mixin.py:151} INFO - #False
[2024-01-20T06:24:41.849+0000] {logging_mixin.py:151} INFO - #False
[2024-01-20T06:24:41.849+0000] {logging_mixin.py:151} INFO - #False
[2024-01-20T06:24:41.849+0000] {logging_mixin.py:151} INFO - #False
[2024-01-20T06:24:41.849+0000] {logging_mixin.py:151} INFO - #False
[2024-01-20T06:24:41.850+0000] {logging_mixin.py:151} INFO - #False
[2024-01-20T06:24:41.850+0000] {logging_mixin.py:151} INFO - #False
[2024-01-20T06:24:41.850+0000] {logging_mixin.py:151} INFO - #False
[2024-01-20T06:24:41.850+0000] {logging_mixin.py:151} INFO - #False
[2024-01-20T06:24:41.850+0000] {logging_mixin.py:151} INFO - #False
[2024-01-20T06:24:41.851+0000] {logging_mixin.py:151} INFO - #False
[2024-01-20T06:24:41.851+0000] {logging_mixin.py:151} INFO - #False
[2024-01-20T06:24:41.851+0000] {logging_mixin.py:151} INFO -  submission : 
[2024-01-20T06:24:42.214+0000] {logging_mixin.py:151} INFO - #False
[2024-01-20T06:24:42.215+0000] {logging_mixin.py:151} INFO - #False
[2024-01-20T06:24:42.215+0000] {logging_mixin.py:151} INFO - #False
[2024-01-20T06:24:42.216+0000] {logging_mixin.py:151} INFO - #False
[2024-01-20T06:24:42.216+0000] {logging_mixin.py:151} INFO - #False
[2024-01-20T06:24:42.216+0000] {logging_mixin.py:151} INFO - #False
[2024-01-20T06:24:42.217+0000] {logging_mixin.py:151} INFO - #False
[2024-01-20T06:24:42.217+0000] {logging_mixin.py:151} INFO - #False
[2024-01-20T06:24:42.217+0000] {logging_mixin.py:151} INFO - #False
[2024-01-20T06:24:42.218+0000] {logging_mixin.py:151} INFO - #False
[2024-01-20T06:24:42.218+0000] {logging_mixin.py:151} INFO - #False
[2024-01-20T06:24:42.218+0000] {logging_mixin.py:151} INFO - #False
[2024-01-20T06:24:42.219+0000] {logging_mixin.py:151} INFO - #False
[2024-01-20T06:24:42.219+0000] {logging_mixin.py:151} INFO - #False
[2024-01-20T06:24:42.219+0000] {logging_mixin.py:151} INFO - #False
[2024-01-20T06:24:42.219+0000] {logging_mixin.py:151} INFO - #False
[2024-01-20T06:24:42.220+0000] {logging_mixin.py:151} INFO - #False
[2024-01-20T06:24:42.220+0000] {logging_mixin.py:151} INFO - #False
[2024-01-20T06:24:42.220+0000] {logging_mixin.py:151} INFO - #False
[2024-01-20T06:24:42.220+0000] {logging_mixin.py:151} INFO - #False
[2024-01-20T06:24:42.220+0000] {logging_mixin.py:151} INFO - #False
[2024-01-20T06:24:42.221+0000] {logging_mixin.py:151} INFO - #False
[2024-01-20T06:24:42.221+0000] {logging_mixin.py:151} INFO - #False
[2024-01-20T06:24:42.221+0000] {logging_mixin.py:151} INFO - #False
[2024-01-20T06:24:42.221+0000] {logging_mixin.py:151} INFO - #False
[2024-01-20T06:24:42.222+0000] {logging_mixin.py:151} INFO - #False
[2024-01-20T06:24:42.222+0000] {logging_mixin.py:151} INFO - #False
[2024-01-20T06:24:42.222+0000] {logging_mixin.py:151} INFO - #False
[2024-01-20T06:24:42.223+0000] {logging_mixin.py:151} INFO - #False
[2024-01-20T06:24:42.223+0000] {logging_mixin.py:151} INFO - #False
[2024-01-20T06:24:42.223+0000] {logging_mixin.py:151} INFO -  submission : 
[2024-01-20T06:24:42.791+0000] {logging_mixin.py:151} INFO - #False
[2024-01-20T06:24:42.791+0000] {logging_mixin.py:151} INFO - #False
[2024-01-20T06:24:42.792+0000] {logging_mixin.py:151} INFO - #False
[2024-01-20T06:24:42.792+0000] {logging_mixin.py:151} INFO - #False
[2024-01-20T06:24:42.792+0000] {logging_mixin.py:151} INFO - #False
[2024-01-20T06:24:42.792+0000] {logging_mixin.py:151} INFO - #False
[2024-01-20T06:24:42.793+0000] {logging_mixin.py:151} INFO - #False
[2024-01-20T06:24:42.793+0000] {logging_mixin.py:151} INFO - #False
[2024-01-20T06:24:42.793+0000] {logging_mixin.py:151} INFO - #False
[2024-01-20T06:24:42.793+0000] {logging_mixin.py:151} INFO - #False
[2024-01-20T06:24:42.793+0000] {logging_mixin.py:151} INFO - #False
[2024-01-20T06:24:42.794+0000] {logging_mixin.py:151} INFO - #False
[2024-01-20T06:24:42.794+0000] {logging_mixin.py:151} INFO - #False
[2024-01-20T06:24:42.794+0000] {logging_mixin.py:151} INFO - #False
[2024-01-20T06:24:42.794+0000] {logging_mixin.py:151} INFO - #False
[2024-01-20T06:24:42.795+0000] {logging_mixin.py:151} INFO - #False
[2024-01-20T06:24:42.795+0000] {logging_mixin.py:151} INFO - #False
[2024-01-20T06:24:42.795+0000] {logging_mixin.py:151} INFO - #False
[2024-01-20T06:24:42.795+0000] {logging_mixin.py:151} INFO - #False
[2024-01-20T06:24:42.796+0000] {logging_mixin.py:151} INFO - #False
[2024-01-20T06:24:42.796+0000] {logging_mixin.py:151} INFO - #False
[2024-01-20T06:24:42.796+0000] {logging_mixin.py:151} INFO - #False
[2024-01-20T06:24:42.796+0000] {logging_mixin.py:151} INFO - #False
[2024-01-20T06:24:42.796+0000] {logging_mixin.py:151} INFO - #False
[2024-01-20T06:24:42.797+0000] {logging_mixin.py:151} INFO - #False
[2024-01-20T06:24:42.797+0000] {logging_mixin.py:151} INFO - #False
[2024-01-20T06:24:42.797+0000] {logging_mixin.py:151} INFO - #False
[2024-01-20T06:24:42.797+0000] {logging_mixin.py:151} INFO - #False
[2024-01-20T06:24:42.798+0000] {logging_mixin.py:151} INFO - #False
[2024-01-20T06:24:42.798+0000] {logging_mixin.py:151} INFO - #False
[2024-01-20T06:24:42.798+0000] {logging_mixin.py:151} INFO -  submission : 
[2024-01-20T06:24:43.322+0000] {logging_mixin.py:151} INFO - #False
[2024-01-20T06:24:43.323+0000] {logging_mixin.py:151} INFO - #False
[2024-01-20T06:24:43.323+0000] {logging_mixin.py:151} INFO - #False
[2024-01-20T06:24:43.323+0000] {logging_mixin.py:151} INFO - #False
[2024-01-20T06:24:43.324+0000] {logging_mixin.py:151} INFO - #False
[2024-01-20T06:24:43.324+0000] {logging_mixin.py:151} INFO - #False
[2024-01-20T06:24:43.324+0000] {logging_mixin.py:151} INFO - #False
[2024-01-20T06:24:43.324+0000] {logging_mixin.py:151} INFO - #False
[2024-01-20T06:24:43.325+0000] {logging_mixin.py:151} INFO - #False
[2024-01-20T06:24:43.325+0000] {logging_mixin.py:151} INFO - #False
[2024-01-20T06:24:43.325+0000] {logging_mixin.py:151} INFO - #False
[2024-01-20T06:24:43.325+0000] {logging_mixin.py:151} INFO - #False
[2024-01-20T06:24:43.326+0000] {logging_mixin.py:151} INFO - #False
[2024-01-20T06:24:43.326+0000] {logging_mixin.py:151} INFO - #False
[2024-01-20T06:24:43.326+0000] {logging_mixin.py:151} INFO - #False
[2024-01-20T06:24:43.326+0000] {logging_mixin.py:151} INFO - #False
[2024-01-20T06:24:43.326+0000] {logging_mixin.py:151} INFO - #False
[2024-01-20T06:24:43.327+0000] {logging_mixin.py:151} INFO - #False
[2024-01-20T06:24:43.327+0000] {logging_mixin.py:151} INFO - #False
[2024-01-20T06:24:43.327+0000] {logging_mixin.py:151} INFO - #False
[2024-01-20T06:24:43.327+0000] {logging_mixin.py:151} INFO - #False
[2024-01-20T06:24:43.328+0000] {logging_mixin.py:151} INFO - #False
[2024-01-20T06:24:43.328+0000] {logging_mixin.py:151} INFO - #False
[2024-01-20T06:24:43.328+0000] {logging_mixin.py:151} INFO - #False
[2024-01-20T06:24:43.328+0000] {logging_mixin.py:151} INFO - #False
[2024-01-20T06:24:43.328+0000] {logging_mixin.py:151} INFO - #False
[2024-01-20T06:24:43.329+0000] {logging_mixin.py:151} INFO - #False
[2024-01-20T06:24:43.329+0000] {logging_mixin.py:151} INFO - #False
[2024-01-20T06:24:43.329+0000] {logging_mixin.py:151} INFO - #False
[2024-01-20T06:24:43.329+0000] {logging_mixin.py:151} INFO - #False
[2024-01-20T06:24:43.330+0000] {python.py:194} INFO - Done. Returned value was: None
[2024-01-20T06:24:43.337+0000] {taskinstance.py:1400} INFO - Marking task as SUCCESS. dag_id=Kafka_Producer_1, task_id=Reddit, execution_date=20240120T062334, start_date=20240120T062438, end_date=20240120T062443
[2024-01-20T06:24:43.376+0000] {local_task_job_runner.py:228} INFO - Task exited with return code 0
[2024-01-20T06:24:43.389+0000] {taskinstance.py:2784} INFO - 0 downstream tasks scheduled from follow-on schedule check
