[2024-01-20T04:29:19.174+0000] {taskinstance.py:1159} INFO - Dependencies all met for dep_context=non-requeueable deps ti=<TaskInstance: Kafka_Producer_1.Reddit scheduled__2024-01-20T04:28:14.984995+00:00 [queued]>
[2024-01-20T04:29:19.181+0000] {taskinstance.py:1159} INFO - Dependencies all met for dep_context=requeueable deps ti=<TaskInstance: Kafka_Producer_1.Reddit scheduled__2024-01-20T04:28:14.984995+00:00 [queued]>
[2024-01-20T04:29:19.181+0000] {taskinstance.py:1361} INFO - Starting attempt 1 of 1
[2024-01-20T04:29:19.194+0000] {taskinstance.py:1382} INFO - Executing <Task(PythonOperator): Reddit> on 2024-01-20 04:28:14.984995+00:00
[2024-01-20T04:29:19.197+0000] {standard_task_runner.py:57} INFO - Started process 4771 to run task
[2024-01-20T04:29:19.199+0000] {standard_task_runner.py:84} INFO - Running: ['***', 'tasks', 'run', 'Kafka_Producer_1', 'Reddit', 'scheduled__2024-01-20T04:28:14.984995+00:00', '--job-id', '161', '--raw', '--subdir', 'DAGS_FOLDER/kafka_stream.py', '--cfg-path', '/tmp/tmpyzhgaf5t']
[2024-01-20T04:29:19.200+0000] {standard_task_runner.py:85} INFO - Job 161: Subtask Reddit
[2024-01-20T04:29:19.240+0000] {task_command.py:415} INFO - Running <TaskInstance: Kafka_Producer_1.Reddit scheduled__2024-01-20T04:28:14.984995+00:00 [running]> on host 45c5bfab8aa1
[2024-01-20T04:29:19.310+0000] {taskinstance.py:1660} INFO - Exporting env vars: AIRFLOW_CTX_DAG_OWNER='me' AIRFLOW_CTX_DAG_ID='Kafka_Producer_1' AIRFLOW_CTX_TASK_ID='Reddit' AIRFLOW_CTX_EXECUTION_DATE='2024-01-20T04:28:14.984995+00:00' AIRFLOW_CTX_TRY_NUMBER='1' AIRFLOW_CTX_DAG_RUN_ID='scheduled__2024-01-20T04:28:14.984995+00:00'
[2024-01-20T04:29:19.343+0000] {logging_mixin.py:151} INFO -  submission : 
[2024-01-20T04:29:20.164+0000] {logging_mixin.py:151} INFO - #False
[2024-01-20T04:29:20.164+0000] {logging_mixin.py:151} INFO - #False
[2024-01-20T04:29:20.164+0000] {logging_mixin.py:151} INFO - #False
[2024-01-20T04:29:20.165+0000] {logging_mixin.py:151} INFO - #False
[2024-01-20T04:29:20.165+0000] {logging_mixin.py:151} INFO - #False
[2024-01-20T04:29:20.165+0000] {logging_mixin.py:151} INFO - #False
[2024-01-20T04:29:20.165+0000] {logging_mixin.py:151} INFO - #False
[2024-01-20T04:29:20.166+0000] {logging_mixin.py:151} INFO - #False
[2024-01-20T04:29:20.166+0000] {logging_mixin.py:151} INFO - #False
[2024-01-20T04:29:20.166+0000] {logging_mixin.py:151} INFO - #False
[2024-01-20T04:29:20.166+0000] {logging_mixin.py:151} INFO - #False
[2024-01-20T04:29:20.167+0000] {logging_mixin.py:151} INFO - #False
[2024-01-20T04:29:20.167+0000] {logging_mixin.py:151} INFO - #False
[2024-01-20T04:29:20.167+0000] {logging_mixin.py:151} INFO - #False
[2024-01-20T04:29:20.167+0000] {logging_mixin.py:151} INFO - #False
[2024-01-20T04:29:20.167+0000] {logging_mixin.py:151} INFO - #False
[2024-01-20T04:29:20.168+0000] {logging_mixin.py:151} INFO - #False
[2024-01-20T04:29:20.168+0000] {logging_mixin.py:151} INFO - #False
[2024-01-20T04:29:20.168+0000] {logging_mixin.py:151} INFO - #False
[2024-01-20T04:29:20.168+0000] {logging_mixin.py:151} INFO - #False
[2024-01-20T04:29:20.168+0000] {logging_mixin.py:151} INFO - #False
[2024-01-20T04:29:20.169+0000] {logging_mixin.py:151} INFO - #False
[2024-01-20T04:29:20.169+0000] {logging_mixin.py:151} INFO - #False
[2024-01-20T04:29:20.169+0000] {logging_mixin.py:151} INFO - #False
[2024-01-20T04:29:20.170+0000] {logging_mixin.py:151} INFO - #False
[2024-01-20T04:29:20.170+0000] {logging_mixin.py:151} INFO - #False
[2024-01-20T04:29:20.170+0000] {logging_mixin.py:151} INFO - #False
[2024-01-20T04:29:20.170+0000] {logging_mixin.py:151} INFO - #False
[2024-01-20T04:29:20.171+0000] {logging_mixin.py:151} INFO - #False
[2024-01-20T04:29:20.171+0000] {logging_mixin.py:151} INFO - #False
[2024-01-20T04:29:20.171+0000] {logging_mixin.py:151} INFO -  submission : 
[2024-01-20T04:29:20.656+0000] {logging_mixin.py:151} INFO - #False
[2024-01-20T04:29:20.656+0000] {logging_mixin.py:151} INFO - #False
[2024-01-20T04:29:20.657+0000] {logging_mixin.py:151} INFO - #False
[2024-01-20T04:29:20.657+0000] {logging_mixin.py:151} INFO - #False
[2024-01-20T04:29:20.658+0000] {logging_mixin.py:151} INFO - #False
[2024-01-20T04:29:20.658+0000] {logging_mixin.py:151} INFO - #False
[2024-01-20T04:29:20.658+0000] {logging_mixin.py:151} INFO - #False
[2024-01-20T04:29:20.658+0000] {logging_mixin.py:151} INFO - #False
[2024-01-20T04:29:20.659+0000] {logging_mixin.py:151} INFO - #False
[2024-01-20T04:29:20.659+0000] {logging_mixin.py:151} INFO - #False
[2024-01-20T04:29:20.659+0000] {logging_mixin.py:151} INFO - #False
[2024-01-20T04:29:20.659+0000] {logging_mixin.py:151} INFO - #False
[2024-01-20T04:29:20.660+0000] {logging_mixin.py:151} INFO - #False
[2024-01-20T04:29:20.660+0000] {logging_mixin.py:151} INFO - #False
[2024-01-20T04:29:20.660+0000] {logging_mixin.py:151} INFO - #False
[2024-01-20T04:29:20.661+0000] {logging_mixin.py:151} INFO - #False
[2024-01-20T04:29:20.661+0000] {logging_mixin.py:151} INFO - #False
[2024-01-20T04:29:20.661+0000] {logging_mixin.py:151} INFO - #False
[2024-01-20T04:29:20.662+0000] {logging_mixin.py:151} INFO - #False
[2024-01-20T04:29:20.662+0000] {logging_mixin.py:151} INFO - #False
[2024-01-20T04:29:20.662+0000] {logging_mixin.py:151} INFO - #False
[2024-01-20T04:29:20.662+0000] {logging_mixin.py:151} INFO - #False
[2024-01-20T04:29:20.663+0000] {logging_mixin.py:151} INFO - #False
[2024-01-20T04:29:20.663+0000] {logging_mixin.py:151} INFO - #False
[2024-01-20T04:29:20.663+0000] {logging_mixin.py:151} INFO - #False
[2024-01-20T04:29:20.663+0000] {logging_mixin.py:151} INFO - #False
[2024-01-20T04:29:20.664+0000] {logging_mixin.py:151} INFO - #False
[2024-01-20T04:29:20.664+0000] {logging_mixin.py:151} INFO - #False
[2024-01-20T04:29:20.664+0000] {logging_mixin.py:151} INFO - #False
[2024-01-20T04:29:20.664+0000] {logging_mixin.py:151} INFO - #False
[2024-01-20T04:29:20.665+0000] {logging_mixin.py:151} INFO -  submission : 
[2024-01-20T04:29:21.125+0000] {logging_mixin.py:151} INFO - #False
[2024-01-20T04:29:21.125+0000] {logging_mixin.py:151} INFO - #False
[2024-01-20T04:29:21.126+0000] {logging_mixin.py:151} INFO - #False
[2024-01-20T04:29:21.126+0000] {logging_mixin.py:151} INFO - #False
[2024-01-20T04:29:21.126+0000] {logging_mixin.py:151} INFO - #False
[2024-01-20T04:29:21.126+0000] {logging_mixin.py:151} INFO - #False
[2024-01-20T04:29:21.127+0000] {logging_mixin.py:151} INFO - #False
[2024-01-20T04:29:21.127+0000] {logging_mixin.py:151} INFO - #False
[2024-01-20T04:29:21.127+0000] {logging_mixin.py:151} INFO - #False
[2024-01-20T04:29:21.128+0000] {logging_mixin.py:151} INFO - #False
[2024-01-20T04:29:21.128+0000] {logging_mixin.py:151} INFO - #False
[2024-01-20T04:29:21.128+0000] {logging_mixin.py:151} INFO - #False
[2024-01-20T04:29:21.128+0000] {logging_mixin.py:151} INFO - #False
[2024-01-20T04:29:21.129+0000] {logging_mixin.py:151} INFO - #False
[2024-01-20T04:29:21.129+0000] {logging_mixin.py:151} INFO - #False
[2024-01-20T04:29:21.129+0000] {logging_mixin.py:151} INFO - #False
[2024-01-20T04:29:21.129+0000] {logging_mixin.py:151} INFO - #False
[2024-01-20T04:29:21.130+0000] {logging_mixin.py:151} INFO - #False
[2024-01-20T04:29:21.130+0000] {logging_mixin.py:151} INFO - #False
[2024-01-20T04:29:21.130+0000] {logging_mixin.py:151} INFO - #False
[2024-01-20T04:29:21.130+0000] {logging_mixin.py:151} INFO - #False
[2024-01-20T04:29:21.131+0000] {logging_mixin.py:151} INFO - #False
[2024-01-20T04:29:21.131+0000] {logging_mixin.py:151} INFO - #False
[2024-01-20T04:29:21.131+0000] {logging_mixin.py:151} INFO - #False
[2024-01-20T04:29:21.132+0000] {logging_mixin.py:151} INFO - #False
[2024-01-20T04:29:21.132+0000] {logging_mixin.py:151} INFO - #False
[2024-01-20T04:29:21.132+0000] {logging_mixin.py:151} INFO - #False
[2024-01-20T04:29:21.132+0000] {logging_mixin.py:151} INFO - #False
[2024-01-20T04:29:21.132+0000] {logging_mixin.py:151} INFO - #False
[2024-01-20T04:29:21.133+0000] {logging_mixin.py:151} INFO - #False
[2024-01-20T04:29:21.133+0000] {logging_mixin.py:151} INFO -  submission : 
[2024-01-20T04:29:21.555+0000] {logging_mixin.py:151} INFO - #False
[2024-01-20T04:29:21.556+0000] {logging_mixin.py:151} INFO - #False
[2024-01-20T04:29:21.557+0000] {logging_mixin.py:151} INFO - #False
[2024-01-20T04:29:21.557+0000] {logging_mixin.py:151} INFO - #False
[2024-01-20T04:29:21.558+0000] {logging_mixin.py:151} INFO - #False
[2024-01-20T04:29:21.558+0000] {logging_mixin.py:151} INFO - #False
[2024-01-20T04:29:21.558+0000] {logging_mixin.py:151} INFO - #False
[2024-01-20T04:29:21.559+0000] {logging_mixin.py:151} INFO - #False
[2024-01-20T04:29:21.559+0000] {logging_mixin.py:151} INFO - #False
[2024-01-20T04:29:21.560+0000] {logging_mixin.py:151} INFO - #False
[2024-01-20T04:29:21.560+0000] {logging_mixin.py:151} INFO - #False
[2024-01-20T04:29:21.561+0000] {logging_mixin.py:151} INFO - #False
[2024-01-20T04:29:21.561+0000] {logging_mixin.py:151} INFO - #False
[2024-01-20T04:29:21.562+0000] {logging_mixin.py:151} INFO - #False
[2024-01-20T04:29:21.562+0000] {logging_mixin.py:151} INFO - #False
[2024-01-20T04:29:21.563+0000] {logging_mixin.py:151} INFO - #False
[2024-01-20T04:29:21.563+0000] {logging_mixin.py:151} INFO - #False
[2024-01-20T04:29:21.564+0000] {logging_mixin.py:151} INFO - #False
[2024-01-20T04:29:21.564+0000] {logging_mixin.py:151} INFO - #False
[2024-01-20T04:29:21.564+0000] {logging_mixin.py:151} INFO - #False
[2024-01-20T04:29:21.565+0000] {logging_mixin.py:151} INFO - #False
[2024-01-20T04:29:21.565+0000] {logging_mixin.py:151} INFO - #False
[2024-01-20T04:29:21.566+0000] {logging_mixin.py:151} INFO - #False
[2024-01-20T04:29:21.566+0000] {logging_mixin.py:151} INFO - #False
[2024-01-20T04:29:21.566+0000] {logging_mixin.py:151} INFO - #False
[2024-01-20T04:29:21.567+0000] {logging_mixin.py:151} INFO - #False
[2024-01-20T04:29:21.567+0000] {logging_mixin.py:151} INFO - #False
[2024-01-20T04:29:21.568+0000] {logging_mixin.py:151} INFO - #False
[2024-01-20T04:29:21.568+0000] {logging_mixin.py:151} INFO - #False
[2024-01-20T04:29:21.569+0000] {logging_mixin.py:151} INFO - #False
[2024-01-20T04:29:21.569+0000] {logging_mixin.py:151} INFO -  submission : 
[2024-01-20T04:29:22.045+0000] {logging_mixin.py:151} INFO - #False
[2024-01-20T04:29:22.046+0000] {logging_mixin.py:151} INFO - #False
[2024-01-20T04:29:22.046+0000] {logging_mixin.py:151} INFO - #False
[2024-01-20T04:29:22.047+0000] {logging_mixin.py:151} INFO - #False
[2024-01-20T04:29:22.047+0000] {logging_mixin.py:151} INFO - #False
[2024-01-20T04:29:22.048+0000] {logging_mixin.py:151} INFO - #False
[2024-01-20T04:29:22.049+0000] {logging_mixin.py:151} INFO - #False
[2024-01-20T04:29:22.049+0000] {logging_mixin.py:151} INFO - #False
[2024-01-20T04:29:22.049+0000] {logging_mixin.py:151} INFO - #False
[2024-01-20T04:29:22.050+0000] {logging_mixin.py:151} INFO - #False
[2024-01-20T04:29:22.050+0000] {logging_mixin.py:151} INFO - #False
[2024-01-20T04:29:22.050+0000] {logging_mixin.py:151} INFO - #False
[2024-01-20T04:29:22.051+0000] {logging_mixin.py:151} INFO - #False
[2024-01-20T04:29:22.051+0000] {logging_mixin.py:151} INFO - #False
[2024-01-20T04:29:22.051+0000] {logging_mixin.py:151} INFO - #False
[2024-01-20T04:29:22.052+0000] {logging_mixin.py:151} INFO - #False
[2024-01-20T04:29:22.052+0000] {logging_mixin.py:151} INFO - #False
[2024-01-20T04:29:22.052+0000] {logging_mixin.py:151} INFO - #False
[2024-01-20T04:29:22.053+0000] {logging_mixin.py:151} INFO - #False
[2024-01-20T04:29:22.053+0000] {logging_mixin.py:151} INFO - #False
[2024-01-20T04:29:22.053+0000] {logging_mixin.py:151} INFO - #False
[2024-01-20T04:29:22.053+0000] {logging_mixin.py:151} INFO - #False
[2024-01-20T04:29:22.054+0000] {logging_mixin.py:151} INFO - #False
[2024-01-20T04:29:22.054+0000] {logging_mixin.py:151} INFO - #False
[2024-01-20T04:29:22.054+0000] {logging_mixin.py:151} INFO - #False
[2024-01-20T04:29:22.055+0000] {logging_mixin.py:151} INFO - #False
[2024-01-20T04:29:22.055+0000] {logging_mixin.py:151} INFO - #False
[2024-01-20T04:29:22.055+0000] {logging_mixin.py:151} INFO - #False
[2024-01-20T04:29:22.056+0000] {logging_mixin.py:151} INFO - #False
[2024-01-20T04:29:22.056+0000] {logging_mixin.py:151} INFO - #False
[2024-01-20T04:29:22.057+0000] {logging_mixin.py:151} INFO -  submission : 
[2024-01-20T04:29:22.479+0000] {logging_mixin.py:151} INFO - #False
[2024-01-20T04:29:22.480+0000] {logging_mixin.py:151} INFO - #False
[2024-01-20T04:29:22.480+0000] {logging_mixin.py:151} INFO - #False
[2024-01-20T04:29:22.481+0000] {logging_mixin.py:151} INFO - #False
[2024-01-20T04:29:22.481+0000] {logging_mixin.py:151} INFO - #False
[2024-01-20T04:29:22.481+0000] {logging_mixin.py:151} INFO - #False
[2024-01-20T04:29:22.482+0000] {logging_mixin.py:151} INFO - #False
[2024-01-20T04:29:22.482+0000] {logging_mixin.py:151} INFO - #False
[2024-01-20T04:29:22.482+0000] {logging_mixin.py:151} INFO - #False
[2024-01-20T04:29:22.483+0000] {logging_mixin.py:151} INFO - #False
[2024-01-20T04:29:22.483+0000] {logging_mixin.py:151} INFO - #False
[2024-01-20T04:29:22.483+0000] {logging_mixin.py:151} INFO - #False
[2024-01-20T04:29:22.484+0000] {logging_mixin.py:151} INFO - #False
[2024-01-20T04:29:22.484+0000] {logging_mixin.py:151} INFO - #False
[2024-01-20T04:29:22.485+0000] {logging_mixin.py:151} INFO - #False
[2024-01-20T04:29:22.485+0000] {logging_mixin.py:151} INFO - #False
[2024-01-20T04:29:22.485+0000] {logging_mixin.py:151} INFO - #False
[2024-01-20T04:29:22.485+0000] {logging_mixin.py:151} INFO - #False
[2024-01-20T04:29:22.486+0000] {logging_mixin.py:151} INFO - #False
[2024-01-20T04:29:22.486+0000] {logging_mixin.py:151} INFO - #False
[2024-01-20T04:29:22.486+0000] {logging_mixin.py:151} INFO - #False
[2024-01-20T04:29:22.486+0000] {logging_mixin.py:151} INFO - #False
[2024-01-20T04:29:22.487+0000] {logging_mixin.py:151} INFO - #False
[2024-01-20T04:29:22.487+0000] {logging_mixin.py:151} INFO - #False
[2024-01-20T04:29:22.487+0000] {logging_mixin.py:151} INFO - #False
[2024-01-20T04:29:22.487+0000] {logging_mixin.py:151} INFO - #False
[2024-01-20T04:29:22.487+0000] {logging_mixin.py:151} INFO - #False
[2024-01-20T04:29:22.488+0000] {logging_mixin.py:151} INFO - #False
[2024-01-20T04:29:22.489+0000] {logging_mixin.py:151} INFO - #False
[2024-01-20T04:29:22.489+0000] {logging_mixin.py:151} INFO - #False
[2024-01-20T04:29:22.489+0000] {logging_mixin.py:151} INFO -  submission : 
[2024-01-20T04:29:22.927+0000] {logging_mixin.py:151} INFO - #False
[2024-01-20T04:29:22.927+0000] {logging_mixin.py:151} INFO - #False
[2024-01-20T04:29:22.927+0000] {logging_mixin.py:151} INFO - #False
[2024-01-20T04:29:22.928+0000] {logging_mixin.py:151} INFO - #False
[2024-01-20T04:29:22.928+0000] {logging_mixin.py:151} INFO - #False
[2024-01-20T04:29:22.928+0000] {logging_mixin.py:151} INFO - #False
[2024-01-20T04:29:22.928+0000] {logging_mixin.py:151} INFO - #False
[2024-01-20T04:29:22.929+0000] {logging_mixin.py:151} INFO - #False
[2024-01-20T04:29:22.929+0000] {logging_mixin.py:151} INFO - #False
[2024-01-20T04:29:22.929+0000] {logging_mixin.py:151} INFO - #False
[2024-01-20T04:29:22.930+0000] {logging_mixin.py:151} INFO - #False
[2024-01-20T04:29:22.930+0000] {logging_mixin.py:151} INFO - #False
[2024-01-20T04:29:22.930+0000] {logging_mixin.py:151} INFO - #False
[2024-01-20T04:29:22.930+0000] {logging_mixin.py:151} INFO - #False
[2024-01-20T04:29:22.930+0000] {logging_mixin.py:151} INFO - #False
[2024-01-20T04:29:22.931+0000] {logging_mixin.py:151} INFO - #False
[2024-01-20T04:29:22.931+0000] {logging_mixin.py:151} INFO - #False
[2024-01-20T04:29:22.931+0000] {logging_mixin.py:151} INFO - #False
[2024-01-20T04:29:22.931+0000] {logging_mixin.py:151} INFO - #False
[2024-01-20T04:29:22.931+0000] {logging_mixin.py:151} INFO - #False
[2024-01-20T04:29:22.932+0000] {logging_mixin.py:151} INFO - #False
[2024-01-20T04:29:22.932+0000] {logging_mixin.py:151} INFO - #False
[2024-01-20T04:29:22.932+0000] {logging_mixin.py:151} INFO - #False
[2024-01-20T04:29:22.932+0000] {logging_mixin.py:151} INFO - #False
[2024-01-20T04:29:22.933+0000] {logging_mixin.py:151} INFO - #False
[2024-01-20T04:29:22.933+0000] {logging_mixin.py:151} INFO - #False
[2024-01-20T04:29:22.933+0000] {logging_mixin.py:151} INFO - #False
[2024-01-20T04:29:22.933+0000] {logging_mixin.py:151} INFO - #False
[2024-01-20T04:29:22.933+0000] {logging_mixin.py:151} INFO - #False
[2024-01-20T04:29:22.934+0000] {logging_mixin.py:151} INFO - #False
[2024-01-20T04:29:22.934+0000] {logging_mixin.py:151} INFO -  submission : 
[2024-01-20T04:29:23.457+0000] {logging_mixin.py:151} INFO - #False
[2024-01-20T04:29:23.457+0000] {logging_mixin.py:151} INFO - #False
[2024-01-20T04:29:23.458+0000] {logging_mixin.py:151} INFO - #False
[2024-01-20T04:29:23.458+0000] {logging_mixin.py:151} INFO - #False
[2024-01-20T04:29:23.458+0000] {logging_mixin.py:151} INFO - #False
[2024-01-20T04:29:23.459+0000] {logging_mixin.py:151} INFO - #False
[2024-01-20T04:29:23.459+0000] {logging_mixin.py:151} INFO - #False
[2024-01-20T04:29:23.459+0000] {logging_mixin.py:151} INFO - #False
[2024-01-20T04:29:23.459+0000] {logging_mixin.py:151} INFO - #False
[2024-01-20T04:29:23.459+0000] {logging_mixin.py:151} INFO - #False
[2024-01-20T04:29:23.460+0000] {logging_mixin.py:151} INFO - #False
[2024-01-20T04:29:23.460+0000] {logging_mixin.py:151} INFO - #False
[2024-01-20T04:29:23.460+0000] {logging_mixin.py:151} INFO - #False
[2024-01-20T04:29:23.460+0000] {logging_mixin.py:151} INFO - #False
[2024-01-20T04:29:23.461+0000] {logging_mixin.py:151} INFO - #False
[2024-01-20T04:29:23.461+0000] {logging_mixin.py:151} INFO - #False
[2024-01-20T04:29:23.461+0000] {logging_mixin.py:151} INFO - #False
[2024-01-20T04:29:23.461+0000] {logging_mixin.py:151} INFO - #False
[2024-01-20T04:29:23.462+0000] {logging_mixin.py:151} INFO - #False
[2024-01-20T04:29:23.462+0000] {logging_mixin.py:151} INFO - #False
[2024-01-20T04:29:23.462+0000] {logging_mixin.py:151} INFO - #False
[2024-01-20T04:29:23.462+0000] {logging_mixin.py:151} INFO - #False
[2024-01-20T04:29:23.463+0000] {logging_mixin.py:151} INFO - #False
[2024-01-20T04:29:23.463+0000] {logging_mixin.py:151} INFO - #False
[2024-01-20T04:29:23.463+0000] {logging_mixin.py:151} INFO - #False
[2024-01-20T04:29:23.463+0000] {logging_mixin.py:151} INFO - #False
[2024-01-20T04:29:23.463+0000] {logging_mixin.py:151} INFO - #False
[2024-01-20T04:29:23.464+0000] {logging_mixin.py:151} INFO - #False
[2024-01-20T04:29:23.464+0000] {logging_mixin.py:151} INFO - #False
[2024-01-20T04:29:23.464+0000] {logging_mixin.py:151} INFO - #False
[2024-01-20T04:29:23.464+0000] {python.py:194} INFO - Done. Returned value was: None
[2024-01-20T04:29:23.471+0000] {taskinstance.py:1400} INFO - Marking task as SUCCESS. dag_id=Kafka_Producer_1, task_id=Reddit, execution_date=20240120T042814, start_date=20240120T042919, end_date=20240120T042923
[2024-01-20T04:29:23.505+0000] {local_task_job_runner.py:228} INFO - Task exited with return code 0
[2024-01-20T04:29:23.519+0000] {taskinstance.py:2784} INFO - 0 downstream tasks scheduled from follow-on schedule check
