[2024-01-20T05:41:09.068+0000] {taskinstance.py:1159} INFO - Dependencies all met for dep_context=non-requeueable deps ti=<TaskInstance: Kafka_Producer_3.Reddit scheduled__2024-01-20T05:37:59.206832+00:00 [queued]>
[2024-01-20T05:41:09.074+0000] {taskinstance.py:1159} INFO - Dependencies all met for dep_context=requeueable deps ti=<TaskInstance: Kafka_Producer_3.Reddit scheduled__2024-01-20T05:37:59.206832+00:00 [queued]>
[2024-01-20T05:41:09.119+0000] {taskinstance.py:1361} INFO - Starting attempt 1 of 1
[2024-01-20T05:41:09.131+0000] {taskinstance.py:1382} INFO - Executing <Task(PythonOperator): Reddit> on 2024-01-20 05:37:59.206832+00:00
[2024-01-20T05:41:09.135+0000] {standard_task_runner.py:57} INFO - Started process 12906 to run task
[2024-01-20T05:41:09.137+0000] {standard_task_runner.py:84} INFO - Running: ['***', 'tasks', 'run', 'Kafka_Producer_3', 'Reddit', 'scheduled__2024-01-20T05:37:59.206832+00:00', '--job-id', '639', '--raw', '--subdir', 'DAGS_FOLDER/kafka_stream_3.py', '--cfg-path', '/tmp/tmpyfeiqrtj']
[2024-01-20T05:41:09.139+0000] {standard_task_runner.py:85} INFO - Job 639: Subtask Reddit
[2024-01-20T05:41:09.176+0000] {task_command.py:415} INFO - Running <TaskInstance: Kafka_Producer_3.Reddit scheduled__2024-01-20T05:37:59.206832+00:00 [running]> on host 45c5bfab8aa1
[2024-01-20T05:41:09.242+0000] {taskinstance.py:1660} INFO - Exporting env vars: AIRFLOW_CTX_DAG_OWNER='me' AIRFLOW_CTX_DAG_ID='Kafka_Producer_3' AIRFLOW_CTX_TASK_ID='Reddit' AIRFLOW_CTX_EXECUTION_DATE='2024-01-20T05:37:59.206832+00:00' AIRFLOW_CTX_TRY_NUMBER='1' AIRFLOW_CTX_DAG_RUN_ID='scheduled__2024-01-20T05:37:59.206832+00:00'
[2024-01-20T05:41:09.272+0000] {logging_mixin.py:151} INFO -  submission : 
[2024-01-20T05:41:10.185+0000] {logging_mixin.py:151} INFO - @True
[2024-01-20T05:41:10.187+0000] {conn.py:380} INFO - <BrokerConnection node_id=bootstrap-0 host=broker:29092 <connecting> [IPv4 ('172.19.0.8', 29092)]>: connecting to broker:29092 [('172.19.0.8', 29092) IPv4]
[2024-01-20T05:41:10.187+0000] {conn.py:1205} INFO - Probing node bootstrap-0 broker version
[2024-01-20T05:41:10.188+0000] {conn.py:410} INFO - <BrokerConnection node_id=bootstrap-0 host=broker:29092 <connecting> [IPv4 ('172.19.0.8', 29092)]>: Connection complete.
[2024-01-20T05:41:10.291+0000] {conn.py:1267} INFO - Broker version identified as 2.5.0
[2024-01-20T05:41:10.291+0000] {conn.py:1268} INFO - Set configuration api_version=(2, 5, 0) to skip auto check_version requests on startup
[2024-01-20T05:41:10.295+0000] {logging_mixin.py:151} INFO - #False
[2024-01-20T05:41:10.295+0000] {logging_mixin.py:151} INFO - #False
[2024-01-20T05:41:10.296+0000] {conn.py:380} INFO - <BrokerConnection node_id=1 host=broker:29092 <connecting> [IPv4 ('172.19.0.8', 29092)]>: connecting to broker:29092 [('172.19.0.8', 29092) IPv4]
[2024-01-20T05:41:10.296+0000] {logging_mixin.py:151} INFO - #False
[2024-01-20T05:41:10.296+0000] {conn.py:410} INFO - <BrokerConnection node_id=1 host=broker:29092 <connecting> [IPv4 ('172.19.0.8', 29092)]>: Connection complete.
[2024-01-20T05:41:10.296+0000] {logging_mixin.py:151} INFO - #False
[2024-01-20T05:41:10.297+0000] {conn.py:919} INFO - <BrokerConnection node_id=bootstrap-0 host=broker:29092 <connected> [IPv4 ('172.19.0.8', 29092)]>: Closing connection. 
[2024-01-20T05:41:10.297+0000] {logging_mixin.py:151} INFO - #False
[2024-01-20T05:41:10.299+0000] {logging_mixin.py:151} INFO - #False
[2024-01-20T05:41:10.301+0000] {logging_mixin.py:151} INFO - #False
[2024-01-20T05:41:10.302+0000] {logging_mixin.py:151} INFO - #False
[2024-01-20T05:41:10.302+0000] {logging_mixin.py:151} INFO - #False
[2024-01-20T05:41:10.303+0000] {logging_mixin.py:151} INFO - #False
[2024-01-20T05:41:10.303+0000] {logging_mixin.py:151} INFO - #False
[2024-01-20T05:41:10.303+0000] {logging_mixin.py:151} INFO - #False
[2024-01-20T05:41:10.303+0000] {logging_mixin.py:151} INFO - #False
[2024-01-20T05:41:10.304+0000] {logging_mixin.py:151} INFO - #False
[2024-01-20T05:41:10.304+0000] {logging_mixin.py:151} INFO - #False
[2024-01-20T05:41:10.304+0000] {logging_mixin.py:151} INFO - #False
[2024-01-20T05:41:10.304+0000] {logging_mixin.py:151} INFO - #False
[2024-01-20T05:41:10.305+0000] {logging_mixin.py:151} INFO - #False
[2024-01-20T05:41:10.305+0000] {logging_mixin.py:151} INFO - #False
[2024-01-20T05:41:10.305+0000] {logging_mixin.py:151} INFO - #False
[2024-01-20T05:41:10.305+0000] {logging_mixin.py:151} INFO - #False
[2024-01-20T05:41:10.305+0000] {logging_mixin.py:151} INFO - #False
[2024-01-20T05:41:10.306+0000] {logging_mixin.py:151} INFO - #False
[2024-01-20T05:41:10.306+0000] {logging_mixin.py:151} INFO - #False
[2024-01-20T05:41:10.306+0000] {logging_mixin.py:151} INFO - #False
[2024-01-20T05:41:10.306+0000] {logging_mixin.py:151} INFO - #False
[2024-01-20T05:41:10.307+0000] {logging_mixin.py:151} INFO - #False
[2024-01-20T05:41:10.307+0000] {logging_mixin.py:151} INFO - #False
[2024-01-20T05:41:10.307+0000] {logging_mixin.py:151} INFO - #False
[2024-01-20T05:41:10.307+0000] {logging_mixin.py:151} INFO -  submission : 
[2024-01-20T05:41:10.897+0000] {logging_mixin.py:151} INFO - #False
[2024-01-20T05:41:10.897+0000] {logging_mixin.py:151} INFO - #False
[2024-01-20T05:41:10.898+0000] {logging_mixin.py:151} INFO - #False
[2024-01-20T05:41:10.898+0000] {logging_mixin.py:151} INFO - #False
[2024-01-20T05:41:10.898+0000] {logging_mixin.py:151} INFO - #False
[2024-01-20T05:41:10.899+0000] {logging_mixin.py:151} INFO - #False
[2024-01-20T05:41:10.899+0000] {logging_mixin.py:151} INFO - #False
[2024-01-20T05:41:10.899+0000] {logging_mixin.py:151} INFO - #False
[2024-01-20T05:41:10.899+0000] {logging_mixin.py:151} INFO - #False
[2024-01-20T05:41:10.900+0000] {logging_mixin.py:151} INFO - #False
[2024-01-20T05:41:10.900+0000] {logging_mixin.py:151} INFO - #False
[2024-01-20T05:41:10.900+0000] {logging_mixin.py:151} INFO - #False
[2024-01-20T05:41:10.900+0000] {logging_mixin.py:151} INFO - #False
[2024-01-20T05:41:10.901+0000] {logging_mixin.py:151} INFO - #False
[2024-01-20T05:41:10.901+0000] {logging_mixin.py:151} INFO - #False
[2024-01-20T05:41:10.901+0000] {logging_mixin.py:151} INFO - #False
[2024-01-20T05:41:10.902+0000] {logging_mixin.py:151} INFO - #False
[2024-01-20T05:41:10.902+0000] {logging_mixin.py:151} INFO - #False
[2024-01-20T05:41:10.902+0000] {logging_mixin.py:151} INFO - #False
[2024-01-20T05:41:10.902+0000] {logging_mixin.py:151} INFO - #False
[2024-01-20T05:41:10.902+0000] {logging_mixin.py:151} INFO - #False
[2024-01-20T05:41:10.903+0000] {logging_mixin.py:151} INFO - #False
[2024-01-20T05:41:10.903+0000] {logging_mixin.py:151} INFO - #False
[2024-01-20T05:41:10.903+0000] {logging_mixin.py:151} INFO - #False
[2024-01-20T05:41:10.903+0000] {logging_mixin.py:151} INFO - #False
[2024-01-20T05:41:10.904+0000] {logging_mixin.py:151} INFO - #False
[2024-01-20T05:41:10.904+0000] {logging_mixin.py:151} INFO - #False
[2024-01-20T05:41:10.904+0000] {logging_mixin.py:151} INFO - #False
[2024-01-20T05:41:10.904+0000] {logging_mixin.py:151} INFO - #False
[2024-01-20T05:41:10.905+0000] {logging_mixin.py:151} INFO - #False
[2024-01-20T05:41:10.905+0000] {logging_mixin.py:151} INFO -  submission : 
[2024-01-20T05:41:11.446+0000] {logging_mixin.py:151} INFO - #False
[2024-01-20T05:41:11.446+0000] {logging_mixin.py:151} INFO - #False
[2024-01-20T05:41:11.447+0000] {logging_mixin.py:151} INFO - #False
[2024-01-20T05:41:11.447+0000] {logging_mixin.py:151} INFO - #False
[2024-01-20T05:41:11.447+0000] {logging_mixin.py:151} INFO - #False
[2024-01-20T05:41:11.447+0000] {logging_mixin.py:151} INFO - #False
[2024-01-20T05:41:11.448+0000] {logging_mixin.py:151} INFO - #False
[2024-01-20T05:41:11.448+0000] {logging_mixin.py:151} INFO - #False
[2024-01-20T05:41:11.448+0000] {logging_mixin.py:151} INFO - #False
[2024-01-20T05:41:11.448+0000] {logging_mixin.py:151} INFO - #False
[2024-01-20T05:41:11.449+0000] {logging_mixin.py:151} INFO - #False
[2024-01-20T05:41:11.449+0000] {logging_mixin.py:151} INFO - #False
[2024-01-20T05:41:11.449+0000] {logging_mixin.py:151} INFO - #False
[2024-01-20T05:41:11.449+0000] {logging_mixin.py:151} INFO - #False
[2024-01-20T05:41:11.450+0000] {logging_mixin.py:151} INFO - #False
[2024-01-20T05:41:11.450+0000] {logging_mixin.py:151} INFO - #False
[2024-01-20T05:41:11.450+0000] {logging_mixin.py:151} INFO - #False
[2024-01-20T05:41:11.450+0000] {logging_mixin.py:151} INFO - #False
[2024-01-20T05:41:11.450+0000] {logging_mixin.py:151} INFO - #False
[2024-01-20T05:41:11.451+0000] {logging_mixin.py:151} INFO - #False
[2024-01-20T05:41:11.451+0000] {logging_mixin.py:151} INFO - #False
[2024-01-20T05:41:11.451+0000] {logging_mixin.py:151} INFO - #False
[2024-01-20T05:41:11.452+0000] {logging_mixin.py:151} INFO - #False
[2024-01-20T05:41:11.452+0000] {logging_mixin.py:151} INFO - #False
[2024-01-20T05:41:11.452+0000] {logging_mixin.py:151} INFO - #False
[2024-01-20T05:41:11.452+0000] {logging_mixin.py:151} INFO - #False
[2024-01-20T05:41:11.453+0000] {logging_mixin.py:151} INFO - #False
[2024-01-20T05:41:11.453+0000] {logging_mixin.py:151} INFO - #False
[2024-01-20T05:41:11.453+0000] {logging_mixin.py:151} INFO - #False
[2024-01-20T05:41:11.453+0000] {logging_mixin.py:151} INFO - #False
[2024-01-20T05:41:11.453+0000] {logging_mixin.py:151} INFO -  submission : 
[2024-01-20T05:41:11.869+0000] {logging_mixin.py:151} INFO - #False
[2024-01-20T05:41:11.869+0000] {logging_mixin.py:151} INFO - #False
[2024-01-20T05:41:11.869+0000] {logging_mixin.py:151} INFO - #False
[2024-01-20T05:41:11.870+0000] {logging_mixin.py:151} INFO - #False
[2024-01-20T05:41:11.870+0000] {logging_mixin.py:151} INFO - #False
[2024-01-20T05:41:11.870+0000] {logging_mixin.py:151} INFO - #False
[2024-01-20T05:41:11.870+0000] {logging_mixin.py:151} INFO - #False
[2024-01-20T05:41:11.871+0000] {logging_mixin.py:151} INFO - #False
[2024-01-20T05:41:11.871+0000] {logging_mixin.py:151} INFO - #False
[2024-01-20T05:41:11.871+0000] {logging_mixin.py:151} INFO - #False
[2024-01-20T05:41:11.871+0000] {logging_mixin.py:151} INFO - #False
[2024-01-20T05:41:11.872+0000] {logging_mixin.py:151} INFO - #False
[2024-01-20T05:41:11.872+0000] {logging_mixin.py:151} INFO - #False
[2024-01-20T05:41:11.872+0000] {logging_mixin.py:151} INFO - #False
[2024-01-20T05:41:11.872+0000] {logging_mixin.py:151} INFO - #False
[2024-01-20T05:41:11.873+0000] {logging_mixin.py:151} INFO - #False
[2024-01-20T05:41:11.873+0000] {logging_mixin.py:151} INFO - #False
[2024-01-20T05:41:11.873+0000] {logging_mixin.py:151} INFO - #False
[2024-01-20T05:41:11.873+0000] {logging_mixin.py:151} INFO - #False
[2024-01-20T05:41:11.874+0000] {logging_mixin.py:151} INFO - #False
[2024-01-20T05:41:11.874+0000] {logging_mixin.py:151} INFO - #False
[2024-01-20T05:41:11.874+0000] {logging_mixin.py:151} INFO - #False
[2024-01-20T05:41:11.874+0000] {logging_mixin.py:151} INFO - #False
[2024-01-20T05:41:11.874+0000] {logging_mixin.py:151} INFO - #False
[2024-01-20T05:41:11.875+0000] {logging_mixin.py:151} INFO - #False
[2024-01-20T05:41:11.875+0000] {logging_mixin.py:151} INFO - #False
[2024-01-20T05:41:11.875+0000] {logging_mixin.py:151} INFO - #False
[2024-01-20T05:41:11.875+0000] {logging_mixin.py:151} INFO - #False
[2024-01-20T05:41:11.876+0000] {logging_mixin.py:151} INFO - #False
[2024-01-20T05:41:11.876+0000] {logging_mixin.py:151} INFO - #False
[2024-01-20T05:41:11.876+0000] {logging_mixin.py:151} INFO -  submission : 
[2024-01-20T05:41:12.384+0000] {logging_mixin.py:151} INFO - #False
[2024-01-20T05:41:12.385+0000] {logging_mixin.py:151} INFO - #False
[2024-01-20T05:41:12.385+0000] {logging_mixin.py:151} INFO - #False
[2024-01-20T05:41:12.385+0000] {logging_mixin.py:151} INFO - #False
[2024-01-20T05:41:12.386+0000] {logging_mixin.py:151} INFO - #False
[2024-01-20T05:41:12.386+0000] {logging_mixin.py:151} INFO - #False
[2024-01-20T05:41:12.387+0000] {logging_mixin.py:151} INFO - #False
[2024-01-20T05:41:12.387+0000] {logging_mixin.py:151} INFO - #False
[2024-01-20T05:41:12.387+0000] {logging_mixin.py:151} INFO - #False
[2024-01-20T05:41:12.388+0000] {logging_mixin.py:151} INFO - #False
[2024-01-20T05:41:12.388+0000] {logging_mixin.py:151} INFO - #False
[2024-01-20T05:41:12.388+0000] {logging_mixin.py:151} INFO - #False
[2024-01-20T05:41:12.389+0000] {logging_mixin.py:151} INFO - #False
[2024-01-20T05:41:12.389+0000] {logging_mixin.py:151} INFO - #False
[2024-01-20T05:41:12.390+0000] {logging_mixin.py:151} INFO - #False
[2024-01-20T05:41:12.390+0000] {logging_mixin.py:151} INFO - #False
[2024-01-20T05:41:12.390+0000] {logging_mixin.py:151} INFO - #False
[2024-01-20T05:41:12.390+0000] {logging_mixin.py:151} INFO - #False
[2024-01-20T05:41:12.391+0000] {logging_mixin.py:151} INFO - #False
[2024-01-20T05:41:12.391+0000] {logging_mixin.py:151} INFO - #False
[2024-01-20T05:41:12.391+0000] {logging_mixin.py:151} INFO - #False
[2024-01-20T05:41:12.391+0000] {logging_mixin.py:151} INFO - #False
[2024-01-20T05:41:12.392+0000] {logging_mixin.py:151} INFO - #False
[2024-01-20T05:41:12.392+0000] {logging_mixin.py:151} INFO - #False
[2024-01-20T05:41:12.393+0000] {logging_mixin.py:151} INFO - #False
[2024-01-20T05:41:12.393+0000] {logging_mixin.py:151} INFO - #False
[2024-01-20T05:41:12.393+0000] {logging_mixin.py:151} INFO - #False
[2024-01-20T05:41:12.394+0000] {logging_mixin.py:151} INFO - #False
[2024-01-20T05:41:12.394+0000] {logging_mixin.py:151} INFO - #False
[2024-01-20T05:41:12.394+0000] {logging_mixin.py:151} INFO - #False
[2024-01-20T05:41:12.395+0000] {logging_mixin.py:151} INFO -  submission : 
[2024-01-20T05:41:12.864+0000] {logging_mixin.py:151} INFO - #False
[2024-01-20T05:41:12.865+0000] {logging_mixin.py:151} INFO - #False
[2024-01-20T05:41:12.865+0000] {logging_mixin.py:151} INFO - #False
[2024-01-20T05:41:12.865+0000] {logging_mixin.py:151} INFO - #False
[2024-01-20T05:41:12.866+0000] {logging_mixin.py:151} INFO - #False
[2024-01-20T05:41:12.866+0000] {logging_mixin.py:151} INFO - #False
[2024-01-20T05:41:12.866+0000] {logging_mixin.py:151} INFO - #False
[2024-01-20T05:41:12.868+0000] {logging_mixin.py:151} INFO - #False
[2024-01-20T05:41:12.868+0000] {logging_mixin.py:151} INFO - #False
[2024-01-20T05:41:12.868+0000] {logging_mixin.py:151} INFO - #False
[2024-01-20T05:41:12.869+0000] {logging_mixin.py:151} INFO - #False
[2024-01-20T05:41:12.869+0000] {logging_mixin.py:151} INFO - #False
[2024-01-20T05:41:12.870+0000] {logging_mixin.py:151} INFO - #False
[2024-01-20T05:41:12.870+0000] {logging_mixin.py:151} INFO - #False
[2024-01-20T05:41:12.870+0000] {logging_mixin.py:151} INFO - #False
[2024-01-20T05:41:12.870+0000] {logging_mixin.py:151} INFO - #False
[2024-01-20T05:41:12.871+0000] {logging_mixin.py:151} INFO - #False
[2024-01-20T05:41:12.871+0000] {logging_mixin.py:151} INFO - #False
[2024-01-20T05:41:12.872+0000] {logging_mixin.py:151} INFO - #False
[2024-01-20T05:41:12.872+0000] {logging_mixin.py:151} INFO - #False
[2024-01-20T05:41:12.872+0000] {logging_mixin.py:151} INFO - #False
[2024-01-20T05:41:12.872+0000] {logging_mixin.py:151} INFO - #False
[2024-01-20T05:41:12.873+0000] {logging_mixin.py:151} INFO - #False
[2024-01-20T05:41:12.873+0000] {logging_mixin.py:151} INFO - #False
[2024-01-20T05:41:12.873+0000] {logging_mixin.py:151} INFO - #False
[2024-01-20T05:41:12.874+0000] {logging_mixin.py:151} INFO - #False
[2024-01-20T05:41:12.874+0000] {logging_mixin.py:151} INFO - #False
[2024-01-20T05:41:12.874+0000] {logging_mixin.py:151} INFO - #False
[2024-01-20T05:41:12.874+0000] {logging_mixin.py:151} INFO - #False
[2024-01-20T05:41:12.875+0000] {logging_mixin.py:151} INFO - #False
[2024-01-20T05:41:12.875+0000] {logging_mixin.py:151} INFO -  submission : 
[2024-01-20T05:41:13.896+0000] {logging_mixin.py:151} INFO - #False
[2024-01-20T05:41:13.899+0000] {logging_mixin.py:151} INFO - #False
[2024-01-20T05:41:13.900+0000] {logging_mixin.py:151} INFO - #False
[2024-01-20T05:41:13.900+0000] {logging_mixin.py:151} INFO - #False
[2024-01-20T05:41:13.901+0000] {logging_mixin.py:151} INFO - #False
[2024-01-20T05:41:13.901+0000] {logging_mixin.py:151} INFO - #False
[2024-01-20T05:41:13.901+0000] {logging_mixin.py:151} INFO - #False
[2024-01-20T05:41:13.902+0000] {logging_mixin.py:151} INFO - #False
[2024-01-20T05:41:13.902+0000] {logging_mixin.py:151} INFO - #False
[2024-01-20T05:41:13.902+0000] {logging_mixin.py:151} INFO - #False
[2024-01-20T05:41:13.903+0000] {logging_mixin.py:151} INFO - #False
[2024-01-20T05:41:13.903+0000] {logging_mixin.py:151} INFO - #False
[2024-01-20T05:41:13.903+0000] {logging_mixin.py:151} INFO - #False
[2024-01-20T05:41:13.904+0000] {logging_mixin.py:151} INFO - #False
[2024-01-20T05:41:13.904+0000] {logging_mixin.py:151} INFO - #False
[2024-01-20T05:41:13.904+0000] {logging_mixin.py:151} INFO - #False
[2024-01-20T05:41:13.904+0000] {logging_mixin.py:151} INFO - #False
[2024-01-20T05:41:13.904+0000] {logging_mixin.py:151} INFO - #False
[2024-01-20T05:41:13.905+0000] {logging_mixin.py:151} INFO - #False
[2024-01-20T05:41:13.905+0000] {logging_mixin.py:151} INFO - #False
[2024-01-20T05:41:13.905+0000] {logging_mixin.py:151} INFO - #False
[2024-01-20T05:41:13.905+0000] {logging_mixin.py:151} INFO - #False
[2024-01-20T05:41:13.906+0000] {logging_mixin.py:151} INFO - #False
[2024-01-20T05:41:13.906+0000] {logging_mixin.py:151} INFO - #False
[2024-01-20T05:41:13.906+0000] {logging_mixin.py:151} INFO - #False
[2024-01-20T05:41:13.906+0000] {logging_mixin.py:151} INFO - #False
[2024-01-20T05:41:13.907+0000] {logging_mixin.py:151} INFO - #False
[2024-01-20T05:41:13.907+0000] {logging_mixin.py:151} INFO - #False
[2024-01-20T05:41:13.907+0000] {logging_mixin.py:151} INFO - #False
[2024-01-20T05:41:13.907+0000] {logging_mixin.py:151} INFO - #False
[2024-01-20T05:41:13.908+0000] {logging_mixin.py:151} INFO -  submission : 
[2024-01-20T05:41:14.717+0000] {logging_mixin.py:151} INFO - #False
[2024-01-20T05:41:14.719+0000] {logging_mixin.py:151} INFO - #False
[2024-01-20T05:41:14.719+0000] {logging_mixin.py:151} INFO - #False
[2024-01-20T05:41:14.719+0000] {logging_mixin.py:151} INFO - #False
[2024-01-20T05:41:14.720+0000] {logging_mixin.py:151} INFO - #False
[2024-01-20T05:41:14.720+0000] {logging_mixin.py:151} INFO - #False
[2024-01-20T05:41:14.721+0000] {logging_mixin.py:151} INFO - #False
[2024-01-20T05:41:14.721+0000] {logging_mixin.py:151} INFO - #False
[2024-01-20T05:41:14.721+0000] {logging_mixin.py:151} INFO - #False
[2024-01-20T05:41:14.722+0000] {logging_mixin.py:151} INFO - #False
[2024-01-20T05:41:14.722+0000] {logging_mixin.py:151} INFO - #False
[2024-01-20T05:41:14.722+0000] {logging_mixin.py:151} INFO - #False
[2024-01-20T05:41:14.723+0000] {logging_mixin.py:151} INFO - #False
[2024-01-20T05:41:14.723+0000] {logging_mixin.py:151} INFO - #False
[2024-01-20T05:41:14.723+0000] {logging_mixin.py:151} INFO - #False
[2024-01-20T05:41:14.723+0000] {logging_mixin.py:151} INFO - #False
[2024-01-20T05:41:14.723+0000] {logging_mixin.py:151} INFO - #False
[2024-01-20T05:41:14.724+0000] {logging_mixin.py:151} INFO - #False
[2024-01-20T05:41:14.724+0000] {logging_mixin.py:151} INFO - #False
[2024-01-20T05:41:14.724+0000] {logging_mixin.py:151} INFO - #False
[2024-01-20T05:41:14.724+0000] {logging_mixin.py:151} INFO - #False
[2024-01-20T05:41:14.725+0000] {logging_mixin.py:151} INFO - #False
[2024-01-20T05:41:14.725+0000] {logging_mixin.py:151} INFO - #False
[2024-01-20T05:41:14.725+0000] {logging_mixin.py:151} INFO - #False
[2024-01-20T05:41:14.725+0000] {logging_mixin.py:151} INFO - #False
[2024-01-20T05:41:14.725+0000] {logging_mixin.py:151} INFO - #False
[2024-01-20T05:41:14.726+0000] {logging_mixin.py:151} INFO - #False
[2024-01-20T05:41:14.726+0000] {logging_mixin.py:151} INFO - #False
[2024-01-20T05:41:14.726+0000] {logging_mixin.py:151} INFO - #False
[2024-01-20T05:41:14.726+0000] {logging_mixin.py:151} INFO - #False
[2024-01-20T05:41:14.727+0000] {conn.py:919} INFO - <BrokerConnection node_id=1 host=broker:29092 <connected> [IPv4 ('172.19.0.8', 29092)]>: Closing connection. 
[2024-01-20T05:41:14.727+0000] {python.py:194} INFO - Done. Returned value was: None
[2024-01-20T05:41:14.734+0000] {taskinstance.py:1400} INFO - Marking task as SUCCESS. dag_id=Kafka_Producer_3, task_id=Reddit, execution_date=20240120T053759, start_date=20240120T054109, end_date=20240120T054114
[2024-01-20T05:41:14.751+0000] {local_task_job_runner.py:228} INFO - Task exited with return code 0
[2024-01-20T05:41:14.763+0000] {taskinstance.py:2784} INFO - 0 downstream tasks scheduled from follow-on schedule check
