[2024-01-21T00:00:43.963+0000] {taskinstance.py:1159} INFO - Dependencies all met for dep_context=non-requeueable deps ti=<TaskInstance: Kafka_Producer_1.Reddit scheduled__2024-01-20T23:59:39.000021+00:00 [queued]>
[2024-01-21T00:00:43.969+0000] {taskinstance.py:1159} INFO - Dependencies all met for dep_context=requeueable deps ti=<TaskInstance: Kafka_Producer_1.Reddit scheduled__2024-01-20T23:59:39.000021+00:00 [queued]>
[2024-01-21T00:00:43.969+0000] {taskinstance.py:1361} INFO - Starting attempt 1 of 1
[2024-01-21T00:00:43.980+0000] {taskinstance.py:1382} INFO - Executing <Task(PythonOperator): Reddit> on 2024-01-20 23:59:39.000021+00:00
[2024-01-21T00:00:43.983+0000] {standard_task_runner.py:57} INFO - Started process 2919 to run task
[2024-01-21T00:00:43.985+0000] {standard_task_runner.py:84} INFO - Running: ['***', 'tasks', 'run', 'Kafka_Producer_1', 'Reddit', 'scheduled__2024-01-20T23:59:39.000021+00:00', '--job-id', '1578', '--raw', '--subdir', 'DAGS_FOLDER/kafka_stream.py', '--cfg-path', '/tmp/tmp1zeiz2f1']
[2024-01-21T00:00:43.986+0000] {standard_task_runner.py:85} INFO - Job 1578: Subtask Reddit
[2024-01-21T00:00:44.035+0000] {task_command.py:415} INFO - Running <TaskInstance: Kafka_Producer_1.Reddit scheduled__2024-01-20T23:59:39.000021+00:00 [running]> on host 45c5bfab8aa1
[2024-01-21T00:00:44.163+0000] {taskinstance.py:1660} INFO - Exporting env vars: AIRFLOW_CTX_DAG_OWNER='me' AIRFLOW_CTX_DAG_ID='Kafka_Producer_1' AIRFLOW_CTX_TASK_ID='Reddit' AIRFLOW_CTX_EXECUTION_DATE='2024-01-20T23:59:39.000021+00:00' AIRFLOW_CTX_TRY_NUMBER='1' AIRFLOW_CTX_DAG_RUN_ID='scheduled__2024-01-20T23:59:39.000021+00:00'
[2024-01-21T00:00:44.190+0000] {logging_mixin.py:151} INFO -  submission : 
[2024-01-21T00:00:45.396+0000] {logging_mixin.py:151} INFO - @True
[2024-01-21T00:00:45.398+0000] {conn.py:380} INFO - <BrokerConnection node_id=bootstrap-0 host=broker:29092 <connecting> [IPv4 ('172.19.0.8', 29092)]>: connecting to broker:29092 [('172.19.0.8', 29092) IPv4]
[2024-01-21T00:00:45.399+0000] {conn.py:1205} INFO - Probing node bootstrap-0 broker version
[2024-01-21T00:00:45.399+0000] {conn.py:410} INFO - <BrokerConnection node_id=bootstrap-0 host=broker:29092 <connecting> [IPv4 ('172.19.0.8', 29092)]>: Connection complete.
[2024-01-21T00:00:45.502+0000] {conn.py:1267} INFO - Broker version identified as 2.5.0
[2024-01-21T00:00:45.503+0000] {conn.py:1268} INFO - Set configuration api_version=(2, 5, 0) to skip auto check_version requests on startup
[2024-01-21T00:00:45.508+0000] {logging_mixin.py:151} INFO - @True
[2024-01-21T00:00:45.509+0000] {conn.py:380} INFO - <BrokerConnection node_id=1 host=broker:29092 <connecting> [IPv4 ('172.19.0.8', 29092)]>: connecting to broker:29092 [('172.19.0.8', 29092) IPv4]
[2024-01-21T00:00:45.509+0000] {conn.py:380} INFO - <BrokerConnection node_id=bootstrap-0 host=broker:29092 <connecting> [IPv4 ('172.19.0.8', 29092)]>: connecting to broker:29092 [('172.19.0.8', 29092) IPv4]
[2024-01-21T00:00:45.510+0000] {conn.py:410} INFO - <BrokerConnection node_id=1 host=broker:29092 <connecting> [IPv4 ('172.19.0.8', 29092)]>: Connection complete.
[2024-01-21T00:00:45.510+0000] {conn.py:1205} INFO - Probing node bootstrap-0 broker version
[2024-01-21T00:00:45.511+0000] {conn.py:919} INFO - <BrokerConnection node_id=bootstrap-0 host=broker:29092 <connected> [IPv4 ('172.19.0.8', 29092)]>: Closing connection. 
[2024-01-21T00:00:45.512+0000] {conn.py:410} INFO - <BrokerConnection node_id=bootstrap-0 host=broker:29092 <connecting> [IPv4 ('172.19.0.8', 29092)]>: Connection complete.
[2024-01-21T00:00:45.615+0000] {conn.py:1267} INFO - Broker version identified as 2.5.0
[2024-01-21T00:00:45.618+0000] {conn.py:1268} INFO - Set configuration api_version=(2, 5, 0) to skip auto check_version requests on startup
[2024-01-21T00:00:45.620+0000] {conn.py:919} INFO - <BrokerConnection node_id=1 host=broker:29092 <connected> [IPv4 ('172.19.0.8', 29092)]>: Closing connection. 
[2024-01-21T00:00:45.622+0000] {logging_mixin.py:151} INFO - @True
[2024-01-21T00:00:45.623+0000] {conn.py:380} INFO - <BrokerConnection node_id=1 host=broker:29092 <connecting> [IPv4 ('172.19.0.8', 29092)]>: connecting to broker:29092 [('172.19.0.8', 29092) IPv4]
[2024-01-21T00:00:45.624+0000] {conn.py:410} INFO - <BrokerConnection node_id=1 host=broker:29092 <connecting> [IPv4 ('172.19.0.8', 29092)]>: Connection complete.
[2024-01-21T00:00:45.624+0000] {conn.py:380} INFO - <BrokerConnection node_id=bootstrap-0 host=broker:29092 <connecting> [IPv4 ('172.19.0.8', 29092)]>: connecting to broker:29092 [('172.19.0.8', 29092) IPv4]
[2024-01-21T00:00:45.625+0000] {conn.py:919} INFO - <BrokerConnection node_id=bootstrap-0 host=broker:29092 <connected> [IPv4 ('172.19.0.8', 29092)]>: Closing connection. 
[2024-01-21T00:00:45.625+0000] {conn.py:1205} INFO - Probing node bootstrap-0 broker version
[2024-01-21T00:00:45.627+0000] {conn.py:410} INFO - <BrokerConnection node_id=bootstrap-0 host=broker:29092 <connecting> [IPv4 ('172.19.0.8', 29092)]>: Connection complete.
[2024-01-21T00:00:45.731+0000] {conn.py:1267} INFO - Broker version identified as 2.5.0
[2024-01-21T00:00:45.731+0000] {conn.py:1268} INFO - Set configuration api_version=(2, 5, 0) to skip auto check_version requests on startup
[2024-01-21T00:00:45.733+0000] {conn.py:919} INFO - <BrokerConnection node_id=1 host=broker:29092 <connected> [IPv4 ('172.19.0.8', 29092)]>: Closing connection. 
[2024-01-21T00:00:45.736+0000] {logging_mixin.py:151} INFO - @True
[2024-01-21T00:00:45.737+0000] {conn.py:380} INFO - <BrokerConnection node_id=1 host=broker:29092 <connecting> [IPv4 ('172.19.0.8', 29092)]>: connecting to broker:29092 [('172.19.0.8', 29092) IPv4]
[2024-01-21T00:00:45.737+0000] {conn.py:410} INFO - <BrokerConnection node_id=1 host=broker:29092 <connecting> [IPv4 ('172.19.0.8', 29092)]>: Connection complete.
[2024-01-21T00:00:45.738+0000] {conn.py:380} INFO - <BrokerConnection node_id=bootstrap-0 host=broker:29092 <connecting> [IPv4 ('172.19.0.8', 29092)]>: connecting to broker:29092 [('172.19.0.8', 29092) IPv4]
[2024-01-21T00:00:45.738+0000] {conn.py:919} INFO - <BrokerConnection node_id=bootstrap-0 host=broker:29092 <connected> [IPv4 ('172.19.0.8', 29092)]>: Closing connection. 
[2024-01-21T00:00:45.738+0000] {conn.py:1205} INFO - Probing node bootstrap-0 broker version
[2024-01-21T00:00:45.739+0000] {conn.py:410} INFO - <BrokerConnection node_id=bootstrap-0 host=broker:29092 <connecting> [IPv4 ('172.19.0.8', 29092)]>: Connection complete.
[2024-01-21T00:00:45.842+0000] {conn.py:1267} INFO - Broker version identified as 2.5.0
[2024-01-21T00:00:45.842+0000] {conn.py:1268} INFO - Set configuration api_version=(2, 5, 0) to skip auto check_version requests on startup
[2024-01-21T00:00:45.844+0000] {conn.py:919} INFO - <BrokerConnection node_id=1 host=broker:29092 <connected> [IPv4 ('172.19.0.8', 29092)]>: Closing connection. 
[2024-01-21T00:00:45.846+0000] {logging_mixin.py:151} INFO - #False
[2024-01-21T00:00:45.847+0000] {logging_mixin.py:151} INFO - #False
[2024-01-21T00:00:45.848+0000] {logging_mixin.py:151} INFO - #False
[2024-01-21T00:00:45.848+0000] {conn.py:380} INFO - <BrokerConnection node_id=1 host=broker:29092 <connecting> [IPv4 ('172.19.0.8', 29092)]>: connecting to broker:29092 [('172.19.0.8', 29092) IPv4]
[2024-01-21T00:00:45.848+0000] {logging_mixin.py:151} INFO - #False
[2024-01-21T00:00:45.849+0000] {conn.py:410} INFO - <BrokerConnection node_id=1 host=broker:29092 <connecting> [IPv4 ('172.19.0.8', 29092)]>: Connection complete.
[2024-01-21T00:00:45.849+0000] {logging_mixin.py:151} INFO - #False
[2024-01-21T00:00:45.849+0000] {conn.py:919} INFO - <BrokerConnection node_id=bootstrap-0 host=broker:29092 <connected> [IPv4 ('172.19.0.8', 29092)]>: Closing connection. 
[2024-01-21T00:00:45.850+0000] {logging_mixin.py:151} INFO - #False
[2024-01-21T00:00:45.851+0000] {logging_mixin.py:151} INFO - #False
[2024-01-21T00:00:45.851+0000] {logging_mixin.py:151} INFO - #False
[2024-01-21T00:00:45.852+0000] {logging_mixin.py:151} INFO - #False
[2024-01-21T00:00:45.852+0000] {logging_mixin.py:151} INFO - #False
[2024-01-21T00:00:45.852+0000] {logging_mixin.py:151} INFO - #False
[2024-01-21T00:00:45.853+0000] {logging_mixin.py:151} INFO - #False
[2024-01-21T00:00:45.853+0000] {logging_mixin.py:151} INFO - #False
[2024-01-21T00:00:45.853+0000] {logging_mixin.py:151} INFO - #False
[2024-01-21T00:00:45.854+0000] {logging_mixin.py:151} INFO - #False
[2024-01-21T00:00:45.855+0000] {logging_mixin.py:151} INFO - #False
[2024-01-21T00:00:45.855+0000] {logging_mixin.py:151} INFO - #False
[2024-01-21T00:00:45.856+0000] {logging_mixin.py:151} INFO - #False
[2024-01-21T00:00:45.857+0000] {logging_mixin.py:151} INFO - #False
[2024-01-21T00:00:45.857+0000] {logging_mixin.py:151} INFO - #False
[2024-01-21T00:00:45.858+0000] {logging_mixin.py:151} INFO - #False
[2024-01-21T00:00:45.860+0000] {logging_mixin.py:151} INFO - #False
[2024-01-21T00:00:45.860+0000] {logging_mixin.py:151} INFO - #False
[2024-01-21T00:00:45.861+0000] {logging_mixin.py:151} INFO - #False
[2024-01-21T00:00:45.861+0000] {logging_mixin.py:151} INFO - #False
[2024-01-21T00:00:45.862+0000] {logging_mixin.py:151} INFO - #False
[2024-01-21T00:00:45.863+0000] {logging_mixin.py:151} INFO - #False
[2024-01-21T00:00:45.863+0000] {logging_mixin.py:151} INFO - #False
[2024-01-21T00:00:45.864+0000] {logging_mixin.py:151} INFO - #False
[2024-01-21T00:00:45.864+0000] {logging_mixin.py:151} INFO - #False
[2024-01-21T00:00:45.865+0000] {logging_mixin.py:151} INFO - #False
[2024-01-21T00:00:45.865+0000] {logging_mixin.py:151} INFO - #False
[2024-01-21T00:00:45.865+0000] {logging_mixin.py:151} INFO - #False
[2024-01-21T00:00:45.865+0000] {logging_mixin.py:151} INFO - #False
[2024-01-21T00:00:45.866+0000] {logging_mixin.py:151} INFO - #False
[2024-01-21T00:00:45.866+0000] {logging_mixin.py:151} INFO - #False
[2024-01-21T00:00:45.867+0000] {logging_mixin.py:151} INFO - #False
[2024-01-21T00:00:45.867+0000] {logging_mixin.py:151} INFO - #False
[2024-01-21T00:00:45.867+0000] {logging_mixin.py:151} INFO - #False
[2024-01-21T00:00:45.868+0000] {logging_mixin.py:151} INFO - #False
[2024-01-21T00:00:45.868+0000] {logging_mixin.py:151} INFO - #False
[2024-01-21T00:00:45.868+0000] {logging_mixin.py:151} INFO - #False
[2024-01-21T00:00:45.868+0000] {logging_mixin.py:151} INFO - #False
[2024-01-21T00:00:45.869+0000] {logging_mixin.py:151} INFO - #False
[2024-01-21T00:00:45.869+0000] {logging_mixin.py:151} INFO - #False
[2024-01-21T00:00:45.869+0000] {logging_mixin.py:151} INFO - #False
[2024-01-21T00:00:45.869+0000] {logging_mixin.py:151} INFO -  submission : 
[2024-01-21T00:00:46.801+0000] {logging_mixin.py:151} INFO - #False
[2024-01-21T00:00:46.802+0000] {logging_mixin.py:151} INFO - #False
[2024-01-21T00:00:46.802+0000] {logging_mixin.py:151} INFO - #False
[2024-01-21T00:00:46.803+0000] {logging_mixin.py:151} INFO - #False
[2024-01-21T00:00:46.803+0000] {logging_mixin.py:151} INFO - #False
[2024-01-21T00:00:46.804+0000] {logging_mixin.py:151} INFO - #False
[2024-01-21T00:00:46.804+0000] {logging_mixin.py:151} INFO - #False
[2024-01-21T00:00:46.805+0000] {logging_mixin.py:151} INFO - #False
[2024-01-21T00:00:46.805+0000] {logging_mixin.py:151} INFO - #False
[2024-01-21T00:00:46.805+0000] {logging_mixin.py:151} INFO - #False
[2024-01-21T00:00:46.806+0000] {logging_mixin.py:151} INFO - #False
[2024-01-21T00:00:46.806+0000] {logging_mixin.py:151} INFO - #False
[2024-01-21T00:00:46.806+0000] {logging_mixin.py:151} INFO - #False
[2024-01-21T00:00:46.806+0000] {logging_mixin.py:151} INFO - #False
[2024-01-21T00:00:46.807+0000] {logging_mixin.py:151} INFO - #False
[2024-01-21T00:00:46.807+0000] {logging_mixin.py:151} INFO - #False
[2024-01-21T00:00:46.807+0000] {logging_mixin.py:151} INFO - #False
[2024-01-21T00:00:46.809+0000] {logging_mixin.py:151} INFO - #False
[2024-01-21T00:00:46.809+0000] {logging_mixin.py:151} INFO - #False
[2024-01-21T00:00:46.810+0000] {logging_mixin.py:151} INFO - #False
[2024-01-21T00:00:46.810+0000] {logging_mixin.py:151} INFO - #False
[2024-01-21T00:00:46.811+0000] {logging_mixin.py:151} INFO - #False
[2024-01-21T00:00:46.812+0000] {logging_mixin.py:151} INFO - #False
[2024-01-21T00:00:46.812+0000] {logging_mixin.py:151} INFO - #False
[2024-01-21T00:00:46.813+0000] {logging_mixin.py:151} INFO - #False
[2024-01-21T00:00:46.813+0000] {logging_mixin.py:151} INFO - #False
[2024-01-21T00:00:46.814+0000] {logging_mixin.py:151} INFO - #False
[2024-01-21T00:00:46.814+0000] {logging_mixin.py:151} INFO - #False
[2024-01-21T00:00:46.815+0000] {logging_mixin.py:151} INFO - #False
[2024-01-21T00:00:46.815+0000] {logging_mixin.py:151} INFO - #False
[2024-01-21T00:00:46.816+0000] {logging_mixin.py:151} INFO - #False
[2024-01-21T00:00:46.816+0000] {logging_mixin.py:151} INFO - #False
[2024-01-21T00:00:46.817+0000] {logging_mixin.py:151} INFO - #False
[2024-01-21T00:00:46.817+0000] {logging_mixin.py:151} INFO - #False
[2024-01-21T00:00:46.817+0000] {logging_mixin.py:151} INFO - #False
[2024-01-21T00:00:46.818+0000] {logging_mixin.py:151} INFO - #False
[2024-01-21T00:00:46.818+0000] {logging_mixin.py:151} INFO - #False
[2024-01-21T00:00:46.818+0000] {logging_mixin.py:151} INFO - #False
[2024-01-21T00:00:46.819+0000] {logging_mixin.py:151} INFO - #False
[2024-01-21T00:00:46.819+0000] {logging_mixin.py:151} INFO - #False
[2024-01-21T00:00:46.819+0000] {logging_mixin.py:151} INFO - #False
[2024-01-21T00:00:46.819+0000] {logging_mixin.py:151} INFO - #False
[2024-01-21T00:00:46.820+0000] {logging_mixin.py:151} INFO - #False
[2024-01-21T00:00:46.820+0000] {logging_mixin.py:151} INFO - #False
[2024-01-21T00:00:46.820+0000] {logging_mixin.py:151} INFO - #False
[2024-01-21T00:00:46.820+0000] {logging_mixin.py:151} INFO - #False
[2024-01-21T00:00:46.821+0000] {logging_mixin.py:151} INFO - #False
[2024-01-21T00:00:46.821+0000] {logging_mixin.py:151} INFO - #False
[2024-01-21T00:00:46.821+0000] {logging_mixin.py:151} INFO - #False
[2024-01-21T00:00:46.821+0000] {logging_mixin.py:151} INFO - #False
[2024-01-21T00:00:46.822+0000] {logging_mixin.py:151} INFO -  submission : 
[2024-01-21T00:00:47.701+0000] {logging_mixin.py:151} INFO - @True
[2024-01-21T00:00:47.702+0000] {conn.py:380} INFO - <BrokerConnection node_id=bootstrap-0 host=broker:29092 <connecting> [IPv4 ('172.19.0.8', 29092)]>: connecting to broker:29092 [('172.19.0.8', 29092) IPv4]
[2024-01-21T00:00:47.703+0000] {conn.py:1205} INFO - Probing node bootstrap-0 broker version
[2024-01-21T00:00:47.705+0000] {conn.py:410} INFO - <BrokerConnection node_id=bootstrap-0 host=broker:29092 <connecting> [IPv4 ('172.19.0.8', 29092)]>: Connection complete.
[2024-01-21T00:00:47.808+0000] {conn.py:1267} INFO - Broker version identified as 2.5.0
[2024-01-21T00:00:47.809+0000] {conn.py:1268} INFO - Set configuration api_version=(2, 5, 0) to skip auto check_version requests on startup
[2024-01-21T00:00:47.811+0000] {conn.py:919} INFO - <BrokerConnection node_id=1 host=broker:29092 <connected> [IPv4 ('172.19.0.8', 29092)]>: Closing connection. 
[2024-01-21T00:00:47.819+0000] {logging_mixin.py:151} INFO - @True
[2024-01-21T00:00:47.821+0000] {conn.py:380} INFO - <BrokerConnection node_id=1 host=broker:29092 <connecting> [IPv4 ('172.19.0.8', 29092)]>: connecting to broker:29092 [('172.19.0.8', 29092) IPv4]
[2024-01-21T00:00:47.823+0000] {conn.py:410} INFO - <BrokerConnection node_id=1 host=broker:29092 <connecting> [IPv4 ('172.19.0.8', 29092)]>: Connection complete.
[2024-01-21T00:00:47.824+0000] {conn.py:380} INFO - <BrokerConnection node_id=bootstrap-0 host=broker:29092 <connecting> [IPv4 ('172.19.0.8', 29092)]>: connecting to broker:29092 [('172.19.0.8', 29092) IPv4]
[2024-01-21T00:00:47.825+0000] {conn.py:919} INFO - <BrokerConnection node_id=bootstrap-0 host=broker:29092 <connected> [IPv4 ('172.19.0.8', 29092)]>: Closing connection. 
[2024-01-21T00:00:47.826+0000] {conn.py:1205} INFO - Probing node bootstrap-0 broker version
[2024-01-21T00:00:47.830+0000] {conn.py:410} INFO - <BrokerConnection node_id=bootstrap-0 host=broker:29092 <connecting> [IPv4 ('172.19.0.8', 29092)]>: Connection complete.
[2024-01-21T00:00:47.936+0000] {conn.py:1267} INFO - Broker version identified as 2.5.0
[2024-01-21T00:00:47.938+0000] {conn.py:1268} INFO - Set configuration api_version=(2, 5, 0) to skip auto check_version requests on startup
[2024-01-21T00:00:47.941+0000] {conn.py:919} INFO - <BrokerConnection node_id=1 host=broker:29092 <connected> [IPv4 ('172.19.0.8', 29092)]>: Closing connection. 
[2024-01-21T00:00:47.945+0000] {logging_mixin.py:151} INFO - @True
[2024-01-21T00:00:47.947+0000] {conn.py:380} INFO - <BrokerConnection node_id=1 host=broker:29092 <connecting> [IPv4 ('172.19.0.8', 29092)]>: connecting to broker:29092 [('172.19.0.8', 29092) IPv4]
[2024-01-21T00:00:47.947+0000] {conn.py:380} INFO - <BrokerConnection node_id=bootstrap-0 host=broker:29092 <connecting> [IPv4 ('172.19.0.8', 29092)]>: connecting to broker:29092 [('172.19.0.8', 29092) IPv4]
[2024-01-21T00:00:47.948+0000] {conn.py:410} INFO - <BrokerConnection node_id=1 host=broker:29092 <connecting> [IPv4 ('172.19.0.8', 29092)]>: Connection complete.
[2024-01-21T00:00:47.948+0000] {conn.py:1205} INFO - Probing node bootstrap-0 broker version
[2024-01-21T00:00:47.949+0000] {conn.py:919} INFO - <BrokerConnection node_id=bootstrap-0 host=broker:29092 <connected> [IPv4 ('172.19.0.8', 29092)]>: Closing connection. 
[2024-01-21T00:00:47.950+0000] {conn.py:410} INFO - <BrokerConnection node_id=bootstrap-0 host=broker:29092 <connecting> [IPv4 ('172.19.0.8', 29092)]>: Connection complete.
[2024-01-21T00:00:48.053+0000] {conn.py:1267} INFO - Broker version identified as 2.5.0
[2024-01-21T00:00:48.054+0000] {conn.py:1268} INFO - Set configuration api_version=(2, 5, 0) to skip auto check_version requests on startup
[2024-01-21T00:00:48.056+0000] {conn.py:919} INFO - <BrokerConnection node_id=1 host=broker:29092 <connected> [IPv4 ('172.19.0.8', 29092)]>: Closing connection. 
[2024-01-21T00:00:48.064+0000] {logging_mixin.py:151} INFO - @True
[2024-01-21T00:00:48.065+0000] {conn.py:380} INFO - <BrokerConnection node_id=1 host=broker:29092 <connecting> [IPv4 ('172.19.0.8', 29092)]>: connecting to broker:29092 [('172.19.0.8', 29092) IPv4]
[2024-01-21T00:00:48.066+0000] {conn.py:380} INFO - <BrokerConnection node_id=bootstrap-0 host=broker:29092 <connecting> [IPv4 ('172.19.0.8', 29092)]>: connecting to broker:29092 [('172.19.0.8', 29092) IPv4]
[2024-01-21T00:00:48.066+0000] {conn.py:410} INFO - <BrokerConnection node_id=1 host=broker:29092 <connecting> [IPv4 ('172.19.0.8', 29092)]>: Connection complete.
[2024-01-21T00:00:48.067+0000] {conn.py:1205} INFO - Probing node bootstrap-0 broker version
[2024-01-21T00:00:48.067+0000] {conn.py:919} INFO - <BrokerConnection node_id=bootstrap-0 host=broker:29092 <connected> [IPv4 ('172.19.0.8', 29092)]>: Closing connection. 
[2024-01-21T00:00:48.068+0000] {conn.py:410} INFO - <BrokerConnection node_id=bootstrap-0 host=broker:29092 <connecting> [IPv4 ('172.19.0.8', 29092)]>: Connection complete.
[2024-01-21T00:00:48.170+0000] {conn.py:1267} INFO - Broker version identified as 2.5.0
[2024-01-21T00:00:48.171+0000] {conn.py:1268} INFO - Set configuration api_version=(2, 5, 0) to skip auto check_version requests on startup
[2024-01-21T00:00:48.173+0000] {conn.py:919} INFO - <BrokerConnection node_id=1 host=broker:29092 <connected> [IPv4 ('172.19.0.8', 29092)]>: Closing connection. 
[2024-01-21T00:00:48.175+0000] {logging_mixin.py:151} INFO - @True
[2024-01-21T00:00:48.177+0000] {conn.py:380} INFO - <BrokerConnection node_id=1 host=broker:29092 <connecting> [IPv4 ('172.19.0.8', 29092)]>: connecting to broker:29092 [('172.19.0.8', 29092) IPv4]
[2024-01-21T00:00:48.177+0000] {conn.py:410} INFO - <BrokerConnection node_id=1 host=broker:29092 <connecting> [IPv4 ('172.19.0.8', 29092)]>: Connection complete.
[2024-01-21T00:00:48.178+0000] {conn.py:380} INFO - <BrokerConnection node_id=bootstrap-0 host=broker:29092 <connecting> [IPv4 ('172.19.0.8', 29092)]>: connecting to broker:29092 [('172.19.0.8', 29092) IPv4]
[2024-01-21T00:00:48.178+0000] {conn.py:919} INFO - <BrokerConnection node_id=bootstrap-0 host=broker:29092 <connected> [IPv4 ('172.19.0.8', 29092)]>: Closing connection. 
[2024-01-21T00:00:48.178+0000] {conn.py:1205} INFO - Probing node bootstrap-0 broker version
[2024-01-21T00:00:48.180+0000] {conn.py:410} INFO - <BrokerConnection node_id=bootstrap-0 host=broker:29092 <connecting> [IPv4 ('172.19.0.8', 29092)]>: Connection complete.
[2024-01-21T00:00:48.283+0000] {conn.py:1267} INFO - Broker version identified as 2.5.0
[2024-01-21T00:00:48.284+0000] {conn.py:1268} INFO - Set configuration api_version=(2, 5, 0) to skip auto check_version requests on startup
[2024-01-21T00:00:48.291+0000] {conn.py:919} INFO - <BrokerConnection node_id=1 host=broker:29092 <connected> [IPv4 ('172.19.0.8', 29092)]>: Closing connection. 
[2024-01-21T00:00:48.293+0000] {logging_mixin.py:151} INFO - #False
[2024-01-21T00:00:48.294+0000] {logging_mixin.py:151} INFO - #False
[2024-01-21T00:00:48.294+0000] {logging_mixin.py:151} INFO - #False
[2024-01-21T00:00:48.294+0000] {conn.py:380} INFO - <BrokerConnection node_id=1 host=broker:29092 <connecting> [IPv4 ('172.19.0.8', 29092)]>: connecting to broker:29092 [('172.19.0.8', 29092) IPv4]
[2024-01-21T00:00:48.295+0000] {logging_mixin.py:151} INFO - #False
[2024-01-21T00:00:48.295+0000] {conn.py:410} INFO - <BrokerConnection node_id=1 host=broker:29092 <connecting> [IPv4 ('172.19.0.8', 29092)]>: Connection complete.
[2024-01-21T00:00:48.296+0000] {logging_mixin.py:151} INFO - #False
[2024-01-21T00:00:48.296+0000] {conn.py:919} INFO - <BrokerConnection node_id=bootstrap-0 host=broker:29092 <connected> [IPv4 ('172.19.0.8', 29092)]>: Closing connection. 
[2024-01-21T00:00:48.296+0000] {logging_mixin.py:151} INFO - #False
[2024-01-21T00:00:48.298+0000] {logging_mixin.py:151} INFO - #False
[2024-01-21T00:00:48.298+0000] {logging_mixin.py:151} INFO - #False
[2024-01-21T00:00:48.299+0000] {logging_mixin.py:151} INFO - #False
[2024-01-21T00:00:48.299+0000] {logging_mixin.py:151} INFO - #False
[2024-01-21T00:00:48.299+0000] {logging_mixin.py:151} INFO - #False
[2024-01-21T00:00:48.300+0000] {logging_mixin.py:151} INFO - #False
[2024-01-21T00:00:48.300+0000] {logging_mixin.py:151} INFO - #False
[2024-01-21T00:00:48.300+0000] {logging_mixin.py:151} INFO - #False
[2024-01-21T00:00:48.300+0000] {logging_mixin.py:151} INFO - #False
[2024-01-21T00:00:48.301+0000] {logging_mixin.py:151} INFO - #False
[2024-01-21T00:00:48.301+0000] {logging_mixin.py:151} INFO - #False
[2024-01-21T00:00:48.301+0000] {logging_mixin.py:151} INFO - #False
[2024-01-21T00:00:48.301+0000] {logging_mixin.py:151} INFO - #False
[2024-01-21T00:00:48.302+0000] {logging_mixin.py:151} INFO - #False
[2024-01-21T00:00:48.302+0000] {logging_mixin.py:151} INFO - #False
[2024-01-21T00:00:48.302+0000] {logging_mixin.py:151} INFO - #False
[2024-01-21T00:00:48.302+0000] {logging_mixin.py:151} INFO - #False
[2024-01-21T00:00:48.302+0000] {logging_mixin.py:151} INFO - #False
[2024-01-21T00:00:48.302+0000] {logging_mixin.py:151} INFO - #False
[2024-01-21T00:00:48.303+0000] {logging_mixin.py:151} INFO - #False
[2024-01-21T00:00:48.303+0000] {logging_mixin.py:151} INFO - #False
[2024-01-21T00:00:48.303+0000] {logging_mixin.py:151} INFO - #False
[2024-01-21T00:00:48.303+0000] {logging_mixin.py:151} INFO - #False
[2024-01-21T00:00:48.304+0000] {logging_mixin.py:151} INFO - #False
[2024-01-21T00:00:48.304+0000] {logging_mixin.py:151} INFO - #False
[2024-01-21T00:00:48.304+0000] {logging_mixin.py:151} INFO - #False
[2024-01-21T00:00:48.304+0000] {logging_mixin.py:151} INFO - #False
[2024-01-21T00:00:48.304+0000] {logging_mixin.py:151} INFO - #False
[2024-01-21T00:00:48.304+0000] {logging_mixin.py:151} INFO - #False
[2024-01-21T00:00:48.305+0000] {logging_mixin.py:151} INFO - #False
[2024-01-21T00:00:48.305+0000] {logging_mixin.py:151} INFO - #False
[2024-01-21T00:00:48.305+0000] {logging_mixin.py:151} INFO - #False
[2024-01-21T00:00:48.305+0000] {logging_mixin.py:151} INFO - #False
[2024-01-21T00:00:48.305+0000] {logging_mixin.py:151} INFO - #False
[2024-01-21T00:00:48.306+0000] {logging_mixin.py:151} INFO - #False
[2024-01-21T00:00:48.306+0000] {logging_mixin.py:151} INFO - #False
[2024-01-21T00:00:48.306+0000] {logging_mixin.py:151} INFO - #False
[2024-01-21T00:00:48.306+0000] {logging_mixin.py:151} INFO - #False
[2024-01-21T00:00:48.306+0000] {logging_mixin.py:151} INFO - #False
[2024-01-21T00:00:48.307+0000] {logging_mixin.py:151} INFO -  submission : 
[2024-01-21T00:00:49.032+0000] {logging_mixin.py:151} INFO - #False
[2024-01-21T00:00:49.033+0000] {logging_mixin.py:151} INFO - #False
[2024-01-21T00:00:49.033+0000] {logging_mixin.py:151} INFO - #False
[2024-01-21T00:00:49.033+0000] {logging_mixin.py:151} INFO - #False
[2024-01-21T00:00:49.034+0000] {logging_mixin.py:151} INFO - #False
[2024-01-21T00:00:49.034+0000] {logging_mixin.py:151} INFO - #False
[2024-01-21T00:00:49.034+0000] {logging_mixin.py:151} INFO - #False
[2024-01-21T00:00:49.034+0000] {logging_mixin.py:151} INFO - #False
[2024-01-21T00:00:49.034+0000] {logging_mixin.py:151} INFO - #False
[2024-01-21T00:00:49.035+0000] {logging_mixin.py:151} INFO - #False
[2024-01-21T00:00:49.035+0000] {logging_mixin.py:151} INFO - #False
[2024-01-21T00:00:49.035+0000] {logging_mixin.py:151} INFO - #False
[2024-01-21T00:00:49.035+0000] {logging_mixin.py:151} INFO - #False
[2024-01-21T00:00:49.036+0000] {logging_mixin.py:151} INFO - #False
[2024-01-21T00:00:49.036+0000] {logging_mixin.py:151} INFO - #False
[2024-01-21T00:00:49.036+0000] {logging_mixin.py:151} INFO - #False
[2024-01-21T00:00:49.036+0000] {logging_mixin.py:151} INFO - #False
[2024-01-21T00:00:49.036+0000] {logging_mixin.py:151} INFO - #False
[2024-01-21T00:00:49.037+0000] {logging_mixin.py:151} INFO - #False
[2024-01-21T00:00:49.037+0000] {logging_mixin.py:151} INFO - #False
[2024-01-21T00:00:49.037+0000] {logging_mixin.py:151} INFO - #False
[2024-01-21T00:00:49.037+0000] {logging_mixin.py:151} INFO - #False
[2024-01-21T00:00:49.037+0000] {logging_mixin.py:151} INFO - #False
[2024-01-21T00:00:49.038+0000] {logging_mixin.py:151} INFO - #False
[2024-01-21T00:00:49.038+0000] {logging_mixin.py:151} INFO - #False
[2024-01-21T00:00:49.038+0000] {logging_mixin.py:151} INFO - #False
[2024-01-21T00:00:49.038+0000] {logging_mixin.py:151} INFO - #False
[2024-01-21T00:00:49.038+0000] {logging_mixin.py:151} INFO - #False
[2024-01-21T00:00:49.039+0000] {logging_mixin.py:151} INFO - #False
[2024-01-21T00:00:49.039+0000] {logging_mixin.py:151} INFO - #False
[2024-01-21T00:00:49.039+0000] {logging_mixin.py:151} INFO - #False
[2024-01-21T00:00:49.039+0000] {logging_mixin.py:151} INFO - #False
[2024-01-21T00:00:49.040+0000] {logging_mixin.py:151} INFO - #False
[2024-01-21T00:00:49.040+0000] {logging_mixin.py:151} INFO - #False
[2024-01-21T00:00:49.040+0000] {logging_mixin.py:151} INFO - #False
[2024-01-21T00:00:49.040+0000] {logging_mixin.py:151} INFO - #False
[2024-01-21T00:00:49.040+0000] {logging_mixin.py:151} INFO - #False
[2024-01-21T00:00:49.040+0000] {logging_mixin.py:151} INFO - #False
[2024-01-21T00:00:49.041+0000] {logging_mixin.py:151} INFO - #False
[2024-01-21T00:00:49.041+0000] {logging_mixin.py:151} INFO - #False
[2024-01-21T00:00:49.041+0000] {logging_mixin.py:151} INFO - #False
[2024-01-21T00:00:49.041+0000] {logging_mixin.py:151} INFO - #False
[2024-01-21T00:00:49.041+0000] {logging_mixin.py:151} INFO - #False
[2024-01-21T00:00:49.042+0000] {logging_mixin.py:151} INFO - #False
[2024-01-21T00:00:49.042+0000] {logging_mixin.py:151} INFO - #False
[2024-01-21T00:00:49.042+0000] {logging_mixin.py:151} INFO - #False
[2024-01-21T00:00:49.042+0000] {logging_mixin.py:151} INFO - #False
[2024-01-21T00:00:49.042+0000] {logging_mixin.py:151} INFO - #False
[2024-01-21T00:00:49.043+0000] {logging_mixin.py:151} INFO - #False
[2024-01-21T00:00:49.043+0000] {logging_mixin.py:151} INFO - #False
[2024-01-21T00:00:49.043+0000] {logging_mixin.py:151} INFO -  submission : 
[2024-01-21T00:00:49.840+0000] {logging_mixin.py:151} INFO - #False
[2024-01-21T00:00:49.840+0000] {logging_mixin.py:151} INFO - #False
[2024-01-21T00:00:49.841+0000] {logging_mixin.py:151} INFO - #False
[2024-01-21T00:00:49.841+0000] {logging_mixin.py:151} INFO - #False
[2024-01-21T00:00:49.841+0000] {logging_mixin.py:151} INFO - #False
[2024-01-21T00:00:49.841+0000] {logging_mixin.py:151} INFO - #False
[2024-01-21T00:00:49.841+0000] {logging_mixin.py:151} INFO - #False
[2024-01-21T00:00:49.842+0000] {logging_mixin.py:151} INFO - #False
[2024-01-21T00:00:49.842+0000] {logging_mixin.py:151} INFO - #False
[2024-01-21T00:00:49.842+0000] {logging_mixin.py:151} INFO - #False
[2024-01-21T00:00:49.842+0000] {logging_mixin.py:151} INFO - #False
[2024-01-21T00:00:49.842+0000] {logging_mixin.py:151} INFO - #False
[2024-01-21T00:00:49.843+0000] {logging_mixin.py:151} INFO - #False
[2024-01-21T00:00:49.843+0000] {logging_mixin.py:151} INFO - #False
[2024-01-21T00:00:49.843+0000] {logging_mixin.py:151} INFO - #False
[2024-01-21T00:00:49.844+0000] {logging_mixin.py:151} INFO - #False
[2024-01-21T00:00:49.844+0000] {logging_mixin.py:151} INFO - #False
[2024-01-21T00:00:49.844+0000] {logging_mixin.py:151} INFO - #False
[2024-01-21T00:00:49.844+0000] {logging_mixin.py:151} INFO - #False
[2024-01-21T00:00:49.845+0000] {logging_mixin.py:151} INFO - #False
[2024-01-21T00:00:49.845+0000] {logging_mixin.py:151} INFO - #False
[2024-01-21T00:00:49.846+0000] {logging_mixin.py:151} INFO - #False
[2024-01-21T00:00:49.846+0000] {logging_mixin.py:151} INFO - #False
[2024-01-21T00:00:49.846+0000] {logging_mixin.py:151} INFO - #False
[2024-01-21T00:00:49.847+0000] {logging_mixin.py:151} INFO - #False
[2024-01-21T00:00:49.847+0000] {logging_mixin.py:151} INFO - #False
[2024-01-21T00:00:49.847+0000] {logging_mixin.py:151} INFO - #False
[2024-01-21T00:00:49.848+0000] {logging_mixin.py:151} INFO - #False
[2024-01-21T00:00:49.848+0000] {logging_mixin.py:151} INFO - #False
[2024-01-21T00:00:49.848+0000] {logging_mixin.py:151} INFO - #False
[2024-01-21T00:00:49.849+0000] {logging_mixin.py:151} INFO - #False
[2024-01-21T00:00:49.849+0000] {logging_mixin.py:151} INFO - #False
[2024-01-21T00:00:49.849+0000] {logging_mixin.py:151} INFO - #False
[2024-01-21T00:00:49.850+0000] {logging_mixin.py:151} INFO - #False
[2024-01-21T00:00:49.850+0000] {logging_mixin.py:151} INFO - #False
[2024-01-21T00:00:49.850+0000] {logging_mixin.py:151} INFO - #False
[2024-01-21T00:00:49.850+0000] {logging_mixin.py:151} INFO - #False
[2024-01-21T00:00:49.850+0000] {logging_mixin.py:151} INFO - #False
[2024-01-21T00:00:49.851+0000] {logging_mixin.py:151} INFO - #False
[2024-01-21T00:00:49.851+0000] {logging_mixin.py:151} INFO - #False
[2024-01-21T00:00:49.851+0000] {logging_mixin.py:151} INFO - #False
[2024-01-21T00:00:49.851+0000] {logging_mixin.py:151} INFO - #False
[2024-01-21T00:00:49.851+0000] {logging_mixin.py:151} INFO - #False
[2024-01-21T00:00:49.852+0000] {logging_mixin.py:151} INFO - #False
[2024-01-21T00:00:49.852+0000] {logging_mixin.py:151} INFO - #False
[2024-01-21T00:00:49.852+0000] {logging_mixin.py:151} INFO - #False
[2024-01-21T00:00:49.852+0000] {logging_mixin.py:151} INFO - #False
[2024-01-21T00:00:49.853+0000] {logging_mixin.py:151} INFO - #False
[2024-01-21T00:00:49.853+0000] {logging_mixin.py:151} INFO - #False
[2024-01-21T00:00:49.853+0000] {logging_mixin.py:151} INFO - #False
[2024-01-21T00:00:49.853+0000] {logging_mixin.py:151} INFO -  submission : 
[2024-01-21T00:00:50.691+0000] {logging_mixin.py:151} INFO - #False
[2024-01-21T00:00:50.693+0000] {logging_mixin.py:151} INFO - #False
[2024-01-21T00:00:50.694+0000] {logging_mixin.py:151} INFO - #False
[2024-01-21T00:00:50.694+0000] {logging_mixin.py:151} INFO - #False
[2024-01-21T00:00:50.695+0000] {logging_mixin.py:151} INFO - #False
[2024-01-21T00:00:50.695+0000] {logging_mixin.py:151} INFO - #False
[2024-01-21T00:00:50.696+0000] {logging_mixin.py:151} INFO - #False
[2024-01-21T00:00:50.697+0000] {logging_mixin.py:151} INFO - #False
[2024-01-21T00:00:50.698+0000] {logging_mixin.py:151} INFO - #False
[2024-01-21T00:00:50.698+0000] {logging_mixin.py:151} INFO - #False
[2024-01-21T00:00:50.699+0000] {logging_mixin.py:151} INFO - #False
[2024-01-21T00:00:50.700+0000] {logging_mixin.py:151} INFO - #False
[2024-01-21T00:00:50.700+0000] {logging_mixin.py:151} INFO - #False
[2024-01-21T00:00:50.700+0000] {logging_mixin.py:151} INFO - #False
[2024-01-21T00:00:50.701+0000] {logging_mixin.py:151} INFO - #False
[2024-01-21T00:00:50.701+0000] {logging_mixin.py:151} INFO - #False
[2024-01-21T00:00:50.702+0000] {logging_mixin.py:151} INFO - #False
[2024-01-21T00:00:50.703+0000] {logging_mixin.py:151} INFO - #False
[2024-01-21T00:00:50.703+0000] {logging_mixin.py:151} INFO - #False
[2024-01-21T00:00:50.704+0000] {logging_mixin.py:151} INFO - #False
[2024-01-21T00:00:50.706+0000] {logging_mixin.py:151} INFO - #False
[2024-01-21T00:00:50.707+0000] {logging_mixin.py:151} INFO - #False
[2024-01-21T00:00:50.707+0000] {logging_mixin.py:151} INFO - #False
[2024-01-21T00:00:50.708+0000] {logging_mixin.py:151} INFO - #False
[2024-01-21T00:00:50.709+0000] {logging_mixin.py:151} INFO - #False
[2024-01-21T00:00:50.710+0000] {logging_mixin.py:151} INFO - #False
[2024-01-21T00:00:50.710+0000] {logging_mixin.py:151} INFO - #False
[2024-01-21T00:00:50.711+0000] {logging_mixin.py:151} INFO - #False
[2024-01-21T00:00:50.711+0000] {logging_mixin.py:151} INFO - #False
[2024-01-21T00:00:50.712+0000] {logging_mixin.py:151} INFO - #False
[2024-01-21T00:00:50.712+0000] {logging_mixin.py:151} INFO - #False
[2024-01-21T00:00:50.712+0000] {logging_mixin.py:151} INFO - #False
[2024-01-21T00:00:50.713+0000] {logging_mixin.py:151} INFO - #False
[2024-01-21T00:00:50.713+0000] {logging_mixin.py:151} INFO - #False
[2024-01-21T00:00:50.714+0000] {logging_mixin.py:151} INFO - #False
[2024-01-21T00:00:50.715+0000] {logging_mixin.py:151} INFO - #False
[2024-01-21T00:00:50.715+0000] {logging_mixin.py:151} INFO - #False
[2024-01-21T00:00:50.716+0000] {logging_mixin.py:151} INFO - #False
[2024-01-21T00:00:50.716+0000] {logging_mixin.py:151} INFO - #False
[2024-01-21T00:00:50.716+0000] {logging_mixin.py:151} INFO - #False
[2024-01-21T00:00:50.717+0000] {logging_mixin.py:151} INFO - #False
[2024-01-21T00:00:50.718+0000] {logging_mixin.py:151} INFO - #False
[2024-01-21T00:00:50.718+0000] {logging_mixin.py:151} INFO - #False
[2024-01-21T00:00:50.719+0000] {logging_mixin.py:151} INFO - #False
[2024-01-21T00:00:50.720+0000] {logging_mixin.py:151} INFO - #False
[2024-01-21T00:00:50.720+0000] {logging_mixin.py:151} INFO - #False
[2024-01-21T00:00:50.721+0000] {logging_mixin.py:151} INFO - #False
[2024-01-21T00:00:50.722+0000] {logging_mixin.py:151} INFO - #False
[2024-01-21T00:00:50.722+0000] {logging_mixin.py:151} INFO - #False
[2024-01-21T00:00:50.723+0000] {logging_mixin.py:151} INFO - #False
[2024-01-21T00:00:50.723+0000] {logging_mixin.py:151} INFO -  submission : 
[2024-01-21T00:00:51.683+0000] {logging_mixin.py:151} INFO - @True
[2024-01-21T00:00:51.686+0000] {conn.py:380} INFO - <BrokerConnection node_id=bootstrap-0 host=broker:29092 <connecting> [IPv4 ('172.19.0.8', 29092)]>: connecting to broker:29092 [('172.19.0.8', 29092) IPv4]
[2024-01-21T00:00:51.686+0000] {conn.py:1205} INFO - Probing node bootstrap-0 broker version
[2024-01-21T00:00:51.687+0000] {conn.py:410} INFO - <BrokerConnection node_id=bootstrap-0 host=broker:29092 <connecting> [IPv4 ('172.19.0.8', 29092)]>: Connection complete.
[2024-01-21T00:00:51.790+0000] {conn.py:1267} INFO - Broker version identified as 2.5.0
[2024-01-21T00:00:51.792+0000] {conn.py:1268} INFO - Set configuration api_version=(2, 5, 0) to skip auto check_version requests on startup
[2024-01-21T00:00:51.793+0000] {conn.py:919} INFO - <BrokerConnection node_id=1 host=broker:29092 <connected> [IPv4 ('172.19.0.8', 29092)]>: Closing connection. 
[2024-01-21T00:00:51.799+0000] {logging_mixin.py:151} INFO - @True
[2024-01-21T00:00:51.799+0000] {conn.py:380} INFO - <BrokerConnection node_id=1 host=broker:29092 <connecting> [IPv4 ('172.19.0.8', 29092)]>: connecting to broker:29092 [('172.19.0.8', 29092) IPv4]
[2024-01-21T00:00:51.802+0000] {conn.py:380} INFO - <BrokerConnection node_id=bootstrap-0 host=broker:29092 <connecting> [IPv4 ('172.19.0.8', 29092)]>: connecting to broker:29092 [('172.19.0.8', 29092) IPv4]
[2024-01-21T00:00:51.805+0000] {conn.py:410} INFO - <BrokerConnection node_id=1 host=broker:29092 <connecting> [IPv4 ('172.19.0.8', 29092)]>: Connection complete.
[2024-01-21T00:00:51.806+0000] {conn.py:1205} INFO - Probing node bootstrap-0 broker version
[2024-01-21T00:00:51.806+0000] {conn.py:919} INFO - <BrokerConnection node_id=bootstrap-0 host=broker:29092 <connected> [IPv4 ('172.19.0.8', 29092)]>: Closing connection. 
[2024-01-21T00:00:51.807+0000] {conn.py:410} INFO - <BrokerConnection node_id=bootstrap-0 host=broker:29092 <connecting> [IPv4 ('172.19.0.8', 29092)]>: Connection complete.
[2024-01-21T00:00:51.910+0000] {conn.py:1267} INFO - Broker version identified as 2.5.0
[2024-01-21T00:00:51.911+0000] {conn.py:1268} INFO - Set configuration api_version=(2, 5, 0) to skip auto check_version requests on startup
[2024-01-21T00:00:51.914+0000] {conn.py:919} INFO - <BrokerConnection node_id=1 host=broker:29092 <connected> [IPv4 ('172.19.0.8', 29092)]>: Closing connection. 
[2024-01-21T00:00:51.915+0000] {logging_mixin.py:151} INFO - #False
[2024-01-21T00:00:51.916+0000] {logging_mixin.py:151} INFO - #False
[2024-01-21T00:00:51.916+0000] {conn.py:380} INFO - <BrokerConnection node_id=1 host=broker:29092 <connecting> [IPv4 ('172.19.0.8', 29092)]>: connecting to broker:29092 [('172.19.0.8', 29092) IPv4]
[2024-01-21T00:00:51.917+0000] {logging_mixin.py:151} INFO - #False
[2024-01-21T00:00:51.917+0000] {conn.py:410} INFO - <BrokerConnection node_id=1 host=broker:29092 <connecting> [IPv4 ('172.19.0.8', 29092)]>: Connection complete.
[2024-01-21T00:00:51.918+0000] {logging_mixin.py:151} INFO - #False
[2024-01-21T00:00:51.918+0000] {conn.py:919} INFO - <BrokerConnection node_id=bootstrap-0 host=broker:29092 <connected> [IPv4 ('172.19.0.8', 29092)]>: Closing connection. 
[2024-01-21T00:00:51.919+0000] {logging_mixin.py:151} INFO - #False
[2024-01-21T00:00:51.920+0000] {logging_mixin.py:151} INFO - #False
[2024-01-21T00:00:51.921+0000] {logging_mixin.py:151} INFO - #False
[2024-01-21T00:00:51.921+0000] {logging_mixin.py:151} INFO - #False
[2024-01-21T00:00:51.922+0000] {logging_mixin.py:151} INFO - #False
[2024-01-21T00:00:51.922+0000] {logging_mixin.py:151} INFO - #False
[2024-01-21T00:00:51.922+0000] {logging_mixin.py:151} INFO - #False
[2024-01-21T00:00:51.922+0000] {logging_mixin.py:151} INFO - #False
[2024-01-21T00:00:51.923+0000] {logging_mixin.py:151} INFO - #False
[2024-01-21T00:00:51.923+0000] {logging_mixin.py:151} INFO - #False
[2024-01-21T00:00:51.923+0000] {logging_mixin.py:151} INFO - #False
[2024-01-21T00:00:51.924+0000] {logging_mixin.py:151} INFO - #False
[2024-01-21T00:00:51.924+0000] {logging_mixin.py:151} INFO - #False
[2024-01-21T00:00:51.924+0000] {logging_mixin.py:151} INFO - #False
[2024-01-21T00:00:51.925+0000] {logging_mixin.py:151} INFO - #False
[2024-01-21T00:00:51.925+0000] {logging_mixin.py:151} INFO - #False
[2024-01-21T00:00:51.925+0000] {logging_mixin.py:151} INFO - #False
[2024-01-21T00:00:51.926+0000] {logging_mixin.py:151} INFO - #False
[2024-01-21T00:00:51.926+0000] {logging_mixin.py:151} INFO - #False
[2024-01-21T00:00:51.927+0000] {logging_mixin.py:151} INFO - #False
[2024-01-21T00:00:51.927+0000] {logging_mixin.py:151} INFO - #False
[2024-01-21T00:00:51.927+0000] {logging_mixin.py:151} INFO - #False
[2024-01-21T00:00:51.928+0000] {logging_mixin.py:151} INFO - #False
[2024-01-21T00:00:51.928+0000] {logging_mixin.py:151} INFO - #False
[2024-01-21T00:00:51.928+0000] {logging_mixin.py:151} INFO - #False
[2024-01-21T00:00:51.928+0000] {logging_mixin.py:151} INFO - #False
[2024-01-21T00:00:51.928+0000] {logging_mixin.py:151} INFO - #False
[2024-01-21T00:00:51.929+0000] {logging_mixin.py:151} INFO - #False
[2024-01-21T00:00:51.929+0000] {logging_mixin.py:151} INFO - #False
[2024-01-21T00:00:51.929+0000] {logging_mixin.py:151} INFO - #False
[2024-01-21T00:00:51.929+0000] {logging_mixin.py:151} INFO - #False
[2024-01-21T00:00:51.930+0000] {logging_mixin.py:151} INFO - #False
[2024-01-21T00:00:51.930+0000] {logging_mixin.py:151} INFO - #False
[2024-01-21T00:00:51.930+0000] {logging_mixin.py:151} INFO - #False
[2024-01-21T00:00:51.930+0000] {logging_mixin.py:151} INFO - #False
[2024-01-21T00:00:51.930+0000] {logging_mixin.py:151} INFO - #False
[2024-01-21T00:00:51.931+0000] {logging_mixin.py:151} INFO - #False
[2024-01-21T00:00:51.931+0000] {logging_mixin.py:151} INFO - #False
[2024-01-21T00:00:51.931+0000] {logging_mixin.py:151} INFO - #False
[2024-01-21T00:00:51.931+0000] {logging_mixin.py:151} INFO - #False
[2024-01-21T00:00:51.931+0000] {logging_mixin.py:151} INFO - #False
[2024-01-21T00:00:51.932+0000] {logging_mixin.py:151} INFO - #False
[2024-01-21T00:00:51.932+0000] {logging_mixin.py:151} INFO - #False
[2024-01-21T00:00:51.932+0000] {logging_mixin.py:151} INFO - #False
[2024-01-21T00:00:51.932+0000] {logging_mixin.py:151} INFO -  submission : 
[2024-01-21T00:00:52.894+0000] {logging_mixin.py:151} INFO - #False
[2024-01-21T00:00:52.895+0000] {logging_mixin.py:151} INFO - #False
[2024-01-21T00:00:52.895+0000] {logging_mixin.py:151} INFO - #False
[2024-01-21T00:00:52.895+0000] {logging_mixin.py:151} INFO - #False
[2024-01-21T00:00:52.896+0000] {logging_mixin.py:151} INFO - #False
[2024-01-21T00:00:52.896+0000] {logging_mixin.py:151} INFO - #False
[2024-01-21T00:00:52.897+0000] {logging_mixin.py:151} INFO - #False
[2024-01-21T00:00:52.897+0000] {logging_mixin.py:151} INFO - #False
[2024-01-21T00:00:52.897+0000] {logging_mixin.py:151} INFO - #False
[2024-01-21T00:00:52.898+0000] {logging_mixin.py:151} INFO - #False
[2024-01-21T00:00:52.898+0000] {logging_mixin.py:151} INFO - #False
[2024-01-21T00:00:52.898+0000] {logging_mixin.py:151} INFO - #False
[2024-01-21T00:00:52.899+0000] {logging_mixin.py:151} INFO - #False
[2024-01-21T00:00:52.899+0000] {logging_mixin.py:151} INFO - #False
[2024-01-21T00:00:52.900+0000] {logging_mixin.py:151} INFO - #False
[2024-01-21T00:00:52.900+0000] {logging_mixin.py:151} INFO - #False
[2024-01-21T00:00:52.900+0000] {logging_mixin.py:151} INFO - #False
[2024-01-21T00:00:52.900+0000] {logging_mixin.py:151} INFO - #False
[2024-01-21T00:00:52.901+0000] {logging_mixin.py:151} INFO - #False
[2024-01-21T00:00:52.901+0000] {logging_mixin.py:151} INFO - #False
[2024-01-21T00:00:52.902+0000] {logging_mixin.py:151} INFO - #False
[2024-01-21T00:00:52.902+0000] {logging_mixin.py:151} INFO - #False
[2024-01-21T00:00:52.902+0000] {logging_mixin.py:151} INFO - #False
[2024-01-21T00:00:52.903+0000] {logging_mixin.py:151} INFO - #False
[2024-01-21T00:00:52.903+0000] {logging_mixin.py:151} INFO - #False
[2024-01-21T00:00:52.903+0000] {logging_mixin.py:151} INFO - #False
[2024-01-21T00:00:52.903+0000] {logging_mixin.py:151} INFO - #False
[2024-01-21T00:00:52.903+0000] {logging_mixin.py:151} INFO - #False
[2024-01-21T00:00:52.904+0000] {logging_mixin.py:151} INFO - #False
[2024-01-21T00:00:52.904+0000] {logging_mixin.py:151} INFO - #False
[2024-01-21T00:00:52.904+0000] {logging_mixin.py:151} INFO - #False
[2024-01-21T00:00:52.904+0000] {logging_mixin.py:151} INFO - #False
[2024-01-21T00:00:52.905+0000] {logging_mixin.py:151} INFO - #False
[2024-01-21T00:00:52.905+0000] {logging_mixin.py:151} INFO - #False
[2024-01-21T00:00:52.905+0000] {logging_mixin.py:151} INFO - #False
[2024-01-21T00:00:52.905+0000] {logging_mixin.py:151} INFO - #False
[2024-01-21T00:00:52.906+0000] {logging_mixin.py:151} INFO - #False
[2024-01-21T00:00:52.906+0000] {logging_mixin.py:151} INFO - #False
[2024-01-21T00:00:52.906+0000] {logging_mixin.py:151} INFO - #False
[2024-01-21T00:00:52.906+0000] {logging_mixin.py:151} INFO - #False
[2024-01-21T00:00:52.907+0000] {logging_mixin.py:151} INFO - #False
[2024-01-21T00:00:52.907+0000] {logging_mixin.py:151} INFO - #False
[2024-01-21T00:00:52.907+0000] {logging_mixin.py:151} INFO - #False
[2024-01-21T00:00:52.907+0000] {logging_mixin.py:151} INFO - #False
[2024-01-21T00:00:52.907+0000] {logging_mixin.py:151} INFO - #False
[2024-01-21T00:00:52.908+0000] {logging_mixin.py:151} INFO - #False
[2024-01-21T00:00:52.908+0000] {logging_mixin.py:151} INFO - #False
[2024-01-21T00:00:52.908+0000] {logging_mixin.py:151} INFO - #False
[2024-01-21T00:00:52.908+0000] {logging_mixin.py:151} INFO - #False
[2024-01-21T00:00:52.909+0000] {logging_mixin.py:151} INFO - #False
[2024-01-21T00:00:52.909+0000] {conn.py:919} INFO - <BrokerConnection node_id=1 host=broker:29092 <connected> [IPv4 ('172.19.0.8', 29092)]>: Closing connection. 
[2024-01-21T00:00:52.910+0000] {python.py:194} INFO - Done. Returned value was: None
[2024-01-21T00:00:52.918+0000] {taskinstance.py:1400} INFO - Marking task as SUCCESS. dag_id=Kafka_Producer_1, task_id=Reddit, execution_date=20240120T235939, start_date=20240121T000043, end_date=20240121T000052
[2024-01-21T00:00:52.944+0000] {local_task_job_runner.py:228} INFO - Task exited with return code 0
[2024-01-21T00:00:52.956+0000] {taskinstance.py:2784} INFO - 0 downstream tasks scheduled from follow-on schedule check
