[2024-01-20T04:27:25.087+0000] {taskinstance.py:1159} INFO - Dependencies all met for dep_context=non-requeueable deps ti=<TaskInstance: Kafka_Producer_5.Reddit scheduled__2024-01-20T04:26:14.210152+00:00 [queued]>
[2024-01-20T04:27:25.092+0000] {taskinstance.py:1159} INFO - Dependencies all met for dep_context=requeueable deps ti=<TaskInstance: Kafka_Producer_5.Reddit scheduled__2024-01-20T04:26:14.210152+00:00 [queued]>
[2024-01-20T04:27:25.092+0000] {taskinstance.py:1361} INFO - Starting attempt 1 of 1
[2024-01-20T04:27:25.103+0000] {taskinstance.py:1382} INFO - Executing <Task(PythonOperator): Reddit> on 2024-01-20 04:26:14.210152+00:00
[2024-01-20T04:27:25.105+0000] {standard_task_runner.py:57} INFO - Started process 4711 to run task
[2024-01-20T04:27:25.108+0000] {standard_task_runner.py:84} INFO - Running: ['***', 'tasks', 'run', 'Kafka_Producer_5', 'Reddit', 'scheduled__2024-01-20T04:26:14.210152+00:00', '--job-id', '148', '--raw', '--subdir', 'DAGS_FOLDER/kafka_stream_5.py', '--cfg-path', '/tmp/tmpy4qhi19o']
[2024-01-20T04:27:25.109+0000] {standard_task_runner.py:85} INFO - Job 148: Subtask Reddit
[2024-01-20T04:27:25.146+0000] {task_command.py:415} INFO - Running <TaskInstance: Kafka_Producer_5.Reddit scheduled__2024-01-20T04:26:14.210152+00:00 [running]> on host 45c5bfab8aa1
[2024-01-20T04:27:25.206+0000] {taskinstance.py:1660} INFO - Exporting env vars: AIRFLOW_CTX_DAG_OWNER='me' AIRFLOW_CTX_DAG_ID='Kafka_Producer_5' AIRFLOW_CTX_TASK_ID='Reddit' AIRFLOW_CTX_EXECUTION_DATE='2024-01-20T04:26:14.210152+00:00' AIRFLOW_CTX_TRY_NUMBER='1' AIRFLOW_CTX_DAG_RUN_ID='scheduled__2024-01-20T04:26:14.210152+00:00'
[2024-01-20T04:27:25.233+0000] {logging_mixin.py:151} INFO -  submission : 
[2024-01-20T04:27:26.017+0000] {logging_mixin.py:151} INFO - #False
[2024-01-20T04:27:26.022+0000] {logging_mixin.py:151} INFO - #False
[2024-01-20T04:27:26.022+0000] {logging_mixin.py:151} INFO - #False
[2024-01-20T04:27:26.022+0000] {logging_mixin.py:151} INFO - #False
[2024-01-20T04:27:26.023+0000] {logging_mixin.py:151} INFO - #False
[2024-01-20T04:27:26.023+0000] {logging_mixin.py:151} INFO - #False
[2024-01-20T04:27:26.023+0000] {logging_mixin.py:151} INFO - #False
[2024-01-20T04:27:26.023+0000] {logging_mixin.py:151} INFO - #False
[2024-01-20T04:27:26.024+0000] {logging_mixin.py:151} INFO - #False
[2024-01-20T04:27:26.024+0000] {logging_mixin.py:151} INFO - #False
[2024-01-20T04:27:26.024+0000] {logging_mixin.py:151} INFO - #False
[2024-01-20T04:27:26.024+0000] {logging_mixin.py:151} INFO - #False
[2024-01-20T04:27:26.024+0000] {logging_mixin.py:151} INFO - #False
[2024-01-20T04:27:26.025+0000] {logging_mixin.py:151} INFO - #False
[2024-01-20T04:27:26.025+0000] {logging_mixin.py:151} INFO - #False
[2024-01-20T04:27:26.025+0000] {logging_mixin.py:151} INFO - #False
[2024-01-20T04:27:26.026+0000] {logging_mixin.py:151} INFO - #False
[2024-01-20T04:27:26.026+0000] {logging_mixin.py:151} INFO - #False
[2024-01-20T04:27:26.026+0000] {logging_mixin.py:151} INFO - #False
[2024-01-20T04:27:26.026+0000] {logging_mixin.py:151} INFO - #False
[2024-01-20T04:27:26.026+0000] {logging_mixin.py:151} INFO - #False
[2024-01-20T04:27:26.027+0000] {logging_mixin.py:151} INFO - #False
[2024-01-20T04:27:26.027+0000] {logging_mixin.py:151} INFO - #False
[2024-01-20T04:27:26.027+0000] {logging_mixin.py:151} INFO - #False
[2024-01-20T04:27:26.028+0000] {logging_mixin.py:151} INFO - #False
[2024-01-20T04:27:26.028+0000] {logging_mixin.py:151} INFO - #False
[2024-01-20T04:27:26.028+0000] {logging_mixin.py:151} INFO - #False
[2024-01-20T04:27:26.028+0000] {logging_mixin.py:151} INFO - #False
[2024-01-20T04:27:26.029+0000] {logging_mixin.py:151} INFO - #False
[2024-01-20T04:27:26.029+0000] {logging_mixin.py:151} INFO - #False
[2024-01-20T04:27:26.029+0000] {logging_mixin.py:151} INFO -  submission : 
[2024-01-20T04:27:26.616+0000] {logging_mixin.py:151} INFO - #False
[2024-01-20T04:27:26.617+0000] {logging_mixin.py:151} INFO - #False
[2024-01-20T04:27:26.618+0000] {logging_mixin.py:151} INFO - #False
[2024-01-20T04:27:26.618+0000] {logging_mixin.py:151} INFO - #False
[2024-01-20T04:27:26.618+0000] {logging_mixin.py:151} INFO - #False
[2024-01-20T04:27:26.619+0000] {logging_mixin.py:151} INFO - #False
[2024-01-20T04:27:26.619+0000] {logging_mixin.py:151} INFO - #False
[2024-01-20T04:27:26.619+0000] {logging_mixin.py:151} INFO - #False
[2024-01-20T04:27:26.619+0000] {logging_mixin.py:151} INFO - #False
[2024-01-20T04:27:26.620+0000] {logging_mixin.py:151} INFO - #False
[2024-01-20T04:27:26.620+0000] {logging_mixin.py:151} INFO - #False
[2024-01-20T04:27:26.620+0000] {logging_mixin.py:151} INFO - #False
[2024-01-20T04:27:26.620+0000] {logging_mixin.py:151} INFO - #False
[2024-01-20T04:27:26.620+0000] {logging_mixin.py:151} INFO - #False
[2024-01-20T04:27:26.621+0000] {logging_mixin.py:151} INFO - #False
[2024-01-20T04:27:26.621+0000] {logging_mixin.py:151} INFO - #False
[2024-01-20T04:27:26.621+0000] {logging_mixin.py:151} INFO - #False
[2024-01-20T04:27:26.621+0000] {logging_mixin.py:151} INFO - #False
[2024-01-20T04:27:26.622+0000] {logging_mixin.py:151} INFO - #False
[2024-01-20T04:27:26.622+0000] {logging_mixin.py:151} INFO - #False
[2024-01-20T04:27:26.622+0000] {logging_mixin.py:151} INFO - #False
[2024-01-20T04:27:26.622+0000] {logging_mixin.py:151} INFO - #False
[2024-01-20T04:27:26.623+0000] {logging_mixin.py:151} INFO - #False
[2024-01-20T04:27:26.623+0000] {logging_mixin.py:151} INFO - #False
[2024-01-20T04:27:26.623+0000] {logging_mixin.py:151} INFO - #False
[2024-01-20T04:27:26.623+0000] {logging_mixin.py:151} INFO - #False
[2024-01-20T04:27:26.624+0000] {logging_mixin.py:151} INFO - #False
[2024-01-20T04:27:26.624+0000] {logging_mixin.py:151} INFO - #False
[2024-01-20T04:27:26.624+0000] {logging_mixin.py:151} INFO - #False
[2024-01-20T04:27:26.624+0000] {logging_mixin.py:151} INFO - #False
[2024-01-20T04:27:26.625+0000] {logging_mixin.py:151} INFO -  submission : 
[2024-01-20T04:27:27.171+0000] {logging_mixin.py:151} INFO - #False
[2024-01-20T04:27:27.172+0000] {logging_mixin.py:151} INFO - #False
[2024-01-20T04:27:27.173+0000] {logging_mixin.py:151} INFO - #False
[2024-01-20T04:27:27.173+0000] {logging_mixin.py:151} INFO - #False
[2024-01-20T04:27:27.173+0000] {logging_mixin.py:151} INFO - #False
[2024-01-20T04:27:27.174+0000] {logging_mixin.py:151} INFO - #False
[2024-01-20T04:27:27.174+0000] {logging_mixin.py:151} INFO - #False
[2024-01-20T04:27:27.174+0000] {logging_mixin.py:151} INFO - #False
[2024-01-20T04:27:27.175+0000] {logging_mixin.py:151} INFO - #False
[2024-01-20T04:27:27.175+0000] {logging_mixin.py:151} INFO - #False
[2024-01-20T04:27:27.175+0000] {logging_mixin.py:151} INFO - #False
[2024-01-20T04:27:27.175+0000] {logging_mixin.py:151} INFO - #False
[2024-01-20T04:27:27.175+0000] {logging_mixin.py:151} INFO - #False
[2024-01-20T04:27:27.176+0000] {logging_mixin.py:151} INFO - #False
[2024-01-20T04:27:27.176+0000] {logging_mixin.py:151} INFO - #False
[2024-01-20T04:27:27.176+0000] {logging_mixin.py:151} INFO - #False
[2024-01-20T04:27:27.177+0000] {logging_mixin.py:151} INFO - #False
[2024-01-20T04:27:27.177+0000] {logging_mixin.py:151} INFO - #False
[2024-01-20T04:27:27.177+0000] {logging_mixin.py:151} INFO - #False
[2024-01-20T04:27:27.177+0000] {logging_mixin.py:151} INFO - #False
[2024-01-20T04:27:27.177+0000] {logging_mixin.py:151} INFO - #False
[2024-01-20T04:27:27.178+0000] {logging_mixin.py:151} INFO - #False
[2024-01-20T04:27:27.178+0000] {logging_mixin.py:151} INFO - #False
[2024-01-20T04:27:27.178+0000] {logging_mixin.py:151} INFO - #False
[2024-01-20T04:27:27.178+0000] {logging_mixin.py:151} INFO - #False
[2024-01-20T04:27:27.179+0000] {logging_mixin.py:151} INFO - #False
[2024-01-20T04:27:27.179+0000] {logging_mixin.py:151} INFO - #False
[2024-01-20T04:27:27.179+0000] {logging_mixin.py:151} INFO - #False
[2024-01-20T04:27:27.179+0000] {logging_mixin.py:151} INFO - #False
[2024-01-20T04:27:27.179+0000] {logging_mixin.py:151} INFO - #False
[2024-01-20T04:27:27.180+0000] {logging_mixin.py:151} INFO -  submission : 
[2024-01-20T04:27:27.644+0000] {logging_mixin.py:151} INFO - #False
[2024-01-20T04:27:27.645+0000] {logging_mixin.py:151} INFO - #False
[2024-01-20T04:27:27.645+0000] {logging_mixin.py:151} INFO - #False
[2024-01-20T04:27:27.645+0000] {logging_mixin.py:151} INFO - #False
[2024-01-20T04:27:27.646+0000] {logging_mixin.py:151} INFO - #False
[2024-01-20T04:27:27.646+0000] {logging_mixin.py:151} INFO - #False
[2024-01-20T04:27:27.646+0000] {logging_mixin.py:151} INFO - #False
[2024-01-20T04:27:27.647+0000] {logging_mixin.py:151} INFO - #False
[2024-01-20T04:27:27.647+0000] {logging_mixin.py:151} INFO - #False
[2024-01-20T04:27:27.648+0000] {logging_mixin.py:151} INFO - #False
[2024-01-20T04:27:27.648+0000] {logging_mixin.py:151} INFO - #False
[2024-01-20T04:27:27.648+0000] {logging_mixin.py:151} INFO - #False
[2024-01-20T04:27:27.648+0000] {logging_mixin.py:151} INFO - #False
[2024-01-20T04:27:27.649+0000] {logging_mixin.py:151} INFO - #False
[2024-01-20T04:27:27.649+0000] {logging_mixin.py:151} INFO - #False
[2024-01-20T04:27:27.649+0000] {logging_mixin.py:151} INFO - #False
[2024-01-20T04:27:27.650+0000] {logging_mixin.py:151} INFO - #False
[2024-01-20T04:27:27.651+0000] {logging_mixin.py:151} INFO - #False
[2024-01-20T04:27:27.651+0000] {logging_mixin.py:151} INFO - #False
[2024-01-20T04:27:27.652+0000] {logging_mixin.py:151} INFO - #False
[2024-01-20T04:27:27.653+0000] {logging_mixin.py:151} INFO - #False
[2024-01-20T04:27:27.653+0000] {logging_mixin.py:151} INFO - #False
[2024-01-20T04:27:27.654+0000] {logging_mixin.py:151} INFO - #False
[2024-01-20T04:27:27.654+0000] {logging_mixin.py:151} INFO - #False
[2024-01-20T04:27:27.655+0000] {logging_mixin.py:151} INFO - #False
[2024-01-20T04:27:27.655+0000] {logging_mixin.py:151} INFO - #False
[2024-01-20T04:27:27.655+0000] {logging_mixin.py:151} INFO - #False
[2024-01-20T04:27:27.656+0000] {logging_mixin.py:151} INFO - #False
[2024-01-20T04:27:27.656+0000] {logging_mixin.py:151} INFO - #False
[2024-01-20T04:27:27.656+0000] {logging_mixin.py:151} INFO - #False
[2024-01-20T04:27:27.657+0000] {logging_mixin.py:151} INFO -  submission : 
[2024-01-20T04:27:30.173+0000] {logging_mixin.py:151} INFO - #False
[2024-01-20T04:27:30.174+0000] {logging_mixin.py:151} INFO - #False
[2024-01-20T04:27:30.174+0000] {logging_mixin.py:151} INFO - #False
[2024-01-20T04:27:30.174+0000] {logging_mixin.py:151} INFO - #False
[2024-01-20T04:27:30.175+0000] {logging_mixin.py:151} INFO - #False
[2024-01-20T04:27:30.175+0000] {logging_mixin.py:151} INFO - #False
[2024-01-20T04:27:30.176+0000] {logging_mixin.py:151} INFO - #False
[2024-01-20T04:27:30.176+0000] {logging_mixin.py:151} INFO - #False
[2024-01-20T04:27:30.176+0000] {logging_mixin.py:151} INFO - #False
[2024-01-20T04:27:30.176+0000] {logging_mixin.py:151} INFO - #False
[2024-01-20T04:27:30.177+0000] {logging_mixin.py:151} INFO - #False
[2024-01-20T04:27:30.177+0000] {logging_mixin.py:151} INFO - #False
[2024-01-20T04:27:30.177+0000] {logging_mixin.py:151} INFO - #False
[2024-01-20T04:27:30.178+0000] {logging_mixin.py:151} INFO - #False
[2024-01-20T04:27:30.178+0000] {logging_mixin.py:151} INFO - #False
[2024-01-20T04:27:30.178+0000] {logging_mixin.py:151} INFO - #False
[2024-01-20T04:27:30.178+0000] {logging_mixin.py:151} INFO - #False
[2024-01-20T04:27:30.178+0000] {logging_mixin.py:151} INFO - #False
[2024-01-20T04:27:30.179+0000] {logging_mixin.py:151} INFO - #False
[2024-01-20T04:27:30.179+0000] {logging_mixin.py:151} INFO - #False
[2024-01-20T04:27:30.179+0000] {logging_mixin.py:151} INFO - #False
[2024-01-20T04:27:30.179+0000] {logging_mixin.py:151} INFO - #False
[2024-01-20T04:27:30.180+0000] {logging_mixin.py:151} INFO - #False
[2024-01-20T04:27:30.180+0000] {logging_mixin.py:151} INFO - #False
[2024-01-20T04:27:30.180+0000] {logging_mixin.py:151} INFO - #False
[2024-01-20T04:27:30.180+0000] {logging_mixin.py:151} INFO - #False
[2024-01-20T04:27:30.180+0000] {logging_mixin.py:151} INFO - #False
[2024-01-20T04:27:30.181+0000] {logging_mixin.py:151} INFO - #False
[2024-01-20T04:27:30.181+0000] {logging_mixin.py:151} INFO - #False
[2024-01-20T04:27:30.181+0000] {logging_mixin.py:151} INFO - #False
[2024-01-20T04:27:30.181+0000] {logging_mixin.py:151} INFO -  submission : 
[2024-01-20T04:27:30.705+0000] {logging_mixin.py:151} INFO - #False
[2024-01-20T04:27:30.705+0000] {logging_mixin.py:151} INFO - #False
[2024-01-20T04:27:30.705+0000] {logging_mixin.py:151} INFO - #False
[2024-01-20T04:27:30.706+0000] {logging_mixin.py:151} INFO - #False
[2024-01-20T04:27:30.706+0000] {logging_mixin.py:151} INFO - #False
[2024-01-20T04:27:30.706+0000] {logging_mixin.py:151} INFO - #False
[2024-01-20T04:27:30.707+0000] {logging_mixin.py:151} INFO - #False
[2024-01-20T04:27:30.707+0000] {logging_mixin.py:151} INFO - #False
[2024-01-20T04:27:30.707+0000] {logging_mixin.py:151} INFO - #False
[2024-01-20T04:27:30.708+0000] {logging_mixin.py:151} INFO - #False
[2024-01-20T04:27:30.708+0000] {logging_mixin.py:151} INFO - #False
[2024-01-20T04:27:30.708+0000] {logging_mixin.py:151} INFO - #False
[2024-01-20T04:27:30.708+0000] {logging_mixin.py:151} INFO - #False
[2024-01-20T04:27:30.709+0000] {logging_mixin.py:151} INFO - #False
[2024-01-20T04:27:30.709+0000] {logging_mixin.py:151} INFO - #False
[2024-01-20T04:27:30.709+0000] {logging_mixin.py:151} INFO - #False
[2024-01-20T04:27:30.709+0000] {logging_mixin.py:151} INFO - #False
[2024-01-20T04:27:30.710+0000] {logging_mixin.py:151} INFO - #False
[2024-01-20T04:27:30.710+0000] {logging_mixin.py:151} INFO - #False
[2024-01-20T04:27:30.710+0000] {logging_mixin.py:151} INFO - #False
[2024-01-20T04:27:30.710+0000] {logging_mixin.py:151} INFO - #False
[2024-01-20T04:27:30.711+0000] {logging_mixin.py:151} INFO - #False
[2024-01-20T04:27:30.711+0000] {logging_mixin.py:151} INFO - #False
[2024-01-20T04:27:30.711+0000] {logging_mixin.py:151} INFO - #False
[2024-01-20T04:27:30.711+0000] {logging_mixin.py:151} INFO - #False
[2024-01-20T04:27:30.712+0000] {logging_mixin.py:151} INFO - #False
[2024-01-20T04:27:30.712+0000] {logging_mixin.py:151} INFO - #False
[2024-01-20T04:27:30.712+0000] {logging_mixin.py:151} INFO - #False
[2024-01-20T04:27:30.712+0000] {logging_mixin.py:151} INFO - #False
[2024-01-20T04:27:30.713+0000] {logging_mixin.py:151} INFO - #False
[2024-01-20T04:27:30.713+0000] {logging_mixin.py:151} INFO -  submission : 
[2024-01-20T04:27:31.281+0000] {logging_mixin.py:151} INFO - #False
[2024-01-20T04:27:31.282+0000] {logging_mixin.py:151} INFO - #False
[2024-01-20T04:27:31.283+0000] {logging_mixin.py:151} INFO - #False
[2024-01-20T04:27:31.283+0000] {logging_mixin.py:151} INFO - #False
[2024-01-20T04:27:31.283+0000] {logging_mixin.py:151} INFO - #False
[2024-01-20T04:27:31.283+0000] {logging_mixin.py:151} INFO - #False
[2024-01-20T04:27:31.284+0000] {logging_mixin.py:151} INFO - #False
[2024-01-20T04:27:31.284+0000] {logging_mixin.py:151} INFO - #False
[2024-01-20T04:27:31.284+0000] {logging_mixin.py:151} INFO - #False
[2024-01-20T04:27:31.284+0000] {logging_mixin.py:151} INFO - #False
[2024-01-20T04:27:31.284+0000] {logging_mixin.py:151} INFO - #False
[2024-01-20T04:27:31.285+0000] {logging_mixin.py:151} INFO - #False
[2024-01-20T04:27:31.285+0000] {logging_mixin.py:151} INFO - #False
[2024-01-20T04:27:31.285+0000] {logging_mixin.py:151} INFO - #False
[2024-01-20T04:27:31.285+0000] {logging_mixin.py:151} INFO - #False
[2024-01-20T04:27:31.286+0000] {logging_mixin.py:151} INFO - #False
[2024-01-20T04:27:31.286+0000] {logging_mixin.py:151} INFO - #False
[2024-01-20T04:27:31.286+0000] {logging_mixin.py:151} INFO - #False
[2024-01-20T04:27:31.287+0000] {logging_mixin.py:151} INFO - #False
[2024-01-20T04:27:31.287+0000] {logging_mixin.py:151} INFO - #False
[2024-01-20T04:27:31.287+0000] {logging_mixin.py:151} INFO - #False
[2024-01-20T04:27:31.288+0000] {logging_mixin.py:151} INFO - #False
[2024-01-20T04:27:31.288+0000] {logging_mixin.py:151} INFO - #False
[2024-01-20T04:27:31.289+0000] {logging_mixin.py:151} INFO - #False
[2024-01-20T04:27:31.289+0000] {logging_mixin.py:151} INFO - #False
[2024-01-20T04:27:31.290+0000] {logging_mixin.py:151} INFO - #False
[2024-01-20T04:27:31.290+0000] {logging_mixin.py:151} INFO - #False
[2024-01-20T04:27:31.291+0000] {logging_mixin.py:151} INFO - #False
[2024-01-20T04:27:31.291+0000] {logging_mixin.py:151} INFO - #False
[2024-01-20T04:27:31.291+0000] {logging_mixin.py:151} INFO - #False
[2024-01-20T04:27:31.292+0000] {logging_mixin.py:151} INFO -  submission : 
[2024-01-20T04:27:31.979+0000] {logging_mixin.py:151} INFO - #False
[2024-01-20T04:27:31.980+0000] {logging_mixin.py:151} INFO - #False
[2024-01-20T04:27:31.980+0000] {logging_mixin.py:151} INFO - #False
[2024-01-20T04:27:31.980+0000] {logging_mixin.py:151} INFO - #False
[2024-01-20T04:27:31.980+0000] {logging_mixin.py:151} INFO - #False
[2024-01-20T04:27:31.981+0000] {logging_mixin.py:151} INFO - #False
[2024-01-20T04:27:31.981+0000] {logging_mixin.py:151} INFO - #False
[2024-01-20T04:27:31.981+0000] {logging_mixin.py:151} INFO - #False
[2024-01-20T04:27:31.981+0000] {logging_mixin.py:151} INFO - #False
[2024-01-20T04:27:31.982+0000] {logging_mixin.py:151} INFO - #False
[2024-01-20T04:27:31.982+0000] {logging_mixin.py:151} INFO - #False
[2024-01-20T04:27:31.983+0000] {logging_mixin.py:151} INFO - #False
[2024-01-20T04:27:31.983+0000] {logging_mixin.py:151} INFO - #False
[2024-01-20T04:27:31.983+0000] {logging_mixin.py:151} INFO - #False
[2024-01-20T04:27:31.983+0000] {logging_mixin.py:151} INFO - #False
[2024-01-20T04:27:31.984+0000] {logging_mixin.py:151} INFO - #False
[2024-01-20T04:27:31.984+0000] {logging_mixin.py:151} INFO - #False
[2024-01-20T04:27:31.984+0000] {logging_mixin.py:151} INFO - #False
[2024-01-20T04:27:31.984+0000] {logging_mixin.py:151} INFO - #False
[2024-01-20T04:27:31.985+0000] {logging_mixin.py:151} INFO - #False
[2024-01-20T04:27:31.985+0000] {logging_mixin.py:151} INFO - #False
[2024-01-20T04:27:31.985+0000] {logging_mixin.py:151} INFO - #False
[2024-01-20T04:27:31.985+0000] {logging_mixin.py:151} INFO - #False
[2024-01-20T04:27:31.986+0000] {logging_mixin.py:151} INFO - #False
[2024-01-20T04:27:31.987+0000] {logging_mixin.py:151} INFO - #False
[2024-01-20T04:27:31.987+0000] {logging_mixin.py:151} INFO - #False
[2024-01-20T04:27:31.987+0000] {logging_mixin.py:151} INFO - #False
[2024-01-20T04:27:31.987+0000] {logging_mixin.py:151} INFO - #False
[2024-01-20T04:27:31.987+0000] {logging_mixin.py:151} INFO - #False
[2024-01-20T04:27:31.988+0000] {logging_mixin.py:151} INFO - #False
[2024-01-20T04:27:31.988+0000] {python.py:194} INFO - Done. Returned value was: None
[2024-01-20T04:27:31.995+0000] {taskinstance.py:1400} INFO - Marking task as SUCCESS. dag_id=Kafka_Producer_5, task_id=Reddit, execution_date=20240120T042614, start_date=20240120T042725, end_date=20240120T042731
[2024-01-20T04:27:32.016+0000] {local_task_job_runner.py:228} INFO - Task exited with return code 0
[2024-01-20T04:27:32.031+0000] {taskinstance.py:2784} INFO - 0 downstream tasks scheduled from follow-on schedule check
