[2024-01-20T06:13:21.523+0000] {taskinstance.py:1159} INFO - Dependencies all met for dep_context=non-requeueable deps ti=<TaskInstance: Kafka_Producer_4.Reddit scheduled__2024-01-20T06:11:17.127272+00:00 [queued]>
[2024-01-20T06:13:21.530+0000] {taskinstance.py:1159} INFO - Dependencies all met for dep_context=requeueable deps ti=<TaskInstance: Kafka_Producer_4.Reddit scheduled__2024-01-20T06:11:17.127272+00:00 [queued]>
[2024-01-20T06:13:21.556+0000] {taskinstance.py:1361} INFO - Starting attempt 1 of 1
[2024-01-20T06:13:21.567+0000] {taskinstance.py:1382} INFO - Executing <Task(PythonOperator): Reddit> on 2024-01-20 06:11:17.127272+00:00
[2024-01-20T06:13:21.570+0000] {standard_task_runner.py:57} INFO - Started process 14740 to run task
[2024-01-20T06:13:21.572+0000] {standard_task_runner.py:84} INFO - Running: ['***', 'tasks', 'run', 'Kafka_Producer_4', 'Reddit', 'scheduled__2024-01-20T06:11:17.127272+00:00', '--job-id', '863', '--raw', '--subdir', 'DAGS_FOLDER/kafka_stream_4.py', '--cfg-path', '/tmp/tmps37ia_3g']
[2024-01-20T06:13:21.573+0000] {standard_task_runner.py:85} INFO - Job 863: Subtask Reddit
[2024-01-20T06:13:21.612+0000] {task_command.py:415} INFO - Running <TaskInstance: Kafka_Producer_4.Reddit scheduled__2024-01-20T06:11:17.127272+00:00 [running]> on host 45c5bfab8aa1
[2024-01-20T06:13:21.681+0000] {taskinstance.py:1660} INFO - Exporting env vars: AIRFLOW_CTX_DAG_OWNER='me' AIRFLOW_CTX_DAG_ID='Kafka_Producer_4' AIRFLOW_CTX_TASK_ID='Reddit' AIRFLOW_CTX_EXECUTION_DATE='2024-01-20T06:11:17.127272+00:00' AIRFLOW_CTX_TRY_NUMBER='1' AIRFLOW_CTX_DAG_RUN_ID='scheduled__2024-01-20T06:11:17.127272+00:00'
[2024-01-20T06:13:21.709+0000] {logging_mixin.py:151} INFO -  submission : 
[2024-01-20T06:13:22.442+0000] {logging_mixin.py:151} INFO - #False
[2024-01-20T06:13:22.443+0000] {logging_mixin.py:151} INFO - #False
[2024-01-20T06:13:22.443+0000] {logging_mixin.py:151} INFO - #False
[2024-01-20T06:13:22.443+0000] {logging_mixin.py:151} INFO - #False
[2024-01-20T06:13:22.444+0000] {logging_mixin.py:151} INFO - #False
[2024-01-20T06:13:22.444+0000] {logging_mixin.py:151} INFO - #False
[2024-01-20T06:13:22.444+0000] {logging_mixin.py:151} INFO - #False
[2024-01-20T06:13:22.444+0000] {logging_mixin.py:151} INFO - #False
[2024-01-20T06:13:22.445+0000] {logging_mixin.py:151} INFO - #False
[2024-01-20T06:13:22.445+0000] {logging_mixin.py:151} INFO - #False
[2024-01-20T06:13:22.445+0000] {logging_mixin.py:151} INFO - #False
[2024-01-20T06:13:22.446+0000] {logging_mixin.py:151} INFO - #False
[2024-01-20T06:13:22.446+0000] {logging_mixin.py:151} INFO - #False
[2024-01-20T06:13:22.446+0000] {logging_mixin.py:151} INFO - #False
[2024-01-20T06:13:22.446+0000] {logging_mixin.py:151} INFO - #False
[2024-01-20T06:13:22.447+0000] {logging_mixin.py:151} INFO - #False
[2024-01-20T06:13:22.447+0000] {logging_mixin.py:151} INFO - #False
[2024-01-20T06:13:22.447+0000] {logging_mixin.py:151} INFO - #False
[2024-01-20T06:13:22.447+0000] {logging_mixin.py:151} INFO - #False
[2024-01-20T06:13:22.448+0000] {logging_mixin.py:151} INFO - #False
[2024-01-20T06:13:22.448+0000] {logging_mixin.py:151} INFO - #False
[2024-01-20T06:13:22.448+0000] {logging_mixin.py:151} INFO - #False
[2024-01-20T06:13:22.448+0000] {logging_mixin.py:151} INFO - #False
[2024-01-20T06:13:22.449+0000] {logging_mixin.py:151} INFO - #False
[2024-01-20T06:13:22.449+0000] {logging_mixin.py:151} INFO - #False
[2024-01-20T06:13:22.449+0000] {logging_mixin.py:151} INFO - #False
[2024-01-20T06:13:22.449+0000] {logging_mixin.py:151} INFO - #False
[2024-01-20T06:13:22.450+0000] {logging_mixin.py:151} INFO - #False
[2024-01-20T06:13:22.450+0000] {logging_mixin.py:151} INFO - #False
[2024-01-20T06:13:22.450+0000] {logging_mixin.py:151} INFO - #False
[2024-01-20T06:13:22.450+0000] {logging_mixin.py:151} INFO -  submission : 
[2024-01-20T06:13:22.940+0000] {logging_mixin.py:151} INFO - #False
[2024-01-20T06:13:22.940+0000] {logging_mixin.py:151} INFO - #False
[2024-01-20T06:13:22.941+0000] {logging_mixin.py:151} INFO - #False
[2024-01-20T06:13:22.941+0000] {logging_mixin.py:151} INFO - #False
[2024-01-20T06:13:22.942+0000] {logging_mixin.py:151} INFO - #False
[2024-01-20T06:13:22.942+0000] {logging_mixin.py:151} INFO - #False
[2024-01-20T06:13:22.942+0000] {logging_mixin.py:151} INFO - #False
[2024-01-20T06:13:22.943+0000] {logging_mixin.py:151} INFO - #False
[2024-01-20T06:13:22.943+0000] {logging_mixin.py:151} INFO - #False
[2024-01-20T06:13:22.943+0000] {logging_mixin.py:151} INFO - #False
[2024-01-20T06:13:22.943+0000] {logging_mixin.py:151} INFO - #False
[2024-01-20T06:13:22.944+0000] {logging_mixin.py:151} INFO - #False
[2024-01-20T06:13:22.944+0000] {logging_mixin.py:151} INFO - #False
[2024-01-20T06:13:22.944+0000] {logging_mixin.py:151} INFO - #False
[2024-01-20T06:13:22.945+0000] {logging_mixin.py:151} INFO - #False
[2024-01-20T06:13:22.945+0000] {logging_mixin.py:151} INFO - #False
[2024-01-20T06:13:22.945+0000] {logging_mixin.py:151} INFO - #False
[2024-01-20T06:13:22.945+0000] {logging_mixin.py:151} INFO - #False
[2024-01-20T06:13:22.946+0000] {logging_mixin.py:151} INFO - #False
[2024-01-20T06:13:22.946+0000] {logging_mixin.py:151} INFO - #False
[2024-01-20T06:13:22.946+0000] {logging_mixin.py:151} INFO - #False
[2024-01-20T06:13:22.946+0000] {logging_mixin.py:151} INFO - #False
[2024-01-20T06:13:22.947+0000] {logging_mixin.py:151} INFO - #False
[2024-01-20T06:13:22.947+0000] {logging_mixin.py:151} INFO - #False
[2024-01-20T06:13:22.947+0000] {logging_mixin.py:151} INFO - #False
[2024-01-20T06:13:22.947+0000] {logging_mixin.py:151} INFO - #False
[2024-01-20T06:13:22.948+0000] {logging_mixin.py:151} INFO - #False
[2024-01-20T06:13:22.948+0000] {logging_mixin.py:151} INFO - #False
[2024-01-20T06:13:22.948+0000] {logging_mixin.py:151} INFO - #False
[2024-01-20T06:13:22.948+0000] {logging_mixin.py:151} INFO - #False
[2024-01-20T06:13:22.949+0000] {logging_mixin.py:151} INFO -  submission : 
[2024-01-20T06:13:23.490+0000] {logging_mixin.py:151} INFO - #False
[2024-01-20T06:13:23.491+0000] {logging_mixin.py:151} INFO - #False
[2024-01-20T06:13:23.491+0000] {logging_mixin.py:151} INFO - #False
[2024-01-20T06:13:23.492+0000] {logging_mixin.py:151} INFO - #False
[2024-01-20T06:13:23.492+0000] {logging_mixin.py:151} INFO - #False
[2024-01-20T06:13:23.492+0000] {logging_mixin.py:151} INFO - #False
[2024-01-20T06:13:23.492+0000] {logging_mixin.py:151} INFO - #False
[2024-01-20T06:13:23.493+0000] {logging_mixin.py:151} INFO - #False
[2024-01-20T06:13:23.493+0000] {logging_mixin.py:151} INFO - #False
[2024-01-20T06:13:23.493+0000] {logging_mixin.py:151} INFO - #False
[2024-01-20T06:13:23.493+0000] {logging_mixin.py:151} INFO - #False
[2024-01-20T06:13:23.494+0000] {logging_mixin.py:151} INFO - #False
[2024-01-20T06:13:23.494+0000] {logging_mixin.py:151} INFO - #False
[2024-01-20T06:13:23.494+0000] {logging_mixin.py:151} INFO - #False
[2024-01-20T06:13:23.495+0000] {logging_mixin.py:151} INFO - #False
[2024-01-20T06:13:23.495+0000] {logging_mixin.py:151} INFO - #False
[2024-01-20T06:13:23.495+0000] {logging_mixin.py:151} INFO - #False
[2024-01-20T06:13:23.495+0000] {logging_mixin.py:151} INFO - #False
[2024-01-20T06:13:23.495+0000] {logging_mixin.py:151} INFO - #False
[2024-01-20T06:13:23.496+0000] {logging_mixin.py:151} INFO - #False
[2024-01-20T06:13:23.496+0000] {logging_mixin.py:151} INFO - #False
[2024-01-20T06:13:23.496+0000] {logging_mixin.py:151} INFO - #False
[2024-01-20T06:13:23.497+0000] {logging_mixin.py:151} INFO - #False
[2024-01-20T06:13:23.497+0000] {logging_mixin.py:151} INFO - #False
[2024-01-20T06:13:23.497+0000] {logging_mixin.py:151} INFO - #False
[2024-01-20T06:13:23.497+0000] {logging_mixin.py:151} INFO - #False
[2024-01-20T06:13:23.498+0000] {logging_mixin.py:151} INFO - #False
[2024-01-20T06:13:23.498+0000] {logging_mixin.py:151} INFO - #False
[2024-01-20T06:13:23.498+0000] {logging_mixin.py:151} INFO - #False
[2024-01-20T06:13:23.499+0000] {logging_mixin.py:151} INFO - #False
[2024-01-20T06:13:23.499+0000] {logging_mixin.py:151} INFO -  submission : 
[2024-01-20T06:13:23.846+0000] {logging_mixin.py:151} INFO - #False
[2024-01-20T06:13:23.847+0000] {logging_mixin.py:151} INFO - #False
[2024-01-20T06:13:23.847+0000] {logging_mixin.py:151} INFO - #False
[2024-01-20T06:13:23.847+0000] {logging_mixin.py:151} INFO - #False
[2024-01-20T06:13:23.848+0000] {logging_mixin.py:151} INFO - #False
[2024-01-20T06:13:23.848+0000] {logging_mixin.py:151} INFO - #False
[2024-01-20T06:13:23.848+0000] {logging_mixin.py:151} INFO - #False
[2024-01-20T06:13:23.848+0000] {logging_mixin.py:151} INFO - #False
[2024-01-20T06:13:23.849+0000] {logging_mixin.py:151} INFO - #False
[2024-01-20T06:13:23.849+0000] {logging_mixin.py:151} INFO - #False
[2024-01-20T06:13:23.849+0000] {logging_mixin.py:151} INFO - #False
[2024-01-20T06:13:23.849+0000] {logging_mixin.py:151} INFO - #False
[2024-01-20T06:13:23.850+0000] {logging_mixin.py:151} INFO - #False
[2024-01-20T06:13:23.850+0000] {logging_mixin.py:151} INFO - #False
[2024-01-20T06:13:23.850+0000] {logging_mixin.py:151} INFO - #False
[2024-01-20T06:13:23.851+0000] {logging_mixin.py:151} INFO - #False
[2024-01-20T06:13:23.851+0000] {logging_mixin.py:151} INFO - #False
[2024-01-20T06:13:23.851+0000] {logging_mixin.py:151} INFO - #False
[2024-01-20T06:13:23.851+0000] {logging_mixin.py:151} INFO - #False
[2024-01-20T06:13:23.852+0000] {logging_mixin.py:151} INFO - #False
[2024-01-20T06:13:23.852+0000] {logging_mixin.py:151} INFO - #False
[2024-01-20T06:13:23.852+0000] {logging_mixin.py:151} INFO - #False
[2024-01-20T06:13:23.852+0000] {logging_mixin.py:151} INFO - #False
[2024-01-20T06:13:23.852+0000] {logging_mixin.py:151} INFO - #False
[2024-01-20T06:13:23.853+0000] {logging_mixin.py:151} INFO - #False
[2024-01-20T06:13:23.853+0000] {logging_mixin.py:151} INFO - #False
[2024-01-20T06:13:23.854+0000] {logging_mixin.py:151} INFO - #False
[2024-01-20T06:13:23.854+0000] {logging_mixin.py:151} INFO - #False
[2024-01-20T06:13:23.855+0000] {logging_mixin.py:151} INFO - #False
[2024-01-20T06:13:23.856+0000] {logging_mixin.py:151} INFO - #False
[2024-01-20T06:13:23.856+0000] {logging_mixin.py:151} INFO -  submission : 
[2024-01-20T06:13:24.326+0000] {logging_mixin.py:151} INFO - #False
[2024-01-20T06:13:24.327+0000] {logging_mixin.py:151} INFO - #False
[2024-01-20T06:13:24.327+0000] {logging_mixin.py:151} INFO - #False
[2024-01-20T06:13:24.327+0000] {logging_mixin.py:151} INFO - #False
[2024-01-20T06:13:24.327+0000] {logging_mixin.py:151} INFO - #False
[2024-01-20T06:13:24.328+0000] {logging_mixin.py:151} INFO - #False
[2024-01-20T06:13:24.328+0000] {logging_mixin.py:151} INFO - #False
[2024-01-20T06:13:24.330+0000] {logging_mixin.py:151} INFO - #False
[2024-01-20T06:13:24.330+0000] {logging_mixin.py:151} INFO - #False
[2024-01-20T06:13:24.330+0000] {logging_mixin.py:151} INFO - #False
[2024-01-20T06:13:24.331+0000] {logging_mixin.py:151} INFO - #False
[2024-01-20T06:13:24.331+0000] {logging_mixin.py:151} INFO - #False
[2024-01-20T06:13:24.331+0000] {logging_mixin.py:151} INFO - #False
[2024-01-20T06:13:24.331+0000] {logging_mixin.py:151} INFO - #False
[2024-01-20T06:13:24.332+0000] {logging_mixin.py:151} INFO - #False
[2024-01-20T06:13:24.332+0000] {logging_mixin.py:151} INFO - #False
[2024-01-20T06:13:24.332+0000] {logging_mixin.py:151} INFO - #False
[2024-01-20T06:13:24.332+0000] {logging_mixin.py:151} INFO - #False
[2024-01-20T06:13:24.333+0000] {logging_mixin.py:151} INFO - #False
[2024-01-20T06:13:24.333+0000] {logging_mixin.py:151} INFO - #False
[2024-01-20T06:13:24.333+0000] {logging_mixin.py:151} INFO - #False
[2024-01-20T06:13:24.334+0000] {logging_mixin.py:151} INFO - #False
[2024-01-20T06:13:24.334+0000] {logging_mixin.py:151} INFO - #False
[2024-01-20T06:13:24.334+0000] {logging_mixin.py:151} INFO - #False
[2024-01-20T06:13:24.334+0000] {logging_mixin.py:151} INFO - #False
[2024-01-20T06:13:24.334+0000] {logging_mixin.py:151} INFO - #False
[2024-01-20T06:13:24.335+0000] {logging_mixin.py:151} INFO - #False
[2024-01-20T06:13:24.335+0000] {logging_mixin.py:151} INFO - #False
[2024-01-20T06:13:24.335+0000] {logging_mixin.py:151} INFO - #False
[2024-01-20T06:13:24.335+0000] {logging_mixin.py:151} INFO - #False
[2024-01-20T06:13:24.335+0000] {logging_mixin.py:151} INFO -  submission : 
[2024-01-20T06:13:24.720+0000] {logging_mixin.py:151} INFO - #False
[2024-01-20T06:13:24.721+0000] {logging_mixin.py:151} INFO - #False
[2024-01-20T06:13:24.722+0000] {logging_mixin.py:151} INFO - #False
[2024-01-20T06:13:24.722+0000] {logging_mixin.py:151} INFO - #False
[2024-01-20T06:13:24.723+0000] {logging_mixin.py:151} INFO - #False
[2024-01-20T06:13:24.723+0000] {logging_mixin.py:151} INFO - #False
[2024-01-20T06:13:24.723+0000] {logging_mixin.py:151} INFO - #False
[2024-01-20T06:13:24.724+0000] {logging_mixin.py:151} INFO - #False
[2024-01-20T06:13:24.724+0000] {logging_mixin.py:151} INFO - #False
[2024-01-20T06:13:24.724+0000] {logging_mixin.py:151} INFO - #False
[2024-01-20T06:13:24.725+0000] {logging_mixin.py:151} INFO - #False
[2024-01-20T06:13:24.725+0000] {logging_mixin.py:151} INFO - #False
[2024-01-20T06:13:24.725+0000] {logging_mixin.py:151} INFO - #False
[2024-01-20T06:13:24.725+0000] {logging_mixin.py:151} INFO - #False
[2024-01-20T06:13:24.725+0000] {logging_mixin.py:151} INFO - #False
[2024-01-20T06:13:24.726+0000] {logging_mixin.py:151} INFO - #False
[2024-01-20T06:13:24.727+0000] {logging_mixin.py:151} INFO - #False
[2024-01-20T06:13:24.727+0000] {logging_mixin.py:151} INFO - #False
[2024-01-20T06:13:24.727+0000] {logging_mixin.py:151} INFO - #False
[2024-01-20T06:13:24.727+0000] {logging_mixin.py:151} INFO - #False
[2024-01-20T06:13:24.728+0000] {logging_mixin.py:151} INFO - #False
[2024-01-20T06:13:24.728+0000] {logging_mixin.py:151} INFO - #False
[2024-01-20T06:13:24.728+0000] {logging_mixin.py:151} INFO - #False
[2024-01-20T06:13:24.728+0000] {logging_mixin.py:151} INFO - #False
[2024-01-20T06:13:24.728+0000] {logging_mixin.py:151} INFO - #False
[2024-01-20T06:13:24.729+0000] {logging_mixin.py:151} INFO - #False
[2024-01-20T06:13:24.729+0000] {logging_mixin.py:151} INFO - #False
[2024-01-20T06:13:24.729+0000] {logging_mixin.py:151} INFO - #False
[2024-01-20T06:13:24.729+0000] {logging_mixin.py:151} INFO - #False
[2024-01-20T06:13:24.729+0000] {logging_mixin.py:151} INFO - #False
[2024-01-20T06:13:24.730+0000] {logging_mixin.py:151} INFO -  submission : 
[2024-01-20T06:13:25.248+0000] {logging_mixin.py:151} INFO - #False
[2024-01-20T06:13:25.249+0000] {logging_mixin.py:151} INFO - #False
[2024-01-20T06:13:25.249+0000] {logging_mixin.py:151} INFO - #False
[2024-01-20T06:13:25.249+0000] {logging_mixin.py:151} INFO - #False
[2024-01-20T06:13:25.249+0000] {logging_mixin.py:151} INFO - #False
[2024-01-20T06:13:25.250+0000] {logging_mixin.py:151} INFO - #False
[2024-01-20T06:13:25.250+0000] {logging_mixin.py:151} INFO - #False
[2024-01-20T06:13:25.250+0000] {logging_mixin.py:151} INFO - #False
[2024-01-20T06:13:25.250+0000] {logging_mixin.py:151} INFO - #False
[2024-01-20T06:13:25.251+0000] {logging_mixin.py:151} INFO - #False
[2024-01-20T06:13:25.251+0000] {logging_mixin.py:151} INFO - #False
[2024-01-20T06:13:25.251+0000] {logging_mixin.py:151} INFO - #False
[2024-01-20T06:13:25.251+0000] {logging_mixin.py:151} INFO - #False
[2024-01-20T06:13:25.251+0000] {logging_mixin.py:151} INFO - #False
[2024-01-20T06:13:25.252+0000] {logging_mixin.py:151} INFO - #False
[2024-01-20T06:13:25.252+0000] {logging_mixin.py:151} INFO - #False
[2024-01-20T06:13:25.252+0000] {logging_mixin.py:151} INFO - #False
[2024-01-20T06:13:25.252+0000] {logging_mixin.py:151} INFO - #False
[2024-01-20T06:13:25.252+0000] {logging_mixin.py:151} INFO - #False
[2024-01-20T06:13:25.253+0000] {logging_mixin.py:151} INFO - #False
[2024-01-20T06:13:25.253+0000] {logging_mixin.py:151} INFO - #False
[2024-01-20T06:13:25.253+0000] {logging_mixin.py:151} INFO - #False
[2024-01-20T06:13:25.254+0000] {logging_mixin.py:151} INFO - #False
[2024-01-20T06:13:25.254+0000] {logging_mixin.py:151} INFO - #False
[2024-01-20T06:13:25.254+0000] {logging_mixin.py:151} INFO - #False
[2024-01-20T06:13:25.254+0000] {logging_mixin.py:151} INFO - #False
[2024-01-20T06:13:25.255+0000] {logging_mixin.py:151} INFO - #False
[2024-01-20T06:13:25.255+0000] {logging_mixin.py:151} INFO - #False
[2024-01-20T06:13:25.255+0000] {logging_mixin.py:151} INFO - #False
[2024-01-20T06:13:25.255+0000] {logging_mixin.py:151} INFO - #False
[2024-01-20T06:13:25.255+0000] {logging_mixin.py:151} INFO -  submission : 
[2024-01-20T06:13:25.707+0000] {logging_mixin.py:151} INFO - #False
[2024-01-20T06:13:25.708+0000] {logging_mixin.py:151} INFO - #False
[2024-01-20T06:13:25.708+0000] {logging_mixin.py:151} INFO - #False
[2024-01-20T06:13:25.708+0000] {logging_mixin.py:151} INFO - #False
[2024-01-20T06:13:25.709+0000] {logging_mixin.py:151} INFO - #False
[2024-01-20T06:13:25.709+0000] {logging_mixin.py:151} INFO - #False
[2024-01-20T06:13:25.709+0000] {logging_mixin.py:151} INFO - #False
[2024-01-20T06:13:25.709+0000] {logging_mixin.py:151} INFO - #False
[2024-01-20T06:13:25.710+0000] {logging_mixin.py:151} INFO - #False
[2024-01-20T06:13:25.710+0000] {logging_mixin.py:151} INFO - #False
[2024-01-20T06:13:25.710+0000] {logging_mixin.py:151} INFO - #False
[2024-01-20T06:13:25.710+0000] {logging_mixin.py:151} INFO - #False
[2024-01-20T06:13:25.711+0000] {logging_mixin.py:151} INFO - #False
[2024-01-20T06:13:25.711+0000] {logging_mixin.py:151} INFO - #False
[2024-01-20T06:13:25.711+0000] {logging_mixin.py:151} INFO - #False
[2024-01-20T06:13:25.711+0000] {logging_mixin.py:151} INFO - #False
[2024-01-20T06:13:25.711+0000] {logging_mixin.py:151} INFO - #False
[2024-01-20T06:13:25.712+0000] {logging_mixin.py:151} INFO - #False
[2024-01-20T06:13:25.712+0000] {logging_mixin.py:151} INFO - #False
[2024-01-20T06:13:25.712+0000] {logging_mixin.py:151} INFO - #False
[2024-01-20T06:13:25.712+0000] {logging_mixin.py:151} INFO - #False
[2024-01-20T06:13:25.712+0000] {logging_mixin.py:151} INFO - #False
[2024-01-20T06:13:25.713+0000] {logging_mixin.py:151} INFO - #False
[2024-01-20T06:13:25.713+0000] {logging_mixin.py:151} INFO - #False
[2024-01-20T06:13:25.713+0000] {logging_mixin.py:151} INFO - #False
[2024-01-20T06:13:25.713+0000] {logging_mixin.py:151} INFO - #False
[2024-01-20T06:13:25.713+0000] {logging_mixin.py:151} INFO - #False
[2024-01-20T06:13:25.714+0000] {logging_mixin.py:151} INFO - #False
[2024-01-20T06:13:25.714+0000] {logging_mixin.py:151} INFO - #False
[2024-01-20T06:13:25.714+0000] {logging_mixin.py:151} INFO - #False
[2024-01-20T06:13:25.714+0000] {python.py:194} INFO - Done. Returned value was: None
[2024-01-20T06:13:25.785+0000] {taskinstance.py:1400} INFO - Marking task as SUCCESS. dag_id=Kafka_Producer_4, task_id=Reddit, execution_date=20240120T061117, start_date=20240120T061321, end_date=20240120T061325
[2024-01-20T06:13:25.809+0000] {local_task_job_runner.py:228} INFO - Task exited with return code 0
[2024-01-20T06:13:25.822+0000] {taskinstance.py:2784} INFO - 0 downstream tasks scheduled from follow-on schedule check
