[2024-01-20T05:54:14.468+0000] {taskinstance.py:1159} INFO - Dependencies all met for dep_context=non-requeueable deps ti=<TaskInstance: Kafka_Producer_3.Reddit scheduled__2024-01-20T05:51:09.968957+00:00 [queued]>
[2024-01-20T05:54:14.474+0000] {taskinstance.py:1159} INFO - Dependencies all met for dep_context=requeueable deps ti=<TaskInstance: Kafka_Producer_3.Reddit scheduled__2024-01-20T05:51:09.968957+00:00 [queued]>
[2024-01-20T05:54:14.474+0000] {taskinstance.py:1361} INFO - Starting attempt 1 of 1
[2024-01-20T05:54:14.486+0000] {taskinstance.py:1382} INFO - Executing <Task(PythonOperator): Reddit> on 2024-01-20 05:51:09.968957+00:00
[2024-01-20T05:54:14.489+0000] {standard_task_runner.py:57} INFO - Started process 14086 to run task
[2024-01-20T05:54:14.492+0000] {standard_task_runner.py:84} INFO - Running: ['***', 'tasks', 'run', 'Kafka_Producer_3', 'Reddit', 'scheduled__2024-01-20T05:51:09.968957+00:00', '--job-id', '737', '--raw', '--subdir', 'DAGS_FOLDER/kafka_stream_3.py', '--cfg-path', '/tmp/tmpd9jmu4ac']
[2024-01-20T05:54:14.493+0000] {standard_task_runner.py:85} INFO - Job 737: Subtask Reddit
[2024-01-20T05:54:14.529+0000] {task_command.py:415} INFO - Running <TaskInstance: Kafka_Producer_3.Reddit scheduled__2024-01-20T05:51:09.968957+00:00 [running]> on host 45c5bfab8aa1
[2024-01-20T05:54:14.593+0000] {taskinstance.py:1660} INFO - Exporting env vars: AIRFLOW_CTX_DAG_OWNER='me' AIRFLOW_CTX_DAG_ID='Kafka_Producer_3' AIRFLOW_CTX_TASK_ID='Reddit' AIRFLOW_CTX_EXECUTION_DATE='2024-01-20T05:51:09.968957+00:00' AIRFLOW_CTX_TRY_NUMBER='1' AIRFLOW_CTX_DAG_RUN_ID='scheduled__2024-01-20T05:51:09.968957+00:00'
[2024-01-20T05:54:14.621+0000] {logging_mixin.py:151} INFO -  submission : 
[2024-01-20T05:54:15.450+0000] {logging_mixin.py:151} INFO - @True
[2024-01-20T05:54:15.452+0000] {conn.py:380} INFO - <BrokerConnection node_id=bootstrap-0 host=broker:29092 <connecting> [IPv4 ('172.19.0.8', 29092)]>: connecting to broker:29092 [('172.19.0.8', 29092) IPv4]
[2024-01-20T05:54:15.452+0000] {conn.py:1205} INFO - Probing node bootstrap-0 broker version
[2024-01-20T05:54:15.453+0000] {conn.py:410} INFO - <BrokerConnection node_id=bootstrap-0 host=broker:29092 <connecting> [IPv4 ('172.19.0.8', 29092)]>: Connection complete.
[2024-01-20T05:54:15.555+0000] {conn.py:1267} INFO - Broker version identified as 2.5.0
[2024-01-20T05:54:15.556+0000] {conn.py:1268} INFO - Set configuration api_version=(2, 5, 0) to skip auto check_version requests on startup
[2024-01-20T05:54:15.559+0000] {logging_mixin.py:151} INFO - #False
[2024-01-20T05:54:15.560+0000] {logging_mixin.py:151} INFO - #False
[2024-01-20T05:54:15.560+0000] {conn.py:380} INFO - <BrokerConnection node_id=1 host=broker:29092 <connecting> [IPv4 ('172.19.0.8', 29092)]>: connecting to broker:29092 [('172.19.0.8', 29092) IPv4]
[2024-01-20T05:54:15.560+0000] {logging_mixin.py:151} INFO - #False
[2024-01-20T05:54:15.561+0000] {conn.py:410} INFO - <BrokerConnection node_id=1 host=broker:29092 <connecting> [IPv4 ('172.19.0.8', 29092)]>: Connection complete.
[2024-01-20T05:54:15.561+0000] {logging_mixin.py:151} INFO - #False
[2024-01-20T05:54:15.562+0000] {conn.py:919} INFO - <BrokerConnection node_id=bootstrap-0 host=broker:29092 <connected> [IPv4 ('172.19.0.8', 29092)]>: Closing connection. 
[2024-01-20T05:54:15.562+0000] {logging_mixin.py:151} INFO - #False
[2024-01-20T05:54:15.563+0000] {logging_mixin.py:151} INFO - #False
[2024-01-20T05:54:15.563+0000] {logging_mixin.py:151} INFO - #False
[2024-01-20T05:54:15.564+0000] {logging_mixin.py:151} INFO - #False
[2024-01-20T05:54:15.564+0000] {logging_mixin.py:151} INFO - #False
[2024-01-20T05:54:15.564+0000] {logging_mixin.py:151} INFO - #False
[2024-01-20T05:54:15.565+0000] {logging_mixin.py:151} INFO - #False
[2024-01-20T05:54:15.565+0000] {logging_mixin.py:151} INFO - #False
[2024-01-20T05:54:15.565+0000] {logging_mixin.py:151} INFO - #False
[2024-01-20T05:54:15.565+0000] {logging_mixin.py:151} INFO - #False
[2024-01-20T05:54:15.565+0000] {logging_mixin.py:151} INFO - #False
[2024-01-20T05:54:15.566+0000] {logging_mixin.py:151} INFO - #False
[2024-01-20T05:54:15.566+0000] {logging_mixin.py:151} INFO - #False
[2024-01-20T05:54:15.566+0000] {logging_mixin.py:151} INFO - #False
[2024-01-20T05:54:15.567+0000] {logging_mixin.py:151} INFO - #False
[2024-01-20T05:54:15.567+0000] {logging_mixin.py:151} INFO - #False
[2024-01-20T05:54:15.567+0000] {logging_mixin.py:151} INFO - #False
[2024-01-20T05:54:15.567+0000] {logging_mixin.py:151} INFO - #False
[2024-01-20T05:54:15.567+0000] {logging_mixin.py:151} INFO - #False
[2024-01-20T05:54:15.568+0000] {logging_mixin.py:151} INFO - #False
[2024-01-20T05:54:15.568+0000] {logging_mixin.py:151} INFO - #False
[2024-01-20T05:54:15.568+0000] {logging_mixin.py:151} INFO - #False
[2024-01-20T05:54:15.568+0000] {logging_mixin.py:151} INFO - #False
[2024-01-20T05:54:15.568+0000] {logging_mixin.py:151} INFO - #False
[2024-01-20T05:54:15.569+0000] {logging_mixin.py:151} INFO - #False
[2024-01-20T05:54:15.569+0000] {logging_mixin.py:151} INFO -  submission : 
[2024-01-20T05:54:16.226+0000] {logging_mixin.py:151} INFO - #False
[2024-01-20T05:54:16.227+0000] {logging_mixin.py:151} INFO - #False
[2024-01-20T05:54:16.227+0000] {logging_mixin.py:151} INFO - #False
[2024-01-20T05:54:16.227+0000] {logging_mixin.py:151} INFO - #False
[2024-01-20T05:54:16.228+0000] {logging_mixin.py:151} INFO - #False
[2024-01-20T05:54:16.228+0000] {logging_mixin.py:151} INFO - #False
[2024-01-20T05:54:16.229+0000] {logging_mixin.py:151} INFO - #False
[2024-01-20T05:54:16.229+0000] {logging_mixin.py:151} INFO - #False
[2024-01-20T05:54:16.229+0000] {logging_mixin.py:151} INFO - #False
[2024-01-20T05:54:16.229+0000] {logging_mixin.py:151} INFO - #False
[2024-01-20T05:54:16.230+0000] {logging_mixin.py:151} INFO - #False
[2024-01-20T05:54:16.230+0000] {logging_mixin.py:151} INFO - #False
[2024-01-20T05:54:16.230+0000] {logging_mixin.py:151} INFO - #False
[2024-01-20T05:54:16.230+0000] {logging_mixin.py:151} INFO - #False
[2024-01-20T05:54:16.232+0000] {logging_mixin.py:151} INFO - #False
[2024-01-20T05:54:16.232+0000] {logging_mixin.py:151} INFO - #False
[2024-01-20T05:54:16.233+0000] {logging_mixin.py:151} INFO - #False
[2024-01-20T05:54:16.233+0000] {logging_mixin.py:151} INFO - #False
[2024-01-20T05:54:16.234+0000] {logging_mixin.py:151} INFO - #False
[2024-01-20T05:54:16.234+0000] {logging_mixin.py:151} INFO - #False
[2024-01-20T05:54:16.234+0000] {logging_mixin.py:151} INFO - #False
[2024-01-20T05:54:16.234+0000] {logging_mixin.py:151} INFO - #False
[2024-01-20T05:54:16.235+0000] {logging_mixin.py:151} INFO - #False
[2024-01-20T05:54:16.235+0000] {logging_mixin.py:151} INFO - #False
[2024-01-20T05:54:16.235+0000] {logging_mixin.py:151} INFO - #False
[2024-01-20T05:54:16.235+0000] {logging_mixin.py:151} INFO - #False
[2024-01-20T05:54:16.236+0000] {logging_mixin.py:151} INFO - #False
[2024-01-20T05:54:16.236+0000] {logging_mixin.py:151} INFO - #False
[2024-01-20T05:54:16.236+0000] {logging_mixin.py:151} INFO - #False
[2024-01-20T05:54:16.236+0000] {logging_mixin.py:151} INFO - #False
[2024-01-20T05:54:16.237+0000] {logging_mixin.py:151} INFO -  submission : 
[2024-01-20T05:54:16.860+0000] {logging_mixin.py:151} INFO - #False
[2024-01-20T05:54:16.860+0000] {logging_mixin.py:151} INFO - #False
[2024-01-20T05:54:16.861+0000] {logging_mixin.py:151} INFO - #False
[2024-01-20T05:54:16.862+0000] {logging_mixin.py:151} INFO - #False
[2024-01-20T05:54:16.862+0000] {logging_mixin.py:151} INFO - #False
[2024-01-20T05:54:16.862+0000] {logging_mixin.py:151} INFO - #False
[2024-01-20T05:54:16.862+0000] {logging_mixin.py:151} INFO - #False
[2024-01-20T05:54:16.863+0000] {logging_mixin.py:151} INFO - #False
[2024-01-20T05:54:16.863+0000] {logging_mixin.py:151} INFO - #False
[2024-01-20T05:54:16.863+0000] {logging_mixin.py:151} INFO - #False
[2024-01-20T05:54:16.863+0000] {logging_mixin.py:151} INFO - #False
[2024-01-20T05:54:16.863+0000] {logging_mixin.py:151} INFO - #False
[2024-01-20T05:54:16.864+0000] {logging_mixin.py:151} INFO - #False
[2024-01-20T05:54:16.864+0000] {logging_mixin.py:151} INFO - #False
[2024-01-20T05:54:16.864+0000] {logging_mixin.py:151} INFO - #False
[2024-01-20T05:54:16.864+0000] {logging_mixin.py:151} INFO - #False
[2024-01-20T05:54:16.865+0000] {logging_mixin.py:151} INFO - #False
[2024-01-20T05:54:16.865+0000] {logging_mixin.py:151} INFO - #False
[2024-01-20T05:54:16.865+0000] {logging_mixin.py:151} INFO - #False
[2024-01-20T05:54:16.865+0000] {logging_mixin.py:151} INFO - #False
[2024-01-20T05:54:16.866+0000] {logging_mixin.py:151} INFO - #False
[2024-01-20T05:54:16.866+0000] {logging_mixin.py:151} INFO - #False
[2024-01-20T05:54:16.866+0000] {logging_mixin.py:151} INFO - #False
[2024-01-20T05:54:16.867+0000] {logging_mixin.py:151} INFO - #False
[2024-01-20T05:54:16.867+0000] {logging_mixin.py:151} INFO - #False
[2024-01-20T05:54:16.867+0000] {logging_mixin.py:151} INFO - #False
[2024-01-20T05:54:16.868+0000] {logging_mixin.py:151} INFO - #False
[2024-01-20T05:54:16.868+0000] {logging_mixin.py:151} INFO - #False
[2024-01-20T05:54:16.868+0000] {logging_mixin.py:151} INFO - #False
[2024-01-20T05:54:16.869+0000] {logging_mixin.py:151} INFO - #False
[2024-01-20T05:54:16.869+0000] {logging_mixin.py:151} INFO -  submission : 
[2024-01-20T05:54:17.328+0000] {logging_mixin.py:151} INFO - #False
[2024-01-20T05:54:17.329+0000] {logging_mixin.py:151} INFO - #False
[2024-01-20T05:54:17.330+0000] {logging_mixin.py:151} INFO - #False
[2024-01-20T05:54:17.330+0000] {logging_mixin.py:151} INFO - #False
[2024-01-20T05:54:17.331+0000] {logging_mixin.py:151} INFO - #False
[2024-01-20T05:54:17.331+0000] {logging_mixin.py:151} INFO - #False
[2024-01-20T05:54:17.331+0000] {logging_mixin.py:151} INFO - #False
[2024-01-20T05:54:17.332+0000] {logging_mixin.py:151} INFO - #False
[2024-01-20T05:54:17.332+0000] {logging_mixin.py:151} INFO - #False
[2024-01-20T05:54:17.332+0000] {logging_mixin.py:151} INFO - #False
[2024-01-20T05:54:17.332+0000] {logging_mixin.py:151} INFO - #False
[2024-01-20T05:54:17.333+0000] {logging_mixin.py:151} INFO - #False
[2024-01-20T05:54:17.333+0000] {logging_mixin.py:151} INFO - #False
[2024-01-20T05:54:17.333+0000] {logging_mixin.py:151} INFO - #False
[2024-01-20T05:54:17.333+0000] {logging_mixin.py:151} INFO - #False
[2024-01-20T05:54:17.333+0000] {logging_mixin.py:151} INFO - #False
[2024-01-20T05:54:17.334+0000] {logging_mixin.py:151} INFO - #False
[2024-01-20T05:54:17.334+0000] {logging_mixin.py:151} INFO - #False
[2024-01-20T05:54:17.334+0000] {logging_mixin.py:151} INFO - #False
[2024-01-20T05:54:17.334+0000] {logging_mixin.py:151} INFO - #False
[2024-01-20T05:54:17.335+0000] {logging_mixin.py:151} INFO - #False
[2024-01-20T05:54:17.335+0000] {logging_mixin.py:151} INFO - #False
[2024-01-20T05:54:17.335+0000] {logging_mixin.py:151} INFO - #False
[2024-01-20T05:54:17.335+0000] {logging_mixin.py:151} INFO - #False
[2024-01-20T05:54:17.336+0000] {logging_mixin.py:151} INFO - #False
[2024-01-20T05:54:17.336+0000] {logging_mixin.py:151} INFO - #False
[2024-01-20T05:54:17.336+0000] {logging_mixin.py:151} INFO - #False
[2024-01-20T05:54:17.336+0000] {logging_mixin.py:151} INFO - #False
[2024-01-20T05:54:17.337+0000] {logging_mixin.py:151} INFO - #False
[2024-01-20T05:54:17.337+0000] {logging_mixin.py:151} INFO - #False
[2024-01-20T05:54:17.337+0000] {logging_mixin.py:151} INFO -  submission : 
[2024-01-20T05:54:17.844+0000] {logging_mixin.py:151} INFO - #False
[2024-01-20T05:54:17.845+0000] {logging_mixin.py:151} INFO - #False
[2024-01-20T05:54:17.845+0000] {logging_mixin.py:151} INFO - #False
[2024-01-20T05:54:17.845+0000] {logging_mixin.py:151} INFO - #False
[2024-01-20T05:54:17.846+0000] {logging_mixin.py:151} INFO - #False
[2024-01-20T05:54:17.846+0000] {logging_mixin.py:151} INFO - #False
[2024-01-20T05:54:17.846+0000] {logging_mixin.py:151} INFO - #False
[2024-01-20T05:54:17.846+0000] {logging_mixin.py:151} INFO - #False
[2024-01-20T05:54:17.847+0000] {logging_mixin.py:151} INFO - #False
[2024-01-20T05:54:17.847+0000] {logging_mixin.py:151} INFO - #False
[2024-01-20T05:54:17.847+0000] {logging_mixin.py:151} INFO - #False
[2024-01-20T05:54:17.847+0000] {logging_mixin.py:151} INFO - #False
[2024-01-20T05:54:17.847+0000] {logging_mixin.py:151} INFO - #False
[2024-01-20T05:54:17.848+0000] {logging_mixin.py:151} INFO - #False
[2024-01-20T05:54:17.848+0000] {logging_mixin.py:151} INFO - #False
[2024-01-20T05:54:17.848+0000] {logging_mixin.py:151} INFO - #False
[2024-01-20T05:54:17.848+0000] {logging_mixin.py:151} INFO - #False
[2024-01-20T05:54:17.848+0000] {logging_mixin.py:151} INFO - #False
[2024-01-20T05:54:17.848+0000] {logging_mixin.py:151} INFO - #False
[2024-01-20T05:54:17.849+0000] {logging_mixin.py:151} INFO - #False
[2024-01-20T05:54:17.849+0000] {logging_mixin.py:151} INFO - #False
[2024-01-20T05:54:17.849+0000] {logging_mixin.py:151} INFO - #False
[2024-01-20T05:54:17.849+0000] {logging_mixin.py:151} INFO - #False
[2024-01-20T05:54:17.849+0000] {logging_mixin.py:151} INFO - #False
[2024-01-20T05:54:17.850+0000] {logging_mixin.py:151} INFO - #False
[2024-01-20T05:54:17.850+0000] {logging_mixin.py:151} INFO - #False
[2024-01-20T05:54:17.850+0000] {logging_mixin.py:151} INFO - #False
[2024-01-20T05:54:17.850+0000] {logging_mixin.py:151} INFO - #False
[2024-01-20T05:54:17.850+0000] {logging_mixin.py:151} INFO - #False
[2024-01-20T05:54:17.850+0000] {logging_mixin.py:151} INFO - #False
[2024-01-20T05:54:17.851+0000] {logging_mixin.py:151} INFO -  submission : 
[2024-01-20T05:54:18.431+0000] {logging_mixin.py:151} INFO - #False
[2024-01-20T05:54:18.432+0000] {logging_mixin.py:151} INFO - #False
[2024-01-20T05:54:18.433+0000] {logging_mixin.py:151} INFO - #False
[2024-01-20T05:54:18.433+0000] {logging_mixin.py:151} INFO - #False
[2024-01-20T05:54:18.434+0000] {logging_mixin.py:151} INFO - #False
[2024-01-20T05:54:18.434+0000] {logging_mixin.py:151} INFO - #False
[2024-01-20T05:54:18.434+0000] {logging_mixin.py:151} INFO - #False
[2024-01-20T05:54:18.435+0000] {logging_mixin.py:151} INFO - #False
[2024-01-20T05:54:18.435+0000] {logging_mixin.py:151} INFO - #False
[2024-01-20T05:54:18.436+0000] {logging_mixin.py:151} INFO - #False
[2024-01-20T05:54:18.436+0000] {logging_mixin.py:151} INFO - #False
[2024-01-20T05:54:18.436+0000] {logging_mixin.py:151} INFO - #False
[2024-01-20T05:54:18.437+0000] {logging_mixin.py:151} INFO - #False
[2024-01-20T05:54:18.437+0000] {logging_mixin.py:151} INFO - #False
[2024-01-20T05:54:18.437+0000] {logging_mixin.py:151} INFO - #False
[2024-01-20T05:54:18.438+0000] {logging_mixin.py:151} INFO - #False
[2024-01-20T05:54:18.438+0000] {logging_mixin.py:151} INFO - #False
[2024-01-20T05:54:18.438+0000] {logging_mixin.py:151} INFO - #False
[2024-01-20T05:54:18.439+0000] {logging_mixin.py:151} INFO - #False
[2024-01-20T05:54:18.439+0000] {logging_mixin.py:151} INFO - #False
[2024-01-20T05:54:18.439+0000] {logging_mixin.py:151} INFO - #False
[2024-01-20T05:54:18.440+0000] {logging_mixin.py:151} INFO - #False
[2024-01-20T05:54:18.441+0000] {logging_mixin.py:151} INFO - #False
[2024-01-20T05:54:18.441+0000] {logging_mixin.py:151} INFO - #False
[2024-01-20T05:54:18.441+0000] {logging_mixin.py:151} INFO - #False
[2024-01-20T05:54:18.442+0000] {logging_mixin.py:151} INFO - #False
[2024-01-20T05:54:18.442+0000] {logging_mixin.py:151} INFO - #False
[2024-01-20T05:54:18.443+0000] {logging_mixin.py:151} INFO - #False
[2024-01-20T05:54:18.443+0000] {logging_mixin.py:151} INFO - #False
[2024-01-20T05:54:18.443+0000] {logging_mixin.py:151} INFO - #False
[2024-01-20T05:54:18.444+0000] {logging_mixin.py:151} INFO -  submission : 
[2024-01-20T05:54:19.132+0000] {logging_mixin.py:151} INFO - #False
[2024-01-20T05:54:19.132+0000] {logging_mixin.py:151} INFO - #False
[2024-01-20T05:54:19.133+0000] {logging_mixin.py:151} INFO - #False
[2024-01-20T05:54:19.133+0000] {logging_mixin.py:151} INFO - #False
[2024-01-20T05:54:19.133+0000] {logging_mixin.py:151} INFO - #False
[2024-01-20T05:54:19.134+0000] {logging_mixin.py:151} INFO - #False
[2024-01-20T05:54:19.134+0000] {logging_mixin.py:151} INFO - #False
[2024-01-20T05:54:19.134+0000] {logging_mixin.py:151} INFO - #False
[2024-01-20T05:54:19.134+0000] {logging_mixin.py:151} INFO - #False
[2024-01-20T05:54:19.135+0000] {logging_mixin.py:151} INFO - #False
[2024-01-20T05:54:19.135+0000] {logging_mixin.py:151} INFO - #False
[2024-01-20T05:54:19.135+0000] {logging_mixin.py:151} INFO - #False
[2024-01-20T05:54:19.135+0000] {logging_mixin.py:151} INFO - #False
[2024-01-20T05:54:19.136+0000] {logging_mixin.py:151} INFO - #False
[2024-01-20T05:54:19.136+0000] {logging_mixin.py:151} INFO - #False
[2024-01-20T05:54:19.136+0000] {logging_mixin.py:151} INFO - #False
[2024-01-20T05:54:19.136+0000] {logging_mixin.py:151} INFO - #False
[2024-01-20T05:54:19.136+0000] {logging_mixin.py:151} INFO - #False
[2024-01-20T05:54:19.137+0000] {logging_mixin.py:151} INFO - #False
[2024-01-20T05:54:19.137+0000] {logging_mixin.py:151} INFO - #False
[2024-01-20T05:54:19.137+0000] {logging_mixin.py:151} INFO - #False
[2024-01-20T05:54:19.137+0000] {logging_mixin.py:151} INFO - #False
[2024-01-20T05:54:19.138+0000] {logging_mixin.py:151} INFO - #False
[2024-01-20T05:54:19.138+0000] {logging_mixin.py:151} INFO - #False
[2024-01-20T05:54:19.138+0000] {logging_mixin.py:151} INFO - #False
[2024-01-20T05:54:19.138+0000] {logging_mixin.py:151} INFO - #False
[2024-01-20T05:54:19.139+0000] {logging_mixin.py:151} INFO - #False
[2024-01-20T05:54:19.139+0000] {logging_mixin.py:151} INFO - #False
[2024-01-20T05:54:19.139+0000] {logging_mixin.py:151} INFO - #False
[2024-01-20T05:54:19.139+0000] {logging_mixin.py:151} INFO - #False
[2024-01-20T05:54:19.140+0000] {logging_mixin.py:151} INFO -  submission : 
[2024-01-20T05:54:19.810+0000] {logging_mixin.py:151} INFO - #False
[2024-01-20T05:54:19.811+0000] {logging_mixin.py:151} INFO - #False
[2024-01-20T05:54:19.811+0000] {logging_mixin.py:151} INFO - #False
[2024-01-20T05:54:19.812+0000] {logging_mixin.py:151} INFO - #False
[2024-01-20T05:54:19.812+0000] {logging_mixin.py:151} INFO - #False
[2024-01-20T05:54:19.813+0000] {logging_mixin.py:151} INFO - #False
[2024-01-20T05:54:19.813+0000] {logging_mixin.py:151} INFO - #False
[2024-01-20T05:54:19.813+0000] {logging_mixin.py:151} INFO - #False
[2024-01-20T05:54:19.813+0000] {logging_mixin.py:151} INFO - #False
[2024-01-20T05:54:19.813+0000] {logging_mixin.py:151} INFO - #False
[2024-01-20T05:54:19.814+0000] {logging_mixin.py:151} INFO - #False
[2024-01-20T05:54:19.814+0000] {logging_mixin.py:151} INFO - #False
[2024-01-20T05:54:19.814+0000] {logging_mixin.py:151} INFO - #False
[2024-01-20T05:54:19.814+0000] {logging_mixin.py:151} INFO - #False
[2024-01-20T05:54:19.815+0000] {logging_mixin.py:151} INFO - #False
[2024-01-20T05:54:19.815+0000] {logging_mixin.py:151} INFO - #False
[2024-01-20T05:54:19.815+0000] {logging_mixin.py:151} INFO - #False
[2024-01-20T05:54:19.815+0000] {logging_mixin.py:151} INFO - #False
[2024-01-20T05:54:19.816+0000] {logging_mixin.py:151} INFO - #False
[2024-01-20T05:54:19.816+0000] {logging_mixin.py:151} INFO - #False
[2024-01-20T05:54:19.816+0000] {logging_mixin.py:151} INFO - #False
[2024-01-20T05:54:19.816+0000] {logging_mixin.py:151} INFO - #False
[2024-01-20T05:54:19.817+0000] {logging_mixin.py:151} INFO - #False
[2024-01-20T05:54:19.817+0000] {logging_mixin.py:151} INFO - #False
[2024-01-20T05:54:19.818+0000] {logging_mixin.py:151} INFO - #False
[2024-01-20T05:54:19.818+0000] {logging_mixin.py:151} INFO - #False
[2024-01-20T05:54:19.818+0000] {logging_mixin.py:151} INFO - #False
[2024-01-20T05:54:19.818+0000] {logging_mixin.py:151} INFO - #False
[2024-01-20T05:54:19.818+0000] {logging_mixin.py:151} INFO - #False
[2024-01-20T05:54:19.819+0000] {logging_mixin.py:151} INFO - #False
[2024-01-20T05:54:19.819+0000] {conn.py:919} INFO - <BrokerConnection node_id=1 host=broker:29092 <connected> [IPv4 ('172.19.0.8', 29092)]>: Closing connection. 
[2024-01-20T05:54:19.822+0000] {python.py:194} INFO - Done. Returned value was: None
[2024-01-20T05:54:19.834+0000] {taskinstance.py:1400} INFO - Marking task as SUCCESS. dag_id=Kafka_Producer_3, task_id=Reddit, execution_date=20240120T055109, start_date=20240120T055414, end_date=20240120T055419
[2024-01-20T05:54:19.947+0000] {local_task_job_runner.py:228} INFO - Task exited with return code 0
[2024-01-20T05:54:19.960+0000] {taskinstance.py:2784} INFO - 0 downstream tasks scheduled from follow-on schedule check
