[2024-01-20T23:07:31.960+0000] {taskinstance.py:1159} INFO - Dependencies all met for dep_context=non-requeueable deps ti=<TaskInstance: Kafka_Producer_2.Reddit scheduled__2024-01-20T23:05:21.090358+00:00 [queued]>
[2024-01-20T23:07:31.966+0000] {taskinstance.py:1159} INFO - Dependencies all met for dep_context=requeueable deps ti=<TaskInstance: Kafka_Producer_2.Reddit scheduled__2024-01-20T23:05:21.090358+00:00 [queued]>
[2024-01-20T23:07:31.966+0000] {taskinstance.py:1361} INFO - Starting attempt 1 of 1
[2024-01-20T23:07:31.977+0000] {taskinstance.py:1382} INFO - Executing <Task(PythonOperator): Reddit> on 2024-01-20 23:05:21.090358+00:00
[2024-01-20T23:07:32.003+0000] {standard_task_runner.py:57} INFO - Started process 1025 to run task
[2024-01-20T23:07:32.005+0000] {standard_task_runner.py:84} INFO - Running: ['***', 'tasks', 'run', 'Kafka_Producer_2', 'Reddit', 'scheduled__2024-01-20T23:05:21.090358+00:00', '--job-id', '1376', '--raw', '--subdir', 'DAGS_FOLDER/kafka_stream_2.py', '--cfg-path', '/tmp/tmpwrmk8i8n']
[2024-01-20T23:07:32.007+0000] {standard_task_runner.py:85} INFO - Job 1376: Subtask Reddit
[2024-01-20T23:07:32.051+0000] {task_command.py:415} INFO - Running <TaskInstance: Kafka_Producer_2.Reddit scheduled__2024-01-20T23:05:21.090358+00:00 [running]> on host 45c5bfab8aa1
[2024-01-20T23:07:32.127+0000] {taskinstance.py:1660} INFO - Exporting env vars: AIRFLOW_CTX_DAG_OWNER='me' AIRFLOW_CTX_DAG_ID='Kafka_Producer_2' AIRFLOW_CTX_TASK_ID='Reddit' AIRFLOW_CTX_EXECUTION_DATE='2024-01-20T23:05:21.090358+00:00' AIRFLOW_CTX_TRY_NUMBER='1' AIRFLOW_CTX_DAG_RUN_ID='scheduled__2024-01-20T23:05:21.090358+00:00'
[2024-01-20T23:07:32.159+0000] {logging_mixin.py:151} INFO -  submission : 
[2024-01-20T23:07:33.180+0000] {logging_mixin.py:151} INFO - @True
[2024-01-20T23:07:33.182+0000] {conn.py:380} INFO - <BrokerConnection node_id=bootstrap-0 host=broker:29092 <connecting> [IPv4 ('172.19.0.8', 29092)]>: connecting to broker:29092 [('172.19.0.8', 29092) IPv4]
[2024-01-20T23:07:33.183+0000] {conn.py:1205} INFO - Probing node bootstrap-0 broker version
[2024-01-20T23:07:33.183+0000] {conn.py:410} INFO - <BrokerConnection node_id=bootstrap-0 host=broker:29092 <connecting> [IPv4 ('172.19.0.8', 29092)]>: Connection complete.
[2024-01-20T23:07:33.286+0000] {conn.py:1267} INFO - Broker version identified as 2.5.0
[2024-01-20T23:07:33.287+0000] {conn.py:1268} INFO - Set configuration api_version=(2, 5, 0) to skip auto check_version requests on startup
[2024-01-20T23:07:33.290+0000] {logging_mixin.py:151} INFO - #False
[2024-01-20T23:07:33.291+0000] {logging_mixin.py:151} INFO - #False
[2024-01-20T23:07:33.291+0000] {conn.py:380} INFO - <BrokerConnection node_id=1 host=broker:29092 <connecting> [IPv4 ('172.19.0.8', 29092)]>: connecting to broker:29092 [('172.19.0.8', 29092) IPv4]
[2024-01-20T23:07:33.291+0000] {logging_mixin.py:151} INFO - #False
[2024-01-20T23:07:33.292+0000] {conn.py:410} INFO - <BrokerConnection node_id=1 host=broker:29092 <connecting> [IPv4 ('172.19.0.8', 29092)]>: Connection complete.
[2024-01-20T23:07:33.292+0000] {logging_mixin.py:151} INFO - #False
[2024-01-20T23:07:33.292+0000] {conn.py:919} INFO - <BrokerConnection node_id=bootstrap-0 host=broker:29092 <connected> [IPv4 ('172.19.0.8', 29092)]>: Closing connection. 
[2024-01-20T23:07:33.293+0000] {logging_mixin.py:151} INFO - #False
[2024-01-20T23:07:33.295+0000] {logging_mixin.py:151} INFO - #False
[2024-01-20T23:07:33.295+0000] {logging_mixin.py:151} INFO - #False
[2024-01-20T23:07:33.295+0000] {logging_mixin.py:151} INFO - #False
[2024-01-20T23:07:33.296+0000] {logging_mixin.py:151} INFO - #False
[2024-01-20T23:07:33.296+0000] {logging_mixin.py:151} INFO - #False
[2024-01-20T23:07:33.296+0000] {logging_mixin.py:151} INFO - #False
[2024-01-20T23:07:33.297+0000] {logging_mixin.py:151} INFO - #False
[2024-01-20T23:07:33.297+0000] {logging_mixin.py:151} INFO - #False
[2024-01-20T23:07:33.297+0000] {logging_mixin.py:151} INFO - #False
[2024-01-20T23:07:33.297+0000] {logging_mixin.py:151} INFO - #False
[2024-01-20T23:07:33.298+0000] {logging_mixin.py:151} INFO - #False
[2024-01-20T23:07:33.298+0000] {logging_mixin.py:151} INFO - #False
[2024-01-20T23:07:33.298+0000] {logging_mixin.py:151} INFO - #False
[2024-01-20T23:07:33.298+0000] {logging_mixin.py:151} INFO - #False
[2024-01-20T23:07:33.299+0000] {logging_mixin.py:151} INFO - #False
[2024-01-20T23:07:33.299+0000] {logging_mixin.py:151} INFO - #False
[2024-01-20T23:07:33.299+0000] {logging_mixin.py:151} INFO - #False
[2024-01-20T23:07:33.299+0000] {logging_mixin.py:151} INFO - #False
[2024-01-20T23:07:33.299+0000] {logging_mixin.py:151} INFO - #False
[2024-01-20T23:07:33.300+0000] {logging_mixin.py:151} INFO - #False
[2024-01-20T23:07:33.300+0000] {logging_mixin.py:151} INFO - #False
[2024-01-20T23:07:33.300+0000] {logging_mixin.py:151} INFO - #False
[2024-01-20T23:07:33.300+0000] {logging_mixin.py:151} INFO - #False
[2024-01-20T23:07:33.300+0000] {logging_mixin.py:151} INFO - #False
[2024-01-20T23:07:33.301+0000] {logging_mixin.py:151} INFO -  submission : 
[2024-01-20T23:07:33.925+0000] {logging_mixin.py:151} INFO - #False
[2024-01-20T23:07:33.925+0000] {logging_mixin.py:151} INFO - #False
[2024-01-20T23:07:33.926+0000] {logging_mixin.py:151} INFO - #False
[2024-01-20T23:07:33.926+0000] {logging_mixin.py:151} INFO - #False
[2024-01-20T23:07:33.926+0000] {logging_mixin.py:151} INFO - #False
[2024-01-20T23:07:33.927+0000] {logging_mixin.py:151} INFO - #False
[2024-01-20T23:07:33.927+0000] {logging_mixin.py:151} INFO - #False
[2024-01-20T23:07:33.927+0000] {logging_mixin.py:151} INFO - #False
[2024-01-20T23:07:33.927+0000] {logging_mixin.py:151} INFO - #False
[2024-01-20T23:07:33.928+0000] {logging_mixin.py:151} INFO - #False
[2024-01-20T23:07:33.928+0000] {logging_mixin.py:151} INFO - #False
[2024-01-20T23:07:33.928+0000] {logging_mixin.py:151} INFO - #False
[2024-01-20T23:07:33.928+0000] {logging_mixin.py:151} INFO - #False
[2024-01-20T23:07:33.929+0000] {logging_mixin.py:151} INFO - #False
[2024-01-20T23:07:33.929+0000] {logging_mixin.py:151} INFO - #False
[2024-01-20T23:07:33.929+0000] {logging_mixin.py:151} INFO - #False
[2024-01-20T23:07:33.930+0000] {logging_mixin.py:151} INFO - #False
[2024-01-20T23:07:33.930+0000] {logging_mixin.py:151} INFO - #False
[2024-01-20T23:07:33.930+0000] {logging_mixin.py:151} INFO - #False
[2024-01-20T23:07:33.930+0000] {logging_mixin.py:151} INFO - #False
[2024-01-20T23:07:33.930+0000] {logging_mixin.py:151} INFO - #False
[2024-01-20T23:07:33.930+0000] {logging_mixin.py:151} INFO - #False
[2024-01-20T23:07:33.931+0000] {logging_mixin.py:151} INFO - #False
[2024-01-20T23:07:33.931+0000] {logging_mixin.py:151} INFO - #False
[2024-01-20T23:07:33.931+0000] {logging_mixin.py:151} INFO - #False
[2024-01-20T23:07:33.931+0000] {logging_mixin.py:151} INFO - #False
[2024-01-20T23:07:33.931+0000] {logging_mixin.py:151} INFO - #False
[2024-01-20T23:07:33.932+0000] {logging_mixin.py:151} INFO - #False
[2024-01-20T23:07:33.932+0000] {logging_mixin.py:151} INFO - #False
[2024-01-20T23:07:33.932+0000] {logging_mixin.py:151} INFO - #False
[2024-01-20T23:07:33.932+0000] {logging_mixin.py:151} INFO -  submission : 
[2024-01-20T23:07:34.623+0000] {logging_mixin.py:151} INFO - @True
[2024-01-20T23:07:34.625+0000] {conn.py:380} INFO - <BrokerConnection node_id=bootstrap-0 host=broker:29092 <connecting> [IPv4 ('172.19.0.8', 29092)]>: connecting to broker:29092 [('172.19.0.8', 29092) IPv4]
[2024-01-20T23:07:34.626+0000] {conn.py:1205} INFO - Probing node bootstrap-0 broker version
[2024-01-20T23:07:34.626+0000] {conn.py:410} INFO - <BrokerConnection node_id=bootstrap-0 host=broker:29092 <connecting> [IPv4 ('172.19.0.8', 29092)]>: Connection complete.
[2024-01-20T23:07:34.729+0000] {conn.py:1267} INFO - Broker version identified as 2.5.0
[2024-01-20T23:07:34.729+0000] {conn.py:1268} INFO - Set configuration api_version=(2, 5, 0) to skip auto check_version requests on startup
[2024-01-20T23:07:34.731+0000] {conn.py:919} INFO - <BrokerConnection node_id=1 host=broker:29092 <connected> [IPv4 ('172.19.0.8', 29092)]>: Closing connection. 
[2024-01-20T23:07:34.734+0000] {logging_mixin.py:151} INFO - @True
[2024-01-20T23:07:34.734+0000] {conn.py:380} INFO - <BrokerConnection node_id=1 host=broker:29092 <connecting> [IPv4 ('172.19.0.8', 29092)]>: connecting to broker:29092 [('172.19.0.8', 29092) IPv4]
[2024-01-20T23:07:34.735+0000] {conn.py:380} INFO - <BrokerConnection node_id=bootstrap-0 host=broker:29092 <connecting> [IPv4 ('172.19.0.8', 29092)]>: connecting to broker:29092 [('172.19.0.8', 29092) IPv4]
[2024-01-20T23:07:34.735+0000] {conn.py:410} INFO - <BrokerConnection node_id=1 host=broker:29092 <connecting> [IPv4 ('172.19.0.8', 29092)]>: Connection complete.
[2024-01-20T23:07:34.735+0000] {conn.py:1205} INFO - Probing node bootstrap-0 broker version
[2024-01-20T23:07:34.735+0000] {conn.py:919} INFO - <BrokerConnection node_id=bootstrap-0 host=broker:29092 <connected> [IPv4 ('172.19.0.8', 29092)]>: Closing connection. 
[2024-01-20T23:07:34.736+0000] {conn.py:410} INFO - <BrokerConnection node_id=bootstrap-0 host=broker:29092 <connecting> [IPv4 ('172.19.0.8', 29092)]>: Connection complete.
[2024-01-20T23:07:34.839+0000] {conn.py:1267} INFO - Broker version identified as 2.5.0
[2024-01-20T23:07:34.839+0000] {conn.py:1268} INFO - Set configuration api_version=(2, 5, 0) to skip auto check_version requests on startup
[2024-01-20T23:07:34.841+0000] {conn.py:919} INFO - <BrokerConnection node_id=1 host=broker:29092 <connected> [IPv4 ('172.19.0.8', 29092)]>: Closing connection. 
[2024-01-20T23:07:34.843+0000] {logging_mixin.py:151} INFO - #False
[2024-01-20T23:07:34.843+0000] {logging_mixin.py:151} INFO - #False
[2024-01-20T23:07:34.844+0000] {conn.py:380} INFO - <BrokerConnection node_id=1 host=broker:29092 <connecting> [IPv4 ('172.19.0.8', 29092)]>: connecting to broker:29092 [('172.19.0.8', 29092) IPv4]
[2024-01-20T23:07:34.844+0000] {logging_mixin.py:151} INFO - #False
[2024-01-20T23:07:34.845+0000] {conn.py:410} INFO - <BrokerConnection node_id=1 host=broker:29092 <connecting> [IPv4 ('172.19.0.8', 29092)]>: Connection complete.
[2024-01-20T23:07:34.845+0000] {conn.py:919} INFO - <BrokerConnection node_id=bootstrap-0 host=broker:29092 <connected> [IPv4 ('172.19.0.8', 29092)]>: Closing connection. 
[2024-01-20T23:07:34.845+0000] {logging_mixin.py:151} INFO - #False
[2024-01-20T23:07:34.847+0000] {logging_mixin.py:151} INFO - #False
[2024-01-20T23:07:34.847+0000] {logging_mixin.py:151} INFO - #False
[2024-01-20T23:07:34.847+0000] {logging_mixin.py:151} INFO - #False
[2024-01-20T23:07:34.847+0000] {logging_mixin.py:151} INFO - #False
[2024-01-20T23:07:34.848+0000] {logging_mixin.py:151} INFO - #False
[2024-01-20T23:07:34.848+0000] {logging_mixin.py:151} INFO - #False
[2024-01-20T23:07:34.848+0000] {logging_mixin.py:151} INFO - #False
[2024-01-20T23:07:34.848+0000] {logging_mixin.py:151} INFO - #False
[2024-01-20T23:07:34.848+0000] {logging_mixin.py:151} INFO - #False
[2024-01-20T23:07:34.848+0000] {logging_mixin.py:151} INFO - #False
[2024-01-20T23:07:34.849+0000] {logging_mixin.py:151} INFO - #False
[2024-01-20T23:07:34.849+0000] {logging_mixin.py:151} INFO - #False
[2024-01-20T23:07:34.849+0000] {logging_mixin.py:151} INFO - #False
[2024-01-20T23:07:34.849+0000] {logging_mixin.py:151} INFO - #False
[2024-01-20T23:07:34.849+0000] {logging_mixin.py:151} INFO - #False
[2024-01-20T23:07:34.849+0000] {logging_mixin.py:151} INFO - #False
[2024-01-20T23:07:34.850+0000] {logging_mixin.py:151} INFO - #False
[2024-01-20T23:07:34.850+0000] {logging_mixin.py:151} INFO - #False
[2024-01-20T23:07:34.850+0000] {logging_mixin.py:151} INFO - #False
[2024-01-20T23:07:34.850+0000] {logging_mixin.py:151} INFO - #False
[2024-01-20T23:07:34.851+0000] {logging_mixin.py:151} INFO - #False
[2024-01-20T23:07:34.851+0000] {logging_mixin.py:151} INFO - #False
[2024-01-20T23:07:34.851+0000] {logging_mixin.py:151} INFO - #False
[2024-01-20T23:07:34.851+0000] {logging_mixin.py:151} INFO - #False
[2024-01-20T23:07:34.851+0000] {logging_mixin.py:151} INFO -  submission : 
[2024-01-20T23:07:35.374+0000] {logging_mixin.py:151} INFO - #False
[2024-01-20T23:07:35.375+0000] {logging_mixin.py:151} INFO - #False
[2024-01-20T23:07:35.376+0000] {logging_mixin.py:151} INFO - #False
[2024-01-20T23:07:35.377+0000] {logging_mixin.py:151} INFO - #False
[2024-01-20T23:07:35.378+0000] {logging_mixin.py:151} INFO - #False
[2024-01-20T23:07:35.378+0000] {logging_mixin.py:151} INFO - #False
[2024-01-20T23:07:35.378+0000] {logging_mixin.py:151} INFO - #False
[2024-01-20T23:07:35.378+0000] {logging_mixin.py:151} INFO - #False
[2024-01-20T23:07:35.379+0000] {logging_mixin.py:151} INFO - #False
[2024-01-20T23:07:35.379+0000] {logging_mixin.py:151} INFO - #False
[2024-01-20T23:07:35.379+0000] {logging_mixin.py:151} INFO - #False
[2024-01-20T23:07:35.379+0000] {logging_mixin.py:151} INFO - #False
[2024-01-20T23:07:35.379+0000] {logging_mixin.py:151} INFO - #False
[2024-01-20T23:07:35.380+0000] {logging_mixin.py:151} INFO - #False
[2024-01-20T23:07:35.380+0000] {logging_mixin.py:151} INFO - #False
[2024-01-20T23:07:35.380+0000] {logging_mixin.py:151} INFO - #False
[2024-01-20T23:07:35.380+0000] {logging_mixin.py:151} INFO - #False
[2024-01-20T23:07:35.380+0000] {logging_mixin.py:151} INFO - #False
[2024-01-20T23:07:35.380+0000] {logging_mixin.py:151} INFO - #False
[2024-01-20T23:07:35.381+0000] {logging_mixin.py:151} INFO - #False
[2024-01-20T23:07:35.381+0000] {logging_mixin.py:151} INFO - #False
[2024-01-20T23:07:35.381+0000] {logging_mixin.py:151} INFO - #False
[2024-01-20T23:07:35.381+0000] {logging_mixin.py:151} INFO - #False
[2024-01-20T23:07:35.381+0000] {logging_mixin.py:151} INFO - #False
[2024-01-20T23:07:35.381+0000] {logging_mixin.py:151} INFO - #False
[2024-01-20T23:07:35.382+0000] {logging_mixin.py:151} INFO - #False
[2024-01-20T23:07:35.382+0000] {logging_mixin.py:151} INFO - #False
[2024-01-20T23:07:35.382+0000] {logging_mixin.py:151} INFO - #False
[2024-01-20T23:07:35.382+0000] {logging_mixin.py:151} INFO - #False
[2024-01-20T23:07:35.382+0000] {logging_mixin.py:151} INFO - #False
[2024-01-20T23:07:35.383+0000] {logging_mixin.py:151} INFO -  submission : 
[2024-01-20T23:07:36.012+0000] {logging_mixin.py:151} INFO - #False
[2024-01-20T23:07:36.012+0000] {logging_mixin.py:151} INFO - #False
[2024-01-20T23:07:36.013+0000] {logging_mixin.py:151} INFO - #False
[2024-01-20T23:07:36.013+0000] {logging_mixin.py:151} INFO - #False
[2024-01-20T23:07:36.013+0000] {logging_mixin.py:151} INFO - #False
[2024-01-20T23:07:36.013+0000] {logging_mixin.py:151} INFO - #False
[2024-01-20T23:07:36.014+0000] {logging_mixin.py:151} INFO - #False
[2024-01-20T23:07:36.014+0000] {logging_mixin.py:151} INFO - #False
[2024-01-20T23:07:36.014+0000] {logging_mixin.py:151} INFO - #False
[2024-01-20T23:07:36.014+0000] {logging_mixin.py:151} INFO - #False
[2024-01-20T23:07:36.014+0000] {logging_mixin.py:151} INFO - #False
[2024-01-20T23:07:36.015+0000] {logging_mixin.py:151} INFO - #False
[2024-01-20T23:07:36.015+0000] {logging_mixin.py:151} INFO - #False
[2024-01-20T23:07:36.015+0000] {logging_mixin.py:151} INFO - #False
[2024-01-20T23:07:36.015+0000] {logging_mixin.py:151} INFO - #False
[2024-01-20T23:07:36.015+0000] {logging_mixin.py:151} INFO - #False
[2024-01-20T23:07:36.015+0000] {logging_mixin.py:151} INFO - #False
[2024-01-20T23:07:36.016+0000] {logging_mixin.py:151} INFO - #False
[2024-01-20T23:07:36.016+0000] {logging_mixin.py:151} INFO - #False
[2024-01-20T23:07:36.016+0000] {logging_mixin.py:151} INFO - #False
[2024-01-20T23:07:36.016+0000] {logging_mixin.py:151} INFO - #False
[2024-01-20T23:07:36.016+0000] {logging_mixin.py:151} INFO - #False
[2024-01-20T23:07:36.017+0000] {logging_mixin.py:151} INFO - #False
[2024-01-20T23:07:36.017+0000] {logging_mixin.py:151} INFO - #False
[2024-01-20T23:07:36.017+0000] {logging_mixin.py:151} INFO - #False
[2024-01-20T23:07:36.017+0000] {logging_mixin.py:151} INFO - #False
[2024-01-20T23:07:36.017+0000] {logging_mixin.py:151} INFO - #False
[2024-01-20T23:07:36.017+0000] {logging_mixin.py:151} INFO - #False
[2024-01-20T23:07:36.018+0000] {logging_mixin.py:151} INFO - #False
[2024-01-20T23:07:36.018+0000] {logging_mixin.py:151} INFO - #False
[2024-01-20T23:07:36.018+0000] {logging_mixin.py:151} INFO -  submission : 
[2024-01-20T23:07:36.604+0000] {logging_mixin.py:151} INFO - #False
[2024-01-20T23:07:36.605+0000] {logging_mixin.py:151} INFO - #False
[2024-01-20T23:07:36.605+0000] {logging_mixin.py:151} INFO - #False
[2024-01-20T23:07:36.605+0000] {logging_mixin.py:151} INFO - #False
[2024-01-20T23:07:36.606+0000] {logging_mixin.py:151} INFO - #False
[2024-01-20T23:07:36.606+0000] {logging_mixin.py:151} INFO - #False
[2024-01-20T23:07:36.606+0000] {logging_mixin.py:151} INFO - #False
[2024-01-20T23:07:36.606+0000] {logging_mixin.py:151} INFO - #False
[2024-01-20T23:07:36.606+0000] {logging_mixin.py:151} INFO - #False
[2024-01-20T23:07:36.607+0000] {logging_mixin.py:151} INFO - #False
[2024-01-20T23:07:36.607+0000] {logging_mixin.py:151} INFO - #False
[2024-01-20T23:07:36.607+0000] {logging_mixin.py:151} INFO - #False
[2024-01-20T23:07:36.608+0000] {logging_mixin.py:151} INFO - #False
[2024-01-20T23:07:36.608+0000] {logging_mixin.py:151} INFO - #False
[2024-01-20T23:07:36.608+0000] {logging_mixin.py:151} INFO - #False
[2024-01-20T23:07:36.608+0000] {logging_mixin.py:151} INFO - #False
[2024-01-20T23:07:36.608+0000] {logging_mixin.py:151} INFO - #False
[2024-01-20T23:07:36.609+0000] {logging_mixin.py:151} INFO - #False
[2024-01-20T23:07:36.609+0000] {logging_mixin.py:151} INFO - #False
[2024-01-20T23:07:36.609+0000] {logging_mixin.py:151} INFO - #False
[2024-01-20T23:07:36.609+0000] {logging_mixin.py:151} INFO - #False
[2024-01-20T23:07:36.610+0000] {logging_mixin.py:151} INFO - #False
[2024-01-20T23:07:36.610+0000] {logging_mixin.py:151} INFO - #False
[2024-01-20T23:07:36.610+0000] {logging_mixin.py:151} INFO - #False
[2024-01-20T23:07:36.610+0000] {logging_mixin.py:151} INFO - #False
[2024-01-20T23:07:36.611+0000] {logging_mixin.py:151} INFO - #False
[2024-01-20T23:07:36.611+0000] {logging_mixin.py:151} INFO - #False
[2024-01-20T23:07:36.611+0000] {logging_mixin.py:151} INFO - #False
[2024-01-20T23:07:36.611+0000] {logging_mixin.py:151} INFO - #False
[2024-01-20T23:07:36.611+0000] {logging_mixin.py:151} INFO - #False
[2024-01-20T23:07:36.612+0000] {logging_mixin.py:151} INFO -  submission : 
[2024-01-20T23:07:37.240+0000] {logging_mixin.py:151} INFO - @True
[2024-01-20T23:07:37.242+0000] {conn.py:380} INFO - <BrokerConnection node_id=bootstrap-0 host=broker:29092 <connecting> [IPv4 ('172.19.0.8', 29092)]>: connecting to broker:29092 [('172.19.0.8', 29092) IPv4]
[2024-01-20T23:07:37.243+0000] {conn.py:1205} INFO - Probing node bootstrap-0 broker version
[2024-01-20T23:07:37.243+0000] {conn.py:410} INFO - <BrokerConnection node_id=bootstrap-0 host=broker:29092 <connecting> [IPv4 ('172.19.0.8', 29092)]>: Connection complete.
[2024-01-20T23:07:37.346+0000] {conn.py:1267} INFO - Broker version identified as 2.5.0
[2024-01-20T23:07:37.347+0000] {conn.py:1268} INFO - Set configuration api_version=(2, 5, 0) to skip auto check_version requests on startup
[2024-01-20T23:07:37.349+0000] {conn.py:919} INFO - <BrokerConnection node_id=1 host=broker:29092 <connected> [IPv4 ('172.19.0.8', 29092)]>: Closing connection. 
[2024-01-20T23:07:37.351+0000] {logging_mixin.py:151} INFO - #False
[2024-01-20T23:07:37.351+0000] {logging_mixin.py:151} INFO - #False
[2024-01-20T23:07:37.352+0000] {logging_mixin.py:151} INFO - #False
[2024-01-20T23:07:37.352+0000] {conn.py:380} INFO - <BrokerConnection node_id=1 host=broker:29092 <connecting> [IPv4 ('172.19.0.8', 29092)]>: connecting to broker:29092 [('172.19.0.8', 29092) IPv4]
[2024-01-20T23:07:37.352+0000] {logging_mixin.py:151} INFO - #False
[2024-01-20T23:07:37.353+0000] {conn.py:410} INFO - <BrokerConnection node_id=1 host=broker:29092 <connecting> [IPv4 ('172.19.0.8', 29092)]>: Connection complete.
[2024-01-20T23:07:37.353+0000] {logging_mixin.py:151} INFO - #False
[2024-01-20T23:07:37.353+0000] {conn.py:919} INFO - <BrokerConnection node_id=bootstrap-0 host=broker:29092 <connected> [IPv4 ('172.19.0.8', 29092)]>: Closing connection. 
[2024-01-20T23:07:37.354+0000] {logging_mixin.py:151} INFO - #False
[2024-01-20T23:07:37.355+0000] {logging_mixin.py:151} INFO - #False
[2024-01-20T23:07:37.355+0000] {logging_mixin.py:151} INFO - #False
[2024-01-20T23:07:37.356+0000] {logging_mixin.py:151} INFO - #False
[2024-01-20T23:07:37.356+0000] {logging_mixin.py:151} INFO - #False
[2024-01-20T23:07:37.356+0000] {logging_mixin.py:151} INFO - #False
[2024-01-20T23:07:37.356+0000] {logging_mixin.py:151} INFO - #False
[2024-01-20T23:07:37.357+0000] {logging_mixin.py:151} INFO - #False
[2024-01-20T23:07:37.357+0000] {logging_mixin.py:151} INFO - #False
[2024-01-20T23:07:37.357+0000] {logging_mixin.py:151} INFO - #False
[2024-01-20T23:07:37.357+0000] {logging_mixin.py:151} INFO - #False
[2024-01-20T23:07:37.357+0000] {logging_mixin.py:151} INFO - #False
[2024-01-20T23:07:37.357+0000] {logging_mixin.py:151} INFO - #False
[2024-01-20T23:07:37.358+0000] {logging_mixin.py:151} INFO - #False
[2024-01-20T23:07:37.358+0000] {logging_mixin.py:151} INFO - #False
[2024-01-20T23:07:37.358+0000] {logging_mixin.py:151} INFO - #False
[2024-01-20T23:07:37.358+0000] {logging_mixin.py:151} INFO - #False
[2024-01-20T23:07:37.358+0000] {logging_mixin.py:151} INFO - #False
[2024-01-20T23:07:37.358+0000] {logging_mixin.py:151} INFO - #False
[2024-01-20T23:07:37.359+0000] {logging_mixin.py:151} INFO - #False
[2024-01-20T23:07:37.359+0000] {logging_mixin.py:151} INFO - #False
[2024-01-20T23:07:37.359+0000] {logging_mixin.py:151} INFO - #False
[2024-01-20T23:07:37.359+0000] {logging_mixin.py:151} INFO - #False
[2024-01-20T23:07:37.359+0000] {logging_mixin.py:151} INFO - #False
[2024-01-20T23:07:37.360+0000] {logging_mixin.py:151} INFO -  submission : 
[2024-01-20T23:07:38.089+0000] {logging_mixin.py:151} INFO - #False
[2024-01-20T23:07:38.090+0000] {logging_mixin.py:151} INFO - #False
[2024-01-20T23:07:38.091+0000] {logging_mixin.py:151} INFO - #False
[2024-01-20T23:07:38.091+0000] {logging_mixin.py:151} INFO - #False
[2024-01-20T23:07:38.092+0000] {logging_mixin.py:151} INFO - #False
[2024-01-20T23:07:38.092+0000] {logging_mixin.py:151} INFO - #False
[2024-01-20T23:07:38.092+0000] {logging_mixin.py:151} INFO - #False
[2024-01-20T23:07:38.093+0000] {logging_mixin.py:151} INFO - #False
[2024-01-20T23:07:38.093+0000] {logging_mixin.py:151} INFO - #False
[2024-01-20T23:07:38.094+0000] {logging_mixin.py:151} INFO - #False
[2024-01-20T23:07:38.095+0000] {logging_mixin.py:151} INFO - #False
[2024-01-20T23:07:38.095+0000] {logging_mixin.py:151} INFO - #False
[2024-01-20T23:07:38.096+0000] {logging_mixin.py:151} INFO - #False
[2024-01-20T23:07:38.097+0000] {logging_mixin.py:151} INFO - #False
[2024-01-20T23:07:38.097+0000] {logging_mixin.py:151} INFO - #False
[2024-01-20T23:07:38.098+0000] {logging_mixin.py:151} INFO - #False
[2024-01-20T23:07:38.099+0000] {logging_mixin.py:151} INFO - #False
[2024-01-20T23:07:38.099+0000] {logging_mixin.py:151} INFO - #False
[2024-01-20T23:07:38.100+0000] {logging_mixin.py:151} INFO - #False
[2024-01-20T23:07:38.100+0000] {logging_mixin.py:151} INFO - #False
[2024-01-20T23:07:38.101+0000] {logging_mixin.py:151} INFO - #False
[2024-01-20T23:07:38.101+0000] {logging_mixin.py:151} INFO - #False
[2024-01-20T23:07:38.102+0000] {logging_mixin.py:151} INFO - #False
[2024-01-20T23:07:38.102+0000] {logging_mixin.py:151} INFO - #False
[2024-01-20T23:07:38.103+0000] {logging_mixin.py:151} INFO - #False
[2024-01-20T23:07:38.103+0000] {logging_mixin.py:151} INFO - #False
[2024-01-20T23:07:38.104+0000] {logging_mixin.py:151} INFO - #False
[2024-01-20T23:07:38.104+0000] {logging_mixin.py:151} INFO - #False
[2024-01-20T23:07:38.105+0000] {logging_mixin.py:151} INFO - #False
[2024-01-20T23:07:38.105+0000] {logging_mixin.py:151} INFO - #False
[2024-01-20T23:07:38.106+0000] {conn.py:919} INFO - <BrokerConnection node_id=1 host=broker:29092 <connected> [IPv4 ('172.19.0.8', 29092)]>: Closing connection. 
[2024-01-20T23:07:38.107+0000] {python.py:194} INFO - Done. Returned value was: None
[2024-01-20T23:07:38.117+0000] {taskinstance.py:1400} INFO - Marking task as SUCCESS. dag_id=Kafka_Producer_2, task_id=Reddit, execution_date=20240120T230521, start_date=20240120T230731, end_date=20240120T230738
[2024-01-20T23:07:38.146+0000] {local_task_job_runner.py:228} INFO - Task exited with return code 0
[2024-01-20T23:07:38.164+0000] {taskinstance.py:2784} INFO - 0 downstream tasks scheduled from follow-on schedule check
