[2024-01-17T22:36:59.291+0000] {taskinstance.py:1159} INFO - Dependencies all met for dep_context=non-requeueable deps ti=<TaskInstance: Stream_Data_4.Reddit scheduled__2024-01-17T22:34:30.990390+00:00 [queued]>
[2024-01-17T22:36:59.297+0000] {taskinstance.py:1159} INFO - Dependencies all met for dep_context=requeueable deps ti=<TaskInstance: Stream_Data_4.Reddit scheduled__2024-01-17T22:34:30.990390+00:00 [queued]>
[2024-01-17T22:36:59.297+0000] {taskinstance.py:1361} INFO - Starting attempt 1 of 1
[2024-01-17T22:36:59.309+0000] {taskinstance.py:1382} INFO - Executing <Task(PythonOperator): Reddit> on 2024-01-17 22:34:30.990390+00:00
[2024-01-17T22:36:59.314+0000] {standard_task_runner.py:57} INFO - Started process 7137 to run task
[2024-01-17T22:36:59.316+0000] {standard_task_runner.py:84} INFO - Running: ['***', 'tasks', 'run', 'Stream_Data_4', 'Reddit', 'scheduled__2024-01-17T22:34:30.990390+00:00', '--job-id', '1082', '--raw', '--subdir', 'DAGS_FOLDER/kafka_stream_4.py', '--cfg-path', '/tmp/tmp6xwf3g5f']
[2024-01-17T22:36:59.318+0000] {standard_task_runner.py:85} INFO - Job 1082: Subtask Reddit
[2024-01-17T22:36:59.363+0000] {task_command.py:415} INFO - Running <TaskInstance: Stream_Data_4.Reddit scheduled__2024-01-17T22:34:30.990390+00:00 [running]> on host 614a419ad930
[2024-01-17T22:36:59.441+0000] {taskinstance.py:1660} INFO - Exporting env vars: AIRFLOW_CTX_DAG_OWNER='me' AIRFLOW_CTX_DAG_ID='Stream_Data_4' AIRFLOW_CTX_TASK_ID='Reddit' AIRFLOW_CTX_EXECUTION_DATE='2024-01-17T22:34:30.990390+00:00' AIRFLOW_CTX_TRY_NUMBER='1' AIRFLOW_CTX_DAG_RUN_ID='scheduled__2024-01-17T22:34:30.990390+00:00'
[2024-01-17T22:36:59.472+0000] {logging_mixin.py:151} INFO -  submission : 
[2024-01-17T22:37:00.612+0000] {logging_mixin.py:151} INFO - @True
[2024-01-17T22:37:00.614+0000] {conn.py:380} INFO - <BrokerConnection node_id=bootstrap-0 host=broker:29092 <connecting> [IPv4 ('192.168.224.8', 29092)]>: connecting to broker:29092 [('192.168.224.8', 29092) IPv4]
[2024-01-17T22:37:00.614+0000] {conn.py:1205} INFO - Probing node bootstrap-0 broker version
[2024-01-17T22:37:00.615+0000] {conn.py:410} INFO - <BrokerConnection node_id=bootstrap-0 host=broker:29092 <connecting> [IPv4 ('192.168.224.8', 29092)]>: Connection complete.
[2024-01-17T22:37:00.720+0000] {conn.py:1267} INFO - Broker version identified as 2.5.0
[2024-01-17T22:37:00.720+0000] {conn.py:1268} INFO - Set configuration api_version=(2, 5, 0) to skip auto check_version requests on startup
[2024-01-17T22:37:00.727+0000] {logging_mixin.py:151} INFO - @True
[2024-01-17T22:37:00.729+0000] {conn.py:380} INFO - <BrokerConnection node_id=1 host=broker:29092 <connecting> [IPv4 ('192.168.224.8', 29092)]>: connecting to broker:29092 [('192.168.224.8', 29092) IPv4]
[2024-01-17T22:37:00.729+0000] {conn.py:410} INFO - <BrokerConnection node_id=1 host=broker:29092 <connecting> [IPv4 ('192.168.224.8', 29092)]>: Connection complete.
[2024-01-17T22:37:00.730+0000] {conn.py:919} INFO - <BrokerConnection node_id=bootstrap-0 host=broker:29092 <connected> [IPv4 ('192.168.224.8', 29092)]>: Closing connection. 
[2024-01-17T22:37:00.730+0000] {conn.py:380} INFO - <BrokerConnection node_id=bootstrap-0 host=broker:29092 <connecting> [IPv4 ('192.168.224.8', 29092)]>: connecting to broker:29092 [('192.168.224.8', 29092) IPv4]
[2024-01-17T22:37:00.730+0000] {conn.py:1205} INFO - Probing node bootstrap-0 broker version
[2024-01-17T22:37:00.732+0000] {conn.py:410} INFO - <BrokerConnection node_id=bootstrap-0 host=broker:29092 <connecting> [IPv4 ('192.168.224.8', 29092)]>: Connection complete.
[2024-01-17T22:37:00.835+0000] {conn.py:1267} INFO - Broker version identified as 2.5.0
[2024-01-17T22:37:00.835+0000] {conn.py:1268} INFO - Set configuration api_version=(2, 5, 0) to skip auto check_version requests on startup
[2024-01-17T22:37:00.922+0000] {conn.py:919} INFO - <BrokerConnection node_id=1 host=broker:29092 <connected> [IPv4 ('192.168.224.8', 29092)]>: Closing connection. 
[2024-01-17T22:37:00.927+0000] {logging_mixin.py:151} INFO - #False
[2024-01-17T22:37:00.928+0000] {logging_mixin.py:151} INFO - #False
[2024-01-17T22:37:00.928+0000] {logging_mixin.py:151} INFO - #False
[2024-01-17T22:37:00.928+0000] {logging_mixin.py:151} INFO - #False
[2024-01-17T22:37:00.928+0000] {logging_mixin.py:151} INFO - #False
[2024-01-17T22:37:00.929+0000] {logging_mixin.py:151} INFO - #False
[2024-01-17T22:37:00.929+0000] {logging_mixin.py:151} INFO - #False
[2024-01-17T22:37:00.929+0000] {logging_mixin.py:151} INFO - #False
[2024-01-17T22:37:00.929+0000] {logging_mixin.py:151} INFO - #False
[2024-01-17T22:37:00.929+0000] {logging_mixin.py:151} INFO - #False
[2024-01-17T22:37:00.929+0000] {logging_mixin.py:151} INFO - #False
[2024-01-17T22:37:00.929+0000] {logging_mixin.py:151} INFO - #False
[2024-01-17T22:37:00.930+0000] {logging_mixin.py:151} INFO - #False
[2024-01-17T22:37:00.930+0000] {logging_mixin.py:151} INFO - #False
[2024-01-17T22:37:00.930+0000] {logging_mixin.py:151} INFO - #False
[2024-01-17T22:37:00.930+0000] {logging_mixin.py:151} INFO - #False
[2024-01-17T22:37:00.930+0000] {logging_mixin.py:151} INFO - #False
[2024-01-17T22:37:00.930+0000] {logging_mixin.py:151} INFO - #False
[2024-01-17T22:37:00.930+0000] {logging_mixin.py:151} INFO - #False
[2024-01-17T22:37:00.930+0000] {logging_mixin.py:151} INFO - #False
[2024-01-17T22:37:00.931+0000] {logging_mixin.py:151} INFO - #False
[2024-01-17T22:37:00.931+0000] {logging_mixin.py:151} INFO - #False
[2024-01-17T22:37:00.931+0000] {logging_mixin.py:151} INFO - #False
[2024-01-17T22:37:00.931+0000] {logging_mixin.py:151} INFO - #False
[2024-01-17T22:37:00.931+0000] {logging_mixin.py:151} INFO - #False
[2024-01-17T22:37:00.931+0000] {logging_mixin.py:151} INFO - #False
[2024-01-17T22:37:00.931+0000] {logging_mixin.py:151} INFO - #False
[2024-01-17T22:37:00.932+0000] {logging_mixin.py:151} INFO - #False
[2024-01-17T22:37:00.932+0000] {logging_mixin.py:151} INFO -  submission : 
[2024-01-17T22:37:00.933+0000] {conn.py:380} INFO - <BrokerConnection node_id=1 host=broker:29092 <connecting> [IPv4 ('192.168.224.8', 29092)]>: connecting to broker:29092 [('192.168.224.8', 29092) IPv4]
[2024-01-17T22:37:00.935+0000] {conn.py:410} INFO - <BrokerConnection node_id=1 host=broker:29092 <connecting> [IPv4 ('192.168.224.8', 29092)]>: Connection complete.
[2024-01-17T22:37:00.935+0000] {conn.py:919} INFO - <BrokerConnection node_id=bootstrap-0 host=broker:29092 <connected> [IPv4 ('192.168.224.8', 29092)]>: Closing connection. 
[2024-01-17T22:37:01.516+0000] {logging_mixin.py:151} INFO - #False
[2024-01-17T22:37:01.516+0000] {logging_mixin.py:151} INFO - #False
[2024-01-17T22:37:01.516+0000] {logging_mixin.py:151} INFO - #False
[2024-01-17T22:37:01.516+0000] {logging_mixin.py:151} INFO - #False
[2024-01-17T22:37:01.517+0000] {logging_mixin.py:151} INFO - #False
[2024-01-17T22:37:01.517+0000] {logging_mixin.py:151} INFO - #False
[2024-01-17T22:37:01.517+0000] {logging_mixin.py:151} INFO - #False
[2024-01-17T22:37:01.517+0000] {logging_mixin.py:151} INFO - #False
[2024-01-17T22:37:01.517+0000] {logging_mixin.py:151} INFO - #False
[2024-01-17T22:37:01.517+0000] {logging_mixin.py:151} INFO - #False
[2024-01-17T22:37:01.517+0000] {logging_mixin.py:151} INFO - #False
[2024-01-17T22:37:01.517+0000] {logging_mixin.py:151} INFO - #False
[2024-01-17T22:37:01.517+0000] {logging_mixin.py:151} INFO - #False
[2024-01-17T22:37:01.517+0000] {logging_mixin.py:151} INFO - #False
[2024-01-17T22:37:01.517+0000] {logging_mixin.py:151} INFO - #False
[2024-01-17T22:37:01.517+0000] {logging_mixin.py:151} INFO - #False
[2024-01-17T22:37:01.517+0000] {logging_mixin.py:151} INFO - #False
[2024-01-17T22:37:01.517+0000] {logging_mixin.py:151} INFO - #False
[2024-01-17T22:37:01.518+0000] {logging_mixin.py:151} INFO - #False
[2024-01-17T22:37:01.518+0000] {logging_mixin.py:151} INFO - #False
[2024-01-17T22:37:01.518+0000] {logging_mixin.py:151} INFO - #False
[2024-01-17T22:37:01.518+0000] {logging_mixin.py:151} INFO - #False
[2024-01-17T22:37:01.518+0000] {logging_mixin.py:151} INFO - #False
[2024-01-17T22:37:01.518+0000] {logging_mixin.py:151} INFO - #False
[2024-01-17T22:37:01.518+0000] {logging_mixin.py:151} INFO - #False
[2024-01-17T22:37:01.518+0000] {logging_mixin.py:151} INFO - #False
[2024-01-17T22:37:01.518+0000] {logging_mixin.py:151} INFO - #False
[2024-01-17T22:37:01.518+0000] {logging_mixin.py:151} INFO - #False
[2024-01-17T22:37:01.518+0000] {logging_mixin.py:151} INFO - #False
[2024-01-17T22:37:01.518+0000] {logging_mixin.py:151} INFO - #False
[2024-01-17T22:37:01.518+0000] {logging_mixin.py:151} INFO -  submission : 
[2024-01-17T22:37:02.245+0000] {logging_mixin.py:151} INFO - @True
[2024-01-17T22:37:02.246+0000] {conn.py:380} INFO - <BrokerConnection node_id=bootstrap-0 host=broker:29092 <connecting> [IPv4 ('192.168.224.8', 29092)]>: connecting to broker:29092 [('192.168.224.8', 29092) IPv4]
[2024-01-17T22:37:02.247+0000] {conn.py:1205} INFO - Probing node bootstrap-0 broker version
[2024-01-17T22:37:02.248+0000] {conn.py:410} INFO - <BrokerConnection node_id=bootstrap-0 host=broker:29092 <connecting> [IPv4 ('192.168.224.8', 29092)]>: Connection complete.
[2024-01-17T22:37:02.351+0000] {conn.py:1267} INFO - Broker version identified as 2.5.0
[2024-01-17T22:37:02.351+0000] {conn.py:1268} INFO - Set configuration api_version=(2, 5, 0) to skip auto check_version requests on startup
[2024-01-17T22:37:02.354+0000] {conn.py:919} INFO - <BrokerConnection node_id=1 host=broker:29092 <connected> [IPv4 ('192.168.224.8', 29092)]>: Closing connection. 
[2024-01-17T22:37:02.355+0000] {logging_mixin.py:151} INFO - #False
[2024-01-17T22:37:02.356+0000] {logging_mixin.py:151} INFO - #False
[2024-01-17T22:37:02.356+0000] {logging_mixin.py:151} INFO - #False
[2024-01-17T22:37:02.356+0000] {logging_mixin.py:151} INFO - #False
[2024-01-17T22:37:02.356+0000] {logging_mixin.py:151} INFO - #False
[2024-01-17T22:37:02.356+0000] {logging_mixin.py:151} INFO - #False
[2024-01-17T22:37:02.356+0000] {logging_mixin.py:151} INFO - #False
[2024-01-17T22:37:02.356+0000] {logging_mixin.py:151} INFO - #False
[2024-01-17T22:37:02.356+0000] {logging_mixin.py:151} INFO - #False
[2024-01-17T22:37:02.357+0000] {logging_mixin.py:151} INFO - #False
[2024-01-17T22:37:02.357+0000] {logging_mixin.py:151} INFO - #False
[2024-01-17T22:37:02.357+0000] {conn.py:380} INFO - <BrokerConnection node_id=1 host=broker:29092 <connecting> [IPv4 ('192.168.224.8', 29092)]>: connecting to broker:29092 [('192.168.224.8', 29092) IPv4]
[2024-01-17T22:37:02.357+0000] {logging_mixin.py:151} INFO - #False
[2024-01-17T22:37:02.358+0000] {conn.py:410} INFO - <BrokerConnection node_id=1 host=broker:29092 <connecting> [IPv4 ('192.168.224.8', 29092)]>: Connection complete.
[2024-01-17T22:37:02.358+0000] {logging_mixin.py:151} INFO - #False
[2024-01-17T22:37:02.358+0000] {conn.py:919} INFO - <BrokerConnection node_id=bootstrap-0 host=broker:29092 <connected> [IPv4 ('192.168.224.8', 29092)]>: Closing connection. 
[2024-01-17T22:37:02.358+0000] {logging_mixin.py:151} INFO - #False
[2024-01-17T22:37:02.359+0000] {logging_mixin.py:151} INFO - #False
[2024-01-17T22:37:02.359+0000] {logging_mixin.py:151} INFO - #False
[2024-01-17T22:37:02.359+0000] {logging_mixin.py:151} INFO - #False
[2024-01-17T22:37:02.360+0000] {logging_mixin.py:151} INFO - #False
[2024-01-17T22:37:02.360+0000] {logging_mixin.py:151} INFO - #False
[2024-01-17T22:37:02.361+0000] {logging_mixin.py:151} INFO - #False
[2024-01-17T22:37:02.361+0000] {logging_mixin.py:151} INFO - #False
[2024-01-17T22:37:02.361+0000] {logging_mixin.py:151} INFO - #False
[2024-01-17T22:37:02.361+0000] {logging_mixin.py:151} INFO - #False
[2024-01-17T22:37:02.361+0000] {logging_mixin.py:151} INFO - #False
[2024-01-17T22:37:02.362+0000] {logging_mixin.py:151} INFO - #False
[2024-01-17T22:37:02.362+0000] {logging_mixin.py:151} INFO - #False
[2024-01-17T22:37:02.362+0000] {logging_mixin.py:151} INFO - #False
[2024-01-17T22:37:02.362+0000] {logging_mixin.py:151} INFO - #False
[2024-01-17T22:37:02.362+0000] {logging_mixin.py:151} INFO - #False
[2024-01-17T22:37:02.362+0000] {logging_mixin.py:151} INFO -  submission : 
[2024-01-17T22:37:02.752+0000] {logging_mixin.py:151} INFO - #False
[2024-01-17T22:37:02.753+0000] {logging_mixin.py:151} INFO - #False
[2024-01-17T22:37:02.753+0000] {logging_mixin.py:151} INFO - #False
[2024-01-17T22:37:02.753+0000] {logging_mixin.py:151} INFO - #False
[2024-01-17T22:37:02.753+0000] {logging_mixin.py:151} INFO - #False
[2024-01-17T22:37:02.753+0000] {logging_mixin.py:151} INFO - #False
[2024-01-17T22:37:02.753+0000] {logging_mixin.py:151} INFO - #False
[2024-01-17T22:37:02.754+0000] {logging_mixin.py:151} INFO - #False
[2024-01-17T22:37:02.754+0000] {logging_mixin.py:151} INFO - #False
[2024-01-17T22:37:02.754+0000] {logging_mixin.py:151} INFO - #False
[2024-01-17T22:37:02.754+0000] {logging_mixin.py:151} INFO - #False
[2024-01-17T22:37:02.754+0000] {logging_mixin.py:151} INFO - #False
[2024-01-17T22:37:02.754+0000] {logging_mixin.py:151} INFO - #False
[2024-01-17T22:37:02.754+0000] {logging_mixin.py:151} INFO - #False
[2024-01-17T22:37:02.754+0000] {logging_mixin.py:151} INFO - #False
[2024-01-17T22:37:02.754+0000] {logging_mixin.py:151} INFO - #False
[2024-01-17T22:37:02.755+0000] {logging_mixin.py:151} INFO - #False
[2024-01-17T22:37:02.755+0000] {logging_mixin.py:151} INFO - #False
[2024-01-17T22:37:02.755+0000] {logging_mixin.py:151} INFO - #False
[2024-01-17T22:37:02.755+0000] {logging_mixin.py:151} INFO - #False
[2024-01-17T22:37:02.755+0000] {logging_mixin.py:151} INFO - #False
[2024-01-17T22:37:02.755+0000] {logging_mixin.py:151} INFO - #False
[2024-01-17T22:37:02.755+0000] {logging_mixin.py:151} INFO - #False
[2024-01-17T22:37:02.755+0000] {logging_mixin.py:151} INFO - #False
[2024-01-17T22:37:02.755+0000] {logging_mixin.py:151} INFO - #False
[2024-01-17T22:37:02.756+0000] {logging_mixin.py:151} INFO - #False
[2024-01-17T22:37:02.757+0000] {logging_mixin.py:151} INFO - #False
[2024-01-17T22:37:02.757+0000] {logging_mixin.py:151} INFO - #False
[2024-01-17T22:37:02.757+0000] {logging_mixin.py:151} INFO - #False
[2024-01-17T22:37:02.758+0000] {logging_mixin.py:151} INFO - #False
[2024-01-17T22:37:02.758+0000] {logging_mixin.py:151} INFO -  submission : 
[2024-01-17T22:37:03.150+0000] {logging_mixin.py:151} INFO - #False
[2024-01-17T22:37:03.151+0000] {logging_mixin.py:151} INFO - #False
[2024-01-17T22:37:03.151+0000] {logging_mixin.py:151} INFO - #False
[2024-01-17T22:37:03.151+0000] {logging_mixin.py:151} INFO - #False
[2024-01-17T22:37:03.151+0000] {logging_mixin.py:151} INFO - #False
[2024-01-17T22:37:03.151+0000] {logging_mixin.py:151} INFO - #False
[2024-01-17T22:37:03.151+0000] {logging_mixin.py:151} INFO - #False
[2024-01-17T22:37:03.151+0000] {logging_mixin.py:151} INFO - #False
[2024-01-17T22:37:03.151+0000] {logging_mixin.py:151} INFO - #False
[2024-01-17T22:37:03.151+0000] {logging_mixin.py:151} INFO - #False
[2024-01-17T22:37:03.151+0000] {logging_mixin.py:151} INFO - #False
[2024-01-17T22:37:03.151+0000] {logging_mixin.py:151} INFO - #False
[2024-01-17T22:37:03.151+0000] {logging_mixin.py:151} INFO - #False
[2024-01-17T22:37:03.151+0000] {logging_mixin.py:151} INFO - #False
[2024-01-17T22:37:03.151+0000] {logging_mixin.py:151} INFO - #False
[2024-01-17T22:37:03.151+0000] {logging_mixin.py:151} INFO - #False
[2024-01-17T22:37:03.151+0000] {logging_mixin.py:151} INFO - #False
[2024-01-17T22:37:03.152+0000] {logging_mixin.py:151} INFO - #False
[2024-01-17T22:37:03.152+0000] {logging_mixin.py:151} INFO - #False
[2024-01-17T22:37:03.152+0000] {logging_mixin.py:151} INFO - #False
[2024-01-17T22:37:03.152+0000] {logging_mixin.py:151} INFO - #False
[2024-01-17T22:37:03.152+0000] {logging_mixin.py:151} INFO - #False
[2024-01-17T22:37:03.152+0000] {logging_mixin.py:151} INFO - #False
[2024-01-17T22:37:03.152+0000] {logging_mixin.py:151} INFO - #False
[2024-01-17T22:37:03.152+0000] {logging_mixin.py:151} INFO - #False
[2024-01-17T22:37:03.152+0000] {logging_mixin.py:151} INFO - #False
[2024-01-17T22:37:03.152+0000] {logging_mixin.py:151} INFO - #False
[2024-01-17T22:37:03.152+0000] {logging_mixin.py:151} INFO - #False
[2024-01-17T22:37:03.152+0000] {logging_mixin.py:151} INFO - #False
[2024-01-17T22:37:03.152+0000] {logging_mixin.py:151} INFO - #False
[2024-01-17T22:37:03.152+0000] {logging_mixin.py:151} INFO -  submission : 
[2024-01-17T22:37:03.859+0000] {logging_mixin.py:151} INFO - #False
[2024-01-17T22:37:03.859+0000] {logging_mixin.py:151} INFO - #False
[2024-01-17T22:37:03.859+0000] {logging_mixin.py:151} INFO - #False
[2024-01-17T22:37:03.859+0000] {logging_mixin.py:151} INFO - #False
[2024-01-17T22:37:03.859+0000] {logging_mixin.py:151} INFO - #False
[2024-01-17T22:37:03.860+0000] {logging_mixin.py:151} INFO - #False
[2024-01-17T22:37:03.860+0000] {logging_mixin.py:151} INFO - #False
[2024-01-17T22:37:03.860+0000] {logging_mixin.py:151} INFO - #False
[2024-01-17T22:37:03.860+0000] {logging_mixin.py:151} INFO - #False
[2024-01-17T22:37:03.860+0000] {logging_mixin.py:151} INFO - #False
[2024-01-17T22:37:03.860+0000] {logging_mixin.py:151} INFO - #False
[2024-01-17T22:37:03.860+0000] {logging_mixin.py:151} INFO - #False
[2024-01-17T22:37:03.860+0000] {logging_mixin.py:151} INFO - #False
[2024-01-17T22:37:03.860+0000] {logging_mixin.py:151} INFO - #False
[2024-01-17T22:37:03.860+0000] {logging_mixin.py:151} INFO - #False
[2024-01-17T22:37:03.860+0000] {logging_mixin.py:151} INFO - #False
[2024-01-17T22:37:03.860+0000] {logging_mixin.py:151} INFO - #False
[2024-01-17T22:37:03.860+0000] {logging_mixin.py:151} INFO - #False
[2024-01-17T22:37:03.861+0000] {logging_mixin.py:151} INFO - #False
[2024-01-17T22:37:03.861+0000] {logging_mixin.py:151} INFO - #False
[2024-01-17T22:37:03.861+0000] {logging_mixin.py:151} INFO - #False
[2024-01-17T22:37:03.861+0000] {logging_mixin.py:151} INFO - #False
[2024-01-17T22:37:03.861+0000] {logging_mixin.py:151} INFO - #False
[2024-01-17T22:37:03.861+0000] {logging_mixin.py:151} INFO - #False
[2024-01-17T22:37:03.861+0000] {logging_mixin.py:151} INFO - #False
[2024-01-17T22:37:03.861+0000] {logging_mixin.py:151} INFO - #False
[2024-01-17T22:37:03.861+0000] {logging_mixin.py:151} INFO - #False
[2024-01-17T22:37:03.861+0000] {logging_mixin.py:151} INFO - #False
[2024-01-17T22:37:03.861+0000] {logging_mixin.py:151} INFO - #False
[2024-01-17T22:37:03.861+0000] {logging_mixin.py:151} INFO - #False
[2024-01-17T22:37:03.861+0000] {logging_mixin.py:151} INFO -  submission : 
[2024-01-17T22:37:04.448+0000] {logging_mixin.py:151} INFO - #False
[2024-01-17T22:37:04.449+0000] {logging_mixin.py:151} INFO - #False
[2024-01-17T22:37:04.449+0000] {logging_mixin.py:151} INFO - #False
[2024-01-17T22:37:04.449+0000] {logging_mixin.py:151} INFO - #False
[2024-01-17T22:37:04.449+0000] {logging_mixin.py:151} INFO - #False
[2024-01-17T22:37:04.449+0000] {logging_mixin.py:151} INFO - #False
[2024-01-17T22:37:04.449+0000] {logging_mixin.py:151} INFO - #False
[2024-01-17T22:37:04.449+0000] {logging_mixin.py:151} INFO - #False
[2024-01-17T22:37:04.449+0000] {logging_mixin.py:151} INFO - #False
[2024-01-17T22:37:04.449+0000] {logging_mixin.py:151} INFO - #False
[2024-01-17T22:37:04.449+0000] {logging_mixin.py:151} INFO - #False
[2024-01-17T22:37:04.449+0000] {logging_mixin.py:151} INFO - #False
[2024-01-17T22:37:04.449+0000] {logging_mixin.py:151} INFO - #False
[2024-01-17T22:37:04.449+0000] {logging_mixin.py:151} INFO - #False
[2024-01-17T22:37:04.449+0000] {logging_mixin.py:151} INFO - #False
[2024-01-17T22:37:04.450+0000] {logging_mixin.py:151} INFO - #False
[2024-01-17T22:37:04.450+0000] {logging_mixin.py:151} INFO - #False
[2024-01-17T22:37:04.450+0000] {logging_mixin.py:151} INFO - #False
[2024-01-17T22:37:04.450+0000] {logging_mixin.py:151} INFO - #False
[2024-01-17T22:37:04.450+0000] {logging_mixin.py:151} INFO - #False
[2024-01-17T22:37:04.450+0000] {logging_mixin.py:151} INFO - #False
[2024-01-17T22:37:04.450+0000] {logging_mixin.py:151} INFO - #False
[2024-01-17T22:37:04.450+0000] {logging_mixin.py:151} INFO - #False
[2024-01-17T22:37:04.450+0000] {logging_mixin.py:151} INFO - #False
[2024-01-17T22:37:04.450+0000] {logging_mixin.py:151} INFO - #False
[2024-01-17T22:37:04.450+0000] {logging_mixin.py:151} INFO - #False
[2024-01-17T22:37:04.450+0000] {logging_mixin.py:151} INFO - #False
[2024-01-17T22:37:04.450+0000] {logging_mixin.py:151} INFO - #False
[2024-01-17T22:37:04.450+0000] {logging_mixin.py:151} INFO - #False
[2024-01-17T22:37:04.450+0000] {logging_mixin.py:151} INFO - #False
[2024-01-17T22:37:04.451+0000] {logging_mixin.py:151} INFO -  submission : 
[2024-01-17T22:37:04.891+0000] {logging_mixin.py:151} INFO - #False
[2024-01-17T22:37:04.891+0000] {logging_mixin.py:151} INFO - #False
[2024-01-17T22:37:04.892+0000] {logging_mixin.py:151} INFO - #False
[2024-01-17T22:37:04.892+0000] {logging_mixin.py:151} INFO - #False
[2024-01-17T22:37:04.892+0000] {logging_mixin.py:151} INFO - #False
[2024-01-17T22:37:04.892+0000] {logging_mixin.py:151} INFO - #False
[2024-01-17T22:37:04.892+0000] {logging_mixin.py:151} INFO - #False
[2024-01-17T22:37:04.892+0000] {logging_mixin.py:151} INFO - #False
[2024-01-17T22:37:04.892+0000] {logging_mixin.py:151} INFO - #False
[2024-01-17T22:37:04.892+0000] {logging_mixin.py:151} INFO - #False
[2024-01-17T22:37:04.892+0000] {logging_mixin.py:151} INFO - #False
[2024-01-17T22:37:04.892+0000] {logging_mixin.py:151} INFO - #False
[2024-01-17T22:37:04.892+0000] {logging_mixin.py:151} INFO - #False
[2024-01-17T22:37:04.892+0000] {logging_mixin.py:151} INFO - #False
[2024-01-17T22:37:04.892+0000] {logging_mixin.py:151} INFO - #False
[2024-01-17T22:37:04.893+0000] {logging_mixin.py:151} INFO - #False
[2024-01-17T22:37:04.893+0000] {logging_mixin.py:151} INFO - #False
[2024-01-17T22:37:04.893+0000] {logging_mixin.py:151} INFO - #False
[2024-01-17T22:37:04.893+0000] {logging_mixin.py:151} INFO - #False
[2024-01-17T22:37:04.893+0000] {logging_mixin.py:151} INFO - #False
[2024-01-17T22:37:04.893+0000] {logging_mixin.py:151} INFO - #False
[2024-01-17T22:37:04.893+0000] {logging_mixin.py:151} INFO - #False
[2024-01-17T22:37:04.893+0000] {logging_mixin.py:151} INFO - #False
[2024-01-17T22:37:04.893+0000] {logging_mixin.py:151} INFO - #False
[2024-01-17T22:37:04.893+0000] {logging_mixin.py:151} INFO - #False
[2024-01-17T22:37:04.893+0000] {logging_mixin.py:151} INFO - #False
[2024-01-17T22:37:04.893+0000] {logging_mixin.py:151} INFO - #False
[2024-01-17T22:37:04.893+0000] {logging_mixin.py:151} INFO - #False
[2024-01-17T22:37:04.893+0000] {logging_mixin.py:151} INFO - #False
[2024-01-17T22:37:04.894+0000] {logging_mixin.py:151} INFO - #False
[2024-01-17T22:37:04.894+0000] {conn.py:919} INFO - <BrokerConnection node_id=1 host=broker:29092 <connected> [IPv4 ('192.168.224.8', 29092)]>: Closing connection. 
[2024-01-17T22:37:04.895+0000] {python.py:194} INFO - Done. Returned value was: None
[2024-01-17T22:37:04.904+0000] {taskinstance.py:1400} INFO - Marking task as SUCCESS. dag_id=Stream_Data_4, task_id=Reddit, execution_date=20240117T223430, start_date=20240117T223659, end_date=20240117T223704
[2024-01-17T22:37:04.925+0000] {local_task_job_runner.py:228} INFO - Task exited with return code 0
[2024-01-17T22:37:04.941+0000] {taskinstance.py:2784} INFO - 0 downstream tasks scheduled from follow-on schedule check
