[2024-01-17T04:55:59.682+0000] {taskinstance.py:1159} INFO - Dependencies all met for dep_context=non-requeueable deps ti=<TaskInstance: Stream_3.Reddit scheduled__2024-01-17T04:52:54.462582+00:00 [queued]>
[2024-01-17T04:55:59.687+0000] {taskinstance.py:1159} INFO - Dependencies all met for dep_context=requeueable deps ti=<TaskInstance: Stream_3.Reddit scheduled__2024-01-17T04:52:54.462582+00:00 [queued]>
[2024-01-17T04:55:59.688+0000] {taskinstance.py:1361} INFO - Starting attempt 1 of 1
[2024-01-17T04:55:59.697+0000] {taskinstance.py:1382} INFO - Executing <Task(PythonOperator): Reddit> on 2024-01-17 04:52:54.462582+00:00
[2024-01-17T04:55:59.701+0000] {standard_task_runner.py:57} INFO - Started process 24072 to run task
[2024-01-17T04:55:59.703+0000] {standard_task_runner.py:84} INFO - Running: ['***', 'tasks', 'run', 'Stream_3', 'Reddit', 'scheduled__2024-01-17T04:52:54.462582+00:00', '--job-id', '230', '--raw', '--subdir', 'DAGS_FOLDER/kafka_stream_3.py', '--cfg-path', '/tmp/tmp9rzk2vnv']
[2024-01-17T04:55:59.704+0000] {standard_task_runner.py:85} INFO - Job 230: Subtask Reddit
[2024-01-17T04:55:59.742+0000] {task_command.py:415} INFO - Running <TaskInstance: Stream_3.Reddit scheduled__2024-01-17T04:52:54.462582+00:00 [running]> on host 614a419ad930
[2024-01-17T04:55:59.801+0000] {taskinstance.py:1660} INFO - Exporting env vars: AIRFLOW_CTX_DAG_OWNER='me' AIRFLOW_CTX_DAG_ID='Stream_3' AIRFLOW_CTX_TASK_ID='Reddit' AIRFLOW_CTX_EXECUTION_DATE='2024-01-17T04:52:54.462582+00:00' AIRFLOW_CTX_TRY_NUMBER='1' AIRFLOW_CTX_DAG_RUN_ID='scheduled__2024-01-17T04:52:54.462582+00:00'
[2024-01-17T04:55:59.826+0000] {logging_mixin.py:151} INFO -  submission : 
[2024-01-17T04:56:00.698+0000] {logging_mixin.py:151} INFO - #False
[2024-01-17T04:56:00.699+0000] {logging_mixin.py:151} INFO - #False
[2024-01-17T04:56:00.699+0000] {logging_mixin.py:151} INFO - #False
[2024-01-17T04:56:00.699+0000] {logging_mixin.py:151} INFO - #False
[2024-01-17T04:56:00.699+0000] {logging_mixin.py:151} INFO - #False
[2024-01-17T04:56:00.699+0000] {logging_mixin.py:151} INFO - #False
[2024-01-17T04:56:00.699+0000] {logging_mixin.py:151} INFO - #False
[2024-01-17T04:56:00.699+0000] {logging_mixin.py:151} INFO - #False
[2024-01-17T04:56:00.699+0000] {logging_mixin.py:151} INFO - #False
[2024-01-17T04:56:00.699+0000] {logging_mixin.py:151} INFO - #False
[2024-01-17T04:56:00.699+0000] {logging_mixin.py:151} INFO - #False
[2024-01-17T04:56:00.699+0000] {logging_mixin.py:151} INFO - #False
[2024-01-17T04:56:00.699+0000] {logging_mixin.py:151} INFO - #False
[2024-01-17T04:56:00.699+0000] {logging_mixin.py:151} INFO - #False
[2024-01-17T04:56:00.699+0000] {logging_mixin.py:151} INFO - #False
[2024-01-17T04:56:00.699+0000] {logging_mixin.py:151} INFO - #False
[2024-01-17T04:56:00.700+0000] {logging_mixin.py:151} INFO - #False
[2024-01-17T04:56:00.700+0000] {logging_mixin.py:151} INFO - #False
[2024-01-17T04:56:00.700+0000] {logging_mixin.py:151} INFO - #False
[2024-01-17T04:56:00.700+0000] {logging_mixin.py:151} INFO - #False
[2024-01-17T04:56:00.700+0000] {logging_mixin.py:151} INFO - #False
[2024-01-17T04:56:00.700+0000] {logging_mixin.py:151} INFO - #False
[2024-01-17T04:56:00.700+0000] {logging_mixin.py:151} INFO - #False
[2024-01-17T04:56:00.700+0000] {logging_mixin.py:151} INFO - #False
[2024-01-17T04:56:00.700+0000] {logging_mixin.py:151} INFO - #False
[2024-01-17T04:56:00.700+0000] {logging_mixin.py:151} INFO - #False
[2024-01-17T04:56:00.700+0000] {logging_mixin.py:151} INFO - #False
[2024-01-17T04:56:00.700+0000] {logging_mixin.py:151} INFO - #False
[2024-01-17T04:56:00.700+0000] {logging_mixin.py:151} INFO - #False
[2024-01-17T04:56:00.700+0000] {logging_mixin.py:151} INFO - #False
[2024-01-17T04:56:00.700+0000] {logging_mixin.py:151} INFO -  submission : 
[2024-01-17T04:56:01.375+0000] {logging_mixin.py:151} INFO - #False
[2024-01-17T04:56:01.375+0000] {logging_mixin.py:151} INFO - #False
[2024-01-17T04:56:01.376+0000] {logging_mixin.py:151} INFO - #False
[2024-01-17T04:56:01.376+0000] {logging_mixin.py:151} INFO - #False
[2024-01-17T04:56:01.376+0000] {logging_mixin.py:151} INFO - #False
[2024-01-17T04:56:01.376+0000] {logging_mixin.py:151} INFO - #False
[2024-01-17T04:56:01.376+0000] {logging_mixin.py:151} INFO - #False
[2024-01-17T04:56:01.376+0000] {logging_mixin.py:151} INFO - #False
[2024-01-17T04:56:01.376+0000] {logging_mixin.py:151} INFO - #False
[2024-01-17T04:56:01.376+0000] {logging_mixin.py:151} INFO - #False
[2024-01-17T04:56:01.376+0000] {logging_mixin.py:151} INFO - #False
[2024-01-17T04:56:01.376+0000] {logging_mixin.py:151} INFO - #False
[2024-01-17T04:56:01.376+0000] {logging_mixin.py:151} INFO - #False
[2024-01-17T04:56:01.376+0000] {logging_mixin.py:151} INFO - #False
[2024-01-17T04:56:01.376+0000] {logging_mixin.py:151} INFO - #False
[2024-01-17T04:56:01.376+0000] {logging_mixin.py:151} INFO - #False
[2024-01-17T04:56:01.376+0000] {logging_mixin.py:151} INFO - #False
[2024-01-17T04:56:01.376+0000] {logging_mixin.py:151} INFO - #False
[2024-01-17T04:56:01.376+0000] {logging_mixin.py:151} INFO - #False
[2024-01-17T04:56:01.376+0000] {logging_mixin.py:151} INFO - #False
[2024-01-17T04:56:01.376+0000] {logging_mixin.py:151} INFO - #False
[2024-01-17T04:56:01.377+0000] {logging_mixin.py:151} INFO - #False
[2024-01-17T04:56:01.377+0000] {logging_mixin.py:151} INFO - #False
[2024-01-17T04:56:01.377+0000] {logging_mixin.py:151} INFO - #False
[2024-01-17T04:56:01.377+0000] {logging_mixin.py:151} INFO - #False
[2024-01-17T04:56:01.377+0000] {logging_mixin.py:151} INFO - #False
[2024-01-17T04:56:01.377+0000] {logging_mixin.py:151} INFO - #False
[2024-01-17T04:56:01.377+0000] {logging_mixin.py:151} INFO - #False
[2024-01-17T04:56:01.377+0000] {logging_mixin.py:151} INFO - #False
[2024-01-17T04:56:01.377+0000] {logging_mixin.py:151} INFO - #False
[2024-01-17T04:56:01.377+0000] {logging_mixin.py:151} INFO -  submission : 
[2024-01-17T04:56:01.966+0000] {logging_mixin.py:151} INFO - #False
[2024-01-17T04:56:01.966+0000] {logging_mixin.py:151} INFO - #False
[2024-01-17T04:56:01.966+0000] {logging_mixin.py:151} INFO - #False
[2024-01-17T04:56:01.966+0000] {logging_mixin.py:151} INFO - #False
[2024-01-17T04:56:01.966+0000] {logging_mixin.py:151} INFO - #False
[2024-01-17T04:56:01.966+0000] {logging_mixin.py:151} INFO - #False
[2024-01-17T04:56:01.966+0000] {logging_mixin.py:151} INFO - #False
[2024-01-17T04:56:01.966+0000] {logging_mixin.py:151} INFO - #False
[2024-01-17T04:56:01.966+0000] {logging_mixin.py:151} INFO - #False
[2024-01-17T04:56:01.966+0000] {logging_mixin.py:151} INFO - #False
[2024-01-17T04:56:01.966+0000] {logging_mixin.py:151} INFO - #False
[2024-01-17T04:56:01.966+0000] {logging_mixin.py:151} INFO - #False
[2024-01-17T04:56:01.966+0000] {logging_mixin.py:151} INFO - #False
[2024-01-17T04:56:01.966+0000] {logging_mixin.py:151} INFO - #False
[2024-01-17T04:56:01.967+0000] {logging_mixin.py:151} INFO - #False
[2024-01-17T04:56:01.967+0000] {logging_mixin.py:151} INFO - #False
[2024-01-17T04:56:01.967+0000] {logging_mixin.py:151} INFO - #False
[2024-01-17T04:56:01.967+0000] {logging_mixin.py:151} INFO - #False
[2024-01-17T04:56:01.967+0000] {logging_mixin.py:151} INFO - #False
[2024-01-17T04:56:01.967+0000] {logging_mixin.py:151} INFO - #False
[2024-01-17T04:56:01.967+0000] {logging_mixin.py:151} INFO - #False
[2024-01-17T04:56:01.967+0000] {logging_mixin.py:151} INFO - #False
[2024-01-17T04:56:01.967+0000] {logging_mixin.py:151} INFO - #False
[2024-01-17T04:56:01.967+0000] {logging_mixin.py:151} INFO - #False
[2024-01-17T04:56:01.967+0000] {logging_mixin.py:151} INFO - #False
[2024-01-17T04:56:01.967+0000] {logging_mixin.py:151} INFO - #False
[2024-01-17T04:56:01.967+0000] {logging_mixin.py:151} INFO - #False
[2024-01-17T04:56:01.967+0000] {logging_mixin.py:151} INFO - #False
[2024-01-17T04:56:01.967+0000] {logging_mixin.py:151} INFO - #False
[2024-01-17T04:56:01.967+0000] {logging_mixin.py:151} INFO - #False
[2024-01-17T04:56:01.967+0000] {logging_mixin.py:151} INFO -  submission : 
[2024-01-17T04:56:02.441+0000] {logging_mixin.py:151} INFO - #False
[2024-01-17T04:56:02.441+0000] {logging_mixin.py:151} INFO - #False
[2024-01-17T04:56:02.441+0000] {logging_mixin.py:151} INFO - #False
[2024-01-17T04:56:02.441+0000] {logging_mixin.py:151} INFO - #False
[2024-01-17T04:56:02.441+0000] {logging_mixin.py:151} INFO - #False
[2024-01-17T04:56:02.441+0000] {logging_mixin.py:151} INFO - #False
[2024-01-17T04:56:02.441+0000] {logging_mixin.py:151} INFO - #False
[2024-01-17T04:56:02.441+0000] {logging_mixin.py:151} INFO - #False
[2024-01-17T04:56:02.441+0000] {logging_mixin.py:151} INFO - #False
[2024-01-17T04:56:02.441+0000] {logging_mixin.py:151} INFO - #False
[2024-01-17T04:56:02.441+0000] {logging_mixin.py:151} INFO - #False
[2024-01-17T04:56:02.441+0000] {logging_mixin.py:151} INFO - #False
[2024-01-17T04:56:02.441+0000] {logging_mixin.py:151} INFO - #False
[2024-01-17T04:56:02.441+0000] {logging_mixin.py:151} INFO - #False
[2024-01-17T04:56:02.441+0000] {logging_mixin.py:151} INFO - #False
[2024-01-17T04:56:02.441+0000] {logging_mixin.py:151} INFO - #False
[2024-01-17T04:56:02.442+0000] {logging_mixin.py:151} INFO - #False
[2024-01-17T04:56:02.442+0000] {logging_mixin.py:151} INFO - #False
[2024-01-17T04:56:02.442+0000] {logging_mixin.py:151} INFO - #False
[2024-01-17T04:56:02.442+0000] {logging_mixin.py:151} INFO - #False
[2024-01-17T04:56:02.442+0000] {logging_mixin.py:151} INFO - #False
[2024-01-17T04:56:02.442+0000] {logging_mixin.py:151} INFO - #False
[2024-01-17T04:56:02.442+0000] {logging_mixin.py:151} INFO - #False
[2024-01-17T04:56:02.442+0000] {logging_mixin.py:151} INFO - #False
[2024-01-17T04:56:02.442+0000] {logging_mixin.py:151} INFO - #False
[2024-01-17T04:56:02.442+0000] {logging_mixin.py:151} INFO - #False
[2024-01-17T04:56:02.442+0000] {logging_mixin.py:151} INFO - #False
[2024-01-17T04:56:02.442+0000] {logging_mixin.py:151} INFO - #False
[2024-01-17T04:56:02.442+0000] {logging_mixin.py:151} INFO - #False
[2024-01-17T04:56:02.442+0000] {logging_mixin.py:151} INFO - #False
[2024-01-17T04:56:02.442+0000] {logging_mixin.py:151} INFO -  submission : 
[2024-01-17T04:56:02.950+0000] {logging_mixin.py:151} INFO - #False
[2024-01-17T04:56:02.950+0000] {logging_mixin.py:151} INFO - #False
[2024-01-17T04:56:02.950+0000] {logging_mixin.py:151} INFO - #False
[2024-01-17T04:56:02.951+0000] {logging_mixin.py:151} INFO - #False
[2024-01-17T04:56:02.951+0000] {logging_mixin.py:151} INFO - #False
[2024-01-17T04:56:02.951+0000] {logging_mixin.py:151} INFO - #False
[2024-01-17T04:56:02.951+0000] {logging_mixin.py:151} INFO - #False
[2024-01-17T04:56:02.951+0000] {logging_mixin.py:151} INFO - #False
[2024-01-17T04:56:02.951+0000] {logging_mixin.py:151} INFO - #False
[2024-01-17T04:56:02.951+0000] {logging_mixin.py:151} INFO - #False
[2024-01-17T04:56:02.951+0000] {logging_mixin.py:151} INFO - #False
[2024-01-17T04:56:02.951+0000] {logging_mixin.py:151} INFO - #False
[2024-01-17T04:56:02.951+0000] {logging_mixin.py:151} INFO - #False
[2024-01-17T04:56:02.951+0000] {logging_mixin.py:151} INFO - #False
[2024-01-17T04:56:02.951+0000] {logging_mixin.py:151} INFO - #False
[2024-01-17T04:56:02.951+0000] {logging_mixin.py:151} INFO - #False
[2024-01-17T04:56:02.951+0000] {logging_mixin.py:151} INFO - #False
[2024-01-17T04:56:02.951+0000] {logging_mixin.py:151} INFO - #False
[2024-01-17T04:56:02.951+0000] {logging_mixin.py:151} INFO - #False
[2024-01-17T04:56:02.951+0000] {logging_mixin.py:151} INFO - #False
[2024-01-17T04:56:02.951+0000] {logging_mixin.py:151} INFO - #False
[2024-01-17T04:56:02.951+0000] {logging_mixin.py:151} INFO - #False
[2024-01-17T04:56:02.951+0000] {logging_mixin.py:151} INFO - #False
[2024-01-17T04:56:02.952+0000] {logging_mixin.py:151} INFO - #False
[2024-01-17T04:56:02.952+0000] {logging_mixin.py:151} INFO - #False
[2024-01-17T04:56:02.952+0000] {logging_mixin.py:151} INFO - #False
[2024-01-17T04:56:02.952+0000] {logging_mixin.py:151} INFO - #False
[2024-01-17T04:56:02.952+0000] {logging_mixin.py:151} INFO - #False
[2024-01-17T04:56:02.952+0000] {logging_mixin.py:151} INFO - #False
[2024-01-17T04:56:02.952+0000] {logging_mixin.py:151} INFO - #False
[2024-01-17T04:56:02.952+0000] {logging_mixin.py:151} INFO -  submission : 
[2024-01-17T04:56:03.516+0000] {logging_mixin.py:151} INFO - #False
[2024-01-17T04:56:03.517+0000] {logging_mixin.py:151} INFO - #False
[2024-01-17T04:56:03.517+0000] {logging_mixin.py:151} INFO - #False
[2024-01-17T04:56:03.517+0000] {logging_mixin.py:151} INFO - #False
[2024-01-17T04:56:03.517+0000] {logging_mixin.py:151} INFO - #False
[2024-01-17T04:56:03.517+0000] {logging_mixin.py:151} INFO - #False
[2024-01-17T04:56:03.517+0000] {logging_mixin.py:151} INFO - #False
[2024-01-17T04:56:03.517+0000] {logging_mixin.py:151} INFO - #False
[2024-01-17T04:56:03.517+0000] {logging_mixin.py:151} INFO - #False
[2024-01-17T04:56:03.517+0000] {logging_mixin.py:151} INFO - #False
[2024-01-17T04:56:03.517+0000] {logging_mixin.py:151} INFO - #False
[2024-01-17T04:56:03.517+0000] {logging_mixin.py:151} INFO - #False
[2024-01-17T04:56:03.517+0000] {logging_mixin.py:151} INFO - #False
[2024-01-17T04:56:03.517+0000] {logging_mixin.py:151} INFO - #False
[2024-01-17T04:56:03.517+0000] {logging_mixin.py:151} INFO - #False
[2024-01-17T04:56:03.517+0000] {logging_mixin.py:151} INFO - #False
[2024-01-17T04:56:03.517+0000] {logging_mixin.py:151} INFO - #False
[2024-01-17T04:56:03.517+0000] {logging_mixin.py:151} INFO - #False
[2024-01-17T04:56:03.517+0000] {logging_mixin.py:151} INFO - #False
[2024-01-17T04:56:03.517+0000] {logging_mixin.py:151} INFO - #False
[2024-01-17T04:56:03.517+0000] {logging_mixin.py:151} INFO - #False
[2024-01-17T04:56:03.517+0000] {logging_mixin.py:151} INFO - #False
[2024-01-17T04:56:03.517+0000] {logging_mixin.py:151} INFO - #False
[2024-01-17T04:56:03.517+0000] {logging_mixin.py:151} INFO - #False
[2024-01-17T04:56:03.518+0000] {logging_mixin.py:151} INFO - #False
[2024-01-17T04:56:03.518+0000] {logging_mixin.py:151} INFO - #False
[2024-01-17T04:56:03.518+0000] {logging_mixin.py:151} INFO - #False
[2024-01-17T04:56:03.518+0000] {logging_mixin.py:151} INFO - #False
[2024-01-17T04:56:03.518+0000] {logging_mixin.py:151} INFO - #False
[2024-01-17T04:56:03.518+0000] {logging_mixin.py:151} INFO - #False
[2024-01-17T04:56:03.518+0000] {logging_mixin.py:151} INFO -  submission : 
[2024-01-17T04:56:04.095+0000] {logging_mixin.py:151} INFO - #False
[2024-01-17T04:56:04.095+0000] {logging_mixin.py:151} INFO - #False
[2024-01-17T04:56:04.095+0000] {logging_mixin.py:151} INFO - #False
[2024-01-17T04:56:04.095+0000] {logging_mixin.py:151} INFO - #False
[2024-01-17T04:56:04.095+0000] {logging_mixin.py:151} INFO - #False
[2024-01-17T04:56:04.095+0000] {logging_mixin.py:151} INFO - #False
[2024-01-17T04:56:04.095+0000] {logging_mixin.py:151} INFO - #False
[2024-01-17T04:56:04.096+0000] {logging_mixin.py:151} INFO - #False
[2024-01-17T04:56:04.096+0000] {logging_mixin.py:151} INFO - #False
[2024-01-17T04:56:04.096+0000] {logging_mixin.py:151} INFO - #False
[2024-01-17T04:56:04.096+0000] {logging_mixin.py:151} INFO - #False
[2024-01-17T04:56:04.096+0000] {logging_mixin.py:151} INFO - #False
[2024-01-17T04:56:04.096+0000] {logging_mixin.py:151} INFO - #False
[2024-01-17T04:56:04.096+0000] {logging_mixin.py:151} INFO - #False
[2024-01-17T04:56:04.096+0000] {logging_mixin.py:151} INFO - #False
[2024-01-17T04:56:04.096+0000] {logging_mixin.py:151} INFO - #False
[2024-01-17T04:56:04.096+0000] {logging_mixin.py:151} INFO - #False
[2024-01-17T04:56:04.096+0000] {logging_mixin.py:151} INFO - #False
[2024-01-17T04:56:04.096+0000] {logging_mixin.py:151} INFO - #False
[2024-01-17T04:56:04.096+0000] {logging_mixin.py:151} INFO - #False
[2024-01-17T04:56:04.096+0000] {logging_mixin.py:151} INFO - #False
[2024-01-17T04:56:04.096+0000] {logging_mixin.py:151} INFO - #False
[2024-01-17T04:56:04.096+0000] {logging_mixin.py:151} INFO - #False
[2024-01-17T04:56:04.096+0000] {logging_mixin.py:151} INFO - #False
[2024-01-17T04:56:04.096+0000] {logging_mixin.py:151} INFO - #False
[2024-01-17T04:56:04.096+0000] {logging_mixin.py:151} INFO - #False
[2024-01-17T04:56:04.097+0000] {logging_mixin.py:151} INFO - #False
[2024-01-17T04:56:04.097+0000] {logging_mixin.py:151} INFO - #False
[2024-01-17T04:56:04.097+0000] {logging_mixin.py:151} INFO - #False
[2024-01-17T04:56:04.097+0000] {logging_mixin.py:151} INFO - #False
[2024-01-17T04:56:04.097+0000] {logging_mixin.py:151} INFO -  submission : 
[2024-01-17T04:56:04.696+0000] {logging_mixin.py:151} INFO - #False
[2024-01-17T04:56:04.696+0000] {logging_mixin.py:151} INFO - #False
[2024-01-17T04:56:04.696+0000] {logging_mixin.py:151} INFO - #False
[2024-01-17T04:56:04.696+0000] {logging_mixin.py:151} INFO - #False
[2024-01-17T04:56:04.696+0000] {logging_mixin.py:151} INFO - #False
[2024-01-17T04:56:04.696+0000] {logging_mixin.py:151} INFO - #False
[2024-01-17T04:56:04.697+0000] {logging_mixin.py:151} INFO - #False
[2024-01-17T04:56:04.697+0000] {logging_mixin.py:151} INFO - #False
[2024-01-17T04:56:04.697+0000] {logging_mixin.py:151} INFO - #False
[2024-01-17T04:56:04.697+0000] {logging_mixin.py:151} INFO - #False
[2024-01-17T04:56:04.697+0000] {logging_mixin.py:151} INFO - #False
[2024-01-17T04:56:04.697+0000] {logging_mixin.py:151} INFO - #False
[2024-01-17T04:56:04.697+0000] {logging_mixin.py:151} INFO - #False
[2024-01-17T04:56:04.697+0000] {logging_mixin.py:151} INFO - #False
[2024-01-17T04:56:04.697+0000] {logging_mixin.py:151} INFO - #False
[2024-01-17T04:56:04.697+0000] {logging_mixin.py:151} INFO - #False
[2024-01-17T04:56:04.697+0000] {logging_mixin.py:151} INFO - #False
[2024-01-17T04:56:04.697+0000] {logging_mixin.py:151} INFO - #False
[2024-01-17T04:56:04.697+0000] {logging_mixin.py:151} INFO - #False
[2024-01-17T04:56:04.697+0000] {logging_mixin.py:151} INFO - #False
[2024-01-17T04:56:04.697+0000] {logging_mixin.py:151} INFO - #False
[2024-01-17T04:56:04.697+0000] {logging_mixin.py:151} INFO - #False
[2024-01-17T04:56:04.697+0000] {logging_mixin.py:151} INFO - #False
[2024-01-17T04:56:04.697+0000] {logging_mixin.py:151} INFO - #False
[2024-01-17T04:56:04.697+0000] {logging_mixin.py:151} INFO - #False
[2024-01-17T04:56:04.697+0000] {logging_mixin.py:151} INFO - #False
[2024-01-17T04:56:04.697+0000] {logging_mixin.py:151} INFO - #False
[2024-01-17T04:56:04.697+0000] {logging_mixin.py:151} INFO - #False
[2024-01-17T04:56:04.698+0000] {logging_mixin.py:151} INFO - #False
[2024-01-17T04:56:04.698+0000] {logging_mixin.py:151} INFO - #False
[2024-01-17T04:56:04.698+0000] {python.py:194} INFO - Done. Returned value was: None
[2024-01-17T04:56:04.705+0000] {taskinstance.py:1400} INFO - Marking task as SUCCESS. dag_id=Stream_3, task_id=Reddit, execution_date=20240117T045254, start_date=20240117T045559, end_date=20240117T045604
[2024-01-17T04:56:04.739+0000] {local_task_job_runner.py:228} INFO - Task exited with return code 0
[2024-01-17T04:56:04.753+0000] {taskinstance.py:2784} INFO - 0 downstream tasks scheduled from follow-on schedule check
