[2024-01-20T06:00:30.365+0000] {taskinstance.py:1159} INFO - Dependencies all met for dep_context=non-requeueable deps ti=<TaskInstance: Kafka_Producer_1.Reddit scheduled__2024-01-20T05:59:25.784861+00:00 [queued]>
[2024-01-20T06:00:30.372+0000] {taskinstance.py:1159} INFO - Dependencies all met for dep_context=requeueable deps ti=<TaskInstance: Kafka_Producer_1.Reddit scheduled__2024-01-20T05:59:25.784861+00:00 [queued]>
[2024-01-20T06:00:30.372+0000] {taskinstance.py:1361} INFO - Starting attempt 1 of 1
[2024-01-20T06:00:30.383+0000] {taskinstance.py:1382} INFO - Executing <Task(PythonOperator): Reddit> on 2024-01-20 05:59:25.784861+00:00
[2024-01-20T06:00:30.386+0000] {standard_task_runner.py:57} INFO - Started process 14319 to run task
[2024-01-20T06:00:30.388+0000] {standard_task_runner.py:84} INFO - Running: ['***', 'tasks', 'run', 'Kafka_Producer_1', 'Reddit', 'scheduled__2024-01-20T05:59:25.784861+00:00', '--job-id', '779', '--raw', '--subdir', 'DAGS_FOLDER/kafka_stream.py', '--cfg-path', '/tmp/tmpby948h2n']
[2024-01-20T06:00:30.389+0000] {standard_task_runner.py:85} INFO - Job 779: Subtask Reddit
[2024-01-20T06:00:30.433+0000] {task_command.py:415} INFO - Running <TaskInstance: Kafka_Producer_1.Reddit scheduled__2024-01-20T05:59:25.784861+00:00 [running]> on host 45c5bfab8aa1
[2024-01-20T06:00:30.501+0000] {taskinstance.py:1660} INFO - Exporting env vars: AIRFLOW_CTX_DAG_OWNER='me' AIRFLOW_CTX_DAG_ID='Kafka_Producer_1' AIRFLOW_CTX_TASK_ID='Reddit' AIRFLOW_CTX_EXECUTION_DATE='2024-01-20T05:59:25.784861+00:00' AIRFLOW_CTX_TRY_NUMBER='1' AIRFLOW_CTX_DAG_RUN_ID='scheduled__2024-01-20T05:59:25.784861+00:00'
[2024-01-20T06:00:30.530+0000] {logging_mixin.py:151} INFO -  submission : 
[2024-01-20T06:00:31.291+0000] {logging_mixin.py:151} INFO - @True
[2024-01-20T06:00:31.292+0000] {conn.py:380} INFO - <BrokerConnection node_id=bootstrap-0 host=broker:29092 <connecting> [IPv4 ('172.19.0.8', 29092)]>: connecting to broker:29092 [('172.19.0.8', 29092) IPv4]
[2024-01-20T06:00:31.293+0000] {conn.py:1205} INFO - Probing node bootstrap-0 broker version
[2024-01-20T06:00:31.293+0000] {conn.py:410} INFO - <BrokerConnection node_id=bootstrap-0 host=broker:29092 <connecting> [IPv4 ('172.19.0.8', 29092)]>: Connection complete.
[2024-01-20T06:00:31.396+0000] {conn.py:1267} INFO - Broker version identified as 2.5.0
[2024-01-20T06:00:31.396+0000] {conn.py:1268} INFO - Set configuration api_version=(2, 5, 0) to skip auto check_version requests on startup
[2024-01-20T06:00:31.400+0000] {logging_mixin.py:151} INFO - @True
[2024-01-20T06:00:31.401+0000] {conn.py:380} INFO - <BrokerConnection node_id=1 host=broker:29092 <connecting> [IPv4 ('172.19.0.8', 29092)]>: connecting to broker:29092 [('172.19.0.8', 29092) IPv4]
[2024-01-20T06:00:31.401+0000] {conn.py:380} INFO - <BrokerConnection node_id=bootstrap-0 host=broker:29092 <connecting> [IPv4 ('172.19.0.8', 29092)]>: connecting to broker:29092 [('172.19.0.8', 29092) IPv4]
[2024-01-20T06:00:31.402+0000] {conn.py:410} INFO - <BrokerConnection node_id=1 host=broker:29092 <connecting> [IPv4 ('172.19.0.8', 29092)]>: Connection complete.
[2024-01-20T06:00:31.402+0000] {conn.py:1205} INFO - Probing node bootstrap-0 broker version
[2024-01-20T06:00:31.402+0000] {conn.py:919} INFO - <BrokerConnection node_id=bootstrap-0 host=broker:29092 <connected> [IPv4 ('172.19.0.8', 29092)]>: Closing connection. 
[2024-01-20T06:00:31.403+0000] {conn.py:410} INFO - <BrokerConnection node_id=bootstrap-0 host=broker:29092 <connecting> [IPv4 ('172.19.0.8', 29092)]>: Connection complete.
[2024-01-20T06:00:31.507+0000] {conn.py:1267} INFO - Broker version identified as 2.5.0
[2024-01-20T06:00:31.507+0000] {conn.py:1268} INFO - Set configuration api_version=(2, 5, 0) to skip auto check_version requests on startup
[2024-01-20T06:00:31.509+0000] {conn.py:919} INFO - <BrokerConnection node_id=1 host=broker:29092 <connected> [IPv4 ('172.19.0.8', 29092)]>: Closing connection. 
[2024-01-20T06:00:31.511+0000] {logging_mixin.py:151} INFO - #False
[2024-01-20T06:00:31.512+0000] {conn.py:380} INFO - <BrokerConnection node_id=1 host=broker:29092 <connecting> [IPv4 ('172.19.0.8', 29092)]>: connecting to broker:29092 [('172.19.0.8', 29092) IPv4]
[2024-01-20T06:00:31.512+0000] {logging_mixin.py:151} INFO - #False
[2024-01-20T06:00:31.512+0000] {conn.py:410} INFO - <BrokerConnection node_id=1 host=broker:29092 <connecting> [IPv4 ('172.19.0.8', 29092)]>: Connection complete.
[2024-01-20T06:00:31.513+0000] {logging_mixin.py:151} INFO - #False
[2024-01-20T06:00:31.513+0000] {conn.py:919} INFO - <BrokerConnection node_id=bootstrap-0 host=broker:29092 <connected> [IPv4 ('172.19.0.8', 29092)]>: Closing connection. 
[2024-01-20T06:00:31.513+0000] {logging_mixin.py:151} INFO - #False
[2024-01-20T06:00:31.514+0000] {logging_mixin.py:151} INFO - #False
[2024-01-20T06:00:31.515+0000] {logging_mixin.py:151} INFO - #False
[2024-01-20T06:00:31.515+0000] {logging_mixin.py:151} INFO - #False
[2024-01-20T06:00:31.515+0000] {logging_mixin.py:151} INFO - #False
[2024-01-20T06:00:31.515+0000] {logging_mixin.py:151} INFO - #False
[2024-01-20T06:00:31.516+0000] {logging_mixin.py:151} INFO - #False
[2024-01-20T06:00:31.516+0000] {logging_mixin.py:151} INFO - #False
[2024-01-20T06:00:31.516+0000] {logging_mixin.py:151} INFO - #False
[2024-01-20T06:00:31.516+0000] {logging_mixin.py:151} INFO - #False
[2024-01-20T06:00:31.517+0000] {logging_mixin.py:151} INFO - #False
[2024-01-20T06:00:31.517+0000] {logging_mixin.py:151} INFO - #False
[2024-01-20T06:00:31.517+0000] {logging_mixin.py:151} INFO - #False
[2024-01-20T06:00:31.517+0000] {logging_mixin.py:151} INFO - #False
[2024-01-20T06:00:31.517+0000] {logging_mixin.py:151} INFO - #False
[2024-01-20T06:00:31.518+0000] {logging_mixin.py:151} INFO - #False
[2024-01-20T06:00:31.518+0000] {logging_mixin.py:151} INFO - #False
[2024-01-20T06:00:31.518+0000] {logging_mixin.py:151} INFO - #False
[2024-01-20T06:00:31.518+0000] {logging_mixin.py:151} INFO - #False
[2024-01-20T06:00:31.518+0000] {logging_mixin.py:151} INFO - #False
[2024-01-20T06:00:31.519+0000] {logging_mixin.py:151} INFO - #False
[2024-01-20T06:00:31.519+0000] {logging_mixin.py:151} INFO - #False
[2024-01-20T06:00:31.519+0000] {logging_mixin.py:151} INFO - #False
[2024-01-20T06:00:31.519+0000] {logging_mixin.py:151} INFO - #False
[2024-01-20T06:00:31.520+0000] {logging_mixin.py:151} INFO - #False
[2024-01-20T06:00:31.520+0000] {logging_mixin.py:151} INFO -  submission : 
[2024-01-20T06:00:31.997+0000] {logging_mixin.py:151} INFO - #False
[2024-01-20T06:00:31.997+0000] {logging_mixin.py:151} INFO - #False
[2024-01-20T06:00:31.998+0000] {logging_mixin.py:151} INFO - #False
[2024-01-20T06:00:31.998+0000] {logging_mixin.py:151} INFO - #False
[2024-01-20T06:00:31.998+0000] {logging_mixin.py:151} INFO - #False
[2024-01-20T06:00:31.999+0000] {logging_mixin.py:151} INFO - #False
[2024-01-20T06:00:31.999+0000] {logging_mixin.py:151} INFO - #False
[2024-01-20T06:00:31.999+0000] {logging_mixin.py:151} INFO - #False
[2024-01-20T06:00:31.999+0000] {logging_mixin.py:151} INFO - #False
[2024-01-20T06:00:32.000+0000] {logging_mixin.py:151} INFO - #False
[2024-01-20T06:00:32.000+0000] {logging_mixin.py:151} INFO - #False
[2024-01-20T06:00:32.000+0000] {logging_mixin.py:151} INFO - #False
[2024-01-20T06:00:32.000+0000] {logging_mixin.py:151} INFO - #False
[2024-01-20T06:00:32.000+0000] {logging_mixin.py:151} INFO - #False
[2024-01-20T06:00:32.000+0000] {logging_mixin.py:151} INFO - #False
[2024-01-20T06:00:32.001+0000] {logging_mixin.py:151} INFO - #False
[2024-01-20T06:00:32.001+0000] {logging_mixin.py:151} INFO - #False
[2024-01-20T06:00:32.001+0000] {logging_mixin.py:151} INFO - #False
[2024-01-20T06:00:32.002+0000] {logging_mixin.py:151} INFO - #False
[2024-01-20T06:00:32.002+0000] {logging_mixin.py:151} INFO - #False
[2024-01-20T06:00:32.002+0000] {logging_mixin.py:151} INFO - #False
[2024-01-20T06:00:32.003+0000] {logging_mixin.py:151} INFO - #False
[2024-01-20T06:00:32.003+0000] {logging_mixin.py:151} INFO - #False
[2024-01-20T06:00:32.003+0000] {logging_mixin.py:151} INFO - #False
[2024-01-20T06:00:32.003+0000] {logging_mixin.py:151} INFO - #False
[2024-01-20T06:00:32.004+0000] {logging_mixin.py:151} INFO - #False
[2024-01-20T06:00:32.004+0000] {logging_mixin.py:151} INFO - #False
[2024-01-20T06:00:32.004+0000] {logging_mixin.py:151} INFO - #False
[2024-01-20T06:00:32.004+0000] {logging_mixin.py:151} INFO - #False
[2024-01-20T06:00:32.005+0000] {logging_mixin.py:151} INFO - #False
[2024-01-20T06:00:32.005+0000] {logging_mixin.py:151} INFO -  submission : 
[2024-01-20T06:00:32.532+0000] {logging_mixin.py:151} INFO - @True
[2024-01-20T06:00:32.534+0000] {conn.py:380} INFO - <BrokerConnection node_id=bootstrap-0 host=broker:29092 <connecting> [IPv4 ('172.19.0.8', 29092)]>: connecting to broker:29092 [('172.19.0.8', 29092) IPv4]
[2024-01-20T06:00:32.534+0000] {conn.py:1205} INFO - Probing node bootstrap-0 broker version
[2024-01-20T06:00:32.535+0000] {conn.py:410} INFO - <BrokerConnection node_id=bootstrap-0 host=broker:29092 <connecting> [IPv4 ('172.19.0.8', 29092)]>: Connection complete.
[2024-01-20T06:00:32.638+0000] {conn.py:1267} INFO - Broker version identified as 2.5.0
[2024-01-20T06:00:32.639+0000] {conn.py:1268} INFO - Set configuration api_version=(2, 5, 0) to skip auto check_version requests on startup
[2024-01-20T06:00:32.640+0000] {conn.py:919} INFO - <BrokerConnection node_id=1 host=broker:29092 <connected> [IPv4 ('172.19.0.8', 29092)]>: Closing connection. 
[2024-01-20T06:00:32.643+0000] {logging_mixin.py:151} INFO - #False
[2024-01-20T06:00:32.643+0000] {logging_mixin.py:151} INFO - #False
[2024-01-20T06:00:32.643+0000] {conn.py:380} INFO - <BrokerConnection node_id=1 host=broker:29092 <connecting> [IPv4 ('172.19.0.8', 29092)]>: connecting to broker:29092 [('172.19.0.8', 29092) IPv4]
[2024-01-20T06:00:32.644+0000] {logging_mixin.py:151} INFO - #False
[2024-01-20T06:00:32.644+0000] {conn.py:410} INFO - <BrokerConnection node_id=1 host=broker:29092 <connecting> [IPv4 ('172.19.0.8', 29092)]>: Connection complete.
[2024-01-20T06:00:32.645+0000] {logging_mixin.py:151} INFO - #False
[2024-01-20T06:00:32.645+0000] {conn.py:919} INFO - <BrokerConnection node_id=bootstrap-0 host=broker:29092 <connected> [IPv4 ('172.19.0.8', 29092)]>: Closing connection. 
[2024-01-20T06:00:32.645+0000] {logging_mixin.py:151} INFO - #False
[2024-01-20T06:00:32.647+0000] {logging_mixin.py:151} INFO - #False
[2024-01-20T06:00:32.647+0000] {logging_mixin.py:151} INFO - #False
[2024-01-20T06:00:32.648+0000] {logging_mixin.py:151} INFO - #False
[2024-01-20T06:00:32.648+0000] {logging_mixin.py:151} INFO - #False
[2024-01-20T06:00:32.648+0000] {logging_mixin.py:151} INFO - #False
[2024-01-20T06:00:32.648+0000] {logging_mixin.py:151} INFO - #False
[2024-01-20T06:00:32.649+0000] {logging_mixin.py:151} INFO - #False
[2024-01-20T06:00:32.649+0000] {logging_mixin.py:151} INFO - #False
[2024-01-20T06:00:32.649+0000] {logging_mixin.py:151} INFO - #False
[2024-01-20T06:00:32.649+0000] {logging_mixin.py:151} INFO - #False
[2024-01-20T06:00:32.650+0000] {logging_mixin.py:151} INFO - #False
[2024-01-20T06:00:32.650+0000] {logging_mixin.py:151} INFO - #False
[2024-01-20T06:00:32.650+0000] {logging_mixin.py:151} INFO - #False
[2024-01-20T06:00:32.651+0000] {logging_mixin.py:151} INFO - #False
[2024-01-20T06:00:32.651+0000] {logging_mixin.py:151} INFO - #False
[2024-01-20T06:00:32.651+0000] {logging_mixin.py:151} INFO - #False
[2024-01-20T06:00:32.652+0000] {logging_mixin.py:151} INFO - #False
[2024-01-20T06:00:32.652+0000] {logging_mixin.py:151} INFO - #False
[2024-01-20T06:00:32.652+0000] {logging_mixin.py:151} INFO - #False
[2024-01-20T06:00:32.652+0000] {logging_mixin.py:151} INFO - #False
[2024-01-20T06:00:32.653+0000] {logging_mixin.py:151} INFO - #False
[2024-01-20T06:00:32.653+0000] {logging_mixin.py:151} INFO - #False
[2024-01-20T06:00:32.653+0000] {logging_mixin.py:151} INFO - #False
[2024-01-20T06:00:32.653+0000] {logging_mixin.py:151} INFO - #False
[2024-01-20T06:00:32.654+0000] {logging_mixin.py:151} INFO -  submission : 
[2024-01-20T06:00:33.251+0000] {logging_mixin.py:151} INFO - #False
[2024-01-20T06:00:33.252+0000] {logging_mixin.py:151} INFO - #False
[2024-01-20T06:00:33.252+0000] {logging_mixin.py:151} INFO - #False
[2024-01-20T06:00:33.252+0000] {logging_mixin.py:151} INFO - #False
[2024-01-20T06:00:33.253+0000] {logging_mixin.py:151} INFO - #False
[2024-01-20T06:00:33.253+0000] {logging_mixin.py:151} INFO - #False
[2024-01-20T06:00:33.253+0000] {logging_mixin.py:151} INFO - #False
[2024-01-20T06:00:33.253+0000] {logging_mixin.py:151} INFO - #False
[2024-01-20T06:00:33.254+0000] {logging_mixin.py:151} INFO - #False
[2024-01-20T06:00:33.254+0000] {logging_mixin.py:151} INFO - #False
[2024-01-20T06:00:33.254+0000] {logging_mixin.py:151} INFO - #False
[2024-01-20T06:00:33.255+0000] {logging_mixin.py:151} INFO - #False
[2024-01-20T06:00:33.255+0000] {logging_mixin.py:151} INFO - #False
[2024-01-20T06:00:33.256+0000] {logging_mixin.py:151} INFO - #False
[2024-01-20T06:00:33.256+0000] {logging_mixin.py:151} INFO - #False
[2024-01-20T06:00:33.256+0000] {logging_mixin.py:151} INFO - #False
[2024-01-20T06:00:33.256+0000] {logging_mixin.py:151} INFO - #False
[2024-01-20T06:00:33.257+0000] {logging_mixin.py:151} INFO - #False
[2024-01-20T06:00:33.257+0000] {logging_mixin.py:151} INFO - #False
[2024-01-20T06:00:33.257+0000] {logging_mixin.py:151} INFO - #False
[2024-01-20T06:00:33.257+0000] {logging_mixin.py:151} INFO - #False
[2024-01-20T06:00:33.258+0000] {logging_mixin.py:151} INFO - #False
[2024-01-20T06:00:33.258+0000] {logging_mixin.py:151} INFO - #False
[2024-01-20T06:00:33.258+0000] {logging_mixin.py:151} INFO - #False
[2024-01-20T06:00:33.258+0000] {logging_mixin.py:151} INFO - #False
[2024-01-20T06:00:33.259+0000] {logging_mixin.py:151} INFO - #False
[2024-01-20T06:00:33.259+0000] {logging_mixin.py:151} INFO - #False
[2024-01-20T06:00:33.259+0000] {logging_mixin.py:151} INFO - #False
[2024-01-20T06:00:33.260+0000] {logging_mixin.py:151} INFO - #False
[2024-01-20T06:00:33.260+0000] {logging_mixin.py:151} INFO - #False
[2024-01-20T06:00:33.260+0000] {logging_mixin.py:151} INFO -  submission : 
[2024-01-20T06:00:33.722+0000] {logging_mixin.py:151} INFO - #False
[2024-01-20T06:00:33.723+0000] {logging_mixin.py:151} INFO - #False
[2024-01-20T06:00:33.723+0000] {logging_mixin.py:151} INFO - #False
[2024-01-20T06:00:33.723+0000] {logging_mixin.py:151} INFO - #False
[2024-01-20T06:00:33.723+0000] {logging_mixin.py:151} INFO - #False
[2024-01-20T06:00:33.724+0000] {logging_mixin.py:151} INFO - #False
[2024-01-20T06:00:33.724+0000] {logging_mixin.py:151} INFO - #False
[2024-01-20T06:00:33.724+0000] {logging_mixin.py:151} INFO - #False
[2024-01-20T06:00:33.725+0000] {logging_mixin.py:151} INFO - #False
[2024-01-20T06:00:33.725+0000] {logging_mixin.py:151} INFO - #False
[2024-01-20T06:00:33.725+0000] {logging_mixin.py:151} INFO - #False
[2024-01-20T06:00:33.725+0000] {logging_mixin.py:151} INFO - #False
[2024-01-20T06:00:33.726+0000] {logging_mixin.py:151} INFO - #False
[2024-01-20T06:00:33.726+0000] {logging_mixin.py:151} INFO - #False
[2024-01-20T06:00:33.726+0000] {logging_mixin.py:151} INFO - #False
[2024-01-20T06:00:33.726+0000] {logging_mixin.py:151} INFO - #False
[2024-01-20T06:00:33.726+0000] {logging_mixin.py:151} INFO - #False
[2024-01-20T06:00:33.727+0000] {logging_mixin.py:151} INFO - #False
[2024-01-20T06:00:33.727+0000] {logging_mixin.py:151} INFO - #False
[2024-01-20T06:00:33.727+0000] {logging_mixin.py:151} INFO - #False
[2024-01-20T06:00:33.727+0000] {logging_mixin.py:151} INFO - #False
[2024-01-20T06:00:33.728+0000] {logging_mixin.py:151} INFO - #False
[2024-01-20T06:00:33.728+0000] {logging_mixin.py:151} INFO - #False
[2024-01-20T06:00:33.728+0000] {logging_mixin.py:151} INFO - #False
[2024-01-20T06:00:33.728+0000] {logging_mixin.py:151} INFO - #False
[2024-01-20T06:00:33.729+0000] {logging_mixin.py:151} INFO - #False
[2024-01-20T06:00:33.729+0000] {logging_mixin.py:151} INFO - #False
[2024-01-20T06:00:33.729+0000] {logging_mixin.py:151} INFO - #False
[2024-01-20T06:00:33.729+0000] {logging_mixin.py:151} INFO - #False
[2024-01-20T06:00:33.730+0000] {logging_mixin.py:151} INFO - #False
[2024-01-20T06:00:33.730+0000] {logging_mixin.py:151} INFO -  submission : 
[2024-01-20T06:00:34.200+0000] {logging_mixin.py:151} INFO - #False
[2024-01-20T06:00:34.200+0000] {logging_mixin.py:151} INFO - #False
[2024-01-20T06:00:34.201+0000] {logging_mixin.py:151} INFO - #False
[2024-01-20T06:00:34.202+0000] {logging_mixin.py:151} INFO - #False
[2024-01-20T06:00:34.202+0000] {logging_mixin.py:151} INFO - #False
[2024-01-20T06:00:34.203+0000] {logging_mixin.py:151} INFO - #False
[2024-01-20T06:00:34.203+0000] {logging_mixin.py:151} INFO - #False
[2024-01-20T06:00:34.204+0000] {logging_mixin.py:151} INFO - #False
[2024-01-20T06:00:34.204+0000] {logging_mixin.py:151} INFO - #False
[2024-01-20T06:00:34.205+0000] {logging_mixin.py:151} INFO - #False
[2024-01-20T06:00:34.205+0000] {logging_mixin.py:151} INFO - #False
[2024-01-20T06:00:34.206+0000] {logging_mixin.py:151} INFO - #False
[2024-01-20T06:00:34.206+0000] {logging_mixin.py:151} INFO - #False
[2024-01-20T06:00:34.206+0000] {logging_mixin.py:151} INFO - #False
[2024-01-20T06:00:34.206+0000] {logging_mixin.py:151} INFO - #False
[2024-01-20T06:00:34.207+0000] {logging_mixin.py:151} INFO - #False
[2024-01-20T06:00:34.207+0000] {logging_mixin.py:151} INFO - #False
[2024-01-20T06:00:34.207+0000] {logging_mixin.py:151} INFO - #False
[2024-01-20T06:00:34.208+0000] {logging_mixin.py:151} INFO - #False
[2024-01-20T06:00:34.208+0000] {logging_mixin.py:151} INFO - #False
[2024-01-20T06:00:34.208+0000] {logging_mixin.py:151} INFO - #False
[2024-01-20T06:00:34.208+0000] {logging_mixin.py:151} INFO - #False
[2024-01-20T06:00:34.209+0000] {logging_mixin.py:151} INFO - #False
[2024-01-20T06:00:34.209+0000] {logging_mixin.py:151} INFO - #False
[2024-01-20T06:00:34.209+0000] {logging_mixin.py:151} INFO - #False
[2024-01-20T06:00:34.209+0000] {logging_mixin.py:151} INFO - #False
[2024-01-20T06:00:34.210+0000] {logging_mixin.py:151} INFO - #False
[2024-01-20T06:00:34.210+0000] {logging_mixin.py:151} INFO - #False
[2024-01-20T06:00:34.210+0000] {logging_mixin.py:151} INFO - #False
[2024-01-20T06:00:34.211+0000] {logging_mixin.py:151} INFO - #False
[2024-01-20T06:00:34.211+0000] {logging_mixin.py:151} INFO -  submission : 
[2024-01-20T06:00:34.787+0000] {logging_mixin.py:151} INFO - #False
[2024-01-20T06:00:34.788+0000] {logging_mixin.py:151} INFO - #False
[2024-01-20T06:00:34.788+0000] {logging_mixin.py:151} INFO - #False
[2024-01-20T06:00:34.788+0000] {logging_mixin.py:151} INFO - #False
[2024-01-20T06:00:34.789+0000] {logging_mixin.py:151} INFO - #False
[2024-01-20T06:00:34.789+0000] {logging_mixin.py:151} INFO - #False
[2024-01-20T06:00:34.789+0000] {logging_mixin.py:151} INFO - #False
[2024-01-20T06:00:34.790+0000] {logging_mixin.py:151} INFO - #False
[2024-01-20T06:00:34.792+0000] {logging_mixin.py:151} INFO - #False
[2024-01-20T06:00:34.792+0000] {logging_mixin.py:151} INFO - #False
[2024-01-20T06:00:34.793+0000] {logging_mixin.py:151} INFO - #False
[2024-01-20T06:00:34.793+0000] {logging_mixin.py:151} INFO - #False
[2024-01-20T06:00:34.793+0000] {logging_mixin.py:151} INFO - #False
[2024-01-20T06:00:34.793+0000] {logging_mixin.py:151} INFO - #False
[2024-01-20T06:00:34.794+0000] {logging_mixin.py:151} INFO - #False
[2024-01-20T06:00:34.794+0000] {logging_mixin.py:151} INFO - #False
[2024-01-20T06:00:34.794+0000] {logging_mixin.py:151} INFO - #False
[2024-01-20T06:00:34.796+0000] {logging_mixin.py:151} INFO - #False
[2024-01-20T06:00:34.796+0000] {logging_mixin.py:151} INFO - #False
[2024-01-20T06:00:34.796+0000] {logging_mixin.py:151} INFO - #False
[2024-01-20T06:00:34.797+0000] {logging_mixin.py:151} INFO - #False
[2024-01-20T06:00:34.802+0000] {logging_mixin.py:151} INFO - #False
[2024-01-20T06:00:34.802+0000] {logging_mixin.py:151} INFO - #False
[2024-01-20T06:00:34.802+0000] {logging_mixin.py:151} INFO - #False
[2024-01-20T06:00:34.803+0000] {logging_mixin.py:151} INFO - #False
[2024-01-20T06:00:34.803+0000] {logging_mixin.py:151} INFO - #False
[2024-01-20T06:00:34.803+0000] {logging_mixin.py:151} INFO - #False
[2024-01-20T06:00:34.803+0000] {logging_mixin.py:151} INFO - #False
[2024-01-20T06:00:34.804+0000] {logging_mixin.py:151} INFO - #False
[2024-01-20T06:00:34.804+0000] {logging_mixin.py:151} INFO - #False
[2024-01-20T06:00:34.804+0000] {logging_mixin.py:151} INFO -  submission : 
[2024-01-20T06:00:35.275+0000] {logging_mixin.py:151} INFO - #False
[2024-01-20T06:00:35.276+0000] {logging_mixin.py:151} INFO - #False
[2024-01-20T06:00:35.276+0000] {logging_mixin.py:151} INFO - #False
[2024-01-20T06:00:35.276+0000] {logging_mixin.py:151} INFO - #False
[2024-01-20T06:00:35.277+0000] {logging_mixin.py:151} INFO - #False
[2024-01-20T06:00:35.277+0000] {logging_mixin.py:151} INFO - #False
[2024-01-20T06:00:35.277+0000] {logging_mixin.py:151} INFO - #False
[2024-01-20T06:00:35.277+0000] {logging_mixin.py:151} INFO - #False
[2024-01-20T06:00:35.278+0000] {logging_mixin.py:151} INFO - #False
[2024-01-20T06:00:35.278+0000] {logging_mixin.py:151} INFO - #False
[2024-01-20T06:00:35.278+0000] {logging_mixin.py:151} INFO - #False
[2024-01-20T06:00:35.279+0000] {logging_mixin.py:151} INFO - #False
[2024-01-20T06:00:35.279+0000] {logging_mixin.py:151} INFO - #False
[2024-01-20T06:00:35.279+0000] {logging_mixin.py:151} INFO - #False
[2024-01-20T06:00:35.280+0000] {logging_mixin.py:151} INFO - #False
[2024-01-20T06:00:35.280+0000] {logging_mixin.py:151} INFO - #False
[2024-01-20T06:00:35.281+0000] {logging_mixin.py:151} INFO - #False
[2024-01-20T06:00:35.283+0000] {logging_mixin.py:151} INFO - #False
[2024-01-20T06:00:35.283+0000] {logging_mixin.py:151} INFO - #False
[2024-01-20T06:00:35.284+0000] {logging_mixin.py:151} INFO - #False
[2024-01-20T06:00:35.284+0000] {logging_mixin.py:151} INFO - #False
[2024-01-20T06:00:35.284+0000] {logging_mixin.py:151} INFO - #False
[2024-01-20T06:00:35.285+0000] {logging_mixin.py:151} INFO - #False
[2024-01-20T06:00:35.285+0000] {logging_mixin.py:151} INFO - #False
[2024-01-20T06:00:35.285+0000] {logging_mixin.py:151} INFO - #False
[2024-01-20T06:00:35.286+0000] {logging_mixin.py:151} INFO - #False
[2024-01-20T06:00:35.286+0000] {logging_mixin.py:151} INFO - #False
[2024-01-20T06:00:35.286+0000] {logging_mixin.py:151} INFO - #False
[2024-01-20T06:00:35.286+0000] {logging_mixin.py:151} INFO - #False
[2024-01-20T06:00:35.287+0000] {logging_mixin.py:151} INFO - #False
[2024-01-20T06:00:35.287+0000] {conn.py:919} INFO - <BrokerConnection node_id=1 host=broker:29092 <connected> [IPv4 ('172.19.0.8', 29092)]>: Closing connection. 
[2024-01-20T06:00:35.288+0000] {python.py:194} INFO - Done. Returned value was: None
[2024-01-20T06:00:35.296+0000] {taskinstance.py:1400} INFO - Marking task as SUCCESS. dag_id=Kafka_Producer_1, task_id=Reddit, execution_date=20240120T055925, start_date=20240120T060030, end_date=20240120T060035
[2024-01-20T06:00:35.318+0000] {local_task_job_runner.py:228} INFO - Task exited with return code 0
[2024-01-20T06:00:35.332+0000] {taskinstance.py:2784} INFO - 0 downstream tasks scheduled from follow-on schedule check
