[2024-01-20T22:25:38.622+0000] {taskinstance.py:1159} INFO - Dependencies all met for dep_context=non-requeueable deps ti=<TaskInstance: Kafka_Producer_1.Reddit scheduled__2024-01-20T22:24:21.089438+00:00 [queued]>
[2024-01-20T22:25:38.627+0000] {taskinstance.py:1159} INFO - Dependencies all met for dep_context=requeueable deps ti=<TaskInstance: Kafka_Producer_1.Reddit scheduled__2024-01-20T22:24:21.089438+00:00 [queued]>
[2024-01-20T22:25:38.628+0000] {taskinstance.py:1361} INFO - Starting attempt 1 of 1
[2024-01-20T22:25:38.638+0000] {taskinstance.py:1382} INFO - Executing <Task(PythonOperator): Reddit> on 2024-01-20 22:24:21.089438+00:00
[2024-01-20T22:25:38.641+0000] {standard_task_runner.py:57} INFO - Started process 100 to run task
[2024-01-20T22:25:38.643+0000] {standard_task_runner.py:84} INFO - Running: ['***', 'tasks', 'run', 'Kafka_Producer_1', 'Reddit', 'scheduled__2024-01-20T22:24:21.089438+00:00', '--job-id', '1314', '--raw', '--subdir', 'DAGS_FOLDER/kafka_stream.py', '--cfg-path', '/tmp/tmp4tc4ldup']
[2024-01-20T22:25:38.644+0000] {standard_task_runner.py:85} INFO - Job 1314: Subtask Reddit
[2024-01-20T22:25:38.692+0000] {task_command.py:415} INFO - Running <TaskInstance: Kafka_Producer_1.Reddit scheduled__2024-01-20T22:24:21.089438+00:00 [running]> on host 45c5bfab8aa1
[2024-01-20T22:25:38.764+0000] {taskinstance.py:1660} INFO - Exporting env vars: AIRFLOW_CTX_DAG_OWNER='me' AIRFLOW_CTX_DAG_ID='Kafka_Producer_1' AIRFLOW_CTX_TASK_ID='Reddit' AIRFLOW_CTX_EXECUTION_DATE='2024-01-20T22:24:21.089438+00:00' AIRFLOW_CTX_TRY_NUMBER='1' AIRFLOW_CTX_DAG_RUN_ID='scheduled__2024-01-20T22:24:21.089438+00:00'
[2024-01-20T22:25:38.849+0000] {logging_mixin.py:151} INFO -  submission : 
[2024-01-20T22:25:39.962+0000] {logging_mixin.py:151} INFO - #False
[2024-01-20T22:25:39.963+0000] {logging_mixin.py:151} INFO - #False
[2024-01-20T22:25:39.964+0000] {logging_mixin.py:151} INFO - #False
[2024-01-20T22:25:39.964+0000] {logging_mixin.py:151} INFO - #False
[2024-01-20T22:25:39.964+0000] {logging_mixin.py:151} INFO - #False
[2024-01-20T22:25:39.964+0000] {logging_mixin.py:151} INFO - #False
[2024-01-20T22:25:39.965+0000] {logging_mixin.py:151} INFO - #False
[2024-01-20T22:25:39.965+0000] {logging_mixin.py:151} INFO - #False
[2024-01-20T22:25:39.965+0000] {logging_mixin.py:151} INFO - #False
[2024-01-20T22:25:39.965+0000] {logging_mixin.py:151} INFO - #False
[2024-01-20T22:25:39.966+0000] {logging_mixin.py:151} INFO - #False
[2024-01-20T22:25:39.966+0000] {logging_mixin.py:151} INFO - #False
[2024-01-20T22:25:39.966+0000] {logging_mixin.py:151} INFO - #False
[2024-01-20T22:25:39.967+0000] {logging_mixin.py:151} INFO - #False
[2024-01-20T22:25:39.967+0000] {logging_mixin.py:151} INFO - #False
[2024-01-20T22:25:39.967+0000] {logging_mixin.py:151} INFO - #False
[2024-01-20T22:25:39.967+0000] {logging_mixin.py:151} INFO - #False
[2024-01-20T22:25:39.968+0000] {logging_mixin.py:151} INFO - #False
[2024-01-20T22:25:39.968+0000] {logging_mixin.py:151} INFO - #False
[2024-01-20T22:25:39.968+0000] {logging_mixin.py:151} INFO - #False
[2024-01-20T22:25:39.968+0000] {logging_mixin.py:151} INFO - #False
[2024-01-20T22:25:39.968+0000] {logging_mixin.py:151} INFO - #False
[2024-01-20T22:25:39.969+0000] {logging_mixin.py:151} INFO - #False
[2024-01-20T22:25:39.969+0000] {logging_mixin.py:151} INFO - #False
[2024-01-20T22:25:39.969+0000] {logging_mixin.py:151} INFO - #False
[2024-01-20T22:25:39.970+0000] {logging_mixin.py:151} INFO - #False
[2024-01-20T22:25:39.970+0000] {logging_mixin.py:151} INFO - #False
[2024-01-20T22:25:39.970+0000] {logging_mixin.py:151} INFO - #False
[2024-01-20T22:25:39.970+0000] {logging_mixin.py:151} INFO - #False
[2024-01-20T22:25:39.971+0000] {logging_mixin.py:151} INFO - #False
[2024-01-20T22:25:39.971+0000] {logging_mixin.py:151} INFO -  submission : 
[2024-01-20T22:25:40.800+0000] {logging_mixin.py:151} INFO - #False
[2024-01-20T22:25:40.801+0000] {logging_mixin.py:151} INFO - #False
[2024-01-20T22:25:40.802+0000] {logging_mixin.py:151} INFO - #False
[2024-01-20T22:25:40.802+0000] {logging_mixin.py:151} INFO - #False
[2024-01-20T22:25:40.803+0000] {logging_mixin.py:151} INFO - #False
[2024-01-20T22:25:40.803+0000] {logging_mixin.py:151} INFO - #False
[2024-01-20T22:25:40.804+0000] {logging_mixin.py:151} INFO - #False
[2024-01-20T22:25:40.804+0000] {logging_mixin.py:151} INFO - #False
[2024-01-20T22:25:40.805+0000] {logging_mixin.py:151} INFO - #False
[2024-01-20T22:25:40.805+0000] {logging_mixin.py:151} INFO - #False
[2024-01-20T22:25:40.805+0000] {logging_mixin.py:151} INFO - #False
[2024-01-20T22:25:40.806+0000] {logging_mixin.py:151} INFO - #False
[2024-01-20T22:25:40.806+0000] {logging_mixin.py:151} INFO - #False
[2024-01-20T22:25:40.807+0000] {logging_mixin.py:151} INFO - #False
[2024-01-20T22:25:40.807+0000] {logging_mixin.py:151} INFO - #False
[2024-01-20T22:25:40.808+0000] {logging_mixin.py:151} INFO - #False
[2024-01-20T22:25:40.808+0000] {logging_mixin.py:151} INFO - #False
[2024-01-20T22:25:40.808+0000] {logging_mixin.py:151} INFO - #False
[2024-01-20T22:25:40.808+0000] {logging_mixin.py:151} INFO - #False
[2024-01-20T22:25:40.809+0000] {logging_mixin.py:151} INFO - #False
[2024-01-20T22:25:40.809+0000] {logging_mixin.py:151} INFO - #False
[2024-01-20T22:25:40.809+0000] {logging_mixin.py:151} INFO - #False
[2024-01-20T22:25:40.809+0000] {logging_mixin.py:151} INFO - #False
[2024-01-20T22:25:40.810+0000] {logging_mixin.py:151} INFO - #False
[2024-01-20T22:25:40.810+0000] {logging_mixin.py:151} INFO - #False
[2024-01-20T22:25:40.810+0000] {logging_mixin.py:151} INFO - #False
[2024-01-20T22:25:40.810+0000] {logging_mixin.py:151} INFO - #False
[2024-01-20T22:25:40.811+0000] {logging_mixin.py:151} INFO - #False
[2024-01-20T22:25:40.811+0000] {logging_mixin.py:151} INFO - #False
[2024-01-20T22:25:40.811+0000] {logging_mixin.py:151} INFO - #False
[2024-01-20T22:25:40.811+0000] {logging_mixin.py:151} INFO -  submission : 
[2024-01-20T22:25:41.448+0000] {logging_mixin.py:151} INFO - #False
[2024-01-20T22:25:41.448+0000] {logging_mixin.py:151} INFO - #False
[2024-01-20T22:25:41.449+0000] {logging_mixin.py:151} INFO - #False
[2024-01-20T22:25:41.449+0000] {logging_mixin.py:151} INFO - #False
[2024-01-20T22:25:41.450+0000] {logging_mixin.py:151} INFO - #False
[2024-01-20T22:25:41.450+0000] {logging_mixin.py:151} INFO - #False
[2024-01-20T22:25:41.450+0000] {logging_mixin.py:151} INFO - #False
[2024-01-20T22:25:41.450+0000] {logging_mixin.py:151} INFO - #False
[2024-01-20T22:25:41.451+0000] {logging_mixin.py:151} INFO - #False
[2024-01-20T22:25:41.451+0000] {logging_mixin.py:151} INFO - #False
[2024-01-20T22:25:41.451+0000] {logging_mixin.py:151} INFO - #False
[2024-01-20T22:25:41.451+0000] {logging_mixin.py:151} INFO - #False
[2024-01-20T22:25:41.451+0000] {logging_mixin.py:151} INFO - #False
[2024-01-20T22:25:41.452+0000] {logging_mixin.py:151} INFO - #False
[2024-01-20T22:25:41.452+0000] {logging_mixin.py:151} INFO - #False
[2024-01-20T22:25:41.452+0000] {logging_mixin.py:151} INFO - #False
[2024-01-20T22:25:41.453+0000] {logging_mixin.py:151} INFO - #False
[2024-01-20T22:25:41.453+0000] {logging_mixin.py:151} INFO - #False
[2024-01-20T22:25:41.453+0000] {logging_mixin.py:151} INFO - #False
[2024-01-20T22:25:41.453+0000] {logging_mixin.py:151} INFO - #False
[2024-01-20T22:25:41.454+0000] {logging_mixin.py:151} INFO - #False
[2024-01-20T22:25:41.454+0000] {logging_mixin.py:151} INFO - #False
[2024-01-20T22:25:41.454+0000] {logging_mixin.py:151} INFO - #False
[2024-01-20T22:25:41.454+0000] {logging_mixin.py:151} INFO - #False
[2024-01-20T22:25:41.455+0000] {logging_mixin.py:151} INFO - #False
[2024-01-20T22:25:41.455+0000] {logging_mixin.py:151} INFO - #False
[2024-01-20T22:25:41.455+0000] {logging_mixin.py:151} INFO - #False
[2024-01-20T22:25:41.455+0000] {logging_mixin.py:151} INFO - #False
[2024-01-20T22:25:41.456+0000] {logging_mixin.py:151} INFO - #False
[2024-01-20T22:25:41.456+0000] {logging_mixin.py:151} INFO - #False
[2024-01-20T22:25:41.456+0000] {logging_mixin.py:151} INFO -  submission : 
[2024-01-20T22:25:42.200+0000] {logging_mixin.py:151} INFO - #False
[2024-01-20T22:25:42.200+0000] {logging_mixin.py:151} INFO - #False
[2024-01-20T22:25:42.201+0000] {logging_mixin.py:151} INFO - #False
[2024-01-20T22:25:42.202+0000] {logging_mixin.py:151} INFO - #False
[2024-01-20T22:25:42.202+0000] {logging_mixin.py:151} INFO - #False
[2024-01-20T22:25:42.202+0000] {logging_mixin.py:151} INFO - #False
[2024-01-20T22:25:42.202+0000] {logging_mixin.py:151} INFO - #False
[2024-01-20T22:25:42.203+0000] {logging_mixin.py:151} INFO - #False
[2024-01-20T22:25:42.203+0000] {logging_mixin.py:151} INFO - #False
[2024-01-20T22:25:42.204+0000] {logging_mixin.py:151} INFO - #False
[2024-01-20T22:25:42.204+0000] {logging_mixin.py:151} INFO - #False
[2024-01-20T22:25:42.204+0000] {logging_mixin.py:151} INFO - #False
[2024-01-20T22:25:42.205+0000] {logging_mixin.py:151} INFO - #False
[2024-01-20T22:25:42.205+0000] {logging_mixin.py:151} INFO - #False
[2024-01-20T22:25:42.205+0000] {logging_mixin.py:151} INFO - #False
[2024-01-20T22:25:42.206+0000] {logging_mixin.py:151} INFO - #False
[2024-01-20T22:25:42.206+0000] {logging_mixin.py:151} INFO - #False
[2024-01-20T22:25:42.206+0000] {logging_mixin.py:151} INFO - #False
[2024-01-20T22:25:42.206+0000] {logging_mixin.py:151} INFO - #False
[2024-01-20T22:25:42.207+0000] {logging_mixin.py:151} INFO - #False
[2024-01-20T22:25:42.207+0000] {logging_mixin.py:151} INFO - #False
[2024-01-20T22:25:42.207+0000] {logging_mixin.py:151} INFO - #False
[2024-01-20T22:25:42.207+0000] {logging_mixin.py:151} INFO - #False
[2024-01-20T22:25:42.208+0000] {logging_mixin.py:151} INFO - #False
[2024-01-20T22:25:42.208+0000] {logging_mixin.py:151} INFO - #False
[2024-01-20T22:25:42.208+0000] {logging_mixin.py:151} INFO - #False
[2024-01-20T22:25:42.208+0000] {logging_mixin.py:151} INFO - #False
[2024-01-20T22:25:42.209+0000] {logging_mixin.py:151} INFO - #False
[2024-01-20T22:25:42.209+0000] {logging_mixin.py:151} INFO - #False
[2024-01-20T22:25:42.209+0000] {logging_mixin.py:151} INFO - #False
[2024-01-20T22:25:42.209+0000] {logging_mixin.py:151} INFO -  submission : 
[2024-01-20T22:25:42.839+0000] {logging_mixin.py:151} INFO - #False
[2024-01-20T22:25:42.839+0000] {logging_mixin.py:151} INFO - #False
[2024-01-20T22:25:42.839+0000] {logging_mixin.py:151} INFO - #False
[2024-01-20T22:25:42.840+0000] {logging_mixin.py:151} INFO - #False
[2024-01-20T22:25:42.840+0000] {logging_mixin.py:151} INFO - #False
[2024-01-20T22:25:42.841+0000] {logging_mixin.py:151} INFO - #False
[2024-01-20T22:25:42.841+0000] {logging_mixin.py:151} INFO - #False
[2024-01-20T22:25:42.841+0000] {logging_mixin.py:151} INFO - #False
[2024-01-20T22:25:42.843+0000] {logging_mixin.py:151} INFO - #False
[2024-01-20T22:25:42.845+0000] {logging_mixin.py:151} INFO - #False
[2024-01-20T22:25:42.845+0000] {logging_mixin.py:151} INFO - #False
[2024-01-20T22:25:42.846+0000] {logging_mixin.py:151} INFO - #False
[2024-01-20T22:25:42.846+0000] {logging_mixin.py:151} INFO - #False
[2024-01-20T22:25:42.847+0000] {logging_mixin.py:151} INFO - #False
[2024-01-20T22:25:42.848+0000] {logging_mixin.py:151} INFO - #False
[2024-01-20T22:25:42.848+0000] {logging_mixin.py:151} INFO - #False
[2024-01-20T22:25:42.848+0000] {logging_mixin.py:151} INFO - #False
[2024-01-20T22:25:42.848+0000] {logging_mixin.py:151} INFO - #False
[2024-01-20T22:25:42.849+0000] {logging_mixin.py:151} INFO - #False
[2024-01-20T22:25:42.849+0000] {logging_mixin.py:151} INFO - #False
[2024-01-20T22:25:42.849+0000] {logging_mixin.py:151} INFO - #False
[2024-01-20T22:25:42.850+0000] {logging_mixin.py:151} INFO - #False
[2024-01-20T22:25:42.850+0000] {logging_mixin.py:151} INFO - #False
[2024-01-20T22:25:42.851+0000] {logging_mixin.py:151} INFO - #False
[2024-01-20T22:25:42.859+0000] {logging_mixin.py:151} INFO - #False
[2024-01-20T22:25:42.860+0000] {logging_mixin.py:151} INFO - #False
[2024-01-20T22:25:42.860+0000] {logging_mixin.py:151} INFO - #False
[2024-01-20T22:25:42.861+0000] {logging_mixin.py:151} INFO - #False
[2024-01-20T22:25:42.861+0000] {logging_mixin.py:151} INFO - #False
[2024-01-20T22:25:42.861+0000] {logging_mixin.py:151} INFO - #False
[2024-01-20T22:25:42.861+0000] {logging_mixin.py:151} INFO -  submission : 
[2024-01-20T22:25:43.621+0000] {logging_mixin.py:151} INFO - #False
[2024-01-20T22:25:43.621+0000] {logging_mixin.py:151} INFO - #False
[2024-01-20T22:25:43.622+0000] {logging_mixin.py:151} INFO - #False
[2024-01-20T22:25:43.643+0000] {logging_mixin.py:151} INFO - #False
[2024-01-20T22:25:43.666+0000] {logging_mixin.py:151} INFO - #False
[2024-01-20T22:25:43.676+0000] {logging_mixin.py:151} INFO - #False
[2024-01-20T22:25:43.685+0000] {logging_mixin.py:151} INFO - #False
[2024-01-20T22:25:43.686+0000] {logging_mixin.py:151} INFO - #False
[2024-01-20T22:25:43.687+0000] {logging_mixin.py:151} INFO - #False
[2024-01-20T22:25:43.687+0000] {logging_mixin.py:151} INFO - #False
[2024-01-20T22:25:43.688+0000] {logging_mixin.py:151} INFO - #False
[2024-01-20T22:25:43.688+0000] {logging_mixin.py:151} INFO - #False
[2024-01-20T22:25:43.689+0000] {logging_mixin.py:151} INFO - #False
[2024-01-20T22:25:43.689+0000] {logging_mixin.py:151} INFO - #False
[2024-01-20T22:25:43.689+0000] {logging_mixin.py:151} INFO - #False
[2024-01-20T22:25:43.690+0000] {logging_mixin.py:151} INFO - #False
[2024-01-20T22:25:43.690+0000] {logging_mixin.py:151} INFO - #False
[2024-01-20T22:25:43.691+0000] {logging_mixin.py:151} INFO - #False
[2024-01-20T22:25:43.691+0000] {logging_mixin.py:151} INFO - #False
[2024-01-20T22:25:43.692+0000] {logging_mixin.py:151} INFO - #False
[2024-01-20T22:25:43.692+0000] {logging_mixin.py:151} INFO - #False
[2024-01-20T22:25:43.693+0000] {logging_mixin.py:151} INFO - #False
[2024-01-20T22:25:43.693+0000] {logging_mixin.py:151} INFO - #False
[2024-01-20T22:25:43.693+0000] {logging_mixin.py:151} INFO - #False
[2024-01-20T22:25:43.694+0000] {logging_mixin.py:151} INFO - #False
[2024-01-20T22:25:43.694+0000] {logging_mixin.py:151} INFO - #False
[2024-01-20T22:25:43.695+0000] {logging_mixin.py:151} INFO - #False
[2024-01-20T22:25:43.695+0000] {logging_mixin.py:151} INFO - #False
[2024-01-20T22:25:43.695+0000] {logging_mixin.py:151} INFO - #False
[2024-01-20T22:25:43.696+0000] {logging_mixin.py:151} INFO - #False
[2024-01-20T22:25:43.696+0000] {logging_mixin.py:151} INFO -  submission : 
[2024-01-20T22:25:44.436+0000] {logging_mixin.py:151} INFO - #False
[2024-01-20T22:25:44.436+0000] {logging_mixin.py:151} INFO - #False
[2024-01-20T22:25:44.437+0000] {logging_mixin.py:151} INFO - #False
[2024-01-20T22:25:44.437+0000] {logging_mixin.py:151} INFO - #False
[2024-01-20T22:25:44.437+0000] {logging_mixin.py:151} INFO - #False
[2024-01-20T22:25:44.437+0000] {logging_mixin.py:151} INFO - #False
[2024-01-20T22:25:44.438+0000] {logging_mixin.py:151} INFO - #False
[2024-01-20T22:25:44.438+0000] {logging_mixin.py:151} INFO - #False
[2024-01-20T22:25:44.438+0000] {logging_mixin.py:151} INFO - #False
[2024-01-20T22:25:44.438+0000] {logging_mixin.py:151} INFO - #False
[2024-01-20T22:25:44.439+0000] {logging_mixin.py:151} INFO - #False
[2024-01-20T22:25:44.439+0000] {logging_mixin.py:151} INFO - #False
[2024-01-20T22:25:44.439+0000] {logging_mixin.py:151} INFO - #False
[2024-01-20T22:25:44.439+0000] {logging_mixin.py:151} INFO - #False
[2024-01-20T22:25:44.439+0000] {logging_mixin.py:151} INFO - #False
[2024-01-20T22:25:44.440+0000] {logging_mixin.py:151} INFO - #False
[2024-01-20T22:25:44.440+0000] {logging_mixin.py:151} INFO - #False
[2024-01-20T22:25:44.440+0000] {logging_mixin.py:151} INFO - #False
[2024-01-20T22:25:44.440+0000] {logging_mixin.py:151} INFO - #False
[2024-01-20T22:25:44.441+0000] {logging_mixin.py:151} INFO - #False
[2024-01-20T22:25:44.441+0000] {logging_mixin.py:151} INFO - #False
[2024-01-20T22:25:44.441+0000] {logging_mixin.py:151} INFO - #False
[2024-01-20T22:25:44.441+0000] {logging_mixin.py:151} INFO - #False
[2024-01-20T22:25:44.441+0000] {logging_mixin.py:151} INFO - #False
[2024-01-20T22:25:44.442+0000] {logging_mixin.py:151} INFO - #False
[2024-01-20T22:25:44.442+0000] {logging_mixin.py:151} INFO - #False
[2024-01-20T22:25:44.442+0000] {logging_mixin.py:151} INFO - #False
[2024-01-20T22:25:44.442+0000] {logging_mixin.py:151} INFO - #False
[2024-01-20T22:25:44.442+0000] {logging_mixin.py:151} INFO - #False
[2024-01-20T22:25:44.443+0000] {logging_mixin.py:151} INFO - #False
[2024-01-20T22:25:44.443+0000] {logging_mixin.py:151} INFO -  submission : 
[2024-01-20T22:25:45.395+0000] {logging_mixin.py:151} INFO - #False
[2024-01-20T22:25:45.395+0000] {logging_mixin.py:151} INFO - #False
[2024-01-20T22:25:45.396+0000] {logging_mixin.py:151} INFO - #False
[2024-01-20T22:25:45.396+0000] {logging_mixin.py:151} INFO - #False
[2024-01-20T22:25:45.397+0000] {logging_mixin.py:151} INFO - #False
[2024-01-20T22:25:45.397+0000] {logging_mixin.py:151} INFO - #False
[2024-01-20T22:25:45.398+0000] {logging_mixin.py:151} INFO - #False
[2024-01-20T22:25:45.398+0000] {logging_mixin.py:151} INFO - #False
[2024-01-20T22:25:45.398+0000] {logging_mixin.py:151} INFO - #False
[2024-01-20T22:25:45.398+0000] {logging_mixin.py:151} INFO - #False
[2024-01-20T22:25:45.399+0000] {logging_mixin.py:151} INFO - #False
[2024-01-20T22:25:45.399+0000] {logging_mixin.py:151} INFO - #False
[2024-01-20T22:25:45.399+0000] {logging_mixin.py:151} INFO - #False
[2024-01-20T22:25:45.400+0000] {logging_mixin.py:151} INFO - #False
[2024-01-20T22:25:45.400+0000] {logging_mixin.py:151} INFO - #False
[2024-01-20T22:25:45.400+0000] {logging_mixin.py:151} INFO - #False
[2024-01-20T22:25:45.401+0000] {logging_mixin.py:151} INFO - #False
[2024-01-20T22:25:45.401+0000] {logging_mixin.py:151} INFO - #False
[2024-01-20T22:25:45.401+0000] {logging_mixin.py:151} INFO - #False
[2024-01-20T22:25:45.401+0000] {logging_mixin.py:151} INFO - #False
[2024-01-20T22:25:45.402+0000] {logging_mixin.py:151} INFO - #False
[2024-01-20T22:25:45.402+0000] {logging_mixin.py:151} INFO - #False
[2024-01-20T22:25:45.402+0000] {logging_mixin.py:151} INFO - #False
[2024-01-20T22:25:45.402+0000] {logging_mixin.py:151} INFO - #False
[2024-01-20T22:25:45.402+0000] {logging_mixin.py:151} INFO - #False
[2024-01-20T22:25:45.403+0000] {logging_mixin.py:151} INFO - #False
[2024-01-20T22:25:45.403+0000] {logging_mixin.py:151} INFO - #False
[2024-01-20T22:25:45.403+0000] {logging_mixin.py:151} INFO - #False
[2024-01-20T22:25:45.403+0000] {logging_mixin.py:151} INFO - #False
[2024-01-20T22:25:45.404+0000] {logging_mixin.py:151} INFO - #False
[2024-01-20T22:25:45.404+0000] {python.py:194} INFO - Done. Returned value was: None
[2024-01-20T22:25:45.412+0000] {taskinstance.py:1400} INFO - Marking task as SUCCESS. dag_id=Kafka_Producer_1, task_id=Reddit, execution_date=20240120T222421, start_date=20240120T222538, end_date=20240120T222545
[2024-01-20T22:25:45.427+0000] {local_task_job_runner.py:228} INFO - Task exited with return code 0
[2024-01-20T22:25:45.441+0000] {taskinstance.py:2784} INFO - 0 downstream tasks scheduled from follow-on schedule check
