[2024-01-20T04:48:45.536+0000] {taskinstance.py:1159} INFO - Dependencies all met for dep_context=non-requeueable deps ti=<TaskInstance: Kafka_Producer_4.Reddit scheduled__2024-01-20T04:46:40.250049+00:00 [queued]>
[2024-01-20T04:48:45.541+0000] {taskinstance.py:1159} INFO - Dependencies all met for dep_context=requeueable deps ti=<TaskInstance: Kafka_Producer_4.Reddit scheduled__2024-01-20T04:46:40.250049+00:00 [queued]>
[2024-01-20T04:48:45.542+0000] {taskinstance.py:1361} INFO - Starting attempt 1 of 1
[2024-01-20T04:48:45.554+0000] {taskinstance.py:1382} INFO - Executing <Task(PythonOperator): Reddit> on 2024-01-20 04:46:40.250049+00:00
[2024-01-20T04:48:45.558+0000] {standard_task_runner.py:57} INFO - Started process 7470 to run task
[2024-01-20T04:48:45.560+0000] {standard_task_runner.py:84} INFO - Running: ['***', 'tasks', 'run', 'Kafka_Producer_4', 'Reddit', 'scheduled__2024-01-20T04:46:40.250049+00:00', '--job-id', '319', '--raw', '--subdir', 'DAGS_FOLDER/kafka_stream_4.py', '--cfg-path', '/tmp/tmpm9xlrmc9']
[2024-01-20T04:48:45.561+0000] {standard_task_runner.py:85} INFO - Job 319: Subtask Reddit
[2024-01-20T04:48:45.606+0000] {task_command.py:415} INFO - Running <TaskInstance: Kafka_Producer_4.Reddit scheduled__2024-01-20T04:46:40.250049+00:00 [running]> on host 45c5bfab8aa1
[2024-01-20T04:48:45.687+0000] {taskinstance.py:1660} INFO - Exporting env vars: AIRFLOW_CTX_DAG_OWNER='me' AIRFLOW_CTX_DAG_ID='Kafka_Producer_4' AIRFLOW_CTX_TASK_ID='Reddit' AIRFLOW_CTX_EXECUTION_DATE='2024-01-20T04:46:40.250049+00:00' AIRFLOW_CTX_TRY_NUMBER='1' AIRFLOW_CTX_DAG_RUN_ID='scheduled__2024-01-20T04:46:40.250049+00:00'
[2024-01-20T04:48:45.722+0000] {logging_mixin.py:151} INFO -  submission : 
[2024-01-20T04:48:46.508+0000] {logging_mixin.py:151} INFO - #False
[2024-01-20T04:48:46.508+0000] {logging_mixin.py:151} INFO - #False
[2024-01-20T04:48:46.509+0000] {logging_mixin.py:151} INFO - #False
[2024-01-20T04:48:46.510+0000] {logging_mixin.py:151} INFO - #False
[2024-01-20T04:48:46.510+0000] {logging_mixin.py:151} INFO - #False
[2024-01-20T04:48:46.511+0000] {logging_mixin.py:151} INFO - #False
[2024-01-20T04:48:46.511+0000] {logging_mixin.py:151} INFO - #False
[2024-01-20T04:48:46.512+0000] {logging_mixin.py:151} INFO - #False
[2024-01-20T04:48:46.512+0000] {logging_mixin.py:151} INFO - #False
[2024-01-20T04:48:46.512+0000] {logging_mixin.py:151} INFO - #False
[2024-01-20T04:48:46.513+0000] {logging_mixin.py:151} INFO - #False
[2024-01-20T04:48:46.513+0000] {logging_mixin.py:151} INFO - #False
[2024-01-20T04:48:46.514+0000] {logging_mixin.py:151} INFO - #False
[2024-01-20T04:48:46.514+0000] {logging_mixin.py:151} INFO - #False
[2024-01-20T04:48:46.515+0000] {logging_mixin.py:151} INFO - #False
[2024-01-20T04:48:46.515+0000] {logging_mixin.py:151} INFO - #False
[2024-01-20T04:48:46.515+0000] {logging_mixin.py:151} INFO - #False
[2024-01-20T04:48:46.516+0000] {logging_mixin.py:151} INFO - #False
[2024-01-20T04:48:46.516+0000] {logging_mixin.py:151} INFO - #False
[2024-01-20T04:48:46.516+0000] {logging_mixin.py:151} INFO - #False
[2024-01-20T04:48:46.517+0000] {logging_mixin.py:151} INFO - #False
[2024-01-20T04:48:46.517+0000] {logging_mixin.py:151} INFO - #False
[2024-01-20T04:48:46.518+0000] {logging_mixin.py:151} INFO - #False
[2024-01-20T04:48:46.518+0000] {logging_mixin.py:151} INFO - #False
[2024-01-20T04:48:46.518+0000] {logging_mixin.py:151} INFO - #False
[2024-01-20T04:48:46.519+0000] {logging_mixin.py:151} INFO - #False
[2024-01-20T04:48:46.519+0000] {logging_mixin.py:151} INFO - #False
[2024-01-20T04:48:46.519+0000] {logging_mixin.py:151} INFO - #False
[2024-01-20T04:48:46.520+0000] {logging_mixin.py:151} INFO - #False
[2024-01-20T04:48:46.520+0000] {logging_mixin.py:151} INFO - #False
[2024-01-20T04:48:46.520+0000] {logging_mixin.py:151} INFO -  submission : 
[2024-01-20T04:48:47.118+0000] {logging_mixin.py:151} INFO - #False
[2024-01-20T04:48:47.119+0000] {logging_mixin.py:151} INFO - #False
[2024-01-20T04:48:47.119+0000] {logging_mixin.py:151} INFO - #False
[2024-01-20T04:48:47.119+0000] {logging_mixin.py:151} INFO - #False
[2024-01-20T04:48:47.120+0000] {logging_mixin.py:151} INFO - #False
[2024-01-20T04:48:47.120+0000] {logging_mixin.py:151} INFO - #False
[2024-01-20T04:48:47.120+0000] {logging_mixin.py:151} INFO - #False
[2024-01-20T04:48:47.120+0000] {logging_mixin.py:151} INFO - #False
[2024-01-20T04:48:47.121+0000] {logging_mixin.py:151} INFO - #False
[2024-01-20T04:48:47.121+0000] {logging_mixin.py:151} INFO - #False
[2024-01-20T04:48:47.121+0000] {logging_mixin.py:151} INFO - #False
[2024-01-20T04:48:47.122+0000] {logging_mixin.py:151} INFO - #False
[2024-01-20T04:48:47.122+0000] {logging_mixin.py:151} INFO - #False
[2024-01-20T04:48:47.122+0000] {logging_mixin.py:151} INFO - #False
[2024-01-20T04:48:47.122+0000] {logging_mixin.py:151} INFO - #False
[2024-01-20T04:48:47.123+0000] {logging_mixin.py:151} INFO - #False
[2024-01-20T04:48:47.123+0000] {logging_mixin.py:151} INFO - #False
[2024-01-20T04:48:47.123+0000] {logging_mixin.py:151} INFO - #False
[2024-01-20T04:48:47.123+0000] {logging_mixin.py:151} INFO - #False
[2024-01-20T04:48:47.124+0000] {logging_mixin.py:151} INFO - #False
[2024-01-20T04:48:47.124+0000] {logging_mixin.py:151} INFO - #False
[2024-01-20T04:48:47.124+0000] {logging_mixin.py:151} INFO - #False
[2024-01-20T04:48:47.124+0000] {logging_mixin.py:151} INFO - #False
[2024-01-20T04:48:47.125+0000] {logging_mixin.py:151} INFO - #False
[2024-01-20T04:48:47.125+0000] {logging_mixin.py:151} INFO - #False
[2024-01-20T04:48:47.125+0000] {logging_mixin.py:151} INFO - #False
[2024-01-20T04:48:47.125+0000] {logging_mixin.py:151} INFO - #False
[2024-01-20T04:48:47.126+0000] {logging_mixin.py:151} INFO - #False
[2024-01-20T04:48:47.126+0000] {logging_mixin.py:151} INFO - #False
[2024-01-20T04:48:47.126+0000] {logging_mixin.py:151} INFO - #False
[2024-01-20T04:48:47.127+0000] {logging_mixin.py:151} INFO -  submission : 
[2024-01-20T04:48:47.668+0000] {logging_mixin.py:151} INFO - #False
[2024-01-20T04:48:47.669+0000] {logging_mixin.py:151} INFO - #False
[2024-01-20T04:48:47.669+0000] {logging_mixin.py:151} INFO - #False
[2024-01-20T04:48:47.669+0000] {logging_mixin.py:151} INFO - #False
[2024-01-20T04:48:47.669+0000] {logging_mixin.py:151} INFO - #False
[2024-01-20T04:48:47.670+0000] {logging_mixin.py:151} INFO - #False
[2024-01-20T04:48:47.670+0000] {logging_mixin.py:151} INFO - #False
[2024-01-20T04:48:47.670+0000] {logging_mixin.py:151} INFO - #False
[2024-01-20T04:48:47.670+0000] {logging_mixin.py:151} INFO - #False
[2024-01-20T04:48:47.671+0000] {logging_mixin.py:151} INFO - #False
[2024-01-20T04:48:47.671+0000] {logging_mixin.py:151} INFO - #False
[2024-01-20T04:48:47.671+0000] {logging_mixin.py:151} INFO - #False
[2024-01-20T04:48:47.672+0000] {logging_mixin.py:151} INFO - #False
[2024-01-20T04:48:47.672+0000] {logging_mixin.py:151} INFO - #False
[2024-01-20T04:48:47.672+0000] {logging_mixin.py:151} INFO - #False
[2024-01-20T04:48:47.672+0000] {logging_mixin.py:151} INFO - #False
[2024-01-20T04:48:47.672+0000] {logging_mixin.py:151} INFO - #False
[2024-01-20T04:48:47.673+0000] {logging_mixin.py:151} INFO - #False
[2024-01-20T04:48:47.673+0000] {logging_mixin.py:151} INFO - #False
[2024-01-20T04:48:47.673+0000] {logging_mixin.py:151} INFO - #False
[2024-01-20T04:48:47.673+0000] {logging_mixin.py:151} INFO - #False
[2024-01-20T04:48:47.674+0000] {logging_mixin.py:151} INFO - #False
[2024-01-20T04:48:47.674+0000] {logging_mixin.py:151} INFO - #False
[2024-01-20T04:48:47.674+0000] {logging_mixin.py:151} INFO - #False
[2024-01-20T04:48:47.674+0000] {logging_mixin.py:151} INFO - #False
[2024-01-20T04:48:47.675+0000] {logging_mixin.py:151} INFO - #False
[2024-01-20T04:48:47.675+0000] {logging_mixin.py:151} INFO - #False
[2024-01-20T04:48:47.675+0000] {logging_mixin.py:151} INFO - #False
[2024-01-20T04:48:47.675+0000] {logging_mixin.py:151} INFO - #False
[2024-01-20T04:48:47.676+0000] {logging_mixin.py:151} INFO - #False
[2024-01-20T04:48:47.676+0000] {logging_mixin.py:151} INFO -  submission : 
[2024-01-20T04:48:48.141+0000] {logging_mixin.py:151} INFO - #False
[2024-01-20T04:48:48.142+0000] {logging_mixin.py:151} INFO - #False
[2024-01-20T04:48:48.142+0000] {logging_mixin.py:151} INFO - #False
[2024-01-20T04:48:48.143+0000] {logging_mixin.py:151} INFO - #False
[2024-01-20T04:48:48.143+0000] {logging_mixin.py:151} INFO - #False
[2024-01-20T04:48:48.143+0000] {logging_mixin.py:151} INFO - #False
[2024-01-20T04:48:48.144+0000] {logging_mixin.py:151} INFO - #False
[2024-01-20T04:48:48.144+0000] {logging_mixin.py:151} INFO - #False
[2024-01-20T04:48:48.144+0000] {logging_mixin.py:151} INFO - #False
[2024-01-20T04:48:48.144+0000] {logging_mixin.py:151} INFO - #False
[2024-01-20T04:48:48.145+0000] {logging_mixin.py:151} INFO - #False
[2024-01-20T04:48:48.145+0000] {logging_mixin.py:151} INFO - #False
[2024-01-20T04:48:48.145+0000] {logging_mixin.py:151} INFO - #False
[2024-01-20T04:48:48.145+0000] {logging_mixin.py:151} INFO - #False
[2024-01-20T04:48:48.145+0000] {logging_mixin.py:151} INFO - #False
[2024-01-20T04:48:48.146+0000] {logging_mixin.py:151} INFO - #False
[2024-01-20T04:48:48.146+0000] {logging_mixin.py:151} INFO - #False
[2024-01-20T04:48:48.146+0000] {logging_mixin.py:151} INFO - #False
[2024-01-20T04:48:48.146+0000] {logging_mixin.py:151} INFO - #False
[2024-01-20T04:48:48.147+0000] {logging_mixin.py:151} INFO - #False
[2024-01-20T04:48:48.147+0000] {logging_mixin.py:151} INFO - #False
[2024-01-20T04:48:48.147+0000] {logging_mixin.py:151} INFO - #False
[2024-01-20T04:48:48.147+0000] {logging_mixin.py:151} INFO - #False
[2024-01-20T04:48:48.148+0000] {logging_mixin.py:151} INFO - #False
[2024-01-20T04:48:48.148+0000] {logging_mixin.py:151} INFO - #False
[2024-01-20T04:48:48.148+0000] {logging_mixin.py:151} INFO - #False
[2024-01-20T04:48:48.148+0000] {logging_mixin.py:151} INFO - #False
[2024-01-20T04:48:48.149+0000] {logging_mixin.py:151} INFO - #False
[2024-01-20T04:48:48.149+0000] {logging_mixin.py:151} INFO - #False
[2024-01-20T04:48:48.149+0000] {logging_mixin.py:151} INFO - #False
[2024-01-20T04:48:48.149+0000] {logging_mixin.py:151} INFO -  submission : 
[2024-01-20T04:48:48.663+0000] {logging_mixin.py:151} INFO - #False
[2024-01-20T04:48:48.663+0000] {logging_mixin.py:151} INFO - #False
[2024-01-20T04:48:48.664+0000] {logging_mixin.py:151} INFO - #False
[2024-01-20T04:48:48.664+0000] {logging_mixin.py:151} INFO - #False
[2024-01-20T04:48:48.664+0000] {logging_mixin.py:151} INFO - #False
[2024-01-20T04:48:48.665+0000] {logging_mixin.py:151} INFO - #False
[2024-01-20T04:48:48.665+0000] {logging_mixin.py:151} INFO - #False
[2024-01-20T04:48:48.665+0000] {logging_mixin.py:151} INFO - #False
[2024-01-20T04:48:48.666+0000] {logging_mixin.py:151} INFO - #False
[2024-01-20T04:48:48.666+0000] {logging_mixin.py:151} INFO - #False
[2024-01-20T04:48:48.666+0000] {logging_mixin.py:151} INFO - #False
[2024-01-20T04:48:48.666+0000] {logging_mixin.py:151} INFO - #False
[2024-01-20T04:48:48.667+0000] {logging_mixin.py:151} INFO - #False
[2024-01-20T04:48:48.667+0000] {logging_mixin.py:151} INFO - #False
[2024-01-20T04:48:48.668+0000] {logging_mixin.py:151} INFO - #False
[2024-01-20T04:48:48.668+0000] {logging_mixin.py:151} INFO - #False
[2024-01-20T04:48:48.668+0000] {logging_mixin.py:151} INFO - #False
[2024-01-20T04:48:48.669+0000] {logging_mixin.py:151} INFO - #False
[2024-01-20T04:48:48.669+0000] {logging_mixin.py:151} INFO - #False
[2024-01-20T04:48:48.669+0000] {logging_mixin.py:151} INFO - #False
[2024-01-20T04:48:48.669+0000] {logging_mixin.py:151} INFO - #False
[2024-01-20T04:48:48.670+0000] {logging_mixin.py:151} INFO - #False
[2024-01-20T04:48:48.670+0000] {logging_mixin.py:151} INFO - #False
[2024-01-20T04:48:48.670+0000] {logging_mixin.py:151} INFO - #False
[2024-01-20T04:48:48.670+0000] {logging_mixin.py:151} INFO - #False
[2024-01-20T04:48:48.671+0000] {logging_mixin.py:151} INFO - #False
[2024-01-20T04:48:48.671+0000] {logging_mixin.py:151} INFO - #False
[2024-01-20T04:48:48.671+0000] {logging_mixin.py:151} INFO - #False
[2024-01-20T04:48:48.672+0000] {logging_mixin.py:151} INFO - #False
[2024-01-20T04:48:48.672+0000] {logging_mixin.py:151} INFO - #False
[2024-01-20T04:48:48.672+0000] {logging_mixin.py:151} INFO -  submission : 
[2024-01-20T04:48:49.181+0000] {logging_mixin.py:151} INFO - #False
[2024-01-20T04:48:49.182+0000] {logging_mixin.py:151} INFO - #False
[2024-01-20T04:48:49.182+0000] {logging_mixin.py:151} INFO - #False
[2024-01-20T04:48:49.183+0000] {logging_mixin.py:151} INFO - #False
[2024-01-20T04:48:49.183+0000] {logging_mixin.py:151} INFO - #False
[2024-01-20T04:48:49.183+0000] {logging_mixin.py:151} INFO - #False
[2024-01-20T04:48:49.183+0000] {logging_mixin.py:151} INFO - #False
[2024-01-20T04:48:49.184+0000] {logging_mixin.py:151} INFO - #False
[2024-01-20T04:48:49.184+0000] {logging_mixin.py:151} INFO - #False
[2024-01-20T04:48:49.184+0000] {logging_mixin.py:151} INFO - #False
[2024-01-20T04:48:49.184+0000] {logging_mixin.py:151} INFO - #False
[2024-01-20T04:48:49.185+0000] {logging_mixin.py:151} INFO - #False
[2024-01-20T04:48:49.185+0000] {logging_mixin.py:151} INFO - #False
[2024-01-20T04:48:49.185+0000] {logging_mixin.py:151} INFO - #False
[2024-01-20T04:48:49.185+0000] {logging_mixin.py:151} INFO - #False
[2024-01-20T04:48:49.186+0000] {logging_mixin.py:151} INFO - #False
[2024-01-20T04:48:49.186+0000] {logging_mixin.py:151} INFO - #False
[2024-01-20T04:48:49.186+0000] {logging_mixin.py:151} INFO - #False
[2024-01-20T04:48:49.186+0000] {logging_mixin.py:151} INFO - #False
[2024-01-20T04:48:49.187+0000] {logging_mixin.py:151} INFO - #False
[2024-01-20T04:48:49.187+0000] {logging_mixin.py:151} INFO - #False
[2024-01-20T04:48:49.187+0000] {logging_mixin.py:151} INFO - #False
[2024-01-20T04:48:49.187+0000] {logging_mixin.py:151} INFO - #False
[2024-01-20T04:48:49.188+0000] {logging_mixin.py:151} INFO - #False
[2024-01-20T04:48:49.188+0000] {logging_mixin.py:151} INFO - #False
[2024-01-20T04:48:49.188+0000] {logging_mixin.py:151} INFO - #False
[2024-01-20T04:48:49.188+0000] {logging_mixin.py:151} INFO - #False
[2024-01-20T04:48:49.189+0000] {logging_mixin.py:151} INFO - #False
[2024-01-20T04:48:49.189+0000] {logging_mixin.py:151} INFO - #False
[2024-01-20T04:48:49.189+0000] {logging_mixin.py:151} INFO - #False
[2024-01-20T04:48:49.189+0000] {logging_mixin.py:151} INFO -  submission : 
[2024-01-20T04:48:49.784+0000] {logging_mixin.py:151} INFO - @True
[2024-01-20T04:48:49.786+0000] {conn.py:380} INFO - <BrokerConnection node_id=bootstrap-0 host=broker:29092 <connecting> [IPv4 ('172.19.0.8', 29092)]>: connecting to broker:29092 [('172.19.0.8', 29092) IPv4]
[2024-01-20T04:48:49.786+0000] {conn.py:1205} INFO - Probing node bootstrap-0 broker version
[2024-01-20T04:48:49.787+0000] {conn.py:410} INFO - <BrokerConnection node_id=bootstrap-0 host=broker:29092 <connecting> [IPv4 ('172.19.0.8', 29092)]>: Connection complete.
[2024-01-20T04:48:49.890+0000] {conn.py:1267} INFO - Broker version identified as 2.5.0
[2024-01-20T04:48:49.890+0000] {conn.py:1268} INFO - Set configuration api_version=(2, 5, 0) to skip auto check_version requests on startup
[2024-01-20T04:48:49.955+0000] {logging_mixin.py:151} INFO - #False
[2024-01-20T04:48:49.955+0000] {logging_mixin.py:151} INFO - #False
[2024-01-20T04:48:49.956+0000] {conn.py:380} INFO - <BrokerConnection node_id=1 host=broker:29092 <connecting> [IPv4 ('172.19.0.8', 29092)]>: connecting to broker:29092 [('172.19.0.8', 29092) IPv4]
[2024-01-20T04:48:49.956+0000] {logging_mixin.py:151} INFO - #False
[2024-01-20T04:48:49.957+0000] {conn.py:410} INFO - <BrokerConnection node_id=1 host=broker:29092 <connecting> [IPv4 ('172.19.0.8', 29092)]>: Connection complete.
[2024-01-20T04:48:49.957+0000] {logging_mixin.py:151} INFO - #False
[2024-01-20T04:48:49.957+0000] {conn.py:919} INFO - <BrokerConnection node_id=bootstrap-0 host=broker:29092 <connected> [IPv4 ('172.19.0.8', 29092)]>: Closing connection. 
[2024-01-20T04:48:49.957+0000] {logging_mixin.py:151} INFO - #False
[2024-01-20T04:48:49.959+0000] {logging_mixin.py:151} INFO - #False
[2024-01-20T04:48:49.959+0000] {logging_mixin.py:151} INFO - #False
[2024-01-20T04:48:49.959+0000] {logging_mixin.py:151} INFO - #False
[2024-01-20T04:48:49.960+0000] {logging_mixin.py:151} INFO - #False
[2024-01-20T04:48:49.960+0000] {logging_mixin.py:151} INFO - #False
[2024-01-20T04:48:49.960+0000] {logging_mixin.py:151} INFO - #False
[2024-01-20T04:48:49.960+0000] {logging_mixin.py:151} INFO - #False
[2024-01-20T04:48:49.961+0000] {logging_mixin.py:151} INFO - #False
[2024-01-20T04:48:49.961+0000] {logging_mixin.py:151} INFO - #False
[2024-01-20T04:48:49.961+0000] {logging_mixin.py:151} INFO - #False
[2024-01-20T04:48:49.961+0000] {logging_mixin.py:151} INFO - #False
[2024-01-20T04:48:49.961+0000] {logging_mixin.py:151} INFO - #False
[2024-01-20T04:48:49.962+0000] {logging_mixin.py:151} INFO - #False
[2024-01-20T04:48:49.962+0000] {logging_mixin.py:151} INFO - #False
[2024-01-20T04:48:49.962+0000] {logging_mixin.py:151} INFO - #False
[2024-01-20T04:48:49.962+0000] {logging_mixin.py:151} INFO - #False
[2024-01-20T04:48:49.962+0000] {logging_mixin.py:151} INFO - #False
[2024-01-20T04:48:49.963+0000] {logging_mixin.py:151} INFO - #False
[2024-01-20T04:48:49.963+0000] {logging_mixin.py:151} INFO - #False
[2024-01-20T04:48:49.963+0000] {logging_mixin.py:151} INFO - #False
[2024-01-20T04:48:49.963+0000] {logging_mixin.py:151} INFO - #False
[2024-01-20T04:48:49.964+0000] {logging_mixin.py:151} INFO - #False
[2024-01-20T04:48:49.964+0000] {logging_mixin.py:151} INFO - #False
[2024-01-20T04:48:49.964+0000] {logging_mixin.py:151} INFO - #False
[2024-01-20T04:48:49.964+0000] {logging_mixin.py:151} INFO -  submission : 
[2024-01-20T04:48:50.589+0000] {logging_mixin.py:151} INFO - #False
[2024-01-20T04:48:50.589+0000] {logging_mixin.py:151} INFO - #False
[2024-01-20T04:48:50.590+0000] {logging_mixin.py:151} INFO - #False
[2024-01-20T04:48:50.590+0000] {logging_mixin.py:151} INFO - #False
[2024-01-20T04:48:50.591+0000] {logging_mixin.py:151} INFO - #False
[2024-01-20T04:48:50.591+0000] {logging_mixin.py:151} INFO - #False
[2024-01-20T04:48:50.591+0000] {logging_mixin.py:151} INFO - #False
[2024-01-20T04:48:50.592+0000] {logging_mixin.py:151} INFO - #False
[2024-01-20T04:48:50.592+0000] {logging_mixin.py:151} INFO - #False
[2024-01-20T04:48:50.592+0000] {logging_mixin.py:151} INFO - #False
[2024-01-20T04:48:50.593+0000] {logging_mixin.py:151} INFO - #False
[2024-01-20T04:48:50.593+0000] {logging_mixin.py:151} INFO - #False
[2024-01-20T04:48:50.593+0000] {logging_mixin.py:151} INFO - #False
[2024-01-20T04:48:50.593+0000] {logging_mixin.py:151} INFO - #False
[2024-01-20T04:48:50.594+0000] {logging_mixin.py:151} INFO - #False
[2024-01-20T04:48:50.594+0000] {logging_mixin.py:151} INFO - #False
[2024-01-20T04:48:50.595+0000] {logging_mixin.py:151} INFO - #False
[2024-01-20T04:48:50.595+0000] {logging_mixin.py:151} INFO - #False
[2024-01-20T04:48:50.595+0000] {logging_mixin.py:151} INFO - #False
[2024-01-20T04:48:50.596+0000] {logging_mixin.py:151} INFO - #False
[2024-01-20T04:48:50.596+0000] {logging_mixin.py:151} INFO - #False
[2024-01-20T04:48:50.596+0000] {logging_mixin.py:151} INFO - #False
[2024-01-20T04:48:50.596+0000] {logging_mixin.py:151} INFO - #False
[2024-01-20T04:48:50.597+0000] {logging_mixin.py:151} INFO - #False
[2024-01-20T04:48:50.597+0000] {logging_mixin.py:151} INFO - #False
[2024-01-20T04:48:50.597+0000] {logging_mixin.py:151} INFO - #False
[2024-01-20T04:48:50.597+0000] {logging_mixin.py:151} INFO - #False
[2024-01-20T04:48:50.598+0000] {logging_mixin.py:151} INFO - #False
[2024-01-20T04:48:50.598+0000] {logging_mixin.py:151} INFO - #False
[2024-01-20T04:48:50.598+0000] {logging_mixin.py:151} INFO - #False
[2024-01-20T04:48:50.602+0000] {conn.py:919} INFO - <BrokerConnection node_id=1 host=broker:29092 <connected> [IPv4 ('172.19.0.8', 29092)]>: Closing connection. 
[2024-01-20T04:48:50.603+0000] {python.py:194} INFO - Done. Returned value was: None
[2024-01-20T04:48:50.610+0000] {taskinstance.py:1400} INFO - Marking task as SUCCESS. dag_id=Kafka_Producer_4, task_id=Reddit, execution_date=20240120T044640, start_date=20240120T044845, end_date=20240120T044850
[2024-01-20T04:48:50.627+0000] {local_task_job_runner.py:228} INFO - Task exited with return code 0
[2024-01-20T04:48:50.640+0000] {taskinstance.py:2784} INFO - 0 downstream tasks scheduled from follow-on schedule check
