[2024-01-20T06:15:14.866+0000] {taskinstance.py:1159} INFO - Dependencies all met for dep_context=non-requeueable deps ti=<TaskInstance: Kafka_Producer_3.Reddit scheduled__2024-01-20T06:12:09.968957+00:00 [queued]>
[2024-01-20T06:15:14.873+0000] {taskinstance.py:1159} INFO - Dependencies all met for dep_context=requeueable deps ti=<TaskInstance: Kafka_Producer_3.Reddit scheduled__2024-01-20T06:12:09.968957+00:00 [queued]>
[2024-01-20T06:15:14.873+0000] {taskinstance.py:1361} INFO - Starting attempt 1 of 1
[2024-01-20T06:15:14.887+0000] {taskinstance.py:1382} INFO - Executing <Task(PythonOperator): Reddit> on 2024-01-20 06:12:09.968957+00:00
[2024-01-20T06:15:14.890+0000] {standard_task_runner.py:57} INFO - Started process 14792 to run task
[2024-01-20T06:15:14.892+0000] {standard_task_runner.py:84} INFO - Running: ['***', 'tasks', 'run', 'Kafka_Producer_3', 'Reddit', 'scheduled__2024-01-20T06:12:09.968957+00:00', '--job-id', '875', '--raw', '--subdir', 'DAGS_FOLDER/kafka_stream_3.py', '--cfg-path', '/tmp/tmpk9dsjwvk']
[2024-01-20T06:15:14.893+0000] {standard_task_runner.py:85} INFO - Job 875: Subtask Reddit
[2024-01-20T06:15:14.933+0000] {task_command.py:415} INFO - Running <TaskInstance: Kafka_Producer_3.Reddit scheduled__2024-01-20T06:12:09.968957+00:00 [running]> on host 45c5bfab8aa1
[2024-01-20T06:15:15.001+0000] {taskinstance.py:1660} INFO - Exporting env vars: AIRFLOW_CTX_DAG_OWNER='me' AIRFLOW_CTX_DAG_ID='Kafka_Producer_3' AIRFLOW_CTX_TASK_ID='Reddit' AIRFLOW_CTX_EXECUTION_DATE='2024-01-20T06:12:09.968957+00:00' AIRFLOW_CTX_TRY_NUMBER='1' AIRFLOW_CTX_DAG_RUN_ID='scheduled__2024-01-20T06:12:09.968957+00:00'
[2024-01-20T06:15:15.033+0000] {logging_mixin.py:151} INFO -  submission : 
[2024-01-20T06:15:15.868+0000] {logging_mixin.py:151} INFO - #False
[2024-01-20T06:15:15.869+0000] {logging_mixin.py:151} INFO - #False
[2024-01-20T06:15:15.869+0000] {logging_mixin.py:151} INFO - #False
[2024-01-20T06:15:15.869+0000] {logging_mixin.py:151} INFO - #False
[2024-01-20T06:15:15.870+0000] {logging_mixin.py:151} INFO - #False
[2024-01-20T06:15:15.870+0000] {logging_mixin.py:151} INFO - #False
[2024-01-20T06:15:15.870+0000] {logging_mixin.py:151} INFO - #False
[2024-01-20T06:15:15.871+0000] {logging_mixin.py:151} INFO - #False
[2024-01-20T06:15:15.871+0000] {logging_mixin.py:151} INFO - #False
[2024-01-20T06:15:15.871+0000] {logging_mixin.py:151} INFO - #False
[2024-01-20T06:15:15.872+0000] {logging_mixin.py:151} INFO - #False
[2024-01-20T06:15:15.872+0000] {logging_mixin.py:151} INFO - #False
[2024-01-20T06:15:15.872+0000] {logging_mixin.py:151} INFO - #False
[2024-01-20T06:15:15.872+0000] {logging_mixin.py:151} INFO - #False
[2024-01-20T06:15:15.873+0000] {logging_mixin.py:151} INFO - #False
[2024-01-20T06:15:15.873+0000] {logging_mixin.py:151} INFO - #False
[2024-01-20T06:15:15.873+0000] {logging_mixin.py:151} INFO - #False
[2024-01-20T06:15:15.874+0000] {logging_mixin.py:151} INFO - #False
[2024-01-20T06:15:15.874+0000] {logging_mixin.py:151} INFO - #False
[2024-01-20T06:15:15.875+0000] {logging_mixin.py:151} INFO - #False
[2024-01-20T06:15:15.875+0000] {logging_mixin.py:151} INFO - #False
[2024-01-20T06:15:15.875+0000] {logging_mixin.py:151} INFO - #False
[2024-01-20T06:15:15.875+0000] {logging_mixin.py:151} INFO - #False
[2024-01-20T06:15:15.876+0000] {logging_mixin.py:151} INFO - #False
[2024-01-20T06:15:15.876+0000] {logging_mixin.py:151} INFO - #False
[2024-01-20T06:15:15.876+0000] {logging_mixin.py:151} INFO - #False
[2024-01-20T06:15:15.877+0000] {logging_mixin.py:151} INFO - #False
[2024-01-20T06:15:15.877+0000] {logging_mixin.py:151} INFO - #False
[2024-01-20T06:15:15.878+0000] {logging_mixin.py:151} INFO - #False
[2024-01-20T06:15:15.878+0000] {logging_mixin.py:151} INFO - #False
[2024-01-20T06:15:15.878+0000] {logging_mixin.py:151} INFO -  submission : 
[2024-01-20T06:15:16.440+0000] {logging_mixin.py:151} INFO - #False
[2024-01-20T06:15:16.441+0000] {logging_mixin.py:151} INFO - #False
[2024-01-20T06:15:16.441+0000] {logging_mixin.py:151} INFO - #False
[2024-01-20T06:15:16.442+0000] {logging_mixin.py:151} INFO - #False
[2024-01-20T06:15:16.442+0000] {logging_mixin.py:151} INFO - #False
[2024-01-20T06:15:16.442+0000] {logging_mixin.py:151} INFO - #False
[2024-01-20T06:15:16.442+0000] {logging_mixin.py:151} INFO - #False
[2024-01-20T06:15:16.443+0000] {logging_mixin.py:151} INFO - #False
[2024-01-20T06:15:16.443+0000] {logging_mixin.py:151} INFO - #False
[2024-01-20T06:15:16.443+0000] {logging_mixin.py:151} INFO - #False
[2024-01-20T06:15:16.444+0000] {logging_mixin.py:151} INFO - #False
[2024-01-20T06:15:16.444+0000] {logging_mixin.py:151} INFO - #False
[2024-01-20T06:15:16.444+0000] {logging_mixin.py:151} INFO - #False
[2024-01-20T06:15:16.445+0000] {logging_mixin.py:151} INFO - #False
[2024-01-20T06:15:16.445+0000] {logging_mixin.py:151} INFO - #False
[2024-01-20T06:15:16.445+0000] {logging_mixin.py:151} INFO - #False
[2024-01-20T06:15:16.445+0000] {logging_mixin.py:151} INFO - #False
[2024-01-20T06:15:16.446+0000] {logging_mixin.py:151} INFO - #False
[2024-01-20T06:15:16.446+0000] {logging_mixin.py:151} INFO - #False
[2024-01-20T06:15:16.446+0000] {logging_mixin.py:151} INFO - #False
[2024-01-20T06:15:16.446+0000] {logging_mixin.py:151} INFO - #False
[2024-01-20T06:15:16.447+0000] {logging_mixin.py:151} INFO - #False
[2024-01-20T06:15:16.447+0000] {logging_mixin.py:151} INFO - #False
[2024-01-20T06:15:16.447+0000] {logging_mixin.py:151} INFO - #False
[2024-01-20T06:15:16.447+0000] {logging_mixin.py:151} INFO - #False
[2024-01-20T06:15:16.448+0000] {logging_mixin.py:151} INFO - #False
[2024-01-20T06:15:16.448+0000] {logging_mixin.py:151} INFO - #False
[2024-01-20T06:15:16.448+0000] {logging_mixin.py:151} INFO - #False
[2024-01-20T06:15:16.448+0000] {logging_mixin.py:151} INFO - #False
[2024-01-20T06:15:16.448+0000] {logging_mixin.py:151} INFO - #False
[2024-01-20T06:15:16.449+0000] {logging_mixin.py:151} INFO -  submission : 
[2024-01-20T06:15:17.298+0000] {logging_mixin.py:151} INFO - #False
[2024-01-20T06:15:17.299+0000] {logging_mixin.py:151} INFO - #False
[2024-01-20T06:15:17.300+0000] {logging_mixin.py:151} INFO - #False
[2024-01-20T06:15:17.300+0000] {logging_mixin.py:151} INFO - #False
[2024-01-20T06:15:17.300+0000] {logging_mixin.py:151} INFO - #False
[2024-01-20T06:15:17.301+0000] {logging_mixin.py:151} INFO - #False
[2024-01-20T06:15:17.301+0000] {logging_mixin.py:151} INFO - #False
[2024-01-20T06:15:17.301+0000] {logging_mixin.py:151} INFO - #False
[2024-01-20T06:15:17.302+0000] {logging_mixin.py:151} INFO - #False
[2024-01-20T06:15:17.302+0000] {logging_mixin.py:151} INFO - #False
[2024-01-20T06:15:17.302+0000] {logging_mixin.py:151} INFO - #False
[2024-01-20T06:15:17.303+0000] {logging_mixin.py:151} INFO - #False
[2024-01-20T06:15:17.303+0000] {logging_mixin.py:151} INFO - #False
[2024-01-20T06:15:17.303+0000] {logging_mixin.py:151} INFO - #False
[2024-01-20T06:15:17.303+0000] {logging_mixin.py:151} INFO - #False
[2024-01-20T06:15:17.304+0000] {logging_mixin.py:151} INFO - #False
[2024-01-20T06:15:17.304+0000] {logging_mixin.py:151} INFO - #False
[2024-01-20T06:15:17.304+0000] {logging_mixin.py:151} INFO - #False
[2024-01-20T06:15:17.305+0000] {logging_mixin.py:151} INFO - #False
[2024-01-20T06:15:17.305+0000] {logging_mixin.py:151} INFO - #False
[2024-01-20T06:15:17.305+0000] {logging_mixin.py:151} INFO - #False
[2024-01-20T06:15:17.305+0000] {logging_mixin.py:151} INFO - #False
[2024-01-20T06:15:17.305+0000] {logging_mixin.py:151} INFO - #False
[2024-01-20T06:15:17.306+0000] {logging_mixin.py:151} INFO - #False
[2024-01-20T06:15:17.306+0000] {logging_mixin.py:151} INFO - #False
[2024-01-20T06:15:17.306+0000] {logging_mixin.py:151} INFO - #False
[2024-01-20T06:15:17.306+0000] {logging_mixin.py:151} INFO - #False
[2024-01-20T06:15:17.307+0000] {logging_mixin.py:151} INFO - #False
[2024-01-20T06:15:17.307+0000] {logging_mixin.py:151} INFO - #False
[2024-01-20T06:15:17.307+0000] {logging_mixin.py:151} INFO - #False
[2024-01-20T06:15:17.307+0000] {logging_mixin.py:151} INFO -  submission : 
[2024-01-20T06:15:17.789+0000] {logging_mixin.py:151} INFO - #False
[2024-01-20T06:15:17.790+0000] {logging_mixin.py:151} INFO - #False
[2024-01-20T06:15:17.790+0000] {logging_mixin.py:151} INFO - #False
[2024-01-20T06:15:17.791+0000] {logging_mixin.py:151} INFO - #False
[2024-01-20T06:15:17.791+0000] {logging_mixin.py:151} INFO - #False
[2024-01-20T06:15:17.791+0000] {logging_mixin.py:151} INFO - #False
[2024-01-20T06:15:17.792+0000] {logging_mixin.py:151} INFO - #False
[2024-01-20T06:15:17.792+0000] {logging_mixin.py:151} INFO - #False
[2024-01-20T06:15:17.792+0000] {logging_mixin.py:151} INFO - #False
[2024-01-20T06:15:17.792+0000] {logging_mixin.py:151} INFO - #False
[2024-01-20T06:15:17.793+0000] {logging_mixin.py:151} INFO - #False
[2024-01-20T06:15:17.793+0000] {logging_mixin.py:151} INFO - #False
[2024-01-20T06:15:17.793+0000] {logging_mixin.py:151} INFO - #False
[2024-01-20T06:15:17.794+0000] {logging_mixin.py:151} INFO - #False
[2024-01-20T06:15:17.794+0000] {logging_mixin.py:151} INFO - #False
[2024-01-20T06:15:17.794+0000] {logging_mixin.py:151} INFO - #False
[2024-01-20T06:15:17.795+0000] {logging_mixin.py:151} INFO - #False
[2024-01-20T06:15:17.795+0000] {logging_mixin.py:151} INFO - #False
[2024-01-20T06:15:17.795+0000] {logging_mixin.py:151} INFO - #False
[2024-01-20T06:15:17.796+0000] {logging_mixin.py:151} INFO - #False
[2024-01-20T06:15:17.796+0000] {logging_mixin.py:151} INFO - #False
[2024-01-20T06:15:17.797+0000] {logging_mixin.py:151} INFO - #False
[2024-01-20T06:15:17.797+0000] {logging_mixin.py:151} INFO - #False
[2024-01-20T06:15:17.797+0000] {logging_mixin.py:151} INFO - #False
[2024-01-20T06:15:17.798+0000] {logging_mixin.py:151} INFO - #False
[2024-01-20T06:15:17.798+0000] {logging_mixin.py:151} INFO - #False
[2024-01-20T06:15:17.798+0000] {logging_mixin.py:151} INFO - #False
[2024-01-20T06:15:17.798+0000] {logging_mixin.py:151} INFO - #False
[2024-01-20T06:15:17.799+0000] {logging_mixin.py:151} INFO - #False
[2024-01-20T06:15:17.799+0000] {logging_mixin.py:151} INFO - #False
[2024-01-20T06:15:17.799+0000] {logging_mixin.py:151} INFO -  submission : 
[2024-01-20T06:15:18.332+0000] {logging_mixin.py:151} INFO - #False
[2024-01-20T06:15:18.333+0000] {logging_mixin.py:151} INFO - #False
[2024-01-20T06:15:18.333+0000] {logging_mixin.py:151} INFO - #False
[2024-01-20T06:15:18.333+0000] {logging_mixin.py:151} INFO - #False
[2024-01-20T06:15:18.334+0000] {logging_mixin.py:151} INFO - #False
[2024-01-20T06:15:18.334+0000] {logging_mixin.py:151} INFO - #False
[2024-01-20T06:15:18.334+0000] {logging_mixin.py:151} INFO - #False
[2024-01-20T06:15:18.334+0000] {logging_mixin.py:151} INFO - #False
[2024-01-20T06:15:18.334+0000] {logging_mixin.py:151} INFO - #False
[2024-01-20T06:15:18.335+0000] {logging_mixin.py:151} INFO - #False
[2024-01-20T06:15:18.335+0000] {logging_mixin.py:151} INFO - #False
[2024-01-20T06:15:18.335+0000] {logging_mixin.py:151} INFO - #False
[2024-01-20T06:15:18.335+0000] {logging_mixin.py:151} INFO - #False
[2024-01-20T06:15:18.336+0000] {logging_mixin.py:151} INFO - #False
[2024-01-20T06:15:18.336+0000] {logging_mixin.py:151} INFO - #False
[2024-01-20T06:15:18.336+0000] {logging_mixin.py:151} INFO - #False
[2024-01-20T06:15:18.336+0000] {logging_mixin.py:151} INFO - #False
[2024-01-20T06:15:18.336+0000] {logging_mixin.py:151} INFO - #False
[2024-01-20T06:15:18.337+0000] {logging_mixin.py:151} INFO - #False
[2024-01-20T06:15:18.337+0000] {logging_mixin.py:151} INFO - #False
[2024-01-20T06:15:18.337+0000] {logging_mixin.py:151} INFO - #False
[2024-01-20T06:15:18.337+0000] {logging_mixin.py:151} INFO - #False
[2024-01-20T06:15:18.338+0000] {logging_mixin.py:151} INFO - #False
[2024-01-20T06:15:18.338+0000] {logging_mixin.py:151} INFO - #False
[2024-01-20T06:15:18.338+0000] {logging_mixin.py:151} INFO - #False
[2024-01-20T06:15:18.338+0000] {logging_mixin.py:151} INFO - #False
[2024-01-20T06:15:18.339+0000] {logging_mixin.py:151} INFO - #False
[2024-01-20T06:15:18.339+0000] {logging_mixin.py:151} INFO - #False
[2024-01-20T06:15:18.339+0000] {logging_mixin.py:151} INFO - #False
[2024-01-20T06:15:18.339+0000] {logging_mixin.py:151} INFO - #False
[2024-01-20T06:15:18.340+0000] {logging_mixin.py:151} INFO -  submission : 
[2024-01-20T06:15:18.912+0000] {logging_mixin.py:151} INFO - #False
[2024-01-20T06:15:18.912+0000] {logging_mixin.py:151} INFO - #False
[2024-01-20T06:15:18.913+0000] {logging_mixin.py:151} INFO - #False
[2024-01-20T06:15:18.913+0000] {logging_mixin.py:151} INFO - #False
[2024-01-20T06:15:18.913+0000] {logging_mixin.py:151} INFO - #False
[2024-01-20T06:15:18.913+0000] {logging_mixin.py:151} INFO - #False
[2024-01-20T06:15:18.914+0000] {logging_mixin.py:151} INFO - #False
[2024-01-20T06:15:18.914+0000] {logging_mixin.py:151} INFO - #False
[2024-01-20T06:15:18.914+0000] {logging_mixin.py:151} INFO - #False
[2024-01-20T06:15:18.914+0000] {logging_mixin.py:151} INFO - #False
[2024-01-20T06:15:18.915+0000] {logging_mixin.py:151} INFO - #False
[2024-01-20T06:15:18.915+0000] {logging_mixin.py:151} INFO - #False
[2024-01-20T06:15:18.915+0000] {logging_mixin.py:151} INFO - #False
[2024-01-20T06:15:18.916+0000] {logging_mixin.py:151} INFO - #False
[2024-01-20T06:15:18.916+0000] {logging_mixin.py:151} INFO - #False
[2024-01-20T06:15:18.916+0000] {logging_mixin.py:151} INFO - #False
[2024-01-20T06:15:18.916+0000] {logging_mixin.py:151} INFO - #False
[2024-01-20T06:15:18.917+0000] {logging_mixin.py:151} INFO - #False
[2024-01-20T06:15:18.917+0000] {logging_mixin.py:151} INFO - #False
[2024-01-20T06:15:18.917+0000] {logging_mixin.py:151} INFO - #False
[2024-01-20T06:15:18.917+0000] {logging_mixin.py:151} INFO - #False
[2024-01-20T06:15:18.918+0000] {logging_mixin.py:151} INFO - #False
[2024-01-20T06:15:18.918+0000] {logging_mixin.py:151} INFO - #False
[2024-01-20T06:15:18.918+0000] {logging_mixin.py:151} INFO - #False
[2024-01-20T06:15:18.918+0000] {logging_mixin.py:151} INFO - #False
[2024-01-20T06:15:18.919+0000] {logging_mixin.py:151} INFO - #False
[2024-01-20T06:15:18.919+0000] {logging_mixin.py:151} INFO - #False
[2024-01-20T06:15:18.919+0000] {logging_mixin.py:151} INFO - #False
[2024-01-20T06:15:18.919+0000] {logging_mixin.py:151} INFO - #False
[2024-01-20T06:15:18.919+0000] {logging_mixin.py:151} INFO - #False
[2024-01-20T06:15:18.920+0000] {logging_mixin.py:151} INFO -  submission : 
[2024-01-20T06:15:19.517+0000] {logging_mixin.py:151} INFO - #False
[2024-01-20T06:15:19.518+0000] {logging_mixin.py:151} INFO - #False
[2024-01-20T06:15:19.518+0000] {logging_mixin.py:151} INFO - #False
[2024-01-20T06:15:19.518+0000] {logging_mixin.py:151} INFO - #False
[2024-01-20T06:15:19.518+0000] {logging_mixin.py:151} INFO - #False
[2024-01-20T06:15:19.519+0000] {logging_mixin.py:151} INFO - #False
[2024-01-20T06:15:19.519+0000] {logging_mixin.py:151} INFO - #False
[2024-01-20T06:15:19.519+0000] {logging_mixin.py:151} INFO - #False
[2024-01-20T06:15:19.519+0000] {logging_mixin.py:151} INFO - #False
[2024-01-20T06:15:19.520+0000] {logging_mixin.py:151} INFO - #False
[2024-01-20T06:15:19.520+0000] {logging_mixin.py:151} INFO - #False
[2024-01-20T06:15:19.520+0000] {logging_mixin.py:151} INFO - #False
[2024-01-20T06:15:19.520+0000] {logging_mixin.py:151} INFO - #False
[2024-01-20T06:15:19.520+0000] {logging_mixin.py:151} INFO - #False
[2024-01-20T06:15:19.521+0000] {logging_mixin.py:151} INFO - #False
[2024-01-20T06:15:19.521+0000] {logging_mixin.py:151} INFO - #False
[2024-01-20T06:15:19.521+0000] {logging_mixin.py:151} INFO - #False
[2024-01-20T06:15:19.521+0000] {logging_mixin.py:151} INFO - #False
[2024-01-20T06:15:19.521+0000] {logging_mixin.py:151} INFO - #False
[2024-01-20T06:15:19.522+0000] {logging_mixin.py:151} INFO - #False
[2024-01-20T06:15:19.522+0000] {logging_mixin.py:151} INFO - #False
[2024-01-20T06:15:19.522+0000] {logging_mixin.py:151} INFO - #False
[2024-01-20T06:15:19.523+0000] {logging_mixin.py:151} INFO - #False
[2024-01-20T06:15:19.523+0000] {logging_mixin.py:151} INFO - #False
[2024-01-20T06:15:19.523+0000] {logging_mixin.py:151} INFO - #False
[2024-01-20T06:15:19.524+0000] {logging_mixin.py:151} INFO - #False
[2024-01-20T06:15:19.524+0000] {logging_mixin.py:151} INFO - #False
[2024-01-20T06:15:19.524+0000] {logging_mixin.py:151} INFO - #False
[2024-01-20T06:15:19.524+0000] {logging_mixin.py:151} INFO - #False
[2024-01-20T06:15:19.524+0000] {logging_mixin.py:151} INFO - #False
[2024-01-20T06:15:19.525+0000] {logging_mixin.py:151} INFO -  submission : 
[2024-01-20T06:15:20.131+0000] {logging_mixin.py:151} INFO - #False
[2024-01-20T06:15:20.132+0000] {logging_mixin.py:151} INFO - #False
[2024-01-20T06:15:20.133+0000] {logging_mixin.py:151} INFO - #False
[2024-01-20T06:15:20.133+0000] {logging_mixin.py:151} INFO - #False
[2024-01-20T06:15:20.133+0000] {logging_mixin.py:151} INFO - #False
[2024-01-20T06:15:20.134+0000] {logging_mixin.py:151} INFO - #False
[2024-01-20T06:15:20.134+0000] {logging_mixin.py:151} INFO - #False
[2024-01-20T06:15:20.135+0000] {logging_mixin.py:151} INFO - #False
[2024-01-20T06:15:20.135+0000] {logging_mixin.py:151} INFO - #False
[2024-01-20T06:15:20.136+0000] {logging_mixin.py:151} INFO - #False
[2024-01-20T06:15:20.136+0000] {logging_mixin.py:151} INFO - #False
[2024-01-20T06:15:20.136+0000] {logging_mixin.py:151} INFO - #False
[2024-01-20T06:15:20.137+0000] {logging_mixin.py:151} INFO - #False
[2024-01-20T06:15:20.137+0000] {logging_mixin.py:151} INFO - #False
[2024-01-20T06:15:20.137+0000] {logging_mixin.py:151} INFO - #False
[2024-01-20T06:15:20.137+0000] {logging_mixin.py:151} INFO - #False
[2024-01-20T06:15:20.138+0000] {logging_mixin.py:151} INFO - #False
[2024-01-20T06:15:20.138+0000] {logging_mixin.py:151} INFO - #False
[2024-01-20T06:15:20.138+0000] {logging_mixin.py:151} INFO - #False
[2024-01-20T06:15:20.138+0000] {logging_mixin.py:151} INFO - #False
[2024-01-20T06:15:20.139+0000] {logging_mixin.py:151} INFO - #False
[2024-01-20T06:15:20.139+0000] {logging_mixin.py:151} INFO - #False
[2024-01-20T06:15:20.139+0000] {logging_mixin.py:151} INFO - #False
[2024-01-20T06:15:20.139+0000] {logging_mixin.py:151} INFO - #False
[2024-01-20T06:15:20.140+0000] {logging_mixin.py:151} INFO - #False
[2024-01-20T06:15:20.140+0000] {logging_mixin.py:151} INFO - #False
[2024-01-20T06:15:20.140+0000] {logging_mixin.py:151} INFO - #False
[2024-01-20T06:15:20.140+0000] {logging_mixin.py:151} INFO - #False
[2024-01-20T06:15:20.141+0000] {logging_mixin.py:151} INFO - #False
[2024-01-20T06:15:20.141+0000] {logging_mixin.py:151} INFO - #False
[2024-01-20T06:15:20.141+0000] {python.py:194} INFO - Done. Returned value was: None
[2024-01-20T06:15:20.148+0000] {taskinstance.py:1400} INFO - Marking task as SUCCESS. dag_id=Kafka_Producer_3, task_id=Reddit, execution_date=20240120T061209, start_date=20240120T061514, end_date=20240120T061520
[2024-01-20T06:15:20.185+0000] {local_task_job_runner.py:228} INFO - Task exited with return code 0
[2024-01-20T06:15:20.198+0000] {taskinstance.py:2784} INFO - 0 downstream tasks scheduled from follow-on schedule check
