[2024-01-20T19:21:25.756+0000] {taskinstance.py:1159} INFO - Dependencies all met for dep_context=non-requeueable deps ti=<TaskInstance: Stream_reddit_to_cassandra.submit_spark_job scheduled__2024-01-20T19:14:40.846417+00:00 [queued]>
[2024-01-20T19:21:25.763+0000] {taskinstance.py:1159} INFO - Dependencies all met for dep_context=requeueable deps ti=<TaskInstance: Stream_reddit_to_cassandra.submit_spark_job scheduled__2024-01-20T19:14:40.846417+00:00 [queued]>
[2024-01-20T19:21:25.764+0000] {taskinstance.py:1361} INFO - Starting attempt 1 of 1
[2024-01-20T19:21:25.780+0000] {taskinstance.py:1382} INFO - Executing <Task(SparkSubmitOperator): submit_spark_job> on 2024-01-20 19:14:40.846417+00:00
[2024-01-20T19:21:25.784+0000] {standard_task_runner.py:57} INFO - Started process 997 to run task
[2024-01-20T19:21:25.787+0000] {standard_task_runner.py:84} INFO - Running: ['***', 'tasks', 'run', 'Stream_reddit_to_cassandra', 'submit_spark_job', 'scheduled__2024-01-20T19:14:40.846417+00:00', '--job-id', '1149', '--raw', '--subdir', 'DAGS_FOLDER/stream_reddit.py', '--cfg-path', '/tmp/tmpdut0gfgc']
[2024-01-20T19:21:25.789+0000] {standard_task_runner.py:85} INFO - Job 1149: Subtask submit_spark_job
[2024-01-20T19:21:25.830+0000] {task_command.py:415} INFO - Running <TaskInstance: Stream_reddit_to_cassandra.submit_spark_job scheduled__2024-01-20T19:14:40.846417+00:00 [running]> on host 45c5bfab8aa1
[2024-01-20T19:21:25.894+0000] {taskinstance.py:1660} INFO - Exporting env vars: AIRFLOW_CTX_DAG_OWNER='***' AIRFLOW_CTX_DAG_ID='Stream_reddit_to_cassandra' AIRFLOW_CTX_TASK_ID='submit_spark_job' AIRFLOW_CTX_EXECUTION_DATE='2024-01-20T19:14:40.846417+00:00' AIRFLOW_CTX_TRY_NUMBER='1' AIRFLOW_CTX_DAG_RUN_ID='scheduled__2024-01-20T19:14:40.846417+00:00'
[2024-01-20T19:21:25.902+0000] {base.py:73} INFO - Using connection ID 'spark_default' for task execution.
[2024-01-20T19:21:25.903+0000] {spark_submit.py:401} INFO - Spark-Submit cmd: spark-submit --master spark://172.19.0.4:7077 --conf spark.jars.packages=org.apache.spark:spark-streaming-kafka-0-10_2.12:3.1.2 --conf spark.jars.excludes=org.scala-lang:scala-reflect --packages com.datastax.spark:spark-cassandra-connector_2.12:3.4.1,org.apache.spark:spark-sql-kafka-0-10_2.12:3.4.1 --name arrow-spark --queue root.default --deploy-mode client /opt/***/shared_volume/stream_reddit.py
[2024-01-20T19:21:26.015+0000] {spark_submit.py:571} INFO - /home/***/.local/lib/python3.9/site-packages/pyspark/bin/load-spark-env.sh: line 68: ps: command not found
[2024-01-20T19:21:27.297+0000] {spark_submit.py:571} INFO - :: loading settings :: url = jar:file:/home/***/.local/lib/python3.9/site-packages/pyspark/jars/ivy-2.5.1.jar!/org/apache/ivy/core/settings/ivysettings.xml
[2024-01-20T19:21:27.414+0000] {spark_submit.py:571} INFO - Ivy Default Cache set to: /home/***/.ivy2/cache
[2024-01-20T19:21:27.415+0000] {spark_submit.py:571} INFO - The jars for the packages stored in: /home/***/.ivy2/jars
[2024-01-20T19:21:27.418+0000] {spark_submit.py:571} INFO - com.datastax.spark#spark-cassandra-connector_2.12 added as a dependency
[2024-01-20T19:21:27.418+0000] {spark_submit.py:571} INFO - org.apache.spark#spark-sql-kafka-0-10_2.12 added as a dependency
[2024-01-20T19:21:27.419+0000] {spark_submit.py:571} INFO - :: resolving dependencies :: org.apache.spark#spark-submit-parent-468d198a-c707-4482-bf98-eee994fcbd87;1.0
[2024-01-20T19:21:27.419+0000] {spark_submit.py:571} INFO - confs: [default]
[2024-01-20T19:21:27.491+0000] {spark_submit.py:571} INFO - found com.datastax.spark#spark-cassandra-connector_2.12;3.4.1 in central
[2024-01-20T19:21:27.514+0000] {spark_submit.py:571} INFO - found com.datastax.spark#spark-cassandra-connector-driver_2.12;3.4.1 in central
[2024-01-20T19:21:27.535+0000] {spark_submit.py:571} INFO - found org.scala-lang.modules#scala-collection-compat_2.12;2.11.0 in central
[2024-01-20T19:21:27.560+0000] {spark_submit.py:571} INFO - found com.datastax.oss#java-driver-core-shaded;4.13.0 in central
[2024-01-20T19:21:27.577+0000] {spark_submit.py:571} INFO - found com.datastax.oss#native-protocol;1.5.0 in central
[2024-01-20T19:21:27.592+0000] {spark_submit.py:571} INFO - found com.datastax.oss#java-driver-shaded-guava;25.1-jre-graal-sub-1 in central
[2024-01-20T19:21:27.602+0000] {spark_submit.py:571} INFO - found com.typesafe#config;1.4.1 in central
[2024-01-20T19:21:27.612+0000] {spark_submit.py:571} INFO - found org.slf4j#slf4j-api;1.7.26 in central
[2024-01-20T19:21:27.622+0000] {spark_submit.py:571} INFO - found io.dropwizard.metrics#metrics-core;4.1.18 in central
[2024-01-20T19:21:27.637+0000] {spark_submit.py:571} INFO - found org.hdrhistogram#HdrHistogram;2.1.12 in central
[2024-01-20T19:21:27.645+0000] {spark_submit.py:571} INFO - found org.reactivestreams#reactive-streams;1.0.3 in central
[2024-01-20T19:21:27.654+0000] {spark_submit.py:571} INFO - found com.github.stephenc.jcip#jcip-annotations;1.0-1 in central
[2024-01-20T19:21:27.663+0000] {spark_submit.py:571} INFO - found com.github.spotbugs#spotbugs-annotations;3.1.12 in central
[2024-01-20T19:21:27.672+0000] {spark_submit.py:571} INFO - found com.google.code.findbugs#jsr305;3.0.2 in central
[2024-01-20T19:21:27.681+0000] {spark_submit.py:571} INFO - found com.datastax.oss#java-driver-mapper-runtime;4.13.0 in central
[2024-01-20T19:21:27.690+0000] {spark_submit.py:571} INFO - found com.datastax.oss#java-driver-query-builder;4.13.0 in central
[2024-01-20T19:21:27.702+0000] {spark_submit.py:571} INFO - found org.apache.commons#commons-lang3;3.10 in central
[2024-01-20T19:21:27.718+0000] {spark_submit.py:571} INFO - found com.thoughtworks.paranamer#paranamer;2.8 in central
[2024-01-20T19:21:27.736+0000] {spark_submit.py:571} INFO - found org.apache.spark#spark-sql-kafka-0-10_2.12;3.4.1 in central
[2024-01-20T19:21:27.752+0000] {spark_submit.py:571} INFO - found org.apache.spark#spark-token-provider-kafka-0-10_2.12;3.4.1 in central
[2024-01-20T19:21:27.762+0000] {spark_submit.py:571} INFO - found org.apache.kafka#kafka-clients;3.3.2 in central
[2024-01-20T19:21:27.769+0000] {spark_submit.py:571} INFO - found org.lz4#lz4-java;1.8.0 in central
[2024-01-20T19:21:27.776+0000] {spark_submit.py:571} INFO - found org.xerial.snappy#snappy-java;1.1.10.1 in central
[2024-01-20T19:21:27.785+0000] {spark_submit.py:571} INFO - found org.slf4j#slf4j-api;2.0.6 in central
[2024-01-20T19:21:27.799+0000] {spark_submit.py:571} INFO - found org.apache.hadoop#hadoop-client-runtime;3.3.4 in central
[2024-01-20T19:21:27.813+0000] {spark_submit.py:571} INFO - found org.apache.hadoop#hadoop-client-api;3.3.4 in central
[2024-01-20T19:21:27.822+0000] {spark_submit.py:571} INFO - found commons-logging#commons-logging;1.1.3 in central
[2024-01-20T19:21:27.831+0000] {spark_submit.py:571} INFO - found org.apache.commons#commons-pool2;2.11.1 in central
[2024-01-20T19:21:27.848+0000] {spark_submit.py:571} INFO - :: resolution report :: resolve 420ms :: artifacts dl 10ms
[2024-01-20T19:21:27.850+0000] {spark_submit.py:571} INFO - :: modules in use:
[2024-01-20T19:21:27.850+0000] {spark_submit.py:571} INFO - com.datastax.oss#java-driver-core-shaded;4.13.0 from central in [default]
[2024-01-20T19:21:27.850+0000] {spark_submit.py:571} INFO - com.datastax.oss#java-driver-mapper-runtime;4.13.0 from central in [default]
[2024-01-20T19:21:27.851+0000] {spark_submit.py:571} INFO - com.datastax.oss#java-driver-query-builder;4.13.0 from central in [default]
[2024-01-20T19:21:27.851+0000] {spark_submit.py:571} INFO - com.datastax.oss#java-driver-shaded-guava;25.1-jre-graal-sub-1 from central in [default]
[2024-01-20T19:21:27.851+0000] {spark_submit.py:571} INFO - com.datastax.oss#native-protocol;1.5.0 from central in [default]
[2024-01-20T19:21:27.852+0000] {spark_submit.py:571} INFO - com.datastax.spark#spark-cassandra-connector-driver_2.12;3.4.1 from central in [default]
[2024-01-20T19:21:27.852+0000] {spark_submit.py:571} INFO - com.datastax.spark#spark-cassandra-connector_2.12;3.4.1 from central in [default]
[2024-01-20T19:21:27.853+0000] {spark_submit.py:571} INFO - com.github.spotbugs#spotbugs-annotations;3.1.12 from central in [default]
[2024-01-20T19:21:27.853+0000] {spark_submit.py:571} INFO - com.github.stephenc.jcip#jcip-annotations;1.0-1 from central in [default]
[2024-01-20T19:21:27.853+0000] {spark_submit.py:571} INFO - com.google.code.findbugs#jsr305;3.0.2 from central in [default]
[2024-01-20T19:21:27.854+0000] {spark_submit.py:571} INFO - com.thoughtworks.paranamer#paranamer;2.8 from central in [default]
[2024-01-20T19:21:27.854+0000] {spark_submit.py:571} INFO - com.typesafe#config;1.4.1 from central in [default]
[2024-01-20T19:21:27.854+0000] {spark_submit.py:571} INFO - commons-logging#commons-logging;1.1.3 from central in [default]
[2024-01-20T19:21:27.855+0000] {spark_submit.py:571} INFO - io.dropwizard.metrics#metrics-core;4.1.18 from central in [default]
[2024-01-20T19:21:27.855+0000] {spark_submit.py:571} INFO - org.apache.commons#commons-lang3;3.10 from central in [default]
[2024-01-20T19:21:27.855+0000] {spark_submit.py:571} INFO - org.apache.commons#commons-pool2;2.11.1 from central in [default]
[2024-01-20T19:21:27.856+0000] {spark_submit.py:571} INFO - org.apache.hadoop#hadoop-client-api;3.3.4 from central in [default]
[2024-01-20T19:21:27.856+0000] {spark_submit.py:571} INFO - org.apache.hadoop#hadoop-client-runtime;3.3.4 from central in [default]
[2024-01-20T19:21:27.857+0000] {spark_submit.py:571} INFO - org.apache.kafka#kafka-clients;3.3.2 from central in [default]
[2024-01-20T19:21:27.857+0000] {spark_submit.py:571} INFO - org.apache.spark#spark-sql-kafka-0-10_2.12;3.4.1 from central in [default]
[2024-01-20T19:21:27.857+0000] {spark_submit.py:571} INFO - org.apache.spark#spark-token-provider-kafka-0-10_2.12;3.4.1 from central in [default]
[2024-01-20T19:21:27.858+0000] {spark_submit.py:571} INFO - org.hdrhistogram#HdrHistogram;2.1.12 from central in [default]
[2024-01-20T19:21:27.858+0000] {spark_submit.py:571} INFO - org.lz4#lz4-java;1.8.0 from central in [default]
[2024-01-20T19:21:27.858+0000] {spark_submit.py:571} INFO - org.reactivestreams#reactive-streams;1.0.3 from central in [default]
[2024-01-20T19:21:27.859+0000] {spark_submit.py:571} INFO - org.scala-lang.modules#scala-collection-compat_2.12;2.11.0 from central in [default]
[2024-01-20T19:21:27.859+0000] {spark_submit.py:571} INFO - org.slf4j#slf4j-api;2.0.6 from central in [default]
[2024-01-20T19:21:27.860+0000] {spark_submit.py:571} INFO - org.xerial.snappy#snappy-java;1.1.10.1 from central in [default]
[2024-01-20T19:21:27.860+0000] {spark_submit.py:571} INFO - :: evicted modules:
[2024-01-20T19:21:27.861+0000] {spark_submit.py:571} INFO - org.slf4j#slf4j-api;1.7.26 by [org.slf4j#slf4j-api;2.0.6] in [default]
[2024-01-20T19:21:27.861+0000] {spark_submit.py:571} INFO - com.google.code.findbugs#jsr305;3.0.0 by [com.google.code.findbugs#jsr305;3.0.2] in [default]
[2024-01-20T19:21:27.861+0000] {spark_submit.py:571} INFO - ---------------------------------------------------------------------
[2024-01-20T19:21:27.862+0000] {spark_submit.py:571} INFO - |                  |            modules            ||   artifacts   |
[2024-01-20T19:21:27.862+0000] {spark_submit.py:571} INFO - |       conf       | number| search|dwnlded|evicted|| number|dwnlded|
[2024-01-20T19:21:27.863+0000] {spark_submit.py:571} INFO - ---------------------------------------------------------------------
[2024-01-20T19:21:27.863+0000] {spark_submit.py:571} INFO - |      default     |   29  |   0   |   0   |   2   ||   27  |   0   |
[2024-01-20T19:21:27.863+0000] {spark_submit.py:571} INFO - ---------------------------------------------------------------------
[2024-01-20T19:21:27.864+0000] {spark_submit.py:571} INFO - :: retrieving :: org.apache.spark#spark-submit-parent-468d198a-c707-4482-bf98-eee994fcbd87
[2024-01-20T19:21:27.864+0000] {spark_submit.py:571} INFO - confs: [default]
[2024-01-20T19:21:27.867+0000] {spark_submit.py:571} INFO - 0 artifacts copied, 27 already retrieved (0kB/11ms)
[2024-01-20T19:21:27.986+0000] {spark_submit.py:571} INFO - 24/01/20 19:21:27 WARN NativeCodeLoader: Unable to load native-hadoop library for your platform... using builtin-java classes where applicable
[2024-01-20T19:21:29.800+0000] {spark_submit.py:571} INFO - 24/01/20 19:21:29 INFO SparkContext: Running Spark version 3.4.1
[2024-01-20T19:21:29.815+0000] {spark_submit.py:571} INFO - 24/01/20 19:21:29 INFO ResourceUtils: ==============================================================
[2024-01-20T19:21:29.816+0000] {spark_submit.py:571} INFO - 24/01/20 19:21:29 INFO ResourceUtils: No custom resources configured for spark.driver.
[2024-01-20T19:21:29.816+0000] {spark_submit.py:571} INFO - 24/01/20 19:21:29 INFO ResourceUtils: ==============================================================
[2024-01-20T19:21:29.817+0000] {spark_submit.py:571} INFO - 24/01/20 19:21:29 INFO SparkContext: Submitted application: SparkDataStreaming
[2024-01-20T19:21:29.831+0000] {spark_submit.py:571} INFO - 24/01/20 19:21:29 INFO ResourceProfile: Default ResourceProfile created, executor resources: Map(memory -> name: memory, amount: 1024, script: , vendor: , offHeap -> name: offHeap, amount: 0, script: , vendor: ), task resources: Map(cpus -> name: cpus, amount: 1.0)
[2024-01-20T19:21:29.841+0000] {spark_submit.py:571} INFO - 24/01/20 19:21:29 INFO ResourceProfile: Limiting resource is cpu
[2024-01-20T19:21:29.842+0000] {spark_submit.py:571} INFO - 24/01/20 19:21:29 INFO ResourceProfileManager: Added ResourceProfile id: 0
[2024-01-20T19:21:29.882+0000] {spark_submit.py:571} INFO - 24/01/20 19:21:29 INFO SecurityManager: Changing view acls to: ***
[2024-01-20T19:21:29.883+0000] {spark_submit.py:571} INFO - 24/01/20 19:21:29 INFO SecurityManager: Changing modify acls to: ***
[2024-01-20T19:21:29.884+0000] {spark_submit.py:571} INFO - 24/01/20 19:21:29 INFO SecurityManager: Changing view acls groups to:
[2024-01-20T19:21:29.884+0000] {spark_submit.py:571} INFO - 24/01/20 19:21:29 INFO SecurityManager: Changing modify acls groups to:
[2024-01-20T19:21:29.884+0000] {spark_submit.py:571} INFO - 24/01/20 19:21:29 INFO SecurityManager: SecurityManager: authentication disabled; ui acls disabled; users with view permissions: ***; groups with view permissions: EMPTY; users with modify permissions: ***; groups with modify permissions: EMPTY
[2024-01-20T19:21:30.062+0000] {spark_submit.py:571} INFO - 24/01/20 19:21:30 INFO Utils: Successfully started service 'sparkDriver' on port 44285.
[2024-01-20T19:21:30.087+0000] {spark_submit.py:571} INFO - 24/01/20 19:21:30 INFO SparkEnv: Registering MapOutputTracker
[2024-01-20T19:21:30.112+0000] {spark_submit.py:571} INFO - 24/01/20 19:21:30 INFO SparkEnv: Registering BlockManagerMaster
[2024-01-20T19:21:30.125+0000] {spark_submit.py:571} INFO - 24/01/20 19:21:30 INFO BlockManagerMasterEndpoint: Using org.apache.spark.storage.DefaultTopologyMapper for getting topology information
[2024-01-20T19:21:30.126+0000] {spark_submit.py:571} INFO - 24/01/20 19:21:30 INFO BlockManagerMasterEndpoint: BlockManagerMasterEndpoint up
[2024-01-20T19:21:30.128+0000] {spark_submit.py:571} INFO - 24/01/20 19:21:30 INFO SparkEnv: Registering BlockManagerMasterHeartbeat
[2024-01-20T19:21:30.145+0000] {spark_submit.py:571} INFO - 24/01/20 19:21:30 INFO DiskBlockManager: Created local directory at /tmp/blockmgr-12b66b52-fd9c-4b9e-a670-8966e4c3b569
[2024-01-20T19:21:30.157+0000] {spark_submit.py:571} INFO - 24/01/20 19:21:30 INFO MemoryStore: MemoryStore started with capacity 434.4 MiB
[2024-01-20T19:21:30.168+0000] {spark_submit.py:571} INFO - 24/01/20 19:21:30 INFO SparkEnv: Registering OutputCommitCoordinator
[2024-01-20T19:21:30.272+0000] {spark_submit.py:571} INFO - 24/01/20 19:21:30 INFO JettyUtils: Start Jetty 0.0.0.0:4040 for SparkUI
[2024-01-20T19:21:30.324+0000] {spark_submit.py:571} INFO - 24/01/20 19:21:30 INFO Utils: Successfully started service 'SparkUI' on port 4040.
[2024-01-20T19:21:30.352+0000] {spark_submit.py:571} INFO - 24/01/20 19:21:30 INFO SparkContext: Added JAR file:///home/***/.ivy2/jars/com.datastax.spark_spark-cassandra-connector_2.12-3.4.1.jar at spark://45c5bfab8aa1:44285/jars/com.datastax.spark_spark-cassandra-connector_2.12-3.4.1.jar with timestamp 1705778489793
[2024-01-20T19:21:30.352+0000] {spark_submit.py:571} INFO - 24/01/20 19:21:30 INFO SparkContext: Added JAR file:///home/***/.ivy2/jars/org.apache.spark_spark-sql-kafka-0-10_2.12-3.4.1.jar at spark://45c5bfab8aa1:44285/jars/org.apache.spark_spark-sql-kafka-0-10_2.12-3.4.1.jar with timestamp 1705778489793
[2024-01-20T19:21:30.353+0000] {spark_submit.py:571} INFO - 24/01/20 19:21:30 INFO SparkContext: Added JAR file:///home/***/.ivy2/jars/com.datastax.spark_spark-cassandra-connector-driver_2.12-3.4.1.jar at spark://45c5bfab8aa1:44285/jars/com.datastax.spark_spark-cassandra-connector-driver_2.12-3.4.1.jar with timestamp 1705778489793
[2024-01-20T19:21:30.353+0000] {spark_submit.py:571} INFO - 24/01/20 19:21:30 INFO SparkContext: Added JAR file:///home/***/.ivy2/jars/org.scala-lang.modules_scala-collection-compat_2.12-2.11.0.jar at spark://45c5bfab8aa1:44285/jars/org.scala-lang.modules_scala-collection-compat_2.12-2.11.0.jar with timestamp 1705778489793
[2024-01-20T19:21:30.354+0000] {spark_submit.py:571} INFO - 24/01/20 19:21:30 INFO SparkContext: Added JAR file:///home/***/.ivy2/jars/com.datastax.oss_java-driver-core-shaded-4.13.0.jar at spark://45c5bfab8aa1:44285/jars/com.datastax.oss_java-driver-core-shaded-4.13.0.jar with timestamp 1705778489793
[2024-01-20T19:21:30.354+0000] {spark_submit.py:571} INFO - 24/01/20 19:21:30 INFO SparkContext: Added JAR file:///home/***/.ivy2/jars/com.datastax.oss_java-driver-mapper-runtime-4.13.0.jar at spark://45c5bfab8aa1:44285/jars/com.datastax.oss_java-driver-mapper-runtime-4.13.0.jar with timestamp 1705778489793
[2024-01-20T19:21:30.354+0000] {spark_submit.py:571} INFO - 24/01/20 19:21:30 INFO SparkContext: Added JAR file:///home/***/.ivy2/jars/org.apache.commons_commons-lang3-3.10.jar at spark://45c5bfab8aa1:44285/jars/org.apache.commons_commons-lang3-3.10.jar with timestamp 1705778489793
[2024-01-20T19:21:30.355+0000] {spark_submit.py:571} INFO - 24/01/20 19:21:30 INFO SparkContext: Added JAR file:///home/***/.ivy2/jars/com.thoughtworks.paranamer_paranamer-2.8.jar at spark://45c5bfab8aa1:44285/jars/com.thoughtworks.paranamer_paranamer-2.8.jar with timestamp 1705778489793
[2024-01-20T19:21:30.355+0000] {spark_submit.py:571} INFO - 24/01/20 19:21:30 INFO SparkContext: Added JAR file:///home/***/.ivy2/jars/com.datastax.oss_native-protocol-1.5.0.jar at spark://45c5bfab8aa1:44285/jars/com.datastax.oss_native-protocol-1.5.0.jar with timestamp 1705778489793
[2024-01-20T19:21:30.356+0000] {spark_submit.py:571} INFO - 24/01/20 19:21:30 INFO SparkContext: Added JAR file:///home/***/.ivy2/jars/com.datastax.oss_java-driver-shaded-guava-25.1-jre-graal-sub-1.jar at spark://45c5bfab8aa1:44285/jars/com.datastax.oss_java-driver-shaded-guava-25.1-jre-graal-sub-1.jar with timestamp 1705778489793
[2024-01-20T19:21:30.356+0000] {spark_submit.py:571} INFO - 24/01/20 19:21:30 INFO SparkContext: Added JAR file:///home/***/.ivy2/jars/com.typesafe_config-1.4.1.jar at spark://45c5bfab8aa1:44285/jars/com.typesafe_config-1.4.1.jar with timestamp 1705778489793
[2024-01-20T19:21:30.356+0000] {spark_submit.py:571} INFO - 24/01/20 19:21:30 INFO SparkContext: Added JAR file:///home/***/.ivy2/jars/io.dropwizard.metrics_metrics-core-4.1.18.jar at spark://45c5bfab8aa1:44285/jars/io.dropwizard.metrics_metrics-core-4.1.18.jar with timestamp 1705778489793
[2024-01-20T19:21:30.357+0000] {spark_submit.py:571} INFO - 24/01/20 19:21:30 INFO SparkContext: Added JAR file:///home/***/.ivy2/jars/org.hdrhistogram_HdrHistogram-2.1.12.jar at spark://45c5bfab8aa1:44285/jars/org.hdrhistogram_HdrHistogram-2.1.12.jar with timestamp 1705778489793
[2024-01-20T19:21:30.357+0000] {spark_submit.py:571} INFO - 24/01/20 19:21:30 INFO SparkContext: Added JAR file:///home/***/.ivy2/jars/org.reactivestreams_reactive-streams-1.0.3.jar at spark://45c5bfab8aa1:44285/jars/org.reactivestreams_reactive-streams-1.0.3.jar with timestamp 1705778489793
[2024-01-20T19:21:30.357+0000] {spark_submit.py:571} INFO - 24/01/20 19:21:30 INFO SparkContext: Added JAR file:///home/***/.ivy2/jars/com.github.stephenc.jcip_jcip-annotations-1.0-1.jar at spark://45c5bfab8aa1:44285/jars/com.github.stephenc.jcip_jcip-annotations-1.0-1.jar with timestamp 1705778489793
[2024-01-20T19:21:30.357+0000] {spark_submit.py:571} INFO - 24/01/20 19:21:30 INFO SparkContext: Added JAR file:///home/***/.ivy2/jars/com.github.spotbugs_spotbugs-annotations-3.1.12.jar at spark://45c5bfab8aa1:44285/jars/com.github.spotbugs_spotbugs-annotations-3.1.12.jar with timestamp 1705778489793
[2024-01-20T19:21:30.358+0000] {spark_submit.py:571} INFO - 24/01/20 19:21:30 INFO SparkContext: Added JAR file:///home/***/.ivy2/jars/com.google.code.findbugs_jsr305-3.0.2.jar at spark://45c5bfab8aa1:44285/jars/com.google.code.findbugs_jsr305-3.0.2.jar with timestamp 1705778489793
[2024-01-20T19:21:30.358+0000] {spark_submit.py:571} INFO - 24/01/20 19:21:30 INFO SparkContext: Added JAR file:///home/***/.ivy2/jars/com.datastax.oss_java-driver-query-builder-4.13.0.jar at spark://45c5bfab8aa1:44285/jars/com.datastax.oss_java-driver-query-builder-4.13.0.jar with timestamp 1705778489793
[2024-01-20T19:21:30.359+0000] {spark_submit.py:571} INFO - 24/01/20 19:21:30 INFO SparkContext: Added JAR file:///home/***/.ivy2/jars/org.apache.spark_spark-token-provider-kafka-0-10_2.12-3.4.1.jar at spark://45c5bfab8aa1:44285/jars/org.apache.spark_spark-token-provider-kafka-0-10_2.12-3.4.1.jar with timestamp 1705778489793
[2024-01-20T19:21:30.359+0000] {spark_submit.py:571} INFO - 24/01/20 19:21:30 INFO SparkContext: Added JAR file:///home/***/.ivy2/jars/org.apache.kafka_kafka-clients-3.3.2.jar at spark://45c5bfab8aa1:44285/jars/org.apache.kafka_kafka-clients-3.3.2.jar with timestamp 1705778489793
[2024-01-20T19:21:30.359+0000] {spark_submit.py:571} INFO - 24/01/20 19:21:30 INFO SparkContext: Added JAR file:///home/***/.ivy2/jars/org.apache.commons_commons-pool2-2.11.1.jar at spark://45c5bfab8aa1:44285/jars/org.apache.commons_commons-pool2-2.11.1.jar with timestamp 1705778489793
[2024-01-20T19:21:30.360+0000] {spark_submit.py:571} INFO - 24/01/20 19:21:30 INFO SparkContext: Added JAR file:///home/***/.ivy2/jars/org.apache.hadoop_hadoop-client-runtime-3.3.4.jar at spark://45c5bfab8aa1:44285/jars/org.apache.hadoop_hadoop-client-runtime-3.3.4.jar with timestamp 1705778489793
[2024-01-20T19:21:30.360+0000] {spark_submit.py:571} INFO - 24/01/20 19:21:30 INFO SparkContext: Added JAR file:///home/***/.ivy2/jars/org.lz4_lz4-java-1.8.0.jar at spark://45c5bfab8aa1:44285/jars/org.lz4_lz4-java-1.8.0.jar with timestamp 1705778489793
[2024-01-20T19:21:30.360+0000] {spark_submit.py:571} INFO - 24/01/20 19:21:30 INFO SparkContext: Added JAR file:///home/***/.ivy2/jars/org.xerial.snappy_snappy-java-1.1.10.1.jar at spark://45c5bfab8aa1:44285/jars/org.xerial.snappy_snappy-java-1.1.10.1.jar with timestamp 1705778489793
[2024-01-20T19:21:30.361+0000] {spark_submit.py:571} INFO - 24/01/20 19:21:30 INFO SparkContext: Added JAR file:///home/***/.ivy2/jars/org.slf4j_slf4j-api-2.0.6.jar at spark://45c5bfab8aa1:44285/jars/org.slf4j_slf4j-api-2.0.6.jar with timestamp 1705778489793
[2024-01-20T19:21:30.361+0000] {spark_submit.py:571} INFO - 24/01/20 19:21:30 INFO SparkContext: Added JAR file:///home/***/.ivy2/jars/org.apache.hadoop_hadoop-client-api-3.3.4.jar at spark://45c5bfab8aa1:44285/jars/org.apache.hadoop_hadoop-client-api-3.3.4.jar with timestamp 1705778489793
[2024-01-20T19:21:30.361+0000] {spark_submit.py:571} INFO - 24/01/20 19:21:30 INFO SparkContext: Added JAR file:///home/***/.ivy2/jars/commons-logging_commons-logging-1.1.3.jar at spark://45c5bfab8aa1:44285/jars/commons-logging_commons-logging-1.1.3.jar with timestamp 1705778489793
[2024-01-20T19:21:30.361+0000] {spark_submit.py:571} INFO - 24/01/20 19:21:30 INFO SparkContext: Added file file:///home/***/.ivy2/jars/com.datastax.spark_spark-cassandra-connector_2.12-3.4.1.jar at spark://45c5bfab8aa1:44285/files/com.datastax.spark_spark-cassandra-connector_2.12-3.4.1.jar with timestamp 1705778489793
[2024-01-20T19:21:30.362+0000] {spark_submit.py:571} INFO - 24/01/20 19:21:30 INFO Utils: Copying /home/***/.ivy2/jars/com.datastax.spark_spark-cassandra-connector_2.12-3.4.1.jar to /tmp/spark-5c5bebbc-e5f5-443a-8bfd-facd66f0dfe7/userFiles-c78d0d11-d195-401e-b29a-fd3d10cc4f6a/com.datastax.spark_spark-cassandra-connector_2.12-3.4.1.jar
[2024-01-20T19:21:30.369+0000] {spark_submit.py:571} INFO - 24/01/20 19:21:30 INFO SparkContext: Added file file:///home/***/.ivy2/jars/org.apache.spark_spark-sql-kafka-0-10_2.12-3.4.1.jar at spark://45c5bfab8aa1:44285/files/org.apache.spark_spark-sql-kafka-0-10_2.12-3.4.1.jar with timestamp 1705778489793
[2024-01-20T19:21:30.369+0000] {spark_submit.py:571} INFO - 24/01/20 19:21:30 INFO Utils: Copying /home/***/.ivy2/jars/org.apache.spark_spark-sql-kafka-0-10_2.12-3.4.1.jar to /tmp/spark-5c5bebbc-e5f5-443a-8bfd-facd66f0dfe7/userFiles-c78d0d11-d195-401e-b29a-fd3d10cc4f6a/org.apache.spark_spark-sql-kafka-0-10_2.12-3.4.1.jar
[2024-01-20T19:21:30.374+0000] {spark_submit.py:571} INFO - 24/01/20 19:21:30 INFO SparkContext: Added file file:///home/***/.ivy2/jars/com.datastax.spark_spark-cassandra-connector-driver_2.12-3.4.1.jar at spark://45c5bfab8aa1:44285/files/com.datastax.spark_spark-cassandra-connector-driver_2.12-3.4.1.jar with timestamp 1705778489793
[2024-01-20T19:21:30.374+0000] {spark_submit.py:571} INFO - 24/01/20 19:21:30 INFO Utils: Copying /home/***/.ivy2/jars/com.datastax.spark_spark-cassandra-connector-driver_2.12-3.4.1.jar to /tmp/spark-5c5bebbc-e5f5-443a-8bfd-facd66f0dfe7/userFiles-c78d0d11-d195-401e-b29a-fd3d10cc4f6a/com.datastax.spark_spark-cassandra-connector-driver_2.12-3.4.1.jar
[2024-01-20T19:21:30.378+0000] {spark_submit.py:571} INFO - 24/01/20 19:21:30 INFO SparkContext: Added file file:///home/***/.ivy2/jars/org.scala-lang.modules_scala-collection-compat_2.12-2.11.0.jar at spark://45c5bfab8aa1:44285/files/org.scala-lang.modules_scala-collection-compat_2.12-2.11.0.jar with timestamp 1705778489793
[2024-01-20T19:21:30.379+0000] {spark_submit.py:571} INFO - 24/01/20 19:21:30 INFO Utils: Copying /home/***/.ivy2/jars/org.scala-lang.modules_scala-collection-compat_2.12-2.11.0.jar to /tmp/spark-5c5bebbc-e5f5-443a-8bfd-facd66f0dfe7/userFiles-c78d0d11-d195-401e-b29a-fd3d10cc4f6a/org.scala-lang.modules_scala-collection-compat_2.12-2.11.0.jar
[2024-01-20T19:21:30.384+0000] {spark_submit.py:571} INFO - 24/01/20 19:21:30 INFO SparkContext: Added file file:///home/***/.ivy2/jars/com.datastax.oss_java-driver-core-shaded-4.13.0.jar at spark://45c5bfab8aa1:44285/files/com.datastax.oss_java-driver-core-shaded-4.13.0.jar with timestamp 1705778489793
[2024-01-20T19:21:30.385+0000] {spark_submit.py:571} INFO - 24/01/20 19:21:30 INFO Utils: Copying /home/***/.ivy2/jars/com.datastax.oss_java-driver-core-shaded-4.13.0.jar to /tmp/spark-5c5bebbc-e5f5-443a-8bfd-facd66f0dfe7/userFiles-c78d0d11-d195-401e-b29a-fd3d10cc4f6a/com.datastax.oss_java-driver-core-shaded-4.13.0.jar
[2024-01-20T19:21:30.399+0000] {spark_submit.py:571} INFO - 24/01/20 19:21:30 INFO SparkContext: Added file file:///home/***/.ivy2/jars/com.datastax.oss_java-driver-mapper-runtime-4.13.0.jar at spark://45c5bfab8aa1:44285/files/com.datastax.oss_java-driver-mapper-runtime-4.13.0.jar with timestamp 1705778489793
[2024-01-20T19:21:30.399+0000] {spark_submit.py:571} INFO - 24/01/20 19:21:30 INFO Utils: Copying /home/***/.ivy2/jars/com.datastax.oss_java-driver-mapper-runtime-4.13.0.jar to /tmp/spark-5c5bebbc-e5f5-443a-8bfd-facd66f0dfe7/userFiles-c78d0d11-d195-401e-b29a-fd3d10cc4f6a/com.datastax.oss_java-driver-mapper-runtime-4.13.0.jar
[2024-01-20T19:21:30.403+0000] {spark_submit.py:571} INFO - 24/01/20 19:21:30 INFO SparkContext: Added file file:///home/***/.ivy2/jars/org.apache.commons_commons-lang3-3.10.jar at spark://45c5bfab8aa1:44285/files/org.apache.commons_commons-lang3-3.10.jar with timestamp 1705778489793
[2024-01-20T19:21:30.403+0000] {spark_submit.py:571} INFO - 24/01/20 19:21:30 INFO Utils: Copying /home/***/.ivy2/jars/org.apache.commons_commons-lang3-3.10.jar to /tmp/spark-5c5bebbc-e5f5-443a-8bfd-facd66f0dfe7/userFiles-c78d0d11-d195-401e-b29a-fd3d10cc4f6a/org.apache.commons_commons-lang3-3.10.jar
[2024-01-20T19:21:30.408+0000] {spark_submit.py:571} INFO - 24/01/20 19:21:30 INFO SparkContext: Added file file:///home/***/.ivy2/jars/com.thoughtworks.paranamer_paranamer-2.8.jar at spark://45c5bfab8aa1:44285/files/com.thoughtworks.paranamer_paranamer-2.8.jar with timestamp 1705778489793
[2024-01-20T19:21:30.408+0000] {spark_submit.py:571} INFO - 24/01/20 19:21:30 INFO Utils: Copying /home/***/.ivy2/jars/com.thoughtworks.paranamer_paranamer-2.8.jar to /tmp/spark-5c5bebbc-e5f5-443a-8bfd-facd66f0dfe7/userFiles-c78d0d11-d195-401e-b29a-fd3d10cc4f6a/com.thoughtworks.paranamer_paranamer-2.8.jar
[2024-01-20T19:21:30.412+0000] {spark_submit.py:571} INFO - 24/01/20 19:21:30 INFO SparkContext: Added file file:///home/***/.ivy2/jars/com.datastax.oss_native-protocol-1.5.0.jar at spark://45c5bfab8aa1:44285/files/com.datastax.oss_native-protocol-1.5.0.jar with timestamp 1705778489793
[2024-01-20T19:21:30.413+0000] {spark_submit.py:571} INFO - 24/01/20 19:21:30 INFO Utils: Copying /home/***/.ivy2/jars/com.datastax.oss_native-protocol-1.5.0.jar to /tmp/spark-5c5bebbc-e5f5-443a-8bfd-facd66f0dfe7/userFiles-c78d0d11-d195-401e-b29a-fd3d10cc4f6a/com.datastax.oss_native-protocol-1.5.0.jar
[2024-01-20T19:21:30.417+0000] {spark_submit.py:571} INFO - 24/01/20 19:21:30 INFO SparkContext: Added file file:///home/***/.ivy2/jars/com.datastax.oss_java-driver-shaded-guava-25.1-jre-graal-sub-1.jar at spark://45c5bfab8aa1:44285/files/com.datastax.oss_java-driver-shaded-guava-25.1-jre-graal-sub-1.jar with timestamp 1705778489793
[2024-01-20T19:21:30.418+0000] {spark_submit.py:571} INFO - 24/01/20 19:21:30 INFO Utils: Copying /home/***/.ivy2/jars/com.datastax.oss_java-driver-shaded-guava-25.1-jre-graal-sub-1.jar to /tmp/spark-5c5bebbc-e5f5-443a-8bfd-facd66f0dfe7/userFiles-c78d0d11-d195-401e-b29a-fd3d10cc4f6a/com.datastax.oss_java-driver-shaded-guava-25.1-jre-graal-sub-1.jar
[2024-01-20T19:21:30.424+0000] {spark_submit.py:571} INFO - 24/01/20 19:21:30 INFO SparkContext: Added file file:///home/***/.ivy2/jars/com.typesafe_config-1.4.1.jar at spark://45c5bfab8aa1:44285/files/com.typesafe_config-1.4.1.jar with timestamp 1705778489793
[2024-01-20T19:21:30.425+0000] {spark_submit.py:571} INFO - 24/01/20 19:21:30 INFO Utils: Copying /home/***/.ivy2/jars/com.typesafe_config-1.4.1.jar to /tmp/spark-5c5bebbc-e5f5-443a-8bfd-facd66f0dfe7/userFiles-c78d0d11-d195-401e-b29a-fd3d10cc4f6a/com.typesafe_config-1.4.1.jar
[2024-01-20T19:21:30.430+0000] {spark_submit.py:571} INFO - 24/01/20 19:21:30 INFO SparkContext: Added file file:///home/***/.ivy2/jars/io.dropwizard.metrics_metrics-core-4.1.18.jar at spark://45c5bfab8aa1:44285/files/io.dropwizard.metrics_metrics-core-4.1.18.jar with timestamp 1705778489793
[2024-01-20T19:21:30.431+0000] {spark_submit.py:571} INFO - 24/01/20 19:21:30 INFO Utils: Copying /home/***/.ivy2/jars/io.dropwizard.metrics_metrics-core-4.1.18.jar to /tmp/spark-5c5bebbc-e5f5-443a-8bfd-facd66f0dfe7/userFiles-c78d0d11-d195-401e-b29a-fd3d10cc4f6a/io.dropwizard.metrics_metrics-core-4.1.18.jar
[2024-01-20T19:21:30.436+0000] {spark_submit.py:571} INFO - 24/01/20 19:21:30 INFO SparkContext: Added file file:///home/***/.ivy2/jars/org.hdrhistogram_HdrHistogram-2.1.12.jar at spark://45c5bfab8aa1:44285/files/org.hdrhistogram_HdrHistogram-2.1.12.jar with timestamp 1705778489793
[2024-01-20T19:21:30.437+0000] {spark_submit.py:571} INFO - 24/01/20 19:21:30 INFO Utils: Copying /home/***/.ivy2/jars/org.hdrhistogram_HdrHistogram-2.1.12.jar to /tmp/spark-5c5bebbc-e5f5-443a-8bfd-facd66f0dfe7/userFiles-c78d0d11-d195-401e-b29a-fd3d10cc4f6a/org.hdrhistogram_HdrHistogram-2.1.12.jar
[2024-01-20T19:21:30.441+0000] {spark_submit.py:571} INFO - 24/01/20 19:21:30 INFO SparkContext: Added file file:///home/***/.ivy2/jars/org.reactivestreams_reactive-streams-1.0.3.jar at spark://45c5bfab8aa1:44285/files/org.reactivestreams_reactive-streams-1.0.3.jar with timestamp 1705778489793
[2024-01-20T19:21:30.442+0000] {spark_submit.py:571} INFO - 24/01/20 19:21:30 INFO Utils: Copying /home/***/.ivy2/jars/org.reactivestreams_reactive-streams-1.0.3.jar to /tmp/spark-5c5bebbc-e5f5-443a-8bfd-facd66f0dfe7/userFiles-c78d0d11-d195-401e-b29a-fd3d10cc4f6a/org.reactivestreams_reactive-streams-1.0.3.jar
[2024-01-20T19:21:30.445+0000] {spark_submit.py:571} INFO - 24/01/20 19:21:30 INFO SparkContext: Added file file:///home/***/.ivy2/jars/com.github.stephenc.jcip_jcip-annotations-1.0-1.jar at spark://45c5bfab8aa1:44285/files/com.github.stephenc.jcip_jcip-annotations-1.0-1.jar with timestamp 1705778489793
[2024-01-20T19:21:30.445+0000] {spark_submit.py:571} INFO - 24/01/20 19:21:30 INFO Utils: Copying /home/***/.ivy2/jars/com.github.stephenc.jcip_jcip-annotations-1.0-1.jar to /tmp/spark-5c5bebbc-e5f5-443a-8bfd-facd66f0dfe7/userFiles-c78d0d11-d195-401e-b29a-fd3d10cc4f6a/com.github.stephenc.jcip_jcip-annotations-1.0-1.jar
[2024-01-20T19:21:30.449+0000] {spark_submit.py:571} INFO - 24/01/20 19:21:30 INFO SparkContext: Added file file:///home/***/.ivy2/jars/com.github.spotbugs_spotbugs-annotations-3.1.12.jar at spark://45c5bfab8aa1:44285/files/com.github.spotbugs_spotbugs-annotations-3.1.12.jar with timestamp 1705778489793
[2024-01-20T19:21:30.450+0000] {spark_submit.py:571} INFO - 24/01/20 19:21:30 INFO Utils: Copying /home/***/.ivy2/jars/com.github.spotbugs_spotbugs-annotations-3.1.12.jar to /tmp/spark-5c5bebbc-e5f5-443a-8bfd-facd66f0dfe7/userFiles-c78d0d11-d195-401e-b29a-fd3d10cc4f6a/com.github.spotbugs_spotbugs-annotations-3.1.12.jar
[2024-01-20T19:21:30.454+0000] {spark_submit.py:571} INFO - 24/01/20 19:21:30 INFO SparkContext: Added file file:///home/***/.ivy2/jars/com.google.code.findbugs_jsr305-3.0.2.jar at spark://45c5bfab8aa1:44285/files/com.google.code.findbugs_jsr305-3.0.2.jar with timestamp 1705778489793
[2024-01-20T19:21:30.454+0000] {spark_submit.py:571} INFO - 24/01/20 19:21:30 INFO Utils: Copying /home/***/.ivy2/jars/com.google.code.findbugs_jsr305-3.0.2.jar to /tmp/spark-5c5bebbc-e5f5-443a-8bfd-facd66f0dfe7/userFiles-c78d0d11-d195-401e-b29a-fd3d10cc4f6a/com.google.code.findbugs_jsr305-3.0.2.jar
[2024-01-20T19:21:30.458+0000] {spark_submit.py:571} INFO - 24/01/20 19:21:30 INFO SparkContext: Added file file:///home/***/.ivy2/jars/com.datastax.oss_java-driver-query-builder-4.13.0.jar at spark://45c5bfab8aa1:44285/files/com.datastax.oss_java-driver-query-builder-4.13.0.jar with timestamp 1705778489793
[2024-01-20T19:21:30.458+0000] {spark_submit.py:571} INFO - 24/01/20 19:21:30 INFO Utils: Copying /home/***/.ivy2/jars/com.datastax.oss_java-driver-query-builder-4.13.0.jar to /tmp/spark-5c5bebbc-e5f5-443a-8bfd-facd66f0dfe7/userFiles-c78d0d11-d195-401e-b29a-fd3d10cc4f6a/com.datastax.oss_java-driver-query-builder-4.13.0.jar
[2024-01-20T19:21:30.463+0000] {spark_submit.py:571} INFO - 24/01/20 19:21:30 INFO SparkContext: Added file file:///home/***/.ivy2/jars/org.apache.spark_spark-token-provider-kafka-0-10_2.12-3.4.1.jar at spark://45c5bfab8aa1:44285/files/org.apache.spark_spark-token-provider-kafka-0-10_2.12-3.4.1.jar with timestamp 1705778489793
[2024-01-20T19:21:30.464+0000] {spark_submit.py:571} INFO - 24/01/20 19:21:30 INFO Utils: Copying /home/***/.ivy2/jars/org.apache.spark_spark-token-provider-kafka-0-10_2.12-3.4.1.jar to /tmp/spark-5c5bebbc-e5f5-443a-8bfd-facd66f0dfe7/userFiles-c78d0d11-d195-401e-b29a-fd3d10cc4f6a/org.apache.spark_spark-token-provider-kafka-0-10_2.12-3.4.1.jar
[2024-01-20T19:21:30.469+0000] {spark_submit.py:571} INFO - 24/01/20 19:21:30 INFO SparkContext: Added file file:///home/***/.ivy2/jars/org.apache.kafka_kafka-clients-3.3.2.jar at spark://45c5bfab8aa1:44285/files/org.apache.kafka_kafka-clients-3.3.2.jar with timestamp 1705778489793
[2024-01-20T19:21:30.469+0000] {spark_submit.py:571} INFO - 24/01/20 19:21:30 INFO Utils: Copying /home/***/.ivy2/jars/org.apache.kafka_kafka-clients-3.3.2.jar to /tmp/spark-5c5bebbc-e5f5-443a-8bfd-facd66f0dfe7/userFiles-c78d0d11-d195-401e-b29a-fd3d10cc4f6a/org.apache.kafka_kafka-clients-3.3.2.jar
[2024-01-20T19:21:30.482+0000] {spark_submit.py:571} INFO - 24/01/20 19:21:30 INFO SparkContext: Added file file:///home/***/.ivy2/jars/org.apache.commons_commons-pool2-2.11.1.jar at spark://45c5bfab8aa1:44285/files/org.apache.commons_commons-pool2-2.11.1.jar with timestamp 1705778489793
[2024-01-20T19:21:30.483+0000] {spark_submit.py:571} INFO - 24/01/20 19:21:30 INFO Utils: Copying /home/***/.ivy2/jars/org.apache.commons_commons-pool2-2.11.1.jar to /tmp/spark-5c5bebbc-e5f5-443a-8bfd-facd66f0dfe7/userFiles-c78d0d11-d195-401e-b29a-fd3d10cc4f6a/org.apache.commons_commons-pool2-2.11.1.jar
[2024-01-20T19:21:30.487+0000] {spark_submit.py:571} INFO - 24/01/20 19:21:30 INFO SparkContext: Added file file:///home/***/.ivy2/jars/org.apache.hadoop_hadoop-client-runtime-3.3.4.jar at spark://45c5bfab8aa1:44285/files/org.apache.hadoop_hadoop-client-runtime-3.3.4.jar with timestamp 1705778489793
[2024-01-20T19:21:30.487+0000] {spark_submit.py:571} INFO - 24/01/20 19:21:30 INFO Utils: Copying /home/***/.ivy2/jars/org.apache.hadoop_hadoop-client-runtime-3.3.4.jar to /tmp/spark-5c5bebbc-e5f5-443a-8bfd-facd66f0dfe7/userFiles-c78d0d11-d195-401e-b29a-fd3d10cc4f6a/org.apache.hadoop_hadoop-client-runtime-3.3.4.jar
[2024-01-20T19:21:30.558+0000] {spark_submit.py:571} INFO - 24/01/20 19:21:30 INFO SparkContext: Added file file:///home/***/.ivy2/jars/org.lz4_lz4-java-1.8.0.jar at spark://45c5bfab8aa1:44285/files/org.lz4_lz4-java-1.8.0.jar with timestamp 1705778489793
[2024-01-20T19:21:30.558+0000] {spark_submit.py:571} INFO - 24/01/20 19:21:30 INFO Utils: Copying /home/***/.ivy2/jars/org.lz4_lz4-java-1.8.0.jar to /tmp/spark-5c5bebbc-e5f5-443a-8bfd-facd66f0dfe7/userFiles-c78d0d11-d195-401e-b29a-fd3d10cc4f6a/org.lz4_lz4-java-1.8.0.jar
[2024-01-20T19:21:30.563+0000] {spark_submit.py:571} INFO - 24/01/20 19:21:30 INFO SparkContext: Added file file:///home/***/.ivy2/jars/org.xerial.snappy_snappy-java-1.1.10.1.jar at spark://45c5bfab8aa1:44285/files/org.xerial.snappy_snappy-java-1.1.10.1.jar with timestamp 1705778489793
[2024-01-20T19:21:30.563+0000] {spark_submit.py:571} INFO - 24/01/20 19:21:30 INFO Utils: Copying /home/***/.ivy2/jars/org.xerial.snappy_snappy-java-1.1.10.1.jar to /tmp/spark-5c5bebbc-e5f5-443a-8bfd-facd66f0dfe7/userFiles-c78d0d11-d195-401e-b29a-fd3d10cc4f6a/org.xerial.snappy_snappy-java-1.1.10.1.jar
[2024-01-20T19:21:30.572+0000] {spark_submit.py:571} INFO - 24/01/20 19:21:30 INFO SparkContext: Added file file:///home/***/.ivy2/jars/org.slf4j_slf4j-api-2.0.6.jar at spark://45c5bfab8aa1:44285/files/org.slf4j_slf4j-api-2.0.6.jar with timestamp 1705778489793
[2024-01-20T19:21:30.572+0000] {spark_submit.py:571} INFO - 24/01/20 19:21:30 INFO Utils: Copying /home/***/.ivy2/jars/org.slf4j_slf4j-api-2.0.6.jar to /tmp/spark-5c5bebbc-e5f5-443a-8bfd-facd66f0dfe7/userFiles-c78d0d11-d195-401e-b29a-fd3d10cc4f6a/org.slf4j_slf4j-api-2.0.6.jar
[2024-01-20T19:21:30.577+0000] {spark_submit.py:571} INFO - 24/01/20 19:21:30 INFO SparkContext: Added file file:///home/***/.ivy2/jars/org.apache.hadoop_hadoop-client-api-3.3.4.jar at spark://45c5bfab8aa1:44285/files/org.apache.hadoop_hadoop-client-api-3.3.4.jar with timestamp 1705778489793
[2024-01-20T19:21:30.577+0000] {spark_submit.py:571} INFO - 24/01/20 19:21:30 INFO Utils: Copying /home/***/.ivy2/jars/org.apache.hadoop_hadoop-client-api-3.3.4.jar to /tmp/spark-5c5bebbc-e5f5-443a-8bfd-facd66f0dfe7/userFiles-c78d0d11-d195-401e-b29a-fd3d10cc4f6a/org.apache.hadoop_hadoop-client-api-3.3.4.jar
[2024-01-20T19:21:30.599+0000] {spark_submit.py:571} INFO - 24/01/20 19:21:30 INFO SparkContext: Added file file:///home/***/.ivy2/jars/commons-logging_commons-logging-1.1.3.jar at spark://45c5bfab8aa1:44285/files/commons-logging_commons-logging-1.1.3.jar with timestamp 1705778489793
[2024-01-20T19:21:30.600+0000] {spark_submit.py:571} INFO - 24/01/20 19:21:30 INFO Utils: Copying /home/***/.ivy2/jars/commons-logging_commons-logging-1.1.3.jar to /tmp/spark-5c5bebbc-e5f5-443a-8bfd-facd66f0dfe7/userFiles-c78d0d11-d195-401e-b29a-fd3d10cc4f6a/commons-logging_commons-logging-1.1.3.jar
[2024-01-20T19:21:30.657+0000] {spark_submit.py:571} INFO - 24/01/20 19:21:30 INFO StandaloneAppClient$ClientEndpoint: Connecting to master spark://172.19.0.4:7077...
[2024-01-20T19:21:30.691+0000] {spark_submit.py:571} INFO - 24/01/20 19:21:30 WARN StandaloneAppClient$ClientEndpoint: Failed to connect to master 172.19.0.4:7077
[2024-01-20T19:21:30.691+0000] {spark_submit.py:571} INFO - org.apache.spark.SparkException: Exception thrown in awaitResult:
[2024-01-20T19:21:30.692+0000] {spark_submit.py:571} INFO - at org.apache.spark.util.ThreadUtils$.awaitResult(ThreadUtils.scala:322)
[2024-01-20T19:21:30.692+0000] {spark_submit.py:571} INFO - at org.apache.spark.rpc.RpcTimeout.awaitResult(RpcTimeout.scala:75)
[2024-01-20T19:21:30.692+0000] {spark_submit.py:571} INFO - at org.apache.spark.rpc.RpcEnv.setupEndpointRefByURI(RpcEnv.scala:102)
[2024-01-20T19:21:30.693+0000] {spark_submit.py:571} INFO - at org.apache.spark.rpc.RpcEnv.setupEndpointRef(RpcEnv.scala:110)
[2024-01-20T19:21:30.693+0000] {spark_submit.py:571} INFO - at org.apache.spark.deploy.client.StandaloneAppClient$ClientEndpoint$$anon$1.run(StandaloneAppClient.scala:108)
[2024-01-20T19:21:30.693+0000] {spark_submit.py:571} INFO - at java.base/java.util.concurrent.Executors$RunnableAdapter.call(Executors.java:515)
[2024-01-20T19:21:30.693+0000] {spark_submit.py:571} INFO - at java.base/java.util.concurrent.FutureTask.run(FutureTask.java:264)
[2024-01-20T19:21:30.694+0000] {spark_submit.py:571} INFO - at java.base/java.util.concurrent.ThreadPoolExecutor.runWorker(ThreadPoolExecutor.java:1128)
[2024-01-20T19:21:30.694+0000] {spark_submit.py:571} INFO - at java.base/java.util.concurrent.ThreadPoolExecutor$Worker.run(ThreadPoolExecutor.java:628)
[2024-01-20T19:21:30.694+0000] {spark_submit.py:571} INFO - at java.base/java.lang.Thread.run(Thread.java:829)
[2024-01-20T19:21:30.694+0000] {spark_submit.py:571} INFO - Caused by: java.io.IOException: Failed to connect to /172.19.0.4:7077
[2024-01-20T19:21:30.694+0000] {spark_submit.py:571} INFO - at org.apache.spark.network.client.TransportClientFactory.createClient(TransportClientFactory.java:284)
[2024-01-20T19:21:30.695+0000] {spark_submit.py:571} INFO - at org.apache.spark.network.client.TransportClientFactory.createClient(TransportClientFactory.java:214)
[2024-01-20T19:21:30.695+0000] {spark_submit.py:571} INFO - at org.apache.spark.network.client.TransportClientFactory.createClient(TransportClientFactory.java:226)
[2024-01-20T19:21:30.695+0000] {spark_submit.py:571} INFO - at org.apache.spark.rpc.netty.NettyRpcEnv.createClient(NettyRpcEnv.scala:204)
[2024-01-20T19:21:30.695+0000] {spark_submit.py:571} INFO - at org.apache.spark.rpc.netty.Outbox$$anon$1.call(Outbox.scala:202)
[2024-01-20T19:21:30.696+0000] {spark_submit.py:571} INFO - at org.apache.spark.rpc.netty.Outbox$$anon$1.call(Outbox.scala:198)
[2024-01-20T19:21:30.696+0000] {spark_submit.py:571} INFO - ... 4 more
[2024-01-20T19:21:30.696+0000] {spark_submit.py:571} INFO - Caused by: io.netty.channel.AbstractChannel$AnnotatedConnectException: Connection refused: /172.19.0.4:7077
[2024-01-20T19:21:30.696+0000] {spark_submit.py:571} INFO - Caused by: java.net.ConnectException: Connection refused
[2024-01-20T19:21:30.697+0000] {spark_submit.py:571} INFO - at java.base/sun.nio.ch.SocketChannelImpl.checkConnect(Native Method)
[2024-01-20T19:21:30.697+0000] {spark_submit.py:571} INFO - at java.base/sun.nio.ch.SocketChannelImpl.finishConnect(SocketChannelImpl.java:777)
[2024-01-20T19:21:30.697+0000] {spark_submit.py:571} INFO - at io.netty.channel.socket.nio.NioSocketChannel.doFinishConnect(NioSocketChannel.java:337)
[2024-01-20T19:21:30.697+0000] {spark_submit.py:571} INFO - at io.netty.channel.nio.AbstractNioChannel$AbstractNioUnsafe.finishConnect(AbstractNioChannel.java:334)
[2024-01-20T19:21:30.698+0000] {spark_submit.py:571} INFO - at io.netty.channel.nio.NioEventLoop.processSelectedKey(NioEventLoop.java:776)
[2024-01-20T19:21:30.698+0000] {spark_submit.py:571} INFO - at io.netty.channel.nio.NioEventLoop.processSelectedKeysOptimized(NioEventLoop.java:724)
[2024-01-20T19:21:30.699+0000] {spark_submit.py:571} INFO - at io.netty.channel.nio.NioEventLoop.processSelectedKeys(NioEventLoop.java:650)
[2024-01-20T19:21:30.699+0000] {spark_submit.py:571} INFO - at io.netty.channel.nio.NioEventLoop.run(NioEventLoop.java:562)
[2024-01-20T19:21:30.699+0000] {spark_submit.py:571} INFO - at io.netty.util.concurrent.SingleThreadEventExecutor$4.run(SingleThreadEventExecutor.java:997)
[2024-01-20T19:21:30.699+0000] {spark_submit.py:571} INFO - at io.netty.util.internal.ThreadExecutorMap$2.run(ThreadExecutorMap.java:74)
[2024-01-20T19:21:30.700+0000] {spark_submit.py:571} INFO - at io.netty.util.concurrent.FastThreadLocalRunnable.run(FastThreadLocalRunnable.java:30)
[2024-01-20T19:21:30.700+0000] {spark_submit.py:571} INFO - at java.base/java.lang.Thread.run(Thread.java:829)
[2024-01-20T19:21:50.658+0000] {spark_submit.py:571} INFO - 24/01/20 19:21:50 INFO StandaloneAppClient$ClientEndpoint: Connecting to master spark://172.19.0.4:7077...
[2024-01-20T19:21:50.662+0000] {spark_submit.py:571} INFO - 24/01/20 19:21:50 WARN StandaloneAppClient$ClientEndpoint: Failed to connect to master 172.19.0.4:7077
[2024-01-20T19:21:50.663+0000] {spark_submit.py:571} INFO - org.apache.spark.SparkException: Exception thrown in awaitResult:
[2024-01-20T19:21:50.663+0000] {spark_submit.py:571} INFO - at org.apache.spark.util.ThreadUtils$.awaitResult(ThreadUtils.scala:322)
[2024-01-20T19:21:50.663+0000] {spark_submit.py:571} INFO - at org.apache.spark.rpc.RpcTimeout.awaitResult(RpcTimeout.scala:75)
[2024-01-20T19:21:50.664+0000] {spark_submit.py:571} INFO - at org.apache.spark.rpc.RpcEnv.setupEndpointRefByURI(RpcEnv.scala:102)
[2024-01-20T19:21:50.664+0000] {spark_submit.py:571} INFO - at org.apache.spark.rpc.RpcEnv.setupEndpointRef(RpcEnv.scala:110)
[2024-01-20T19:21:50.664+0000] {spark_submit.py:571} INFO - at org.apache.spark.deploy.client.StandaloneAppClient$ClientEndpoint$$anon$1.run(StandaloneAppClient.scala:108)
[2024-01-20T19:21:50.664+0000] {spark_submit.py:571} INFO - at java.base/java.util.concurrent.Executors$RunnableAdapter.call(Executors.java:515)
[2024-01-20T19:21:50.665+0000] {spark_submit.py:571} INFO - at java.base/java.util.concurrent.FutureTask.run(FutureTask.java:264)
[2024-01-20T19:21:50.665+0000] {spark_submit.py:571} INFO - at java.base/java.util.concurrent.ThreadPoolExecutor.runWorker(ThreadPoolExecutor.java:1128)
[2024-01-20T19:21:50.665+0000] {spark_submit.py:571} INFO - at java.base/java.util.concurrent.ThreadPoolExecutor$Worker.run(ThreadPoolExecutor.java:628)
[2024-01-20T19:21:50.666+0000] {spark_submit.py:571} INFO - at java.base/java.lang.Thread.run(Thread.java:829)
[2024-01-20T19:21:50.666+0000] {spark_submit.py:571} INFO - Caused by: java.io.IOException: Failed to connect to /172.19.0.4:7077
[2024-01-20T19:21:50.666+0000] {spark_submit.py:571} INFO - at org.apache.spark.network.client.TransportClientFactory.createClient(TransportClientFactory.java:284)
[2024-01-20T19:21:50.666+0000] {spark_submit.py:571} INFO - at org.apache.spark.network.client.TransportClientFactory.createClient(TransportClientFactory.java:214)
[2024-01-20T19:21:50.666+0000] {spark_submit.py:571} INFO - at org.apache.spark.network.client.TransportClientFactory.createClient(TransportClientFactory.java:226)
[2024-01-20T19:21:50.667+0000] {spark_submit.py:571} INFO - at org.apache.spark.rpc.netty.NettyRpcEnv.createClient(NettyRpcEnv.scala:204)
[2024-01-20T19:21:50.667+0000] {spark_submit.py:571} INFO - at org.apache.spark.rpc.netty.Outbox$$anon$1.call(Outbox.scala:202)
[2024-01-20T19:21:50.667+0000] {spark_submit.py:571} INFO - at org.apache.spark.rpc.netty.Outbox$$anon$1.call(Outbox.scala:198)
[2024-01-20T19:21:50.667+0000] {spark_submit.py:571} INFO - ... 4 more
[2024-01-20T19:21:50.668+0000] {spark_submit.py:571} INFO - Caused by: io.netty.channel.AbstractChannel$AnnotatedConnectException: Connection refused: /172.19.0.4:7077
[2024-01-20T19:21:50.668+0000] {spark_submit.py:571} INFO - Caused by: java.net.ConnectException: Connection refused
[2024-01-20T19:21:50.668+0000] {spark_submit.py:571} INFO - at java.base/sun.nio.ch.SocketChannelImpl.checkConnect(Native Method)
[2024-01-20T19:21:50.668+0000] {spark_submit.py:571} INFO - at java.base/sun.nio.ch.SocketChannelImpl.finishConnect(SocketChannelImpl.java:777)
[2024-01-20T19:21:50.669+0000] {spark_submit.py:571} INFO - at io.netty.channel.socket.nio.NioSocketChannel.doFinishConnect(NioSocketChannel.java:337)
[2024-01-20T19:21:50.669+0000] {spark_submit.py:571} INFO - at io.netty.channel.nio.AbstractNioChannel$AbstractNioUnsafe.finishConnect(AbstractNioChannel.java:334)
[2024-01-20T19:21:50.669+0000] {spark_submit.py:571} INFO - at io.netty.channel.nio.NioEventLoop.processSelectedKey(NioEventLoop.java:776)
[2024-01-20T19:21:50.669+0000] {spark_submit.py:571} INFO - at io.netty.channel.nio.NioEventLoop.processSelectedKeysOptimized(NioEventLoop.java:724)
[2024-01-20T19:21:50.670+0000] {spark_submit.py:571} INFO - at io.netty.channel.nio.NioEventLoop.processSelectedKeys(NioEventLoop.java:650)
[2024-01-20T19:21:50.670+0000] {spark_submit.py:571} INFO - at io.netty.channel.nio.NioEventLoop.run(NioEventLoop.java:562)
[2024-01-20T19:21:50.670+0000] {spark_submit.py:571} INFO - at io.netty.util.concurrent.SingleThreadEventExecutor$4.run(SingleThreadEventExecutor.java:997)
[2024-01-20T19:21:50.670+0000] {spark_submit.py:571} INFO - at io.netty.util.internal.ThreadExecutorMap$2.run(ThreadExecutorMap.java:74)
[2024-01-20T19:21:50.670+0000] {spark_submit.py:571} INFO - at io.netty.util.concurrent.FastThreadLocalRunnable.run(FastThreadLocalRunnable.java:30)
[2024-01-20T19:21:50.671+0000] {spark_submit.py:571} INFO - at java.base/java.lang.Thread.run(Thread.java:829)
[2024-01-20T19:22:10.658+0000] {spark_submit.py:571} INFO - 24/01/20 19:22:10 INFO StandaloneAppClient$ClientEndpoint: Connecting to master spark://172.19.0.4:7077...
[2024-01-20T19:22:10.662+0000] {spark_submit.py:571} INFO - 24/01/20 19:22:10 WARN StandaloneAppClient$ClientEndpoint: Failed to connect to master 172.19.0.4:7077
[2024-01-20T19:22:10.662+0000] {spark_submit.py:571} INFO - org.apache.spark.SparkException: Exception thrown in awaitResult:
[2024-01-20T19:22:10.663+0000] {spark_submit.py:571} INFO - at org.apache.spark.util.ThreadUtils$.awaitResult(ThreadUtils.scala:322)
[2024-01-20T19:22:10.663+0000] {spark_submit.py:571} INFO - at org.apache.spark.rpc.RpcTimeout.awaitResult(RpcTimeout.scala:75)
[2024-01-20T19:22:10.663+0000] {spark_submit.py:571} INFO - at org.apache.spark.rpc.RpcEnv.setupEndpointRefByURI(RpcEnv.scala:102)
[2024-01-20T19:22:10.663+0000] {spark_submit.py:571} INFO - at org.apache.spark.rpc.RpcEnv.setupEndpointRef(RpcEnv.scala:110)
[2024-01-20T19:22:10.664+0000] {spark_submit.py:571} INFO - at org.apache.spark.deploy.client.StandaloneAppClient$ClientEndpoint$$anon$1.run(StandaloneAppClient.scala:108)
[2024-01-20T19:22:10.664+0000] {spark_submit.py:571} INFO - at java.base/java.util.concurrent.Executors$RunnableAdapter.call(Executors.java:515)
[2024-01-20T19:22:10.664+0000] {spark_submit.py:571} INFO - at java.base/java.util.concurrent.FutureTask.run(FutureTask.java:264)
[2024-01-20T19:22:10.664+0000] {spark_submit.py:571} INFO - at java.base/java.util.concurrent.ThreadPoolExecutor.runWorker(ThreadPoolExecutor.java:1128)
[2024-01-20T19:22:10.665+0000] {spark_submit.py:571} INFO - at java.base/java.util.concurrent.ThreadPoolExecutor$Worker.run(ThreadPoolExecutor.java:628)
[2024-01-20T19:22:10.665+0000] {spark_submit.py:571} INFO - at java.base/java.lang.Thread.run(Thread.java:829)
[2024-01-20T19:22:10.665+0000] {spark_submit.py:571} INFO - Caused by: java.io.IOException: Failed to connect to /172.19.0.4:7077
[2024-01-20T19:22:10.666+0000] {spark_submit.py:571} INFO - at org.apache.spark.network.client.TransportClientFactory.createClient(TransportClientFactory.java:284)
[2024-01-20T19:22:10.666+0000] {spark_submit.py:571} INFO - at org.apache.spark.network.client.TransportClientFactory.createClient(TransportClientFactory.java:214)
[2024-01-20T19:22:10.666+0000] {spark_submit.py:571} INFO - at org.apache.spark.network.client.TransportClientFactory.createClient(TransportClientFactory.java:226)
[2024-01-20T19:22:10.666+0000] {spark_submit.py:571} INFO - at org.apache.spark.rpc.netty.NettyRpcEnv.createClient(NettyRpcEnv.scala:204)
[2024-01-20T19:22:10.667+0000] {spark_submit.py:571} INFO - at org.apache.spark.rpc.netty.Outbox$$anon$1.call(Outbox.scala:202)
[2024-01-20T19:22:10.667+0000] {spark_submit.py:571} INFO - at org.apache.spark.rpc.netty.Outbox$$anon$1.call(Outbox.scala:198)
[2024-01-20T19:22:10.667+0000] {spark_submit.py:571} INFO - ... 4 more
[2024-01-20T19:22:10.668+0000] {spark_submit.py:571} INFO - Caused by: io.netty.channel.AbstractChannel$AnnotatedConnectException: Connection refused: /172.19.0.4:7077
[2024-01-20T19:22:10.668+0000] {spark_submit.py:571} INFO - Caused by: java.net.ConnectException: Connection refused
[2024-01-20T19:22:10.668+0000] {spark_submit.py:571} INFO - at java.base/sun.nio.ch.SocketChannelImpl.checkConnect(Native Method)
[2024-01-20T19:22:10.668+0000] {spark_submit.py:571} INFO - at java.base/sun.nio.ch.SocketChannelImpl.finishConnect(SocketChannelImpl.java:777)
[2024-01-20T19:22:10.668+0000] {spark_submit.py:571} INFO - at io.netty.channel.socket.nio.NioSocketChannel.doFinishConnect(NioSocketChannel.java:337)
[2024-01-20T19:22:10.669+0000] {spark_submit.py:571} INFO - at io.netty.channel.nio.AbstractNioChannel$AbstractNioUnsafe.finishConnect(AbstractNioChannel.java:334)
[2024-01-20T19:22:10.669+0000] {spark_submit.py:571} INFO - at io.netty.channel.nio.NioEventLoop.processSelectedKey(NioEventLoop.java:776)
[2024-01-20T19:22:10.669+0000] {spark_submit.py:571} INFO - at io.netty.channel.nio.NioEventLoop.processSelectedKeysOptimized(NioEventLoop.java:724)
[2024-01-20T19:22:10.669+0000] {spark_submit.py:571} INFO - at io.netty.channel.nio.NioEventLoop.processSelectedKeys(NioEventLoop.java:650)
[2024-01-20T19:22:10.669+0000] {spark_submit.py:571} INFO - at io.netty.channel.nio.NioEventLoop.run(NioEventLoop.java:562)
[2024-01-20T19:22:10.670+0000] {spark_submit.py:571} INFO - at io.netty.util.concurrent.SingleThreadEventExecutor$4.run(SingleThreadEventExecutor.java:997)
[2024-01-20T19:22:10.670+0000] {spark_submit.py:571} INFO - at io.netty.util.internal.ThreadExecutorMap$2.run(ThreadExecutorMap.java:74)
[2024-01-20T19:22:10.670+0000] {spark_submit.py:571} INFO - at io.netty.util.concurrent.FastThreadLocalRunnable.run(FastThreadLocalRunnable.java:30)
[2024-01-20T19:22:10.670+0000] {spark_submit.py:571} INFO - at java.base/java.lang.Thread.run(Thread.java:829)
[2024-01-20T19:22:30.660+0000] {spark_submit.py:571} INFO - 24/01/20 19:22:30 ERROR StandaloneSchedulerBackend: Application has been killed. Reason: All masters are unresponsive! Giving up.
[2024-01-20T19:22:30.661+0000] {spark_submit.py:571} INFO - 24/01/20 19:22:30 WARN StandaloneSchedulerBackend: Application ID is not initialized yet.
[2024-01-20T19:22:30.668+0000] {spark_submit.py:571} INFO - 24/01/20 19:22:30 INFO Utils: Successfully started service 'org.apache.spark.network.netty.NettyBlockTransferService' on port 34167.
[2024-01-20T19:22:30.669+0000] {spark_submit.py:571} INFO - 24/01/20 19:22:30 INFO NettyBlockTransferService: Server created on 45c5bfab8aa1:34167
[2024-01-20T19:22:30.670+0000] {spark_submit.py:571} INFO - 24/01/20 19:22:30 INFO BlockManager: Using org.apache.spark.storage.RandomBlockReplicationPolicy for block replication policy
[2024-01-20T19:22:30.676+0000] {spark_submit.py:571} INFO - 24/01/20 19:22:30 INFO BlockManagerMaster: Registering BlockManager BlockManagerId(driver, 45c5bfab8aa1, 34167, None)
[2024-01-20T19:22:30.679+0000] {spark_submit.py:571} INFO - 24/01/20 19:22:30 INFO BlockManagerMasterEndpoint: Registering block manager 45c5bfab8aa1:34167 with 434.4 MiB RAM, BlockManagerId(driver, 45c5bfab8aa1, 34167, None)
[2024-01-20T19:22:30.681+0000] {spark_submit.py:571} INFO - 24/01/20 19:22:30 INFO BlockManagerMaster: Registered BlockManager BlockManagerId(driver, 45c5bfab8aa1, 34167, None)
[2024-01-20T19:22:30.682+0000] {spark_submit.py:571} INFO - 24/01/20 19:22:30 INFO BlockManager: Initialized BlockManager: BlockManagerId(driver, 45c5bfab8aa1, 34167, None)
[2024-01-20T19:22:30.829+0000] {spark_submit.py:571} INFO - 24/01/20 19:22:30 INFO StandaloneSchedulerBackend: SchedulerBackend is ready for scheduling beginning after reached minRegisteredResourcesRatio: 0.0
[2024-01-20T19:22:31.054+0000] {spark_submit.py:571} INFO - 24/01/20 19:22:31 INFO SparkContext: SparkContext is stopping with exitCode 0.
[2024-01-20T19:22:31.067+0000] {spark_submit.py:571} INFO - ERROR:root:Couldn't create the spark session due to exception An error occurred while calling None.org.apache.spark.sql.SparkSession.
[2024-01-20T19:22:31.068+0000] {spark_submit.py:571} INFO - : java.lang.IllegalStateException: Cannot call methods on a stopped SparkContext.
[2024-01-20T19:22:31.068+0000] {spark_submit.py:571} INFO - This stopped SparkContext was created at:
[2024-01-20T19:22:31.069+0000] {spark_submit.py:571} INFO - 
[2024-01-20T19:22:31.069+0000] {spark_submit.py:571} INFO - org.apache.spark.api.java.JavaSparkContext.<init>(JavaSparkContext.scala:58)
[2024-01-20T19:22:31.070+0000] {spark_submit.py:571} INFO - java.base/jdk.internal.reflect.NativeConstructorAccessorImpl.newInstance0(Native Method)
[2024-01-20T19:22:31.070+0000] {spark_submit.py:571} INFO - java.base/jdk.internal.reflect.NativeConstructorAccessorImpl.newInstance(NativeConstructorAccessorImpl.java:62)
[2024-01-20T19:22:31.071+0000] {spark_submit.py:571} INFO - java.base/jdk.internal.reflect.DelegatingConstructorAccessorImpl.newInstance(DelegatingConstructorAccessorImpl.java:45)
[2024-01-20T19:22:31.071+0000] {spark_submit.py:571} INFO - java.base/java.lang.reflect.Constructor.newInstance(Constructor.java:490)
[2024-01-20T19:22:31.071+0000] {spark_submit.py:571} INFO - py4j.reflection.MethodInvoker.invoke(MethodInvoker.java:247)
[2024-01-20T19:22:31.072+0000] {spark_submit.py:571} INFO - py4j.reflection.ReflectionEngine.invoke(ReflectionEngine.java:374)
[2024-01-20T19:22:31.072+0000] {spark_submit.py:571} INFO - py4j.Gateway.invoke(Gateway.java:238)
[2024-01-20T19:22:31.073+0000] {spark_submit.py:571} INFO - py4j.commands.ConstructorCommand.invokeConstructor(ConstructorCommand.java:80)
[2024-01-20T19:22:31.073+0000] {spark_submit.py:571} INFO - py4j.commands.ConstructorCommand.execute(ConstructorCommand.java:69)
[2024-01-20T19:22:31.073+0000] {spark_submit.py:571} INFO - py4j.ClientServerConnection.waitForCommands(ClientServerConnection.java:182)
[2024-01-20T19:22:31.074+0000] {spark_submit.py:571} INFO - py4j.ClientServerConnection.run(ClientServerConnection.java:106)
[2024-01-20T19:22:31.074+0000] {spark_submit.py:571} INFO - java.base/java.lang.Thread.run(Thread.java:829)
[2024-01-20T19:22:31.074+0000] {spark_submit.py:571} INFO - 
[2024-01-20T19:22:31.075+0000] {spark_submit.py:571} INFO - The currently active SparkContext was created at:
[2024-01-20T19:22:31.075+0000] {spark_submit.py:571} INFO - 
[2024-01-20T19:22:31.075+0000] {spark_submit.py:571} INFO - org.apache.spark.api.java.JavaSparkContext.<init>(JavaSparkContext.scala:58)
[2024-01-20T19:22:31.076+0000] {spark_submit.py:571} INFO - java.base/jdk.internal.reflect.NativeConstructorAccessorImpl.newInstance0(Native Method)
[2024-01-20T19:22:31.076+0000] {spark_submit.py:571} INFO - java.base/jdk.internal.reflect.NativeConstructorAccessorImpl.newInstance(NativeConstructorAccessorImpl.java:62)
[2024-01-20T19:22:31.076+0000] {spark_submit.py:571} INFO - java.base/jdk.internal.reflect.DelegatingConstructorAccessorImpl.newInstance(DelegatingConstructorAccessorImpl.java:45)
[2024-01-20T19:22:31.077+0000] {spark_submit.py:571} INFO - java.base/java.lang.reflect.Constructor.newInstance(Constructor.java:490)
[2024-01-20T19:22:31.077+0000] {spark_submit.py:571} INFO - py4j.reflection.MethodInvoker.invoke(MethodInvoker.java:247)
[2024-01-20T19:22:31.077+0000] {spark_submit.py:571} INFO - py4j.reflection.ReflectionEngine.invoke(ReflectionEngine.java:374)
[2024-01-20T19:22:31.078+0000] {spark_submit.py:571} INFO - py4j.Gateway.invoke(Gateway.java:238)
[2024-01-20T19:22:31.078+0000] {spark_submit.py:571} INFO - py4j.commands.ConstructorCommand.invokeConstructor(ConstructorCommand.java:80)
[2024-01-20T19:22:31.078+0000] {spark_submit.py:571} INFO - py4j.commands.ConstructorCommand.execute(ConstructorCommand.java:69)
[2024-01-20T19:22:31.079+0000] {spark_submit.py:571} INFO - py4j.ClientServerConnection.waitForCommands(ClientServerConnection.java:182)
[2024-01-20T19:22:31.079+0000] {spark_submit.py:571} INFO - py4j.ClientServerConnection.run(ClientServerConnection.java:106)
[2024-01-20T19:22:31.079+0000] {spark_submit.py:571} INFO - java.base/java.lang.Thread.run(Thread.java:829)
[2024-01-20T19:22:31.079+0000] {spark_submit.py:571} INFO - 
[2024-01-20T19:22:31.080+0000] {spark_submit.py:571} INFO - at org.apache.spark.SparkContext.assertNotStopped(SparkContext.scala:120)
[2024-01-20T19:22:31.080+0000] {spark_submit.py:571} INFO - at org.apache.spark.sql.SparkSession.<init>(SparkSession.scala:114)
[2024-01-20T19:22:31.080+0000] {spark_submit.py:571} INFO - at org.apache.spark.sql.SparkSession.<init>(SparkSession.scala:107)
[2024-01-20T19:22:31.081+0000] {spark_submit.py:571} INFO - at java.base/jdk.internal.reflect.NativeConstructorAccessorImpl.newInstance0(Native Method)
[2024-01-20T19:22:31.081+0000] {spark_submit.py:571} INFO - at java.base/jdk.internal.reflect.NativeConstructorAccessorImpl.newInstance(NativeConstructorAccessorImpl.java:62)
[2024-01-20T19:22:31.081+0000] {spark_submit.py:571} INFO - at java.base/jdk.internal.reflect.DelegatingConstructorAccessorImpl.newInstance(DelegatingConstructorAccessorImpl.java:45)
[2024-01-20T19:22:31.081+0000] {spark_submit.py:571} INFO - at java.base/java.lang.reflect.Constructor.newInstance(Constructor.java:490)
[2024-01-20T19:22:31.082+0000] {spark_submit.py:571} INFO - at py4j.reflection.MethodInvoker.invoke(MethodInvoker.java:247)
[2024-01-20T19:22:31.082+0000] {spark_submit.py:571} INFO - at py4j.reflection.ReflectionEngine.invoke(ReflectionEngine.java:374)
[2024-01-20T19:22:31.082+0000] {spark_submit.py:571} INFO - at py4j.Gateway.invoke(Gateway.java:238)
[2024-01-20T19:22:31.082+0000] {spark_submit.py:571} INFO - at py4j.commands.ConstructorCommand.invokeConstructor(ConstructorCommand.java:80)
[2024-01-20T19:22:31.083+0000] {spark_submit.py:571} INFO - at py4j.commands.ConstructorCommand.execute(ConstructorCommand.java:69)
[2024-01-20T19:22:31.083+0000] {spark_submit.py:571} INFO - at py4j.ClientServerConnection.waitForCommands(ClientServerConnection.java:182)
[2024-01-20T19:22:31.083+0000] {spark_submit.py:571} INFO - at py4j.ClientServerConnection.run(ClientServerConnection.java:106)
[2024-01-20T19:22:31.083+0000] {spark_submit.py:571} INFO - at java.base/java.lang.Thread.run(Thread.java:829)
[2024-01-20T19:22:31.084+0000] {spark_submit.py:571} INFO - 
[2024-01-20T19:22:31.084+0000] {spark_submit.py:571} INFO - 24/01/20 19:22:31 INFO SparkUI: Stopped Spark web UI at http://45c5bfab8aa1:4040
[2024-01-20T19:22:31.085+0000] {spark_submit.py:571} INFO - 24/01/20 19:22:31 INFO StandaloneSchedulerBackend: Shutting down all executors
[2024-01-20T19:22:31.085+0000] {spark_submit.py:571} INFO - 24/01/20 19:22:31 INFO StandaloneSchedulerBackend$StandaloneDriverEndpoint: Asking each executor to shut down
[2024-01-20T19:22:31.085+0000] {spark_submit.py:571} INFO - 24/01/20 19:22:31 WARN StandaloneAppClient$ClientEndpoint: Drop UnregisterApplication(null) because has not yet connected to master
[2024-01-20T19:22:31.093+0000] {spark_submit.py:571} INFO - 24/01/20 19:22:31 INFO MapOutputTrackerMasterEndpoint: MapOutputTrackerMasterEndpoint stopped!
[2024-01-20T19:22:31.102+0000] {spark_submit.py:571} INFO - 24/01/20 19:22:31 INFO MemoryStore: MemoryStore cleared
[2024-01-20T19:22:31.103+0000] {spark_submit.py:571} INFO - 24/01/20 19:22:31 INFO BlockManager: BlockManager stopped
[2024-01-20T19:22:31.108+0000] {spark_submit.py:571} INFO - 24/01/20 19:22:31 INFO BlockManagerMaster: BlockManagerMaster stopped
[2024-01-20T19:22:31.109+0000] {spark_submit.py:571} INFO - 24/01/20 19:22:31 INFO OutputCommitCoordinator$OutputCommitCoordinatorEndpoint: OutputCommitCoordinator stopped!
[2024-01-20T19:22:31.124+0000] {spark_submit.py:571} INFO - 24/01/20 19:22:31 INFO SparkContext: Successfully stopped SparkContext
[2024-01-20T19:22:31.187+0000] {spark_submit.py:571} INFO - 24/01/20 19:22:31 INFO ShutdownHookManager: Shutdown hook called
[2024-01-20T19:22:31.188+0000] {spark_submit.py:571} INFO - 24/01/20 19:22:31 INFO ShutdownHookManager: Deleting directory /tmp/spark-1680349d-50f2-4e97-bf5c-5bab8889b533
[2024-01-20T19:22:31.190+0000] {spark_submit.py:571} INFO - 24/01/20 19:22:31 INFO ShutdownHookManager: Deleting directory /tmp/spark-5c5bebbc-e5f5-443a-8bfd-facd66f0dfe7/pyspark-b1791821-246c-49d0-8179-45ed5c623cb6
[2024-01-20T19:22:31.192+0000] {spark_submit.py:571} INFO - 24/01/20 19:22:31 INFO ShutdownHookManager: Deleting directory /tmp/spark-5c5bebbc-e5f5-443a-8bfd-facd66f0dfe7
[2024-01-20T19:22:31.230+0000] {taskinstance.py:1400} INFO - Marking task as SUCCESS. dag_id=Stream_reddit_to_cassandra, task_id=submit_spark_job, execution_date=20240120T191440, start_date=20240120T192125, end_date=20240120T192231
[2024-01-20T19:22:31.271+0000] {local_task_job_runner.py:228} INFO - Task exited with return code 0
[2024-01-20T19:22:31.286+0000] {taskinstance.py:2784} INFO - 0 downstream tasks scheduled from follow-on schedule check
