[2024-01-20T05:14:55.552+0000] {taskinstance.py:1159} INFO - Dependencies all met for dep_context=non-requeueable deps ti=<TaskInstance: Kafka_Producer_4.Reddit scheduled__2024-01-20T05:12:51.242862+00:00 [queued]>
[2024-01-20T05:14:55.558+0000] {taskinstance.py:1159} INFO - Dependencies all met for dep_context=requeueable deps ti=<TaskInstance: Kafka_Producer_4.Reddit scheduled__2024-01-20T05:12:51.242862+00:00 [queued]>
[2024-01-20T05:14:55.559+0000] {taskinstance.py:1361} INFO - Starting attempt 1 of 1
[2024-01-20T05:14:55.572+0000] {taskinstance.py:1382} INFO - Executing <Task(PythonOperator): Reddit> on 2024-01-20 05:12:51.242862+00:00
[2024-01-20T05:14:55.574+0000] {standard_task_runner.py:57} INFO - Started process 10394 to run task
[2024-01-20T05:14:55.576+0000] {standard_task_runner.py:84} INFO - Running: ['***', 'tasks', 'run', 'Kafka_Producer_4', 'Reddit', 'scheduled__2024-01-20T05:12:51.242862+00:00', '--job-id', '503', '--raw', '--subdir', 'DAGS_FOLDER/kafka_stream_4.py', '--cfg-path', '/tmp/tmp92koah1q']
[2024-01-20T05:14:55.577+0000] {standard_task_runner.py:85} INFO - Job 503: Subtask Reddit
[2024-01-20T05:14:55.617+0000] {task_command.py:415} INFO - Running <TaskInstance: Kafka_Producer_4.Reddit scheduled__2024-01-20T05:12:51.242862+00:00 [running]> on host 45c5bfab8aa1
[2024-01-20T05:14:55.682+0000] {taskinstance.py:1660} INFO - Exporting env vars: AIRFLOW_CTX_DAG_OWNER='me' AIRFLOW_CTX_DAG_ID='Kafka_Producer_4' AIRFLOW_CTX_TASK_ID='Reddit' AIRFLOW_CTX_EXECUTION_DATE='2024-01-20T05:12:51.242862+00:00' AIRFLOW_CTX_TRY_NUMBER='1' AIRFLOW_CTX_DAG_RUN_ID='scheduled__2024-01-20T05:12:51.242862+00:00'
[2024-01-20T05:14:55.708+0000] {logging_mixin.py:151} INFO -  submission : 
[2024-01-20T05:14:56.468+0000] {logging_mixin.py:151} INFO - #False
[2024-01-20T05:14:56.469+0000] {logging_mixin.py:151} INFO - #False
[2024-01-20T05:14:56.469+0000] {logging_mixin.py:151} INFO - #False
[2024-01-20T05:14:56.469+0000] {logging_mixin.py:151} INFO - #False
[2024-01-20T05:14:56.470+0000] {logging_mixin.py:151} INFO - #False
[2024-01-20T05:14:56.470+0000] {logging_mixin.py:151} INFO - #False
[2024-01-20T05:14:56.470+0000] {logging_mixin.py:151} INFO - #False
[2024-01-20T05:14:56.470+0000] {logging_mixin.py:151} INFO - #False
[2024-01-20T05:14:56.471+0000] {logging_mixin.py:151} INFO - #False
[2024-01-20T05:14:56.471+0000] {logging_mixin.py:151} INFO - #False
[2024-01-20T05:14:56.471+0000] {logging_mixin.py:151} INFO - #False
[2024-01-20T05:14:56.471+0000] {logging_mixin.py:151} INFO - #False
[2024-01-20T05:14:56.472+0000] {logging_mixin.py:151} INFO - #False
[2024-01-20T05:14:56.472+0000] {logging_mixin.py:151} INFO - #False
[2024-01-20T05:14:56.472+0000] {logging_mixin.py:151} INFO - #False
[2024-01-20T05:14:56.472+0000] {logging_mixin.py:151} INFO - #False
[2024-01-20T05:14:56.472+0000] {logging_mixin.py:151} INFO - #False
[2024-01-20T05:14:56.473+0000] {logging_mixin.py:151} INFO - #False
[2024-01-20T05:14:56.473+0000] {logging_mixin.py:151} INFO - #False
[2024-01-20T05:14:56.473+0000] {logging_mixin.py:151} INFO - #False
[2024-01-20T05:14:56.473+0000] {logging_mixin.py:151} INFO - #False
[2024-01-20T05:14:56.474+0000] {logging_mixin.py:151} INFO - #False
[2024-01-20T05:14:56.474+0000] {logging_mixin.py:151} INFO - #False
[2024-01-20T05:14:56.474+0000] {logging_mixin.py:151} INFO - #False
[2024-01-20T05:14:56.474+0000] {logging_mixin.py:151} INFO - #False
[2024-01-20T05:14:56.474+0000] {logging_mixin.py:151} INFO - #False
[2024-01-20T05:14:56.475+0000] {logging_mixin.py:151} INFO - #False
[2024-01-20T05:14:56.475+0000] {logging_mixin.py:151} INFO - #False
[2024-01-20T05:14:56.475+0000] {logging_mixin.py:151} INFO - #False
[2024-01-20T05:14:56.475+0000] {logging_mixin.py:151} INFO - #False
[2024-01-20T05:14:56.476+0000] {logging_mixin.py:151} INFO -  submission : 
[2024-01-20T05:14:57.053+0000] {logging_mixin.py:151} INFO - #False
[2024-01-20T05:14:57.053+0000] {logging_mixin.py:151} INFO - #False
[2024-01-20T05:14:57.054+0000] {logging_mixin.py:151} INFO - #False
[2024-01-20T05:14:57.054+0000] {logging_mixin.py:151} INFO - #False
[2024-01-20T05:14:57.054+0000] {logging_mixin.py:151} INFO - #False
[2024-01-20T05:14:57.055+0000] {logging_mixin.py:151} INFO - #False
[2024-01-20T05:14:57.055+0000] {logging_mixin.py:151} INFO - #False
[2024-01-20T05:14:57.055+0000] {logging_mixin.py:151} INFO - #False
[2024-01-20T05:14:57.055+0000] {logging_mixin.py:151} INFO - #False
[2024-01-20T05:14:57.056+0000] {logging_mixin.py:151} INFO - #False
[2024-01-20T05:14:57.056+0000] {logging_mixin.py:151} INFO - #False
[2024-01-20T05:14:57.056+0000] {logging_mixin.py:151} INFO - #False
[2024-01-20T05:14:57.056+0000] {logging_mixin.py:151} INFO - #False
[2024-01-20T05:14:57.057+0000] {logging_mixin.py:151} INFO - #False
[2024-01-20T05:14:57.057+0000] {logging_mixin.py:151} INFO - #False
[2024-01-20T05:14:57.058+0000] {logging_mixin.py:151} INFO - #False
[2024-01-20T05:14:57.058+0000] {logging_mixin.py:151} INFO - #False
[2024-01-20T05:14:57.058+0000] {logging_mixin.py:151} INFO - #False
[2024-01-20T05:14:57.059+0000] {logging_mixin.py:151} INFO - #False
[2024-01-20T05:14:57.059+0000] {logging_mixin.py:151} INFO - #False
[2024-01-20T05:14:57.060+0000] {logging_mixin.py:151} INFO - #False
[2024-01-20T05:14:57.060+0000] {logging_mixin.py:151} INFO - #False
[2024-01-20T05:14:57.060+0000] {logging_mixin.py:151} INFO - #False
[2024-01-20T05:14:57.060+0000] {logging_mixin.py:151} INFO - #False
[2024-01-20T05:14:57.061+0000] {logging_mixin.py:151} INFO - #False
[2024-01-20T05:14:57.061+0000] {logging_mixin.py:151} INFO - #False
[2024-01-20T05:14:57.061+0000] {logging_mixin.py:151} INFO - #False
[2024-01-20T05:14:57.061+0000] {logging_mixin.py:151} INFO - #False
[2024-01-20T05:14:57.062+0000] {logging_mixin.py:151} INFO - #False
[2024-01-20T05:14:57.062+0000] {logging_mixin.py:151} INFO - #False
[2024-01-20T05:14:57.062+0000] {logging_mixin.py:151} INFO -  submission : 
[2024-01-20T05:14:57.595+0000] {logging_mixin.py:151} INFO - #False
[2024-01-20T05:14:57.596+0000] {logging_mixin.py:151} INFO - #False
[2024-01-20T05:14:57.596+0000] {logging_mixin.py:151} INFO - #False
[2024-01-20T05:14:57.597+0000] {logging_mixin.py:151} INFO - #False
[2024-01-20T05:14:57.597+0000] {logging_mixin.py:151} INFO - #False
[2024-01-20T05:14:57.598+0000] {logging_mixin.py:151} INFO - #False
[2024-01-20T05:14:57.598+0000] {logging_mixin.py:151} INFO - #False
[2024-01-20T05:14:57.598+0000] {logging_mixin.py:151} INFO - #False
[2024-01-20T05:14:57.598+0000] {logging_mixin.py:151} INFO - #False
[2024-01-20T05:14:57.599+0000] {logging_mixin.py:151} INFO - #False
[2024-01-20T05:14:57.599+0000] {logging_mixin.py:151} INFO - #False
[2024-01-20T05:14:57.600+0000] {logging_mixin.py:151} INFO - #False
[2024-01-20T05:14:57.600+0000] {logging_mixin.py:151} INFO - #False
[2024-01-20T05:14:57.600+0000] {logging_mixin.py:151} INFO - #False
[2024-01-20T05:14:57.600+0000] {logging_mixin.py:151} INFO - #False
[2024-01-20T05:14:57.601+0000] {logging_mixin.py:151} INFO - #False
[2024-01-20T05:14:57.601+0000] {logging_mixin.py:151} INFO - #False
[2024-01-20T05:14:57.601+0000] {logging_mixin.py:151} INFO - #False
[2024-01-20T05:14:57.602+0000] {logging_mixin.py:151} INFO - #False
[2024-01-20T05:14:57.602+0000] {logging_mixin.py:151} INFO - #False
[2024-01-20T05:14:57.602+0000] {logging_mixin.py:151} INFO - #False
[2024-01-20T05:14:57.603+0000] {logging_mixin.py:151} INFO - #False
[2024-01-20T05:14:57.603+0000] {logging_mixin.py:151} INFO - #False
[2024-01-20T05:14:57.604+0000] {logging_mixin.py:151} INFO - #False
[2024-01-20T05:14:57.604+0000] {logging_mixin.py:151} INFO - #False
[2024-01-20T05:14:57.604+0000] {logging_mixin.py:151} INFO - #False
[2024-01-20T05:14:57.605+0000] {logging_mixin.py:151} INFO - #False
[2024-01-20T05:14:57.605+0000] {logging_mixin.py:151} INFO - #False
[2024-01-20T05:14:57.606+0000] {logging_mixin.py:151} INFO - #False
[2024-01-20T05:14:57.606+0000] {logging_mixin.py:151} INFO - #False
[2024-01-20T05:14:57.606+0000] {logging_mixin.py:151} INFO -  submission : 
[2024-01-20T05:14:58.043+0000] {logging_mixin.py:151} INFO - #False
[2024-01-20T05:14:58.044+0000] {logging_mixin.py:151} INFO - #False
[2024-01-20T05:14:58.044+0000] {logging_mixin.py:151} INFO - #False
[2024-01-20T05:14:58.045+0000] {logging_mixin.py:151} INFO - #False
[2024-01-20T05:14:58.045+0000] {logging_mixin.py:151} INFO - #False
[2024-01-20T05:14:58.046+0000] {logging_mixin.py:151} INFO - #False
[2024-01-20T05:14:58.046+0000] {logging_mixin.py:151} INFO - #False
[2024-01-20T05:14:58.046+0000] {logging_mixin.py:151} INFO - #False
[2024-01-20T05:14:58.046+0000] {logging_mixin.py:151} INFO - #False
[2024-01-20T05:14:58.047+0000] {logging_mixin.py:151} INFO - #False
[2024-01-20T05:14:58.047+0000] {logging_mixin.py:151} INFO - #False
[2024-01-20T05:14:58.047+0000] {logging_mixin.py:151} INFO - #False
[2024-01-20T05:14:58.047+0000] {logging_mixin.py:151} INFO - #False
[2024-01-20T05:14:58.048+0000] {logging_mixin.py:151} INFO - #False
[2024-01-20T05:14:58.048+0000] {logging_mixin.py:151} INFO - #False
[2024-01-20T05:14:58.048+0000] {logging_mixin.py:151} INFO - #False
[2024-01-20T05:14:58.048+0000] {logging_mixin.py:151} INFO - #False
[2024-01-20T05:14:58.048+0000] {logging_mixin.py:151} INFO - #False
[2024-01-20T05:14:58.049+0000] {logging_mixin.py:151} INFO - #False
[2024-01-20T05:14:58.049+0000] {logging_mixin.py:151} INFO - #False
[2024-01-20T05:14:58.049+0000] {logging_mixin.py:151} INFO - #False
[2024-01-20T05:14:58.049+0000] {logging_mixin.py:151} INFO - #False
[2024-01-20T05:14:58.050+0000] {logging_mixin.py:151} INFO - #False
[2024-01-20T05:14:58.050+0000] {logging_mixin.py:151} INFO - #False
[2024-01-20T05:14:58.051+0000] {logging_mixin.py:151} INFO - #False
[2024-01-20T05:14:58.051+0000] {logging_mixin.py:151} INFO - #False
[2024-01-20T05:14:58.051+0000] {logging_mixin.py:151} INFO - #False
[2024-01-20T05:14:58.051+0000] {logging_mixin.py:151} INFO - #False
[2024-01-20T05:14:58.051+0000] {logging_mixin.py:151} INFO - #False
[2024-01-20T05:14:58.052+0000] {logging_mixin.py:151} INFO - #False
[2024-01-20T05:14:58.052+0000] {logging_mixin.py:151} INFO -  submission : 
[2024-01-20T05:14:58.476+0000] {logging_mixin.py:151} INFO - #False
[2024-01-20T05:14:58.476+0000] {logging_mixin.py:151} INFO - #False
[2024-01-20T05:14:58.477+0000] {logging_mixin.py:151} INFO - #False
[2024-01-20T05:14:58.477+0000] {logging_mixin.py:151} INFO - #False
[2024-01-20T05:14:58.477+0000] {logging_mixin.py:151} INFO - #False
[2024-01-20T05:14:58.478+0000] {logging_mixin.py:151} INFO - #False
[2024-01-20T05:14:58.478+0000] {logging_mixin.py:151} INFO - #False
[2024-01-20T05:14:58.478+0000] {logging_mixin.py:151} INFO - #False
[2024-01-20T05:14:58.478+0000] {logging_mixin.py:151} INFO - #False
[2024-01-20T05:14:58.479+0000] {logging_mixin.py:151} INFO - #False
[2024-01-20T05:14:58.479+0000] {logging_mixin.py:151} INFO - #False
[2024-01-20T05:14:58.479+0000] {logging_mixin.py:151} INFO - #False
[2024-01-20T05:14:58.479+0000] {logging_mixin.py:151} INFO - #False
[2024-01-20T05:14:58.480+0000] {logging_mixin.py:151} INFO - #False
[2024-01-20T05:14:58.480+0000] {logging_mixin.py:151} INFO - #False
[2024-01-20T05:14:58.480+0000] {logging_mixin.py:151} INFO - #False
[2024-01-20T05:14:58.480+0000] {logging_mixin.py:151} INFO - #False
[2024-01-20T05:14:58.480+0000] {logging_mixin.py:151} INFO - #False
[2024-01-20T05:14:58.481+0000] {logging_mixin.py:151} INFO - #False
[2024-01-20T05:14:58.481+0000] {logging_mixin.py:151} INFO - #False
[2024-01-20T05:14:58.481+0000] {logging_mixin.py:151} INFO - #False
[2024-01-20T05:14:58.481+0000] {logging_mixin.py:151} INFO - #False
[2024-01-20T05:14:58.482+0000] {logging_mixin.py:151} INFO - #False
[2024-01-20T05:14:58.482+0000] {logging_mixin.py:151} INFO - #False
[2024-01-20T05:14:58.482+0000] {logging_mixin.py:151} INFO - #False
[2024-01-20T05:14:58.482+0000] {logging_mixin.py:151} INFO - #False
[2024-01-20T05:14:58.483+0000] {logging_mixin.py:151} INFO - #False
[2024-01-20T05:14:58.483+0000] {logging_mixin.py:151} INFO - #False
[2024-01-20T05:14:58.483+0000] {logging_mixin.py:151} INFO - #False
[2024-01-20T05:14:58.483+0000] {logging_mixin.py:151} INFO - #False
[2024-01-20T05:14:58.483+0000] {logging_mixin.py:151} INFO -  submission : 
[2024-01-20T05:14:58.989+0000] {logging_mixin.py:151} INFO - #False
[2024-01-20T05:14:58.989+0000] {logging_mixin.py:151} INFO - #False
[2024-01-20T05:14:58.990+0000] {logging_mixin.py:151} INFO - #False
[2024-01-20T05:14:58.990+0000] {logging_mixin.py:151} INFO - #False
[2024-01-20T05:14:58.990+0000] {logging_mixin.py:151} INFO - #False
[2024-01-20T05:14:58.991+0000] {logging_mixin.py:151} INFO - #False
[2024-01-20T05:14:58.991+0000] {logging_mixin.py:151} INFO - #False
[2024-01-20T05:14:58.991+0000] {logging_mixin.py:151} INFO - #False
[2024-01-20T05:14:58.992+0000] {logging_mixin.py:151} INFO - #False
[2024-01-20T05:14:58.992+0000] {logging_mixin.py:151} INFO - #False
[2024-01-20T05:14:58.992+0000] {logging_mixin.py:151} INFO - #False
[2024-01-20T05:14:58.993+0000] {logging_mixin.py:151} INFO - #False
[2024-01-20T05:14:58.993+0000] {logging_mixin.py:151} INFO - #False
[2024-01-20T05:14:58.993+0000] {logging_mixin.py:151} INFO - #False
[2024-01-20T05:14:58.994+0000] {logging_mixin.py:151} INFO - #False
[2024-01-20T05:14:58.994+0000] {logging_mixin.py:151} INFO - #False
[2024-01-20T05:14:58.994+0000] {logging_mixin.py:151} INFO - #False
[2024-01-20T05:14:58.994+0000] {logging_mixin.py:151} INFO - #False
[2024-01-20T05:14:58.995+0000] {logging_mixin.py:151} INFO - #False
[2024-01-20T05:14:58.995+0000] {logging_mixin.py:151} INFO - #False
[2024-01-20T05:14:58.995+0000] {logging_mixin.py:151} INFO - #False
[2024-01-20T05:14:58.995+0000] {logging_mixin.py:151} INFO - #False
[2024-01-20T05:14:58.996+0000] {logging_mixin.py:151} INFO - #False
[2024-01-20T05:14:58.996+0000] {logging_mixin.py:151} INFO - #False
[2024-01-20T05:14:58.996+0000] {logging_mixin.py:151} INFO - #False
[2024-01-20T05:14:58.996+0000] {logging_mixin.py:151} INFO - #False
[2024-01-20T05:14:58.997+0000] {logging_mixin.py:151} INFO - #False
[2024-01-20T05:14:58.997+0000] {logging_mixin.py:151} INFO - #False
[2024-01-20T05:14:58.997+0000] {logging_mixin.py:151} INFO - #False
[2024-01-20T05:14:58.997+0000] {logging_mixin.py:151} INFO - #False
[2024-01-20T05:14:58.998+0000] {logging_mixin.py:151} INFO -  submission : 
[2024-01-20T05:14:59.554+0000] {logging_mixin.py:151} INFO - #False
[2024-01-20T05:14:59.555+0000] {logging_mixin.py:151} INFO - #False
[2024-01-20T05:14:59.555+0000] {logging_mixin.py:151} INFO - #False
[2024-01-20T05:14:59.556+0000] {logging_mixin.py:151} INFO - #False
[2024-01-20T05:14:59.556+0000] {logging_mixin.py:151} INFO - #False
[2024-01-20T05:14:59.557+0000] {logging_mixin.py:151} INFO - #False
[2024-01-20T05:14:59.557+0000] {logging_mixin.py:151} INFO - #False
[2024-01-20T05:14:59.558+0000] {logging_mixin.py:151} INFO - #False
[2024-01-20T05:14:59.558+0000] {logging_mixin.py:151} INFO - #False
[2024-01-20T05:14:59.558+0000] {logging_mixin.py:151} INFO - #False
[2024-01-20T05:14:59.559+0000] {logging_mixin.py:151} INFO - #False
[2024-01-20T05:14:59.559+0000] {logging_mixin.py:151} INFO - #False
[2024-01-20T05:14:59.559+0000] {logging_mixin.py:151} INFO - #False
[2024-01-20T05:14:59.559+0000] {logging_mixin.py:151} INFO - #False
[2024-01-20T05:14:59.560+0000] {logging_mixin.py:151} INFO - #False
[2024-01-20T05:14:59.560+0000] {logging_mixin.py:151} INFO - #False
[2024-01-20T05:14:59.560+0000] {logging_mixin.py:151} INFO - #False
[2024-01-20T05:14:59.560+0000] {logging_mixin.py:151} INFO - #False
[2024-01-20T05:14:59.561+0000] {logging_mixin.py:151} INFO - #False
[2024-01-20T05:14:59.561+0000] {logging_mixin.py:151} INFO - #False
[2024-01-20T05:14:59.561+0000] {logging_mixin.py:151} INFO - #False
[2024-01-20T05:14:59.561+0000] {logging_mixin.py:151} INFO - #False
[2024-01-20T05:14:59.561+0000] {logging_mixin.py:151} INFO - #False
[2024-01-20T05:14:59.562+0000] {logging_mixin.py:151} INFO - #False
[2024-01-20T05:14:59.562+0000] {logging_mixin.py:151} INFO - #False
[2024-01-20T05:14:59.562+0000] {logging_mixin.py:151} INFO - #False
[2024-01-20T05:14:59.563+0000] {logging_mixin.py:151} INFO - #False
[2024-01-20T05:14:59.563+0000] {logging_mixin.py:151} INFO - #False
[2024-01-20T05:14:59.563+0000] {logging_mixin.py:151} INFO - #False
[2024-01-20T05:14:59.564+0000] {logging_mixin.py:151} INFO - #False
[2024-01-20T05:14:59.564+0000] {logging_mixin.py:151} INFO -  submission : 
[2024-01-20T05:14:59.997+0000] {logging_mixin.py:151} INFO - #False
[2024-01-20T05:14:59.998+0000] {logging_mixin.py:151} INFO - #False
[2024-01-20T05:14:59.998+0000] {logging_mixin.py:151} INFO - #False
[2024-01-20T05:14:59.998+0000] {logging_mixin.py:151} INFO - #False
[2024-01-20T05:14:59.999+0000] {logging_mixin.py:151} INFO - #False
[2024-01-20T05:14:59.999+0000] {logging_mixin.py:151} INFO - #False
[2024-01-20T05:14:59.999+0000] {logging_mixin.py:151} INFO - #False
[2024-01-20T05:15:00.000+0000] {logging_mixin.py:151} INFO - #False
[2024-01-20T05:15:00.000+0000] {logging_mixin.py:151} INFO - #False
[2024-01-20T05:15:00.001+0000] {logging_mixin.py:151} INFO - #False
[2024-01-20T05:15:00.001+0000] {logging_mixin.py:151} INFO - #False
[2024-01-20T05:15:00.002+0000] {logging_mixin.py:151} INFO - #False
[2024-01-20T05:15:00.002+0000] {logging_mixin.py:151} INFO - #False
[2024-01-20T05:15:00.002+0000] {logging_mixin.py:151} INFO - #False
[2024-01-20T05:15:00.003+0000] {logging_mixin.py:151} INFO - #False
[2024-01-20T05:15:00.003+0000] {logging_mixin.py:151} INFO - #False
[2024-01-20T05:15:00.003+0000] {logging_mixin.py:151} INFO - #False
[2024-01-20T05:15:00.004+0000] {logging_mixin.py:151} INFO - #False
[2024-01-20T05:15:00.004+0000] {logging_mixin.py:151} INFO - #False
[2024-01-20T05:15:00.005+0000] {logging_mixin.py:151} INFO - #False
[2024-01-20T05:15:00.005+0000] {logging_mixin.py:151} INFO - #False
[2024-01-20T05:15:00.005+0000] {logging_mixin.py:151} INFO - #False
[2024-01-20T05:15:00.005+0000] {logging_mixin.py:151} INFO - #False
[2024-01-20T05:15:00.006+0000] {logging_mixin.py:151} INFO - #False
[2024-01-20T05:15:00.006+0000] {logging_mixin.py:151} INFO - #False
[2024-01-20T05:15:00.007+0000] {logging_mixin.py:151} INFO - #False
[2024-01-20T05:15:00.007+0000] {logging_mixin.py:151} INFO - #False
[2024-01-20T05:15:00.007+0000] {logging_mixin.py:151} INFO - #False
[2024-01-20T05:15:00.008+0000] {logging_mixin.py:151} INFO - #False
[2024-01-20T05:15:00.008+0000] {logging_mixin.py:151} INFO - #False
[2024-01-20T05:15:00.008+0000] {python.py:194} INFO - Done. Returned value was: None
[2024-01-20T05:15:00.015+0000] {taskinstance.py:1400} INFO - Marking task as SUCCESS. dag_id=Kafka_Producer_4, task_id=Reddit, execution_date=20240120T051251, start_date=20240120T051455, end_date=20240120T051500
[2024-01-20T05:15:00.044+0000] {local_task_job_runner.py:228} INFO - Task exited with return code 0
[2024-01-20T05:15:00.056+0000] {taskinstance.py:2784} INFO - 0 downstream tasks scheduled from follow-on schedule check
