[2024-01-17T01:40:16.252+0000] {taskinstance.py:1159} INFO - Dependencies all met for dep_context=non-requeueable deps ti=<TaskInstance: spark_stream_job.spark_submit_task scheduled__2024-01-17T00:45:00+00:00 [queued]>
[2024-01-17T01:40:16.258+0000] {taskinstance.py:1159} INFO - Dependencies all met for dep_context=requeueable deps ti=<TaskInstance: spark_stream_job.spark_submit_task scheduled__2024-01-17T00:45:00+00:00 [queued]>
[2024-01-17T01:40:16.258+0000] {taskinstance.py:1361} INFO - Starting attempt 2 of 2
[2024-01-17T01:40:16.271+0000] {taskinstance.py:1382} INFO - Executing <Task(BashOperator): spark_submit_task> on 2024-01-17 00:45:00+00:00
[2024-01-17T01:40:16.274+0000] {standard_task_runner.py:57} INFO - Started process 261 to run task
[2024-01-17T01:40:16.276+0000] {standard_task_runner.py:84} INFO - Running: ['***', 'tasks', 'run', 'spark_stream_job', 'spark_submit_task', 'scheduled__2024-01-17T00:45:00+00:00', '--job-id', '41', '--raw', '--subdir', 'DAGS_FOLDER/spark_streaming_dag.py', '--cfg-path', '/tmp/tmpf_s_kqki']
[2024-01-17T01:40:16.277+0000] {standard_task_runner.py:85} INFO - Job 41: Subtask spark_submit_task
[2024-01-17T01:40:16.325+0000] {task_command.py:415} INFO - Running <TaskInstance: spark_stream_job.spark_submit_task scheduled__2024-01-17T00:45:00+00:00 [running]> on host 4ec820d606d8
[2024-01-17T01:40:16.394+0000] {taskinstance.py:1660} INFO - Exporting env vars: AIRFLOW_CTX_DAG_OWNER='me' AIRFLOW_CTX_DAG_ID='spark_stream_job' AIRFLOW_CTX_TASK_ID='spark_submit_task' AIRFLOW_CTX_EXECUTION_DATE='2024-01-17T00:45:00+00:00' AIRFLOW_CTX_TRY_NUMBER='2' AIRFLOW_CTX_DAG_RUN_ID='scheduled__2024-01-17T00:45:00+00:00'
[2024-01-17T01:40:16.395+0000] {subprocess.py:63} INFO - Tmp dir root location: /tmp
[2024-01-17T01:40:16.395+0000] {subprocess.py:75} INFO - Running command: ['/bin/bash', '-c', 'spark-submit /opt/***/dags/spark_stream.py']
[2024-01-17T01:40:16.402+0000] {subprocess.py:86} INFO - Output:
[2024-01-17T01:40:16.403+0000] {subprocess.py:93} INFO - /bin/bash: line 1: spark-submit: command not found
[2024-01-17T01:40:16.403+0000] {subprocess.py:97} INFO - Command exited with return code 127
[2024-01-17T01:40:16.412+0000] {taskinstance.py:1943} ERROR - Task failed with exception
Traceback (most recent call last):
  File "/home/airflow/.local/lib/python3.9/site-packages/airflow/operators/bash.py", line 210, in execute
    raise AirflowException(
airflow.exceptions.AirflowException: Bash command failed. The command returned a non-zero exit code 127.
[2024-01-17T01:40:16.415+0000] {taskinstance.py:1400} INFO - Marking task as FAILED. dag_id=spark_stream_job, task_id=spark_submit_task, execution_date=20240117T004500, start_date=20240117T014016, end_date=20240117T014016
[2024-01-17T01:40:16.426+0000] {standard_task_runner.py:104} ERROR - Failed to execute job 41 for task spark_submit_task (Bash command failed. The command returned a non-zero exit code 127.; 261)
[2024-01-17T01:40:16.450+0000] {local_task_job_runner.py:228} INFO - Task exited with return code 1
[2024-01-17T01:40:16.469+0000] {taskinstance.py:2784} INFO - 0 downstream tasks scheduled from follow-on schedule check
[2024-01-17T01:48:34.948+0000] {taskinstance.py:1159} INFO - Dependencies all met for dep_context=non-requeueable deps ti=<TaskInstance: spark_stream_job.spark_submit_task scheduled__2024-01-17T00:45:00+00:00 [queued]>
[2024-01-17T01:48:34.953+0000] {taskinstance.py:1159} INFO - Dependencies all met for dep_context=requeueable deps ti=<TaskInstance: spark_stream_job.spark_submit_task scheduled__2024-01-17T00:45:00+00:00 [queued]>
[2024-01-17T01:48:34.954+0000] {taskinstance.py:1361} INFO - Starting attempt 2 of 2
[2024-01-17T01:48:34.963+0000] {taskinstance.py:1382} INFO - Executing <Task(BashOperator): spark_submit_task> on 2024-01-17 00:45:00+00:00
[2024-01-17T01:48:34.966+0000] {standard_task_runner.py:57} INFO - Started process 469 to run task
[2024-01-17T01:48:34.968+0000] {standard_task_runner.py:84} INFO - Running: ['***', 'tasks', 'run', 'spark_stream_job', 'spark_submit_task', 'scheduled__2024-01-17T00:45:00+00:00', '--job-id', '41', '--raw', '--subdir', 'DAGS_FOLDER/spark_streaming_dag.py', '--cfg-path', '/tmp/tmpmna1ya_4']
[2024-01-17T01:48:34.969+0000] {standard_task_runner.py:85} INFO - Job 41: Subtask spark_submit_task
[2024-01-17T01:48:35.006+0000] {task_command.py:415} INFO - Running <TaskInstance: spark_stream_job.spark_submit_task scheduled__2024-01-17T00:45:00+00:00 [running]> on host a81a9f2a1c09
[2024-01-17T01:48:35.056+0000] {taskinstance.py:1660} INFO - Exporting env vars: AIRFLOW_CTX_DAG_OWNER='me' AIRFLOW_CTX_DAG_ID='spark_stream_job' AIRFLOW_CTX_TASK_ID='spark_submit_task' AIRFLOW_CTX_EXECUTION_DATE='2024-01-17T00:45:00+00:00' AIRFLOW_CTX_TRY_NUMBER='2' AIRFLOW_CTX_DAG_RUN_ID='scheduled__2024-01-17T00:45:00+00:00'
[2024-01-17T01:48:35.057+0000] {subprocess.py:63} INFO - Tmp dir root location: /tmp
[2024-01-17T01:48:35.057+0000] {subprocess.py:75} INFO - Running command: ['/bin/bash', '-c', 'docker run --rm -v /opt/***/dags:/opt/***/dags bitnami/spark:latest bin/spark-submit /opt/***/dags/spark_stream.py']
[2024-01-17T01:48:35.063+0000] {subprocess.py:86} INFO - Output:
[2024-01-17T01:48:35.080+0000] {subprocess.py:93} INFO - docker: Cannot connect to the Docker daemon at unix:///var/run/docker.sock. Is the docker daemon running?.
[2024-01-17T01:48:35.080+0000] {subprocess.py:93} INFO - See 'docker run --help'.
[2024-01-17T01:48:35.081+0000] {subprocess.py:97} INFO - Command exited with return code 125
[2024-01-17T01:48:35.088+0000] {taskinstance.py:1943} ERROR - Task failed with exception
Traceback (most recent call last):
  File "/home/airflow/.local/lib/python3.9/site-packages/airflow/operators/bash.py", line 210, in execute
    raise AirflowException(
airflow.exceptions.AirflowException: Bash command failed. The command returned a non-zero exit code 125.
[2024-01-17T01:48:35.090+0000] {taskinstance.py:1400} INFO - Marking task as FAILED. dag_id=spark_stream_job, task_id=spark_submit_task, execution_date=20240117T004500, start_date=20240117T014834, end_date=20240117T014835
[2024-01-17T01:48:35.100+0000] {standard_task_runner.py:104} ERROR - Failed to execute job 41 for task spark_submit_task (Bash command failed. The command returned a non-zero exit code 125.; 469)
[2024-01-17T01:48:35.141+0000] {local_task_job_runner.py:228} INFO - Task exited with return code 1
[2024-01-17T01:48:35.157+0000] {taskinstance.py:2784} INFO - 0 downstream tasks scheduled from follow-on schedule check
[2024-01-17T02:37:45.848+0000] {taskinstance.py:1159} INFO - Dependencies all met for dep_context=non-requeueable deps ti=<TaskInstance: spark_stream_job.spark_submit_task scheduled__2024-01-17T00:45:00+00:00 [queued]>
[2024-01-17T02:37:45.853+0000] {taskinstance.py:1159} INFO - Dependencies all met for dep_context=requeueable deps ti=<TaskInstance: spark_stream_job.spark_submit_task scheduled__2024-01-17T00:45:00+00:00 [queued]>
[2024-01-17T02:37:45.854+0000] {taskinstance.py:1361} INFO - Starting attempt 2 of 2
[2024-01-17T02:37:45.863+0000] {taskinstance.py:1382} INFO - Executing <Task(SparkSubmitOperator): spark_submit_task> on 2024-01-17 00:45:00+00:00
[2024-01-17T02:37:45.866+0000] {standard_task_runner.py:57} INFO - Started process 422 to run task
[2024-01-17T02:37:45.868+0000] {standard_task_runner.py:84} INFO - Running: ['***', 'tasks', 'run', 'spark_stream_job', 'spark_submit_task', 'scheduled__2024-01-17T00:45:00+00:00', '--job-id', '39', '--raw', '--subdir', 'DAGS_FOLDER/spark_streaming_dag.py', '--cfg-path', '/tmp/tmp06d34dxk']
[2024-01-17T02:37:45.869+0000] {standard_task_runner.py:85} INFO - Job 39: Subtask spark_submit_task
[2024-01-17T02:37:45.907+0000] {task_command.py:415} INFO - Running <TaskInstance: spark_stream_job.spark_submit_task scheduled__2024-01-17T00:45:00+00:00 [running]> on host 7f29d30c8362
[2024-01-17T02:37:45.961+0000] {taskinstance.py:1660} INFO - Exporting env vars: AIRFLOW_CTX_DAG_OWNER='me' AIRFLOW_CTX_DAG_ID='spark_stream_job' AIRFLOW_CTX_TASK_ID='spark_submit_task' AIRFLOW_CTX_EXECUTION_DATE='2024-01-17T00:45:00+00:00' AIRFLOW_CTX_TRY_NUMBER='2' AIRFLOW_CTX_DAG_RUN_ID='scheduled__2024-01-17T00:45:00+00:00'
[2024-01-17T02:37:45.968+0000] {base.py:73} INFO - Using connection ID 'spark_default' for task execution.
[2024-01-17T02:37:45.968+0000] {spark_submit.py:401} INFO - Spark-Submit cmd: spark-submit --master spark-master:7077 --name spark_submit_job --verbose --queue default --deploy-mode client /opt/bitnami/scripts/spark_stream.py
[2024-01-17T02:37:46.068+0000] {spark_submit.py:571} INFO - /home/***/.local/lib/python3.9/site-packages/pyspark/bin/load-spark-env.sh: line 68: ps: command not found
[2024-01-17T02:37:46.069+0000] {spark_submit.py:571} INFO - JAVA_HOME is not set
[2024-01-17T02:37:46.077+0000] {taskinstance.py:1943} ERROR - Task failed with exception
Traceback (most recent call last):
  File "/home/airflow/.local/lib/python3.9/site-packages/airflow/providers/apache/spark/operators/spark_submit.py", line 174, in execute
    self._hook.submit(self._application)
  File "/home/airflow/.local/lib/python3.9/site-packages/airflow/providers/apache/spark/hooks/spark_submit.py", line 502, in submit
    raise AirflowException(
airflow.exceptions.AirflowException: Cannot execute: spark-submit --master spark-master:7077 --name spark_submit_job --verbose --queue default --deploy-mode client /opt/bitnami/scripts/spark_stream.py. Error code is: 1.
[2024-01-17T02:37:46.079+0000] {taskinstance.py:1400} INFO - Marking task as FAILED. dag_id=spark_stream_job, task_id=spark_submit_task, execution_date=20240117T004500, start_date=20240117T023745, end_date=20240117T023746
[2024-01-17T02:37:46.089+0000] {standard_task_runner.py:104} ERROR - Failed to execute job 39 for task spark_submit_task (Cannot execute: spark-submit --master spark-master:7077 --name spark_submit_job --verbose --queue default --deploy-mode client /opt/bitnami/scripts/spark_stream.py. Error code is: 1.; 422)
[2024-01-17T02:37:46.121+0000] {local_task_job_runner.py:228} INFO - Task exited with return code 1
[2024-01-17T02:37:46.138+0000] {taskinstance.py:2784} INFO - 0 downstream tasks scheduled from follow-on schedule check
[2024-01-17T03:26:53.140+0000] {taskinstance.py:1159} INFO - Dependencies all met for dep_context=non-requeueable deps ti=<TaskInstance: spark_stream_job.spark_submit_task scheduled__2024-01-17T00:45:00+00:00 [queued]>
[2024-01-17T03:26:53.146+0000] {taskinstance.py:1159} INFO - Dependencies all met for dep_context=requeueable deps ti=<TaskInstance: spark_stream_job.spark_submit_task scheduled__2024-01-17T00:45:00+00:00 [queued]>
[2024-01-17T03:26:53.146+0000] {taskinstance.py:1361} INFO - Starting attempt 2 of 2
[2024-01-17T03:26:53.156+0000] {taskinstance.py:1382} INFO - Executing <Task(SparkSubmitOperator): spark_submit_task> on 2024-01-17 00:45:00+00:00
[2024-01-17T03:26:53.159+0000] {standard_task_runner.py:57} INFO - Started process 447 to run task
[2024-01-17T03:26:53.161+0000] {standard_task_runner.py:84} INFO - Running: ['***', 'tasks', 'run', 'spark_stream_job', 'spark_submit_task', 'scheduled__2024-01-17T00:45:00+00:00', '--job-id', '39', '--raw', '--subdir', 'DAGS_FOLDER/spark_streaming_dag.py', '--cfg-path', '/tmp/tmpj610dk7v']
[2024-01-17T03:26:53.162+0000] {standard_task_runner.py:85} INFO - Job 39: Subtask spark_submit_task
[2024-01-17T03:26:53.197+0000] {task_command.py:415} INFO - Running <TaskInstance: spark_stream_job.spark_submit_task scheduled__2024-01-17T00:45:00+00:00 [running]> on host 776833dc279e
[2024-01-17T03:26:53.244+0000] {taskinstance.py:1660} INFO - Exporting env vars: AIRFLOW_CTX_DAG_OWNER='me' AIRFLOW_CTX_DAG_ID='spark_stream_job' AIRFLOW_CTX_TASK_ID='spark_submit_task' AIRFLOW_CTX_EXECUTION_DATE='2024-01-17T00:45:00+00:00' AIRFLOW_CTX_TRY_NUMBER='2' AIRFLOW_CTX_DAG_RUN_ID='scheduled__2024-01-17T00:45:00+00:00'
[2024-01-17T03:26:53.250+0000] {base.py:73} INFO - Using connection ID 'spark_default' for task execution.
[2024-01-17T03:26:53.251+0000] {spark_submit.py:401} INFO - Spark-Submit cmd: spark-submit --master spark://192.168.192.5:7077 --name spark_submit_job --verbose --queue root.default --deploy-mode client /opt/bitnami/scripts/spark_stream.py
[2024-01-17T03:26:53.348+0000] {spark_submit.py:571} INFO - /home/***/.local/lib/python3.9/site-packages/pyspark/bin/load-spark-env.sh: line 68: ps: command not found
[2024-01-17T03:26:53.349+0000] {spark_submit.py:571} INFO - JAVA_HOME is not set
[2024-01-17T03:26:53.357+0000] {taskinstance.py:1943} ERROR - Task failed with exception
Traceback (most recent call last):
  File "/home/airflow/.local/lib/python3.9/site-packages/airflow/providers/apache/spark/operators/spark_submit.py", line 174, in execute
    self._hook.submit(self._application)
  File "/home/airflow/.local/lib/python3.9/site-packages/airflow/providers/apache/spark/hooks/spark_submit.py", line 502, in submit
    raise AirflowException(
airflow.exceptions.AirflowException: Cannot execute: spark-submit --master spark://192.168.192.5:7077 --name spark_submit_job --verbose --queue root.default --deploy-mode client /opt/bitnami/scripts/spark_stream.py. Error code is: 1.
[2024-01-17T03:26:53.359+0000] {taskinstance.py:1400} INFO - Marking task as FAILED. dag_id=spark_stream_job, task_id=spark_submit_task, execution_date=20240117T004500, start_date=20240117T032653, end_date=20240117T032653
[2024-01-17T03:26:53.368+0000] {standard_task_runner.py:104} ERROR - Failed to execute job 39 for task spark_submit_task (Cannot execute: spark-submit --master spark://192.168.192.5:7077 --name spark_submit_job --verbose --queue root.default --deploy-mode client /opt/bitnami/scripts/spark_stream.py. Error code is: 1.; 447)
[2024-01-17T03:26:53.373+0000] {local_task_job_runner.py:228} INFO - Task exited with return code 1
[2024-01-17T03:26:53.389+0000] {taskinstance.py:2784} INFO - 0 downstream tasks scheduled from follow-on schedule check
[2024-01-17T03:30:38.377+0000] {taskinstance.py:1159} INFO - Dependencies all met for dep_context=non-requeueable deps ti=<TaskInstance: spark_stream_job.spark_submit_task scheduled__2024-01-17T00:45:00+00:00 [queued]>
[2024-01-17T03:30:38.385+0000] {taskinstance.py:1159} INFO - Dependencies all met for dep_context=requeueable deps ti=<TaskInstance: spark_stream_job.spark_submit_task scheduled__2024-01-17T00:45:00+00:00 [queued]>
[2024-01-17T03:30:38.385+0000] {taskinstance.py:1361} INFO - Starting attempt 2 of 2
[2024-01-17T03:30:38.398+0000] {taskinstance.py:1382} INFO - Executing <Task(SparkSubmitOperator): spark_submit_task> on 2024-01-17 00:45:00+00:00
[2024-01-17T03:30:38.402+0000] {standard_task_runner.py:57} INFO - Started process 921 to run task
[2024-01-17T03:30:38.404+0000] {standard_task_runner.py:84} INFO - Running: ['***', 'tasks', 'run', 'spark_stream_job', 'spark_submit_task', 'scheduled__2024-01-17T00:45:00+00:00', '--job-id', '87', '--raw', '--subdir', 'DAGS_FOLDER/spark_streaming_dag.py', '--cfg-path', '/tmp/tmpvu9a71i2']
[2024-01-17T03:30:38.406+0000] {standard_task_runner.py:85} INFO - Job 87: Subtask spark_submit_task
[2024-01-17T03:30:38.450+0000] {task_command.py:415} INFO - Running <TaskInstance: spark_stream_job.spark_submit_task scheduled__2024-01-17T00:45:00+00:00 [running]> on host 776833dc279e
[2024-01-17T03:30:38.508+0000] {taskinstance.py:1660} INFO - Exporting env vars: AIRFLOW_CTX_DAG_OWNER='me' AIRFLOW_CTX_DAG_ID='spark_stream_job' AIRFLOW_CTX_TASK_ID='spark_submit_task' AIRFLOW_CTX_EXECUTION_DATE='2024-01-17T00:45:00+00:00' AIRFLOW_CTX_TRY_NUMBER='2' AIRFLOW_CTX_DAG_RUN_ID='scheduled__2024-01-17T00:45:00+00:00'
[2024-01-17T03:30:38.514+0000] {base.py:73} INFO - Using connection ID 'spark_default' for task execution.
[2024-01-17T03:30:38.515+0000] {spark_submit.py:401} INFO - Spark-Submit cmd: spark-submit --master spark://192.168.192.5:7077 --name spark_submit_job --verbose --queue root.default --deploy-mode client /opt/bitnami/scripts/spark_stream.py
[2024-01-17T03:30:38.628+0000] {spark_submit.py:571} INFO - /home/***/.local/lib/python3.9/site-packages/pyspark/bin/load-spark-env.sh: line 68: ps: command not found
[2024-01-17T03:30:38.629+0000] {spark_submit.py:571} INFO - JAVA_HOME is not set
[2024-01-17T03:30:38.637+0000] {taskinstance.py:1943} ERROR - Task failed with exception
Traceback (most recent call last):
  File "/home/airflow/.local/lib/python3.9/site-packages/airflow/providers/apache/spark/operators/spark_submit.py", line 174, in execute
    self._hook.submit(self._application)
  File "/home/airflow/.local/lib/python3.9/site-packages/airflow/providers/apache/spark/hooks/spark_submit.py", line 502, in submit
    raise AirflowException(
airflow.exceptions.AirflowException: Cannot execute: spark-submit --master spark://192.168.192.5:7077 --name spark_submit_job --verbose --queue root.default --deploy-mode client /opt/bitnami/scripts/spark_stream.py. Error code is: 1.
[2024-01-17T03:30:38.640+0000] {taskinstance.py:1400} INFO - Marking task as FAILED. dag_id=spark_stream_job, task_id=spark_submit_task, execution_date=20240117T004500, start_date=20240117T033038, end_date=20240117T033038
[2024-01-17T03:30:38.650+0000] {standard_task_runner.py:104} ERROR - Failed to execute job 87 for task spark_submit_task (Cannot execute: spark-submit --master spark://192.168.192.5:7077 --name spark_submit_job --verbose --queue root.default --deploy-mode client /opt/bitnami/scripts/spark_stream.py. Error code is: 1.; 921)
[2024-01-17T03:30:38.656+0000] {local_task_job_runner.py:228} INFO - Task exited with return code 1
[2024-01-17T03:30:38.674+0000] {taskinstance.py:2784} INFO - 0 downstream tasks scheduled from follow-on schedule check
[2024-01-17T03:35:56.787+0000] {taskinstance.py:1159} INFO - Dependencies all met for dep_context=non-requeueable deps ti=<TaskInstance: spark_stream_job.spark_submit_task scheduled__2024-01-17T00:45:00+00:00 [queued]>
[2024-01-17T03:35:56.792+0000] {taskinstance.py:1159} INFO - Dependencies all met for dep_context=requeueable deps ti=<TaskInstance: spark_stream_job.spark_submit_task scheduled__2024-01-17T00:45:00+00:00 [queued]>
[2024-01-17T03:35:56.792+0000] {taskinstance.py:1361} INFO - Starting attempt 2 of 2
[2024-01-17T03:35:56.801+0000] {taskinstance.py:1382} INFO - Executing <Task(SparkSubmitOperator): spark_submit_task> on 2024-01-17 00:45:00+00:00
[2024-01-17T03:35:56.803+0000] {standard_task_runner.py:57} INFO - Started process 109 to run task
[2024-01-17T03:35:56.806+0000] {standard_task_runner.py:84} INFO - Running: ['***', 'tasks', 'run', 'spark_stream_job', 'spark_submit_task', 'scheduled__2024-01-17T00:45:00+00:00', '--job-id', '134', '--raw', '--subdir', 'DAGS_FOLDER/spark_streaming_dag.py', '--cfg-path', '/tmp/tmpz3wftht2']
[2024-01-17T03:35:56.807+0000] {standard_task_runner.py:85} INFO - Job 134: Subtask spark_submit_task
[2024-01-17T03:35:56.844+0000] {task_command.py:415} INFO - Running <TaskInstance: spark_stream_job.spark_submit_task scheduled__2024-01-17T00:45:00+00:00 [running]> on host 776833dc279e
[2024-01-17T03:35:56.893+0000] {taskinstance.py:1660} INFO - Exporting env vars: AIRFLOW_CTX_DAG_OWNER='me' AIRFLOW_CTX_DAG_ID='spark_stream_job' AIRFLOW_CTX_TASK_ID='spark_submit_task' AIRFLOW_CTX_EXECUTION_DATE='2024-01-17T00:45:00+00:00' AIRFLOW_CTX_TRY_NUMBER='2' AIRFLOW_CTX_DAG_RUN_ID='scheduled__2024-01-17T00:45:00+00:00'
[2024-01-17T03:35:56.900+0000] {base.py:73} INFO - Using connection ID 'spark_default' for task execution.
[2024-01-17T03:35:56.900+0000] {spark_submit.py:401} INFO - Spark-Submit cmd: spark-submit --master spark://192.168.192.5:7077 --name spark_submit_job --verbose --queue root.default --deploy-mode client /opt/bitnami/scripts/spark_stream.py
[2024-01-17T03:35:57.001+0000] {spark_submit.py:571} INFO - /home/***/.local/lib/python3.9/site-packages/pyspark/bin/load-spark-env.sh: line 68: ps: command not found
[2024-01-17T03:35:57.001+0000] {spark_submit.py:571} INFO - JAVA_HOME is not set
[2024-01-17T03:35:57.009+0000] {taskinstance.py:1943} ERROR - Task failed with exception
Traceback (most recent call last):
  File "/home/airflow/.local/lib/python3.9/site-packages/airflow/providers/apache/spark/operators/spark_submit.py", line 174, in execute
    self._hook.submit(self._application)
  File "/home/airflow/.local/lib/python3.9/site-packages/airflow/providers/apache/spark/hooks/spark_submit.py", line 502, in submit
    raise AirflowException(
airflow.exceptions.AirflowException: Cannot execute: spark-submit --master spark://192.168.192.5:7077 --name spark_submit_job --verbose --queue root.default --deploy-mode client /opt/bitnami/scripts/spark_stream.py. Error code is: 1.
[2024-01-17T03:35:57.011+0000] {taskinstance.py:1400} INFO - Marking task as FAILED. dag_id=spark_stream_job, task_id=spark_submit_task, execution_date=20240117T004500, start_date=20240117T033556, end_date=20240117T033557
[2024-01-17T03:35:57.021+0000] {standard_task_runner.py:104} ERROR - Failed to execute job 134 for task spark_submit_task (Cannot execute: spark-submit --master spark://192.168.192.5:7077 --name spark_submit_job --verbose --queue root.default --deploy-mode client /opt/bitnami/scripts/spark_stream.py. Error code is: 1.; 109)
[2024-01-17T03:35:57.059+0000] {local_task_job_runner.py:228} INFO - Task exited with return code 1
[2024-01-17T03:35:57.076+0000] {taskinstance.py:2784} INFO - 0 downstream tasks scheduled from follow-on schedule check
[2024-01-17T03:52:39.454+0000] {taskinstance.py:1159} INFO - Dependencies all met for dep_context=non-requeueable deps ti=<TaskInstance: spark_stream_job.spark_submit_task scheduled__2024-01-17T00:45:00+00:00 [queued]>
[2024-01-17T03:52:39.459+0000] {taskinstance.py:1159} INFO - Dependencies all met for dep_context=requeueable deps ti=<TaskInstance: spark_stream_job.spark_submit_task scheduled__2024-01-17T00:45:00+00:00 [queued]>
[2024-01-17T03:52:39.459+0000] {taskinstance.py:1361} INFO - Starting attempt 2 of 2
[2024-01-17T03:52:39.468+0000] {taskinstance.py:1382} INFO - Executing <Task(SparkSubmitOperator): spark_submit_task> on 2024-01-17 00:45:00+00:00
[2024-01-17T03:52:39.471+0000] {standard_task_runner.py:57} INFO - Started process 5810 to run task
[2024-01-17T03:52:39.473+0000] {standard_task_runner.py:84} INFO - Running: ['***', 'tasks', 'run', 'spark_stream_job', 'spark_submit_task', 'scheduled__2024-01-17T00:45:00+00:00', '--job-id', '239', '--raw', '--subdir', 'DAGS_FOLDER/spark_streaming_dag.py', '--cfg-path', '/tmp/tmpupohoszq']
[2024-01-17T03:52:39.474+0000] {standard_task_runner.py:85} INFO - Job 239: Subtask spark_submit_task
[2024-01-17T03:52:39.514+0000] {task_command.py:415} INFO - Running <TaskInstance: spark_stream_job.spark_submit_task scheduled__2024-01-17T00:45:00+00:00 [running]> on host 776833dc279e
[2024-01-17T03:52:39.576+0000] {taskinstance.py:1660} INFO - Exporting env vars: AIRFLOW_CTX_DAG_OWNER='me' AIRFLOW_CTX_DAG_ID='spark_stream_job' AIRFLOW_CTX_TASK_ID='spark_submit_task' AIRFLOW_CTX_EXECUTION_DATE='2024-01-17T00:45:00+00:00' AIRFLOW_CTX_TRY_NUMBER='2' AIRFLOW_CTX_DAG_RUN_ID='scheduled__2024-01-17T00:45:00+00:00'
[2024-01-17T03:52:39.584+0000] {base.py:73} INFO - Using connection ID 'spark_default' for task execution.
[2024-01-17T03:52:39.585+0000] {spark_submit.py:401} INFO - Spark-Submit cmd: spark-submit --master spark://192.168.192.5:7077 --name spark_submit_job --verbose --queue root.default --deploy-mode client /opt/bitnami/scripts/spark_stream.py
[2024-01-17T03:52:39.691+0000] {spark_submit.py:571} INFO - /home/***/.local/lib/python3.9/site-packages/pyspark/bin/load-spark-env.sh: line 68: ps: command not found
[2024-01-17T03:52:40.769+0000] {spark_submit.py:571} INFO - Using properties file: null
[2024-01-17T03:52:40.849+0000] {spark_submit.py:571} INFO - Parsed arguments:
[2024-01-17T03:52:40.850+0000] {spark_submit.py:571} INFO - master                  spark://192.168.192.5:7077
[2024-01-17T03:52:40.850+0000] {spark_submit.py:571} INFO - remote                  null
[2024-01-17T03:52:40.850+0000] {spark_submit.py:571} INFO - deployMode              client
[2024-01-17T03:52:40.850+0000] {spark_submit.py:571} INFO - executorMemory          null
[2024-01-17T03:52:40.850+0000] {spark_submit.py:571} INFO - executorCores           null
[2024-01-17T03:52:40.850+0000] {spark_submit.py:571} INFO - totalExecutorCores      null
[2024-01-17T03:52:40.850+0000] {spark_submit.py:571} INFO - propertiesFile          null
[2024-01-17T03:52:40.850+0000] {spark_submit.py:571} INFO - driverMemory            null
[2024-01-17T03:52:40.850+0000] {spark_submit.py:571} INFO - driverCores             null
[2024-01-17T03:52:40.850+0000] {spark_submit.py:571} INFO - driverExtraClassPath    null
[2024-01-17T03:52:40.850+0000] {spark_submit.py:571} INFO - driverExtraLibraryPath  null
[2024-01-17T03:52:40.850+0000] {spark_submit.py:571} INFO - driverExtraJavaOptions  null
[2024-01-17T03:52:40.850+0000] {spark_submit.py:571} INFO - supervise               false
[2024-01-17T03:52:40.850+0000] {spark_submit.py:571} INFO - queue                   root.default
[2024-01-17T03:52:40.850+0000] {spark_submit.py:571} INFO - numExecutors            null
[2024-01-17T03:52:40.850+0000] {spark_submit.py:571} INFO - files                   null
[2024-01-17T03:52:40.850+0000] {spark_submit.py:571} INFO - pyFiles                 null
[2024-01-17T03:52:40.850+0000] {spark_submit.py:571} INFO - archives                null
[2024-01-17T03:52:40.850+0000] {spark_submit.py:571} INFO - mainClass               null
[2024-01-17T03:52:40.850+0000] {spark_submit.py:571} INFO - primaryResource         file:/opt/bitnami/scripts/spark_stream.py
[2024-01-17T03:52:40.850+0000] {spark_submit.py:571} INFO - name                    spark_submit_job
[2024-01-17T03:52:40.851+0000] {spark_submit.py:571} INFO - childArgs               []
[2024-01-17T03:52:40.851+0000] {spark_submit.py:571} INFO - jars                    null
[2024-01-17T03:52:40.851+0000] {spark_submit.py:571} INFO - packages                null
[2024-01-17T03:52:40.851+0000] {spark_submit.py:571} INFO - packagesExclusions      null
[2024-01-17T03:52:40.851+0000] {spark_submit.py:571} INFO - repositories            null
[2024-01-17T03:52:40.851+0000] {spark_submit.py:571} INFO - verbose                 true
[2024-01-17T03:52:40.851+0000] {spark_submit.py:571} INFO - 
[2024-01-17T03:52:40.851+0000] {spark_submit.py:571} INFO - Spark properties used, including those specified through
[2024-01-17T03:52:40.851+0000] {spark_submit.py:571} INFO - --conf and those from the properties file null:
[2024-01-17T03:52:40.851+0000] {spark_submit.py:571} INFO - 
[2024-01-17T03:52:40.851+0000] {spark_submit.py:571} INFO - 
[2024-01-17T03:52:40.851+0000] {spark_submit.py:571} INFO - 
[2024-01-17T03:52:41.013+0000] {spark_submit.py:571} INFO - Main class:
[2024-01-17T03:52:41.013+0000] {spark_submit.py:571} INFO - org.apache.spark.deploy.PythonRunner
[2024-01-17T03:52:41.013+0000] {spark_submit.py:571} INFO - Arguments:
[2024-01-17T03:52:41.013+0000] {spark_submit.py:571} INFO - file:/opt/bitnami/scripts/spark_stream.py
[2024-01-17T03:52:41.013+0000] {spark_submit.py:571} INFO - null
[2024-01-17T03:52:41.015+0000] {spark_submit.py:571} INFO - Spark config:
[2024-01-17T03:52:41.015+0000] {spark_submit.py:571} INFO - (spark.app.name,spark_submit_job)
[2024-01-17T03:52:41.015+0000] {spark_submit.py:571} INFO - (spark.app.submitTime,1705463561002)
[2024-01-17T03:52:41.016+0000] {spark_submit.py:571} INFO - (spark.master,spark://192.168.192.5:7077)
[2024-01-17T03:52:41.016+0000] {spark_submit.py:571} INFO - (spark.submit.deployMode,client)
[2024-01-17T03:52:41.016+0000] {spark_submit.py:571} INFO - (spark.submit.pyFiles,)
[2024-01-17T03:52:41.016+0000] {spark_submit.py:571} INFO - Classpath elements:
[2024-01-17T03:52:41.016+0000] {spark_submit.py:571} INFO - 
[2024-01-17T03:52:41.016+0000] {spark_submit.py:571} INFO - 
[2024-01-17T03:52:41.016+0000] {spark_submit.py:571} INFO - 
[2024-01-17T03:52:41.150+0000] {spark_submit.py:571} INFO - python3: can't open file '/opt/bitnami/scripts/spark_stream.py': [Errno 2] No such file or directory
[2024-01-17T03:52:41.162+0000] {spark_submit.py:571} INFO - 24/01/17 03:52:41 INFO ShutdownHookManager: Shutdown hook called
[2024-01-17T03:52:41.164+0000] {spark_submit.py:571} INFO - 24/01/17 03:52:41 INFO ShutdownHookManager: Deleting directory /tmp/spark-e95ac392-d8b9-4b45-b62a-041451b053a1
[2024-01-17T03:52:41.189+0000] {taskinstance.py:1943} ERROR - Task failed with exception
Traceback (most recent call last):
  File "/home/airflow/.local/lib/python3.9/site-packages/airflow/providers/apache/spark/operators/spark_submit.py", line 174, in execute
    self._hook.submit(self._application)
  File "/home/airflow/.local/lib/python3.9/site-packages/airflow/providers/apache/spark/hooks/spark_submit.py", line 502, in submit
    raise AirflowException(
airflow.exceptions.AirflowException: Cannot execute: spark-submit --master spark://192.168.192.5:7077 --name spark_submit_job --verbose --queue root.default --deploy-mode client /opt/bitnami/scripts/spark_stream.py. Error code is: 2.
[2024-01-17T03:52:41.191+0000] {taskinstance.py:1400} INFO - Marking task as FAILED. dag_id=spark_stream_job, task_id=spark_submit_task, execution_date=20240117T004500, start_date=20240117T035239, end_date=20240117T035241
[2024-01-17T03:52:41.200+0000] {standard_task_runner.py:104} ERROR - Failed to execute job 239 for task spark_submit_task (Cannot execute: spark-submit --master spark://192.168.192.5:7077 --name spark_submit_job --verbose --queue root.default --deploy-mode client /opt/bitnami/scripts/spark_stream.py. Error code is: 2.; 5810)
[2024-01-17T03:52:41.212+0000] {local_task_job_runner.py:228} INFO - Task exited with return code 1
[2024-01-17T03:52:41.228+0000] {taskinstance.py:2784} INFO - 0 downstream tasks scheduled from follow-on schedule check
[2024-01-17T04:38:44.018+0000] {taskinstance.py:1159} INFO - Dependencies all met for dep_context=non-requeueable deps ti=<TaskInstance: spark_stream_job.spark_submit_task scheduled__2024-01-17T00:45:00+00:00 [queued]>
[2024-01-17T04:38:44.024+0000] {taskinstance.py:1159} INFO - Dependencies all met for dep_context=requeueable deps ti=<TaskInstance: spark_stream_job.spark_submit_task scheduled__2024-01-17T00:45:00+00:00 [queued]>
[2024-01-17T04:38:44.024+0000] {taskinstance.py:1361} INFO - Starting attempt 2 of 2
[2024-01-17T04:38:44.034+0000] {taskinstance.py:1382} INFO - Executing <Task(SparkSubmitOperator): spark_submit_task> on 2024-01-17 00:45:00+00:00
[2024-01-17T04:38:44.037+0000] {standard_task_runner.py:57} INFO - Started process 6630 to run task
[2024-01-17T04:38:44.039+0000] {standard_task_runner.py:84} INFO - Running: ['***', 'tasks', 'run', 'spark_stream_job', 'spark_submit_task', 'scheduled__2024-01-17T00:45:00+00:00', '--job-id', '85', '--raw', '--subdir', 'DAGS_FOLDER/spark_streaming_dag.py', '--cfg-path', '/tmp/tmpo0zrewea']
[2024-01-17T04:38:44.040+0000] {standard_task_runner.py:85} INFO - Job 85: Subtask spark_submit_task
[2024-01-17T04:38:44.076+0000] {task_command.py:415} INFO - Running <TaskInstance: spark_stream_job.spark_submit_task scheduled__2024-01-17T00:45:00+00:00 [running]> on host 614a419ad930
[2024-01-17T04:38:44.124+0000] {taskinstance.py:1660} INFO - Exporting env vars: AIRFLOW_CTX_DAG_OWNER='me' AIRFLOW_CTX_DAG_ID='spark_stream_job' AIRFLOW_CTX_TASK_ID='spark_submit_task' AIRFLOW_CTX_EXECUTION_DATE='2024-01-17T00:45:00+00:00' AIRFLOW_CTX_TRY_NUMBER='2' AIRFLOW_CTX_DAG_RUN_ID='scheduled__2024-01-17T00:45:00+00:00'
[2024-01-17T04:38:44.130+0000] {base.py:73} INFO - Using connection ID 'spark_default' for task execution.
[2024-01-17T04:38:44.132+0000] {spark_submit.py:401} INFO - Spark-Submit cmd: spark-submit --master spark://192.168.224.5:7077 --name spark_submit_job --class org.apache.spark.deploy.PythonRunner --verbose --queue root.default --deploy-mode client /opt/bitnami/code/spark_stream.py
[2024-01-17T04:38:44.238+0000] {spark_submit.py:571} INFO - /home/***/.local/lib/python3.9/site-packages/pyspark/bin/load-spark-env.sh: line 68: ps: command not found
[2024-01-17T04:38:45.363+0000] {spark_submit.py:571} INFO - Using properties file: null
[2024-01-17T04:38:45.451+0000] {spark_submit.py:571} INFO - Parsed arguments:
[2024-01-17T04:38:45.452+0000] {spark_submit.py:571} INFO - master                  spark://192.168.224.5:7077
[2024-01-17T04:38:45.452+0000] {spark_submit.py:571} INFO - remote                  null
[2024-01-17T04:38:45.452+0000] {spark_submit.py:571} INFO - deployMode              client
[2024-01-17T04:38:45.452+0000] {spark_submit.py:571} INFO - executorMemory          null
[2024-01-17T04:38:45.452+0000] {spark_submit.py:571} INFO - executorCores           null
[2024-01-17T04:38:45.452+0000] {spark_submit.py:571} INFO - totalExecutorCores      null
[2024-01-17T04:38:45.452+0000] {spark_submit.py:571} INFO - propertiesFile          null
[2024-01-17T04:38:45.452+0000] {spark_submit.py:571} INFO - driverMemory            null
[2024-01-17T04:38:45.452+0000] {spark_submit.py:571} INFO - driverCores             null
[2024-01-17T04:38:45.452+0000] {spark_submit.py:571} INFO - driverExtraClassPath    null
[2024-01-17T04:38:45.452+0000] {spark_submit.py:571} INFO - driverExtraLibraryPath  null
[2024-01-17T04:38:45.452+0000] {spark_submit.py:571} INFO - driverExtraJavaOptions  null
[2024-01-17T04:38:45.452+0000] {spark_submit.py:571} INFO - supervise               false
[2024-01-17T04:38:45.452+0000] {spark_submit.py:571} INFO - queue                   root.default
[2024-01-17T04:38:45.452+0000] {spark_submit.py:571} INFO - numExecutors            null
[2024-01-17T04:38:45.452+0000] {spark_submit.py:571} INFO - files                   null
[2024-01-17T04:38:45.453+0000] {spark_submit.py:571} INFO - pyFiles                 null
[2024-01-17T04:38:45.453+0000] {spark_submit.py:571} INFO - archives                null
[2024-01-17T04:38:45.453+0000] {spark_submit.py:571} INFO - mainClass               org.apache.spark.deploy.PythonRunner
[2024-01-17T04:38:45.453+0000] {spark_submit.py:571} INFO - primaryResource         file:/opt/bitnami/code/spark_stream.py
[2024-01-17T04:38:45.453+0000] {spark_submit.py:571} INFO - name                    spark_submit_job
[2024-01-17T04:38:45.453+0000] {spark_submit.py:571} INFO - childArgs               []
[2024-01-17T04:38:45.453+0000] {spark_submit.py:571} INFO - jars                    null
[2024-01-17T04:38:45.453+0000] {spark_submit.py:571} INFO - packages                null
[2024-01-17T04:38:45.453+0000] {spark_submit.py:571} INFO - packagesExclusions      null
[2024-01-17T04:38:45.453+0000] {spark_submit.py:571} INFO - repositories            null
[2024-01-17T04:38:45.453+0000] {spark_submit.py:571} INFO - verbose                 true
[2024-01-17T04:38:45.453+0000] {spark_submit.py:571} INFO - 
[2024-01-17T04:38:45.453+0000] {spark_submit.py:571} INFO - Spark properties used, including those specified through
[2024-01-17T04:38:45.453+0000] {spark_submit.py:571} INFO - --conf and those from the properties file null:
[2024-01-17T04:38:45.453+0000] {spark_submit.py:571} INFO - 
[2024-01-17T04:38:45.453+0000] {spark_submit.py:571} INFO - 
[2024-01-17T04:38:45.453+0000] {spark_submit.py:571} INFO - 
[2024-01-17T04:38:45.631+0000] {spark_submit.py:571} INFO - Main class:
[2024-01-17T04:38:45.631+0000] {spark_submit.py:571} INFO - org.apache.spark.deploy.PythonRunner
[2024-01-17T04:38:45.632+0000] {spark_submit.py:571} INFO - Arguments:
[2024-01-17T04:38:45.632+0000] {spark_submit.py:571} INFO - file:/opt/bitnami/code/spark_stream.py
[2024-01-17T04:38:45.632+0000] {spark_submit.py:571} INFO - null
[2024-01-17T04:38:45.634+0000] {spark_submit.py:571} INFO - Spark config:
[2024-01-17T04:38:45.634+0000] {spark_submit.py:571} INFO - (spark.app.name,spark_submit_job)
[2024-01-17T04:38:45.634+0000] {spark_submit.py:571} INFO - (spark.app.submitTime,1705466325620)
[2024-01-17T04:38:45.634+0000] {spark_submit.py:571} INFO - (spark.master,spark://192.168.224.5:7077)
[2024-01-17T04:38:45.634+0000] {spark_submit.py:571} INFO - (spark.submit.deployMode,client)
[2024-01-17T04:38:45.634+0000] {spark_submit.py:571} INFO - (spark.submit.pyFiles,)
[2024-01-17T04:38:45.634+0000] {spark_submit.py:571} INFO - Classpath elements:
[2024-01-17T04:38:45.635+0000] {spark_submit.py:571} INFO - 
[2024-01-17T04:38:45.635+0000] {spark_submit.py:571} INFO - 
[2024-01-17T04:38:45.635+0000] {spark_submit.py:571} INFO - 
[2024-01-17T04:38:45.805+0000] {spark_submit.py:571} INFO - python3: can't open file '/opt/bitnami/code/spark_stream.py': [Errno 2] No such file or directory
[2024-01-17T04:38:45.820+0000] {spark_submit.py:571} INFO - 24/01/17 04:38:45 INFO ShutdownHookManager: Shutdown hook called
[2024-01-17T04:38:45.822+0000] {spark_submit.py:571} INFO - 24/01/17 04:38:45 INFO ShutdownHookManager: Deleting directory /tmp/spark-ba414d2e-1fb9-4a20-bcbf-6a688cd1b9b8
[2024-01-17T04:38:45.857+0000] {taskinstance.py:1943} ERROR - Task failed with exception
Traceback (most recent call last):
  File "/home/airflow/.local/lib/python3.9/site-packages/airflow/providers/apache/spark/operators/spark_submit.py", line 174, in execute
    self._hook.submit(self._application)
  File "/home/airflow/.local/lib/python3.9/site-packages/airflow/providers/apache/spark/hooks/spark_submit.py", line 502, in submit
    raise AirflowException(
airflow.exceptions.AirflowException: Cannot execute: spark-submit --master spark://192.168.224.5:7077 --name spark_submit_job --class org.apache.spark.deploy.PythonRunner --verbose --queue root.default --deploy-mode client /opt/bitnami/code/spark_stream.py. Error code is: 2.
[2024-01-17T04:38:45.859+0000] {taskinstance.py:1400} INFO - Marking task as FAILED. dag_id=spark_stream_job, task_id=spark_submit_task, execution_date=20240117T004500, start_date=20240117T043844, end_date=20240117T043845
[2024-01-17T04:38:45.870+0000] {standard_task_runner.py:104} ERROR - Failed to execute job 85 for task spark_submit_task (Cannot execute: spark-submit --master spark://192.168.224.5:7077 --name spark_submit_job --class org.apache.spark.deploy.PythonRunner --verbose --queue root.default --deploy-mode client /opt/bitnami/code/spark_stream.py. Error code is: 2.; 6630)
[2024-01-17T04:38:45.898+0000] {local_task_job_runner.py:228} INFO - Task exited with return code 1
[2024-01-17T04:38:45.916+0000] {taskinstance.py:2784} INFO - 0 downstream tasks scheduled from follow-on schedule check
