[2024-01-17T01:38:12.854+0000] {taskinstance.py:1159} INFO - Dependencies all met for dep_context=non-requeueable deps ti=<TaskInstance: spark_stream_job.spark_submit_task scheduled__2024-01-17T00:45:00+00:00 [queued]>
[2024-01-17T01:38:12.860+0000] {taskinstance.py:1159} INFO - Dependencies all met for dep_context=requeueable deps ti=<TaskInstance: spark_stream_job.spark_submit_task scheduled__2024-01-17T00:45:00+00:00 [queued]>
[2024-01-17T01:38:12.860+0000] {taskinstance.py:1361} INFO - Starting attempt 1 of 2
[2024-01-17T01:38:12.870+0000] {taskinstance.py:1382} INFO - Executing <Task(BashOperator): spark_submit_task> on 2024-01-17 00:45:00+00:00
[2024-01-17T01:38:12.873+0000] {standard_task_runner.py:57} INFO - Started process 177 to run task
[2024-01-17T01:38:12.875+0000] {standard_task_runner.py:84} INFO - Running: ['***', 'tasks', 'run', 'spark_stream_job', 'spark_submit_task', 'scheduled__2024-01-17T00:45:00+00:00', '--job-id', '21', '--raw', '--subdir', 'DAGS_FOLDER/spark_streaming_dag.py', '--cfg-path', '/tmp/tmp6q06_bst']
[2024-01-17T01:38:12.876+0000] {standard_task_runner.py:85} INFO - Job 21: Subtask spark_submit_task
[2024-01-17T01:38:12.913+0000] {task_command.py:415} INFO - Running <TaskInstance: spark_stream_job.spark_submit_task scheduled__2024-01-17T00:45:00+00:00 [running]> on host 4ec820d606d8
[2024-01-17T01:38:12.964+0000] {taskinstance.py:1660} INFO - Exporting env vars: AIRFLOW_CTX_DAG_OWNER='me' AIRFLOW_CTX_DAG_ID='spark_stream_job' AIRFLOW_CTX_TASK_ID='spark_submit_task' AIRFLOW_CTX_EXECUTION_DATE='2024-01-17T00:45:00+00:00' AIRFLOW_CTX_TRY_NUMBER='1' AIRFLOW_CTX_DAG_RUN_ID='scheduled__2024-01-17T00:45:00+00:00'
[2024-01-17T01:38:12.964+0000] {subprocess.py:63} INFO - Tmp dir root location: /tmp
[2024-01-17T01:38:12.965+0000] {subprocess.py:75} INFO - Running command: ['/bin/bash', '-c', 'spark-submit /opt/***/dags/spark_stream.py']
[2024-01-17T01:38:12.971+0000] {subprocess.py:86} INFO - Output:
[2024-01-17T01:38:12.972+0000] {subprocess.py:93} INFO - /bin/bash: line 1: spark-submit: command not found
[2024-01-17T01:38:12.972+0000] {subprocess.py:97} INFO - Command exited with return code 127
[2024-01-17T01:38:12.979+0000] {taskinstance.py:1943} ERROR - Task failed with exception
Traceback (most recent call last):
  File "/home/airflow/.local/lib/python3.9/site-packages/airflow/operators/bash.py", line 210, in execute
    raise AirflowException(
airflow.exceptions.AirflowException: Bash command failed. The command returned a non-zero exit code 127.
[2024-01-17T01:38:12.981+0000] {taskinstance.py:1400} INFO - Marking task as UP_FOR_RETRY. dag_id=spark_stream_job, task_id=spark_submit_task, execution_date=20240117T004500, start_date=20240117T013812, end_date=20240117T013812
[2024-01-17T01:38:12.990+0000] {standard_task_runner.py:104} ERROR - Failed to execute job 21 for task spark_submit_task (Bash command failed. The command returned a non-zero exit code 127.; 177)
[2024-01-17T01:38:13.008+0000] {local_task_job_runner.py:228} INFO - Task exited with return code 1
[2024-01-17T01:38:13.023+0000] {taskinstance.py:2784} INFO - 0 downstream tasks scheduled from follow-on schedule check
[2024-01-17T01:46:32.874+0000] {taskinstance.py:1159} INFO - Dependencies all met for dep_context=non-requeueable deps ti=<TaskInstance: spark_stream_job.spark_submit_task scheduled__2024-01-17T00:45:00+00:00 [queued]>
[2024-01-17T01:46:32.880+0000] {taskinstance.py:1159} INFO - Dependencies all met for dep_context=requeueable deps ti=<TaskInstance: spark_stream_job.spark_submit_task scheduled__2024-01-17T00:45:00+00:00 [queued]>
[2024-01-17T01:46:32.880+0000] {taskinstance.py:1361} INFO - Starting attempt 1 of 2
[2024-01-17T01:46:32.893+0000] {taskinstance.py:1382} INFO - Executing <Task(BashOperator): spark_submit_task> on 2024-01-17 00:45:00+00:00
[2024-01-17T01:46:32.896+0000] {standard_task_runner.py:57} INFO - Started process 252 to run task
[2024-01-17T01:46:32.898+0000] {standard_task_runner.py:84} INFO - Running: ['***', 'tasks', 'run', 'spark_stream_job', 'spark_submit_task', 'scheduled__2024-01-17T00:45:00+00:00', '--job-id', '23', '--raw', '--subdir', 'DAGS_FOLDER/spark_streaming_dag.py', '--cfg-path', '/tmp/tmpp0coy0kc']
[2024-01-17T01:46:32.900+0000] {standard_task_runner.py:85} INFO - Job 23: Subtask spark_submit_task
[2024-01-17T01:46:32.942+0000] {task_command.py:415} INFO - Running <TaskInstance: spark_stream_job.spark_submit_task scheduled__2024-01-17T00:45:00+00:00 [running]> on host a81a9f2a1c09
[2024-01-17T01:46:33.008+0000] {taskinstance.py:1660} INFO - Exporting env vars: AIRFLOW_CTX_DAG_OWNER='me' AIRFLOW_CTX_DAG_ID='spark_stream_job' AIRFLOW_CTX_TASK_ID='spark_submit_task' AIRFLOW_CTX_EXECUTION_DATE='2024-01-17T00:45:00+00:00' AIRFLOW_CTX_TRY_NUMBER='1' AIRFLOW_CTX_DAG_RUN_ID='scheduled__2024-01-17T00:45:00+00:00'
[2024-01-17T01:46:33.009+0000] {subprocess.py:63} INFO - Tmp dir root location: /tmp
[2024-01-17T01:46:33.009+0000] {subprocess.py:75} INFO - Running command: ['/bin/bash', '-c', 'docker run --rm -v /opt/***/dags:/opt/***/dags bitnami/spark:latest bin/spark-submit /opt/***/dags/spark_stream.py']
[2024-01-17T01:46:33.015+0000] {subprocess.py:86} INFO - Output:
[2024-01-17T01:46:33.031+0000] {subprocess.py:93} INFO - docker: Cannot connect to the Docker daemon at unix:///var/run/docker.sock. Is the docker daemon running?.
[2024-01-17T01:46:33.031+0000] {subprocess.py:93} INFO - See 'docker run --help'.
[2024-01-17T01:46:33.032+0000] {subprocess.py:97} INFO - Command exited with return code 125
[2024-01-17T01:46:33.040+0000] {taskinstance.py:1943} ERROR - Task failed with exception
Traceback (most recent call last):
  File "/home/airflow/.local/lib/python3.9/site-packages/airflow/operators/bash.py", line 210, in execute
    raise AirflowException(
airflow.exceptions.AirflowException: Bash command failed. The command returned a non-zero exit code 125.
[2024-01-17T01:46:33.043+0000] {taskinstance.py:1400} INFO - Marking task as UP_FOR_RETRY. dag_id=spark_stream_job, task_id=spark_submit_task, execution_date=20240117T004500, start_date=20240117T014632, end_date=20240117T014633
[2024-01-17T01:46:33.052+0000] {standard_task_runner.py:104} ERROR - Failed to execute job 23 for task spark_submit_task (Bash command failed. The command returned a non-zero exit code 125.; 252)
[2024-01-17T01:46:33.071+0000] {local_task_job_runner.py:228} INFO - Task exited with return code 1
[2024-01-17T01:46:33.086+0000] {taskinstance.py:2784} INFO - 0 downstream tasks scheduled from follow-on schedule check
[2024-01-17T02:35:44.181+0000] {taskinstance.py:1159} INFO - Dependencies all met for dep_context=non-requeueable deps ti=<TaskInstance: spark_stream_job.spark_submit_task scheduled__2024-01-17T00:45:00+00:00 [queued]>
[2024-01-17T02:35:44.187+0000] {taskinstance.py:1159} INFO - Dependencies all met for dep_context=requeueable deps ti=<TaskInstance: spark_stream_job.spark_submit_task scheduled__2024-01-17T00:45:00+00:00 [queued]>
[2024-01-17T02:35:44.187+0000] {taskinstance.py:1361} INFO - Starting attempt 1 of 2
[2024-01-17T02:35:44.198+0000] {taskinstance.py:1382} INFO - Executing <Task(SparkSubmitOperator): spark_submit_task> on 2024-01-17 00:45:00+00:00
[2024-01-17T02:35:44.201+0000] {standard_task_runner.py:57} INFO - Started process 236 to run task
[2024-01-17T02:35:44.203+0000] {standard_task_runner.py:84} INFO - Running: ['***', 'tasks', 'run', 'spark_stream_job', 'spark_submit_task', 'scheduled__2024-01-17T00:45:00+00:00', '--job-id', '21', '--raw', '--subdir', 'DAGS_FOLDER/spark_streaming_dag.py', '--cfg-path', '/tmp/tmpvn9e0l1e']
[2024-01-17T02:35:44.204+0000] {standard_task_runner.py:85} INFO - Job 21: Subtask spark_submit_task
[2024-01-17T02:35:44.249+0000] {task_command.py:415} INFO - Running <TaskInstance: spark_stream_job.spark_submit_task scheduled__2024-01-17T00:45:00+00:00 [running]> on host 7f29d30c8362
[2024-01-17T02:35:44.320+0000] {taskinstance.py:1660} INFO - Exporting env vars: AIRFLOW_CTX_DAG_OWNER='me' AIRFLOW_CTX_DAG_ID='spark_stream_job' AIRFLOW_CTX_TASK_ID='spark_submit_task' AIRFLOW_CTX_EXECUTION_DATE='2024-01-17T00:45:00+00:00' AIRFLOW_CTX_TRY_NUMBER='1' AIRFLOW_CTX_DAG_RUN_ID='scheduled__2024-01-17T00:45:00+00:00'
[2024-01-17T02:35:44.329+0000] {base.py:73} INFO - Using connection ID 'spark_default' for task execution.
[2024-01-17T02:35:44.330+0000] {spark_submit.py:401} INFO - Spark-Submit cmd: spark-submit --master spark-master:7077 --name spark_submit_job --verbose --queue default --deploy-mode client /opt/bitnami/scripts/spark_stream.py
[2024-01-17T02:35:44.438+0000] {spark_submit.py:571} INFO - /home/***/.local/lib/python3.9/site-packages/pyspark/bin/load-spark-env.sh: line 68: ps: command not found
[2024-01-17T02:35:44.439+0000] {spark_submit.py:571} INFO - JAVA_HOME is not set
[2024-01-17T02:35:44.447+0000] {taskinstance.py:1943} ERROR - Task failed with exception
Traceback (most recent call last):
  File "/home/airflow/.local/lib/python3.9/site-packages/airflow/providers/apache/spark/operators/spark_submit.py", line 174, in execute
    self._hook.submit(self._application)
  File "/home/airflow/.local/lib/python3.9/site-packages/airflow/providers/apache/spark/hooks/spark_submit.py", line 502, in submit
    raise AirflowException(
airflow.exceptions.AirflowException: Cannot execute: spark-submit --master spark-master:7077 --name spark_submit_job --verbose --queue default --deploy-mode client /opt/bitnami/scripts/spark_stream.py. Error code is: 1.
[2024-01-17T02:35:44.449+0000] {taskinstance.py:1400} INFO - Marking task as UP_FOR_RETRY. dag_id=spark_stream_job, task_id=spark_submit_task, execution_date=20240117T004500, start_date=20240117T023544, end_date=20240117T023544
[2024-01-17T02:35:44.459+0000] {standard_task_runner.py:104} ERROR - Failed to execute job 21 for task spark_submit_task (Cannot execute: spark-submit --master spark-master:7077 --name spark_submit_job --verbose --queue default --deploy-mode client /opt/bitnami/scripts/spark_stream.py. Error code is: 1.; 236)
[2024-01-17T02:35:44.497+0000] {local_task_job_runner.py:228} INFO - Task exited with return code 1
[2024-01-17T02:35:44.514+0000] {taskinstance.py:2784} INFO - 0 downstream tasks scheduled from follow-on schedule check
[2024-01-17T03:24:48.503+0000] {taskinstance.py:1159} INFO - Dependencies all met for dep_context=non-requeueable deps ti=<TaskInstance: spark_stream_job.spark_submit_task scheduled__2024-01-17T00:45:00+00:00 [queued]>
[2024-01-17T03:24:48.515+0000] {taskinstance.py:1159} INFO - Dependencies all met for dep_context=requeueable deps ti=<TaskInstance: spark_stream_job.spark_submit_task scheduled__2024-01-17T00:45:00+00:00 [queued]>
[2024-01-17T03:24:48.515+0000] {taskinstance.py:1361} INFO - Starting attempt 1 of 2
[2024-01-17T03:24:48.530+0000] {taskinstance.py:1382} INFO - Executing <Task(SparkSubmitOperator): spark_submit_task> on 2024-01-17 00:45:00+00:00
[2024-01-17T03:24:48.534+0000] {standard_task_runner.py:57} INFO - Started process 261 to run task
[2024-01-17T03:24:48.536+0000] {standard_task_runner.py:84} INFO - Running: ['***', 'tasks', 'run', 'spark_stream_job', 'spark_submit_task', 'scheduled__2024-01-17T00:45:00+00:00', '--job-id', '21', '--raw', '--subdir', 'DAGS_FOLDER/spark_streaming_dag.py', '--cfg-path', '/tmp/tmpjv30tao9']
[2024-01-17T03:24:48.538+0000] {standard_task_runner.py:85} INFO - Job 21: Subtask spark_submit_task
[2024-01-17T03:24:48.579+0000] {task_command.py:415} INFO - Running <TaskInstance: spark_stream_job.spark_submit_task scheduled__2024-01-17T00:45:00+00:00 [running]> on host 776833dc279e
[2024-01-17T03:24:48.645+0000] {taskinstance.py:1660} INFO - Exporting env vars: AIRFLOW_CTX_DAG_OWNER='me' AIRFLOW_CTX_DAG_ID='spark_stream_job' AIRFLOW_CTX_TASK_ID='spark_submit_task' AIRFLOW_CTX_EXECUTION_DATE='2024-01-17T00:45:00+00:00' AIRFLOW_CTX_TRY_NUMBER='1' AIRFLOW_CTX_DAG_RUN_ID='scheduled__2024-01-17T00:45:00+00:00'
[2024-01-17T03:24:48.652+0000] {base.py:73} INFO - Using connection ID 'spark_default' for task execution.
[2024-01-17T03:24:48.653+0000] {spark_submit.py:401} INFO - Spark-Submit cmd: spark-submit --master spark://192.168.192.5:7077 --name spark_submit_job --verbose --queue root.default --deploy-mode client /opt/bitnami/scripts/spark_stream.py
[2024-01-17T03:24:48.755+0000] {spark_submit.py:571} INFO - /home/***/.local/lib/python3.9/site-packages/pyspark/bin/load-spark-env.sh: line 68: ps: command not found
[2024-01-17T03:24:48.755+0000] {spark_submit.py:571} INFO - JAVA_HOME is not set
[2024-01-17T03:24:48.763+0000] {taskinstance.py:1943} ERROR - Task failed with exception
Traceback (most recent call last):
  File "/home/airflow/.local/lib/python3.9/site-packages/airflow/providers/apache/spark/operators/spark_submit.py", line 174, in execute
    self._hook.submit(self._application)
  File "/home/airflow/.local/lib/python3.9/site-packages/airflow/providers/apache/spark/hooks/spark_submit.py", line 502, in submit
    raise AirflowException(
airflow.exceptions.AirflowException: Cannot execute: spark-submit --master spark://192.168.192.5:7077 --name spark_submit_job --verbose --queue root.default --deploy-mode client /opt/bitnami/scripts/spark_stream.py. Error code is: 1.
[2024-01-17T03:24:48.766+0000] {taskinstance.py:1400} INFO - Marking task as UP_FOR_RETRY. dag_id=spark_stream_job, task_id=spark_submit_task, execution_date=20240117T004500, start_date=20240117T032448, end_date=20240117T032448
[2024-01-17T03:24:48.775+0000] {standard_task_runner.py:104} ERROR - Failed to execute job 21 for task spark_submit_task (Cannot execute: spark-submit --master spark://192.168.192.5:7077 --name spark_submit_job --verbose --queue root.default --deploy-mode client /opt/bitnami/scripts/spark_stream.py. Error code is: 1.; 261)
[2024-01-17T03:24:48.789+0000] {local_task_job_runner.py:228} INFO - Task exited with return code 1
[2024-01-17T03:24:48.814+0000] {taskinstance.py:2784} INFO - 0 downstream tasks scheduled from follow-on schedule check
[2024-01-17T03:28:32.518+0000] {taskinstance.py:1159} INFO - Dependencies all met for dep_context=non-requeueable deps ti=<TaskInstance: spark_stream_job.spark_submit_task scheduled__2024-01-17T00:45:00+00:00 [queued]>
[2024-01-17T03:28:32.523+0000] {taskinstance.py:1159} INFO - Dependencies all met for dep_context=requeueable deps ti=<TaskInstance: spark_stream_job.spark_submit_task scheduled__2024-01-17T00:45:00+00:00 [queued]>
[2024-01-17T03:28:32.523+0000] {taskinstance.py:1361} INFO - Starting attempt 1 of 2
[2024-01-17T03:28:32.532+0000] {taskinstance.py:1382} INFO - Executing <Task(SparkSubmitOperator): spark_submit_task> on 2024-01-17 00:45:00+00:00
[2024-01-17T03:28:32.536+0000] {standard_task_runner.py:57} INFO - Started process 744 to run task
[2024-01-17T03:28:32.538+0000] {standard_task_runner.py:84} INFO - Running: ['***', 'tasks', 'run', 'spark_stream_job', 'spark_submit_task', 'scheduled__2024-01-17T00:45:00+00:00', '--job-id', '70', '--raw', '--subdir', 'DAGS_FOLDER/spark_streaming_dag.py', '--cfg-path', '/tmp/tmpkq9oq9_z']
[2024-01-17T03:28:32.539+0000] {standard_task_runner.py:85} INFO - Job 70: Subtask spark_submit_task
[2024-01-17T03:28:32.576+0000] {task_command.py:415} INFO - Running <TaskInstance: spark_stream_job.spark_submit_task scheduled__2024-01-17T00:45:00+00:00 [running]> on host 776833dc279e
[2024-01-17T03:28:32.630+0000] {taskinstance.py:1660} INFO - Exporting env vars: AIRFLOW_CTX_DAG_OWNER='me' AIRFLOW_CTX_DAG_ID='spark_stream_job' AIRFLOW_CTX_TASK_ID='spark_submit_task' AIRFLOW_CTX_EXECUTION_DATE='2024-01-17T00:45:00+00:00' AIRFLOW_CTX_TRY_NUMBER='1' AIRFLOW_CTX_DAG_RUN_ID='scheduled__2024-01-17T00:45:00+00:00'
[2024-01-17T03:28:32.636+0000] {base.py:73} INFO - Using connection ID 'spark_default' for task execution.
[2024-01-17T03:28:32.636+0000] {spark_submit.py:401} INFO - Spark-Submit cmd: spark-submit --master spark://192.168.192.5:7077 --name spark_submit_job --verbose --queue root.default --deploy-mode client /opt/bitnami/scripts/spark_stream.py
[2024-01-17T03:28:32.734+0000] {spark_submit.py:571} INFO - /home/***/.local/lib/python3.9/site-packages/pyspark/bin/load-spark-env.sh: line 68: ps: command not found
[2024-01-17T03:28:32.734+0000] {spark_submit.py:571} INFO - JAVA_HOME is not set
[2024-01-17T03:28:32.743+0000] {taskinstance.py:1943} ERROR - Task failed with exception
Traceback (most recent call last):
  File "/home/airflow/.local/lib/python3.9/site-packages/airflow/providers/apache/spark/operators/spark_submit.py", line 174, in execute
    self._hook.submit(self._application)
  File "/home/airflow/.local/lib/python3.9/site-packages/airflow/providers/apache/spark/hooks/spark_submit.py", line 502, in submit
    raise AirflowException(
airflow.exceptions.AirflowException: Cannot execute: spark-submit --master spark://192.168.192.5:7077 --name spark_submit_job --verbose --queue root.default --deploy-mode client /opt/bitnami/scripts/spark_stream.py. Error code is: 1.
[2024-01-17T03:28:32.746+0000] {taskinstance.py:1400} INFO - Marking task as UP_FOR_RETRY. dag_id=spark_stream_job, task_id=spark_submit_task, execution_date=20240117T004500, start_date=20240117T032832, end_date=20240117T032832
[2024-01-17T03:28:32.757+0000] {standard_task_runner.py:104} ERROR - Failed to execute job 70 for task spark_submit_task (Cannot execute: spark-submit --master spark://192.168.192.5:7077 --name spark_submit_job --verbose --queue root.default --deploy-mode client /opt/bitnami/scripts/spark_stream.py. Error code is: 1.; 744)
[2024-01-17T03:28:32.790+0000] {local_task_job_runner.py:228} INFO - Task exited with return code 1
[2024-01-17T03:28:32.818+0000] {taskinstance.py:2784} INFO - 0 downstream tasks scheduled from follow-on schedule check
[2024-01-17T03:32:36.659+0000] {taskinstance.py:1159} INFO - Dependencies all met for dep_context=non-requeueable deps ti=<TaskInstance: spark_stream_job.spark_submit_task scheduled__2024-01-17T00:45:00+00:00 [queued]>
[2024-01-17T03:32:36.663+0000] {taskinstance.py:1159} INFO - Dependencies all met for dep_context=requeueable deps ti=<TaskInstance: spark_stream_job.spark_submit_task scheduled__2024-01-17T00:45:00+00:00 [queued]>
[2024-01-17T03:32:36.664+0000] {taskinstance.py:1361} INFO - Starting attempt 1 of 2
[2024-01-17T03:32:36.673+0000] {taskinstance.py:1382} INFO - Executing <Task(SparkSubmitOperator): spark_submit_task> on 2024-01-17 00:45:00+00:00
[2024-01-17T03:32:36.675+0000] {standard_task_runner.py:57} INFO - Started process 1224 to run task
[2024-01-17T03:32:36.677+0000] {standard_task_runner.py:84} INFO - Running: ['***', 'tasks', 'run', 'spark_stream_job', 'spark_submit_task', 'scheduled__2024-01-17T00:45:00+00:00', '--job-id', '118', '--raw', '--subdir', 'DAGS_FOLDER/spark_streaming_dag.py', '--cfg-path', '/tmp/tmp81fejd7p']
[2024-01-17T03:32:36.678+0000] {standard_task_runner.py:85} INFO - Job 118: Subtask spark_submit_task
[2024-01-17T03:32:36.714+0000] {task_command.py:415} INFO - Running <TaskInstance: spark_stream_job.spark_submit_task scheduled__2024-01-17T00:45:00+00:00 [running]> on host 776833dc279e
[2024-01-17T03:32:36.767+0000] {taskinstance.py:1660} INFO - Exporting env vars: AIRFLOW_CTX_DAG_OWNER='me' AIRFLOW_CTX_DAG_ID='spark_stream_job' AIRFLOW_CTX_TASK_ID='spark_submit_task' AIRFLOW_CTX_EXECUTION_DATE='2024-01-17T00:45:00+00:00' AIRFLOW_CTX_TRY_NUMBER='1' AIRFLOW_CTX_DAG_RUN_ID='scheduled__2024-01-17T00:45:00+00:00'
[2024-01-17T03:32:36.773+0000] {base.py:73} INFO - Using connection ID 'spark_default' for task execution.
[2024-01-17T03:32:36.773+0000] {spark_submit.py:401} INFO - Spark-Submit cmd: spark-submit --master spark://192.168.192.5:7077 --name spark_submit_job --verbose --queue root.default --deploy-mode client /opt/bitnami/scripts/spark_stream.py
[2024-01-17T03:32:36.869+0000] {spark_submit.py:571} INFO - /home/***/.local/lib/python3.9/site-packages/pyspark/bin/load-spark-env.sh: line 68: ps: command not found
[2024-01-17T03:32:36.869+0000] {spark_submit.py:571} INFO - JAVA_HOME is not set
[2024-01-17T03:32:36.878+0000] {taskinstance.py:1943} ERROR - Task failed with exception
Traceback (most recent call last):
  File "/home/airflow/.local/lib/python3.9/site-packages/airflow/providers/apache/spark/operators/spark_submit.py", line 174, in execute
    self._hook.submit(self._application)
  File "/home/airflow/.local/lib/python3.9/site-packages/airflow/providers/apache/spark/hooks/spark_submit.py", line 502, in submit
    raise AirflowException(
airflow.exceptions.AirflowException: Cannot execute: spark-submit --master spark://192.168.192.5:7077 --name spark_submit_job --verbose --queue root.default --deploy-mode client /opt/bitnami/scripts/spark_stream.py. Error code is: 1.
[2024-01-17T03:32:36.880+0000] {taskinstance.py:1400} INFO - Marking task as UP_FOR_RETRY. dag_id=spark_stream_job, task_id=spark_submit_task, execution_date=20240117T004500, start_date=20240117T033236, end_date=20240117T033236
[2024-01-17T03:32:36.889+0000] {standard_task_runner.py:104} ERROR - Failed to execute job 118 for task spark_submit_task (Cannot execute: spark-submit --master spark://192.168.192.5:7077 --name spark_submit_job --verbose --queue root.default --deploy-mode client /opt/bitnami/scripts/spark_stream.py. Error code is: 1.; 1224)
[2024-01-17T03:32:36.930+0000] {local_task_job_runner.py:228} INFO - Task exited with return code 1
[2024-01-17T03:32:36.947+0000] {taskinstance.py:2784} INFO - 0 downstream tasks scheduled from follow-on schedule check
[2024-01-17T03:50:30.280+0000] {taskinstance.py:1159} INFO - Dependencies all met for dep_context=non-requeueable deps ti=<TaskInstance: spark_stream_job.spark_submit_task scheduled__2024-01-17T00:45:00+00:00 [queued]>
[2024-01-17T03:50:30.286+0000] {taskinstance.py:1159} INFO - Dependencies all met for dep_context=requeueable deps ti=<TaskInstance: spark_stream_job.spark_submit_task scheduled__2024-01-17T00:45:00+00:00 [queued]>
[2024-01-17T03:50:30.286+0000] {taskinstance.py:1361} INFO - Starting attempt 1 of 2
[2024-01-17T03:50:30.296+0000] {taskinstance.py:1382} INFO - Executing <Task(SparkSubmitOperator): spark_submit_task> on 2024-01-17 00:45:00+00:00
[2024-01-17T03:50:30.300+0000] {standard_task_runner.py:57} INFO - Started process 4754 to run task
[2024-01-17T03:50:30.302+0000] {standard_task_runner.py:84} INFO - Running: ['***', 'tasks', 'run', 'spark_stream_job', 'spark_submit_task', 'scheduled__2024-01-17T00:45:00+00:00', '--job-id', '222', '--raw', '--subdir', 'DAGS_FOLDER/spark_streaming_dag.py', '--cfg-path', '/tmp/tmplnwn7x5d']
[2024-01-17T03:50:30.303+0000] {standard_task_runner.py:85} INFO - Job 222: Subtask spark_submit_task
[2024-01-17T03:50:30.340+0000] {task_command.py:415} INFO - Running <TaskInstance: spark_stream_job.spark_submit_task scheduled__2024-01-17T00:45:00+00:00 [running]> on host 776833dc279e
[2024-01-17T03:50:30.396+0000] {taskinstance.py:1660} INFO - Exporting env vars: AIRFLOW_CTX_DAG_OWNER='me' AIRFLOW_CTX_DAG_ID='spark_stream_job' AIRFLOW_CTX_TASK_ID='spark_submit_task' AIRFLOW_CTX_EXECUTION_DATE='2024-01-17T00:45:00+00:00' AIRFLOW_CTX_TRY_NUMBER='1' AIRFLOW_CTX_DAG_RUN_ID='scheduled__2024-01-17T00:45:00+00:00'
[2024-01-17T03:50:30.403+0000] {base.py:73} INFO - Using connection ID 'spark_default' for task execution.
[2024-01-17T03:50:30.404+0000] {spark_submit.py:401} INFO - Spark-Submit cmd: spark-submit --master spark://192.168.192.5:7077 --name spark_submit_job --verbose --queue root.default --deploy-mode client /opt/bitnami/scripts/spark_stream.py
[2024-01-17T03:50:30.505+0000] {spark_submit.py:571} INFO - /home/***/.local/lib/python3.9/site-packages/pyspark/bin/load-spark-env.sh: line 68: ps: command not found
[2024-01-17T03:50:31.536+0000] {spark_submit.py:571} INFO - Using properties file: null
[2024-01-17T03:50:31.645+0000] {spark_submit.py:571} INFO - Parsed arguments:
[2024-01-17T03:50:31.646+0000] {spark_submit.py:571} INFO - master                  spark://192.168.192.5:7077
[2024-01-17T03:50:31.646+0000] {spark_submit.py:571} INFO - remote                  null
[2024-01-17T03:50:31.646+0000] {spark_submit.py:571} INFO - deployMode              client
[2024-01-17T03:50:31.646+0000] {spark_submit.py:571} INFO - executorMemory          null
[2024-01-17T03:50:31.646+0000] {spark_submit.py:571} INFO - executorCores           null
[2024-01-17T03:50:31.646+0000] {spark_submit.py:571} INFO - totalExecutorCores      null
[2024-01-17T03:50:31.646+0000] {spark_submit.py:571} INFO - propertiesFile          null
[2024-01-17T03:50:31.646+0000] {spark_submit.py:571} INFO - driverMemory            null
[2024-01-17T03:50:31.646+0000] {spark_submit.py:571} INFO - driverCores             null
[2024-01-17T03:50:31.646+0000] {spark_submit.py:571} INFO - driverExtraClassPath    null
[2024-01-17T03:50:31.646+0000] {spark_submit.py:571} INFO - driverExtraLibraryPath  null
[2024-01-17T03:50:31.646+0000] {spark_submit.py:571} INFO - driverExtraJavaOptions  null
[2024-01-17T03:50:31.646+0000] {spark_submit.py:571} INFO - supervise               false
[2024-01-17T03:50:31.646+0000] {spark_submit.py:571} INFO - queue                   root.default
[2024-01-17T03:50:31.646+0000] {spark_submit.py:571} INFO - numExecutors            null
[2024-01-17T03:50:31.646+0000] {spark_submit.py:571} INFO - files                   null
[2024-01-17T03:50:31.647+0000] {spark_submit.py:571} INFO - pyFiles                 null
[2024-01-17T03:50:31.647+0000] {spark_submit.py:571} INFO - archives                null
[2024-01-17T03:50:31.647+0000] {spark_submit.py:571} INFO - mainClass               null
[2024-01-17T03:50:31.647+0000] {spark_submit.py:571} INFO - primaryResource         file:/opt/bitnami/scripts/spark_stream.py
[2024-01-17T03:50:31.647+0000] {spark_submit.py:571} INFO - name                    spark_submit_job
[2024-01-17T03:50:31.647+0000] {spark_submit.py:571} INFO - childArgs               []
[2024-01-17T03:50:31.647+0000] {spark_submit.py:571} INFO - jars                    null
[2024-01-17T03:50:31.647+0000] {spark_submit.py:571} INFO - packages                null
[2024-01-17T03:50:31.647+0000] {spark_submit.py:571} INFO - packagesExclusions      null
[2024-01-17T03:50:31.647+0000] {spark_submit.py:571} INFO - repositories            null
[2024-01-17T03:50:31.647+0000] {spark_submit.py:571} INFO - verbose                 true
[2024-01-17T03:50:31.647+0000] {spark_submit.py:571} INFO - 
[2024-01-17T03:50:31.647+0000] {spark_submit.py:571} INFO - Spark properties used, including those specified through
[2024-01-17T03:50:31.647+0000] {spark_submit.py:571} INFO - --conf and those from the properties file null:
[2024-01-17T03:50:31.647+0000] {spark_submit.py:571} INFO - 
[2024-01-17T03:50:31.647+0000] {spark_submit.py:571} INFO - 
[2024-01-17T03:50:31.647+0000] {spark_submit.py:571} INFO - 
[2024-01-17T03:50:31.850+0000] {spark_submit.py:571} INFO - Main class:
[2024-01-17T03:50:31.850+0000] {spark_submit.py:571} INFO - org.apache.spark.deploy.PythonRunner
[2024-01-17T03:50:31.850+0000] {spark_submit.py:571} INFO - Arguments:
[2024-01-17T03:50:31.850+0000] {spark_submit.py:571} INFO - file:/opt/bitnami/scripts/spark_stream.py
[2024-01-17T03:50:31.850+0000] {spark_submit.py:571} INFO - null
[2024-01-17T03:50:31.853+0000] {spark_submit.py:571} INFO - Spark config:
[2024-01-17T03:50:31.854+0000] {spark_submit.py:571} INFO - (spark.app.name,spark_submit_job)
[2024-01-17T03:50:31.854+0000] {spark_submit.py:571} INFO - (spark.app.submitTime,1705463431837)
[2024-01-17T03:50:31.854+0000] {spark_submit.py:571} INFO - (spark.master,spark://192.168.192.5:7077)
[2024-01-17T03:50:31.854+0000] {spark_submit.py:571} INFO - (spark.submit.deployMode,client)
[2024-01-17T03:50:31.854+0000] {spark_submit.py:571} INFO - (spark.submit.pyFiles,)
[2024-01-17T03:50:31.854+0000] {spark_submit.py:571} INFO - Classpath elements:
[2024-01-17T03:50:31.854+0000] {spark_submit.py:571} INFO - 
[2024-01-17T03:50:31.854+0000] {spark_submit.py:571} INFO - 
[2024-01-17T03:50:31.854+0000] {spark_submit.py:571} INFO - 
[2024-01-17T03:50:32.000+0000] {spark_submit.py:571} INFO - python3: can't open file '/opt/bitnami/scripts/spark_stream.py': [Errno 2] No such file or directory
[2024-01-17T03:50:32.015+0000] {spark_submit.py:571} INFO - 24/01/17 03:50:32 INFO ShutdownHookManager: Shutdown hook called
[2024-01-17T03:50:32.017+0000] {spark_submit.py:571} INFO - 24/01/17 03:50:32 INFO ShutdownHookManager: Deleting directory /tmp/spark-1c3dbe9a-5640-498e-a887-f8c05c0afb52
[2024-01-17T03:50:32.053+0000] {taskinstance.py:1943} ERROR - Task failed with exception
Traceback (most recent call last):
  File "/home/airflow/.local/lib/python3.9/site-packages/airflow/providers/apache/spark/operators/spark_submit.py", line 174, in execute
    self._hook.submit(self._application)
  File "/home/airflow/.local/lib/python3.9/site-packages/airflow/providers/apache/spark/hooks/spark_submit.py", line 502, in submit
    raise AirflowException(
airflow.exceptions.AirflowException: Cannot execute: spark-submit --master spark://192.168.192.5:7077 --name spark_submit_job --verbose --queue root.default --deploy-mode client /opt/bitnami/scripts/spark_stream.py. Error code is: 2.
[2024-01-17T03:50:32.057+0000] {taskinstance.py:1400} INFO - Marking task as UP_FOR_RETRY. dag_id=spark_stream_job, task_id=spark_submit_task, execution_date=20240117T004500, start_date=20240117T035030, end_date=20240117T035032
[2024-01-17T03:50:32.068+0000] {standard_task_runner.py:104} ERROR - Failed to execute job 222 for task spark_submit_task (Cannot execute: spark-submit --master spark://192.168.192.5:7077 --name spark_submit_job --verbose --queue root.default --deploy-mode client /opt/bitnami/scripts/spark_stream.py. Error code is: 2.; 4754)
[2024-01-17T03:50:32.084+0000] {local_task_job_runner.py:228} INFO - Task exited with return code 1
[2024-01-17T03:50:32.106+0000] {taskinstance.py:2784} INFO - 0 downstream tasks scheduled from follow-on schedule check
[2024-01-17T04:31:32.921+0000] {taskinstance.py:1159} INFO - Dependencies all met for dep_context=non-requeueable deps ti=<TaskInstance: spark_stream_job.spark_submit_task scheduled__2024-01-17T00:45:00+00:00 [queued]>
[2024-01-17T04:31:32.926+0000] {taskinstance.py:1159} INFO - Dependencies all met for dep_context=requeueable deps ti=<TaskInstance: spark_stream_job.spark_submit_task scheduled__2024-01-17T00:45:00+00:00 [queued]>
[2024-01-17T04:31:32.926+0000] {taskinstance.py:1361} INFO - Starting attempt 1 of 2
[2024-01-17T04:31:32.937+0000] {taskinstance.py:1382} INFO - Executing <Task(SparkSubmitOperator): spark_submit_task> on 2024-01-17 00:45:00+00:00
[2024-01-17T04:31:32.941+0000] {standard_task_runner.py:57} INFO - Started process 3978 to run task
[2024-01-17T04:31:32.943+0000] {standard_task_runner.py:84} INFO - Running: ['***', 'tasks', 'run', 'spark_stream_job', 'spark_submit_task', 'scheduled__2024-01-17T00:45:00+00:00', '--job-id', '21', '--raw', '--subdir', 'DAGS_FOLDER/spark_streaming_dag.py', '--cfg-path', '/tmp/tmp5fzqzh1h']
[2024-01-17T04:31:32.944+0000] {standard_task_runner.py:85} INFO - Job 21: Subtask spark_submit_task
[2024-01-17T04:31:32.986+0000] {task_command.py:415} INFO - Running <TaskInstance: spark_stream_job.spark_submit_task scheduled__2024-01-17T00:45:00+00:00 [running]> on host 614a419ad930
[2024-01-17T04:31:33.048+0000] {taskinstance.py:1660} INFO - Exporting env vars: AIRFLOW_CTX_DAG_OWNER='me' AIRFLOW_CTX_DAG_ID='spark_stream_job' AIRFLOW_CTX_TASK_ID='spark_submit_task' AIRFLOW_CTX_EXECUTION_DATE='2024-01-17T00:45:00+00:00' AIRFLOW_CTX_TRY_NUMBER='1' AIRFLOW_CTX_DAG_RUN_ID='scheduled__2024-01-17T00:45:00+00:00'
[2024-01-17T04:31:33.056+0000] {base.py:73} INFO - Using connection ID 'spark_default' for task execution.
[2024-01-17T04:31:33.056+0000] {spark_submit.py:401} INFO - Spark-Submit cmd: spark-submit --master yarn --name spark_submit_job --verbose --queue root.default /opt/bitnami/code/spark_stream.py
[2024-01-17T04:31:33.172+0000] {spark_submit.py:571} INFO - /home/***/.local/lib/python3.9/site-packages/pyspark/bin/load-spark-env.sh: line 68: ps: command not found
[2024-01-17T04:31:34.223+0000] {spark_submit.py:571} INFO - Using properties file: null
[2024-01-17T04:31:34.320+0000] {spark_submit.py:571} INFO - Exception in thread "main" org.apache.spark.SparkException: When running with master 'yarn' either HADOOP_CONF_DIR or YARN_CONF_DIR must be set in the environment.
[2024-01-17T04:31:34.321+0000] {spark_submit.py:571} INFO - at org.apache.spark.deploy.SparkSubmitArguments.error(SparkSubmitArguments.scala:650)
[2024-01-17T04:31:34.321+0000] {spark_submit.py:571} INFO - at org.apache.spark.deploy.SparkSubmitArguments.validateSubmitArguments(SparkSubmitArguments.scala:281)
[2024-01-17T04:31:34.321+0000] {spark_submit.py:571} INFO - at org.apache.spark.deploy.SparkSubmitArguments.validateArguments(SparkSubmitArguments.scala:237)
[2024-01-17T04:31:34.321+0000] {spark_submit.py:571} INFO - at org.apache.spark.deploy.SparkSubmitArguments.<init>(SparkSubmitArguments.scala:122)
[2024-01-17T04:31:34.321+0000] {spark_submit.py:571} INFO - at org.apache.spark.deploy.SparkSubmit$$anon$2$$anon$3.<init>(SparkSubmit.scala:1103)
[2024-01-17T04:31:34.321+0000] {spark_submit.py:571} INFO - at org.apache.spark.deploy.SparkSubmit$$anon$2.parseArguments(SparkSubmit.scala:1103)
[2024-01-17T04:31:34.321+0000] {spark_submit.py:571} INFO - at org.apache.spark.deploy.SparkSubmit.doSubmit(SparkSubmit.scala:86)
[2024-01-17T04:31:34.321+0000] {spark_submit.py:571} INFO - at org.apache.spark.deploy.SparkSubmit$$anon$2.doSubmit(SparkSubmit.scala:1120)
[2024-01-17T04:31:34.321+0000] {spark_submit.py:571} INFO - at org.apache.spark.deploy.SparkSubmit$.main(SparkSubmit.scala:1129)
[2024-01-17T04:31:34.321+0000] {spark_submit.py:571} INFO - at org.apache.spark.deploy.SparkSubmit.main(SparkSubmit.scala)
[2024-01-17T04:31:34.350+0000] {taskinstance.py:1943} ERROR - Task failed with exception
Traceback (most recent call last):
  File "/home/airflow/.local/lib/python3.9/site-packages/airflow/providers/apache/spark/operators/spark_submit.py", line 174, in execute
    self._hook.submit(self._application)
  File "/home/airflow/.local/lib/python3.9/site-packages/airflow/providers/apache/spark/hooks/spark_submit.py", line 502, in submit
    raise AirflowException(
airflow.exceptions.AirflowException: Cannot execute: spark-submit --master yarn --name spark_submit_job --verbose --queue root.default /opt/bitnami/code/spark_stream.py. Error code is: 1.
[2024-01-17T04:31:34.353+0000] {taskinstance.py:1400} INFO - Marking task as UP_FOR_RETRY. dag_id=spark_stream_job, task_id=spark_submit_task, execution_date=20240117T004500, start_date=20240117T043132, end_date=20240117T043134
[2024-01-17T04:31:34.364+0000] {standard_task_runner.py:104} ERROR - Failed to execute job 21 for task spark_submit_task (Cannot execute: spark-submit --master yarn --name spark_submit_job --verbose --queue root.default /opt/bitnami/code/spark_stream.py. Error code is: 1.; 3978)
[2024-01-17T04:31:34.401+0000] {local_task_job_runner.py:228} INFO - Task exited with return code 1
[2024-01-17T04:31:34.419+0000] {taskinstance.py:2784} INFO - 0 downstream tasks scheduled from follow-on schedule check
[2024-01-17T04:36:36.384+0000] {taskinstance.py:1159} INFO - Dependencies all met for dep_context=non-requeueable deps ti=<TaskInstance: spark_stream_job.spark_submit_task scheduled__2024-01-17T00:45:00+00:00 [queued]>
[2024-01-17T04:36:36.389+0000] {taskinstance.py:1159} INFO - Dependencies all met for dep_context=requeueable deps ti=<TaskInstance: spark_stream_job.spark_submit_task scheduled__2024-01-17T00:45:00+00:00 [queued]>
[2024-01-17T04:36:36.390+0000] {taskinstance.py:1361} INFO - Starting attempt 1 of 2
[2024-01-17T04:36:36.400+0000] {taskinstance.py:1382} INFO - Executing <Task(SparkSubmitOperator): spark_submit_task> on 2024-01-17 00:45:00+00:00
[2024-01-17T04:36:36.405+0000] {standard_task_runner.py:57} INFO - Started process 5575 to run task
[2024-01-17T04:36:36.407+0000] {standard_task_runner.py:84} INFO - Running: ['***', 'tasks', 'run', 'spark_stream_job', 'spark_submit_task', 'scheduled__2024-01-17T00:45:00+00:00', '--job-id', '68', '--raw', '--subdir', 'DAGS_FOLDER/spark_streaming_dag.py', '--cfg-path', '/tmp/tmpca386cbl']
[2024-01-17T04:36:36.408+0000] {standard_task_runner.py:85} INFO - Job 68: Subtask spark_submit_task
[2024-01-17T04:36:36.449+0000] {task_command.py:415} INFO - Running <TaskInstance: spark_stream_job.spark_submit_task scheduled__2024-01-17T00:45:00+00:00 [running]> on host 614a419ad930
[2024-01-17T04:36:36.534+0000] {taskinstance.py:1660} INFO - Exporting env vars: AIRFLOW_CTX_DAG_OWNER='me' AIRFLOW_CTX_DAG_ID='spark_stream_job' AIRFLOW_CTX_TASK_ID='spark_submit_task' AIRFLOW_CTX_EXECUTION_DATE='2024-01-17T00:45:00+00:00' AIRFLOW_CTX_TRY_NUMBER='1' AIRFLOW_CTX_DAG_RUN_ID='scheduled__2024-01-17T00:45:00+00:00'
[2024-01-17T04:36:36.541+0000] {base.py:73} INFO - Using connection ID 'spark_default' for task execution.
[2024-01-17T04:36:36.542+0000] {spark_submit.py:401} INFO - Spark-Submit cmd: spark-submit --master spark://192.168.224.5:7077 --name spark_submit_job --class org.apache.spark.deploy.PythonRunner --verbose --queue root.default --deploy-mode client /opt/bitnami/code/spark_stream.py
[2024-01-17T04:36:36.651+0000] {spark_submit.py:571} INFO - /home/***/.local/lib/python3.9/site-packages/pyspark/bin/load-spark-env.sh: line 68: ps: command not found
[2024-01-17T04:36:37.829+0000] {spark_submit.py:571} INFO - Using properties file: null
[2024-01-17T04:36:37.912+0000] {spark_submit.py:571} INFO - Parsed arguments:
[2024-01-17T04:36:37.913+0000] {spark_submit.py:571} INFO - master                  spark://192.168.224.5:7077
[2024-01-17T04:36:37.913+0000] {spark_submit.py:571} INFO - remote                  null
[2024-01-17T04:36:37.913+0000] {spark_submit.py:571} INFO - deployMode              client
[2024-01-17T04:36:37.913+0000] {spark_submit.py:571} INFO - executorMemory          null
[2024-01-17T04:36:37.913+0000] {spark_submit.py:571} INFO - executorCores           null
[2024-01-17T04:36:37.913+0000] {spark_submit.py:571} INFO - totalExecutorCores      null
[2024-01-17T04:36:37.913+0000] {spark_submit.py:571} INFO - propertiesFile          null
[2024-01-17T04:36:37.913+0000] {spark_submit.py:571} INFO - driverMemory            null
[2024-01-17T04:36:37.913+0000] {spark_submit.py:571} INFO - driverCores             null
[2024-01-17T04:36:37.913+0000] {spark_submit.py:571} INFO - driverExtraClassPath    null
[2024-01-17T04:36:37.913+0000] {spark_submit.py:571} INFO - driverExtraLibraryPath  null
[2024-01-17T04:36:37.913+0000] {spark_submit.py:571} INFO - driverExtraJavaOptions  null
[2024-01-17T04:36:37.913+0000] {spark_submit.py:571} INFO - supervise               false
[2024-01-17T04:36:37.913+0000] {spark_submit.py:571} INFO - queue                   root.default
[2024-01-17T04:36:37.913+0000] {spark_submit.py:571} INFO - numExecutors            null
[2024-01-17T04:36:37.913+0000] {spark_submit.py:571} INFO - files                   null
[2024-01-17T04:36:37.913+0000] {spark_submit.py:571} INFO - pyFiles                 null
[2024-01-17T04:36:37.913+0000] {spark_submit.py:571} INFO - archives                null
[2024-01-17T04:36:37.913+0000] {spark_submit.py:571} INFO - mainClass               org.apache.spark.deploy.PythonRunner
[2024-01-17T04:36:37.913+0000] {spark_submit.py:571} INFO - primaryResource         file:/opt/bitnami/code/spark_stream.py
[2024-01-17T04:36:37.914+0000] {spark_submit.py:571} INFO - name                    spark_submit_job
[2024-01-17T04:36:37.914+0000] {spark_submit.py:571} INFO - childArgs               []
[2024-01-17T04:36:37.914+0000] {spark_submit.py:571} INFO - jars                    null
[2024-01-17T04:36:37.914+0000] {spark_submit.py:571} INFO - packages                null
[2024-01-17T04:36:37.914+0000] {spark_submit.py:571} INFO - packagesExclusions      null
[2024-01-17T04:36:37.914+0000] {spark_submit.py:571} INFO - repositories            null
[2024-01-17T04:36:37.914+0000] {spark_submit.py:571} INFO - verbose                 true
[2024-01-17T04:36:37.914+0000] {spark_submit.py:571} INFO - 
[2024-01-17T04:36:37.914+0000] {spark_submit.py:571} INFO - Spark properties used, including those specified through
[2024-01-17T04:36:37.914+0000] {spark_submit.py:571} INFO - --conf and those from the properties file null:
[2024-01-17T04:36:37.914+0000] {spark_submit.py:571} INFO - 
[2024-01-17T04:36:37.914+0000] {spark_submit.py:571} INFO - 
[2024-01-17T04:36:37.914+0000] {spark_submit.py:571} INFO - 
[2024-01-17T04:36:38.100+0000] {spark_submit.py:571} INFO - Main class:
[2024-01-17T04:36:38.101+0000] {spark_submit.py:571} INFO - org.apache.spark.deploy.PythonRunner
[2024-01-17T04:36:38.101+0000] {spark_submit.py:571} INFO - Arguments:
[2024-01-17T04:36:38.101+0000] {spark_submit.py:571} INFO - file:/opt/bitnami/code/spark_stream.py
[2024-01-17T04:36:38.101+0000] {spark_submit.py:571} INFO - null
[2024-01-17T04:36:38.106+0000] {spark_submit.py:571} INFO - Spark config:
[2024-01-17T04:36:38.106+0000] {spark_submit.py:571} INFO - (spark.app.name,spark_submit_job)
[2024-01-17T04:36:38.106+0000] {spark_submit.py:571} INFO - (spark.app.submitTime,1705466198088)
[2024-01-17T04:36:38.106+0000] {spark_submit.py:571} INFO - (spark.master,spark://192.168.224.5:7077)
[2024-01-17T04:36:38.106+0000] {spark_submit.py:571} INFO - (spark.submit.deployMode,client)
[2024-01-17T04:36:38.106+0000] {spark_submit.py:571} INFO - (spark.submit.pyFiles,)
[2024-01-17T04:36:38.106+0000] {spark_submit.py:571} INFO - Classpath elements:
[2024-01-17T04:36:38.107+0000] {spark_submit.py:571} INFO - 
[2024-01-17T04:36:38.107+0000] {spark_submit.py:571} INFO - 
[2024-01-17T04:36:38.107+0000] {spark_submit.py:571} INFO - 
[2024-01-17T04:36:38.270+0000] {spark_submit.py:571} INFO - python3: can't open file '/opt/bitnami/code/spark_stream.py': [Errno 2] No such file or directory
[2024-01-17T04:36:38.286+0000] {spark_submit.py:571} INFO - 24/01/17 04:36:38 INFO ShutdownHookManager: Shutdown hook called
[2024-01-17T04:36:38.288+0000] {spark_submit.py:571} INFO - 24/01/17 04:36:38 INFO ShutdownHookManager: Deleting directory /tmp/spark-bac18719-b09d-4291-9832-bc3cdda5a552
[2024-01-17T04:36:38.326+0000] {taskinstance.py:1943} ERROR - Task failed with exception
Traceback (most recent call last):
  File "/home/airflow/.local/lib/python3.9/site-packages/airflow/providers/apache/spark/operators/spark_submit.py", line 174, in execute
    self._hook.submit(self._application)
  File "/home/airflow/.local/lib/python3.9/site-packages/airflow/providers/apache/spark/hooks/spark_submit.py", line 502, in submit
    raise AirflowException(
airflow.exceptions.AirflowException: Cannot execute: spark-submit --master spark://192.168.224.5:7077 --name spark_submit_job --class org.apache.spark.deploy.PythonRunner --verbose --queue root.default --deploy-mode client /opt/bitnami/code/spark_stream.py. Error code is: 2.
[2024-01-17T04:36:38.330+0000] {taskinstance.py:1400} INFO - Marking task as UP_FOR_RETRY. dag_id=spark_stream_job, task_id=spark_submit_task, execution_date=20240117T004500, start_date=20240117T043636, end_date=20240117T043638
[2024-01-17T04:36:38.341+0000] {standard_task_runner.py:104} ERROR - Failed to execute job 68 for task spark_submit_task (Cannot execute: spark-submit --master spark://192.168.224.5:7077 --name spark_submit_job --class org.apache.spark.deploy.PythonRunner --verbose --queue root.default --deploy-mode client /opt/bitnami/code/spark_stream.py. Error code is: 2.; 5575)
[2024-01-17T04:36:38.350+0000] {local_task_job_runner.py:228} INFO - Task exited with return code 1
[2024-01-17T04:36:38.369+0000] {taskinstance.py:2784} INFO - 0 downstream tasks scheduled from follow-on schedule check
[2024-01-17T04:45:12.929+0000] {taskinstance.py:1159} INFO - Dependencies all met for dep_context=non-requeueable deps ti=<TaskInstance: spark_stream_job.spark_submit_task scheduled__2024-01-17T00:45:00+00:00 [queued]>
[2024-01-17T04:45:12.935+0000] {taskinstance.py:1159} INFO - Dependencies all met for dep_context=requeueable deps ti=<TaskInstance: spark_stream_job.spark_submit_task scheduled__2024-01-17T00:45:00+00:00 [queued]>
[2024-01-17T04:45:12.935+0000] {taskinstance.py:1361} INFO - Starting attempt 1 of 1
[2024-01-17T04:45:12.946+0000] {taskinstance.py:1382} INFO - Executing <Task(SparkSubmitOperator): spark_submit_task> on 2024-01-17 00:45:00+00:00
[2024-01-17T04:45:12.949+0000] {standard_task_runner.py:57} INFO - Started process 12434 to run task
[2024-01-17T04:45:12.951+0000] {standard_task_runner.py:84} INFO - Running: ['***', 'tasks', 'run', 'spark_stream_job', 'spark_submit_task', 'scheduled__2024-01-17T00:45:00+00:00', '--job-id', '143', '--raw', '--subdir', 'DAGS_FOLDER/spark_streaming_dag.py', '--cfg-path', '/tmp/tmpu88l5fds']
[2024-01-17T04:45:12.952+0000] {standard_task_runner.py:85} INFO - Job 143: Subtask spark_submit_task
[2024-01-17T04:45:12.991+0000] {task_command.py:415} INFO - Running <TaskInstance: spark_stream_job.spark_submit_task scheduled__2024-01-17T00:45:00+00:00 [running]> on host 614a419ad930
[2024-01-17T04:45:13.050+0000] {taskinstance.py:1660} INFO - Exporting env vars: AIRFLOW_CTX_DAG_OWNER='me' AIRFLOW_CTX_DAG_ID='spark_stream_job' AIRFLOW_CTX_TASK_ID='spark_submit_task' AIRFLOW_CTX_EXECUTION_DATE='2024-01-17T00:45:00+00:00' AIRFLOW_CTX_TRY_NUMBER='1' AIRFLOW_CTX_DAG_RUN_ID='scheduled__2024-01-17T00:45:00+00:00'
[2024-01-17T04:45:13.057+0000] {base.py:73} INFO - Using connection ID 'spark_default' for task execution.
[2024-01-17T04:45:13.058+0000] {spark_submit.py:401} INFO - Spark-Submit cmd: spark-submit --master spark://192.168.224.5:7077 --name spark_submit_job --class org.apache.spark.deploy.PythonRunner --verbose --queue root.default --deploy-mode client /opt/***/dags/spark_stream.py
[2024-01-17T04:45:13.164+0000] {spark_submit.py:571} INFO - /home/***/.local/lib/python3.9/site-packages/pyspark/bin/load-spark-env.sh: line 68: ps: command not found
[2024-01-17T04:45:14.144+0000] {spark_submit.py:571} INFO - Using properties file: null
[2024-01-17T04:45:14.232+0000] {spark_submit.py:571} INFO - Parsed arguments:
[2024-01-17T04:45:14.232+0000] {spark_submit.py:571} INFO - master                  spark://192.168.224.5:7077
[2024-01-17T04:45:14.233+0000] {spark_submit.py:571} INFO - remote                  null
[2024-01-17T04:45:14.233+0000] {spark_submit.py:571} INFO - deployMode              client
[2024-01-17T04:45:14.233+0000] {spark_submit.py:571} INFO - executorMemory          null
[2024-01-17T04:45:14.233+0000] {spark_submit.py:571} INFO - executorCores           null
[2024-01-17T04:45:14.233+0000] {spark_submit.py:571} INFO - totalExecutorCores      null
[2024-01-17T04:45:14.233+0000] {spark_submit.py:571} INFO - propertiesFile          null
[2024-01-17T04:45:14.233+0000] {spark_submit.py:571} INFO - driverMemory            null
[2024-01-17T04:45:14.233+0000] {spark_submit.py:571} INFO - driverCores             null
[2024-01-17T04:45:14.233+0000] {spark_submit.py:571} INFO - driverExtraClassPath    null
[2024-01-17T04:45:14.233+0000] {spark_submit.py:571} INFO - driverExtraLibraryPath  null
[2024-01-17T04:45:14.233+0000] {spark_submit.py:571} INFO - driverExtraJavaOptions  null
[2024-01-17T04:45:14.233+0000] {spark_submit.py:571} INFO - supervise               false
[2024-01-17T04:45:14.233+0000] {spark_submit.py:571} INFO - queue                   root.default
[2024-01-17T04:45:14.233+0000] {spark_submit.py:571} INFO - numExecutors            null
[2024-01-17T04:45:14.233+0000] {spark_submit.py:571} INFO - files                   null
[2024-01-17T04:45:14.233+0000] {spark_submit.py:571} INFO - pyFiles                 null
[2024-01-17T04:45:14.233+0000] {spark_submit.py:571} INFO - archives                null
[2024-01-17T04:45:14.233+0000] {spark_submit.py:571} INFO - mainClass               org.apache.spark.deploy.PythonRunner
[2024-01-17T04:45:14.233+0000] {spark_submit.py:571} INFO - primaryResource         file:/opt/***/dags/spark_stream.py
[2024-01-17T04:45:14.233+0000] {spark_submit.py:571} INFO - name                    spark_submit_job
[2024-01-17T04:45:14.233+0000] {spark_submit.py:571} INFO - childArgs               []
[2024-01-17T04:45:14.234+0000] {spark_submit.py:571} INFO - jars                    null
[2024-01-17T04:45:14.234+0000] {spark_submit.py:571} INFO - packages                null
[2024-01-17T04:45:14.234+0000] {spark_submit.py:571} INFO - packagesExclusions      null
[2024-01-17T04:45:14.234+0000] {spark_submit.py:571} INFO - repositories            null
[2024-01-17T04:45:14.234+0000] {spark_submit.py:571} INFO - verbose                 true
[2024-01-17T04:45:14.234+0000] {spark_submit.py:571} INFO - 
[2024-01-17T04:45:14.234+0000] {spark_submit.py:571} INFO - Spark properties used, including those specified through
[2024-01-17T04:45:14.234+0000] {spark_submit.py:571} INFO - --conf and those from the properties file null:
[2024-01-17T04:45:14.234+0000] {spark_submit.py:571} INFO - 
[2024-01-17T04:45:14.234+0000] {spark_submit.py:571} INFO - 
[2024-01-17T04:45:14.234+0000] {spark_submit.py:571} INFO - 
[2024-01-17T04:45:14.404+0000] {spark_submit.py:571} INFO - Main class:
[2024-01-17T04:45:14.404+0000] {spark_submit.py:571} INFO - org.apache.spark.deploy.PythonRunner
[2024-01-17T04:45:14.404+0000] {spark_submit.py:571} INFO - Arguments:
[2024-01-17T04:45:14.404+0000] {spark_submit.py:571} INFO - file:/opt/***/dags/spark_stream.py
[2024-01-17T04:45:14.404+0000] {spark_submit.py:571} INFO - null
[2024-01-17T04:45:14.407+0000] {spark_submit.py:571} INFO - Spark config:
[2024-01-17T04:45:14.407+0000] {spark_submit.py:571} INFO - (spark.app.name,spark_submit_job)
[2024-01-17T04:45:14.407+0000] {spark_submit.py:571} INFO - (spark.app.submitTime,1705466714391)
[2024-01-17T04:45:14.407+0000] {spark_submit.py:571} INFO - (spark.master,spark://192.168.224.5:7077)
[2024-01-17T04:45:14.407+0000] {spark_submit.py:571} INFO - (spark.submit.deployMode,client)
[2024-01-17T04:45:14.407+0000] {spark_submit.py:571} INFO - (spark.submit.pyFiles,)
[2024-01-17T04:45:14.407+0000] {spark_submit.py:571} INFO - Classpath elements:
[2024-01-17T04:45:14.407+0000] {spark_submit.py:571} INFO - 
[2024-01-17T04:45:14.407+0000] {spark_submit.py:571} INFO - 
[2024-01-17T04:45:14.407+0000] {spark_submit.py:571} INFO - 
[2024-01-17T04:45:15.759+0000] {spark_submit.py:571} INFO - None of PyTorch, TensorFlow >= 2.0, or Flax have been found. Models won't be available and only tokenizers, configuration and file/data utilities can be used.
[2024-01-17T04:45:15.899+0000] {spark_submit.py:571} INFO - 24/01/17 04:45:15 INFO SparkContext: Running Spark version 3.5.0
[2024-01-17T04:45:15.900+0000] {spark_submit.py:571} INFO - 24/01/17 04:45:15 INFO SparkContext: OS info Linux, 5.10.16.3-microsoft-standard-WSL2, amd64
[2024-01-17T04:45:15.901+0000] {spark_submit.py:571} INFO - 24/01/17 04:45:15 INFO SparkContext: Java version 11.0.21
[2024-01-17T04:45:15.944+0000] {spark_submit.py:571} INFO - 24/01/17 04:45:15 WARN NativeCodeLoader: Unable to load native-hadoop library for your platform... using builtin-java classes where applicable
[2024-01-17T04:45:16.001+0000] {spark_submit.py:571} INFO - 24/01/17 04:45:16 INFO ResourceUtils: ==============================================================
[2024-01-17T04:45:16.002+0000] {spark_submit.py:571} INFO - 24/01/17 04:45:16 INFO ResourceUtils: No custom resources configured for spark.driver.
[2024-01-17T04:45:16.002+0000] {spark_submit.py:571} INFO - 24/01/17 04:45:16 INFO ResourceUtils: ==============================================================
[2024-01-17T04:45:16.002+0000] {spark_submit.py:571} INFO - 24/01/17 04:45:16 INFO SparkContext: Submitted application: SparkDataStreaming
[2024-01-17T04:45:16.020+0000] {spark_submit.py:571} INFO - 24/01/17 04:45:16 INFO ResourceProfile: Default ResourceProfile created, executor resources: Map(memory -> name: memory, amount: 1024, script: , vendor: , offHeap -> name: offHeap, amount: 0, script: , vendor: ), task resources: Map(cpus -> name: cpus, amount: 1.0)
[2024-01-17T04:45:16.028+0000] {spark_submit.py:571} INFO - 24/01/17 04:45:16 INFO ResourceProfile: Limiting resource is cpu
[2024-01-17T04:45:16.029+0000] {spark_submit.py:571} INFO - 24/01/17 04:45:16 INFO ResourceProfileManager: Added ResourceProfile id: 0
[2024-01-17T04:45:16.061+0000] {spark_submit.py:571} INFO - 24/01/17 04:45:16 INFO SecurityManager: Changing view acls to: ***
[2024-01-17T04:45:16.062+0000] {spark_submit.py:571} INFO - 24/01/17 04:45:16 INFO SecurityManager: Changing modify acls to: ***
[2024-01-17T04:45:16.062+0000] {spark_submit.py:571} INFO - 24/01/17 04:45:16 INFO SecurityManager: Changing view acls groups to:
[2024-01-17T04:45:16.062+0000] {spark_submit.py:571} INFO - 24/01/17 04:45:16 INFO SecurityManager: Changing modify acls groups to:
[2024-01-17T04:45:16.063+0000] {spark_submit.py:571} INFO - 24/01/17 04:45:16 INFO SecurityManager: SecurityManager: authentication disabled; ui acls disabled; users with view permissions: ***; groups with view permissions: EMPTY; users with modify permissions: ***; groups with modify permissions: EMPTY
[2024-01-17T04:45:16.213+0000] {spark_submit.py:571} INFO - 24/01/17 04:45:16 INFO Utils: Successfully started service 'sparkDriver' on port 40373.
[2024-01-17T04:45:16.232+0000] {spark_submit.py:571} INFO - 24/01/17 04:45:16 INFO SparkEnv: Registering MapOutputTracker
[2024-01-17T04:45:16.258+0000] {spark_submit.py:571} INFO - 24/01/17 04:45:16 INFO SparkEnv: Registering BlockManagerMaster
[2024-01-17T04:45:16.273+0000] {spark_submit.py:571} INFO - 24/01/17 04:45:16 INFO BlockManagerMasterEndpoint: Using org.apache.spark.storage.DefaultTopologyMapper for getting topology information
[2024-01-17T04:45:16.273+0000] {spark_submit.py:571} INFO - 24/01/17 04:45:16 INFO BlockManagerMasterEndpoint: BlockManagerMasterEndpoint up
[2024-01-17T04:45:16.276+0000] {spark_submit.py:571} INFO - 24/01/17 04:45:16 INFO SparkEnv: Registering BlockManagerMasterHeartbeat
[2024-01-17T04:45:16.292+0000] {spark_submit.py:571} INFO - 24/01/17 04:45:16 INFO DiskBlockManager: Created local directory at /tmp/blockmgr-f053da00-908e-4728-a45a-26d044ee064b
[2024-01-17T04:45:16.303+0000] {spark_submit.py:571} INFO - 24/01/17 04:45:16 INFO MemoryStore: MemoryStore started with capacity 434.4 MiB
[2024-01-17T04:45:16.316+0000] {spark_submit.py:571} INFO - 24/01/17 04:45:16 INFO SparkEnv: Registering OutputCommitCoordinator
[2024-01-17T04:45:16.421+0000] {spark_submit.py:571} INFO - 24/01/17 04:45:16 INFO JettyUtils: Start Jetty 0.0.0.0:4040 for SparkUI
[2024-01-17T04:45:16.468+0000] {spark_submit.py:571} INFO - 24/01/17 04:45:16 INFO Utils: Successfully started service 'SparkUI' on port 4040.
[2024-01-17T04:45:16.545+0000] {spark_submit.py:571} INFO - 24/01/17 04:45:16 INFO StandaloneAppClient$ClientEndpoint: Connecting to master spark://192.168.224.5:7077...
[2024-01-17T04:45:16.577+0000] {spark_submit.py:571} INFO - 24/01/17 04:45:16 INFO TransportClientFactory: Successfully created connection to /192.168.224.5:7077 after 19 ms (0 ms spent in bootstraps)
[2024-01-17T04:45:16.644+0000] {spark_submit.py:571} INFO - 24/01/17 04:45:16 INFO StandaloneSchedulerBackend: Connected to Spark cluster with app ID app-20240117044516-0017
[2024-01-17T04:45:16.645+0000] {spark_submit.py:571} INFO - 24/01/17 04:45:16 INFO StandaloneAppClient$ClientEndpoint: Executor added: app-20240117044516-0017/0 on worker-20240117040815-192.168.224.7-45465 (192.168.224.7:45465) with 2 core(s)
[2024-01-17T04:45:16.646+0000] {spark_submit.py:571} INFO - 24/01/17 04:45:16 INFO StandaloneSchedulerBackend: Granted executor ID app-20240117044516-0017/0 on hostPort 192.168.224.7:45465 with 2 core(s), 1024.0 MiB RAM
[2024-01-17T04:45:16.652+0000] {spark_submit.py:571} INFO - 24/01/17 04:45:16 INFO Utils: Successfully started service 'org.apache.spark.network.netty.NettyBlockTransferService' on port 39261.
[2024-01-17T04:45:16.652+0000] {spark_submit.py:571} INFO - 24/01/17 04:45:16 INFO NettyBlockTransferService: Server created on 614a419ad930:39261
[2024-01-17T04:45:16.654+0000] {spark_submit.py:571} INFO - 24/01/17 04:45:16 INFO BlockManager: Using org.apache.spark.storage.RandomBlockReplicationPolicy for block replication policy
[2024-01-17T04:45:16.665+0000] {spark_submit.py:571} INFO - 24/01/17 04:45:16 INFO BlockManagerMaster: Registering BlockManager BlockManagerId(driver, 614a419ad930, 39261, None)
[2024-01-17T04:45:16.670+0000] {spark_submit.py:571} INFO - 24/01/17 04:45:16 INFO BlockManagerMasterEndpoint: Registering block manager 614a419ad930:39261 with 434.4 MiB RAM, BlockManagerId(driver, 614a419ad930, 39261, None)
[2024-01-17T04:45:16.674+0000] {spark_submit.py:571} INFO - 24/01/17 04:45:16 INFO BlockManagerMaster: Registered BlockManager BlockManagerId(driver, 614a419ad930, 39261, None)
[2024-01-17T04:45:16.676+0000] {spark_submit.py:571} INFO - 24/01/17 04:45:16 INFO BlockManager: Initialized BlockManager: BlockManagerId(driver, 614a419ad930, 39261, None)
[2024-01-17T04:45:16.748+0000] {spark_submit.py:571} INFO - 24/01/17 04:45:16 INFO StandaloneAppClient$ClientEndpoint: Executor updated: app-20240117044516-0017/0 is now RUNNING
[2024-01-17T04:45:16.886+0000] {spark_submit.py:571} INFO - 24/01/17 04:45:16 INFO StandaloneSchedulerBackend: SchedulerBackend is ready for scheduling beginning after reached minRegisteredResourcesRatio: 0.0
[2024-01-17T04:45:18.364+0000] {spark_submit.py:571} INFO - WARNING:root:kafka dataframe could not be created because: Failed to find data source: kafka. Please deploy the application as per the deployment section of Structured Streaming + Kafka Integration Guide.
[2024-01-17T04:45:18.367+0000] {spark_submit.py:571} INFO - ERROR:root:An error occurred in the Spark Streaming job: Failed to find data source: kafka. Please deploy the application as per the deployment section of Structured Streaming + Kafka Integration Guide.
[2024-01-17T04:45:18.915+0000] {spark_submit.py:571} INFO - Traceback (most recent call last):
[2024-01-17T04:45:18.915+0000] {spark_submit.py:571} INFO - File "/opt/***/dags/spark_stream.py", line 331, in <module>
[2024-01-17T04:45:18.915+0000] {spark_submit.py:571} INFO - main()
[2024-01-17T04:45:18.915+0000] {spark_submit.py:571} INFO - File "/opt/***/dags/spark_stream.py", line 328, in main
[2024-01-17T04:45:18.915+0000] {spark_submit.py:571} INFO - cassandra_session.shutdown()
[2024-01-17T04:45:18.915+0000] {spark_submit.py:571} INFO - UnboundLocalError: local variable 'cassandra_session' referenced before assignment
[2024-01-17T04:45:19.096+0000] {taskinstance.py:1943} ERROR - Task failed with exception
Traceback (most recent call last):
  File "/home/airflow/.local/lib/python3.9/site-packages/airflow/providers/apache/spark/operators/spark_submit.py", line 174, in execute
    self._hook.submit(self._application)
  File "/home/airflow/.local/lib/python3.9/site-packages/airflow/providers/apache/spark/hooks/spark_submit.py", line 502, in submit
    raise AirflowException(
airflow.exceptions.AirflowException: Cannot execute: spark-submit --master spark://192.168.224.5:7077 --name spark_submit_job --class org.apache.spark.deploy.PythonRunner --verbose --queue root.default --deploy-mode client /opt/***/dags/spark_stream.py. Error code is: 1.
[2024-01-17T04:45:19.098+0000] {taskinstance.py:1400} INFO - Marking task as FAILED. dag_id=spark_stream_job, task_id=spark_submit_task, execution_date=20240117T004500, start_date=20240117T044512, end_date=20240117T044519
[2024-01-17T04:45:19.110+0000] {standard_task_runner.py:104} ERROR - Failed to execute job 143 for task spark_submit_task (Cannot execute: spark-submit --master spark://192.168.224.5:7077 --name spark_submit_job --class org.apache.spark.deploy.PythonRunner --verbose --queue root.default --deploy-mode client /opt/***/dags/spark_stream.py. Error code is: 1.; 12434)
[2024-01-17T04:45:19.120+0000] {local_task_job_runner.py:228} INFO - Task exited with return code 1
[2024-01-17T04:45:19.135+0000] {taskinstance.py:2784} INFO - 0 downstream tasks scheduled from follow-on schedule check
[2024-01-17T04:56:40.691+0000] {taskinstance.py:1159} INFO - Dependencies all met for dep_context=non-requeueable deps ti=<TaskInstance: spark_stream_job.spark_submit_task scheduled__2024-01-17T00:45:00+00:00 [queued]>
[2024-01-17T04:56:40.698+0000] {taskinstance.py:1159} INFO - Dependencies all met for dep_context=requeueable deps ti=<TaskInstance: spark_stream_job.spark_submit_task scheduled__2024-01-17T00:45:00+00:00 [queued]>
[2024-01-17T04:56:40.698+0000] {taskinstance.py:1361} INFO - Starting attempt 1 of 1
[2024-01-17T04:56:40.709+0000] {taskinstance.py:1382} INFO - Executing <Task(SparkSubmitOperator): spark_submit_task> on 2024-01-17 00:45:00+00:00
[2024-01-17T04:56:40.713+0000] {standard_task_runner.py:57} INFO - Started process 24686 to run task
[2024-01-17T04:56:40.715+0000] {standard_task_runner.py:84} INFO - Running: ['***', 'tasks', 'run', 'spark_stream_job', 'spark_submit_task', 'scheduled__2024-01-17T00:45:00+00:00', '--job-id', '236', '--raw', '--subdir', 'DAGS_FOLDER/spark_streaming_dag.py', '--cfg-path', '/tmp/tmpxhq03pmm']
[2024-01-17T04:56:40.716+0000] {standard_task_runner.py:85} INFO - Job 236: Subtask spark_submit_task
[2024-01-17T04:56:40.757+0000] {task_command.py:415} INFO - Running <TaskInstance: spark_stream_job.spark_submit_task scheduled__2024-01-17T00:45:00+00:00 [running]> on host 614a419ad930
[2024-01-17T04:56:40.823+0000] {taskinstance.py:1660} INFO - Exporting env vars: AIRFLOW_CTX_DAG_OWNER='me' AIRFLOW_CTX_DAG_ID='spark_stream_job' AIRFLOW_CTX_TASK_ID='spark_submit_task' AIRFLOW_CTX_EXECUTION_DATE='2024-01-17T00:45:00+00:00' AIRFLOW_CTX_TRY_NUMBER='1' AIRFLOW_CTX_DAG_RUN_ID='scheduled__2024-01-17T00:45:00+00:00'
[2024-01-17T04:56:40.833+0000] {base.py:73} INFO - Using connection ID 'spark_default' for task execution.
[2024-01-17T04:56:40.834+0000] {spark_submit.py:401} INFO - Spark-Submit cmd: spark-submit --master spark://192.168.224.5:7077 --name spark_submit_job --class org.apache.spark.deploy.PythonRunner --verbose --queue root.default --deploy-mode client /opt/***/dags/spark_stream.py
[2024-01-17T04:56:40.946+0000] {spark_submit.py:571} INFO - /home/***/.local/lib/python3.9/site-packages/pyspark/bin/load-spark-env.sh: line 68: ps: command not found
[2024-01-17T04:56:42.100+0000] {spark_submit.py:571} INFO - Using properties file: null
[2024-01-17T04:56:42.210+0000] {spark_submit.py:571} INFO - Parsed arguments:
[2024-01-17T04:56:42.211+0000] {spark_submit.py:571} INFO - master                  spark://192.168.224.5:7077
[2024-01-17T04:56:42.211+0000] {spark_submit.py:571} INFO - remote                  null
[2024-01-17T04:56:42.211+0000] {spark_submit.py:571} INFO - deployMode              client
[2024-01-17T04:56:42.211+0000] {spark_submit.py:571} INFO - executorMemory          null
[2024-01-17T04:56:42.211+0000] {spark_submit.py:571} INFO - executorCores           null
[2024-01-17T04:56:42.211+0000] {spark_submit.py:571} INFO - totalExecutorCores      null
[2024-01-17T04:56:42.211+0000] {spark_submit.py:571} INFO - propertiesFile          null
[2024-01-17T04:56:42.211+0000] {spark_submit.py:571} INFO - driverMemory            null
[2024-01-17T04:56:42.211+0000] {spark_submit.py:571} INFO - driverCores             null
[2024-01-17T04:56:42.211+0000] {spark_submit.py:571} INFO - driverExtraClassPath    null
[2024-01-17T04:56:42.211+0000] {spark_submit.py:571} INFO - driverExtraLibraryPath  null
[2024-01-17T04:56:42.211+0000] {spark_submit.py:571} INFO - driverExtraJavaOptions  null
[2024-01-17T04:56:42.211+0000] {spark_submit.py:571} INFO - supervise               false
[2024-01-17T04:56:42.211+0000] {spark_submit.py:571} INFO - queue                   root.default
[2024-01-17T04:56:42.211+0000] {spark_submit.py:571} INFO - numExecutors            null
[2024-01-17T04:56:42.212+0000] {spark_submit.py:571} INFO - files                   null
[2024-01-17T04:56:42.212+0000] {spark_submit.py:571} INFO - pyFiles                 null
[2024-01-17T04:56:42.212+0000] {spark_submit.py:571} INFO - archives                null
[2024-01-17T04:56:42.212+0000] {spark_submit.py:571} INFO - mainClass               org.apache.spark.deploy.PythonRunner
[2024-01-17T04:56:42.212+0000] {spark_submit.py:571} INFO - primaryResource         file:/opt/***/dags/spark_stream.py
[2024-01-17T04:56:42.212+0000] {spark_submit.py:571} INFO - name                    spark_submit_job
[2024-01-17T04:56:42.212+0000] {spark_submit.py:571} INFO - childArgs               []
[2024-01-17T04:56:42.212+0000] {spark_submit.py:571} INFO - jars                    null
[2024-01-17T04:56:42.212+0000] {spark_submit.py:571} INFO - packages                null
[2024-01-17T04:56:42.212+0000] {spark_submit.py:571} INFO - packagesExclusions      null
[2024-01-17T04:56:42.212+0000] {spark_submit.py:571} INFO - repositories            null
[2024-01-17T04:56:42.212+0000] {spark_submit.py:571} INFO - verbose                 true
[2024-01-17T04:56:42.212+0000] {spark_submit.py:571} INFO - 
[2024-01-17T04:56:42.212+0000] {spark_submit.py:571} INFO - Spark properties used, including those specified through
[2024-01-17T04:56:42.212+0000] {spark_submit.py:571} INFO - --conf and those from the properties file null:
[2024-01-17T04:56:42.212+0000] {spark_submit.py:571} INFO - 
[2024-01-17T04:56:42.212+0000] {spark_submit.py:571} INFO - 
[2024-01-17T04:56:42.212+0000] {spark_submit.py:571} INFO - 
[2024-01-17T04:56:42.404+0000] {spark_submit.py:571} INFO - Main class:
[2024-01-17T04:56:42.405+0000] {spark_submit.py:571} INFO - org.apache.spark.deploy.PythonRunner
[2024-01-17T04:56:42.405+0000] {spark_submit.py:571} INFO - Arguments:
[2024-01-17T04:56:42.405+0000] {spark_submit.py:571} INFO - file:/opt/***/dags/spark_stream.py
[2024-01-17T04:56:42.405+0000] {spark_submit.py:571} INFO - null
[2024-01-17T04:56:42.407+0000] {spark_submit.py:571} INFO - Spark config:
[2024-01-17T04:56:42.407+0000] {spark_submit.py:571} INFO - (spark.app.name,spark_submit_job)
[2024-01-17T04:56:42.407+0000] {spark_submit.py:571} INFO - (spark.app.submitTime,1705467402391)
[2024-01-17T04:56:42.407+0000] {spark_submit.py:571} INFO - (spark.master,spark://192.168.224.5:7077)
[2024-01-17T04:56:42.407+0000] {spark_submit.py:571} INFO - (spark.submit.deployMode,client)
[2024-01-17T04:56:42.407+0000] {spark_submit.py:571} INFO - (spark.submit.pyFiles,)
[2024-01-17T04:56:42.407+0000] {spark_submit.py:571} INFO - Classpath elements:
[2024-01-17T04:56:42.407+0000] {spark_submit.py:571} INFO - 
[2024-01-17T04:56:42.407+0000] {spark_submit.py:571} INFO - 
[2024-01-17T04:56:42.407+0000] {spark_submit.py:571} INFO - 
[2024-01-17T04:56:43.836+0000] {spark_submit.py:571} INFO - None of PyTorch, TensorFlow >= 2.0, or Flax have been found. Models won't be available and only tokenizers, configuration and file/data utilities can be used.
[2024-01-17T04:56:43.981+0000] {spark_submit.py:571} INFO - 24/01/17 04:56:43 INFO SparkContext: Running Spark version 3.5.0
[2024-01-17T04:56:43.983+0000] {spark_submit.py:571} INFO - 24/01/17 04:56:43 INFO SparkContext: OS info Linux, 5.10.16.3-microsoft-standard-WSL2, amd64
[2024-01-17T04:56:43.983+0000] {spark_submit.py:571} INFO - 24/01/17 04:56:43 INFO SparkContext: Java version 11.0.21
[2024-01-17T04:56:44.023+0000] {spark_submit.py:571} INFO - 24/01/17 04:56:44 WARN NativeCodeLoader: Unable to load native-hadoop library for your platform... using builtin-java classes where applicable
[2024-01-17T04:56:44.078+0000] {spark_submit.py:571} INFO - 24/01/17 04:56:44 INFO ResourceUtils: ==============================================================
[2024-01-17T04:56:44.078+0000] {spark_submit.py:571} INFO - 24/01/17 04:56:44 INFO ResourceUtils: No custom resources configured for spark.driver.
[2024-01-17T04:56:44.078+0000] {spark_submit.py:571} INFO - 24/01/17 04:56:44 INFO ResourceUtils: ==============================================================
[2024-01-17T04:56:44.078+0000] {spark_submit.py:571} INFO - 24/01/17 04:56:44 INFO SparkContext: Submitted application: SparkDataStreaming
[2024-01-17T04:56:44.093+0000] {spark_submit.py:571} INFO - 24/01/17 04:56:44 INFO ResourceProfile: Default ResourceProfile created, executor resources: Map(memory -> name: memory, amount: 1024, script: , vendor: , offHeap -> name: offHeap, amount: 0, script: , vendor: ), task resources: Map(cpus -> name: cpus, amount: 1.0)
[2024-01-17T04:56:44.102+0000] {spark_submit.py:571} INFO - 24/01/17 04:56:44 INFO ResourceProfile: Limiting resource is cpu
[2024-01-17T04:56:44.103+0000] {spark_submit.py:571} INFO - 24/01/17 04:56:44 INFO ResourceProfileManager: Added ResourceProfile id: 0
[2024-01-17T04:56:44.139+0000] {spark_submit.py:571} INFO - 24/01/17 04:56:44 INFO SecurityManager: Changing view acls to: ***
[2024-01-17T04:56:44.140+0000] {spark_submit.py:571} INFO - 24/01/17 04:56:44 INFO SecurityManager: Changing modify acls to: ***
[2024-01-17T04:56:44.140+0000] {spark_submit.py:571} INFO - 24/01/17 04:56:44 INFO SecurityManager: Changing view acls groups to:
[2024-01-17T04:56:44.140+0000] {spark_submit.py:571} INFO - 24/01/17 04:56:44 INFO SecurityManager: Changing modify acls groups to:
[2024-01-17T04:56:44.141+0000] {spark_submit.py:571} INFO - 24/01/17 04:56:44 INFO SecurityManager: SecurityManager: authentication disabled; ui acls disabled; users with view permissions: ***; groups with view permissions: EMPTY; users with modify permissions: ***; groups with modify permissions: EMPTY
[2024-01-17T04:56:44.312+0000] {spark_submit.py:571} INFO - 24/01/17 04:56:44 INFO Utils: Successfully started service 'sparkDriver' on port 34189.
[2024-01-17T04:56:44.332+0000] {spark_submit.py:571} INFO - 24/01/17 04:56:44 INFO SparkEnv: Registering MapOutputTracker
[2024-01-17T04:56:44.356+0000] {spark_submit.py:571} INFO - 24/01/17 04:56:44 INFO SparkEnv: Registering BlockManagerMaster
[2024-01-17T04:56:44.369+0000] {spark_submit.py:571} INFO - 24/01/17 04:56:44 INFO BlockManagerMasterEndpoint: Using org.apache.spark.storage.DefaultTopologyMapper for getting topology information
[2024-01-17T04:56:44.370+0000] {spark_submit.py:571} INFO - 24/01/17 04:56:44 INFO BlockManagerMasterEndpoint: BlockManagerMasterEndpoint up
[2024-01-17T04:56:44.373+0000] {spark_submit.py:571} INFO - 24/01/17 04:56:44 INFO SparkEnv: Registering BlockManagerMasterHeartbeat
[2024-01-17T04:56:44.389+0000] {spark_submit.py:571} INFO - 24/01/17 04:56:44 INFO DiskBlockManager: Created local directory at /tmp/blockmgr-17d2fb6a-6a5b-4d83-b43a-ce810067dc9e
[2024-01-17T04:56:44.399+0000] {spark_submit.py:571} INFO - 24/01/17 04:56:44 INFO MemoryStore: MemoryStore started with capacity 434.4 MiB
[2024-01-17T04:56:44.412+0000] {spark_submit.py:571} INFO - 24/01/17 04:56:44 INFO SparkEnv: Registering OutputCommitCoordinator
[2024-01-17T04:56:44.519+0000] {spark_submit.py:571} INFO - 24/01/17 04:56:44 INFO JettyUtils: Start Jetty 0.0.0.0:4040 for SparkUI
[2024-01-17T04:56:44.567+0000] {spark_submit.py:571} INFO - 24/01/17 04:56:44 INFO Utils: Successfully started service 'SparkUI' on port 4040.
[2024-01-17T04:56:44.645+0000] {spark_submit.py:571} INFO - 24/01/17 04:56:44 INFO StandaloneAppClient$ClientEndpoint: Connecting to master spark://192.168.224.5:7077...
[2024-01-17T04:56:44.676+0000] {spark_submit.py:571} INFO - 24/01/17 04:56:44 INFO TransportClientFactory: Successfully created connection to /192.168.224.5:7077 after 18 ms (0 ms spent in bootstraps)
[2024-01-17T04:56:44.731+0000] {spark_submit.py:571} INFO - 24/01/17 04:56:44 INFO StandaloneSchedulerBackend: Connected to Spark cluster with app ID app-20240117045644-0078
[2024-01-17T04:56:44.732+0000] {spark_submit.py:571} INFO - 24/01/17 04:56:44 INFO StandaloneAppClient$ClientEndpoint: Executor added: app-20240117045644-0078/0 on worker-20240117040815-192.168.224.7-45465 (192.168.224.7:45465) with 2 core(s)
[2024-01-17T04:56:44.733+0000] {spark_submit.py:571} INFO - 24/01/17 04:56:44 INFO StandaloneSchedulerBackend: Granted executor ID app-20240117045644-0078/0 on hostPort 192.168.224.7:45465 with 2 core(s), 1024.0 MiB RAM
[2024-01-17T04:56:44.738+0000] {spark_submit.py:571} INFO - 24/01/17 04:56:44 INFO Utils: Successfully started service 'org.apache.spark.network.netty.NettyBlockTransferService' on port 35471.
[2024-01-17T04:56:44.738+0000] {spark_submit.py:571} INFO - 24/01/17 04:56:44 INFO NettyBlockTransferService: Server created on 614a419ad930:35471
[2024-01-17T04:56:44.739+0000] {spark_submit.py:571} INFO - 24/01/17 04:56:44 INFO BlockManager: Using org.apache.spark.storage.RandomBlockReplicationPolicy for block replication policy
[2024-01-17T04:56:44.748+0000] {spark_submit.py:571} INFO - 24/01/17 04:56:44 INFO BlockManagerMaster: Registering BlockManager BlockManagerId(driver, 614a419ad930, 35471, None)
[2024-01-17T04:56:44.751+0000] {spark_submit.py:571} INFO - 24/01/17 04:56:44 INFO BlockManagerMasterEndpoint: Registering block manager 614a419ad930:35471 with 434.4 MiB RAM, BlockManagerId(driver, 614a419ad930, 35471, None)
[2024-01-17T04:56:44.754+0000] {spark_submit.py:571} INFO - 24/01/17 04:56:44 INFO BlockManagerMaster: Registered BlockManager BlockManagerId(driver, 614a419ad930, 35471, None)
[2024-01-17T04:56:44.755+0000] {spark_submit.py:571} INFO - 24/01/17 04:56:44 INFO BlockManager: Initialized BlockManager: BlockManagerId(driver, 614a419ad930, 35471, None)
[2024-01-17T04:56:44.761+0000] {spark_submit.py:571} INFO - 24/01/17 04:56:44 INFO StandaloneAppClient$ClientEndpoint: Executor updated: app-20240117045644-0078/0 is now RUNNING
[2024-01-17T04:56:44.909+0000] {spark_submit.py:571} INFO - 24/01/17 04:56:44 INFO StandaloneSchedulerBackend: SchedulerBackend is ready for scheduling beginning after reached minRegisteredResourcesRatio: 0.0
[2024-01-17T04:56:46.043+0000] {spark_submit.py:571} INFO - WARNING:root:kafka dataframe could not be created because: Failed to find data source: kafka. Please deploy the application as per the deployment section of Structured Streaming + Kafka Integration Guide.
[2024-01-17T04:56:46.046+0000] {spark_submit.py:571} INFO - ERROR:root:An error occurred in the Spark Streaming job: Failed to find data source: kafka. Please deploy the application as per the deployment section of Structured Streaming + Kafka Integration Guide.
[2024-01-17T04:56:46.430+0000] {spark_submit.py:571} INFO - Traceback (most recent call last):
[2024-01-17T04:56:46.431+0000] {spark_submit.py:571} INFO - File "/opt/***/dags/spark_stream.py", line 333, in <module>
[2024-01-17T04:56:46.431+0000] {spark_submit.py:571} INFO - main()
[2024-01-17T04:56:46.431+0000] {spark_submit.py:571} INFO - File "/opt/***/dags/spark_stream.py", line 330, in main
[2024-01-17T04:56:46.431+0000] {spark_submit.py:571} INFO - cassandra_session.shutdown()
[2024-01-17T04:56:46.431+0000] {spark_submit.py:571} INFO - UnboundLocalError: local variable 'cassandra_session' referenced before assignment
[2024-01-17T04:56:46.668+0000] {taskinstance.py:1943} ERROR - Task failed with exception
Traceback (most recent call last):
  File "/home/airflow/.local/lib/python3.9/site-packages/airflow/providers/apache/spark/operators/spark_submit.py", line 174, in execute
    self._hook.submit(self._application)
  File "/home/airflow/.local/lib/python3.9/site-packages/airflow/providers/apache/spark/hooks/spark_submit.py", line 502, in submit
    raise AirflowException(
airflow.exceptions.AirflowException: Cannot execute: spark-submit --master spark://192.168.224.5:7077 --name spark_submit_job --class org.apache.spark.deploy.PythonRunner --verbose --queue root.default --deploy-mode client /opt/***/dags/spark_stream.py. Error code is: 1.
[2024-01-17T04:56:46.671+0000] {taskinstance.py:1400} INFO - Marking task as FAILED. dag_id=spark_stream_job, task_id=spark_submit_task, execution_date=20240117T004500, start_date=20240117T045640, end_date=20240117T045646
[2024-01-17T04:56:46.687+0000] {standard_task_runner.py:104} ERROR - Failed to execute job 236 for task spark_submit_task (Cannot execute: spark-submit --master spark://192.168.224.5:7077 --name spark_submit_job --class org.apache.spark.deploy.PythonRunner --verbose --queue root.default --deploy-mode client /opt/***/dags/spark_stream.py. Error code is: 1.; 24686)
[2024-01-17T04:56:46.720+0000] {local_task_job_runner.py:228} INFO - Task exited with return code 1
[2024-01-17T04:56:46.739+0000] {taskinstance.py:2784} INFO - 0 downstream tasks scheduled from follow-on schedule check
