[2024-01-20T06:25:31.615+0000] {taskinstance.py:1159} INFO - Dependencies all met for dep_context=non-requeueable deps ti=<TaskInstance: Kafka_Producer_2.Reddit scheduled__2024-01-20T06:23:18.009811+00:00 [queued]>
[2024-01-20T06:25:31.621+0000] {taskinstance.py:1159} INFO - Dependencies all met for dep_context=requeueable deps ti=<TaskInstance: Kafka_Producer_2.Reddit scheduled__2024-01-20T06:23:18.009811+00:00 [queued]>
[2024-01-20T06:25:31.622+0000] {taskinstance.py:1361} INFO - Starting attempt 1 of 1
[2024-01-20T06:25:31.634+0000] {taskinstance.py:1382} INFO - Executing <Task(PythonOperator): Reddit> on 2024-01-20 06:23:18.009811+00:00
[2024-01-20T06:25:31.637+0000] {standard_task_runner.py:57} INFO - Started process 15108 to run task
[2024-01-20T06:25:31.639+0000] {standard_task_runner.py:84} INFO - Running: ['***', 'tasks', 'run', 'Kafka_Producer_2', 'Reddit', 'scheduled__2024-01-20T06:23:18.009811+00:00', '--job-id', '945', '--raw', '--subdir', 'DAGS_FOLDER/kafka_stream_2.py', '--cfg-path', '/tmp/tmpvg3d7l2k']
[2024-01-20T06:25:31.641+0000] {standard_task_runner.py:85} INFO - Job 945: Subtask Reddit
[2024-01-20T06:25:31.693+0000] {task_command.py:415} INFO - Running <TaskInstance: Kafka_Producer_2.Reddit scheduled__2024-01-20T06:23:18.009811+00:00 [running]> on host 45c5bfab8aa1
[2024-01-20T06:25:31.791+0000] {taskinstance.py:1660} INFO - Exporting env vars: AIRFLOW_CTX_DAG_OWNER='me' AIRFLOW_CTX_DAG_ID='Kafka_Producer_2' AIRFLOW_CTX_TASK_ID='Reddit' AIRFLOW_CTX_EXECUTION_DATE='2024-01-20T06:23:18.009811+00:00' AIRFLOW_CTX_TRY_NUMBER='1' AIRFLOW_CTX_DAG_RUN_ID='scheduled__2024-01-20T06:23:18.009811+00:00'
[2024-01-20T06:25:31.830+0000] {logging_mixin.py:151} INFO -  submission : 
[2024-01-20T06:25:32.532+0000] {logging_mixin.py:151} INFO - #False
[2024-01-20T06:25:32.532+0000] {logging_mixin.py:151} INFO - #False
[2024-01-20T06:25:32.533+0000] {logging_mixin.py:151} INFO - #False
[2024-01-20T06:25:32.533+0000] {logging_mixin.py:151} INFO - #False
[2024-01-20T06:25:32.533+0000] {logging_mixin.py:151} INFO - #False
[2024-01-20T06:25:32.534+0000] {logging_mixin.py:151} INFO - #False
[2024-01-20T06:25:32.534+0000] {logging_mixin.py:151} INFO - #False
[2024-01-20T06:25:32.534+0000] {logging_mixin.py:151} INFO - #False
[2024-01-20T06:25:32.535+0000] {logging_mixin.py:151} INFO - #False
[2024-01-20T06:25:32.535+0000] {logging_mixin.py:151} INFO - #False
[2024-01-20T06:25:32.535+0000] {logging_mixin.py:151} INFO - #False
[2024-01-20T06:25:32.536+0000] {logging_mixin.py:151} INFO - #False
[2024-01-20T06:25:32.536+0000] {logging_mixin.py:151} INFO - #False
[2024-01-20T06:25:32.536+0000] {logging_mixin.py:151} INFO - #False
[2024-01-20T06:25:32.537+0000] {logging_mixin.py:151} INFO - #False
[2024-01-20T06:25:32.537+0000] {logging_mixin.py:151} INFO - #False
[2024-01-20T06:25:32.537+0000] {logging_mixin.py:151} INFO - #False
[2024-01-20T06:25:32.538+0000] {logging_mixin.py:151} INFO - #False
[2024-01-20T06:25:32.538+0000] {logging_mixin.py:151} INFO - #False
[2024-01-20T06:25:32.538+0000] {logging_mixin.py:151} INFO - #False
[2024-01-20T06:25:32.539+0000] {logging_mixin.py:151} INFO - #False
[2024-01-20T06:25:32.539+0000] {logging_mixin.py:151} INFO - #False
[2024-01-20T06:25:32.539+0000] {logging_mixin.py:151} INFO - #False
[2024-01-20T06:25:32.541+0000] {logging_mixin.py:151} INFO - #False
[2024-01-20T06:25:32.541+0000] {logging_mixin.py:151} INFO - #False
[2024-01-20T06:25:32.542+0000] {logging_mixin.py:151} INFO - #False
[2024-01-20T06:25:32.542+0000] {logging_mixin.py:151} INFO - #False
[2024-01-20T06:25:32.542+0000] {logging_mixin.py:151} INFO - #False
[2024-01-20T06:25:32.543+0000] {logging_mixin.py:151} INFO - #False
[2024-01-20T06:25:32.543+0000] {logging_mixin.py:151} INFO - #False
[2024-01-20T06:25:32.543+0000] {logging_mixin.py:151} INFO -  submission : 
[2024-01-20T06:25:33.037+0000] {logging_mixin.py:151} INFO - #False
[2024-01-20T06:25:33.038+0000] {logging_mixin.py:151} INFO - #False
[2024-01-20T06:25:33.038+0000] {logging_mixin.py:151} INFO - #False
[2024-01-20T06:25:33.039+0000] {logging_mixin.py:151} INFO - #False
[2024-01-20T06:25:33.040+0000] {logging_mixin.py:151} INFO - #False
[2024-01-20T06:25:33.040+0000] {logging_mixin.py:151} INFO - #False
[2024-01-20T06:25:33.041+0000] {logging_mixin.py:151} INFO - #False
[2024-01-20T06:25:33.042+0000] {logging_mixin.py:151} INFO - #False
[2024-01-20T06:25:33.042+0000] {logging_mixin.py:151} INFO - #False
[2024-01-20T06:25:33.042+0000] {logging_mixin.py:151} INFO - #False
[2024-01-20T06:25:33.043+0000] {logging_mixin.py:151} INFO - #False
[2024-01-20T06:25:33.043+0000] {logging_mixin.py:151} INFO - #False
[2024-01-20T06:25:33.043+0000] {logging_mixin.py:151} INFO - #False
[2024-01-20T06:25:33.044+0000] {logging_mixin.py:151} INFO - #False
[2024-01-20T06:25:33.044+0000] {logging_mixin.py:151} INFO - #False
[2024-01-20T06:25:33.045+0000] {logging_mixin.py:151} INFO - #False
[2024-01-20T06:25:33.045+0000] {logging_mixin.py:151} INFO - #False
[2024-01-20T06:25:33.046+0000] {logging_mixin.py:151} INFO - #False
[2024-01-20T06:25:33.046+0000] {logging_mixin.py:151} INFO - #False
[2024-01-20T06:25:33.046+0000] {logging_mixin.py:151} INFO - #False
[2024-01-20T06:25:33.047+0000] {logging_mixin.py:151} INFO - #False
[2024-01-20T06:25:33.047+0000] {logging_mixin.py:151} INFO - #False
[2024-01-20T06:25:33.048+0000] {logging_mixin.py:151} INFO - #False
[2024-01-20T06:25:33.048+0000] {logging_mixin.py:151} INFO - #False
[2024-01-20T06:25:33.048+0000] {logging_mixin.py:151} INFO - #False
[2024-01-20T06:25:33.048+0000] {logging_mixin.py:151} INFO - #False
[2024-01-20T06:25:33.049+0000] {logging_mixin.py:151} INFO - #False
[2024-01-20T06:25:33.049+0000] {logging_mixin.py:151} INFO - #False
[2024-01-20T06:25:33.049+0000] {logging_mixin.py:151} INFO - #False
[2024-01-20T06:25:33.049+0000] {logging_mixin.py:151} INFO - #False
[2024-01-20T06:25:33.050+0000] {logging_mixin.py:151} INFO -  submission : 
[2024-01-20T06:25:33.539+0000] {logging_mixin.py:151} INFO - #False
[2024-01-20T06:25:33.540+0000] {logging_mixin.py:151} INFO - #False
[2024-01-20T06:25:33.540+0000] {logging_mixin.py:151} INFO - #False
[2024-01-20T06:25:33.541+0000] {logging_mixin.py:151} INFO - #False
[2024-01-20T06:25:33.541+0000] {logging_mixin.py:151} INFO - #False
[2024-01-20T06:25:33.542+0000] {logging_mixin.py:151} INFO - #False
[2024-01-20T06:25:33.542+0000] {logging_mixin.py:151} INFO - #False
[2024-01-20T06:25:33.543+0000] {logging_mixin.py:151} INFO - #False
[2024-01-20T06:25:33.543+0000] {logging_mixin.py:151} INFO - #False
[2024-01-20T06:25:33.543+0000] {logging_mixin.py:151} INFO - #False
[2024-01-20T06:25:33.544+0000] {logging_mixin.py:151} INFO - #False
[2024-01-20T06:25:33.544+0000] {logging_mixin.py:151} INFO - #False
[2024-01-20T06:25:33.544+0000] {logging_mixin.py:151} INFO - #False
[2024-01-20T06:25:33.545+0000] {logging_mixin.py:151} INFO - #False
[2024-01-20T06:25:33.545+0000] {logging_mixin.py:151} INFO - #False
[2024-01-20T06:25:33.545+0000] {logging_mixin.py:151} INFO - #False
[2024-01-20T06:25:33.546+0000] {logging_mixin.py:151} INFO - #False
[2024-01-20T06:25:33.546+0000] {logging_mixin.py:151} INFO - #False
[2024-01-20T06:25:33.546+0000] {logging_mixin.py:151} INFO - #False
[2024-01-20T06:25:33.546+0000] {logging_mixin.py:151} INFO - #False
[2024-01-20T06:25:33.547+0000] {logging_mixin.py:151} INFO - #False
[2024-01-20T06:25:33.547+0000] {logging_mixin.py:151} INFO - #False
[2024-01-20T06:25:33.547+0000] {logging_mixin.py:151} INFO - #False
[2024-01-20T06:25:33.547+0000] {logging_mixin.py:151} INFO - #False
[2024-01-20T06:25:33.548+0000] {logging_mixin.py:151} INFO - #False
[2024-01-20T06:25:33.548+0000] {logging_mixin.py:151} INFO - #False
[2024-01-20T06:25:33.548+0000] {logging_mixin.py:151} INFO - #False
[2024-01-20T06:25:33.548+0000] {logging_mixin.py:151} INFO - #False
[2024-01-20T06:25:33.548+0000] {logging_mixin.py:151} INFO - #False
[2024-01-20T06:25:33.549+0000] {logging_mixin.py:151} INFO - #False
[2024-01-20T06:25:33.549+0000] {logging_mixin.py:151} INFO -  submission : 
[2024-01-20T06:25:33.969+0000] {logging_mixin.py:151} INFO - #False
[2024-01-20T06:25:33.969+0000] {logging_mixin.py:151} INFO - #False
[2024-01-20T06:25:33.969+0000] {logging_mixin.py:151} INFO - #False
[2024-01-20T06:25:33.970+0000] {logging_mixin.py:151} INFO - #False
[2024-01-20T06:25:33.970+0000] {logging_mixin.py:151} INFO - #False
[2024-01-20T06:25:33.970+0000] {logging_mixin.py:151} INFO - #False
[2024-01-20T06:25:33.970+0000] {logging_mixin.py:151} INFO - #False
[2024-01-20T06:25:33.971+0000] {logging_mixin.py:151} INFO - #False
[2024-01-20T06:25:33.971+0000] {logging_mixin.py:151} INFO - #False
[2024-01-20T06:25:33.971+0000] {logging_mixin.py:151} INFO - #False
[2024-01-20T06:25:33.971+0000] {logging_mixin.py:151} INFO - #False
[2024-01-20T06:25:33.971+0000] {logging_mixin.py:151} INFO - #False
[2024-01-20T06:25:33.972+0000] {logging_mixin.py:151} INFO - #False
[2024-01-20T06:25:33.972+0000] {logging_mixin.py:151} INFO - #False
[2024-01-20T06:25:33.972+0000] {logging_mixin.py:151} INFO - #False
[2024-01-20T06:25:33.972+0000] {logging_mixin.py:151} INFO - #False
[2024-01-20T06:25:33.973+0000] {logging_mixin.py:151} INFO - #False
[2024-01-20T06:25:33.973+0000] {logging_mixin.py:151} INFO - #False
[2024-01-20T06:25:33.973+0000] {logging_mixin.py:151} INFO - #False
[2024-01-20T06:25:33.973+0000] {logging_mixin.py:151} INFO - #False
[2024-01-20T06:25:33.973+0000] {logging_mixin.py:151} INFO - #False
[2024-01-20T06:25:33.974+0000] {logging_mixin.py:151} INFO - #False
[2024-01-20T06:25:33.974+0000] {logging_mixin.py:151} INFO - #False
[2024-01-20T06:25:33.974+0000] {logging_mixin.py:151} INFO - #False
[2024-01-20T06:25:33.974+0000] {logging_mixin.py:151} INFO - #False
[2024-01-20T06:25:33.975+0000] {logging_mixin.py:151} INFO - #False
[2024-01-20T06:25:33.975+0000] {logging_mixin.py:151} INFO - #False
[2024-01-20T06:25:33.975+0000] {logging_mixin.py:151} INFO - #False
[2024-01-20T06:25:33.975+0000] {logging_mixin.py:151} INFO - #False
[2024-01-20T06:25:33.975+0000] {logging_mixin.py:151} INFO - #False
[2024-01-20T06:25:33.976+0000] {logging_mixin.py:151} INFO -  submission : 
[2024-01-20T06:25:34.669+0000] {logging_mixin.py:151} INFO - #False
[2024-01-20T06:25:34.670+0000] {logging_mixin.py:151} INFO - #False
[2024-01-20T06:25:34.670+0000] {logging_mixin.py:151} INFO - #False
[2024-01-20T06:25:34.670+0000] {logging_mixin.py:151} INFO - #False
[2024-01-20T06:25:34.670+0000] {logging_mixin.py:151} INFO - #False
[2024-01-20T06:25:34.671+0000] {logging_mixin.py:151} INFO - #False
[2024-01-20T06:25:34.671+0000] {logging_mixin.py:151} INFO - #False
[2024-01-20T06:25:34.671+0000] {logging_mixin.py:151} INFO - #False
[2024-01-20T06:25:34.672+0000] {logging_mixin.py:151} INFO - #False
[2024-01-20T06:25:34.672+0000] {logging_mixin.py:151} INFO - #False
[2024-01-20T06:25:34.672+0000] {logging_mixin.py:151} INFO - #False
[2024-01-20T06:25:34.672+0000] {logging_mixin.py:151} INFO - #False
[2024-01-20T06:25:34.673+0000] {logging_mixin.py:151} INFO - #False
[2024-01-20T06:25:34.673+0000] {logging_mixin.py:151} INFO - #False
[2024-01-20T06:25:34.673+0000] {logging_mixin.py:151} INFO - #False
[2024-01-20T06:25:34.673+0000] {logging_mixin.py:151} INFO - #False
[2024-01-20T06:25:34.674+0000] {logging_mixin.py:151} INFO - #False
[2024-01-20T06:25:34.674+0000] {logging_mixin.py:151} INFO - #False
[2024-01-20T06:25:34.674+0000] {logging_mixin.py:151} INFO - #False
[2024-01-20T06:25:34.674+0000] {logging_mixin.py:151} INFO - #False
[2024-01-20T06:25:34.675+0000] {logging_mixin.py:151} INFO - #False
[2024-01-20T06:25:34.675+0000] {logging_mixin.py:151} INFO - #False
[2024-01-20T06:25:34.675+0000] {logging_mixin.py:151} INFO - #False
[2024-01-20T06:25:34.675+0000] {logging_mixin.py:151} INFO - #False
[2024-01-20T06:25:34.675+0000] {logging_mixin.py:151} INFO - #False
[2024-01-20T06:25:34.676+0000] {logging_mixin.py:151} INFO - #False
[2024-01-20T06:25:34.676+0000] {logging_mixin.py:151} INFO - #False
[2024-01-20T06:25:34.676+0000] {logging_mixin.py:151} INFO - #False
[2024-01-20T06:25:34.676+0000] {logging_mixin.py:151} INFO - #False
[2024-01-20T06:25:34.677+0000] {logging_mixin.py:151} INFO - #False
[2024-01-20T06:25:34.677+0000] {logging_mixin.py:151} INFO -  submission : 
[2024-01-20T06:25:35.212+0000] {logging_mixin.py:151} INFO - #False
[2024-01-20T06:25:35.213+0000] {logging_mixin.py:151} INFO - #False
[2024-01-20T06:25:35.213+0000] {logging_mixin.py:151} INFO - #False
[2024-01-20T06:25:35.213+0000] {logging_mixin.py:151} INFO - #False
[2024-01-20T06:25:35.214+0000] {logging_mixin.py:151} INFO - #False
[2024-01-20T06:25:35.214+0000] {logging_mixin.py:151} INFO - #False
[2024-01-20T06:25:35.214+0000] {logging_mixin.py:151} INFO - #False
[2024-01-20T06:25:35.215+0000] {logging_mixin.py:151} INFO - #False
[2024-01-20T06:25:35.215+0000] {logging_mixin.py:151} INFO - #False
[2024-01-20T06:25:35.215+0000] {logging_mixin.py:151} INFO - #False
[2024-01-20T06:25:35.216+0000] {logging_mixin.py:151} INFO - #False
[2024-01-20T06:25:35.216+0000] {logging_mixin.py:151} INFO - #False
[2024-01-20T06:25:35.216+0000] {logging_mixin.py:151} INFO - #False
[2024-01-20T06:25:35.216+0000] {logging_mixin.py:151} INFO - #False
[2024-01-20T06:25:35.217+0000] {logging_mixin.py:151} INFO - #False
[2024-01-20T06:25:35.217+0000] {logging_mixin.py:151} INFO - #False
[2024-01-20T06:25:35.217+0000] {logging_mixin.py:151} INFO - #False
[2024-01-20T06:25:35.217+0000] {logging_mixin.py:151} INFO - #False
[2024-01-20T06:25:35.218+0000] {logging_mixin.py:151} INFO - #False
[2024-01-20T06:25:35.218+0000] {logging_mixin.py:151} INFO - #False
[2024-01-20T06:25:35.218+0000] {logging_mixin.py:151} INFO - #False
[2024-01-20T06:25:35.218+0000] {logging_mixin.py:151} INFO - #False
[2024-01-20T06:25:35.219+0000] {logging_mixin.py:151} INFO - #False
[2024-01-20T06:25:35.219+0000] {logging_mixin.py:151} INFO - #False
[2024-01-20T06:25:35.219+0000] {logging_mixin.py:151} INFO - #False
[2024-01-20T06:25:35.220+0000] {logging_mixin.py:151} INFO - #False
[2024-01-20T06:25:35.220+0000] {logging_mixin.py:151} INFO - #False
[2024-01-20T06:25:35.220+0000] {logging_mixin.py:151} INFO - #False
[2024-01-20T06:25:35.220+0000] {logging_mixin.py:151} INFO - #False
[2024-01-20T06:25:35.221+0000] {logging_mixin.py:151} INFO - #False
[2024-01-20T06:25:35.221+0000] {logging_mixin.py:151} INFO -  submission : 
[2024-01-20T06:25:35.836+0000] {logging_mixin.py:151} INFO - #False
[2024-01-20T06:25:35.836+0000] {logging_mixin.py:151} INFO - #False
[2024-01-20T06:25:35.837+0000] {logging_mixin.py:151} INFO - #False
[2024-01-20T06:25:35.837+0000] {logging_mixin.py:151} INFO - #False
[2024-01-20T06:25:35.837+0000] {logging_mixin.py:151} INFO - #False
[2024-01-20T06:25:35.838+0000] {logging_mixin.py:151} INFO - #False
[2024-01-20T06:25:35.838+0000] {logging_mixin.py:151} INFO - #False
[2024-01-20T06:25:35.838+0000] {logging_mixin.py:151} INFO - #False
[2024-01-20T06:25:35.838+0000] {logging_mixin.py:151} INFO - #False
[2024-01-20T06:25:35.839+0000] {logging_mixin.py:151} INFO - #False
[2024-01-20T06:25:35.839+0000] {logging_mixin.py:151} INFO - #False
[2024-01-20T06:25:35.839+0000] {logging_mixin.py:151} INFO - #False
[2024-01-20T06:25:35.839+0000] {logging_mixin.py:151} INFO - #False
[2024-01-20T06:25:35.839+0000] {logging_mixin.py:151} INFO - #False
[2024-01-20T06:25:35.840+0000] {logging_mixin.py:151} INFO - #False
[2024-01-20T06:25:35.840+0000] {logging_mixin.py:151} INFO - #False
[2024-01-20T06:25:35.841+0000] {logging_mixin.py:151} INFO - #False
[2024-01-20T06:25:35.841+0000] {logging_mixin.py:151} INFO - #False
[2024-01-20T06:25:35.841+0000] {logging_mixin.py:151} INFO - #False
[2024-01-20T06:25:35.841+0000] {logging_mixin.py:151} INFO - #False
[2024-01-20T06:25:35.842+0000] {logging_mixin.py:151} INFO - #False
[2024-01-20T06:25:35.842+0000] {logging_mixin.py:151} INFO - #False
[2024-01-20T06:25:35.842+0000] {logging_mixin.py:151} INFO - #False
[2024-01-20T06:25:35.842+0000] {logging_mixin.py:151} INFO - #False
[2024-01-20T06:25:35.842+0000] {logging_mixin.py:151} INFO - #False
[2024-01-20T06:25:35.843+0000] {logging_mixin.py:151} INFO - #False
[2024-01-20T06:25:35.843+0000] {logging_mixin.py:151} INFO - #False
[2024-01-20T06:25:35.843+0000] {logging_mixin.py:151} INFO - #False
[2024-01-20T06:25:35.843+0000] {logging_mixin.py:151} INFO - #False
[2024-01-20T06:25:35.843+0000] {logging_mixin.py:151} INFO - #False
[2024-01-20T06:25:35.844+0000] {logging_mixin.py:151} INFO -  submission : 
[2024-01-20T06:25:36.809+0000] {logging_mixin.py:151} INFO - #False
[2024-01-20T06:25:36.810+0000] {logging_mixin.py:151} INFO - #False
[2024-01-20T06:25:36.810+0000] {logging_mixin.py:151} INFO - #False
[2024-01-20T06:25:36.810+0000] {logging_mixin.py:151} INFO - #False
[2024-01-20T06:25:36.811+0000] {logging_mixin.py:151} INFO - #False
[2024-01-20T06:25:36.811+0000] {logging_mixin.py:151} INFO - #False
[2024-01-20T06:25:36.811+0000] {logging_mixin.py:151} INFO - #False
[2024-01-20T06:25:36.811+0000] {logging_mixin.py:151} INFO - #False
[2024-01-20T06:25:36.812+0000] {logging_mixin.py:151} INFO - #False
[2024-01-20T06:25:36.812+0000] {logging_mixin.py:151} INFO - #False
[2024-01-20T06:25:36.812+0000] {logging_mixin.py:151} INFO - #False
[2024-01-20T06:25:36.812+0000] {logging_mixin.py:151} INFO - #False
[2024-01-20T06:25:36.812+0000] {logging_mixin.py:151} INFO - #False
[2024-01-20T06:25:36.813+0000] {logging_mixin.py:151} INFO - #False
[2024-01-20T06:25:36.813+0000] {logging_mixin.py:151} INFO - #False
[2024-01-20T06:25:36.813+0000] {logging_mixin.py:151} INFO - #False
[2024-01-20T06:25:36.813+0000] {logging_mixin.py:151} INFO - #False
[2024-01-20T06:25:36.814+0000] {logging_mixin.py:151} INFO - #False
[2024-01-20T06:25:36.814+0000] {logging_mixin.py:151} INFO - #False
[2024-01-20T06:25:36.814+0000] {logging_mixin.py:151} INFO - #False
[2024-01-20T06:25:36.814+0000] {logging_mixin.py:151} INFO - #False
[2024-01-20T06:25:36.815+0000] {logging_mixin.py:151} INFO - #False
[2024-01-20T06:25:36.815+0000] {logging_mixin.py:151} INFO - #False
[2024-01-20T06:25:36.815+0000] {logging_mixin.py:151} INFO - #False
[2024-01-20T06:25:36.815+0000] {logging_mixin.py:151} INFO - #False
[2024-01-20T06:25:36.815+0000] {logging_mixin.py:151} INFO - #False
[2024-01-20T06:25:36.816+0000] {logging_mixin.py:151} INFO - #False
[2024-01-20T06:25:36.816+0000] {logging_mixin.py:151} INFO - #False
[2024-01-20T06:25:36.816+0000] {logging_mixin.py:151} INFO - #False
[2024-01-20T06:25:36.816+0000] {logging_mixin.py:151} INFO - #False
[2024-01-20T06:25:36.817+0000] {python.py:194} INFO - Done. Returned value was: None
[2024-01-20T06:25:36.824+0000] {taskinstance.py:1400} INFO - Marking task as SUCCESS. dag_id=Kafka_Producer_2, task_id=Reddit, execution_date=20240120T062318, start_date=20240120T062531, end_date=20240120T062536
[2024-01-20T06:25:36.868+0000] {local_task_job_runner.py:228} INFO - Task exited with return code 0
[2024-01-20T06:25:36.881+0000] {taskinstance.py:2784} INFO - 0 downstream tasks scheduled from follow-on schedule check
