[2024-01-17T05:12:30.094+0000] {taskinstance.py:1159} INFO - Dependencies all met for dep_context=non-requeueable deps ti=<TaskInstance: Stream_Data_5.Reddit scheduled__2024-01-17T05:11:21.391336+00:00 [queued]>
[2024-01-17T05:12:30.099+0000] {taskinstance.py:1159} INFO - Dependencies all met for dep_context=requeueable deps ti=<TaskInstance: Stream_Data_5.Reddit scheduled__2024-01-17T05:11:21.391336+00:00 [queued]>
[2024-01-17T05:12:30.099+0000] {taskinstance.py:1361} INFO - Starting attempt 1 of 1
[2024-01-17T05:12:30.108+0000] {taskinstance.py:1382} INFO - Executing <Task(PythonOperator): Reddit> on 2024-01-17 05:11:21.391336+00:00
[2024-01-17T05:12:30.111+0000] {standard_task_runner.py:57} INFO - Started process 29384 to run task
[2024-01-17T05:12:30.114+0000] {standard_task_runner.py:84} INFO - Running: ['***', 'tasks', 'run', 'Stream_Data_5', 'Reddit', 'scheduled__2024-01-17T05:11:21.391336+00:00', '--job-id', '366', '--raw', '--subdir', 'DAGS_FOLDER/kafka_stream_5.py', '--cfg-path', '/tmp/tmpve42lr26']
[2024-01-17T05:12:30.115+0000] {standard_task_runner.py:85} INFO - Job 366: Subtask Reddit
[2024-01-17T05:12:30.153+0000] {task_command.py:415} INFO - Running <TaskInstance: Stream_Data_5.Reddit scheduled__2024-01-17T05:11:21.391336+00:00 [running]> on host 614a419ad930
[2024-01-17T05:12:30.214+0000] {taskinstance.py:1660} INFO - Exporting env vars: AIRFLOW_CTX_DAG_OWNER='me' AIRFLOW_CTX_DAG_ID='Stream_Data_5' AIRFLOW_CTX_TASK_ID='Reddit' AIRFLOW_CTX_EXECUTION_DATE='2024-01-17T05:11:21.391336+00:00' AIRFLOW_CTX_TRY_NUMBER='1' AIRFLOW_CTX_DAG_RUN_ID='scheduled__2024-01-17T05:11:21.391336+00:00'
[2024-01-17T05:12:30.240+0000] {logging_mixin.py:151} INFO -  submission : 
[2024-01-17T05:12:31.118+0000] {logging_mixin.py:151} INFO - @True
[2024-01-17T05:12:31.120+0000] {conn.py:380} INFO - <BrokerConnection node_id=bootstrap-0 host=broker:29092 <connecting> [IPv4 ('192.168.224.8', 29092)]>: connecting to broker:29092 [('192.168.224.8', 29092) IPv4]
[2024-01-17T05:12:31.120+0000] {conn.py:1205} INFO - Probing node bootstrap-0 broker version
[2024-01-17T05:12:31.121+0000] {conn.py:410} INFO - <BrokerConnection node_id=bootstrap-0 host=broker:29092 <connecting> [IPv4 ('192.168.224.8', 29092)]>: Connection complete.
[2024-01-17T05:12:31.224+0000] {conn.py:1267} INFO - Broker version identified as 2.5.0
[2024-01-17T05:12:31.224+0000] {conn.py:1268} INFO - Set configuration api_version=(2, 5, 0) to skip auto check_version requests on startup
[2024-01-17T05:12:31.227+0000] {logging_mixin.py:151} INFO - #False
[2024-01-17T05:12:31.227+0000] {logging_mixin.py:151} INFO - #False
[2024-01-17T05:12:31.228+0000] {logging_mixin.py:151} INFO - #False
[2024-01-17T05:12:31.228+0000] {logging_mixin.py:151} INFO - #False
[2024-01-17T05:12:31.228+0000] {logging_mixin.py:151} INFO - #False
[2024-01-17T05:12:31.228+0000] {logging_mixin.py:151} INFO - #False
[2024-01-17T05:12:31.228+0000] {logging_mixin.py:151} INFO - #False
[2024-01-17T05:12:31.228+0000] {logging_mixin.py:151} INFO - #False
[2024-01-17T05:12:31.228+0000] {logging_mixin.py:151} INFO - #False
[2024-01-17T05:12:31.228+0000] {logging_mixin.py:151} INFO - #False
[2024-01-17T05:12:31.228+0000] {logging_mixin.py:151} INFO - #False
[2024-01-17T05:12:31.228+0000] {logging_mixin.py:151} INFO - #False
[2024-01-17T05:12:31.228+0000] {logging_mixin.py:151} INFO - #False
[2024-01-17T05:12:31.228+0000] {logging_mixin.py:151} INFO - #False
[2024-01-17T05:12:31.228+0000] {logging_mixin.py:151} INFO - #False
[2024-01-17T05:12:31.228+0000] {logging_mixin.py:151} INFO - #False
[2024-01-17T05:12:31.229+0000] {logging_mixin.py:151} INFO - #False
[2024-01-17T05:12:31.229+0000] {logging_mixin.py:151} INFO - #False
[2024-01-17T05:12:31.229+0000] {logging_mixin.py:151} INFO - #False
[2024-01-17T05:12:31.229+0000] {logging_mixin.py:151} INFO - #False
[2024-01-17T05:12:31.229+0000] {logging_mixin.py:151} INFO - #False
[2024-01-17T05:12:31.229+0000] {logging_mixin.py:151} INFO - #False
[2024-01-17T05:12:31.229+0000] {logging_mixin.py:151} INFO - #False
[2024-01-17T05:12:31.229+0000] {logging_mixin.py:151} INFO - #False
[2024-01-17T05:12:31.229+0000] {logging_mixin.py:151} INFO - #False
[2024-01-17T05:12:31.229+0000] {logging_mixin.py:151} INFO - #False
[2024-01-17T05:12:31.229+0000] {logging_mixin.py:151} INFO - #False
[2024-01-17T05:12:31.229+0000] {logging_mixin.py:151} INFO - #False
[2024-01-17T05:12:31.229+0000] {logging_mixin.py:151} INFO - #False
[2024-01-17T05:12:31.229+0000] {logging_mixin.py:151} INFO -  submission : 
[2024-01-17T05:12:31.230+0000] {conn.py:380} INFO - <BrokerConnection node_id=1 host=broker:29092 <connecting> [IPv4 ('192.168.224.8', 29092)]>: connecting to broker:29092 [('192.168.224.8', 29092) IPv4]
[2024-01-17T05:12:31.231+0000] {conn.py:410} INFO - <BrokerConnection node_id=1 host=broker:29092 <connecting> [IPv4 ('192.168.224.8', 29092)]>: Connection complete.
[2024-01-17T05:12:31.231+0000] {conn.py:919} INFO - <BrokerConnection node_id=bootstrap-0 host=broker:29092 <connected> [IPv4 ('192.168.224.8', 29092)]>: Closing connection. 
[2024-01-17T05:12:31.879+0000] {logging_mixin.py:151} INFO - #False
[2024-01-17T05:12:31.879+0000] {logging_mixin.py:151} INFO - #False
[2024-01-17T05:12:31.879+0000] {logging_mixin.py:151} INFO - #False
[2024-01-17T05:12:31.880+0000] {logging_mixin.py:151} INFO - #False
[2024-01-17T05:12:31.880+0000] {logging_mixin.py:151} INFO - #False
[2024-01-17T05:12:31.880+0000] {logging_mixin.py:151} INFO - #False
[2024-01-17T05:12:31.880+0000] {logging_mixin.py:151} INFO - #False
[2024-01-17T05:12:31.880+0000] {logging_mixin.py:151} INFO - #False
[2024-01-17T05:12:31.880+0000] {logging_mixin.py:151} INFO - #False
[2024-01-17T05:12:31.880+0000] {logging_mixin.py:151} INFO - #False
[2024-01-17T05:12:31.880+0000] {logging_mixin.py:151} INFO - #False
[2024-01-17T05:12:31.880+0000] {logging_mixin.py:151} INFO - #False
[2024-01-17T05:12:31.880+0000] {logging_mixin.py:151} INFO - #False
[2024-01-17T05:12:31.880+0000] {logging_mixin.py:151} INFO - #False
[2024-01-17T05:12:31.880+0000] {logging_mixin.py:151} INFO - #False
[2024-01-17T05:12:31.880+0000] {logging_mixin.py:151} INFO - #False
[2024-01-17T05:12:31.880+0000] {logging_mixin.py:151} INFO - #False
[2024-01-17T05:12:31.880+0000] {logging_mixin.py:151} INFO - #False
[2024-01-17T05:12:31.880+0000] {logging_mixin.py:151} INFO - #False
[2024-01-17T05:12:31.881+0000] {logging_mixin.py:151} INFO - #False
[2024-01-17T05:12:31.881+0000] {logging_mixin.py:151} INFO - #False
[2024-01-17T05:12:31.881+0000] {logging_mixin.py:151} INFO - #False
[2024-01-17T05:12:31.881+0000] {logging_mixin.py:151} INFO - #False
[2024-01-17T05:12:31.881+0000] {logging_mixin.py:151} INFO - #False
[2024-01-17T05:12:31.881+0000] {logging_mixin.py:151} INFO - #False
[2024-01-17T05:12:31.881+0000] {logging_mixin.py:151} INFO - #False
[2024-01-17T05:12:31.881+0000] {logging_mixin.py:151} INFO - #False
[2024-01-17T05:12:31.881+0000] {logging_mixin.py:151} INFO - #False
[2024-01-17T05:12:31.881+0000] {logging_mixin.py:151} INFO - #False
[2024-01-17T05:12:31.881+0000] {logging_mixin.py:151} INFO - #False
[2024-01-17T05:12:31.881+0000] {logging_mixin.py:151} INFO -  submission : 
[2024-01-17T05:12:32.486+0000] {logging_mixin.py:151} INFO - #False
[2024-01-17T05:12:32.486+0000] {logging_mixin.py:151} INFO - #False
[2024-01-17T05:12:32.486+0000] {logging_mixin.py:151} INFO - #False
[2024-01-17T05:12:32.486+0000] {logging_mixin.py:151} INFO - #False
[2024-01-17T05:12:32.486+0000] {logging_mixin.py:151} INFO - #False
[2024-01-17T05:12:32.486+0000] {logging_mixin.py:151} INFO - #False
[2024-01-17T05:12:32.486+0000] {logging_mixin.py:151} INFO - #False
[2024-01-17T05:12:32.486+0000] {logging_mixin.py:151} INFO - #False
[2024-01-17T05:12:32.486+0000] {logging_mixin.py:151} INFO - #False
[2024-01-17T05:12:32.486+0000] {logging_mixin.py:151} INFO - #False
[2024-01-17T05:12:32.486+0000] {logging_mixin.py:151} INFO - #False
[2024-01-17T05:12:32.486+0000] {logging_mixin.py:151} INFO - #False
[2024-01-17T05:12:32.486+0000] {logging_mixin.py:151} INFO - #False
[2024-01-17T05:12:32.486+0000] {logging_mixin.py:151} INFO - #False
[2024-01-17T05:12:32.486+0000] {logging_mixin.py:151} INFO - #False
[2024-01-17T05:12:32.486+0000] {logging_mixin.py:151} INFO - #False
[2024-01-17T05:12:32.486+0000] {logging_mixin.py:151} INFO - #False
[2024-01-17T05:12:32.486+0000] {logging_mixin.py:151} INFO - #False
[2024-01-17T05:12:32.487+0000] {logging_mixin.py:151} INFO - #False
[2024-01-17T05:12:32.487+0000] {logging_mixin.py:151} INFO - #False
[2024-01-17T05:12:32.487+0000] {logging_mixin.py:151} INFO - #False
[2024-01-17T05:12:32.487+0000] {logging_mixin.py:151} INFO - #False
[2024-01-17T05:12:32.487+0000] {logging_mixin.py:151} INFO - #False
[2024-01-17T05:12:32.487+0000] {logging_mixin.py:151} INFO - #False
[2024-01-17T05:12:32.487+0000] {logging_mixin.py:151} INFO - #False
[2024-01-17T05:12:32.487+0000] {logging_mixin.py:151} INFO - #False
[2024-01-17T05:12:32.487+0000] {logging_mixin.py:151} INFO - #False
[2024-01-17T05:12:32.487+0000] {logging_mixin.py:151} INFO - #False
[2024-01-17T05:12:32.487+0000] {logging_mixin.py:151} INFO - #False
[2024-01-17T05:12:32.487+0000] {logging_mixin.py:151} INFO - #False
[2024-01-17T05:12:32.487+0000] {logging_mixin.py:151} INFO -  submission : 
[2024-01-17T05:12:32.927+0000] {logging_mixin.py:151} INFO - #False
[2024-01-17T05:12:32.927+0000] {logging_mixin.py:151} INFO - #False
[2024-01-17T05:12:32.928+0000] {logging_mixin.py:151} INFO - #False
[2024-01-17T05:12:32.928+0000] {logging_mixin.py:151} INFO - #False
[2024-01-17T05:12:32.928+0000] {logging_mixin.py:151} INFO - #False
[2024-01-17T05:12:32.928+0000] {logging_mixin.py:151} INFO - #False
[2024-01-17T05:12:32.928+0000] {logging_mixin.py:151} INFO - #False
[2024-01-17T05:12:32.928+0000] {logging_mixin.py:151} INFO - #False
[2024-01-17T05:12:32.928+0000] {logging_mixin.py:151} INFO - #False
[2024-01-17T05:12:32.928+0000] {logging_mixin.py:151} INFO - #False
[2024-01-17T05:12:32.928+0000] {logging_mixin.py:151} INFO - #False
[2024-01-17T05:12:32.928+0000] {logging_mixin.py:151} INFO - #False
[2024-01-17T05:12:32.928+0000] {logging_mixin.py:151} INFO - #False
[2024-01-17T05:12:32.928+0000] {logging_mixin.py:151} INFO - #False
[2024-01-17T05:12:32.928+0000] {logging_mixin.py:151} INFO - #False
[2024-01-17T05:12:32.928+0000] {logging_mixin.py:151} INFO - #False
[2024-01-17T05:12:32.928+0000] {logging_mixin.py:151} INFO - #False
[2024-01-17T05:12:32.928+0000] {logging_mixin.py:151} INFO - #False
[2024-01-17T05:12:32.928+0000] {logging_mixin.py:151} INFO - #False
[2024-01-17T05:12:32.928+0000] {logging_mixin.py:151} INFO - #False
[2024-01-17T05:12:32.928+0000] {logging_mixin.py:151} INFO - #False
[2024-01-17T05:12:32.928+0000] {logging_mixin.py:151} INFO - #False
[2024-01-17T05:12:32.929+0000] {logging_mixin.py:151} INFO - #False
[2024-01-17T05:12:32.929+0000] {logging_mixin.py:151} INFO - #False
[2024-01-17T05:12:32.929+0000] {logging_mixin.py:151} INFO - #False
[2024-01-17T05:12:32.929+0000] {logging_mixin.py:151} INFO - #False
[2024-01-17T05:12:32.929+0000] {logging_mixin.py:151} INFO - #False
[2024-01-17T05:12:32.929+0000] {logging_mixin.py:151} INFO - #False
[2024-01-17T05:12:32.929+0000] {logging_mixin.py:151} INFO - #False
[2024-01-17T05:12:32.929+0000] {logging_mixin.py:151} INFO - #False
[2024-01-17T05:12:32.929+0000] {logging_mixin.py:151} INFO -  submission : 
[2024-01-17T05:12:33.417+0000] {logging_mixin.py:151} INFO - #False
[2024-01-17T05:12:33.417+0000] {logging_mixin.py:151} INFO - #False
[2024-01-17T05:12:33.417+0000] {logging_mixin.py:151} INFO - #False
[2024-01-17T05:12:33.417+0000] {logging_mixin.py:151} INFO - #False
[2024-01-17T05:12:33.417+0000] {logging_mixin.py:151} INFO - #False
[2024-01-17T05:12:33.417+0000] {logging_mixin.py:151} INFO - #False
[2024-01-17T05:12:33.417+0000] {logging_mixin.py:151} INFO - #False
[2024-01-17T05:12:33.417+0000] {logging_mixin.py:151} INFO - #False
[2024-01-17T05:12:33.417+0000] {logging_mixin.py:151} INFO - #False
[2024-01-17T05:12:33.417+0000] {logging_mixin.py:151} INFO - #False
[2024-01-17T05:12:33.417+0000] {logging_mixin.py:151} INFO - #False
[2024-01-17T05:12:33.417+0000] {logging_mixin.py:151} INFO - #False
[2024-01-17T05:12:33.417+0000] {logging_mixin.py:151} INFO - #False
[2024-01-17T05:12:33.418+0000] {logging_mixin.py:151} INFO - #False
[2024-01-17T05:12:33.418+0000] {logging_mixin.py:151} INFO - #False
[2024-01-17T05:12:33.418+0000] {logging_mixin.py:151} INFO - #False
[2024-01-17T05:12:33.418+0000] {logging_mixin.py:151} INFO - #False
[2024-01-17T05:12:33.418+0000] {logging_mixin.py:151} INFO - #False
[2024-01-17T05:12:33.418+0000] {logging_mixin.py:151} INFO - #False
[2024-01-17T05:12:33.418+0000] {logging_mixin.py:151} INFO - #False
[2024-01-17T05:12:33.418+0000] {logging_mixin.py:151} INFO - #False
[2024-01-17T05:12:33.418+0000] {logging_mixin.py:151} INFO - #False
[2024-01-17T05:12:33.418+0000] {logging_mixin.py:151} INFO - #False
[2024-01-17T05:12:33.418+0000] {logging_mixin.py:151} INFO - #False
[2024-01-17T05:12:33.418+0000] {logging_mixin.py:151} INFO - #False
[2024-01-17T05:12:33.418+0000] {logging_mixin.py:151} INFO - #False
[2024-01-17T05:12:33.418+0000] {logging_mixin.py:151} INFO - #False
[2024-01-17T05:12:33.418+0000] {logging_mixin.py:151} INFO - #False
[2024-01-17T05:12:33.418+0000] {logging_mixin.py:151} INFO - #False
[2024-01-17T05:12:33.418+0000] {logging_mixin.py:151} INFO - #False
[2024-01-17T05:12:33.418+0000] {logging_mixin.py:151} INFO -  submission : 
[2024-01-17T05:12:34.036+0000] {logging_mixin.py:151} INFO - #False
[2024-01-17T05:12:34.036+0000] {logging_mixin.py:151} INFO - #False
[2024-01-17T05:12:34.036+0000] {logging_mixin.py:151} INFO - #False
[2024-01-17T05:12:34.036+0000] {logging_mixin.py:151} INFO - #False
[2024-01-17T05:12:34.036+0000] {logging_mixin.py:151} INFO - #False
[2024-01-17T05:12:34.036+0000] {logging_mixin.py:151} INFO - #False
[2024-01-17T05:12:34.037+0000] {logging_mixin.py:151} INFO - #False
[2024-01-17T05:12:34.037+0000] {logging_mixin.py:151} INFO - #False
[2024-01-17T05:12:34.037+0000] {logging_mixin.py:151} INFO - #False
[2024-01-17T05:12:34.037+0000] {logging_mixin.py:151} INFO - #False
[2024-01-17T05:12:34.037+0000] {logging_mixin.py:151} INFO - #False
[2024-01-17T05:12:34.037+0000] {logging_mixin.py:151} INFO - #False
[2024-01-17T05:12:34.037+0000] {logging_mixin.py:151} INFO - #False
[2024-01-17T05:12:34.037+0000] {logging_mixin.py:151} INFO - #False
[2024-01-17T05:12:34.037+0000] {logging_mixin.py:151} INFO - #False
[2024-01-17T05:12:34.037+0000] {logging_mixin.py:151} INFO - #False
[2024-01-17T05:12:34.037+0000] {logging_mixin.py:151} INFO - #False
[2024-01-17T05:12:34.037+0000] {logging_mixin.py:151} INFO - #False
[2024-01-17T05:12:34.037+0000] {logging_mixin.py:151} INFO - #False
[2024-01-17T05:12:34.037+0000] {logging_mixin.py:151} INFO - #False
[2024-01-17T05:12:34.037+0000] {logging_mixin.py:151} INFO - #False
[2024-01-17T05:12:34.037+0000] {logging_mixin.py:151} INFO - #False
[2024-01-17T05:12:34.037+0000] {logging_mixin.py:151} INFO - #False
[2024-01-17T05:12:34.037+0000] {logging_mixin.py:151} INFO - #False
[2024-01-17T05:12:34.037+0000] {logging_mixin.py:151} INFO - #False
[2024-01-17T05:12:34.037+0000] {logging_mixin.py:151} INFO - #False
[2024-01-17T05:12:34.037+0000] {logging_mixin.py:151} INFO - #False
[2024-01-17T05:12:34.037+0000] {logging_mixin.py:151} INFO - #False
[2024-01-17T05:12:34.038+0000] {logging_mixin.py:151} INFO - #False
[2024-01-17T05:12:34.038+0000] {logging_mixin.py:151} INFO - #False
[2024-01-17T05:12:34.038+0000] {logging_mixin.py:151} INFO -  submission : 
[2024-01-17T05:12:34.583+0000] {logging_mixin.py:151} INFO - #False
[2024-01-17T05:12:34.583+0000] {logging_mixin.py:151} INFO - #False
[2024-01-17T05:12:34.584+0000] {logging_mixin.py:151} INFO - #False
[2024-01-17T05:12:34.584+0000] {logging_mixin.py:151} INFO - #False
[2024-01-17T05:12:34.584+0000] {logging_mixin.py:151} INFO - #False
[2024-01-17T05:12:34.584+0000] {logging_mixin.py:151} INFO - #False
[2024-01-17T05:12:34.584+0000] {logging_mixin.py:151} INFO - #False
[2024-01-17T05:12:34.584+0000] {logging_mixin.py:151} INFO - #False
[2024-01-17T05:12:34.584+0000] {logging_mixin.py:151} INFO - #False
[2024-01-17T05:12:34.584+0000] {logging_mixin.py:151} INFO - #False
[2024-01-17T05:12:34.584+0000] {logging_mixin.py:151} INFO - #False
[2024-01-17T05:12:34.584+0000] {logging_mixin.py:151} INFO - #False
[2024-01-17T05:12:34.584+0000] {logging_mixin.py:151} INFO - #False
[2024-01-17T05:12:34.584+0000] {logging_mixin.py:151} INFO - #False
[2024-01-17T05:12:34.584+0000] {logging_mixin.py:151} INFO - #False
[2024-01-17T05:12:34.584+0000] {logging_mixin.py:151} INFO - #False
[2024-01-17T05:12:34.584+0000] {logging_mixin.py:151} INFO - #False
[2024-01-17T05:12:34.584+0000] {logging_mixin.py:151} INFO - #False
[2024-01-17T05:12:34.584+0000] {logging_mixin.py:151} INFO - #False
[2024-01-17T05:12:34.584+0000] {logging_mixin.py:151} INFO - #False
[2024-01-17T05:12:34.584+0000] {logging_mixin.py:151} INFO - #False
[2024-01-17T05:12:34.585+0000] {logging_mixin.py:151} INFO - #False
[2024-01-17T05:12:34.585+0000] {logging_mixin.py:151} INFO - #False
[2024-01-17T05:12:34.585+0000] {logging_mixin.py:151} INFO - #False
[2024-01-17T05:12:34.585+0000] {logging_mixin.py:151} INFO - #False
[2024-01-17T05:12:34.585+0000] {logging_mixin.py:151} INFO - #False
[2024-01-17T05:12:34.585+0000] {logging_mixin.py:151} INFO - #False
[2024-01-17T05:12:34.585+0000] {logging_mixin.py:151} INFO - #False
[2024-01-17T05:12:34.585+0000] {logging_mixin.py:151} INFO - #False
[2024-01-17T05:12:34.585+0000] {logging_mixin.py:151} INFO - #False
[2024-01-17T05:12:34.585+0000] {logging_mixin.py:151} INFO -  submission : 
[2024-01-17T05:12:35.207+0000] {logging_mixin.py:151} INFO - #False
[2024-01-17T05:12:35.207+0000] {logging_mixin.py:151} INFO - #False
[2024-01-17T05:12:35.207+0000] {logging_mixin.py:151} INFO - #False
[2024-01-17T05:12:35.207+0000] {logging_mixin.py:151} INFO - #False
[2024-01-17T05:12:35.207+0000] {logging_mixin.py:151} INFO - #False
[2024-01-17T05:12:35.207+0000] {logging_mixin.py:151} INFO - #False
[2024-01-17T05:12:35.207+0000] {logging_mixin.py:151} INFO - #False
[2024-01-17T05:12:35.208+0000] {logging_mixin.py:151} INFO - #False
[2024-01-17T05:12:35.208+0000] {logging_mixin.py:151} INFO - #False
[2024-01-17T05:12:35.208+0000] {logging_mixin.py:151} INFO - #False
[2024-01-17T05:12:35.208+0000] {logging_mixin.py:151} INFO - #False
[2024-01-17T05:12:35.208+0000] {logging_mixin.py:151} INFO - #False
[2024-01-17T05:12:35.208+0000] {logging_mixin.py:151} INFO - #False
[2024-01-17T05:12:35.208+0000] {logging_mixin.py:151} INFO - #False
[2024-01-17T05:12:35.208+0000] {logging_mixin.py:151} INFO - #False
[2024-01-17T05:12:35.208+0000] {logging_mixin.py:151} INFO - #False
[2024-01-17T05:12:35.208+0000] {logging_mixin.py:151} INFO - #False
[2024-01-17T05:12:35.208+0000] {logging_mixin.py:151} INFO - #False
[2024-01-17T05:12:35.208+0000] {logging_mixin.py:151} INFO - #False
[2024-01-17T05:12:35.208+0000] {logging_mixin.py:151} INFO - #False
[2024-01-17T05:12:35.208+0000] {logging_mixin.py:151} INFO - #False
[2024-01-17T05:12:35.208+0000] {logging_mixin.py:151} INFO - #False
[2024-01-17T05:12:35.208+0000] {logging_mixin.py:151} INFO - #False
[2024-01-17T05:12:35.208+0000] {logging_mixin.py:151} INFO - #False
[2024-01-17T05:12:35.208+0000] {logging_mixin.py:151} INFO - #False
[2024-01-17T05:12:35.208+0000] {logging_mixin.py:151} INFO - #False
[2024-01-17T05:12:35.208+0000] {logging_mixin.py:151} INFO - #False
[2024-01-17T05:12:35.208+0000] {logging_mixin.py:151} INFO - #False
[2024-01-17T05:12:35.208+0000] {logging_mixin.py:151} INFO - #False
[2024-01-17T05:12:35.208+0000] {logging_mixin.py:151} INFO - #False
[2024-01-17T05:12:35.209+0000] {conn.py:919} INFO - <BrokerConnection node_id=1 host=broker:29092 <connected> [IPv4 ('192.168.224.8', 29092)]>: Closing connection. 
[2024-01-17T05:12:35.209+0000] {python.py:194} INFO - Done. Returned value was: None
[2024-01-17T05:12:35.217+0000] {taskinstance.py:1400} INFO - Marking task as SUCCESS. dag_id=Stream_Data_5, task_id=Reddit, execution_date=20240117T051121, start_date=20240117T051230, end_date=20240117T051235
[2024-01-17T05:12:35.320+0000] {local_task_job_runner.py:228} INFO - Task exited with return code 0
[2024-01-17T05:12:35.332+0000] {taskinstance.py:2784} INFO - 0 downstream tasks scheduled from follow-on schedule check
