[2024-01-17T23:26:13.569+0000] {taskinstance.py:1159} INFO - Dependencies all met for dep_context=non-requeueable deps ti=<TaskInstance: Stream_Data_1.Reddit scheduled__2024-01-17T23:25:06.166129+00:00 [queued]>
[2024-01-17T23:26:13.576+0000] {taskinstance.py:1159} INFO - Dependencies all met for dep_context=requeueable deps ti=<TaskInstance: Stream_Data_1.Reddit scheduled__2024-01-17T23:25:06.166129+00:00 [queued]>
[2024-01-17T23:26:13.576+0000] {taskinstance.py:1361} INFO - Starting attempt 1 of 1
[2024-01-17T23:26:13.587+0000] {taskinstance.py:1382} INFO - Executing <Task(PythonOperator): Reddit> on 2024-01-17 23:25:06.166129+00:00
[2024-01-17T23:26:13.590+0000] {standard_task_runner.py:57} INFO - Started process 10608 to run task
[2024-01-17T23:26:13.593+0000] {standard_task_runner.py:84} INFO - Running: ['***', 'tasks', 'run', 'Stream_Data_1', 'Reddit', 'scheduled__2024-01-17T23:25:06.166129+00:00', '--job-id', '1410', '--raw', '--subdir', 'DAGS_FOLDER/kafka_stream.py', '--cfg-path', '/tmp/tmprs80vhq8']
[2024-01-17T23:26:13.594+0000] {standard_task_runner.py:85} INFO - Job 1410: Subtask Reddit
[2024-01-17T23:26:13.647+0000] {task_command.py:415} INFO - Running <TaskInstance: Stream_Data_1.Reddit scheduled__2024-01-17T23:25:06.166129+00:00 [running]> on host 614a419ad930
[2024-01-17T23:26:13.723+0000] {taskinstance.py:1660} INFO - Exporting env vars: AIRFLOW_CTX_DAG_OWNER='me' AIRFLOW_CTX_DAG_ID='Stream_Data_1' AIRFLOW_CTX_TASK_ID='Reddit' AIRFLOW_CTX_EXECUTION_DATE='2024-01-17T23:25:06.166129+00:00' AIRFLOW_CTX_TRY_NUMBER='1' AIRFLOW_CTX_DAG_RUN_ID='scheduled__2024-01-17T23:25:06.166129+00:00'
[2024-01-17T23:26:13.812+0000] {logging_mixin.py:151} INFO -  submission : 
[2024-01-17T23:26:14.926+0000] {logging_mixin.py:151} INFO - #False
[2024-01-17T23:26:14.927+0000] {logging_mixin.py:151} INFO - #False
[2024-01-17T23:26:14.927+0000] {logging_mixin.py:151} INFO - #False
[2024-01-17T23:26:14.927+0000] {logging_mixin.py:151} INFO - #False
[2024-01-17T23:26:14.927+0000] {logging_mixin.py:151} INFO - #False
[2024-01-17T23:26:14.927+0000] {logging_mixin.py:151} INFO - #False
[2024-01-17T23:26:14.927+0000] {logging_mixin.py:151} INFO - #False
[2024-01-17T23:26:14.927+0000] {logging_mixin.py:151} INFO - #False
[2024-01-17T23:26:14.927+0000] {logging_mixin.py:151} INFO - #False
[2024-01-17T23:26:14.927+0000] {logging_mixin.py:151} INFO - #False
[2024-01-17T23:26:14.927+0000] {logging_mixin.py:151} INFO - #False
[2024-01-17T23:26:14.927+0000] {logging_mixin.py:151} INFO - #False
[2024-01-17T23:26:14.927+0000] {logging_mixin.py:151} INFO - #False
[2024-01-17T23:26:14.928+0000] {logging_mixin.py:151} INFO - #False
[2024-01-17T23:26:14.928+0000] {logging_mixin.py:151} INFO - #False
[2024-01-17T23:26:14.928+0000] {logging_mixin.py:151} INFO - #False
[2024-01-17T23:26:14.928+0000] {logging_mixin.py:151} INFO - #False
[2024-01-17T23:26:14.928+0000] {logging_mixin.py:151} INFO - #False
[2024-01-17T23:26:14.928+0000] {logging_mixin.py:151} INFO - #False
[2024-01-17T23:26:14.928+0000] {logging_mixin.py:151} INFO - #False
[2024-01-17T23:26:14.928+0000] {logging_mixin.py:151} INFO - #False
[2024-01-17T23:26:14.928+0000] {logging_mixin.py:151} INFO - #False
[2024-01-17T23:26:14.928+0000] {logging_mixin.py:151} INFO - #False
[2024-01-17T23:26:14.928+0000] {logging_mixin.py:151} INFO - #False
[2024-01-17T23:26:14.928+0000] {logging_mixin.py:151} INFO - #False
[2024-01-17T23:26:14.928+0000] {logging_mixin.py:151} INFO - #False
[2024-01-17T23:26:14.928+0000] {logging_mixin.py:151} INFO - #False
[2024-01-17T23:26:14.928+0000] {logging_mixin.py:151} INFO - #False
[2024-01-17T23:26:14.928+0000] {logging_mixin.py:151} INFO - #False
[2024-01-17T23:26:14.928+0000] {logging_mixin.py:151} INFO - #False
[2024-01-17T23:26:14.929+0000] {logging_mixin.py:151} INFO -  submission : 
[2024-01-17T23:26:15.763+0000] {logging_mixin.py:151} INFO - @True
[2024-01-17T23:26:15.766+0000] {conn.py:380} INFO - <BrokerConnection node_id=bootstrap-0 host=broker:29092 <connecting> [IPv4 ('192.168.224.8', 29092)]>: connecting to broker:29092 [('192.168.224.8', 29092) IPv4]
[2024-01-17T23:26:15.767+0000] {conn.py:1205} INFO - Probing node bootstrap-0 broker version
[2024-01-17T23:26:15.767+0000] {conn.py:410} INFO - <BrokerConnection node_id=bootstrap-0 host=broker:29092 <connecting> [IPv4 ('192.168.224.8', 29092)]>: Connection complete.
[2024-01-17T23:26:15.870+0000] {conn.py:1267} INFO - Broker version identified as 2.5.0
[2024-01-17T23:26:15.870+0000] {conn.py:1268} INFO - Set configuration api_version=(2, 5, 0) to skip auto check_version requests on startup
[2024-01-17T23:26:15.876+0000] {logging_mixin.py:151} INFO - #False
[2024-01-17T23:26:15.876+0000] {logging_mixin.py:151} INFO - #False
[2024-01-17T23:26:15.877+0000] {logging_mixin.py:151} INFO - #False
[2024-01-17T23:26:15.877+0000] {logging_mixin.py:151} INFO - #False
[2024-01-17T23:26:15.877+0000] {logging_mixin.py:151} INFO - #False
[2024-01-17T23:26:15.877+0000] {logging_mixin.py:151} INFO - #False
[2024-01-17T23:26:15.877+0000] {logging_mixin.py:151} INFO - #False
[2024-01-17T23:26:15.877+0000] {logging_mixin.py:151} INFO - #False
[2024-01-17T23:26:15.877+0000] {logging_mixin.py:151} INFO - #False
[2024-01-17T23:26:15.877+0000] {logging_mixin.py:151} INFO - #False
[2024-01-17T23:26:15.878+0000] {logging_mixin.py:151} INFO - #False
[2024-01-17T23:26:15.878+0000] {logging_mixin.py:151} INFO - #False
[2024-01-17T23:26:15.878+0000] {logging_mixin.py:151} INFO - #False
[2024-01-17T23:26:15.878+0000] {logging_mixin.py:151} INFO - #False
[2024-01-17T23:26:15.878+0000] {logging_mixin.py:151} INFO - #False
[2024-01-17T23:26:15.878+0000] {logging_mixin.py:151} INFO - #False
[2024-01-17T23:26:15.878+0000] {logging_mixin.py:151} INFO - #False
[2024-01-17T23:26:15.878+0000] {logging_mixin.py:151} INFO - #False
[2024-01-17T23:26:15.879+0000] {logging_mixin.py:151} INFO - #False
[2024-01-17T23:26:15.879+0000] {logging_mixin.py:151} INFO - #False
[2024-01-17T23:26:15.879+0000] {logging_mixin.py:151} INFO - #False
[2024-01-17T23:26:15.879+0000] {logging_mixin.py:151} INFO - #False
[2024-01-17T23:26:15.879+0000] {logging_mixin.py:151} INFO - #False
[2024-01-17T23:26:15.879+0000] {logging_mixin.py:151} INFO - #False
[2024-01-17T23:26:15.879+0000] {logging_mixin.py:151} INFO - #False
[2024-01-17T23:26:15.879+0000] {logging_mixin.py:151} INFO - #False
[2024-01-17T23:26:15.879+0000] {logging_mixin.py:151} INFO - #False
[2024-01-17T23:26:15.880+0000] {logging_mixin.py:151} INFO - #False
[2024-01-17T23:26:15.880+0000] {logging_mixin.py:151} INFO - #False
[2024-01-17T23:26:15.880+0000] {logging_mixin.py:151} INFO -  submission : 
[2024-01-17T23:26:15.882+0000] {conn.py:380} INFO - <BrokerConnection node_id=1 host=broker:29092 <connecting> [IPv4 ('192.168.224.8', 29092)]>: connecting to broker:29092 [('192.168.224.8', 29092) IPv4]
[2024-01-17T23:26:15.882+0000] {conn.py:410} INFO - <BrokerConnection node_id=1 host=broker:29092 <connecting> [IPv4 ('192.168.224.8', 29092)]>: Connection complete.
[2024-01-17T23:26:15.883+0000] {conn.py:919} INFO - <BrokerConnection node_id=bootstrap-0 host=broker:29092 <connected> [IPv4 ('192.168.224.8', 29092)]>: Closing connection. 
[2024-01-17T23:26:16.405+0000] {logging_mixin.py:151} INFO - #False
[2024-01-17T23:26:16.406+0000] {logging_mixin.py:151} INFO - #False
[2024-01-17T23:26:16.406+0000] {logging_mixin.py:151} INFO - #False
[2024-01-17T23:26:16.406+0000] {logging_mixin.py:151} INFO - #False
[2024-01-17T23:26:16.406+0000] {logging_mixin.py:151} INFO - #False
[2024-01-17T23:26:16.406+0000] {logging_mixin.py:151} INFO - #False
[2024-01-17T23:26:16.406+0000] {logging_mixin.py:151} INFO - #False
[2024-01-17T23:26:16.406+0000] {logging_mixin.py:151} INFO - #False
[2024-01-17T23:26:16.406+0000] {logging_mixin.py:151} INFO - #False
[2024-01-17T23:26:16.406+0000] {logging_mixin.py:151} INFO - #False
[2024-01-17T23:26:16.406+0000] {logging_mixin.py:151} INFO - #False
[2024-01-17T23:26:16.406+0000] {logging_mixin.py:151} INFO - #False
[2024-01-17T23:26:16.406+0000] {logging_mixin.py:151} INFO - #False
[2024-01-17T23:26:16.406+0000] {logging_mixin.py:151} INFO - #False
[2024-01-17T23:26:16.406+0000] {logging_mixin.py:151} INFO - #False
[2024-01-17T23:26:16.406+0000] {logging_mixin.py:151} INFO - #False
[2024-01-17T23:26:16.406+0000] {logging_mixin.py:151} INFO - #False
[2024-01-17T23:26:16.406+0000] {logging_mixin.py:151} INFO - #False
[2024-01-17T23:26:16.406+0000] {logging_mixin.py:151} INFO - #False
[2024-01-17T23:26:16.407+0000] {logging_mixin.py:151} INFO - #False
[2024-01-17T23:26:16.407+0000] {logging_mixin.py:151} INFO - #False
[2024-01-17T23:26:16.407+0000] {logging_mixin.py:151} INFO - #False
[2024-01-17T23:26:16.407+0000] {logging_mixin.py:151} INFO - #False
[2024-01-17T23:26:16.407+0000] {logging_mixin.py:151} INFO - #False
[2024-01-17T23:26:16.407+0000] {logging_mixin.py:151} INFO - #False
[2024-01-17T23:26:16.407+0000] {logging_mixin.py:151} INFO - #False
[2024-01-17T23:26:16.407+0000] {logging_mixin.py:151} INFO - #False
[2024-01-17T23:26:16.407+0000] {logging_mixin.py:151} INFO - #False
[2024-01-17T23:26:16.407+0000] {logging_mixin.py:151} INFO - #False
[2024-01-17T23:26:16.407+0000] {logging_mixin.py:151} INFO - #False
[2024-01-17T23:26:16.407+0000] {logging_mixin.py:151} INFO -  submission : 
[2024-01-17T23:26:16.913+0000] {logging_mixin.py:151} INFO - #False
[2024-01-17T23:26:16.913+0000] {logging_mixin.py:151} INFO - #False
[2024-01-17T23:26:16.914+0000] {logging_mixin.py:151} INFO - #False
[2024-01-17T23:26:16.914+0000] {logging_mixin.py:151} INFO - #False
[2024-01-17T23:26:16.914+0000] {logging_mixin.py:151} INFO - #False
[2024-01-17T23:26:16.914+0000] {logging_mixin.py:151} INFO - #False
[2024-01-17T23:26:16.914+0000] {logging_mixin.py:151} INFO - #False
[2024-01-17T23:26:16.914+0000] {logging_mixin.py:151} INFO - #False
[2024-01-17T23:26:16.914+0000] {logging_mixin.py:151} INFO - #False
[2024-01-17T23:26:16.914+0000] {logging_mixin.py:151} INFO - #False
[2024-01-17T23:26:16.914+0000] {logging_mixin.py:151} INFO - #False
[2024-01-17T23:26:16.914+0000] {logging_mixin.py:151} INFO - #False
[2024-01-17T23:26:16.914+0000] {logging_mixin.py:151} INFO - #False
[2024-01-17T23:26:16.914+0000] {logging_mixin.py:151} INFO - #False
[2024-01-17T23:26:16.914+0000] {logging_mixin.py:151} INFO - #False
[2024-01-17T23:26:16.914+0000] {logging_mixin.py:151} INFO - #False
[2024-01-17T23:26:16.915+0000] {logging_mixin.py:151} INFO - #False
[2024-01-17T23:26:16.915+0000] {logging_mixin.py:151} INFO - #False
[2024-01-17T23:26:16.915+0000] {logging_mixin.py:151} INFO - #False
[2024-01-17T23:26:16.915+0000] {logging_mixin.py:151} INFO - #False
[2024-01-17T23:26:16.915+0000] {logging_mixin.py:151} INFO - #False
[2024-01-17T23:26:16.915+0000] {logging_mixin.py:151} INFO - #False
[2024-01-17T23:26:16.915+0000] {logging_mixin.py:151} INFO - #False
[2024-01-17T23:26:16.915+0000] {logging_mixin.py:151} INFO - #False
[2024-01-17T23:26:16.915+0000] {logging_mixin.py:151} INFO - #False
[2024-01-17T23:26:16.915+0000] {logging_mixin.py:151} INFO - #False
[2024-01-17T23:26:16.915+0000] {logging_mixin.py:151} INFO - #False
[2024-01-17T23:26:16.915+0000] {logging_mixin.py:151} INFO - #False
[2024-01-17T23:26:16.915+0000] {logging_mixin.py:151} INFO - #False
[2024-01-17T23:26:16.915+0000] {logging_mixin.py:151} INFO - #False
[2024-01-17T23:26:16.915+0000] {logging_mixin.py:151} INFO -  submission : 
[2024-01-17T23:26:17.677+0000] {logging_mixin.py:151} INFO - #False
[2024-01-17T23:26:17.678+0000] {logging_mixin.py:151} INFO - #False
[2024-01-17T23:26:17.678+0000] {logging_mixin.py:151} INFO - #False
[2024-01-17T23:26:17.678+0000] {logging_mixin.py:151} INFO - #False
[2024-01-17T23:26:17.678+0000] {logging_mixin.py:151} INFO - #False
[2024-01-17T23:26:17.678+0000] {logging_mixin.py:151} INFO - #False
[2024-01-17T23:26:17.678+0000] {logging_mixin.py:151} INFO - #False
[2024-01-17T23:26:17.678+0000] {logging_mixin.py:151} INFO - #False
[2024-01-17T23:26:17.678+0000] {logging_mixin.py:151} INFO - #False
[2024-01-17T23:26:17.678+0000] {logging_mixin.py:151} INFO - #False
[2024-01-17T23:26:17.678+0000] {logging_mixin.py:151} INFO - #False
[2024-01-17T23:26:17.678+0000] {logging_mixin.py:151} INFO - #False
[2024-01-17T23:26:17.678+0000] {logging_mixin.py:151} INFO - #False
[2024-01-17T23:26:17.678+0000] {logging_mixin.py:151} INFO - #False
[2024-01-17T23:26:17.678+0000] {logging_mixin.py:151} INFO - #False
[2024-01-17T23:26:17.678+0000] {logging_mixin.py:151} INFO - #False
[2024-01-17T23:26:17.678+0000] {logging_mixin.py:151} INFO - #False
[2024-01-17T23:26:17.679+0000] {logging_mixin.py:151} INFO - #False
[2024-01-17T23:26:17.679+0000] {logging_mixin.py:151} INFO - #False
[2024-01-17T23:26:17.679+0000] {logging_mixin.py:151} INFO - #False
[2024-01-17T23:26:17.679+0000] {logging_mixin.py:151} INFO - #False
[2024-01-17T23:26:17.679+0000] {logging_mixin.py:151} INFO - #False
[2024-01-17T23:26:17.679+0000] {logging_mixin.py:151} INFO - #False
[2024-01-17T23:26:17.679+0000] {logging_mixin.py:151} INFO - #False
[2024-01-17T23:26:17.679+0000] {logging_mixin.py:151} INFO - #False
[2024-01-17T23:26:17.679+0000] {logging_mixin.py:151} INFO - #False
[2024-01-17T23:26:17.679+0000] {logging_mixin.py:151} INFO - #False
[2024-01-17T23:26:17.679+0000] {logging_mixin.py:151} INFO - #False
[2024-01-17T23:26:17.679+0000] {logging_mixin.py:151} INFO - #False
[2024-01-17T23:26:17.679+0000] {logging_mixin.py:151} INFO - #False
[2024-01-17T23:26:17.679+0000] {logging_mixin.py:151} INFO -  submission : 
[2024-01-17T23:26:18.244+0000] {logging_mixin.py:151} INFO - #False
[2024-01-17T23:26:18.244+0000] {logging_mixin.py:151} INFO - #False
[2024-01-17T23:26:18.244+0000] {logging_mixin.py:151} INFO - #False
[2024-01-17T23:26:18.245+0000] {logging_mixin.py:151} INFO - #False
[2024-01-17T23:26:18.245+0000] {logging_mixin.py:151} INFO - #False
[2024-01-17T23:26:18.245+0000] {logging_mixin.py:151} INFO - #False
[2024-01-17T23:26:18.245+0000] {logging_mixin.py:151} INFO - #False
[2024-01-17T23:26:18.245+0000] {logging_mixin.py:151} INFO - #False
[2024-01-17T23:26:18.245+0000] {logging_mixin.py:151} INFO - #False
[2024-01-17T23:26:18.245+0000] {logging_mixin.py:151} INFO - #False
[2024-01-17T23:26:18.245+0000] {logging_mixin.py:151} INFO - #False
[2024-01-17T23:26:18.245+0000] {logging_mixin.py:151} INFO - #False
[2024-01-17T23:26:18.245+0000] {logging_mixin.py:151} INFO - #False
[2024-01-17T23:26:18.245+0000] {logging_mixin.py:151} INFO - #False
[2024-01-17T23:26:18.245+0000] {logging_mixin.py:151} INFO - #False
[2024-01-17T23:26:18.245+0000] {logging_mixin.py:151} INFO - #False
[2024-01-17T23:26:18.245+0000] {logging_mixin.py:151} INFO - #False
[2024-01-17T23:26:18.245+0000] {logging_mixin.py:151} INFO - #False
[2024-01-17T23:26:18.245+0000] {logging_mixin.py:151} INFO - #False
[2024-01-17T23:26:18.245+0000] {logging_mixin.py:151} INFO - #False
[2024-01-17T23:26:18.245+0000] {logging_mixin.py:151} INFO - #False
[2024-01-17T23:26:18.245+0000] {logging_mixin.py:151} INFO - #False
[2024-01-17T23:26:18.245+0000] {logging_mixin.py:151} INFO - #False
[2024-01-17T23:26:18.246+0000] {logging_mixin.py:151} INFO - #False
[2024-01-17T23:26:18.246+0000] {logging_mixin.py:151} INFO - #False
[2024-01-17T23:26:18.246+0000] {logging_mixin.py:151} INFO - #False
[2024-01-17T23:26:18.246+0000] {logging_mixin.py:151} INFO - #False
[2024-01-17T23:26:18.246+0000] {logging_mixin.py:151} INFO - #False
[2024-01-17T23:26:18.246+0000] {logging_mixin.py:151} INFO - #False
[2024-01-17T23:26:18.246+0000] {logging_mixin.py:151} INFO - #False
[2024-01-17T23:26:18.246+0000] {logging_mixin.py:151} INFO -  submission : 
[2024-01-17T23:26:19.010+0000] {logging_mixin.py:151} INFO - #False
[2024-01-17T23:26:19.010+0000] {logging_mixin.py:151} INFO - #False
[2024-01-17T23:26:19.010+0000] {logging_mixin.py:151} INFO - #False
[2024-01-17T23:26:19.010+0000] {logging_mixin.py:151} INFO - #False
[2024-01-17T23:26:19.010+0000] {logging_mixin.py:151} INFO - #False
[2024-01-17T23:26:19.010+0000] {logging_mixin.py:151} INFO - #False
[2024-01-17T23:26:19.010+0000] {logging_mixin.py:151} INFO - #False
[2024-01-17T23:26:19.010+0000] {logging_mixin.py:151} INFO - #False
[2024-01-17T23:26:19.010+0000] {logging_mixin.py:151} INFO - #False
[2024-01-17T23:26:19.011+0000] {logging_mixin.py:151} INFO - #False
[2024-01-17T23:26:19.011+0000] {logging_mixin.py:151} INFO - #False
[2024-01-17T23:26:19.011+0000] {logging_mixin.py:151} INFO - #False
[2024-01-17T23:26:19.011+0000] {logging_mixin.py:151} INFO - #False
[2024-01-17T23:26:19.011+0000] {logging_mixin.py:151} INFO - #False
[2024-01-17T23:26:19.011+0000] {logging_mixin.py:151} INFO - #False
[2024-01-17T23:26:19.011+0000] {logging_mixin.py:151} INFO - #False
[2024-01-17T23:26:19.011+0000] {logging_mixin.py:151} INFO - #False
[2024-01-17T23:26:19.011+0000] {logging_mixin.py:151} INFO - #False
[2024-01-17T23:26:19.011+0000] {logging_mixin.py:151} INFO - #False
[2024-01-17T23:26:19.011+0000] {logging_mixin.py:151} INFO - #False
[2024-01-17T23:26:19.011+0000] {logging_mixin.py:151} INFO - #False
[2024-01-17T23:26:19.011+0000] {logging_mixin.py:151} INFO - #False
[2024-01-17T23:26:19.011+0000] {logging_mixin.py:151} INFO - #False
[2024-01-17T23:26:19.011+0000] {logging_mixin.py:151} INFO - #False
[2024-01-17T23:26:19.011+0000] {logging_mixin.py:151} INFO - #False
[2024-01-17T23:26:19.011+0000] {logging_mixin.py:151} INFO - #False
[2024-01-17T23:26:19.011+0000] {logging_mixin.py:151} INFO - #False
[2024-01-17T23:26:19.012+0000] {logging_mixin.py:151} INFO - #False
[2024-01-17T23:26:19.012+0000] {logging_mixin.py:151} INFO - #False
[2024-01-17T23:26:19.012+0000] {logging_mixin.py:151} INFO - #False
[2024-01-17T23:26:19.012+0000] {logging_mixin.py:151} INFO -  submission : 
[2024-01-17T23:26:19.822+0000] {logging_mixin.py:151} INFO - #False
[2024-01-17T23:26:19.822+0000] {logging_mixin.py:151} INFO - #False
[2024-01-17T23:26:19.822+0000] {logging_mixin.py:151} INFO - #False
[2024-01-17T23:26:19.822+0000] {logging_mixin.py:151} INFO - #False
[2024-01-17T23:26:19.823+0000] {logging_mixin.py:151} INFO - #False
[2024-01-17T23:26:19.823+0000] {logging_mixin.py:151} INFO - #False
[2024-01-17T23:26:19.823+0000] {logging_mixin.py:151} INFO - #False
[2024-01-17T23:26:19.823+0000] {logging_mixin.py:151} INFO - #False
[2024-01-17T23:26:19.823+0000] {logging_mixin.py:151} INFO - #False
[2024-01-17T23:26:19.823+0000] {logging_mixin.py:151} INFO - #False
[2024-01-17T23:26:19.823+0000] {logging_mixin.py:151} INFO - #False
[2024-01-17T23:26:19.823+0000] {logging_mixin.py:151} INFO - #False
[2024-01-17T23:26:19.823+0000] {logging_mixin.py:151} INFO - #False
[2024-01-17T23:26:19.823+0000] {logging_mixin.py:151} INFO - #False
[2024-01-17T23:26:19.823+0000] {logging_mixin.py:151} INFO - #False
[2024-01-17T23:26:19.823+0000] {logging_mixin.py:151} INFO - #False
[2024-01-17T23:26:19.823+0000] {logging_mixin.py:151} INFO - #False
[2024-01-17T23:26:19.823+0000] {logging_mixin.py:151} INFO - #False
[2024-01-17T23:26:19.823+0000] {logging_mixin.py:151} INFO - #False
[2024-01-17T23:26:19.823+0000] {logging_mixin.py:151} INFO - #False
[2024-01-17T23:26:19.823+0000] {logging_mixin.py:151} INFO - #False
[2024-01-17T23:26:19.823+0000] {logging_mixin.py:151} INFO - #False
[2024-01-17T23:26:19.823+0000] {logging_mixin.py:151} INFO - #False
[2024-01-17T23:26:19.823+0000] {logging_mixin.py:151} INFO - #False
[2024-01-17T23:26:19.823+0000] {logging_mixin.py:151} INFO - #False
[2024-01-17T23:26:19.824+0000] {logging_mixin.py:151} INFO - #False
[2024-01-17T23:26:19.824+0000] {logging_mixin.py:151} INFO - #False
[2024-01-17T23:26:19.824+0000] {logging_mixin.py:151} INFO - #False
[2024-01-17T23:26:19.824+0000] {logging_mixin.py:151} INFO - #False
[2024-01-17T23:26:19.824+0000] {logging_mixin.py:151} INFO - #False
[2024-01-17T23:26:19.824+0000] {conn.py:919} INFO - <BrokerConnection node_id=1 host=broker:29092 <connected> [IPv4 ('192.168.224.8', 29092)]>: Closing connection. 
[2024-01-17T23:26:19.825+0000] {python.py:194} INFO - Done. Returned value was: None
[2024-01-17T23:26:19.843+0000] {taskinstance.py:1400} INFO - Marking task as SUCCESS. dag_id=Stream_Data_1, task_id=Reddit, execution_date=20240117T232506, start_date=20240117T232613, end_date=20240117T232619
[2024-01-17T23:26:19.864+0000] {local_task_job_runner.py:228} INFO - Task exited with return code 0
[2024-01-17T23:26:19.878+0000] {taskinstance.py:2784} INFO - 0 downstream tasks scheduled from follow-on schedule check
