[2024-01-17T23:24:09.528+0000] {taskinstance.py:1159} INFO - Dependencies all met for dep_context=non-requeueable deps ti=<TaskInstance: Stream_Data_1.Reddit scheduled__2024-01-17T23:23:02.728862+00:00 [queued]>
[2024-01-17T23:24:09.539+0000] {taskinstance.py:1159} INFO - Dependencies all met for dep_context=requeueable deps ti=<TaskInstance: Stream_Data_1.Reddit scheduled__2024-01-17T23:23:02.728862+00:00 [queued]>
[2024-01-17T23:24:09.539+0000] {taskinstance.py:1361} INFO - Starting attempt 1 of 1
[2024-01-17T23:24:09.555+0000] {taskinstance.py:1382} INFO - Executing <Task(PythonOperator): Reddit> on 2024-01-17 23:23:02.728862+00:00
[2024-01-17T23:24:09.630+0000] {standard_task_runner.py:57} INFO - Started process 10354 to run task
[2024-01-17T23:24:09.634+0000] {standard_task_runner.py:84} INFO - Running: ['***', 'tasks', 'run', 'Stream_Data_1', 'Reddit', 'scheduled__2024-01-17T23:23:02.728862+00:00', '--job-id', '1397', '--raw', '--subdir', 'DAGS_FOLDER/kafka_stream.py', '--cfg-path', '/tmp/tmpngmq6kb2']
[2024-01-17T23:24:09.636+0000] {standard_task_runner.py:85} INFO - Job 1397: Subtask Reddit
[2024-01-17T23:24:09.704+0000] {task_command.py:415} INFO - Running <TaskInstance: Stream_Data_1.Reddit scheduled__2024-01-17T23:23:02.728862+00:00 [running]> on host 614a419ad930
[2024-01-17T23:24:09.806+0000] {taskinstance.py:1660} INFO - Exporting env vars: AIRFLOW_CTX_DAG_OWNER='me' AIRFLOW_CTX_DAG_ID='Stream_Data_1' AIRFLOW_CTX_TASK_ID='Reddit' AIRFLOW_CTX_EXECUTION_DATE='2024-01-17T23:23:02.728862+00:00' AIRFLOW_CTX_TRY_NUMBER='1' AIRFLOW_CTX_DAG_RUN_ID='scheduled__2024-01-17T23:23:02.728862+00:00'
[2024-01-17T23:24:09.946+0000] {logging_mixin.py:151} INFO -  submission : 
[2024-01-17T23:24:10.658+0000] {logging_mixin.py:151} INFO - #False
[2024-01-17T23:24:10.659+0000] {logging_mixin.py:151} INFO - #False
[2024-01-17T23:24:10.659+0000] {logging_mixin.py:151} INFO - #False
[2024-01-17T23:24:10.659+0000] {logging_mixin.py:151} INFO - #False
[2024-01-17T23:24:10.659+0000] {logging_mixin.py:151} INFO - #False
[2024-01-17T23:24:10.659+0000] {logging_mixin.py:151} INFO - #False
[2024-01-17T23:24:10.659+0000] {logging_mixin.py:151} INFO - #False
[2024-01-17T23:24:10.659+0000] {logging_mixin.py:151} INFO - #False
[2024-01-17T23:24:10.660+0000] {logging_mixin.py:151} INFO - #False
[2024-01-17T23:24:10.660+0000] {logging_mixin.py:151} INFO - #False
[2024-01-17T23:24:10.660+0000] {logging_mixin.py:151} INFO - #False
[2024-01-17T23:24:10.660+0000] {logging_mixin.py:151} INFO - #False
[2024-01-17T23:24:10.660+0000] {logging_mixin.py:151} INFO - #False
[2024-01-17T23:24:10.660+0000] {logging_mixin.py:151} INFO - #False
[2024-01-17T23:24:10.660+0000] {logging_mixin.py:151} INFO - #False
[2024-01-17T23:24:10.660+0000] {logging_mixin.py:151} INFO - #False
[2024-01-17T23:24:10.661+0000] {logging_mixin.py:151} INFO - #False
[2024-01-17T23:24:10.661+0000] {logging_mixin.py:151} INFO - #False
[2024-01-17T23:24:10.661+0000] {logging_mixin.py:151} INFO - #False
[2024-01-17T23:24:10.661+0000] {logging_mixin.py:151} INFO - #False
[2024-01-17T23:24:10.661+0000] {logging_mixin.py:151} INFO - #False
[2024-01-17T23:24:10.661+0000] {logging_mixin.py:151} INFO - #False
[2024-01-17T23:24:10.661+0000] {logging_mixin.py:151} INFO - #False
[2024-01-17T23:24:10.661+0000] {logging_mixin.py:151} INFO - #False
[2024-01-17T23:24:10.661+0000] {logging_mixin.py:151} INFO - #False
[2024-01-17T23:24:10.661+0000] {logging_mixin.py:151} INFO - #False
[2024-01-17T23:24:10.661+0000] {logging_mixin.py:151} INFO - #False
[2024-01-17T23:24:10.662+0000] {logging_mixin.py:151} INFO - #False
[2024-01-17T23:24:10.662+0000] {logging_mixin.py:151} INFO - #False
[2024-01-17T23:24:10.662+0000] {logging_mixin.py:151} INFO - #False
[2024-01-17T23:24:10.662+0000] {logging_mixin.py:151} INFO -  submission : 
[2024-01-17T23:24:11.289+0000] {logging_mixin.py:151} INFO - @True
[2024-01-17T23:24:11.291+0000] {conn.py:380} INFO - <BrokerConnection node_id=bootstrap-0 host=broker:29092 <connecting> [IPv4 ('192.168.224.8', 29092)]>: connecting to broker:29092 [('192.168.224.8', 29092) IPv4]
[2024-01-17T23:24:11.292+0000] {conn.py:1205} INFO - Probing node bootstrap-0 broker version
[2024-01-17T23:24:11.292+0000] {conn.py:410} INFO - <BrokerConnection node_id=bootstrap-0 host=broker:29092 <connecting> [IPv4 ('192.168.224.8', 29092)]>: Connection complete.
[2024-01-17T23:24:11.396+0000] {conn.py:1267} INFO - Broker version identified as 2.5.0
[2024-01-17T23:24:11.396+0000] {conn.py:1268} INFO - Set configuration api_version=(2, 5, 0) to skip auto check_version requests on startup
[2024-01-17T23:24:11.403+0000] {logging_mixin.py:151} INFO - #False
[2024-01-17T23:24:11.404+0000] {logging_mixin.py:151} INFO - #False
[2024-01-17T23:24:11.404+0000] {logging_mixin.py:151} INFO - #False
[2024-01-17T23:24:11.405+0000] {logging_mixin.py:151} INFO - #False
[2024-01-17T23:24:11.405+0000] {logging_mixin.py:151} INFO - #False
[2024-01-17T23:24:11.405+0000] {logging_mixin.py:151} INFO - #False
[2024-01-17T23:24:11.405+0000] {conn.py:380} INFO - <BrokerConnection node_id=1 host=broker:29092 <connecting> [IPv4 ('192.168.224.8', 29092)]>: connecting to broker:29092 [('192.168.224.8', 29092) IPv4]
[2024-01-17T23:24:11.406+0000] {logging_mixin.py:151} INFO - #False
[2024-01-17T23:24:11.406+0000] {conn.py:410} INFO - <BrokerConnection node_id=1 host=broker:29092 <connecting> [IPv4 ('192.168.224.8', 29092)]>: Connection complete.
[2024-01-17T23:24:11.406+0000] {logging_mixin.py:151} INFO - #False
[2024-01-17T23:24:11.407+0000] {conn.py:919} INFO - <BrokerConnection node_id=bootstrap-0 host=broker:29092 <connected> [IPv4 ('192.168.224.8', 29092)]>: Closing connection. 
[2024-01-17T23:24:11.407+0000] {logging_mixin.py:151} INFO - #False
[2024-01-17T23:24:11.408+0000] {logging_mixin.py:151} INFO - #False
[2024-01-17T23:24:11.408+0000] {logging_mixin.py:151} INFO - #False
[2024-01-17T23:24:11.409+0000] {logging_mixin.py:151} INFO - #False
[2024-01-17T23:24:11.409+0000] {logging_mixin.py:151} INFO - #False
[2024-01-17T23:24:11.409+0000] {logging_mixin.py:151} INFO - #False
[2024-01-17T23:24:11.410+0000] {logging_mixin.py:151} INFO - #False
[2024-01-17T23:24:11.410+0000] {logging_mixin.py:151} INFO - #False
[2024-01-17T23:24:11.410+0000] {logging_mixin.py:151} INFO - #False
[2024-01-17T23:24:11.410+0000] {logging_mixin.py:151} INFO - #False
[2024-01-17T23:24:11.411+0000] {logging_mixin.py:151} INFO - #False
[2024-01-17T23:24:11.411+0000] {logging_mixin.py:151} INFO - #False
[2024-01-17T23:24:11.411+0000] {logging_mixin.py:151} INFO - #False
[2024-01-17T23:24:11.411+0000] {logging_mixin.py:151} INFO - #False
[2024-01-17T23:24:11.411+0000] {logging_mixin.py:151} INFO - #False
[2024-01-17T23:24:11.412+0000] {logging_mixin.py:151} INFO - #False
[2024-01-17T23:24:11.412+0000] {logging_mixin.py:151} INFO - #False
[2024-01-17T23:24:11.412+0000] {logging_mixin.py:151} INFO - #False
[2024-01-17T23:24:11.412+0000] {logging_mixin.py:151} INFO - #False
[2024-01-17T23:24:11.412+0000] {logging_mixin.py:151} INFO - #False
[2024-01-17T23:24:11.412+0000] {logging_mixin.py:151} INFO - #False
[2024-01-17T23:24:11.413+0000] {logging_mixin.py:151} INFO -  submission : 
[2024-01-17T23:24:11.989+0000] {logging_mixin.py:151} INFO - #False
[2024-01-17T23:24:11.989+0000] {logging_mixin.py:151} INFO - #False
[2024-01-17T23:24:11.989+0000] {logging_mixin.py:151} INFO - #False
[2024-01-17T23:24:11.989+0000] {logging_mixin.py:151} INFO - #False
[2024-01-17T23:24:11.990+0000] {logging_mixin.py:151} INFO - #False
[2024-01-17T23:24:11.990+0000] {logging_mixin.py:151} INFO - #False
[2024-01-17T23:24:11.990+0000] {logging_mixin.py:151} INFO - #False
[2024-01-17T23:24:11.990+0000] {logging_mixin.py:151} INFO - #False
[2024-01-17T23:24:11.990+0000] {logging_mixin.py:151} INFO - #False
[2024-01-17T23:24:11.990+0000] {logging_mixin.py:151} INFO - #False
[2024-01-17T23:24:11.990+0000] {logging_mixin.py:151} INFO - #False
[2024-01-17T23:24:11.990+0000] {logging_mixin.py:151} INFO - #False
[2024-01-17T23:24:11.990+0000] {logging_mixin.py:151} INFO - #False
[2024-01-17T23:24:11.990+0000] {logging_mixin.py:151} INFO - #False
[2024-01-17T23:24:11.991+0000] {logging_mixin.py:151} INFO - #False
[2024-01-17T23:24:11.991+0000] {logging_mixin.py:151} INFO - #False
[2024-01-17T23:24:11.991+0000] {logging_mixin.py:151} INFO - #False
[2024-01-17T23:24:11.991+0000] {logging_mixin.py:151} INFO - #False
[2024-01-17T23:24:11.991+0000] {logging_mixin.py:151} INFO - #False
[2024-01-17T23:24:11.992+0000] {logging_mixin.py:151} INFO - #False
[2024-01-17T23:24:11.992+0000] {logging_mixin.py:151} INFO - #False
[2024-01-17T23:24:11.992+0000] {logging_mixin.py:151} INFO - #False
[2024-01-17T23:24:11.992+0000] {logging_mixin.py:151} INFO - #False
[2024-01-17T23:24:11.992+0000] {logging_mixin.py:151} INFO - #False
[2024-01-17T23:24:11.992+0000] {logging_mixin.py:151} INFO - #False
[2024-01-17T23:24:11.992+0000] {logging_mixin.py:151} INFO - #False
[2024-01-17T23:24:11.992+0000] {logging_mixin.py:151} INFO - #False
[2024-01-17T23:24:11.993+0000] {logging_mixin.py:151} INFO - #False
[2024-01-17T23:24:11.993+0000] {logging_mixin.py:151} INFO - #False
[2024-01-17T23:24:11.993+0000] {logging_mixin.py:151} INFO - #False
[2024-01-17T23:24:11.993+0000] {logging_mixin.py:151} INFO -  submission : 
[2024-01-17T23:24:12.443+0000] {logging_mixin.py:151} INFO - #False
[2024-01-17T23:24:12.443+0000] {logging_mixin.py:151} INFO - #False
[2024-01-17T23:24:12.443+0000] {logging_mixin.py:151} INFO - #False
[2024-01-17T23:24:12.443+0000] {logging_mixin.py:151} INFO - #False
[2024-01-17T23:24:12.443+0000] {logging_mixin.py:151} INFO - #False
[2024-01-17T23:24:12.443+0000] {logging_mixin.py:151} INFO - #False
[2024-01-17T23:24:12.443+0000] {logging_mixin.py:151} INFO - #False
[2024-01-17T23:24:12.444+0000] {logging_mixin.py:151} INFO - #False
[2024-01-17T23:24:12.444+0000] {logging_mixin.py:151} INFO - #False
[2024-01-17T23:24:12.444+0000] {logging_mixin.py:151} INFO - #False
[2024-01-17T23:24:12.444+0000] {logging_mixin.py:151} INFO - #False
[2024-01-17T23:24:12.444+0000] {logging_mixin.py:151} INFO - #False
[2024-01-17T23:24:12.444+0000] {logging_mixin.py:151} INFO - #False
[2024-01-17T23:24:12.444+0000] {logging_mixin.py:151} INFO - #False
[2024-01-17T23:24:12.444+0000] {logging_mixin.py:151} INFO - #False
[2024-01-17T23:24:12.444+0000] {logging_mixin.py:151} INFO - #False
[2024-01-17T23:24:12.444+0000] {logging_mixin.py:151} INFO - #False
[2024-01-17T23:24:12.444+0000] {logging_mixin.py:151} INFO - #False
[2024-01-17T23:24:12.444+0000] {logging_mixin.py:151} INFO - #False
[2024-01-17T23:24:12.444+0000] {logging_mixin.py:151} INFO - #False
[2024-01-17T23:24:12.444+0000] {logging_mixin.py:151} INFO - #False
[2024-01-17T23:24:12.444+0000] {logging_mixin.py:151} INFO - #False
[2024-01-17T23:24:12.444+0000] {logging_mixin.py:151} INFO - #False
[2024-01-17T23:24:12.444+0000] {logging_mixin.py:151} INFO - #False
[2024-01-17T23:24:12.444+0000] {logging_mixin.py:151} INFO - #False
[2024-01-17T23:24:12.444+0000] {logging_mixin.py:151} INFO - #False
[2024-01-17T23:24:12.445+0000] {logging_mixin.py:151} INFO - #False
[2024-01-17T23:24:12.445+0000] {logging_mixin.py:151} INFO - #False
[2024-01-17T23:24:12.445+0000] {logging_mixin.py:151} INFO - #False
[2024-01-17T23:24:12.445+0000] {logging_mixin.py:151} INFO - #False
[2024-01-17T23:24:12.445+0000] {logging_mixin.py:151} INFO -  submission : 
[2024-01-17T23:24:12.950+0000] {logging_mixin.py:151} INFO - #False
[2024-01-17T23:24:12.950+0000] {logging_mixin.py:151} INFO - #False
[2024-01-17T23:24:12.950+0000] {logging_mixin.py:151} INFO - #False
[2024-01-17T23:24:12.951+0000] {logging_mixin.py:151} INFO - #False
[2024-01-17T23:24:12.951+0000] {logging_mixin.py:151} INFO - #False
[2024-01-17T23:24:12.951+0000] {logging_mixin.py:151} INFO - #False
[2024-01-17T23:24:12.951+0000] {logging_mixin.py:151} INFO - #False
[2024-01-17T23:24:12.951+0000] {logging_mixin.py:151} INFO - #False
[2024-01-17T23:24:12.951+0000] {logging_mixin.py:151} INFO - #False
[2024-01-17T23:24:12.951+0000] {logging_mixin.py:151} INFO - #False
[2024-01-17T23:24:12.951+0000] {logging_mixin.py:151} INFO - #False
[2024-01-17T23:24:12.951+0000] {logging_mixin.py:151} INFO - #False
[2024-01-17T23:24:12.951+0000] {logging_mixin.py:151} INFO - #False
[2024-01-17T23:24:12.951+0000] {logging_mixin.py:151} INFO - #False
[2024-01-17T23:24:12.951+0000] {logging_mixin.py:151} INFO - #False
[2024-01-17T23:24:12.951+0000] {logging_mixin.py:151} INFO - #False
[2024-01-17T23:24:12.952+0000] {logging_mixin.py:151} INFO - #False
[2024-01-17T23:24:12.952+0000] {logging_mixin.py:151} INFO - #False
[2024-01-17T23:24:12.952+0000] {logging_mixin.py:151} INFO - #False
[2024-01-17T23:24:12.952+0000] {logging_mixin.py:151} INFO - #False
[2024-01-17T23:24:12.952+0000] {logging_mixin.py:151} INFO - #False
[2024-01-17T23:24:12.952+0000] {logging_mixin.py:151} INFO - #False
[2024-01-17T23:24:12.952+0000] {logging_mixin.py:151} INFO - #False
[2024-01-17T23:24:12.952+0000] {logging_mixin.py:151} INFO - #False
[2024-01-17T23:24:12.952+0000] {logging_mixin.py:151} INFO - #False
[2024-01-17T23:24:12.952+0000] {logging_mixin.py:151} INFO - #False
[2024-01-17T23:24:12.952+0000] {logging_mixin.py:151} INFO - #False
[2024-01-17T23:24:12.952+0000] {logging_mixin.py:151} INFO - #False
[2024-01-17T23:24:12.952+0000] {logging_mixin.py:151} INFO - #False
[2024-01-17T23:24:12.952+0000] {logging_mixin.py:151} INFO - #False
[2024-01-17T23:24:12.953+0000] {logging_mixin.py:151} INFO -  submission : 
[2024-01-17T23:24:13.493+0000] {logging_mixin.py:151} INFO - #False
[2024-01-17T23:24:13.493+0000] {logging_mixin.py:151} INFO - #False
[2024-01-17T23:24:13.493+0000] {logging_mixin.py:151} INFO - #False
[2024-01-17T23:24:13.493+0000] {logging_mixin.py:151} INFO - #False
[2024-01-17T23:24:13.493+0000] {logging_mixin.py:151} INFO - #False
[2024-01-17T23:24:13.493+0000] {logging_mixin.py:151} INFO - #False
[2024-01-17T23:24:13.493+0000] {logging_mixin.py:151} INFO - #False
[2024-01-17T23:24:13.493+0000] {logging_mixin.py:151} INFO - #False
[2024-01-17T23:24:13.493+0000] {logging_mixin.py:151} INFO - #False
[2024-01-17T23:24:13.494+0000] {logging_mixin.py:151} INFO - #False
[2024-01-17T23:24:13.494+0000] {logging_mixin.py:151} INFO - #False
[2024-01-17T23:24:13.494+0000] {logging_mixin.py:151} INFO - #False
[2024-01-17T23:24:13.494+0000] {logging_mixin.py:151} INFO - #False
[2024-01-17T23:24:13.494+0000] {logging_mixin.py:151} INFO - #False
[2024-01-17T23:24:13.494+0000] {logging_mixin.py:151} INFO - #False
[2024-01-17T23:24:13.494+0000] {logging_mixin.py:151} INFO - #False
[2024-01-17T23:24:13.494+0000] {logging_mixin.py:151} INFO - #False
[2024-01-17T23:24:13.494+0000] {logging_mixin.py:151} INFO - #False
[2024-01-17T23:24:13.494+0000] {logging_mixin.py:151} INFO - #False
[2024-01-17T23:24:13.494+0000] {logging_mixin.py:151} INFO - #False
[2024-01-17T23:24:13.494+0000] {logging_mixin.py:151} INFO - #False
[2024-01-17T23:24:13.494+0000] {logging_mixin.py:151} INFO - #False
[2024-01-17T23:24:13.494+0000] {logging_mixin.py:151} INFO - #False
[2024-01-17T23:24:13.494+0000] {logging_mixin.py:151} INFO - #False
[2024-01-17T23:24:13.494+0000] {logging_mixin.py:151} INFO - #False
[2024-01-17T23:24:13.494+0000] {logging_mixin.py:151} INFO - #False
[2024-01-17T23:24:13.494+0000] {logging_mixin.py:151} INFO - #False
[2024-01-17T23:24:13.494+0000] {logging_mixin.py:151} INFO - #False
[2024-01-17T23:24:13.494+0000] {logging_mixin.py:151} INFO - #False
[2024-01-17T23:24:13.494+0000] {logging_mixin.py:151} INFO - #False
[2024-01-17T23:24:13.495+0000] {logging_mixin.py:151} INFO -  submission : 
[2024-01-17T23:24:13.999+0000] {logging_mixin.py:151} INFO - #False
[2024-01-17T23:24:13.999+0000] {logging_mixin.py:151} INFO - #False
[2024-01-17T23:24:13.999+0000] {logging_mixin.py:151} INFO - #False
[2024-01-17T23:24:13.999+0000] {logging_mixin.py:151} INFO - #False
[2024-01-17T23:24:13.999+0000] {logging_mixin.py:151} INFO - #False
[2024-01-17T23:24:13.999+0000] {logging_mixin.py:151} INFO - #False
[2024-01-17T23:24:13.999+0000] {logging_mixin.py:151} INFO - #False
[2024-01-17T23:24:14.000+0000] {logging_mixin.py:151} INFO - #False
[2024-01-17T23:24:14.000+0000] {logging_mixin.py:151} INFO - #False
[2024-01-17T23:24:14.000+0000] {logging_mixin.py:151} INFO - #False
[2024-01-17T23:24:14.000+0000] {logging_mixin.py:151} INFO - #False
[2024-01-17T23:24:14.000+0000] {logging_mixin.py:151} INFO - #False
[2024-01-17T23:24:14.000+0000] {logging_mixin.py:151} INFO - #False
[2024-01-17T23:24:14.000+0000] {logging_mixin.py:151} INFO - #False
[2024-01-17T23:24:14.000+0000] {logging_mixin.py:151} INFO - #False
[2024-01-17T23:24:14.000+0000] {logging_mixin.py:151} INFO - #False
[2024-01-17T23:24:14.000+0000] {logging_mixin.py:151} INFO - #False
[2024-01-17T23:24:14.000+0000] {logging_mixin.py:151} INFO - #False
[2024-01-17T23:24:14.000+0000] {logging_mixin.py:151} INFO - #False
[2024-01-17T23:24:14.000+0000] {logging_mixin.py:151} INFO - #False
[2024-01-17T23:24:14.000+0000] {logging_mixin.py:151} INFO - #False
[2024-01-17T23:24:14.000+0000] {logging_mixin.py:151} INFO - #False
[2024-01-17T23:24:14.000+0000] {logging_mixin.py:151} INFO - #False
[2024-01-17T23:24:14.001+0000] {logging_mixin.py:151} INFO - #False
[2024-01-17T23:24:14.001+0000] {logging_mixin.py:151} INFO - #False
[2024-01-17T23:24:14.001+0000] {logging_mixin.py:151} INFO - #False
[2024-01-17T23:24:14.001+0000] {logging_mixin.py:151} INFO - #False
[2024-01-17T23:24:14.001+0000] {logging_mixin.py:151} INFO - #False
[2024-01-17T23:24:14.001+0000] {logging_mixin.py:151} INFO - #False
[2024-01-17T23:24:14.001+0000] {logging_mixin.py:151} INFO - #False
[2024-01-17T23:24:14.001+0000] {logging_mixin.py:151} INFO -  submission : 
[2024-01-17T23:24:14.509+0000] {logging_mixin.py:151} INFO - #False
[2024-01-17T23:24:14.509+0000] {logging_mixin.py:151} INFO - #False
[2024-01-17T23:24:14.509+0000] {logging_mixin.py:151} INFO - #False
[2024-01-17T23:24:14.509+0000] {logging_mixin.py:151} INFO - #False
[2024-01-17T23:24:14.509+0000] {logging_mixin.py:151} INFO - #False
[2024-01-17T23:24:14.509+0000] {logging_mixin.py:151} INFO - #False
[2024-01-17T23:24:14.509+0000] {logging_mixin.py:151} INFO - #False
[2024-01-17T23:24:14.509+0000] {logging_mixin.py:151} INFO - #False
[2024-01-17T23:24:14.509+0000] {logging_mixin.py:151} INFO - #False
[2024-01-17T23:24:14.509+0000] {logging_mixin.py:151} INFO - #False
[2024-01-17T23:24:14.509+0000] {logging_mixin.py:151} INFO - #False
[2024-01-17T23:24:14.509+0000] {logging_mixin.py:151} INFO - #False
[2024-01-17T23:24:14.509+0000] {logging_mixin.py:151} INFO - #False
[2024-01-17T23:24:14.510+0000] {logging_mixin.py:151} INFO - #False
[2024-01-17T23:24:14.510+0000] {logging_mixin.py:151} INFO - #False
[2024-01-17T23:24:14.510+0000] {logging_mixin.py:151} INFO - #False
[2024-01-17T23:24:14.510+0000] {logging_mixin.py:151} INFO - #False
[2024-01-17T23:24:14.510+0000] {logging_mixin.py:151} INFO - #False
[2024-01-17T23:24:14.510+0000] {logging_mixin.py:151} INFO - #False
[2024-01-17T23:24:14.510+0000] {logging_mixin.py:151} INFO - #False
[2024-01-17T23:24:14.510+0000] {logging_mixin.py:151} INFO - #False
[2024-01-17T23:24:14.510+0000] {logging_mixin.py:151} INFO - #False
[2024-01-17T23:24:14.510+0000] {logging_mixin.py:151} INFO - #False
[2024-01-17T23:24:14.510+0000] {logging_mixin.py:151} INFO - #False
[2024-01-17T23:24:14.510+0000] {logging_mixin.py:151} INFO - #False
[2024-01-17T23:24:14.510+0000] {logging_mixin.py:151} INFO - #False
[2024-01-17T23:24:14.510+0000] {logging_mixin.py:151} INFO - #False
[2024-01-17T23:24:14.510+0000] {logging_mixin.py:151} INFO - #False
[2024-01-17T23:24:14.510+0000] {logging_mixin.py:151} INFO - #False
[2024-01-17T23:24:14.511+0000] {logging_mixin.py:151} INFO - #False
[2024-01-17T23:24:14.511+0000] {conn.py:919} INFO - <BrokerConnection node_id=1 host=broker:29092 <connected> [IPv4 ('192.168.224.8', 29092)]>: Closing connection. 
[2024-01-17T23:24:14.512+0000] {python.py:194} INFO - Done. Returned value was: None
[2024-01-17T23:24:14.519+0000] {taskinstance.py:1400} INFO - Marking task as SUCCESS. dag_id=Stream_Data_1, task_id=Reddit, execution_date=20240117T232302, start_date=20240117T232409, end_date=20240117T232414
[2024-01-17T23:24:14.550+0000] {local_task_job_runner.py:228} INFO - Task exited with return code 0
[2024-01-17T23:24:14.564+0000] {taskinstance.py:2784} INFO - 0 downstream tasks scheduled from follow-on schedule check
