[2024-01-17T22:49:19.166+0000] {taskinstance.py:1159} INFO - Dependencies all met for dep_context=non-requeueable deps ti=<TaskInstance: spark_stream_job.spark_submit_task scheduled__2024-01-17T22:44:11.722624+00:00 [queued]>
[2024-01-17T22:49:19.181+0000] {taskinstance.py:1159} INFO - Dependencies all met for dep_context=requeueable deps ti=<TaskInstance: spark_stream_job.spark_submit_task scheduled__2024-01-17T22:44:11.722624+00:00 [queued]>
[2024-01-17T22:49:19.181+0000] {taskinstance.py:1361} INFO - Starting attempt 1 of 1
[2024-01-17T22:49:19.202+0000] {taskinstance.py:1382} INFO - Executing <Task(SparkSubmitOperator): spark_submit_task> on 2024-01-17 22:44:11.722624+00:00
[2024-01-17T22:49:19.212+0000] {standard_task_runner.py:57} INFO - Started process 7891 to run task
[2024-01-17T22:49:19.217+0000] {standard_task_runner.py:84} INFO - Running: ['***', 'tasks', 'run', 'spark_stream_job', 'spark_submit_task', 'scheduled__2024-01-17T22:44:11.722624+00:00', '--job-id', '1157', '--raw', '--subdir', 'DAGS_FOLDER/spark_streaming_dag.py', '--cfg-path', '/tmp/tmp7m84no5z']
[2024-01-17T22:49:19.219+0000] {standard_task_runner.py:85} INFO - Job 1157: Subtask spark_submit_task
[2024-01-17T22:49:19.298+0000] {task_command.py:415} INFO - Running <TaskInstance: spark_stream_job.spark_submit_task scheduled__2024-01-17T22:44:11.722624+00:00 [running]> on host 614a419ad930
[2024-01-17T22:49:19.426+0000] {taskinstance.py:1660} INFO - Exporting env vars: AIRFLOW_CTX_DAG_OWNER='me' AIRFLOW_CTX_DAG_ID='spark_stream_job' AIRFLOW_CTX_TASK_ID='spark_submit_task' AIRFLOW_CTX_EXECUTION_DATE='2024-01-17T22:44:11.722624+00:00' AIRFLOW_CTX_TRY_NUMBER='1' AIRFLOW_CTX_DAG_RUN_ID='scheduled__2024-01-17T22:44:11.722624+00:00'
[2024-01-17T22:49:19.444+0000] {base.py:73} INFO - Using connection ID 'spark_default' for task execution.
[2024-01-17T22:49:19.446+0000] {spark_submit.py:401} INFO - Spark-Submit cmd: spark-submit --master spark://192.168.224.5:7077 --name spark_submit_job --class org.apache.spark.deploy.PythonRunner --verbose --queue root.default --deploy-mode client /opt/***/dags/spark_stream.py
[2024-01-17T22:49:19.633+0000] {spark_submit.py:571} INFO - /home/***/.local/lib/python3.9/site-packages/pyspark/bin/load-spark-env.sh: line 68: ps: command not found
[2024-01-17T22:49:21.219+0000] {spark_submit.py:571} INFO - Using properties file: null
[2024-01-17T22:49:21.364+0000] {spark_submit.py:571} INFO - Parsed arguments:
[2024-01-17T22:49:21.364+0000] {spark_submit.py:571} INFO - master                  spark://192.168.224.5:7077
[2024-01-17T22:49:21.365+0000] {spark_submit.py:571} INFO - remote                  null
[2024-01-17T22:49:21.365+0000] {spark_submit.py:571} INFO - deployMode              client
[2024-01-17T22:49:21.365+0000] {spark_submit.py:571} INFO - executorMemory          null
[2024-01-17T22:49:21.365+0000] {spark_submit.py:571} INFO - executorCores           null
[2024-01-17T22:49:21.365+0000] {spark_submit.py:571} INFO - totalExecutorCores      null
[2024-01-17T22:49:21.365+0000] {spark_submit.py:571} INFO - propertiesFile          null
[2024-01-17T22:49:21.365+0000] {spark_submit.py:571} INFO - driverMemory            null
[2024-01-17T22:49:21.365+0000] {spark_submit.py:571} INFO - driverCores             null
[2024-01-17T22:49:21.365+0000] {spark_submit.py:571} INFO - driverExtraClassPath    null
[2024-01-17T22:49:21.365+0000] {spark_submit.py:571} INFO - driverExtraLibraryPath  null
[2024-01-17T22:49:21.365+0000] {spark_submit.py:571} INFO - driverExtraJavaOptions  null
[2024-01-17T22:49:21.365+0000] {spark_submit.py:571} INFO - supervise               false
[2024-01-17T22:49:21.366+0000] {spark_submit.py:571} INFO - queue                   root.default
[2024-01-17T22:49:21.366+0000] {spark_submit.py:571} INFO - numExecutors            null
[2024-01-17T22:49:21.366+0000] {spark_submit.py:571} INFO - files                   null
[2024-01-17T22:49:21.366+0000] {spark_submit.py:571} INFO - pyFiles                 null
[2024-01-17T22:49:21.366+0000] {spark_submit.py:571} INFO - archives                null
[2024-01-17T22:49:21.366+0000] {spark_submit.py:571} INFO - mainClass               org.apache.spark.deploy.PythonRunner
[2024-01-17T22:49:21.366+0000] {spark_submit.py:571} INFO - primaryResource         file:/opt/***/dags/spark_stream.py
[2024-01-17T22:49:21.366+0000] {spark_submit.py:571} INFO - name                    spark_submit_job
[2024-01-17T22:49:21.366+0000] {spark_submit.py:571} INFO - childArgs               []
[2024-01-17T22:49:21.366+0000] {spark_submit.py:571} INFO - jars                    null
[2024-01-17T22:49:21.366+0000] {spark_submit.py:571} INFO - packages                null
[2024-01-17T22:49:21.366+0000] {spark_submit.py:571} INFO - packagesExclusions      null
[2024-01-17T22:49:21.367+0000] {spark_submit.py:571} INFO - repositories            null
[2024-01-17T22:49:21.367+0000] {spark_submit.py:571} INFO - verbose                 true
[2024-01-17T22:49:21.367+0000] {spark_submit.py:571} INFO - 
[2024-01-17T22:49:21.367+0000] {spark_submit.py:571} INFO - Spark properties used, including those specified through
[2024-01-17T22:49:21.367+0000] {spark_submit.py:571} INFO - --conf and those from the properties file null:
[2024-01-17T22:49:21.367+0000] {spark_submit.py:571} INFO - 
[2024-01-17T22:49:21.367+0000] {spark_submit.py:571} INFO - 
[2024-01-17T22:49:21.367+0000] {spark_submit.py:571} INFO - 
[2024-01-17T22:49:21.673+0000] {spark_submit.py:571} INFO - Main class:
[2024-01-17T22:49:21.673+0000] {spark_submit.py:571} INFO - org.apache.spark.deploy.PythonRunner
[2024-01-17T22:49:21.674+0000] {spark_submit.py:571} INFO - Arguments:
[2024-01-17T22:49:21.674+0000] {spark_submit.py:571} INFO - file:/opt/***/dags/spark_stream.py
[2024-01-17T22:49:21.674+0000] {spark_submit.py:571} INFO - null
[2024-01-17T22:49:21.679+0000] {spark_submit.py:571} INFO - Spark config:
[2024-01-17T22:49:21.679+0000] {spark_submit.py:571} INFO - (spark.app.name,spark_submit_job)
[2024-01-17T22:49:21.679+0000] {spark_submit.py:571} INFO - (spark.app.submitTime,1705531761649)
[2024-01-17T22:49:21.680+0000] {spark_submit.py:571} INFO - (spark.master,spark://192.168.224.5:7077)
[2024-01-17T22:49:21.680+0000] {spark_submit.py:571} INFO - (spark.submit.deployMode,client)
[2024-01-17T22:49:21.680+0000] {spark_submit.py:571} INFO - (spark.submit.pyFiles,)
[2024-01-17T22:49:21.680+0000] {spark_submit.py:571} INFO - Classpath elements:
[2024-01-17T22:49:21.680+0000] {spark_submit.py:571} INFO - 
[2024-01-17T22:49:21.680+0000] {spark_submit.py:571} INFO - 
[2024-01-17T22:49:21.680+0000] {spark_submit.py:571} INFO - 
[2024-01-17T22:49:23.775+0000] {spark_submit.py:571} INFO - None of PyTorch, TensorFlow >= 2.0, or Flax have been found. Models won't be available and only tokenizers, configuration and file/data utilities can be used.
[2024-01-17T22:49:23.966+0000] {spark_submit.py:571} INFO - 24/01/17 22:49:23 INFO SparkContext: Running Spark version 3.5.0
[2024-01-17T22:49:23.968+0000] {spark_submit.py:571} INFO - 24/01/17 22:49:23 INFO SparkContext: OS info Linux, 5.10.16.3-microsoft-standard-WSL2, amd64
[2024-01-17T22:49:23.969+0000] {spark_submit.py:571} INFO - 24/01/17 22:49:23 INFO SparkContext: Java version 11.0.21
[2024-01-17T22:49:24.059+0000] {spark_submit.py:571} INFO - 24/01/17 22:49:24 WARN NativeCodeLoader: Unable to load native-hadoop library for your platform... using builtin-java classes where applicable
[2024-01-17T22:49:24.142+0000] {spark_submit.py:571} INFO - 24/01/17 22:49:24 INFO ResourceUtils: ==============================================================
[2024-01-17T22:49:24.143+0000] {spark_submit.py:571} INFO - 24/01/17 22:49:24 INFO ResourceUtils: No custom resources configured for spark.driver.
[2024-01-17T22:49:24.143+0000] {spark_submit.py:571} INFO - 24/01/17 22:49:24 INFO ResourceUtils: ==============================================================
[2024-01-17T22:49:24.143+0000] {spark_submit.py:571} INFO - 24/01/17 22:49:24 INFO SparkContext: Submitted application: SparkDataStreaming
[2024-01-17T22:49:24.165+0000] {spark_submit.py:571} INFO - 24/01/17 22:49:24 INFO ResourceProfile: Default ResourceProfile created, executor resources: Map(memory -> name: memory, amount: 1024, script: , vendor: , offHeap -> name: offHeap, amount: 0, script: , vendor: ), task resources: Map(cpus -> name: cpus, amount: 1.0)
[2024-01-17T22:49:24.177+0000] {spark_submit.py:571} INFO - 24/01/17 22:49:24 INFO ResourceProfile: Limiting resource is cpu
[2024-01-17T22:49:24.177+0000] {spark_submit.py:571} INFO - 24/01/17 22:49:24 INFO ResourceProfileManager: Added ResourceProfile id: 0
[2024-01-17T22:49:24.225+0000] {spark_submit.py:571} INFO - 24/01/17 22:49:24 INFO SecurityManager: Changing view acls to: ***
[2024-01-17T22:49:24.226+0000] {spark_submit.py:571} INFO - 24/01/17 22:49:24 INFO SecurityManager: Changing modify acls to: ***
[2024-01-17T22:49:24.226+0000] {spark_submit.py:571} INFO - 24/01/17 22:49:24 INFO SecurityManager: Changing view acls groups to:
[2024-01-17T22:49:24.226+0000] {spark_submit.py:571} INFO - 24/01/17 22:49:24 INFO SecurityManager: Changing modify acls groups to:
[2024-01-17T22:49:24.227+0000] {spark_submit.py:571} INFO - 24/01/17 22:49:24 INFO SecurityManager: SecurityManager: authentication disabled; ui acls disabled; users with view permissions: ***; groups with view permissions: EMPTY; users with modify permissions: ***; groups with modify permissions: EMPTY
[2024-01-17T22:49:24.512+0000] {spark_submit.py:571} INFO - 24/01/17 22:49:24 INFO Utils: Successfully started service 'sparkDriver' on port 40267.
[2024-01-17T22:49:24.550+0000] {spark_submit.py:571} INFO - 24/01/17 22:49:24 INFO SparkEnv: Registering MapOutputTracker
[2024-01-17T22:49:24.596+0000] {spark_submit.py:571} INFO - 24/01/17 22:49:24 INFO SparkEnv: Registering BlockManagerMaster
[2024-01-17T22:49:24.620+0000] {spark_submit.py:571} INFO - 24/01/17 22:49:24 INFO BlockManagerMasterEndpoint: Using org.apache.spark.storage.DefaultTopologyMapper for getting topology information
[2024-01-17T22:49:24.621+0000] {spark_submit.py:571} INFO - 24/01/17 22:49:24 INFO BlockManagerMasterEndpoint: BlockManagerMasterEndpoint up
[2024-01-17T22:49:24.627+0000] {spark_submit.py:571} INFO - 24/01/17 22:49:24 INFO SparkEnv: Registering BlockManagerMasterHeartbeat
[2024-01-17T22:49:24.657+0000] {spark_submit.py:571} INFO - 24/01/17 22:49:24 INFO DiskBlockManager: Created local directory at /tmp/blockmgr-8ca35c3a-c6cd-4568-87d4-89392ddde352
[2024-01-17T22:49:24.678+0000] {spark_submit.py:571} INFO - 24/01/17 22:49:24 INFO MemoryStore: MemoryStore started with capacity 434.4 MiB
[2024-01-17T22:49:24.702+0000] {spark_submit.py:571} INFO - 24/01/17 22:49:24 INFO SparkEnv: Registering OutputCommitCoordinator
[2024-01-17T22:49:24.923+0000] {spark_submit.py:571} INFO - 24/01/17 22:49:24 INFO JettyUtils: Start Jetty 0.0.0.0:4040 for SparkUI
[2024-01-17T22:49:25.025+0000] {spark_submit.py:571} INFO - 24/01/17 22:49:25 INFO Utils: Successfully started service 'SparkUI' on port 4040.
[2024-01-17T22:49:25.193+0000] {spark_submit.py:571} INFO - 24/01/17 22:49:25 INFO StandaloneAppClient$ClientEndpoint: Connecting to master spark://192.168.224.5:7077...
[2024-01-17T22:49:25.247+0000] {spark_submit.py:571} INFO - 24/01/17 22:49:25 INFO TransportClientFactory: Successfully created connection to /192.168.224.5:7077 after 32 ms (0 ms spent in bootstraps)
[2024-01-17T22:49:25.368+0000] {spark_submit.py:571} INFO - 24/01/17 22:49:25 INFO StandaloneSchedulerBackend: Connected to Spark cluster with app ID app-20240117224925-0022
[2024-01-17T22:49:25.370+0000] {spark_submit.py:571} INFO - 24/01/17 22:49:25 INFO StandaloneAppClient$ClientEndpoint: Executor added: app-20240117224925-0022/0 on worker-20240117205355-192.168.224.7-37113 (192.168.224.7:37113) with 2 core(s)
[2024-01-17T22:49:25.373+0000] {spark_submit.py:571} INFO - 24/01/17 22:49:25 INFO StandaloneSchedulerBackend: Granted executor ID app-20240117224925-0022/0 on hostPort 192.168.224.7:37113 with 2 core(s), 1024.0 MiB RAM
[2024-01-17T22:49:25.384+0000] {spark_submit.py:571} INFO - 24/01/17 22:49:25 INFO Utils: Successfully started service 'org.apache.spark.network.netty.NettyBlockTransferService' on port 38109.
[2024-01-17T22:49:25.384+0000] {spark_submit.py:571} INFO - 24/01/17 22:49:25 INFO NettyBlockTransferService: Server created on 614a419ad930:38109
[2024-01-17T22:49:25.387+0000] {spark_submit.py:571} INFO - 24/01/17 22:49:25 INFO BlockManager: Using org.apache.spark.storage.RandomBlockReplicationPolicy for block replication policy
[2024-01-17T22:49:25.396+0000] {spark_submit.py:571} INFO - 24/01/17 22:49:25 INFO BlockManagerMaster: Registering BlockManager BlockManagerId(driver, 614a419ad930, 38109, None)
[2024-01-17T22:49:25.400+0000] {spark_submit.py:571} INFO - 24/01/17 22:49:25 INFO BlockManagerMasterEndpoint: Registering block manager 614a419ad930:38109 with 434.4 MiB RAM, BlockManagerId(driver, 614a419ad930, 38109, None)
[2024-01-17T22:49:25.403+0000] {spark_submit.py:571} INFO - 24/01/17 22:49:25 INFO BlockManagerMaster: Registered BlockManager BlockManagerId(driver, 614a419ad930, 38109, None)
[2024-01-17T22:49:25.404+0000] {spark_submit.py:571} INFO - 24/01/17 22:49:25 INFO BlockManager: Initialized BlockManager: BlockManagerId(driver, 614a419ad930, 38109, None)
[2024-01-17T22:49:25.599+0000] {spark_submit.py:571} INFO - 24/01/17 22:49:25 INFO StandaloneAppClient$ClientEndpoint: Executor updated: app-20240117224925-0022/0 is now RUNNING
[2024-01-17T22:49:25.713+0000] {spark_submit.py:571} INFO - 24/01/17 22:49:25 INFO StandaloneSchedulerBackend: SchedulerBackend is ready for scheduling beginning after reached minRegisteredResourcesRatio: 0.0
[2024-01-17T22:49:27.663+0000] {spark_submit.py:571} INFO - WARNING:root:kafka dataframe could not be created because: Failed to find data source: kafka. Please deploy the application as per the deployment section of Structured Streaming + Kafka Integration Guide.
[2024-01-17T22:49:27.669+0000] {spark_submit.py:571} INFO - ERROR:root:An error occurred in the Spark Streaming job: Failed to find data source: kafka. Please deploy the application as per the deployment section of Structured Streaming + Kafka Integration Guide.
[2024-01-17T22:49:28.252+0000] {spark_submit.py:571} INFO - Traceback (most recent call last):
[2024-01-17T22:49:28.252+0000] {spark_submit.py:571} INFO - File "/opt/***/dags/spark_stream.py", line 337, in <module>
[2024-01-17T22:49:28.253+0000] {spark_submit.py:571} INFO - main()
[2024-01-17T22:49:28.253+0000] {spark_submit.py:571} INFO - File "/opt/***/dags/spark_stream.py", line 334, in main
[2024-01-17T22:49:28.254+0000] {spark_submit.py:571} INFO - cassandra_session.shutdown()
[2024-01-17T22:49:28.254+0000] {spark_submit.py:571} INFO - UnboundLocalError: local variable 'cassandra_session' referenced before assignment
[2024-01-17T22:49:28.576+0000] {taskinstance.py:1943} ERROR - Task failed with exception
Traceback (most recent call last):
  File "/home/airflow/.local/lib/python3.9/site-packages/airflow/providers/apache/spark/operators/spark_submit.py", line 174, in execute
    self._hook.submit(self._application)
  File "/home/airflow/.local/lib/python3.9/site-packages/airflow/providers/apache/spark/hooks/spark_submit.py", line 502, in submit
    raise AirflowException(
airflow.exceptions.AirflowException: Cannot execute: spark-submit --master spark://192.168.224.5:7077 --name spark_submit_job --class org.apache.spark.deploy.PythonRunner --verbose --queue root.default --deploy-mode client /opt/***/dags/spark_stream.py. Error code is: 1.
[2024-01-17T22:49:28.580+0000] {taskinstance.py:1400} INFO - Marking task as FAILED. dag_id=spark_stream_job, task_id=spark_submit_task, execution_date=20240117T224411, start_date=20240117T224919, end_date=20240117T224928
[2024-01-17T22:49:28.596+0000] {standard_task_runner.py:104} ERROR - Failed to execute job 1157 for task spark_submit_task (Cannot execute: spark-submit --master spark://192.168.224.5:7077 --name spark_submit_job --class org.apache.spark.deploy.PythonRunner --verbose --queue root.default --deploy-mode client /opt/***/dags/spark_stream.py. Error code is: 1.; 7891)
[2024-01-17T22:49:28.608+0000] {local_task_job_runner.py:228} INFO - Task exited with return code 1
[2024-01-17T22:49:28.632+0000] {taskinstance.py:2784} INFO - 0 downstream tasks scheduled from follow-on schedule check
