[2024-01-17T21:27:36.301+0000] {taskinstance.py:1159} INFO - Dependencies all met for dep_context=non-requeueable deps ti=<TaskInstance: Stream_Data_4.Reddit scheduled__2024-01-17T21:25:08.942492+00:00 [queued]>
[2024-01-17T21:27:36.307+0000] {taskinstance.py:1159} INFO - Dependencies all met for dep_context=requeueable deps ti=<TaskInstance: Stream_Data_4.Reddit scheduled__2024-01-17T21:25:08.942492+00:00 [queued]>
[2024-01-17T21:27:36.307+0000] {taskinstance.py:1361} INFO - Starting attempt 1 of 1
[2024-01-17T21:27:36.319+0000] {taskinstance.py:1382} INFO - Executing <Task(PythonOperator): Reddit> on 2024-01-17 21:25:08.942492+00:00
[2024-01-17T21:27:36.322+0000] {standard_task_runner.py:57} INFO - Started process 2393 to run task
[2024-01-17T21:27:36.324+0000] {standard_task_runner.py:84} INFO - Running: ['***', 'tasks', 'run', 'Stream_Data_4', 'Reddit', 'scheduled__2024-01-17T21:25:08.942492+00:00', '--job-id', '623', '--raw', '--subdir', 'DAGS_FOLDER/kafka_stream_4.py', '--cfg-path', '/tmp/tmpuc13fji3']
[2024-01-17T21:27:36.325+0000] {standard_task_runner.py:85} INFO - Job 623: Subtask Reddit
[2024-01-17T21:27:36.362+0000] {task_command.py:415} INFO - Running <TaskInstance: Stream_Data_4.Reddit scheduled__2024-01-17T21:25:08.942492+00:00 [running]> on host 614a419ad930
[2024-01-17T21:27:36.423+0000] {taskinstance.py:1660} INFO - Exporting env vars: AIRFLOW_CTX_DAG_OWNER='me' AIRFLOW_CTX_DAG_ID='Stream_Data_4' AIRFLOW_CTX_TASK_ID='Reddit' AIRFLOW_CTX_EXECUTION_DATE='2024-01-17T21:25:08.942492+00:00' AIRFLOW_CTX_TRY_NUMBER='1' AIRFLOW_CTX_DAG_RUN_ID='scheduled__2024-01-17T21:25:08.942492+00:00'
[2024-01-17T21:27:36.451+0000] {logging_mixin.py:151} INFO -  submission : 
[2024-01-17T21:27:37.964+0000] {logging_mixin.py:151} INFO - @True
[2024-01-17T21:27:37.965+0000] {conn.py:380} INFO - <BrokerConnection node_id=bootstrap-0 host=broker:29092 <connecting> [IPv4 ('192.168.224.8', 29092)]>: connecting to broker:29092 [('192.168.224.8', 29092) IPv4]
[2024-01-17T21:27:37.966+0000] {conn.py:1205} INFO - Probing node bootstrap-0 broker version
[2024-01-17T21:27:37.966+0000] {conn.py:410} INFO - <BrokerConnection node_id=bootstrap-0 host=broker:29092 <connecting> [IPv4 ('192.168.224.8', 29092)]>: Connection complete.
[2024-01-17T21:27:38.069+0000] {conn.py:1267} INFO - Broker version identified as 2.5.0
[2024-01-17T21:27:38.069+0000] {conn.py:1268} INFO - Set configuration api_version=(2, 5, 0) to skip auto check_version requests on startup
[2024-01-17T21:27:38.072+0000] {logging_mixin.py:151} INFO - #False
[2024-01-17T21:27:38.073+0000] {logging_mixin.py:151} INFO - #False
[2024-01-17T21:27:38.073+0000] {logging_mixin.py:151} INFO - #False
[2024-01-17T21:27:38.073+0000] {logging_mixin.py:151} INFO - #False
[2024-01-17T21:27:38.073+0000] {logging_mixin.py:151} INFO - #False
[2024-01-17T21:27:38.073+0000] {logging_mixin.py:151} INFO - #False
[2024-01-17T21:27:38.073+0000] {logging_mixin.py:151} INFO - #False
[2024-01-17T21:27:38.073+0000] {logging_mixin.py:151} INFO - #False
[2024-01-17T21:27:38.074+0000] {logging_mixin.py:151} INFO - #False
[2024-01-17T21:27:38.074+0000] {logging_mixin.py:151} INFO - #False
[2024-01-17T21:27:38.074+0000] {logging_mixin.py:151} INFO - #False
[2024-01-17T21:27:38.074+0000] {logging_mixin.py:151} INFO - #False
[2024-01-17T21:27:38.074+0000] {logging_mixin.py:151} INFO - #False
[2024-01-17T21:27:38.074+0000] {logging_mixin.py:151} INFO - #False
[2024-01-17T21:27:38.074+0000] {logging_mixin.py:151} INFO - #False
[2024-01-17T21:27:38.074+0000] {logging_mixin.py:151} INFO - #False
[2024-01-17T21:27:38.074+0000] {logging_mixin.py:151} INFO - #False
[2024-01-17T21:27:38.075+0000] {logging_mixin.py:151} INFO - #False
[2024-01-17T21:27:38.075+0000] {logging_mixin.py:151} INFO - #False
[2024-01-17T21:27:38.075+0000] {logging_mixin.py:151} INFO - #False
[2024-01-17T21:27:38.075+0000] {logging_mixin.py:151} INFO - #False
[2024-01-17T21:27:38.075+0000] {logging_mixin.py:151} INFO - #False
[2024-01-17T21:27:38.075+0000] {logging_mixin.py:151} INFO - #False
[2024-01-17T21:27:38.075+0000] {logging_mixin.py:151} INFO - #False
[2024-01-17T21:27:38.075+0000] {logging_mixin.py:151} INFO - #False
[2024-01-17T21:27:38.075+0000] {logging_mixin.py:151} INFO - #False
[2024-01-17T21:27:38.076+0000] {logging_mixin.py:151} INFO - #False
[2024-01-17T21:27:38.076+0000] {logging_mixin.py:151} INFO - #False
[2024-01-17T21:27:38.076+0000] {logging_mixin.py:151} INFO - #False
[2024-01-17T21:27:38.076+0000] {logging_mixin.py:151} INFO -  submission : 
[2024-01-17T21:27:38.076+0000] {conn.py:380} INFO - <BrokerConnection node_id=1 host=broker:29092 <connecting> [IPv4 ('192.168.224.8', 29092)]>: connecting to broker:29092 [('192.168.224.8', 29092) IPv4]
[2024-01-17T21:27:38.078+0000] {conn.py:410} INFO - <BrokerConnection node_id=1 host=broker:29092 <connecting> [IPv4 ('192.168.224.8', 29092)]>: Connection complete.
[2024-01-17T21:27:38.078+0000] {conn.py:919} INFO - <BrokerConnection node_id=bootstrap-0 host=broker:29092 <connected> [IPv4 ('192.168.224.8', 29092)]>: Closing connection. 
[2024-01-17T21:27:38.809+0000] {logging_mixin.py:151} INFO - #False
[2024-01-17T21:27:38.809+0000] {logging_mixin.py:151} INFO - #False
[2024-01-17T21:27:38.809+0000] {logging_mixin.py:151} INFO - #False
[2024-01-17T21:27:38.809+0000] {logging_mixin.py:151} INFO - #False
[2024-01-17T21:27:38.809+0000] {logging_mixin.py:151} INFO - #False
[2024-01-17T21:27:38.810+0000] {logging_mixin.py:151} INFO - #False
[2024-01-17T21:27:38.810+0000] {logging_mixin.py:151} INFO - #False
[2024-01-17T21:27:38.810+0000] {logging_mixin.py:151} INFO - #False
[2024-01-17T21:27:38.810+0000] {logging_mixin.py:151} INFO - #False
[2024-01-17T21:27:38.810+0000] {logging_mixin.py:151} INFO - #False
[2024-01-17T21:27:38.810+0000] {logging_mixin.py:151} INFO - #False
[2024-01-17T21:27:38.810+0000] {logging_mixin.py:151} INFO - #False
[2024-01-17T21:27:38.810+0000] {logging_mixin.py:151} INFO - #False
[2024-01-17T21:27:38.810+0000] {logging_mixin.py:151} INFO - #False
[2024-01-17T21:27:38.810+0000] {logging_mixin.py:151} INFO - #False
[2024-01-17T21:27:38.811+0000] {logging_mixin.py:151} INFO - #False
[2024-01-17T21:27:38.811+0000] {logging_mixin.py:151} INFO - #False
[2024-01-17T21:27:38.811+0000] {logging_mixin.py:151} INFO - #False
[2024-01-17T21:27:38.811+0000] {logging_mixin.py:151} INFO - #False
[2024-01-17T21:27:38.811+0000] {logging_mixin.py:151} INFO - #False
[2024-01-17T21:27:38.811+0000] {logging_mixin.py:151} INFO - #False
[2024-01-17T21:27:38.811+0000] {logging_mixin.py:151} INFO - #False
[2024-01-17T21:27:38.811+0000] {logging_mixin.py:151} INFO - #False
[2024-01-17T21:27:38.811+0000] {logging_mixin.py:151} INFO - #False
[2024-01-17T21:27:38.812+0000] {logging_mixin.py:151} INFO - #False
[2024-01-17T21:27:38.812+0000] {logging_mixin.py:151} INFO - #False
[2024-01-17T21:27:38.812+0000] {logging_mixin.py:151} INFO - #False
[2024-01-17T21:27:38.812+0000] {logging_mixin.py:151} INFO - #False
[2024-01-17T21:27:38.812+0000] {logging_mixin.py:151} INFO - #False
[2024-01-17T21:27:38.812+0000] {logging_mixin.py:151} INFO - #False
[2024-01-17T21:27:38.812+0000] {logging_mixin.py:151} INFO -  submission : 
[2024-01-17T21:27:39.605+0000] {logging_mixin.py:151} INFO - #False
[2024-01-17T21:27:39.605+0000] {logging_mixin.py:151} INFO - #False
[2024-01-17T21:27:39.605+0000] {logging_mixin.py:151} INFO - #False
[2024-01-17T21:27:39.606+0000] {logging_mixin.py:151} INFO - #False
[2024-01-17T21:27:39.606+0000] {logging_mixin.py:151} INFO - #False
[2024-01-17T21:27:39.606+0000] {logging_mixin.py:151} INFO - #False
[2024-01-17T21:27:39.606+0000] {logging_mixin.py:151} INFO - #False
[2024-01-17T21:27:39.606+0000] {logging_mixin.py:151} INFO - #False
[2024-01-17T21:27:39.606+0000] {logging_mixin.py:151} INFO - #False
[2024-01-17T21:27:39.606+0000] {logging_mixin.py:151} INFO - #False
[2024-01-17T21:27:39.606+0000] {logging_mixin.py:151} INFO - #False
[2024-01-17T21:27:39.606+0000] {logging_mixin.py:151} INFO - #False
[2024-01-17T21:27:39.606+0000] {logging_mixin.py:151} INFO - #False
[2024-01-17T21:27:39.606+0000] {logging_mixin.py:151} INFO - #False
[2024-01-17T21:27:39.606+0000] {logging_mixin.py:151} INFO - #False
[2024-01-17T21:27:39.606+0000] {logging_mixin.py:151} INFO - #False
[2024-01-17T21:27:39.606+0000] {logging_mixin.py:151} INFO - #False
[2024-01-17T21:27:39.606+0000] {logging_mixin.py:151} INFO - #False
[2024-01-17T21:27:39.606+0000] {logging_mixin.py:151} INFO - #False
[2024-01-17T21:27:39.606+0000] {logging_mixin.py:151} INFO - #False
[2024-01-17T21:27:39.606+0000] {logging_mixin.py:151} INFO - #False
[2024-01-17T21:27:39.606+0000] {logging_mixin.py:151} INFO - #False
[2024-01-17T21:27:39.606+0000] {logging_mixin.py:151} INFO - #False
[2024-01-17T21:27:39.606+0000] {logging_mixin.py:151} INFO - #False
[2024-01-17T21:27:39.607+0000] {logging_mixin.py:151} INFO - #False
[2024-01-17T21:27:39.607+0000] {logging_mixin.py:151} INFO - #False
[2024-01-17T21:27:39.607+0000] {logging_mixin.py:151} INFO - #False
[2024-01-17T21:27:39.607+0000] {logging_mixin.py:151} INFO - #False
[2024-01-17T21:27:39.607+0000] {logging_mixin.py:151} INFO - #False
[2024-01-17T21:27:39.607+0000] {logging_mixin.py:151} INFO - #False
[2024-01-17T21:27:39.607+0000] {logging_mixin.py:151} INFO -  submission : 
[2024-01-17T21:27:40.106+0000] {logging_mixin.py:151} INFO - #False
[2024-01-17T21:27:40.106+0000] {logging_mixin.py:151} INFO - #False
[2024-01-17T21:27:40.107+0000] {logging_mixin.py:151} INFO - #False
[2024-01-17T21:27:40.107+0000] {logging_mixin.py:151} INFO - #False
[2024-01-17T21:27:40.107+0000] {logging_mixin.py:151} INFO - #False
[2024-01-17T21:27:40.107+0000] {logging_mixin.py:151} INFO - #False
[2024-01-17T21:27:40.107+0000] {logging_mixin.py:151} INFO - #False
[2024-01-17T21:27:40.107+0000] {logging_mixin.py:151} INFO - #False
[2024-01-17T21:27:40.107+0000] {logging_mixin.py:151} INFO - #False
[2024-01-17T21:27:40.107+0000] {logging_mixin.py:151} INFO - #False
[2024-01-17T21:27:40.107+0000] {logging_mixin.py:151} INFO - #False
[2024-01-17T21:27:40.107+0000] {logging_mixin.py:151} INFO - #False
[2024-01-17T21:27:40.108+0000] {logging_mixin.py:151} INFO - #False
[2024-01-17T21:27:40.108+0000] {logging_mixin.py:151} INFO - #False
[2024-01-17T21:27:40.108+0000] {logging_mixin.py:151} INFO - #False
[2024-01-17T21:27:40.108+0000] {logging_mixin.py:151} INFO - #False
[2024-01-17T21:27:40.108+0000] {logging_mixin.py:151} INFO - #False
[2024-01-17T21:27:40.108+0000] {logging_mixin.py:151} INFO - #False
[2024-01-17T21:27:40.108+0000] {logging_mixin.py:151} INFO - #False
[2024-01-17T21:27:40.108+0000] {logging_mixin.py:151} INFO - #False
[2024-01-17T21:27:40.108+0000] {logging_mixin.py:151} INFO - #False
[2024-01-17T21:27:40.108+0000] {logging_mixin.py:151} INFO - #False
[2024-01-17T21:27:40.108+0000] {logging_mixin.py:151} INFO - #False
[2024-01-17T21:27:40.108+0000] {logging_mixin.py:151} INFO - #False
[2024-01-17T21:27:40.108+0000] {logging_mixin.py:151} INFO - #False
[2024-01-17T21:27:40.108+0000] {logging_mixin.py:151} INFO - #False
[2024-01-17T21:27:40.108+0000] {logging_mixin.py:151} INFO - #False
[2024-01-17T21:27:40.108+0000] {logging_mixin.py:151} INFO - #False
[2024-01-17T21:27:40.108+0000] {logging_mixin.py:151} INFO - #False
[2024-01-17T21:27:40.108+0000] {logging_mixin.py:151} INFO - #False
[2024-01-17T21:27:40.108+0000] {logging_mixin.py:151} INFO -  submission : 
[2024-01-17T21:27:40.819+0000] {logging_mixin.py:151} INFO - #False
[2024-01-17T21:27:40.820+0000] {logging_mixin.py:151} INFO - #False
[2024-01-17T21:27:40.820+0000] {logging_mixin.py:151} INFO - #False
[2024-01-17T21:27:40.820+0000] {logging_mixin.py:151} INFO - #False
[2024-01-17T21:27:40.820+0000] {logging_mixin.py:151} INFO - #False
[2024-01-17T21:27:40.820+0000] {logging_mixin.py:151} INFO - #False
[2024-01-17T21:27:40.820+0000] {logging_mixin.py:151} INFO - #False
[2024-01-17T21:27:40.820+0000] {logging_mixin.py:151} INFO - #False
[2024-01-17T21:27:40.820+0000] {logging_mixin.py:151} INFO - #False
[2024-01-17T21:27:40.820+0000] {logging_mixin.py:151} INFO - #False
[2024-01-17T21:27:40.820+0000] {logging_mixin.py:151} INFO - #False
[2024-01-17T21:27:40.820+0000] {logging_mixin.py:151} INFO - #False
[2024-01-17T21:27:40.820+0000] {logging_mixin.py:151} INFO - #False
[2024-01-17T21:27:40.820+0000] {logging_mixin.py:151} INFO - #False
[2024-01-17T21:27:40.820+0000] {logging_mixin.py:151} INFO - #False
[2024-01-17T21:27:40.820+0000] {logging_mixin.py:151} INFO - #False
[2024-01-17T21:27:40.820+0000] {logging_mixin.py:151} INFO - #False
[2024-01-17T21:27:40.820+0000] {logging_mixin.py:151} INFO - #False
[2024-01-17T21:27:40.820+0000] {logging_mixin.py:151} INFO - #False
[2024-01-17T21:27:40.821+0000] {logging_mixin.py:151} INFO - #False
[2024-01-17T21:27:40.821+0000] {logging_mixin.py:151} INFO - #False
[2024-01-17T21:27:40.821+0000] {logging_mixin.py:151} INFO - #False
[2024-01-17T21:27:40.821+0000] {logging_mixin.py:151} INFO - #False
[2024-01-17T21:27:40.821+0000] {logging_mixin.py:151} INFO - #False
[2024-01-17T21:27:40.821+0000] {logging_mixin.py:151} INFO - #False
[2024-01-17T21:27:40.821+0000] {logging_mixin.py:151} INFO - #False
[2024-01-17T21:27:40.821+0000] {logging_mixin.py:151} INFO - #False
[2024-01-17T21:27:40.821+0000] {logging_mixin.py:151} INFO - #False
[2024-01-17T21:27:40.821+0000] {logging_mixin.py:151} INFO - #False
[2024-01-17T21:27:40.821+0000] {logging_mixin.py:151} INFO - #False
[2024-01-17T21:27:40.821+0000] {logging_mixin.py:151} INFO -  submission : 
[2024-01-17T21:27:41.414+0000] {logging_mixin.py:151} INFO - #False
[2024-01-17T21:27:41.414+0000] {logging_mixin.py:151} INFO - #False
[2024-01-17T21:27:41.414+0000] {logging_mixin.py:151} INFO - #False
[2024-01-17T21:27:41.414+0000] {logging_mixin.py:151} INFO - #False
[2024-01-17T21:27:41.414+0000] {logging_mixin.py:151} INFO - #False
[2024-01-17T21:27:41.414+0000] {logging_mixin.py:151} INFO - #False
[2024-01-17T21:27:41.414+0000] {logging_mixin.py:151} INFO - #False
[2024-01-17T21:27:41.414+0000] {logging_mixin.py:151} INFO - #False
[2024-01-17T21:27:41.414+0000] {logging_mixin.py:151} INFO - #False
[2024-01-17T21:27:41.414+0000] {logging_mixin.py:151} INFO - #False
[2024-01-17T21:27:41.414+0000] {logging_mixin.py:151} INFO - #False
[2024-01-17T21:27:41.414+0000] {logging_mixin.py:151} INFO - #False
[2024-01-17T21:27:41.414+0000] {logging_mixin.py:151} INFO - #False
[2024-01-17T21:27:41.415+0000] {logging_mixin.py:151} INFO - #False
[2024-01-17T21:27:41.415+0000] {logging_mixin.py:151} INFO - #False
[2024-01-17T21:27:41.415+0000] {logging_mixin.py:151} INFO - #False
[2024-01-17T21:27:41.415+0000] {logging_mixin.py:151} INFO - #False
[2024-01-17T21:27:41.415+0000] {logging_mixin.py:151} INFO - #False
[2024-01-17T21:27:41.415+0000] {logging_mixin.py:151} INFO - #False
[2024-01-17T21:27:41.415+0000] {logging_mixin.py:151} INFO - #False
[2024-01-17T21:27:41.415+0000] {logging_mixin.py:151} INFO - #False
[2024-01-17T21:27:41.415+0000] {logging_mixin.py:151} INFO - #False
[2024-01-17T21:27:41.415+0000] {logging_mixin.py:151} INFO - #False
[2024-01-17T21:27:41.415+0000] {logging_mixin.py:151} INFO - #False
[2024-01-17T21:27:41.415+0000] {logging_mixin.py:151} INFO - #False
[2024-01-17T21:27:41.415+0000] {logging_mixin.py:151} INFO - #False
[2024-01-17T21:27:41.415+0000] {logging_mixin.py:151} INFO - #False
[2024-01-17T21:27:41.415+0000] {logging_mixin.py:151} INFO - #False
[2024-01-17T21:27:41.415+0000] {logging_mixin.py:151} INFO - #False
[2024-01-17T21:27:41.415+0000] {logging_mixin.py:151} INFO - #False
[2024-01-17T21:27:41.415+0000] {logging_mixin.py:151} INFO -  submission : 
[2024-01-17T21:27:42.207+0000] {logging_mixin.py:151} INFO - #False
[2024-01-17T21:27:42.207+0000] {logging_mixin.py:151} INFO - #False
[2024-01-17T21:27:42.207+0000] {logging_mixin.py:151} INFO - #False
[2024-01-17T21:27:42.208+0000] {logging_mixin.py:151} INFO - #False
[2024-01-17T21:27:42.208+0000] {logging_mixin.py:151} INFO - #False
[2024-01-17T21:27:42.208+0000] {logging_mixin.py:151} INFO - #False
[2024-01-17T21:27:42.208+0000] {logging_mixin.py:151} INFO - #False
[2024-01-17T21:27:42.208+0000] {logging_mixin.py:151} INFO - #False
[2024-01-17T21:27:42.208+0000] {logging_mixin.py:151} INFO - #False
[2024-01-17T21:27:42.208+0000] {logging_mixin.py:151} INFO - #False
[2024-01-17T21:27:42.208+0000] {logging_mixin.py:151} INFO - #False
[2024-01-17T21:27:42.208+0000] {logging_mixin.py:151} INFO - #False
[2024-01-17T21:27:42.208+0000] {logging_mixin.py:151} INFO - #False
[2024-01-17T21:27:42.208+0000] {logging_mixin.py:151} INFO - #False
[2024-01-17T21:27:42.208+0000] {logging_mixin.py:151} INFO - #False
[2024-01-17T21:27:42.208+0000] {logging_mixin.py:151} INFO - #False
[2024-01-17T21:27:42.208+0000] {logging_mixin.py:151} INFO - #False
[2024-01-17T21:27:42.208+0000] {logging_mixin.py:151} INFO - #False
[2024-01-17T21:27:42.208+0000] {logging_mixin.py:151} INFO - #False
[2024-01-17T21:27:42.208+0000] {logging_mixin.py:151} INFO - #False
[2024-01-17T21:27:42.209+0000] {logging_mixin.py:151} INFO - #False
[2024-01-17T21:27:42.209+0000] {logging_mixin.py:151} INFO - #False
[2024-01-17T21:27:42.209+0000] {logging_mixin.py:151} INFO - #False
[2024-01-17T21:27:42.209+0000] {logging_mixin.py:151} INFO - #False
[2024-01-17T21:27:42.209+0000] {logging_mixin.py:151} INFO - #False
[2024-01-17T21:27:42.209+0000] {logging_mixin.py:151} INFO - #False
[2024-01-17T21:27:42.209+0000] {logging_mixin.py:151} INFO - #False
[2024-01-17T21:27:42.209+0000] {logging_mixin.py:151} INFO - #False
[2024-01-17T21:27:42.209+0000] {logging_mixin.py:151} INFO - #False
[2024-01-17T21:27:42.209+0000] {logging_mixin.py:151} INFO - #False
[2024-01-17T21:27:42.209+0000] {logging_mixin.py:151} INFO -  submission : 
[2024-01-17T21:27:42.978+0000] {logging_mixin.py:151} INFO - #False
[2024-01-17T21:27:42.979+0000] {logging_mixin.py:151} INFO - #False
[2024-01-17T21:27:42.979+0000] {logging_mixin.py:151} INFO - #False
[2024-01-17T21:27:42.979+0000] {logging_mixin.py:151} INFO - #False
[2024-01-17T21:27:42.979+0000] {logging_mixin.py:151} INFO - #False
[2024-01-17T21:27:42.979+0000] {logging_mixin.py:151} INFO - #False
[2024-01-17T21:27:42.979+0000] {logging_mixin.py:151} INFO - #False
[2024-01-17T21:27:42.979+0000] {logging_mixin.py:151} INFO - #False
[2024-01-17T21:27:42.979+0000] {logging_mixin.py:151} INFO - #False
[2024-01-17T21:27:42.979+0000] {logging_mixin.py:151} INFO - #False
[2024-01-17T21:27:42.979+0000] {logging_mixin.py:151} INFO - #False
[2024-01-17T21:27:42.979+0000] {logging_mixin.py:151} INFO - #False
[2024-01-17T21:27:42.979+0000] {logging_mixin.py:151} INFO - #False
[2024-01-17T21:27:42.979+0000] {logging_mixin.py:151} INFO - #False
[2024-01-17T21:27:42.979+0000] {logging_mixin.py:151} INFO - #False
[2024-01-17T21:27:42.979+0000] {logging_mixin.py:151} INFO - #False
[2024-01-17T21:27:42.979+0000] {logging_mixin.py:151} INFO - #False
[2024-01-17T21:27:42.979+0000] {logging_mixin.py:151} INFO - #False
[2024-01-17T21:27:42.979+0000] {logging_mixin.py:151} INFO - #False
[2024-01-17T21:27:42.979+0000] {logging_mixin.py:151} INFO - #False
[2024-01-17T21:27:42.979+0000] {logging_mixin.py:151} INFO - #False
[2024-01-17T21:27:42.979+0000] {logging_mixin.py:151} INFO - #False
[2024-01-17T21:27:42.980+0000] {logging_mixin.py:151} INFO - #False
[2024-01-17T21:27:42.980+0000] {logging_mixin.py:151} INFO - #False
[2024-01-17T21:27:42.980+0000] {logging_mixin.py:151} INFO - #False
[2024-01-17T21:27:42.980+0000] {logging_mixin.py:151} INFO - #False
[2024-01-17T21:27:42.980+0000] {logging_mixin.py:151} INFO - #False
[2024-01-17T21:27:42.980+0000] {logging_mixin.py:151} INFO - #False
[2024-01-17T21:27:42.980+0000] {logging_mixin.py:151} INFO - #False
[2024-01-17T21:27:42.980+0000] {logging_mixin.py:151} INFO - #False
[2024-01-17T21:27:42.980+0000] {conn.py:919} INFO - <BrokerConnection node_id=1 host=broker:29092 <connected> [IPv4 ('192.168.224.8', 29092)]>: Closing connection. 
[2024-01-17T21:27:42.981+0000] {python.py:194} INFO - Done. Returned value was: None
[2024-01-17T21:27:42.991+0000] {taskinstance.py:1400} INFO - Marking task as SUCCESS. dag_id=Stream_Data_4, task_id=Reddit, execution_date=20240117T212508, start_date=20240117T212736, end_date=20240117T212742
[2024-01-17T21:27:43.015+0000] {local_task_job_runner.py:228} INFO - Task exited with return code 0
[2024-01-17T21:27:43.029+0000] {taskinstance.py:2784} INFO - 0 downstream tasks scheduled from follow-on schedule check
