[2024-01-20T06:13:30.288+0000] {taskinstance.py:1159} INFO - Dependencies all met for dep_context=non-requeueable deps ti=<TaskInstance: Kafka_Producer_2.Reddit scheduled__2024-01-20T06:11:17.133110+00:00 [queued]>
[2024-01-20T06:13:30.294+0000] {taskinstance.py:1159} INFO - Dependencies all met for dep_context=requeueable deps ti=<TaskInstance: Kafka_Producer_2.Reddit scheduled__2024-01-20T06:11:17.133110+00:00 [queued]>
[2024-01-20T06:13:30.295+0000] {taskinstance.py:1361} INFO - Starting attempt 1 of 1
[2024-01-20T06:13:30.305+0000] {taskinstance.py:1382} INFO - Executing <Task(PythonOperator): Reddit> on 2024-01-20 06:11:17.133110+00:00
[2024-01-20T06:13:30.308+0000] {standard_task_runner.py:57} INFO - Started process 14745 to run task
[2024-01-20T06:13:30.310+0000] {standard_task_runner.py:84} INFO - Running: ['***', 'tasks', 'run', 'Kafka_Producer_2', 'Reddit', 'scheduled__2024-01-20T06:11:17.133110+00:00', '--job-id', '865', '--raw', '--subdir', 'DAGS_FOLDER/kafka_stream_2.py', '--cfg-path', '/tmp/tmpmj30p54x']
[2024-01-20T06:13:30.311+0000] {standard_task_runner.py:85} INFO - Job 865: Subtask Reddit
[2024-01-20T06:13:30.350+0000] {task_command.py:415} INFO - Running <TaskInstance: Kafka_Producer_2.Reddit scheduled__2024-01-20T06:11:17.133110+00:00 [running]> on host 45c5bfab8aa1
[2024-01-20T06:13:30.418+0000] {taskinstance.py:1660} INFO - Exporting env vars: AIRFLOW_CTX_DAG_OWNER='me' AIRFLOW_CTX_DAG_ID='Kafka_Producer_2' AIRFLOW_CTX_TASK_ID='Reddit' AIRFLOW_CTX_EXECUTION_DATE='2024-01-20T06:11:17.133110+00:00' AIRFLOW_CTX_TRY_NUMBER='1' AIRFLOW_CTX_DAG_RUN_ID='scheduled__2024-01-20T06:11:17.133110+00:00'
[2024-01-20T06:13:30.452+0000] {logging_mixin.py:151} INFO -  submission : 
[2024-01-20T06:13:31.300+0000] {logging_mixin.py:151} INFO - #False
[2024-01-20T06:13:31.300+0000] {logging_mixin.py:151} INFO - #False
[2024-01-20T06:13:31.301+0000] {logging_mixin.py:151} INFO - #False
[2024-01-20T06:13:31.301+0000] {logging_mixin.py:151} INFO - #False
[2024-01-20T06:13:31.301+0000] {logging_mixin.py:151} INFO - #False
[2024-01-20T06:13:31.301+0000] {logging_mixin.py:151} INFO - #False
[2024-01-20T06:13:31.301+0000] {logging_mixin.py:151} INFO - #False
[2024-01-20T06:13:31.302+0000] {logging_mixin.py:151} INFO - #False
[2024-01-20T06:13:31.302+0000] {logging_mixin.py:151} INFO - #False
[2024-01-20T06:13:31.302+0000] {logging_mixin.py:151} INFO - #False
[2024-01-20T06:13:31.302+0000] {logging_mixin.py:151} INFO - #False
[2024-01-20T06:13:31.303+0000] {logging_mixin.py:151} INFO - #False
[2024-01-20T06:13:31.303+0000] {logging_mixin.py:151} INFO - #False
[2024-01-20T06:13:31.303+0000] {logging_mixin.py:151} INFO - #False
[2024-01-20T06:13:31.305+0000] {logging_mixin.py:151} INFO - #False
[2024-01-20T06:13:31.307+0000] {logging_mixin.py:151} INFO - #False
[2024-01-20T06:13:31.308+0000] {logging_mixin.py:151} INFO - #False
[2024-01-20T06:13:31.309+0000] {logging_mixin.py:151} INFO - #False
[2024-01-20T06:13:31.309+0000] {logging_mixin.py:151} INFO - #False
[2024-01-20T06:13:31.311+0000] {logging_mixin.py:151} INFO - #False
[2024-01-20T06:13:31.312+0000] {logging_mixin.py:151} INFO - #False
[2024-01-20T06:13:31.312+0000] {logging_mixin.py:151} INFO - #False
[2024-01-20T06:13:31.312+0000] {logging_mixin.py:151} INFO - #False
[2024-01-20T06:13:31.313+0000] {logging_mixin.py:151} INFO - #False
[2024-01-20T06:13:31.313+0000] {logging_mixin.py:151} INFO - #False
[2024-01-20T06:13:31.313+0000] {logging_mixin.py:151} INFO - #False
[2024-01-20T06:13:31.314+0000] {logging_mixin.py:151} INFO - #False
[2024-01-20T06:13:31.314+0000] {logging_mixin.py:151} INFO - #False
[2024-01-20T06:13:31.314+0000] {logging_mixin.py:151} INFO - #False
[2024-01-20T06:13:31.315+0000] {logging_mixin.py:151} INFO - #False
[2024-01-20T06:13:31.315+0000] {logging_mixin.py:151} INFO -  submission : 
[2024-01-20T06:13:31.819+0000] {logging_mixin.py:151} INFO - #False
[2024-01-20T06:13:31.820+0000] {logging_mixin.py:151} INFO - #False
[2024-01-20T06:13:31.823+0000] {logging_mixin.py:151} INFO - #False
[2024-01-20T06:13:31.824+0000] {logging_mixin.py:151} INFO - #False
[2024-01-20T06:13:31.825+0000] {logging_mixin.py:151} INFO - #False
[2024-01-20T06:13:31.825+0000] {logging_mixin.py:151} INFO - #False
[2024-01-20T06:13:31.826+0000] {logging_mixin.py:151} INFO - #False
[2024-01-20T06:13:31.826+0000] {logging_mixin.py:151} INFO - #False
[2024-01-20T06:13:31.827+0000] {logging_mixin.py:151} INFO - #False
[2024-01-20T06:13:31.827+0000] {logging_mixin.py:151} INFO - #False
[2024-01-20T06:13:31.827+0000] {logging_mixin.py:151} INFO - #False
[2024-01-20T06:13:31.828+0000] {logging_mixin.py:151} INFO - #False
[2024-01-20T06:13:31.828+0000] {logging_mixin.py:151} INFO - #False
[2024-01-20T06:13:31.828+0000] {logging_mixin.py:151} INFO - #False
[2024-01-20T06:13:31.829+0000] {logging_mixin.py:151} INFO - #False
[2024-01-20T06:13:31.829+0000] {logging_mixin.py:151} INFO - #False
[2024-01-20T06:13:31.829+0000] {logging_mixin.py:151} INFO - #False
[2024-01-20T06:13:31.829+0000] {logging_mixin.py:151} INFO - #False
[2024-01-20T06:13:31.830+0000] {logging_mixin.py:151} INFO - #False
[2024-01-20T06:13:31.830+0000] {logging_mixin.py:151} INFO - #False
[2024-01-20T06:13:31.830+0000] {logging_mixin.py:151} INFO - #False
[2024-01-20T06:13:31.831+0000] {logging_mixin.py:151} INFO - #False
[2024-01-20T06:13:31.831+0000] {logging_mixin.py:151} INFO - #False
[2024-01-20T06:13:31.831+0000] {logging_mixin.py:151} INFO - #False
[2024-01-20T06:13:31.832+0000] {logging_mixin.py:151} INFO - #False
[2024-01-20T06:13:31.832+0000] {logging_mixin.py:151} INFO - #False
[2024-01-20T06:13:31.832+0000] {logging_mixin.py:151} INFO - #False
[2024-01-20T06:13:31.832+0000] {logging_mixin.py:151} INFO - #False
[2024-01-20T06:13:31.833+0000] {logging_mixin.py:151} INFO - #False
[2024-01-20T06:13:31.833+0000] {logging_mixin.py:151} INFO - #False
[2024-01-20T06:13:31.833+0000] {logging_mixin.py:151} INFO -  submission : 
[2024-01-20T06:13:32.818+0000] {logging_mixin.py:151} INFO - #False
[2024-01-20T06:13:32.818+0000] {logging_mixin.py:151} INFO - #False
[2024-01-20T06:13:32.818+0000] {logging_mixin.py:151} INFO - #False
[2024-01-20T06:13:32.819+0000] {logging_mixin.py:151} INFO - #False
[2024-01-20T06:13:32.819+0000] {logging_mixin.py:151} INFO - #False
[2024-01-20T06:13:32.819+0000] {logging_mixin.py:151} INFO - #False
[2024-01-20T06:13:32.820+0000] {logging_mixin.py:151} INFO - #False
[2024-01-20T06:13:32.820+0000] {logging_mixin.py:151} INFO - #False
[2024-01-20T06:13:32.820+0000] {logging_mixin.py:151} INFO - #False
[2024-01-20T06:13:32.820+0000] {logging_mixin.py:151} INFO - #False
[2024-01-20T06:13:32.820+0000] {logging_mixin.py:151} INFO - #False
[2024-01-20T06:13:32.821+0000] {logging_mixin.py:151} INFO - #False
[2024-01-20T06:13:32.821+0000] {logging_mixin.py:151} INFO - #False
[2024-01-20T06:13:32.821+0000] {logging_mixin.py:151} INFO - #False
[2024-01-20T06:13:32.821+0000] {logging_mixin.py:151} INFO - #False
[2024-01-20T06:13:32.821+0000] {logging_mixin.py:151} INFO - #False
[2024-01-20T06:13:32.822+0000] {logging_mixin.py:151} INFO - #False
[2024-01-20T06:13:32.822+0000] {logging_mixin.py:151} INFO - #False
[2024-01-20T06:13:32.822+0000] {logging_mixin.py:151} INFO - #False
[2024-01-20T06:13:32.823+0000] {logging_mixin.py:151} INFO - #False
[2024-01-20T06:13:32.823+0000] {logging_mixin.py:151} INFO - #False
[2024-01-20T06:13:32.823+0000] {logging_mixin.py:151} INFO - #False
[2024-01-20T06:13:32.823+0000] {logging_mixin.py:151} INFO - #False
[2024-01-20T06:13:32.824+0000] {logging_mixin.py:151} INFO - #False
[2024-01-20T06:13:32.824+0000] {logging_mixin.py:151} INFO - #False
[2024-01-20T06:13:32.824+0000] {logging_mixin.py:151} INFO - #False
[2024-01-20T06:13:32.824+0000] {logging_mixin.py:151} INFO - #False
[2024-01-20T06:13:32.824+0000] {logging_mixin.py:151} INFO - #False
[2024-01-20T06:13:32.825+0000] {logging_mixin.py:151} INFO - #False
[2024-01-20T06:13:32.825+0000] {logging_mixin.py:151} INFO - #False
[2024-01-20T06:13:32.825+0000] {logging_mixin.py:151} INFO -  submission : 
[2024-01-20T06:13:33.287+0000] {logging_mixin.py:151} INFO - #False
[2024-01-20T06:13:33.288+0000] {logging_mixin.py:151} INFO - #False
[2024-01-20T06:13:33.289+0000] {logging_mixin.py:151} INFO - #False
[2024-01-20T06:13:33.290+0000] {logging_mixin.py:151} INFO - #False
[2024-01-20T06:13:33.290+0000] {logging_mixin.py:151} INFO - #False
[2024-01-20T06:13:33.291+0000] {logging_mixin.py:151} INFO - #False
[2024-01-20T06:13:33.292+0000] {logging_mixin.py:151} INFO - #False
[2024-01-20T06:13:33.293+0000] {logging_mixin.py:151} INFO - #False
[2024-01-20T06:13:33.293+0000] {logging_mixin.py:151} INFO - #False
[2024-01-20T06:13:33.294+0000] {logging_mixin.py:151} INFO - #False
[2024-01-20T06:13:33.294+0000] {logging_mixin.py:151} INFO - #False
[2024-01-20T06:13:33.294+0000] {logging_mixin.py:151} INFO - #False
[2024-01-20T06:13:33.295+0000] {logging_mixin.py:151} INFO - #False
[2024-01-20T06:13:33.296+0000] {logging_mixin.py:151} INFO - #False
[2024-01-20T06:13:33.296+0000] {logging_mixin.py:151} INFO - #False
[2024-01-20T06:13:33.297+0000] {logging_mixin.py:151} INFO - #False
[2024-01-20T06:13:33.297+0000] {logging_mixin.py:151} INFO - #False
[2024-01-20T06:13:33.297+0000] {logging_mixin.py:151} INFO - #False
[2024-01-20T06:13:33.298+0000] {logging_mixin.py:151} INFO - #False
[2024-01-20T06:13:33.298+0000] {logging_mixin.py:151} INFO - #False
[2024-01-20T06:13:33.298+0000] {logging_mixin.py:151} INFO - #False
[2024-01-20T06:13:33.298+0000] {logging_mixin.py:151} INFO - #False
[2024-01-20T06:13:33.299+0000] {logging_mixin.py:151} INFO - #False
[2024-01-20T06:13:33.299+0000] {logging_mixin.py:151} INFO - #False
[2024-01-20T06:13:33.300+0000] {logging_mixin.py:151} INFO - #False
[2024-01-20T06:13:33.300+0000] {logging_mixin.py:151} INFO - #False
[2024-01-20T06:13:33.300+0000] {logging_mixin.py:151} INFO - #False
[2024-01-20T06:13:33.300+0000] {logging_mixin.py:151} INFO - #False
[2024-01-20T06:13:33.301+0000] {logging_mixin.py:151} INFO - #False
[2024-01-20T06:13:33.301+0000] {logging_mixin.py:151} INFO - #False
[2024-01-20T06:13:33.301+0000] {logging_mixin.py:151} INFO -  submission : 
[2024-01-20T06:13:33.775+0000] {logging_mixin.py:151} INFO - #False
[2024-01-20T06:13:33.775+0000] {logging_mixin.py:151} INFO - #False
[2024-01-20T06:13:33.776+0000] {logging_mixin.py:151} INFO - #False
[2024-01-20T06:13:33.776+0000] {logging_mixin.py:151} INFO - #False
[2024-01-20T06:13:33.777+0000] {logging_mixin.py:151} INFO - #False
[2024-01-20T06:13:33.777+0000] {logging_mixin.py:151} INFO - #False
[2024-01-20T06:13:33.777+0000] {logging_mixin.py:151} INFO - #False
[2024-01-20T06:13:33.778+0000] {logging_mixin.py:151} INFO - #False
[2024-01-20T06:13:33.778+0000] {logging_mixin.py:151} INFO - #False
[2024-01-20T06:13:33.779+0000] {logging_mixin.py:151} INFO - #False
[2024-01-20T06:13:33.779+0000] {logging_mixin.py:151} INFO - #False
[2024-01-20T06:13:33.779+0000] {logging_mixin.py:151} INFO - #False
[2024-01-20T06:13:33.779+0000] {logging_mixin.py:151} INFO - #False
[2024-01-20T06:13:33.780+0000] {logging_mixin.py:151} INFO - #False
[2024-01-20T06:13:33.780+0000] {logging_mixin.py:151} INFO - #False
[2024-01-20T06:13:33.780+0000] {logging_mixin.py:151} INFO - #False
[2024-01-20T06:13:33.780+0000] {logging_mixin.py:151} INFO - #False
[2024-01-20T06:13:33.781+0000] {logging_mixin.py:151} INFO - #False
[2024-01-20T06:13:33.781+0000] {logging_mixin.py:151} INFO - #False
[2024-01-20T06:13:33.781+0000] {logging_mixin.py:151} INFO - #False
[2024-01-20T06:13:33.782+0000] {logging_mixin.py:151} INFO - #False
[2024-01-20T06:13:33.782+0000] {logging_mixin.py:151} INFO - #False
[2024-01-20T06:13:33.782+0000] {logging_mixin.py:151} INFO - #False
[2024-01-20T06:13:33.783+0000] {logging_mixin.py:151} INFO - #False
[2024-01-20T06:13:33.783+0000] {logging_mixin.py:151} INFO - #False
[2024-01-20T06:13:33.783+0000] {logging_mixin.py:151} INFO - #False
[2024-01-20T06:13:33.783+0000] {logging_mixin.py:151} INFO - #False
[2024-01-20T06:13:33.784+0000] {logging_mixin.py:151} INFO - #False
[2024-01-20T06:13:33.784+0000] {logging_mixin.py:151} INFO - #False
[2024-01-20T06:13:33.784+0000] {logging_mixin.py:151} INFO - #False
[2024-01-20T06:13:33.784+0000] {logging_mixin.py:151} INFO -  submission : 
[2024-01-20T06:13:34.280+0000] {logging_mixin.py:151} INFO - #False
[2024-01-20T06:13:34.281+0000] {logging_mixin.py:151} INFO - #False
[2024-01-20T06:13:34.281+0000] {logging_mixin.py:151} INFO - #False
[2024-01-20T06:13:34.282+0000] {logging_mixin.py:151} INFO - #False
[2024-01-20T06:13:34.282+0000] {logging_mixin.py:151} INFO - #False
[2024-01-20T06:13:34.282+0000] {logging_mixin.py:151} INFO - #False
[2024-01-20T06:13:34.282+0000] {logging_mixin.py:151} INFO - #False
[2024-01-20T06:13:34.283+0000] {logging_mixin.py:151} INFO - #False
[2024-01-20T06:13:34.283+0000] {logging_mixin.py:151} INFO - #False
[2024-01-20T06:13:34.283+0000] {logging_mixin.py:151} INFO - #False
[2024-01-20T06:13:34.283+0000] {logging_mixin.py:151} INFO - #False
[2024-01-20T06:13:34.284+0000] {logging_mixin.py:151} INFO - #False
[2024-01-20T06:13:34.284+0000] {logging_mixin.py:151} INFO - #False
[2024-01-20T06:13:34.284+0000] {logging_mixin.py:151} INFO - #False
[2024-01-20T06:13:34.284+0000] {logging_mixin.py:151} INFO - #False
[2024-01-20T06:13:34.285+0000] {logging_mixin.py:151} INFO - #False
[2024-01-20T06:13:34.285+0000] {logging_mixin.py:151} INFO - #False
[2024-01-20T06:13:34.285+0000] {logging_mixin.py:151} INFO - #False
[2024-01-20T06:13:34.286+0000] {logging_mixin.py:151} INFO - #False
[2024-01-20T06:13:34.286+0000] {logging_mixin.py:151} INFO - #False
[2024-01-20T06:13:34.286+0000] {logging_mixin.py:151} INFO - #False
[2024-01-20T06:13:34.287+0000] {logging_mixin.py:151} INFO - #False
[2024-01-20T06:13:34.287+0000] {logging_mixin.py:151} INFO - #False
[2024-01-20T06:13:34.287+0000] {logging_mixin.py:151} INFO - #False
[2024-01-20T06:13:34.287+0000] {logging_mixin.py:151} INFO - #False
[2024-01-20T06:13:34.288+0000] {logging_mixin.py:151} INFO - #False
[2024-01-20T06:13:34.288+0000] {logging_mixin.py:151} INFO - #False
[2024-01-20T06:13:34.288+0000] {logging_mixin.py:151} INFO - #False
[2024-01-20T06:13:34.288+0000] {logging_mixin.py:151} INFO - #False
[2024-01-20T06:13:34.289+0000] {logging_mixin.py:151} INFO - #False
[2024-01-20T06:13:34.289+0000] {logging_mixin.py:151} INFO -  submission : 
[2024-01-20T06:13:34.766+0000] {logging_mixin.py:151} INFO - #False
[2024-01-20T06:13:34.767+0000] {logging_mixin.py:151} INFO - #False
[2024-01-20T06:13:34.768+0000] {logging_mixin.py:151} INFO - #False
[2024-01-20T06:13:34.768+0000] {logging_mixin.py:151} INFO - #False
[2024-01-20T06:13:34.768+0000] {logging_mixin.py:151} INFO - #False
[2024-01-20T06:13:34.768+0000] {logging_mixin.py:151} INFO - #False
[2024-01-20T06:13:34.769+0000] {logging_mixin.py:151} INFO - #False
[2024-01-20T06:13:34.769+0000] {logging_mixin.py:151} INFO - #False
[2024-01-20T06:13:34.769+0000] {logging_mixin.py:151} INFO - #False
[2024-01-20T06:13:34.769+0000] {logging_mixin.py:151} INFO - #False
[2024-01-20T06:13:34.770+0000] {logging_mixin.py:151} INFO - #False
[2024-01-20T06:13:34.770+0000] {logging_mixin.py:151} INFO - #False
[2024-01-20T06:13:34.770+0000] {logging_mixin.py:151} INFO - #False
[2024-01-20T06:13:34.770+0000] {logging_mixin.py:151} INFO - #False
[2024-01-20T06:13:34.770+0000] {logging_mixin.py:151} INFO - #False
[2024-01-20T06:13:34.771+0000] {logging_mixin.py:151} INFO - #False
[2024-01-20T06:13:34.771+0000] {logging_mixin.py:151} INFO - #False
[2024-01-20T06:13:34.771+0000] {logging_mixin.py:151} INFO - #False
[2024-01-20T06:13:34.771+0000] {logging_mixin.py:151} INFO - #False
[2024-01-20T06:13:34.771+0000] {logging_mixin.py:151} INFO - #False
[2024-01-20T06:13:34.772+0000] {logging_mixin.py:151} INFO - #False
[2024-01-20T06:13:34.772+0000] {logging_mixin.py:151} INFO - #False
[2024-01-20T06:13:34.772+0000] {logging_mixin.py:151} INFO - #False
[2024-01-20T06:13:34.772+0000] {logging_mixin.py:151} INFO - #False
[2024-01-20T06:13:34.772+0000] {logging_mixin.py:151} INFO - #False
[2024-01-20T06:13:34.773+0000] {logging_mixin.py:151} INFO - #False
[2024-01-20T06:13:34.773+0000] {logging_mixin.py:151} INFO - #False
[2024-01-20T06:13:34.773+0000] {logging_mixin.py:151} INFO - #False
[2024-01-20T06:13:34.773+0000] {logging_mixin.py:151} INFO - #False
[2024-01-20T06:13:34.774+0000] {logging_mixin.py:151} INFO - #False
[2024-01-20T06:13:34.774+0000] {logging_mixin.py:151} INFO -  submission : 
[2024-01-20T06:13:35.394+0000] {logging_mixin.py:151} INFO - #False
[2024-01-20T06:13:35.394+0000] {logging_mixin.py:151} INFO - #False
[2024-01-20T06:13:35.394+0000] {logging_mixin.py:151} INFO - #False
[2024-01-20T06:13:35.395+0000] {logging_mixin.py:151} INFO - #False
[2024-01-20T06:13:35.395+0000] {logging_mixin.py:151} INFO - #False
[2024-01-20T06:13:35.395+0000] {logging_mixin.py:151} INFO - #False
[2024-01-20T06:13:35.395+0000] {logging_mixin.py:151} INFO - #False
[2024-01-20T06:13:35.396+0000] {logging_mixin.py:151} INFO - #False
[2024-01-20T06:13:35.396+0000] {logging_mixin.py:151} INFO - #False
[2024-01-20T06:13:35.396+0000] {logging_mixin.py:151} INFO - #False
[2024-01-20T06:13:35.396+0000] {logging_mixin.py:151} INFO - #False
[2024-01-20T06:13:35.397+0000] {logging_mixin.py:151} INFO - #False
[2024-01-20T06:13:35.397+0000] {logging_mixin.py:151} INFO - #False
[2024-01-20T06:13:35.397+0000] {logging_mixin.py:151} INFO - #False
[2024-01-20T06:13:35.397+0000] {logging_mixin.py:151} INFO - #False
[2024-01-20T06:13:35.397+0000] {logging_mixin.py:151} INFO - #False
[2024-01-20T06:13:35.398+0000] {logging_mixin.py:151} INFO - #False
[2024-01-20T06:13:35.398+0000] {logging_mixin.py:151} INFO - #False
[2024-01-20T06:13:35.398+0000] {logging_mixin.py:151} INFO - #False
[2024-01-20T06:13:35.398+0000] {logging_mixin.py:151} INFO - #False
[2024-01-20T06:13:35.398+0000] {logging_mixin.py:151} INFO - #False
[2024-01-20T06:13:35.399+0000] {logging_mixin.py:151} INFO - #False
[2024-01-20T06:13:35.399+0000] {logging_mixin.py:151} INFO - #False
[2024-01-20T06:13:35.399+0000] {logging_mixin.py:151} INFO - #False
[2024-01-20T06:13:35.399+0000] {logging_mixin.py:151} INFO - #False
[2024-01-20T06:13:35.400+0000] {logging_mixin.py:151} INFO - #False
[2024-01-20T06:13:35.400+0000] {logging_mixin.py:151} INFO - #False
[2024-01-20T06:13:35.400+0000] {logging_mixin.py:151} INFO - #False
[2024-01-20T06:13:35.400+0000] {logging_mixin.py:151} INFO - #False
[2024-01-20T06:13:35.400+0000] {logging_mixin.py:151} INFO - #False
[2024-01-20T06:13:35.401+0000] {python.py:194} INFO - Done. Returned value was: None
[2024-01-20T06:13:35.472+0000] {taskinstance.py:1400} INFO - Marking task as SUCCESS. dag_id=Kafka_Producer_2, task_id=Reddit, execution_date=20240120T061117, start_date=20240120T061330, end_date=20240120T061335
[2024-01-20T06:13:35.523+0000] {local_task_job_runner.py:228} INFO - Task exited with return code 0
[2024-01-20T06:13:35.535+0000] {taskinstance.py:2784} INFO - 0 downstream tasks scheduled from follow-on schedule check
