[2024-01-20T08:24:28.269+0000] {taskinstance.py:1159} INFO - Dependencies all met for dep_context=non-requeueable deps ti=<TaskInstance: Kafka_Producer_4.Reddit scheduled__2024-01-20T08:22:24.226607+00:00 [queued]>
[2024-01-20T08:24:28.274+0000] {taskinstance.py:1159} INFO - Dependencies all met for dep_context=requeueable deps ti=<TaskInstance: Kafka_Producer_4.Reddit scheduled__2024-01-20T08:22:24.226607+00:00 [queued]>
[2024-01-20T08:24:28.274+0000] {taskinstance.py:1361} INFO - Starting attempt 1 of 1
[2024-01-20T08:24:28.284+0000] {taskinstance.py:1382} INFO - Executing <Task(PythonOperator): Reddit> on 2024-01-20 08:22:24.226607+00:00
[2024-01-20T08:24:28.287+0000] {standard_task_runner.py:57} INFO - Started process 1383 to run task
[2024-01-20T08:24:28.289+0000] {standard_task_runner.py:84} INFO - Running: ['***', 'tasks', 'run', 'Kafka_Producer_4', 'Reddit', 'scheduled__2024-01-20T08:22:24.226607+00:00', '--job-id', '1060', '--raw', '--subdir', 'DAGS_FOLDER/kafka_stream_4.py', '--cfg-path', '/tmp/tmpm7invac4']
[2024-01-20T08:24:28.290+0000] {standard_task_runner.py:85} INFO - Job 1060: Subtask Reddit
[2024-01-20T08:24:28.327+0000] {task_command.py:415} INFO - Running <TaskInstance: Kafka_Producer_4.Reddit scheduled__2024-01-20T08:22:24.226607+00:00 [running]> on host 45c5bfab8aa1
[2024-01-20T08:24:28.388+0000] {taskinstance.py:1660} INFO - Exporting env vars: AIRFLOW_CTX_DAG_OWNER='me' AIRFLOW_CTX_DAG_ID='Kafka_Producer_4' AIRFLOW_CTX_TASK_ID='Reddit' AIRFLOW_CTX_EXECUTION_DATE='2024-01-20T08:22:24.226607+00:00' AIRFLOW_CTX_TRY_NUMBER='1' AIRFLOW_CTX_DAG_RUN_ID='scheduled__2024-01-20T08:22:24.226607+00:00'
[2024-01-20T08:24:28.415+0000] {logging_mixin.py:151} INFO -  submission : 
[2024-01-20T08:24:29.407+0000] {logging_mixin.py:151} INFO - #False
[2024-01-20T08:24:29.410+0000] {logging_mixin.py:151} INFO - #False
[2024-01-20T08:24:29.411+0000] {logging_mixin.py:151} INFO - #False
[2024-01-20T08:24:29.411+0000] {logging_mixin.py:151} INFO - #False
[2024-01-20T08:24:29.411+0000] {logging_mixin.py:151} INFO - #False
[2024-01-20T08:24:29.412+0000] {logging_mixin.py:151} INFO - #False
[2024-01-20T08:24:29.412+0000] {logging_mixin.py:151} INFO - #False
[2024-01-20T08:24:29.413+0000] {logging_mixin.py:151} INFO - #False
[2024-01-20T08:24:29.414+0000] {logging_mixin.py:151} INFO - #False
[2024-01-20T08:24:29.414+0000] {logging_mixin.py:151} INFO - #False
[2024-01-20T08:24:29.414+0000] {logging_mixin.py:151} INFO - #False
[2024-01-20T08:24:29.415+0000] {logging_mixin.py:151} INFO - #False
[2024-01-20T08:24:29.415+0000] {logging_mixin.py:151} INFO - #False
[2024-01-20T08:24:29.415+0000] {logging_mixin.py:151} INFO - #False
[2024-01-20T08:24:29.415+0000] {logging_mixin.py:151} INFO - #False
[2024-01-20T08:24:29.415+0000] {logging_mixin.py:151} INFO - #False
[2024-01-20T08:24:29.416+0000] {logging_mixin.py:151} INFO - #False
[2024-01-20T08:24:29.416+0000] {logging_mixin.py:151} INFO - #False
[2024-01-20T08:24:29.416+0000] {logging_mixin.py:151} INFO - #False
[2024-01-20T08:24:29.416+0000] {logging_mixin.py:151} INFO - #False
[2024-01-20T08:24:29.416+0000] {logging_mixin.py:151} INFO - #False
[2024-01-20T08:24:29.417+0000] {logging_mixin.py:151} INFO - #False
[2024-01-20T08:24:29.417+0000] {logging_mixin.py:151} INFO - #False
[2024-01-20T08:24:29.417+0000] {logging_mixin.py:151} INFO - #False
[2024-01-20T08:24:29.417+0000] {logging_mixin.py:151} INFO - #False
[2024-01-20T08:24:29.418+0000] {logging_mixin.py:151} INFO - #False
[2024-01-20T08:24:29.418+0000] {logging_mixin.py:151} INFO - #False
[2024-01-20T08:24:29.419+0000] {logging_mixin.py:151} INFO - #False
[2024-01-20T08:24:29.419+0000] {logging_mixin.py:151} INFO - #False
[2024-01-20T08:24:29.419+0000] {logging_mixin.py:151} INFO - #False
[2024-01-20T08:24:29.419+0000] {logging_mixin.py:151} INFO -  submission : 
[2024-01-20T08:24:30.135+0000] {logging_mixin.py:151} INFO - #False
[2024-01-20T08:24:30.135+0000] {logging_mixin.py:151} INFO - #False
[2024-01-20T08:24:30.136+0000] {logging_mixin.py:151} INFO - #False
[2024-01-20T08:24:30.136+0000] {logging_mixin.py:151} INFO - #False
[2024-01-20T08:24:30.136+0000] {logging_mixin.py:151} INFO - #False
[2024-01-20T08:24:30.137+0000] {logging_mixin.py:151} INFO - #False
[2024-01-20T08:24:30.138+0000] {logging_mixin.py:151} INFO - #False
[2024-01-20T08:24:30.138+0000] {logging_mixin.py:151} INFO - #False
[2024-01-20T08:24:30.138+0000] {logging_mixin.py:151} INFO - #False
[2024-01-20T08:24:30.138+0000] {logging_mixin.py:151} INFO - #False
[2024-01-20T08:24:30.139+0000] {logging_mixin.py:151} INFO - #False
[2024-01-20T08:24:30.139+0000] {logging_mixin.py:151} INFO - #False
[2024-01-20T08:24:30.139+0000] {logging_mixin.py:151} INFO - #False
[2024-01-20T08:24:30.139+0000] {logging_mixin.py:151} INFO - #False
[2024-01-20T08:24:30.140+0000] {logging_mixin.py:151} INFO - #False
[2024-01-20T08:24:30.140+0000] {logging_mixin.py:151} INFO - #False
[2024-01-20T08:24:30.140+0000] {logging_mixin.py:151} INFO - #False
[2024-01-20T08:24:30.140+0000] {logging_mixin.py:151} INFO - #False
[2024-01-20T08:24:30.141+0000] {logging_mixin.py:151} INFO - #False
[2024-01-20T08:24:30.141+0000] {logging_mixin.py:151} INFO - #False
[2024-01-20T08:24:30.141+0000] {logging_mixin.py:151} INFO - #False
[2024-01-20T08:24:30.141+0000] {logging_mixin.py:151} INFO - #False
[2024-01-20T08:24:30.141+0000] {logging_mixin.py:151} INFO - #False
[2024-01-20T08:24:30.142+0000] {logging_mixin.py:151} INFO - #False
[2024-01-20T08:24:30.142+0000] {logging_mixin.py:151} INFO - #False
[2024-01-20T08:24:30.142+0000] {logging_mixin.py:151} INFO - #False
[2024-01-20T08:24:30.143+0000] {logging_mixin.py:151} INFO - #False
[2024-01-20T08:24:30.143+0000] {logging_mixin.py:151} INFO - #False
[2024-01-20T08:24:30.143+0000] {logging_mixin.py:151} INFO - #False
[2024-01-20T08:24:30.143+0000] {logging_mixin.py:151} INFO - #False
[2024-01-20T08:24:30.143+0000] {logging_mixin.py:151} INFO -  submission : 
[2024-01-20T08:24:31.251+0000] {logging_mixin.py:151} INFO - #False
[2024-01-20T08:24:31.253+0000] {logging_mixin.py:151} INFO - #False
[2024-01-20T08:24:31.254+0000] {logging_mixin.py:151} INFO - #False
[2024-01-20T08:24:31.255+0000] {logging_mixin.py:151} INFO - #False
[2024-01-20T08:24:31.255+0000] {logging_mixin.py:151} INFO - #False
[2024-01-20T08:24:31.256+0000] {logging_mixin.py:151} INFO - #False
[2024-01-20T08:24:31.256+0000] {logging_mixin.py:151} INFO - #False
[2024-01-20T08:24:31.256+0000] {logging_mixin.py:151} INFO - #False
[2024-01-20T08:24:31.257+0000] {logging_mixin.py:151} INFO - #False
[2024-01-20T08:24:31.257+0000] {logging_mixin.py:151} INFO - #False
[2024-01-20T08:24:31.258+0000] {logging_mixin.py:151} INFO - #False
[2024-01-20T08:24:31.258+0000] {logging_mixin.py:151} INFO - #False
[2024-01-20T08:24:31.258+0000] {logging_mixin.py:151} INFO - #False
[2024-01-20T08:24:31.259+0000] {logging_mixin.py:151} INFO - #False
[2024-01-20T08:24:31.259+0000] {logging_mixin.py:151} INFO - #False
[2024-01-20T08:24:31.260+0000] {logging_mixin.py:151} INFO - #False
[2024-01-20T08:24:31.260+0000] {logging_mixin.py:151} INFO - #False
[2024-01-20T08:24:31.261+0000] {logging_mixin.py:151} INFO - #False
[2024-01-20T08:24:31.261+0000] {logging_mixin.py:151} INFO - #False
[2024-01-20T08:24:31.262+0000] {logging_mixin.py:151} INFO - #False
[2024-01-20T08:24:31.262+0000] {logging_mixin.py:151} INFO - #False
[2024-01-20T08:24:31.263+0000] {logging_mixin.py:151} INFO - #False
[2024-01-20T08:24:31.263+0000] {logging_mixin.py:151} INFO - #False
[2024-01-20T08:24:31.264+0000] {logging_mixin.py:151} INFO - #False
[2024-01-20T08:24:31.264+0000] {logging_mixin.py:151} INFO - #False
[2024-01-20T08:24:31.265+0000] {logging_mixin.py:151} INFO - #False
[2024-01-20T08:24:31.265+0000] {logging_mixin.py:151} INFO - #False
[2024-01-20T08:24:31.265+0000] {logging_mixin.py:151} INFO - #False
[2024-01-20T08:24:31.266+0000] {logging_mixin.py:151} INFO - #False
[2024-01-20T08:24:31.266+0000] {logging_mixin.py:151} INFO - #False
[2024-01-20T08:24:31.266+0000] {logging_mixin.py:151} INFO -  submission : 
[2024-01-20T08:24:31.800+0000] {logging_mixin.py:151} INFO - #False
[2024-01-20T08:24:31.800+0000] {logging_mixin.py:151} INFO - #False
[2024-01-20T08:24:31.801+0000] {logging_mixin.py:151} INFO - #False
[2024-01-20T08:24:31.801+0000] {logging_mixin.py:151} INFO - #False
[2024-01-20T08:24:31.802+0000] {logging_mixin.py:151} INFO - #False
[2024-01-20T08:24:31.802+0000] {logging_mixin.py:151} INFO - #False
[2024-01-20T08:24:31.802+0000] {logging_mixin.py:151} INFO - #False
[2024-01-20T08:24:31.803+0000] {logging_mixin.py:151} INFO - #False
[2024-01-20T08:24:31.803+0000] {logging_mixin.py:151} INFO - #False
[2024-01-20T08:24:31.803+0000] {logging_mixin.py:151} INFO - #False
[2024-01-20T08:24:31.804+0000] {logging_mixin.py:151} INFO - #False
[2024-01-20T08:24:31.804+0000] {logging_mixin.py:151} INFO - #False
[2024-01-20T08:24:31.804+0000] {logging_mixin.py:151} INFO - #False
[2024-01-20T08:24:31.804+0000] {logging_mixin.py:151} INFO - #False
[2024-01-20T08:24:31.806+0000] {logging_mixin.py:151} INFO - #False
[2024-01-20T08:24:31.806+0000] {logging_mixin.py:151} INFO - #False
[2024-01-20T08:24:31.807+0000] {logging_mixin.py:151} INFO - #False
[2024-01-20T08:24:31.807+0000] {logging_mixin.py:151} INFO - #False
[2024-01-20T08:24:31.808+0000] {logging_mixin.py:151} INFO - #False
[2024-01-20T08:24:31.816+0000] {logging_mixin.py:151} INFO - #False
[2024-01-20T08:24:31.819+0000] {logging_mixin.py:151} INFO - #False
[2024-01-20T08:24:31.820+0000] {logging_mixin.py:151} INFO - #False
[2024-01-20T08:24:31.820+0000] {logging_mixin.py:151} INFO - #False
[2024-01-20T08:24:31.821+0000] {logging_mixin.py:151} INFO - #False
[2024-01-20T08:24:31.821+0000] {logging_mixin.py:151} INFO - #False
[2024-01-20T08:24:31.822+0000] {logging_mixin.py:151} INFO - #False
[2024-01-20T08:24:31.822+0000] {logging_mixin.py:151} INFO - #False
[2024-01-20T08:24:31.822+0000] {logging_mixin.py:151} INFO - #False
[2024-01-20T08:24:31.823+0000] {logging_mixin.py:151} INFO - #False
[2024-01-20T08:24:31.823+0000] {logging_mixin.py:151} INFO - #False
[2024-01-20T08:24:31.823+0000] {logging_mixin.py:151} INFO -  submission : 
[2024-01-20T08:24:32.379+0000] {logging_mixin.py:151} INFO - #False
[2024-01-20T08:24:32.379+0000] {logging_mixin.py:151} INFO - #False
[2024-01-20T08:24:32.380+0000] {logging_mixin.py:151} INFO - #False
[2024-01-20T08:24:32.380+0000] {logging_mixin.py:151} INFO - #False
[2024-01-20T08:24:32.380+0000] {logging_mixin.py:151} INFO - #False
[2024-01-20T08:24:32.380+0000] {logging_mixin.py:151} INFO - #False
[2024-01-20T08:24:32.381+0000] {logging_mixin.py:151} INFO - #False
[2024-01-20T08:24:32.381+0000] {logging_mixin.py:151} INFO - #False
[2024-01-20T08:24:32.381+0000] {logging_mixin.py:151} INFO - #False
[2024-01-20T08:24:32.381+0000] {logging_mixin.py:151} INFO - #False
[2024-01-20T08:24:32.381+0000] {logging_mixin.py:151} INFO - #False
[2024-01-20T08:24:32.382+0000] {logging_mixin.py:151} INFO - #False
[2024-01-20T08:24:32.382+0000] {logging_mixin.py:151} INFO - #False
[2024-01-20T08:24:32.382+0000] {logging_mixin.py:151} INFO - #False
[2024-01-20T08:24:32.382+0000] {logging_mixin.py:151} INFO - #False
[2024-01-20T08:24:32.383+0000] {logging_mixin.py:151} INFO - #False
[2024-01-20T08:24:32.383+0000] {logging_mixin.py:151} INFO - #False
[2024-01-20T08:24:32.384+0000] {logging_mixin.py:151} INFO - #False
[2024-01-20T08:24:32.384+0000] {logging_mixin.py:151} INFO - #False
[2024-01-20T08:24:32.384+0000] {logging_mixin.py:151} INFO - #False
[2024-01-20T08:24:32.384+0000] {logging_mixin.py:151} INFO - #False
[2024-01-20T08:24:32.384+0000] {logging_mixin.py:151} INFO - #False
[2024-01-20T08:24:32.385+0000] {logging_mixin.py:151} INFO - #False
[2024-01-20T08:24:32.385+0000] {logging_mixin.py:151} INFO - #False
[2024-01-20T08:24:32.385+0000] {logging_mixin.py:151} INFO - #False
[2024-01-20T08:24:32.385+0000] {logging_mixin.py:151} INFO - #False
[2024-01-20T08:24:32.385+0000] {logging_mixin.py:151} INFO - #False
[2024-01-20T08:24:32.385+0000] {logging_mixin.py:151} INFO - #False
[2024-01-20T08:24:32.385+0000] {logging_mixin.py:151} INFO - #False
[2024-01-20T08:24:32.386+0000] {logging_mixin.py:151} INFO - #False
[2024-01-20T08:24:32.386+0000] {logging_mixin.py:151} INFO -  submission : 
[2024-01-20T08:24:32.945+0000] {logging_mixin.py:151} INFO - #False
[2024-01-20T08:24:32.945+0000] {logging_mixin.py:151} INFO - #False
[2024-01-20T08:24:32.945+0000] {logging_mixin.py:151} INFO - #False
[2024-01-20T08:24:32.946+0000] {logging_mixin.py:151} INFO - #False
[2024-01-20T08:24:32.946+0000] {logging_mixin.py:151} INFO - #False
[2024-01-20T08:24:32.946+0000] {logging_mixin.py:151} INFO - #False
[2024-01-20T08:24:32.946+0000] {logging_mixin.py:151} INFO - #False
[2024-01-20T08:24:32.946+0000] {logging_mixin.py:151} INFO - #False
[2024-01-20T08:24:32.947+0000] {logging_mixin.py:151} INFO - #False
[2024-01-20T08:24:32.947+0000] {logging_mixin.py:151} INFO - #False
[2024-01-20T08:24:32.947+0000] {logging_mixin.py:151} INFO - #False
[2024-01-20T08:24:32.947+0000] {logging_mixin.py:151} INFO - #False
[2024-01-20T08:24:32.948+0000] {logging_mixin.py:151} INFO - #False
[2024-01-20T08:24:32.948+0000] {logging_mixin.py:151} INFO - #False
[2024-01-20T08:24:32.948+0000] {logging_mixin.py:151} INFO - #False
[2024-01-20T08:24:32.948+0000] {logging_mixin.py:151} INFO - #False
[2024-01-20T08:24:32.949+0000] {logging_mixin.py:151} INFO - #False
[2024-01-20T08:24:32.949+0000] {logging_mixin.py:151} INFO - #False
[2024-01-20T08:24:32.949+0000] {logging_mixin.py:151} INFO - #False
[2024-01-20T08:24:32.949+0000] {logging_mixin.py:151} INFO - #False
[2024-01-20T08:24:32.950+0000] {logging_mixin.py:151} INFO - #False
[2024-01-20T08:24:32.951+0000] {logging_mixin.py:151} INFO - #False
[2024-01-20T08:24:32.951+0000] {logging_mixin.py:151} INFO - #False
[2024-01-20T08:24:32.952+0000] {logging_mixin.py:151} INFO - #False
[2024-01-20T08:24:32.952+0000] {logging_mixin.py:151} INFO - #False
[2024-01-20T08:24:32.952+0000] {logging_mixin.py:151} INFO - #False
[2024-01-20T08:24:32.952+0000] {logging_mixin.py:151} INFO - #False
[2024-01-20T08:24:32.953+0000] {logging_mixin.py:151} INFO - #False
[2024-01-20T08:24:32.953+0000] {logging_mixin.py:151} INFO - #False
[2024-01-20T08:24:32.953+0000] {logging_mixin.py:151} INFO - #False
[2024-01-20T08:24:32.954+0000] {logging_mixin.py:151} INFO -  submission : 
[2024-01-20T08:24:33.538+0000] {logging_mixin.py:151} INFO - #False
[2024-01-20T08:24:33.539+0000] {logging_mixin.py:151} INFO - #False
[2024-01-20T08:24:33.539+0000] {logging_mixin.py:151} INFO - #False
[2024-01-20T08:24:33.540+0000] {logging_mixin.py:151} INFO - #False
[2024-01-20T08:24:33.540+0000] {logging_mixin.py:151} INFO - #False
[2024-01-20T08:24:33.540+0000] {logging_mixin.py:151} INFO - #False
[2024-01-20T08:24:33.540+0000] {logging_mixin.py:151} INFO - #False
[2024-01-20T08:24:33.541+0000] {logging_mixin.py:151} INFO - #False
[2024-01-20T08:24:33.541+0000] {logging_mixin.py:151} INFO - #False
[2024-01-20T08:24:33.541+0000] {logging_mixin.py:151} INFO - #False
[2024-01-20T08:24:33.541+0000] {logging_mixin.py:151} INFO - #False
[2024-01-20T08:24:33.542+0000] {logging_mixin.py:151} INFO - #False
[2024-01-20T08:24:33.542+0000] {logging_mixin.py:151} INFO - #False
[2024-01-20T08:24:33.542+0000] {logging_mixin.py:151} INFO - #False
[2024-01-20T08:24:33.542+0000] {logging_mixin.py:151} INFO - #False
[2024-01-20T08:24:33.542+0000] {logging_mixin.py:151} INFO - #False
[2024-01-20T08:24:33.543+0000] {logging_mixin.py:151} INFO - #False
[2024-01-20T08:24:33.543+0000] {logging_mixin.py:151} INFO - #False
[2024-01-20T08:24:33.543+0000] {logging_mixin.py:151} INFO - #False
[2024-01-20T08:24:33.543+0000] {logging_mixin.py:151} INFO - #False
[2024-01-20T08:24:33.543+0000] {logging_mixin.py:151} INFO - #False
[2024-01-20T08:24:33.544+0000] {logging_mixin.py:151} INFO - #False
[2024-01-20T08:24:33.544+0000] {logging_mixin.py:151} INFO - #False
[2024-01-20T08:24:33.544+0000] {logging_mixin.py:151} INFO - #False
[2024-01-20T08:24:33.545+0000] {logging_mixin.py:151} INFO - #False
[2024-01-20T08:24:33.545+0000] {logging_mixin.py:151} INFO - #False
[2024-01-20T08:24:33.545+0000] {logging_mixin.py:151} INFO - #False
[2024-01-20T08:24:33.545+0000] {logging_mixin.py:151} INFO - #False
[2024-01-20T08:24:33.545+0000] {logging_mixin.py:151} INFO - #False
[2024-01-20T08:24:33.546+0000] {logging_mixin.py:151} INFO - #False
[2024-01-20T08:24:33.546+0000] {logging_mixin.py:151} INFO -  submission : 
[2024-01-20T08:24:34.275+0000] {logging_mixin.py:151} INFO - #False
[2024-01-20T08:24:34.276+0000] {logging_mixin.py:151} INFO - #False
[2024-01-20T08:24:34.276+0000] {logging_mixin.py:151} INFO - #False
[2024-01-20T08:24:34.277+0000] {logging_mixin.py:151} INFO - #False
[2024-01-20T08:24:34.277+0000] {logging_mixin.py:151} INFO - #False
[2024-01-20T08:24:34.278+0000] {logging_mixin.py:151} INFO - #False
[2024-01-20T08:24:34.278+0000] {logging_mixin.py:151} INFO - #False
[2024-01-20T08:24:34.279+0000] {logging_mixin.py:151} INFO - #False
[2024-01-20T08:24:34.279+0000] {logging_mixin.py:151} INFO - #False
[2024-01-20T08:24:34.280+0000] {logging_mixin.py:151} INFO - #False
[2024-01-20T08:24:34.280+0000] {logging_mixin.py:151} INFO - #False
[2024-01-20T08:24:34.281+0000] {logging_mixin.py:151} INFO - #False
[2024-01-20T08:24:34.281+0000] {logging_mixin.py:151} INFO - #False
[2024-01-20T08:24:34.282+0000] {logging_mixin.py:151} INFO - #False
[2024-01-20T08:24:34.282+0000] {logging_mixin.py:151} INFO - #False
[2024-01-20T08:24:34.283+0000] {logging_mixin.py:151} INFO - #False
[2024-01-20T08:24:34.283+0000] {logging_mixin.py:151} INFO - #False
[2024-01-20T08:24:34.283+0000] {logging_mixin.py:151} INFO - #False
[2024-01-20T08:24:34.284+0000] {logging_mixin.py:151} INFO - #False
[2024-01-20T08:24:34.284+0000] {logging_mixin.py:151} INFO - #False
[2024-01-20T08:24:34.284+0000] {logging_mixin.py:151} INFO - #False
[2024-01-20T08:24:34.284+0000] {logging_mixin.py:151} INFO - #False
[2024-01-20T08:24:34.285+0000] {logging_mixin.py:151} INFO - #False
[2024-01-20T08:24:34.285+0000] {logging_mixin.py:151} INFO - #False
[2024-01-20T08:24:34.285+0000] {logging_mixin.py:151} INFO - #False
[2024-01-20T08:24:34.285+0000] {logging_mixin.py:151} INFO - #False
[2024-01-20T08:24:34.285+0000] {logging_mixin.py:151} INFO - #False
[2024-01-20T08:24:34.286+0000] {logging_mixin.py:151} INFO - #False
[2024-01-20T08:24:34.286+0000] {logging_mixin.py:151} INFO - #False
[2024-01-20T08:24:34.286+0000] {logging_mixin.py:151} INFO - #False
[2024-01-20T08:24:34.286+0000] {python.py:194} INFO - Done. Returned value was: None
[2024-01-20T08:24:34.294+0000] {taskinstance.py:1400} INFO - Marking task as SUCCESS. dag_id=Kafka_Producer_4, task_id=Reddit, execution_date=20240120T082224, start_date=20240120T082428, end_date=20240120T082434
[2024-01-20T08:24:34.326+0000] {local_task_job_runner.py:228} INFO - Task exited with return code 0
[2024-01-20T08:24:34.337+0000] {taskinstance.py:2784} INFO - 0 downstream tasks scheduled from follow-on schedule check
