[2024-01-20T04:35:22.607+0000] {taskinstance.py:1159} INFO - Dependencies all met for dep_context=non-requeueable deps ti=<TaskInstance: Kafka_Producer_3.Reddit manual__2024-01-20T04:34:58.616128+00:00 [queued]>
[2024-01-20T04:35:22.614+0000] {taskinstance.py:1159} INFO - Dependencies all met for dep_context=requeueable deps ti=<TaskInstance: Kafka_Producer_3.Reddit manual__2024-01-20T04:34:58.616128+00:00 [queued]>
[2024-01-20T04:35:22.614+0000] {taskinstance.py:1361} INFO - Starting attempt 1 of 1
[2024-01-20T04:35:22.630+0000] {taskinstance.py:1382} INFO - Executing <Task(PythonOperator): Reddit> on 2024-01-20 04:34:58.616128+00:00
[2024-01-20T04:35:22.633+0000] {standard_task_runner.py:57} INFO - Started process 5308 to run task
[2024-01-20T04:35:22.635+0000] {standard_task_runner.py:84} INFO - Running: ['***', 'tasks', 'run', 'Kafka_Producer_3', 'Reddit', 'manual__2024-01-20T04:34:58.616128+00:00', '--job-id', '215', '--raw', '--subdir', 'DAGS_FOLDER/kafka_stream_3.py', '--cfg-path', '/tmp/tmpuqhxp38g']
[2024-01-20T04:35:22.637+0000] {standard_task_runner.py:85} INFO - Job 215: Subtask Reddit
[2024-01-20T04:35:22.674+0000] {task_command.py:415} INFO - Running <TaskInstance: Kafka_Producer_3.Reddit manual__2024-01-20T04:34:58.616128+00:00 [running]> on host 45c5bfab8aa1
[2024-01-20T04:35:22.738+0000] {taskinstance.py:1660} INFO - Exporting env vars: AIRFLOW_CTX_DAG_OWNER='me' AIRFLOW_CTX_DAG_ID='Kafka_Producer_3' AIRFLOW_CTX_TASK_ID='Reddit' AIRFLOW_CTX_EXECUTION_DATE='2024-01-20T04:34:58.616128+00:00' AIRFLOW_CTX_TRY_NUMBER='1' AIRFLOW_CTX_DAG_RUN_ID='manual__2024-01-20T04:34:58.616128+00:00'
[2024-01-20T04:35:22.769+0000] {logging_mixin.py:151} INFO -  submission : 
[2024-01-20T04:35:23.467+0000] {logging_mixin.py:151} INFO - #False
[2024-01-20T04:35:23.467+0000] {logging_mixin.py:151} INFO - #False
[2024-01-20T04:35:23.467+0000] {logging_mixin.py:151} INFO - #False
[2024-01-20T04:35:23.468+0000] {logging_mixin.py:151} INFO - #False
[2024-01-20T04:35:23.468+0000] {logging_mixin.py:151} INFO - #False
[2024-01-20T04:35:23.468+0000] {logging_mixin.py:151} INFO - #False
[2024-01-20T04:35:23.469+0000] {logging_mixin.py:151} INFO - #False
[2024-01-20T04:35:23.469+0000] {logging_mixin.py:151} INFO - #False
[2024-01-20T04:35:23.469+0000] {logging_mixin.py:151} INFO - #False
[2024-01-20T04:35:23.470+0000] {logging_mixin.py:151} INFO - #False
[2024-01-20T04:35:23.470+0000] {logging_mixin.py:151} INFO - #False
[2024-01-20T04:35:23.470+0000] {logging_mixin.py:151} INFO - #False
[2024-01-20T04:35:23.470+0000] {logging_mixin.py:151} INFO - #False
[2024-01-20T04:35:23.471+0000] {logging_mixin.py:151} INFO - #False
[2024-01-20T04:35:23.471+0000] {logging_mixin.py:151} INFO - #False
[2024-01-20T04:35:23.473+0000] {logging_mixin.py:151} INFO - #False
[2024-01-20T04:35:23.473+0000] {logging_mixin.py:151} INFO - #False
[2024-01-20T04:35:23.473+0000] {logging_mixin.py:151} INFO - #False
[2024-01-20T04:35:23.474+0000] {logging_mixin.py:151} INFO - #False
[2024-01-20T04:35:23.474+0000] {logging_mixin.py:151} INFO - #False
[2024-01-20T04:35:23.474+0000] {logging_mixin.py:151} INFO - #False
[2024-01-20T04:35:23.475+0000] {logging_mixin.py:151} INFO - #False
[2024-01-20T04:35:23.475+0000] {logging_mixin.py:151} INFO - #False
[2024-01-20T04:35:23.475+0000] {logging_mixin.py:151} INFO - #False
[2024-01-20T04:35:23.476+0000] {logging_mixin.py:151} INFO - #False
[2024-01-20T04:35:23.476+0000] {logging_mixin.py:151} INFO - #False
[2024-01-20T04:35:23.477+0000] {logging_mixin.py:151} INFO - #False
[2024-01-20T04:35:23.477+0000] {logging_mixin.py:151} INFO - #False
[2024-01-20T04:35:23.478+0000] {logging_mixin.py:151} INFO - #False
[2024-01-20T04:35:23.478+0000] {logging_mixin.py:151} INFO - #False
[2024-01-20T04:35:23.478+0000] {logging_mixin.py:151} INFO -  submission : 
[2024-01-20T04:35:23.953+0000] {logging_mixin.py:151} INFO - #False
[2024-01-20T04:35:23.954+0000] {logging_mixin.py:151} INFO - #False
[2024-01-20T04:35:23.954+0000] {logging_mixin.py:151} INFO - #False
[2024-01-20T04:35:23.954+0000] {logging_mixin.py:151} INFO - #False
[2024-01-20T04:35:23.955+0000] {logging_mixin.py:151} INFO - #False
[2024-01-20T04:35:23.955+0000] {logging_mixin.py:151} INFO - #False
[2024-01-20T04:35:23.955+0000] {logging_mixin.py:151} INFO - #False
[2024-01-20T04:35:23.956+0000] {logging_mixin.py:151} INFO - #False
[2024-01-20T04:35:23.956+0000] {logging_mixin.py:151} INFO - #False
[2024-01-20T04:35:23.956+0000] {logging_mixin.py:151} INFO - #False
[2024-01-20T04:35:23.956+0000] {logging_mixin.py:151} INFO - #False
[2024-01-20T04:35:23.957+0000] {logging_mixin.py:151} INFO - #False
[2024-01-20T04:35:23.957+0000] {logging_mixin.py:151} INFO - #False
[2024-01-20T04:35:23.957+0000] {logging_mixin.py:151} INFO - #False
[2024-01-20T04:35:23.957+0000] {logging_mixin.py:151} INFO - #False
[2024-01-20T04:35:23.958+0000] {logging_mixin.py:151} INFO - #False
[2024-01-20T04:35:23.958+0000] {logging_mixin.py:151} INFO - #False
[2024-01-20T04:35:23.958+0000] {logging_mixin.py:151} INFO - #False
[2024-01-20T04:35:23.958+0000] {logging_mixin.py:151} INFO - #False
[2024-01-20T04:35:23.958+0000] {logging_mixin.py:151} INFO - #False
[2024-01-20T04:35:23.959+0000] {logging_mixin.py:151} INFO - #False
[2024-01-20T04:35:23.959+0000] {logging_mixin.py:151} INFO - #False
[2024-01-20T04:35:23.959+0000] {logging_mixin.py:151} INFO - #False
[2024-01-20T04:35:23.959+0000] {logging_mixin.py:151} INFO - #False
[2024-01-20T04:35:23.960+0000] {logging_mixin.py:151} INFO - #False
[2024-01-20T04:35:23.960+0000] {logging_mixin.py:151} INFO - #False
[2024-01-20T04:35:23.960+0000] {logging_mixin.py:151} INFO - #False
[2024-01-20T04:35:23.961+0000] {logging_mixin.py:151} INFO - #False
[2024-01-20T04:35:23.961+0000] {logging_mixin.py:151} INFO - #False
[2024-01-20T04:35:23.961+0000] {logging_mixin.py:151} INFO - #False
[2024-01-20T04:35:23.961+0000] {logging_mixin.py:151} INFO -  submission : 
[2024-01-20T04:35:24.481+0000] {logging_mixin.py:151} INFO - #False
[2024-01-20T04:35:24.481+0000] {logging_mixin.py:151} INFO - #False
[2024-01-20T04:35:24.482+0000] {logging_mixin.py:151} INFO - #False
[2024-01-20T04:35:24.482+0000] {logging_mixin.py:151} INFO - #False
[2024-01-20T04:35:24.482+0000] {logging_mixin.py:151} INFO - #False
[2024-01-20T04:35:24.482+0000] {logging_mixin.py:151} INFO - #False
[2024-01-20T04:35:24.482+0000] {logging_mixin.py:151} INFO - #False
[2024-01-20T04:35:24.483+0000] {logging_mixin.py:151} INFO - #False
[2024-01-20T04:35:24.483+0000] {logging_mixin.py:151} INFO - #False
[2024-01-20T04:35:24.483+0000] {logging_mixin.py:151} INFO - #False
[2024-01-20T04:35:24.483+0000] {logging_mixin.py:151} INFO - #False
[2024-01-20T04:35:24.483+0000] {logging_mixin.py:151} INFO - #False
[2024-01-20T04:35:24.484+0000] {logging_mixin.py:151} INFO - #False
[2024-01-20T04:35:24.484+0000] {logging_mixin.py:151} INFO - #False
[2024-01-20T04:35:24.484+0000] {logging_mixin.py:151} INFO - #False
[2024-01-20T04:35:24.484+0000] {logging_mixin.py:151} INFO - #False
[2024-01-20T04:35:24.484+0000] {logging_mixin.py:151} INFO - #False
[2024-01-20T04:35:24.485+0000] {logging_mixin.py:151} INFO - #False
[2024-01-20T04:35:24.485+0000] {logging_mixin.py:151} INFO - #False
[2024-01-20T04:35:24.485+0000] {logging_mixin.py:151} INFO - #False
[2024-01-20T04:35:24.485+0000] {logging_mixin.py:151} INFO - #False
[2024-01-20T04:35:24.486+0000] {logging_mixin.py:151} INFO - #False
[2024-01-20T04:35:24.486+0000] {logging_mixin.py:151} INFO - #False
[2024-01-20T04:35:24.486+0000] {logging_mixin.py:151} INFO - #False
[2024-01-20T04:35:24.486+0000] {logging_mixin.py:151} INFO - #False
[2024-01-20T04:35:24.486+0000] {logging_mixin.py:151} INFO - #False
[2024-01-20T04:35:24.487+0000] {logging_mixin.py:151} INFO - #False
[2024-01-20T04:35:24.487+0000] {logging_mixin.py:151} INFO - #False
[2024-01-20T04:35:24.487+0000] {logging_mixin.py:151} INFO - #False
[2024-01-20T04:35:24.487+0000] {logging_mixin.py:151} INFO - #False
[2024-01-20T04:35:24.488+0000] {logging_mixin.py:151} INFO -  submission : 
[2024-01-20T04:35:24.902+0000] {logging_mixin.py:151} INFO - #False
[2024-01-20T04:35:24.902+0000] {logging_mixin.py:151} INFO - #False
[2024-01-20T04:35:24.903+0000] {logging_mixin.py:151} INFO - #False
[2024-01-20T04:35:24.903+0000] {logging_mixin.py:151} INFO - #False
[2024-01-20T04:35:24.904+0000] {logging_mixin.py:151} INFO - #False
[2024-01-20T04:35:24.904+0000] {logging_mixin.py:151} INFO - #False
[2024-01-20T04:35:24.904+0000] {logging_mixin.py:151} INFO - #False
[2024-01-20T04:35:24.904+0000] {logging_mixin.py:151} INFO - #False
[2024-01-20T04:35:24.905+0000] {logging_mixin.py:151} INFO - #False
[2024-01-20T04:35:24.905+0000] {logging_mixin.py:151} INFO - #False
[2024-01-20T04:35:24.905+0000] {logging_mixin.py:151} INFO - #False
[2024-01-20T04:35:24.905+0000] {logging_mixin.py:151} INFO - #False
[2024-01-20T04:35:24.906+0000] {logging_mixin.py:151} INFO - #False
[2024-01-20T04:35:24.906+0000] {logging_mixin.py:151} INFO - #False
[2024-01-20T04:35:24.906+0000] {logging_mixin.py:151} INFO - #False
[2024-01-20T04:35:24.906+0000] {logging_mixin.py:151} INFO - #False
[2024-01-20T04:35:24.907+0000] {logging_mixin.py:151} INFO - #False
[2024-01-20T04:35:24.907+0000] {logging_mixin.py:151} INFO - #False
[2024-01-20T04:35:24.907+0000] {logging_mixin.py:151} INFO - #False
[2024-01-20T04:35:24.907+0000] {logging_mixin.py:151} INFO - #False
[2024-01-20T04:35:24.908+0000] {logging_mixin.py:151} INFO - #False
[2024-01-20T04:35:24.908+0000] {logging_mixin.py:151} INFO - #False
[2024-01-20T04:35:24.908+0000] {logging_mixin.py:151} INFO - #False
[2024-01-20T04:35:24.908+0000] {logging_mixin.py:151} INFO - #False
[2024-01-20T04:35:24.908+0000] {logging_mixin.py:151} INFO - #False
[2024-01-20T04:35:24.909+0000] {logging_mixin.py:151} INFO - #False
[2024-01-20T04:35:24.909+0000] {logging_mixin.py:151} INFO - #False
[2024-01-20T04:35:24.909+0000] {logging_mixin.py:151} INFO - #False
[2024-01-20T04:35:24.909+0000] {logging_mixin.py:151} INFO - #False
[2024-01-20T04:35:24.910+0000] {logging_mixin.py:151} INFO - #False
[2024-01-20T04:35:24.910+0000] {logging_mixin.py:151} INFO -  submission : 
[2024-01-20T04:35:25.341+0000] {logging_mixin.py:151} INFO - #False
[2024-01-20T04:35:25.342+0000] {logging_mixin.py:151} INFO - #False
[2024-01-20T04:35:25.342+0000] {logging_mixin.py:151} INFO - #False
[2024-01-20T04:35:25.342+0000] {logging_mixin.py:151} INFO - #False
[2024-01-20T04:35:25.342+0000] {logging_mixin.py:151} INFO - #False
[2024-01-20T04:35:25.343+0000] {logging_mixin.py:151} INFO - #False
[2024-01-20T04:35:25.343+0000] {logging_mixin.py:151} INFO - #False
[2024-01-20T04:35:25.343+0000] {logging_mixin.py:151} INFO - #False
[2024-01-20T04:35:25.343+0000] {logging_mixin.py:151} INFO - #False
[2024-01-20T04:35:25.344+0000] {logging_mixin.py:151} INFO - #False
[2024-01-20T04:35:25.344+0000] {logging_mixin.py:151} INFO - #False
[2024-01-20T04:35:25.344+0000] {logging_mixin.py:151} INFO - #False
[2024-01-20T04:35:25.344+0000] {logging_mixin.py:151} INFO - #False
[2024-01-20T04:35:25.345+0000] {logging_mixin.py:151} INFO - #False
[2024-01-20T04:35:25.345+0000] {logging_mixin.py:151} INFO - #False
[2024-01-20T04:35:25.345+0000] {logging_mixin.py:151} INFO - #False
[2024-01-20T04:35:25.345+0000] {logging_mixin.py:151} INFO - #False
[2024-01-20T04:35:25.345+0000] {logging_mixin.py:151} INFO - #False
[2024-01-20T04:35:25.346+0000] {logging_mixin.py:151} INFO - #False
[2024-01-20T04:35:25.346+0000] {logging_mixin.py:151} INFO - #False
[2024-01-20T04:35:25.346+0000] {logging_mixin.py:151} INFO - #False
[2024-01-20T04:35:25.346+0000] {logging_mixin.py:151} INFO - #False
[2024-01-20T04:35:25.346+0000] {logging_mixin.py:151} INFO - #False
[2024-01-20T04:35:25.347+0000] {logging_mixin.py:151} INFO - #False
[2024-01-20T04:35:25.347+0000] {logging_mixin.py:151} INFO - #False
[2024-01-20T04:35:25.347+0000] {logging_mixin.py:151} INFO - #False
[2024-01-20T04:35:25.352+0000] {logging_mixin.py:151} INFO - #False
[2024-01-20T04:35:25.352+0000] {logging_mixin.py:151} INFO - #False
[2024-01-20T04:35:25.353+0000] {logging_mixin.py:151} INFO - #False
[2024-01-20T04:35:25.353+0000] {logging_mixin.py:151} INFO - #False
[2024-01-20T04:35:25.354+0000] {logging_mixin.py:151} INFO -  submission : 
[2024-01-20T04:35:25.873+0000] {logging_mixin.py:151} INFO - #False
[2024-01-20T04:35:25.874+0000] {logging_mixin.py:151} INFO - #False
[2024-01-20T04:35:25.874+0000] {logging_mixin.py:151} INFO - #False
[2024-01-20T04:35:25.874+0000] {logging_mixin.py:151} INFO - #False
[2024-01-20T04:35:25.874+0000] {logging_mixin.py:151} INFO - #False
[2024-01-20T04:35:25.875+0000] {logging_mixin.py:151} INFO - #False
[2024-01-20T04:35:25.875+0000] {logging_mixin.py:151} INFO - #False
[2024-01-20T04:35:25.875+0000] {logging_mixin.py:151} INFO - #False
[2024-01-20T04:35:25.875+0000] {logging_mixin.py:151} INFO - #False
[2024-01-20T04:35:25.875+0000] {logging_mixin.py:151} INFO - #False
[2024-01-20T04:35:25.876+0000] {logging_mixin.py:151} INFO - #False
[2024-01-20T04:35:25.876+0000] {logging_mixin.py:151} INFO - #False
[2024-01-20T04:35:25.876+0000] {logging_mixin.py:151} INFO - #False
[2024-01-20T04:35:25.876+0000] {logging_mixin.py:151} INFO - #False
[2024-01-20T04:35:25.877+0000] {logging_mixin.py:151} INFO - #False
[2024-01-20T04:35:25.877+0000] {logging_mixin.py:151} INFO - #False
[2024-01-20T04:35:25.877+0000] {logging_mixin.py:151} INFO - #False
[2024-01-20T04:35:25.877+0000] {logging_mixin.py:151} INFO - #False
[2024-01-20T04:35:25.878+0000] {logging_mixin.py:151} INFO - #False
[2024-01-20T04:35:25.878+0000] {logging_mixin.py:151} INFO - #False
[2024-01-20T04:35:25.878+0000] {logging_mixin.py:151} INFO - #False
[2024-01-20T04:35:25.878+0000] {logging_mixin.py:151} INFO - #False
[2024-01-20T04:35:25.879+0000] {logging_mixin.py:151} INFO - #False
[2024-01-20T04:35:25.879+0000] {logging_mixin.py:151} INFO - #False
[2024-01-20T04:35:25.880+0000] {logging_mixin.py:151} INFO - #False
[2024-01-20T04:35:25.880+0000] {logging_mixin.py:151} INFO - #False
[2024-01-20T04:35:25.880+0000] {logging_mixin.py:151} INFO - #False
[2024-01-20T04:35:25.880+0000] {logging_mixin.py:151} INFO - #False
[2024-01-20T04:35:25.881+0000] {logging_mixin.py:151} INFO - #False
[2024-01-20T04:35:25.882+0000] {logging_mixin.py:151} INFO - #False
[2024-01-20T04:35:25.883+0000] {logging_mixin.py:151} INFO -  submission : 
[2024-01-20T04:35:26.391+0000] {logging_mixin.py:151} INFO - #False
[2024-01-20T04:35:26.392+0000] {logging_mixin.py:151} INFO - #False
[2024-01-20T04:35:26.392+0000] {logging_mixin.py:151} INFO - #False
[2024-01-20T04:35:26.392+0000] {logging_mixin.py:151} INFO - #False
[2024-01-20T04:35:26.392+0000] {logging_mixin.py:151} INFO - #False
[2024-01-20T04:35:26.393+0000] {logging_mixin.py:151} INFO - #False
[2024-01-20T04:35:26.393+0000] {logging_mixin.py:151} INFO - #False
[2024-01-20T04:35:26.393+0000] {logging_mixin.py:151} INFO - #False
[2024-01-20T04:35:26.393+0000] {logging_mixin.py:151} INFO - #False
[2024-01-20T04:35:26.394+0000] {logging_mixin.py:151} INFO - #False
[2024-01-20T04:35:26.394+0000] {logging_mixin.py:151} INFO - #False
[2024-01-20T04:35:26.394+0000] {logging_mixin.py:151} INFO - #False
[2024-01-20T04:35:26.394+0000] {logging_mixin.py:151} INFO - #False
[2024-01-20T04:35:26.395+0000] {logging_mixin.py:151} INFO - #False
[2024-01-20T04:35:26.395+0000] {logging_mixin.py:151} INFO - #False
[2024-01-20T04:35:26.395+0000] {logging_mixin.py:151} INFO - #False
[2024-01-20T04:35:26.395+0000] {logging_mixin.py:151} INFO - #False
[2024-01-20T04:35:26.396+0000] {logging_mixin.py:151} INFO - #False
[2024-01-20T04:35:26.396+0000] {logging_mixin.py:151} INFO - #False
[2024-01-20T04:35:26.396+0000] {logging_mixin.py:151} INFO - #False
[2024-01-20T04:35:26.396+0000] {logging_mixin.py:151} INFO - #False
[2024-01-20T04:35:26.396+0000] {logging_mixin.py:151} INFO - #False
[2024-01-20T04:35:26.397+0000] {logging_mixin.py:151} INFO - #False
[2024-01-20T04:35:26.397+0000] {logging_mixin.py:151} INFO - #False
[2024-01-20T04:35:26.397+0000] {logging_mixin.py:151} INFO - #False
[2024-01-20T04:35:26.397+0000] {logging_mixin.py:151} INFO - #False
[2024-01-20T04:35:26.398+0000] {logging_mixin.py:151} INFO - #False
[2024-01-20T04:35:26.398+0000] {logging_mixin.py:151} INFO - #False
[2024-01-20T04:35:26.398+0000] {logging_mixin.py:151} INFO - #False
[2024-01-20T04:35:26.398+0000] {logging_mixin.py:151} INFO - #False
[2024-01-20T04:35:26.399+0000] {logging_mixin.py:151} INFO -  submission : 
[2024-01-20T04:35:26.855+0000] {logging_mixin.py:151} INFO - #False
[2024-01-20T04:35:26.855+0000] {logging_mixin.py:151} INFO - #False
[2024-01-20T04:35:26.856+0000] {logging_mixin.py:151} INFO - #False
[2024-01-20T04:35:26.856+0000] {logging_mixin.py:151} INFO - #False
[2024-01-20T04:35:26.856+0000] {logging_mixin.py:151} INFO - #False
[2024-01-20T04:35:26.857+0000] {logging_mixin.py:151} INFO - #False
[2024-01-20T04:35:26.857+0000] {logging_mixin.py:151} INFO - #False
[2024-01-20T04:35:26.857+0000] {logging_mixin.py:151} INFO - #False
[2024-01-20T04:35:26.857+0000] {logging_mixin.py:151} INFO - #False
[2024-01-20T04:35:26.858+0000] {logging_mixin.py:151} INFO - #False
[2024-01-20T04:35:26.858+0000] {logging_mixin.py:151} INFO - #False
[2024-01-20T04:35:26.858+0000] {logging_mixin.py:151} INFO - #False
[2024-01-20T04:35:26.858+0000] {logging_mixin.py:151} INFO - #False
[2024-01-20T04:35:26.859+0000] {logging_mixin.py:151} INFO - #False
[2024-01-20T04:35:26.859+0000] {logging_mixin.py:151} INFO - #False
[2024-01-20T04:35:26.859+0000] {logging_mixin.py:151} INFO - #False
[2024-01-20T04:35:26.859+0000] {logging_mixin.py:151} INFO - #False
[2024-01-20T04:35:26.860+0000] {logging_mixin.py:151} INFO - #False
[2024-01-20T04:35:26.860+0000] {logging_mixin.py:151} INFO - #False
[2024-01-20T04:35:26.860+0000] {logging_mixin.py:151} INFO - #False
[2024-01-20T04:35:26.860+0000] {logging_mixin.py:151} INFO - #False
[2024-01-20T04:35:26.860+0000] {logging_mixin.py:151} INFO - #False
[2024-01-20T04:35:26.861+0000] {logging_mixin.py:151} INFO - #False
[2024-01-20T04:35:26.862+0000] {logging_mixin.py:151} INFO - #False
[2024-01-20T04:35:26.862+0000] {logging_mixin.py:151} INFO - #False
[2024-01-20T04:35:26.862+0000] {logging_mixin.py:151} INFO - #False
[2024-01-20T04:35:26.862+0000] {logging_mixin.py:151} INFO - #False
[2024-01-20T04:35:26.863+0000] {logging_mixin.py:151} INFO - #False
[2024-01-20T04:35:26.863+0000] {logging_mixin.py:151} INFO - #False
[2024-01-20T04:35:26.863+0000] {logging_mixin.py:151} INFO - #False
[2024-01-20T04:35:26.864+0000] {python.py:194} INFO - Done. Returned value was: None
[2024-01-20T04:35:26.871+0000] {taskinstance.py:1400} INFO - Marking task as SUCCESS. dag_id=Kafka_Producer_3, task_id=Reddit, execution_date=20240120T043458, start_date=20240120T043522, end_date=20240120T043526
[2024-01-20T04:35:26.903+0000] {local_task_job_runner.py:228} INFO - Task exited with return code 0
[2024-01-20T04:35:26.920+0000] {taskinstance.py:2784} INFO - 0 downstream tasks scheduled from follow-on schedule check
