[2024-01-17T23:05:15.065+0000] {taskinstance.py:1159} INFO - Dependencies all met for dep_context=non-requeueable deps ti=<TaskInstance: Stream_Data_1.Reddit scheduled__2024-01-17T23:03:35.052535+00:00 [queued]>
[2024-01-17T23:05:15.109+0000] {taskinstance.py:1159} INFO - Dependencies all met for dep_context=requeueable deps ti=<TaskInstance: Stream_Data_1.Reddit scheduled__2024-01-17T23:03:35.052535+00:00 [queued]>
[2024-01-17T23:05:15.110+0000] {taskinstance.py:1361} INFO - Starting attempt 1 of 1
[2024-01-17T23:05:15.176+0000] {taskinstance.py:1382} INFO - Executing <Task(PythonOperator): Reddit> on 2024-01-17 23:03:35.052535+00:00
[2024-01-17T23:05:15.188+0000] {standard_task_runner.py:57} INFO - Started process 9181 to run task
[2024-01-17T23:05:15.203+0000] {standard_task_runner.py:84} INFO - Running: ['***', 'tasks', 'run', 'Stream_Data_1', 'Reddit', 'scheduled__2024-01-17T23:03:35.052535+00:00', '--job-id', '1268', '--raw', '--subdir', 'DAGS_FOLDER/kafka_stream.py', '--cfg-path', '/tmp/tmpw0h3gqx4']
[2024-01-17T23:05:15.207+0000] {standard_task_runner.py:85} INFO - Job 1268: Subtask Reddit
[2024-01-17T23:05:15.420+0000] {task_command.py:415} INFO - Running <TaskInstance: Stream_Data_1.Reddit scheduled__2024-01-17T23:03:35.052535+00:00 [running]> on host 614a419ad930
[2024-01-17T23:05:15.872+0000] {taskinstance.py:1660} INFO - Exporting env vars: AIRFLOW_CTX_DAG_OWNER='me' AIRFLOW_CTX_DAG_ID='Stream_Data_1' AIRFLOW_CTX_TASK_ID='Reddit' AIRFLOW_CTX_EXECUTION_DATE='2024-01-17T23:03:35.052535+00:00' AIRFLOW_CTX_TRY_NUMBER='1' AIRFLOW_CTX_DAG_RUN_ID='scheduled__2024-01-17T23:03:35.052535+00:00'
[2024-01-17T23:05:16.338+0000] {logging_mixin.py:151} INFO -  submission : 
[2024-01-17T23:05:17.515+0000] {logging_mixin.py:151} INFO - @True
[2024-01-17T23:05:17.519+0000] {conn.py:380} INFO - <BrokerConnection node_id=bootstrap-0 host=broker:29092 <connecting> [IPv4 ('192.168.224.8', 29092)]>: connecting to broker:29092 [('192.168.224.8', 29092) IPv4]
[2024-01-17T23:05:17.520+0000] {conn.py:1205} INFO - Probing node bootstrap-0 broker version
[2024-01-17T23:05:17.521+0000] {conn.py:410} INFO - <BrokerConnection node_id=bootstrap-0 host=broker:29092 <connecting> [IPv4 ('192.168.224.8', 29092)]>: Connection complete.
[2024-01-17T23:05:17.629+0000] {conn.py:1267} INFO - Broker version identified as 2.5.0
[2024-01-17T23:05:17.629+0000] {conn.py:1268} INFO - Set configuration api_version=(2, 5, 0) to skip auto check_version requests on startup
[2024-01-17T23:05:17.641+0000] {logging_mixin.py:151} INFO - #False
[2024-01-17T23:05:17.642+0000] {logging_mixin.py:151} INFO - #False
[2024-01-17T23:05:17.642+0000] {logging_mixin.py:151} INFO - #False
[2024-01-17T23:05:17.642+0000] {logging_mixin.py:151} INFO - #False
[2024-01-17T23:05:17.643+0000] {logging_mixin.py:151} INFO - #False
[2024-01-17T23:05:17.643+0000] {logging_mixin.py:151} INFO - #False
[2024-01-17T23:05:17.643+0000] {logging_mixin.py:151} INFO - #False
[2024-01-17T23:05:17.644+0000] {logging_mixin.py:151} INFO - #False
[2024-01-17T23:05:17.644+0000] {logging_mixin.py:151} INFO - #False
[2024-01-17T23:05:17.644+0000] {logging_mixin.py:151} INFO - #False
[2024-01-17T23:05:17.645+0000] {logging_mixin.py:151} INFO - #False
[2024-01-17T23:05:17.645+0000] {logging_mixin.py:151} INFO - #False
[2024-01-17T23:05:17.645+0000] {logging_mixin.py:151} INFO - #False
[2024-01-17T23:05:17.645+0000] {logging_mixin.py:151} INFO - #False
[2024-01-17T23:05:17.646+0000] {logging_mixin.py:151} INFO - #False
[2024-01-17T23:05:17.646+0000] {logging_mixin.py:151} INFO - #False
[2024-01-17T23:05:17.646+0000] {logging_mixin.py:151} INFO - #False
[2024-01-17T23:05:17.647+0000] {logging_mixin.py:151} INFO - #False
[2024-01-17T23:05:17.647+0000] {logging_mixin.py:151} INFO - #False
[2024-01-17T23:05:17.647+0000] {logging_mixin.py:151} INFO - #False
[2024-01-17T23:05:17.648+0000] {logging_mixin.py:151} INFO - #False
[2024-01-17T23:05:17.648+0000] {logging_mixin.py:151} INFO - #False
[2024-01-17T23:05:17.648+0000] {logging_mixin.py:151} INFO - #False
[2024-01-17T23:05:17.649+0000] {logging_mixin.py:151} INFO - #False
[2024-01-17T23:05:17.650+0000] {logging_mixin.py:151} INFO - #False
[2024-01-17T23:05:17.651+0000] {logging_mixin.py:151} INFO - #False
[2024-01-17T23:05:17.651+0000] {logging_mixin.py:151} INFO - #False
[2024-01-17T23:05:17.652+0000] {logging_mixin.py:151} INFO - #False
[2024-01-17T23:05:17.652+0000] {logging_mixin.py:151} INFO - #False
[2024-01-17T23:05:17.653+0000] {logging_mixin.py:151} INFO -  submission : 
[2024-01-17T23:05:17.658+0000] {conn.py:380} INFO - <BrokerConnection node_id=1 host=broker:29092 <connecting> [IPv4 ('192.168.224.8', 29092)]>: connecting to broker:29092 [('192.168.224.8', 29092) IPv4]
[2024-01-17T23:05:17.658+0000] {conn.py:410} INFO - <BrokerConnection node_id=1 host=broker:29092 <connecting> [IPv4 ('192.168.224.8', 29092)]>: Connection complete.
[2024-01-17T23:05:17.659+0000] {conn.py:919} INFO - <BrokerConnection node_id=bootstrap-0 host=broker:29092 <connected> [IPv4 ('192.168.224.8', 29092)]>: Closing connection. 
[2024-01-17T23:05:18.401+0000] {logging_mixin.py:151} INFO - #False
[2024-01-17T23:05:18.402+0000] {logging_mixin.py:151} INFO - #False
[2024-01-17T23:05:18.402+0000] {logging_mixin.py:151} INFO - #False
[2024-01-17T23:05:18.402+0000] {logging_mixin.py:151} INFO - #False
[2024-01-17T23:05:18.402+0000] {logging_mixin.py:151} INFO - #False
[2024-01-17T23:05:18.403+0000] {logging_mixin.py:151} INFO - #False
[2024-01-17T23:05:18.403+0000] {logging_mixin.py:151} INFO - #False
[2024-01-17T23:05:18.403+0000] {logging_mixin.py:151} INFO - #False
[2024-01-17T23:05:18.403+0000] {logging_mixin.py:151} INFO - #False
[2024-01-17T23:05:18.403+0000] {logging_mixin.py:151} INFO - #False
[2024-01-17T23:05:18.403+0000] {logging_mixin.py:151} INFO - #False
[2024-01-17T23:05:18.404+0000] {logging_mixin.py:151} INFO - #False
[2024-01-17T23:05:18.404+0000] {logging_mixin.py:151} INFO - #False
[2024-01-17T23:05:18.404+0000] {logging_mixin.py:151} INFO - #False
[2024-01-17T23:05:18.404+0000] {logging_mixin.py:151} INFO - #False
[2024-01-17T23:05:18.404+0000] {logging_mixin.py:151} INFO - #False
[2024-01-17T23:05:18.404+0000] {logging_mixin.py:151} INFO - #False
[2024-01-17T23:05:18.404+0000] {logging_mixin.py:151} INFO - #False
[2024-01-17T23:05:18.405+0000] {logging_mixin.py:151} INFO - #False
[2024-01-17T23:05:18.405+0000] {logging_mixin.py:151} INFO - #False
[2024-01-17T23:05:18.405+0000] {logging_mixin.py:151} INFO - #False
[2024-01-17T23:05:18.405+0000] {logging_mixin.py:151} INFO - #False
[2024-01-17T23:05:18.406+0000] {logging_mixin.py:151} INFO - #False
[2024-01-17T23:05:18.406+0000] {logging_mixin.py:151} INFO - #False
[2024-01-17T23:05:18.406+0000] {logging_mixin.py:151} INFO - #False
[2024-01-17T23:05:18.406+0000] {logging_mixin.py:151} INFO - #False
[2024-01-17T23:05:18.406+0000] {logging_mixin.py:151} INFO - #False
[2024-01-17T23:05:18.406+0000] {logging_mixin.py:151} INFO - #False
[2024-01-17T23:05:18.407+0000] {logging_mixin.py:151} INFO - #False
[2024-01-17T23:05:18.407+0000] {logging_mixin.py:151} INFO - #False
[2024-01-17T23:05:18.407+0000] {logging_mixin.py:151} INFO -  submission : 
[2024-01-17T23:05:19.003+0000] {logging_mixin.py:151} INFO - #False
[2024-01-17T23:05:19.003+0000] {logging_mixin.py:151} INFO - #False
[2024-01-17T23:05:19.004+0000] {logging_mixin.py:151} INFO - #False
[2024-01-17T23:05:19.004+0000] {logging_mixin.py:151} INFO - #False
[2024-01-17T23:05:19.004+0000] {logging_mixin.py:151} INFO - #False
[2024-01-17T23:05:19.004+0000] {logging_mixin.py:151} INFO - #False
[2024-01-17T23:05:19.005+0000] {logging_mixin.py:151} INFO - #False
[2024-01-17T23:05:19.005+0000] {logging_mixin.py:151} INFO - #False
[2024-01-17T23:05:19.005+0000] {logging_mixin.py:151} INFO - #False
[2024-01-17T23:05:19.006+0000] {logging_mixin.py:151} INFO - #False
[2024-01-17T23:05:19.006+0000] {logging_mixin.py:151} INFO - #False
[2024-01-17T23:05:19.006+0000] {logging_mixin.py:151} INFO - #False
[2024-01-17T23:05:19.006+0000] {logging_mixin.py:151} INFO - #False
[2024-01-17T23:05:19.006+0000] {logging_mixin.py:151} INFO - #False
[2024-01-17T23:05:19.007+0000] {logging_mixin.py:151} INFO - #False
[2024-01-17T23:05:19.007+0000] {logging_mixin.py:151} INFO - #False
[2024-01-17T23:05:19.007+0000] {logging_mixin.py:151} INFO - #False
[2024-01-17T23:05:19.008+0000] {logging_mixin.py:151} INFO - #False
[2024-01-17T23:05:19.008+0000] {logging_mixin.py:151} INFO - #False
[2024-01-17T23:05:19.009+0000] {logging_mixin.py:151} INFO - #False
[2024-01-17T23:05:19.009+0000] {logging_mixin.py:151} INFO - #False
[2024-01-17T23:05:19.009+0000] {logging_mixin.py:151} INFO - #False
[2024-01-17T23:05:19.010+0000] {logging_mixin.py:151} INFO - #False
[2024-01-17T23:05:19.010+0000] {logging_mixin.py:151} INFO - #False
[2024-01-17T23:05:19.010+0000] {logging_mixin.py:151} INFO - #False
[2024-01-17T23:05:19.010+0000] {logging_mixin.py:151} INFO - #False
[2024-01-17T23:05:19.011+0000] {logging_mixin.py:151} INFO - #False
[2024-01-17T23:05:19.011+0000] {logging_mixin.py:151} INFO - #False
[2024-01-17T23:05:19.011+0000] {logging_mixin.py:151} INFO - #False
[2024-01-17T23:05:19.011+0000] {logging_mixin.py:151} INFO - #False
[2024-01-17T23:05:19.012+0000] {logging_mixin.py:151} INFO -  submission : 
[2024-01-17T23:05:19.488+0000] {logging_mixin.py:151} INFO - #False
[2024-01-17T23:05:19.489+0000] {logging_mixin.py:151} INFO - #False
[2024-01-17T23:05:19.489+0000] {logging_mixin.py:151} INFO - #False
[2024-01-17T23:05:19.489+0000] {logging_mixin.py:151} INFO - #False
[2024-01-17T23:05:19.489+0000] {logging_mixin.py:151} INFO - #False
[2024-01-17T23:05:19.490+0000] {logging_mixin.py:151} INFO - #False
[2024-01-17T23:05:19.490+0000] {logging_mixin.py:151} INFO - #False
[2024-01-17T23:05:19.490+0000] {logging_mixin.py:151} INFO - #False
[2024-01-17T23:05:19.490+0000] {logging_mixin.py:151} INFO - #False
[2024-01-17T23:05:19.490+0000] {logging_mixin.py:151} INFO - #False
[2024-01-17T23:05:19.491+0000] {logging_mixin.py:151} INFO - #False
[2024-01-17T23:05:19.491+0000] {logging_mixin.py:151} INFO - #False
[2024-01-17T23:05:19.491+0000] {logging_mixin.py:151} INFO - #False
[2024-01-17T23:05:19.492+0000] {logging_mixin.py:151} INFO - #False
[2024-01-17T23:05:19.492+0000] {logging_mixin.py:151} INFO - #False
[2024-01-17T23:05:19.492+0000] {logging_mixin.py:151} INFO - #False
[2024-01-17T23:05:19.492+0000] {logging_mixin.py:151} INFO - #False
[2024-01-17T23:05:19.493+0000] {logging_mixin.py:151} INFO - #False
[2024-01-17T23:05:19.494+0000] {logging_mixin.py:151} INFO - #False
[2024-01-17T23:05:19.495+0000] {logging_mixin.py:151} INFO - #False
[2024-01-17T23:05:19.496+0000] {logging_mixin.py:151} INFO - #False
[2024-01-17T23:05:19.496+0000] {logging_mixin.py:151} INFO - #False
[2024-01-17T23:05:19.498+0000] {logging_mixin.py:151} INFO - #False
[2024-01-17T23:05:19.498+0000] {logging_mixin.py:151} INFO - #False
[2024-01-17T23:05:19.498+0000] {logging_mixin.py:151} INFO - #False
[2024-01-17T23:05:19.499+0000] {logging_mixin.py:151} INFO - #False
[2024-01-17T23:05:19.499+0000] {logging_mixin.py:151} INFO - #False
[2024-01-17T23:05:19.499+0000] {logging_mixin.py:151} INFO - #False
[2024-01-17T23:05:19.499+0000] {logging_mixin.py:151} INFO - #False
[2024-01-17T23:05:19.499+0000] {logging_mixin.py:151} INFO - #False
[2024-01-17T23:05:19.500+0000] {logging_mixin.py:151} INFO -  submission : 
[2024-01-17T23:05:20.098+0000] {logging_mixin.py:151} INFO - #False
[2024-01-17T23:05:20.100+0000] {logging_mixin.py:151} INFO - #False
[2024-01-17T23:05:20.100+0000] {logging_mixin.py:151} INFO - #False
[2024-01-17T23:05:20.101+0000] {logging_mixin.py:151} INFO - #False
[2024-01-17T23:05:20.103+0000] {logging_mixin.py:151} INFO - #False
[2024-01-17T23:05:20.103+0000] {logging_mixin.py:151} INFO - #False
[2024-01-17T23:05:20.104+0000] {logging_mixin.py:151} INFO - #False
[2024-01-17T23:05:20.104+0000] {logging_mixin.py:151} INFO - #False
[2024-01-17T23:05:20.105+0000] {logging_mixin.py:151} INFO - #False
[2024-01-17T23:05:20.105+0000] {logging_mixin.py:151} INFO - #False
[2024-01-17T23:05:20.106+0000] {logging_mixin.py:151} INFO - #False
[2024-01-17T23:05:20.107+0000] {logging_mixin.py:151} INFO - #False
[2024-01-17T23:05:20.107+0000] {logging_mixin.py:151} INFO - #False
[2024-01-17T23:05:20.108+0000] {logging_mixin.py:151} INFO - #False
[2024-01-17T23:05:20.108+0000] {logging_mixin.py:151} INFO - #False
[2024-01-17T23:05:20.109+0000] {logging_mixin.py:151} INFO - #False
[2024-01-17T23:05:20.109+0000] {logging_mixin.py:151} INFO - #False
[2024-01-17T23:05:20.109+0000] {logging_mixin.py:151} INFO - #False
[2024-01-17T23:05:20.109+0000] {logging_mixin.py:151} INFO - #False
[2024-01-17T23:05:20.110+0000] {logging_mixin.py:151} INFO - #False
[2024-01-17T23:05:20.110+0000] {logging_mixin.py:151} INFO - #False
[2024-01-17T23:05:20.110+0000] {logging_mixin.py:151} INFO - #False
[2024-01-17T23:05:20.111+0000] {logging_mixin.py:151} INFO - #False
[2024-01-17T23:05:20.111+0000] {logging_mixin.py:151} INFO - #False
[2024-01-17T23:05:20.112+0000] {logging_mixin.py:151} INFO - #False
[2024-01-17T23:05:20.112+0000] {logging_mixin.py:151} INFO - #False
[2024-01-17T23:05:20.113+0000] {logging_mixin.py:151} INFO - #False
[2024-01-17T23:05:20.116+0000] {logging_mixin.py:151} INFO - #False
[2024-01-17T23:05:20.117+0000] {logging_mixin.py:151} INFO - #False
[2024-01-17T23:05:20.118+0000] {logging_mixin.py:151} INFO - #False
[2024-01-17T23:05:20.121+0000] {logging_mixin.py:151} INFO -  submission : 
[2024-01-17T23:05:20.835+0000] {logging_mixin.py:151} INFO - #False
[2024-01-17T23:05:20.836+0000] {logging_mixin.py:151} INFO - #False
[2024-01-17T23:05:20.836+0000] {logging_mixin.py:151} INFO - #False
[2024-01-17T23:05:20.837+0000] {logging_mixin.py:151} INFO - #False
[2024-01-17T23:05:20.837+0000] {logging_mixin.py:151} INFO - #False
[2024-01-17T23:05:20.838+0000] {logging_mixin.py:151} INFO - #False
[2024-01-17T23:05:20.838+0000] {logging_mixin.py:151} INFO - #False
[2024-01-17T23:05:20.838+0000] {logging_mixin.py:151} INFO - #False
[2024-01-17T23:05:20.839+0000] {logging_mixin.py:151} INFO - #False
[2024-01-17T23:05:20.839+0000] {logging_mixin.py:151} INFO - #False
[2024-01-17T23:05:20.839+0000] {logging_mixin.py:151} INFO - #False
[2024-01-17T23:05:20.840+0000] {logging_mixin.py:151} INFO - #False
[2024-01-17T23:05:20.840+0000] {logging_mixin.py:151} INFO - #False
[2024-01-17T23:05:20.840+0000] {logging_mixin.py:151} INFO - #False
[2024-01-17T23:05:20.841+0000] {logging_mixin.py:151} INFO - #False
[2024-01-17T23:05:20.841+0000] {logging_mixin.py:151} INFO - #False
[2024-01-17T23:05:20.842+0000] {logging_mixin.py:151} INFO - #False
[2024-01-17T23:05:20.842+0000] {logging_mixin.py:151} INFO - #False
[2024-01-17T23:05:20.843+0000] {logging_mixin.py:151} INFO - #False
[2024-01-17T23:05:20.843+0000] {logging_mixin.py:151} INFO - #False
[2024-01-17T23:05:20.844+0000] {logging_mixin.py:151} INFO - #False
[2024-01-17T23:05:20.845+0000] {logging_mixin.py:151} INFO - #False
[2024-01-17T23:05:20.846+0000] {logging_mixin.py:151} INFO - #False
[2024-01-17T23:05:20.846+0000] {logging_mixin.py:151} INFO - #False
[2024-01-17T23:05:20.847+0000] {logging_mixin.py:151} INFO - #False
[2024-01-17T23:05:20.847+0000] {logging_mixin.py:151} INFO - #False
[2024-01-17T23:05:20.847+0000] {logging_mixin.py:151} INFO - #False
[2024-01-17T23:05:20.847+0000] {logging_mixin.py:151} INFO - #False
[2024-01-17T23:05:20.847+0000] {logging_mixin.py:151} INFO - #False
[2024-01-17T23:05:20.848+0000] {logging_mixin.py:151} INFO - #False
[2024-01-17T23:05:20.848+0000] {logging_mixin.py:151} INFO -  submission : 
[2024-01-17T23:05:21.740+0000] {logging_mixin.py:151} INFO - #False
[2024-01-17T23:05:21.741+0000] {logging_mixin.py:151} INFO - #False
[2024-01-17T23:05:21.742+0000] {logging_mixin.py:151} INFO - #False
[2024-01-17T23:05:21.742+0000] {logging_mixin.py:151} INFO - #False
[2024-01-17T23:05:21.743+0000] {logging_mixin.py:151} INFO - #False
[2024-01-17T23:05:21.743+0000] {logging_mixin.py:151} INFO - #False
[2024-01-17T23:05:21.744+0000] {logging_mixin.py:151} INFO - #False
[2024-01-17T23:05:21.744+0000] {logging_mixin.py:151} INFO - #False
[2024-01-17T23:05:21.745+0000] {logging_mixin.py:151} INFO - #False
[2024-01-17T23:05:21.745+0000] {logging_mixin.py:151} INFO - #False
[2024-01-17T23:05:21.746+0000] {logging_mixin.py:151} INFO - #False
[2024-01-17T23:05:21.746+0000] {logging_mixin.py:151} INFO - #False
[2024-01-17T23:05:21.746+0000] {logging_mixin.py:151} INFO - #False
[2024-01-17T23:05:21.746+0000] {logging_mixin.py:151} INFO - #False
[2024-01-17T23:05:21.747+0000] {logging_mixin.py:151} INFO - #False
[2024-01-17T23:05:21.747+0000] {logging_mixin.py:151} INFO - #False
[2024-01-17T23:05:21.747+0000] {logging_mixin.py:151} INFO - #False
[2024-01-17T23:05:21.747+0000] {logging_mixin.py:151} INFO - #False
[2024-01-17T23:05:21.748+0000] {logging_mixin.py:151} INFO - #False
[2024-01-17T23:05:21.748+0000] {logging_mixin.py:151} INFO - #False
[2024-01-17T23:05:21.748+0000] {logging_mixin.py:151} INFO - #False
[2024-01-17T23:05:21.749+0000] {logging_mixin.py:151} INFO - #False
[2024-01-17T23:05:21.749+0000] {logging_mixin.py:151} INFO - #False
[2024-01-17T23:05:21.749+0000] {logging_mixin.py:151} INFO - #False
[2024-01-17T23:05:21.750+0000] {logging_mixin.py:151} INFO - #False
[2024-01-17T23:05:21.750+0000] {logging_mixin.py:151} INFO - #False
[2024-01-17T23:05:21.751+0000] {logging_mixin.py:151} INFO - #False
[2024-01-17T23:05:21.752+0000] {logging_mixin.py:151} INFO - #False
[2024-01-17T23:05:21.752+0000] {logging_mixin.py:151} INFO - #False
[2024-01-17T23:05:21.753+0000] {logging_mixin.py:151} INFO - #False
[2024-01-17T23:05:21.755+0000] {logging_mixin.py:151} INFO -  submission : 
[2024-01-17T23:05:22.490+0000] {logging_mixin.py:151} INFO - #False
[2024-01-17T23:05:22.491+0000] {logging_mixin.py:151} INFO - #False
[2024-01-17T23:05:22.491+0000] {logging_mixin.py:151} INFO - #False
[2024-01-17T23:05:22.492+0000] {logging_mixin.py:151} INFO - #False
[2024-01-17T23:05:22.492+0000] {logging_mixin.py:151} INFO - #False
[2024-01-17T23:05:22.492+0000] {logging_mixin.py:151} INFO - #False
[2024-01-17T23:05:22.493+0000] {logging_mixin.py:151} INFO - #False
[2024-01-17T23:05:22.493+0000] {logging_mixin.py:151} INFO - #False
[2024-01-17T23:05:22.493+0000] {logging_mixin.py:151} INFO - #False
[2024-01-17T23:05:22.494+0000] {logging_mixin.py:151} INFO - #False
[2024-01-17T23:05:22.494+0000] {logging_mixin.py:151} INFO - #False
[2024-01-17T23:05:22.495+0000] {logging_mixin.py:151} INFO - #False
[2024-01-17T23:05:22.495+0000] {logging_mixin.py:151} INFO - #False
[2024-01-17T23:05:22.495+0000] {logging_mixin.py:151} INFO - #False
[2024-01-17T23:05:22.495+0000] {logging_mixin.py:151} INFO - #False
[2024-01-17T23:05:22.496+0000] {logging_mixin.py:151} INFO - #False
[2024-01-17T23:05:22.496+0000] {logging_mixin.py:151} INFO - #False
[2024-01-17T23:05:22.497+0000] {logging_mixin.py:151} INFO - #False
[2024-01-17T23:05:22.497+0000] {logging_mixin.py:151} INFO - #False
[2024-01-17T23:05:22.497+0000] {logging_mixin.py:151} INFO - #False
[2024-01-17T23:05:22.498+0000] {logging_mixin.py:151} INFO - #False
[2024-01-17T23:05:22.498+0000] {logging_mixin.py:151} INFO - #False
[2024-01-17T23:05:22.498+0000] {logging_mixin.py:151} INFO - #False
[2024-01-17T23:05:22.498+0000] {logging_mixin.py:151} INFO - #False
[2024-01-17T23:05:22.499+0000] {logging_mixin.py:151} INFO - #False
[2024-01-17T23:05:22.499+0000] {logging_mixin.py:151} INFO - #False
[2024-01-17T23:05:22.499+0000] {logging_mixin.py:151} INFO - #False
[2024-01-17T23:05:22.503+0000] {logging_mixin.py:151} INFO - #False
[2024-01-17T23:05:22.503+0000] {logging_mixin.py:151} INFO - #False
[2024-01-17T23:05:22.504+0000] {logging_mixin.py:151} INFO - #False
[2024-01-17T23:05:22.505+0000] {conn.py:919} INFO - <BrokerConnection node_id=1 host=broker:29092 <connected> [IPv4 ('192.168.224.8', 29092)]>: Closing connection. 
[2024-01-17T23:05:22.509+0000] {python.py:194} INFO - Done. Returned value was: None
[2024-01-17T23:05:22.559+0000] {taskinstance.py:1400} INFO - Marking task as SUCCESS. dag_id=Stream_Data_1, task_id=Reddit, execution_date=20240117T230335, start_date=20240117T230515, end_date=20240117T230522
[2024-01-17T23:05:22.638+0000] {local_task_job_runner.py:228} INFO - Task exited with return code 0
[2024-01-17T23:05:22.764+0000] {taskinstance.py:2784} INFO - 0 downstream tasks scheduled from follow-on schedule check
