[2024-01-17T22:45:22.542+0000] {taskinstance.py:1159} INFO - Dependencies all met for dep_context=non-requeueable deps ti=<TaskInstance: Stream__2.Reddit scheduled__2024-01-17T22:43:07.895253+00:00 [queued]>
[2024-01-17T22:45:22.556+0000] {taskinstance.py:1159} INFO - Dependencies all met for dep_context=requeueable deps ti=<TaskInstance: Stream__2.Reddit scheduled__2024-01-17T22:43:07.895253+00:00 [queued]>
[2024-01-17T22:45:22.556+0000] {taskinstance.py:1361} INFO - Starting attempt 1 of 1
[2024-01-17T22:45:22.578+0000] {taskinstance.py:1382} INFO - Executing <Task(PythonOperator): Reddit> on 2024-01-17 22:43:07.895253+00:00
[2024-01-17T22:45:22.584+0000] {standard_task_runner.py:57} INFO - Started process 7777 to run task
[2024-01-17T22:45:22.588+0000] {standard_task_runner.py:84} INFO - Running: ['***', 'tasks', 'run', 'Stream__2', 'Reddit', 'scheduled__2024-01-17T22:43:07.895253+00:00', '--job-id', '1136', '--raw', '--subdir', 'DAGS_FOLDER/kafka_stream_2.py', '--cfg-path', '/tmp/tmpgjkdnv0g']
[2024-01-17T22:45:22.591+0000] {standard_task_runner.py:85} INFO - Job 1136: Subtask Reddit
[2024-01-17T22:45:22.683+0000] {task_command.py:415} INFO - Running <TaskInstance: Stream__2.Reddit scheduled__2024-01-17T22:43:07.895253+00:00 [running]> on host 614a419ad930
[2024-01-17T22:45:22.801+0000] {taskinstance.py:1660} INFO - Exporting env vars: AIRFLOW_CTX_DAG_OWNER='me' AIRFLOW_CTX_DAG_ID='Stream__2' AIRFLOW_CTX_TASK_ID='Reddit' AIRFLOW_CTX_EXECUTION_DATE='2024-01-17T22:43:07.895253+00:00' AIRFLOW_CTX_TRY_NUMBER='1' AIRFLOW_CTX_DAG_RUN_ID='scheduled__2024-01-17T22:43:07.895253+00:00'
[2024-01-17T22:45:22.847+0000] {logging_mixin.py:151} INFO -  submission : 
[2024-01-17T22:45:39.254+0000] {logging_mixin.py:151} INFO - #False
[2024-01-17T22:45:39.254+0000] {logging_mixin.py:151} INFO - #False
[2024-01-17T22:45:39.255+0000] {logging_mixin.py:151} INFO - #False
[2024-01-17T22:45:39.255+0000] {logging_mixin.py:151} INFO - #False
[2024-01-17T22:45:39.255+0000] {logging_mixin.py:151} INFO - #False
[2024-01-17T22:45:39.255+0000] {logging_mixin.py:151} INFO - #False
[2024-01-17T22:45:39.255+0000] {logging_mixin.py:151} INFO - #False
[2024-01-17T22:45:39.255+0000] {logging_mixin.py:151} INFO - #False
[2024-01-17T22:45:39.255+0000] {logging_mixin.py:151} INFO - #False
[2024-01-17T22:45:39.255+0000] {logging_mixin.py:151} INFO - #False
[2024-01-17T22:45:39.255+0000] {logging_mixin.py:151} INFO - #False
[2024-01-17T22:45:39.255+0000] {logging_mixin.py:151} INFO - #False
[2024-01-17T22:45:39.255+0000] {logging_mixin.py:151} INFO - #False
[2024-01-17T22:45:39.255+0000] {logging_mixin.py:151} INFO - #False
[2024-01-17T22:45:39.255+0000] {logging_mixin.py:151} INFO - #False
[2024-01-17T22:45:39.255+0000] {logging_mixin.py:151} INFO - #False
[2024-01-17T22:45:39.256+0000] {logging_mixin.py:151} INFO - #False
[2024-01-17T22:45:39.256+0000] {logging_mixin.py:151} INFO - #False
[2024-01-17T22:45:39.256+0000] {logging_mixin.py:151} INFO - #False
[2024-01-17T22:45:39.256+0000] {logging_mixin.py:151} INFO - #False
[2024-01-17T22:45:39.256+0000] {logging_mixin.py:151} INFO - #False
[2024-01-17T22:45:39.256+0000] {logging_mixin.py:151} INFO - #False
[2024-01-17T22:45:39.256+0000] {logging_mixin.py:151} INFO - #False
[2024-01-17T22:45:39.256+0000] {logging_mixin.py:151} INFO - #False
[2024-01-17T22:45:39.256+0000] {logging_mixin.py:151} INFO - #False
[2024-01-17T22:45:39.256+0000] {logging_mixin.py:151} INFO - #False
[2024-01-17T22:45:39.256+0000] {logging_mixin.py:151} INFO - #False
[2024-01-17T22:45:39.256+0000] {logging_mixin.py:151} INFO - #False
[2024-01-17T22:45:39.256+0000] {logging_mixin.py:151} INFO - #False
[2024-01-17T22:45:39.257+0000] {logging_mixin.py:151} INFO - #False
[2024-01-17T22:45:39.257+0000] {logging_mixin.py:151} INFO -  submission : 
[2024-01-17T22:45:39.799+0000] {logging_mixin.py:151} INFO - #False
[2024-01-17T22:45:39.799+0000] {logging_mixin.py:151} INFO - #False
[2024-01-17T22:45:39.800+0000] {logging_mixin.py:151} INFO - #False
[2024-01-17T22:45:39.800+0000] {logging_mixin.py:151} INFO - #False
[2024-01-17T22:45:39.800+0000] {logging_mixin.py:151} INFO - #False
[2024-01-17T22:45:39.800+0000] {logging_mixin.py:151} INFO - #False
[2024-01-17T22:45:39.800+0000] {logging_mixin.py:151} INFO - #False
[2024-01-17T22:45:39.800+0000] {logging_mixin.py:151} INFO - #False
[2024-01-17T22:45:39.800+0000] {logging_mixin.py:151} INFO - #False
[2024-01-17T22:45:39.800+0000] {logging_mixin.py:151} INFO - #False
[2024-01-17T22:45:39.800+0000] {logging_mixin.py:151} INFO - #False
[2024-01-17T22:45:39.800+0000] {logging_mixin.py:151} INFO - #False
[2024-01-17T22:45:39.800+0000] {logging_mixin.py:151} INFO - #False
[2024-01-17T22:45:39.800+0000] {logging_mixin.py:151} INFO - #False
[2024-01-17T22:45:39.800+0000] {logging_mixin.py:151} INFO - #False
[2024-01-17T22:45:39.801+0000] {logging_mixin.py:151} INFO - #False
[2024-01-17T22:45:39.801+0000] {logging_mixin.py:151} INFO - #False
[2024-01-17T22:45:39.801+0000] {logging_mixin.py:151} INFO - #False
[2024-01-17T22:45:39.801+0000] {logging_mixin.py:151} INFO - #False
[2024-01-17T22:45:39.801+0000] {logging_mixin.py:151} INFO - #False
[2024-01-17T22:45:39.801+0000] {logging_mixin.py:151} INFO - #False
[2024-01-17T22:45:39.801+0000] {logging_mixin.py:151} INFO - #False
[2024-01-17T22:45:39.801+0000] {logging_mixin.py:151} INFO - #False
[2024-01-17T22:45:39.801+0000] {logging_mixin.py:151} INFO - #False
[2024-01-17T22:45:39.801+0000] {logging_mixin.py:151} INFO - #False
[2024-01-17T22:45:39.801+0000] {logging_mixin.py:151} INFO - #False
[2024-01-17T22:45:39.801+0000] {logging_mixin.py:151} INFO - #False
[2024-01-17T22:45:39.801+0000] {logging_mixin.py:151} INFO - #False
[2024-01-17T22:45:39.801+0000] {logging_mixin.py:151} INFO - #False
[2024-01-17T22:45:39.801+0000] {logging_mixin.py:151} INFO - #False
[2024-01-17T22:45:39.802+0000] {logging_mixin.py:151} INFO -  submission : 
[2024-01-17T22:45:40.487+0000] {logging_mixin.py:151} INFO - #False
[2024-01-17T22:45:40.487+0000] {logging_mixin.py:151} INFO - #False
[2024-01-17T22:45:40.487+0000] {logging_mixin.py:151} INFO - #False
[2024-01-17T22:45:40.487+0000] {logging_mixin.py:151} INFO - #False
[2024-01-17T22:45:40.487+0000] {logging_mixin.py:151} INFO - #False
[2024-01-17T22:45:40.487+0000] {logging_mixin.py:151} INFO - #False
[2024-01-17T22:45:40.487+0000] {logging_mixin.py:151} INFO - #False
[2024-01-17T22:45:40.487+0000] {logging_mixin.py:151} INFO - #False
[2024-01-17T22:45:40.487+0000] {logging_mixin.py:151} INFO - #False
[2024-01-17T22:45:40.488+0000] {logging_mixin.py:151} INFO - #False
[2024-01-17T22:45:40.488+0000] {logging_mixin.py:151} INFO - #False
[2024-01-17T22:45:40.488+0000] {logging_mixin.py:151} INFO - #False
[2024-01-17T22:45:40.488+0000] {logging_mixin.py:151} INFO - #False
[2024-01-17T22:45:40.488+0000] {logging_mixin.py:151} INFO - #False
[2024-01-17T22:45:40.488+0000] {logging_mixin.py:151} INFO - #False
[2024-01-17T22:45:40.488+0000] {logging_mixin.py:151} INFO - #False
[2024-01-17T22:45:40.488+0000] {logging_mixin.py:151} INFO - #False
[2024-01-17T22:45:40.488+0000] {logging_mixin.py:151} INFO - #False
[2024-01-17T22:45:40.488+0000] {logging_mixin.py:151} INFO - #False
[2024-01-17T22:45:40.488+0000] {logging_mixin.py:151} INFO - #False
[2024-01-17T22:45:40.488+0000] {logging_mixin.py:151} INFO - #False
[2024-01-17T22:45:40.488+0000] {logging_mixin.py:151} INFO - #False
[2024-01-17T22:45:40.488+0000] {logging_mixin.py:151} INFO - #False
[2024-01-17T22:45:40.489+0000] {logging_mixin.py:151} INFO - #False
[2024-01-17T22:45:40.489+0000] {logging_mixin.py:151} INFO - #False
[2024-01-17T22:45:40.489+0000] {logging_mixin.py:151} INFO - #False
[2024-01-17T22:45:40.489+0000] {logging_mixin.py:151} INFO - #False
[2024-01-17T22:45:40.489+0000] {logging_mixin.py:151} INFO - #False
[2024-01-17T22:45:40.489+0000] {logging_mixin.py:151} INFO - #False
[2024-01-17T22:45:40.489+0000] {logging_mixin.py:151} INFO - #False
[2024-01-17T22:45:40.489+0000] {logging_mixin.py:151} INFO -  submission : 
[2024-01-17T22:45:41.297+0000] {logging_mixin.py:151} INFO - #False
[2024-01-17T22:45:41.298+0000] {logging_mixin.py:151} INFO - #False
[2024-01-17T22:45:41.298+0000] {logging_mixin.py:151} INFO - #False
[2024-01-17T22:45:41.298+0000] {logging_mixin.py:151} INFO - #False
[2024-01-17T22:45:41.298+0000] {logging_mixin.py:151} INFO - #False
[2024-01-17T22:45:41.298+0000] {logging_mixin.py:151} INFO - #False
[2024-01-17T22:45:41.298+0000] {logging_mixin.py:151} INFO - #False
[2024-01-17T22:45:41.298+0000] {logging_mixin.py:151} INFO - #False
[2024-01-17T22:45:41.298+0000] {logging_mixin.py:151} INFO - #False
[2024-01-17T22:45:41.298+0000] {logging_mixin.py:151} INFO - #False
[2024-01-17T22:45:41.298+0000] {logging_mixin.py:151} INFO - #False
[2024-01-17T22:45:41.299+0000] {logging_mixin.py:151} INFO - #False
[2024-01-17T22:45:41.299+0000] {logging_mixin.py:151} INFO - #False
[2024-01-17T22:45:41.299+0000] {logging_mixin.py:151} INFO - #False
[2024-01-17T22:45:41.299+0000] {logging_mixin.py:151} INFO - #False
[2024-01-17T22:45:41.299+0000] {logging_mixin.py:151} INFO - #False
[2024-01-17T22:45:41.299+0000] {logging_mixin.py:151} INFO - #False
[2024-01-17T22:45:41.299+0000] {logging_mixin.py:151} INFO - #False
[2024-01-17T22:45:41.299+0000] {logging_mixin.py:151} INFO - #False
[2024-01-17T22:45:41.299+0000] {logging_mixin.py:151} INFO - #False
[2024-01-17T22:45:41.299+0000] {logging_mixin.py:151} INFO - #False
[2024-01-17T22:45:41.299+0000] {logging_mixin.py:151} INFO - #False
[2024-01-17T22:45:41.299+0000] {logging_mixin.py:151} INFO - #False
[2024-01-17T22:45:41.299+0000] {logging_mixin.py:151} INFO - #False
[2024-01-17T22:45:41.300+0000] {logging_mixin.py:151} INFO - #False
[2024-01-17T22:45:41.300+0000] {logging_mixin.py:151} INFO - #False
[2024-01-17T22:45:41.300+0000] {logging_mixin.py:151} INFO - #False
[2024-01-17T22:45:41.300+0000] {logging_mixin.py:151} INFO - #False
[2024-01-17T22:45:41.300+0000] {logging_mixin.py:151} INFO - #False
[2024-01-17T22:45:41.300+0000] {logging_mixin.py:151} INFO - #False
[2024-01-17T22:45:41.300+0000] {logging_mixin.py:151} INFO -  submission : 
[2024-01-17T22:45:42.114+0000] {logging_mixin.py:151} INFO - #False
[2024-01-17T22:45:42.115+0000] {logging_mixin.py:151} INFO - #False
[2024-01-17T22:45:42.115+0000] {logging_mixin.py:151} INFO - #False
[2024-01-17T22:45:42.115+0000] {logging_mixin.py:151} INFO - #False
[2024-01-17T22:45:42.115+0000] {logging_mixin.py:151} INFO - #False
[2024-01-17T22:45:42.115+0000] {logging_mixin.py:151} INFO - #False
[2024-01-17T22:45:42.115+0000] {logging_mixin.py:151} INFO - #False
[2024-01-17T22:45:42.115+0000] {logging_mixin.py:151} INFO - #False
[2024-01-17T22:45:42.115+0000] {logging_mixin.py:151} INFO - #False
[2024-01-17T22:45:42.116+0000] {logging_mixin.py:151} INFO - #False
[2024-01-17T22:45:42.116+0000] {logging_mixin.py:151} INFO - #False
[2024-01-17T22:45:42.116+0000] {logging_mixin.py:151} INFO - #False
[2024-01-17T22:45:42.116+0000] {logging_mixin.py:151} INFO - #False
[2024-01-17T22:45:42.116+0000] {logging_mixin.py:151} INFO - #False
[2024-01-17T22:45:42.116+0000] {logging_mixin.py:151} INFO - #False
[2024-01-17T22:45:42.116+0000] {logging_mixin.py:151} INFO - #False
[2024-01-17T22:45:42.116+0000] {logging_mixin.py:151} INFO - #False
[2024-01-17T22:45:42.116+0000] {logging_mixin.py:151} INFO - #False
[2024-01-17T22:45:42.116+0000] {logging_mixin.py:151} INFO - #False
[2024-01-17T22:45:42.117+0000] {logging_mixin.py:151} INFO - #False
[2024-01-17T22:45:42.117+0000] {logging_mixin.py:151} INFO - #False
[2024-01-17T22:45:42.117+0000] {logging_mixin.py:151} INFO - #False
[2024-01-17T22:45:42.117+0000] {logging_mixin.py:151} INFO - #False
[2024-01-17T22:45:42.117+0000] {logging_mixin.py:151} INFO - #False
[2024-01-17T22:45:42.117+0000] {logging_mixin.py:151} INFO - #False
[2024-01-17T22:45:42.117+0000] {logging_mixin.py:151} INFO - #False
[2024-01-17T22:45:42.117+0000] {logging_mixin.py:151} INFO - #False
[2024-01-17T22:45:42.117+0000] {logging_mixin.py:151} INFO - #False
[2024-01-17T22:45:42.118+0000] {logging_mixin.py:151} INFO - #False
[2024-01-17T22:45:42.118+0000] {logging_mixin.py:151} INFO - #False
[2024-01-17T22:45:42.118+0000] {logging_mixin.py:151} INFO -  submission : 
[2024-01-17T22:45:42.950+0000] {logging_mixin.py:151} INFO - #False
[2024-01-17T22:45:42.951+0000] {logging_mixin.py:151} INFO - #False
[2024-01-17T22:45:42.951+0000] {logging_mixin.py:151} INFO - #False
[2024-01-17T22:45:42.952+0000] {logging_mixin.py:151} INFO - #False
[2024-01-17T22:45:42.952+0000] {logging_mixin.py:151} INFO - #False
[2024-01-17T22:45:42.952+0000] {logging_mixin.py:151} INFO - #False
[2024-01-17T22:45:42.953+0000] {logging_mixin.py:151} INFO - #False
[2024-01-17T22:45:42.953+0000] {logging_mixin.py:151} INFO - #False
[2024-01-17T22:45:42.953+0000] {logging_mixin.py:151} INFO - #False
[2024-01-17T22:45:42.953+0000] {logging_mixin.py:151} INFO - #False
[2024-01-17T22:45:42.953+0000] {logging_mixin.py:151} INFO - #False
[2024-01-17T22:45:42.953+0000] {logging_mixin.py:151} INFO - #False
[2024-01-17T22:45:42.953+0000] {logging_mixin.py:151} INFO - #False
[2024-01-17T22:45:42.953+0000] {logging_mixin.py:151} INFO - #False
[2024-01-17T22:45:42.954+0000] {logging_mixin.py:151} INFO - #False
[2024-01-17T22:45:42.954+0000] {logging_mixin.py:151} INFO - #False
[2024-01-17T22:45:42.954+0000] {logging_mixin.py:151} INFO - #False
[2024-01-17T22:45:42.954+0000] {logging_mixin.py:151} INFO - #False
[2024-01-17T22:45:42.954+0000] {logging_mixin.py:151} INFO - #False
[2024-01-17T22:45:42.954+0000] {logging_mixin.py:151} INFO - #False
[2024-01-17T22:45:42.954+0000] {logging_mixin.py:151} INFO - #False
[2024-01-17T22:45:42.954+0000] {logging_mixin.py:151} INFO - #False
[2024-01-17T22:45:42.954+0000] {logging_mixin.py:151} INFO - #False
[2024-01-17T22:45:42.955+0000] {logging_mixin.py:151} INFO - #False
[2024-01-17T22:45:42.955+0000] {logging_mixin.py:151} INFO - #False
[2024-01-17T22:45:42.955+0000] {logging_mixin.py:151} INFO - #False
[2024-01-17T22:45:42.955+0000] {logging_mixin.py:151} INFO - #False
[2024-01-17T22:45:42.955+0000] {logging_mixin.py:151} INFO - #False
[2024-01-17T22:45:42.955+0000] {logging_mixin.py:151} INFO - #False
[2024-01-17T22:45:42.955+0000] {logging_mixin.py:151} INFO - #False
[2024-01-17T22:45:42.955+0000] {logging_mixin.py:151} INFO -  submission : 
[2024-01-17T22:45:43.522+0000] {logging_mixin.py:151} INFO - #False
[2024-01-17T22:45:43.523+0000] {logging_mixin.py:151} INFO - #False
[2024-01-17T22:45:43.523+0000] {logging_mixin.py:151} INFO - #False
[2024-01-17T22:45:43.523+0000] {logging_mixin.py:151} INFO - #False
[2024-01-17T22:45:43.523+0000] {logging_mixin.py:151} INFO - #False
[2024-01-17T22:45:43.523+0000] {logging_mixin.py:151} INFO - #False
[2024-01-17T22:45:43.523+0000] {logging_mixin.py:151} INFO - #False
[2024-01-17T22:45:43.523+0000] {logging_mixin.py:151} INFO - #False
[2024-01-17T22:45:43.523+0000] {logging_mixin.py:151} INFO - #False
[2024-01-17T22:45:43.523+0000] {logging_mixin.py:151} INFO - #False
[2024-01-17T22:45:43.523+0000] {logging_mixin.py:151} INFO - #False
[2024-01-17T22:45:43.523+0000] {logging_mixin.py:151} INFO - #False
[2024-01-17T22:45:43.523+0000] {logging_mixin.py:151} INFO - #False
[2024-01-17T22:45:43.523+0000] {logging_mixin.py:151} INFO - #False
[2024-01-17T22:45:43.523+0000] {logging_mixin.py:151} INFO - #False
[2024-01-17T22:45:43.524+0000] {logging_mixin.py:151} INFO - #False
[2024-01-17T22:45:43.524+0000] {logging_mixin.py:151} INFO - #False
[2024-01-17T22:45:43.524+0000] {logging_mixin.py:151} INFO - #False
[2024-01-17T22:45:43.524+0000] {logging_mixin.py:151} INFO - #False
[2024-01-17T22:45:43.524+0000] {logging_mixin.py:151} INFO - #False
[2024-01-17T22:45:43.524+0000] {logging_mixin.py:151} INFO - #False
[2024-01-17T22:45:43.524+0000] {logging_mixin.py:151} INFO - #False
[2024-01-17T22:45:43.524+0000] {logging_mixin.py:151} INFO - #False
[2024-01-17T22:45:43.524+0000] {logging_mixin.py:151} INFO - #False
[2024-01-17T22:45:43.524+0000] {logging_mixin.py:151} INFO - #False
[2024-01-17T22:45:43.524+0000] {logging_mixin.py:151} INFO - #False
[2024-01-17T22:45:43.524+0000] {logging_mixin.py:151} INFO - #False
[2024-01-17T22:45:43.524+0000] {logging_mixin.py:151} INFO - #False
[2024-01-17T22:45:43.524+0000] {logging_mixin.py:151} INFO - #False
[2024-01-17T22:45:43.524+0000] {logging_mixin.py:151} INFO - #False
[2024-01-17T22:45:43.525+0000] {logging_mixin.py:151} INFO -  submission : 
[2024-01-17T22:45:44.368+0000] {logging_mixin.py:151} INFO - #False
[2024-01-17T22:45:44.368+0000] {logging_mixin.py:151} INFO - #False
[2024-01-17T22:45:44.368+0000] {logging_mixin.py:151} INFO - #False
[2024-01-17T22:45:44.368+0000] {logging_mixin.py:151} INFO - #False
[2024-01-17T22:45:44.369+0000] {logging_mixin.py:151} INFO - #False
[2024-01-17T22:45:44.369+0000] {logging_mixin.py:151} INFO - #False
[2024-01-17T22:45:44.369+0000] {logging_mixin.py:151} INFO - #False
[2024-01-17T22:45:44.369+0000] {logging_mixin.py:151} INFO - #False
[2024-01-17T22:45:44.369+0000] {logging_mixin.py:151} INFO - #False
[2024-01-17T22:45:44.369+0000] {logging_mixin.py:151} INFO - #False
[2024-01-17T22:45:44.369+0000] {logging_mixin.py:151} INFO - #False
[2024-01-17T22:45:44.369+0000] {logging_mixin.py:151} INFO - #False
[2024-01-17T22:45:44.369+0000] {logging_mixin.py:151} INFO - #False
[2024-01-17T22:45:44.369+0000] {logging_mixin.py:151} INFO - #False
[2024-01-17T22:45:44.369+0000] {logging_mixin.py:151} INFO - #False
[2024-01-17T22:45:44.369+0000] {logging_mixin.py:151} INFO - #False
[2024-01-17T22:45:44.369+0000] {logging_mixin.py:151} INFO - #False
[2024-01-17T22:45:44.369+0000] {logging_mixin.py:151} INFO - #False
[2024-01-17T22:45:44.370+0000] {logging_mixin.py:151} INFO - #False
[2024-01-17T22:45:44.370+0000] {logging_mixin.py:151} INFO - #False
[2024-01-17T22:45:44.370+0000] {logging_mixin.py:151} INFO - #False
[2024-01-17T22:45:44.370+0000] {logging_mixin.py:151} INFO - #False
[2024-01-17T22:45:44.370+0000] {logging_mixin.py:151} INFO - #False
[2024-01-17T22:45:44.370+0000] {logging_mixin.py:151} INFO - #False
[2024-01-17T22:45:44.370+0000] {logging_mixin.py:151} INFO - #False
[2024-01-17T22:45:44.370+0000] {logging_mixin.py:151} INFO - #False
[2024-01-17T22:45:44.370+0000] {logging_mixin.py:151} INFO - #False
[2024-01-17T22:45:44.370+0000] {logging_mixin.py:151} INFO - #False
[2024-01-17T22:45:44.370+0000] {logging_mixin.py:151} INFO - #False
[2024-01-17T22:45:44.370+0000] {logging_mixin.py:151} INFO - #False
[2024-01-17T22:45:44.371+0000] {python.py:194} INFO - Done. Returned value was: None
[2024-01-17T22:45:44.384+0000] {taskinstance.py:1400} INFO - Marking task as SUCCESS. dag_id=Stream__2, task_id=Reddit, execution_date=20240117T224307, start_date=20240117T224522, end_date=20240117T224544
[2024-01-17T22:45:44.450+0000] {local_task_job_runner.py:228} INFO - Task exited with return code 0
[2024-01-17T22:45:44.475+0000] {taskinstance.py:2784} INFO - 0 downstream tasks scheduled from follow-on schedule check
