[2024-01-17T23:18:09.638+0000] {taskinstance.py:1159} INFO - Dependencies all met for dep_context=non-requeueable deps ti=<TaskInstance: Stream_Data_1.Reddit scheduled__2024-01-17T23:16:56.054349+00:00 [queued]>
[2024-01-17T23:18:09.650+0000] {taskinstance.py:1159} INFO - Dependencies all met for dep_context=requeueable deps ti=<TaskInstance: Stream_Data_1.Reddit scheduled__2024-01-17T23:16:56.054349+00:00 [queued]>
[2024-01-17T23:18:09.651+0000] {taskinstance.py:1361} INFO - Starting attempt 1 of 1
[2024-01-17T23:18:09.671+0000] {taskinstance.py:1382} INFO - Executing <Task(PythonOperator): Reddit> on 2024-01-17 23:16:56.054349+00:00
[2024-01-17T23:18:09.677+0000] {standard_task_runner.py:57} INFO - Started process 9977 to run task
[2024-01-17T23:18:09.682+0000] {standard_task_runner.py:84} INFO - Running: ['***', 'tasks', 'run', 'Stream_Data_1', 'Reddit', 'scheduled__2024-01-17T23:16:56.054349+00:00', '--job-id', '1356', '--raw', '--subdir', 'DAGS_FOLDER/kafka_stream.py', '--cfg-path', '/tmp/tmppe0sx7yk']
[2024-01-17T23:18:09.684+0000] {standard_task_runner.py:85} INFO - Job 1356: Subtask Reddit
[2024-01-17T23:18:09.771+0000] {task_command.py:415} INFO - Running <TaskInstance: Stream_Data_1.Reddit scheduled__2024-01-17T23:16:56.054349+00:00 [running]> on host 614a419ad930
[2024-01-17T23:18:09.908+0000] {taskinstance.py:1660} INFO - Exporting env vars: AIRFLOW_CTX_DAG_OWNER='me' AIRFLOW_CTX_DAG_ID='Stream_Data_1' AIRFLOW_CTX_TASK_ID='Reddit' AIRFLOW_CTX_EXECUTION_DATE='2024-01-17T23:16:56.054349+00:00' AIRFLOW_CTX_TRY_NUMBER='1' AIRFLOW_CTX_DAG_RUN_ID='scheduled__2024-01-17T23:16:56.054349+00:00'
[2024-01-17T23:18:10.034+0000] {logging_mixin.py:151} INFO -  submission : 
[2024-01-17T23:18:10.806+0000] {logging_mixin.py:151} INFO - #False
[2024-01-17T23:18:10.806+0000] {logging_mixin.py:151} INFO - #False
[2024-01-17T23:18:10.807+0000] {logging_mixin.py:151} INFO - #False
[2024-01-17T23:18:10.807+0000] {logging_mixin.py:151} INFO - #False
[2024-01-17T23:18:10.807+0000] {logging_mixin.py:151} INFO - #False
[2024-01-17T23:18:10.807+0000] {logging_mixin.py:151} INFO - #False
[2024-01-17T23:18:10.807+0000] {logging_mixin.py:151} INFO - #False
[2024-01-17T23:18:10.807+0000] {logging_mixin.py:151} INFO - #False
[2024-01-17T23:18:10.807+0000] {logging_mixin.py:151} INFO - #False
[2024-01-17T23:18:10.807+0000] {logging_mixin.py:151} INFO - #False
[2024-01-17T23:18:10.807+0000] {logging_mixin.py:151} INFO - #False
[2024-01-17T23:18:10.807+0000] {logging_mixin.py:151} INFO - #False
[2024-01-17T23:18:10.807+0000] {logging_mixin.py:151} INFO - #False
[2024-01-17T23:18:10.807+0000] {logging_mixin.py:151} INFO - #False
[2024-01-17T23:18:10.807+0000] {logging_mixin.py:151} INFO - #False
[2024-01-17T23:18:10.807+0000] {logging_mixin.py:151} INFO - #False
[2024-01-17T23:18:10.807+0000] {logging_mixin.py:151} INFO - #False
[2024-01-17T23:18:10.807+0000] {logging_mixin.py:151} INFO - #False
[2024-01-17T23:18:10.807+0000] {logging_mixin.py:151} INFO - #False
[2024-01-17T23:18:10.807+0000] {logging_mixin.py:151} INFO - #False
[2024-01-17T23:18:10.807+0000] {logging_mixin.py:151} INFO - #False
[2024-01-17T23:18:10.807+0000] {logging_mixin.py:151} INFO - #False
[2024-01-17T23:18:10.807+0000] {logging_mixin.py:151} INFO - #False
[2024-01-17T23:18:10.808+0000] {logging_mixin.py:151} INFO - #False
[2024-01-17T23:18:10.808+0000] {logging_mixin.py:151} INFO - #False
[2024-01-17T23:18:10.808+0000] {logging_mixin.py:151} INFO - #False
[2024-01-17T23:18:10.808+0000] {logging_mixin.py:151} INFO - #False
[2024-01-17T23:18:10.808+0000] {logging_mixin.py:151} INFO - #False
[2024-01-17T23:18:10.808+0000] {logging_mixin.py:151} INFO - #False
[2024-01-17T23:18:10.808+0000] {logging_mixin.py:151} INFO - #False
[2024-01-17T23:18:10.808+0000] {logging_mixin.py:151} INFO -  submission : 
[2024-01-17T23:18:11.392+0000] {logging_mixin.py:151} INFO - #False
[2024-01-17T23:18:11.393+0000] {logging_mixin.py:151} INFO - #False
[2024-01-17T23:18:11.393+0000] {logging_mixin.py:151} INFO - #False
[2024-01-17T23:18:11.393+0000] {logging_mixin.py:151} INFO - #False
[2024-01-17T23:18:11.393+0000] {logging_mixin.py:151} INFO - #False
[2024-01-17T23:18:11.393+0000] {logging_mixin.py:151} INFO - #False
[2024-01-17T23:18:11.393+0000] {logging_mixin.py:151} INFO - #False
[2024-01-17T23:18:11.393+0000] {logging_mixin.py:151} INFO - #False
[2024-01-17T23:18:11.393+0000] {logging_mixin.py:151} INFO - #False
[2024-01-17T23:18:11.393+0000] {logging_mixin.py:151} INFO - #False
[2024-01-17T23:18:11.393+0000] {logging_mixin.py:151} INFO - #False
[2024-01-17T23:18:11.393+0000] {logging_mixin.py:151} INFO - #False
[2024-01-17T23:18:11.393+0000] {logging_mixin.py:151} INFO - #False
[2024-01-17T23:18:11.393+0000] {logging_mixin.py:151} INFO - #False
[2024-01-17T23:18:11.394+0000] {logging_mixin.py:151} INFO - #False
[2024-01-17T23:18:11.394+0000] {logging_mixin.py:151} INFO - #False
[2024-01-17T23:18:11.394+0000] {logging_mixin.py:151} INFO - #False
[2024-01-17T23:18:11.394+0000] {logging_mixin.py:151} INFO - #False
[2024-01-17T23:18:11.394+0000] {logging_mixin.py:151} INFO - #False
[2024-01-17T23:18:11.394+0000] {logging_mixin.py:151} INFO - #False
[2024-01-17T23:18:11.394+0000] {logging_mixin.py:151} INFO - #False
[2024-01-17T23:18:11.394+0000] {logging_mixin.py:151} INFO - #False
[2024-01-17T23:18:11.394+0000] {logging_mixin.py:151} INFO - #False
[2024-01-17T23:18:11.395+0000] {logging_mixin.py:151} INFO - #False
[2024-01-17T23:18:11.395+0000] {logging_mixin.py:151} INFO - #False
[2024-01-17T23:18:11.395+0000] {logging_mixin.py:151} INFO - #False
[2024-01-17T23:18:11.395+0000] {logging_mixin.py:151} INFO - #False
[2024-01-17T23:18:11.395+0000] {logging_mixin.py:151} INFO - #False
[2024-01-17T23:18:11.395+0000] {logging_mixin.py:151} INFO - #False
[2024-01-17T23:18:11.395+0000] {logging_mixin.py:151} INFO - #False
[2024-01-17T23:18:11.395+0000] {logging_mixin.py:151} INFO -  submission : 
[2024-01-17T23:18:11.970+0000] {logging_mixin.py:151} INFO - #False
[2024-01-17T23:18:11.970+0000] {logging_mixin.py:151} INFO - #False
[2024-01-17T23:18:11.970+0000] {logging_mixin.py:151} INFO - #False
[2024-01-17T23:18:11.970+0000] {logging_mixin.py:151} INFO - #False
[2024-01-17T23:18:11.970+0000] {logging_mixin.py:151} INFO - #False
[2024-01-17T23:18:11.970+0000] {logging_mixin.py:151} INFO - #False
[2024-01-17T23:18:11.970+0000] {logging_mixin.py:151} INFO - #False
[2024-01-17T23:18:11.970+0000] {logging_mixin.py:151} INFO - #False
[2024-01-17T23:18:11.970+0000] {logging_mixin.py:151} INFO - #False
[2024-01-17T23:18:11.971+0000] {logging_mixin.py:151} INFO - #False
[2024-01-17T23:18:11.971+0000] {logging_mixin.py:151} INFO - #False
[2024-01-17T23:18:11.971+0000] {logging_mixin.py:151} INFO - #False
[2024-01-17T23:18:11.971+0000] {logging_mixin.py:151} INFO - #False
[2024-01-17T23:18:11.971+0000] {logging_mixin.py:151} INFO - #False
[2024-01-17T23:18:11.971+0000] {logging_mixin.py:151} INFO - #False
[2024-01-17T23:18:11.971+0000] {logging_mixin.py:151} INFO - #False
[2024-01-17T23:18:11.971+0000] {logging_mixin.py:151} INFO - #False
[2024-01-17T23:18:11.971+0000] {logging_mixin.py:151} INFO - #False
[2024-01-17T23:18:11.971+0000] {logging_mixin.py:151} INFO - #False
[2024-01-17T23:18:11.971+0000] {logging_mixin.py:151} INFO - #False
[2024-01-17T23:18:11.971+0000] {logging_mixin.py:151} INFO - #False
[2024-01-17T23:18:11.971+0000] {logging_mixin.py:151} INFO - #False
[2024-01-17T23:18:11.971+0000] {logging_mixin.py:151} INFO - #False
[2024-01-17T23:18:11.971+0000] {logging_mixin.py:151} INFO - #False
[2024-01-17T23:18:11.971+0000] {logging_mixin.py:151} INFO - #False
[2024-01-17T23:18:11.971+0000] {logging_mixin.py:151} INFO - #False
[2024-01-17T23:18:11.972+0000] {logging_mixin.py:151} INFO - #False
[2024-01-17T23:18:11.972+0000] {logging_mixin.py:151} INFO - #False
[2024-01-17T23:18:11.972+0000] {logging_mixin.py:151} INFO - #False
[2024-01-17T23:18:11.972+0000] {logging_mixin.py:151} INFO - #False
[2024-01-17T23:18:11.972+0000] {logging_mixin.py:151} INFO -  submission : 
[2024-01-17T23:18:12.632+0000] {logging_mixin.py:151} INFO - #False
[2024-01-17T23:18:12.632+0000] {logging_mixin.py:151} INFO - #False
[2024-01-17T23:18:12.632+0000] {logging_mixin.py:151} INFO - #False
[2024-01-17T23:18:12.632+0000] {logging_mixin.py:151} INFO - #False
[2024-01-17T23:18:12.632+0000] {logging_mixin.py:151} INFO - #False
[2024-01-17T23:18:12.632+0000] {logging_mixin.py:151} INFO - #False
[2024-01-17T23:18:12.632+0000] {logging_mixin.py:151} INFO - #False
[2024-01-17T23:18:12.632+0000] {logging_mixin.py:151} INFO - #False
[2024-01-17T23:18:12.632+0000] {logging_mixin.py:151} INFO - #False
[2024-01-17T23:18:12.633+0000] {logging_mixin.py:151} INFO - #False
[2024-01-17T23:18:12.633+0000] {logging_mixin.py:151} INFO - #False
[2024-01-17T23:18:12.633+0000] {logging_mixin.py:151} INFO - #False
[2024-01-17T23:18:12.633+0000] {logging_mixin.py:151} INFO - #False
[2024-01-17T23:18:12.633+0000] {logging_mixin.py:151} INFO - #False
[2024-01-17T23:18:12.633+0000] {logging_mixin.py:151} INFO - #False
[2024-01-17T23:18:12.633+0000] {logging_mixin.py:151} INFO - #False
[2024-01-17T23:18:12.633+0000] {logging_mixin.py:151} INFO - #False
[2024-01-17T23:18:12.633+0000] {logging_mixin.py:151} INFO - #False
[2024-01-17T23:18:12.633+0000] {logging_mixin.py:151} INFO - #False
[2024-01-17T23:18:12.633+0000] {logging_mixin.py:151} INFO - #False
[2024-01-17T23:18:12.633+0000] {logging_mixin.py:151} INFO - #False
[2024-01-17T23:18:12.633+0000] {logging_mixin.py:151} INFO - #False
[2024-01-17T23:18:12.633+0000] {logging_mixin.py:151} INFO - #False
[2024-01-17T23:18:12.633+0000] {logging_mixin.py:151} INFO - #False
[2024-01-17T23:18:12.633+0000] {logging_mixin.py:151} INFO - #False
[2024-01-17T23:18:12.633+0000] {logging_mixin.py:151} INFO - #False
[2024-01-17T23:18:12.633+0000] {logging_mixin.py:151} INFO - #False
[2024-01-17T23:18:12.634+0000] {logging_mixin.py:151} INFO - #False
[2024-01-17T23:18:12.634+0000] {logging_mixin.py:151} INFO - #False
[2024-01-17T23:18:12.634+0000] {logging_mixin.py:151} INFO - #False
[2024-01-17T23:18:12.634+0000] {logging_mixin.py:151} INFO -  submission : 
[2024-01-17T23:18:13.237+0000] {logging_mixin.py:151} INFO - #False
[2024-01-17T23:18:13.238+0000] {logging_mixin.py:151} INFO - #False
[2024-01-17T23:18:13.238+0000] {logging_mixin.py:151} INFO - #False
[2024-01-17T23:18:13.238+0000] {logging_mixin.py:151} INFO - #False
[2024-01-17T23:18:13.238+0000] {logging_mixin.py:151} INFO - #False
[2024-01-17T23:18:13.238+0000] {logging_mixin.py:151} INFO - #False
[2024-01-17T23:18:13.238+0000] {logging_mixin.py:151} INFO - #False
[2024-01-17T23:18:13.238+0000] {logging_mixin.py:151} INFO - #False
[2024-01-17T23:18:13.238+0000] {logging_mixin.py:151} INFO - #False
[2024-01-17T23:18:13.238+0000] {logging_mixin.py:151} INFO - #False
[2024-01-17T23:18:13.238+0000] {logging_mixin.py:151} INFO - #False
[2024-01-17T23:18:13.238+0000] {logging_mixin.py:151} INFO - #False
[2024-01-17T23:18:13.238+0000] {logging_mixin.py:151} INFO - #False
[2024-01-17T23:18:13.238+0000] {logging_mixin.py:151} INFO - #False
[2024-01-17T23:18:13.239+0000] {logging_mixin.py:151} INFO - #False
[2024-01-17T23:18:13.239+0000] {logging_mixin.py:151} INFO - #False
[2024-01-17T23:18:13.239+0000] {logging_mixin.py:151} INFO - #False
[2024-01-17T23:18:13.239+0000] {logging_mixin.py:151} INFO - #False
[2024-01-17T23:18:13.239+0000] {logging_mixin.py:151} INFO - #False
[2024-01-17T23:18:13.239+0000] {logging_mixin.py:151} INFO - #False
[2024-01-17T23:18:13.239+0000] {logging_mixin.py:151} INFO - #False
[2024-01-17T23:18:13.239+0000] {logging_mixin.py:151} INFO - #False
[2024-01-17T23:18:13.239+0000] {logging_mixin.py:151} INFO - #False
[2024-01-17T23:18:13.239+0000] {logging_mixin.py:151} INFO - #False
[2024-01-17T23:18:13.239+0000] {logging_mixin.py:151} INFO - #False
[2024-01-17T23:18:13.239+0000] {logging_mixin.py:151} INFO - #False
[2024-01-17T23:18:13.239+0000] {logging_mixin.py:151} INFO - #False
[2024-01-17T23:18:13.239+0000] {logging_mixin.py:151} INFO - #False
[2024-01-17T23:18:13.239+0000] {logging_mixin.py:151} INFO - #False
[2024-01-17T23:18:13.239+0000] {logging_mixin.py:151} INFO - #False
[2024-01-17T23:18:13.240+0000] {logging_mixin.py:151} INFO -  submission : 
[2024-01-17T23:18:13.854+0000] {logging_mixin.py:151} INFO - #False
[2024-01-17T23:18:13.855+0000] {logging_mixin.py:151} INFO - #False
[2024-01-17T23:18:13.855+0000] {logging_mixin.py:151} INFO - #False
[2024-01-17T23:18:13.855+0000] {logging_mixin.py:151} INFO - #False
[2024-01-17T23:18:13.855+0000] {logging_mixin.py:151} INFO - #False
[2024-01-17T23:18:13.855+0000] {logging_mixin.py:151} INFO - #False
[2024-01-17T23:18:13.855+0000] {logging_mixin.py:151} INFO - #False
[2024-01-17T23:18:13.855+0000] {logging_mixin.py:151} INFO - #False
[2024-01-17T23:18:13.855+0000] {logging_mixin.py:151} INFO - #False
[2024-01-17T23:18:13.855+0000] {logging_mixin.py:151} INFO - #False
[2024-01-17T23:18:13.855+0000] {logging_mixin.py:151} INFO - #False
[2024-01-17T23:18:13.855+0000] {logging_mixin.py:151} INFO - #False
[2024-01-17T23:18:13.855+0000] {logging_mixin.py:151} INFO - #False
[2024-01-17T23:18:13.855+0000] {logging_mixin.py:151} INFO - #False
[2024-01-17T23:18:13.855+0000] {logging_mixin.py:151} INFO - #False
[2024-01-17T23:18:13.855+0000] {logging_mixin.py:151} INFO - #False
[2024-01-17T23:18:13.856+0000] {logging_mixin.py:151} INFO - #False
[2024-01-17T23:18:13.856+0000] {logging_mixin.py:151} INFO - #False
[2024-01-17T23:18:13.856+0000] {logging_mixin.py:151} INFO - #False
[2024-01-17T23:18:13.856+0000] {logging_mixin.py:151} INFO - #False
[2024-01-17T23:18:13.856+0000] {logging_mixin.py:151} INFO - #False
[2024-01-17T23:18:13.856+0000] {logging_mixin.py:151} INFO - #False
[2024-01-17T23:18:13.856+0000] {logging_mixin.py:151} INFO - #False
[2024-01-17T23:18:13.856+0000] {logging_mixin.py:151} INFO - #False
[2024-01-17T23:18:13.856+0000] {logging_mixin.py:151} INFO - #False
[2024-01-17T23:18:13.856+0000] {logging_mixin.py:151} INFO - #False
[2024-01-17T23:18:13.856+0000] {logging_mixin.py:151} INFO - #False
[2024-01-17T23:18:13.856+0000] {logging_mixin.py:151} INFO - #False
[2024-01-17T23:18:13.856+0000] {logging_mixin.py:151} INFO - #False
[2024-01-17T23:18:13.856+0000] {logging_mixin.py:151} INFO - #False
[2024-01-17T23:18:13.856+0000] {logging_mixin.py:151} INFO -  submission : 
[2024-01-17T23:18:14.569+0000] {logging_mixin.py:151} INFO - #False
[2024-01-17T23:18:14.569+0000] {logging_mixin.py:151} INFO - #False
[2024-01-17T23:18:14.570+0000] {logging_mixin.py:151} INFO - #False
[2024-01-17T23:18:14.570+0000] {logging_mixin.py:151} INFO - #False
[2024-01-17T23:18:14.570+0000] {logging_mixin.py:151} INFO - #False
[2024-01-17T23:18:14.571+0000] {logging_mixin.py:151} INFO - #False
[2024-01-17T23:18:14.571+0000] {logging_mixin.py:151} INFO - #False
[2024-01-17T23:18:14.571+0000] {logging_mixin.py:151} INFO - #False
[2024-01-17T23:18:14.571+0000] {logging_mixin.py:151} INFO - #False
[2024-01-17T23:18:14.571+0000] {logging_mixin.py:151} INFO - #False
[2024-01-17T23:18:14.571+0000] {logging_mixin.py:151} INFO - #False
[2024-01-17T23:18:14.571+0000] {logging_mixin.py:151} INFO - #False
[2024-01-17T23:18:14.571+0000] {logging_mixin.py:151} INFO - #False
[2024-01-17T23:18:14.571+0000] {logging_mixin.py:151} INFO - #False
[2024-01-17T23:18:14.571+0000] {logging_mixin.py:151} INFO - #False
[2024-01-17T23:18:14.571+0000] {logging_mixin.py:151} INFO - #False
[2024-01-17T23:18:14.571+0000] {logging_mixin.py:151} INFO - #False
[2024-01-17T23:18:14.571+0000] {logging_mixin.py:151} INFO - #False
[2024-01-17T23:18:14.571+0000] {logging_mixin.py:151} INFO - #False
[2024-01-17T23:18:14.571+0000] {logging_mixin.py:151} INFO - #False
[2024-01-17T23:18:14.571+0000] {logging_mixin.py:151} INFO - #False
[2024-01-17T23:18:14.571+0000] {logging_mixin.py:151} INFO - #False
[2024-01-17T23:18:14.571+0000] {logging_mixin.py:151} INFO - #False
[2024-01-17T23:18:14.572+0000] {logging_mixin.py:151} INFO - #False
[2024-01-17T23:18:14.572+0000] {logging_mixin.py:151} INFO - #False
[2024-01-17T23:18:14.572+0000] {logging_mixin.py:151} INFO - #False
[2024-01-17T23:18:14.572+0000] {logging_mixin.py:151} INFO - #False
[2024-01-17T23:18:14.572+0000] {logging_mixin.py:151} INFO - #False
[2024-01-17T23:18:14.572+0000] {logging_mixin.py:151} INFO - #False
[2024-01-17T23:18:14.572+0000] {logging_mixin.py:151} INFO - #False
[2024-01-17T23:18:14.572+0000] {logging_mixin.py:151} INFO -  submission : 
[2024-01-17T23:18:15.181+0000] {logging_mixin.py:151} INFO - #False
[2024-01-17T23:18:15.181+0000] {logging_mixin.py:151} INFO - #False
[2024-01-17T23:18:15.181+0000] {logging_mixin.py:151} INFO - #False
[2024-01-17T23:18:15.182+0000] {logging_mixin.py:151} INFO - #False
[2024-01-17T23:18:15.182+0000] {logging_mixin.py:151} INFO - #False
[2024-01-17T23:18:15.182+0000] {logging_mixin.py:151} INFO - #False
[2024-01-17T23:18:15.182+0000] {logging_mixin.py:151} INFO - #False
[2024-01-17T23:18:15.182+0000] {logging_mixin.py:151} INFO - #False
[2024-01-17T23:18:15.182+0000] {logging_mixin.py:151} INFO - #False
[2024-01-17T23:18:15.182+0000] {logging_mixin.py:151} INFO - #False
[2024-01-17T23:18:15.182+0000] {logging_mixin.py:151} INFO - #False
[2024-01-17T23:18:15.182+0000] {logging_mixin.py:151} INFO - #False
[2024-01-17T23:18:15.182+0000] {logging_mixin.py:151} INFO - #False
[2024-01-17T23:18:15.182+0000] {logging_mixin.py:151} INFO - #False
[2024-01-17T23:18:15.182+0000] {logging_mixin.py:151} INFO - #False
[2024-01-17T23:18:15.182+0000] {logging_mixin.py:151} INFO - #False
[2024-01-17T23:18:15.183+0000] {logging_mixin.py:151} INFO - #False
[2024-01-17T23:18:15.183+0000] {logging_mixin.py:151} INFO - #False
[2024-01-17T23:18:15.183+0000] {logging_mixin.py:151} INFO - #False
[2024-01-17T23:18:15.183+0000] {logging_mixin.py:151} INFO - #False
[2024-01-17T23:18:15.183+0000] {logging_mixin.py:151} INFO - #False
[2024-01-17T23:18:15.183+0000] {logging_mixin.py:151} INFO - #False
[2024-01-17T23:18:15.183+0000] {logging_mixin.py:151} INFO - #False
[2024-01-17T23:18:15.183+0000] {logging_mixin.py:151} INFO - #False
[2024-01-17T23:18:15.183+0000] {logging_mixin.py:151} INFO - #False
[2024-01-17T23:18:15.183+0000] {logging_mixin.py:151} INFO - #False
[2024-01-17T23:18:15.183+0000] {logging_mixin.py:151} INFO - #False
[2024-01-17T23:18:15.183+0000] {logging_mixin.py:151} INFO - #False
[2024-01-17T23:18:15.183+0000] {logging_mixin.py:151} INFO - #False
[2024-01-17T23:18:15.183+0000] {logging_mixin.py:151} INFO - #False
[2024-01-17T23:18:15.184+0000] {python.py:194} INFO - Done. Returned value was: None
[2024-01-17T23:18:15.199+0000] {taskinstance.py:1400} INFO - Marking task as SUCCESS. dag_id=Stream_Data_1, task_id=Reddit, execution_date=20240117T231656, start_date=20240117T231809, end_date=20240117T231815
[2024-01-17T23:18:15.232+0000] {local_task_job_runner.py:228} INFO - Task exited with return code 0
[2024-01-17T23:18:15.250+0000] {taskinstance.py:2784} INFO - 0 downstream tasks scheduled from follow-on schedule check
