[2024-01-17T21:55:34.544+0000] {taskinstance.py:1159} INFO - Dependencies all met for dep_context=non-requeueable deps ti=<TaskInstance: Stream_Data_5.Reddit scheduled__2024-01-17T21:54:29.331957+00:00 [queued]>
[2024-01-17T21:55:34.549+0000] {taskinstance.py:1159} INFO - Dependencies all met for dep_context=requeueable deps ti=<TaskInstance: Stream_Data_5.Reddit scheduled__2024-01-17T21:54:29.331957+00:00 [queued]>
[2024-01-17T21:55:34.549+0000] {taskinstance.py:1361} INFO - Starting attempt 1 of 1
[2024-01-17T21:55:34.559+0000] {taskinstance.py:1382} INFO - Executing <Task(PythonOperator): Reddit> on 2024-01-17 21:54:29.331957+00:00
[2024-01-17T21:55:34.563+0000] {standard_task_runner.py:57} INFO - Started process 4289 to run task
[2024-01-17T21:55:34.565+0000] {standard_task_runner.py:84} INFO - Running: ['***', 'tasks', 'run', 'Stream_Data_5', 'Reddit', 'scheduled__2024-01-17T21:54:29.331957+00:00', '--job-id', '810', '--raw', '--subdir', 'DAGS_FOLDER/kafka_stream_5.py', '--cfg-path', '/tmp/tmps_8ugf9s']
[2024-01-17T21:55:34.566+0000] {standard_task_runner.py:85} INFO - Job 810: Subtask Reddit
[2024-01-17T21:55:34.609+0000] {task_command.py:415} INFO - Running <TaskInstance: Stream_Data_5.Reddit scheduled__2024-01-17T21:54:29.331957+00:00 [running]> on host 614a419ad930
[2024-01-17T21:55:34.682+0000] {taskinstance.py:1660} INFO - Exporting env vars: AIRFLOW_CTX_DAG_OWNER='me' AIRFLOW_CTX_DAG_ID='Stream_Data_5' AIRFLOW_CTX_TASK_ID='Reddit' AIRFLOW_CTX_EXECUTION_DATE='2024-01-17T21:54:29.331957+00:00' AIRFLOW_CTX_TRY_NUMBER='1' AIRFLOW_CTX_DAG_RUN_ID='scheduled__2024-01-17T21:54:29.331957+00:00'
[2024-01-17T21:55:34.711+0000] {logging_mixin.py:151} INFO -  submission : 
[2024-01-17T21:55:35.955+0000] {logging_mixin.py:151} INFO - #False
[2024-01-17T21:55:35.956+0000] {logging_mixin.py:151} INFO - #False
[2024-01-17T21:55:35.956+0000] {logging_mixin.py:151} INFO - #False
[2024-01-17T21:55:35.956+0000] {logging_mixin.py:151} INFO - #False
[2024-01-17T21:55:35.956+0000] {logging_mixin.py:151} INFO - #False
[2024-01-17T21:55:35.956+0000] {logging_mixin.py:151} INFO - #False
[2024-01-17T21:55:35.956+0000] {logging_mixin.py:151} INFO - #False
[2024-01-17T21:55:35.956+0000] {logging_mixin.py:151} INFO - #False
[2024-01-17T21:55:35.956+0000] {logging_mixin.py:151} INFO - #False
[2024-01-17T21:55:35.956+0000] {logging_mixin.py:151} INFO - #False
[2024-01-17T21:55:35.956+0000] {logging_mixin.py:151} INFO - #False
[2024-01-17T21:55:35.956+0000] {logging_mixin.py:151} INFO - #False
[2024-01-17T21:55:35.956+0000] {logging_mixin.py:151} INFO - #False
[2024-01-17T21:55:35.956+0000] {logging_mixin.py:151} INFO - #False
[2024-01-17T21:55:35.956+0000] {logging_mixin.py:151} INFO - #False
[2024-01-17T21:55:35.956+0000] {logging_mixin.py:151} INFO - #False
[2024-01-17T21:55:35.956+0000] {logging_mixin.py:151} INFO - #False
[2024-01-17T21:55:35.957+0000] {logging_mixin.py:151} INFO - #False
[2024-01-17T21:55:35.957+0000] {logging_mixin.py:151} INFO - #False
[2024-01-17T21:55:35.957+0000] {logging_mixin.py:151} INFO - #False
[2024-01-17T21:55:35.957+0000] {logging_mixin.py:151} INFO - #False
[2024-01-17T21:55:35.957+0000] {logging_mixin.py:151} INFO - #False
[2024-01-17T21:55:35.957+0000] {logging_mixin.py:151} INFO - #False
[2024-01-17T21:55:35.957+0000] {logging_mixin.py:151} INFO - #False
[2024-01-17T21:55:35.957+0000] {logging_mixin.py:151} INFO - #False
[2024-01-17T21:55:35.957+0000] {logging_mixin.py:151} INFO - #False
[2024-01-17T21:55:35.957+0000] {logging_mixin.py:151} INFO - #False
[2024-01-17T21:55:35.957+0000] {logging_mixin.py:151} INFO - #False
[2024-01-17T21:55:35.957+0000] {logging_mixin.py:151} INFO - #False
[2024-01-17T21:55:35.957+0000] {logging_mixin.py:151} INFO - #False
[2024-01-17T21:55:35.957+0000] {logging_mixin.py:151} INFO -  submission : 
[2024-01-17T21:55:37.469+0000] {logging_mixin.py:151} INFO - #False
[2024-01-17T21:55:37.469+0000] {logging_mixin.py:151} INFO - #False
[2024-01-17T21:55:37.469+0000] {logging_mixin.py:151} INFO - #False
[2024-01-17T21:55:37.469+0000] {logging_mixin.py:151} INFO - #False
[2024-01-17T21:55:37.469+0000] {logging_mixin.py:151} INFO - #False
[2024-01-17T21:55:37.469+0000] {logging_mixin.py:151} INFO - #False
[2024-01-17T21:55:37.469+0000] {logging_mixin.py:151} INFO - #False
[2024-01-17T21:55:37.470+0000] {logging_mixin.py:151} INFO - #False
[2024-01-17T21:55:37.470+0000] {logging_mixin.py:151} INFO - #False
[2024-01-17T21:55:37.470+0000] {logging_mixin.py:151} INFO - #False
[2024-01-17T21:55:37.470+0000] {logging_mixin.py:151} INFO - #False
[2024-01-17T21:55:37.470+0000] {logging_mixin.py:151} INFO - #False
[2024-01-17T21:55:37.470+0000] {logging_mixin.py:151} INFO - #False
[2024-01-17T21:55:37.470+0000] {logging_mixin.py:151} INFO - #False
[2024-01-17T21:55:37.470+0000] {logging_mixin.py:151} INFO - #False
[2024-01-17T21:55:37.470+0000] {logging_mixin.py:151} INFO - #False
[2024-01-17T21:55:37.470+0000] {logging_mixin.py:151} INFO - #False
[2024-01-17T21:55:37.470+0000] {logging_mixin.py:151} INFO - #False
[2024-01-17T21:55:37.470+0000] {logging_mixin.py:151} INFO - #False
[2024-01-17T21:55:37.470+0000] {logging_mixin.py:151} INFO - #False
[2024-01-17T21:55:37.470+0000] {logging_mixin.py:151} INFO - #False
[2024-01-17T21:55:37.470+0000] {logging_mixin.py:151} INFO - #False
[2024-01-17T21:55:37.470+0000] {logging_mixin.py:151} INFO - #False
[2024-01-17T21:55:37.470+0000] {logging_mixin.py:151} INFO - #False
[2024-01-17T21:55:37.470+0000] {logging_mixin.py:151} INFO - #False
[2024-01-17T21:55:37.470+0000] {logging_mixin.py:151} INFO - #False
[2024-01-17T21:55:37.471+0000] {logging_mixin.py:151} INFO - #False
[2024-01-17T21:55:37.471+0000] {logging_mixin.py:151} INFO - #False
[2024-01-17T21:55:37.471+0000] {logging_mixin.py:151} INFO - #False
[2024-01-17T21:55:37.471+0000] {logging_mixin.py:151} INFO - #False
[2024-01-17T21:55:37.471+0000] {logging_mixin.py:151} INFO -  submission : 
[2024-01-17T21:55:38.084+0000] {logging_mixin.py:151} INFO - #False
[2024-01-17T21:55:38.085+0000] {logging_mixin.py:151} INFO - #False
[2024-01-17T21:55:38.085+0000] {logging_mixin.py:151} INFO - #False
[2024-01-17T21:55:38.085+0000] {logging_mixin.py:151} INFO - #False
[2024-01-17T21:55:38.085+0000] {logging_mixin.py:151} INFO - #False
[2024-01-17T21:55:38.085+0000] {logging_mixin.py:151} INFO - #False
[2024-01-17T21:55:38.085+0000] {logging_mixin.py:151} INFO - #False
[2024-01-17T21:55:38.085+0000] {logging_mixin.py:151} INFO - #False
[2024-01-17T21:55:38.085+0000] {logging_mixin.py:151} INFO - #False
[2024-01-17T21:55:38.085+0000] {logging_mixin.py:151} INFO - #False
[2024-01-17T21:55:38.085+0000] {logging_mixin.py:151} INFO - #False
[2024-01-17T21:55:38.085+0000] {logging_mixin.py:151} INFO - #False
[2024-01-17T21:55:38.085+0000] {logging_mixin.py:151} INFO - #False
[2024-01-17T21:55:38.085+0000] {logging_mixin.py:151} INFO - #False
[2024-01-17T21:55:38.085+0000] {logging_mixin.py:151} INFO - #False
[2024-01-17T21:55:38.085+0000] {logging_mixin.py:151} INFO - #False
[2024-01-17T21:55:38.085+0000] {logging_mixin.py:151} INFO - #False
[2024-01-17T21:55:38.085+0000] {logging_mixin.py:151} INFO - #False
[2024-01-17T21:55:38.086+0000] {logging_mixin.py:151} INFO - #False
[2024-01-17T21:55:38.086+0000] {logging_mixin.py:151} INFO - #False
[2024-01-17T21:55:38.086+0000] {logging_mixin.py:151} INFO - #False
[2024-01-17T21:55:38.086+0000] {logging_mixin.py:151} INFO - #False
[2024-01-17T21:55:38.086+0000] {logging_mixin.py:151} INFO - #False
[2024-01-17T21:55:38.086+0000] {logging_mixin.py:151} INFO - #False
[2024-01-17T21:55:38.086+0000] {logging_mixin.py:151} INFO - #False
[2024-01-17T21:55:38.086+0000] {logging_mixin.py:151} INFO - #False
[2024-01-17T21:55:38.086+0000] {logging_mixin.py:151} INFO - #False
[2024-01-17T21:55:38.086+0000] {logging_mixin.py:151} INFO - #False
[2024-01-17T21:55:38.086+0000] {logging_mixin.py:151} INFO - #False
[2024-01-17T21:55:38.086+0000] {logging_mixin.py:151} INFO - #False
[2024-01-17T21:55:38.086+0000] {logging_mixin.py:151} INFO -  submission : 
[2024-01-17T21:55:38.888+0000] {logging_mixin.py:151} INFO - #False
[2024-01-17T21:55:38.888+0000] {logging_mixin.py:151} INFO - #False
[2024-01-17T21:55:38.888+0000] {logging_mixin.py:151} INFO - #False
[2024-01-17T21:55:38.888+0000] {logging_mixin.py:151} INFO - #False
[2024-01-17T21:55:38.888+0000] {logging_mixin.py:151} INFO - #False
[2024-01-17T21:55:38.888+0000] {logging_mixin.py:151} INFO - #False
[2024-01-17T21:55:38.888+0000] {logging_mixin.py:151} INFO - #False
[2024-01-17T21:55:38.888+0000] {logging_mixin.py:151} INFO - #False
[2024-01-17T21:55:38.888+0000] {logging_mixin.py:151} INFO - #False
[2024-01-17T21:55:38.888+0000] {logging_mixin.py:151} INFO - #False
[2024-01-17T21:55:38.888+0000] {logging_mixin.py:151} INFO - #False
[2024-01-17T21:55:38.888+0000] {logging_mixin.py:151} INFO - #False
[2024-01-17T21:55:38.888+0000] {logging_mixin.py:151} INFO - #False
[2024-01-17T21:55:38.888+0000] {logging_mixin.py:151} INFO - #False
[2024-01-17T21:55:38.888+0000] {logging_mixin.py:151} INFO - #False
[2024-01-17T21:55:38.888+0000] {logging_mixin.py:151} INFO - #False
[2024-01-17T21:55:38.888+0000] {logging_mixin.py:151} INFO - #False
[2024-01-17T21:55:38.889+0000] {logging_mixin.py:151} INFO - #False
[2024-01-17T21:55:38.889+0000] {logging_mixin.py:151} INFO - #False
[2024-01-17T21:55:38.889+0000] {logging_mixin.py:151} INFO - #False
[2024-01-17T21:55:38.889+0000] {logging_mixin.py:151} INFO - #False
[2024-01-17T21:55:38.889+0000] {logging_mixin.py:151} INFO - #False
[2024-01-17T21:55:38.889+0000] {logging_mixin.py:151} INFO - #False
[2024-01-17T21:55:38.889+0000] {logging_mixin.py:151} INFO - #False
[2024-01-17T21:55:38.889+0000] {logging_mixin.py:151} INFO - #False
[2024-01-17T21:55:38.889+0000] {logging_mixin.py:151} INFO - #False
[2024-01-17T21:55:38.889+0000] {logging_mixin.py:151} INFO - #False
[2024-01-17T21:55:38.889+0000] {logging_mixin.py:151} INFO - #False
[2024-01-17T21:55:38.889+0000] {logging_mixin.py:151} INFO - #False
[2024-01-17T21:55:38.889+0000] {logging_mixin.py:151} INFO - #False
[2024-01-17T21:55:38.889+0000] {logging_mixin.py:151} INFO -  submission : 
[2024-01-17T21:55:39.549+0000] {logging_mixin.py:151} INFO - #False
[2024-01-17T21:55:39.549+0000] {logging_mixin.py:151} INFO - #False
[2024-01-17T21:55:39.549+0000] {logging_mixin.py:151} INFO - #False
[2024-01-17T21:55:39.550+0000] {logging_mixin.py:151} INFO - #False
[2024-01-17T21:55:39.550+0000] {logging_mixin.py:151} INFO - #False
[2024-01-17T21:55:39.550+0000] {logging_mixin.py:151} INFO - #False
[2024-01-17T21:55:39.550+0000] {logging_mixin.py:151} INFO - #False
[2024-01-17T21:55:39.550+0000] {logging_mixin.py:151} INFO - #False
[2024-01-17T21:55:39.550+0000] {logging_mixin.py:151} INFO - #False
[2024-01-17T21:55:39.550+0000] {logging_mixin.py:151} INFO - #False
[2024-01-17T21:55:39.550+0000] {logging_mixin.py:151} INFO - #False
[2024-01-17T21:55:39.550+0000] {logging_mixin.py:151} INFO - #False
[2024-01-17T21:55:39.550+0000] {logging_mixin.py:151} INFO - #False
[2024-01-17T21:55:39.550+0000] {logging_mixin.py:151} INFO - #False
[2024-01-17T21:55:39.550+0000] {logging_mixin.py:151} INFO - #False
[2024-01-17T21:55:39.550+0000] {logging_mixin.py:151} INFO - #False
[2024-01-17T21:55:39.550+0000] {logging_mixin.py:151} INFO - #False
[2024-01-17T21:55:39.550+0000] {logging_mixin.py:151} INFO - #False
[2024-01-17T21:55:39.550+0000] {logging_mixin.py:151} INFO - #False
[2024-01-17T21:55:39.550+0000] {logging_mixin.py:151} INFO - #False
[2024-01-17T21:55:39.550+0000] {logging_mixin.py:151} INFO - #False
[2024-01-17T21:55:39.551+0000] {logging_mixin.py:151} INFO - #False
[2024-01-17T21:55:39.551+0000] {logging_mixin.py:151} INFO - #False
[2024-01-17T21:55:39.551+0000] {logging_mixin.py:151} INFO - #False
[2024-01-17T21:55:39.551+0000] {logging_mixin.py:151} INFO - #False
[2024-01-17T21:55:39.551+0000] {logging_mixin.py:151} INFO - #False
[2024-01-17T21:55:39.551+0000] {logging_mixin.py:151} INFO - #False
[2024-01-17T21:55:39.551+0000] {logging_mixin.py:151} INFO - #False
[2024-01-17T21:55:39.551+0000] {logging_mixin.py:151} INFO - #False
[2024-01-17T21:55:39.551+0000] {logging_mixin.py:151} INFO - #False
[2024-01-17T21:55:39.551+0000] {logging_mixin.py:151} INFO -  submission : 
[2024-01-17T21:55:40.430+0000] {logging_mixin.py:151} INFO - #False
[2024-01-17T21:55:40.431+0000] {logging_mixin.py:151} INFO - #False
[2024-01-17T21:55:40.431+0000] {logging_mixin.py:151} INFO - #False
[2024-01-17T21:55:40.431+0000] {logging_mixin.py:151} INFO - #False
[2024-01-17T21:55:40.431+0000] {logging_mixin.py:151} INFO - #False
[2024-01-17T21:55:40.431+0000] {logging_mixin.py:151} INFO - #False
[2024-01-17T21:55:40.431+0000] {logging_mixin.py:151} INFO - #False
[2024-01-17T21:55:40.431+0000] {logging_mixin.py:151} INFO - #False
[2024-01-17T21:55:40.431+0000] {logging_mixin.py:151} INFO - #False
[2024-01-17T21:55:40.431+0000] {logging_mixin.py:151} INFO - #False
[2024-01-17T21:55:40.431+0000] {logging_mixin.py:151} INFO - #False
[2024-01-17T21:55:40.431+0000] {logging_mixin.py:151} INFO - #False
[2024-01-17T21:55:40.431+0000] {logging_mixin.py:151} INFO - #False
[2024-01-17T21:55:40.431+0000] {logging_mixin.py:151} INFO - #False
[2024-01-17T21:55:40.431+0000] {logging_mixin.py:151} INFO - #False
[2024-01-17T21:55:40.431+0000] {logging_mixin.py:151} INFO - #False
[2024-01-17T21:55:40.431+0000] {logging_mixin.py:151} INFO - #False
[2024-01-17T21:55:40.431+0000] {logging_mixin.py:151} INFO - #False
[2024-01-17T21:55:40.432+0000] {logging_mixin.py:151} INFO - #False
[2024-01-17T21:55:40.432+0000] {logging_mixin.py:151} INFO - #False
[2024-01-17T21:55:40.432+0000] {logging_mixin.py:151} INFO - #False
[2024-01-17T21:55:40.432+0000] {logging_mixin.py:151} INFO - #False
[2024-01-17T21:55:40.432+0000] {logging_mixin.py:151} INFO - #False
[2024-01-17T21:55:40.432+0000] {logging_mixin.py:151} INFO - #False
[2024-01-17T21:55:40.432+0000] {logging_mixin.py:151} INFO - #False
[2024-01-17T21:55:40.432+0000] {logging_mixin.py:151} INFO - #False
[2024-01-17T21:55:40.432+0000] {logging_mixin.py:151} INFO - #False
[2024-01-17T21:55:40.432+0000] {logging_mixin.py:151} INFO - #False
[2024-01-17T21:55:40.432+0000] {logging_mixin.py:151} INFO - #False
[2024-01-17T21:55:40.432+0000] {logging_mixin.py:151} INFO - #False
[2024-01-17T21:55:40.432+0000] {logging_mixin.py:151} INFO -  submission : 
[2024-01-17T21:55:41.158+0000] {logging_mixin.py:151} INFO - #False
[2024-01-17T21:55:41.158+0000] {logging_mixin.py:151} INFO - #False
[2024-01-17T21:55:41.158+0000] {logging_mixin.py:151} INFO - #False
[2024-01-17T21:55:41.158+0000] {logging_mixin.py:151} INFO - #False
[2024-01-17T21:55:41.158+0000] {logging_mixin.py:151} INFO - #False
[2024-01-17T21:55:41.158+0000] {logging_mixin.py:151} INFO - #False
[2024-01-17T21:55:41.158+0000] {logging_mixin.py:151} INFO - #False
[2024-01-17T21:55:41.159+0000] {logging_mixin.py:151} INFO - #False
[2024-01-17T21:55:41.159+0000] {logging_mixin.py:151} INFO - #False
[2024-01-17T21:55:41.159+0000] {logging_mixin.py:151} INFO - #False
[2024-01-17T21:55:41.159+0000] {logging_mixin.py:151} INFO - #False
[2024-01-17T21:55:41.159+0000] {logging_mixin.py:151} INFO - #False
[2024-01-17T21:55:41.159+0000] {logging_mixin.py:151} INFO - #False
[2024-01-17T21:55:41.159+0000] {logging_mixin.py:151} INFO - #False
[2024-01-17T21:55:41.159+0000] {logging_mixin.py:151} INFO - #False
[2024-01-17T21:55:41.159+0000] {logging_mixin.py:151} INFO - #False
[2024-01-17T21:55:41.159+0000] {logging_mixin.py:151} INFO - #False
[2024-01-17T21:55:41.159+0000] {logging_mixin.py:151} INFO - #False
[2024-01-17T21:55:41.159+0000] {logging_mixin.py:151} INFO - #False
[2024-01-17T21:55:41.159+0000] {logging_mixin.py:151} INFO - #False
[2024-01-17T21:55:41.159+0000] {logging_mixin.py:151} INFO - #False
[2024-01-17T21:55:41.159+0000] {logging_mixin.py:151} INFO - #False
[2024-01-17T21:55:41.159+0000] {logging_mixin.py:151} INFO - #False
[2024-01-17T21:55:41.159+0000] {logging_mixin.py:151} INFO - #False
[2024-01-17T21:55:41.159+0000] {logging_mixin.py:151} INFO - #False
[2024-01-17T21:55:41.159+0000] {logging_mixin.py:151} INFO - #False
[2024-01-17T21:55:41.159+0000] {logging_mixin.py:151} INFO - #False
[2024-01-17T21:55:41.160+0000] {logging_mixin.py:151} INFO - #False
[2024-01-17T21:55:41.160+0000] {logging_mixin.py:151} INFO - #False
[2024-01-17T21:55:41.160+0000] {logging_mixin.py:151} INFO - #False
[2024-01-17T21:55:41.160+0000] {logging_mixin.py:151} INFO -  submission : 
[2024-01-17T21:55:41.996+0000] {logging_mixin.py:151} INFO - #False
[2024-01-17T21:55:41.996+0000] {logging_mixin.py:151} INFO - #False
[2024-01-17T21:55:41.996+0000] {logging_mixin.py:151} INFO - #False
[2024-01-17T21:55:41.996+0000] {logging_mixin.py:151} INFO - #False
[2024-01-17T21:55:41.996+0000] {logging_mixin.py:151} INFO - #False
[2024-01-17T21:55:41.996+0000] {logging_mixin.py:151} INFO - #False
[2024-01-17T21:55:41.997+0000] {logging_mixin.py:151} INFO - #False
[2024-01-17T21:55:41.997+0000] {logging_mixin.py:151} INFO - #False
[2024-01-17T21:55:41.997+0000] {logging_mixin.py:151} INFO - #False
[2024-01-17T21:55:41.997+0000] {logging_mixin.py:151} INFO - #False
[2024-01-17T21:55:41.997+0000] {logging_mixin.py:151} INFO - #False
[2024-01-17T21:55:41.997+0000] {logging_mixin.py:151} INFO - #False
[2024-01-17T21:55:41.997+0000] {logging_mixin.py:151} INFO - #False
[2024-01-17T21:55:41.997+0000] {logging_mixin.py:151} INFO - #False
[2024-01-17T21:55:41.997+0000] {logging_mixin.py:151} INFO - #False
[2024-01-17T21:55:41.997+0000] {logging_mixin.py:151} INFO - #False
[2024-01-17T21:55:41.997+0000] {logging_mixin.py:151} INFO - #False
[2024-01-17T21:55:41.997+0000] {logging_mixin.py:151} INFO - #False
[2024-01-17T21:55:41.997+0000] {logging_mixin.py:151} INFO - #False
[2024-01-17T21:55:41.997+0000] {logging_mixin.py:151} INFO - #False
[2024-01-17T21:55:41.997+0000] {logging_mixin.py:151} INFO - #False
[2024-01-17T21:55:41.997+0000] {logging_mixin.py:151} INFO - #False
[2024-01-17T21:55:41.997+0000] {logging_mixin.py:151} INFO - #False
[2024-01-17T21:55:41.997+0000] {logging_mixin.py:151} INFO - #False
[2024-01-17T21:55:41.997+0000] {logging_mixin.py:151} INFO - #False
[2024-01-17T21:55:41.998+0000] {logging_mixin.py:151} INFO - #False
[2024-01-17T21:55:41.998+0000] {logging_mixin.py:151} INFO - #False
[2024-01-17T21:55:41.998+0000] {logging_mixin.py:151} INFO - #False
[2024-01-17T21:55:41.998+0000] {logging_mixin.py:151} INFO - #False
[2024-01-17T21:55:41.998+0000] {logging_mixin.py:151} INFO - #False
[2024-01-17T21:55:41.998+0000] {python.py:194} INFO - Done. Returned value was: None
[2024-01-17T21:55:42.009+0000] {taskinstance.py:1400} INFO - Marking task as SUCCESS. dag_id=Stream_Data_5, task_id=Reddit, execution_date=20240117T215429, start_date=20240117T215534, end_date=20240117T215542
[2024-01-17T21:55:42.034+0000] {local_task_job_runner.py:228} INFO - Task exited with return code 0
[2024-01-17T21:55:42.047+0000] {taskinstance.py:2784} INFO - 0 downstream tasks scheduled from follow-on schedule check
