[2024-01-20T04:35:39.854+0000] {taskinstance.py:1159} INFO - Dependencies all met for dep_context=non-requeueable deps ti=<TaskInstance: SpeedLayer.submit_spark_job manual__2024-01-20T04:35:02.427495+00:00 [queued]>
[2024-01-20T04:35:39.860+0000] {taskinstance.py:1159} INFO - Dependencies all met for dep_context=requeueable deps ti=<TaskInstance: SpeedLayer.submit_spark_job manual__2024-01-20T04:35:02.427495+00:00 [queued]>
[2024-01-20T04:35:39.860+0000] {taskinstance.py:1361} INFO - Starting attempt 1 of 1
[2024-01-20T04:35:39.873+0000] {taskinstance.py:1382} INFO - Executing <Task(SparkSubmitOperator): submit_spark_job> on 2024-01-20 04:35:02.427495+00:00
[2024-01-20T04:35:39.876+0000] {standard_task_runner.py:57} INFO - Started process 5324 to run task
[2024-01-20T04:35:39.878+0000] {standard_task_runner.py:84} INFO - Running: ['***', 'tasks', 'run', 'SpeedLayer', 'submit_spark_job', 'manual__2024-01-20T04:35:02.427495+00:00', '--job-id', '219', '--raw', '--subdir', 'DAGS_FOLDER/spark_streaming_dag.py', '--cfg-path', '/tmp/tmp4gb5hmci']
[2024-01-20T04:35:39.879+0000] {standard_task_runner.py:85} INFO - Job 219: Subtask submit_spark_job
[2024-01-20T04:35:39.925+0000] {task_command.py:415} INFO - Running <TaskInstance: SpeedLayer.submit_spark_job manual__2024-01-20T04:35:02.427495+00:00 [running]> on host 45c5bfab8aa1
[2024-01-20T04:35:39.986+0000] {taskinstance.py:1660} INFO - Exporting env vars: AIRFLOW_CTX_DAG_OWNER='***' AIRFLOW_CTX_DAG_ID='SpeedLayer' AIRFLOW_CTX_TASK_ID='submit_spark_job' AIRFLOW_CTX_EXECUTION_DATE='2024-01-20T04:35:02.427495+00:00' AIRFLOW_CTX_TRY_NUMBER='1' AIRFLOW_CTX_DAG_RUN_ID='manual__2024-01-20T04:35:02.427495+00:00'
[2024-01-20T04:35:40.005+0000] {base.py:73} INFO - Using connection ID 'spark_default' for task execution.
[2024-01-20T04:35:40.006+0000] {spark_submit.py:401} INFO - Spark-Submit cmd: spark-submit --master spark://172.19.0.4:7077 --packages com.datastax.spark:spark-cassandra-connector_2.12:3.4.1,org.apache.spark:spark-sql-kafka-0-10_2.12:3.4.1 --name arrow-spark --queue root.default --deploy-mode client /opt/***/shared_volume/spark_stream.py
[2024-01-20T04:35:40.129+0000] {spark_submit.py:571} INFO - /home/***/.local/lib/python3.9/site-packages/pyspark/bin/load-spark-env.sh: line 68: ps: command not found
[2024-01-20T04:35:41.984+0000] {spark_submit.py:571} INFO - :: loading settings :: url = jar:file:/home/***/.local/lib/python3.9/site-packages/pyspark/jars/ivy-2.5.1.jar!/org/apache/ivy/core/settings/ivysettings.xml
[2024-01-20T04:35:42.067+0000] {spark_submit.py:571} INFO - Ivy Default Cache set to: /home/***/.ivy2/cache
[2024-01-20T04:35:42.068+0000] {spark_submit.py:571} INFO - The jars for the packages stored in: /home/***/.ivy2/jars
[2024-01-20T04:35:42.070+0000] {spark_submit.py:571} INFO - com.datastax.spark#spark-cassandra-connector_2.12 added as a dependency
[2024-01-20T04:35:42.071+0000] {spark_submit.py:571} INFO - org.apache.spark#spark-sql-kafka-0-10_2.12 added as a dependency
[2024-01-20T04:35:42.071+0000] {spark_submit.py:571} INFO - :: resolving dependencies :: org.apache.spark#spark-submit-parent-64959ff2-a9d5-451e-b5d2-5956d6590631;1.0
[2024-01-20T04:35:42.072+0000] {spark_submit.py:571} INFO - confs: [default]
[2024-01-20T04:35:42.177+0000] {spark_submit.py:571} INFO - found com.datastax.spark#spark-cassandra-connector_2.12;3.4.1 in central
[2024-01-20T04:35:42.199+0000] {spark_submit.py:571} INFO - found com.datastax.spark#spark-cassandra-connector-driver_2.12;3.4.1 in central
[2024-01-20T04:35:42.225+0000] {spark_submit.py:571} INFO - found org.scala-lang.modules#scala-collection-compat_2.12;2.11.0 in central
[2024-01-20T04:35:42.250+0000] {spark_submit.py:571} INFO - found com.datastax.oss#java-driver-core-shaded;4.13.0 in central
[2024-01-20T04:35:42.268+0000] {spark_submit.py:571} INFO - found com.datastax.oss#native-protocol;1.5.0 in central
[2024-01-20T04:35:42.284+0000] {spark_submit.py:571} INFO - found com.datastax.oss#java-driver-shaded-guava;25.1-jre-graal-sub-1 in central
[2024-01-20T04:35:42.298+0000] {spark_submit.py:571} INFO - found com.typesafe#config;1.4.1 in central
[2024-01-20T04:35:42.312+0000] {spark_submit.py:571} INFO - found org.slf4j#slf4j-api;1.7.26 in central
[2024-01-20T04:35:42.328+0000] {spark_submit.py:571} INFO - found io.dropwizard.metrics#metrics-core;4.1.18 in central
[2024-01-20T04:35:42.342+0000] {spark_submit.py:571} INFO - found org.hdrhistogram#HdrHistogram;2.1.12 in central
[2024-01-20T04:35:42.353+0000] {spark_submit.py:571} INFO - found org.reactivestreams#reactive-streams;1.0.3 in central
[2024-01-20T04:35:42.366+0000] {spark_submit.py:571} INFO - found com.github.stephenc.jcip#jcip-annotations;1.0-1 in central
[2024-01-20T04:35:42.379+0000] {spark_submit.py:571} INFO - found com.github.spotbugs#spotbugs-annotations;3.1.12 in central
[2024-01-20T04:35:42.393+0000] {spark_submit.py:571} INFO - found com.google.code.findbugs#jsr305;3.0.2 in central
[2024-01-20T04:35:42.419+0000] {spark_submit.py:571} INFO - found com.datastax.oss#java-driver-mapper-runtime;4.13.0 in central
[2024-01-20T04:35:42.431+0000] {spark_submit.py:571} INFO - found com.datastax.oss#java-driver-query-builder;4.13.0 in central
[2024-01-20T04:35:42.446+0000] {spark_submit.py:571} INFO - found org.apache.commons#commons-lang3;3.10 in central
[2024-01-20T04:35:42.455+0000] {spark_submit.py:571} INFO - found com.thoughtworks.paranamer#paranamer;2.8 in central
[2024-01-20T04:35:42.465+0000] {spark_submit.py:571} INFO - found org.scala-lang#scala-reflect;2.12.11 in central
[2024-01-20T04:35:42.484+0000] {spark_submit.py:571} INFO - found org.apache.spark#spark-sql-kafka-0-10_2.12;3.4.1 in central
[2024-01-20T04:35:42.502+0000] {spark_submit.py:571} INFO - found org.apache.spark#spark-token-provider-kafka-0-10_2.12;3.4.1 in central
[2024-01-20T04:35:42.513+0000] {spark_submit.py:571} INFO - found org.apache.kafka#kafka-clients;3.3.2 in central
[2024-01-20T04:35:42.523+0000] {spark_submit.py:571} INFO - found org.lz4#lz4-java;1.8.0 in central
[2024-01-20T04:35:42.533+0000] {spark_submit.py:571} INFO - found org.xerial.snappy#snappy-java;1.1.10.1 in central
[2024-01-20T04:35:42.543+0000] {spark_submit.py:571} INFO - found org.slf4j#slf4j-api;2.0.6 in central
[2024-01-20T04:35:42.556+0000] {spark_submit.py:571} INFO - found org.apache.hadoop#hadoop-client-runtime;3.3.4 in central
[2024-01-20T04:35:42.577+0000] {spark_submit.py:571} INFO - found org.apache.hadoop#hadoop-client-api;3.3.4 in central
[2024-01-20T04:35:42.588+0000] {spark_submit.py:571} INFO - found commons-logging#commons-logging;1.1.3 in central
[2024-01-20T04:35:42.610+0000] {spark_submit.py:571} INFO - found org.apache.commons#commons-pool2;2.11.1 in central
[2024-01-20T04:35:42.656+0000] {spark_submit.py:571} INFO - :: resolution report :: resolve 552ms :: artifacts dl 33ms
[2024-01-20T04:35:42.657+0000] {spark_submit.py:571} INFO - :: modules in use:
[2024-01-20T04:35:42.657+0000] {spark_submit.py:571} INFO - com.datastax.oss#java-driver-core-shaded;4.13.0 from central in [default]
[2024-01-20T04:35:42.658+0000] {spark_submit.py:571} INFO - com.datastax.oss#java-driver-mapper-runtime;4.13.0 from central in [default]
[2024-01-20T04:35:42.658+0000] {spark_submit.py:571} INFO - com.datastax.oss#java-driver-query-builder;4.13.0 from central in [default]
[2024-01-20T04:35:42.658+0000] {spark_submit.py:571} INFO - com.datastax.oss#java-driver-shaded-guava;25.1-jre-graal-sub-1 from central in [default]
[2024-01-20T04:35:42.659+0000] {spark_submit.py:571} INFO - com.datastax.oss#native-protocol;1.5.0 from central in [default]
[2024-01-20T04:35:42.660+0000] {spark_submit.py:571} INFO - com.datastax.spark#spark-cassandra-connector-driver_2.12;3.4.1 from central in [default]
[2024-01-20T04:35:42.660+0000] {spark_submit.py:571} INFO - com.datastax.spark#spark-cassandra-connector_2.12;3.4.1 from central in [default]
[2024-01-20T04:35:42.660+0000] {spark_submit.py:571} INFO - com.github.spotbugs#spotbugs-annotations;3.1.12 from central in [default]
[2024-01-20T04:35:42.661+0000] {spark_submit.py:571} INFO - com.github.stephenc.jcip#jcip-annotations;1.0-1 from central in [default]
[2024-01-20T04:35:42.661+0000] {spark_submit.py:571} INFO - com.google.code.findbugs#jsr305;3.0.2 from central in [default]
[2024-01-20T04:35:42.662+0000] {spark_submit.py:571} INFO - com.thoughtworks.paranamer#paranamer;2.8 from central in [default]
[2024-01-20T04:35:42.662+0000] {spark_submit.py:571} INFO - com.typesafe#config;1.4.1 from central in [default]
[2024-01-20T04:35:42.663+0000] {spark_submit.py:571} INFO - commons-logging#commons-logging;1.1.3 from central in [default]
[2024-01-20T04:35:42.663+0000] {spark_submit.py:571} INFO - io.dropwizard.metrics#metrics-core;4.1.18 from central in [default]
[2024-01-20T04:35:42.663+0000] {spark_submit.py:571} INFO - org.apache.commons#commons-lang3;3.10 from central in [default]
[2024-01-20T04:35:42.664+0000] {spark_submit.py:571} INFO - org.apache.commons#commons-pool2;2.11.1 from central in [default]
[2024-01-20T04:35:42.664+0000] {spark_submit.py:571} INFO - org.apache.hadoop#hadoop-client-api;3.3.4 from central in [default]
[2024-01-20T04:35:42.664+0000] {spark_submit.py:571} INFO - org.apache.hadoop#hadoop-client-runtime;3.3.4 from central in [default]
[2024-01-20T04:35:42.665+0000] {spark_submit.py:571} INFO - org.apache.kafka#kafka-clients;3.3.2 from central in [default]
[2024-01-20T04:35:42.665+0000] {spark_submit.py:571} INFO - org.apache.spark#spark-sql-kafka-0-10_2.12;3.4.1 from central in [default]
[2024-01-20T04:35:42.666+0000] {spark_submit.py:571} INFO - org.apache.spark#spark-token-provider-kafka-0-10_2.12;3.4.1 from central in [default]
[2024-01-20T04:35:42.666+0000] {spark_submit.py:571} INFO - org.hdrhistogram#HdrHistogram;2.1.12 from central in [default]
[2024-01-20T04:35:42.667+0000] {spark_submit.py:571} INFO - org.lz4#lz4-java;1.8.0 from central in [default]
[2024-01-20T04:35:42.667+0000] {spark_submit.py:571} INFO - org.reactivestreams#reactive-streams;1.0.3 from central in [default]
[2024-01-20T04:35:42.668+0000] {spark_submit.py:571} INFO - org.scala-lang#scala-reflect;2.12.11 from central in [default]
[2024-01-20T04:35:42.668+0000] {spark_submit.py:571} INFO - org.scala-lang.modules#scala-collection-compat_2.12;2.11.0 from central in [default]
[2024-01-20T04:35:42.668+0000] {spark_submit.py:571} INFO - org.slf4j#slf4j-api;2.0.6 from central in [default]
[2024-01-20T04:35:42.668+0000] {spark_submit.py:571} INFO - org.xerial.snappy#snappy-java;1.1.10.1 from central in [default]
[2024-01-20T04:35:42.669+0000] {spark_submit.py:571} INFO - :: evicted modules:
[2024-01-20T04:35:42.669+0000] {spark_submit.py:571} INFO - org.slf4j#slf4j-api;1.7.26 by [org.slf4j#slf4j-api;2.0.6] in [default]
[2024-01-20T04:35:42.669+0000] {spark_submit.py:571} INFO - com.google.code.findbugs#jsr305;3.0.0 by [com.google.code.findbugs#jsr305;3.0.2] in [default]
[2024-01-20T04:35:42.670+0000] {spark_submit.py:571} INFO - ---------------------------------------------------------------------
[2024-01-20T04:35:42.670+0000] {spark_submit.py:571} INFO - |                  |            modules            ||   artifacts   |
[2024-01-20T04:35:42.670+0000] {spark_submit.py:571} INFO - |       conf       | number| search|dwnlded|evicted|| number|dwnlded|
[2024-01-20T04:35:42.671+0000] {spark_submit.py:571} INFO - ---------------------------------------------------------------------
[2024-01-20T04:35:42.671+0000] {spark_submit.py:571} INFO - |      default     |   30  |   0   |   0   |   2   ||   28  |   0   |
[2024-01-20T04:35:42.672+0000] {spark_submit.py:571} INFO - ---------------------------------------------------------------------
[2024-01-20T04:35:42.672+0000] {spark_submit.py:571} INFO - :: retrieving :: org.apache.spark#spark-submit-parent-64959ff2-a9d5-451e-b5d2-5956d6590631
[2024-01-20T04:35:42.672+0000] {spark_submit.py:571} INFO - confs: [default]
[2024-01-20T04:35:42.678+0000] {spark_submit.py:571} INFO - 0 artifacts copied, 28 already retrieved (0kB/10ms)
[2024-01-20T04:35:42.933+0000] {spark_submit.py:571} INFO - 24/01/20 04:35:42 WARN NativeCodeLoader: Unable to load native-hadoop library for your platform... using builtin-java classes where applicable
[2024-01-20T04:35:46.236+0000] {spark_submit.py:571} INFO - 2024-01-20 04:35:46.235940: I tensorflow/core/util/port.cc:113] oneDNN custom operations are on. You may see slightly different numerical results due to floating-point round-off errors from different computation orders. To turn them off, set the environment variable `TF_ENABLE_ONEDNN_OPTS=0`.
[2024-01-20T04:35:46.238+0000] {spark_submit.py:571} INFO - 2024-01-20 04:35:46.238169: I external/local_tsl/tsl/cuda/cudart_stub.cc:31] Could not find cuda drivers on your machine, GPU will not be used.
[2024-01-20T04:35:46.270+0000] {spark_submit.py:571} INFO - 2024-01-20 04:35:46.269993: E external/local_xla/xla/stream_executor/cuda/cuda_dnn.cc:9261] Unable to register cuDNN factory: Attempting to register factory for plugin cuDNN when one has already been registered
[2024-01-20T04:35:46.270+0000] {spark_submit.py:571} INFO - 2024-01-20 04:35:46.270043: E external/local_xla/xla/stream_executor/cuda/cuda_fft.cc:607] Unable to register cuFFT factory: Attempting to register factory for plugin cuFFT when one has already been registered
[2024-01-20T04:35:46.271+0000] {spark_submit.py:571} INFO - 2024-01-20 04:35:46.271442: E external/local_xla/xla/stream_executor/cuda/cuda_blas.cc:1515] Unable to register cuBLAS factory: Attempting to register factory for plugin cuBLAS when one has already been registered
[2024-01-20T04:35:46.278+0000] {spark_submit.py:571} INFO - 2024-01-20 04:35:46.278176: I external/local_tsl/tsl/cuda/cudart_stub.cc:31] Could not find cuda drivers on your machine, GPU will not be used.
[2024-01-20T04:35:46.278+0000] {spark_submit.py:571} INFO - 2024-01-20 04:35:46.278391: I tensorflow/core/platform/cpu_feature_guard.cc:182] This TensorFlow binary is optimized to use available CPU instructions in performance-critical operations.
[2024-01-20T04:35:46.279+0000] {spark_submit.py:571} INFO - To enable the following instructions: AVX2 AVX_VNNI FMA, in other operations, rebuild TensorFlow with the appropriate compiler flags.
[2024-01-20T04:35:47.476+0000] {spark_submit.py:571} INFO - 2024-01-20 04:35:47.475983: W tensorflow/compiler/tf2tensorrt/utils/py_utils.cc:38] TF-TRT Warning: Could not find TensorRT
[2024-01-20T04:35:49.620+0000] {spark_submit.py:571} INFO - 24/01/20 04:35:49 INFO SparkContext: Running Spark version 3.5.0
[2024-01-20T04:35:49.621+0000] {spark_submit.py:571} INFO - 24/01/20 04:35:49 INFO SparkContext: OS info Linux, 5.10.16.3-microsoft-standard-WSL2, amd64
[2024-01-20T04:35:49.621+0000] {spark_submit.py:571} INFO - 24/01/20 04:35:49 INFO SparkContext: Java version 11.0.21
[2024-01-20T04:35:49.636+0000] {spark_submit.py:571} INFO - 24/01/20 04:35:49 INFO ResourceUtils: ==============================================================
[2024-01-20T04:35:49.637+0000] {spark_submit.py:571} INFO - 24/01/20 04:35:49 INFO ResourceUtils: No custom resources configured for spark.driver.
[2024-01-20T04:35:49.637+0000] {spark_submit.py:571} INFO - 24/01/20 04:35:49 INFO ResourceUtils: ==============================================================
[2024-01-20T04:35:49.637+0000] {spark_submit.py:571} INFO - 24/01/20 04:35:49 INFO SparkContext: Submitted application: SparkDataStreaming
[2024-01-20T04:35:49.652+0000] {spark_submit.py:571} INFO - 24/01/20 04:35:49 INFO ResourceProfile: Default ResourceProfile created, executor resources: Map(memory -> name: memory, amount: 1024, script: , vendor: , offHeap -> name: offHeap, amount: 0, script: , vendor: ), task resources: Map(cpus -> name: cpus, amount: 1.0)
[2024-01-20T04:35:49.661+0000] {spark_submit.py:571} INFO - 24/01/20 04:35:49 INFO ResourceProfile: Limiting resource is cpu
[2024-01-20T04:35:49.662+0000] {spark_submit.py:571} INFO - 24/01/20 04:35:49 INFO ResourceProfileManager: Added ResourceProfile id: 0
[2024-01-20T04:35:49.708+0000] {spark_submit.py:571} INFO - 24/01/20 04:35:49 INFO SecurityManager: Changing view acls to: ***
[2024-01-20T04:35:49.709+0000] {spark_submit.py:571} INFO - 24/01/20 04:35:49 INFO SecurityManager: Changing modify acls to: ***
[2024-01-20T04:35:49.710+0000] {spark_submit.py:571} INFO - 24/01/20 04:35:49 INFO SecurityManager: Changing view acls groups to:
[2024-01-20T04:35:49.710+0000] {spark_submit.py:571} INFO - 24/01/20 04:35:49 INFO SecurityManager: Changing modify acls groups to:
[2024-01-20T04:35:49.711+0000] {spark_submit.py:571} INFO - 24/01/20 04:35:49 INFO SecurityManager: SecurityManager: authentication disabled; ui acls disabled; users with view permissions: ***; groups with view permissions: EMPTY; users with modify permissions: ***; groups with modify permissions: EMPTY
[2024-01-20T04:35:49.923+0000] {spark_submit.py:571} INFO - 24/01/20 04:35:49 INFO Utils: Successfully started service 'sparkDriver' on port 38349.
[2024-01-20T04:35:49.944+0000] {spark_submit.py:571} INFO - 24/01/20 04:35:49 INFO SparkEnv: Registering MapOutputTracker
[2024-01-20T04:35:49.972+0000] {spark_submit.py:571} INFO - 24/01/20 04:35:49 INFO SparkEnv: Registering BlockManagerMaster
[2024-01-20T04:35:49.987+0000] {spark_submit.py:571} INFO - 24/01/20 04:35:49 INFO BlockManagerMasterEndpoint: Using org.apache.spark.storage.DefaultTopologyMapper for getting topology information
[2024-01-20T04:35:49.988+0000] {spark_submit.py:571} INFO - 24/01/20 04:35:49 INFO BlockManagerMasterEndpoint: BlockManagerMasterEndpoint up
[2024-01-20T04:35:49.991+0000] {spark_submit.py:571} INFO - 24/01/20 04:35:49 INFO SparkEnv: Registering BlockManagerMasterHeartbeat
[2024-01-20T04:35:50.009+0000] {spark_submit.py:571} INFO - 24/01/20 04:35:50 INFO DiskBlockManager: Created local directory at /tmp/blockmgr-7e48ff9b-41f5-45e3-8d54-25b5791796fa
[2024-01-20T04:35:50.021+0000] {spark_submit.py:571} INFO - 24/01/20 04:35:50 INFO MemoryStore: MemoryStore started with capacity 434.4 MiB
[2024-01-20T04:35:50.034+0000] {spark_submit.py:571} INFO - 24/01/20 04:35:50 INFO SparkEnv: Registering OutputCommitCoordinator
[2024-01-20T04:35:50.133+0000] {spark_submit.py:571} INFO - 24/01/20 04:35:50 INFO JettyUtils: Start Jetty 0.0.0.0:4040 for SparkUI
[2024-01-20T04:35:50.184+0000] {spark_submit.py:571} INFO - 24/01/20 04:35:50 INFO Utils: Successfully started service 'SparkUI' on port 4040.
[2024-01-20T04:35:50.213+0000] {spark_submit.py:571} INFO - 24/01/20 04:35:50 INFO SparkContext: Added JAR file:///home/***/.ivy2/jars/com.datastax.spark_spark-cassandra-connector_2.12-3.4.1.jar at spark://45c5bfab8aa1:38349/jars/com.datastax.spark_spark-cassandra-connector_2.12-3.4.1.jar with timestamp 1705725349614
[2024-01-20T04:35:50.214+0000] {spark_submit.py:571} INFO - 24/01/20 04:35:50 INFO SparkContext: Added JAR file:///home/***/.ivy2/jars/org.apache.spark_spark-sql-kafka-0-10_2.12-3.4.1.jar at spark://45c5bfab8aa1:38349/jars/org.apache.spark_spark-sql-kafka-0-10_2.12-3.4.1.jar with timestamp 1705725349614
[2024-01-20T04:35:50.214+0000] {spark_submit.py:571} INFO - 24/01/20 04:35:50 INFO SparkContext: Added JAR file:///home/***/.ivy2/jars/com.datastax.spark_spark-cassandra-connector-driver_2.12-3.4.1.jar at spark://45c5bfab8aa1:38349/jars/com.datastax.spark_spark-cassandra-connector-driver_2.12-3.4.1.jar with timestamp 1705725349614
[2024-01-20T04:35:50.215+0000] {spark_submit.py:571} INFO - 24/01/20 04:35:50 INFO SparkContext: Added JAR file:///home/***/.ivy2/jars/org.scala-lang.modules_scala-collection-compat_2.12-2.11.0.jar at spark://45c5bfab8aa1:38349/jars/org.scala-lang.modules_scala-collection-compat_2.12-2.11.0.jar with timestamp 1705725349614
[2024-01-20T04:35:50.215+0000] {spark_submit.py:571} INFO - 24/01/20 04:35:50 INFO SparkContext: Added JAR file:///home/***/.ivy2/jars/com.datastax.oss_java-driver-core-shaded-4.13.0.jar at spark://45c5bfab8aa1:38349/jars/com.datastax.oss_java-driver-core-shaded-4.13.0.jar with timestamp 1705725349614
[2024-01-20T04:35:50.215+0000] {spark_submit.py:571} INFO - 24/01/20 04:35:50 INFO SparkContext: Added JAR file:///home/***/.ivy2/jars/com.datastax.oss_java-driver-mapper-runtime-4.13.0.jar at spark://45c5bfab8aa1:38349/jars/com.datastax.oss_java-driver-mapper-runtime-4.13.0.jar with timestamp 1705725349614
[2024-01-20T04:35:50.215+0000] {spark_submit.py:571} INFO - 24/01/20 04:35:50 INFO SparkContext: Added JAR file:///home/***/.ivy2/jars/org.apache.commons_commons-lang3-3.10.jar at spark://45c5bfab8aa1:38349/jars/org.apache.commons_commons-lang3-3.10.jar with timestamp 1705725349614
[2024-01-20T04:35:50.216+0000] {spark_submit.py:571} INFO - 24/01/20 04:35:50 INFO SparkContext: Added JAR file:///home/***/.ivy2/jars/com.thoughtworks.paranamer_paranamer-2.8.jar at spark://45c5bfab8aa1:38349/jars/com.thoughtworks.paranamer_paranamer-2.8.jar with timestamp 1705725349614
[2024-01-20T04:35:50.216+0000] {spark_submit.py:571} INFO - 24/01/20 04:35:50 INFO SparkContext: Added JAR file:///home/***/.ivy2/jars/org.scala-lang_scala-reflect-2.12.11.jar at spark://45c5bfab8aa1:38349/jars/org.scala-lang_scala-reflect-2.12.11.jar with timestamp 1705725349614
[2024-01-20T04:35:50.216+0000] {spark_submit.py:571} INFO - 24/01/20 04:35:50 INFO SparkContext: Added JAR file:///home/***/.ivy2/jars/com.datastax.oss_native-protocol-1.5.0.jar at spark://45c5bfab8aa1:38349/jars/com.datastax.oss_native-protocol-1.5.0.jar with timestamp 1705725349614
[2024-01-20T04:35:50.217+0000] {spark_submit.py:571} INFO - 24/01/20 04:35:50 INFO SparkContext: Added JAR file:///home/***/.ivy2/jars/com.datastax.oss_java-driver-shaded-guava-25.1-jre-graal-sub-1.jar at spark://45c5bfab8aa1:38349/jars/com.datastax.oss_java-driver-shaded-guava-25.1-jre-graal-sub-1.jar with timestamp 1705725349614
[2024-01-20T04:35:50.217+0000] {spark_submit.py:571} INFO - 24/01/20 04:35:50 INFO SparkContext: Added JAR file:///home/***/.ivy2/jars/com.typesafe_config-1.4.1.jar at spark://45c5bfab8aa1:38349/jars/com.typesafe_config-1.4.1.jar with timestamp 1705725349614
[2024-01-20T04:35:50.217+0000] {spark_submit.py:571} INFO - 24/01/20 04:35:50 INFO SparkContext: Added JAR file:///home/***/.ivy2/jars/io.dropwizard.metrics_metrics-core-4.1.18.jar at spark://45c5bfab8aa1:38349/jars/io.dropwizard.metrics_metrics-core-4.1.18.jar with timestamp 1705725349614
[2024-01-20T04:35:50.217+0000] {spark_submit.py:571} INFO - 24/01/20 04:35:50 INFO SparkContext: Added JAR file:///home/***/.ivy2/jars/org.hdrhistogram_HdrHistogram-2.1.12.jar at spark://45c5bfab8aa1:38349/jars/org.hdrhistogram_HdrHistogram-2.1.12.jar with timestamp 1705725349614
[2024-01-20T04:35:50.218+0000] {spark_submit.py:571} INFO - 24/01/20 04:35:50 INFO SparkContext: Added JAR file:///home/***/.ivy2/jars/org.reactivestreams_reactive-streams-1.0.3.jar at spark://45c5bfab8aa1:38349/jars/org.reactivestreams_reactive-streams-1.0.3.jar with timestamp 1705725349614
[2024-01-20T04:35:50.218+0000] {spark_submit.py:571} INFO - 24/01/20 04:35:50 INFO SparkContext: Added JAR file:///home/***/.ivy2/jars/com.github.stephenc.jcip_jcip-annotations-1.0-1.jar at spark://45c5bfab8aa1:38349/jars/com.github.stephenc.jcip_jcip-annotations-1.0-1.jar with timestamp 1705725349614
[2024-01-20T04:35:50.218+0000] {spark_submit.py:571} INFO - 24/01/20 04:35:50 INFO SparkContext: Added JAR file:///home/***/.ivy2/jars/com.github.spotbugs_spotbugs-annotations-3.1.12.jar at spark://45c5bfab8aa1:38349/jars/com.github.spotbugs_spotbugs-annotations-3.1.12.jar with timestamp 1705725349614
[2024-01-20T04:35:50.218+0000] {spark_submit.py:571} INFO - 24/01/20 04:35:50 INFO SparkContext: Added JAR file:///home/***/.ivy2/jars/com.google.code.findbugs_jsr305-3.0.2.jar at spark://45c5bfab8aa1:38349/jars/com.google.code.findbugs_jsr305-3.0.2.jar with timestamp 1705725349614
[2024-01-20T04:35:50.219+0000] {spark_submit.py:571} INFO - 24/01/20 04:35:50 INFO SparkContext: Added JAR file:///home/***/.ivy2/jars/com.datastax.oss_java-driver-query-builder-4.13.0.jar at spark://45c5bfab8aa1:38349/jars/com.datastax.oss_java-driver-query-builder-4.13.0.jar with timestamp 1705725349614
[2024-01-20T04:35:50.219+0000] {spark_submit.py:571} INFO - 24/01/20 04:35:50 INFO SparkContext: Added JAR file:///home/***/.ivy2/jars/org.apache.spark_spark-token-provider-kafka-0-10_2.12-3.4.1.jar at spark://45c5bfab8aa1:38349/jars/org.apache.spark_spark-token-provider-kafka-0-10_2.12-3.4.1.jar with timestamp 1705725349614
[2024-01-20T04:35:50.219+0000] {spark_submit.py:571} INFO - 24/01/20 04:35:50 INFO SparkContext: Added JAR file:///home/***/.ivy2/jars/org.apache.kafka_kafka-clients-3.3.2.jar at spark://45c5bfab8aa1:38349/jars/org.apache.kafka_kafka-clients-3.3.2.jar with timestamp 1705725349614
[2024-01-20T04:35:50.220+0000] {spark_submit.py:571} INFO - 24/01/20 04:35:50 INFO SparkContext: Added JAR file:///home/***/.ivy2/jars/org.apache.commons_commons-pool2-2.11.1.jar at spark://45c5bfab8aa1:38349/jars/org.apache.commons_commons-pool2-2.11.1.jar with timestamp 1705725349614
[2024-01-20T04:35:50.220+0000] {spark_submit.py:571} INFO - 24/01/20 04:35:50 INFO SparkContext: Added JAR file:///home/***/.ivy2/jars/org.apache.hadoop_hadoop-client-runtime-3.3.4.jar at spark://45c5bfab8aa1:38349/jars/org.apache.hadoop_hadoop-client-runtime-3.3.4.jar with timestamp 1705725349614
[2024-01-20T04:35:50.220+0000] {spark_submit.py:571} INFO - 24/01/20 04:35:50 INFO SparkContext: Added JAR file:///home/***/.ivy2/jars/org.lz4_lz4-java-1.8.0.jar at spark://45c5bfab8aa1:38349/jars/org.lz4_lz4-java-1.8.0.jar with timestamp 1705725349614
[2024-01-20T04:35:50.221+0000] {spark_submit.py:571} INFO - 24/01/20 04:35:50 INFO SparkContext: Added JAR file:///home/***/.ivy2/jars/org.xerial.snappy_snappy-java-1.1.10.1.jar at spark://45c5bfab8aa1:38349/jars/org.xerial.snappy_snappy-java-1.1.10.1.jar with timestamp 1705725349614
[2024-01-20T04:35:50.221+0000] {spark_submit.py:571} INFO - 24/01/20 04:35:50 INFO SparkContext: Added JAR file:///home/***/.ivy2/jars/org.slf4j_slf4j-api-2.0.6.jar at spark://45c5bfab8aa1:38349/jars/org.slf4j_slf4j-api-2.0.6.jar with timestamp 1705725349614
[2024-01-20T04:35:50.221+0000] {spark_submit.py:571} INFO - 24/01/20 04:35:50 INFO SparkContext: Added JAR file:///home/***/.ivy2/jars/org.apache.hadoop_hadoop-client-api-3.3.4.jar at spark://45c5bfab8aa1:38349/jars/org.apache.hadoop_hadoop-client-api-3.3.4.jar with timestamp 1705725349614
[2024-01-20T04:35:50.222+0000] {spark_submit.py:571} INFO - 24/01/20 04:35:50 INFO SparkContext: Added JAR file:///home/***/.ivy2/jars/commons-logging_commons-logging-1.1.3.jar at spark://45c5bfab8aa1:38349/jars/commons-logging_commons-logging-1.1.3.jar with timestamp 1705725349614
[2024-01-20T04:35:50.222+0000] {spark_submit.py:571} INFO - 24/01/20 04:35:50 INFO SparkContext: Added file file:///home/***/.ivy2/jars/com.datastax.spark_spark-cassandra-connector_2.12-3.4.1.jar at spark://45c5bfab8aa1:38349/files/com.datastax.spark_spark-cassandra-connector_2.12-3.4.1.jar with timestamp 1705725349614
[2024-01-20T04:35:50.222+0000] {spark_submit.py:571} INFO - 24/01/20 04:35:50 INFO Utils: Copying /home/***/.ivy2/jars/com.datastax.spark_spark-cassandra-connector_2.12-3.4.1.jar to /tmp/spark-01d255e6-b6b1-4e45-b680-99924228583d/userFiles-9eafa1ef-b0f8-4c26-a06b-bb48c7f71923/com.datastax.spark_spark-cassandra-connector_2.12-3.4.1.jar
[2024-01-20T04:35:50.227+0000] {spark_submit.py:571} INFO - 24/01/20 04:35:50 INFO SparkContext: Added file file:///home/***/.ivy2/jars/org.apache.spark_spark-sql-kafka-0-10_2.12-3.4.1.jar at spark://45c5bfab8aa1:38349/files/org.apache.spark_spark-sql-kafka-0-10_2.12-3.4.1.jar with timestamp 1705725349614
[2024-01-20T04:35:50.228+0000] {spark_submit.py:571} INFO - 24/01/20 04:35:50 INFO Utils: Copying /home/***/.ivy2/jars/org.apache.spark_spark-sql-kafka-0-10_2.12-3.4.1.jar to /tmp/spark-01d255e6-b6b1-4e45-b680-99924228583d/userFiles-9eafa1ef-b0f8-4c26-a06b-bb48c7f71923/org.apache.spark_spark-sql-kafka-0-10_2.12-3.4.1.jar
[2024-01-20T04:35:50.231+0000] {spark_submit.py:571} INFO - 24/01/20 04:35:50 INFO SparkContext: Added file file:///home/***/.ivy2/jars/com.datastax.spark_spark-cassandra-connector-driver_2.12-3.4.1.jar at spark://45c5bfab8aa1:38349/files/com.datastax.spark_spark-cassandra-connector-driver_2.12-3.4.1.jar with timestamp 1705725349614
[2024-01-20T04:35:50.231+0000] {spark_submit.py:571} INFO - 24/01/20 04:35:50 INFO Utils: Copying /home/***/.ivy2/jars/com.datastax.spark_spark-cassandra-connector-driver_2.12-3.4.1.jar to /tmp/spark-01d255e6-b6b1-4e45-b680-99924228583d/userFiles-9eafa1ef-b0f8-4c26-a06b-bb48c7f71923/com.datastax.spark_spark-cassandra-connector-driver_2.12-3.4.1.jar
[2024-01-20T04:35:50.235+0000] {spark_submit.py:571} INFO - 24/01/20 04:35:50 INFO SparkContext: Added file file:///home/***/.ivy2/jars/org.scala-lang.modules_scala-collection-compat_2.12-2.11.0.jar at spark://45c5bfab8aa1:38349/files/org.scala-lang.modules_scala-collection-compat_2.12-2.11.0.jar with timestamp 1705725349614
[2024-01-20T04:35:50.235+0000] {spark_submit.py:571} INFO - 24/01/20 04:35:50 INFO Utils: Copying /home/***/.ivy2/jars/org.scala-lang.modules_scala-collection-compat_2.12-2.11.0.jar to /tmp/spark-01d255e6-b6b1-4e45-b680-99924228583d/userFiles-9eafa1ef-b0f8-4c26-a06b-bb48c7f71923/org.scala-lang.modules_scala-collection-compat_2.12-2.11.0.jar
[2024-01-20T04:35:50.238+0000] {spark_submit.py:571} INFO - 24/01/20 04:35:50 INFO SparkContext: Added file file:///home/***/.ivy2/jars/com.datastax.oss_java-driver-core-shaded-4.13.0.jar at spark://45c5bfab8aa1:38349/files/com.datastax.oss_java-driver-core-shaded-4.13.0.jar with timestamp 1705725349614
[2024-01-20T04:35:50.238+0000] {spark_submit.py:571} INFO - 24/01/20 04:35:50 INFO Utils: Copying /home/***/.ivy2/jars/com.datastax.oss_java-driver-core-shaded-4.13.0.jar to /tmp/spark-01d255e6-b6b1-4e45-b680-99924228583d/userFiles-9eafa1ef-b0f8-4c26-a06b-bb48c7f71923/com.datastax.oss_java-driver-core-shaded-4.13.0.jar
[2024-01-20T04:35:50.246+0000] {spark_submit.py:571} INFO - 24/01/20 04:35:50 INFO SparkContext: Added file file:///home/***/.ivy2/jars/com.datastax.oss_java-driver-mapper-runtime-4.13.0.jar at spark://45c5bfab8aa1:38349/files/com.datastax.oss_java-driver-mapper-runtime-4.13.0.jar with timestamp 1705725349614
[2024-01-20T04:35:50.246+0000] {spark_submit.py:571} INFO - 24/01/20 04:35:50 INFO Utils: Copying /home/***/.ivy2/jars/com.datastax.oss_java-driver-mapper-runtime-4.13.0.jar to /tmp/spark-01d255e6-b6b1-4e45-b680-99924228583d/userFiles-9eafa1ef-b0f8-4c26-a06b-bb48c7f71923/com.datastax.oss_java-driver-mapper-runtime-4.13.0.jar
[2024-01-20T04:35:50.249+0000] {spark_submit.py:571} INFO - 24/01/20 04:35:50 INFO SparkContext: Added file file:///home/***/.ivy2/jars/org.apache.commons_commons-lang3-3.10.jar at spark://45c5bfab8aa1:38349/files/org.apache.commons_commons-lang3-3.10.jar with timestamp 1705725349614
[2024-01-20T04:35:50.249+0000] {spark_submit.py:571} INFO - 24/01/20 04:35:50 INFO Utils: Copying /home/***/.ivy2/jars/org.apache.commons_commons-lang3-3.10.jar to /tmp/spark-01d255e6-b6b1-4e45-b680-99924228583d/userFiles-9eafa1ef-b0f8-4c26-a06b-bb48c7f71923/org.apache.commons_commons-lang3-3.10.jar
[2024-01-20T04:35:50.252+0000] {spark_submit.py:571} INFO - 24/01/20 04:35:50 INFO SparkContext: Added file file:///home/***/.ivy2/jars/com.thoughtworks.paranamer_paranamer-2.8.jar at spark://45c5bfab8aa1:38349/files/com.thoughtworks.paranamer_paranamer-2.8.jar with timestamp 1705725349614
[2024-01-20T04:35:50.253+0000] {spark_submit.py:571} INFO - 24/01/20 04:35:50 INFO Utils: Copying /home/***/.ivy2/jars/com.thoughtworks.paranamer_paranamer-2.8.jar to /tmp/spark-01d255e6-b6b1-4e45-b680-99924228583d/userFiles-9eafa1ef-b0f8-4c26-a06b-bb48c7f71923/com.thoughtworks.paranamer_paranamer-2.8.jar
[2024-01-20T04:35:50.255+0000] {spark_submit.py:571} INFO - 24/01/20 04:35:50 INFO SparkContext: Added file file:///home/***/.ivy2/jars/org.scala-lang_scala-reflect-2.12.11.jar at spark://45c5bfab8aa1:38349/files/org.scala-lang_scala-reflect-2.12.11.jar with timestamp 1705725349614
[2024-01-20T04:35:50.256+0000] {spark_submit.py:571} INFO - 24/01/20 04:35:50 INFO Utils: Copying /home/***/.ivy2/jars/org.scala-lang_scala-reflect-2.12.11.jar to /tmp/spark-01d255e6-b6b1-4e45-b680-99924228583d/userFiles-9eafa1ef-b0f8-4c26-a06b-bb48c7f71923/org.scala-lang_scala-reflect-2.12.11.jar
[2024-01-20T04:35:50.261+0000] {spark_submit.py:571} INFO - 24/01/20 04:35:50 INFO SparkContext: Added file file:///home/***/.ivy2/jars/com.datastax.oss_native-protocol-1.5.0.jar at spark://45c5bfab8aa1:38349/files/com.datastax.oss_native-protocol-1.5.0.jar with timestamp 1705725349614
[2024-01-20T04:35:50.262+0000] {spark_submit.py:571} INFO - 24/01/20 04:35:50 INFO Utils: Copying /home/***/.ivy2/jars/com.datastax.oss_native-protocol-1.5.0.jar to /tmp/spark-01d255e6-b6b1-4e45-b680-99924228583d/userFiles-9eafa1ef-b0f8-4c26-a06b-bb48c7f71923/com.datastax.oss_native-protocol-1.5.0.jar
[2024-01-20T04:35:50.265+0000] {spark_submit.py:571} INFO - 24/01/20 04:35:50 INFO SparkContext: Added file file:///home/***/.ivy2/jars/com.datastax.oss_java-driver-shaded-guava-25.1-jre-graal-sub-1.jar at spark://45c5bfab8aa1:38349/files/com.datastax.oss_java-driver-shaded-guava-25.1-jre-graal-sub-1.jar with timestamp 1705725349614
[2024-01-20T04:35:50.265+0000] {spark_submit.py:571} INFO - 24/01/20 04:35:50 INFO Utils: Copying /home/***/.ivy2/jars/com.datastax.oss_java-driver-shaded-guava-25.1-jre-graal-sub-1.jar to /tmp/spark-01d255e6-b6b1-4e45-b680-99924228583d/userFiles-9eafa1ef-b0f8-4c26-a06b-bb48c7f71923/com.datastax.oss_java-driver-shaded-guava-25.1-jre-graal-sub-1.jar
[2024-01-20T04:35:50.271+0000] {spark_submit.py:571} INFO - 24/01/20 04:35:50 INFO SparkContext: Added file file:///home/***/.ivy2/jars/com.typesafe_config-1.4.1.jar at spark://45c5bfab8aa1:38349/files/com.typesafe_config-1.4.1.jar with timestamp 1705725349614
[2024-01-20T04:35:50.271+0000] {spark_submit.py:571} INFO - 24/01/20 04:35:50 INFO Utils: Copying /home/***/.ivy2/jars/com.typesafe_config-1.4.1.jar to /tmp/spark-01d255e6-b6b1-4e45-b680-99924228583d/userFiles-9eafa1ef-b0f8-4c26-a06b-bb48c7f71923/com.typesafe_config-1.4.1.jar
[2024-01-20T04:35:50.274+0000] {spark_submit.py:571} INFO - 24/01/20 04:35:50 INFO SparkContext: Added file file:///home/***/.ivy2/jars/io.dropwizard.metrics_metrics-core-4.1.18.jar at spark://45c5bfab8aa1:38349/files/io.dropwizard.metrics_metrics-core-4.1.18.jar with timestamp 1705725349614
[2024-01-20T04:35:50.274+0000] {spark_submit.py:571} INFO - 24/01/20 04:35:50 INFO Utils: Copying /home/***/.ivy2/jars/io.dropwizard.metrics_metrics-core-4.1.18.jar to /tmp/spark-01d255e6-b6b1-4e45-b680-99924228583d/userFiles-9eafa1ef-b0f8-4c26-a06b-bb48c7f71923/io.dropwizard.metrics_metrics-core-4.1.18.jar
[2024-01-20T04:35:50.276+0000] {spark_submit.py:571} INFO - 24/01/20 04:35:50 INFO SparkContext: Added file file:///home/***/.ivy2/jars/org.hdrhistogram_HdrHistogram-2.1.12.jar at spark://45c5bfab8aa1:38349/files/org.hdrhistogram_HdrHistogram-2.1.12.jar with timestamp 1705725349614
[2024-01-20T04:35:50.277+0000] {spark_submit.py:571} INFO - 24/01/20 04:35:50 INFO Utils: Copying /home/***/.ivy2/jars/org.hdrhistogram_HdrHistogram-2.1.12.jar to /tmp/spark-01d255e6-b6b1-4e45-b680-99924228583d/userFiles-9eafa1ef-b0f8-4c26-a06b-bb48c7f71923/org.hdrhistogram_HdrHistogram-2.1.12.jar
[2024-01-20T04:35:50.279+0000] {spark_submit.py:571} INFO - 24/01/20 04:35:50 INFO SparkContext: Added file file:///home/***/.ivy2/jars/org.reactivestreams_reactive-streams-1.0.3.jar at spark://45c5bfab8aa1:38349/files/org.reactivestreams_reactive-streams-1.0.3.jar with timestamp 1705725349614
[2024-01-20T04:35:50.279+0000] {spark_submit.py:571} INFO - 24/01/20 04:35:50 INFO Utils: Copying /home/***/.ivy2/jars/org.reactivestreams_reactive-streams-1.0.3.jar to /tmp/spark-01d255e6-b6b1-4e45-b680-99924228583d/userFiles-9eafa1ef-b0f8-4c26-a06b-bb48c7f71923/org.reactivestreams_reactive-streams-1.0.3.jar
[2024-01-20T04:35:50.281+0000] {spark_submit.py:571} INFO - 24/01/20 04:35:50 INFO SparkContext: Added file file:///home/***/.ivy2/jars/com.github.stephenc.jcip_jcip-annotations-1.0-1.jar at spark://45c5bfab8aa1:38349/files/com.github.stephenc.jcip_jcip-annotations-1.0-1.jar with timestamp 1705725349614
[2024-01-20T04:35:50.282+0000] {spark_submit.py:571} INFO - 24/01/20 04:35:50 INFO Utils: Copying /home/***/.ivy2/jars/com.github.stephenc.jcip_jcip-annotations-1.0-1.jar to /tmp/spark-01d255e6-b6b1-4e45-b680-99924228583d/userFiles-9eafa1ef-b0f8-4c26-a06b-bb48c7f71923/com.github.stephenc.jcip_jcip-annotations-1.0-1.jar
[2024-01-20T04:35:50.284+0000] {spark_submit.py:571} INFO - 24/01/20 04:35:50 INFO SparkContext: Added file file:///home/***/.ivy2/jars/com.github.spotbugs_spotbugs-annotations-3.1.12.jar at spark://45c5bfab8aa1:38349/files/com.github.spotbugs_spotbugs-annotations-3.1.12.jar with timestamp 1705725349614
[2024-01-20T04:35:50.284+0000] {spark_submit.py:571} INFO - 24/01/20 04:35:50 INFO Utils: Copying /home/***/.ivy2/jars/com.github.spotbugs_spotbugs-annotations-3.1.12.jar to /tmp/spark-01d255e6-b6b1-4e45-b680-99924228583d/userFiles-9eafa1ef-b0f8-4c26-a06b-bb48c7f71923/com.github.spotbugs_spotbugs-annotations-3.1.12.jar
[2024-01-20T04:35:50.286+0000] {spark_submit.py:571} INFO - 24/01/20 04:35:50 INFO SparkContext: Added file file:///home/***/.ivy2/jars/com.google.code.findbugs_jsr305-3.0.2.jar at spark://45c5bfab8aa1:38349/files/com.google.code.findbugs_jsr305-3.0.2.jar with timestamp 1705725349614
[2024-01-20T04:35:50.287+0000] {spark_submit.py:571} INFO - 24/01/20 04:35:50 INFO Utils: Copying /home/***/.ivy2/jars/com.google.code.findbugs_jsr305-3.0.2.jar to /tmp/spark-01d255e6-b6b1-4e45-b680-99924228583d/userFiles-9eafa1ef-b0f8-4c26-a06b-bb48c7f71923/com.google.code.findbugs_jsr305-3.0.2.jar
[2024-01-20T04:35:50.289+0000] {spark_submit.py:571} INFO - 24/01/20 04:35:50 INFO SparkContext: Added file file:///home/***/.ivy2/jars/com.datastax.oss_java-driver-query-builder-4.13.0.jar at spark://45c5bfab8aa1:38349/files/com.datastax.oss_java-driver-query-builder-4.13.0.jar with timestamp 1705725349614
[2024-01-20T04:35:50.289+0000] {spark_submit.py:571} INFO - 24/01/20 04:35:50 INFO Utils: Copying /home/***/.ivy2/jars/com.datastax.oss_java-driver-query-builder-4.13.0.jar to /tmp/spark-01d255e6-b6b1-4e45-b680-99924228583d/userFiles-9eafa1ef-b0f8-4c26-a06b-bb48c7f71923/com.datastax.oss_java-driver-query-builder-4.13.0.jar
[2024-01-20T04:35:50.292+0000] {spark_submit.py:571} INFO - 24/01/20 04:35:50 INFO SparkContext: Added file file:///home/***/.ivy2/jars/org.apache.spark_spark-token-provider-kafka-0-10_2.12-3.4.1.jar at spark://45c5bfab8aa1:38349/files/org.apache.spark_spark-token-provider-kafka-0-10_2.12-3.4.1.jar with timestamp 1705725349614
[2024-01-20T04:35:50.292+0000] {spark_submit.py:571} INFO - 24/01/20 04:35:50 INFO Utils: Copying /home/***/.ivy2/jars/org.apache.spark_spark-token-provider-kafka-0-10_2.12-3.4.1.jar to /tmp/spark-01d255e6-b6b1-4e45-b680-99924228583d/userFiles-9eafa1ef-b0f8-4c26-a06b-bb48c7f71923/org.apache.spark_spark-token-provider-kafka-0-10_2.12-3.4.1.jar
[2024-01-20T04:35:50.295+0000] {spark_submit.py:571} INFO - 24/01/20 04:35:50 INFO SparkContext: Added file file:///home/***/.ivy2/jars/org.apache.kafka_kafka-clients-3.3.2.jar at spark://45c5bfab8aa1:38349/files/org.apache.kafka_kafka-clients-3.3.2.jar with timestamp 1705725349614
[2024-01-20T04:35:50.295+0000] {spark_submit.py:571} INFO - 24/01/20 04:35:50 INFO Utils: Copying /home/***/.ivy2/jars/org.apache.kafka_kafka-clients-3.3.2.jar to /tmp/spark-01d255e6-b6b1-4e45-b680-99924228583d/userFiles-9eafa1ef-b0f8-4c26-a06b-bb48c7f71923/org.apache.kafka_kafka-clients-3.3.2.jar
[2024-01-20T04:35:50.302+0000] {spark_submit.py:571} INFO - 24/01/20 04:35:50 INFO SparkContext: Added file file:///home/***/.ivy2/jars/org.apache.commons_commons-pool2-2.11.1.jar at spark://45c5bfab8aa1:38349/files/org.apache.commons_commons-pool2-2.11.1.jar with timestamp 1705725349614
[2024-01-20T04:35:50.302+0000] {spark_submit.py:571} INFO - 24/01/20 04:35:50 INFO Utils: Copying /home/***/.ivy2/jars/org.apache.commons_commons-pool2-2.11.1.jar to /tmp/spark-01d255e6-b6b1-4e45-b680-99924228583d/userFiles-9eafa1ef-b0f8-4c26-a06b-bb48c7f71923/org.apache.commons_commons-pool2-2.11.1.jar
[2024-01-20T04:35:50.304+0000] {spark_submit.py:571} INFO - 24/01/20 04:35:50 INFO SparkContext: Added file file:///home/***/.ivy2/jars/org.apache.hadoop_hadoop-client-runtime-3.3.4.jar at spark://45c5bfab8aa1:38349/files/org.apache.hadoop_hadoop-client-runtime-3.3.4.jar with timestamp 1705725349614
[2024-01-20T04:35:50.304+0000] {spark_submit.py:571} INFO - 24/01/20 04:35:50 INFO Utils: Copying /home/***/.ivy2/jars/org.apache.hadoop_hadoop-client-runtime-3.3.4.jar to /tmp/spark-01d255e6-b6b1-4e45-b680-99924228583d/userFiles-9eafa1ef-b0f8-4c26-a06b-bb48c7f71923/org.apache.hadoop_hadoop-client-runtime-3.3.4.jar
[2024-01-20T04:35:50.332+0000] {spark_submit.py:571} INFO - 24/01/20 04:35:50 INFO SparkContext: Added file file:///home/***/.ivy2/jars/org.lz4_lz4-java-1.8.0.jar at spark://45c5bfab8aa1:38349/files/org.lz4_lz4-java-1.8.0.jar with timestamp 1705725349614
[2024-01-20T04:35:50.332+0000] {spark_submit.py:571} INFO - 24/01/20 04:35:50 INFO Utils: Copying /home/***/.ivy2/jars/org.lz4_lz4-java-1.8.0.jar to /tmp/spark-01d255e6-b6b1-4e45-b680-99924228583d/userFiles-9eafa1ef-b0f8-4c26-a06b-bb48c7f71923/org.lz4_lz4-java-1.8.0.jar
[2024-01-20T04:35:50.335+0000] {spark_submit.py:571} INFO - 24/01/20 04:35:50 INFO SparkContext: Added file file:///home/***/.ivy2/jars/org.xerial.snappy_snappy-java-1.1.10.1.jar at spark://45c5bfab8aa1:38349/files/org.xerial.snappy_snappy-java-1.1.10.1.jar with timestamp 1705725349614
[2024-01-20T04:35:50.336+0000] {spark_submit.py:571} INFO - 24/01/20 04:35:50 INFO Utils: Copying /home/***/.ivy2/jars/org.xerial.snappy_snappy-java-1.1.10.1.jar to /tmp/spark-01d255e6-b6b1-4e45-b680-99924228583d/userFiles-9eafa1ef-b0f8-4c26-a06b-bb48c7f71923/org.xerial.snappy_snappy-java-1.1.10.1.jar
[2024-01-20T04:35:50.339+0000] {spark_submit.py:571} INFO - 24/01/20 04:35:50 INFO SparkContext: Added file file:///home/***/.ivy2/jars/org.slf4j_slf4j-api-2.0.6.jar at spark://45c5bfab8aa1:38349/files/org.slf4j_slf4j-api-2.0.6.jar with timestamp 1705725349614
[2024-01-20T04:35:50.340+0000] {spark_submit.py:571} INFO - 24/01/20 04:35:50 INFO Utils: Copying /home/***/.ivy2/jars/org.slf4j_slf4j-api-2.0.6.jar to /tmp/spark-01d255e6-b6b1-4e45-b680-99924228583d/userFiles-9eafa1ef-b0f8-4c26-a06b-bb48c7f71923/org.slf4j_slf4j-api-2.0.6.jar
[2024-01-20T04:35:50.342+0000] {spark_submit.py:571} INFO - 24/01/20 04:35:50 INFO SparkContext: Added file file:///home/***/.ivy2/jars/org.apache.hadoop_hadoop-client-api-3.3.4.jar at spark://45c5bfab8aa1:38349/files/org.apache.hadoop_hadoop-client-api-3.3.4.jar with timestamp 1705725349614
[2024-01-20T04:35:50.342+0000] {spark_submit.py:571} INFO - 24/01/20 04:35:50 INFO Utils: Copying /home/***/.ivy2/jars/org.apache.hadoop_hadoop-client-api-3.3.4.jar to /tmp/spark-01d255e6-b6b1-4e45-b680-99924228583d/userFiles-9eafa1ef-b0f8-4c26-a06b-bb48c7f71923/org.apache.hadoop_hadoop-client-api-3.3.4.jar
[2024-01-20T04:35:50.359+0000] {spark_submit.py:571} INFO - 24/01/20 04:35:50 INFO SparkContext: Added file file:///home/***/.ivy2/jars/commons-logging_commons-logging-1.1.3.jar at spark://45c5bfab8aa1:38349/files/commons-logging_commons-logging-1.1.3.jar with timestamp 1705725349614
[2024-01-20T04:35:50.360+0000] {spark_submit.py:571} INFO - 24/01/20 04:35:50 INFO Utils: Copying /home/***/.ivy2/jars/commons-logging_commons-logging-1.1.3.jar to /tmp/spark-01d255e6-b6b1-4e45-b680-99924228583d/userFiles-9eafa1ef-b0f8-4c26-a06b-bb48c7f71923/commons-logging_commons-logging-1.1.3.jar
[2024-01-20T04:35:50.424+0000] {spark_submit.py:571} INFO - 24/01/20 04:35:50 INFO StandaloneAppClient$ClientEndpoint: Connecting to master spark://172.19.0.4:7077...
[2024-01-20T04:35:50.452+0000] {spark_submit.py:571} INFO - 24/01/20 04:35:50 INFO TransportClientFactory: Successfully created connection to /172.19.0.4:7077 after 17 ms (0 ms spent in bootstraps)
[2024-01-20T04:35:50.519+0000] {spark_submit.py:571} INFO - 24/01/20 04:35:50 INFO StandaloneSchedulerBackend: Connected to Spark cluster with app ID app-20240120043550-0003
[2024-01-20T04:35:50.521+0000] {spark_submit.py:571} INFO - 24/01/20 04:35:50 INFO StandaloneAppClient$ClientEndpoint: Executor added: app-20240120043550-0003/0 on worker-20240120035805-172.19.0.7-35915 (172.19.0.7:35915) with 2 core(s)
[2024-01-20T04:35:50.523+0000] {spark_submit.py:571} INFO - 24/01/20 04:35:50 INFO StandaloneSchedulerBackend: Granted executor ID app-20240120043550-0003/0 on hostPort 172.19.0.7:35915 with 2 core(s), 1024.0 MiB RAM
[2024-01-20T04:35:50.527+0000] {spark_submit.py:571} INFO - 24/01/20 04:35:50 INFO Utils: Successfully started service 'org.apache.spark.network.netty.NettyBlockTransferService' on port 45945.
[2024-01-20T04:35:50.528+0000] {spark_submit.py:571} INFO - 24/01/20 04:35:50 INFO NettyBlockTransferService: Server created on 45c5bfab8aa1:45945
[2024-01-20T04:35:50.529+0000] {spark_submit.py:571} INFO - 24/01/20 04:35:50 INFO BlockManager: Using org.apache.spark.storage.RandomBlockReplicationPolicy for block replication policy
[2024-01-20T04:35:50.534+0000] {spark_submit.py:571} INFO - 24/01/20 04:35:50 INFO BlockManagerMaster: Registering BlockManager BlockManagerId(driver, 45c5bfab8aa1, 45945, None)
[2024-01-20T04:35:50.537+0000] {spark_submit.py:571} INFO - 24/01/20 04:35:50 INFO BlockManagerMasterEndpoint: Registering block manager 45c5bfab8aa1:45945 with 434.4 MiB RAM, BlockManagerId(driver, 45c5bfab8aa1, 45945, None)
[2024-01-20T04:35:50.539+0000] {spark_submit.py:571} INFO - 24/01/20 04:35:50 INFO BlockManagerMaster: Registered BlockManager BlockManagerId(driver, 45c5bfab8aa1, 45945, None)
[2024-01-20T04:35:50.540+0000] {spark_submit.py:571} INFO - 24/01/20 04:35:50 INFO BlockManager: Initialized BlockManager: BlockManagerId(driver, 45c5bfab8aa1, 45945, None)
[2024-01-20T04:35:50.558+0000] {spark_submit.py:571} INFO - 24/01/20 04:35:50 INFO StandaloneAppClient$ClientEndpoint: Executor updated: app-20240120043550-0003/0 is now RUNNING
[2024-01-20T04:35:50.717+0000] {spark_submit.py:571} INFO - 24/01/20 04:35:50 INFO StandaloneSchedulerBackend: SchedulerBackend is ready for scheduling beginning after reached minRegisteredResourcesRatio: 0.0
[2024-01-20T04:35:52.694+0000] {spark_submit.py:571} INFO - WARNING:cassandra.cluster:Cluster.__init__ called with contact_points specified, but no load_balancing_policy. In the next major version, this will raise an error; please specify a load-balancing policy. (contact_points = ['cassandra'], lbp = None)
[2024-01-20T04:35:52.699+0000] {spark_submit.py:571} INFO - WARNING:cassandra.cluster:Downgrading core protocol version from 66 to 65 for 172.19.0.2:9042. To avoid this, it is best practice to explicitly set Cluster(protocol_version) to the version supported by your cluster. http://datastax.github.io/python-driver/api/cassandra/cluster.html#cassandra.cluster.Cluster.protocol_version
[2024-01-20T04:35:52.702+0000] {spark_submit.py:571} INFO - WARNING:cassandra.cluster:Downgrading core protocol version from 65 to 5 for 172.19.0.2:9042. To avoid this, it is best practice to explicitly set Cluster(protocol_version) to the version supported by your cluster. http://datastax.github.io/python-driver/api/cassandra/cluster.html#cassandra.cluster.Cluster.protocol_version
[2024-01-20T04:35:52.740+0000] {spark_submit.py:571} INFO - Keyspace created successfully!
[2024-01-20T04:35:52.746+0000] {spark_submit.py:571} INFO - Tables created successfully!
[2024-01-20T04:35:53.227+0000] {spark_submit.py:571} INFO - bitcoin_parsed_df :  DataFrame[Name: string, Symbol: string, num_market_pairs: string, max_supply: string, infinite_supply: string, last_updated: string, Price (USD): string, Market Cap (USD): string, Volume 24h (USD): string, Percent Change 24h: string, percent_change_1h: string]
[2024-01-20T04:35:55.265+0000] {spark_submit.py:571} INFO - ERROR:root:An error occurred in the Spark Streaming job: checkpointLocation must be specified either through option("checkpointLocation", ...) or SparkSession.conf.set("spark.sql.streaming.checkpointLocation", ...).
[2024-01-20T04:35:55.266+0000] {spark_submit.py:571} INFO - Done !!
[2024-01-20T04:35:56.070+0000] {taskinstance.py:1400} INFO - Marking task as SUCCESS. dag_id=SpeedLayer, task_id=submit_spark_job, execution_date=20240120T043502, start_date=20240120T043539, end_date=20240120T043556
[2024-01-20T04:35:56.110+0000] {local_task_job_runner.py:228} INFO - Task exited with return code 0
[2024-01-20T04:35:56.122+0000] {taskinstance.py:2784} INFO - 0 downstream tasks scheduled from follow-on schedule check
