[2024-01-20T05:43:45.349+0000] {taskinstance.py:1159} INFO - Dependencies all met for dep_context=non-requeueable deps ti=<TaskInstance: Kafka_Producer_1.Reddit manual__2024-01-20T05:43:35.744936+00:00 [queued]>
[2024-01-20T05:43:45.355+0000] {taskinstance.py:1159} INFO - Dependencies all met for dep_context=requeueable deps ti=<TaskInstance: Kafka_Producer_1.Reddit manual__2024-01-20T05:43:35.744936+00:00 [queued]>
[2024-01-20T05:43:45.356+0000] {taskinstance.py:1361} INFO - Starting attempt 1 of 1
[2024-01-20T05:43:45.367+0000] {taskinstance.py:1382} INFO - Executing <Task(PythonOperator): Reddit> on 2024-01-20 05:43:35.744936+00:00
[2024-01-20T05:43:45.371+0000] {standard_task_runner.py:57} INFO - Started process 13013 to run task
[2024-01-20T05:43:45.373+0000] {standard_task_runner.py:84} INFO - Running: ['***', 'tasks', 'run', 'Kafka_Producer_1', 'Reddit', 'manual__2024-01-20T05:43:35.744936+00:00', '--job-id', '662', '--raw', '--subdir', 'DAGS_FOLDER/kafka_stream.py', '--cfg-path', '/tmp/tmpcwkek_e4']
[2024-01-20T05:43:45.374+0000] {standard_task_runner.py:85} INFO - Job 662: Subtask Reddit
[2024-01-20T05:43:45.416+0000] {task_command.py:415} INFO - Running <TaskInstance: Kafka_Producer_1.Reddit manual__2024-01-20T05:43:35.744936+00:00 [running]> on host 45c5bfab8aa1
[2024-01-20T05:43:45.487+0000] {taskinstance.py:1660} INFO - Exporting env vars: AIRFLOW_CTX_DAG_OWNER='me' AIRFLOW_CTX_DAG_ID='Kafka_Producer_1' AIRFLOW_CTX_TASK_ID='Reddit' AIRFLOW_CTX_EXECUTION_DATE='2024-01-20T05:43:35.744936+00:00' AIRFLOW_CTX_TRY_NUMBER='1' AIRFLOW_CTX_DAG_RUN_ID='manual__2024-01-20T05:43:35.744936+00:00'
[2024-01-20T05:43:45.554+0000] {logging_mixin.py:151} INFO -  submission : 
[2024-01-20T05:43:46.268+0000] {logging_mixin.py:151} INFO - @True
[2024-01-20T05:43:46.270+0000] {conn.py:380} INFO - <BrokerConnection node_id=bootstrap-0 host=broker:29092 <connecting> [IPv4 ('172.19.0.8', 29092)]>: connecting to broker:29092 [('172.19.0.8', 29092) IPv4]
[2024-01-20T05:43:46.270+0000] {conn.py:1205} INFO - Probing node bootstrap-0 broker version
[2024-01-20T05:43:46.271+0000] {conn.py:410} INFO - <BrokerConnection node_id=bootstrap-0 host=broker:29092 <connecting> [IPv4 ('172.19.0.8', 29092)]>: Connection complete.
[2024-01-20T05:43:46.438+0000] {conn.py:1267} INFO - Broker version identified as 2.5.0
[2024-01-20T05:43:46.438+0000] {conn.py:1268} INFO - Set configuration api_version=(2, 5, 0) to skip auto check_version requests on startup
[2024-01-20T05:43:46.442+0000] {logging_mixin.py:151} INFO - @True
[2024-01-20T05:43:46.443+0000] {conn.py:380} INFO - <BrokerConnection node_id=1 host=broker:29092 <connecting> [IPv4 ('172.19.0.8', 29092)]>: connecting to broker:29092 [('172.19.0.8', 29092) IPv4]
[2024-01-20T05:43:46.444+0000] {conn.py:380} INFO - <BrokerConnection node_id=bootstrap-0 host=broker:29092 <connecting> [IPv4 ('172.19.0.8', 29092)]>: connecting to broker:29092 [('172.19.0.8', 29092) IPv4]
[2024-01-20T05:43:46.444+0000] {conn.py:410} INFO - <BrokerConnection node_id=1 host=broker:29092 <connecting> [IPv4 ('172.19.0.8', 29092)]>: Connection complete.
[2024-01-20T05:43:46.444+0000] {conn.py:1205} INFO - Probing node bootstrap-0 broker version
[2024-01-20T05:43:46.444+0000] {conn.py:919} INFO - <BrokerConnection node_id=bootstrap-0 host=broker:29092 <connected> [IPv4 ('172.19.0.8', 29092)]>: Closing connection. 
[2024-01-20T05:43:46.445+0000] {conn.py:410} INFO - <BrokerConnection node_id=bootstrap-0 host=broker:29092 <connecting> [IPv4 ('172.19.0.8', 29092)]>: Connection complete.
[2024-01-20T05:43:46.548+0000] {conn.py:1267} INFO - Broker version identified as 2.5.0
[2024-01-20T05:43:46.549+0000] {conn.py:1268} INFO - Set configuration api_version=(2, 5, 0) to skip auto check_version requests on startup
[2024-01-20T05:43:46.550+0000] {conn.py:919} INFO - <BrokerConnection node_id=1 host=broker:29092 <connected> [IPv4 ('172.19.0.8', 29092)]>: Closing connection. 
[2024-01-20T05:43:46.553+0000] {logging_mixin.py:151} INFO - #False
[2024-01-20T05:43:46.553+0000] {logging_mixin.py:151} INFO - #False
[2024-01-20T05:43:46.553+0000] {conn.py:380} INFO - <BrokerConnection node_id=1 host=broker:29092 <connecting> [IPv4 ('172.19.0.8', 29092)]>: connecting to broker:29092 [('172.19.0.8', 29092) IPv4]
[2024-01-20T05:43:46.554+0000] {logging_mixin.py:151} INFO - #False
[2024-01-20T05:43:46.555+0000] {conn.py:410} INFO - <BrokerConnection node_id=1 host=broker:29092 <connecting> [IPv4 ('172.19.0.8', 29092)]>: Connection complete.
[2024-01-20T05:43:46.555+0000] {logging_mixin.py:151} INFO - #False
[2024-01-20T05:43:46.555+0000] {conn.py:919} INFO - <BrokerConnection node_id=bootstrap-0 host=broker:29092 <connected> [IPv4 ('172.19.0.8', 29092)]>: Closing connection. 
[2024-01-20T05:43:46.556+0000] {logging_mixin.py:151} INFO - #False
[2024-01-20T05:43:46.557+0000] {logging_mixin.py:151} INFO - #False
[2024-01-20T05:43:46.557+0000] {logging_mixin.py:151} INFO - #False
[2024-01-20T05:43:46.557+0000] {logging_mixin.py:151} INFO - #False
[2024-01-20T05:43:46.558+0000] {logging_mixin.py:151} INFO - #False
[2024-01-20T05:43:46.558+0000] {logging_mixin.py:151} INFO - #False
[2024-01-20T05:43:46.559+0000] {logging_mixin.py:151} INFO - #False
[2024-01-20T05:43:46.559+0000] {logging_mixin.py:151} INFO - #False
[2024-01-20T05:43:46.559+0000] {logging_mixin.py:151} INFO - #False
[2024-01-20T05:43:46.559+0000] {logging_mixin.py:151} INFO - #False
[2024-01-20T05:43:46.560+0000] {logging_mixin.py:151} INFO - #False
[2024-01-20T05:43:46.560+0000] {logging_mixin.py:151} INFO - #False
[2024-01-20T05:43:46.560+0000] {logging_mixin.py:151} INFO - #False
[2024-01-20T05:43:46.560+0000] {logging_mixin.py:151} INFO - #False
[2024-01-20T05:43:46.560+0000] {logging_mixin.py:151} INFO - #False
[2024-01-20T05:43:46.561+0000] {logging_mixin.py:151} INFO - #False
[2024-01-20T05:43:46.561+0000] {logging_mixin.py:151} INFO - #False
[2024-01-20T05:43:46.561+0000] {logging_mixin.py:151} INFO - #False
[2024-01-20T05:43:46.561+0000] {logging_mixin.py:151} INFO - #False
[2024-01-20T05:43:46.562+0000] {logging_mixin.py:151} INFO - #False
[2024-01-20T05:43:46.562+0000] {logging_mixin.py:151} INFO - #False
[2024-01-20T05:43:46.562+0000] {logging_mixin.py:151} INFO - #False
[2024-01-20T05:43:46.562+0000] {logging_mixin.py:151} INFO - #False
[2024-01-20T05:43:46.563+0000] {logging_mixin.py:151} INFO - #False
[2024-01-20T05:43:46.563+0000] {logging_mixin.py:151} INFO -  submission : 
[2024-01-20T05:43:47.042+0000] {logging_mixin.py:151} INFO - #False
[2024-01-20T05:43:47.042+0000] {logging_mixin.py:151} INFO - #False
[2024-01-20T05:43:47.043+0000] {logging_mixin.py:151} INFO - #False
[2024-01-20T05:43:47.043+0000] {logging_mixin.py:151} INFO - #False
[2024-01-20T05:43:47.043+0000] {logging_mixin.py:151} INFO - #False
[2024-01-20T05:43:47.043+0000] {logging_mixin.py:151} INFO - #False
[2024-01-20T05:43:47.044+0000] {logging_mixin.py:151} INFO - #False
[2024-01-20T05:43:47.044+0000] {logging_mixin.py:151} INFO - #False
[2024-01-20T05:43:47.044+0000] {logging_mixin.py:151} INFO - #False
[2024-01-20T05:43:47.044+0000] {logging_mixin.py:151} INFO - #False
[2024-01-20T05:43:47.044+0000] {logging_mixin.py:151} INFO - #False
[2024-01-20T05:43:47.045+0000] {logging_mixin.py:151} INFO - #False
[2024-01-20T05:43:47.045+0000] {logging_mixin.py:151} INFO - #False
[2024-01-20T05:43:47.045+0000] {logging_mixin.py:151} INFO - #False
[2024-01-20T05:43:47.045+0000] {logging_mixin.py:151} INFO - #False
[2024-01-20T05:43:47.046+0000] {logging_mixin.py:151} INFO - #False
[2024-01-20T05:43:47.046+0000] {logging_mixin.py:151} INFO - #False
[2024-01-20T05:43:47.046+0000] {logging_mixin.py:151} INFO - #False
[2024-01-20T05:43:47.047+0000] {logging_mixin.py:151} INFO - #False
[2024-01-20T05:43:47.047+0000] {logging_mixin.py:151} INFO - #False
[2024-01-20T05:43:47.047+0000] {logging_mixin.py:151} INFO - #False
[2024-01-20T05:43:47.047+0000] {logging_mixin.py:151} INFO - #False
[2024-01-20T05:43:47.047+0000] {logging_mixin.py:151} INFO - #False
[2024-01-20T05:43:47.048+0000] {logging_mixin.py:151} INFO - #False
[2024-01-20T05:43:47.048+0000] {logging_mixin.py:151} INFO - #False
[2024-01-20T05:43:47.048+0000] {logging_mixin.py:151} INFO - #False
[2024-01-20T05:43:47.048+0000] {logging_mixin.py:151} INFO - #False
[2024-01-20T05:43:47.049+0000] {logging_mixin.py:151} INFO - #False
[2024-01-20T05:43:47.049+0000] {logging_mixin.py:151} INFO - #False
[2024-01-20T05:43:47.049+0000] {logging_mixin.py:151} INFO - #False
[2024-01-20T05:43:47.050+0000] {logging_mixin.py:151} INFO -  submission : 
[2024-01-20T05:43:47.630+0000] {logging_mixin.py:151} INFO - #False
[2024-01-20T05:43:47.630+0000] {logging_mixin.py:151} INFO - #False
[2024-01-20T05:43:47.631+0000] {logging_mixin.py:151} INFO - #False
[2024-01-20T05:43:47.631+0000] {logging_mixin.py:151} INFO - #False
[2024-01-20T05:43:47.631+0000] {logging_mixin.py:151} INFO - #False
[2024-01-20T05:43:47.631+0000] {logging_mixin.py:151} INFO - #False
[2024-01-20T05:43:47.632+0000] {logging_mixin.py:151} INFO - #False
[2024-01-20T05:43:47.632+0000] {logging_mixin.py:151} INFO - #False
[2024-01-20T05:43:47.632+0000] {logging_mixin.py:151} INFO - #False
[2024-01-20T05:43:47.633+0000] {logging_mixin.py:151} INFO - #False
[2024-01-20T05:43:47.634+0000] {logging_mixin.py:151} INFO - #False
[2024-01-20T05:43:47.634+0000] {logging_mixin.py:151} INFO - #False
[2024-01-20T05:43:47.634+0000] {logging_mixin.py:151} INFO - #False
[2024-01-20T05:43:47.634+0000] {logging_mixin.py:151} INFO - #False
[2024-01-20T05:43:47.635+0000] {logging_mixin.py:151} INFO - #False
[2024-01-20T05:43:47.635+0000] {logging_mixin.py:151} INFO - #False
[2024-01-20T05:43:47.636+0000] {logging_mixin.py:151} INFO - #False
[2024-01-20T05:43:47.636+0000] {logging_mixin.py:151} INFO - #False
[2024-01-20T05:43:47.636+0000] {logging_mixin.py:151} INFO - #False
[2024-01-20T05:43:47.636+0000] {logging_mixin.py:151} INFO - #False
[2024-01-20T05:43:47.636+0000] {logging_mixin.py:151} INFO - #False
[2024-01-20T05:43:47.637+0000] {logging_mixin.py:151} INFO - #False
[2024-01-20T05:43:47.637+0000] {logging_mixin.py:151} INFO - #False
[2024-01-20T05:43:47.637+0000] {logging_mixin.py:151} INFO - #False
[2024-01-20T05:43:47.637+0000] {logging_mixin.py:151} INFO - #False
[2024-01-20T05:43:47.638+0000] {logging_mixin.py:151} INFO - #False
[2024-01-20T05:43:47.638+0000] {logging_mixin.py:151} INFO - #False
[2024-01-20T05:43:47.638+0000] {logging_mixin.py:151} INFO - #False
[2024-01-20T05:43:47.638+0000] {logging_mixin.py:151} INFO - #False
[2024-01-20T05:43:47.638+0000] {logging_mixin.py:151} INFO - #False
[2024-01-20T05:43:47.639+0000] {logging_mixin.py:151} INFO -  submission : 
[2024-01-20T05:43:48.053+0000] {logging_mixin.py:151} INFO - #False
[2024-01-20T05:43:48.053+0000] {logging_mixin.py:151} INFO - #False
[2024-01-20T05:43:48.053+0000] {logging_mixin.py:151} INFO - #False
[2024-01-20T05:43:48.054+0000] {logging_mixin.py:151} INFO - #False
[2024-01-20T05:43:48.054+0000] {logging_mixin.py:151} INFO - #False
[2024-01-20T05:43:48.055+0000] {logging_mixin.py:151} INFO - #False
[2024-01-20T05:43:48.055+0000] {logging_mixin.py:151} INFO - #False
[2024-01-20T05:43:48.055+0000] {logging_mixin.py:151} INFO - #False
[2024-01-20T05:43:48.055+0000] {logging_mixin.py:151} INFO - #False
[2024-01-20T05:43:48.055+0000] {logging_mixin.py:151} INFO - #False
[2024-01-20T05:43:48.056+0000] {logging_mixin.py:151} INFO - #False
[2024-01-20T05:43:48.056+0000] {logging_mixin.py:151} INFO - #False
[2024-01-20T05:43:48.057+0000] {logging_mixin.py:151} INFO - #False
[2024-01-20T05:43:48.057+0000] {logging_mixin.py:151} INFO - #False
[2024-01-20T05:43:48.057+0000] {logging_mixin.py:151} INFO - #False
[2024-01-20T05:43:48.057+0000] {logging_mixin.py:151} INFO - #False
[2024-01-20T05:43:48.058+0000] {logging_mixin.py:151} INFO - #False
[2024-01-20T05:43:48.059+0000] {logging_mixin.py:151} INFO - #False
[2024-01-20T05:43:48.059+0000] {logging_mixin.py:151} INFO - #False
[2024-01-20T05:43:48.059+0000] {logging_mixin.py:151} INFO - #False
[2024-01-20T05:43:48.060+0000] {logging_mixin.py:151} INFO - #False
[2024-01-20T05:43:48.060+0000] {logging_mixin.py:151} INFO - #False
[2024-01-20T05:43:48.060+0000] {logging_mixin.py:151} INFO - #False
[2024-01-20T05:43:48.061+0000] {logging_mixin.py:151} INFO - #False
[2024-01-20T05:43:48.061+0000] {logging_mixin.py:151} INFO - #False
[2024-01-20T05:43:48.061+0000] {logging_mixin.py:151} INFO - #False
[2024-01-20T05:43:48.061+0000] {logging_mixin.py:151} INFO - #False
[2024-01-20T05:43:48.062+0000] {logging_mixin.py:151} INFO - #False
[2024-01-20T05:43:48.062+0000] {logging_mixin.py:151} INFO - #False
[2024-01-20T05:43:48.062+0000] {logging_mixin.py:151} INFO - #False
[2024-01-20T05:43:48.063+0000] {logging_mixin.py:151} INFO -  submission : 
[2024-01-20T05:43:48.518+0000] {logging_mixin.py:151} INFO - #False
[2024-01-20T05:43:48.519+0000] {logging_mixin.py:151} INFO - #False
[2024-01-20T05:43:48.519+0000] {logging_mixin.py:151} INFO - #False
[2024-01-20T05:43:48.519+0000] {logging_mixin.py:151} INFO - #False
[2024-01-20T05:43:48.519+0000] {logging_mixin.py:151} INFO - #False
[2024-01-20T05:43:48.520+0000] {logging_mixin.py:151} INFO - #False
[2024-01-20T05:43:48.520+0000] {logging_mixin.py:151} INFO - #False
[2024-01-20T05:43:48.520+0000] {logging_mixin.py:151} INFO - #False
[2024-01-20T05:43:48.520+0000] {logging_mixin.py:151} INFO - #False
[2024-01-20T05:43:48.521+0000] {logging_mixin.py:151} INFO - #False
[2024-01-20T05:43:48.521+0000] {logging_mixin.py:151} INFO - #False
[2024-01-20T05:43:48.521+0000] {logging_mixin.py:151} INFO - #False
[2024-01-20T05:43:48.522+0000] {logging_mixin.py:151} INFO - #False
[2024-01-20T05:43:48.522+0000] {logging_mixin.py:151} INFO - #False
[2024-01-20T05:43:48.522+0000] {logging_mixin.py:151} INFO - #False
[2024-01-20T05:43:48.522+0000] {logging_mixin.py:151} INFO - #False
[2024-01-20T05:43:48.523+0000] {logging_mixin.py:151} INFO - #False
[2024-01-20T05:43:48.523+0000] {logging_mixin.py:151} INFO - #False
[2024-01-20T05:43:48.523+0000] {logging_mixin.py:151} INFO - #False
[2024-01-20T05:43:48.523+0000] {logging_mixin.py:151} INFO - #False
[2024-01-20T05:43:48.523+0000] {logging_mixin.py:151} INFO - #False
[2024-01-20T05:43:48.524+0000] {logging_mixin.py:151} INFO - #False
[2024-01-20T05:43:48.524+0000] {logging_mixin.py:151} INFO - #False
[2024-01-20T05:43:48.524+0000] {logging_mixin.py:151} INFO - #False
[2024-01-20T05:43:48.524+0000] {logging_mixin.py:151} INFO - #False
[2024-01-20T05:43:48.525+0000] {logging_mixin.py:151} INFO - #False
[2024-01-20T05:43:48.525+0000] {logging_mixin.py:151} INFO - #False
[2024-01-20T05:43:48.525+0000] {logging_mixin.py:151} INFO - #False
[2024-01-20T05:43:48.526+0000] {logging_mixin.py:151} INFO - #False
[2024-01-20T05:43:48.526+0000] {logging_mixin.py:151} INFO - #False
[2024-01-20T05:43:48.527+0000] {logging_mixin.py:151} INFO -  submission : 
[2024-01-20T05:43:48.970+0000] {logging_mixin.py:151} INFO - #False
[2024-01-20T05:43:48.971+0000] {logging_mixin.py:151} INFO - #False
[2024-01-20T05:43:48.971+0000] {logging_mixin.py:151} INFO - #False
[2024-01-20T05:43:48.972+0000] {logging_mixin.py:151} INFO - #False
[2024-01-20T05:43:48.972+0000] {logging_mixin.py:151} INFO - #False
[2024-01-20T05:43:48.972+0000] {logging_mixin.py:151} INFO - #False
[2024-01-20T05:43:48.973+0000] {logging_mixin.py:151} INFO - #False
[2024-01-20T05:43:48.973+0000] {logging_mixin.py:151} INFO - #False
[2024-01-20T05:43:48.974+0000] {logging_mixin.py:151} INFO - #False
[2024-01-20T05:43:48.974+0000] {logging_mixin.py:151} INFO - #False
[2024-01-20T05:43:48.974+0000] {logging_mixin.py:151} INFO - #False
[2024-01-20T05:43:48.975+0000] {logging_mixin.py:151} INFO - #False
[2024-01-20T05:43:48.975+0000] {logging_mixin.py:151} INFO - #False
[2024-01-20T05:43:48.975+0000] {logging_mixin.py:151} INFO - #False
[2024-01-20T05:43:48.976+0000] {logging_mixin.py:151} INFO - #False
[2024-01-20T05:43:48.976+0000] {logging_mixin.py:151} INFO - #False
[2024-01-20T05:43:48.976+0000] {logging_mixin.py:151} INFO - #False
[2024-01-20T05:43:48.977+0000] {logging_mixin.py:151} INFO - #False
[2024-01-20T05:43:48.977+0000] {logging_mixin.py:151} INFO - #False
[2024-01-20T05:43:48.978+0000] {logging_mixin.py:151} INFO - #False
[2024-01-20T05:43:48.978+0000] {logging_mixin.py:151} INFO - #False
[2024-01-20T05:43:48.978+0000] {logging_mixin.py:151} INFO - #False
[2024-01-20T05:43:48.979+0000] {logging_mixin.py:151} INFO - #False
[2024-01-20T05:43:48.979+0000] {logging_mixin.py:151} INFO - #False
[2024-01-20T05:43:48.980+0000] {logging_mixin.py:151} INFO - #False
[2024-01-20T05:43:48.980+0000] {logging_mixin.py:151} INFO - #False
[2024-01-20T05:43:48.980+0000] {logging_mixin.py:151} INFO - #False
[2024-01-20T05:43:48.980+0000] {logging_mixin.py:151} INFO - #False
[2024-01-20T05:43:48.981+0000] {logging_mixin.py:151} INFO - #False
[2024-01-20T05:43:48.981+0000] {logging_mixin.py:151} INFO - #False
[2024-01-20T05:43:48.981+0000] {logging_mixin.py:151} INFO -  submission : 
[2024-01-20T05:43:49.509+0000] {logging_mixin.py:151} INFO - #False
[2024-01-20T05:43:49.513+0000] {logging_mixin.py:151} INFO - #False
[2024-01-20T05:43:49.514+0000] {logging_mixin.py:151} INFO - #False
[2024-01-20T05:43:49.514+0000] {logging_mixin.py:151} INFO - #False
[2024-01-20T05:43:49.515+0000] {logging_mixin.py:151} INFO - #False
[2024-01-20T05:43:49.515+0000] {logging_mixin.py:151} INFO - #False
[2024-01-20T05:43:49.516+0000] {logging_mixin.py:151} INFO - #False
[2024-01-20T05:43:49.519+0000] {logging_mixin.py:151} INFO - #False
[2024-01-20T05:43:49.519+0000] {logging_mixin.py:151} INFO - #False
[2024-01-20T05:43:49.520+0000] {logging_mixin.py:151} INFO - #False
[2024-01-20T05:43:49.522+0000] {logging_mixin.py:151} INFO - #False
[2024-01-20T05:43:49.522+0000] {logging_mixin.py:151} INFO - #False
[2024-01-20T05:43:49.523+0000] {logging_mixin.py:151} INFO - #False
[2024-01-20T05:43:49.524+0000] {logging_mixin.py:151} INFO - #False
[2024-01-20T05:43:49.527+0000] {logging_mixin.py:151} INFO - #False
[2024-01-20T05:43:49.527+0000] {logging_mixin.py:151} INFO - #False
[2024-01-20T05:43:49.528+0000] {logging_mixin.py:151} INFO - #False
[2024-01-20T05:43:49.528+0000] {logging_mixin.py:151} INFO - #False
[2024-01-20T05:43:49.529+0000] {logging_mixin.py:151} INFO - #False
[2024-01-20T05:43:49.529+0000] {logging_mixin.py:151} INFO - #False
[2024-01-20T05:43:49.530+0000] {logging_mixin.py:151} INFO - #False
[2024-01-20T05:43:49.530+0000] {logging_mixin.py:151} INFO - #False
[2024-01-20T05:43:49.531+0000] {logging_mixin.py:151} INFO - #False
[2024-01-20T05:43:49.531+0000] {logging_mixin.py:151} INFO - #False
[2024-01-20T05:43:49.531+0000] {logging_mixin.py:151} INFO - #False
[2024-01-20T05:43:49.531+0000] {logging_mixin.py:151} INFO - #False
[2024-01-20T05:43:49.532+0000] {logging_mixin.py:151} INFO - #False
[2024-01-20T05:43:49.532+0000] {logging_mixin.py:151} INFO - #False
[2024-01-20T05:43:49.532+0000] {logging_mixin.py:151} INFO - #False
[2024-01-20T05:43:49.533+0000] {logging_mixin.py:151} INFO - #False
[2024-01-20T05:43:49.533+0000] {logging_mixin.py:151} INFO -  submission : 
[2024-01-20T05:43:50.056+0000] {logging_mixin.py:151} INFO - #False
[2024-01-20T05:43:50.057+0000] {logging_mixin.py:151} INFO - #False
[2024-01-20T05:43:50.057+0000] {logging_mixin.py:151} INFO - #False
[2024-01-20T05:43:50.057+0000] {logging_mixin.py:151} INFO - #False
[2024-01-20T05:43:50.058+0000] {logging_mixin.py:151} INFO - #False
[2024-01-20T05:43:50.058+0000] {logging_mixin.py:151} INFO - #False
[2024-01-20T05:43:50.058+0000] {logging_mixin.py:151} INFO - #False
[2024-01-20T05:43:50.059+0000] {logging_mixin.py:151} INFO - #False
[2024-01-20T05:43:50.059+0000] {logging_mixin.py:151} INFO - #False
[2024-01-20T05:43:50.059+0000] {logging_mixin.py:151} INFO - #False
[2024-01-20T05:43:50.060+0000] {logging_mixin.py:151} INFO - #False
[2024-01-20T05:43:50.060+0000] {logging_mixin.py:151} INFO - #False
[2024-01-20T05:43:50.060+0000] {logging_mixin.py:151} INFO - #False
[2024-01-20T05:43:50.060+0000] {logging_mixin.py:151} INFO - #False
[2024-01-20T05:43:50.061+0000] {logging_mixin.py:151} INFO - #False
[2024-01-20T05:43:50.061+0000] {logging_mixin.py:151} INFO - #False
[2024-01-20T05:43:50.061+0000] {logging_mixin.py:151} INFO - #False
[2024-01-20T05:43:50.061+0000] {logging_mixin.py:151} INFO - #False
[2024-01-20T05:43:50.062+0000] {logging_mixin.py:151} INFO - #False
[2024-01-20T05:43:50.062+0000] {logging_mixin.py:151} INFO - #False
[2024-01-20T05:43:50.062+0000] {logging_mixin.py:151} INFO - #False
[2024-01-20T05:43:50.063+0000] {logging_mixin.py:151} INFO - #False
[2024-01-20T05:43:50.063+0000] {logging_mixin.py:151} INFO - #False
[2024-01-20T05:43:50.063+0000] {logging_mixin.py:151} INFO - #False
[2024-01-20T05:43:50.064+0000] {logging_mixin.py:151} INFO - #False
[2024-01-20T05:43:50.064+0000] {logging_mixin.py:151} INFO - #False
[2024-01-20T05:43:50.064+0000] {logging_mixin.py:151} INFO - #False
[2024-01-20T05:43:50.064+0000] {logging_mixin.py:151} INFO - #False
[2024-01-20T05:43:50.065+0000] {logging_mixin.py:151} INFO - #False
[2024-01-20T05:43:50.065+0000] {logging_mixin.py:151} INFO - #False
[2024-01-20T05:43:50.066+0000] {conn.py:919} INFO - <BrokerConnection node_id=1 host=broker:29092 <connected> [IPv4 ('172.19.0.8', 29092)]>: Closing connection. 
[2024-01-20T05:43:50.066+0000] {python.py:194} INFO - Done. Returned value was: None
[2024-01-20T05:43:50.074+0000] {taskinstance.py:1400} INFO - Marking task as SUCCESS. dag_id=Kafka_Producer_1, task_id=Reddit, execution_date=20240120T054335, start_date=20240120T054345, end_date=20240120T054350
[2024-01-20T05:43:50.095+0000] {local_task_job_runner.py:228} INFO - Task exited with return code 0
[2024-01-20T05:43:50.111+0000] {taskinstance.py:2784} INFO - 0 downstream tasks scheduled from follow-on schedule check
