[2024-01-17T21:14:57.588+0000] {taskinstance.py:1159} INFO - Dependencies all met for dep_context=non-requeueable deps ti=<TaskInstance: Stream__2.Reddit scheduled__2024-01-17T21:12:53.276594+00:00 [queued]>
[2024-01-17T21:14:57.593+0000] {taskinstance.py:1159} INFO - Dependencies all met for dep_context=requeueable deps ti=<TaskInstance: Stream__2.Reddit scheduled__2024-01-17T21:12:53.276594+00:00 [queued]>
[2024-01-17T21:14:57.593+0000] {taskinstance.py:1361} INFO - Starting attempt 1 of 1
[2024-01-17T21:14:57.605+0000] {taskinstance.py:1382} INFO - Executing <Task(PythonOperator): Reddit> on 2024-01-17 21:12:53.276594+00:00
[2024-01-17T21:14:57.608+0000] {standard_task_runner.py:57} INFO - Started process 1386 to run task
[2024-01-17T21:14:57.610+0000] {standard_task_runner.py:84} INFO - Running: ['***', 'tasks', 'run', 'Stream__2', 'Reddit', 'scheduled__2024-01-17T21:12:53.276594+00:00', '--job-id', '538', '--raw', '--subdir', 'DAGS_FOLDER/kafka_stream_2.py', '--cfg-path', '/tmp/tmpydsr4zje']
[2024-01-17T21:14:57.611+0000] {standard_task_runner.py:85} INFO - Job 538: Subtask Reddit
[2024-01-17T21:14:57.646+0000] {task_command.py:415} INFO - Running <TaskInstance: Stream__2.Reddit scheduled__2024-01-17T21:12:53.276594+00:00 [running]> on host 614a419ad930
[2024-01-17T21:14:57.702+0000] {taskinstance.py:1660} INFO - Exporting env vars: AIRFLOW_CTX_DAG_OWNER='me' AIRFLOW_CTX_DAG_ID='Stream__2' AIRFLOW_CTX_TASK_ID='Reddit' AIRFLOW_CTX_EXECUTION_DATE='2024-01-17T21:12:53.276594+00:00' AIRFLOW_CTX_TRY_NUMBER='1' AIRFLOW_CTX_DAG_RUN_ID='scheduled__2024-01-17T21:12:53.276594+00:00'
[2024-01-17T21:14:57.725+0000] {logging_mixin.py:151} INFO -  submission : 
[2024-01-17T21:14:59.079+0000] {logging_mixin.py:151} INFO - @True
[2024-01-17T21:14:59.082+0000] {conn.py:380} INFO - <BrokerConnection node_id=bootstrap-0 host=broker:29092 <connecting> [IPv4 ('192.168.224.8', 29092)]>: connecting to broker:29092 [('192.168.224.8', 29092) IPv4]
[2024-01-17T21:14:59.082+0000] {conn.py:1205} INFO - Probing node bootstrap-0 broker version
[2024-01-17T21:14:59.083+0000] {conn.py:410} INFO - <BrokerConnection node_id=bootstrap-0 host=broker:29092 <connecting> [IPv4 ('192.168.224.8', 29092)]>: Connection complete.
[2024-01-17T21:14:59.185+0000] {conn.py:1267} INFO - Broker version identified as 2.5.0
[2024-01-17T21:14:59.186+0000] {conn.py:1268} INFO - Set configuration api_version=(2, 5, 0) to skip auto check_version requests on startup
[2024-01-17T21:14:59.189+0000] {logging_mixin.py:151} INFO - @True
[2024-01-17T21:14:59.190+0000] {conn.py:380} INFO - <BrokerConnection node_id=1 host=broker:29092 <connecting> [IPv4 ('192.168.224.8', 29092)]>: connecting to broker:29092 [('192.168.224.8', 29092) IPv4]
[2024-01-17T21:14:59.190+0000] {conn.py:380} INFO - <BrokerConnection node_id=bootstrap-0 host=broker:29092 <connecting> [IPv4 ('192.168.224.8', 29092)]>: connecting to broker:29092 [('192.168.224.8', 29092) IPv4]
[2024-01-17T21:14:59.191+0000] {conn.py:1205} INFO - Probing node bootstrap-0 broker version
[2024-01-17T21:14:59.191+0000] {conn.py:410} INFO - <BrokerConnection node_id=1 host=broker:29092 <connecting> [IPv4 ('192.168.224.8', 29092)]>: Connection complete.
[2024-01-17T21:14:59.191+0000] {conn.py:410} INFO - <BrokerConnection node_id=bootstrap-0 host=broker:29092 <connecting> [IPv4 ('192.168.224.8', 29092)]>: Connection complete.
[2024-01-17T21:14:59.191+0000] {conn.py:919} INFO - <BrokerConnection node_id=bootstrap-0 host=broker:29092 <connected> [IPv4 ('192.168.224.8', 29092)]>: Closing connection. 
[2024-01-17T21:14:59.294+0000] {conn.py:1267} INFO - Broker version identified as 2.5.0
[2024-01-17T21:14:59.295+0000] {conn.py:1268} INFO - Set configuration api_version=(2, 5, 0) to skip auto check_version requests on startup
[2024-01-17T21:14:59.296+0000] {conn.py:919} INFO - <BrokerConnection node_id=1 host=broker:29092 <connected> [IPv4 ('192.168.224.8', 29092)]>: Closing connection. 
[2024-01-17T21:14:59.298+0000] {logging_mixin.py:151} INFO - @True
[2024-01-17T21:14:59.299+0000] {conn.py:380} INFO - <BrokerConnection node_id=bootstrap-0 host=broker:29092 <connecting> [IPv4 ('192.168.224.8', 29092)]>: connecting to broker:29092 [('192.168.224.8', 29092) IPv4]
[2024-01-17T21:14:59.299+0000] {conn.py:380} INFO - <BrokerConnection node_id=1 host=broker:29092 <connecting> [IPv4 ('192.168.224.8', 29092)]>: connecting to broker:29092 [('192.168.224.8', 29092) IPv4]
[2024-01-17T21:14:59.300+0000] {conn.py:410} INFO - <BrokerConnection node_id=1 host=broker:29092 <connecting> [IPv4 ('192.168.224.8', 29092)]>: Connection complete.
[2024-01-17T21:14:59.300+0000] {conn.py:919} INFO - <BrokerConnection node_id=bootstrap-0 host=broker:29092 <connected> [IPv4 ('192.168.224.8', 29092)]>: Closing connection. 
[2024-01-17T21:14:59.300+0000] {conn.py:1205} INFO - Probing node bootstrap-0 broker version
[2024-01-17T21:14:59.301+0000] {conn.py:410} INFO - <BrokerConnection node_id=bootstrap-0 host=broker:29092 <connecting> [IPv4 ('192.168.224.8', 29092)]>: Connection complete.
[2024-01-17T21:14:59.404+0000] {conn.py:1267} INFO - Broker version identified as 2.5.0
[2024-01-17T21:14:59.404+0000] {conn.py:1268} INFO - Set configuration api_version=(2, 5, 0) to skip auto check_version requests on startup
[2024-01-17T21:14:59.460+0000] {conn.py:919} INFO - <BrokerConnection node_id=1 host=broker:29092 <connected> [IPv4 ('192.168.224.8', 29092)]>: Closing connection. 
[2024-01-17T21:14:59.463+0000] {logging_mixin.py:151} INFO - #False
[2024-01-17T21:14:59.463+0000] {logging_mixin.py:151} INFO - #False
[2024-01-17T21:14:59.463+0000] {logging_mixin.py:151} INFO - #False
[2024-01-17T21:14:59.463+0000] {logging_mixin.py:151} INFO - #False
[2024-01-17T21:14:59.464+0000] {logging_mixin.py:151} INFO - #False
[2024-01-17T21:14:59.464+0000] {logging_mixin.py:151} INFO - #False
[2024-01-17T21:14:59.464+0000] {logging_mixin.py:151} INFO - #False
[2024-01-17T21:14:59.464+0000] {logging_mixin.py:151} INFO - #False
[2024-01-17T21:14:59.464+0000] {logging_mixin.py:151} INFO - #False
[2024-01-17T21:14:59.464+0000] {logging_mixin.py:151} INFO - #False
[2024-01-17T21:14:59.464+0000] {logging_mixin.py:151} INFO - #False
[2024-01-17T21:14:59.465+0000] {conn.py:380} INFO - <BrokerConnection node_id=1 host=broker:29092 <connecting> [IPv4 ('192.168.224.8', 29092)]>: connecting to broker:29092 [('192.168.224.8', 29092) IPv4]
[2024-01-17T21:14:59.465+0000] {logging_mixin.py:151} INFO - #False
[2024-01-17T21:14:59.465+0000] {logging_mixin.py:151} INFO - #False
[2024-01-17T21:14:59.465+0000] {logging_mixin.py:151} INFO - #False
[2024-01-17T21:14:59.465+0000] {logging_mixin.py:151} INFO - #False
[2024-01-17T21:14:59.465+0000] {logging_mixin.py:151} INFO - #False
[2024-01-17T21:14:59.465+0000] {logging_mixin.py:151} INFO - #False
[2024-01-17T21:14:59.466+0000] {logging_mixin.py:151} INFO - #False
[2024-01-17T21:14:59.466+0000] {logging_mixin.py:151} INFO - #False
[2024-01-17T21:14:59.466+0000] {logging_mixin.py:151} INFO - #False
[2024-01-17T21:14:59.466+0000] {logging_mixin.py:151} INFO - #False
[2024-01-17T21:14:59.466+0000] {logging_mixin.py:151} INFO - #False
[2024-01-17T21:14:59.466+0000] {logging_mixin.py:151} INFO - #False
[2024-01-17T21:14:59.466+0000] {logging_mixin.py:151} INFO - #False
[2024-01-17T21:14:59.466+0000] {logging_mixin.py:151} INFO - #False
[2024-01-17T21:14:59.466+0000] {logging_mixin.py:151} INFO - #False
[2024-01-17T21:14:59.466+0000] {logging_mixin.py:151} INFO - #False
[2024-01-17T21:14:59.467+0000] {logging_mixin.py:151} INFO -  submission : 
[2024-01-17T21:14:59.468+0000] {conn.py:410} INFO - <BrokerConnection node_id=1 host=broker:29092 <connecting> [IPv4 ('192.168.224.8', 29092)]>: Connection complete.
[2024-01-17T21:14:59.468+0000] {conn.py:919} INFO - <BrokerConnection node_id=bootstrap-0 host=broker:29092 <connected> [IPv4 ('192.168.224.8', 29092)]>: Closing connection. 
[2024-01-17T21:15:00.282+0000] {logging_mixin.py:151} INFO - #False
[2024-01-17T21:15:00.282+0000] {logging_mixin.py:151} INFO - #False
[2024-01-17T21:15:00.283+0000] {logging_mixin.py:151} INFO - #False
[2024-01-17T21:15:00.283+0000] {logging_mixin.py:151} INFO - #False
[2024-01-17T21:15:00.283+0000] {logging_mixin.py:151} INFO - #False
[2024-01-17T21:15:00.283+0000] {logging_mixin.py:151} INFO - #False
[2024-01-17T21:15:00.283+0000] {logging_mixin.py:151} INFO - #False
[2024-01-17T21:15:00.283+0000] {logging_mixin.py:151} INFO - #False
[2024-01-17T21:15:00.283+0000] {logging_mixin.py:151} INFO - #False
[2024-01-17T21:15:00.283+0000] {logging_mixin.py:151} INFO - #False
[2024-01-17T21:15:00.283+0000] {logging_mixin.py:151} INFO - #False
[2024-01-17T21:15:00.283+0000] {logging_mixin.py:151} INFO - #False
[2024-01-17T21:15:00.283+0000] {logging_mixin.py:151} INFO - #False
[2024-01-17T21:15:00.284+0000] {logging_mixin.py:151} INFO - #False
[2024-01-17T21:15:00.284+0000] {logging_mixin.py:151} INFO - #False
[2024-01-17T21:15:00.284+0000] {logging_mixin.py:151} INFO - #False
[2024-01-17T21:15:00.284+0000] {logging_mixin.py:151} INFO - #False
[2024-01-17T21:15:00.284+0000] {logging_mixin.py:151} INFO - #False
[2024-01-17T21:15:00.284+0000] {logging_mixin.py:151} INFO - #False
[2024-01-17T21:15:00.284+0000] {logging_mixin.py:151} INFO - #False
[2024-01-17T21:15:00.284+0000] {logging_mixin.py:151} INFO - #False
[2024-01-17T21:15:00.284+0000] {logging_mixin.py:151} INFO - #False
[2024-01-17T21:15:00.284+0000] {logging_mixin.py:151} INFO - #False
[2024-01-17T21:15:00.284+0000] {logging_mixin.py:151} INFO - #False
[2024-01-17T21:15:00.284+0000] {logging_mixin.py:151} INFO - #False
[2024-01-17T21:15:00.284+0000] {logging_mixin.py:151} INFO - #False
[2024-01-17T21:15:00.284+0000] {logging_mixin.py:151} INFO - #False
[2024-01-17T21:15:00.284+0000] {logging_mixin.py:151} INFO - #False
[2024-01-17T21:15:00.284+0000] {logging_mixin.py:151} INFO - #False
[2024-01-17T21:15:00.284+0000] {logging_mixin.py:151} INFO - #False
[2024-01-17T21:15:00.284+0000] {logging_mixin.py:151} INFO -  submission : 
[2024-01-17T21:15:01.089+0000] {logging_mixin.py:151} INFO - #False
[2024-01-17T21:15:01.089+0000] {logging_mixin.py:151} INFO - #False
[2024-01-17T21:15:01.089+0000] {logging_mixin.py:151} INFO - #False
[2024-01-17T21:15:01.089+0000] {logging_mixin.py:151} INFO - #False
[2024-01-17T21:15:01.089+0000] {logging_mixin.py:151} INFO - #False
[2024-01-17T21:15:01.089+0000] {logging_mixin.py:151} INFO - #False
[2024-01-17T21:15:01.089+0000] {logging_mixin.py:151} INFO - #False
[2024-01-17T21:15:01.089+0000] {logging_mixin.py:151} INFO - #False
[2024-01-17T21:15:01.089+0000] {logging_mixin.py:151} INFO - #False
[2024-01-17T21:15:01.089+0000] {logging_mixin.py:151} INFO - #False
[2024-01-17T21:15:01.089+0000] {logging_mixin.py:151} INFO - #False
[2024-01-17T21:15:01.090+0000] {logging_mixin.py:151} INFO - #False
[2024-01-17T21:15:01.090+0000] {logging_mixin.py:151} INFO - #False
[2024-01-17T21:15:01.090+0000] {logging_mixin.py:151} INFO - #False
[2024-01-17T21:15:01.090+0000] {logging_mixin.py:151} INFO - #False
[2024-01-17T21:15:01.090+0000] {logging_mixin.py:151} INFO - #False
[2024-01-17T21:15:01.090+0000] {logging_mixin.py:151} INFO - #False
[2024-01-17T21:15:01.090+0000] {logging_mixin.py:151} INFO - #False
[2024-01-17T21:15:01.090+0000] {logging_mixin.py:151} INFO - #False
[2024-01-17T21:15:01.090+0000] {logging_mixin.py:151} INFO - #False
[2024-01-17T21:15:01.090+0000] {logging_mixin.py:151} INFO - #False
[2024-01-17T21:15:01.090+0000] {logging_mixin.py:151} INFO - #False
[2024-01-17T21:15:01.090+0000] {logging_mixin.py:151} INFO - #False
[2024-01-17T21:15:01.090+0000] {logging_mixin.py:151} INFO - #False
[2024-01-17T21:15:01.090+0000] {logging_mixin.py:151} INFO - #False
[2024-01-17T21:15:01.090+0000] {logging_mixin.py:151} INFO - #False
[2024-01-17T21:15:01.090+0000] {logging_mixin.py:151} INFO - #False
[2024-01-17T21:15:01.090+0000] {logging_mixin.py:151} INFO - #False
[2024-01-17T21:15:01.090+0000] {logging_mixin.py:151} INFO - #False
[2024-01-17T21:15:01.090+0000] {logging_mixin.py:151} INFO - #False
[2024-01-17T21:15:01.091+0000] {logging_mixin.py:151} INFO -  submission : 
[2024-01-17T21:15:01.628+0000] {logging_mixin.py:151} INFO - #False
[2024-01-17T21:15:01.628+0000] {logging_mixin.py:151} INFO - #False
[2024-01-17T21:15:01.628+0000] {logging_mixin.py:151} INFO - #False
[2024-01-17T21:15:01.628+0000] {logging_mixin.py:151} INFO - #False
[2024-01-17T21:15:01.628+0000] {logging_mixin.py:151} INFO - #False
[2024-01-17T21:15:01.628+0000] {logging_mixin.py:151} INFO - #False
[2024-01-17T21:15:01.629+0000] {logging_mixin.py:151} INFO - #False
[2024-01-17T21:15:01.629+0000] {logging_mixin.py:151} INFO - #False
[2024-01-17T21:15:01.629+0000] {logging_mixin.py:151} INFO - #False
[2024-01-17T21:15:01.629+0000] {logging_mixin.py:151} INFO - #False
[2024-01-17T21:15:01.629+0000] {logging_mixin.py:151} INFO - #False
[2024-01-17T21:15:01.629+0000] {logging_mixin.py:151} INFO - #False
[2024-01-17T21:15:01.629+0000] {logging_mixin.py:151} INFO - #False
[2024-01-17T21:15:01.629+0000] {logging_mixin.py:151} INFO - #False
[2024-01-17T21:15:01.629+0000] {logging_mixin.py:151} INFO - #False
[2024-01-17T21:15:01.629+0000] {logging_mixin.py:151} INFO - #False
[2024-01-17T21:15:01.629+0000] {logging_mixin.py:151} INFO - #False
[2024-01-17T21:15:01.629+0000] {logging_mixin.py:151} INFO - #False
[2024-01-17T21:15:01.629+0000] {logging_mixin.py:151} INFO - #False
[2024-01-17T21:15:01.629+0000] {logging_mixin.py:151} INFO - #False
[2024-01-17T21:15:01.629+0000] {logging_mixin.py:151} INFO - #False
[2024-01-17T21:15:01.629+0000] {logging_mixin.py:151} INFO - #False
[2024-01-17T21:15:01.629+0000] {logging_mixin.py:151} INFO - #False
[2024-01-17T21:15:01.629+0000] {logging_mixin.py:151} INFO - #False
[2024-01-17T21:15:01.630+0000] {logging_mixin.py:151} INFO - #False
[2024-01-17T21:15:01.630+0000] {logging_mixin.py:151} INFO - #False
[2024-01-17T21:15:01.630+0000] {logging_mixin.py:151} INFO - #False
[2024-01-17T21:15:01.630+0000] {logging_mixin.py:151} INFO - #False
[2024-01-17T21:15:01.630+0000] {logging_mixin.py:151} INFO - #False
[2024-01-17T21:15:01.630+0000] {logging_mixin.py:151} INFO - #False
[2024-01-17T21:15:01.630+0000] {logging_mixin.py:151} INFO -  submission : 
[2024-01-17T21:15:02.317+0000] {logging_mixin.py:151} INFO - #False
[2024-01-17T21:15:02.318+0000] {logging_mixin.py:151} INFO - #False
[2024-01-17T21:15:02.318+0000] {logging_mixin.py:151} INFO - #False
[2024-01-17T21:15:02.318+0000] {logging_mixin.py:151} INFO - #False
[2024-01-17T21:15:02.318+0000] {logging_mixin.py:151} INFO - #False
[2024-01-17T21:15:02.318+0000] {logging_mixin.py:151} INFO - #False
[2024-01-17T21:15:02.318+0000] {logging_mixin.py:151} INFO - #False
[2024-01-17T21:15:02.318+0000] {logging_mixin.py:151} INFO - #False
[2024-01-17T21:15:02.318+0000] {logging_mixin.py:151} INFO - #False
[2024-01-17T21:15:02.318+0000] {logging_mixin.py:151} INFO - #False
[2024-01-17T21:15:02.318+0000] {logging_mixin.py:151} INFO - #False
[2024-01-17T21:15:02.318+0000] {logging_mixin.py:151} INFO - #False
[2024-01-17T21:15:02.318+0000] {logging_mixin.py:151} INFO - #False
[2024-01-17T21:15:02.318+0000] {logging_mixin.py:151} INFO - #False
[2024-01-17T21:15:02.318+0000] {logging_mixin.py:151} INFO - #False
[2024-01-17T21:15:02.318+0000] {logging_mixin.py:151} INFO - #False
[2024-01-17T21:15:02.318+0000] {logging_mixin.py:151} INFO - #False
[2024-01-17T21:15:02.318+0000] {logging_mixin.py:151} INFO - #False
[2024-01-17T21:15:02.318+0000] {logging_mixin.py:151} INFO - #False
[2024-01-17T21:15:02.318+0000] {logging_mixin.py:151} INFO - #False
[2024-01-17T21:15:02.319+0000] {logging_mixin.py:151} INFO - #False
[2024-01-17T21:15:02.319+0000] {logging_mixin.py:151} INFO - #False
[2024-01-17T21:15:02.319+0000] {logging_mixin.py:151} INFO - #False
[2024-01-17T21:15:02.319+0000] {logging_mixin.py:151} INFO - #False
[2024-01-17T21:15:02.319+0000] {logging_mixin.py:151} INFO - #False
[2024-01-17T21:15:02.319+0000] {logging_mixin.py:151} INFO - #False
[2024-01-17T21:15:02.319+0000] {logging_mixin.py:151} INFO - #False
[2024-01-17T21:15:02.319+0000] {logging_mixin.py:151} INFO - #False
[2024-01-17T21:15:02.319+0000] {logging_mixin.py:151} INFO - #False
[2024-01-17T21:15:02.319+0000] {logging_mixin.py:151} INFO - #False
[2024-01-17T21:15:02.319+0000] {logging_mixin.py:151} INFO -  submission : 
[2024-01-17T21:15:03.140+0000] {logging_mixin.py:151} INFO - #False
[2024-01-17T21:15:03.140+0000] {logging_mixin.py:151} INFO - #False
[2024-01-17T21:15:03.140+0000] {logging_mixin.py:151} INFO - #False
[2024-01-17T21:15:03.140+0000] {logging_mixin.py:151} INFO - #False
[2024-01-17T21:15:03.140+0000] {logging_mixin.py:151} INFO - #False
[2024-01-17T21:15:03.140+0000] {logging_mixin.py:151} INFO - #False
[2024-01-17T21:15:03.140+0000] {logging_mixin.py:151} INFO - #False
[2024-01-17T21:15:03.140+0000] {logging_mixin.py:151} INFO - #False
[2024-01-17T21:15:03.140+0000] {logging_mixin.py:151} INFO - #False
[2024-01-17T21:15:03.140+0000] {logging_mixin.py:151} INFO - #False
[2024-01-17T21:15:03.140+0000] {logging_mixin.py:151} INFO - #False
[2024-01-17T21:15:03.140+0000] {logging_mixin.py:151} INFO - #False
[2024-01-17T21:15:03.140+0000] {logging_mixin.py:151} INFO - #False
[2024-01-17T21:15:03.140+0000] {logging_mixin.py:151} INFO - #False
[2024-01-17T21:15:03.140+0000] {logging_mixin.py:151} INFO - #False
[2024-01-17T21:15:03.140+0000] {logging_mixin.py:151} INFO - #False
[2024-01-17T21:15:03.140+0000] {logging_mixin.py:151} INFO - #False
[2024-01-17T21:15:03.141+0000] {logging_mixin.py:151} INFO - #False
[2024-01-17T21:15:03.141+0000] {logging_mixin.py:151} INFO - #False
[2024-01-17T21:15:03.141+0000] {logging_mixin.py:151} INFO - #False
[2024-01-17T21:15:03.141+0000] {logging_mixin.py:151} INFO - #False
[2024-01-17T21:15:03.141+0000] {logging_mixin.py:151} INFO - #False
[2024-01-17T21:15:03.141+0000] {logging_mixin.py:151} INFO - #False
[2024-01-17T21:15:03.141+0000] {logging_mixin.py:151} INFO - #False
[2024-01-17T21:15:03.141+0000] {logging_mixin.py:151} INFO - #False
[2024-01-17T21:15:03.141+0000] {logging_mixin.py:151} INFO - #False
[2024-01-17T21:15:03.141+0000] {logging_mixin.py:151} INFO - #False
[2024-01-17T21:15:03.141+0000] {logging_mixin.py:151} INFO - #False
[2024-01-17T21:15:03.141+0000] {logging_mixin.py:151} INFO - #False
[2024-01-17T21:15:03.141+0000] {logging_mixin.py:151} INFO - #False
[2024-01-17T21:15:03.141+0000] {logging_mixin.py:151} INFO -  submission : 
[2024-01-17T21:15:03.952+0000] {logging_mixin.py:151} INFO - #False
[2024-01-17T21:15:03.952+0000] {logging_mixin.py:151} INFO - #False
[2024-01-17T21:15:03.952+0000] {logging_mixin.py:151} INFO - #False
[2024-01-17T21:15:03.952+0000] {logging_mixin.py:151} INFO - #False
[2024-01-17T21:15:03.952+0000] {logging_mixin.py:151} INFO - #False
[2024-01-17T21:15:03.952+0000] {logging_mixin.py:151} INFO - #False
[2024-01-17T21:15:03.952+0000] {logging_mixin.py:151} INFO - #False
[2024-01-17T21:15:03.952+0000] {logging_mixin.py:151} INFO - #False
[2024-01-17T21:15:03.952+0000] {logging_mixin.py:151} INFO - #False
[2024-01-17T21:15:03.952+0000] {logging_mixin.py:151} INFO - #False
[2024-01-17T21:15:03.953+0000] {logging_mixin.py:151} INFO - #False
[2024-01-17T21:15:03.953+0000] {logging_mixin.py:151} INFO - #False
[2024-01-17T21:15:03.953+0000] {logging_mixin.py:151} INFO - #False
[2024-01-17T21:15:03.953+0000] {logging_mixin.py:151} INFO - #False
[2024-01-17T21:15:03.953+0000] {logging_mixin.py:151} INFO - #False
[2024-01-17T21:15:03.953+0000] {logging_mixin.py:151} INFO - #False
[2024-01-17T21:15:03.953+0000] {logging_mixin.py:151} INFO - #False
[2024-01-17T21:15:03.953+0000] {logging_mixin.py:151} INFO - #False
[2024-01-17T21:15:03.953+0000] {logging_mixin.py:151} INFO - #False
[2024-01-17T21:15:03.953+0000] {logging_mixin.py:151} INFO - #False
[2024-01-17T21:15:03.953+0000] {logging_mixin.py:151} INFO - #False
[2024-01-17T21:15:03.953+0000] {logging_mixin.py:151} INFO - #False
[2024-01-17T21:15:03.953+0000] {logging_mixin.py:151} INFO - #False
[2024-01-17T21:15:03.953+0000] {logging_mixin.py:151} INFO - #False
[2024-01-17T21:15:03.953+0000] {logging_mixin.py:151} INFO - #False
[2024-01-17T21:15:03.954+0000] {logging_mixin.py:151} INFO - #False
[2024-01-17T21:15:03.954+0000] {logging_mixin.py:151} INFO - #False
[2024-01-17T21:15:03.954+0000] {logging_mixin.py:151} INFO - #False
[2024-01-17T21:15:03.954+0000] {logging_mixin.py:151} INFO - #False
[2024-01-17T21:15:03.954+0000] {logging_mixin.py:151} INFO - #False
[2024-01-17T21:15:03.954+0000] {logging_mixin.py:151} INFO -  submission : 
[2024-01-17T21:15:04.775+0000] {logging_mixin.py:151} INFO - #False
[2024-01-17T21:15:04.775+0000] {logging_mixin.py:151} INFO - #False
[2024-01-17T21:15:04.775+0000] {logging_mixin.py:151} INFO - #False
[2024-01-17T21:15:04.775+0000] {logging_mixin.py:151} INFO - #False
[2024-01-17T21:15:04.775+0000] {logging_mixin.py:151} INFO - #False
[2024-01-17T21:15:04.775+0000] {logging_mixin.py:151} INFO - #False
[2024-01-17T21:15:04.776+0000] {logging_mixin.py:151} INFO - #False
[2024-01-17T21:15:04.776+0000] {logging_mixin.py:151} INFO - #False
[2024-01-17T21:15:04.776+0000] {logging_mixin.py:151} INFO - #False
[2024-01-17T21:15:04.776+0000] {logging_mixin.py:151} INFO - #False
[2024-01-17T21:15:04.776+0000] {logging_mixin.py:151} INFO - #False
[2024-01-17T21:15:04.776+0000] {logging_mixin.py:151} INFO - #False
[2024-01-17T21:15:04.776+0000] {logging_mixin.py:151} INFO - #False
[2024-01-17T21:15:04.776+0000] {logging_mixin.py:151} INFO - #False
[2024-01-17T21:15:04.776+0000] {logging_mixin.py:151} INFO - #False
[2024-01-17T21:15:04.776+0000] {logging_mixin.py:151} INFO - #False
[2024-01-17T21:15:04.776+0000] {logging_mixin.py:151} INFO - #False
[2024-01-17T21:15:04.776+0000] {logging_mixin.py:151} INFO - #False
[2024-01-17T21:15:04.776+0000] {logging_mixin.py:151} INFO - #False
[2024-01-17T21:15:04.776+0000] {logging_mixin.py:151} INFO - #False
[2024-01-17T21:15:04.776+0000] {logging_mixin.py:151} INFO - #False
[2024-01-17T21:15:04.776+0000] {logging_mixin.py:151} INFO - #False
[2024-01-17T21:15:04.776+0000] {logging_mixin.py:151} INFO - #False
[2024-01-17T21:15:04.776+0000] {logging_mixin.py:151} INFO - #False
[2024-01-17T21:15:04.776+0000] {logging_mixin.py:151} INFO - #False
[2024-01-17T21:15:04.776+0000] {logging_mixin.py:151} INFO - #False
[2024-01-17T21:15:04.776+0000] {logging_mixin.py:151} INFO - #False
[2024-01-17T21:15:04.777+0000] {logging_mixin.py:151} INFO - #False
[2024-01-17T21:15:04.777+0000] {logging_mixin.py:151} INFO - #False
[2024-01-17T21:15:04.777+0000] {logging_mixin.py:151} INFO - #False
[2024-01-17T21:15:04.777+0000] {conn.py:919} INFO - <BrokerConnection node_id=1 host=broker:29092 <connected> [IPv4 ('192.168.224.8', 29092)]>: Closing connection. 
[2024-01-17T21:15:04.778+0000] {python.py:194} INFO - Done. Returned value was: None
[2024-01-17T21:15:04.784+0000] {taskinstance.py:1400} INFO - Marking task as SUCCESS. dag_id=Stream__2, task_id=Reddit, execution_date=20240117T211253, start_date=20240117T211457, end_date=20240117T211504
[2024-01-17T21:15:04.822+0000] {local_task_job_runner.py:228} INFO - Task exited with return code 0
[2024-01-17T21:15:04.833+0000] {taskinstance.py:2784} INFO - 0 downstream tasks scheduled from follow-on schedule check
