[2024-01-17T21:20:48.966+0000] {taskinstance.py:1159} INFO - Dependencies all met for dep_context=non-requeueable deps ti=<TaskInstance: Stream_Data_1.Reddit scheduled__2024-01-17T21:19:31.899063+00:00 [queued]>
[2024-01-17T21:20:48.971+0000] {taskinstance.py:1159} INFO - Dependencies all met for dep_context=requeueable deps ti=<TaskInstance: Stream_Data_1.Reddit scheduled__2024-01-17T21:19:31.899063+00:00 [queued]>
[2024-01-17T21:20:48.971+0000] {taskinstance.py:1361} INFO - Starting attempt 1 of 1
[2024-01-17T21:20:48.982+0000] {taskinstance.py:1382} INFO - Executing <Task(PythonOperator): Reddit> on 2024-01-17 21:19:31.899063+00:00
[2024-01-17T21:20:48.985+0000] {standard_task_runner.py:57} INFO - Started process 1808 to run task
[2024-01-17T21:20:48.987+0000] {standard_task_runner.py:84} INFO - Running: ['***', 'tasks', 'run', 'Stream_Data_1', 'Reddit', 'scheduled__2024-01-17T21:19:31.899063+00:00', '--job-id', '577', '--raw', '--subdir', 'DAGS_FOLDER/kafka_stream.py', '--cfg-path', '/tmp/tmptvbb7744']
[2024-01-17T21:20:48.988+0000] {standard_task_runner.py:85} INFO - Job 577: Subtask Reddit
[2024-01-17T21:20:49.023+0000] {task_command.py:415} INFO - Running <TaskInstance: Stream_Data_1.Reddit scheduled__2024-01-17T21:19:31.899063+00:00 [running]> on host 614a419ad930
[2024-01-17T21:20:49.084+0000] {taskinstance.py:1660} INFO - Exporting env vars: AIRFLOW_CTX_DAG_OWNER='me' AIRFLOW_CTX_DAG_ID='Stream_Data_1' AIRFLOW_CTX_TASK_ID='Reddit' AIRFLOW_CTX_EXECUTION_DATE='2024-01-17T21:19:31.899063+00:00' AIRFLOW_CTX_TRY_NUMBER='1' AIRFLOW_CTX_DAG_RUN_ID='scheduled__2024-01-17T21:19:31.899063+00:00'
[2024-01-17T21:20:49.109+0000] {logging_mixin.py:151} INFO -  submission : 
[2024-01-17T21:21:05.880+0000] {logging_mixin.py:151} INFO - @True
[2024-01-17T21:21:05.881+0000] {conn.py:380} INFO - <BrokerConnection node_id=bootstrap-0 host=broker:29092 <connecting> [IPv4 ('192.168.224.8', 29092)]>: connecting to broker:29092 [('192.168.224.8', 29092) IPv4]
[2024-01-17T21:21:05.881+0000] {conn.py:1205} INFO - Probing node bootstrap-0 broker version
[2024-01-17T21:21:05.882+0000] {conn.py:410} INFO - <BrokerConnection node_id=bootstrap-0 host=broker:29092 <connecting> [IPv4 ('192.168.224.8', 29092)]>: Connection complete.
[2024-01-17T21:21:05.985+0000] {conn.py:1267} INFO - Broker version identified as 2.5.0
[2024-01-17T21:21:05.985+0000] {conn.py:1268} INFO - Set configuration api_version=(2, 5, 0) to skip auto check_version requests on startup
[2024-01-17T21:21:05.988+0000] {logging_mixin.py:151} INFO - #False
[2024-01-17T21:21:05.988+0000] {logging_mixin.py:151} INFO - #False
[2024-01-17T21:21:05.988+0000] {logging_mixin.py:151} INFO - #False
[2024-01-17T21:21:05.988+0000] {logging_mixin.py:151} INFO - #False
[2024-01-17T21:21:05.989+0000] {logging_mixin.py:151} INFO - #False
[2024-01-17T21:21:05.989+0000] {logging_mixin.py:151} INFO - #False
[2024-01-17T21:21:05.989+0000] {logging_mixin.py:151} INFO - #False
[2024-01-17T21:21:05.989+0000] {logging_mixin.py:151} INFO - #False
[2024-01-17T21:21:05.989+0000] {logging_mixin.py:151} INFO - #False
[2024-01-17T21:21:05.989+0000] {logging_mixin.py:151} INFO - #False
[2024-01-17T21:21:05.989+0000] {logging_mixin.py:151} INFO - #False
[2024-01-17T21:21:05.989+0000] {logging_mixin.py:151} INFO - #False
[2024-01-17T21:21:05.989+0000] {logging_mixin.py:151} INFO - #False
[2024-01-17T21:21:05.989+0000] {logging_mixin.py:151} INFO - #False
[2024-01-17T21:21:05.989+0000] {logging_mixin.py:151} INFO - #False
[2024-01-17T21:21:05.990+0000] {logging_mixin.py:151} INFO - #False
[2024-01-17T21:21:05.990+0000] {logging_mixin.py:151} INFO - #False
[2024-01-17T21:21:05.990+0000] {logging_mixin.py:151} INFO - #False
[2024-01-17T21:21:05.990+0000] {logging_mixin.py:151} INFO - #False
[2024-01-17T21:21:05.990+0000] {logging_mixin.py:151} INFO - #False
[2024-01-17T21:21:05.990+0000] {logging_mixin.py:151} INFO - #False
[2024-01-17T21:21:05.990+0000] {logging_mixin.py:151} INFO - #False
[2024-01-17T21:21:05.990+0000] {logging_mixin.py:151} INFO - #False
[2024-01-17T21:21:05.990+0000] {logging_mixin.py:151} INFO - #False
[2024-01-17T21:21:05.990+0000] {logging_mixin.py:151} INFO - #False
[2024-01-17T21:21:05.991+0000] {logging_mixin.py:151} INFO - #False
[2024-01-17T21:21:05.991+0000] {logging_mixin.py:151} INFO - #False
[2024-01-17T21:21:05.991+0000] {conn.py:380} INFO - <BrokerConnection node_id=1 host=broker:29092 <connecting> [IPv4 ('192.168.224.8', 29092)]>: connecting to broker:29092 [('192.168.224.8', 29092) IPv4]
[2024-01-17T21:21:05.992+0000] {logging_mixin.py:151} INFO - #False
[2024-01-17T21:21:05.992+0000] {conn.py:410} INFO - <BrokerConnection node_id=1 host=broker:29092 <connecting> [IPv4 ('192.168.224.8', 29092)]>: Connection complete.
[2024-01-17T21:21:05.992+0000] {logging_mixin.py:151} INFO - #False
[2024-01-17T21:21:05.992+0000] {conn.py:919} INFO - <BrokerConnection node_id=bootstrap-0 host=broker:29092 <connected> [IPv4 ('192.168.224.8', 29092)]>: Closing connection. 
[2024-01-17T21:21:05.992+0000] {logging_mixin.py:151} INFO -  submission : 
[2024-01-17T21:21:06.990+0000] {logging_mixin.py:151} INFO - #False
[2024-01-17T21:21:06.990+0000] {logging_mixin.py:151} INFO - #False
[2024-01-17T21:21:06.990+0000] {logging_mixin.py:151} INFO - #False
[2024-01-17T21:21:06.990+0000] {logging_mixin.py:151} INFO - #False
[2024-01-17T21:21:06.990+0000] {logging_mixin.py:151} INFO - #False
[2024-01-17T21:21:06.990+0000] {logging_mixin.py:151} INFO - #False
[2024-01-17T21:21:06.990+0000] {logging_mixin.py:151} INFO - #False
[2024-01-17T21:21:06.990+0000] {logging_mixin.py:151} INFO - #False
[2024-01-17T21:21:06.990+0000] {logging_mixin.py:151} INFO - #False
[2024-01-17T21:21:06.990+0000] {logging_mixin.py:151} INFO - #False
[2024-01-17T21:21:06.990+0000] {logging_mixin.py:151} INFO - #False
[2024-01-17T21:21:06.990+0000] {logging_mixin.py:151} INFO - #False
[2024-01-17T21:21:06.990+0000] {logging_mixin.py:151} INFO - #False
[2024-01-17T21:21:06.990+0000] {logging_mixin.py:151} INFO - #False
[2024-01-17T21:21:06.990+0000] {logging_mixin.py:151} INFO - #False
[2024-01-17T21:21:06.990+0000] {logging_mixin.py:151} INFO - #False
[2024-01-17T21:21:06.990+0000] {logging_mixin.py:151} INFO - #False
[2024-01-17T21:21:06.991+0000] {logging_mixin.py:151} INFO - #False
[2024-01-17T21:21:06.991+0000] {logging_mixin.py:151} INFO - #False
[2024-01-17T21:21:06.991+0000] {logging_mixin.py:151} INFO - #False
[2024-01-17T21:21:06.991+0000] {logging_mixin.py:151} INFO - #False
[2024-01-17T21:21:06.991+0000] {logging_mixin.py:151} INFO - #False
[2024-01-17T21:21:06.991+0000] {logging_mixin.py:151} INFO - #False
[2024-01-17T21:21:06.991+0000] {logging_mixin.py:151} INFO - #False
[2024-01-17T21:21:06.991+0000] {logging_mixin.py:151} INFO - #False
[2024-01-17T21:21:06.991+0000] {logging_mixin.py:151} INFO - #False
[2024-01-17T21:21:06.991+0000] {logging_mixin.py:151} INFO - #False
[2024-01-17T21:21:06.991+0000] {logging_mixin.py:151} INFO - #False
[2024-01-17T21:21:06.991+0000] {logging_mixin.py:151} INFO - #False
[2024-01-17T21:21:06.991+0000] {logging_mixin.py:151} INFO - #False
[2024-01-17T21:21:06.991+0000] {logging_mixin.py:151} INFO -  submission : 
[2024-01-17T21:21:07.829+0000] {logging_mixin.py:151} INFO - #False
[2024-01-17T21:21:07.830+0000] {logging_mixin.py:151} INFO - #False
[2024-01-17T21:21:07.830+0000] {logging_mixin.py:151} INFO - #False
[2024-01-17T21:21:07.830+0000] {logging_mixin.py:151} INFO - #False
[2024-01-17T21:21:07.830+0000] {logging_mixin.py:151} INFO - #False
[2024-01-17T21:21:07.830+0000] {logging_mixin.py:151} INFO - #False
[2024-01-17T21:21:07.830+0000] {logging_mixin.py:151} INFO - #False
[2024-01-17T21:21:07.830+0000] {logging_mixin.py:151} INFO - #False
[2024-01-17T21:21:07.830+0000] {logging_mixin.py:151} INFO - #False
[2024-01-17T21:21:07.830+0000] {logging_mixin.py:151} INFO - #False
[2024-01-17T21:21:07.830+0000] {logging_mixin.py:151} INFO - #False
[2024-01-17T21:21:07.830+0000] {logging_mixin.py:151} INFO - #False
[2024-01-17T21:21:07.830+0000] {logging_mixin.py:151} INFO - #False
[2024-01-17T21:21:07.830+0000] {logging_mixin.py:151} INFO - #False
[2024-01-17T21:21:07.830+0000] {logging_mixin.py:151} INFO - #False
[2024-01-17T21:21:07.830+0000] {logging_mixin.py:151} INFO - #False
[2024-01-17T21:21:07.830+0000] {logging_mixin.py:151} INFO - #False
[2024-01-17T21:21:07.830+0000] {logging_mixin.py:151} INFO - #False
[2024-01-17T21:21:07.830+0000] {logging_mixin.py:151} INFO - #False
[2024-01-17T21:21:07.831+0000] {logging_mixin.py:151} INFO - #False
[2024-01-17T21:21:07.831+0000] {logging_mixin.py:151} INFO - #False
[2024-01-17T21:21:07.831+0000] {logging_mixin.py:151} INFO - #False
[2024-01-17T21:21:07.831+0000] {logging_mixin.py:151} INFO - #False
[2024-01-17T21:21:07.831+0000] {logging_mixin.py:151} INFO - #False
[2024-01-17T21:21:07.831+0000] {logging_mixin.py:151} INFO - #False
[2024-01-17T21:21:07.831+0000] {logging_mixin.py:151} INFO - #False
[2024-01-17T21:21:07.831+0000] {logging_mixin.py:151} INFO - #False
[2024-01-17T21:21:07.831+0000] {logging_mixin.py:151} INFO - #False
[2024-01-17T21:21:07.831+0000] {logging_mixin.py:151} INFO - #False
[2024-01-17T21:21:07.831+0000] {logging_mixin.py:151} INFO - #False
[2024-01-17T21:21:07.831+0000] {logging_mixin.py:151} INFO -  submission : 
[2024-01-17T21:21:08.394+0000] {logging_mixin.py:151} INFO - #False
[2024-01-17T21:21:08.394+0000] {logging_mixin.py:151} INFO - #False
[2024-01-17T21:21:08.394+0000] {logging_mixin.py:151} INFO - #False
[2024-01-17T21:21:08.394+0000] {logging_mixin.py:151} INFO - #False
[2024-01-17T21:21:08.394+0000] {logging_mixin.py:151} INFO - #False
[2024-01-17T21:21:08.394+0000] {logging_mixin.py:151} INFO - #False
[2024-01-17T21:21:08.394+0000] {logging_mixin.py:151} INFO - #False
[2024-01-17T21:21:08.394+0000] {logging_mixin.py:151} INFO - #False
[2024-01-17T21:21:08.394+0000] {logging_mixin.py:151} INFO - #False
[2024-01-17T21:21:08.394+0000] {logging_mixin.py:151} INFO - #False
[2024-01-17T21:21:08.394+0000] {logging_mixin.py:151} INFO - #False
[2024-01-17T21:21:08.394+0000] {logging_mixin.py:151} INFO - #False
[2024-01-17T21:21:08.394+0000] {logging_mixin.py:151} INFO - #False
[2024-01-17T21:21:08.395+0000] {logging_mixin.py:151} INFO - #False
[2024-01-17T21:21:08.395+0000] {logging_mixin.py:151} INFO - #False
[2024-01-17T21:21:08.395+0000] {logging_mixin.py:151} INFO - #False
[2024-01-17T21:21:08.395+0000] {logging_mixin.py:151} INFO - #False
[2024-01-17T21:21:08.395+0000] {logging_mixin.py:151} INFO - #False
[2024-01-17T21:21:08.395+0000] {logging_mixin.py:151} INFO - #False
[2024-01-17T21:21:08.395+0000] {logging_mixin.py:151} INFO - #False
[2024-01-17T21:21:08.395+0000] {logging_mixin.py:151} INFO - #False
[2024-01-17T21:21:08.395+0000] {logging_mixin.py:151} INFO - #False
[2024-01-17T21:21:08.395+0000] {logging_mixin.py:151} INFO - #False
[2024-01-17T21:21:08.395+0000] {logging_mixin.py:151} INFO - #False
[2024-01-17T21:21:08.395+0000] {logging_mixin.py:151} INFO - #False
[2024-01-17T21:21:08.395+0000] {logging_mixin.py:151} INFO - #False
[2024-01-17T21:21:08.395+0000] {logging_mixin.py:151} INFO - #False
[2024-01-17T21:21:08.395+0000] {logging_mixin.py:151} INFO - #False
[2024-01-17T21:21:08.395+0000] {logging_mixin.py:151} INFO - #False
[2024-01-17T21:21:08.395+0000] {logging_mixin.py:151} INFO - #False
[2024-01-17T21:21:08.395+0000] {logging_mixin.py:151} INFO -  submission : 
[2024-01-17T21:21:08.920+0000] {logging_mixin.py:151} INFO - #False
[2024-01-17T21:21:08.920+0000] {logging_mixin.py:151} INFO - #False
[2024-01-17T21:21:08.920+0000] {logging_mixin.py:151} INFO - #False
[2024-01-17T21:21:08.921+0000] {logging_mixin.py:151} INFO - #False
[2024-01-17T21:21:08.921+0000] {logging_mixin.py:151} INFO - #False
[2024-01-17T21:21:08.921+0000] {logging_mixin.py:151} INFO - #False
[2024-01-17T21:21:08.921+0000] {logging_mixin.py:151} INFO - #False
[2024-01-17T21:21:08.921+0000] {logging_mixin.py:151} INFO - #False
[2024-01-17T21:21:08.921+0000] {logging_mixin.py:151} INFO - #False
[2024-01-17T21:21:08.921+0000] {logging_mixin.py:151} INFO - #False
[2024-01-17T21:21:08.921+0000] {logging_mixin.py:151} INFO - #False
[2024-01-17T21:21:08.921+0000] {logging_mixin.py:151} INFO - #False
[2024-01-17T21:21:08.921+0000] {logging_mixin.py:151} INFO - #False
[2024-01-17T21:21:08.921+0000] {logging_mixin.py:151} INFO - #False
[2024-01-17T21:21:08.921+0000] {logging_mixin.py:151} INFO - #False
[2024-01-17T21:21:08.921+0000] {logging_mixin.py:151} INFO - #False
[2024-01-17T21:21:08.921+0000] {logging_mixin.py:151} INFO - #False
[2024-01-17T21:21:08.921+0000] {logging_mixin.py:151} INFO - #False
[2024-01-17T21:21:08.921+0000] {logging_mixin.py:151} INFO - #False
[2024-01-17T21:21:08.921+0000] {logging_mixin.py:151} INFO - #False
[2024-01-17T21:21:08.921+0000] {logging_mixin.py:151} INFO - #False
[2024-01-17T21:21:08.921+0000] {logging_mixin.py:151} INFO - #False
[2024-01-17T21:21:08.921+0000] {logging_mixin.py:151} INFO - #False
[2024-01-17T21:21:08.921+0000] {logging_mixin.py:151} INFO - #False
[2024-01-17T21:21:08.921+0000] {logging_mixin.py:151} INFO - #False
[2024-01-17T21:21:08.921+0000] {logging_mixin.py:151} INFO - #False
[2024-01-17T21:21:08.922+0000] {logging_mixin.py:151} INFO - #False
[2024-01-17T21:21:08.922+0000] {logging_mixin.py:151} INFO - #False
[2024-01-17T21:21:08.922+0000] {logging_mixin.py:151} INFO - #False
[2024-01-17T21:21:08.922+0000] {logging_mixin.py:151} INFO - #False
[2024-01-17T21:21:08.922+0000] {logging_mixin.py:151} INFO -  submission : 
[2024-01-17T21:21:09.635+0000] {logging_mixin.py:151} INFO - #False
[2024-01-17T21:21:09.635+0000] {logging_mixin.py:151} INFO - #False
[2024-01-17T21:21:09.635+0000] {logging_mixin.py:151} INFO - #False
[2024-01-17T21:21:09.635+0000] {logging_mixin.py:151} INFO - #False
[2024-01-17T21:21:09.635+0000] {logging_mixin.py:151} INFO - #False
[2024-01-17T21:21:09.635+0000] {logging_mixin.py:151} INFO - #False
[2024-01-17T21:21:09.635+0000] {logging_mixin.py:151} INFO - #False
[2024-01-17T21:21:09.635+0000] {logging_mixin.py:151} INFO - #False
[2024-01-17T21:21:09.635+0000] {logging_mixin.py:151} INFO - #False
[2024-01-17T21:21:09.636+0000] {logging_mixin.py:151} INFO - #False
[2024-01-17T21:21:09.636+0000] {logging_mixin.py:151} INFO - #False
[2024-01-17T21:21:09.636+0000] {logging_mixin.py:151} INFO - #False
[2024-01-17T21:21:09.636+0000] {logging_mixin.py:151} INFO - #False
[2024-01-17T21:21:09.636+0000] {logging_mixin.py:151} INFO - #False
[2024-01-17T21:21:09.636+0000] {logging_mixin.py:151} INFO - #False
[2024-01-17T21:21:09.636+0000] {logging_mixin.py:151} INFO - #False
[2024-01-17T21:21:09.636+0000] {logging_mixin.py:151} INFO - #False
[2024-01-17T21:21:09.636+0000] {logging_mixin.py:151} INFO - #False
[2024-01-17T21:21:09.636+0000] {logging_mixin.py:151} INFO - #False
[2024-01-17T21:21:09.636+0000] {logging_mixin.py:151} INFO - #False
[2024-01-17T21:21:09.636+0000] {logging_mixin.py:151} INFO - #False
[2024-01-17T21:21:09.636+0000] {logging_mixin.py:151} INFO - #False
[2024-01-17T21:21:09.636+0000] {logging_mixin.py:151} INFO - #False
[2024-01-17T21:21:09.636+0000] {logging_mixin.py:151} INFO - #False
[2024-01-17T21:21:09.636+0000] {logging_mixin.py:151} INFO - #False
[2024-01-17T21:21:09.636+0000] {logging_mixin.py:151} INFO - #False
[2024-01-17T21:21:09.636+0000] {logging_mixin.py:151} INFO - #False
[2024-01-17T21:21:09.636+0000] {logging_mixin.py:151} INFO - #False
[2024-01-17T21:21:09.636+0000] {logging_mixin.py:151} INFO - #False
[2024-01-17T21:21:09.636+0000] {logging_mixin.py:151} INFO - #False
[2024-01-17T21:21:09.636+0000] {logging_mixin.py:151} INFO -  submission : 
[2024-01-17T21:21:10.557+0000] {logging_mixin.py:151} INFO - #False
[2024-01-17T21:21:10.557+0000] {logging_mixin.py:151} INFO - #False
[2024-01-17T21:21:10.557+0000] {logging_mixin.py:151} INFO - #False
[2024-01-17T21:21:10.558+0000] {logging_mixin.py:151} INFO - #False
[2024-01-17T21:21:10.558+0000] {logging_mixin.py:151} INFO - #False
[2024-01-17T21:21:10.558+0000] {logging_mixin.py:151} INFO - #False
[2024-01-17T21:21:10.558+0000] {logging_mixin.py:151} INFO - #False
[2024-01-17T21:21:10.558+0000] {logging_mixin.py:151} INFO - #False
[2024-01-17T21:21:10.558+0000] {logging_mixin.py:151} INFO - #False
[2024-01-17T21:21:10.558+0000] {logging_mixin.py:151} INFO - #False
[2024-01-17T21:21:10.558+0000] {logging_mixin.py:151} INFO - #False
[2024-01-17T21:21:10.558+0000] {logging_mixin.py:151} INFO - #False
[2024-01-17T21:21:10.558+0000] {logging_mixin.py:151} INFO - #False
[2024-01-17T21:21:10.558+0000] {logging_mixin.py:151} INFO - #False
[2024-01-17T21:21:10.558+0000] {logging_mixin.py:151} INFO - #False
[2024-01-17T21:21:10.558+0000] {logging_mixin.py:151} INFO - #False
[2024-01-17T21:21:10.558+0000] {logging_mixin.py:151} INFO - #False
[2024-01-17T21:21:10.558+0000] {logging_mixin.py:151} INFO - #False
[2024-01-17T21:21:10.558+0000] {logging_mixin.py:151} INFO - #False
[2024-01-17T21:21:10.558+0000] {logging_mixin.py:151} INFO - #False
[2024-01-17T21:21:10.558+0000] {logging_mixin.py:151} INFO - #False
[2024-01-17T21:21:10.558+0000] {logging_mixin.py:151} INFO - #False
[2024-01-17T21:21:10.558+0000] {logging_mixin.py:151} INFO - #False
[2024-01-17T21:21:10.558+0000] {logging_mixin.py:151} INFO - #False
[2024-01-17T21:21:10.559+0000] {logging_mixin.py:151} INFO - #False
[2024-01-17T21:21:10.559+0000] {logging_mixin.py:151} INFO - #False
[2024-01-17T21:21:10.559+0000] {logging_mixin.py:151} INFO - #False
[2024-01-17T21:21:10.559+0000] {logging_mixin.py:151} INFO - #False
[2024-01-17T21:21:10.559+0000] {logging_mixin.py:151} INFO - #False
[2024-01-17T21:21:10.559+0000] {logging_mixin.py:151} INFO - #False
[2024-01-17T21:21:10.559+0000] {logging_mixin.py:151} INFO -  submission : 
[2024-01-17T21:21:11.487+0000] {logging_mixin.py:151} INFO - #False
[2024-01-17T21:21:11.487+0000] {logging_mixin.py:151} INFO - #False
[2024-01-17T21:21:11.487+0000] {logging_mixin.py:151} INFO - #False
[2024-01-17T21:21:11.487+0000] {logging_mixin.py:151} INFO - #False
[2024-01-17T21:21:11.487+0000] {logging_mixin.py:151} INFO - #False
[2024-01-17T21:21:11.487+0000] {logging_mixin.py:151} INFO - #False
[2024-01-17T21:21:11.487+0000] {logging_mixin.py:151} INFO - #False
[2024-01-17T21:21:11.487+0000] {logging_mixin.py:151} INFO - #False
[2024-01-17T21:21:11.487+0000] {logging_mixin.py:151} INFO - #False
[2024-01-17T21:21:11.487+0000] {logging_mixin.py:151} INFO - #False
[2024-01-17T21:21:11.487+0000] {logging_mixin.py:151} INFO - #False
[2024-01-17T21:21:11.487+0000] {logging_mixin.py:151} INFO - #False
[2024-01-17T21:21:11.487+0000] {logging_mixin.py:151} INFO - #False
[2024-01-17T21:21:11.487+0000] {logging_mixin.py:151} INFO - #False
[2024-01-17T21:21:11.488+0000] {logging_mixin.py:151} INFO - #False
[2024-01-17T21:21:11.488+0000] {logging_mixin.py:151} INFO - #False
[2024-01-17T21:21:11.488+0000] {logging_mixin.py:151} INFO - #False
[2024-01-17T21:21:11.488+0000] {logging_mixin.py:151} INFO - #False
[2024-01-17T21:21:11.488+0000] {logging_mixin.py:151} INFO - #False
[2024-01-17T21:21:11.488+0000] {logging_mixin.py:151} INFO - #False
[2024-01-17T21:21:11.488+0000] {logging_mixin.py:151} INFO - #False
[2024-01-17T21:21:11.488+0000] {logging_mixin.py:151} INFO - #False
[2024-01-17T21:21:11.488+0000] {logging_mixin.py:151} INFO - #False
[2024-01-17T21:21:11.488+0000] {logging_mixin.py:151} INFO - #False
[2024-01-17T21:21:11.488+0000] {logging_mixin.py:151} INFO - #False
[2024-01-17T21:21:11.488+0000] {logging_mixin.py:151} INFO - #False
[2024-01-17T21:21:11.488+0000] {logging_mixin.py:151} INFO - #False
[2024-01-17T21:21:11.488+0000] {logging_mixin.py:151} INFO - #False
[2024-01-17T21:21:11.488+0000] {logging_mixin.py:151} INFO - #False
[2024-01-17T21:21:11.488+0000] {logging_mixin.py:151} INFO - #False
[2024-01-17T21:21:11.489+0000] {conn.py:919} INFO - <BrokerConnection node_id=1 host=broker:29092 <connected> [IPv4 ('192.168.224.8', 29092)]>: Closing connection. 
[2024-01-17T21:21:11.489+0000] {python.py:194} INFO - Done. Returned value was: None
[2024-01-17T21:21:11.496+0000] {taskinstance.py:1400} INFO - Marking task as SUCCESS. dag_id=Stream_Data_1, task_id=Reddit, execution_date=20240117T211931, start_date=20240117T212048, end_date=20240117T212111
[2024-01-17T21:21:11.571+0000] {local_task_job_runner.py:228} INFO - Task exited with return code 0
[2024-01-17T21:21:11.583+0000] {taskinstance.py:2784} INFO - 0 downstream tasks scheduled from follow-on schedule check
