[2024-01-20T04:19:10.979+0000] {taskinstance.py:1159} INFO - Dependencies all met for dep_context=non-requeueable deps ti=<TaskInstance: Kafka_Producer_3.Reddit manual__2024-01-20T04:18:33.355742+00:00 [queued]>
[2024-01-20T04:19:10.985+0000] {taskinstance.py:1159} INFO - Dependencies all met for dep_context=requeueable deps ti=<TaskInstance: Kafka_Producer_3.Reddit manual__2024-01-20T04:18:33.355742+00:00 [queued]>
[2024-01-20T04:19:10.986+0000] {taskinstance.py:1361} INFO - Starting attempt 1 of 1
[2024-01-20T04:19:10.997+0000] {taskinstance.py:1382} INFO - Executing <Task(PythonOperator): Reddit> on 2024-01-20 04:18:33.355742+00:00
[2024-01-20T04:19:10.999+0000] {standard_task_runner.py:57} INFO - Started process 4137 to run task
[2024-01-20T04:19:11.001+0000] {standard_task_runner.py:84} INFO - Running: ['***', 'tasks', 'run', 'Kafka_Producer_3', 'Reddit', 'manual__2024-01-20T04:18:33.355742+00:00', '--job-id', '86', '--raw', '--subdir', 'DAGS_FOLDER/kafka_stream_3.py', '--cfg-path', '/tmp/tmpqqc5761g']
[2024-01-20T04:19:11.002+0000] {standard_task_runner.py:85} INFO - Job 86: Subtask Reddit
[2024-01-20T04:19:11.037+0000] {task_command.py:415} INFO - Running <TaskInstance: Kafka_Producer_3.Reddit manual__2024-01-20T04:18:33.355742+00:00 [running]> on host 45c5bfab8aa1
[2024-01-20T04:19:11.098+0000] {taskinstance.py:1660} INFO - Exporting env vars: AIRFLOW_CTX_DAG_OWNER='me' AIRFLOW_CTX_DAG_ID='Kafka_Producer_3' AIRFLOW_CTX_TASK_ID='Reddit' AIRFLOW_CTX_EXECUTION_DATE='2024-01-20T04:18:33.355742+00:00' AIRFLOW_CTX_TRY_NUMBER='1' AIRFLOW_CTX_DAG_RUN_ID='manual__2024-01-20T04:18:33.355742+00:00'
[2024-01-20T04:19:11.126+0000] {logging_mixin.py:151} INFO -  submission : 
[2024-01-20T04:19:11.930+0000] {logging_mixin.py:151} INFO - #False
[2024-01-20T04:19:11.931+0000] {logging_mixin.py:151} INFO - #False
[2024-01-20T04:19:11.931+0000] {logging_mixin.py:151} INFO - #False
[2024-01-20T04:19:11.932+0000] {logging_mixin.py:151} INFO - #False
[2024-01-20T04:19:11.932+0000] {logging_mixin.py:151} INFO - #False
[2024-01-20T04:19:11.932+0000] {logging_mixin.py:151} INFO - #False
[2024-01-20T04:19:11.933+0000] {logging_mixin.py:151} INFO - #False
[2024-01-20T04:19:11.933+0000] {logging_mixin.py:151} INFO - #False
[2024-01-20T04:19:11.933+0000] {logging_mixin.py:151} INFO - #False
[2024-01-20T04:19:11.934+0000] {logging_mixin.py:151} INFO - #False
[2024-01-20T04:19:11.934+0000] {logging_mixin.py:151} INFO - #False
[2024-01-20T04:19:11.934+0000] {logging_mixin.py:151} INFO - #False
[2024-01-20T04:19:11.935+0000] {logging_mixin.py:151} INFO - #False
[2024-01-20T04:19:11.935+0000] {logging_mixin.py:151} INFO - #False
[2024-01-20T04:19:11.935+0000] {logging_mixin.py:151} INFO - #False
[2024-01-20T04:19:11.936+0000] {logging_mixin.py:151} INFO - #False
[2024-01-20T04:19:11.936+0000] {logging_mixin.py:151} INFO - #False
[2024-01-20T04:19:11.936+0000] {logging_mixin.py:151} INFO - #False
[2024-01-20T04:19:11.936+0000] {logging_mixin.py:151} INFO - #False
[2024-01-20T04:19:11.937+0000] {logging_mixin.py:151} INFO - #False
[2024-01-20T04:19:11.937+0000] {logging_mixin.py:151} INFO - #False
[2024-01-20T04:19:11.937+0000] {logging_mixin.py:151} INFO - #False
[2024-01-20T04:19:11.938+0000] {logging_mixin.py:151} INFO - #False
[2024-01-20T04:19:11.938+0000] {logging_mixin.py:151} INFO - #False
[2024-01-20T04:19:11.938+0000] {logging_mixin.py:151} INFO - #False
[2024-01-20T04:19:11.939+0000] {logging_mixin.py:151} INFO - #False
[2024-01-20T04:19:11.939+0000] {logging_mixin.py:151} INFO - #False
[2024-01-20T04:19:11.939+0000] {logging_mixin.py:151} INFO - #False
[2024-01-20T04:19:11.940+0000] {logging_mixin.py:151} INFO - #False
[2024-01-20T04:19:11.940+0000] {logging_mixin.py:151} INFO - #False
[2024-01-20T04:19:11.940+0000] {logging_mixin.py:151} INFO -  submission : 
[2024-01-20T04:19:12.392+0000] {logging_mixin.py:151} INFO - #False
[2024-01-20T04:19:12.392+0000] {logging_mixin.py:151} INFO - #False
[2024-01-20T04:19:12.393+0000] {logging_mixin.py:151} INFO - #False
[2024-01-20T04:19:12.393+0000] {logging_mixin.py:151} INFO - #False
[2024-01-20T04:19:12.393+0000] {logging_mixin.py:151} INFO - #False
[2024-01-20T04:19:12.394+0000] {logging_mixin.py:151} INFO - #False
[2024-01-20T04:19:12.394+0000] {logging_mixin.py:151} INFO - #False
[2024-01-20T04:19:12.395+0000] {logging_mixin.py:151} INFO - #False
[2024-01-20T04:19:12.395+0000] {logging_mixin.py:151} INFO - #False
[2024-01-20T04:19:12.395+0000] {logging_mixin.py:151} INFO - #False
[2024-01-20T04:19:12.395+0000] {logging_mixin.py:151} INFO - #False
[2024-01-20T04:19:12.396+0000] {logging_mixin.py:151} INFO - #False
[2024-01-20T04:19:12.396+0000] {logging_mixin.py:151} INFO - #False
[2024-01-20T04:19:12.396+0000] {logging_mixin.py:151} INFO - #False
[2024-01-20T04:19:12.396+0000] {logging_mixin.py:151} INFO - #False
[2024-01-20T04:19:12.397+0000] {logging_mixin.py:151} INFO - #False
[2024-01-20T04:19:12.397+0000] {logging_mixin.py:151} INFO - #False
[2024-01-20T04:19:12.398+0000] {logging_mixin.py:151} INFO - #False
[2024-01-20T04:19:12.398+0000] {logging_mixin.py:151} INFO - #False
[2024-01-20T04:19:12.398+0000] {logging_mixin.py:151} INFO - #False
[2024-01-20T04:19:12.398+0000] {logging_mixin.py:151} INFO - #False
[2024-01-20T04:19:12.398+0000] {logging_mixin.py:151} INFO - #False
[2024-01-20T04:19:12.399+0000] {logging_mixin.py:151} INFO - #False
[2024-01-20T04:19:12.399+0000] {logging_mixin.py:151} INFO - #False
[2024-01-20T04:19:12.399+0000] {logging_mixin.py:151} INFO - #False
[2024-01-20T04:19:12.399+0000] {logging_mixin.py:151} INFO - #False
[2024-01-20T04:19:12.399+0000] {logging_mixin.py:151} INFO - #False
[2024-01-20T04:19:12.400+0000] {logging_mixin.py:151} INFO - #False
[2024-01-20T04:19:12.400+0000] {logging_mixin.py:151} INFO - #False
[2024-01-20T04:19:12.400+0000] {logging_mixin.py:151} INFO - #False
[2024-01-20T04:19:12.400+0000] {logging_mixin.py:151} INFO -  submission : 
[2024-01-20T04:19:13.055+0000] {logging_mixin.py:151} INFO - #False
[2024-01-20T04:19:13.055+0000] {logging_mixin.py:151} INFO - #False
[2024-01-20T04:19:13.056+0000] {logging_mixin.py:151} INFO - #False
[2024-01-20T04:19:13.056+0000] {logging_mixin.py:151} INFO - #False
[2024-01-20T04:19:13.057+0000] {logging_mixin.py:151} INFO - #False
[2024-01-20T04:19:13.057+0000] {logging_mixin.py:151} INFO - #False
[2024-01-20T04:19:13.058+0000] {logging_mixin.py:151} INFO - #False
[2024-01-20T04:19:13.059+0000] {logging_mixin.py:151} INFO - #False
[2024-01-20T04:19:13.060+0000] {logging_mixin.py:151} INFO - #False
[2024-01-20T04:19:13.061+0000] {logging_mixin.py:151} INFO - #False
[2024-01-20T04:19:13.062+0000] {logging_mixin.py:151} INFO - #False
[2024-01-20T04:19:13.062+0000] {logging_mixin.py:151} INFO - #False
[2024-01-20T04:19:13.062+0000] {logging_mixin.py:151} INFO - #False
[2024-01-20T04:19:13.063+0000] {logging_mixin.py:151} INFO - #False
[2024-01-20T04:19:13.063+0000] {logging_mixin.py:151} INFO - #False
[2024-01-20T04:19:13.063+0000] {logging_mixin.py:151} INFO - #False
[2024-01-20T04:19:13.063+0000] {logging_mixin.py:151} INFO - #False
[2024-01-20T04:19:13.065+0000] {logging_mixin.py:151} INFO - #False
[2024-01-20T04:19:13.065+0000] {logging_mixin.py:151} INFO - #False
[2024-01-20T04:19:13.065+0000] {logging_mixin.py:151} INFO - #False
[2024-01-20T04:19:13.066+0000] {logging_mixin.py:151} INFO - #False
[2024-01-20T04:19:13.066+0000] {logging_mixin.py:151} INFO - #False
[2024-01-20T04:19:13.066+0000] {logging_mixin.py:151} INFO - #False
[2024-01-20T04:19:13.066+0000] {logging_mixin.py:151} INFO - #False
[2024-01-20T04:19:13.067+0000] {logging_mixin.py:151} INFO - #False
[2024-01-20T04:19:13.067+0000] {logging_mixin.py:151} INFO - #False
[2024-01-20T04:19:13.067+0000] {logging_mixin.py:151} INFO - #False
[2024-01-20T04:19:13.067+0000] {logging_mixin.py:151} INFO - #False
[2024-01-20T04:19:13.068+0000] {logging_mixin.py:151} INFO - #False
[2024-01-20T04:19:13.068+0000] {logging_mixin.py:151} INFO - #False
[2024-01-20T04:19:13.068+0000] {logging_mixin.py:151} INFO -  submission : 
[2024-01-20T04:19:13.516+0000] {logging_mixin.py:151} INFO - #False
[2024-01-20T04:19:13.517+0000] {logging_mixin.py:151} INFO - #False
[2024-01-20T04:19:13.517+0000] {logging_mixin.py:151} INFO - #False
[2024-01-20T04:19:13.518+0000] {logging_mixin.py:151} INFO - #False
[2024-01-20T04:19:13.519+0000] {logging_mixin.py:151} INFO - #False
[2024-01-20T04:19:13.519+0000] {logging_mixin.py:151} INFO - #False
[2024-01-20T04:19:13.519+0000] {logging_mixin.py:151} INFO - #False
[2024-01-20T04:19:13.520+0000] {logging_mixin.py:151} INFO - #False
[2024-01-20T04:19:13.520+0000] {logging_mixin.py:151} INFO - #False
[2024-01-20T04:19:13.521+0000] {logging_mixin.py:151} INFO - #False
[2024-01-20T04:19:13.521+0000] {logging_mixin.py:151} INFO - #False
[2024-01-20T04:19:13.522+0000] {logging_mixin.py:151} INFO - #False
[2024-01-20T04:19:13.522+0000] {logging_mixin.py:151} INFO - #False
[2024-01-20T04:19:13.522+0000] {logging_mixin.py:151} INFO - #False
[2024-01-20T04:19:13.522+0000] {logging_mixin.py:151} INFO - #False
[2024-01-20T04:19:13.523+0000] {logging_mixin.py:151} INFO - #False
[2024-01-20T04:19:13.523+0000] {logging_mixin.py:151} INFO - #False
[2024-01-20T04:19:13.523+0000] {logging_mixin.py:151} INFO - #False
[2024-01-20T04:19:13.524+0000] {logging_mixin.py:151} INFO - #False
[2024-01-20T04:19:13.524+0000] {logging_mixin.py:151} INFO - #False
[2024-01-20T04:19:13.524+0000] {logging_mixin.py:151} INFO - #False
[2024-01-20T04:19:13.524+0000] {logging_mixin.py:151} INFO - #False
[2024-01-20T04:19:13.525+0000] {logging_mixin.py:151} INFO - #False
[2024-01-20T04:19:13.526+0000] {logging_mixin.py:151} INFO - #False
[2024-01-20T04:19:13.526+0000] {logging_mixin.py:151} INFO - #False
[2024-01-20T04:19:13.526+0000] {logging_mixin.py:151} INFO - #False
[2024-01-20T04:19:13.526+0000] {logging_mixin.py:151} INFO - #False
[2024-01-20T04:19:13.526+0000] {logging_mixin.py:151} INFO - #False
[2024-01-20T04:19:13.527+0000] {logging_mixin.py:151} INFO - #False
[2024-01-20T04:19:13.527+0000] {logging_mixin.py:151} INFO - #False
[2024-01-20T04:19:13.527+0000] {logging_mixin.py:151} INFO -  submission : 
[2024-01-20T04:19:13.950+0000] {logging_mixin.py:151} INFO - #False
[2024-01-20T04:19:13.951+0000] {logging_mixin.py:151} INFO - #False
[2024-01-20T04:19:13.952+0000] {logging_mixin.py:151} INFO - #False
[2024-01-20T04:19:13.952+0000] {logging_mixin.py:151} INFO - #False
[2024-01-20T04:19:13.953+0000] {logging_mixin.py:151} INFO - #False
[2024-01-20T04:19:13.953+0000] {logging_mixin.py:151} INFO - #False
[2024-01-20T04:19:13.954+0000] {logging_mixin.py:151} INFO - #False
[2024-01-20T04:19:13.954+0000] {logging_mixin.py:151} INFO - #False
[2024-01-20T04:19:13.954+0000] {logging_mixin.py:151} INFO - #False
[2024-01-20T04:19:13.954+0000] {logging_mixin.py:151} INFO - #False
[2024-01-20T04:19:13.955+0000] {logging_mixin.py:151} INFO - #False
[2024-01-20T04:19:13.955+0000] {logging_mixin.py:151} INFO - #False
[2024-01-20T04:19:13.956+0000] {logging_mixin.py:151} INFO - #False
[2024-01-20T04:19:13.956+0000] {logging_mixin.py:151} INFO - #False
[2024-01-20T04:19:13.957+0000] {logging_mixin.py:151} INFO - #False
[2024-01-20T04:19:13.957+0000] {logging_mixin.py:151} INFO - #False
[2024-01-20T04:19:13.957+0000] {logging_mixin.py:151} INFO - #False
[2024-01-20T04:19:13.957+0000] {logging_mixin.py:151} INFO - #False
[2024-01-20T04:19:13.958+0000] {logging_mixin.py:151} INFO - #False
[2024-01-20T04:19:13.958+0000] {logging_mixin.py:151} INFO - #False
[2024-01-20T04:19:13.958+0000] {logging_mixin.py:151} INFO - #False
[2024-01-20T04:19:13.958+0000] {logging_mixin.py:151} INFO - #False
[2024-01-20T04:19:13.958+0000] {logging_mixin.py:151} INFO - #False
[2024-01-20T04:19:13.959+0000] {logging_mixin.py:151} INFO - #False
[2024-01-20T04:19:13.959+0000] {logging_mixin.py:151} INFO - #False
[2024-01-20T04:19:13.959+0000] {logging_mixin.py:151} INFO - #False
[2024-01-20T04:19:13.959+0000] {logging_mixin.py:151} INFO - #False
[2024-01-20T04:19:13.960+0000] {logging_mixin.py:151} INFO - #False
[2024-01-20T04:19:13.960+0000] {logging_mixin.py:151} INFO - #False
[2024-01-20T04:19:13.960+0000] {logging_mixin.py:151} INFO - #False
[2024-01-20T04:19:13.960+0000] {logging_mixin.py:151} INFO -  submission : 
[2024-01-20T04:19:14.383+0000] {logging_mixin.py:151} INFO - #False
[2024-01-20T04:19:14.383+0000] {logging_mixin.py:151} INFO - #False
[2024-01-20T04:19:14.384+0000] {logging_mixin.py:151} INFO - #False
[2024-01-20T04:19:14.384+0000] {logging_mixin.py:151} INFO - #False
[2024-01-20T04:19:14.384+0000] {logging_mixin.py:151} INFO - #False
[2024-01-20T04:19:14.385+0000] {logging_mixin.py:151} INFO - #False
[2024-01-20T04:19:14.385+0000] {logging_mixin.py:151} INFO - #False
[2024-01-20T04:19:14.385+0000] {logging_mixin.py:151} INFO - #False
[2024-01-20T04:19:14.385+0000] {logging_mixin.py:151} INFO - #False
[2024-01-20T04:19:14.385+0000] {logging_mixin.py:151} INFO - #False
[2024-01-20T04:19:14.386+0000] {logging_mixin.py:151} INFO - #False
[2024-01-20T04:19:14.386+0000] {logging_mixin.py:151} INFO - #False
[2024-01-20T04:19:14.386+0000] {logging_mixin.py:151} INFO - #False
[2024-01-20T04:19:14.386+0000] {logging_mixin.py:151} INFO - #False
[2024-01-20T04:19:14.386+0000] {logging_mixin.py:151} INFO - #False
[2024-01-20T04:19:14.387+0000] {logging_mixin.py:151} INFO - #False
[2024-01-20T04:19:14.387+0000] {logging_mixin.py:151} INFO - #False
[2024-01-20T04:19:14.387+0000] {logging_mixin.py:151} INFO - #False
[2024-01-20T04:19:14.387+0000] {logging_mixin.py:151} INFO - #False
[2024-01-20T04:19:14.387+0000] {logging_mixin.py:151} INFO - #False
[2024-01-20T04:19:14.388+0000] {logging_mixin.py:151} INFO - #False
[2024-01-20T04:19:14.388+0000] {logging_mixin.py:151} INFO - #False
[2024-01-20T04:19:14.388+0000] {logging_mixin.py:151} INFO - #False
[2024-01-20T04:19:14.388+0000] {logging_mixin.py:151} INFO - #False
[2024-01-20T04:19:14.389+0000] {logging_mixin.py:151} INFO - #False
[2024-01-20T04:19:14.389+0000] {logging_mixin.py:151} INFO - #False
[2024-01-20T04:19:14.389+0000] {logging_mixin.py:151} INFO - #False
[2024-01-20T04:19:14.389+0000] {logging_mixin.py:151} INFO - #False
[2024-01-20T04:19:14.389+0000] {logging_mixin.py:151} INFO - #False
[2024-01-20T04:19:14.390+0000] {logging_mixin.py:151} INFO - #False
[2024-01-20T04:19:14.390+0000] {logging_mixin.py:151} INFO -  submission : 
[2024-01-20T04:19:14.925+0000] {logging_mixin.py:151} INFO - #False
[2024-01-20T04:19:14.925+0000] {logging_mixin.py:151} INFO - #False
[2024-01-20T04:19:14.926+0000] {logging_mixin.py:151} INFO - #False
[2024-01-20T04:19:14.926+0000] {logging_mixin.py:151} INFO - #False
[2024-01-20T04:19:14.926+0000] {logging_mixin.py:151} INFO - #False
[2024-01-20T04:19:14.926+0000] {logging_mixin.py:151} INFO - #False
[2024-01-20T04:19:14.927+0000] {logging_mixin.py:151} INFO - #False
[2024-01-20T04:19:14.927+0000] {logging_mixin.py:151} INFO - #False
[2024-01-20T04:19:14.927+0000] {logging_mixin.py:151} INFO - #False
[2024-01-20T04:19:14.927+0000] {logging_mixin.py:151} INFO - #False
[2024-01-20T04:19:14.927+0000] {logging_mixin.py:151} INFO - #False
[2024-01-20T04:19:14.928+0000] {logging_mixin.py:151} INFO - #False
[2024-01-20T04:19:14.928+0000] {logging_mixin.py:151} INFO - #False
[2024-01-20T04:19:14.928+0000] {logging_mixin.py:151} INFO - #False
[2024-01-20T04:19:14.928+0000] {logging_mixin.py:151} INFO - #False
[2024-01-20T04:19:14.928+0000] {logging_mixin.py:151} INFO - #False
[2024-01-20T04:19:14.929+0000] {logging_mixin.py:151} INFO - #False
[2024-01-20T04:19:14.929+0000] {logging_mixin.py:151} INFO - #False
[2024-01-20T04:19:14.929+0000] {logging_mixin.py:151} INFO - #False
[2024-01-20T04:19:14.929+0000] {logging_mixin.py:151} INFO - #False
[2024-01-20T04:19:14.929+0000] {logging_mixin.py:151} INFO - #False
[2024-01-20T04:19:14.930+0000] {logging_mixin.py:151} INFO - #False
[2024-01-20T04:19:14.930+0000] {logging_mixin.py:151} INFO - #False
[2024-01-20T04:19:14.930+0000] {logging_mixin.py:151} INFO - #False
[2024-01-20T04:19:14.930+0000] {logging_mixin.py:151} INFO - #False
[2024-01-20T04:19:14.931+0000] {logging_mixin.py:151} INFO - #False
[2024-01-20T04:19:14.931+0000] {logging_mixin.py:151} INFO - #False
[2024-01-20T04:19:14.931+0000] {logging_mixin.py:151} INFO - #False
[2024-01-20T04:19:14.931+0000] {logging_mixin.py:151} INFO - #False
[2024-01-20T04:19:14.932+0000] {logging_mixin.py:151} INFO - #False
[2024-01-20T04:19:14.932+0000] {logging_mixin.py:151} INFO -  submission : 
[2024-01-20T04:19:15.389+0000] {logging_mixin.py:151} INFO - #False
[2024-01-20T04:19:15.389+0000] {logging_mixin.py:151} INFO - #False
[2024-01-20T04:19:15.389+0000] {logging_mixin.py:151} INFO - #False
[2024-01-20T04:19:15.390+0000] {logging_mixin.py:151} INFO - #False
[2024-01-20T04:19:15.390+0000] {logging_mixin.py:151} INFO - #False
[2024-01-20T04:19:15.390+0000] {logging_mixin.py:151} INFO - #False
[2024-01-20T04:19:15.390+0000] {logging_mixin.py:151} INFO - #False
[2024-01-20T04:19:15.391+0000] {logging_mixin.py:151} INFO - #False
[2024-01-20T04:19:15.391+0000] {logging_mixin.py:151} INFO - #False
[2024-01-20T04:19:15.391+0000] {logging_mixin.py:151} INFO - #False
[2024-01-20T04:19:15.391+0000] {logging_mixin.py:151} INFO - #False
[2024-01-20T04:19:15.392+0000] {logging_mixin.py:151} INFO - #False
[2024-01-20T04:19:15.392+0000] {logging_mixin.py:151} INFO - #False
[2024-01-20T04:19:15.392+0000] {logging_mixin.py:151} INFO - #False
[2024-01-20T04:19:15.392+0000] {logging_mixin.py:151} INFO - #False
[2024-01-20T04:19:15.392+0000] {logging_mixin.py:151} INFO - #False
[2024-01-20T04:19:15.392+0000] {logging_mixin.py:151} INFO - #False
[2024-01-20T04:19:15.393+0000] {logging_mixin.py:151} INFO - #False
[2024-01-20T04:19:15.393+0000] {logging_mixin.py:151} INFO - #False
[2024-01-20T04:19:15.393+0000] {logging_mixin.py:151} INFO - #False
[2024-01-20T04:19:15.393+0000] {logging_mixin.py:151} INFO - #False
[2024-01-20T04:19:15.394+0000] {logging_mixin.py:151} INFO - #False
[2024-01-20T04:19:15.394+0000] {logging_mixin.py:151} INFO - #False
[2024-01-20T04:19:15.394+0000] {logging_mixin.py:151} INFO - #False
[2024-01-20T04:19:15.394+0000] {logging_mixin.py:151} INFO - #False
[2024-01-20T04:19:15.394+0000] {logging_mixin.py:151} INFO - #False
[2024-01-20T04:19:15.395+0000] {logging_mixin.py:151} INFO - #False
[2024-01-20T04:19:15.395+0000] {logging_mixin.py:151} INFO - #False
[2024-01-20T04:19:15.395+0000] {logging_mixin.py:151} INFO - #False
[2024-01-20T04:19:15.395+0000] {logging_mixin.py:151} INFO - #False
[2024-01-20T04:19:15.395+0000] {python.py:194} INFO - Done. Returned value was: None
[2024-01-20T04:19:15.402+0000] {taskinstance.py:1400} INFO - Marking task as SUCCESS. dag_id=Kafka_Producer_3, task_id=Reddit, execution_date=20240120T041833, start_date=20240120T041910, end_date=20240120T041915
[2024-01-20T04:19:15.426+0000] {local_task_job_runner.py:228} INFO - Task exited with return code 0
[2024-01-20T04:19:15.439+0000] {taskinstance.py:2784} INFO - 0 downstream tasks scheduled from follow-on schedule check
