[2024-01-20T22:51:26.930+0000] {taskinstance.py:1159} INFO - Dependencies all met for dep_context=non-requeueable deps ti=<TaskInstance: Kafka_Producer_2.Reddit scheduled__2024-01-20T22:49:21.090358+00:00 [queued]>
[2024-01-20T22:51:26.938+0000] {taskinstance.py:1159} INFO - Dependencies all met for dep_context=requeueable deps ti=<TaskInstance: Kafka_Producer_2.Reddit scheduled__2024-01-20T22:49:21.090358+00:00 [queued]>
[2024-01-20T22:51:26.938+0000] {taskinstance.py:1361} INFO - Starting attempt 1 of 1
[2024-01-20T22:51:26.952+0000] {taskinstance.py:1382} INFO - Executing <Task(PythonOperator): Reddit> on 2024-01-20 22:49:21.090358+00:00
[2024-01-20T22:51:26.956+0000] {standard_task_runner.py:57} INFO - Started process 665 to run task
[2024-01-20T22:51:26.966+0000] {standard_task_runner.py:84} INFO - Running: ['***', 'tasks', 'run', 'Kafka_Producer_2', 'Reddit', 'scheduled__2024-01-20T22:49:21.090358+00:00', '--job-id', '1356', '--raw', '--subdir', 'DAGS_FOLDER/kafka_stream_2.py', '--cfg-path', '/tmp/tmpzr_6upmu']
[2024-01-20T22:51:26.969+0000] {standard_task_runner.py:85} INFO - Job 1356: Subtask Reddit
[2024-01-20T22:51:27.047+0000] {task_command.py:415} INFO - Running <TaskInstance: Kafka_Producer_2.Reddit scheduled__2024-01-20T22:49:21.090358+00:00 [running]> on host 45c5bfab8aa1
[2024-01-20T22:51:27.156+0000] {taskinstance.py:1660} INFO - Exporting env vars: AIRFLOW_CTX_DAG_OWNER='me' AIRFLOW_CTX_DAG_ID='Kafka_Producer_2' AIRFLOW_CTX_TASK_ID='Reddit' AIRFLOW_CTX_EXECUTION_DATE='2024-01-20T22:49:21.090358+00:00' AIRFLOW_CTX_TRY_NUMBER='1' AIRFLOW_CTX_DAG_RUN_ID='scheduled__2024-01-20T22:49:21.090358+00:00'
[2024-01-20T22:51:27.210+0000] {logging_mixin.py:151} INFO -  submission : 
[2024-01-20T22:51:28.181+0000] {logging_mixin.py:151} INFO - @True
[2024-01-20T22:51:28.276+0000] {conn.py:380} INFO - <BrokerConnection node_id=bootstrap-0 host=broker:29092 <connecting> [IPv4 ('172.19.0.8', 29092)]>: connecting to broker:29092 [('172.19.0.8', 29092) IPv4]
[2024-01-20T22:51:28.277+0000] {conn.py:1205} INFO - Probing node bootstrap-0 broker version
[2024-01-20T22:51:28.277+0000] {conn.py:410} INFO - <BrokerConnection node_id=bootstrap-0 host=broker:29092 <connecting> [IPv4 ('172.19.0.8', 29092)]>: Connection complete.
[2024-01-20T22:51:28.380+0000] {conn.py:1267} INFO - Broker version identified as 2.5.0
[2024-01-20T22:51:28.382+0000] {conn.py:1268} INFO - Set configuration api_version=(2, 5, 0) to skip auto check_version requests on startup
[2024-01-20T22:51:28.387+0000] {logging_mixin.py:151} INFO - #False
[2024-01-20T22:51:28.388+0000] {logging_mixin.py:151} INFO - #False
[2024-01-20T22:51:28.389+0000] {logging_mixin.py:151} INFO - #False
[2024-01-20T22:51:28.388+0000] {conn.py:380} INFO - <BrokerConnection node_id=1 host=broker:29092 <connecting> [IPv4 ('172.19.0.8', 29092)]>: connecting to broker:29092 [('172.19.0.8', 29092) IPv4]
[2024-01-20T22:51:28.390+0000] {logging_mixin.py:151} INFO - #False
[2024-01-20T22:51:28.391+0000] {conn.py:410} INFO - <BrokerConnection node_id=1 host=broker:29092 <connecting> [IPv4 ('172.19.0.8', 29092)]>: Connection complete.
[2024-01-20T22:51:28.392+0000] {logging_mixin.py:151} INFO - #False
[2024-01-20T22:51:28.392+0000] {conn.py:919} INFO - <BrokerConnection node_id=bootstrap-0 host=broker:29092 <connected> [IPv4 ('172.19.0.8', 29092)]>: Closing connection. 
[2024-01-20T22:51:28.393+0000] {logging_mixin.py:151} INFO - #False
[2024-01-20T22:51:28.395+0000] {logging_mixin.py:151} INFO - #False
[2024-01-20T22:51:28.395+0000] {logging_mixin.py:151} INFO - #False
[2024-01-20T22:51:28.396+0000] {logging_mixin.py:151} INFO - #False
[2024-01-20T22:51:28.396+0000] {logging_mixin.py:151} INFO - #False
[2024-01-20T22:51:28.397+0000] {logging_mixin.py:151} INFO - #False
[2024-01-20T22:51:28.397+0000] {logging_mixin.py:151} INFO - #False
[2024-01-20T22:51:28.398+0000] {logging_mixin.py:151} INFO - #False
[2024-01-20T22:51:28.398+0000] {logging_mixin.py:151} INFO - #False
[2024-01-20T22:51:28.399+0000] {logging_mixin.py:151} INFO - #False
[2024-01-20T22:51:28.399+0000] {logging_mixin.py:151} INFO - #False
[2024-01-20T22:51:28.400+0000] {logging_mixin.py:151} INFO - #False
[2024-01-20T22:51:28.401+0000] {logging_mixin.py:151} INFO - #False
[2024-01-20T22:51:28.401+0000] {logging_mixin.py:151} INFO - #False
[2024-01-20T22:51:28.402+0000] {logging_mixin.py:151} INFO - #False
[2024-01-20T22:51:28.402+0000] {logging_mixin.py:151} INFO - #False
[2024-01-20T22:51:28.403+0000] {logging_mixin.py:151} INFO - #False
[2024-01-20T22:51:28.403+0000] {logging_mixin.py:151} INFO - #False
[2024-01-20T22:51:28.403+0000] {logging_mixin.py:151} INFO - #False
[2024-01-20T22:51:28.404+0000] {logging_mixin.py:151} INFO - #False
[2024-01-20T22:51:28.404+0000] {logging_mixin.py:151} INFO - #False
[2024-01-20T22:51:28.404+0000] {logging_mixin.py:151} INFO - #False
[2024-01-20T22:51:28.405+0000] {logging_mixin.py:151} INFO - #False
[2024-01-20T22:51:28.409+0000] {logging_mixin.py:151} INFO - #False
[2024-01-20T22:51:28.409+0000] {logging_mixin.py:151} INFO -  submission : 
[2024-01-20T22:51:29.047+0000] {logging_mixin.py:151} INFO - #False
[2024-01-20T22:51:29.047+0000] {logging_mixin.py:151} INFO - #False
[2024-01-20T22:51:29.048+0000] {logging_mixin.py:151} INFO - #False
[2024-01-20T22:51:29.048+0000] {logging_mixin.py:151} INFO - #False
[2024-01-20T22:51:29.048+0000] {logging_mixin.py:151} INFO - #False
[2024-01-20T22:51:29.049+0000] {logging_mixin.py:151} INFO - #False
[2024-01-20T22:51:29.049+0000] {logging_mixin.py:151} INFO - #False
[2024-01-20T22:51:29.049+0000] {logging_mixin.py:151} INFO - #False
[2024-01-20T22:51:29.049+0000] {logging_mixin.py:151} INFO - #False
[2024-01-20T22:51:29.050+0000] {logging_mixin.py:151} INFO - #False
[2024-01-20T22:51:29.050+0000] {logging_mixin.py:151} INFO - #False
[2024-01-20T22:51:29.050+0000] {logging_mixin.py:151} INFO - #False
[2024-01-20T22:51:29.050+0000] {logging_mixin.py:151} INFO - #False
[2024-01-20T22:51:29.051+0000] {logging_mixin.py:151} INFO - #False
[2024-01-20T22:51:29.051+0000] {logging_mixin.py:151} INFO - #False
[2024-01-20T22:51:29.051+0000] {logging_mixin.py:151} INFO - #False
[2024-01-20T22:51:29.051+0000] {logging_mixin.py:151} INFO - #False
[2024-01-20T22:51:29.052+0000] {logging_mixin.py:151} INFO - #False
[2024-01-20T22:51:29.052+0000] {logging_mixin.py:151} INFO - #False
[2024-01-20T22:51:29.052+0000] {logging_mixin.py:151} INFO - #False
[2024-01-20T22:51:29.053+0000] {logging_mixin.py:151} INFO - #False
[2024-01-20T22:51:29.053+0000] {logging_mixin.py:151} INFO - #False
[2024-01-20T22:51:29.053+0000] {logging_mixin.py:151} INFO - #False
[2024-01-20T22:51:29.054+0000] {logging_mixin.py:151} INFO - #False
[2024-01-20T22:51:29.054+0000] {logging_mixin.py:151} INFO - #False
[2024-01-20T22:51:29.054+0000] {logging_mixin.py:151} INFO - #False
[2024-01-20T22:51:29.054+0000] {logging_mixin.py:151} INFO - #False
[2024-01-20T22:51:29.055+0000] {logging_mixin.py:151} INFO - #False
[2024-01-20T22:51:29.055+0000] {logging_mixin.py:151} INFO - #False
[2024-01-20T22:51:29.055+0000] {logging_mixin.py:151} INFO - #False
[2024-01-20T22:51:29.057+0000] {logging_mixin.py:151} INFO -  submission : 
[2024-01-20T22:51:29.696+0000] {logging_mixin.py:151} INFO - #False
[2024-01-20T22:51:29.696+0000] {logging_mixin.py:151} INFO - #False
[2024-01-20T22:51:29.697+0000] {logging_mixin.py:151} INFO - #False
[2024-01-20T22:51:29.697+0000] {logging_mixin.py:151} INFO - #False
[2024-01-20T22:51:29.698+0000] {logging_mixin.py:151} INFO - #False
[2024-01-20T22:51:29.698+0000] {logging_mixin.py:151} INFO - #False
[2024-01-20T22:51:29.698+0000] {logging_mixin.py:151} INFO - #False
[2024-01-20T22:51:29.699+0000] {logging_mixin.py:151} INFO - #False
[2024-01-20T22:51:29.699+0000] {logging_mixin.py:151} INFO - #False
[2024-01-20T22:51:29.699+0000] {logging_mixin.py:151} INFO - #False
[2024-01-20T22:51:29.699+0000] {logging_mixin.py:151} INFO - #False
[2024-01-20T22:51:29.700+0000] {logging_mixin.py:151} INFO - #False
[2024-01-20T22:51:29.700+0000] {logging_mixin.py:151} INFO - #False
[2024-01-20T22:51:29.700+0000] {logging_mixin.py:151} INFO - #False
[2024-01-20T22:51:29.700+0000] {logging_mixin.py:151} INFO - #False
[2024-01-20T22:51:29.701+0000] {logging_mixin.py:151} INFO - #False
[2024-01-20T22:51:29.701+0000] {logging_mixin.py:151} INFO - #False
[2024-01-20T22:51:29.701+0000] {logging_mixin.py:151} INFO - #False
[2024-01-20T22:51:29.702+0000] {logging_mixin.py:151} INFO - #False
[2024-01-20T22:51:29.702+0000] {logging_mixin.py:151} INFO - #False
[2024-01-20T22:51:29.702+0000] {logging_mixin.py:151} INFO - #False
[2024-01-20T22:51:29.702+0000] {logging_mixin.py:151} INFO - #False
[2024-01-20T22:51:29.702+0000] {logging_mixin.py:151} INFO - #False
[2024-01-20T22:51:29.703+0000] {logging_mixin.py:151} INFO - #False
[2024-01-20T22:51:29.703+0000] {logging_mixin.py:151} INFO - #False
[2024-01-20T22:51:29.703+0000] {logging_mixin.py:151} INFO - #False
[2024-01-20T22:51:29.703+0000] {logging_mixin.py:151} INFO - #False
[2024-01-20T22:51:29.704+0000] {logging_mixin.py:151} INFO - #False
[2024-01-20T22:51:29.704+0000] {logging_mixin.py:151} INFO - #False
[2024-01-20T22:51:29.704+0000] {logging_mixin.py:151} INFO - #False
[2024-01-20T22:51:29.704+0000] {logging_mixin.py:151} INFO -  submission : 
[2024-01-20T22:51:30.221+0000] {logging_mixin.py:151} INFO - #False
[2024-01-20T22:51:30.222+0000] {logging_mixin.py:151} INFO - #False
[2024-01-20T22:51:30.222+0000] {logging_mixin.py:151} INFO - #False
[2024-01-20T22:51:30.222+0000] {logging_mixin.py:151} INFO - #False
[2024-01-20T22:51:30.223+0000] {logging_mixin.py:151} INFO - #False
[2024-01-20T22:51:30.223+0000] {logging_mixin.py:151} INFO - #False
[2024-01-20T22:51:30.223+0000] {logging_mixin.py:151} INFO - #False
[2024-01-20T22:51:30.224+0000] {logging_mixin.py:151} INFO - #False
[2024-01-20T22:51:30.224+0000] {logging_mixin.py:151} INFO - #False
[2024-01-20T22:51:30.224+0000] {logging_mixin.py:151} INFO - #False
[2024-01-20T22:51:30.224+0000] {logging_mixin.py:151} INFO - #False
[2024-01-20T22:51:30.225+0000] {logging_mixin.py:151} INFO - #False
[2024-01-20T22:51:30.225+0000] {logging_mixin.py:151} INFO - #False
[2024-01-20T22:51:30.225+0000] {logging_mixin.py:151} INFO - #False
[2024-01-20T22:51:30.225+0000] {logging_mixin.py:151} INFO - #False
[2024-01-20T22:51:30.225+0000] {logging_mixin.py:151} INFO - #False
[2024-01-20T22:51:30.226+0000] {logging_mixin.py:151} INFO - #False
[2024-01-20T22:51:30.226+0000] {logging_mixin.py:151} INFO - #False
[2024-01-20T22:51:30.226+0000] {logging_mixin.py:151} INFO - #False
[2024-01-20T22:51:30.226+0000] {logging_mixin.py:151} INFO - #False
[2024-01-20T22:51:30.227+0000] {logging_mixin.py:151} INFO - #False
[2024-01-20T22:51:30.227+0000] {logging_mixin.py:151} INFO - #False
[2024-01-20T22:51:30.227+0000] {logging_mixin.py:151} INFO - #False
[2024-01-20T22:51:30.227+0000] {logging_mixin.py:151} INFO - #False
[2024-01-20T22:51:30.228+0000] {logging_mixin.py:151} INFO - #False
[2024-01-20T22:51:30.228+0000] {logging_mixin.py:151} INFO - #False
[2024-01-20T22:51:30.228+0000] {logging_mixin.py:151} INFO - #False
[2024-01-20T22:51:30.228+0000] {logging_mixin.py:151} INFO - #False
[2024-01-20T22:51:30.229+0000] {logging_mixin.py:151} INFO - #False
[2024-01-20T22:51:30.229+0000] {logging_mixin.py:151} INFO - #False
[2024-01-20T22:51:30.229+0000] {logging_mixin.py:151} INFO -  submission : 
[2024-01-20T22:51:30.923+0000] {logging_mixin.py:151} INFO - #False
[2024-01-20T22:51:30.924+0000] {logging_mixin.py:151} INFO - #False
[2024-01-20T22:51:30.924+0000] {logging_mixin.py:151} INFO - #False
[2024-01-20T22:51:30.925+0000] {logging_mixin.py:151} INFO - #False
[2024-01-20T22:51:30.925+0000] {logging_mixin.py:151} INFO - #False
[2024-01-20T22:51:30.926+0000] {logging_mixin.py:151} INFO - #False
[2024-01-20T22:51:30.926+0000] {logging_mixin.py:151} INFO - #False
[2024-01-20T22:51:30.927+0000] {logging_mixin.py:151} INFO - #False
[2024-01-20T22:51:30.927+0000] {logging_mixin.py:151} INFO - #False
[2024-01-20T22:51:30.927+0000] {logging_mixin.py:151} INFO - #False
[2024-01-20T22:51:30.928+0000] {logging_mixin.py:151} INFO - #False
[2024-01-20T22:51:30.928+0000] {logging_mixin.py:151} INFO - #False
[2024-01-20T22:51:30.928+0000] {logging_mixin.py:151} INFO - #False
[2024-01-20T22:51:30.929+0000] {logging_mixin.py:151} INFO - #False
[2024-01-20T22:51:30.929+0000] {logging_mixin.py:151} INFO - #False
[2024-01-20T22:51:30.930+0000] {logging_mixin.py:151} INFO - #False
[2024-01-20T22:51:30.930+0000] {logging_mixin.py:151} INFO - #False
[2024-01-20T22:51:30.930+0000] {logging_mixin.py:151} INFO - #False
[2024-01-20T22:51:30.931+0000] {logging_mixin.py:151} INFO - #False
[2024-01-20T22:51:30.931+0000] {logging_mixin.py:151} INFO - #False
[2024-01-20T22:51:30.931+0000] {logging_mixin.py:151} INFO - #False
[2024-01-20T22:51:30.932+0000] {logging_mixin.py:151} INFO - #False
[2024-01-20T22:51:30.932+0000] {logging_mixin.py:151} INFO - #False
[2024-01-20T22:51:30.932+0000] {logging_mixin.py:151} INFO - #False
[2024-01-20T22:51:30.932+0000] {logging_mixin.py:151} INFO - #False
[2024-01-20T22:51:30.932+0000] {logging_mixin.py:151} INFO - #False
[2024-01-20T22:51:30.933+0000] {logging_mixin.py:151} INFO - #False
[2024-01-20T22:51:30.933+0000] {logging_mixin.py:151} INFO - #False
[2024-01-20T22:51:30.934+0000] {logging_mixin.py:151} INFO - #False
[2024-01-20T22:51:30.936+0000] {logging_mixin.py:151} INFO - #False
[2024-01-20T22:51:30.936+0000] {logging_mixin.py:151} INFO -  submission : 
[2024-01-20T22:51:31.515+0000] {logging_mixin.py:151} INFO - #False
[2024-01-20T22:51:31.516+0000] {logging_mixin.py:151} INFO - #False
[2024-01-20T22:51:31.516+0000] {logging_mixin.py:151} INFO - #False
[2024-01-20T22:51:31.517+0000] {logging_mixin.py:151} INFO - #False
[2024-01-20T22:51:31.517+0000] {logging_mixin.py:151} INFO - #False
[2024-01-20T22:51:31.517+0000] {logging_mixin.py:151} INFO - #False
[2024-01-20T22:51:31.517+0000] {logging_mixin.py:151} INFO - #False
[2024-01-20T22:51:31.517+0000] {logging_mixin.py:151} INFO - #False
[2024-01-20T22:51:31.518+0000] {logging_mixin.py:151} INFO - #False
[2024-01-20T22:51:31.518+0000] {logging_mixin.py:151} INFO - #False
[2024-01-20T22:51:31.519+0000] {logging_mixin.py:151} INFO - #False
[2024-01-20T22:51:31.519+0000] {logging_mixin.py:151} INFO - #False
[2024-01-20T22:51:31.520+0000] {logging_mixin.py:151} INFO - #False
[2024-01-20T22:51:31.520+0000] {logging_mixin.py:151} INFO - #False
[2024-01-20T22:51:31.521+0000] {logging_mixin.py:151} INFO - #False
[2024-01-20T22:51:31.521+0000] {logging_mixin.py:151} INFO - #False
[2024-01-20T22:51:31.521+0000] {logging_mixin.py:151} INFO - #False
[2024-01-20T22:51:31.522+0000] {logging_mixin.py:151} INFO - #False
[2024-01-20T22:51:31.522+0000] {logging_mixin.py:151} INFO - #False
[2024-01-20T22:51:31.522+0000] {logging_mixin.py:151} INFO - #False
[2024-01-20T22:51:31.523+0000] {logging_mixin.py:151} INFO - #False
[2024-01-20T22:51:31.523+0000] {logging_mixin.py:151} INFO - #False
[2024-01-20T22:51:31.524+0000] {logging_mixin.py:151} INFO - #False
[2024-01-20T22:51:31.524+0000] {logging_mixin.py:151} INFO - #False
[2024-01-20T22:51:31.524+0000] {logging_mixin.py:151} INFO - #False
[2024-01-20T22:51:31.524+0000] {logging_mixin.py:151} INFO - #False
[2024-01-20T22:51:31.525+0000] {logging_mixin.py:151} INFO - #False
[2024-01-20T22:51:31.525+0000] {logging_mixin.py:151} INFO - #False
[2024-01-20T22:51:31.525+0000] {logging_mixin.py:151} INFO - #False
[2024-01-20T22:51:31.526+0000] {logging_mixin.py:151} INFO - #False
[2024-01-20T22:51:31.526+0000] {logging_mixin.py:151} INFO -  submission : 
[2024-01-20T22:51:32.119+0000] {logging_mixin.py:151} INFO - @True
[2024-01-20T22:51:32.120+0000] {conn.py:380} INFO - <BrokerConnection node_id=bootstrap-0 host=broker:29092 <connecting> [IPv4 ('172.19.0.8', 29092)]>: connecting to broker:29092 [('172.19.0.8', 29092) IPv4]
[2024-01-20T22:51:32.121+0000] {conn.py:1205} INFO - Probing node bootstrap-0 broker version
[2024-01-20T22:51:32.122+0000] {conn.py:410} INFO - <BrokerConnection node_id=bootstrap-0 host=broker:29092 <connecting> [IPv4 ('172.19.0.8', 29092)]>: Connection complete.
[2024-01-20T22:51:32.227+0000] {conn.py:1267} INFO - Broker version identified as 2.5.0
[2024-01-20T22:51:32.227+0000] {conn.py:1268} INFO - Set configuration api_version=(2, 5, 0) to skip auto check_version requests on startup
[2024-01-20T22:51:32.230+0000] {conn.py:919} INFO - <BrokerConnection node_id=1 host=broker:29092 <connected> [IPv4 ('172.19.0.8', 29092)]>: Closing connection. 
[2024-01-20T22:51:32.233+0000] {logging_mixin.py:151} INFO - #False
[2024-01-20T22:51:32.234+0000] {logging_mixin.py:151} INFO - #False
[2024-01-20T22:51:32.234+0000] {conn.py:380} INFO - <BrokerConnection node_id=1 host=broker:29092 <connecting> [IPv4 ('172.19.0.8', 29092)]>: connecting to broker:29092 [('172.19.0.8', 29092) IPv4]
[2024-01-20T22:51:32.234+0000] {logging_mixin.py:151} INFO - #False
[2024-01-20T22:51:32.235+0000] {conn.py:410} INFO - <BrokerConnection node_id=1 host=broker:29092 <connecting> [IPv4 ('172.19.0.8', 29092)]>: Connection complete.
[2024-01-20T22:51:32.235+0000] {logging_mixin.py:151} INFO - #False
[2024-01-20T22:51:32.238+0000] {conn.py:919} INFO - <BrokerConnection node_id=bootstrap-0 host=broker:29092 <connected> [IPv4 ('172.19.0.8', 29092)]>: Closing connection. 
[2024-01-20T22:51:32.240+0000] {logging_mixin.py:151} INFO - #False
[2024-01-20T22:51:32.242+0000] {logging_mixin.py:151} INFO - #False
[2024-01-20T22:51:32.242+0000] {logging_mixin.py:151} INFO - #False
[2024-01-20T22:51:32.243+0000] {logging_mixin.py:151} INFO - #False
[2024-01-20T22:51:32.244+0000] {logging_mixin.py:151} INFO - #False
[2024-01-20T22:51:32.244+0000] {logging_mixin.py:151} INFO - #False
[2024-01-20T22:51:32.245+0000] {logging_mixin.py:151} INFO - #False
[2024-01-20T22:51:32.245+0000] {logging_mixin.py:151} INFO - #False
[2024-01-20T22:51:32.246+0000] {logging_mixin.py:151} INFO - #False
[2024-01-20T22:51:32.246+0000] {logging_mixin.py:151} INFO - #False
[2024-01-20T22:51:32.247+0000] {logging_mixin.py:151} INFO - #False
[2024-01-20T22:51:32.247+0000] {logging_mixin.py:151} INFO - #False
[2024-01-20T22:51:32.247+0000] {logging_mixin.py:151} INFO - #False
[2024-01-20T22:51:32.247+0000] {logging_mixin.py:151} INFO - #False
[2024-01-20T22:51:32.248+0000] {logging_mixin.py:151} INFO - #False
[2024-01-20T22:51:32.248+0000] {logging_mixin.py:151} INFO - #False
[2024-01-20T22:51:32.248+0000] {logging_mixin.py:151} INFO - #False
[2024-01-20T22:51:32.249+0000] {logging_mixin.py:151} INFO - #False
[2024-01-20T22:51:32.249+0000] {logging_mixin.py:151} INFO - #False
[2024-01-20T22:51:32.249+0000] {logging_mixin.py:151} INFO - #False
[2024-01-20T22:51:32.250+0000] {logging_mixin.py:151} INFO - #False
[2024-01-20T22:51:32.250+0000] {logging_mixin.py:151} INFO - #False
[2024-01-20T22:51:32.250+0000] {logging_mixin.py:151} INFO - #False
[2024-01-20T22:51:32.250+0000] {logging_mixin.py:151} INFO - #False
[2024-01-20T22:51:32.251+0000] {logging_mixin.py:151} INFO - #False
[2024-01-20T22:51:32.251+0000] {logging_mixin.py:151} INFO -  submission : 
[2024-01-20T22:51:32.939+0000] {logging_mixin.py:151} INFO - #False
[2024-01-20T22:51:32.940+0000] {logging_mixin.py:151} INFO - #False
[2024-01-20T22:51:32.941+0000] {logging_mixin.py:151} INFO - #False
[2024-01-20T22:51:32.941+0000] {logging_mixin.py:151} INFO - #False
[2024-01-20T22:51:32.941+0000] {logging_mixin.py:151} INFO - #False
[2024-01-20T22:51:32.942+0000] {logging_mixin.py:151} INFO - #False
[2024-01-20T22:51:32.942+0000] {logging_mixin.py:151} INFO - #False
[2024-01-20T22:51:32.942+0000] {logging_mixin.py:151} INFO - #False
[2024-01-20T22:51:32.943+0000] {logging_mixin.py:151} INFO - #False
[2024-01-20T22:51:32.943+0000] {logging_mixin.py:151} INFO - #False
[2024-01-20T22:51:32.943+0000] {logging_mixin.py:151} INFO - #False
[2024-01-20T22:51:32.944+0000] {logging_mixin.py:151} INFO - #False
[2024-01-20T22:51:32.944+0000] {logging_mixin.py:151} INFO - #False
[2024-01-20T22:51:32.944+0000] {logging_mixin.py:151} INFO - #False
[2024-01-20T22:51:32.944+0000] {logging_mixin.py:151} INFO - #False
[2024-01-20T22:51:32.945+0000] {logging_mixin.py:151} INFO - #False
[2024-01-20T22:51:32.945+0000] {logging_mixin.py:151} INFO - #False
[2024-01-20T22:51:32.945+0000] {logging_mixin.py:151} INFO - #False
[2024-01-20T22:51:32.945+0000] {logging_mixin.py:151} INFO - #False
[2024-01-20T22:51:32.945+0000] {logging_mixin.py:151} INFO - #False
[2024-01-20T22:51:32.946+0000] {logging_mixin.py:151} INFO - #False
[2024-01-20T22:51:32.946+0000] {logging_mixin.py:151} INFO - #False
[2024-01-20T22:51:32.946+0000] {logging_mixin.py:151} INFO - #False
[2024-01-20T22:51:32.946+0000] {logging_mixin.py:151} INFO - #False
[2024-01-20T22:51:32.947+0000] {logging_mixin.py:151} INFO - #False
[2024-01-20T22:51:32.947+0000] {logging_mixin.py:151} INFO - #False
[2024-01-20T22:51:32.947+0000] {logging_mixin.py:151} INFO - #False
[2024-01-20T22:51:32.948+0000] {logging_mixin.py:151} INFO - #False
[2024-01-20T22:51:32.948+0000] {logging_mixin.py:151} INFO - #False
[2024-01-20T22:51:32.948+0000] {logging_mixin.py:151} INFO - #False
[2024-01-20T22:51:32.949+0000] {conn.py:919} INFO - <BrokerConnection node_id=1 host=broker:29092 <connected> [IPv4 ('172.19.0.8', 29092)]>: Closing connection. 
[2024-01-20T22:51:32.949+0000] {python.py:194} INFO - Done. Returned value was: None
[2024-01-20T22:51:32.957+0000] {taskinstance.py:1400} INFO - Marking task as SUCCESS. dag_id=Kafka_Producer_2, task_id=Reddit, execution_date=20240120T224921, start_date=20240120T225126, end_date=20240120T225132
[2024-01-20T22:51:32.989+0000] {local_task_job_runner.py:228} INFO - Task exited with return code 0
[2024-01-20T22:51:33.003+0000] {taskinstance.py:2784} INFO - 0 downstream tasks scheduled from follow-on schedule check
