[2024-01-20T08:30:28.623+0000] {taskinstance.py:1159} INFO - Dependencies all met for dep_context=non-requeueable deps ti=<TaskInstance: Kafka_Producer_4.Reddit scheduled__2024-01-20T08:28:24.226607+00:00 [queued]>
[2024-01-20T08:30:28.684+0000] {taskinstance.py:1159} INFO - Dependencies all met for dep_context=requeueable deps ti=<TaskInstance: Kafka_Producer_4.Reddit scheduled__2024-01-20T08:28:24.226607+00:00 [queued]>
[2024-01-20T08:30:28.684+0000] {taskinstance.py:1361} INFO - Starting attempt 1 of 1
[2024-01-20T08:30:28.695+0000] {taskinstance.py:1382} INFO - Executing <Task(PythonOperator): Reddit> on 2024-01-20 08:28:24.226607+00:00
[2024-01-20T08:30:28.698+0000] {standard_task_runner.py:57} INFO - Started process 1508 to run task
[2024-01-20T08:30:28.699+0000] {standard_task_runner.py:84} INFO - Running: ['***', 'tasks', 'run', 'Kafka_Producer_4', 'Reddit', 'scheduled__2024-01-20T08:28:24.226607+00:00', '--job-id', '1078', '--raw', '--subdir', 'DAGS_FOLDER/kafka_stream_4.py', '--cfg-path', '/tmp/tmpffev345o']
[2024-01-20T08:30:28.701+0000] {standard_task_runner.py:85} INFO - Job 1078: Subtask Reddit
[2024-01-20T08:30:28.739+0000] {task_command.py:415} INFO - Running <TaskInstance: Kafka_Producer_4.Reddit scheduled__2024-01-20T08:28:24.226607+00:00 [running]> on host 45c5bfab8aa1
[2024-01-20T08:30:28.802+0000] {taskinstance.py:1660} INFO - Exporting env vars: AIRFLOW_CTX_DAG_OWNER='me' AIRFLOW_CTX_DAG_ID='Kafka_Producer_4' AIRFLOW_CTX_TASK_ID='Reddit' AIRFLOW_CTX_EXECUTION_DATE='2024-01-20T08:28:24.226607+00:00' AIRFLOW_CTX_TRY_NUMBER='1' AIRFLOW_CTX_DAG_RUN_ID='scheduled__2024-01-20T08:28:24.226607+00:00'
[2024-01-20T08:30:28.831+0000] {logging_mixin.py:151} INFO -  submission : 
[2024-01-20T08:30:29.735+0000] {logging_mixin.py:151} INFO - #False
[2024-01-20T08:30:29.735+0000] {logging_mixin.py:151} INFO - #False
[2024-01-20T08:30:29.736+0000] {logging_mixin.py:151} INFO - #False
[2024-01-20T08:30:29.737+0000] {logging_mixin.py:151} INFO - #False
[2024-01-20T08:30:29.737+0000] {logging_mixin.py:151} INFO - #False
[2024-01-20T08:30:29.738+0000] {logging_mixin.py:151} INFO - #False
[2024-01-20T08:30:29.738+0000] {logging_mixin.py:151} INFO - #False
[2024-01-20T08:30:29.738+0000] {logging_mixin.py:151} INFO - #False
[2024-01-20T08:30:29.739+0000] {logging_mixin.py:151} INFO - #False
[2024-01-20T08:30:29.739+0000] {logging_mixin.py:151} INFO - #False
[2024-01-20T08:30:29.740+0000] {logging_mixin.py:151} INFO - #False
[2024-01-20T08:30:29.740+0000] {logging_mixin.py:151} INFO - #False
[2024-01-20T08:30:29.740+0000] {logging_mixin.py:151} INFO - #False
[2024-01-20T08:30:29.741+0000] {logging_mixin.py:151} INFO - #False
[2024-01-20T08:30:29.741+0000] {logging_mixin.py:151} INFO - #False
[2024-01-20T08:30:29.742+0000] {logging_mixin.py:151} INFO - #False
[2024-01-20T08:30:29.742+0000] {logging_mixin.py:151} INFO - #False
[2024-01-20T08:30:29.743+0000] {logging_mixin.py:151} INFO - #False
[2024-01-20T08:30:29.743+0000] {logging_mixin.py:151} INFO - #False
[2024-01-20T08:30:29.743+0000] {logging_mixin.py:151} INFO - #False
[2024-01-20T08:30:29.743+0000] {logging_mixin.py:151} INFO - #False
[2024-01-20T08:30:29.744+0000] {logging_mixin.py:151} INFO - #False
[2024-01-20T08:30:29.744+0000] {logging_mixin.py:151} INFO - #False
[2024-01-20T08:30:29.744+0000] {logging_mixin.py:151} INFO - #False
[2024-01-20T08:30:29.744+0000] {logging_mixin.py:151} INFO - #False
[2024-01-20T08:30:29.745+0000] {logging_mixin.py:151} INFO - #False
[2024-01-20T08:30:29.745+0000] {logging_mixin.py:151} INFO - #False
[2024-01-20T08:30:29.746+0000] {logging_mixin.py:151} INFO - #False
[2024-01-20T08:30:29.746+0000] {logging_mixin.py:151} INFO - #False
[2024-01-20T08:30:29.746+0000] {logging_mixin.py:151} INFO - #False
[2024-01-20T08:30:29.746+0000] {logging_mixin.py:151} INFO -  submission : 
[2024-01-20T08:30:30.415+0000] {logging_mixin.py:151} INFO - #False
[2024-01-20T08:30:30.416+0000] {logging_mixin.py:151} INFO - #False
[2024-01-20T08:30:30.416+0000] {logging_mixin.py:151} INFO - #False
[2024-01-20T08:30:30.417+0000] {logging_mixin.py:151} INFO - #False
[2024-01-20T08:30:30.418+0000] {logging_mixin.py:151} INFO - #False
[2024-01-20T08:30:30.418+0000] {logging_mixin.py:151} INFO - #False
[2024-01-20T08:30:30.419+0000] {logging_mixin.py:151} INFO - #False
[2024-01-20T08:30:30.419+0000] {logging_mixin.py:151} INFO - #False
[2024-01-20T08:30:30.420+0000] {logging_mixin.py:151} INFO - #False
[2024-01-20T08:30:30.420+0000] {logging_mixin.py:151} INFO - #False
[2024-01-20T08:30:30.421+0000] {logging_mixin.py:151} INFO - #False
[2024-01-20T08:30:30.421+0000] {logging_mixin.py:151} INFO - #False
[2024-01-20T08:30:30.421+0000] {logging_mixin.py:151} INFO - #False
[2024-01-20T08:30:30.421+0000] {logging_mixin.py:151} INFO - #False
[2024-01-20T08:30:30.422+0000] {logging_mixin.py:151} INFO - #False
[2024-01-20T08:30:30.422+0000] {logging_mixin.py:151} INFO - #False
[2024-01-20T08:30:30.422+0000] {logging_mixin.py:151} INFO - #False
[2024-01-20T08:30:30.422+0000] {logging_mixin.py:151} INFO - #False
[2024-01-20T08:30:30.423+0000] {logging_mixin.py:151} INFO - #False
[2024-01-20T08:30:30.424+0000] {logging_mixin.py:151} INFO - #False
[2024-01-20T08:30:30.424+0000] {logging_mixin.py:151} INFO - #False
[2024-01-20T08:30:30.424+0000] {logging_mixin.py:151} INFO - #False
[2024-01-20T08:30:30.424+0000] {logging_mixin.py:151} INFO - #False
[2024-01-20T08:30:30.425+0000] {logging_mixin.py:151} INFO - #False
[2024-01-20T08:30:30.425+0000] {logging_mixin.py:151} INFO - #False
[2024-01-20T08:30:30.425+0000] {logging_mixin.py:151} INFO - #False
[2024-01-20T08:30:30.425+0000] {logging_mixin.py:151} INFO - #False
[2024-01-20T08:30:30.426+0000] {logging_mixin.py:151} INFO - #False
[2024-01-20T08:30:30.426+0000] {logging_mixin.py:151} INFO - #False
[2024-01-20T08:30:30.426+0000] {logging_mixin.py:151} INFO - #False
[2024-01-20T08:30:30.426+0000] {logging_mixin.py:151} INFO -  submission : 
[2024-01-20T08:30:31.000+0000] {logging_mixin.py:151} INFO - @True
[2024-01-20T08:30:31.002+0000] {conn.py:380} INFO - <BrokerConnection node_id=bootstrap-0 host=broker:29092 <connecting> [IPv4 ('172.19.0.8', 29092)]>: connecting to broker:29092 [('172.19.0.8', 29092) IPv4]
[2024-01-20T08:30:31.003+0000] {conn.py:1205} INFO - Probing node bootstrap-0 broker version
[2024-01-20T08:30:31.004+0000] {conn.py:410} INFO - <BrokerConnection node_id=bootstrap-0 host=broker:29092 <connecting> [IPv4 ('172.19.0.8', 29092)]>: Connection complete.
[2024-01-20T08:30:31.106+0000] {conn.py:1267} INFO - Broker version identified as 2.5.0
[2024-01-20T08:30:31.107+0000] {conn.py:1268} INFO - Set configuration api_version=(2, 5, 0) to skip auto check_version requests on startup
[2024-01-20T08:30:31.110+0000] {logging_mixin.py:151} INFO - #False
[2024-01-20T08:30:31.111+0000] {logging_mixin.py:151} INFO - #False
[2024-01-20T08:30:31.111+0000] {conn.py:380} INFO - <BrokerConnection node_id=1 host=broker:29092 <connecting> [IPv4 ('172.19.0.8', 29092)]>: connecting to broker:29092 [('172.19.0.8', 29092) IPv4]
[2024-01-20T08:30:31.112+0000] {logging_mixin.py:151} INFO - #False
[2024-01-20T08:30:31.112+0000] {conn.py:410} INFO - <BrokerConnection node_id=1 host=broker:29092 <connecting> [IPv4 ('172.19.0.8', 29092)]>: Connection complete.
[2024-01-20T08:30:31.112+0000] {logging_mixin.py:151} INFO - #False
[2024-01-20T08:30:31.113+0000] {conn.py:919} INFO - <BrokerConnection node_id=bootstrap-0 host=broker:29092 <connected> [IPv4 ('172.19.0.8', 29092)]>: Closing connection. 
[2024-01-20T08:30:31.113+0000] {logging_mixin.py:151} INFO - #False
[2024-01-20T08:30:31.114+0000] {logging_mixin.py:151} INFO - #False
[2024-01-20T08:30:31.115+0000] {logging_mixin.py:151} INFO - #False
[2024-01-20T08:30:31.115+0000] {logging_mixin.py:151} INFO - #False
[2024-01-20T08:30:31.115+0000] {logging_mixin.py:151} INFO - #False
[2024-01-20T08:30:31.116+0000] {logging_mixin.py:151} INFO - #False
[2024-01-20T08:30:31.116+0000] {logging_mixin.py:151} INFO - #False
[2024-01-20T08:30:31.116+0000] {logging_mixin.py:151} INFO - #False
[2024-01-20T08:30:31.116+0000] {logging_mixin.py:151} INFO - #False
[2024-01-20T08:30:31.117+0000] {logging_mixin.py:151} INFO - #False
[2024-01-20T08:30:31.117+0000] {logging_mixin.py:151} INFO - #False
[2024-01-20T08:30:31.117+0000] {logging_mixin.py:151} INFO - #False
[2024-01-20T08:30:31.117+0000] {logging_mixin.py:151} INFO - #False
[2024-01-20T08:30:31.118+0000] {logging_mixin.py:151} INFO - #False
[2024-01-20T08:30:31.118+0000] {logging_mixin.py:151} INFO - #False
[2024-01-20T08:30:31.118+0000] {logging_mixin.py:151} INFO - #False
[2024-01-20T08:30:31.118+0000] {logging_mixin.py:151} INFO - #False
[2024-01-20T08:30:31.119+0000] {logging_mixin.py:151} INFO - #False
[2024-01-20T08:30:31.119+0000] {logging_mixin.py:151} INFO - #False
[2024-01-20T08:30:31.119+0000] {logging_mixin.py:151} INFO - #False
[2024-01-20T08:30:31.120+0000] {logging_mixin.py:151} INFO - #False
[2024-01-20T08:30:31.120+0000] {logging_mixin.py:151} INFO - #False
[2024-01-20T08:30:31.120+0000] {logging_mixin.py:151} INFO - #False
[2024-01-20T08:30:31.121+0000] {logging_mixin.py:151} INFO - #False
[2024-01-20T08:30:31.121+0000] {logging_mixin.py:151} INFO - #False
[2024-01-20T08:30:31.121+0000] {logging_mixin.py:151} INFO -  submission : 
[2024-01-20T08:30:31.638+0000] {logging_mixin.py:151} INFO - #False
[2024-01-20T08:30:31.638+0000] {logging_mixin.py:151} INFO - #False
[2024-01-20T08:30:31.639+0000] {logging_mixin.py:151} INFO - #False
[2024-01-20T08:30:31.639+0000] {logging_mixin.py:151} INFO - #False
[2024-01-20T08:30:31.639+0000] {logging_mixin.py:151} INFO - #False
[2024-01-20T08:30:31.640+0000] {logging_mixin.py:151} INFO - #False
[2024-01-20T08:30:31.640+0000] {logging_mixin.py:151} INFO - #False
[2024-01-20T08:30:31.640+0000] {logging_mixin.py:151} INFO - #False
[2024-01-20T08:30:31.640+0000] {logging_mixin.py:151} INFO - #False
[2024-01-20T08:30:31.640+0000] {logging_mixin.py:151} INFO - #False
[2024-01-20T08:30:31.641+0000] {logging_mixin.py:151} INFO - #False
[2024-01-20T08:30:31.641+0000] {logging_mixin.py:151} INFO - #False
[2024-01-20T08:30:31.641+0000] {logging_mixin.py:151} INFO - #False
[2024-01-20T08:30:31.641+0000] {logging_mixin.py:151} INFO - #False
[2024-01-20T08:30:31.642+0000] {logging_mixin.py:151} INFO - #False
[2024-01-20T08:30:31.642+0000] {logging_mixin.py:151} INFO - #False
[2024-01-20T08:30:31.642+0000] {logging_mixin.py:151} INFO - #False
[2024-01-20T08:30:31.642+0000] {logging_mixin.py:151} INFO - #False
[2024-01-20T08:30:31.642+0000] {logging_mixin.py:151} INFO - #False
[2024-01-20T08:30:31.642+0000] {logging_mixin.py:151} INFO - #False
[2024-01-20T08:30:31.643+0000] {logging_mixin.py:151} INFO - #False
[2024-01-20T08:30:31.643+0000] {logging_mixin.py:151} INFO - #False
[2024-01-20T08:30:31.643+0000] {logging_mixin.py:151} INFO - #False
[2024-01-20T08:30:31.643+0000] {logging_mixin.py:151} INFO - #False
[2024-01-20T08:30:31.643+0000] {logging_mixin.py:151} INFO - #False
[2024-01-20T08:30:31.644+0000] {logging_mixin.py:151} INFO - #False
[2024-01-20T08:30:31.644+0000] {logging_mixin.py:151} INFO - #False
[2024-01-20T08:30:31.644+0000] {logging_mixin.py:151} INFO - #False
[2024-01-20T08:30:31.644+0000] {logging_mixin.py:151} INFO - #False
[2024-01-20T08:30:31.644+0000] {logging_mixin.py:151} INFO - #False
[2024-01-20T08:30:31.645+0000] {logging_mixin.py:151} INFO -  submission : 
[2024-01-20T08:30:32.229+0000] {logging_mixin.py:151} INFO - #False
[2024-01-20T08:30:32.230+0000] {logging_mixin.py:151} INFO - #False
[2024-01-20T08:30:32.230+0000] {logging_mixin.py:151} INFO - #False
[2024-01-20T08:30:32.230+0000] {logging_mixin.py:151} INFO - #False
[2024-01-20T08:30:32.231+0000] {logging_mixin.py:151} INFO - #False
[2024-01-20T08:30:32.231+0000] {logging_mixin.py:151} INFO - #False
[2024-01-20T08:30:32.231+0000] {logging_mixin.py:151} INFO - #False
[2024-01-20T08:30:32.231+0000] {logging_mixin.py:151} INFO - #False
[2024-01-20T08:30:32.232+0000] {logging_mixin.py:151} INFO - #False
[2024-01-20T08:30:32.232+0000] {logging_mixin.py:151} INFO - #False
[2024-01-20T08:30:32.232+0000] {logging_mixin.py:151} INFO - #False
[2024-01-20T08:30:32.232+0000] {logging_mixin.py:151} INFO - #False
[2024-01-20T08:30:32.233+0000] {logging_mixin.py:151} INFO - #False
[2024-01-20T08:30:32.233+0000] {logging_mixin.py:151} INFO - #False
[2024-01-20T08:30:32.233+0000] {logging_mixin.py:151} INFO - #False
[2024-01-20T08:30:32.234+0000] {logging_mixin.py:151} INFO - #False
[2024-01-20T08:30:32.234+0000] {logging_mixin.py:151} INFO - #False
[2024-01-20T08:30:32.234+0000] {logging_mixin.py:151} INFO - #False
[2024-01-20T08:30:32.234+0000] {logging_mixin.py:151} INFO - #False
[2024-01-20T08:30:32.234+0000] {logging_mixin.py:151} INFO - #False
[2024-01-20T08:30:32.234+0000] {logging_mixin.py:151} INFO - #False
[2024-01-20T08:30:32.235+0000] {logging_mixin.py:151} INFO - #False
[2024-01-20T08:30:32.235+0000] {logging_mixin.py:151} INFO - #False
[2024-01-20T08:30:32.235+0000] {logging_mixin.py:151} INFO - #False
[2024-01-20T08:30:32.235+0000] {logging_mixin.py:151} INFO - #False
[2024-01-20T08:30:32.235+0000] {logging_mixin.py:151} INFO - #False
[2024-01-20T08:30:32.236+0000] {logging_mixin.py:151} INFO - #False
[2024-01-20T08:30:32.236+0000] {logging_mixin.py:151} INFO - #False
[2024-01-20T08:30:32.236+0000] {logging_mixin.py:151} INFO - #False
[2024-01-20T08:30:32.236+0000] {logging_mixin.py:151} INFO - #False
[2024-01-20T08:30:32.236+0000] {logging_mixin.py:151} INFO -  submission : 
[2024-01-20T08:30:32.812+0000] {logging_mixin.py:151} INFO - #False
[2024-01-20T08:30:32.812+0000] {logging_mixin.py:151} INFO - #False
[2024-01-20T08:30:32.813+0000] {logging_mixin.py:151} INFO - #False
[2024-01-20T08:30:32.813+0000] {logging_mixin.py:151} INFO - #False
[2024-01-20T08:30:32.813+0000] {logging_mixin.py:151} INFO - #False
[2024-01-20T08:30:32.814+0000] {logging_mixin.py:151} INFO - #False
[2024-01-20T08:30:32.814+0000] {logging_mixin.py:151} INFO - #False
[2024-01-20T08:30:32.814+0000] {logging_mixin.py:151} INFO - #False
[2024-01-20T08:30:32.814+0000] {logging_mixin.py:151} INFO - #False
[2024-01-20T08:30:32.815+0000] {logging_mixin.py:151} INFO - #False
[2024-01-20T08:30:32.815+0000] {logging_mixin.py:151} INFO - #False
[2024-01-20T08:30:32.815+0000] {logging_mixin.py:151} INFO - #False
[2024-01-20T08:30:32.815+0000] {logging_mixin.py:151} INFO - #False
[2024-01-20T08:30:32.816+0000] {logging_mixin.py:151} INFO - #False
[2024-01-20T08:30:32.816+0000] {logging_mixin.py:151} INFO - #False
[2024-01-20T08:30:32.816+0000] {logging_mixin.py:151} INFO - #False
[2024-01-20T08:30:32.817+0000] {logging_mixin.py:151} INFO - #False
[2024-01-20T08:30:32.817+0000] {logging_mixin.py:151} INFO - #False
[2024-01-20T08:30:32.817+0000] {logging_mixin.py:151} INFO - #False
[2024-01-20T08:30:32.817+0000] {logging_mixin.py:151} INFO - #False
[2024-01-20T08:30:32.817+0000] {logging_mixin.py:151} INFO - #False
[2024-01-20T08:30:32.817+0000] {logging_mixin.py:151} INFO - #False
[2024-01-20T08:30:32.818+0000] {logging_mixin.py:151} INFO - #False
[2024-01-20T08:30:32.818+0000] {logging_mixin.py:151} INFO - #False
[2024-01-20T08:30:32.818+0000] {logging_mixin.py:151} INFO - #False
[2024-01-20T08:30:32.818+0000] {logging_mixin.py:151} INFO - #False
[2024-01-20T08:30:32.818+0000] {logging_mixin.py:151} INFO - #False
[2024-01-20T08:30:32.819+0000] {logging_mixin.py:151} INFO - #False
[2024-01-20T08:30:32.819+0000] {logging_mixin.py:151} INFO - #False
[2024-01-20T08:30:32.820+0000] {logging_mixin.py:151} INFO - #False
[2024-01-20T08:30:32.820+0000] {logging_mixin.py:151} INFO -  submission : 
[2024-01-20T08:30:33.460+0000] {logging_mixin.py:151} INFO - #False
[2024-01-20T08:30:33.461+0000] {logging_mixin.py:151} INFO - #False
[2024-01-20T08:30:33.461+0000] {logging_mixin.py:151} INFO - #False
[2024-01-20T08:30:33.464+0000] {logging_mixin.py:151} INFO - #False
[2024-01-20T08:30:33.465+0000] {logging_mixin.py:151} INFO - #False
[2024-01-20T08:30:33.465+0000] {logging_mixin.py:151} INFO - #False
[2024-01-20T08:30:33.467+0000] {logging_mixin.py:151} INFO - #False
[2024-01-20T08:30:33.468+0000] {logging_mixin.py:151} INFO - #False
[2024-01-20T08:30:33.468+0000] {logging_mixin.py:151} INFO - #False
[2024-01-20T08:30:33.469+0000] {logging_mixin.py:151} INFO - #False
[2024-01-20T08:30:33.469+0000] {logging_mixin.py:151} INFO - #False
[2024-01-20T08:30:33.469+0000] {logging_mixin.py:151} INFO - #False
[2024-01-20T08:30:33.470+0000] {logging_mixin.py:151} INFO - #False
[2024-01-20T08:30:33.470+0000] {logging_mixin.py:151} INFO - #False
[2024-01-20T08:30:33.471+0000] {logging_mixin.py:151} INFO - #False
[2024-01-20T08:30:33.471+0000] {logging_mixin.py:151} INFO - #False
[2024-01-20T08:30:33.471+0000] {logging_mixin.py:151} INFO - #False
[2024-01-20T08:30:33.472+0000] {logging_mixin.py:151} INFO - #False
[2024-01-20T08:30:33.472+0000] {logging_mixin.py:151} INFO - #False
[2024-01-20T08:30:33.472+0000] {logging_mixin.py:151} INFO - #False
[2024-01-20T08:30:33.472+0000] {logging_mixin.py:151} INFO - #False
[2024-01-20T08:30:33.473+0000] {logging_mixin.py:151} INFO - #False
[2024-01-20T08:30:33.473+0000] {logging_mixin.py:151} INFO - #False
[2024-01-20T08:30:33.474+0000] {logging_mixin.py:151} INFO - #False
[2024-01-20T08:30:33.474+0000] {logging_mixin.py:151} INFO - #False
[2024-01-20T08:30:33.474+0000] {logging_mixin.py:151} INFO - #False
[2024-01-20T08:30:33.475+0000] {logging_mixin.py:151} INFO - #False
[2024-01-20T08:30:33.475+0000] {logging_mixin.py:151} INFO - #False
[2024-01-20T08:30:33.475+0000] {logging_mixin.py:151} INFO - #False
[2024-01-20T08:30:33.476+0000] {logging_mixin.py:151} INFO - #False
[2024-01-20T08:30:33.476+0000] {logging_mixin.py:151} INFO -  submission : 
[2024-01-20T08:30:34.450+0000] {logging_mixin.py:151} INFO - #False
[2024-01-20T08:30:34.450+0000] {logging_mixin.py:151} INFO - #False
[2024-01-20T08:30:34.451+0000] {logging_mixin.py:151} INFO - #False
[2024-01-20T08:30:34.451+0000] {logging_mixin.py:151} INFO - #False
[2024-01-20T08:30:34.451+0000] {logging_mixin.py:151} INFO - #False
[2024-01-20T08:30:34.451+0000] {logging_mixin.py:151} INFO - #False
[2024-01-20T08:30:34.452+0000] {logging_mixin.py:151} INFO - #False
[2024-01-20T08:30:34.452+0000] {logging_mixin.py:151} INFO - #False
[2024-01-20T08:30:34.452+0000] {logging_mixin.py:151} INFO - #False
[2024-01-20T08:30:34.452+0000] {logging_mixin.py:151} INFO - #False
[2024-01-20T08:30:34.453+0000] {logging_mixin.py:151} INFO - #False
[2024-01-20T08:30:34.454+0000] {logging_mixin.py:151} INFO - #False
[2024-01-20T08:30:34.454+0000] {logging_mixin.py:151} INFO - #False
[2024-01-20T08:30:34.454+0000] {logging_mixin.py:151} INFO - #False
[2024-01-20T08:30:34.454+0000] {logging_mixin.py:151} INFO - #False
[2024-01-20T08:30:34.455+0000] {logging_mixin.py:151} INFO - #False
[2024-01-20T08:30:34.455+0000] {logging_mixin.py:151} INFO - #False
[2024-01-20T08:30:34.455+0000] {logging_mixin.py:151} INFO - #False
[2024-01-20T08:30:34.455+0000] {logging_mixin.py:151} INFO - #False
[2024-01-20T08:30:34.455+0000] {logging_mixin.py:151} INFO - #False
[2024-01-20T08:30:34.456+0000] {logging_mixin.py:151} INFO - #False
[2024-01-20T08:30:34.456+0000] {logging_mixin.py:151} INFO - #False
[2024-01-20T08:30:34.456+0000] {logging_mixin.py:151} INFO - #False
[2024-01-20T08:30:34.456+0000] {logging_mixin.py:151} INFO - #False
[2024-01-20T08:30:34.456+0000] {logging_mixin.py:151} INFO - #False
[2024-01-20T08:30:34.457+0000] {logging_mixin.py:151} INFO - #False
[2024-01-20T08:30:34.457+0000] {logging_mixin.py:151} INFO - #False
[2024-01-20T08:30:34.457+0000] {logging_mixin.py:151} INFO - #False
[2024-01-20T08:30:34.457+0000] {logging_mixin.py:151} INFO - #False
[2024-01-20T08:30:34.458+0000] {logging_mixin.py:151} INFO - #False
[2024-01-20T08:30:34.458+0000] {conn.py:919} INFO - <BrokerConnection node_id=1 host=broker:29092 <connected> [IPv4 ('172.19.0.8', 29092)]>: Closing connection. 
[2024-01-20T08:30:34.459+0000] {python.py:194} INFO - Done. Returned value was: None
[2024-01-20T08:30:34.469+0000] {taskinstance.py:1400} INFO - Marking task as SUCCESS. dag_id=Kafka_Producer_4, task_id=Reddit, execution_date=20240120T082824, start_date=20240120T083028, end_date=20240120T083034
[2024-01-20T08:30:34.487+0000] {local_task_job_runner.py:228} INFO - Task exited with return code 0
[2024-01-20T08:30:34.500+0000] {taskinstance.py:2784} INFO - 0 downstream tasks scheduled from follow-on schedule check
