[2024-01-17T01:37:07.523+0000] {taskinstance.py:1159} INFO - Dependencies all met for dep_context=non-requeueable deps ti=<TaskInstance: spark_stream_job.spark_submit_task scheduled__2024-01-17T00:05:00+00:00 [queued]>
[2024-01-17T01:37:07.529+0000] {taskinstance.py:1159} INFO - Dependencies all met for dep_context=requeueable deps ti=<TaskInstance: spark_stream_job.spark_submit_task scheduled__2024-01-17T00:05:00+00:00 [queued]>
[2024-01-17T01:37:07.529+0000] {taskinstance.py:1361} INFO - Starting attempt 1 of 2
[2024-01-17T01:37:07.540+0000] {taskinstance.py:1382} INFO - Executing <Task(BashOperator): spark_submit_task> on 2024-01-17 00:05:00+00:00
[2024-01-17T01:37:07.543+0000] {standard_task_runner.py:57} INFO - Started process 108 to run task
[2024-01-17T01:37:07.545+0000] {standard_task_runner.py:84} INFO - Running: ['***', 'tasks', 'run', 'spark_stream_job', 'spark_submit_task', 'scheduled__2024-01-17T00:05:00+00:00', '--job-id', '3', '--raw', '--subdir', 'DAGS_FOLDER/spark_streaming_dag.py', '--cfg-path', '/tmp/tmpl0iokz0b']
[2024-01-17T01:37:07.546+0000] {standard_task_runner.py:85} INFO - Job 3: Subtask spark_submit_task
[2024-01-17T01:37:07.584+0000] {task_command.py:415} INFO - Running <TaskInstance: spark_stream_job.spark_submit_task scheduled__2024-01-17T00:05:00+00:00 [running]> on host 4ec820d606d8
[2024-01-17T01:37:07.651+0000] {taskinstance.py:1660} INFO - Exporting env vars: AIRFLOW_CTX_DAG_OWNER='me' AIRFLOW_CTX_DAG_ID='spark_stream_job' AIRFLOW_CTX_TASK_ID='spark_submit_task' AIRFLOW_CTX_EXECUTION_DATE='2024-01-17T00:05:00+00:00' AIRFLOW_CTX_TRY_NUMBER='1' AIRFLOW_CTX_DAG_RUN_ID='scheduled__2024-01-17T00:05:00+00:00'
[2024-01-17T01:37:07.652+0000] {subprocess.py:63} INFO - Tmp dir root location: /tmp
[2024-01-17T01:37:07.652+0000] {subprocess.py:75} INFO - Running command: ['/bin/bash', '-c', 'spark-submit /opt/***/dags/spark_stream.py']
[2024-01-17T01:37:07.659+0000] {subprocess.py:86} INFO - Output:
[2024-01-17T01:37:07.660+0000] {subprocess.py:93} INFO - /bin/bash: line 1: spark-submit: command not found
[2024-01-17T01:37:07.660+0000] {subprocess.py:97} INFO - Command exited with return code 127
[2024-01-17T01:37:07.669+0000] {taskinstance.py:1943} ERROR - Task failed with exception
Traceback (most recent call last):
  File "/home/airflow/.local/lib/python3.9/site-packages/airflow/operators/bash.py", line 210, in execute
    raise AirflowException(
airflow.exceptions.AirflowException: Bash command failed. The command returned a non-zero exit code 127.
[2024-01-17T01:37:07.671+0000] {taskinstance.py:1400} INFO - Marking task as UP_FOR_RETRY. dag_id=spark_stream_job, task_id=spark_submit_task, execution_date=20240117T000500, start_date=20240117T013707, end_date=20240117T013707
[2024-01-17T01:37:07.681+0000] {standard_task_runner.py:104} ERROR - Failed to execute job 3 for task spark_submit_task (Bash command failed. The command returned a non-zero exit code 127.; 108)
[2024-01-17T01:37:07.718+0000] {local_task_job_runner.py:228} INFO - Task exited with return code 1
[2024-01-17T01:37:07.736+0000] {taskinstance.py:2784} INFO - 0 downstream tasks scheduled from follow-on schedule check
[2024-01-17T01:45:58.824+0000] {taskinstance.py:1159} INFO - Dependencies all met for dep_context=non-requeueable deps ti=<TaskInstance: spark_stream_job.spark_submit_task scheduled__2024-01-17T00:05:00+00:00 [queued]>
[2024-01-17T01:45:58.831+0000] {taskinstance.py:1159} INFO - Dependencies all met for dep_context=requeueable deps ti=<TaskInstance: spark_stream_job.spark_submit_task scheduled__2024-01-17T00:05:00+00:00 [queued]>
[2024-01-17T01:45:58.831+0000] {taskinstance.py:1361} INFO - Starting attempt 1 of 2
[2024-01-17T01:45:58.843+0000] {taskinstance.py:1382} INFO - Executing <Task(BashOperator): spark_submit_task> on 2024-01-17 00:05:00+00:00
[2024-01-17T01:45:58.846+0000] {standard_task_runner.py:57} INFO - Started process 135 to run task
[2024-01-17T01:45:58.849+0000] {standard_task_runner.py:84} INFO - Running: ['***', 'tasks', 'run', 'spark_stream_job', 'spark_submit_task', 'scheduled__2024-01-17T00:05:00+00:00', '--job-id', '11', '--raw', '--subdir', 'DAGS_FOLDER/spark_streaming_dag.py', '--cfg-path', '/tmp/tmpm7m4ycig']
[2024-01-17T01:45:58.850+0000] {standard_task_runner.py:85} INFO - Job 11: Subtask spark_submit_task
[2024-01-17T01:45:58.895+0000] {task_command.py:415} INFO - Running <TaskInstance: spark_stream_job.spark_submit_task scheduled__2024-01-17T00:05:00+00:00 [running]> on host a81a9f2a1c09
[2024-01-17T01:45:58.962+0000] {taskinstance.py:1660} INFO - Exporting env vars: AIRFLOW_CTX_DAG_OWNER='me' AIRFLOW_CTX_DAG_ID='spark_stream_job' AIRFLOW_CTX_TASK_ID='spark_submit_task' AIRFLOW_CTX_EXECUTION_DATE='2024-01-17T00:05:00+00:00' AIRFLOW_CTX_TRY_NUMBER='1' AIRFLOW_CTX_DAG_RUN_ID='scheduled__2024-01-17T00:05:00+00:00'
[2024-01-17T01:45:58.963+0000] {subprocess.py:63} INFO - Tmp dir root location: /tmp
[2024-01-17T01:45:58.964+0000] {subprocess.py:75} INFO - Running command: ['/bin/bash', '-c', 'docker run --rm -v /opt/***/dags:/opt/***/dags bitnami/spark:latest bin/spark-submit /opt/***/dags/spark_stream.py']
[2024-01-17T01:45:58.970+0000] {subprocess.py:86} INFO - Output:
[2024-01-17T01:45:58.989+0000] {subprocess.py:93} INFO - docker: Cannot connect to the Docker daemon at unix:///var/run/docker.sock. Is the docker daemon running?.
[2024-01-17T01:45:58.989+0000] {subprocess.py:93} INFO - See 'docker run --help'.
[2024-01-17T01:45:58.991+0000] {subprocess.py:97} INFO - Command exited with return code 125
[2024-01-17T01:45:59.000+0000] {taskinstance.py:1943} ERROR - Task failed with exception
Traceback (most recent call last):
  File "/home/airflow/.local/lib/python3.9/site-packages/airflow/operators/bash.py", line 210, in execute
    raise AirflowException(
airflow.exceptions.AirflowException: Bash command failed. The command returned a non-zero exit code 125.
[2024-01-17T01:45:59.003+0000] {taskinstance.py:1400} INFO - Marking task as UP_FOR_RETRY. dag_id=spark_stream_job, task_id=spark_submit_task, execution_date=20240117T000500, start_date=20240117T014558, end_date=20240117T014559
[2024-01-17T01:45:59.014+0000] {standard_task_runner.py:104} ERROR - Failed to execute job 11 for task spark_submit_task (Bash command failed. The command returned a non-zero exit code 125.; 135)
[2024-01-17T01:45:59.021+0000] {local_task_job_runner.py:228} INFO - Task exited with return code 1
[2024-01-17T01:45:59.040+0000] {taskinstance.py:2784} INFO - 0 downstream tasks scheduled from follow-on schedule check
[2024-01-17T02:34:37.710+0000] {taskinstance.py:1159} INFO - Dependencies all met for dep_context=non-requeueable deps ti=<TaskInstance: spark_stream_job.spark_submit_task scheduled__2024-01-17T00:05:00+00:00 [queued]>
[2024-01-17T02:34:37.716+0000] {taskinstance.py:1159} INFO - Dependencies all met for dep_context=requeueable deps ti=<TaskInstance: spark_stream_job.spark_submit_task scheduled__2024-01-17T00:05:00+00:00 [queued]>
[2024-01-17T02:34:37.716+0000] {taskinstance.py:1361} INFO - Starting attempt 1 of 2
[2024-01-17T02:34:37.726+0000] {taskinstance.py:1382} INFO - Executing <Task(SparkSubmitOperator): spark_submit_task> on 2024-01-17 00:05:00+00:00
[2024-01-17T02:34:37.729+0000] {standard_task_runner.py:57} INFO - Started process 117 to run task
[2024-01-17T02:34:37.731+0000] {standard_task_runner.py:84} INFO - Running: ['***', 'tasks', 'run', 'spark_stream_job', 'spark_submit_task', 'scheduled__2024-01-17T00:05:00+00:00', '--job-id', '3', '--raw', '--subdir', 'DAGS_FOLDER/spark_streaming_dag.py', '--cfg-path', '/tmp/tmpouvm9624']
[2024-01-17T02:34:37.732+0000] {standard_task_runner.py:85} INFO - Job 3: Subtask spark_submit_task
[2024-01-17T02:34:37.769+0000] {task_command.py:415} INFO - Running <TaskInstance: spark_stream_job.spark_submit_task scheduled__2024-01-17T00:05:00+00:00 [running]> on host 7f29d30c8362
[2024-01-17T02:34:37.826+0000] {taskinstance.py:1660} INFO - Exporting env vars: AIRFLOW_CTX_DAG_OWNER='me' AIRFLOW_CTX_DAG_ID='spark_stream_job' AIRFLOW_CTX_TASK_ID='spark_submit_task' AIRFLOW_CTX_EXECUTION_DATE='2024-01-17T00:05:00+00:00' AIRFLOW_CTX_TRY_NUMBER='1' AIRFLOW_CTX_DAG_RUN_ID='scheduled__2024-01-17T00:05:00+00:00'
[2024-01-17T02:34:37.832+0000] {base.py:73} INFO - Using connection ID 'spark_default' for task execution.
[2024-01-17T02:34:37.833+0000] {spark_submit.py:401} INFO - Spark-Submit cmd: spark-submit --master spark-master:7077 --name spark_submit_job --verbose --queue default --deploy-mode client /opt/bitnami/scripts/spark_stream.py
[2024-01-17T02:34:37.935+0000] {spark_submit.py:571} INFO - /home/***/.local/lib/python3.9/site-packages/pyspark/bin/load-spark-env.sh: line 68: ps: command not found
[2024-01-17T02:34:37.936+0000] {spark_submit.py:571} INFO - JAVA_HOME is not set
[2024-01-17T02:34:37.945+0000] {taskinstance.py:1943} ERROR - Task failed with exception
Traceback (most recent call last):
  File "/home/airflow/.local/lib/python3.9/site-packages/airflow/providers/apache/spark/operators/spark_submit.py", line 174, in execute
    self._hook.submit(self._application)
  File "/home/airflow/.local/lib/python3.9/site-packages/airflow/providers/apache/spark/hooks/spark_submit.py", line 502, in submit
    raise AirflowException(
airflow.exceptions.AirflowException: Cannot execute: spark-submit --master spark-master:7077 --name spark_submit_job --verbose --queue default --deploy-mode client /opt/bitnami/scripts/spark_stream.py. Error code is: 1.
[2024-01-17T02:34:37.948+0000] {taskinstance.py:1400} INFO - Marking task as UP_FOR_RETRY. dag_id=spark_stream_job, task_id=spark_submit_task, execution_date=20240117T000500, start_date=20240117T023437, end_date=20240117T023437
[2024-01-17T02:34:37.958+0000] {standard_task_runner.py:104} ERROR - Failed to execute job 3 for task spark_submit_task (Cannot execute: spark-submit --master spark-master:7077 --name spark_submit_job --verbose --queue default --deploy-mode client /opt/bitnami/scripts/spark_stream.py. Error code is: 1.; 117)
[2024-01-17T02:34:37.983+0000] {local_task_job_runner.py:228} INFO - Task exited with return code 1
[2024-01-17T02:34:38.001+0000] {taskinstance.py:2784} INFO - 0 downstream tasks scheduled from follow-on schedule check
[2024-01-17T03:24:33.011+0000] {taskinstance.py:1159} INFO - Dependencies all met for dep_context=non-requeueable deps ti=<TaskInstance: spark_stream_job.spark_submit_task scheduled__2024-01-17T00:05:00+00:00 [queued]>
[2024-01-17T03:24:33.016+0000] {taskinstance.py:1159} INFO - Dependencies all met for dep_context=requeueable deps ti=<TaskInstance: spark_stream_job.spark_submit_task scheduled__2024-01-17T00:05:00+00:00 [queued]>
[2024-01-17T03:24:33.016+0000] {taskinstance.py:1361} INFO - Starting attempt 1 of 2
[2024-01-17T03:24:33.026+0000] {taskinstance.py:1382} INFO - Executing <Task(SparkSubmitOperator): spark_submit_task> on 2024-01-17 00:05:00+00:00
[2024-01-17T03:24:33.029+0000] {standard_task_runner.py:57} INFO - Started process 183 to run task
[2024-01-17T03:24:33.032+0000] {standard_task_runner.py:84} INFO - Running: ['***', 'tasks', 'run', 'spark_stream_job', 'spark_submit_task', 'scheduled__2024-01-17T00:05:00+00:00', '--job-id', '13', '--raw', '--subdir', 'DAGS_FOLDER/spark_streaming_dag.py', '--cfg-path', '/tmp/tmp4edsv6fv']
[2024-01-17T03:24:33.033+0000] {standard_task_runner.py:85} INFO - Job 13: Subtask spark_submit_task
[2024-01-17T03:24:33.071+0000] {task_command.py:415} INFO - Running <TaskInstance: spark_stream_job.spark_submit_task scheduled__2024-01-17T00:05:00+00:00 [running]> on host 776833dc279e
[2024-01-17T03:24:33.131+0000] {taskinstance.py:1660} INFO - Exporting env vars: AIRFLOW_CTX_DAG_OWNER='me' AIRFLOW_CTX_DAG_ID='spark_stream_job' AIRFLOW_CTX_TASK_ID='spark_submit_task' AIRFLOW_CTX_EXECUTION_DATE='2024-01-17T00:05:00+00:00' AIRFLOW_CTX_TRY_NUMBER='1' AIRFLOW_CTX_DAG_RUN_ID='scheduled__2024-01-17T00:05:00+00:00'
[2024-01-17T03:24:33.137+0000] {base.py:73} INFO - Using connection ID 'spark_default' for task execution.
[2024-01-17T03:24:33.138+0000] {spark_submit.py:401} INFO - Spark-Submit cmd: spark-submit --master spark://192.168.192.5:7077 --name spark_submit_job --verbose --queue root.default --deploy-mode client /opt/bitnami/scripts/spark_stream.py
[2024-01-17T03:24:33.241+0000] {spark_submit.py:571} INFO - /home/***/.local/lib/python3.9/site-packages/pyspark/bin/load-spark-env.sh: line 68: ps: command not found
[2024-01-17T03:24:33.242+0000] {spark_submit.py:571} INFO - JAVA_HOME is not set
[2024-01-17T03:24:33.250+0000] {taskinstance.py:1943} ERROR - Task failed with exception
Traceback (most recent call last):
  File "/home/airflow/.local/lib/python3.9/site-packages/airflow/providers/apache/spark/operators/spark_submit.py", line 174, in execute
    self._hook.submit(self._application)
  File "/home/airflow/.local/lib/python3.9/site-packages/airflow/providers/apache/spark/hooks/spark_submit.py", line 502, in submit
    raise AirflowException(
airflow.exceptions.AirflowException: Cannot execute: spark-submit --master spark://192.168.192.5:7077 --name spark_submit_job --verbose --queue root.default --deploy-mode client /opt/bitnami/scripts/spark_stream.py. Error code is: 1.
[2024-01-17T03:24:33.253+0000] {taskinstance.py:1400} INFO - Marking task as UP_FOR_RETRY. dag_id=spark_stream_job, task_id=spark_submit_task, execution_date=20240117T000500, start_date=20240117T032433, end_date=20240117T032433
[2024-01-17T03:24:33.263+0000] {standard_task_runner.py:104} ERROR - Failed to execute job 13 for task spark_submit_task (Cannot execute: spark-submit --master spark://192.168.192.5:7077 --name spark_submit_job --verbose --queue root.default --deploy-mode client /opt/bitnami/scripts/spark_stream.py. Error code is: 1.; 183)
[2024-01-17T03:24:33.284+0000] {local_task_job_runner.py:228} INFO - Task exited with return code 1
[2024-01-17T03:24:33.301+0000] {taskinstance.py:2784} INFO - 0 downstream tasks scheduled from follow-on schedule check
[2024-01-17T03:28:17.832+0000] {taskinstance.py:1159} INFO - Dependencies all met for dep_context=non-requeueable deps ti=<TaskInstance: spark_stream_job.spark_submit_task scheduled__2024-01-17T00:05:00+00:00 [queued]>
[2024-01-17T03:28:17.838+0000] {taskinstance.py:1159} INFO - Dependencies all met for dep_context=requeueable deps ti=<TaskInstance: spark_stream_job.spark_submit_task scheduled__2024-01-17T00:05:00+00:00 [queued]>
[2024-01-17T03:28:17.838+0000] {taskinstance.py:1361} INFO - Starting attempt 1 of 2
[2024-01-17T03:28:17.848+0000] {taskinstance.py:1382} INFO - Executing <Task(SparkSubmitOperator): spark_submit_task> on 2024-01-17 00:05:00+00:00
[2024-01-17T03:28:17.850+0000] {standard_task_runner.py:57} INFO - Started process 672 to run task
[2024-01-17T03:28:17.852+0000] {standard_task_runner.py:84} INFO - Running: ['***', 'tasks', 'run', 'spark_stream_job', 'spark_submit_task', 'scheduled__2024-01-17T00:05:00+00:00', '--job-id', '62', '--raw', '--subdir', 'DAGS_FOLDER/spark_streaming_dag.py', '--cfg-path', '/tmp/tmp5ybyh9sc']
[2024-01-17T03:28:17.853+0000] {standard_task_runner.py:85} INFO - Job 62: Subtask spark_submit_task
[2024-01-17T03:28:17.889+0000] {task_command.py:415} INFO - Running <TaskInstance: spark_stream_job.spark_submit_task scheduled__2024-01-17T00:05:00+00:00 [running]> on host 776833dc279e
[2024-01-17T03:28:17.941+0000] {taskinstance.py:1660} INFO - Exporting env vars: AIRFLOW_CTX_DAG_OWNER='me' AIRFLOW_CTX_DAG_ID='spark_stream_job' AIRFLOW_CTX_TASK_ID='spark_submit_task' AIRFLOW_CTX_EXECUTION_DATE='2024-01-17T00:05:00+00:00' AIRFLOW_CTX_TRY_NUMBER='1' AIRFLOW_CTX_DAG_RUN_ID='scheduled__2024-01-17T00:05:00+00:00'
[2024-01-17T03:28:17.947+0000] {base.py:73} INFO - Using connection ID 'spark_default' for task execution.
[2024-01-17T03:28:17.947+0000] {spark_submit.py:401} INFO - Spark-Submit cmd: spark-submit --master spark://192.168.192.5:7077 --name spark_submit_job --verbose --queue root.default --deploy-mode client /opt/bitnami/scripts/spark_stream.py
[2024-01-17T03:28:18.043+0000] {spark_submit.py:571} INFO - /home/***/.local/lib/python3.9/site-packages/pyspark/bin/load-spark-env.sh: line 68: ps: command not found
[2024-01-17T03:28:18.044+0000] {spark_submit.py:571} INFO - JAVA_HOME is not set
[2024-01-17T03:28:18.052+0000] {taskinstance.py:1943} ERROR - Task failed with exception
Traceback (most recent call last):
  File "/home/airflow/.local/lib/python3.9/site-packages/airflow/providers/apache/spark/operators/spark_submit.py", line 174, in execute
    self._hook.submit(self._application)
  File "/home/airflow/.local/lib/python3.9/site-packages/airflow/providers/apache/spark/hooks/spark_submit.py", line 502, in submit
    raise AirflowException(
airflow.exceptions.AirflowException: Cannot execute: spark-submit --master spark://192.168.192.5:7077 --name spark_submit_job --verbose --queue root.default --deploy-mode client /opt/bitnami/scripts/spark_stream.py. Error code is: 1.
[2024-01-17T03:28:18.054+0000] {taskinstance.py:1400} INFO - Marking task as UP_FOR_RETRY. dag_id=spark_stream_job, task_id=spark_submit_task, execution_date=20240117T000500, start_date=20240117T032817, end_date=20240117T032818
[2024-01-17T03:28:18.064+0000] {standard_task_runner.py:104} ERROR - Failed to execute job 62 for task spark_submit_task (Cannot execute: spark-submit --master spark://192.168.192.5:7077 --name spark_submit_job --verbose --queue root.default --deploy-mode client /opt/bitnami/scripts/spark_stream.py. Error code is: 1.; 672)
[2024-01-17T03:28:18.104+0000] {local_task_job_runner.py:228} INFO - Task exited with return code 1
[2024-01-17T03:28:18.120+0000] {taskinstance.py:2784} INFO - 0 downstream tasks scheduled from follow-on schedule check
[2024-01-17T03:32:21.996+0000] {taskinstance.py:1159} INFO - Dependencies all met for dep_context=non-requeueable deps ti=<TaskInstance: spark_stream_job.spark_submit_task scheduled__2024-01-17T00:05:00+00:00 [queued]>
[2024-01-17T03:32:22.001+0000] {taskinstance.py:1159} INFO - Dependencies all met for dep_context=requeueable deps ti=<TaskInstance: spark_stream_job.spark_submit_task scheduled__2024-01-17T00:05:00+00:00 [queued]>
[2024-01-17T03:32:22.002+0000] {taskinstance.py:1361} INFO - Starting attempt 1 of 2
[2024-01-17T03:32:22.013+0000] {taskinstance.py:1382} INFO - Executing <Task(SparkSubmitOperator): spark_submit_task> on 2024-01-17 00:05:00+00:00
[2024-01-17T03:32:22.015+0000] {standard_task_runner.py:57} INFO - Started process 1152 to run task
[2024-01-17T03:32:22.017+0000] {standard_task_runner.py:84} INFO - Running: ['***', 'tasks', 'run', 'spark_stream_job', 'spark_submit_task', 'scheduled__2024-01-17T00:05:00+00:00', '--job-id', '110', '--raw', '--subdir', 'DAGS_FOLDER/spark_streaming_dag.py', '--cfg-path', '/tmp/tmpjnzvc9_p']
[2024-01-17T03:32:22.018+0000] {standard_task_runner.py:85} INFO - Job 110: Subtask spark_submit_task
[2024-01-17T03:32:22.056+0000] {task_command.py:415} INFO - Running <TaskInstance: spark_stream_job.spark_submit_task scheduled__2024-01-17T00:05:00+00:00 [running]> on host 776833dc279e
[2024-01-17T03:32:22.111+0000] {taskinstance.py:1660} INFO - Exporting env vars: AIRFLOW_CTX_DAG_OWNER='me' AIRFLOW_CTX_DAG_ID='spark_stream_job' AIRFLOW_CTX_TASK_ID='spark_submit_task' AIRFLOW_CTX_EXECUTION_DATE='2024-01-17T00:05:00+00:00' AIRFLOW_CTX_TRY_NUMBER='1' AIRFLOW_CTX_DAG_RUN_ID='scheduled__2024-01-17T00:05:00+00:00'
[2024-01-17T03:32:22.118+0000] {base.py:73} INFO - Using connection ID 'spark_default' for task execution.
[2024-01-17T03:32:22.118+0000] {spark_submit.py:401} INFO - Spark-Submit cmd: spark-submit --master spark://192.168.192.5:7077 --name spark_submit_job --verbose --queue root.default --deploy-mode client /opt/bitnami/scripts/spark_stream.py
[2024-01-17T03:32:22.215+0000] {spark_submit.py:571} INFO - /home/***/.local/lib/python3.9/site-packages/pyspark/bin/load-spark-env.sh: line 68: ps: command not found
[2024-01-17T03:32:22.215+0000] {spark_submit.py:571} INFO - JAVA_HOME is not set
[2024-01-17T03:32:22.223+0000] {taskinstance.py:1943} ERROR - Task failed with exception
Traceback (most recent call last):
  File "/home/airflow/.local/lib/python3.9/site-packages/airflow/providers/apache/spark/operators/spark_submit.py", line 174, in execute
    self._hook.submit(self._application)
  File "/home/airflow/.local/lib/python3.9/site-packages/airflow/providers/apache/spark/hooks/spark_submit.py", line 502, in submit
    raise AirflowException(
airflow.exceptions.AirflowException: Cannot execute: spark-submit --master spark://192.168.192.5:7077 --name spark_submit_job --verbose --queue root.default --deploy-mode client /opt/bitnami/scripts/spark_stream.py. Error code is: 1.
[2024-01-17T03:32:22.225+0000] {taskinstance.py:1400} INFO - Marking task as UP_FOR_RETRY. dag_id=spark_stream_job, task_id=spark_submit_task, execution_date=20240117T000500, start_date=20240117T033221, end_date=20240117T033222
[2024-01-17T03:32:22.235+0000] {standard_task_runner.py:104} ERROR - Failed to execute job 110 for task spark_submit_task (Cannot execute: spark-submit --master spark://192.168.192.5:7077 --name spark_submit_job --verbose --queue root.default --deploy-mode client /opt/bitnami/scripts/spark_stream.py. Error code is: 1.; 1152)
[2024-01-17T03:32:22.270+0000] {local_task_job_runner.py:228} INFO - Task exited with return code 1
[2024-01-17T03:32:22.286+0000] {taskinstance.py:2784} INFO - 0 downstream tasks scheduled from follow-on schedule check
[2024-01-17T03:50:00.251+0000] {taskinstance.py:1159} INFO - Dependencies all met for dep_context=non-requeueable deps ti=<TaskInstance: spark_stream_job.spark_submit_task scheduled__2024-01-17T00:05:00+00:00 [queued]>
[2024-01-17T03:50:00.257+0000] {taskinstance.py:1159} INFO - Dependencies all met for dep_context=requeueable deps ti=<TaskInstance: spark_stream_job.spark_submit_task scheduled__2024-01-17T00:05:00+00:00 [queued]>
[2024-01-17T03:50:00.257+0000] {taskinstance.py:1361} INFO - Starting attempt 1 of 2
[2024-01-17T03:50:00.268+0000] {taskinstance.py:1382} INFO - Executing <Task(SparkSubmitOperator): spark_submit_task> on 2024-01-17 00:05:00+00:00
[2024-01-17T03:50:00.271+0000] {standard_task_runner.py:57} INFO - Started process 4266 to run task
[2024-01-17T03:50:00.274+0000] {standard_task_runner.py:84} INFO - Running: ['***', 'tasks', 'run', 'spark_stream_job', 'spark_submit_task', 'scheduled__2024-01-17T00:05:00+00:00', '--job-id', '214', '--raw', '--subdir', 'DAGS_FOLDER/spark_streaming_dag.py', '--cfg-path', '/tmp/tmphp98txpx']
[2024-01-17T03:50:00.275+0000] {standard_task_runner.py:85} INFO - Job 214: Subtask spark_submit_task
[2024-01-17T03:50:00.319+0000] {task_command.py:415} INFO - Running <TaskInstance: spark_stream_job.spark_submit_task scheduled__2024-01-17T00:05:00+00:00 [running]> on host 776833dc279e
[2024-01-17T03:50:00.420+0000] {taskinstance.py:1660} INFO - Exporting env vars: AIRFLOW_CTX_DAG_OWNER='me' AIRFLOW_CTX_DAG_ID='spark_stream_job' AIRFLOW_CTX_TASK_ID='spark_submit_task' AIRFLOW_CTX_EXECUTION_DATE='2024-01-17T00:05:00+00:00' AIRFLOW_CTX_TRY_NUMBER='1' AIRFLOW_CTX_DAG_RUN_ID='scheduled__2024-01-17T00:05:00+00:00'
[2024-01-17T03:50:00.431+0000] {base.py:73} INFO - Using connection ID 'spark_default' for task execution.
[2024-01-17T03:50:00.432+0000] {spark_submit.py:401} INFO - Spark-Submit cmd: spark-submit --master spark://192.168.192.5:7077 --name spark_submit_job --verbose --queue root.default --deploy-mode client /opt/bitnami/scripts/spark_stream.py
[2024-01-17T03:50:00.571+0000] {spark_submit.py:571} INFO - /home/***/.local/lib/python3.9/site-packages/pyspark/bin/load-spark-env.sh: line 68: ps: command not found
[2024-01-17T03:50:01.909+0000] {spark_submit.py:571} INFO - Using properties file: null
[2024-01-17T03:50:02.008+0000] {spark_submit.py:571} INFO - Parsed arguments:
[2024-01-17T03:50:02.008+0000] {spark_submit.py:571} INFO - master                  spark://192.168.192.5:7077
[2024-01-17T03:50:02.008+0000] {spark_submit.py:571} INFO - remote                  null
[2024-01-17T03:50:02.009+0000] {spark_submit.py:571} INFO - deployMode              client
[2024-01-17T03:50:02.009+0000] {spark_submit.py:571} INFO - executorMemory          null
[2024-01-17T03:50:02.009+0000] {spark_submit.py:571} INFO - executorCores           null
[2024-01-17T03:50:02.009+0000] {spark_submit.py:571} INFO - totalExecutorCores      null
[2024-01-17T03:50:02.009+0000] {spark_submit.py:571} INFO - propertiesFile          null
[2024-01-17T03:50:02.009+0000] {spark_submit.py:571} INFO - driverMemory            null
[2024-01-17T03:50:02.009+0000] {spark_submit.py:571} INFO - driverCores             null
[2024-01-17T03:50:02.009+0000] {spark_submit.py:571} INFO - driverExtraClassPath    null
[2024-01-17T03:50:02.009+0000] {spark_submit.py:571} INFO - driverExtraLibraryPath  null
[2024-01-17T03:50:02.009+0000] {spark_submit.py:571} INFO - driverExtraJavaOptions  null
[2024-01-17T03:50:02.009+0000] {spark_submit.py:571} INFO - supervise               false
[2024-01-17T03:50:02.009+0000] {spark_submit.py:571} INFO - queue                   root.default
[2024-01-17T03:50:02.009+0000] {spark_submit.py:571} INFO - numExecutors            null
[2024-01-17T03:50:02.009+0000] {spark_submit.py:571} INFO - files                   null
[2024-01-17T03:50:02.009+0000] {spark_submit.py:571} INFO - pyFiles                 null
[2024-01-17T03:50:02.009+0000] {spark_submit.py:571} INFO - archives                null
[2024-01-17T03:50:02.009+0000] {spark_submit.py:571} INFO - mainClass               null
[2024-01-17T03:50:02.009+0000] {spark_submit.py:571} INFO - primaryResource         file:/opt/bitnami/scripts/spark_stream.py
[2024-01-17T03:50:02.009+0000] {spark_submit.py:571} INFO - name                    spark_submit_job
[2024-01-17T03:50:02.009+0000] {spark_submit.py:571} INFO - childArgs               []
[2024-01-17T03:50:02.010+0000] {spark_submit.py:571} INFO - jars                    null
[2024-01-17T03:50:02.010+0000] {spark_submit.py:571} INFO - packages                null
[2024-01-17T03:50:02.010+0000] {spark_submit.py:571} INFO - packagesExclusions      null
[2024-01-17T03:50:02.010+0000] {spark_submit.py:571} INFO - repositories            null
[2024-01-17T03:50:02.010+0000] {spark_submit.py:571} INFO - verbose                 true
[2024-01-17T03:50:02.010+0000] {spark_submit.py:571} INFO - 
[2024-01-17T03:50:02.010+0000] {spark_submit.py:571} INFO - Spark properties used, including those specified through
[2024-01-17T03:50:02.010+0000] {spark_submit.py:571} INFO - --conf and those from the properties file null:
[2024-01-17T03:50:02.010+0000] {spark_submit.py:571} INFO - 
[2024-01-17T03:50:02.010+0000] {spark_submit.py:571} INFO - 
[2024-01-17T03:50:02.010+0000] {spark_submit.py:571} INFO - 
[2024-01-17T03:50:02.230+0000] {spark_submit.py:571} INFO - Main class:
[2024-01-17T03:50:02.230+0000] {spark_submit.py:571} INFO - org.apache.spark.deploy.PythonRunner
[2024-01-17T03:50:02.230+0000] {spark_submit.py:571} INFO - Arguments:
[2024-01-17T03:50:02.230+0000] {spark_submit.py:571} INFO - file:/opt/bitnami/scripts/spark_stream.py
[2024-01-17T03:50:02.230+0000] {spark_submit.py:571} INFO - null
[2024-01-17T03:50:02.233+0000] {spark_submit.py:571} INFO - Spark config:
[2024-01-17T03:50:02.233+0000] {spark_submit.py:571} INFO - (spark.app.name,spark_submit_job)
[2024-01-17T03:50:02.233+0000] {spark_submit.py:571} INFO - (spark.app.submitTime,1705463402217)
[2024-01-17T03:50:02.233+0000] {spark_submit.py:571} INFO - (spark.master,spark://192.168.192.5:7077)
[2024-01-17T03:50:02.233+0000] {spark_submit.py:571} INFO - (spark.submit.deployMode,client)
[2024-01-17T03:50:02.233+0000] {spark_submit.py:571} INFO - (spark.submit.pyFiles,)
[2024-01-17T03:50:02.233+0000] {spark_submit.py:571} INFO - Classpath elements:
[2024-01-17T03:50:02.233+0000] {spark_submit.py:571} INFO - 
[2024-01-17T03:50:02.233+0000] {spark_submit.py:571} INFO - 
[2024-01-17T03:50:02.233+0000] {spark_submit.py:571} INFO - 
[2024-01-17T03:50:02.437+0000] {spark_submit.py:571} INFO - python3: can't open file '/opt/bitnami/scripts/spark_stream.py': [Errno 2] No such file or directory
[2024-01-17T03:50:02.452+0000] {spark_submit.py:571} INFO - 24/01/17 03:50:02 INFO ShutdownHookManager: Shutdown hook called
[2024-01-17T03:50:02.455+0000] {spark_submit.py:571} INFO - 24/01/17 03:50:02 INFO ShutdownHookManager: Deleting directory /tmp/spark-34c92c71-3b01-4297-9b5c-72c3c9964479
[2024-01-17T03:50:02.491+0000] {taskinstance.py:1943} ERROR - Task failed with exception
Traceback (most recent call last):
  File "/home/airflow/.local/lib/python3.9/site-packages/airflow/providers/apache/spark/operators/spark_submit.py", line 174, in execute
    self._hook.submit(self._application)
  File "/home/airflow/.local/lib/python3.9/site-packages/airflow/providers/apache/spark/hooks/spark_submit.py", line 502, in submit
    raise AirflowException(
airflow.exceptions.AirflowException: Cannot execute: spark-submit --master spark://192.168.192.5:7077 --name spark_submit_job --verbose --queue root.default --deploy-mode client /opt/bitnami/scripts/spark_stream.py. Error code is: 2.
[2024-01-17T03:50:02.494+0000] {taskinstance.py:1400} INFO - Marking task as UP_FOR_RETRY. dag_id=spark_stream_job, task_id=spark_submit_task, execution_date=20240117T000500, start_date=20240117T035000, end_date=20240117T035002
[2024-01-17T03:50:02.505+0000] {standard_task_runner.py:104} ERROR - Failed to execute job 214 for task spark_submit_task (Cannot execute: spark-submit --master spark://192.168.192.5:7077 --name spark_submit_job --verbose --queue root.default --deploy-mode client /opt/bitnami/scripts/spark_stream.py. Error code is: 2.; 4266)
[2024-01-17T03:50:02.535+0000] {local_task_job_runner.py:228} INFO - Task exited with return code 1
[2024-01-17T03:50:02.554+0000] {taskinstance.py:2784} INFO - 0 downstream tasks scheduled from follow-on schedule check
[2024-01-17T04:30:15.799+0000] {taskinstance.py:1159} INFO - Dependencies all met for dep_context=non-requeueable deps ti=<TaskInstance: spark_stream_job.spark_submit_task scheduled__2024-01-17T00:05:00+00:00 [queued]>
[2024-01-17T04:30:15.805+0000] {taskinstance.py:1159} INFO - Dependencies all met for dep_context=requeueable deps ti=<TaskInstance: spark_stream_job.spark_submit_task scheduled__2024-01-17T00:05:00+00:00 [queued]>
[2024-01-17T04:30:15.805+0000] {taskinstance.py:1361} INFO - Starting attempt 1 of 2
[2024-01-17T04:30:15.817+0000] {taskinstance.py:1382} INFO - Executing <Task(SparkSubmitOperator): spark_submit_task> on 2024-01-17 00:05:00+00:00
[2024-01-17T04:30:15.820+0000] {standard_task_runner.py:57} INFO - Started process 3554 to run task
[2024-01-17T04:30:15.822+0000] {standard_task_runner.py:84} INFO - Running: ['***', 'tasks', 'run', 'spark_stream_job', 'spark_submit_task', 'scheduled__2024-01-17T00:05:00+00:00', '--job-id', '3', '--raw', '--subdir', 'DAGS_FOLDER/spark_streaming_dag.py', '--cfg-path', '/tmp/tmp34nwjqa3']
[2024-01-17T04:30:15.823+0000] {standard_task_runner.py:85} INFO - Job 3: Subtask spark_submit_task
[2024-01-17T04:30:15.880+0000] {task_command.py:415} INFO - Running <TaskInstance: spark_stream_job.spark_submit_task scheduled__2024-01-17T00:05:00+00:00 [running]> on host 614a419ad930
[2024-01-17T04:30:15.981+0000] {taskinstance.py:1660} INFO - Exporting env vars: AIRFLOW_CTX_DAG_OWNER='me' AIRFLOW_CTX_DAG_ID='spark_stream_job' AIRFLOW_CTX_TASK_ID='spark_submit_task' AIRFLOW_CTX_EXECUTION_DATE='2024-01-17T00:05:00+00:00' AIRFLOW_CTX_TRY_NUMBER='1' AIRFLOW_CTX_DAG_RUN_ID='scheduled__2024-01-17T00:05:00+00:00'
[2024-01-17T04:30:15.992+0000] {base.py:73} INFO - Using connection ID 'spark_default' for task execution.
[2024-01-17T04:30:15.993+0000] {spark_submit.py:401} INFO - Spark-Submit cmd: spark-submit --master yarn --name spark_submit_job --verbose --queue root.default /opt/bitnami/code/spark_stream.py
[2024-01-17T04:30:16.119+0000] {spark_submit.py:571} INFO - /home/***/.local/lib/python3.9/site-packages/pyspark/bin/load-spark-env.sh: line 68: ps: command not found
[2024-01-17T04:30:17.294+0000] {spark_submit.py:571} INFO - Using properties file: null
[2024-01-17T04:30:17.382+0000] {spark_submit.py:571} INFO - Exception in thread "main" org.apache.spark.SparkException: When running with master 'yarn' either HADOOP_CONF_DIR or YARN_CONF_DIR must be set in the environment.
[2024-01-17T04:30:17.382+0000] {spark_submit.py:571} INFO - at org.apache.spark.deploy.SparkSubmitArguments.error(SparkSubmitArguments.scala:650)
[2024-01-17T04:30:17.382+0000] {spark_submit.py:571} INFO - at org.apache.spark.deploy.SparkSubmitArguments.validateSubmitArguments(SparkSubmitArguments.scala:281)
[2024-01-17T04:30:17.382+0000] {spark_submit.py:571} INFO - at org.apache.spark.deploy.SparkSubmitArguments.validateArguments(SparkSubmitArguments.scala:237)
[2024-01-17T04:30:17.382+0000] {spark_submit.py:571} INFO - at org.apache.spark.deploy.SparkSubmitArguments.<init>(SparkSubmitArguments.scala:122)
[2024-01-17T04:30:17.382+0000] {spark_submit.py:571} INFO - at org.apache.spark.deploy.SparkSubmit$$anon$2$$anon$3.<init>(SparkSubmit.scala:1103)
[2024-01-17T04:30:17.382+0000] {spark_submit.py:571} INFO - at org.apache.spark.deploy.SparkSubmit$$anon$2.parseArguments(SparkSubmit.scala:1103)
[2024-01-17T04:30:17.382+0000] {spark_submit.py:571} INFO - at org.apache.spark.deploy.SparkSubmit.doSubmit(SparkSubmit.scala:86)
[2024-01-17T04:30:17.382+0000] {spark_submit.py:571} INFO - at org.apache.spark.deploy.SparkSubmit$$anon$2.doSubmit(SparkSubmit.scala:1120)
[2024-01-17T04:30:17.382+0000] {spark_submit.py:571} INFO - at org.apache.spark.deploy.SparkSubmit$.main(SparkSubmit.scala:1129)
[2024-01-17T04:30:17.382+0000] {spark_submit.py:571} INFO - at org.apache.spark.deploy.SparkSubmit.main(SparkSubmit.scala)
[2024-01-17T04:30:17.400+0000] {taskinstance.py:1943} ERROR - Task failed with exception
Traceback (most recent call last):
  File "/home/airflow/.local/lib/python3.9/site-packages/airflow/providers/apache/spark/operators/spark_submit.py", line 174, in execute
    self._hook.submit(self._application)
  File "/home/airflow/.local/lib/python3.9/site-packages/airflow/providers/apache/spark/hooks/spark_submit.py", line 502, in submit
    raise AirflowException(
airflow.exceptions.AirflowException: Cannot execute: spark-submit --master yarn --name spark_submit_job --verbose --queue root.default /opt/bitnami/code/spark_stream.py. Error code is: 1.
[2024-01-17T04:30:17.403+0000] {taskinstance.py:1400} INFO - Marking task as UP_FOR_RETRY. dag_id=spark_stream_job, task_id=spark_submit_task, execution_date=20240117T000500, start_date=20240117T043015, end_date=20240117T043017
[2024-01-17T04:30:17.413+0000] {standard_task_runner.py:104} ERROR - Failed to execute job 3 for task spark_submit_task (Cannot execute: spark-submit --master yarn --name spark_submit_job --verbose --queue root.default /opt/bitnami/code/spark_stream.py. Error code is: 1.; 3554)
[2024-01-17T04:30:17.441+0000] {local_task_job_runner.py:228} INFO - Task exited with return code 1
[2024-01-17T04:30:17.458+0000] {taskinstance.py:2784} INFO - 0 downstream tasks scheduled from follow-on schedule check
[2024-01-17T04:36:03.677+0000] {taskinstance.py:1159} INFO - Dependencies all met for dep_context=non-requeueable deps ti=<TaskInstance: spark_stream_job.spark_submit_task scheduled__2024-01-17T00:05:00+00:00 [queued]>
[2024-01-17T04:36:03.684+0000] {taskinstance.py:1159} INFO - Dependencies all met for dep_context=requeueable deps ti=<TaskInstance: spark_stream_job.spark_submit_task scheduled__2024-01-17T00:05:00+00:00 [queued]>
[2024-01-17T04:36:03.684+0000] {taskinstance.py:1361} INFO - Starting attempt 1 of 2
[2024-01-17T04:36:03.697+0000] {taskinstance.py:1382} INFO - Executing <Task(SparkSubmitOperator): spark_submit_task> on 2024-01-17 00:05:00+00:00
[2024-01-17T04:36:03.700+0000] {standard_task_runner.py:57} INFO - Started process 5030 to run task
[2024-01-17T04:36:03.702+0000] {standard_task_runner.py:84} INFO - Running: ['***', 'tasks', 'run', 'spark_stream_job', 'spark_submit_task', 'scheduled__2024-01-17T00:05:00+00:00', '--job-id', '59', '--raw', '--subdir', 'DAGS_FOLDER/spark_streaming_dag.py', '--cfg-path', '/tmp/tmpstgtz9ix']
[2024-01-17T04:36:03.704+0000] {standard_task_runner.py:85} INFO - Job 59: Subtask spark_submit_task
[2024-01-17T04:36:03.749+0000] {task_command.py:415} INFO - Running <TaskInstance: spark_stream_job.spark_submit_task scheduled__2024-01-17T00:05:00+00:00 [running]> on host 614a419ad930
[2024-01-17T04:36:03.821+0000] {taskinstance.py:1660} INFO - Exporting env vars: AIRFLOW_CTX_DAG_OWNER='me' AIRFLOW_CTX_DAG_ID='spark_stream_job' AIRFLOW_CTX_TASK_ID='spark_submit_task' AIRFLOW_CTX_EXECUTION_DATE='2024-01-17T00:05:00+00:00' AIRFLOW_CTX_TRY_NUMBER='1' AIRFLOW_CTX_DAG_RUN_ID='scheduled__2024-01-17T00:05:00+00:00'
[2024-01-17T04:36:03.829+0000] {base.py:73} INFO - Using connection ID 'spark_default' for task execution.
[2024-01-17T04:36:03.830+0000] {spark_submit.py:401} INFO - Spark-Submit cmd: spark-submit --master spark://192.168.224.5:7077 --name spark_submit_job --class org.apache.spark.deploy.PythonRunner --verbose --queue root.default --deploy-mode client /opt/bitnami/code/spark_stream.py
[2024-01-17T04:36:03.943+0000] {spark_submit.py:571} INFO - /home/***/.local/lib/python3.9/site-packages/pyspark/bin/load-spark-env.sh: line 68: ps: command not found
[2024-01-17T04:36:05.039+0000] {spark_submit.py:571} INFO - Using properties file: null
[2024-01-17T04:36:05.124+0000] {spark_submit.py:571} INFO - Parsed arguments:
[2024-01-17T04:36:05.124+0000] {spark_submit.py:571} INFO - master                  spark://192.168.224.5:7077
[2024-01-17T04:36:05.124+0000] {spark_submit.py:571} INFO - remote                  null
[2024-01-17T04:36:05.124+0000] {spark_submit.py:571} INFO - deployMode              client
[2024-01-17T04:36:05.124+0000] {spark_submit.py:571} INFO - executorMemory          null
[2024-01-17T04:36:05.124+0000] {spark_submit.py:571} INFO - executorCores           null
[2024-01-17T04:36:05.124+0000] {spark_submit.py:571} INFO - totalExecutorCores      null
[2024-01-17T04:36:05.124+0000] {spark_submit.py:571} INFO - propertiesFile          null
[2024-01-17T04:36:05.124+0000] {spark_submit.py:571} INFO - driverMemory            null
[2024-01-17T04:36:05.125+0000] {spark_submit.py:571} INFO - driverCores             null
[2024-01-17T04:36:05.125+0000] {spark_submit.py:571} INFO - driverExtraClassPath    null
[2024-01-17T04:36:05.125+0000] {spark_submit.py:571} INFO - driverExtraLibraryPath  null
[2024-01-17T04:36:05.125+0000] {spark_submit.py:571} INFO - driverExtraJavaOptions  null
[2024-01-17T04:36:05.125+0000] {spark_submit.py:571} INFO - supervise               false
[2024-01-17T04:36:05.125+0000] {spark_submit.py:571} INFO - queue                   root.default
[2024-01-17T04:36:05.125+0000] {spark_submit.py:571} INFO - numExecutors            null
[2024-01-17T04:36:05.125+0000] {spark_submit.py:571} INFO - files                   null
[2024-01-17T04:36:05.125+0000] {spark_submit.py:571} INFO - pyFiles                 null
[2024-01-17T04:36:05.125+0000] {spark_submit.py:571} INFO - archives                null
[2024-01-17T04:36:05.125+0000] {spark_submit.py:571} INFO - mainClass               org.apache.spark.deploy.PythonRunner
[2024-01-17T04:36:05.125+0000] {spark_submit.py:571} INFO - primaryResource         file:/opt/bitnami/code/spark_stream.py
[2024-01-17T04:36:05.125+0000] {spark_submit.py:571} INFO - name                    spark_submit_job
[2024-01-17T04:36:05.125+0000] {spark_submit.py:571} INFO - childArgs               []
[2024-01-17T04:36:05.125+0000] {spark_submit.py:571} INFO - jars                    null
[2024-01-17T04:36:05.125+0000] {spark_submit.py:571} INFO - packages                null
[2024-01-17T04:36:05.125+0000] {spark_submit.py:571} INFO - packagesExclusions      null
[2024-01-17T04:36:05.125+0000] {spark_submit.py:571} INFO - repositories            null
[2024-01-17T04:36:05.125+0000] {spark_submit.py:571} INFO - verbose                 true
[2024-01-17T04:36:05.125+0000] {spark_submit.py:571} INFO - 
[2024-01-17T04:36:05.125+0000] {spark_submit.py:571} INFO - Spark properties used, including those specified through
[2024-01-17T04:36:05.125+0000] {spark_submit.py:571} INFO - --conf and those from the properties file null:
[2024-01-17T04:36:05.125+0000] {spark_submit.py:571} INFO - 
[2024-01-17T04:36:05.126+0000] {spark_submit.py:571} INFO - 
[2024-01-17T04:36:05.126+0000] {spark_submit.py:571} INFO - 
[2024-01-17T04:36:05.298+0000] {spark_submit.py:571} INFO - Main class:
[2024-01-17T04:36:05.299+0000] {spark_submit.py:571} INFO - org.apache.spark.deploy.PythonRunner
[2024-01-17T04:36:05.299+0000] {spark_submit.py:571} INFO - Arguments:
[2024-01-17T04:36:05.299+0000] {spark_submit.py:571} INFO - file:/opt/bitnami/code/spark_stream.py
[2024-01-17T04:36:05.299+0000] {spark_submit.py:571} INFO - null
[2024-01-17T04:36:05.301+0000] {spark_submit.py:571} INFO - Spark config:
[2024-01-17T04:36:05.301+0000] {spark_submit.py:571} INFO - (spark.app.name,spark_submit_job)
[2024-01-17T04:36:05.302+0000] {spark_submit.py:571} INFO - (spark.app.submitTime,1705466165288)
[2024-01-17T04:36:05.302+0000] {spark_submit.py:571} INFO - (spark.master,spark://192.168.224.5:7077)
[2024-01-17T04:36:05.302+0000] {spark_submit.py:571} INFO - (spark.submit.deployMode,client)
[2024-01-17T04:36:05.302+0000] {spark_submit.py:571} INFO - (spark.submit.pyFiles,)
[2024-01-17T04:36:05.302+0000] {spark_submit.py:571} INFO - Classpath elements:
[2024-01-17T04:36:05.302+0000] {spark_submit.py:571} INFO - 
[2024-01-17T04:36:05.302+0000] {spark_submit.py:571} INFO - 
[2024-01-17T04:36:05.302+0000] {spark_submit.py:571} INFO - 
[2024-01-17T04:36:05.454+0000] {spark_submit.py:571} INFO - python3: can't open file '/opt/bitnami/code/spark_stream.py': [Errno 2] No such file or directory
[2024-01-17T04:36:05.467+0000] {spark_submit.py:571} INFO - 24/01/17 04:36:05 INFO ShutdownHookManager: Shutdown hook called
[2024-01-17T04:36:05.473+0000] {spark_submit.py:571} INFO - 24/01/17 04:36:05 INFO ShutdownHookManager: Deleting directory /tmp/spark-3427a5c5-a41c-47f8-8cc3-5c9823599849
[2024-01-17T04:36:05.507+0000] {taskinstance.py:1943} ERROR - Task failed with exception
Traceback (most recent call last):
  File "/home/airflow/.local/lib/python3.9/site-packages/airflow/providers/apache/spark/operators/spark_submit.py", line 174, in execute
    self._hook.submit(self._application)
  File "/home/airflow/.local/lib/python3.9/site-packages/airflow/providers/apache/spark/hooks/spark_submit.py", line 502, in submit
    raise AirflowException(
airflow.exceptions.AirflowException: Cannot execute: spark-submit --master spark://192.168.224.5:7077 --name spark_submit_job --class org.apache.spark.deploy.PythonRunner --verbose --queue root.default --deploy-mode client /opt/bitnami/code/spark_stream.py. Error code is: 2.
[2024-01-17T04:36:05.509+0000] {taskinstance.py:1400} INFO - Marking task as UP_FOR_RETRY. dag_id=spark_stream_job, task_id=spark_submit_task, execution_date=20240117T000500, start_date=20240117T043603, end_date=20240117T043605
[2024-01-17T04:36:05.519+0000] {standard_task_runner.py:104} ERROR - Failed to execute job 59 for task spark_submit_task (Cannot execute: spark-submit --master spark://192.168.224.5:7077 --name spark_submit_job --class org.apache.spark.deploy.PythonRunner --verbose --queue root.default --deploy-mode client /opt/bitnami/code/spark_stream.py. Error code is: 2.; 5030)
[2024-01-17T04:36:05.561+0000] {local_task_job_runner.py:228} INFO - Task exited with return code 1
[2024-01-17T04:36:05.579+0000] {taskinstance.py:2784} INFO - 0 downstream tasks scheduled from follow-on schedule check
[2024-01-17T04:44:03.411+0000] {taskinstance.py:1159} INFO - Dependencies all met for dep_context=non-requeueable deps ti=<TaskInstance: spark_stream_job.spark_submit_task scheduled__2024-01-17T00:05:00+00:00 [queued]>
[2024-01-17T04:44:03.417+0000] {taskinstance.py:1159} INFO - Dependencies all met for dep_context=requeueable deps ti=<TaskInstance: spark_stream_job.spark_submit_task scheduled__2024-01-17T00:05:00+00:00 [queued]>
[2024-01-17T04:44:03.417+0000] {taskinstance.py:1361} INFO - Starting attempt 1 of 1
[2024-01-17T04:44:03.428+0000] {taskinstance.py:1382} INFO - Executing <Task(SparkSubmitOperator): spark_submit_task> on 2024-01-17 00:05:00+00:00
[2024-01-17T04:44:03.430+0000] {standard_task_runner.py:57} INFO - Started process 10837 to run task
[2024-01-17T04:44:03.433+0000] {standard_task_runner.py:84} INFO - Running: ['***', 'tasks', 'run', 'spark_stream_job', 'spark_submit_task', 'scheduled__2024-01-17T00:05:00+00:00', '--job-id', '135', '--raw', '--subdir', 'DAGS_FOLDER/spark_streaming_dag.py', '--cfg-path', '/tmp/tmp9pkenux2']
[2024-01-17T04:44:03.434+0000] {standard_task_runner.py:85} INFO - Job 135: Subtask spark_submit_task
[2024-01-17T04:44:03.471+0000] {task_command.py:415} INFO - Running <TaskInstance: spark_stream_job.spark_submit_task scheduled__2024-01-17T00:05:00+00:00 [running]> on host 614a419ad930
[2024-01-17T04:44:03.528+0000] {taskinstance.py:1660} INFO - Exporting env vars: AIRFLOW_CTX_DAG_OWNER='me' AIRFLOW_CTX_DAG_ID='spark_stream_job' AIRFLOW_CTX_TASK_ID='spark_submit_task' AIRFLOW_CTX_EXECUTION_DATE='2024-01-17T00:05:00+00:00' AIRFLOW_CTX_TRY_NUMBER='1' AIRFLOW_CTX_DAG_RUN_ID='scheduled__2024-01-17T00:05:00+00:00'
[2024-01-17T04:44:03.535+0000] {base.py:73} INFO - Using connection ID 'spark_default' for task execution.
[2024-01-17T04:44:03.535+0000] {spark_submit.py:401} INFO - Spark-Submit cmd: spark-submit --master spark://192.168.224.5:7077 --name spark_submit_job --class org.apache.spark.deploy.PythonRunner --verbose --queue root.default --deploy-mode client /opt/***/dags/spark_stream.py
[2024-01-17T04:44:03.631+0000] {spark_submit.py:571} INFO - /home/***/.local/lib/python3.9/site-packages/pyspark/bin/load-spark-env.sh: line 68: ps: command not found
[2024-01-17T04:44:04.671+0000] {spark_submit.py:571} INFO - Using properties file: null
[2024-01-17T04:44:04.753+0000] {spark_submit.py:571} INFO - Parsed arguments:
[2024-01-17T04:44:04.754+0000] {spark_submit.py:571} INFO - master                  spark://192.168.224.5:7077
[2024-01-17T04:44:04.754+0000] {spark_submit.py:571} INFO - remote                  null
[2024-01-17T04:44:04.754+0000] {spark_submit.py:571} INFO - deployMode              client
[2024-01-17T04:44:04.754+0000] {spark_submit.py:571} INFO - executorMemory          null
[2024-01-17T04:44:04.754+0000] {spark_submit.py:571} INFO - executorCores           null
[2024-01-17T04:44:04.754+0000] {spark_submit.py:571} INFO - totalExecutorCores      null
[2024-01-17T04:44:04.754+0000] {spark_submit.py:571} INFO - propertiesFile          null
[2024-01-17T04:44:04.754+0000] {spark_submit.py:571} INFO - driverMemory            null
[2024-01-17T04:44:04.754+0000] {spark_submit.py:571} INFO - driverCores             null
[2024-01-17T04:44:04.754+0000] {spark_submit.py:571} INFO - driverExtraClassPath    null
[2024-01-17T04:44:04.754+0000] {spark_submit.py:571} INFO - driverExtraLibraryPath  null
[2024-01-17T04:44:04.754+0000] {spark_submit.py:571} INFO - driverExtraJavaOptions  null
[2024-01-17T04:44:04.754+0000] {spark_submit.py:571} INFO - supervise               false
[2024-01-17T04:44:04.754+0000] {spark_submit.py:571} INFO - queue                   root.default
[2024-01-17T04:44:04.754+0000] {spark_submit.py:571} INFO - numExecutors            null
[2024-01-17T04:44:04.754+0000] {spark_submit.py:571} INFO - files                   null
[2024-01-17T04:44:04.754+0000] {spark_submit.py:571} INFO - pyFiles                 null
[2024-01-17T04:44:04.754+0000] {spark_submit.py:571} INFO - archives                null
[2024-01-17T04:44:04.754+0000] {spark_submit.py:571} INFO - mainClass               org.apache.spark.deploy.PythonRunner
[2024-01-17T04:44:04.754+0000] {spark_submit.py:571} INFO - primaryResource         file:/opt/***/dags/spark_stream.py
[2024-01-17T04:44:04.754+0000] {spark_submit.py:571} INFO - name                    spark_submit_job
[2024-01-17T04:44:04.755+0000] {spark_submit.py:571} INFO - childArgs               []
[2024-01-17T04:44:04.755+0000] {spark_submit.py:571} INFO - jars                    null
[2024-01-17T04:44:04.755+0000] {spark_submit.py:571} INFO - packages                null
[2024-01-17T04:44:04.755+0000] {spark_submit.py:571} INFO - packagesExclusions      null
[2024-01-17T04:44:04.755+0000] {spark_submit.py:571} INFO - repositories            null
[2024-01-17T04:44:04.755+0000] {spark_submit.py:571} INFO - verbose                 true
[2024-01-17T04:44:04.755+0000] {spark_submit.py:571} INFO - 
[2024-01-17T04:44:04.755+0000] {spark_submit.py:571} INFO - Spark properties used, including those specified through
[2024-01-17T04:44:04.755+0000] {spark_submit.py:571} INFO - --conf and those from the properties file null:
[2024-01-17T04:44:04.755+0000] {spark_submit.py:571} INFO - 
[2024-01-17T04:44:04.755+0000] {spark_submit.py:571} INFO - 
[2024-01-17T04:44:04.755+0000] {spark_submit.py:571} INFO - 
[2024-01-17T04:44:04.931+0000] {spark_submit.py:571} INFO - Main class:
[2024-01-17T04:44:04.931+0000] {spark_submit.py:571} INFO - org.apache.spark.deploy.PythonRunner
[2024-01-17T04:44:04.931+0000] {spark_submit.py:571} INFO - Arguments:
[2024-01-17T04:44:04.931+0000] {spark_submit.py:571} INFO - file:/opt/***/dags/spark_stream.py
[2024-01-17T04:44:04.931+0000] {spark_submit.py:571} INFO - null
[2024-01-17T04:44:04.934+0000] {spark_submit.py:571} INFO - Spark config:
[2024-01-17T04:44:04.934+0000] {spark_submit.py:571} INFO - (spark.app.name,spark_submit_job)
[2024-01-17T04:44:04.934+0000] {spark_submit.py:571} INFO - (spark.app.submitTime,1705466644918)
[2024-01-17T04:44:04.934+0000] {spark_submit.py:571} INFO - (spark.master,spark://192.168.224.5:7077)
[2024-01-17T04:44:04.934+0000] {spark_submit.py:571} INFO - (spark.submit.deployMode,client)
[2024-01-17T04:44:04.934+0000] {spark_submit.py:571} INFO - (spark.submit.pyFiles,)
[2024-01-17T04:44:04.934+0000] {spark_submit.py:571} INFO - Classpath elements:
[2024-01-17T04:44:04.934+0000] {spark_submit.py:571} INFO - 
[2024-01-17T04:44:04.934+0000] {spark_submit.py:571} INFO - 
[2024-01-17T04:44:04.934+0000] {spark_submit.py:571} INFO - 
[2024-01-17T04:44:06.303+0000] {spark_submit.py:571} INFO - None of PyTorch, TensorFlow >= 2.0, or Flax have been found. Models won't be available and only tokenizers, configuration and file/data utilities can be used.
[2024-01-17T04:44:06.440+0000] {spark_submit.py:571} INFO - 24/01/17 04:44:06 INFO SparkContext: Running Spark version 3.5.0
[2024-01-17T04:44:06.441+0000] {spark_submit.py:571} INFO - 24/01/17 04:44:06 INFO SparkContext: OS info Linux, 5.10.16.3-microsoft-standard-WSL2, amd64
[2024-01-17T04:44:06.441+0000] {spark_submit.py:571} INFO - 24/01/17 04:44:06 INFO SparkContext: Java version 11.0.21
[2024-01-17T04:44:06.490+0000] {spark_submit.py:571} INFO - 24/01/17 04:44:06 WARN NativeCodeLoader: Unable to load native-hadoop library for your platform... using builtin-java classes where applicable
[2024-01-17T04:44:06.547+0000] {spark_submit.py:571} INFO - 24/01/17 04:44:06 INFO ResourceUtils: ==============================================================
[2024-01-17T04:44:06.547+0000] {spark_submit.py:571} INFO - 24/01/17 04:44:06 INFO ResourceUtils: No custom resources configured for spark.driver.
[2024-01-17T04:44:06.547+0000] {spark_submit.py:571} INFO - 24/01/17 04:44:06 INFO ResourceUtils: ==============================================================
[2024-01-17T04:44:06.548+0000] {spark_submit.py:571} INFO - 24/01/17 04:44:06 INFO SparkContext: Submitted application: SparkDataStreaming
[2024-01-17T04:44:06.562+0000] {spark_submit.py:571} INFO - 24/01/17 04:44:06 INFO ResourceProfile: Default ResourceProfile created, executor resources: Map(memory -> name: memory, amount: 1024, script: , vendor: , offHeap -> name: offHeap, amount: 0, script: , vendor: ), task resources: Map(cpus -> name: cpus, amount: 1.0)
[2024-01-17T04:44:06.571+0000] {spark_submit.py:571} INFO - 24/01/17 04:44:06 INFO ResourceProfile: Limiting resource is cpu
[2024-01-17T04:44:06.572+0000] {spark_submit.py:571} INFO - 24/01/17 04:44:06 INFO ResourceProfileManager: Added ResourceProfile id: 0
[2024-01-17T04:44:06.611+0000] {spark_submit.py:571} INFO - 24/01/17 04:44:06 INFO SecurityManager: Changing view acls to: ***
[2024-01-17T04:44:06.611+0000] {spark_submit.py:571} INFO - 24/01/17 04:44:06 INFO SecurityManager: Changing modify acls to: ***
[2024-01-17T04:44:06.612+0000] {spark_submit.py:571} INFO - 24/01/17 04:44:06 INFO SecurityManager: Changing view acls groups to:
[2024-01-17T04:44:06.612+0000] {spark_submit.py:571} INFO - 24/01/17 04:44:06 INFO SecurityManager: Changing modify acls groups to:
[2024-01-17T04:44:06.612+0000] {spark_submit.py:571} INFO - 24/01/17 04:44:06 INFO SecurityManager: SecurityManager: authentication disabled; ui acls disabled; users with view permissions: ***; groups with view permissions: EMPTY; users with modify permissions: ***; groups with modify permissions: EMPTY
[2024-01-17T04:44:06.782+0000] {spark_submit.py:571} INFO - 24/01/17 04:44:06 INFO Utils: Successfully started service 'sparkDriver' on port 44253.
[2024-01-17T04:44:06.817+0000] {spark_submit.py:571} INFO - 24/01/17 04:44:06 INFO SparkEnv: Registering MapOutputTracker
[2024-01-17T04:44:06.868+0000] {spark_submit.py:571} INFO - 24/01/17 04:44:06 INFO SparkEnv: Registering BlockManagerMaster
[2024-01-17T04:44:06.894+0000] {spark_submit.py:571} INFO - 24/01/17 04:44:06 INFO BlockManagerMasterEndpoint: Using org.apache.spark.storage.DefaultTopologyMapper for getting topology information
[2024-01-17T04:44:06.895+0000] {spark_submit.py:571} INFO - 24/01/17 04:44:06 INFO BlockManagerMasterEndpoint: BlockManagerMasterEndpoint up
[2024-01-17T04:44:06.900+0000] {spark_submit.py:571} INFO - 24/01/17 04:44:06 INFO SparkEnv: Registering BlockManagerMasterHeartbeat
[2024-01-17T04:44:06.930+0000] {spark_submit.py:571} INFO - 24/01/17 04:44:06 INFO DiskBlockManager: Created local directory at /tmp/blockmgr-402abaf6-c709-4a07-a757-6116110ba4c6
[2024-01-17T04:44:06.948+0000] {spark_submit.py:571} INFO - 24/01/17 04:44:06 INFO MemoryStore: MemoryStore started with capacity 434.4 MiB
[2024-01-17T04:44:06.966+0000] {spark_submit.py:571} INFO - 24/01/17 04:44:06 INFO SparkEnv: Registering OutputCommitCoordinator
[2024-01-17T04:44:07.123+0000] {spark_submit.py:571} INFO - 24/01/17 04:44:07 INFO JettyUtils: Start Jetty 0.0.0.0:4040 for SparkUI
[2024-01-17T04:44:07.186+0000] {spark_submit.py:571} INFO - 24/01/17 04:44:07 INFO Utils: Successfully started service 'SparkUI' on port 4040.
[2024-01-17T04:44:07.284+0000] {spark_submit.py:571} INFO - 24/01/17 04:44:07 INFO StandaloneAppClient$ClientEndpoint: Connecting to master spark://192.168.224.5:7077...
[2024-01-17T04:44:07.319+0000] {spark_submit.py:571} INFO - 24/01/17 04:44:07 INFO TransportClientFactory: Successfully created connection to /192.168.224.5:7077 after 21 ms (0 ms spent in bootstraps)
[2024-01-17T04:44:07.384+0000] {spark_submit.py:571} INFO - 24/01/17 04:44:07 INFO StandaloneSchedulerBackend: Connected to Spark cluster with app ID app-20240117044407-0009
[2024-01-17T04:44:07.386+0000] {spark_submit.py:571} INFO - 24/01/17 04:44:07 INFO StandaloneAppClient$ClientEndpoint: Executor added: app-20240117044407-0009/0 on worker-20240117040815-192.168.224.7-45465 (192.168.224.7:45465) with 2 core(s)
[2024-01-17T04:44:07.388+0000] {spark_submit.py:571} INFO - 24/01/17 04:44:07 INFO StandaloneSchedulerBackend: Granted executor ID app-20240117044407-0009/0 on hostPort 192.168.224.7:45465 with 2 core(s), 1024.0 MiB RAM
[2024-01-17T04:44:07.393+0000] {spark_submit.py:571} INFO - 24/01/17 04:44:07 INFO Utils: Successfully started service 'org.apache.spark.network.netty.NettyBlockTransferService' on port 40601.
[2024-01-17T04:44:07.393+0000] {spark_submit.py:571} INFO - 24/01/17 04:44:07 INFO NettyBlockTransferService: Server created on 614a419ad930:40601
[2024-01-17T04:44:07.396+0000] {spark_submit.py:571} INFO - 24/01/17 04:44:07 INFO BlockManager: Using org.apache.spark.storage.RandomBlockReplicationPolicy for block replication policy
[2024-01-17T04:44:07.402+0000] {spark_submit.py:571} INFO - 24/01/17 04:44:07 INFO BlockManagerMaster: Registering BlockManager BlockManagerId(driver, 614a419ad930, 40601, None)
[2024-01-17T04:44:07.405+0000] {spark_submit.py:571} INFO - 24/01/17 04:44:07 INFO BlockManagerMasterEndpoint: Registering block manager 614a419ad930:40601 with 434.4 MiB RAM, BlockManagerId(driver, 614a419ad930, 40601, None)
[2024-01-17T04:44:07.408+0000] {spark_submit.py:571} INFO - 24/01/17 04:44:07 INFO BlockManagerMaster: Registered BlockManager BlockManagerId(driver, 614a419ad930, 40601, None)
[2024-01-17T04:44:07.409+0000] {spark_submit.py:571} INFO - 24/01/17 04:44:07 INFO BlockManager: Initialized BlockManager: BlockManagerId(driver, 614a419ad930, 40601, None)
[2024-01-17T04:44:07.436+0000] {spark_submit.py:571} INFO - 24/01/17 04:44:07 INFO StandaloneAppClient$ClientEndpoint: Executor updated: app-20240117044407-0009/0 is now RUNNING
[2024-01-17T04:44:07.653+0000] {spark_submit.py:571} INFO - 24/01/17 04:44:07 INFO StandaloneSchedulerBackend: SchedulerBackend is ready for scheduling beginning after reached minRegisteredResourcesRatio: 0.0
[2024-01-17T04:44:08.927+0000] {spark_submit.py:571} INFO - WARNING:root:kafka dataframe could not be created because: Failed to find data source: kafka. Please deploy the application as per the deployment section of Structured Streaming + Kafka Integration Guide.
[2024-01-17T04:44:08.932+0000] {spark_submit.py:571} INFO - ERROR:root:An error occurred in the Spark Streaming job: Failed to find data source: kafka. Please deploy the application as per the deployment section of Structured Streaming + Kafka Integration Guide.
[2024-01-17T04:44:09.181+0000] {spark_submit.py:571} INFO - Traceback (most recent call last):
[2024-01-17T04:44:09.181+0000] {spark_submit.py:571} INFO - File "/opt/***/dags/spark_stream.py", line 331, in <module>
[2024-01-17T04:44:09.182+0000] {spark_submit.py:571} INFO - main()
[2024-01-17T04:44:09.182+0000] {spark_submit.py:571} INFO - File "/opt/***/dags/spark_stream.py", line 328, in main
[2024-01-17T04:44:09.182+0000] {spark_submit.py:571} INFO - cassandra_session.shutdown()
[2024-01-17T04:44:09.182+0000] {spark_submit.py:571} INFO - UnboundLocalError: local variable 'cassandra_session' referenced before assignment
[2024-01-17T04:44:09.369+0000] {taskinstance.py:1943} ERROR - Task failed with exception
Traceback (most recent call last):
  File "/home/airflow/.local/lib/python3.9/site-packages/airflow/providers/apache/spark/operators/spark_submit.py", line 174, in execute
    self._hook.submit(self._application)
  File "/home/airflow/.local/lib/python3.9/site-packages/airflow/providers/apache/spark/hooks/spark_submit.py", line 502, in submit
    raise AirflowException(
airflow.exceptions.AirflowException: Cannot execute: spark-submit --master spark://192.168.224.5:7077 --name spark_submit_job --class org.apache.spark.deploy.PythonRunner --verbose --queue root.default --deploy-mode client /opt/***/dags/spark_stream.py. Error code is: 1.
[2024-01-17T04:44:09.371+0000] {taskinstance.py:1400} INFO - Marking task as FAILED. dag_id=spark_stream_job, task_id=spark_submit_task, execution_date=20240117T000500, start_date=20240117T044403, end_date=20240117T044409
[2024-01-17T04:44:09.382+0000] {standard_task_runner.py:104} ERROR - Failed to execute job 135 for task spark_submit_task (Cannot execute: spark-submit --master spark://192.168.224.5:7077 --name spark_submit_job --class org.apache.spark.deploy.PythonRunner --verbose --queue root.default --deploy-mode client /opt/***/dags/spark_stream.py. Error code is: 1.; 10837)
[2024-01-17T04:44:09.400+0000] {local_task_job_runner.py:228} INFO - Task exited with return code 1
[2024-01-17T04:44:09.416+0000] {taskinstance.py:2784} INFO - 0 downstream tasks scheduled from follow-on schedule check
[2024-01-17T04:52:43.781+0000] {taskinstance.py:1159} INFO - Dependencies all met for dep_context=non-requeueable deps ti=<TaskInstance: spark_stream_job.spark_submit_task scheduled__2024-01-17T00:05:00+00:00 [queued]>
[2024-01-17T04:52:43.787+0000] {taskinstance.py:1159} INFO - Dependencies all met for dep_context=requeueable deps ti=<TaskInstance: spark_stream_job.spark_submit_task scheduled__2024-01-17T00:05:00+00:00 [queued]>
[2024-01-17T04:52:43.787+0000] {taskinstance.py:1361} INFO - Starting attempt 1 of 1
[2024-01-17T04:52:43.797+0000] {taskinstance.py:1382} INFO - Executing <Task(SparkSubmitOperator): spark_submit_task> on 2024-01-17 00:05:00+00:00
[2024-01-17T04:52:43.801+0000] {standard_task_runner.py:57} INFO - Started process 22389 to run task
[2024-01-17T04:52:43.803+0000] {standard_task_runner.py:84} INFO - Running: ['***', 'tasks', 'run', 'spark_stream_job', 'spark_submit_task', 'scheduled__2024-01-17T00:05:00+00:00', '--job-id', '195', '--raw', '--subdir', 'DAGS_FOLDER/spark_streaming_dag.py', '--cfg-path', '/tmp/tmpn2lmpf70']
[2024-01-17T04:52:43.804+0000] {standard_task_runner.py:85} INFO - Job 195: Subtask spark_submit_task
[2024-01-17T04:52:43.850+0000] {task_command.py:415} INFO - Running <TaskInstance: spark_stream_job.spark_submit_task scheduled__2024-01-17T00:05:00+00:00 [running]> on host 614a419ad930
[2024-01-17T04:52:43.914+0000] {taskinstance.py:1660} INFO - Exporting env vars: AIRFLOW_CTX_DAG_OWNER='me' AIRFLOW_CTX_DAG_ID='spark_stream_job' AIRFLOW_CTX_TASK_ID='spark_submit_task' AIRFLOW_CTX_EXECUTION_DATE='2024-01-17T00:05:00+00:00' AIRFLOW_CTX_TRY_NUMBER='1' AIRFLOW_CTX_DAG_RUN_ID='scheduled__2024-01-17T00:05:00+00:00'
[2024-01-17T04:52:43.923+0000] {base.py:73} INFO - Using connection ID 'spark_default' for task execution.
[2024-01-17T04:52:43.924+0000] {spark_submit.py:401} INFO - Spark-Submit cmd: spark-submit --master spark://192.168.224.5:7077 --name spark_submit_job --class org.apache.spark.deploy.PythonRunner --verbose --queue root.default --deploy-mode client /opt/***/dags/spark_stream.py
[2024-01-17T04:52:44.034+0000] {spark_submit.py:571} INFO - /home/***/.local/lib/python3.9/site-packages/pyspark/bin/load-spark-env.sh: line 68: ps: command not found
[2024-01-17T04:52:45.210+0000] {spark_submit.py:571} INFO - Using properties file: null
[2024-01-17T04:52:45.294+0000] {spark_submit.py:571} INFO - Parsed arguments:
[2024-01-17T04:52:45.294+0000] {spark_submit.py:571} INFO - master                  spark://192.168.224.5:7077
[2024-01-17T04:52:45.294+0000] {spark_submit.py:571} INFO - remote                  null
[2024-01-17T04:52:45.294+0000] {spark_submit.py:571} INFO - deployMode              client
[2024-01-17T04:52:45.295+0000] {spark_submit.py:571} INFO - executorMemory          null
[2024-01-17T04:52:45.295+0000] {spark_submit.py:571} INFO - executorCores           null
[2024-01-17T04:52:45.295+0000] {spark_submit.py:571} INFO - totalExecutorCores      null
[2024-01-17T04:52:45.295+0000] {spark_submit.py:571} INFO - propertiesFile          null
[2024-01-17T04:52:45.295+0000] {spark_submit.py:571} INFO - driverMemory            null
[2024-01-17T04:52:45.295+0000] {spark_submit.py:571} INFO - driverCores             null
[2024-01-17T04:52:45.295+0000] {spark_submit.py:571} INFO - driverExtraClassPath    null
[2024-01-17T04:52:45.295+0000] {spark_submit.py:571} INFO - driverExtraLibraryPath  null
[2024-01-17T04:52:45.295+0000] {spark_submit.py:571} INFO - driverExtraJavaOptions  null
[2024-01-17T04:52:45.295+0000] {spark_submit.py:571} INFO - supervise               false
[2024-01-17T04:52:45.295+0000] {spark_submit.py:571} INFO - queue                   root.default
[2024-01-17T04:52:45.295+0000] {spark_submit.py:571} INFO - numExecutors            null
[2024-01-17T04:52:45.295+0000] {spark_submit.py:571} INFO - files                   null
[2024-01-17T04:52:45.295+0000] {spark_submit.py:571} INFO - pyFiles                 null
[2024-01-17T04:52:45.295+0000] {spark_submit.py:571} INFO - archives                null
[2024-01-17T04:52:45.295+0000] {spark_submit.py:571} INFO - mainClass               org.apache.spark.deploy.PythonRunner
[2024-01-17T04:52:45.295+0000] {spark_submit.py:571} INFO - primaryResource         file:/opt/***/dags/spark_stream.py
[2024-01-17T04:52:45.295+0000] {spark_submit.py:571} INFO - name                    spark_submit_job
[2024-01-17T04:52:45.295+0000] {spark_submit.py:571} INFO - childArgs               []
[2024-01-17T04:52:45.295+0000] {spark_submit.py:571} INFO - jars                    null
[2024-01-17T04:52:45.295+0000] {spark_submit.py:571} INFO - packages                null
[2024-01-17T04:52:45.295+0000] {spark_submit.py:571} INFO - packagesExclusions      null
[2024-01-17T04:52:45.296+0000] {spark_submit.py:571} INFO - repositories            null
[2024-01-17T04:52:45.296+0000] {spark_submit.py:571} INFO - verbose                 true
[2024-01-17T04:52:45.296+0000] {spark_submit.py:571} INFO - 
[2024-01-17T04:52:45.296+0000] {spark_submit.py:571} INFO - Spark properties used, including those specified through
[2024-01-17T04:52:45.296+0000] {spark_submit.py:571} INFO - --conf and those from the properties file null:
[2024-01-17T04:52:45.296+0000] {spark_submit.py:571} INFO - 
[2024-01-17T04:52:45.296+0000] {spark_submit.py:571} INFO - 
[2024-01-17T04:52:45.296+0000] {spark_submit.py:571} INFO - 
[2024-01-17T04:52:45.467+0000] {spark_submit.py:571} INFO - Main class:
[2024-01-17T04:52:45.468+0000] {spark_submit.py:571} INFO - org.apache.spark.deploy.PythonRunner
[2024-01-17T04:52:45.468+0000] {spark_submit.py:571} INFO - Arguments:
[2024-01-17T04:52:45.468+0000] {spark_submit.py:571} INFO - file:/opt/***/dags/spark_stream.py
[2024-01-17T04:52:45.468+0000] {spark_submit.py:571} INFO - null
[2024-01-17T04:52:45.471+0000] {spark_submit.py:571} INFO - Spark config:
[2024-01-17T04:52:45.471+0000] {spark_submit.py:571} INFO - (spark.app.name,spark_submit_job)
[2024-01-17T04:52:45.471+0000] {spark_submit.py:571} INFO - (spark.app.submitTime,1705467165456)
[2024-01-17T04:52:45.471+0000] {spark_submit.py:571} INFO - (spark.master,spark://192.168.224.5:7077)
[2024-01-17T04:52:45.471+0000] {spark_submit.py:571} INFO - (spark.submit.deployMode,client)
[2024-01-17T04:52:45.471+0000] {spark_submit.py:571} INFO - (spark.submit.pyFiles,)
[2024-01-17T04:52:45.471+0000] {spark_submit.py:571} INFO - Classpath elements:
[2024-01-17T04:52:45.471+0000] {spark_submit.py:571} INFO - 
[2024-01-17T04:52:45.471+0000] {spark_submit.py:571} INFO - 
[2024-01-17T04:52:45.471+0000] {spark_submit.py:571} INFO - 
[2024-01-17T04:52:46.984+0000] {spark_submit.py:571} INFO - None of PyTorch, TensorFlow >= 2.0, or Flax have been found. Models won't be available and only tokenizers, configuration and file/data utilities can be used.
[2024-01-17T04:52:47.165+0000] {spark_submit.py:571} INFO - 24/01/17 04:52:47 INFO SparkContext: Running Spark version 3.5.0
[2024-01-17T04:52:47.167+0000] {spark_submit.py:571} INFO - 24/01/17 04:52:47 INFO SparkContext: OS info Linux, 5.10.16.3-microsoft-standard-WSL2, amd64
[2024-01-17T04:52:47.167+0000] {spark_submit.py:571} INFO - 24/01/17 04:52:47 INFO SparkContext: Java version 11.0.21
[2024-01-17T04:52:47.208+0000] {spark_submit.py:571} INFO - 24/01/17 04:52:47 WARN NativeCodeLoader: Unable to load native-hadoop library for your platform... using builtin-java classes where applicable
[2024-01-17T04:52:47.267+0000] {spark_submit.py:571} INFO - 24/01/17 04:52:47 INFO ResourceUtils: ==============================================================
[2024-01-17T04:52:47.267+0000] {spark_submit.py:571} INFO - 24/01/17 04:52:47 INFO ResourceUtils: No custom resources configured for spark.driver.
[2024-01-17T04:52:47.268+0000] {spark_submit.py:571} INFO - 24/01/17 04:52:47 INFO ResourceUtils: ==============================================================
[2024-01-17T04:52:47.268+0000] {spark_submit.py:571} INFO - 24/01/17 04:52:47 INFO SparkContext: Submitted application: SparkDataStreaming
[2024-01-17T04:52:47.283+0000] {spark_submit.py:571} INFO - 24/01/17 04:52:47 INFO ResourceProfile: Default ResourceProfile created, executor resources: Map(memory -> name: memory, amount: 1024, script: , vendor: , offHeap -> name: offHeap, amount: 0, script: , vendor: ), task resources: Map(cpus -> name: cpus, amount: 1.0)
[2024-01-17T04:52:47.293+0000] {spark_submit.py:571} INFO - 24/01/17 04:52:47 INFO ResourceProfile: Limiting resource is cpu
[2024-01-17T04:52:47.294+0000] {spark_submit.py:571} INFO - 24/01/17 04:52:47 INFO ResourceProfileManager: Added ResourceProfile id: 0
[2024-01-17T04:52:47.338+0000] {spark_submit.py:571} INFO - 24/01/17 04:52:47 INFO SecurityManager: Changing view acls to: ***
[2024-01-17T04:52:47.338+0000] {spark_submit.py:571} INFO - 24/01/17 04:52:47 INFO SecurityManager: Changing modify acls to: ***
[2024-01-17T04:52:47.339+0000] {spark_submit.py:571} INFO - 24/01/17 04:52:47 INFO SecurityManager: Changing view acls groups to:
[2024-01-17T04:52:47.339+0000] {spark_submit.py:571} INFO - 24/01/17 04:52:47 INFO SecurityManager: Changing modify acls groups to:
[2024-01-17T04:52:47.339+0000] {spark_submit.py:571} INFO - 24/01/17 04:52:47 INFO SecurityManager: SecurityManager: authentication disabled; ui acls disabled; users with view permissions: ***; groups with view permissions: EMPTY; users with modify permissions: ***; groups with modify permissions: EMPTY
[2024-01-17T04:52:47.536+0000] {spark_submit.py:571} INFO - 24/01/17 04:52:47 INFO Utils: Successfully started service 'sparkDriver' on port 42891.
[2024-01-17T04:52:47.572+0000] {spark_submit.py:571} INFO - 24/01/17 04:52:47 INFO SparkEnv: Registering MapOutputTracker
[2024-01-17T04:52:47.618+0000] {spark_submit.py:571} INFO - 24/01/17 04:52:47 INFO SparkEnv: Registering BlockManagerMaster
[2024-01-17T04:52:47.647+0000] {spark_submit.py:571} INFO - 24/01/17 04:52:47 INFO BlockManagerMasterEndpoint: Using org.apache.spark.storage.DefaultTopologyMapper for getting topology information
[2024-01-17T04:52:47.649+0000] {spark_submit.py:571} INFO - 24/01/17 04:52:47 INFO BlockManagerMasterEndpoint: BlockManagerMasterEndpoint up
[2024-01-17T04:52:47.661+0000] {spark_submit.py:571} INFO - 24/01/17 04:52:47 INFO SparkEnv: Registering BlockManagerMasterHeartbeat
[2024-01-17T04:52:47.704+0000] {spark_submit.py:571} INFO - 24/01/17 04:52:47 INFO DiskBlockManager: Created local directory at /tmp/blockmgr-107dcdf4-7ebd-4528-abac-14ad756ac767
[2024-01-17T04:52:47.731+0000] {spark_submit.py:571} INFO - 24/01/17 04:52:47 INFO MemoryStore: MemoryStore started with capacity 434.4 MiB
[2024-01-17T04:52:47.756+0000] {spark_submit.py:571} INFO - 24/01/17 04:52:47 INFO SparkEnv: Registering OutputCommitCoordinator
[2024-01-17T04:52:47.987+0000] {spark_submit.py:571} INFO - 24/01/17 04:52:47 INFO JettyUtils: Start Jetty 0.0.0.0:4040 for SparkUI
[2024-01-17T04:52:48.081+0000] {spark_submit.py:571} INFO - 24/01/17 04:52:48 INFO Utils: Successfully started service 'SparkUI' on port 4040.
[2024-01-17T04:52:48.241+0000] {spark_submit.py:571} INFO - 24/01/17 04:52:48 INFO StandaloneAppClient$ClientEndpoint: Connecting to master spark://192.168.224.5:7077...
[2024-01-17T04:52:48.301+0000] {spark_submit.py:571} INFO - 24/01/17 04:52:48 INFO TransportClientFactory: Successfully created connection to /192.168.224.5:7077 after 34 ms (0 ms spent in bootstraps)
[2024-01-17T04:52:48.393+0000] {spark_submit.py:571} INFO - 24/01/17 04:52:48 INFO StandaloneSchedulerBackend: Connected to Spark cluster with app ID app-20240117045248-0067
[2024-01-17T04:52:48.394+0000] {spark_submit.py:571} INFO - 24/01/17 04:52:48 INFO StandaloneAppClient$ClientEndpoint: Executor added: app-20240117045248-0067/0 on worker-20240117040815-192.168.224.7-45465 (192.168.224.7:45465) with 2 core(s)
[2024-01-17T04:52:48.396+0000] {spark_submit.py:571} INFO - 24/01/17 04:52:48 INFO StandaloneSchedulerBackend: Granted executor ID app-20240117045248-0067/0 on hostPort 192.168.224.7:45465 with 2 core(s), 1024.0 MiB RAM
[2024-01-17T04:52:48.404+0000] {spark_submit.py:571} INFO - 24/01/17 04:52:48 INFO Utils: Successfully started service 'org.apache.spark.network.netty.NettyBlockTransferService' on port 46687.
[2024-01-17T04:52:48.404+0000] {spark_submit.py:571} INFO - 24/01/17 04:52:48 INFO NettyBlockTransferService: Server created on 614a419ad930:46687
[2024-01-17T04:52:48.406+0000] {spark_submit.py:571} INFO - 24/01/17 04:52:48 INFO BlockManager: Using org.apache.spark.storage.RandomBlockReplicationPolicy for block replication policy
[2024-01-17T04:52:48.418+0000] {spark_submit.py:571} INFO - 24/01/17 04:52:48 INFO BlockManagerMaster: Registering BlockManager BlockManagerId(driver, 614a419ad930, 46687, None)
[2024-01-17T04:52:48.419+0000] {spark_submit.py:571} INFO - 24/01/17 04:52:48 INFO StandaloneAppClient$ClientEndpoint: Executor updated: app-20240117045248-0067/0 is now RUNNING
[2024-01-17T04:52:48.425+0000] {spark_submit.py:571} INFO - 24/01/17 04:52:48 INFO BlockManagerMasterEndpoint: Registering block manager 614a419ad930:46687 with 434.4 MiB RAM, BlockManagerId(driver, 614a419ad930, 46687, None)
[2024-01-17T04:52:48.429+0000] {spark_submit.py:571} INFO - 24/01/17 04:52:48 INFO BlockManagerMaster: Registered BlockManager BlockManagerId(driver, 614a419ad930, 46687, None)
[2024-01-17T04:52:48.431+0000] {spark_submit.py:571} INFO - 24/01/17 04:52:48 INFO BlockManager: Initialized BlockManager: BlockManagerId(driver, 614a419ad930, 46687, None)
[2024-01-17T04:52:48.700+0000] {spark_submit.py:571} INFO - 24/01/17 04:52:48 INFO StandaloneSchedulerBackend: SchedulerBackend is ready for scheduling beginning after reached minRegisteredResourcesRatio: 0.0
[2024-01-17T04:52:49.960+0000] {spark_submit.py:571} INFO - WARNING:root:kafka dataframe could not be created because: Failed to find data source: kafka. Please deploy the application as per the deployment section of Structured Streaming + Kafka Integration Guide.
[2024-01-17T04:52:49.963+0000] {spark_submit.py:571} INFO - ERROR:root:An error occurred in the Spark Streaming job: Failed to find data source: kafka. Please deploy the application as per the deployment section of Structured Streaming + Kafka Integration Guide.
[2024-01-17T04:52:50.221+0000] {spark_submit.py:571} INFO - Traceback (most recent call last):
[2024-01-17T04:52:50.221+0000] {spark_submit.py:571} INFO - File "/opt/***/dags/spark_stream.py", line 333, in <module>
[2024-01-17T04:52:50.222+0000] {spark_submit.py:571} INFO - main()
[2024-01-17T04:52:50.222+0000] {spark_submit.py:571} INFO - File "/opt/***/dags/spark_stream.py", line 330, in main
[2024-01-17T04:52:50.222+0000] {spark_submit.py:571} INFO - cassandra_session.shutdown()
[2024-01-17T04:52:50.222+0000] {spark_submit.py:571} INFO - UnboundLocalError: local variable 'cassandra_session' referenced before assignment
[2024-01-17T04:52:50.453+0000] {taskinstance.py:1943} ERROR - Task failed with exception
Traceback (most recent call last):
  File "/home/airflow/.local/lib/python3.9/site-packages/airflow/providers/apache/spark/operators/spark_submit.py", line 174, in execute
    self._hook.submit(self._application)
  File "/home/airflow/.local/lib/python3.9/site-packages/airflow/providers/apache/spark/hooks/spark_submit.py", line 502, in submit
    raise AirflowException(
airflow.exceptions.AirflowException: Cannot execute: spark-submit --master spark://192.168.224.5:7077 --name spark_submit_job --class org.apache.spark.deploy.PythonRunner --verbose --queue root.default --deploy-mode client /opt/***/dags/spark_stream.py. Error code is: 1.
[2024-01-17T04:52:50.458+0000] {taskinstance.py:1400} INFO - Marking task as FAILED. dag_id=spark_stream_job, task_id=spark_submit_task, execution_date=20240117T000500, start_date=20240117T045243, end_date=20240117T045250
[2024-01-17T04:52:50.469+0000] {standard_task_runner.py:104} ERROR - Failed to execute job 195 for task spark_submit_task (Cannot execute: spark-submit --master spark://192.168.224.5:7077 --name spark_submit_job --class org.apache.spark.deploy.PythonRunner --verbose --queue root.default --deploy-mode client /opt/***/dags/spark_stream.py. Error code is: 1.; 22389)
[2024-01-17T04:52:50.494+0000] {local_task_job_runner.py:228} INFO - Task exited with return code 1
[2024-01-17T04:52:50.512+0000] {taskinstance.py:2784} INFO - 0 downstream tasks scheduled from follow-on schedule check
[2024-01-17T04:54:10.734+0000] {taskinstance.py:1159} INFO - Dependencies all met for dep_context=non-requeueable deps ti=<TaskInstance: spark_stream_job.spark_submit_task scheduled__2024-01-17T00:05:00+00:00 [queued]>
[2024-01-17T04:54:10.740+0000] {taskinstance.py:1159} INFO - Dependencies all met for dep_context=requeueable deps ti=<TaskInstance: spark_stream_job.spark_submit_task scheduled__2024-01-17T00:05:00+00:00 [queued]>
[2024-01-17T04:54:10.741+0000] {taskinstance.py:1361} INFO - Starting attempt 1 of 1
[2024-01-17T04:54:10.752+0000] {taskinstance.py:1382} INFO - Executing <Task(SparkSubmitOperator): spark_submit_task> on 2024-01-17 00:05:00+00:00
[2024-01-17T04:54:10.755+0000] {standard_task_runner.py:57} INFO - Started process 23029 to run task
[2024-01-17T04:54:10.758+0000] {standard_task_runner.py:84} INFO - Running: ['***', 'tasks', 'run', 'spark_stream_job', 'spark_submit_task', 'scheduled__2024-01-17T00:05:00+00:00', '--job-id', '210', '--raw', '--subdir', 'DAGS_FOLDER/spark_streaming_dag.py', '--cfg-path', '/tmp/tmp8cyz3hzm']
[2024-01-17T04:54:10.759+0000] {standard_task_runner.py:85} INFO - Job 210: Subtask spark_submit_task
[2024-01-17T04:54:10.808+0000] {task_command.py:415} INFO - Running <TaskInstance: spark_stream_job.spark_submit_task scheduled__2024-01-17T00:05:00+00:00 [running]> on host 614a419ad930
[2024-01-17T04:54:10.885+0000] {taskinstance.py:1660} INFO - Exporting env vars: AIRFLOW_CTX_DAG_OWNER='me' AIRFLOW_CTX_DAG_ID='spark_stream_job' AIRFLOW_CTX_TASK_ID='spark_submit_task' AIRFLOW_CTX_EXECUTION_DATE='2024-01-17T00:05:00+00:00' AIRFLOW_CTX_TRY_NUMBER='1' AIRFLOW_CTX_DAG_RUN_ID='scheduled__2024-01-17T00:05:00+00:00'
[2024-01-17T04:54:10.894+0000] {base.py:73} INFO - Using connection ID 'spark_default' for task execution.
[2024-01-17T04:54:10.895+0000] {spark_submit.py:401} INFO - Spark-Submit cmd: spark-submit --master spark://192.168.224.5:7077 --name spark_submit_job --class org.apache.spark.deploy.PythonRunner --verbose --queue root.default --deploy-mode client /opt/***/dags/spark_stream.py
[2024-01-17T04:54:11.046+0000] {spark_submit.py:571} INFO - /home/***/.local/lib/python3.9/site-packages/pyspark/bin/load-spark-env.sh: line 68: ps: command not found
[2024-01-17T04:54:12.356+0000] {spark_submit.py:571} INFO - Using properties file: null
[2024-01-17T04:54:12.457+0000] {spark_submit.py:571} INFO - Parsed arguments:
[2024-01-17T04:54:12.457+0000] {spark_submit.py:571} INFO - master                  spark://192.168.224.5:7077
[2024-01-17T04:54:12.457+0000] {spark_submit.py:571} INFO - remote                  null
[2024-01-17T04:54:12.457+0000] {spark_submit.py:571} INFO - deployMode              client
[2024-01-17T04:54:12.457+0000] {spark_submit.py:571} INFO - executorMemory          null
[2024-01-17T04:54:12.457+0000] {spark_submit.py:571} INFO - executorCores           null
[2024-01-17T04:54:12.457+0000] {spark_submit.py:571} INFO - totalExecutorCores      null
[2024-01-17T04:54:12.457+0000] {spark_submit.py:571} INFO - propertiesFile          null
[2024-01-17T04:54:12.457+0000] {spark_submit.py:571} INFO - driverMemory            null
[2024-01-17T04:54:12.457+0000] {spark_submit.py:571} INFO - driverCores             null
[2024-01-17T04:54:12.457+0000] {spark_submit.py:571} INFO - driverExtraClassPath    null
[2024-01-17T04:54:12.457+0000] {spark_submit.py:571} INFO - driverExtraLibraryPath  null
[2024-01-17T04:54:12.457+0000] {spark_submit.py:571} INFO - driverExtraJavaOptions  null
[2024-01-17T04:54:12.457+0000] {spark_submit.py:571} INFO - supervise               false
[2024-01-17T04:54:12.457+0000] {spark_submit.py:571} INFO - queue                   root.default
[2024-01-17T04:54:12.457+0000] {spark_submit.py:571} INFO - numExecutors            null
[2024-01-17T04:54:12.458+0000] {spark_submit.py:571} INFO - files                   null
[2024-01-17T04:54:12.458+0000] {spark_submit.py:571} INFO - pyFiles                 null
[2024-01-17T04:54:12.458+0000] {spark_submit.py:571} INFO - archives                null
[2024-01-17T04:54:12.458+0000] {spark_submit.py:571} INFO - mainClass               org.apache.spark.deploy.PythonRunner
[2024-01-17T04:54:12.458+0000] {spark_submit.py:571} INFO - primaryResource         file:/opt/***/dags/spark_stream.py
[2024-01-17T04:54:12.458+0000] {spark_submit.py:571} INFO - name                    spark_submit_job
[2024-01-17T04:54:12.458+0000] {spark_submit.py:571} INFO - childArgs               []
[2024-01-17T04:54:12.458+0000] {spark_submit.py:571} INFO - jars                    null
[2024-01-17T04:54:12.458+0000] {spark_submit.py:571} INFO - packages                null
[2024-01-17T04:54:12.458+0000] {spark_submit.py:571} INFO - packagesExclusions      null
[2024-01-17T04:54:12.458+0000] {spark_submit.py:571} INFO - repositories            null
[2024-01-17T04:54:12.458+0000] {spark_submit.py:571} INFO - verbose                 true
[2024-01-17T04:54:12.458+0000] {spark_submit.py:571} INFO - 
[2024-01-17T04:54:12.458+0000] {spark_submit.py:571} INFO - Spark properties used, including those specified through
[2024-01-17T04:54:12.458+0000] {spark_submit.py:571} INFO - --conf and those from the properties file null:
[2024-01-17T04:54:12.458+0000] {spark_submit.py:571} INFO - 
[2024-01-17T04:54:12.458+0000] {spark_submit.py:571} INFO - 
[2024-01-17T04:54:12.458+0000] {spark_submit.py:571} INFO - 
[2024-01-17T04:54:12.657+0000] {spark_submit.py:571} INFO - Main class:
[2024-01-17T04:54:12.657+0000] {spark_submit.py:571} INFO - org.apache.spark.deploy.PythonRunner
[2024-01-17T04:54:12.657+0000] {spark_submit.py:571} INFO - Arguments:
[2024-01-17T04:54:12.657+0000] {spark_submit.py:571} INFO - file:/opt/***/dags/spark_stream.py
[2024-01-17T04:54:12.657+0000] {spark_submit.py:571} INFO - null
[2024-01-17T04:54:12.660+0000] {spark_submit.py:571} INFO - Spark config:
[2024-01-17T04:54:12.660+0000] {spark_submit.py:571} INFO - (spark.app.name,spark_submit_job)
[2024-01-17T04:54:12.660+0000] {spark_submit.py:571} INFO - (spark.app.submitTime,1705467252644)
[2024-01-17T04:54:12.660+0000] {spark_submit.py:571} INFO - (spark.master,spark://192.168.224.5:7077)
[2024-01-17T04:54:12.660+0000] {spark_submit.py:571} INFO - (spark.submit.deployMode,client)
[2024-01-17T04:54:12.660+0000] {spark_submit.py:571} INFO - (spark.submit.pyFiles,)
[2024-01-17T04:54:12.661+0000] {spark_submit.py:571} INFO - Classpath elements:
[2024-01-17T04:54:12.661+0000] {spark_submit.py:571} INFO - 
[2024-01-17T04:54:12.661+0000] {spark_submit.py:571} INFO - 
[2024-01-17T04:54:12.661+0000] {spark_submit.py:571} INFO - 
[2024-01-17T04:54:14.194+0000] {spark_submit.py:571} INFO - None of PyTorch, TensorFlow >= 2.0, or Flax have been found. Models won't be available and only tokenizers, configuration and file/data utilities can be used.
[2024-01-17T04:54:14.385+0000] {spark_submit.py:571} INFO - 24/01/17 04:54:14 INFO SparkContext: Running Spark version 3.5.0
[2024-01-17T04:54:14.387+0000] {spark_submit.py:571} INFO - 24/01/17 04:54:14 INFO SparkContext: OS info Linux, 5.10.16.3-microsoft-standard-WSL2, amd64
[2024-01-17T04:54:14.387+0000] {spark_submit.py:571} INFO - 24/01/17 04:54:14 INFO SparkContext: Java version 11.0.21
[2024-01-17T04:54:14.434+0000] {spark_submit.py:571} INFO - 24/01/17 04:54:14 WARN NativeCodeLoader: Unable to load native-hadoop library for your platform... using builtin-java classes where applicable
[2024-01-17T04:54:14.502+0000] {spark_submit.py:571} INFO - 24/01/17 04:54:14 INFO ResourceUtils: ==============================================================
[2024-01-17T04:54:14.502+0000] {spark_submit.py:571} INFO - 24/01/17 04:54:14 INFO ResourceUtils: No custom resources configured for spark.driver.
[2024-01-17T04:54:14.502+0000] {spark_submit.py:571} INFO - 24/01/17 04:54:14 INFO ResourceUtils: ==============================================================
[2024-01-17T04:54:14.502+0000] {spark_submit.py:571} INFO - 24/01/17 04:54:14 INFO SparkContext: Submitted application: SparkDataStreaming
[2024-01-17T04:54:14.522+0000] {spark_submit.py:571} INFO - 24/01/17 04:54:14 INFO ResourceProfile: Default ResourceProfile created, executor resources: Map(memory -> name: memory, amount: 1024, script: , vendor: , offHeap -> name: offHeap, amount: 0, script: , vendor: ), task resources: Map(cpus -> name: cpus, amount: 1.0)
[2024-01-17T04:54:14.533+0000] {spark_submit.py:571} INFO - 24/01/17 04:54:14 INFO ResourceProfile: Limiting resource is cpu
[2024-01-17T04:54:14.534+0000] {spark_submit.py:571} INFO - 24/01/17 04:54:14 INFO ResourceProfileManager: Added ResourceProfile id: 0
[2024-01-17T04:54:14.581+0000] {spark_submit.py:571} INFO - 24/01/17 04:54:14 INFO SecurityManager: Changing view acls to: ***
[2024-01-17T04:54:14.581+0000] {spark_submit.py:571} INFO - 24/01/17 04:54:14 INFO SecurityManager: Changing modify acls to: ***
[2024-01-17T04:54:14.581+0000] {spark_submit.py:571} INFO - 24/01/17 04:54:14 INFO SecurityManager: Changing view acls groups to:
[2024-01-17T04:54:14.582+0000] {spark_submit.py:571} INFO - 24/01/17 04:54:14 INFO SecurityManager: Changing modify acls groups to:
[2024-01-17T04:54:14.582+0000] {spark_submit.py:571} INFO - 24/01/17 04:54:14 INFO SecurityManager: SecurityManager: authentication disabled; ui acls disabled; users with view permissions: ***; groups with view permissions: EMPTY; users with modify permissions: ***; groups with modify permissions: EMPTY
[2024-01-17T04:54:14.775+0000] {spark_submit.py:571} INFO - 24/01/17 04:54:14 INFO Utils: Successfully started service 'sparkDriver' on port 45843.
[2024-01-17T04:54:14.799+0000] {spark_submit.py:571} INFO - 24/01/17 04:54:14 INFO SparkEnv: Registering MapOutputTracker
[2024-01-17T04:54:14.832+0000] {spark_submit.py:571} INFO - 24/01/17 04:54:14 INFO SparkEnv: Registering BlockManagerMaster
[2024-01-17T04:54:14.846+0000] {spark_submit.py:571} INFO - 24/01/17 04:54:14 INFO BlockManagerMasterEndpoint: Using org.apache.spark.storage.DefaultTopologyMapper for getting topology information
[2024-01-17T04:54:14.846+0000] {spark_submit.py:571} INFO - 24/01/17 04:54:14 INFO BlockManagerMasterEndpoint: BlockManagerMasterEndpoint up
[2024-01-17T04:54:14.850+0000] {spark_submit.py:571} INFO - 24/01/17 04:54:14 INFO SparkEnv: Registering BlockManagerMasterHeartbeat
[2024-01-17T04:54:14.868+0000] {spark_submit.py:571} INFO - 24/01/17 04:54:14 INFO DiskBlockManager: Created local directory at /tmp/blockmgr-29ee1aa9-a7e9-43ca-977c-1746144b2ce8
[2024-01-17T04:54:14.880+0000] {spark_submit.py:571} INFO - 24/01/17 04:54:14 INFO MemoryStore: MemoryStore started with capacity 434.4 MiB
[2024-01-17T04:54:14.893+0000] {spark_submit.py:571} INFO - 24/01/17 04:54:14 INFO SparkEnv: Registering OutputCommitCoordinator
[2024-01-17T04:54:15.017+0000] {spark_submit.py:571} INFO - 24/01/17 04:54:15 INFO JettyUtils: Start Jetty 0.0.0.0:4040 for SparkUI
[2024-01-17T04:54:15.067+0000] {spark_submit.py:571} INFO - 24/01/17 04:54:15 INFO Utils: Successfully started service 'SparkUI' on port 4040.
[2024-01-17T04:54:15.152+0000] {spark_submit.py:571} INFO - 24/01/17 04:54:15 INFO StandaloneAppClient$ClientEndpoint: Connecting to master spark://192.168.224.5:7077...
[2024-01-17T04:54:15.196+0000] {spark_submit.py:571} INFO - 24/01/17 04:54:15 INFO TransportClientFactory: Successfully created connection to /192.168.224.5:7077 after 27 ms (0 ms spent in bootstraps)
[2024-01-17T04:54:15.265+0000] {spark_submit.py:571} INFO - 24/01/17 04:54:15 INFO StandaloneSchedulerBackend: Connected to Spark cluster with app ID app-20240117045415-0070
[2024-01-17T04:54:15.266+0000] {spark_submit.py:571} INFO - 24/01/17 04:54:15 INFO StandaloneAppClient$ClientEndpoint: Executor added: app-20240117045415-0070/0 on worker-20240117040815-192.168.224.7-45465 (192.168.224.7:45465) with 2 core(s)
[2024-01-17T04:54:15.267+0000] {spark_submit.py:571} INFO - 24/01/17 04:54:15 INFO StandaloneSchedulerBackend: Granted executor ID app-20240117045415-0070/0 on hostPort 192.168.224.7:45465 with 2 core(s), 1024.0 MiB RAM
[2024-01-17T04:54:15.274+0000] {spark_submit.py:571} INFO - 24/01/17 04:54:15 INFO Utils: Successfully started service 'org.apache.spark.network.netty.NettyBlockTransferService' on port 44245.
[2024-01-17T04:54:15.275+0000] {spark_submit.py:571} INFO - 24/01/17 04:54:15 INFO NettyBlockTransferService: Server created on 614a419ad930:44245
[2024-01-17T04:54:15.276+0000] {spark_submit.py:571} INFO - 24/01/17 04:54:15 INFO BlockManager: Using org.apache.spark.storage.RandomBlockReplicationPolicy for block replication policy
[2024-01-17T04:54:15.283+0000] {spark_submit.py:571} INFO - 24/01/17 04:54:15 INFO BlockManagerMaster: Registering BlockManager BlockManagerId(driver, 614a419ad930, 44245, None)
[2024-01-17T04:54:15.287+0000] {spark_submit.py:571} INFO - 24/01/17 04:54:15 INFO BlockManagerMasterEndpoint: Registering block manager 614a419ad930:44245 with 434.4 MiB RAM, BlockManagerId(driver, 614a419ad930, 44245, None)
[2024-01-17T04:54:15.287+0000] {spark_submit.py:571} INFO - 24/01/17 04:54:15 INFO StandaloneAppClient$ClientEndpoint: Executor updated: app-20240117045415-0070/0 is now RUNNING
[2024-01-17T04:54:15.289+0000] {spark_submit.py:571} INFO - 24/01/17 04:54:15 INFO BlockManagerMaster: Registered BlockManager BlockManagerId(driver, 614a419ad930, 44245, None)
[2024-01-17T04:54:15.290+0000] {spark_submit.py:571} INFO - 24/01/17 04:54:15 INFO BlockManager: Initialized BlockManager: BlockManagerId(driver, 614a419ad930, 44245, None)
[2024-01-17T04:54:15.451+0000] {spark_submit.py:571} INFO - 24/01/17 04:54:15 INFO StandaloneSchedulerBackend: SchedulerBackend is ready for scheduling beginning after reached minRegisteredResourcesRatio: 0.0
[2024-01-17T04:54:16.717+0000] {spark_submit.py:571} INFO - WARNING:root:kafka dataframe could not be created because: Failed to find data source: kafka. Please deploy the application as per the deployment section of Structured Streaming + Kafka Integration Guide.
[2024-01-17T04:54:16.721+0000] {spark_submit.py:571} INFO - ERROR:root:An error occurred in the Spark Streaming job: Failed to find data source: kafka. Please deploy the application as per the deployment section of Structured Streaming + Kafka Integration Guide.
[2024-01-17T04:54:16.973+0000] {spark_submit.py:571} INFO - Traceback (most recent call last):
[2024-01-17T04:54:16.974+0000] {spark_submit.py:571} INFO - File "/opt/***/dags/spark_stream.py", line 333, in <module>
[2024-01-17T04:54:16.974+0000] {spark_submit.py:571} INFO - main()
[2024-01-17T04:54:16.974+0000] {spark_submit.py:571} INFO - File "/opt/***/dags/spark_stream.py", line 330, in main
[2024-01-17T04:54:16.974+0000] {spark_submit.py:571} INFO - cassandra_session.shutdown()
[2024-01-17T04:54:16.974+0000] {spark_submit.py:571} INFO - UnboundLocalError: local variable 'cassandra_session' referenced before assignment
[2024-01-17T04:54:17.212+0000] {taskinstance.py:1943} ERROR - Task failed with exception
Traceback (most recent call last):
  File "/home/airflow/.local/lib/python3.9/site-packages/airflow/providers/apache/spark/operators/spark_submit.py", line 174, in execute
    self._hook.submit(self._application)
  File "/home/airflow/.local/lib/python3.9/site-packages/airflow/providers/apache/spark/hooks/spark_submit.py", line 502, in submit
    raise AirflowException(
airflow.exceptions.AirflowException: Cannot execute: spark-submit --master spark://192.168.224.5:7077 --name spark_submit_job --class org.apache.spark.deploy.PythonRunner --verbose --queue root.default --deploy-mode client /opt/***/dags/spark_stream.py. Error code is: 1.
[2024-01-17T04:54:17.218+0000] {taskinstance.py:1400} INFO - Marking task as FAILED. dag_id=spark_stream_job, task_id=spark_submit_task, execution_date=20240117T000500, start_date=20240117T045410, end_date=20240117T045417
[2024-01-17T04:54:17.234+0000] {standard_task_runner.py:104} ERROR - Failed to execute job 210 for task spark_submit_task (Cannot execute: spark-submit --master spark://192.168.224.5:7077 --name spark_submit_job --class org.apache.spark.deploy.PythonRunner --verbose --queue root.default --deploy-mode client /opt/***/dags/spark_stream.py. Error code is: 1.; 23029)
[2024-01-17T04:54:17.255+0000] {local_task_job_runner.py:228} INFO - Task exited with return code 1
[2024-01-17T04:54:17.277+0000] {taskinstance.py:2784} INFO - 0 downstream tasks scheduled from follow-on schedule check
