[2024-01-17T01:39:09.783+0000] {taskinstance.py:1159} INFO - Dependencies all met for dep_context=non-requeueable deps ti=<TaskInstance: spark_stream_job.spark_submit_task scheduled__2024-01-17T00:05:00+00:00 [queued]>
[2024-01-17T01:39:09.789+0000] {taskinstance.py:1159} INFO - Dependencies all met for dep_context=requeueable deps ti=<TaskInstance: spark_stream_job.spark_submit_task scheduled__2024-01-17T00:05:00+00:00 [queued]>
[2024-01-17T01:39:09.790+0000] {taskinstance.py:1361} INFO - Starting attempt 2 of 2
[2024-01-17T01:39:09.800+0000] {taskinstance.py:1382} INFO - Executing <Task(BashOperator): spark_submit_task> on 2024-01-17 00:05:00+00:00
[2024-01-17T01:39:09.802+0000] {standard_task_runner.py:57} INFO - Started process 212 to run task
[2024-01-17T01:39:09.804+0000] {standard_task_runner.py:84} INFO - Running: ['***', 'tasks', 'run', 'spark_stream_job', 'spark_submit_task', 'scheduled__2024-01-17T00:05:00+00:00', '--job-id', '29', '--raw', '--subdir', 'DAGS_FOLDER/spark_streaming_dag.py', '--cfg-path', '/tmp/tmpf1ms0488']
[2024-01-17T01:39:09.805+0000] {standard_task_runner.py:85} INFO - Job 29: Subtask spark_submit_task
[2024-01-17T01:39:09.844+0000] {task_command.py:415} INFO - Running <TaskInstance: spark_stream_job.spark_submit_task scheduled__2024-01-17T00:05:00+00:00 [running]> on host 4ec820d606d8
[2024-01-17T01:39:09.896+0000] {taskinstance.py:1660} INFO - Exporting env vars: AIRFLOW_CTX_DAG_OWNER='me' AIRFLOW_CTX_DAG_ID='spark_stream_job' AIRFLOW_CTX_TASK_ID='spark_submit_task' AIRFLOW_CTX_EXECUTION_DATE='2024-01-17T00:05:00+00:00' AIRFLOW_CTX_TRY_NUMBER='2' AIRFLOW_CTX_DAG_RUN_ID='scheduled__2024-01-17T00:05:00+00:00'
[2024-01-17T01:39:09.897+0000] {subprocess.py:63} INFO - Tmp dir root location: /tmp
[2024-01-17T01:39:09.897+0000] {subprocess.py:75} INFO - Running command: ['/bin/bash', '-c', 'spark-submit /opt/***/dags/spark_stream.py']
[2024-01-17T01:39:09.903+0000] {subprocess.py:86} INFO - Output:
[2024-01-17T01:39:09.904+0000] {subprocess.py:93} INFO - /bin/bash: line 1: spark-submit: command not found
[2024-01-17T01:39:09.904+0000] {subprocess.py:97} INFO - Command exited with return code 127
[2024-01-17T01:39:09.912+0000] {taskinstance.py:1943} ERROR - Task failed with exception
Traceback (most recent call last):
  File "/home/airflow/.local/lib/python3.9/site-packages/airflow/operators/bash.py", line 210, in execute
    raise AirflowException(
airflow.exceptions.AirflowException: Bash command failed. The command returned a non-zero exit code 127.
[2024-01-17T01:39:09.915+0000] {taskinstance.py:1400} INFO - Marking task as FAILED. dag_id=spark_stream_job, task_id=spark_submit_task, execution_date=20240117T000500, start_date=20240117T013909, end_date=20240117T013909
[2024-01-17T01:39:09.925+0000] {standard_task_runner.py:104} ERROR - Failed to execute job 29 for task spark_submit_task (Bash command failed. The command returned a non-zero exit code 127.; 212)
[2024-01-17T01:39:09.937+0000] {local_task_job_runner.py:228} INFO - Task exited with return code 1
[2024-01-17T01:39:09.953+0000] {taskinstance.py:2784} INFO - 0 downstream tasks scheduled from follow-on schedule check
[2024-01-17T01:48:00.451+0000] {taskinstance.py:1159} INFO - Dependencies all met for dep_context=non-requeueable deps ti=<TaskInstance: spark_stream_job.spark_submit_task scheduled__2024-01-17T00:05:00+00:00 [queued]>
[2024-01-17T01:48:00.456+0000] {taskinstance.py:1159} INFO - Dependencies all met for dep_context=requeueable deps ti=<TaskInstance: spark_stream_job.spark_submit_task scheduled__2024-01-17T00:05:00+00:00 [queued]>
[2024-01-17T01:48:00.456+0000] {taskinstance.py:1361} INFO - Starting attempt 2 of 2
[2024-01-17T01:48:00.465+0000] {taskinstance.py:1382} INFO - Executing <Task(BashOperator): spark_submit_task> on 2024-01-17 00:05:00+00:00
[2024-01-17T01:48:00.467+0000] {standard_task_runner.py:57} INFO - Started process 359 to run task
[2024-01-17T01:48:00.469+0000] {standard_task_runner.py:84} INFO - Running: ['***', 'tasks', 'run', 'spark_stream_job', 'spark_submit_task', 'scheduled__2024-01-17T00:05:00+00:00', '--job-id', '31', '--raw', '--subdir', 'DAGS_FOLDER/spark_streaming_dag.py', '--cfg-path', '/tmp/tmpedgja9q6']
[2024-01-17T01:48:00.470+0000] {standard_task_runner.py:85} INFO - Job 31: Subtask spark_submit_task
[2024-01-17T01:48:00.504+0000] {task_command.py:415} INFO - Running <TaskInstance: spark_stream_job.spark_submit_task scheduled__2024-01-17T00:05:00+00:00 [running]> on host a81a9f2a1c09
[2024-01-17T01:48:00.557+0000] {taskinstance.py:1660} INFO - Exporting env vars: AIRFLOW_CTX_DAG_OWNER='me' AIRFLOW_CTX_DAG_ID='spark_stream_job' AIRFLOW_CTX_TASK_ID='spark_submit_task' AIRFLOW_CTX_EXECUTION_DATE='2024-01-17T00:05:00+00:00' AIRFLOW_CTX_TRY_NUMBER='2' AIRFLOW_CTX_DAG_RUN_ID='scheduled__2024-01-17T00:05:00+00:00'
[2024-01-17T01:48:00.559+0000] {subprocess.py:63} INFO - Tmp dir root location: /tmp
[2024-01-17T01:48:00.559+0000] {subprocess.py:75} INFO - Running command: ['/bin/bash', '-c', 'docker run --rm -v /opt/***/dags:/opt/***/dags bitnami/spark:latest bin/spark-submit /opt/***/dags/spark_stream.py']
[2024-01-17T01:48:00.564+0000] {subprocess.py:86} INFO - Output:
[2024-01-17T01:48:00.580+0000] {subprocess.py:93} INFO - docker: Cannot connect to the Docker daemon at unix:///var/run/docker.sock. Is the docker daemon running?.
[2024-01-17T01:48:00.580+0000] {subprocess.py:93} INFO - See 'docker run --help'.
[2024-01-17T01:48:00.581+0000] {subprocess.py:97} INFO - Command exited with return code 125
[2024-01-17T01:48:00.588+0000] {taskinstance.py:1943} ERROR - Task failed with exception
Traceback (most recent call last):
  File "/home/airflow/.local/lib/python3.9/site-packages/airflow/operators/bash.py", line 210, in execute
    raise AirflowException(
airflow.exceptions.AirflowException: Bash command failed. The command returned a non-zero exit code 125.
[2024-01-17T01:48:00.591+0000] {taskinstance.py:1400} INFO - Marking task as FAILED. dag_id=spark_stream_job, task_id=spark_submit_task, execution_date=20240117T000500, start_date=20240117T014800, end_date=20240117T014800
[2024-01-17T01:48:00.599+0000] {standard_task_runner.py:104} ERROR - Failed to execute job 31 for task spark_submit_task (Bash command failed. The command returned a non-zero exit code 125.; 359)
[2024-01-17T01:48:00.642+0000] {local_task_job_runner.py:228} INFO - Task exited with return code 1
[2024-01-17T01:48:00.660+0000] {taskinstance.py:2784} INFO - 0 downstream tasks scheduled from follow-on schedule check
[2024-01-17T02:36:39.767+0000] {taskinstance.py:1159} INFO - Dependencies all met for dep_context=non-requeueable deps ti=<TaskInstance: spark_stream_job.spark_submit_task scheduled__2024-01-17T00:05:00+00:00 [queued]>
[2024-01-17T02:36:39.773+0000] {taskinstance.py:1159} INFO - Dependencies all met for dep_context=requeueable deps ti=<TaskInstance: spark_stream_job.spark_submit_task scheduled__2024-01-17T00:05:00+00:00 [queued]>
[2024-01-17T02:36:39.773+0000] {taskinstance.py:1361} INFO - Starting attempt 2 of 2
[2024-01-17T02:36:39.785+0000] {taskinstance.py:1382} INFO - Executing <Task(SparkSubmitOperator): spark_submit_task> on 2024-01-17 00:05:00+00:00
[2024-01-17T02:36:39.787+0000] {standard_task_runner.py:57} INFO - Started process 320 to run task
[2024-01-17T02:36:39.789+0000] {standard_task_runner.py:84} INFO - Running: ['***', 'tasks', 'run', 'spark_stream_job', 'spark_submit_task', 'scheduled__2024-01-17T00:05:00+00:00', '--job-id', '29', '--raw', '--subdir', 'DAGS_FOLDER/spark_streaming_dag.py', '--cfg-path', '/tmp/tmpa_dgnzl9']
[2024-01-17T02:36:39.790+0000] {standard_task_runner.py:85} INFO - Job 29: Subtask spark_submit_task
[2024-01-17T02:36:39.831+0000] {task_command.py:415} INFO - Running <TaskInstance: spark_stream_job.spark_submit_task scheduled__2024-01-17T00:05:00+00:00 [running]> on host 7f29d30c8362
[2024-01-17T02:36:39.890+0000] {taskinstance.py:1660} INFO - Exporting env vars: AIRFLOW_CTX_DAG_OWNER='me' AIRFLOW_CTX_DAG_ID='spark_stream_job' AIRFLOW_CTX_TASK_ID='spark_submit_task' AIRFLOW_CTX_EXECUTION_DATE='2024-01-17T00:05:00+00:00' AIRFLOW_CTX_TRY_NUMBER='2' AIRFLOW_CTX_DAG_RUN_ID='scheduled__2024-01-17T00:05:00+00:00'
[2024-01-17T02:36:39.897+0000] {base.py:73} INFO - Using connection ID 'spark_default' for task execution.
[2024-01-17T02:36:39.897+0000] {spark_submit.py:401} INFO - Spark-Submit cmd: spark-submit --master spark-master:7077 --name spark_submit_job --verbose --queue default --deploy-mode client /opt/bitnami/scripts/spark_stream.py
[2024-01-17T02:36:40.005+0000] {spark_submit.py:571} INFO - /home/***/.local/lib/python3.9/site-packages/pyspark/bin/load-spark-env.sh: line 68: ps: command not found
[2024-01-17T02:36:40.006+0000] {spark_submit.py:571} INFO - JAVA_HOME is not set
[2024-01-17T02:36:40.015+0000] {taskinstance.py:1943} ERROR - Task failed with exception
Traceback (most recent call last):
  File "/home/airflow/.local/lib/python3.9/site-packages/airflow/providers/apache/spark/operators/spark_submit.py", line 174, in execute
    self._hook.submit(self._application)
  File "/home/airflow/.local/lib/python3.9/site-packages/airflow/providers/apache/spark/hooks/spark_submit.py", line 502, in submit
    raise AirflowException(
airflow.exceptions.AirflowException: Cannot execute: spark-submit --master spark-master:7077 --name spark_submit_job --verbose --queue default --deploy-mode client /opt/bitnami/scripts/spark_stream.py. Error code is: 1.
[2024-01-17T02:36:40.018+0000] {taskinstance.py:1400} INFO - Marking task as FAILED. dag_id=spark_stream_job, task_id=spark_submit_task, execution_date=20240117T000500, start_date=20240117T023639, end_date=20240117T023640
[2024-01-17T02:36:40.028+0000] {standard_task_runner.py:104} ERROR - Failed to execute job 29 for task spark_submit_task (Cannot execute: spark-submit --master spark-master:7077 --name spark_submit_job --verbose --queue default --deploy-mode client /opt/bitnami/scripts/spark_stream.py. Error code is: 1.; 320)
[2024-01-17T02:36:40.043+0000] {local_task_job_runner.py:228} INFO - Task exited with return code 1
[2024-01-17T02:36:40.063+0000] {taskinstance.py:2784} INFO - 0 downstream tasks scheduled from follow-on schedule check
[2024-01-17T03:26:35.681+0000] {taskinstance.py:1159} INFO - Dependencies all met for dep_context=non-requeueable deps ti=<TaskInstance: spark_stream_job.spark_submit_task scheduled__2024-01-17T00:05:00+00:00 [queued]>
[2024-01-17T03:26:35.687+0000] {taskinstance.py:1159} INFO - Dependencies all met for dep_context=requeueable deps ti=<TaskInstance: spark_stream_job.spark_submit_task scheduled__2024-01-17T00:05:00+00:00 [queued]>
[2024-01-17T03:26:35.687+0000] {taskinstance.py:1361} INFO - Starting attempt 2 of 2
[2024-01-17T03:26:35.698+0000] {taskinstance.py:1382} INFO - Executing <Task(SparkSubmitOperator): spark_submit_task> on 2024-01-17 00:05:00+00:00
[2024-01-17T03:26:35.700+0000] {standard_task_runner.py:57} INFO - Started process 360 to run task
[2024-01-17T03:26:35.703+0000] {standard_task_runner.py:84} INFO - Running: ['***', 'tasks', 'run', 'spark_stream_job', 'spark_submit_task', 'scheduled__2024-01-17T00:05:00+00:00', '--job-id', '30', '--raw', '--subdir', 'DAGS_FOLDER/spark_streaming_dag.py', '--cfg-path', '/tmp/tmp79lohqvx']
[2024-01-17T03:26:35.705+0000] {standard_task_runner.py:85} INFO - Job 30: Subtask spark_submit_task
[2024-01-17T03:26:35.744+0000] {task_command.py:415} INFO - Running <TaskInstance: spark_stream_job.spark_submit_task scheduled__2024-01-17T00:05:00+00:00 [running]> on host 776833dc279e
[2024-01-17T03:26:35.800+0000] {taskinstance.py:1660} INFO - Exporting env vars: AIRFLOW_CTX_DAG_OWNER='me' AIRFLOW_CTX_DAG_ID='spark_stream_job' AIRFLOW_CTX_TASK_ID='spark_submit_task' AIRFLOW_CTX_EXECUTION_DATE='2024-01-17T00:05:00+00:00' AIRFLOW_CTX_TRY_NUMBER='2' AIRFLOW_CTX_DAG_RUN_ID='scheduled__2024-01-17T00:05:00+00:00'
[2024-01-17T03:26:35.810+0000] {base.py:73} INFO - Using connection ID 'spark_default' for task execution.
[2024-01-17T03:26:35.810+0000] {spark_submit.py:401} INFO - Spark-Submit cmd: spark-submit --master spark://192.168.192.5:7077 --name spark_submit_job --verbose --queue root.default --deploy-mode client /opt/bitnami/scripts/spark_stream.py
[2024-01-17T03:26:35.919+0000] {spark_submit.py:571} INFO - /home/***/.local/lib/python3.9/site-packages/pyspark/bin/load-spark-env.sh: line 68: ps: command not found
[2024-01-17T03:26:35.920+0000] {spark_submit.py:571} INFO - JAVA_HOME is not set
[2024-01-17T03:26:35.929+0000] {taskinstance.py:1943} ERROR - Task failed with exception
Traceback (most recent call last):
  File "/home/airflow/.local/lib/python3.9/site-packages/airflow/providers/apache/spark/operators/spark_submit.py", line 174, in execute
    self._hook.submit(self._application)
  File "/home/airflow/.local/lib/python3.9/site-packages/airflow/providers/apache/spark/hooks/spark_submit.py", line 502, in submit
    raise AirflowException(
airflow.exceptions.AirflowException: Cannot execute: spark-submit --master spark://192.168.192.5:7077 --name spark_submit_job --verbose --queue root.default --deploy-mode client /opt/bitnami/scripts/spark_stream.py. Error code is: 1.
[2024-01-17T03:26:35.932+0000] {taskinstance.py:1400} INFO - Marking task as FAILED. dag_id=spark_stream_job, task_id=spark_submit_task, execution_date=20240117T000500, start_date=20240117T032635, end_date=20240117T032635
[2024-01-17T03:26:35.943+0000] {standard_task_runner.py:104} ERROR - Failed to execute job 30 for task spark_submit_task (Cannot execute: spark-submit --master spark://192.168.192.5:7077 --name spark_submit_job --verbose --queue root.default --deploy-mode client /opt/bitnami/scripts/spark_stream.py. Error code is: 1.; 360)
[2024-01-17T03:26:35.957+0000] {local_task_job_runner.py:228} INFO - Task exited with return code 1
[2024-01-17T03:26:35.975+0000] {taskinstance.py:2784} INFO - 0 downstream tasks scheduled from follow-on schedule check
[2024-01-17T03:30:22.231+0000] {taskinstance.py:1159} INFO - Dependencies all met for dep_context=non-requeueable deps ti=<TaskInstance: spark_stream_job.spark_submit_task scheduled__2024-01-17T00:05:00+00:00 [queued]>
[2024-01-17T03:30:22.241+0000] {taskinstance.py:1159} INFO - Dependencies all met for dep_context=requeueable deps ti=<TaskInstance: spark_stream_job.spark_submit_task scheduled__2024-01-17T00:05:00+00:00 [queued]>
[2024-01-17T03:30:22.241+0000] {taskinstance.py:1361} INFO - Starting attempt 2 of 2
[2024-01-17T03:30:22.252+0000] {taskinstance.py:1382} INFO - Executing <Task(SparkSubmitOperator): spark_submit_task> on 2024-01-17 00:05:00+00:00
[2024-01-17T03:30:22.255+0000] {standard_task_runner.py:57} INFO - Started process 849 to run task
[2024-01-17T03:30:22.258+0000] {standard_task_runner.py:84} INFO - Running: ['***', 'tasks', 'run', 'spark_stream_job', 'spark_submit_task', 'scheduled__2024-01-17T00:05:00+00:00', '--job-id', '79', '--raw', '--subdir', 'DAGS_FOLDER/spark_streaming_dag.py', '--cfg-path', '/tmp/tmpal2991qn']
[2024-01-17T03:30:22.259+0000] {standard_task_runner.py:85} INFO - Job 79: Subtask spark_submit_task
[2024-01-17T03:30:22.298+0000] {task_command.py:415} INFO - Running <TaskInstance: spark_stream_job.spark_submit_task scheduled__2024-01-17T00:05:00+00:00 [running]> on host 776833dc279e
[2024-01-17T03:30:22.358+0000] {taskinstance.py:1660} INFO - Exporting env vars: AIRFLOW_CTX_DAG_OWNER='me' AIRFLOW_CTX_DAG_ID='spark_stream_job' AIRFLOW_CTX_TASK_ID='spark_submit_task' AIRFLOW_CTX_EXECUTION_DATE='2024-01-17T00:05:00+00:00' AIRFLOW_CTX_TRY_NUMBER='2' AIRFLOW_CTX_DAG_RUN_ID='scheduled__2024-01-17T00:05:00+00:00'
[2024-01-17T03:30:22.365+0000] {base.py:73} INFO - Using connection ID 'spark_default' for task execution.
[2024-01-17T03:30:22.365+0000] {spark_submit.py:401} INFO - Spark-Submit cmd: spark-submit --master spark://192.168.192.5:7077 --name spark_submit_job --verbose --queue root.default --deploy-mode client /opt/bitnami/scripts/spark_stream.py
[2024-01-17T03:30:22.502+0000] {spark_submit.py:571} INFO - /home/***/.local/lib/python3.9/site-packages/pyspark/bin/load-spark-env.sh: line 68: ps: command not found
[2024-01-17T03:30:22.502+0000] {spark_submit.py:571} INFO - JAVA_HOME is not set
[2024-01-17T03:30:22.512+0000] {taskinstance.py:1943} ERROR - Task failed with exception
Traceback (most recent call last):
  File "/home/airflow/.local/lib/python3.9/site-packages/airflow/providers/apache/spark/operators/spark_submit.py", line 174, in execute
    self._hook.submit(self._application)
  File "/home/airflow/.local/lib/python3.9/site-packages/airflow/providers/apache/spark/hooks/spark_submit.py", line 502, in submit
    raise AirflowException(
airflow.exceptions.AirflowException: Cannot execute: spark-submit --master spark://192.168.192.5:7077 --name spark_submit_job --verbose --queue root.default --deploy-mode client /opt/bitnami/scripts/spark_stream.py. Error code is: 1.
[2024-01-17T03:30:22.514+0000] {taskinstance.py:1400} INFO - Marking task as FAILED. dag_id=spark_stream_job, task_id=spark_submit_task, execution_date=20240117T000500, start_date=20240117T033022, end_date=20240117T033022
[2024-01-17T03:30:22.526+0000] {standard_task_runner.py:104} ERROR - Failed to execute job 79 for task spark_submit_task (Cannot execute: spark-submit --master spark://192.168.192.5:7077 --name spark_submit_job --verbose --queue root.default --deploy-mode client /opt/bitnami/scripts/spark_stream.py. Error code is: 1.; 849)
[2024-01-17T03:30:22.550+0000] {local_task_job_runner.py:228} INFO - Task exited with return code 1
[2024-01-17T03:30:22.570+0000] {taskinstance.py:2784} INFO - 0 downstream tasks scheduled from follow-on schedule check
[2024-01-17T03:35:42.221+0000] {taskinstance.py:1159} INFO - Dependencies all met for dep_context=non-requeueable deps ti=<TaskInstance: spark_stream_job.spark_submit_task scheduled__2024-01-17T00:05:00+00:00 [queued]>
[2024-01-17T03:35:42.227+0000] {taskinstance.py:1159} INFO - Dependencies all met for dep_context=requeueable deps ti=<TaskInstance: spark_stream_job.spark_submit_task scheduled__2024-01-17T00:05:00+00:00 [queued]>
[2024-01-17T03:35:42.227+0000] {taskinstance.py:1361} INFO - Starting attempt 2 of 2
[2024-01-17T03:35:42.238+0000] {taskinstance.py:1382} INFO - Executing <Task(SparkSubmitOperator): spark_submit_task> on 2024-01-17 00:05:00+00:00
[2024-01-17T03:35:42.241+0000] {standard_task_runner.py:57} INFO - Started process 37 to run task
[2024-01-17T03:35:42.243+0000] {standard_task_runner.py:84} INFO - Running: ['***', 'tasks', 'run', 'spark_stream_job', 'spark_submit_task', 'scheduled__2024-01-17T00:05:00+00:00', '--job-id', '126', '--raw', '--subdir', 'DAGS_FOLDER/spark_streaming_dag.py', '--cfg-path', '/tmp/tmps25b6d4x']
[2024-01-17T03:35:42.244+0000] {standard_task_runner.py:85} INFO - Job 126: Subtask spark_submit_task
[2024-01-17T03:35:42.285+0000] {task_command.py:415} INFO - Running <TaskInstance: spark_stream_job.spark_submit_task scheduled__2024-01-17T00:05:00+00:00 [running]> on host 776833dc279e
[2024-01-17T03:35:42.338+0000] {taskinstance.py:1660} INFO - Exporting env vars: AIRFLOW_CTX_DAG_OWNER='me' AIRFLOW_CTX_DAG_ID='spark_stream_job' AIRFLOW_CTX_TASK_ID='spark_submit_task' AIRFLOW_CTX_EXECUTION_DATE='2024-01-17T00:05:00+00:00' AIRFLOW_CTX_TRY_NUMBER='2' AIRFLOW_CTX_DAG_RUN_ID='scheduled__2024-01-17T00:05:00+00:00'
[2024-01-17T03:35:42.345+0000] {base.py:73} INFO - Using connection ID 'spark_default' for task execution.
[2024-01-17T03:35:42.346+0000] {spark_submit.py:401} INFO - Spark-Submit cmd: spark-submit --master spark://192.168.192.5:7077 --name spark_submit_job --verbose --queue root.default --deploy-mode client /opt/bitnami/scripts/spark_stream.py
[2024-01-17T03:35:42.453+0000] {spark_submit.py:571} INFO - /home/***/.local/lib/python3.9/site-packages/pyspark/bin/load-spark-env.sh: line 68: ps: command not found
[2024-01-17T03:35:42.454+0000] {spark_submit.py:571} INFO - JAVA_HOME is not set
[2024-01-17T03:35:42.463+0000] {taskinstance.py:1943} ERROR - Task failed with exception
Traceback (most recent call last):
  File "/home/airflow/.local/lib/python3.9/site-packages/airflow/providers/apache/spark/operators/spark_submit.py", line 174, in execute
    self._hook.submit(self._application)
  File "/home/airflow/.local/lib/python3.9/site-packages/airflow/providers/apache/spark/hooks/spark_submit.py", line 502, in submit
    raise AirflowException(
airflow.exceptions.AirflowException: Cannot execute: spark-submit --master spark://192.168.192.5:7077 --name spark_submit_job --verbose --queue root.default --deploy-mode client /opt/bitnami/scripts/spark_stream.py. Error code is: 1.
[2024-01-17T03:35:42.466+0000] {taskinstance.py:1400} INFO - Marking task as FAILED. dag_id=spark_stream_job, task_id=spark_submit_task, execution_date=20240117T000500, start_date=20240117T033542, end_date=20240117T033542
[2024-01-17T03:35:42.476+0000] {standard_task_runner.py:104} ERROR - Failed to execute job 126 for task spark_submit_task (Cannot execute: spark-submit --master spark://192.168.192.5:7077 --name spark_submit_job --verbose --queue root.default --deploy-mode client /opt/bitnami/scripts/spark_stream.py. Error code is: 1.; 37)
[2024-01-17T03:35:42.495+0000] {local_task_job_runner.py:228} INFO - Task exited with return code 1
[2024-01-17T03:35:42.513+0000] {taskinstance.py:2784} INFO - 0 downstream tasks scheduled from follow-on schedule check
[2024-01-17T03:52:03.986+0000] {taskinstance.py:1159} INFO - Dependencies all met for dep_context=non-requeueable deps ti=<TaskInstance: spark_stream_job.spark_submit_task scheduled__2024-01-17T00:05:00+00:00 [queued]>
[2024-01-17T03:52:03.991+0000] {taskinstance.py:1159} INFO - Dependencies all met for dep_context=requeueable deps ti=<TaskInstance: spark_stream_job.spark_submit_task scheduled__2024-01-17T00:05:00+00:00 [queued]>
[2024-01-17T03:52:03.991+0000] {taskinstance.py:1361} INFO - Starting attempt 2 of 2
[2024-01-17T03:52:04.002+0000] {taskinstance.py:1382} INFO - Executing <Task(SparkSubmitOperator): spark_submit_task> on 2024-01-17 00:05:00+00:00
[2024-01-17T03:52:04.005+0000] {standard_task_runner.py:57} INFO - Started process 5264 to run task
[2024-01-17T03:52:04.007+0000] {standard_task_runner.py:84} INFO - Running: ['***', 'tasks', 'run', 'spark_stream_job', 'spark_submit_task', 'scheduled__2024-01-17T00:05:00+00:00', '--job-id', '230', '--raw', '--subdir', 'DAGS_FOLDER/spark_streaming_dag.py', '--cfg-path', '/tmp/tmp77k7e6dy']
[2024-01-17T03:52:04.008+0000] {standard_task_runner.py:85} INFO - Job 230: Subtask spark_submit_task
[2024-01-17T03:52:04.044+0000] {task_command.py:415} INFO - Running <TaskInstance: spark_stream_job.spark_submit_task scheduled__2024-01-17T00:05:00+00:00 [running]> on host 776833dc279e
[2024-01-17T03:52:04.098+0000] {taskinstance.py:1660} INFO - Exporting env vars: AIRFLOW_CTX_DAG_OWNER='me' AIRFLOW_CTX_DAG_ID='spark_stream_job' AIRFLOW_CTX_TASK_ID='spark_submit_task' AIRFLOW_CTX_EXECUTION_DATE='2024-01-17T00:05:00+00:00' AIRFLOW_CTX_TRY_NUMBER='2' AIRFLOW_CTX_DAG_RUN_ID='scheduled__2024-01-17T00:05:00+00:00'
[2024-01-17T03:52:04.104+0000] {base.py:73} INFO - Using connection ID 'spark_default' for task execution.
[2024-01-17T03:52:04.105+0000] {spark_submit.py:401} INFO - Spark-Submit cmd: spark-submit --master spark://192.168.192.5:7077 --name spark_submit_job --verbose --queue root.default --deploy-mode client /opt/bitnami/scripts/spark_stream.py
[2024-01-17T03:52:04.207+0000] {spark_submit.py:571} INFO - /home/***/.local/lib/python3.9/site-packages/pyspark/bin/load-spark-env.sh: line 68: ps: command not found
[2024-01-17T03:52:05.411+0000] {spark_submit.py:571} INFO - Using properties file: null
[2024-01-17T03:52:05.501+0000] {spark_submit.py:571} INFO - Parsed arguments:
[2024-01-17T03:52:05.501+0000] {spark_submit.py:571} INFO - master                  spark://192.168.192.5:7077
[2024-01-17T03:52:05.501+0000] {spark_submit.py:571} INFO - remote                  null
[2024-01-17T03:52:05.501+0000] {spark_submit.py:571} INFO - deployMode              client
[2024-01-17T03:52:05.501+0000] {spark_submit.py:571} INFO - executorMemory          null
[2024-01-17T03:52:05.501+0000] {spark_submit.py:571} INFO - executorCores           null
[2024-01-17T03:52:05.501+0000] {spark_submit.py:571} INFO - totalExecutorCores      null
[2024-01-17T03:52:05.501+0000] {spark_submit.py:571} INFO - propertiesFile          null
[2024-01-17T03:52:05.502+0000] {spark_submit.py:571} INFO - driverMemory            null
[2024-01-17T03:52:05.502+0000] {spark_submit.py:571} INFO - driverCores             null
[2024-01-17T03:52:05.502+0000] {spark_submit.py:571} INFO - driverExtraClassPath    null
[2024-01-17T03:52:05.502+0000] {spark_submit.py:571} INFO - driverExtraLibraryPath  null
[2024-01-17T03:52:05.502+0000] {spark_submit.py:571} INFO - driverExtraJavaOptions  null
[2024-01-17T03:52:05.502+0000] {spark_submit.py:571} INFO - supervise               false
[2024-01-17T03:52:05.502+0000] {spark_submit.py:571} INFO - queue                   root.default
[2024-01-17T03:52:05.502+0000] {spark_submit.py:571} INFO - numExecutors            null
[2024-01-17T03:52:05.502+0000] {spark_submit.py:571} INFO - files                   null
[2024-01-17T03:52:05.502+0000] {spark_submit.py:571} INFO - pyFiles                 null
[2024-01-17T03:52:05.502+0000] {spark_submit.py:571} INFO - archives                null
[2024-01-17T03:52:05.502+0000] {spark_submit.py:571} INFO - mainClass               null
[2024-01-17T03:52:05.502+0000] {spark_submit.py:571} INFO - primaryResource         file:/opt/bitnami/scripts/spark_stream.py
[2024-01-17T03:52:05.502+0000] {spark_submit.py:571} INFO - name                    spark_submit_job
[2024-01-17T03:52:05.502+0000] {spark_submit.py:571} INFO - childArgs               []
[2024-01-17T03:52:05.502+0000] {spark_submit.py:571} INFO - jars                    null
[2024-01-17T03:52:05.502+0000] {spark_submit.py:571} INFO - packages                null
[2024-01-17T03:52:05.502+0000] {spark_submit.py:571} INFO - packagesExclusions      null
[2024-01-17T03:52:05.502+0000] {spark_submit.py:571} INFO - repositories            null
[2024-01-17T03:52:05.502+0000] {spark_submit.py:571} INFO - verbose                 true
[2024-01-17T03:52:05.502+0000] {spark_submit.py:571} INFO - 
[2024-01-17T03:52:05.502+0000] {spark_submit.py:571} INFO - Spark properties used, including those specified through
[2024-01-17T03:52:05.502+0000] {spark_submit.py:571} INFO - --conf and those from the properties file null:
[2024-01-17T03:52:05.503+0000] {spark_submit.py:571} INFO - 
[2024-01-17T03:52:05.503+0000] {spark_submit.py:571} INFO - 
[2024-01-17T03:52:05.503+0000] {spark_submit.py:571} INFO - 
[2024-01-17T03:52:05.699+0000] {spark_submit.py:571} INFO - Main class:
[2024-01-17T03:52:05.699+0000] {spark_submit.py:571} INFO - org.apache.spark.deploy.PythonRunner
[2024-01-17T03:52:05.699+0000] {spark_submit.py:571} INFO - Arguments:
[2024-01-17T03:52:05.699+0000] {spark_submit.py:571} INFO - file:/opt/bitnami/scripts/spark_stream.py
[2024-01-17T03:52:05.699+0000] {spark_submit.py:571} INFO - null
[2024-01-17T03:52:05.705+0000] {spark_submit.py:571} INFO - Spark config:
[2024-01-17T03:52:05.706+0000] {spark_submit.py:571} INFO - (spark.app.name,spark_submit_job)
[2024-01-17T03:52:05.706+0000] {spark_submit.py:571} INFO - (spark.app.submitTime,1705463525681)
[2024-01-17T03:52:05.706+0000] {spark_submit.py:571} INFO - (spark.master,spark://192.168.192.5:7077)
[2024-01-17T03:52:05.707+0000] {spark_submit.py:571} INFO - (spark.submit.deployMode,client)
[2024-01-17T03:52:05.707+0000] {spark_submit.py:571} INFO - (spark.submit.pyFiles,)
[2024-01-17T03:52:05.707+0000] {spark_submit.py:571} INFO - Classpath elements:
[2024-01-17T03:52:05.707+0000] {spark_submit.py:571} INFO - 
[2024-01-17T03:52:05.707+0000] {spark_submit.py:571} INFO - 
[2024-01-17T03:52:05.707+0000] {spark_submit.py:571} INFO - 
[2024-01-17T03:52:05.886+0000] {spark_submit.py:571} INFO - python3: can't open file '/opt/bitnami/scripts/spark_stream.py': [Errno 2] No such file or directory
[2024-01-17T03:52:05.899+0000] {spark_submit.py:571} INFO - 24/01/17 03:52:05 INFO ShutdownHookManager: Shutdown hook called
[2024-01-17T03:52:05.901+0000] {spark_submit.py:571} INFO - 24/01/17 03:52:05 INFO ShutdownHookManager: Deleting directory /tmp/spark-5bdf4a13-8d12-4332-a789-7d75c9f0fa8f
[2024-01-17T03:52:05.934+0000] {taskinstance.py:1943} ERROR - Task failed with exception
Traceback (most recent call last):
  File "/home/airflow/.local/lib/python3.9/site-packages/airflow/providers/apache/spark/operators/spark_submit.py", line 174, in execute
    self._hook.submit(self._application)
  File "/home/airflow/.local/lib/python3.9/site-packages/airflow/providers/apache/spark/hooks/spark_submit.py", line 502, in submit
    raise AirflowException(
airflow.exceptions.AirflowException: Cannot execute: spark-submit --master spark://192.168.192.5:7077 --name spark_submit_job --verbose --queue root.default --deploy-mode client /opt/bitnami/scripts/spark_stream.py. Error code is: 2.
[2024-01-17T03:52:05.936+0000] {taskinstance.py:1400} INFO - Marking task as FAILED. dag_id=spark_stream_job, task_id=spark_submit_task, execution_date=20240117T000500, start_date=20240117T035203, end_date=20240117T035205
[2024-01-17T03:52:05.946+0000] {standard_task_runner.py:104} ERROR - Failed to execute job 230 for task spark_submit_task (Cannot execute: spark-submit --master spark://192.168.192.5:7077 --name spark_submit_job --verbose --queue root.default --deploy-mode client /opt/bitnami/scripts/spark_stream.py. Error code is: 2.; 5264)
[2024-01-17T03:52:05.987+0000] {local_task_job_runner.py:228} INFO - Task exited with return code 1
[2024-01-17T03:52:06.005+0000] {taskinstance.py:2784} INFO - 0 downstream tasks scheduled from follow-on schedule check
[2024-01-17T04:32:18.987+0000] {taskinstance.py:1159} INFO - Dependencies all met for dep_context=non-requeueable deps ti=<TaskInstance: spark_stream_job.spark_submit_task scheduled__2024-01-17T00:05:00+00:00 [queued]>
[2024-01-17T04:32:18.995+0000] {taskinstance.py:1159} INFO - Dependencies all met for dep_context=requeueable deps ti=<TaskInstance: spark_stream_job.spark_submit_task scheduled__2024-01-17T00:05:00+00:00 [queued]>
[2024-01-17T04:32:18.995+0000] {taskinstance.py:1361} INFO - Starting attempt 2 of 2
[2024-01-17T04:32:19.006+0000] {taskinstance.py:1382} INFO - Executing <Task(SparkSubmitOperator): spark_submit_task> on 2024-01-17 00:05:00+00:00
[2024-01-17T04:32:19.009+0000] {standard_task_runner.py:57} INFO - Started process 4360 to run task
[2024-01-17T04:32:19.011+0000] {standard_task_runner.py:84} INFO - Running: ['***', 'tasks', 'run', 'spark_stream_job', 'spark_submit_task', 'scheduled__2024-01-17T00:05:00+00:00', '--job-id', '29', '--raw', '--subdir', 'DAGS_FOLDER/spark_streaming_dag.py', '--cfg-path', '/tmp/tmpdtyhy6qw']
[2024-01-17T04:32:19.012+0000] {standard_task_runner.py:85} INFO - Job 29: Subtask spark_submit_task
[2024-01-17T04:32:19.055+0000] {task_command.py:415} INFO - Running <TaskInstance: spark_stream_job.spark_submit_task scheduled__2024-01-17T00:05:00+00:00 [running]> on host 614a419ad930
[2024-01-17T04:32:19.118+0000] {taskinstance.py:1660} INFO - Exporting env vars: AIRFLOW_CTX_DAG_OWNER='me' AIRFLOW_CTX_DAG_ID='spark_stream_job' AIRFLOW_CTX_TASK_ID='spark_submit_task' AIRFLOW_CTX_EXECUTION_DATE='2024-01-17T00:05:00+00:00' AIRFLOW_CTX_TRY_NUMBER='2' AIRFLOW_CTX_DAG_RUN_ID='scheduled__2024-01-17T00:05:00+00:00'
[2024-01-17T04:32:19.127+0000] {base.py:73} INFO - Using connection ID 'spark_default' for task execution.
[2024-01-17T04:32:19.127+0000] {spark_submit.py:401} INFO - Spark-Submit cmd: spark-submit --master yarn --name spark_submit_job --verbose --queue root.default /opt/bitnami/code/spark_stream.py
[2024-01-17T04:32:19.235+0000] {spark_submit.py:571} INFO - /home/***/.local/lib/python3.9/site-packages/pyspark/bin/load-spark-env.sh: line 68: ps: command not found
[2024-01-17T04:32:20.246+0000] {spark_submit.py:571} INFO - Using properties file: null
[2024-01-17T04:32:20.322+0000] {spark_submit.py:571} INFO - Exception in thread "main" org.apache.spark.SparkException: When running with master 'yarn' either HADOOP_CONF_DIR or YARN_CONF_DIR must be set in the environment.
[2024-01-17T04:32:20.322+0000] {spark_submit.py:571} INFO - at org.apache.spark.deploy.SparkSubmitArguments.error(SparkSubmitArguments.scala:650)
[2024-01-17T04:32:20.322+0000] {spark_submit.py:571} INFO - at org.apache.spark.deploy.SparkSubmitArguments.validateSubmitArguments(SparkSubmitArguments.scala:281)
[2024-01-17T04:32:20.322+0000] {spark_submit.py:571} INFO - at org.apache.spark.deploy.SparkSubmitArguments.validateArguments(SparkSubmitArguments.scala:237)
[2024-01-17T04:32:20.322+0000] {spark_submit.py:571} INFO - at org.apache.spark.deploy.SparkSubmitArguments.<init>(SparkSubmitArguments.scala:122)
[2024-01-17T04:32:20.322+0000] {spark_submit.py:571} INFO - at org.apache.spark.deploy.SparkSubmit$$anon$2$$anon$3.<init>(SparkSubmit.scala:1103)
[2024-01-17T04:32:20.322+0000] {spark_submit.py:571} INFO - at org.apache.spark.deploy.SparkSubmit$$anon$2.parseArguments(SparkSubmit.scala:1103)
[2024-01-17T04:32:20.322+0000] {spark_submit.py:571} INFO - at org.apache.spark.deploy.SparkSubmit.doSubmit(SparkSubmit.scala:86)
[2024-01-17T04:32:20.323+0000] {spark_submit.py:571} INFO - at org.apache.spark.deploy.SparkSubmit$$anon$2.doSubmit(SparkSubmit.scala:1120)
[2024-01-17T04:32:20.323+0000] {spark_submit.py:571} INFO - at org.apache.spark.deploy.SparkSubmit$.main(SparkSubmit.scala:1129)
[2024-01-17T04:32:20.323+0000] {spark_submit.py:571} INFO - at org.apache.spark.deploy.SparkSubmit.main(SparkSubmit.scala)
[2024-01-17T04:32:20.350+0000] {taskinstance.py:1943} ERROR - Task failed with exception
Traceback (most recent call last):
  File "/home/airflow/.local/lib/python3.9/site-packages/airflow/providers/apache/spark/operators/spark_submit.py", line 174, in execute
    self._hook.submit(self._application)
  File "/home/airflow/.local/lib/python3.9/site-packages/airflow/providers/apache/spark/hooks/spark_submit.py", line 502, in submit
    raise AirflowException(
airflow.exceptions.AirflowException: Cannot execute: spark-submit --master yarn --name spark_submit_job --verbose --queue root.default /opt/bitnami/code/spark_stream.py. Error code is: 1.
[2024-01-17T04:32:20.353+0000] {taskinstance.py:1400} INFO - Marking task as FAILED. dag_id=spark_stream_job, task_id=spark_submit_task, execution_date=20240117T000500, start_date=20240117T043218, end_date=20240117T043220
[2024-01-17T04:32:20.363+0000] {standard_task_runner.py:104} ERROR - Failed to execute job 29 for task spark_submit_task (Cannot execute: spark-submit --master yarn --name spark_submit_job --verbose --queue root.default /opt/bitnami/code/spark_stream.py. Error code is: 1.; 4360)
[2024-01-17T04:32:20.390+0000] {local_task_job_runner.py:228} INFO - Task exited with return code 1
[2024-01-17T04:32:20.406+0000] {taskinstance.py:2784} INFO - 0 downstream tasks scheduled from follow-on schedule check
[2024-01-17T04:38:08.103+0000] {taskinstance.py:1159} INFO - Dependencies all met for dep_context=non-requeueable deps ti=<TaskInstance: spark_stream_job.spark_submit_task scheduled__2024-01-17T00:05:00+00:00 [queued]>
[2024-01-17T04:38:08.109+0000] {taskinstance.py:1159} INFO - Dependencies all met for dep_context=requeueable deps ti=<TaskInstance: spark_stream_job.spark_submit_task scheduled__2024-01-17T00:05:00+00:00 [queued]>
[2024-01-17T04:38:08.109+0000] {taskinstance.py:1361} INFO - Starting attempt 2 of 2
[2024-01-17T04:38:08.120+0000] {taskinstance.py:1382} INFO - Executing <Task(SparkSubmitOperator): spark_submit_task> on 2024-01-17 00:05:00+00:00
[2024-01-17T04:38:08.122+0000] {standard_task_runner.py:57} INFO - Started process 6013 to run task
[2024-01-17T04:38:08.124+0000] {standard_task_runner.py:84} INFO - Running: ['***', 'tasks', 'run', 'spark_stream_job', 'spark_submit_task', 'scheduled__2024-01-17T00:05:00+00:00', '--job-id', '75', '--raw', '--subdir', 'DAGS_FOLDER/spark_streaming_dag.py', '--cfg-path', '/tmp/tmpldkpyq87']
[2024-01-17T04:38:08.125+0000] {standard_task_runner.py:85} INFO - Job 75: Subtask spark_submit_task
[2024-01-17T04:38:08.163+0000] {task_command.py:415} INFO - Running <TaskInstance: spark_stream_job.spark_submit_task scheduled__2024-01-17T00:05:00+00:00 [running]> on host 614a419ad930
[2024-01-17T04:38:08.217+0000] {taskinstance.py:1660} INFO - Exporting env vars: AIRFLOW_CTX_DAG_OWNER='me' AIRFLOW_CTX_DAG_ID='spark_stream_job' AIRFLOW_CTX_TASK_ID='spark_submit_task' AIRFLOW_CTX_EXECUTION_DATE='2024-01-17T00:05:00+00:00' AIRFLOW_CTX_TRY_NUMBER='2' AIRFLOW_CTX_DAG_RUN_ID='scheduled__2024-01-17T00:05:00+00:00'
[2024-01-17T04:38:08.225+0000] {base.py:73} INFO - Using connection ID 'spark_default' for task execution.
[2024-01-17T04:38:08.225+0000] {spark_submit.py:401} INFO - Spark-Submit cmd: spark-submit --master spark://192.168.224.5:7077 --name spark_submit_job --class org.apache.spark.deploy.PythonRunner --verbose --queue root.default --deploy-mode client /opt/bitnami/code/spark_stream.py
[2024-01-17T04:38:08.328+0000] {spark_submit.py:571} INFO - /home/***/.local/lib/python3.9/site-packages/pyspark/bin/load-spark-env.sh: line 68: ps: command not found
[2024-01-17T04:38:09.479+0000] {spark_submit.py:571} INFO - Using properties file: null
[2024-01-17T04:38:09.578+0000] {spark_submit.py:571} INFO - Parsed arguments:
[2024-01-17T04:38:09.578+0000] {spark_submit.py:571} INFO - master                  spark://192.168.224.5:7077
[2024-01-17T04:38:09.578+0000] {spark_submit.py:571} INFO - remote                  null
[2024-01-17T04:38:09.578+0000] {spark_submit.py:571} INFO - deployMode              client
[2024-01-17T04:38:09.578+0000] {spark_submit.py:571} INFO - executorMemory          null
[2024-01-17T04:38:09.578+0000] {spark_submit.py:571} INFO - executorCores           null
[2024-01-17T04:38:09.578+0000] {spark_submit.py:571} INFO - totalExecutorCores      null
[2024-01-17T04:38:09.578+0000] {spark_submit.py:571} INFO - propertiesFile          null
[2024-01-17T04:38:09.578+0000] {spark_submit.py:571} INFO - driverMemory            null
[2024-01-17T04:38:09.578+0000] {spark_submit.py:571} INFO - driverCores             null
[2024-01-17T04:38:09.578+0000] {spark_submit.py:571} INFO - driverExtraClassPath    null
[2024-01-17T04:38:09.578+0000] {spark_submit.py:571} INFO - driverExtraLibraryPath  null
[2024-01-17T04:38:09.579+0000] {spark_submit.py:571} INFO - driverExtraJavaOptions  null
[2024-01-17T04:38:09.579+0000] {spark_submit.py:571} INFO - supervise               false
[2024-01-17T04:38:09.579+0000] {spark_submit.py:571} INFO - queue                   root.default
[2024-01-17T04:38:09.579+0000] {spark_submit.py:571} INFO - numExecutors            null
[2024-01-17T04:38:09.579+0000] {spark_submit.py:571} INFO - files                   null
[2024-01-17T04:38:09.579+0000] {spark_submit.py:571} INFO - pyFiles                 null
[2024-01-17T04:38:09.579+0000] {spark_submit.py:571} INFO - archives                null
[2024-01-17T04:38:09.579+0000] {spark_submit.py:571} INFO - mainClass               org.apache.spark.deploy.PythonRunner
[2024-01-17T04:38:09.579+0000] {spark_submit.py:571} INFO - primaryResource         file:/opt/bitnami/code/spark_stream.py
[2024-01-17T04:38:09.579+0000] {spark_submit.py:571} INFO - name                    spark_submit_job
[2024-01-17T04:38:09.579+0000] {spark_submit.py:571} INFO - childArgs               []
[2024-01-17T04:38:09.579+0000] {spark_submit.py:571} INFO - jars                    null
[2024-01-17T04:38:09.579+0000] {spark_submit.py:571} INFO - packages                null
[2024-01-17T04:38:09.579+0000] {spark_submit.py:571} INFO - packagesExclusions      null
[2024-01-17T04:38:09.579+0000] {spark_submit.py:571} INFO - repositories            null
[2024-01-17T04:38:09.579+0000] {spark_submit.py:571} INFO - verbose                 true
[2024-01-17T04:38:09.579+0000] {spark_submit.py:571} INFO - 
[2024-01-17T04:38:09.579+0000] {spark_submit.py:571} INFO - Spark properties used, including those specified through
[2024-01-17T04:38:09.579+0000] {spark_submit.py:571} INFO - --conf and those from the properties file null:
[2024-01-17T04:38:09.579+0000] {spark_submit.py:571} INFO - 
[2024-01-17T04:38:09.580+0000] {spark_submit.py:571} INFO - 
[2024-01-17T04:38:09.580+0000] {spark_submit.py:571} INFO - 
[2024-01-17T04:38:09.758+0000] {spark_submit.py:571} INFO - Main class:
[2024-01-17T04:38:09.758+0000] {spark_submit.py:571} INFO - org.apache.spark.deploy.PythonRunner
[2024-01-17T04:38:09.758+0000] {spark_submit.py:571} INFO - Arguments:
[2024-01-17T04:38:09.758+0000] {spark_submit.py:571} INFO - file:/opt/bitnami/code/spark_stream.py
[2024-01-17T04:38:09.758+0000] {spark_submit.py:571} INFO - null
[2024-01-17T04:38:09.761+0000] {spark_submit.py:571} INFO - Spark config:
[2024-01-17T04:38:09.761+0000] {spark_submit.py:571} INFO - (spark.app.name,spark_submit_job)
[2024-01-17T04:38:09.761+0000] {spark_submit.py:571} INFO - (spark.app.submitTime,1705466289747)
[2024-01-17T04:38:09.761+0000] {spark_submit.py:571} INFO - (spark.master,spark://192.168.224.5:7077)
[2024-01-17T04:38:09.761+0000] {spark_submit.py:571} INFO - (spark.submit.deployMode,client)
[2024-01-17T04:38:09.761+0000] {spark_submit.py:571} INFO - (spark.submit.pyFiles,)
[2024-01-17T04:38:09.761+0000] {spark_submit.py:571} INFO - Classpath elements:
[2024-01-17T04:38:09.761+0000] {spark_submit.py:571} INFO - 
[2024-01-17T04:38:09.761+0000] {spark_submit.py:571} INFO - 
[2024-01-17T04:38:09.761+0000] {spark_submit.py:571} INFO - 
[2024-01-17T04:38:09.894+0000] {spark_submit.py:571} INFO - python3: can't open file '/opt/bitnami/code/spark_stream.py': [Errno 2] No such file or directory
[2024-01-17T04:38:09.908+0000] {spark_submit.py:571} INFO - 24/01/17 04:38:09 INFO ShutdownHookManager: Shutdown hook called
[2024-01-17T04:38:09.910+0000] {spark_submit.py:571} INFO - 24/01/17 04:38:09 INFO ShutdownHookManager: Deleting directory /tmp/spark-ea81109f-b05a-4e3e-968c-bbe490fd65cb
[2024-01-17T04:38:09.943+0000] {taskinstance.py:1943} ERROR - Task failed with exception
Traceback (most recent call last):
  File "/home/airflow/.local/lib/python3.9/site-packages/airflow/providers/apache/spark/operators/spark_submit.py", line 174, in execute
    self._hook.submit(self._application)
  File "/home/airflow/.local/lib/python3.9/site-packages/airflow/providers/apache/spark/hooks/spark_submit.py", line 502, in submit
    raise AirflowException(
airflow.exceptions.AirflowException: Cannot execute: spark-submit --master spark://192.168.224.5:7077 --name spark_submit_job --class org.apache.spark.deploy.PythonRunner --verbose --queue root.default --deploy-mode client /opt/bitnami/code/spark_stream.py. Error code is: 2.
[2024-01-17T04:38:09.945+0000] {taskinstance.py:1400} INFO - Marking task as FAILED. dag_id=spark_stream_job, task_id=spark_submit_task, execution_date=20240117T000500, start_date=20240117T043808, end_date=20240117T043809
[2024-01-17T04:38:09.955+0000] {standard_task_runner.py:104} ERROR - Failed to execute job 75 for task spark_submit_task (Cannot execute: spark-submit --master spark://192.168.224.5:7077 --name spark_submit_job --class org.apache.spark.deploy.PythonRunner --verbose --queue root.default --deploy-mode client /opt/bitnami/code/spark_stream.py. Error code is: 2.; 6013)
[2024-01-17T04:38:09.984+0000] {local_task_job_runner.py:228} INFO - Task exited with return code 1
[2024-01-17T04:38:10.000+0000] {taskinstance.py:2784} INFO - 0 downstream tasks scheduled from follow-on schedule check
