[2024-01-20T08:12:38.156+0000] {taskinstance.py:1159} INFO - Dependencies all met for dep_context=non-requeueable deps ti=<TaskInstance: SpeedLayer.submit_spark_job manual__2024-01-20T08:12:28.082585+00:00 [queued]>
[2024-01-20T08:12:38.164+0000] {taskinstance.py:1159} INFO - Dependencies all met for dep_context=requeueable deps ti=<TaskInstance: SpeedLayer.submit_spark_job manual__2024-01-20T08:12:28.082585+00:00 [queued]>
[2024-01-20T08:12:38.165+0000] {taskinstance.py:1361} INFO - Starting attempt 1 of 1
[2024-01-20T08:12:38.180+0000] {taskinstance.py:1382} INFO - Executing <Task(SparkSubmitOperator): submit_spark_job> on 2024-01-20 08:12:28.082585+00:00
[2024-01-20T08:12:38.183+0000] {standard_task_runner.py:57} INFO - Started process 895 to run task
[2024-01-20T08:12:38.186+0000] {standard_task_runner.py:84} INFO - Running: ['***', 'tasks', 'run', 'SpeedLayer', 'submit_spark_job', 'manual__2024-01-20T08:12:28.082585+00:00', '--job-id', '1023', '--raw', '--subdir', 'DAGS_FOLDER/spark_streaming_dag.py', '--cfg-path', '/tmp/tmphc98e54h']
[2024-01-20T08:12:38.187+0000] {standard_task_runner.py:85} INFO - Job 1023: Subtask submit_spark_job
[2024-01-20T08:12:38.231+0000] {task_command.py:415} INFO - Running <TaskInstance: SpeedLayer.submit_spark_job manual__2024-01-20T08:12:28.082585+00:00 [running]> on host 45c5bfab8aa1
[2024-01-20T08:12:38.312+0000] {taskinstance.py:1660} INFO - Exporting env vars: AIRFLOW_CTX_DAG_OWNER='***' AIRFLOW_CTX_DAG_ID='SpeedLayer' AIRFLOW_CTX_TASK_ID='submit_spark_job' AIRFLOW_CTX_EXECUTION_DATE='2024-01-20T08:12:28.082585+00:00' AIRFLOW_CTX_TRY_NUMBER='1' AIRFLOW_CTX_DAG_RUN_ID='manual__2024-01-20T08:12:28.082585+00:00'
[2024-01-20T08:12:38.321+0000] {base.py:73} INFO - Using connection ID 'spark_default' for task execution.
[2024-01-20T08:12:38.322+0000] {spark_submit.py:401} INFO - Spark-Submit cmd: spark-submit --master spark://172.19.0.4:7077 --conf spark.jars.packages=org.apache.spark:spark-streaming-kafka-0-10_2.12:3.1.2 --conf spark.jars.excludes=org.scala-lang:scala-reflect --packages com.datastax.spark:spark-cassandra-connector_2.12:3.4.1,org.apache.spark:spark-sql-kafka-0-10_2.12:3.4.1 --name arrow-spark --queue root.default --deploy-mode client /opt/***/shared_volume/stream.py
[2024-01-20T08:12:39.392+0000] {spark_submit.py:571} INFO - WARNING: An illegal reflective access operation has occurred
[2024-01-20T08:12:39.393+0000] {spark_submit.py:571} INFO - WARNING: Illegal reflective access by org.apache.spark.unsafe.Platform (file:/home/***/.local/lib/python3.9/site-packages/pyspark/jars/spark-unsafe_2.12-3.1.2.jar) to constructor java.nio.DirectByteBuffer(long,int)
[2024-01-20T08:12:39.394+0000] {spark_submit.py:571} INFO - WARNING: Please consider reporting this to the maintainers of org.apache.spark.unsafe.Platform
[2024-01-20T08:12:39.395+0000] {spark_submit.py:571} INFO - WARNING: Use --illegal-access=warn to enable warnings of further illegal reflective access operations
[2024-01-20T08:12:39.395+0000] {spark_submit.py:571} INFO - WARNING: All illegal access operations will be denied in a future release
[2024-01-20T08:12:39.505+0000] {spark_submit.py:571} INFO - :: loading settings :: url = jar:file:/home/***/.local/lib/python3.9/site-packages/pyspark/jars/ivy-2.4.0.jar!/org/apache/ivy/core/settings/ivysettings.xml
[2024-01-20T08:12:39.571+0000] {spark_submit.py:571} INFO - Ivy Default Cache set to: /home/***/.ivy2/cache
[2024-01-20T08:12:39.572+0000] {spark_submit.py:571} INFO - The jars for the packages stored in: /home/***/.ivy2/jars
[2024-01-20T08:12:39.575+0000] {spark_submit.py:571} INFO - com.datastax.spark#spark-cassandra-connector_2.12 added as a dependency
[2024-01-20T08:12:39.576+0000] {spark_submit.py:571} INFO - org.apache.spark#spark-sql-kafka-0-10_2.12 added as a dependency
[2024-01-20T08:12:39.577+0000] {spark_submit.py:571} INFO - :: resolving dependencies :: org.apache.spark#spark-submit-parent-7d2f6bfe-b545-4841-9345-2ecd62b42b86;1.0
[2024-01-20T08:12:39.577+0000] {spark_submit.py:571} INFO - confs: [default]
[2024-01-20T08:12:39.676+0000] {spark_submit.py:571} INFO - found com.datastax.spark#spark-cassandra-connector_2.12;3.4.1 in central
[2024-01-20T08:12:39.692+0000] {spark_submit.py:571} INFO - found com.datastax.spark#spark-cassandra-connector-driver_2.12;3.4.1 in central
[2024-01-20T08:12:39.709+0000] {spark_submit.py:571} INFO - found org.scala-lang.modules#scala-collection-compat_2.12;2.11.0 in central
[2024-01-20T08:12:39.730+0000] {spark_submit.py:571} INFO - found com.datastax.oss#java-driver-core-shaded;4.13.0 in central
[2024-01-20T08:12:39.751+0000] {spark_submit.py:571} INFO - found com.datastax.oss#native-protocol;1.5.0 in central
[2024-01-20T08:12:39.764+0000] {spark_submit.py:571} INFO - found com.datastax.oss#java-driver-shaded-guava;25.1-jre-graal-sub-1 in central
[2024-01-20T08:12:39.776+0000] {spark_submit.py:571} INFO - found com.typesafe#config;1.4.1 in central
[2024-01-20T08:12:39.786+0000] {spark_submit.py:571} INFO - found org.slf4j#slf4j-api;1.7.26 in central
[2024-01-20T08:12:39.798+0000] {spark_submit.py:571} INFO - found io.dropwizard.metrics#metrics-core;4.1.18 in central
[2024-01-20T08:12:39.813+0000] {spark_submit.py:571} INFO - found org.hdrhistogram#HdrHistogram;2.1.12 in central
[2024-01-20T08:12:39.823+0000] {spark_submit.py:571} INFO - found org.reactivestreams#reactive-streams;1.0.3 in central
[2024-01-20T08:12:39.831+0000] {spark_submit.py:571} INFO - found com.github.stephenc.jcip#jcip-annotations;1.0-1 in central
[2024-01-20T08:12:39.839+0000] {spark_submit.py:571} INFO - found com.github.spotbugs#spotbugs-annotations;3.1.12 in central
[2024-01-20T08:12:39.847+0000] {spark_submit.py:571} INFO - found com.google.code.findbugs#jsr305;3.0.2 in central
[2024-01-20T08:12:39.857+0000] {spark_submit.py:571} INFO - found com.datastax.oss#java-driver-mapper-runtime;4.13.0 in central
[2024-01-20T08:12:39.867+0000] {spark_submit.py:571} INFO - found com.datastax.oss#java-driver-query-builder;4.13.0 in central
[2024-01-20T08:12:39.881+0000] {spark_submit.py:571} INFO - found org.apache.commons#commons-lang3;3.10 in central
[2024-01-20T08:12:39.889+0000] {spark_submit.py:571} INFO - found com.thoughtworks.paranamer#paranamer;2.8 in central
[2024-01-20T08:12:39.907+0000] {spark_submit.py:571} INFO - found org.apache.spark#spark-sql-kafka-0-10_2.12;3.4.1 in central
[2024-01-20T08:12:39.922+0000] {spark_submit.py:571} INFO - found org.apache.spark#spark-token-provider-kafka-0-10_2.12;3.4.1 in central
[2024-01-20T08:12:39.929+0000] {spark_submit.py:571} INFO - found org.apache.kafka#kafka-clients;3.3.2 in central
[2024-01-20T08:12:39.936+0000] {spark_submit.py:571} INFO - found org.lz4#lz4-java;1.8.0 in central
[2024-01-20T08:12:39.951+0000] {spark_submit.py:571} INFO - found org.xerial.snappy#snappy-java;1.1.10.1 in central
[2024-01-20T08:12:39.958+0000] {spark_submit.py:571} INFO - found org.slf4j#slf4j-api;2.0.6 in central
[2024-01-20T08:12:39.968+0000] {spark_submit.py:571} INFO - found org.apache.hadoop#hadoop-client-runtime;3.3.4 in central
[2024-01-20T08:12:39.979+0000] {spark_submit.py:571} INFO - found org.apache.hadoop#hadoop-client-api;3.3.4 in central
[2024-01-20T08:12:39.987+0000] {spark_submit.py:571} INFO - found commons-logging#commons-logging;1.1.3 in central
[2024-01-20T08:12:39.996+0000] {spark_submit.py:571} INFO - found org.apache.commons#commons-pool2;2.11.1 in central
[2024-01-20T08:12:40.011+0000] {spark_submit.py:571} INFO - :: resolution report :: resolve 428ms :: artifacts dl 7ms
[2024-01-20T08:12:40.011+0000] {spark_submit.py:571} INFO - :: modules in use:
[2024-01-20T08:12:40.012+0000] {spark_submit.py:571} INFO - com.datastax.oss#java-driver-core-shaded;4.13.0 from central in [default]
[2024-01-20T08:12:40.012+0000] {spark_submit.py:571} INFO - com.datastax.oss#java-driver-mapper-runtime;4.13.0 from central in [default]
[2024-01-20T08:12:40.013+0000] {spark_submit.py:571} INFO - com.datastax.oss#java-driver-query-builder;4.13.0 from central in [default]
[2024-01-20T08:12:40.013+0000] {spark_submit.py:571} INFO - com.datastax.oss#java-driver-shaded-guava;25.1-jre-graal-sub-1 from central in [default]
[2024-01-20T08:12:40.014+0000] {spark_submit.py:571} INFO - com.datastax.oss#native-protocol;1.5.0 from central in [default]
[2024-01-20T08:12:40.014+0000] {spark_submit.py:571} INFO - com.datastax.spark#spark-cassandra-connector-driver_2.12;3.4.1 from central in [default]
[2024-01-20T08:12:40.015+0000] {spark_submit.py:571} INFO - com.datastax.spark#spark-cassandra-connector_2.12;3.4.1 from central in [default]
[2024-01-20T08:12:40.015+0000] {spark_submit.py:571} INFO - com.github.spotbugs#spotbugs-annotations;3.1.12 from central in [default]
[2024-01-20T08:12:40.015+0000] {spark_submit.py:571} INFO - com.github.stephenc.jcip#jcip-annotations;1.0-1 from central in [default]
[2024-01-20T08:12:40.016+0000] {spark_submit.py:571} INFO - com.google.code.findbugs#jsr305;3.0.2 from central in [default]
[2024-01-20T08:12:40.016+0000] {spark_submit.py:571} INFO - com.thoughtworks.paranamer#paranamer;2.8 from central in [default]
[2024-01-20T08:12:40.017+0000] {spark_submit.py:571} INFO - com.typesafe#config;1.4.1 from central in [default]
[2024-01-20T08:12:40.017+0000] {spark_submit.py:571} INFO - commons-logging#commons-logging;1.1.3 from central in [default]
[2024-01-20T08:12:40.018+0000] {spark_submit.py:571} INFO - io.dropwizard.metrics#metrics-core;4.1.18 from central in [default]
[2024-01-20T08:12:40.018+0000] {spark_submit.py:571} INFO - org.apache.commons#commons-lang3;3.10 from central in [default]
[2024-01-20T08:12:40.019+0000] {spark_submit.py:571} INFO - org.apache.commons#commons-pool2;2.11.1 from central in [default]
[2024-01-20T08:12:40.019+0000] {spark_submit.py:571} INFO - org.apache.hadoop#hadoop-client-api;3.3.4 from central in [default]
[2024-01-20T08:12:40.020+0000] {spark_submit.py:571} INFO - org.apache.hadoop#hadoop-client-runtime;3.3.4 from central in [default]
[2024-01-20T08:12:40.020+0000] {spark_submit.py:571} INFO - org.apache.kafka#kafka-clients;3.3.2 from central in [default]
[2024-01-20T08:12:40.020+0000] {spark_submit.py:571} INFO - org.apache.spark#spark-sql-kafka-0-10_2.12;3.4.1 from central in [default]
[2024-01-20T08:12:40.021+0000] {spark_submit.py:571} INFO - org.apache.spark#spark-token-provider-kafka-0-10_2.12;3.4.1 from central in [default]
[2024-01-20T08:12:40.021+0000] {spark_submit.py:571} INFO - org.hdrhistogram#HdrHistogram;2.1.12 from central in [default]
[2024-01-20T08:12:40.021+0000] {spark_submit.py:571} INFO - org.lz4#lz4-java;1.8.0 from central in [default]
[2024-01-20T08:12:40.022+0000] {spark_submit.py:571} INFO - org.reactivestreams#reactive-streams;1.0.3 from central in [default]
[2024-01-20T08:12:40.022+0000] {spark_submit.py:571} INFO - org.scala-lang.modules#scala-collection-compat_2.12;2.11.0 from central in [default]
[2024-01-20T08:12:40.023+0000] {spark_submit.py:571} INFO - org.slf4j#slf4j-api;2.0.6 from central in [default]
[2024-01-20T08:12:40.023+0000] {spark_submit.py:571} INFO - org.xerial.snappy#snappy-java;1.1.10.1 from central in [default]
[2024-01-20T08:12:40.024+0000] {spark_submit.py:571} INFO - :: evicted modules:
[2024-01-20T08:12:40.024+0000] {spark_submit.py:571} INFO - org.slf4j#slf4j-api;1.7.26 by [org.slf4j#slf4j-api;2.0.6] in [default]
[2024-01-20T08:12:40.024+0000] {spark_submit.py:571} INFO - com.google.code.findbugs#jsr305;3.0.0 by [com.google.code.findbugs#jsr305;3.0.2] in [default]
[2024-01-20T08:12:40.025+0000] {spark_submit.py:571} INFO - ---------------------------------------------------------------------
[2024-01-20T08:12:40.025+0000] {spark_submit.py:571} INFO - |                  |            modules            ||   artifacts   |
[2024-01-20T08:12:40.026+0000] {spark_submit.py:571} INFO - |       conf       | number| search|dwnlded|evicted|| number|dwnlded|
[2024-01-20T08:12:40.026+0000] {spark_submit.py:571} INFO - ---------------------------------------------------------------------
[2024-01-20T08:12:40.027+0000] {spark_submit.py:571} INFO - |      default     |   29  |   0   |   0   |   2   ||   27  |   0   |
[2024-01-20T08:12:40.027+0000] {spark_submit.py:571} INFO - ---------------------------------------------------------------------
[2024-01-20T08:12:40.027+0000] {spark_submit.py:571} INFO - :: retrieving :: org.apache.spark#spark-submit-parent-7d2f6bfe-b545-4841-9345-2ecd62b42b86
[2024-01-20T08:12:40.028+0000] {spark_submit.py:571} INFO - confs: [default]
[2024-01-20T08:12:40.028+0000] {spark_submit.py:571} INFO - 0 artifacts copied, 27 already retrieved (0kB/8ms)
[2024-01-20T08:12:40.245+0000] {spark_submit.py:571} INFO - 24/01/20 08:12:40 WARN NativeCodeLoader: Unable to load native-hadoop library for your platform... using builtin-java classes where applicable
[2024-01-20T08:12:41.456+0000] {spark_submit.py:571} INFO - Traceback (most recent call last):
[2024-01-20T08:12:41.457+0000] {spark_submit.py:571} INFO - File "/opt/***/shared_volume/stream.py", line 3, in <module>
[2024-01-20T08:12:41.460+0000] {spark_submit.py:571} INFO - from pyspark.streaming.kafka import KafkaUtils
[2024-01-20T08:12:41.461+0000] {spark_submit.py:571} INFO - ModuleNotFoundError: No module named 'pyspark.streaming.kafka'
[2024-01-20T08:12:41.496+0000] {spark_submit.py:571} INFO - log4j:WARN No appenders could be found for logger (org.apache.spark.util.ShutdownHookManager).
[2024-01-20T08:12:41.497+0000] {spark_submit.py:571} INFO - log4j:WARN Please initialize the log4j system properly.
[2024-01-20T08:12:41.498+0000] {spark_submit.py:571} INFO - log4j:WARN See http://logging.apache.org/log4j/1.2/faq.html#noconfig for more info.
[2024-01-20T08:12:41.535+0000] {taskinstance.py:1943} ERROR - Task failed with exception
Traceback (most recent call last):
  File "/home/airflow/.local/lib/python3.9/site-packages/airflow/providers/apache/spark/operators/spark_submit.py", line 174, in execute
    self._hook.submit(self._application)
  File "/home/airflow/.local/lib/python3.9/site-packages/airflow/providers/apache/spark/hooks/spark_submit.py", line 502, in submit
    raise AirflowException(
airflow.exceptions.AirflowException: Cannot execute: spark-submit --master spark://172.19.0.4:7077 --conf spark.jars.packages=org.apache.spark:spark-streaming-kafka-0-10_2.12:3.1.2 --conf spark.jars.excludes=org.scala-lang:scala-reflect --packages com.datastax.spark:spark-cassandra-connector_2.12:3.4.1,org.apache.spark:spark-sql-kafka-0-10_2.12:3.4.1 --name arrow-spark --queue root.default --deploy-mode client /opt/***/shared_volume/stream.py. Error code is: 1.
[2024-01-20T08:12:41.541+0000] {taskinstance.py:1400} INFO - Marking task as FAILED. dag_id=SpeedLayer, task_id=submit_spark_job, execution_date=20240120T081228, start_date=20240120T081238, end_date=20240120T081241
[2024-01-20T08:12:41.554+0000] {standard_task_runner.py:104} ERROR - Failed to execute job 1023 for task submit_spark_job (Cannot execute: spark-submit --master spark://172.19.0.4:7077 --conf spark.jars.packages=org.apache.spark:spark-streaming-kafka-0-10_2.12:3.1.2 --conf spark.jars.excludes=org.scala-lang:scala-reflect --packages com.datastax.spark:spark-cassandra-connector_2.12:3.4.1,org.apache.spark:spark-sql-kafka-0-10_2.12:3.4.1 --name arrow-spark --queue root.default --deploy-mode client /opt/***/shared_volume/stream.py. Error code is: 1.; 895)
[2024-01-20T08:12:41.581+0000] {local_task_job_runner.py:228} INFO - Task exited with return code 1
[2024-01-20T08:12:41.602+0000] {taskinstance.py:2784} INFO - 0 downstream tasks scheduled from follow-on schedule check
