[2024-01-20T05:25:04.713+0000] {taskinstance.py:1159} INFO - Dependencies all met for dep_context=non-requeueable deps ti=<TaskInstance: Kafka_Producer_2.Reddit scheduled__2024-01-20T05:22:51.647763+00:00 [queued]>
[2024-01-20T05:25:04.719+0000] {taskinstance.py:1159} INFO - Dependencies all met for dep_context=requeueable deps ti=<TaskInstance: Kafka_Producer_2.Reddit scheduled__2024-01-20T05:22:51.647763+00:00 [queued]>
[2024-01-20T05:25:04.719+0000] {taskinstance.py:1361} INFO - Starting attempt 1 of 1
[2024-01-20T05:25:04.731+0000] {taskinstance.py:1382} INFO - Executing <Task(PythonOperator): Reddit> on 2024-01-20 05:22:51.647763+00:00
[2024-01-20T05:25:04.734+0000] {standard_task_runner.py:57} INFO - Started process 11080 to run task
[2024-01-20T05:25:04.736+0000] {standard_task_runner.py:84} INFO - Running: ['***', 'tasks', 'run', 'Kafka_Producer_2', 'Reddit', 'scheduled__2024-01-20T05:22:51.647763+00:00', '--job-id', '572', '--raw', '--subdir', 'DAGS_FOLDER/kafka_stream_2.py', '--cfg-path', '/tmp/tmps0dzpea7']
[2024-01-20T05:25:04.737+0000] {standard_task_runner.py:85} INFO - Job 572: Subtask Reddit
[2024-01-20T05:25:04.775+0000] {task_command.py:415} INFO - Running <TaskInstance: Kafka_Producer_2.Reddit scheduled__2024-01-20T05:22:51.647763+00:00 [running]> on host 45c5bfab8aa1
[2024-01-20T05:25:04.840+0000] {taskinstance.py:1660} INFO - Exporting env vars: AIRFLOW_CTX_DAG_OWNER='me' AIRFLOW_CTX_DAG_ID='Kafka_Producer_2' AIRFLOW_CTX_TASK_ID='Reddit' AIRFLOW_CTX_EXECUTION_DATE='2024-01-20T05:22:51.647763+00:00' AIRFLOW_CTX_TRY_NUMBER='1' AIRFLOW_CTX_DAG_RUN_ID='scheduled__2024-01-20T05:22:51.647763+00:00'
[2024-01-20T05:25:04.870+0000] {logging_mixin.py:151} INFO -  submission : 
[2024-01-20T05:25:05.705+0000] {logging_mixin.py:151} INFO - #False
[2024-01-20T05:25:05.705+0000] {logging_mixin.py:151} INFO - #False
[2024-01-20T05:25:05.706+0000] {logging_mixin.py:151} INFO - #False
[2024-01-20T05:25:05.706+0000] {logging_mixin.py:151} INFO - #False
[2024-01-20T05:25:05.706+0000] {logging_mixin.py:151} INFO - #False
[2024-01-20T05:25:05.706+0000] {logging_mixin.py:151} INFO - #False
[2024-01-20T05:25:05.707+0000] {logging_mixin.py:151} INFO - #False
[2024-01-20T05:25:05.707+0000] {logging_mixin.py:151} INFO - #False
[2024-01-20T05:25:05.707+0000] {logging_mixin.py:151} INFO - #False
[2024-01-20T05:25:05.707+0000] {logging_mixin.py:151} INFO - #False
[2024-01-20T05:25:05.708+0000] {logging_mixin.py:151} INFO - #False
[2024-01-20T05:25:05.708+0000] {logging_mixin.py:151} INFO - #False
[2024-01-20T05:25:05.708+0000] {logging_mixin.py:151} INFO - #False
[2024-01-20T05:25:05.708+0000] {logging_mixin.py:151} INFO - #False
[2024-01-20T05:25:05.708+0000] {logging_mixin.py:151} INFO - #False
[2024-01-20T05:25:05.709+0000] {logging_mixin.py:151} INFO - #False
[2024-01-20T05:25:05.709+0000] {logging_mixin.py:151} INFO - #False
[2024-01-20T05:25:05.709+0000] {logging_mixin.py:151} INFO - #False
[2024-01-20T05:25:05.709+0000] {logging_mixin.py:151} INFO - #False
[2024-01-20T05:25:05.710+0000] {logging_mixin.py:151} INFO - #False
[2024-01-20T05:25:05.710+0000] {logging_mixin.py:151} INFO - #False
[2024-01-20T05:25:05.710+0000] {logging_mixin.py:151} INFO - #False
[2024-01-20T05:25:05.710+0000] {logging_mixin.py:151} INFO - #False
[2024-01-20T05:25:05.710+0000] {logging_mixin.py:151} INFO - #False
[2024-01-20T05:25:05.711+0000] {logging_mixin.py:151} INFO - #False
[2024-01-20T05:25:05.711+0000] {logging_mixin.py:151} INFO - #False
[2024-01-20T05:25:05.711+0000] {logging_mixin.py:151} INFO - #False
[2024-01-20T05:25:05.711+0000] {logging_mixin.py:151} INFO - #False
[2024-01-20T05:25:05.711+0000] {logging_mixin.py:151} INFO - #False
[2024-01-20T05:25:05.712+0000] {logging_mixin.py:151} INFO - #False
[2024-01-20T05:25:05.712+0000] {logging_mixin.py:151} INFO -  submission : 
[2024-01-20T05:25:06.321+0000] {logging_mixin.py:151} INFO - #False
[2024-01-20T05:25:06.322+0000] {logging_mixin.py:151} INFO - #False
[2024-01-20T05:25:06.322+0000] {logging_mixin.py:151} INFO - #False
[2024-01-20T05:25:06.322+0000] {logging_mixin.py:151} INFO - #False
[2024-01-20T05:25:06.323+0000] {logging_mixin.py:151} INFO - #False
[2024-01-20T05:25:06.323+0000] {logging_mixin.py:151} INFO - #False
[2024-01-20T05:25:06.323+0000] {logging_mixin.py:151} INFO - #False
[2024-01-20T05:25:06.323+0000] {logging_mixin.py:151} INFO - #False
[2024-01-20T05:25:06.324+0000] {logging_mixin.py:151} INFO - #False
[2024-01-20T05:25:06.324+0000] {logging_mixin.py:151} INFO - #False
[2024-01-20T05:25:06.324+0000] {logging_mixin.py:151} INFO - #False
[2024-01-20T05:25:06.324+0000] {logging_mixin.py:151} INFO - #False
[2024-01-20T05:25:06.324+0000] {logging_mixin.py:151} INFO - #False
[2024-01-20T05:25:06.325+0000] {logging_mixin.py:151} INFO - #False
[2024-01-20T05:25:06.325+0000] {logging_mixin.py:151} INFO - #False
[2024-01-20T05:25:06.325+0000] {logging_mixin.py:151} INFO - #False
[2024-01-20T05:25:06.325+0000] {logging_mixin.py:151} INFO - #False
[2024-01-20T05:25:06.326+0000] {logging_mixin.py:151} INFO - #False
[2024-01-20T05:25:06.326+0000] {logging_mixin.py:151} INFO - #False
[2024-01-20T05:25:06.326+0000] {logging_mixin.py:151} INFO - #False
[2024-01-20T05:25:06.326+0000] {logging_mixin.py:151} INFO - #False
[2024-01-20T05:25:06.326+0000] {logging_mixin.py:151} INFO - #False
[2024-01-20T05:25:06.326+0000] {logging_mixin.py:151} INFO - #False
[2024-01-20T05:25:06.327+0000] {logging_mixin.py:151} INFO - #False
[2024-01-20T05:25:06.327+0000] {logging_mixin.py:151} INFO - #False
[2024-01-20T05:25:06.327+0000] {logging_mixin.py:151} INFO - #False
[2024-01-20T05:25:06.327+0000] {logging_mixin.py:151} INFO - #False
[2024-01-20T05:25:06.328+0000] {logging_mixin.py:151} INFO - #False
[2024-01-20T05:25:06.328+0000] {logging_mixin.py:151} INFO - #False
[2024-01-20T05:25:06.328+0000] {logging_mixin.py:151} INFO - #False
[2024-01-20T05:25:06.329+0000] {logging_mixin.py:151} INFO -  submission : 
[2024-01-20T05:25:06.910+0000] {logging_mixin.py:151} INFO - #False
[2024-01-20T05:25:06.910+0000] {logging_mixin.py:151} INFO - #False
[2024-01-20T05:25:06.911+0000] {logging_mixin.py:151} INFO - #False
[2024-01-20T05:25:06.912+0000] {logging_mixin.py:151} INFO - #False
[2024-01-20T05:25:06.912+0000] {logging_mixin.py:151} INFO - #False
[2024-01-20T05:25:06.913+0000] {logging_mixin.py:151} INFO - #False
[2024-01-20T05:25:06.913+0000] {logging_mixin.py:151} INFO - #False
[2024-01-20T05:25:06.914+0000] {logging_mixin.py:151} INFO - #False
[2024-01-20T05:25:06.914+0000] {logging_mixin.py:151} INFO - #False
[2024-01-20T05:25:06.915+0000] {logging_mixin.py:151} INFO - #False
[2024-01-20T05:25:06.915+0000] {logging_mixin.py:151} INFO - #False
[2024-01-20T05:25:06.916+0000] {logging_mixin.py:151} INFO - #False
[2024-01-20T05:25:06.916+0000] {logging_mixin.py:151} INFO - #False
[2024-01-20T05:25:06.916+0000] {logging_mixin.py:151} INFO - #False
[2024-01-20T05:25:06.917+0000] {logging_mixin.py:151} INFO - #False
[2024-01-20T05:25:06.917+0000] {logging_mixin.py:151} INFO - #False
[2024-01-20T05:25:06.918+0000] {logging_mixin.py:151} INFO - #False
[2024-01-20T05:25:06.918+0000] {logging_mixin.py:151} INFO - #False
[2024-01-20T05:25:06.919+0000] {logging_mixin.py:151} INFO - #False
[2024-01-20T05:25:06.919+0000] {logging_mixin.py:151} INFO - #False
[2024-01-20T05:25:06.920+0000] {logging_mixin.py:151} INFO - #False
[2024-01-20T05:25:06.920+0000] {logging_mixin.py:151} INFO - #False
[2024-01-20T05:25:06.920+0000] {logging_mixin.py:151} INFO - #False
[2024-01-20T05:25:06.921+0000] {logging_mixin.py:151} INFO - #False
[2024-01-20T05:25:06.921+0000] {logging_mixin.py:151} INFO - #False
[2024-01-20T05:25:06.922+0000] {logging_mixin.py:151} INFO - #False
[2024-01-20T05:25:06.923+0000] {logging_mixin.py:151} INFO - #False
[2024-01-20T05:25:06.923+0000] {logging_mixin.py:151} INFO - #False
[2024-01-20T05:25:06.924+0000] {logging_mixin.py:151} INFO - #False
[2024-01-20T05:25:06.924+0000] {logging_mixin.py:151} INFO - #False
[2024-01-20T05:25:06.924+0000] {logging_mixin.py:151} INFO -  submission : 
[2024-01-20T05:25:07.308+0000] {logging_mixin.py:151} INFO - #False
[2024-01-20T05:25:07.308+0000] {logging_mixin.py:151} INFO - #False
[2024-01-20T05:25:07.309+0000] {logging_mixin.py:151} INFO - #False
[2024-01-20T05:25:07.309+0000] {logging_mixin.py:151} INFO - #False
[2024-01-20T05:25:07.309+0000] {logging_mixin.py:151} INFO - #False
[2024-01-20T05:25:07.310+0000] {logging_mixin.py:151} INFO - #False
[2024-01-20T05:25:07.310+0000] {logging_mixin.py:151} INFO - #False
[2024-01-20T05:25:07.310+0000] {logging_mixin.py:151} INFO - #False
[2024-01-20T05:25:07.310+0000] {logging_mixin.py:151} INFO - #False
[2024-01-20T05:25:07.310+0000] {logging_mixin.py:151} INFO - #False
[2024-01-20T05:25:07.311+0000] {logging_mixin.py:151} INFO - #False
[2024-01-20T05:25:07.311+0000] {logging_mixin.py:151} INFO - #False
[2024-01-20T05:25:07.311+0000] {logging_mixin.py:151} INFO - #False
[2024-01-20T05:25:07.311+0000] {logging_mixin.py:151} INFO - #False
[2024-01-20T05:25:07.312+0000] {logging_mixin.py:151} INFO - #False
[2024-01-20T05:25:07.312+0000] {logging_mixin.py:151} INFO - #False
[2024-01-20T05:25:07.312+0000] {logging_mixin.py:151} INFO - #False
[2024-01-20T05:25:07.312+0000] {logging_mixin.py:151} INFO - #False
[2024-01-20T05:25:07.313+0000] {logging_mixin.py:151} INFO - #False
[2024-01-20T05:25:07.313+0000] {logging_mixin.py:151} INFO - #False
[2024-01-20T05:25:07.313+0000] {logging_mixin.py:151} INFO - #False
[2024-01-20T05:25:07.313+0000] {logging_mixin.py:151} INFO - #False
[2024-01-20T05:25:07.313+0000] {logging_mixin.py:151} INFO - #False
[2024-01-20T05:25:07.314+0000] {logging_mixin.py:151} INFO - #False
[2024-01-20T05:25:07.314+0000] {logging_mixin.py:151} INFO - #False
[2024-01-20T05:25:07.314+0000] {logging_mixin.py:151} INFO - #False
[2024-01-20T05:25:07.314+0000] {logging_mixin.py:151} INFO - #False
[2024-01-20T05:25:07.315+0000] {logging_mixin.py:151} INFO - #False
[2024-01-20T05:25:07.315+0000] {logging_mixin.py:151} INFO - #False
[2024-01-20T05:25:07.315+0000] {logging_mixin.py:151} INFO - #False
[2024-01-20T05:25:07.315+0000] {logging_mixin.py:151} INFO -  submission : 
[2024-01-20T05:25:07.782+0000] {logging_mixin.py:151} INFO - #False
[2024-01-20T05:25:07.783+0000] {logging_mixin.py:151} INFO - #False
[2024-01-20T05:25:07.783+0000] {logging_mixin.py:151} INFO - #False
[2024-01-20T05:25:07.783+0000] {logging_mixin.py:151} INFO - #False
[2024-01-20T05:25:07.784+0000] {logging_mixin.py:151} INFO - #False
[2024-01-20T05:25:07.784+0000] {logging_mixin.py:151} INFO - #False
[2024-01-20T05:25:07.784+0000] {logging_mixin.py:151} INFO - #False
[2024-01-20T05:25:07.784+0000] {logging_mixin.py:151} INFO - #False
[2024-01-20T05:25:07.785+0000] {logging_mixin.py:151} INFO - #False
[2024-01-20T05:25:07.785+0000] {logging_mixin.py:151} INFO - #False
[2024-01-20T05:25:07.785+0000] {logging_mixin.py:151} INFO - #False
[2024-01-20T05:25:07.785+0000] {logging_mixin.py:151} INFO - #False
[2024-01-20T05:25:07.786+0000] {logging_mixin.py:151} INFO - #False
[2024-01-20T05:25:07.786+0000] {logging_mixin.py:151} INFO - #False
[2024-01-20T05:25:07.786+0000] {logging_mixin.py:151} INFO - #False
[2024-01-20T05:25:07.786+0000] {logging_mixin.py:151} INFO - #False
[2024-01-20T05:25:07.787+0000] {logging_mixin.py:151} INFO - #False
[2024-01-20T05:25:07.787+0000] {logging_mixin.py:151} INFO - #False
[2024-01-20T05:25:07.787+0000] {logging_mixin.py:151} INFO - #False
[2024-01-20T05:25:07.787+0000] {logging_mixin.py:151} INFO - #False
[2024-01-20T05:25:07.787+0000] {logging_mixin.py:151} INFO - #False
[2024-01-20T05:25:07.787+0000] {logging_mixin.py:151} INFO - #False
[2024-01-20T05:25:07.788+0000] {logging_mixin.py:151} INFO - #False
[2024-01-20T05:25:07.788+0000] {logging_mixin.py:151} INFO - #False
[2024-01-20T05:25:07.788+0000] {logging_mixin.py:151} INFO - #False
[2024-01-20T05:25:07.788+0000] {logging_mixin.py:151} INFO - #False
[2024-01-20T05:25:07.789+0000] {logging_mixin.py:151} INFO - #False
[2024-01-20T05:25:07.789+0000] {logging_mixin.py:151} INFO - #False
[2024-01-20T05:25:07.789+0000] {logging_mixin.py:151} INFO - #False
[2024-01-20T05:25:07.789+0000] {logging_mixin.py:151} INFO - #False
[2024-01-20T05:25:07.789+0000] {logging_mixin.py:151} INFO -  submission : 
[2024-01-20T05:25:08.217+0000] {logging_mixin.py:151} INFO - #False
[2024-01-20T05:25:08.218+0000] {logging_mixin.py:151} INFO - #False
[2024-01-20T05:25:08.218+0000] {logging_mixin.py:151} INFO - #False
[2024-01-20T05:25:08.219+0000] {logging_mixin.py:151} INFO - #False
[2024-01-20T05:25:08.219+0000] {logging_mixin.py:151} INFO - #False
[2024-01-20T05:25:08.219+0000] {logging_mixin.py:151} INFO - #False
[2024-01-20T05:25:08.219+0000] {logging_mixin.py:151} INFO - #False
[2024-01-20T05:25:08.220+0000] {logging_mixin.py:151} INFO - #False
[2024-01-20T05:25:08.220+0000] {logging_mixin.py:151} INFO - #False
[2024-01-20T05:25:08.220+0000] {logging_mixin.py:151} INFO - #False
[2024-01-20T05:25:08.221+0000] {logging_mixin.py:151} INFO - #False
[2024-01-20T05:25:08.221+0000] {logging_mixin.py:151} INFO - #False
[2024-01-20T05:25:08.221+0000] {logging_mixin.py:151} INFO - #False
[2024-01-20T05:25:08.221+0000] {logging_mixin.py:151} INFO - #False
[2024-01-20T05:25:08.222+0000] {logging_mixin.py:151} INFO - #False
[2024-01-20T05:25:08.222+0000] {logging_mixin.py:151} INFO - #False
[2024-01-20T05:25:08.222+0000] {logging_mixin.py:151} INFO - #False
[2024-01-20T05:25:08.222+0000] {logging_mixin.py:151} INFO - #False
[2024-01-20T05:25:08.223+0000] {logging_mixin.py:151} INFO - #False
[2024-01-20T05:25:08.223+0000] {logging_mixin.py:151} INFO - #False
[2024-01-20T05:25:08.223+0000] {logging_mixin.py:151} INFO - #False
[2024-01-20T05:25:08.223+0000] {logging_mixin.py:151} INFO - #False
[2024-01-20T05:25:08.223+0000] {logging_mixin.py:151} INFO - #False
[2024-01-20T05:25:08.224+0000] {logging_mixin.py:151} INFO - #False
[2024-01-20T05:25:08.224+0000] {logging_mixin.py:151} INFO - #False
[2024-01-20T05:25:08.224+0000] {logging_mixin.py:151} INFO - #False
[2024-01-20T05:25:08.224+0000] {logging_mixin.py:151} INFO - #False
[2024-01-20T05:25:08.224+0000] {logging_mixin.py:151} INFO - #False
[2024-01-20T05:25:08.225+0000] {logging_mixin.py:151} INFO - #False
[2024-01-20T05:25:08.225+0000] {logging_mixin.py:151} INFO - #False
[2024-01-20T05:25:08.225+0000] {logging_mixin.py:151} INFO -  submission : 
[2024-01-20T05:25:08.741+0000] {logging_mixin.py:151} INFO - #False
[2024-01-20T05:25:08.742+0000] {logging_mixin.py:151} INFO - #False
[2024-01-20T05:25:08.743+0000] {logging_mixin.py:151} INFO - #False
[2024-01-20T05:25:08.743+0000] {logging_mixin.py:151} INFO - #False
[2024-01-20T05:25:08.744+0000] {logging_mixin.py:151} INFO - #False
[2024-01-20T05:25:08.744+0000] {logging_mixin.py:151} INFO - #False
[2024-01-20T05:25:08.744+0000] {logging_mixin.py:151} INFO - #False
[2024-01-20T05:25:08.745+0000] {logging_mixin.py:151} INFO - #False
[2024-01-20T05:25:08.745+0000] {logging_mixin.py:151} INFO - #False
[2024-01-20T05:25:08.746+0000] {logging_mixin.py:151} INFO - #False
[2024-01-20T05:25:08.746+0000] {logging_mixin.py:151} INFO - #False
[2024-01-20T05:25:08.747+0000] {logging_mixin.py:151} INFO - #False
[2024-01-20T05:25:08.747+0000] {logging_mixin.py:151} INFO - #False
[2024-01-20T05:25:08.748+0000] {logging_mixin.py:151} INFO - #False
[2024-01-20T05:25:08.748+0000] {logging_mixin.py:151} INFO - #False
[2024-01-20T05:25:08.749+0000] {logging_mixin.py:151} INFO - #False
[2024-01-20T05:25:08.749+0000] {logging_mixin.py:151} INFO - #False
[2024-01-20T05:25:08.749+0000] {logging_mixin.py:151} INFO - #False
[2024-01-20T05:25:08.750+0000] {logging_mixin.py:151} INFO - #False
[2024-01-20T05:25:08.750+0000] {logging_mixin.py:151} INFO - #False
[2024-01-20T05:25:08.751+0000] {logging_mixin.py:151} INFO - #False
[2024-01-20T05:25:08.751+0000] {logging_mixin.py:151} INFO - #False
[2024-01-20T05:25:08.751+0000] {logging_mixin.py:151} INFO - #False
[2024-01-20T05:25:08.752+0000] {logging_mixin.py:151} INFO - #False
[2024-01-20T05:25:08.752+0000] {logging_mixin.py:151} INFO - #False
[2024-01-20T05:25:08.753+0000] {logging_mixin.py:151} INFO - #False
[2024-01-20T05:25:08.753+0000] {logging_mixin.py:151} INFO - #False
[2024-01-20T05:25:08.753+0000] {logging_mixin.py:151} INFO - #False
[2024-01-20T05:25:08.754+0000] {logging_mixin.py:151} INFO - #False
[2024-01-20T05:25:08.754+0000] {logging_mixin.py:151} INFO - #False
[2024-01-20T05:25:08.754+0000] {logging_mixin.py:151} INFO -  submission : 
[2024-01-20T05:25:09.344+0000] {logging_mixin.py:151} INFO - #False
[2024-01-20T05:25:09.344+0000] {logging_mixin.py:151} INFO - #False
[2024-01-20T05:25:09.345+0000] {logging_mixin.py:151} INFO - #False
[2024-01-20T05:25:09.346+0000] {logging_mixin.py:151} INFO - #False
[2024-01-20T05:25:09.346+0000] {logging_mixin.py:151} INFO - #False
[2024-01-20T05:25:09.347+0000] {logging_mixin.py:151} INFO - #False
[2024-01-20T05:25:09.347+0000] {logging_mixin.py:151} INFO - #False
[2024-01-20T05:25:09.347+0000] {logging_mixin.py:151} INFO - #False
[2024-01-20T05:25:09.348+0000] {logging_mixin.py:151} INFO - #False
[2024-01-20T05:25:09.348+0000] {logging_mixin.py:151} INFO - #False
[2024-01-20T05:25:09.348+0000] {logging_mixin.py:151} INFO - #False
[2024-01-20T05:25:09.349+0000] {logging_mixin.py:151} INFO - #False
[2024-01-20T05:25:09.349+0000] {logging_mixin.py:151} INFO - #False
[2024-01-20T05:25:09.349+0000] {logging_mixin.py:151} INFO - #False
[2024-01-20T05:25:09.349+0000] {logging_mixin.py:151} INFO - #False
[2024-01-20T05:25:09.350+0000] {logging_mixin.py:151} INFO - #False
[2024-01-20T05:25:09.350+0000] {logging_mixin.py:151} INFO - #False
[2024-01-20T05:25:09.350+0000] {logging_mixin.py:151} INFO - #False
[2024-01-20T05:25:09.350+0000] {logging_mixin.py:151} INFO - #False
[2024-01-20T05:25:09.350+0000] {logging_mixin.py:151} INFO - #False
[2024-01-20T05:25:09.351+0000] {logging_mixin.py:151} INFO - #False
[2024-01-20T05:25:09.351+0000] {logging_mixin.py:151} INFO - #False
[2024-01-20T05:25:09.351+0000] {logging_mixin.py:151} INFO - #False
[2024-01-20T05:25:09.351+0000] {logging_mixin.py:151} INFO - #False
[2024-01-20T05:25:09.352+0000] {logging_mixin.py:151} INFO - #False
[2024-01-20T05:25:09.352+0000] {logging_mixin.py:151} INFO - #False
[2024-01-20T05:25:09.352+0000] {logging_mixin.py:151} INFO - #False
[2024-01-20T05:25:09.352+0000] {logging_mixin.py:151} INFO - #False
[2024-01-20T05:25:09.353+0000] {logging_mixin.py:151} INFO - #False
[2024-01-20T05:25:09.353+0000] {logging_mixin.py:151} INFO - #False
[2024-01-20T05:25:09.354+0000] {python.py:194} INFO - Done. Returned value was: None
[2024-01-20T05:25:09.362+0000] {taskinstance.py:1400} INFO - Marking task as SUCCESS. dag_id=Kafka_Producer_2, task_id=Reddit, execution_date=20240120T052251, start_date=20240120T052504, end_date=20240120T052509
[2024-01-20T05:25:09.405+0000] {local_task_job_runner.py:228} INFO - Task exited with return code 0
[2024-01-20T05:25:09.418+0000] {taskinstance.py:2784} INFO - 0 downstream tasks scheduled from follow-on schedule check
