[2024-01-20T05:11:18.471+0000] {taskinstance.py:1159} INFO - Dependencies all met for dep_context=non-requeueable deps ti=<TaskInstance: Kafka_Producer_1.Reddit scheduled__2024-01-20T05:10:13.667032+00:00 [queued]>
[2024-01-20T05:11:18.477+0000] {taskinstance.py:1159} INFO - Dependencies all met for dep_context=requeueable deps ti=<TaskInstance: Kafka_Producer_1.Reddit scheduled__2024-01-20T05:10:13.667032+00:00 [queued]>
[2024-01-20T05:11:18.478+0000] {taskinstance.py:1361} INFO - Starting attempt 1 of 1
[2024-01-20T05:11:18.489+0000] {taskinstance.py:1382} INFO - Executing <Task(PythonOperator): Reddit> on 2024-01-20 05:10:13.667032+00:00
[2024-01-20T05:11:18.492+0000] {standard_task_runner.py:57} INFO - Started process 9615 to run task
[2024-01-20T05:11:18.494+0000] {standard_task_runner.py:84} INFO - Running: ['***', 'tasks', 'run', 'Kafka_Producer_1', 'Reddit', 'scheduled__2024-01-20T05:10:13.667032+00:00', '--job-id', '477', '--raw', '--subdir', 'DAGS_FOLDER/kafka_stream.py', '--cfg-path', '/tmp/tmp7oyg6zr6']
[2024-01-20T05:11:18.495+0000] {standard_task_runner.py:85} INFO - Job 477: Subtask Reddit
[2024-01-20T05:11:18.536+0000] {task_command.py:415} INFO - Running <TaskInstance: Kafka_Producer_1.Reddit scheduled__2024-01-20T05:10:13.667032+00:00 [running]> on host 45c5bfab8aa1
[2024-01-20T05:11:18.606+0000] {taskinstance.py:1660} INFO - Exporting env vars: AIRFLOW_CTX_DAG_OWNER='me' AIRFLOW_CTX_DAG_ID='Kafka_Producer_1' AIRFLOW_CTX_TASK_ID='Reddit' AIRFLOW_CTX_EXECUTION_DATE='2024-01-20T05:10:13.667032+00:00' AIRFLOW_CTX_TRY_NUMBER='1' AIRFLOW_CTX_DAG_RUN_ID='scheduled__2024-01-20T05:10:13.667032+00:00'
[2024-01-20T05:11:18.635+0000] {logging_mixin.py:151} INFO -  submission : 
[2024-01-20T05:11:19.425+0000] {logging_mixin.py:151} INFO - #False
[2024-01-20T05:11:19.425+0000] {logging_mixin.py:151} INFO - #False
[2024-01-20T05:11:19.425+0000] {logging_mixin.py:151} INFO - #False
[2024-01-20T05:11:19.426+0000] {logging_mixin.py:151} INFO - #False
[2024-01-20T05:11:19.426+0000] {logging_mixin.py:151} INFO - #False
[2024-01-20T05:11:19.426+0000] {logging_mixin.py:151} INFO - #False
[2024-01-20T05:11:19.426+0000] {logging_mixin.py:151} INFO - #False
[2024-01-20T05:11:19.427+0000] {logging_mixin.py:151} INFO - #False
[2024-01-20T05:11:19.427+0000] {logging_mixin.py:151} INFO - #False
[2024-01-20T05:11:19.427+0000] {logging_mixin.py:151} INFO - #False
[2024-01-20T05:11:19.427+0000] {logging_mixin.py:151} INFO - #False
[2024-01-20T05:11:19.427+0000] {logging_mixin.py:151} INFO - #False
[2024-01-20T05:11:19.428+0000] {logging_mixin.py:151} INFO - #False
[2024-01-20T05:11:19.428+0000] {logging_mixin.py:151} INFO - #False
[2024-01-20T05:11:19.428+0000] {logging_mixin.py:151} INFO - #False
[2024-01-20T05:11:19.428+0000] {logging_mixin.py:151} INFO - #False
[2024-01-20T05:11:19.429+0000] {logging_mixin.py:151} INFO - #False
[2024-01-20T05:11:19.429+0000] {logging_mixin.py:151} INFO - #False
[2024-01-20T05:11:19.429+0000] {logging_mixin.py:151} INFO - #False
[2024-01-20T05:11:19.429+0000] {logging_mixin.py:151} INFO - #False
[2024-01-20T05:11:19.430+0000] {logging_mixin.py:151} INFO - #False
[2024-01-20T05:11:19.430+0000] {logging_mixin.py:151} INFO - #False
[2024-01-20T05:11:19.430+0000] {logging_mixin.py:151} INFO - #False
[2024-01-20T05:11:19.430+0000] {logging_mixin.py:151} INFO - #False
[2024-01-20T05:11:19.430+0000] {logging_mixin.py:151} INFO - #False
[2024-01-20T05:11:19.431+0000] {logging_mixin.py:151} INFO - #False
[2024-01-20T05:11:19.431+0000] {logging_mixin.py:151} INFO - #False
[2024-01-20T05:11:19.431+0000] {logging_mixin.py:151} INFO - #False
[2024-01-20T05:11:19.431+0000] {logging_mixin.py:151} INFO - #False
[2024-01-20T05:11:19.431+0000] {logging_mixin.py:151} INFO - #False
[2024-01-20T05:11:19.432+0000] {logging_mixin.py:151} INFO -  submission : 
[2024-01-20T05:11:19.992+0000] {logging_mixin.py:151} INFO - #False
[2024-01-20T05:11:19.993+0000] {logging_mixin.py:151} INFO - #False
[2024-01-20T05:11:19.993+0000] {logging_mixin.py:151} INFO - #False
[2024-01-20T05:11:19.993+0000] {logging_mixin.py:151} INFO - #False
[2024-01-20T05:11:19.994+0000] {logging_mixin.py:151} INFO - #False
[2024-01-20T05:11:19.994+0000] {logging_mixin.py:151} INFO - #False
[2024-01-20T05:11:19.995+0000] {logging_mixin.py:151} INFO - #False
[2024-01-20T05:11:19.995+0000] {logging_mixin.py:151} INFO - #False
[2024-01-20T05:11:19.995+0000] {logging_mixin.py:151} INFO - #False
[2024-01-20T05:11:19.995+0000] {logging_mixin.py:151} INFO - #False
[2024-01-20T05:11:19.996+0000] {logging_mixin.py:151} INFO - #False
[2024-01-20T05:11:19.996+0000] {logging_mixin.py:151} INFO - #False
[2024-01-20T05:11:19.996+0000] {logging_mixin.py:151} INFO - #False
[2024-01-20T05:11:19.996+0000] {logging_mixin.py:151} INFO - #False
[2024-01-20T05:11:19.997+0000] {logging_mixin.py:151} INFO - #False
[2024-01-20T05:11:19.997+0000] {logging_mixin.py:151} INFO - #False
[2024-01-20T05:11:19.997+0000] {logging_mixin.py:151} INFO - #False
[2024-01-20T05:11:19.997+0000] {logging_mixin.py:151} INFO - #False
[2024-01-20T05:11:19.997+0000] {logging_mixin.py:151} INFO - #False
[2024-01-20T05:11:19.998+0000] {logging_mixin.py:151} INFO - #False
[2024-01-20T05:11:19.998+0000] {logging_mixin.py:151} INFO - #False
[2024-01-20T05:11:19.998+0000] {logging_mixin.py:151} INFO - #False
[2024-01-20T05:11:19.999+0000] {logging_mixin.py:151} INFO - #False
[2024-01-20T05:11:19.999+0000] {logging_mixin.py:151} INFO - #False
[2024-01-20T05:11:19.999+0000] {logging_mixin.py:151} INFO - #False
[2024-01-20T05:11:20.000+0000] {logging_mixin.py:151} INFO - #False
[2024-01-20T05:11:20.000+0000] {logging_mixin.py:151} INFO - #False
[2024-01-20T05:11:20.000+0000] {logging_mixin.py:151} INFO - #False
[2024-01-20T05:11:20.000+0000] {logging_mixin.py:151} INFO - #False
[2024-01-20T05:11:20.001+0000] {logging_mixin.py:151} INFO - #False
[2024-01-20T05:11:20.001+0000] {logging_mixin.py:151} INFO -  submission : 
[2024-01-20T05:11:20.502+0000] {logging_mixin.py:151} INFO - #False
[2024-01-20T05:11:20.504+0000] {logging_mixin.py:151} INFO - #False
[2024-01-20T05:11:20.505+0000] {logging_mixin.py:151} INFO - #False
[2024-01-20T05:11:20.506+0000] {logging_mixin.py:151} INFO - #False
[2024-01-20T05:11:20.506+0000] {logging_mixin.py:151} INFO - #False
[2024-01-20T05:11:20.507+0000] {logging_mixin.py:151} INFO - #False
[2024-01-20T05:11:20.507+0000] {logging_mixin.py:151} INFO - #False
[2024-01-20T05:11:20.507+0000] {logging_mixin.py:151} INFO - #False
[2024-01-20T05:11:20.508+0000] {logging_mixin.py:151} INFO - #False
[2024-01-20T05:11:20.508+0000] {logging_mixin.py:151} INFO - #False
[2024-01-20T05:11:20.508+0000] {logging_mixin.py:151} INFO - #False
[2024-01-20T05:11:20.509+0000] {logging_mixin.py:151} INFO - #False
[2024-01-20T05:11:20.509+0000] {logging_mixin.py:151} INFO - #False
[2024-01-20T05:11:20.509+0000] {logging_mixin.py:151} INFO - #False
[2024-01-20T05:11:20.509+0000] {logging_mixin.py:151} INFO - #False
[2024-01-20T05:11:20.510+0000] {logging_mixin.py:151} INFO - #False
[2024-01-20T05:11:20.510+0000] {logging_mixin.py:151} INFO - #False
[2024-01-20T05:11:20.510+0000] {logging_mixin.py:151} INFO - #False
[2024-01-20T05:11:20.510+0000] {logging_mixin.py:151} INFO - #False
[2024-01-20T05:11:20.510+0000] {logging_mixin.py:151} INFO - #False
[2024-01-20T05:11:20.511+0000] {logging_mixin.py:151} INFO - #False
[2024-01-20T05:11:20.511+0000] {logging_mixin.py:151} INFO - #False
[2024-01-20T05:11:20.511+0000] {logging_mixin.py:151} INFO - #False
[2024-01-20T05:11:20.512+0000] {logging_mixin.py:151} INFO - #False
[2024-01-20T05:11:20.512+0000] {logging_mixin.py:151} INFO - #False
[2024-01-20T05:11:20.512+0000] {logging_mixin.py:151} INFO - #False
[2024-01-20T05:11:20.512+0000] {logging_mixin.py:151} INFO - #False
[2024-01-20T05:11:20.513+0000] {logging_mixin.py:151} INFO - #False
[2024-01-20T05:11:20.513+0000] {logging_mixin.py:151} INFO - #False
[2024-01-20T05:11:20.513+0000] {logging_mixin.py:151} INFO - #False
[2024-01-20T05:11:20.513+0000] {logging_mixin.py:151} INFO -  submission : 
[2024-01-20T05:11:21.016+0000] {logging_mixin.py:151} INFO - #False
[2024-01-20T05:11:21.016+0000] {logging_mixin.py:151} INFO - #False
[2024-01-20T05:11:21.017+0000] {logging_mixin.py:151} INFO - #False
[2024-01-20T05:11:21.018+0000] {logging_mixin.py:151} INFO - #False
[2024-01-20T05:11:21.018+0000] {logging_mixin.py:151} INFO - #False
[2024-01-20T05:11:21.018+0000] {logging_mixin.py:151} INFO - #False
[2024-01-20T05:11:21.019+0000] {logging_mixin.py:151} INFO - #False
[2024-01-20T05:11:21.020+0000] {logging_mixin.py:151} INFO - #False
[2024-01-20T05:11:21.020+0000] {logging_mixin.py:151} INFO - #False
[2024-01-20T05:11:21.020+0000] {logging_mixin.py:151} INFO - #False
[2024-01-20T05:11:21.021+0000] {logging_mixin.py:151} INFO - #False
[2024-01-20T05:11:21.022+0000] {logging_mixin.py:151} INFO - #False
[2024-01-20T05:11:21.022+0000] {logging_mixin.py:151} INFO - #False
[2024-01-20T05:11:21.023+0000] {logging_mixin.py:151} INFO - #False
[2024-01-20T05:11:21.023+0000] {logging_mixin.py:151} INFO - #False
[2024-01-20T05:11:21.024+0000] {logging_mixin.py:151} INFO - #False
[2024-01-20T05:11:21.024+0000] {logging_mixin.py:151} INFO - #False
[2024-01-20T05:11:21.025+0000] {logging_mixin.py:151} INFO - #False
[2024-01-20T05:11:21.025+0000] {logging_mixin.py:151} INFO - #False
[2024-01-20T05:11:21.026+0000] {logging_mixin.py:151} INFO - #False
[2024-01-20T05:11:21.026+0000] {logging_mixin.py:151} INFO - #False
[2024-01-20T05:11:21.027+0000] {logging_mixin.py:151} INFO - #False
[2024-01-20T05:11:21.027+0000] {logging_mixin.py:151} INFO - #False
[2024-01-20T05:11:21.028+0000] {logging_mixin.py:151} INFO - #False
[2024-01-20T05:11:21.028+0000] {logging_mixin.py:151} INFO - #False
[2024-01-20T05:11:21.029+0000] {logging_mixin.py:151} INFO - #False
[2024-01-20T05:11:21.030+0000] {logging_mixin.py:151} INFO - #False
[2024-01-20T05:11:21.030+0000] {logging_mixin.py:151} INFO - #False
[2024-01-20T05:11:21.031+0000] {logging_mixin.py:151} INFO - #False
[2024-01-20T05:11:21.031+0000] {logging_mixin.py:151} INFO - #False
[2024-01-20T05:11:21.032+0000] {logging_mixin.py:151} INFO -  submission : 
[2024-01-20T05:11:21.814+0000] {logging_mixin.py:151} INFO - #False
[2024-01-20T05:11:21.815+0000] {logging_mixin.py:151} INFO - #False
[2024-01-20T05:11:21.815+0000] {logging_mixin.py:151} INFO - #False
[2024-01-20T05:11:21.816+0000] {logging_mixin.py:151} INFO - #False
[2024-01-20T05:11:21.816+0000] {logging_mixin.py:151} INFO - #False
[2024-01-20T05:11:21.817+0000] {logging_mixin.py:151} INFO - #False
[2024-01-20T05:11:21.817+0000] {logging_mixin.py:151} INFO - #False
[2024-01-20T05:11:21.817+0000] {logging_mixin.py:151} INFO - #False
[2024-01-20T05:11:21.818+0000] {logging_mixin.py:151} INFO - #False
[2024-01-20T05:11:21.818+0000] {logging_mixin.py:151} INFO - #False
[2024-01-20T05:11:21.819+0000] {logging_mixin.py:151} INFO - #False
[2024-01-20T05:11:21.819+0000] {logging_mixin.py:151} INFO - #False
[2024-01-20T05:11:21.819+0000] {logging_mixin.py:151} INFO - #False
[2024-01-20T05:11:21.820+0000] {logging_mixin.py:151} INFO - #False
[2024-01-20T05:11:21.820+0000] {logging_mixin.py:151} INFO - #False
[2024-01-20T05:11:21.820+0000] {logging_mixin.py:151} INFO - #False
[2024-01-20T05:11:21.821+0000] {logging_mixin.py:151} INFO - #False
[2024-01-20T05:11:21.821+0000] {logging_mixin.py:151} INFO - #False
[2024-01-20T05:11:21.821+0000] {logging_mixin.py:151} INFO - #False
[2024-01-20T05:11:21.822+0000] {logging_mixin.py:151} INFO - #False
[2024-01-20T05:11:21.822+0000] {logging_mixin.py:151} INFO - #False
[2024-01-20T05:11:21.822+0000] {logging_mixin.py:151} INFO - #False
[2024-01-20T05:11:21.823+0000] {logging_mixin.py:151} INFO - #False
[2024-01-20T05:11:21.823+0000] {logging_mixin.py:151} INFO - #False
[2024-01-20T05:11:21.823+0000] {logging_mixin.py:151} INFO - #False
[2024-01-20T05:11:21.823+0000] {logging_mixin.py:151} INFO - #False
[2024-01-20T05:11:21.824+0000] {logging_mixin.py:151} INFO - #False
[2024-01-20T05:11:21.824+0000] {logging_mixin.py:151} INFO - #False
[2024-01-20T05:11:21.824+0000] {logging_mixin.py:151} INFO - #False
[2024-01-20T05:11:21.827+0000] {logging_mixin.py:151} INFO - #False
[2024-01-20T05:11:21.828+0000] {logging_mixin.py:151} INFO -  submission : 
[2024-01-20T05:11:22.373+0000] {logging_mixin.py:151} INFO - #False
[2024-01-20T05:11:22.373+0000] {logging_mixin.py:151} INFO - #False
[2024-01-20T05:11:22.373+0000] {logging_mixin.py:151} INFO - #False
[2024-01-20T05:11:22.374+0000] {logging_mixin.py:151} INFO - #False
[2024-01-20T05:11:22.374+0000] {logging_mixin.py:151} INFO - #False
[2024-01-20T05:11:22.374+0000] {logging_mixin.py:151} INFO - #False
[2024-01-20T05:11:22.374+0000] {logging_mixin.py:151} INFO - #False
[2024-01-20T05:11:22.375+0000] {logging_mixin.py:151} INFO - #False
[2024-01-20T05:11:22.375+0000] {logging_mixin.py:151} INFO - #False
[2024-01-20T05:11:22.375+0000] {logging_mixin.py:151} INFO - #False
[2024-01-20T05:11:22.375+0000] {logging_mixin.py:151} INFO - #False
[2024-01-20T05:11:22.375+0000] {logging_mixin.py:151} INFO - #False
[2024-01-20T05:11:22.375+0000] {logging_mixin.py:151} INFO - #False
[2024-01-20T05:11:22.376+0000] {logging_mixin.py:151} INFO - #False
[2024-01-20T05:11:22.376+0000] {logging_mixin.py:151} INFO - #False
[2024-01-20T05:11:22.376+0000] {logging_mixin.py:151} INFO - #False
[2024-01-20T05:11:22.376+0000] {logging_mixin.py:151} INFO - #False
[2024-01-20T05:11:22.377+0000] {logging_mixin.py:151} INFO - #False
[2024-01-20T05:11:22.377+0000] {logging_mixin.py:151} INFO - #False
[2024-01-20T05:11:22.377+0000] {logging_mixin.py:151} INFO - #False
[2024-01-20T05:11:22.377+0000] {logging_mixin.py:151} INFO - #False
[2024-01-20T05:11:22.377+0000] {logging_mixin.py:151} INFO - #False
[2024-01-20T05:11:22.377+0000] {logging_mixin.py:151} INFO - #False
[2024-01-20T05:11:22.378+0000] {logging_mixin.py:151} INFO - #False
[2024-01-20T05:11:22.378+0000] {logging_mixin.py:151} INFO - #False
[2024-01-20T05:11:22.378+0000] {logging_mixin.py:151} INFO - #False
[2024-01-20T05:11:22.378+0000] {logging_mixin.py:151} INFO - #False
[2024-01-20T05:11:22.378+0000] {logging_mixin.py:151} INFO - #False
[2024-01-20T05:11:22.378+0000] {logging_mixin.py:151} INFO - #False
[2024-01-20T05:11:22.379+0000] {logging_mixin.py:151} INFO - #False
[2024-01-20T05:11:22.379+0000] {logging_mixin.py:151} INFO -  submission : 
[2024-01-20T05:11:23.024+0000] {logging_mixin.py:151} INFO - #False
[2024-01-20T05:11:23.024+0000] {logging_mixin.py:151} INFO - #False
[2024-01-20T05:11:23.025+0000] {logging_mixin.py:151} INFO - #False
[2024-01-20T05:11:23.025+0000] {logging_mixin.py:151} INFO - #False
[2024-01-20T05:11:23.025+0000] {logging_mixin.py:151} INFO - #False
[2024-01-20T05:11:23.025+0000] {logging_mixin.py:151} INFO - #False
[2024-01-20T05:11:23.026+0000] {logging_mixin.py:151} INFO - #False
[2024-01-20T05:11:23.026+0000] {logging_mixin.py:151} INFO - #False
[2024-01-20T05:11:23.026+0000] {logging_mixin.py:151} INFO - #False
[2024-01-20T05:11:23.026+0000] {logging_mixin.py:151} INFO - #False
[2024-01-20T05:11:23.027+0000] {logging_mixin.py:151} INFO - #False
[2024-01-20T05:11:23.027+0000] {logging_mixin.py:151} INFO - #False
[2024-01-20T05:11:23.027+0000] {logging_mixin.py:151} INFO - #False
[2024-01-20T05:11:23.027+0000] {logging_mixin.py:151} INFO - #False
[2024-01-20T05:11:23.028+0000] {logging_mixin.py:151} INFO - #False
[2024-01-20T05:11:23.028+0000] {logging_mixin.py:151} INFO - #False
[2024-01-20T05:11:23.028+0000] {logging_mixin.py:151} INFO - #False
[2024-01-20T05:11:23.029+0000] {logging_mixin.py:151} INFO - #False
[2024-01-20T05:11:23.029+0000] {logging_mixin.py:151} INFO - #False
[2024-01-20T05:11:23.029+0000] {logging_mixin.py:151} INFO - #False
[2024-01-20T05:11:23.029+0000] {logging_mixin.py:151} INFO - #False
[2024-01-20T05:11:23.029+0000] {logging_mixin.py:151} INFO - #False
[2024-01-20T05:11:23.030+0000] {logging_mixin.py:151} INFO - #False
[2024-01-20T05:11:23.030+0000] {logging_mixin.py:151} INFO - #False
[2024-01-20T05:11:23.030+0000] {logging_mixin.py:151} INFO - #False
[2024-01-20T05:11:23.030+0000] {logging_mixin.py:151} INFO - #False
[2024-01-20T05:11:23.030+0000] {logging_mixin.py:151} INFO - #False
[2024-01-20T05:11:23.031+0000] {logging_mixin.py:151} INFO - #False
[2024-01-20T05:11:23.031+0000] {logging_mixin.py:151} INFO - #False
[2024-01-20T05:11:23.031+0000] {logging_mixin.py:151} INFO - #False
[2024-01-20T05:11:23.032+0000] {logging_mixin.py:151} INFO -  submission : 
[2024-01-20T05:11:23.697+0000] {logging_mixin.py:151} INFO - #False
[2024-01-20T05:11:23.697+0000] {logging_mixin.py:151} INFO - #False
[2024-01-20T05:11:23.698+0000] {logging_mixin.py:151} INFO - #False
[2024-01-20T05:11:23.699+0000] {logging_mixin.py:151} INFO - #False
[2024-01-20T05:11:23.699+0000] {logging_mixin.py:151} INFO - #False
[2024-01-20T05:11:23.699+0000] {logging_mixin.py:151} INFO - #False
[2024-01-20T05:11:23.700+0000] {logging_mixin.py:151} INFO - #False
[2024-01-20T05:11:23.700+0000] {logging_mixin.py:151} INFO - #False
[2024-01-20T05:11:23.701+0000] {logging_mixin.py:151} INFO - #False
[2024-01-20T05:11:23.701+0000] {logging_mixin.py:151} INFO - #False
[2024-01-20T05:11:23.701+0000] {logging_mixin.py:151} INFO - #False
[2024-01-20T05:11:23.701+0000] {logging_mixin.py:151} INFO - #False
[2024-01-20T05:11:23.702+0000] {logging_mixin.py:151} INFO - #False
[2024-01-20T05:11:23.702+0000] {logging_mixin.py:151} INFO - #False
[2024-01-20T05:11:23.702+0000] {logging_mixin.py:151} INFO - #False
[2024-01-20T05:11:23.703+0000] {logging_mixin.py:151} INFO - #False
[2024-01-20T05:11:23.703+0000] {logging_mixin.py:151} INFO - #False
[2024-01-20T05:11:23.704+0000] {logging_mixin.py:151} INFO - #False
[2024-01-20T05:11:23.704+0000] {logging_mixin.py:151} INFO - #False
[2024-01-20T05:11:23.705+0000] {logging_mixin.py:151} INFO - #False
[2024-01-20T05:11:23.705+0000] {logging_mixin.py:151} INFO - #False
[2024-01-20T05:11:23.706+0000] {logging_mixin.py:151} INFO - #False
[2024-01-20T05:11:23.706+0000] {logging_mixin.py:151} INFO - #False
[2024-01-20T05:11:23.706+0000] {logging_mixin.py:151} INFO - #False
[2024-01-20T05:11:23.707+0000] {logging_mixin.py:151} INFO - #False
[2024-01-20T05:11:23.707+0000] {logging_mixin.py:151} INFO - #False
[2024-01-20T05:11:23.707+0000] {logging_mixin.py:151} INFO - #False
[2024-01-20T05:11:23.708+0000] {logging_mixin.py:151} INFO - #False
[2024-01-20T05:11:23.708+0000] {logging_mixin.py:151} INFO - #False
[2024-01-20T05:11:23.708+0000] {logging_mixin.py:151} INFO - #False
[2024-01-20T05:11:23.708+0000] {python.py:194} INFO - Done. Returned value was: None
[2024-01-20T05:11:23.825+0000] {taskinstance.py:1400} INFO - Marking task as SUCCESS. dag_id=Kafka_Producer_1, task_id=Reddit, execution_date=20240120T051013, start_date=20240120T051118, end_date=20240120T051123
[2024-01-20T05:11:23.841+0000] {local_task_job_runner.py:228} INFO - Task exited with return code 0
[2024-01-20T05:11:23.853+0000] {taskinstance.py:2784} INFO - 0 downstream tasks scheduled from follow-on schedule check
