[2024-01-20T04:36:28.467+0000] {taskinstance.py:1159} INFO - Dependencies all met for dep_context=non-requeueable deps ti=<TaskInstance: Kafka_Producer_2.Reddit scheduled__2024-01-20T04:34:03.601987+00:00 [queued]>
[2024-01-20T04:36:28.473+0000] {taskinstance.py:1159} INFO - Dependencies all met for dep_context=requeueable deps ti=<TaskInstance: Kafka_Producer_2.Reddit scheduled__2024-01-20T04:34:03.601987+00:00 [queued]>
[2024-01-20T04:36:28.473+0000] {taskinstance.py:1361} INFO - Starting attempt 1 of 1
[2024-01-20T04:36:28.484+0000] {taskinstance.py:1382} INFO - Executing <Task(PythonOperator): Reddit> on 2024-01-20 04:34:03.601987+00:00
[2024-01-20T04:36:28.488+0000] {standard_task_runner.py:57} INFO - Started process 5684 to run task
[2024-01-20T04:36:28.490+0000] {standard_task_runner.py:84} INFO - Running: ['***', 'tasks', 'run', 'Kafka_Producer_2', 'Reddit', 'scheduled__2024-01-20T04:34:03.601987+00:00', '--job-id', '227', '--raw', '--subdir', 'DAGS_FOLDER/kafka_stream_2.py', '--cfg-path', '/tmp/tmp59lcg_db']
[2024-01-20T04:36:28.491+0000] {standard_task_runner.py:85} INFO - Job 227: Subtask Reddit
[2024-01-20T04:36:28.530+0000] {task_command.py:415} INFO - Running <TaskInstance: Kafka_Producer_2.Reddit scheduled__2024-01-20T04:34:03.601987+00:00 [running]> on host 45c5bfab8aa1
[2024-01-20T04:36:28.595+0000] {taskinstance.py:1660} INFO - Exporting env vars: AIRFLOW_CTX_DAG_OWNER='me' AIRFLOW_CTX_DAG_ID='Kafka_Producer_2' AIRFLOW_CTX_TASK_ID='Reddit' AIRFLOW_CTX_EXECUTION_DATE='2024-01-20T04:34:03.601987+00:00' AIRFLOW_CTX_TRY_NUMBER='1' AIRFLOW_CTX_DAG_RUN_ID='scheduled__2024-01-20T04:34:03.601987+00:00'
[2024-01-20T04:36:28.624+0000] {logging_mixin.py:151} INFO -  submission : 
[2024-01-20T04:36:29.427+0000] {logging_mixin.py:151} INFO - #False
[2024-01-20T04:36:29.428+0000] {logging_mixin.py:151} INFO - #False
[2024-01-20T04:36:29.429+0000] {logging_mixin.py:151} INFO - #False
[2024-01-20T04:36:29.429+0000] {logging_mixin.py:151} INFO - #False
[2024-01-20T04:36:29.429+0000] {logging_mixin.py:151} INFO - #False
[2024-01-20T04:36:29.430+0000] {logging_mixin.py:151} INFO - #False
[2024-01-20T04:36:29.430+0000] {logging_mixin.py:151} INFO - #False
[2024-01-20T04:36:29.430+0000] {logging_mixin.py:151} INFO - #False
[2024-01-20T04:36:29.430+0000] {logging_mixin.py:151} INFO - #False
[2024-01-20T04:36:29.431+0000] {logging_mixin.py:151} INFO - #False
[2024-01-20T04:36:29.431+0000] {logging_mixin.py:151} INFO - #False
[2024-01-20T04:36:29.431+0000] {logging_mixin.py:151} INFO - #False
[2024-01-20T04:36:29.432+0000] {logging_mixin.py:151} INFO - #False
[2024-01-20T04:36:29.433+0000] {logging_mixin.py:151} INFO - #False
[2024-01-20T04:36:29.433+0000] {logging_mixin.py:151} INFO - #False
[2024-01-20T04:36:29.433+0000] {logging_mixin.py:151} INFO - #False
[2024-01-20T04:36:29.433+0000] {logging_mixin.py:151} INFO - #False
[2024-01-20T04:36:29.434+0000] {logging_mixin.py:151} INFO - #False
[2024-01-20T04:36:29.434+0000] {logging_mixin.py:151} INFO - #False
[2024-01-20T04:36:29.434+0000] {logging_mixin.py:151} INFO - #False
[2024-01-20T04:36:29.434+0000] {logging_mixin.py:151} INFO - #False
[2024-01-20T04:36:29.435+0000] {logging_mixin.py:151} INFO - #False
[2024-01-20T04:36:29.435+0000] {logging_mixin.py:151} INFO - #False
[2024-01-20T04:36:29.435+0000] {logging_mixin.py:151} INFO - #False
[2024-01-20T04:36:29.436+0000] {logging_mixin.py:151} INFO - #False
[2024-01-20T04:36:29.437+0000] {logging_mixin.py:151} INFO - #False
[2024-01-20T04:36:29.437+0000] {logging_mixin.py:151} INFO - #False
[2024-01-20T04:36:29.437+0000] {logging_mixin.py:151} INFO - #False
[2024-01-20T04:36:29.438+0000] {logging_mixin.py:151} INFO - #False
[2024-01-20T04:36:29.438+0000] {logging_mixin.py:151} INFO - #False
[2024-01-20T04:36:29.438+0000] {logging_mixin.py:151} INFO -  submission : 
[2024-01-20T04:36:30.027+0000] {logging_mixin.py:151} INFO - #False
[2024-01-20T04:36:30.028+0000] {logging_mixin.py:151} INFO - #False
[2024-01-20T04:36:30.028+0000] {logging_mixin.py:151} INFO - #False
[2024-01-20T04:36:30.028+0000] {logging_mixin.py:151} INFO - #False
[2024-01-20T04:36:30.028+0000] {logging_mixin.py:151} INFO - #False
[2024-01-20T04:36:30.029+0000] {logging_mixin.py:151} INFO - #False
[2024-01-20T04:36:30.029+0000] {logging_mixin.py:151} INFO - #False
[2024-01-20T04:36:30.029+0000] {logging_mixin.py:151} INFO - #False
[2024-01-20T04:36:30.029+0000] {logging_mixin.py:151} INFO - #False
[2024-01-20T04:36:30.030+0000] {logging_mixin.py:151} INFO - #False
[2024-01-20T04:36:30.030+0000] {logging_mixin.py:151} INFO - #False
[2024-01-20T04:36:30.030+0000] {logging_mixin.py:151} INFO - #False
[2024-01-20T04:36:30.031+0000] {logging_mixin.py:151} INFO - #False
[2024-01-20T04:36:30.031+0000] {logging_mixin.py:151} INFO - #False
[2024-01-20T04:36:30.031+0000] {logging_mixin.py:151} INFO - #False
[2024-01-20T04:36:30.031+0000] {logging_mixin.py:151} INFO - #False
[2024-01-20T04:36:30.031+0000] {logging_mixin.py:151} INFO - #False
[2024-01-20T04:36:30.032+0000] {logging_mixin.py:151} INFO - #False
[2024-01-20T04:36:30.032+0000] {logging_mixin.py:151} INFO - #False
[2024-01-20T04:36:30.032+0000] {logging_mixin.py:151} INFO - #False
[2024-01-20T04:36:30.032+0000] {logging_mixin.py:151} INFO - #False
[2024-01-20T04:36:30.032+0000] {logging_mixin.py:151} INFO - #False
[2024-01-20T04:36:30.033+0000] {logging_mixin.py:151} INFO - #False
[2024-01-20T04:36:30.033+0000] {logging_mixin.py:151} INFO - #False
[2024-01-20T04:36:30.033+0000] {logging_mixin.py:151} INFO - #False
[2024-01-20T04:36:30.033+0000] {logging_mixin.py:151} INFO - #False
[2024-01-20T04:36:30.033+0000] {logging_mixin.py:151} INFO - #False
[2024-01-20T04:36:30.034+0000] {logging_mixin.py:151} INFO - #False
[2024-01-20T04:36:30.034+0000] {logging_mixin.py:151} INFO - #False
[2024-01-20T04:36:30.034+0000] {logging_mixin.py:151} INFO - #False
[2024-01-20T04:36:30.034+0000] {logging_mixin.py:151} INFO -  submission : 
[2024-01-20T04:36:30.637+0000] {logging_mixin.py:151} INFO - #False
[2024-01-20T04:36:30.637+0000] {logging_mixin.py:151} INFO - #False
[2024-01-20T04:36:30.638+0000] {logging_mixin.py:151} INFO - #False
[2024-01-20T04:36:30.638+0000] {logging_mixin.py:151} INFO - #False
[2024-01-20T04:36:30.638+0000] {logging_mixin.py:151} INFO - #False
[2024-01-20T04:36:30.638+0000] {logging_mixin.py:151} INFO - #False
[2024-01-20T04:36:30.639+0000] {logging_mixin.py:151} INFO - #False
[2024-01-20T04:36:30.639+0000] {logging_mixin.py:151} INFO - #False
[2024-01-20T04:36:30.639+0000] {logging_mixin.py:151} INFO - #False
[2024-01-20T04:36:30.640+0000] {logging_mixin.py:151} INFO - #False
[2024-01-20T04:36:30.640+0000] {logging_mixin.py:151} INFO - #False
[2024-01-20T04:36:30.640+0000] {logging_mixin.py:151} INFO - #False
[2024-01-20T04:36:30.641+0000] {logging_mixin.py:151} INFO - #False
[2024-01-20T04:36:30.641+0000] {logging_mixin.py:151} INFO - #False
[2024-01-20T04:36:30.641+0000] {logging_mixin.py:151} INFO - #False
[2024-01-20T04:36:30.642+0000] {logging_mixin.py:151} INFO - #False
[2024-01-20T04:36:30.642+0000] {logging_mixin.py:151} INFO - #False
[2024-01-20T04:36:30.642+0000] {logging_mixin.py:151} INFO - #False
[2024-01-20T04:36:30.642+0000] {logging_mixin.py:151} INFO - #False
[2024-01-20T04:36:30.642+0000] {logging_mixin.py:151} INFO - #False
[2024-01-20T04:36:30.643+0000] {logging_mixin.py:151} INFO - #False
[2024-01-20T04:36:30.643+0000] {logging_mixin.py:151} INFO - #False
[2024-01-20T04:36:30.643+0000] {logging_mixin.py:151} INFO - #False
[2024-01-20T04:36:30.643+0000] {logging_mixin.py:151} INFO - #False
[2024-01-20T04:36:30.643+0000] {logging_mixin.py:151} INFO - #False
[2024-01-20T04:36:30.644+0000] {logging_mixin.py:151} INFO - #False
[2024-01-20T04:36:30.644+0000] {logging_mixin.py:151} INFO - #False
[2024-01-20T04:36:30.644+0000] {logging_mixin.py:151} INFO - #False
[2024-01-20T04:36:30.645+0000] {logging_mixin.py:151} INFO - #False
[2024-01-20T04:36:30.645+0000] {logging_mixin.py:151} INFO - #False
[2024-01-20T04:36:30.646+0000] {logging_mixin.py:151} INFO -  submission : 
[2024-01-20T04:36:31.011+0000] {logging_mixin.py:151} INFO - #False
[2024-01-20T04:36:31.011+0000] {logging_mixin.py:151} INFO - #False
[2024-01-20T04:36:31.011+0000] {logging_mixin.py:151} INFO - #False
[2024-01-20T04:36:31.012+0000] {logging_mixin.py:151} INFO - #False
[2024-01-20T04:36:31.012+0000] {logging_mixin.py:151} INFO - #False
[2024-01-20T04:36:31.012+0000] {logging_mixin.py:151} INFO - #False
[2024-01-20T04:36:31.012+0000] {logging_mixin.py:151} INFO - #False
[2024-01-20T04:36:31.013+0000] {logging_mixin.py:151} INFO - #False
[2024-01-20T04:36:31.013+0000] {logging_mixin.py:151} INFO - #False
[2024-01-20T04:36:31.013+0000] {logging_mixin.py:151} INFO - #False
[2024-01-20T04:36:31.013+0000] {logging_mixin.py:151} INFO - #False
[2024-01-20T04:36:31.014+0000] {logging_mixin.py:151} INFO - #False
[2024-01-20T04:36:31.014+0000] {logging_mixin.py:151} INFO - #False
[2024-01-20T04:36:31.014+0000] {logging_mixin.py:151} INFO - #False
[2024-01-20T04:36:31.014+0000] {logging_mixin.py:151} INFO - #False
[2024-01-20T04:36:31.014+0000] {logging_mixin.py:151} INFO - #False
[2024-01-20T04:36:31.015+0000] {logging_mixin.py:151} INFO - #False
[2024-01-20T04:36:31.015+0000] {logging_mixin.py:151} INFO - #False
[2024-01-20T04:36:31.015+0000] {logging_mixin.py:151} INFO - #False
[2024-01-20T04:36:31.015+0000] {logging_mixin.py:151} INFO - #False
[2024-01-20T04:36:31.016+0000] {logging_mixin.py:151} INFO - #False
[2024-01-20T04:36:31.016+0000] {logging_mixin.py:151} INFO - #False
[2024-01-20T04:36:31.016+0000] {logging_mixin.py:151} INFO - #False
[2024-01-20T04:36:31.016+0000] {logging_mixin.py:151} INFO - #False
[2024-01-20T04:36:31.017+0000] {logging_mixin.py:151} INFO - #False
[2024-01-20T04:36:31.017+0000] {logging_mixin.py:151} INFO - #False
[2024-01-20T04:36:31.017+0000] {logging_mixin.py:151} INFO - #False
[2024-01-20T04:36:31.017+0000] {logging_mixin.py:151} INFO - #False
[2024-01-20T04:36:31.017+0000] {logging_mixin.py:151} INFO - #False
[2024-01-20T04:36:31.018+0000] {logging_mixin.py:151} INFO - #False
[2024-01-20T04:36:31.018+0000] {logging_mixin.py:151} INFO -  submission : 
[2024-01-20T04:36:31.549+0000] {logging_mixin.py:151} INFO - #False
[2024-01-20T04:36:31.550+0000] {logging_mixin.py:151} INFO - #False
[2024-01-20T04:36:31.550+0000] {logging_mixin.py:151} INFO - #False
[2024-01-20T04:36:31.551+0000] {logging_mixin.py:151} INFO - #False
[2024-01-20T04:36:31.551+0000] {logging_mixin.py:151} INFO - #False
[2024-01-20T04:36:31.551+0000] {logging_mixin.py:151} INFO - #False
[2024-01-20T04:36:31.552+0000] {logging_mixin.py:151} INFO - #False
[2024-01-20T04:36:31.552+0000] {logging_mixin.py:151} INFO - #False
[2024-01-20T04:36:31.552+0000] {logging_mixin.py:151} INFO - #False
[2024-01-20T04:36:31.553+0000] {logging_mixin.py:151} INFO - #False
[2024-01-20T04:36:31.553+0000] {logging_mixin.py:151} INFO - #False
[2024-01-20T04:36:31.553+0000] {logging_mixin.py:151} INFO - #False
[2024-01-20T04:36:31.554+0000] {logging_mixin.py:151} INFO - #False
[2024-01-20T04:36:31.554+0000] {logging_mixin.py:151} INFO - #False
[2024-01-20T04:36:31.555+0000] {logging_mixin.py:151} INFO - #False
[2024-01-20T04:36:31.555+0000] {logging_mixin.py:151} INFO - #False
[2024-01-20T04:36:31.556+0000] {logging_mixin.py:151} INFO - #False
[2024-01-20T04:36:31.556+0000] {logging_mixin.py:151} INFO - #False
[2024-01-20T04:36:31.556+0000] {logging_mixin.py:151} INFO - #False
[2024-01-20T04:36:31.557+0000] {logging_mixin.py:151} INFO - #False
[2024-01-20T04:36:31.557+0000] {logging_mixin.py:151} INFO - #False
[2024-01-20T04:36:31.557+0000] {logging_mixin.py:151} INFO - #False
[2024-01-20T04:36:31.558+0000] {logging_mixin.py:151} INFO - #False
[2024-01-20T04:36:31.558+0000] {logging_mixin.py:151} INFO - #False
[2024-01-20T04:36:31.558+0000] {logging_mixin.py:151} INFO - #False
[2024-01-20T04:36:31.559+0000] {logging_mixin.py:151} INFO - #False
[2024-01-20T04:36:31.559+0000] {logging_mixin.py:151} INFO - #False
[2024-01-20T04:36:31.560+0000] {logging_mixin.py:151} INFO - #False
[2024-01-20T04:36:31.560+0000] {logging_mixin.py:151} INFO - #False
[2024-01-20T04:36:31.561+0000] {logging_mixin.py:151} INFO - #False
[2024-01-20T04:36:31.561+0000] {logging_mixin.py:151} INFO -  submission : 
[2024-01-20T04:36:32.005+0000] {logging_mixin.py:151} INFO - #False
[2024-01-20T04:36:32.006+0000] {logging_mixin.py:151} INFO - #False
[2024-01-20T04:36:32.006+0000] {logging_mixin.py:151} INFO - #False
[2024-01-20T04:36:32.007+0000] {logging_mixin.py:151} INFO - #False
[2024-01-20T04:36:32.007+0000] {logging_mixin.py:151} INFO - #False
[2024-01-20T04:36:32.007+0000] {logging_mixin.py:151} INFO - #False
[2024-01-20T04:36:32.008+0000] {logging_mixin.py:151} INFO - #False
[2024-01-20T04:36:32.008+0000] {logging_mixin.py:151} INFO - #False
[2024-01-20T04:36:32.008+0000] {logging_mixin.py:151} INFO - #False
[2024-01-20T04:36:32.009+0000] {logging_mixin.py:151} INFO - #False
[2024-01-20T04:36:32.009+0000] {logging_mixin.py:151} INFO - #False
[2024-01-20T04:36:32.010+0000] {logging_mixin.py:151} INFO - #False
[2024-01-20T04:36:32.010+0000] {logging_mixin.py:151} INFO - #False
[2024-01-20T04:36:32.010+0000] {logging_mixin.py:151} INFO - #False
[2024-01-20T04:36:32.011+0000] {logging_mixin.py:151} INFO - #False
[2024-01-20T04:36:32.011+0000] {logging_mixin.py:151} INFO - #False
[2024-01-20T04:36:32.011+0000] {logging_mixin.py:151} INFO - #False
[2024-01-20T04:36:32.012+0000] {logging_mixin.py:151} INFO - #False
[2024-01-20T04:36:32.012+0000] {logging_mixin.py:151} INFO - #False
[2024-01-20T04:36:32.012+0000] {logging_mixin.py:151} INFO - #False
[2024-01-20T04:36:32.013+0000] {logging_mixin.py:151} INFO - #False
[2024-01-20T04:36:32.013+0000] {logging_mixin.py:151} INFO - #False
[2024-01-20T04:36:32.013+0000] {logging_mixin.py:151} INFO - #False
[2024-01-20T04:36:32.014+0000] {logging_mixin.py:151} INFO - #False
[2024-01-20T04:36:32.014+0000] {logging_mixin.py:151} INFO - #False
[2024-01-20T04:36:32.014+0000] {logging_mixin.py:151} INFO - #False
[2024-01-20T04:36:32.015+0000] {logging_mixin.py:151} INFO - #False
[2024-01-20T04:36:32.015+0000] {logging_mixin.py:151} INFO - #False
[2024-01-20T04:36:32.015+0000] {logging_mixin.py:151} INFO - #False
[2024-01-20T04:36:32.016+0000] {logging_mixin.py:151} INFO - #False
[2024-01-20T04:36:32.016+0000] {logging_mixin.py:151} INFO -  submission : 
[2024-01-20T04:36:32.653+0000] {logging_mixin.py:151} INFO - #False
[2024-01-20T04:36:32.654+0000] {logging_mixin.py:151} INFO - #False
[2024-01-20T04:36:32.654+0000] {logging_mixin.py:151} INFO - #False
[2024-01-20T04:36:32.655+0000] {logging_mixin.py:151} INFO - #False
[2024-01-20T04:36:32.655+0000] {logging_mixin.py:151} INFO - #False
[2024-01-20T04:36:32.656+0000] {logging_mixin.py:151} INFO - #False
[2024-01-20T04:36:32.656+0000] {logging_mixin.py:151} INFO - #False
[2024-01-20T04:36:32.656+0000] {logging_mixin.py:151} INFO - #False
[2024-01-20T04:36:32.657+0000] {logging_mixin.py:151} INFO - #False
[2024-01-20T04:36:32.657+0000] {logging_mixin.py:151} INFO - #False
[2024-01-20T04:36:32.657+0000] {logging_mixin.py:151} INFO - #False
[2024-01-20T04:36:32.658+0000] {logging_mixin.py:151} INFO - #False
[2024-01-20T04:36:32.658+0000] {logging_mixin.py:151} INFO - #False
[2024-01-20T04:36:32.659+0000] {logging_mixin.py:151} INFO - #False
[2024-01-20T04:36:32.659+0000] {logging_mixin.py:151} INFO - #False
[2024-01-20T04:36:32.659+0000] {logging_mixin.py:151} INFO - #False
[2024-01-20T04:36:32.660+0000] {logging_mixin.py:151} INFO - #False
[2024-01-20T04:36:32.660+0000] {logging_mixin.py:151} INFO - #False
[2024-01-20T04:36:32.660+0000] {logging_mixin.py:151} INFO - #False
[2024-01-20T04:36:32.661+0000] {logging_mixin.py:151} INFO - #False
[2024-01-20T04:36:32.661+0000] {logging_mixin.py:151} INFO - #False
[2024-01-20T04:36:32.661+0000] {logging_mixin.py:151} INFO - #False
[2024-01-20T04:36:32.662+0000] {logging_mixin.py:151} INFO - #False
[2024-01-20T04:36:32.662+0000] {logging_mixin.py:151} INFO - #False
[2024-01-20T04:36:32.663+0000] {logging_mixin.py:151} INFO - #False
[2024-01-20T04:36:32.663+0000] {logging_mixin.py:151} INFO - #False
[2024-01-20T04:36:32.663+0000] {logging_mixin.py:151} INFO - #False
[2024-01-20T04:36:32.664+0000] {logging_mixin.py:151} INFO - #False
[2024-01-20T04:36:32.664+0000] {logging_mixin.py:151} INFO - #False
[2024-01-20T04:36:32.664+0000] {logging_mixin.py:151} INFO - #False
[2024-01-20T04:36:32.666+0000] {logging_mixin.py:151} INFO -  submission : 
[2024-01-20T04:36:33.359+0000] {logging_mixin.py:151} INFO - #False
[2024-01-20T04:36:33.360+0000] {logging_mixin.py:151} INFO - #False
[2024-01-20T04:36:33.360+0000] {logging_mixin.py:151} INFO - #False
[2024-01-20T04:36:33.361+0000] {logging_mixin.py:151} INFO - #False
[2024-01-20T04:36:33.362+0000] {logging_mixin.py:151} INFO - #False
[2024-01-20T04:36:33.362+0000] {logging_mixin.py:151} INFO - #False
[2024-01-20T04:36:33.363+0000] {logging_mixin.py:151} INFO - #False
[2024-01-20T04:36:33.363+0000] {logging_mixin.py:151} INFO - #False
[2024-01-20T04:36:33.363+0000] {logging_mixin.py:151} INFO - #False
[2024-01-20T04:36:33.364+0000] {logging_mixin.py:151} INFO - #False
[2024-01-20T04:36:33.364+0000] {logging_mixin.py:151} INFO - #False
[2024-01-20T04:36:33.365+0000] {logging_mixin.py:151} INFO - #False
[2024-01-20T04:36:33.365+0000] {logging_mixin.py:151} INFO - #False
[2024-01-20T04:36:33.366+0000] {logging_mixin.py:151} INFO - #False
[2024-01-20T04:36:33.366+0000] {logging_mixin.py:151} INFO - #False
[2024-01-20T04:36:33.366+0000] {logging_mixin.py:151} INFO - #False
[2024-01-20T04:36:33.367+0000] {logging_mixin.py:151} INFO - #False
[2024-01-20T04:36:33.368+0000] {logging_mixin.py:151} INFO - #False
[2024-01-20T04:36:33.368+0000] {logging_mixin.py:151} INFO - #False
[2024-01-20T04:36:33.369+0000] {logging_mixin.py:151} INFO - #False
[2024-01-20T04:36:33.370+0000] {logging_mixin.py:151} INFO - #False
[2024-01-20T04:36:33.371+0000] {logging_mixin.py:151} INFO - #False
[2024-01-20T04:36:33.372+0000] {logging_mixin.py:151} INFO - #False
[2024-01-20T04:36:33.372+0000] {logging_mixin.py:151} INFO - #False
[2024-01-20T04:36:33.373+0000] {logging_mixin.py:151} INFO - #False
[2024-01-20T04:36:33.374+0000] {logging_mixin.py:151} INFO - #False
[2024-01-20T04:36:33.374+0000] {logging_mixin.py:151} INFO - #False
[2024-01-20T04:36:33.375+0000] {logging_mixin.py:151} INFO - #False
[2024-01-20T04:36:33.375+0000] {logging_mixin.py:151} INFO - #False
[2024-01-20T04:36:33.376+0000] {logging_mixin.py:151} INFO - #False
[2024-01-20T04:36:33.376+0000] {python.py:194} INFO - Done. Returned value was: None
[2024-01-20T04:36:33.388+0000] {taskinstance.py:1400} INFO - Marking task as SUCCESS. dag_id=Kafka_Producer_2, task_id=Reddit, execution_date=20240120T043403, start_date=20240120T043628, end_date=20240120T043633
[2024-01-20T04:36:33.439+0000] {local_task_job_runner.py:228} INFO - Task exited with return code 0
[2024-01-20T04:36:33.457+0000] {taskinstance.py:2784} INFO - 0 downstream tasks scheduled from follow-on schedule check
