[2024-01-20T06:01:21.686+0000] {taskinstance.py:1159} INFO - Dependencies all met for dep_context=non-requeueable deps ti=<TaskInstance: Kafka_Producer_4.Reddit scheduled__2024-01-20T05:59:17.127272+00:00 [queued]>
[2024-01-20T06:01:21.693+0000] {taskinstance.py:1159} INFO - Dependencies all met for dep_context=requeueable deps ti=<TaskInstance: Kafka_Producer_4.Reddit scheduled__2024-01-20T05:59:17.127272+00:00 [queued]>
[2024-01-20T06:01:21.696+0000] {taskinstance.py:1361} INFO - Starting attempt 1 of 1
[2024-01-20T06:01:21.708+0000] {taskinstance.py:1382} INFO - Executing <Task(PythonOperator): Reddit> on 2024-01-20 05:59:17.127272+00:00
[2024-01-20T06:01:21.711+0000] {standard_task_runner.py:57} INFO - Started process 14341 to run task
[2024-01-20T06:01:21.713+0000] {standard_task_runner.py:84} INFO - Running: ['***', 'tasks', 'run', 'Kafka_Producer_4', 'Reddit', 'scheduled__2024-01-20T05:59:17.127272+00:00', '--job-id', '783', '--raw', '--subdir', 'DAGS_FOLDER/kafka_stream_4.py', '--cfg-path', '/tmp/tmp9vxm9yoh']
[2024-01-20T06:01:21.715+0000] {standard_task_runner.py:85} INFO - Job 783: Subtask Reddit
[2024-01-20T06:01:21.760+0000] {task_command.py:415} INFO - Running <TaskInstance: Kafka_Producer_4.Reddit scheduled__2024-01-20T05:59:17.127272+00:00 [running]> on host 45c5bfab8aa1
[2024-01-20T06:01:21.833+0000] {taskinstance.py:1660} INFO - Exporting env vars: AIRFLOW_CTX_DAG_OWNER='me' AIRFLOW_CTX_DAG_ID='Kafka_Producer_4' AIRFLOW_CTX_TASK_ID='Reddit' AIRFLOW_CTX_EXECUTION_DATE='2024-01-20T05:59:17.127272+00:00' AIRFLOW_CTX_TRY_NUMBER='1' AIRFLOW_CTX_DAG_RUN_ID='scheduled__2024-01-20T05:59:17.127272+00:00'
[2024-01-20T06:01:21.866+0000] {logging_mixin.py:151} INFO -  submission : 
[2024-01-20T06:01:22.718+0000] {logging_mixin.py:151} INFO - @True
[2024-01-20T06:01:22.720+0000] {conn.py:380} INFO - <BrokerConnection node_id=bootstrap-0 host=broker:29092 <connecting> [IPv4 ('172.19.0.8', 29092)]>: connecting to broker:29092 [('172.19.0.8', 29092) IPv4]
[2024-01-20T06:01:22.720+0000] {conn.py:1205} INFO - Probing node bootstrap-0 broker version
[2024-01-20T06:01:22.721+0000] {conn.py:410} INFO - <BrokerConnection node_id=bootstrap-0 host=broker:29092 <connecting> [IPv4 ('172.19.0.8', 29092)]>: Connection complete.
[2024-01-20T06:01:22.823+0000] {conn.py:1267} INFO - Broker version identified as 2.5.0
[2024-01-20T06:01:22.824+0000] {conn.py:1268} INFO - Set configuration api_version=(2, 5, 0) to skip auto check_version requests on startup
[2024-01-20T06:01:22.827+0000] {logging_mixin.py:151} INFO - @True
[2024-01-20T06:01:22.828+0000] {conn.py:380} INFO - <BrokerConnection node_id=1 host=broker:29092 <connecting> [IPv4 ('172.19.0.8', 29092)]>: connecting to broker:29092 [('172.19.0.8', 29092) IPv4]
[2024-01-20T06:01:22.828+0000] {conn.py:380} INFO - <BrokerConnection node_id=bootstrap-0 host=broker:29092 <connecting> [IPv4 ('172.19.0.8', 29092)]>: connecting to broker:29092 [('172.19.0.8', 29092) IPv4]
[2024-01-20T06:01:22.829+0000] {conn.py:410} INFO - <BrokerConnection node_id=1 host=broker:29092 <connecting> [IPv4 ('172.19.0.8', 29092)]>: Connection complete.
[2024-01-20T06:01:22.829+0000] {conn.py:1205} INFO - Probing node bootstrap-0 broker version
[2024-01-20T06:01:22.829+0000] {conn.py:919} INFO - <BrokerConnection node_id=bootstrap-0 host=broker:29092 <connected> [IPv4 ('172.19.0.8', 29092)]>: Closing connection. 
[2024-01-20T06:01:22.830+0000] {conn.py:410} INFO - <BrokerConnection node_id=bootstrap-0 host=broker:29092 <connecting> [IPv4 ('172.19.0.8', 29092)]>: Connection complete.
[2024-01-20T06:01:22.933+0000] {conn.py:1267} INFO - Broker version identified as 2.5.0
[2024-01-20T06:01:22.934+0000] {conn.py:1268} INFO - Set configuration api_version=(2, 5, 0) to skip auto check_version requests on startup
[2024-01-20T06:01:22.994+0000] {conn.py:919} INFO - <BrokerConnection node_id=1 host=broker:29092 <connected> [IPv4 ('172.19.0.8', 29092)]>: Closing connection. 
[2024-01-20T06:01:22.996+0000] {logging_mixin.py:151} INFO - #False
[2024-01-20T06:01:22.997+0000] {logging_mixin.py:151} INFO - #False
[2024-01-20T06:01:22.997+0000] {conn.py:380} INFO - <BrokerConnection node_id=1 host=broker:29092 <connecting> [IPv4 ('172.19.0.8', 29092)]>: connecting to broker:29092 [('172.19.0.8', 29092) IPv4]
[2024-01-20T06:01:22.997+0000] {logging_mixin.py:151} INFO - #False
[2024-01-20T06:01:22.997+0000] {conn.py:410} INFO - <BrokerConnection node_id=1 host=broker:29092 <connecting> [IPv4 ('172.19.0.8', 29092)]>: Connection complete.
[2024-01-20T06:01:22.998+0000] {logging_mixin.py:151} INFO - #False
[2024-01-20T06:01:22.998+0000] {conn.py:919} INFO - <BrokerConnection node_id=bootstrap-0 host=broker:29092 <connected> [IPv4 ('172.19.0.8', 29092)]>: Closing connection. 
[2024-01-20T06:01:22.998+0000] {logging_mixin.py:151} INFO - #False
[2024-01-20T06:01:23.000+0000] {logging_mixin.py:151} INFO - #False
[2024-01-20T06:01:23.000+0000] {logging_mixin.py:151} INFO - #False
[2024-01-20T06:01:23.000+0000] {logging_mixin.py:151} INFO - #False
[2024-01-20T06:01:23.001+0000] {logging_mixin.py:151} INFO - #False
[2024-01-20T06:01:23.001+0000] {logging_mixin.py:151} INFO - #False
[2024-01-20T06:01:23.001+0000] {logging_mixin.py:151} INFO - #False
[2024-01-20T06:01:23.001+0000] {logging_mixin.py:151} INFO - #False
[2024-01-20T06:01:23.001+0000] {logging_mixin.py:151} INFO - #False
[2024-01-20T06:01:23.002+0000] {logging_mixin.py:151} INFO - #False
[2024-01-20T06:01:23.002+0000] {logging_mixin.py:151} INFO - #False
[2024-01-20T06:01:23.002+0000] {logging_mixin.py:151} INFO - #False
[2024-01-20T06:01:23.002+0000] {logging_mixin.py:151} INFO - #False
[2024-01-20T06:01:23.003+0000] {logging_mixin.py:151} INFO - #False
[2024-01-20T06:01:23.003+0000] {logging_mixin.py:151} INFO - #False
[2024-01-20T06:01:23.003+0000] {logging_mixin.py:151} INFO - #False
[2024-01-20T06:01:23.003+0000] {logging_mixin.py:151} INFO - #False
[2024-01-20T06:01:23.004+0000] {logging_mixin.py:151} INFO - #False
[2024-01-20T06:01:23.004+0000] {logging_mixin.py:151} INFO - #False
[2024-01-20T06:01:23.004+0000] {logging_mixin.py:151} INFO - #False
[2024-01-20T06:01:23.004+0000] {logging_mixin.py:151} INFO - #False
[2024-01-20T06:01:23.004+0000] {logging_mixin.py:151} INFO - #False
[2024-01-20T06:01:23.005+0000] {logging_mixin.py:151} INFO - #False
[2024-01-20T06:01:23.005+0000] {logging_mixin.py:151} INFO - #False
[2024-01-20T06:01:23.005+0000] {logging_mixin.py:151} INFO -  submission : 
[2024-01-20T06:01:23.640+0000] {logging_mixin.py:151} INFO - #False
[2024-01-20T06:01:23.641+0000] {logging_mixin.py:151} INFO - #False
[2024-01-20T06:01:23.641+0000] {logging_mixin.py:151} INFO - #False
[2024-01-20T06:01:23.641+0000] {logging_mixin.py:151} INFO - #False
[2024-01-20T06:01:23.642+0000] {logging_mixin.py:151} INFO - #False
[2024-01-20T06:01:23.642+0000] {logging_mixin.py:151} INFO - #False
[2024-01-20T06:01:23.642+0000] {logging_mixin.py:151} INFO - #False
[2024-01-20T06:01:23.642+0000] {logging_mixin.py:151} INFO - #False
[2024-01-20T06:01:23.643+0000] {logging_mixin.py:151} INFO - #False
[2024-01-20T06:01:23.643+0000] {logging_mixin.py:151} INFO - #False
[2024-01-20T06:01:23.643+0000] {logging_mixin.py:151} INFO - #False
[2024-01-20T06:01:23.643+0000] {logging_mixin.py:151} INFO - #False
[2024-01-20T06:01:23.643+0000] {logging_mixin.py:151} INFO - #False
[2024-01-20T06:01:23.644+0000] {logging_mixin.py:151} INFO - #False
[2024-01-20T06:01:23.644+0000] {logging_mixin.py:151} INFO - #False
[2024-01-20T06:01:23.644+0000] {logging_mixin.py:151} INFO - #False
[2024-01-20T06:01:23.644+0000] {logging_mixin.py:151} INFO - #False
[2024-01-20T06:01:23.644+0000] {logging_mixin.py:151} INFO - #False
[2024-01-20T06:01:23.645+0000] {logging_mixin.py:151} INFO - #False
[2024-01-20T06:01:23.645+0000] {logging_mixin.py:151} INFO - #False
[2024-01-20T06:01:23.645+0000] {logging_mixin.py:151} INFO - #False
[2024-01-20T06:01:23.645+0000] {logging_mixin.py:151} INFO - #False
[2024-01-20T06:01:23.646+0000] {logging_mixin.py:151} INFO - #False
[2024-01-20T06:01:23.646+0000] {logging_mixin.py:151} INFO - #False
[2024-01-20T06:01:23.646+0000] {logging_mixin.py:151} INFO - #False
[2024-01-20T06:01:23.646+0000] {logging_mixin.py:151} INFO - #False
[2024-01-20T06:01:23.646+0000] {logging_mixin.py:151} INFO - #False
[2024-01-20T06:01:23.647+0000] {logging_mixin.py:151} INFO - #False
[2024-01-20T06:01:23.647+0000] {logging_mixin.py:151} INFO - #False
[2024-01-20T06:01:23.648+0000] {logging_mixin.py:151} INFO - #False
[2024-01-20T06:01:23.648+0000] {logging_mixin.py:151} INFO -  submission : 
[2024-01-20T06:01:24.208+0000] {logging_mixin.py:151} INFO - #False
[2024-01-20T06:01:24.209+0000] {logging_mixin.py:151} INFO - #False
[2024-01-20T06:01:24.209+0000] {logging_mixin.py:151} INFO - #False
[2024-01-20T06:01:24.209+0000] {logging_mixin.py:151} INFO - #False
[2024-01-20T06:01:24.210+0000] {logging_mixin.py:151} INFO - #False
[2024-01-20T06:01:24.210+0000] {logging_mixin.py:151} INFO - #False
[2024-01-20T06:01:24.210+0000] {logging_mixin.py:151} INFO - #False
[2024-01-20T06:01:24.211+0000] {logging_mixin.py:151} INFO - #False
[2024-01-20T06:01:24.211+0000] {logging_mixin.py:151} INFO - #False
[2024-01-20T06:01:24.211+0000] {logging_mixin.py:151} INFO - #False
[2024-01-20T06:01:24.212+0000] {logging_mixin.py:151} INFO - #False
[2024-01-20T06:01:24.212+0000] {logging_mixin.py:151} INFO - #False
[2024-01-20T06:01:24.212+0000] {logging_mixin.py:151} INFO - #False
[2024-01-20T06:01:24.213+0000] {logging_mixin.py:151} INFO - #False
[2024-01-20T06:01:24.213+0000] {logging_mixin.py:151} INFO - #False
[2024-01-20T06:01:24.213+0000] {logging_mixin.py:151} INFO - #False
[2024-01-20T06:01:24.213+0000] {logging_mixin.py:151} INFO - #False
[2024-01-20T06:01:24.214+0000] {logging_mixin.py:151} INFO - #False
[2024-01-20T06:01:24.214+0000] {logging_mixin.py:151} INFO - #False
[2024-01-20T06:01:24.214+0000] {logging_mixin.py:151} INFO - #False
[2024-01-20T06:01:24.214+0000] {logging_mixin.py:151} INFO - #False
[2024-01-20T06:01:24.215+0000] {logging_mixin.py:151} INFO - #False
[2024-01-20T06:01:24.215+0000] {logging_mixin.py:151} INFO - #False
[2024-01-20T06:01:24.215+0000] {logging_mixin.py:151} INFO - #False
[2024-01-20T06:01:24.216+0000] {logging_mixin.py:151} INFO - #False
[2024-01-20T06:01:24.216+0000] {logging_mixin.py:151} INFO - #False
[2024-01-20T06:01:24.216+0000] {logging_mixin.py:151} INFO - #False
[2024-01-20T06:01:24.216+0000] {logging_mixin.py:151} INFO - #False
[2024-01-20T06:01:24.216+0000] {logging_mixin.py:151} INFO - #False
[2024-01-20T06:01:24.217+0000] {logging_mixin.py:151} INFO - #False
[2024-01-20T06:01:24.217+0000] {logging_mixin.py:151} INFO -  submission : 
[2024-01-20T06:01:24.725+0000] {logging_mixin.py:151} INFO - #False
[2024-01-20T06:01:24.725+0000] {logging_mixin.py:151} INFO - #False
[2024-01-20T06:01:24.725+0000] {logging_mixin.py:151} INFO - #False
[2024-01-20T06:01:24.726+0000] {logging_mixin.py:151} INFO - #False
[2024-01-20T06:01:24.726+0000] {logging_mixin.py:151} INFO - #False
[2024-01-20T06:01:24.726+0000] {logging_mixin.py:151} INFO - #False
[2024-01-20T06:01:24.727+0000] {logging_mixin.py:151} INFO - #False
[2024-01-20T06:01:24.727+0000] {logging_mixin.py:151} INFO - #False
[2024-01-20T06:01:24.727+0000] {logging_mixin.py:151} INFO - #False
[2024-01-20T06:01:24.727+0000] {logging_mixin.py:151} INFO - #False
[2024-01-20T06:01:24.728+0000] {logging_mixin.py:151} INFO - #False
[2024-01-20T06:01:24.728+0000] {logging_mixin.py:151} INFO - #False
[2024-01-20T06:01:24.728+0000] {logging_mixin.py:151} INFO - #False
[2024-01-20T06:01:24.728+0000] {logging_mixin.py:151} INFO - #False
[2024-01-20T06:01:24.728+0000] {logging_mixin.py:151} INFO - #False
[2024-01-20T06:01:24.728+0000] {logging_mixin.py:151} INFO - #False
[2024-01-20T06:01:24.729+0000] {logging_mixin.py:151} INFO - #False
[2024-01-20T06:01:24.729+0000] {logging_mixin.py:151} INFO - #False
[2024-01-20T06:01:24.729+0000] {logging_mixin.py:151} INFO - #False
[2024-01-20T06:01:24.729+0000] {logging_mixin.py:151} INFO - #False
[2024-01-20T06:01:24.730+0000] {logging_mixin.py:151} INFO - #False
[2024-01-20T06:01:24.730+0000] {logging_mixin.py:151} INFO - #False
[2024-01-20T06:01:24.730+0000] {logging_mixin.py:151} INFO - #False
[2024-01-20T06:01:24.730+0000] {logging_mixin.py:151} INFO - #False
[2024-01-20T06:01:24.730+0000] {logging_mixin.py:151} INFO - #False
[2024-01-20T06:01:24.731+0000] {logging_mixin.py:151} INFO - #False
[2024-01-20T06:01:24.731+0000] {logging_mixin.py:151} INFO - #False
[2024-01-20T06:01:24.731+0000] {logging_mixin.py:151} INFO - #False
[2024-01-20T06:01:24.731+0000] {logging_mixin.py:151} INFO - #False
[2024-01-20T06:01:24.731+0000] {logging_mixin.py:151} INFO - #False
[2024-01-20T06:01:24.732+0000] {logging_mixin.py:151} INFO -  submission : 
[2024-01-20T06:01:25.266+0000] {logging_mixin.py:151} INFO - #False
[2024-01-20T06:01:25.268+0000] {logging_mixin.py:151} INFO - #False
[2024-01-20T06:01:25.268+0000] {logging_mixin.py:151} INFO - #False
[2024-01-20T06:01:25.268+0000] {logging_mixin.py:151} INFO - #False
[2024-01-20T06:01:25.268+0000] {logging_mixin.py:151} INFO - #False
[2024-01-20T06:01:25.269+0000] {logging_mixin.py:151} INFO - #False
[2024-01-20T06:01:25.269+0000] {logging_mixin.py:151} INFO - #False
[2024-01-20T06:01:25.269+0000] {logging_mixin.py:151} INFO - #False
[2024-01-20T06:01:25.269+0000] {logging_mixin.py:151} INFO - #False
[2024-01-20T06:01:25.270+0000] {logging_mixin.py:151} INFO - #False
[2024-01-20T06:01:25.270+0000] {logging_mixin.py:151} INFO - #False
[2024-01-20T06:01:25.270+0000] {logging_mixin.py:151} INFO - #False
[2024-01-20T06:01:25.270+0000] {logging_mixin.py:151} INFO - #False
[2024-01-20T06:01:25.270+0000] {logging_mixin.py:151} INFO - #False
[2024-01-20T06:01:25.271+0000] {logging_mixin.py:151} INFO - #False
[2024-01-20T06:01:25.271+0000] {logging_mixin.py:151} INFO - #False
[2024-01-20T06:01:25.271+0000] {logging_mixin.py:151} INFO - #False
[2024-01-20T06:01:25.271+0000] {logging_mixin.py:151} INFO - #False
[2024-01-20T06:01:25.272+0000] {logging_mixin.py:151} INFO - #False
[2024-01-20T06:01:25.272+0000] {logging_mixin.py:151} INFO - #False
[2024-01-20T06:01:25.272+0000] {logging_mixin.py:151} INFO - #False
[2024-01-20T06:01:25.272+0000] {logging_mixin.py:151} INFO - #False
[2024-01-20T06:01:25.272+0000] {logging_mixin.py:151} INFO - #False
[2024-01-20T06:01:25.273+0000] {logging_mixin.py:151} INFO - #False
[2024-01-20T06:01:25.273+0000] {logging_mixin.py:151} INFO - #False
[2024-01-20T06:01:25.273+0000] {logging_mixin.py:151} INFO - #False
[2024-01-20T06:01:25.273+0000] {logging_mixin.py:151} INFO - #False
[2024-01-20T06:01:25.273+0000] {logging_mixin.py:151} INFO - #False
[2024-01-20T06:01:25.274+0000] {logging_mixin.py:151} INFO - #False
[2024-01-20T06:01:25.274+0000] {logging_mixin.py:151} INFO - #False
[2024-01-20T06:01:25.274+0000] {logging_mixin.py:151} INFO -  submission : 
[2024-01-20T06:01:25.742+0000] {logging_mixin.py:151} INFO - #False
[2024-01-20T06:01:25.742+0000] {logging_mixin.py:151} INFO - #False
[2024-01-20T06:01:25.742+0000] {logging_mixin.py:151} INFO - #False
[2024-01-20T06:01:25.743+0000] {logging_mixin.py:151} INFO - #False
[2024-01-20T06:01:25.743+0000] {logging_mixin.py:151} INFO - #False
[2024-01-20T06:01:25.743+0000] {logging_mixin.py:151} INFO - #False
[2024-01-20T06:01:25.744+0000] {logging_mixin.py:151} INFO - #False
[2024-01-20T06:01:25.744+0000] {logging_mixin.py:151} INFO - #False
[2024-01-20T06:01:25.744+0000] {logging_mixin.py:151} INFO - #False
[2024-01-20T06:01:25.744+0000] {logging_mixin.py:151} INFO - #False
[2024-01-20T06:01:25.744+0000] {logging_mixin.py:151} INFO - #False
[2024-01-20T06:01:25.745+0000] {logging_mixin.py:151} INFO - #False
[2024-01-20T06:01:25.745+0000] {logging_mixin.py:151} INFO - #False
[2024-01-20T06:01:25.745+0000] {logging_mixin.py:151} INFO - #False
[2024-01-20T06:01:25.745+0000] {logging_mixin.py:151} INFO - #False
[2024-01-20T06:01:25.745+0000] {logging_mixin.py:151} INFO - #False
[2024-01-20T06:01:25.746+0000] {logging_mixin.py:151} INFO - #False
[2024-01-20T06:01:25.746+0000] {logging_mixin.py:151} INFO - #False
[2024-01-20T06:01:25.746+0000] {logging_mixin.py:151} INFO - #False
[2024-01-20T06:01:25.746+0000] {logging_mixin.py:151} INFO - #False
[2024-01-20T06:01:25.746+0000] {logging_mixin.py:151} INFO - #False
[2024-01-20T06:01:25.747+0000] {logging_mixin.py:151} INFO - #False
[2024-01-20T06:01:25.747+0000] {logging_mixin.py:151} INFO - #False
[2024-01-20T06:01:25.747+0000] {logging_mixin.py:151} INFO - #False
[2024-01-20T06:01:25.747+0000] {logging_mixin.py:151} INFO - #False
[2024-01-20T06:01:25.748+0000] {logging_mixin.py:151} INFO - #False
[2024-01-20T06:01:25.748+0000] {logging_mixin.py:151} INFO - #False
[2024-01-20T06:01:25.748+0000] {logging_mixin.py:151} INFO - #False
[2024-01-20T06:01:25.748+0000] {logging_mixin.py:151} INFO - #False
[2024-01-20T06:01:25.748+0000] {logging_mixin.py:151} INFO - #False
[2024-01-20T06:01:25.749+0000] {logging_mixin.py:151} INFO -  submission : 
[2024-01-20T06:01:26.368+0000] {logging_mixin.py:151} INFO - #False
[2024-01-20T06:01:26.368+0000] {logging_mixin.py:151} INFO - #False
[2024-01-20T06:01:26.368+0000] {logging_mixin.py:151} INFO - #False
[2024-01-20T06:01:26.368+0000] {logging_mixin.py:151} INFO - #False
[2024-01-20T06:01:26.369+0000] {logging_mixin.py:151} INFO - #False
[2024-01-20T06:01:26.369+0000] {logging_mixin.py:151} INFO - #False
[2024-01-20T06:01:26.369+0000] {logging_mixin.py:151} INFO - #False
[2024-01-20T06:01:26.369+0000] {logging_mixin.py:151} INFO - #False
[2024-01-20T06:01:26.370+0000] {logging_mixin.py:151} INFO - #False
[2024-01-20T06:01:26.370+0000] {logging_mixin.py:151} INFO - #False
[2024-01-20T06:01:26.370+0000] {logging_mixin.py:151} INFO - #False
[2024-01-20T06:01:26.370+0000] {logging_mixin.py:151} INFO - #False
[2024-01-20T06:01:26.370+0000] {logging_mixin.py:151} INFO - #False
[2024-01-20T06:01:26.371+0000] {logging_mixin.py:151} INFO - #False
[2024-01-20T06:01:26.371+0000] {logging_mixin.py:151} INFO - #False
[2024-01-20T06:01:26.371+0000] {logging_mixin.py:151} INFO - #False
[2024-01-20T06:01:26.371+0000] {logging_mixin.py:151} INFO - #False
[2024-01-20T06:01:26.372+0000] {logging_mixin.py:151} INFO - #False
[2024-01-20T06:01:26.372+0000] {logging_mixin.py:151} INFO - #False
[2024-01-20T06:01:26.372+0000] {logging_mixin.py:151} INFO - #False
[2024-01-20T06:01:26.372+0000] {logging_mixin.py:151} INFO - #False
[2024-01-20T06:01:26.372+0000] {logging_mixin.py:151} INFO - #False
[2024-01-20T06:01:26.373+0000] {logging_mixin.py:151} INFO - #False
[2024-01-20T06:01:26.374+0000] {logging_mixin.py:151} INFO - #False
[2024-01-20T06:01:26.375+0000] {logging_mixin.py:151} INFO - #False
[2024-01-20T06:01:26.375+0000] {logging_mixin.py:151} INFO - #False
[2024-01-20T06:01:26.375+0000] {logging_mixin.py:151} INFO - #False
[2024-01-20T06:01:26.376+0000] {logging_mixin.py:151} INFO - #False
[2024-01-20T06:01:26.377+0000] {logging_mixin.py:151} INFO - #False
[2024-01-20T06:01:26.377+0000] {logging_mixin.py:151} INFO - #False
[2024-01-20T06:01:26.378+0000] {logging_mixin.py:151} INFO -  submission : 
[2024-01-20T06:01:27.062+0000] {logging_mixin.py:151} INFO - #False
[2024-01-20T06:01:27.062+0000] {logging_mixin.py:151} INFO - #False
[2024-01-20T06:01:27.063+0000] {logging_mixin.py:151} INFO - #False
[2024-01-20T06:01:27.063+0000] {logging_mixin.py:151} INFO - #False
[2024-01-20T06:01:27.063+0000] {logging_mixin.py:151} INFO - #False
[2024-01-20T06:01:27.064+0000] {logging_mixin.py:151} INFO - #False
[2024-01-20T06:01:27.064+0000] {logging_mixin.py:151} INFO - #False
[2024-01-20T06:01:27.064+0000] {logging_mixin.py:151} INFO - #False
[2024-01-20T06:01:27.065+0000] {logging_mixin.py:151} INFO - #False
[2024-01-20T06:01:27.065+0000] {logging_mixin.py:151} INFO - #False
[2024-01-20T06:01:27.065+0000] {logging_mixin.py:151} INFO - #False
[2024-01-20T06:01:27.065+0000] {logging_mixin.py:151} INFO - #False
[2024-01-20T06:01:27.065+0000] {logging_mixin.py:151} INFO - #False
[2024-01-20T06:01:27.066+0000] {logging_mixin.py:151} INFO - #False
[2024-01-20T06:01:27.066+0000] {logging_mixin.py:151} INFO - #False
[2024-01-20T06:01:27.066+0000] {logging_mixin.py:151} INFO - #False
[2024-01-20T06:01:27.066+0000] {logging_mixin.py:151} INFO - #False
[2024-01-20T06:01:27.067+0000] {logging_mixin.py:151} INFO - #False
[2024-01-20T06:01:27.067+0000] {logging_mixin.py:151} INFO - #False
[2024-01-20T06:01:27.067+0000] {logging_mixin.py:151} INFO - #False
[2024-01-20T06:01:27.067+0000] {logging_mixin.py:151} INFO - #False
[2024-01-20T06:01:27.068+0000] {logging_mixin.py:151} INFO - #False
[2024-01-20T06:01:27.068+0000] {logging_mixin.py:151} INFO - #False
[2024-01-20T06:01:27.068+0000] {logging_mixin.py:151} INFO - #False
[2024-01-20T06:01:27.068+0000] {logging_mixin.py:151} INFO - #False
[2024-01-20T06:01:27.068+0000] {logging_mixin.py:151} INFO - #False
[2024-01-20T06:01:27.069+0000] {logging_mixin.py:151} INFO - #False
[2024-01-20T06:01:27.069+0000] {logging_mixin.py:151} INFO - #False
[2024-01-20T06:01:27.069+0000] {logging_mixin.py:151} INFO - #False
[2024-01-20T06:01:27.069+0000] {logging_mixin.py:151} INFO - #False
[2024-01-20T06:01:27.070+0000] {conn.py:919} INFO - <BrokerConnection node_id=1 host=broker:29092 <connected> [IPv4 ('172.19.0.8', 29092)]>: Closing connection. 
[2024-01-20T06:01:27.071+0000] {python.py:194} INFO - Done. Returned value was: None
[2024-01-20T06:01:27.078+0000] {taskinstance.py:1400} INFO - Marking task as SUCCESS. dag_id=Kafka_Producer_4, task_id=Reddit, execution_date=20240120T055917, start_date=20240120T060121, end_date=20240120T060127
[2024-01-20T06:01:27.101+0000] {local_task_job_runner.py:228} INFO - Task exited with return code 0
[2024-01-20T06:01:27.113+0000] {taskinstance.py:2784} INFO - 0 downstream tasks scheduled from follow-on schedule check
