[2024-01-17T22:06:26.392+0000] {taskinstance.py:1159} INFO - Dependencies all met for dep_context=non-requeueable deps ti=<TaskInstance: Stream_Data_4.Reddit scheduled__2024-01-17T22:04:17.057698+00:00 [queued]>
[2024-01-17T22:06:26.403+0000] {taskinstance.py:1159} INFO - Dependencies all met for dep_context=requeueable deps ti=<TaskInstance: Stream_Data_4.Reddit scheduled__2024-01-17T22:04:17.057698+00:00 [queued]>
[2024-01-17T22:06:26.403+0000] {taskinstance.py:1361} INFO - Starting attempt 1 of 1
[2024-01-17T22:06:26.421+0000] {taskinstance.py:1382} INFO - Executing <Task(PythonOperator): Reddit> on 2024-01-17 22:04:17.057698+00:00
[2024-01-17T22:06:26.425+0000] {standard_task_runner.py:57} INFO - Started process 4985 to run task
[2024-01-17T22:06:26.430+0000] {standard_task_runner.py:84} INFO - Running: ['***', 'tasks', 'run', 'Stream_Data_4', 'Reddit', 'scheduled__2024-01-17T22:04:17.057698+00:00', '--job-id', '880', '--raw', '--subdir', 'DAGS_FOLDER/kafka_stream_4.py', '--cfg-path', '/tmp/tmpvzrpaen5']
[2024-01-17T22:06:26.432+0000] {standard_task_runner.py:85} INFO - Job 880: Subtask Reddit
[2024-01-17T22:06:26.559+0000] {task_command.py:415} INFO - Running <TaskInstance: Stream_Data_4.Reddit scheduled__2024-01-17T22:04:17.057698+00:00 [running]> on host 614a419ad930
[2024-01-17T22:06:26.679+0000] {taskinstance.py:1660} INFO - Exporting env vars: AIRFLOW_CTX_DAG_OWNER='me' AIRFLOW_CTX_DAG_ID='Stream_Data_4' AIRFLOW_CTX_TASK_ID='Reddit' AIRFLOW_CTX_EXECUTION_DATE='2024-01-17T22:04:17.057698+00:00' AIRFLOW_CTX_TRY_NUMBER='1' AIRFLOW_CTX_DAG_RUN_ID='scheduled__2024-01-17T22:04:17.057698+00:00'
[2024-01-17T22:06:26.723+0000] {logging_mixin.py:151} INFO -  submission : 
[2024-01-17T22:06:27.653+0000] {logging_mixin.py:151} INFO - #False
[2024-01-17T22:06:27.654+0000] {logging_mixin.py:151} INFO - #False
[2024-01-17T22:06:27.655+0000] {logging_mixin.py:151} INFO - #False
[2024-01-17T22:06:27.655+0000] {logging_mixin.py:151} INFO - #False
[2024-01-17T22:06:27.655+0000] {logging_mixin.py:151} INFO - #False
[2024-01-17T22:06:27.655+0000] {logging_mixin.py:151} INFO - #False
[2024-01-17T22:06:27.655+0000] {logging_mixin.py:151} INFO - #False
[2024-01-17T22:06:27.656+0000] {logging_mixin.py:151} INFO - #False
[2024-01-17T22:06:27.656+0000] {logging_mixin.py:151} INFO - #False
[2024-01-17T22:06:27.656+0000] {logging_mixin.py:151} INFO - #False
[2024-01-17T22:06:27.656+0000] {logging_mixin.py:151} INFO - #False
[2024-01-17T22:06:27.657+0000] {logging_mixin.py:151} INFO - #False
[2024-01-17T22:06:27.658+0000] {logging_mixin.py:151} INFO - #False
[2024-01-17T22:06:27.658+0000] {logging_mixin.py:151} INFO - #False
[2024-01-17T22:06:27.659+0000] {logging_mixin.py:151} INFO - #False
[2024-01-17T22:06:27.659+0000] {logging_mixin.py:151} INFO - #False
[2024-01-17T22:06:27.659+0000] {logging_mixin.py:151} INFO - #False
[2024-01-17T22:06:27.659+0000] {logging_mixin.py:151} INFO - #False
[2024-01-17T22:06:27.659+0000] {logging_mixin.py:151} INFO - #False
[2024-01-17T22:06:27.659+0000] {logging_mixin.py:151} INFO - #False
[2024-01-17T22:06:27.659+0000] {logging_mixin.py:151} INFO - #False
[2024-01-17T22:06:27.659+0000] {logging_mixin.py:151} INFO - #False
[2024-01-17T22:06:27.660+0000] {logging_mixin.py:151} INFO - #False
[2024-01-17T22:06:27.660+0000] {logging_mixin.py:151} INFO - #False
[2024-01-17T22:06:27.660+0000] {logging_mixin.py:151} INFO - #False
[2024-01-17T22:06:27.660+0000] {logging_mixin.py:151} INFO - #False
[2024-01-17T22:06:27.660+0000] {logging_mixin.py:151} INFO - #False
[2024-01-17T22:06:27.660+0000] {logging_mixin.py:151} INFO - #False
[2024-01-17T22:06:27.660+0000] {logging_mixin.py:151} INFO - #False
[2024-01-17T22:06:27.661+0000] {logging_mixin.py:151} INFO - #False
[2024-01-17T22:06:27.661+0000] {logging_mixin.py:151} INFO -  submission : 
[2024-01-17T22:06:28.223+0000] {logging_mixin.py:151} INFO - #False
[2024-01-17T22:06:28.224+0000] {logging_mixin.py:151} INFO - #False
[2024-01-17T22:06:28.224+0000] {logging_mixin.py:151} INFO - #False
[2024-01-17T22:06:28.224+0000] {logging_mixin.py:151} INFO - #False
[2024-01-17T22:06:28.224+0000] {logging_mixin.py:151} INFO - #False
[2024-01-17T22:06:28.224+0000] {logging_mixin.py:151} INFO - #False
[2024-01-17T22:06:28.224+0000] {logging_mixin.py:151} INFO - #False
[2024-01-17T22:06:28.225+0000] {logging_mixin.py:151} INFO - #False
[2024-01-17T22:06:28.225+0000] {logging_mixin.py:151} INFO - #False
[2024-01-17T22:06:28.225+0000] {logging_mixin.py:151} INFO - #False
[2024-01-17T22:06:28.225+0000] {logging_mixin.py:151} INFO - #False
[2024-01-17T22:06:28.225+0000] {logging_mixin.py:151} INFO - #False
[2024-01-17T22:06:28.225+0000] {logging_mixin.py:151} INFO - #False
[2024-01-17T22:06:28.226+0000] {logging_mixin.py:151} INFO - #False
[2024-01-17T22:06:28.226+0000] {logging_mixin.py:151} INFO - #False
[2024-01-17T22:06:28.226+0000] {logging_mixin.py:151} INFO - #False
[2024-01-17T22:06:28.226+0000] {logging_mixin.py:151} INFO - #False
[2024-01-17T22:06:28.226+0000] {logging_mixin.py:151} INFO - #False
[2024-01-17T22:06:28.226+0000] {logging_mixin.py:151} INFO - #False
[2024-01-17T22:06:28.226+0000] {logging_mixin.py:151} INFO - #False
[2024-01-17T22:06:28.226+0000] {logging_mixin.py:151} INFO - #False
[2024-01-17T22:06:28.226+0000] {logging_mixin.py:151} INFO - #False
[2024-01-17T22:06:28.226+0000] {logging_mixin.py:151} INFO - #False
[2024-01-17T22:06:28.226+0000] {logging_mixin.py:151} INFO - #False
[2024-01-17T22:06:28.227+0000] {logging_mixin.py:151} INFO - #False
[2024-01-17T22:06:28.227+0000] {logging_mixin.py:151} INFO - #False
[2024-01-17T22:06:28.227+0000] {logging_mixin.py:151} INFO - #False
[2024-01-17T22:06:28.227+0000] {logging_mixin.py:151} INFO - #False
[2024-01-17T22:06:28.227+0000] {logging_mixin.py:151} INFO - #False
[2024-01-17T22:06:28.227+0000] {logging_mixin.py:151} INFO - #False
[2024-01-17T22:06:28.228+0000] {logging_mixin.py:151} INFO -  submission : 
[2024-01-17T22:06:28.742+0000] {logging_mixin.py:151} INFO - #False
[2024-01-17T22:06:28.743+0000] {logging_mixin.py:151} INFO - #False
[2024-01-17T22:06:28.743+0000] {logging_mixin.py:151} INFO - #False
[2024-01-17T22:06:28.743+0000] {logging_mixin.py:151} INFO - #False
[2024-01-17T22:06:28.744+0000] {logging_mixin.py:151} INFO - #False
[2024-01-17T22:06:28.744+0000] {logging_mixin.py:151} INFO - #False
[2024-01-17T22:06:28.745+0000] {logging_mixin.py:151} INFO - #False
[2024-01-17T22:06:28.745+0000] {logging_mixin.py:151} INFO - #False
[2024-01-17T22:06:28.745+0000] {logging_mixin.py:151} INFO - #False
[2024-01-17T22:06:28.745+0000] {logging_mixin.py:151} INFO - #False
[2024-01-17T22:06:28.745+0000] {logging_mixin.py:151} INFO - #False
[2024-01-17T22:06:28.746+0000] {logging_mixin.py:151} INFO - #False
[2024-01-17T22:06:28.746+0000] {logging_mixin.py:151} INFO - #False
[2024-01-17T22:06:28.746+0000] {logging_mixin.py:151} INFO - #False
[2024-01-17T22:06:28.746+0000] {logging_mixin.py:151} INFO - #False
[2024-01-17T22:06:28.746+0000] {logging_mixin.py:151} INFO - #False
[2024-01-17T22:06:28.746+0000] {logging_mixin.py:151} INFO - #False
[2024-01-17T22:06:28.747+0000] {logging_mixin.py:151} INFO - #False
[2024-01-17T22:06:28.747+0000] {logging_mixin.py:151} INFO - #False
[2024-01-17T22:06:28.747+0000] {logging_mixin.py:151} INFO - #False
[2024-01-17T22:06:28.748+0000] {logging_mixin.py:151} INFO - #False
[2024-01-17T22:06:28.748+0000] {logging_mixin.py:151} INFO - #False
[2024-01-17T22:06:28.748+0000] {logging_mixin.py:151} INFO - #False
[2024-01-17T22:06:28.748+0000] {logging_mixin.py:151} INFO - #False
[2024-01-17T22:06:28.748+0000] {logging_mixin.py:151} INFO - #False
[2024-01-17T22:06:28.749+0000] {logging_mixin.py:151} INFO - #False
[2024-01-17T22:06:28.749+0000] {logging_mixin.py:151} INFO - #False
[2024-01-17T22:06:28.749+0000] {logging_mixin.py:151} INFO - #False
[2024-01-17T22:06:28.749+0000] {logging_mixin.py:151} INFO - #False
[2024-01-17T22:06:28.749+0000] {logging_mixin.py:151} INFO - #False
[2024-01-17T22:06:28.750+0000] {logging_mixin.py:151} INFO -  submission : 
[2024-01-17T22:06:29.255+0000] {logging_mixin.py:151} INFO - #False
[2024-01-17T22:06:29.255+0000] {logging_mixin.py:151} INFO - #False
[2024-01-17T22:06:29.255+0000] {logging_mixin.py:151} INFO - #False
[2024-01-17T22:06:29.255+0000] {logging_mixin.py:151} INFO - #False
[2024-01-17T22:06:29.255+0000] {logging_mixin.py:151} INFO - #False
[2024-01-17T22:06:29.255+0000] {logging_mixin.py:151} INFO - #False
[2024-01-17T22:06:29.255+0000] {logging_mixin.py:151} INFO - #False
[2024-01-17T22:06:29.256+0000] {logging_mixin.py:151} INFO - #False
[2024-01-17T22:06:29.256+0000] {logging_mixin.py:151} INFO - #False
[2024-01-17T22:06:29.256+0000] {logging_mixin.py:151} INFO - #False
[2024-01-17T22:06:29.256+0000] {logging_mixin.py:151} INFO - #False
[2024-01-17T22:06:29.256+0000] {logging_mixin.py:151} INFO - #False
[2024-01-17T22:06:29.256+0000] {logging_mixin.py:151} INFO - #False
[2024-01-17T22:06:29.256+0000] {logging_mixin.py:151} INFO - #False
[2024-01-17T22:06:29.256+0000] {logging_mixin.py:151} INFO - #False
[2024-01-17T22:06:29.256+0000] {logging_mixin.py:151} INFO - #False
[2024-01-17T22:06:29.257+0000] {logging_mixin.py:151} INFO - #False
[2024-01-17T22:06:29.257+0000] {logging_mixin.py:151} INFO - #False
[2024-01-17T22:06:29.257+0000] {logging_mixin.py:151} INFO - #False
[2024-01-17T22:06:29.257+0000] {logging_mixin.py:151} INFO - #False
[2024-01-17T22:06:29.257+0000] {logging_mixin.py:151} INFO - #False
[2024-01-17T22:06:29.257+0000] {logging_mixin.py:151} INFO - #False
[2024-01-17T22:06:29.257+0000] {logging_mixin.py:151} INFO - #False
[2024-01-17T22:06:29.257+0000] {logging_mixin.py:151} INFO - #False
[2024-01-17T22:06:29.257+0000] {logging_mixin.py:151} INFO - #False
[2024-01-17T22:06:29.257+0000] {logging_mixin.py:151} INFO - #False
[2024-01-17T22:06:29.258+0000] {logging_mixin.py:151} INFO - #False
[2024-01-17T22:06:29.258+0000] {logging_mixin.py:151} INFO - #False
[2024-01-17T22:06:29.258+0000] {logging_mixin.py:151} INFO - #False
[2024-01-17T22:06:29.258+0000] {logging_mixin.py:151} INFO - #False
[2024-01-17T22:06:29.258+0000] {logging_mixin.py:151} INFO -  submission : 
[2024-01-17T22:06:29.670+0000] {logging_mixin.py:151} INFO - #False
[2024-01-17T22:06:29.670+0000] {logging_mixin.py:151} INFO - #False
[2024-01-17T22:06:29.670+0000] {logging_mixin.py:151} INFO - #False
[2024-01-17T22:06:29.671+0000] {logging_mixin.py:151} INFO - #False
[2024-01-17T22:06:29.671+0000] {logging_mixin.py:151} INFO - #False
[2024-01-17T22:06:29.671+0000] {logging_mixin.py:151} INFO - #False
[2024-01-17T22:06:29.671+0000] {logging_mixin.py:151} INFO - #False
[2024-01-17T22:06:29.671+0000] {logging_mixin.py:151} INFO - #False
[2024-01-17T22:06:29.671+0000] {logging_mixin.py:151} INFO - #False
[2024-01-17T22:06:29.671+0000] {logging_mixin.py:151} INFO - #False
[2024-01-17T22:06:29.671+0000] {logging_mixin.py:151} INFO - #False
[2024-01-17T22:06:29.671+0000] {logging_mixin.py:151} INFO - #False
[2024-01-17T22:06:29.671+0000] {logging_mixin.py:151} INFO - #False
[2024-01-17T22:06:29.671+0000] {logging_mixin.py:151} INFO - #False
[2024-01-17T22:06:29.671+0000] {logging_mixin.py:151} INFO - #False
[2024-01-17T22:06:29.671+0000] {logging_mixin.py:151} INFO - #False
[2024-01-17T22:06:29.671+0000] {logging_mixin.py:151} INFO - #False
[2024-01-17T22:06:29.672+0000] {logging_mixin.py:151} INFO - #False
[2024-01-17T22:06:29.672+0000] {logging_mixin.py:151} INFO - #False
[2024-01-17T22:06:29.672+0000] {logging_mixin.py:151} INFO - #False
[2024-01-17T22:06:29.672+0000] {logging_mixin.py:151} INFO - #False
[2024-01-17T22:06:29.672+0000] {logging_mixin.py:151} INFO - #False
[2024-01-17T22:06:29.672+0000] {logging_mixin.py:151} INFO - #False
[2024-01-17T22:06:29.672+0000] {logging_mixin.py:151} INFO - #False
[2024-01-17T22:06:29.672+0000] {logging_mixin.py:151} INFO - #False
[2024-01-17T22:06:29.672+0000] {logging_mixin.py:151} INFO - #False
[2024-01-17T22:06:29.672+0000] {logging_mixin.py:151} INFO - #False
[2024-01-17T22:06:29.672+0000] {logging_mixin.py:151} INFO - #False
[2024-01-17T22:06:29.672+0000] {logging_mixin.py:151} INFO - #False
[2024-01-17T22:06:29.672+0000] {logging_mixin.py:151} INFO - #False
[2024-01-17T22:06:29.673+0000] {logging_mixin.py:151} INFO -  submission : 
[2024-01-17T22:06:30.227+0000] {logging_mixin.py:151} INFO - #False
[2024-01-17T22:06:30.228+0000] {logging_mixin.py:151} INFO - #False
[2024-01-17T22:06:30.228+0000] {logging_mixin.py:151} INFO - #False
[2024-01-17T22:06:30.228+0000] {logging_mixin.py:151} INFO - #False
[2024-01-17T22:06:30.228+0000] {logging_mixin.py:151} INFO - #False
[2024-01-17T22:06:30.228+0000] {logging_mixin.py:151} INFO - #False
[2024-01-17T22:06:30.228+0000] {logging_mixin.py:151} INFO - #False
[2024-01-17T22:06:30.228+0000] {logging_mixin.py:151} INFO - #False
[2024-01-17T22:06:30.228+0000] {logging_mixin.py:151} INFO - #False
[2024-01-17T22:06:30.228+0000] {logging_mixin.py:151} INFO - #False
[2024-01-17T22:06:30.229+0000] {logging_mixin.py:151} INFO - #False
[2024-01-17T22:06:30.229+0000] {logging_mixin.py:151} INFO - #False
[2024-01-17T22:06:30.229+0000] {logging_mixin.py:151} INFO - #False
[2024-01-17T22:06:30.229+0000] {logging_mixin.py:151} INFO - #False
[2024-01-17T22:06:30.229+0000] {logging_mixin.py:151} INFO - #False
[2024-01-17T22:06:30.229+0000] {logging_mixin.py:151} INFO - #False
[2024-01-17T22:06:30.229+0000] {logging_mixin.py:151} INFO - #False
[2024-01-17T22:06:30.229+0000] {logging_mixin.py:151} INFO - #False
[2024-01-17T22:06:30.229+0000] {logging_mixin.py:151} INFO - #False
[2024-01-17T22:06:30.229+0000] {logging_mixin.py:151} INFO - #False
[2024-01-17T22:06:30.230+0000] {logging_mixin.py:151} INFO - #False
[2024-01-17T22:06:30.230+0000] {logging_mixin.py:151} INFO - #False
[2024-01-17T22:06:30.230+0000] {logging_mixin.py:151} INFO - #False
[2024-01-17T22:06:30.230+0000] {logging_mixin.py:151} INFO - #False
[2024-01-17T22:06:30.230+0000] {logging_mixin.py:151} INFO - #False
[2024-01-17T22:06:30.230+0000] {logging_mixin.py:151} INFO - #False
[2024-01-17T22:06:30.230+0000] {logging_mixin.py:151} INFO - #False
[2024-01-17T22:06:30.230+0000] {logging_mixin.py:151} INFO - #False
[2024-01-17T22:06:30.230+0000] {logging_mixin.py:151} INFO - #False
[2024-01-17T22:06:30.230+0000] {logging_mixin.py:151} INFO - #False
[2024-01-17T22:06:30.230+0000] {logging_mixin.py:151} INFO -  submission : 
[2024-01-17T22:06:30.742+0000] {logging_mixin.py:151} INFO - #False
[2024-01-17T22:06:30.743+0000] {logging_mixin.py:151} INFO - #False
[2024-01-17T22:06:30.743+0000] {logging_mixin.py:151} INFO - #False
[2024-01-17T22:06:30.743+0000] {logging_mixin.py:151} INFO - #False
[2024-01-17T22:06:30.743+0000] {logging_mixin.py:151} INFO - #False
[2024-01-17T22:06:30.743+0000] {logging_mixin.py:151} INFO - #False
[2024-01-17T22:06:30.743+0000] {logging_mixin.py:151} INFO - #False
[2024-01-17T22:06:30.744+0000] {logging_mixin.py:151} INFO - #False
[2024-01-17T22:06:30.744+0000] {logging_mixin.py:151} INFO - #False
[2024-01-17T22:06:30.744+0000] {logging_mixin.py:151} INFO - #False
[2024-01-17T22:06:30.744+0000] {logging_mixin.py:151} INFO - #False
[2024-01-17T22:06:30.744+0000] {logging_mixin.py:151} INFO - #False
[2024-01-17T22:06:30.744+0000] {logging_mixin.py:151} INFO - #False
[2024-01-17T22:06:30.744+0000] {logging_mixin.py:151} INFO - #False
[2024-01-17T22:06:30.744+0000] {logging_mixin.py:151} INFO - #False
[2024-01-17T22:06:30.745+0000] {logging_mixin.py:151} INFO - #False
[2024-01-17T22:06:30.745+0000] {logging_mixin.py:151} INFO - #False
[2024-01-17T22:06:30.745+0000] {logging_mixin.py:151} INFO - #False
[2024-01-17T22:06:30.745+0000] {logging_mixin.py:151} INFO - #False
[2024-01-17T22:06:30.745+0000] {logging_mixin.py:151} INFO - #False
[2024-01-17T22:06:30.745+0000] {logging_mixin.py:151} INFO - #False
[2024-01-17T22:06:30.746+0000] {logging_mixin.py:151} INFO - #False
[2024-01-17T22:06:30.746+0000] {logging_mixin.py:151} INFO - #False
[2024-01-17T22:06:30.746+0000] {logging_mixin.py:151} INFO - #False
[2024-01-17T22:06:30.746+0000] {logging_mixin.py:151} INFO - #False
[2024-01-17T22:06:30.746+0000] {logging_mixin.py:151} INFO - #False
[2024-01-17T22:06:30.746+0000] {logging_mixin.py:151} INFO - #False
[2024-01-17T22:06:30.747+0000] {logging_mixin.py:151} INFO - #False
[2024-01-17T22:06:30.747+0000] {logging_mixin.py:151} INFO - #False
[2024-01-17T22:06:30.747+0000] {logging_mixin.py:151} INFO - #False
[2024-01-17T22:06:30.747+0000] {logging_mixin.py:151} INFO -  submission : 
[2024-01-17T22:06:31.488+0000] {logging_mixin.py:151} INFO - #False
[2024-01-17T22:06:31.489+0000] {logging_mixin.py:151} INFO - #False
[2024-01-17T22:06:31.489+0000] {logging_mixin.py:151} INFO - #False
[2024-01-17T22:06:31.489+0000] {logging_mixin.py:151} INFO - #False
[2024-01-17T22:06:31.489+0000] {logging_mixin.py:151} INFO - #False
[2024-01-17T22:06:31.489+0000] {logging_mixin.py:151} INFO - #False
[2024-01-17T22:06:31.489+0000] {logging_mixin.py:151} INFO - #False
[2024-01-17T22:06:31.489+0000] {logging_mixin.py:151} INFO - #False
[2024-01-17T22:06:31.489+0000] {logging_mixin.py:151} INFO - #False
[2024-01-17T22:06:31.489+0000] {logging_mixin.py:151} INFO - #False
[2024-01-17T22:06:31.489+0000] {logging_mixin.py:151} INFO - #False
[2024-01-17T22:06:31.490+0000] {logging_mixin.py:151} INFO - #False
[2024-01-17T22:06:31.490+0000] {logging_mixin.py:151} INFO - #False
[2024-01-17T22:06:31.490+0000] {logging_mixin.py:151} INFO - #False
[2024-01-17T22:06:31.490+0000] {logging_mixin.py:151} INFO - #False
[2024-01-17T22:06:31.490+0000] {logging_mixin.py:151} INFO - #False
[2024-01-17T22:06:31.490+0000] {logging_mixin.py:151} INFO - #False
[2024-01-17T22:06:31.490+0000] {logging_mixin.py:151} INFO - #False
[2024-01-17T22:06:31.490+0000] {logging_mixin.py:151} INFO - #False
[2024-01-17T22:06:31.490+0000] {logging_mixin.py:151} INFO - #False
[2024-01-17T22:06:31.490+0000] {logging_mixin.py:151} INFO - #False
[2024-01-17T22:06:31.490+0000] {logging_mixin.py:151} INFO - #False
[2024-01-17T22:06:31.491+0000] {logging_mixin.py:151} INFO - #False
[2024-01-17T22:06:31.491+0000] {logging_mixin.py:151} INFO - #False
[2024-01-17T22:06:31.491+0000] {logging_mixin.py:151} INFO - #False
[2024-01-17T22:06:31.491+0000] {logging_mixin.py:151} INFO - #False
[2024-01-17T22:06:31.491+0000] {logging_mixin.py:151} INFO - #False
[2024-01-17T22:06:31.491+0000] {logging_mixin.py:151} INFO - #False
[2024-01-17T22:06:31.491+0000] {logging_mixin.py:151} INFO - #False
[2024-01-17T22:06:31.491+0000] {logging_mixin.py:151} INFO - #False
[2024-01-17T22:06:31.491+0000] {python.py:194} INFO - Done. Returned value was: None
[2024-01-17T22:06:31.502+0000] {taskinstance.py:1400} INFO - Marking task as SUCCESS. dag_id=Stream_Data_4, task_id=Reddit, execution_date=20240117T220417, start_date=20240117T220626, end_date=20240117T220631
[2024-01-17T22:06:31.519+0000] {local_task_job_runner.py:228} INFO - Task exited with return code 0
[2024-01-17T22:06:31.536+0000] {taskinstance.py:2784} INFO - 0 downstream tasks scheduled from follow-on schedule check
