[2024-01-17T22:24:12.630+0000] {taskinstance.py:1159} INFO - Dependencies all met for dep_context=non-requeueable deps ti=<TaskInstance: Stream__2.Reddit scheduled__2024-01-17T22:22:07.735459+00:00 [queued]>
[2024-01-17T22:24:12.637+0000] {taskinstance.py:1159} INFO - Dependencies all met for dep_context=requeueable deps ti=<TaskInstance: Stream__2.Reddit scheduled__2024-01-17T22:22:07.735459+00:00 [queued]>
[2024-01-17T22:24:12.637+0000] {taskinstance.py:1361} INFO - Starting attempt 1 of 1
[2024-01-17T22:24:12.650+0000] {taskinstance.py:1382} INFO - Executing <Task(PythonOperator): Reddit> on 2024-01-17 22:22:07.735459+00:00
[2024-01-17T22:24:12.653+0000] {standard_task_runner.py:57} INFO - Started process 6318 to run task
[2024-01-17T22:24:12.656+0000] {standard_task_runner.py:84} INFO - Running: ['***', 'tasks', 'run', 'Stream__2', 'Reddit', 'scheduled__2024-01-17T22:22:07.735459+00:00', '--job-id', '1002', '--raw', '--subdir', 'DAGS_FOLDER/kafka_stream_2.py', '--cfg-path', '/tmp/tmparsvn_19']
[2024-01-17T22:24:12.658+0000] {standard_task_runner.py:85} INFO - Job 1002: Subtask Reddit
[2024-01-17T22:24:12.703+0000] {task_command.py:415} INFO - Running <TaskInstance: Stream__2.Reddit scheduled__2024-01-17T22:22:07.735459+00:00 [running]> on host 614a419ad930
[2024-01-17T22:24:12.778+0000] {taskinstance.py:1660} INFO - Exporting env vars: AIRFLOW_CTX_DAG_OWNER='me' AIRFLOW_CTX_DAG_ID='Stream__2' AIRFLOW_CTX_TASK_ID='Reddit' AIRFLOW_CTX_EXECUTION_DATE='2024-01-17T22:22:07.735459+00:00' AIRFLOW_CTX_TRY_NUMBER='1' AIRFLOW_CTX_DAG_RUN_ID='scheduled__2024-01-17T22:22:07.735459+00:00'
[2024-01-17T22:24:12.809+0000] {logging_mixin.py:151} INFO -  submission : 
[2024-01-17T22:24:14.088+0000] {logging_mixin.py:151} INFO - #False
[2024-01-17T22:24:14.088+0000] {logging_mixin.py:151} INFO - #False
[2024-01-17T22:24:14.088+0000] {logging_mixin.py:151} INFO - #False
[2024-01-17T22:24:14.089+0000] {logging_mixin.py:151} INFO - #False
[2024-01-17T22:24:14.089+0000] {logging_mixin.py:151} INFO - #False
[2024-01-17T22:24:14.089+0000] {logging_mixin.py:151} INFO - #False
[2024-01-17T22:24:14.089+0000] {logging_mixin.py:151} INFO - #False
[2024-01-17T22:24:14.090+0000] {logging_mixin.py:151} INFO - #False
[2024-01-17T22:24:14.090+0000] {logging_mixin.py:151} INFO - #False
[2024-01-17T22:24:14.090+0000] {logging_mixin.py:151} INFO - #False
[2024-01-17T22:24:14.090+0000] {logging_mixin.py:151} INFO - #False
[2024-01-17T22:24:14.090+0000] {logging_mixin.py:151} INFO - #False
[2024-01-17T22:24:14.090+0000] {logging_mixin.py:151} INFO - #False
[2024-01-17T22:24:14.090+0000] {logging_mixin.py:151} INFO - #False
[2024-01-17T22:24:14.091+0000] {logging_mixin.py:151} INFO - #False
[2024-01-17T22:24:14.091+0000] {logging_mixin.py:151} INFO - #False
[2024-01-17T22:24:14.091+0000] {logging_mixin.py:151} INFO - #False
[2024-01-17T22:24:14.091+0000] {logging_mixin.py:151} INFO - #False
[2024-01-17T22:24:14.091+0000] {logging_mixin.py:151} INFO - #False
[2024-01-17T22:24:14.091+0000] {logging_mixin.py:151} INFO - #False
[2024-01-17T22:24:14.091+0000] {logging_mixin.py:151} INFO - #False
[2024-01-17T22:24:14.091+0000] {logging_mixin.py:151} INFO - #False
[2024-01-17T22:24:14.091+0000] {logging_mixin.py:151} INFO - #False
[2024-01-17T22:24:14.091+0000] {logging_mixin.py:151} INFO - #False
[2024-01-17T22:24:14.091+0000] {logging_mixin.py:151} INFO - #False
[2024-01-17T22:24:14.092+0000] {logging_mixin.py:151} INFO - #False
[2024-01-17T22:24:14.092+0000] {logging_mixin.py:151} INFO - #False
[2024-01-17T22:24:14.092+0000] {logging_mixin.py:151} INFO - #False
[2024-01-17T22:24:14.092+0000] {logging_mixin.py:151} INFO - #False
[2024-01-17T22:24:14.092+0000] {logging_mixin.py:151} INFO - #False
[2024-01-17T22:24:14.092+0000] {logging_mixin.py:151} INFO -  submission : 
[2024-01-17T22:24:14.913+0000] {logging_mixin.py:151} INFO - #False
[2024-01-17T22:24:14.913+0000] {logging_mixin.py:151} INFO - #False
[2024-01-17T22:24:14.913+0000] {logging_mixin.py:151} INFO - #False
[2024-01-17T22:24:14.913+0000] {logging_mixin.py:151} INFO - #False
[2024-01-17T22:24:14.913+0000] {logging_mixin.py:151} INFO - #False
[2024-01-17T22:24:14.913+0000] {logging_mixin.py:151} INFO - #False
[2024-01-17T22:24:14.913+0000] {logging_mixin.py:151} INFO - #False
[2024-01-17T22:24:14.913+0000] {logging_mixin.py:151} INFO - #False
[2024-01-17T22:24:14.913+0000] {logging_mixin.py:151} INFO - #False
[2024-01-17T22:24:14.913+0000] {logging_mixin.py:151} INFO - #False
[2024-01-17T22:24:14.913+0000] {logging_mixin.py:151} INFO - #False
[2024-01-17T22:24:14.914+0000] {logging_mixin.py:151} INFO - #False
[2024-01-17T22:24:14.914+0000] {logging_mixin.py:151} INFO - #False
[2024-01-17T22:24:14.914+0000] {logging_mixin.py:151} INFO - #False
[2024-01-17T22:24:14.914+0000] {logging_mixin.py:151} INFO - #False
[2024-01-17T22:24:14.914+0000] {logging_mixin.py:151} INFO - #False
[2024-01-17T22:24:14.914+0000] {logging_mixin.py:151} INFO - #False
[2024-01-17T22:24:14.914+0000] {logging_mixin.py:151} INFO - #False
[2024-01-17T22:24:14.914+0000] {logging_mixin.py:151} INFO - #False
[2024-01-17T22:24:14.914+0000] {logging_mixin.py:151} INFO - #False
[2024-01-17T22:24:14.914+0000] {logging_mixin.py:151} INFO - #False
[2024-01-17T22:24:14.914+0000] {logging_mixin.py:151} INFO - #False
[2024-01-17T22:24:14.914+0000] {logging_mixin.py:151} INFO - #False
[2024-01-17T22:24:14.914+0000] {logging_mixin.py:151} INFO - #False
[2024-01-17T22:24:14.914+0000] {logging_mixin.py:151} INFO - #False
[2024-01-17T22:24:14.914+0000] {logging_mixin.py:151} INFO - #False
[2024-01-17T22:24:14.914+0000] {logging_mixin.py:151} INFO - #False
[2024-01-17T22:24:14.914+0000] {logging_mixin.py:151} INFO - #False
[2024-01-17T22:24:14.914+0000] {logging_mixin.py:151} INFO - #False
[2024-01-17T22:24:14.915+0000] {logging_mixin.py:151} INFO - #False
[2024-01-17T22:24:14.915+0000] {logging_mixin.py:151} INFO -  submission : 
[2024-01-17T22:24:15.528+0000] {logging_mixin.py:151} INFO - #False
[2024-01-17T22:24:15.529+0000] {logging_mixin.py:151} INFO - #False
[2024-01-17T22:24:15.529+0000] {logging_mixin.py:151} INFO - #False
[2024-01-17T22:24:15.529+0000] {logging_mixin.py:151} INFO - #False
[2024-01-17T22:24:15.529+0000] {logging_mixin.py:151} INFO - #False
[2024-01-17T22:24:15.529+0000] {logging_mixin.py:151} INFO - #False
[2024-01-17T22:24:15.529+0000] {logging_mixin.py:151} INFO - #False
[2024-01-17T22:24:15.529+0000] {logging_mixin.py:151} INFO - #False
[2024-01-17T22:24:15.529+0000] {logging_mixin.py:151} INFO - #False
[2024-01-17T22:24:15.529+0000] {logging_mixin.py:151} INFO - #False
[2024-01-17T22:24:15.529+0000] {logging_mixin.py:151} INFO - #False
[2024-01-17T22:24:15.529+0000] {logging_mixin.py:151} INFO - #False
[2024-01-17T22:24:15.529+0000] {logging_mixin.py:151} INFO - #False
[2024-01-17T22:24:15.529+0000] {logging_mixin.py:151} INFO - #False
[2024-01-17T22:24:15.529+0000] {logging_mixin.py:151} INFO - #False
[2024-01-17T22:24:15.529+0000] {logging_mixin.py:151} INFO - #False
[2024-01-17T22:24:15.529+0000] {logging_mixin.py:151} INFO - #False
[2024-01-17T22:24:15.530+0000] {logging_mixin.py:151} INFO - #False
[2024-01-17T22:24:15.530+0000] {logging_mixin.py:151} INFO - #False
[2024-01-17T22:24:15.530+0000] {logging_mixin.py:151} INFO - #False
[2024-01-17T22:24:15.530+0000] {logging_mixin.py:151} INFO - #False
[2024-01-17T22:24:15.530+0000] {logging_mixin.py:151} INFO - #False
[2024-01-17T22:24:15.530+0000] {logging_mixin.py:151} INFO - #False
[2024-01-17T22:24:15.530+0000] {logging_mixin.py:151} INFO - #False
[2024-01-17T22:24:15.530+0000] {logging_mixin.py:151} INFO - #False
[2024-01-17T22:24:15.530+0000] {logging_mixin.py:151} INFO - #False
[2024-01-17T22:24:15.530+0000] {logging_mixin.py:151} INFO - #False
[2024-01-17T22:24:15.530+0000] {logging_mixin.py:151} INFO - #False
[2024-01-17T22:24:15.530+0000] {logging_mixin.py:151} INFO - #False
[2024-01-17T22:24:15.530+0000] {logging_mixin.py:151} INFO - #False
[2024-01-17T22:24:15.530+0000] {logging_mixin.py:151} INFO -  submission : 
[2024-01-17T22:24:16.548+0000] {logging_mixin.py:151} INFO - #False
[2024-01-17T22:24:16.548+0000] {logging_mixin.py:151} INFO - #False
[2024-01-17T22:24:16.549+0000] {logging_mixin.py:151} INFO - #False
[2024-01-17T22:24:16.549+0000] {logging_mixin.py:151} INFO - #False
[2024-01-17T22:24:16.549+0000] {logging_mixin.py:151} INFO - #False
[2024-01-17T22:24:16.549+0000] {logging_mixin.py:151} INFO - #False
[2024-01-17T22:24:16.549+0000] {logging_mixin.py:151} INFO - #False
[2024-01-17T22:24:16.549+0000] {logging_mixin.py:151} INFO - #False
[2024-01-17T22:24:16.549+0000] {logging_mixin.py:151} INFO - #False
[2024-01-17T22:24:16.549+0000] {logging_mixin.py:151} INFO - #False
[2024-01-17T22:24:16.549+0000] {logging_mixin.py:151} INFO - #False
[2024-01-17T22:24:16.549+0000] {logging_mixin.py:151} INFO - #False
[2024-01-17T22:24:16.549+0000] {logging_mixin.py:151} INFO - #False
[2024-01-17T22:24:16.549+0000] {logging_mixin.py:151} INFO - #False
[2024-01-17T22:24:16.549+0000] {logging_mixin.py:151} INFO - #False
[2024-01-17T22:24:16.550+0000] {logging_mixin.py:151} INFO - #False
[2024-01-17T22:24:16.550+0000] {logging_mixin.py:151} INFO - #False
[2024-01-17T22:24:16.550+0000] {logging_mixin.py:151} INFO - #False
[2024-01-17T22:24:16.550+0000] {logging_mixin.py:151} INFO - #False
[2024-01-17T22:24:16.550+0000] {logging_mixin.py:151} INFO - #False
[2024-01-17T22:24:16.550+0000] {logging_mixin.py:151} INFO - #False
[2024-01-17T22:24:16.550+0000] {logging_mixin.py:151} INFO - #False
[2024-01-17T22:24:16.550+0000] {logging_mixin.py:151} INFO - #False
[2024-01-17T22:24:16.550+0000] {logging_mixin.py:151} INFO - #False
[2024-01-17T22:24:16.550+0000] {logging_mixin.py:151} INFO - #False
[2024-01-17T22:24:16.550+0000] {logging_mixin.py:151} INFO - #False
[2024-01-17T22:24:16.550+0000] {logging_mixin.py:151} INFO - #False
[2024-01-17T22:24:16.550+0000] {logging_mixin.py:151} INFO - #False
[2024-01-17T22:24:16.550+0000] {logging_mixin.py:151} INFO - #False
[2024-01-17T22:24:16.550+0000] {logging_mixin.py:151} INFO - #False
[2024-01-17T22:24:16.550+0000] {logging_mixin.py:151} INFO -  submission : 
[2024-01-17T22:24:17.376+0000] {logging_mixin.py:151} INFO - #False
[2024-01-17T22:24:17.376+0000] {logging_mixin.py:151} INFO - #False
[2024-01-17T22:24:17.376+0000] {logging_mixin.py:151} INFO - #False
[2024-01-17T22:24:17.376+0000] {logging_mixin.py:151} INFO - #False
[2024-01-17T22:24:17.376+0000] {logging_mixin.py:151} INFO - #False
[2024-01-17T22:24:17.376+0000] {logging_mixin.py:151} INFO - #False
[2024-01-17T22:24:17.376+0000] {logging_mixin.py:151} INFO - #False
[2024-01-17T22:24:17.376+0000] {logging_mixin.py:151} INFO - #False
[2024-01-17T22:24:17.376+0000] {logging_mixin.py:151} INFO - #False
[2024-01-17T22:24:17.376+0000] {logging_mixin.py:151} INFO - #False
[2024-01-17T22:24:17.376+0000] {logging_mixin.py:151} INFO - #False
[2024-01-17T22:24:17.376+0000] {logging_mixin.py:151} INFO - #False
[2024-01-17T22:24:17.377+0000] {logging_mixin.py:151} INFO - #False
[2024-01-17T22:24:17.377+0000] {logging_mixin.py:151} INFO - #False
[2024-01-17T22:24:17.377+0000] {logging_mixin.py:151} INFO - #False
[2024-01-17T22:24:17.377+0000] {logging_mixin.py:151} INFO - #False
[2024-01-17T22:24:17.377+0000] {logging_mixin.py:151} INFO - #False
[2024-01-17T22:24:17.377+0000] {logging_mixin.py:151} INFO - #False
[2024-01-17T22:24:17.377+0000] {logging_mixin.py:151} INFO - #False
[2024-01-17T22:24:17.377+0000] {logging_mixin.py:151} INFO - #False
[2024-01-17T22:24:17.377+0000] {logging_mixin.py:151} INFO - #False
[2024-01-17T22:24:17.377+0000] {logging_mixin.py:151} INFO - #False
[2024-01-17T22:24:17.377+0000] {logging_mixin.py:151} INFO - #False
[2024-01-17T22:24:17.377+0000] {logging_mixin.py:151} INFO - #False
[2024-01-17T22:24:17.377+0000] {logging_mixin.py:151} INFO - #False
[2024-01-17T22:24:17.377+0000] {logging_mixin.py:151} INFO - #False
[2024-01-17T22:24:17.377+0000] {logging_mixin.py:151} INFO - #False
[2024-01-17T22:24:17.377+0000] {logging_mixin.py:151} INFO - #False
[2024-01-17T22:24:17.377+0000] {logging_mixin.py:151} INFO - #False
[2024-01-17T22:24:17.377+0000] {logging_mixin.py:151} INFO - #False
[2024-01-17T22:24:17.378+0000] {logging_mixin.py:151} INFO -  submission : 
[2024-01-17T22:24:18.188+0000] {logging_mixin.py:151} INFO - @True
[2024-01-17T22:24:18.190+0000] {conn.py:380} INFO - <BrokerConnection node_id=bootstrap-0 host=broker:29092 <connecting> [IPv4 ('192.168.224.8', 29092)]>: connecting to broker:29092 [('192.168.224.8', 29092) IPv4]
[2024-01-17T22:24:18.191+0000] {conn.py:1205} INFO - Probing node bootstrap-0 broker version
[2024-01-17T22:24:18.191+0000] {conn.py:410} INFO - <BrokerConnection node_id=bootstrap-0 host=broker:29092 <connecting> [IPv4 ('192.168.224.8', 29092)]>: Connection complete.
[2024-01-17T22:24:18.295+0000] {conn.py:1267} INFO - Broker version identified as 2.5.0
[2024-01-17T22:24:18.295+0000] {conn.py:1268} INFO - Set configuration api_version=(2, 5, 0) to skip auto check_version requests on startup
[2024-01-17T22:24:18.302+0000] {logging_mixin.py:151} INFO - #False
[2024-01-17T22:24:18.302+0000] {logging_mixin.py:151} INFO - #False
[2024-01-17T22:24:18.303+0000] {logging_mixin.py:151} INFO - #False
[2024-01-17T22:24:18.303+0000] {logging_mixin.py:151} INFO - #False
[2024-01-17T22:24:18.303+0000] {logging_mixin.py:151} INFO - #False
[2024-01-17T22:24:18.303+0000] {logging_mixin.py:151} INFO - #False
[2024-01-17T22:24:18.303+0000] {logging_mixin.py:151} INFO - #False
[2024-01-17T22:24:18.303+0000] {logging_mixin.py:151} INFO - #False
[2024-01-17T22:24:18.303+0000] {logging_mixin.py:151} INFO - #False
[2024-01-17T22:24:18.304+0000] {logging_mixin.py:151} INFO - #False
[2024-01-17T22:24:18.304+0000] {logging_mixin.py:151} INFO - #False
[2024-01-17T22:24:18.304+0000] {logging_mixin.py:151} INFO - #False
[2024-01-17T22:24:18.304+0000] {logging_mixin.py:151} INFO - #False
[2024-01-17T22:24:18.304+0000] {logging_mixin.py:151} INFO - #False
[2024-01-17T22:24:18.304+0000] {logging_mixin.py:151} INFO - #False
[2024-01-17T22:24:18.304+0000] {logging_mixin.py:151} INFO - #False
[2024-01-17T22:24:18.305+0000] {logging_mixin.py:151} INFO - #False
[2024-01-17T22:24:18.305+0000] {logging_mixin.py:151} INFO - #False
[2024-01-17T22:24:18.305+0000] {logging_mixin.py:151} INFO - #False
[2024-01-17T22:24:18.305+0000] {logging_mixin.py:151} INFO - #False
[2024-01-17T22:24:18.305+0000] {logging_mixin.py:151} INFO - #False
[2024-01-17T22:24:18.305+0000] {logging_mixin.py:151} INFO - #False
[2024-01-17T22:24:18.305+0000] {logging_mixin.py:151} INFO - #False
[2024-01-17T22:24:18.306+0000] {logging_mixin.py:151} INFO - #False
[2024-01-17T22:24:18.306+0000] {logging_mixin.py:151} INFO - #False
[2024-01-17T22:24:18.306+0000] {logging_mixin.py:151} INFO - #False
[2024-01-17T22:24:18.306+0000] {logging_mixin.py:151} INFO - #False
[2024-01-17T22:24:18.306+0000] {logging_mixin.py:151} INFO - #False
[2024-01-17T22:24:18.306+0000] {logging_mixin.py:151} INFO - #False
[2024-01-17T22:24:18.306+0000] {logging_mixin.py:151} INFO -  submission : 
[2024-01-17T22:24:18.309+0000] {conn.py:380} INFO - <BrokerConnection node_id=1 host=broker:29092 <connecting> [IPv4 ('192.168.224.8', 29092)]>: connecting to broker:29092 [('192.168.224.8', 29092) IPv4]
[2024-01-17T22:24:18.310+0000] {conn.py:410} INFO - <BrokerConnection node_id=1 host=broker:29092 <connecting> [IPv4 ('192.168.224.8', 29092)]>: Connection complete.
[2024-01-17T22:24:18.310+0000] {conn.py:919} INFO - <BrokerConnection node_id=bootstrap-0 host=broker:29092 <connected> [IPv4 ('192.168.224.8', 29092)]>: Closing connection. 
[2024-01-17T22:24:19.124+0000] {logging_mixin.py:151} INFO - @True
[2024-01-17T22:24:19.125+0000] {conn.py:380} INFO - <BrokerConnection node_id=bootstrap-0 host=broker:29092 <connecting> [IPv4 ('192.168.224.8', 29092)]>: connecting to broker:29092 [('192.168.224.8', 29092) IPv4]
[2024-01-17T22:24:19.126+0000] {conn.py:1205} INFO - Probing node bootstrap-0 broker version
[2024-01-17T22:24:19.126+0000] {conn.py:410} INFO - <BrokerConnection node_id=bootstrap-0 host=broker:29092 <connecting> [IPv4 ('192.168.224.8', 29092)]>: Connection complete.
[2024-01-17T22:24:19.229+0000] {conn.py:1267} INFO - Broker version identified as 2.5.0
[2024-01-17T22:24:19.229+0000] {conn.py:1268} INFO - Set configuration api_version=(2, 5, 0) to skip auto check_version requests on startup
[2024-01-17T22:24:19.231+0000] {conn.py:919} INFO - <BrokerConnection node_id=1 host=broker:29092 <connected> [IPv4 ('192.168.224.8', 29092)]>: Closing connection. 
[2024-01-17T22:24:19.235+0000] {logging_mixin.py:151} INFO - #False
[2024-01-17T22:24:19.235+0000] {logging_mixin.py:151} INFO - #False
[2024-01-17T22:24:19.236+0000] {logging_mixin.py:151} INFO - #False
[2024-01-17T22:24:19.236+0000] {logging_mixin.py:151} INFO - #False
[2024-01-17T22:24:19.236+0000] {logging_mixin.py:151} INFO - #False
[2024-01-17T22:24:19.236+0000] {logging_mixin.py:151} INFO - #False
[2024-01-17T22:24:19.236+0000] {logging_mixin.py:151} INFO - #False
[2024-01-17T22:24:19.236+0000] {logging_mixin.py:151} INFO - #False
[2024-01-17T22:24:19.236+0000] {logging_mixin.py:151} INFO - #False
[2024-01-17T22:24:19.237+0000] {logging_mixin.py:151} INFO - #False
[2024-01-17T22:24:19.237+0000] {logging_mixin.py:151} INFO - #False
[2024-01-17T22:24:19.237+0000] {logging_mixin.py:151} INFO - #False
[2024-01-17T22:24:19.237+0000] {logging_mixin.py:151} INFO - #False
[2024-01-17T22:24:19.237+0000] {logging_mixin.py:151} INFO - #False
[2024-01-17T22:24:19.237+0000] {logging_mixin.py:151} INFO - #False
[2024-01-17T22:24:19.237+0000] {logging_mixin.py:151} INFO - #False
[2024-01-17T22:24:19.237+0000] {logging_mixin.py:151} INFO - #False
[2024-01-17T22:24:19.237+0000] {logging_mixin.py:151} INFO - #False
[2024-01-17T22:24:19.238+0000] {logging_mixin.py:151} INFO - #False
[2024-01-17T22:24:19.238+0000] {logging_mixin.py:151} INFO - #False
[2024-01-17T22:24:19.238+0000] {logging_mixin.py:151} INFO - #False
[2024-01-17T22:24:19.238+0000] {logging_mixin.py:151} INFO - #False
[2024-01-17T22:24:19.238+0000] {logging_mixin.py:151} INFO - #False
[2024-01-17T22:24:19.239+0000] {logging_mixin.py:151} INFO - #False
[2024-01-17T22:24:19.239+0000] {logging_mixin.py:151} INFO - #False
[2024-01-17T22:24:19.239+0000] {logging_mixin.py:151} INFO - #False
[2024-01-17T22:24:19.239+0000] {logging_mixin.py:151} INFO - #False
[2024-01-17T22:24:19.239+0000] {logging_mixin.py:151} INFO - #False
[2024-01-17T22:24:19.239+0000] {logging_mixin.py:151} INFO - #False
[2024-01-17T22:24:19.239+0000] {logging_mixin.py:151} INFO -  submission : 
[2024-01-17T22:24:19.240+0000] {conn.py:380} INFO - <BrokerConnection node_id=1 host=broker:29092 <connecting> [IPv4 ('192.168.224.8', 29092)]>: connecting to broker:29092 [('192.168.224.8', 29092) IPv4]
[2024-01-17T22:24:19.240+0000] {conn.py:410} INFO - <BrokerConnection node_id=1 host=broker:29092 <connecting> [IPv4 ('192.168.224.8', 29092)]>: Connection complete.
[2024-01-17T22:24:19.240+0000] {conn.py:919} INFO - <BrokerConnection node_id=bootstrap-0 host=broker:29092 <connected> [IPv4 ('192.168.224.8', 29092)]>: Closing connection. 
[2024-01-17T22:24:20.120+0000] {logging_mixin.py:151} INFO - #False
[2024-01-17T22:24:20.121+0000] {logging_mixin.py:151} INFO - #False
[2024-01-17T22:24:20.121+0000] {logging_mixin.py:151} INFO - #False
[2024-01-17T22:24:20.121+0000] {logging_mixin.py:151} INFO - #False
[2024-01-17T22:24:20.121+0000] {logging_mixin.py:151} INFO - #False
[2024-01-17T22:24:20.121+0000] {logging_mixin.py:151} INFO - #False
[2024-01-17T22:24:20.121+0000] {logging_mixin.py:151} INFO - #False
[2024-01-17T22:24:20.121+0000] {logging_mixin.py:151} INFO - #False
[2024-01-17T22:24:20.121+0000] {logging_mixin.py:151} INFO - #False
[2024-01-17T22:24:20.121+0000] {logging_mixin.py:151} INFO - #False
[2024-01-17T22:24:20.121+0000] {logging_mixin.py:151} INFO - #False
[2024-01-17T22:24:20.121+0000] {logging_mixin.py:151} INFO - #False
[2024-01-17T22:24:20.121+0000] {logging_mixin.py:151} INFO - #False
[2024-01-17T22:24:20.122+0000] {logging_mixin.py:151} INFO - #False
[2024-01-17T22:24:20.122+0000] {logging_mixin.py:151} INFO - #False
[2024-01-17T22:24:20.122+0000] {logging_mixin.py:151} INFO - #False
[2024-01-17T22:24:20.122+0000] {logging_mixin.py:151} INFO - #False
[2024-01-17T22:24:20.122+0000] {logging_mixin.py:151} INFO - #False
[2024-01-17T22:24:20.122+0000] {logging_mixin.py:151} INFO - #False
[2024-01-17T22:24:20.122+0000] {logging_mixin.py:151} INFO - #False
[2024-01-17T22:24:20.122+0000] {logging_mixin.py:151} INFO - #False
[2024-01-17T22:24:20.122+0000] {logging_mixin.py:151} INFO - #False
[2024-01-17T22:24:20.122+0000] {logging_mixin.py:151} INFO - #False
[2024-01-17T22:24:20.122+0000] {logging_mixin.py:151} INFO - #False
[2024-01-17T22:24:20.123+0000] {logging_mixin.py:151} INFO - #False
[2024-01-17T22:24:20.123+0000] {logging_mixin.py:151} INFO - #False
[2024-01-17T22:24:20.123+0000] {logging_mixin.py:151} INFO - #False
[2024-01-17T22:24:20.123+0000] {logging_mixin.py:151} INFO - #False
[2024-01-17T22:24:20.123+0000] {logging_mixin.py:151} INFO - #False
[2024-01-17T22:24:20.123+0000] {logging_mixin.py:151} INFO - #False
[2024-01-17T22:24:20.123+0000] {conn.py:919} INFO - <BrokerConnection node_id=1 host=broker:29092 <connected> [IPv4 ('192.168.224.8', 29092)]>: Closing connection. 
[2024-01-17T22:24:20.124+0000] {python.py:194} INFO - Done. Returned value was: None
[2024-01-17T22:24:20.139+0000] {taskinstance.py:1400} INFO - Marking task as SUCCESS. dag_id=Stream__2, task_id=Reddit, execution_date=20240117T222207, start_date=20240117T222412, end_date=20240117T222420
[2024-01-17T22:24:20.182+0000] {local_task_job_runner.py:228} INFO - Task exited with return code 0
[2024-01-17T22:24:20.198+0000] {taskinstance.py:2784} INFO - 0 downstream tasks scheduled from follow-on schedule check
