[2024-01-20T04:16:15.413+0000] {taskinstance.py:1159} INFO - Dependencies all met for dep_context=non-requeueable deps ti=<TaskInstance: Kafka_Producer_2.Reddit scheduled__2024-01-20T04:13:51.618282+00:00 [queued]>
[2024-01-20T04:16:15.419+0000] {taskinstance.py:1159} INFO - Dependencies all met for dep_context=requeueable deps ti=<TaskInstance: Kafka_Producer_2.Reddit scheduled__2024-01-20T04:13:51.618282+00:00 [queued]>
[2024-01-20T04:16:15.419+0000] {taskinstance.py:1361} INFO - Starting attempt 1 of 1
[2024-01-20T04:16:15.431+0000] {taskinstance.py:1382} INFO - Executing <Task(PythonOperator): Reddit> on 2024-01-20 04:13:51.618282+00:00
[2024-01-20T04:16:15.433+0000] {standard_task_runner.py:57} INFO - Started process 4040 to run task
[2024-01-20T04:16:15.435+0000] {standard_task_runner.py:84} INFO - Running: ['***', 'tasks', 'run', 'Kafka_Producer_2', 'Reddit', 'scheduled__2024-01-20T04:13:51.618282+00:00', '--job-id', '64', '--raw', '--subdir', 'DAGS_FOLDER/kafka_stream_2.py', '--cfg-path', '/tmp/tmp76r0lxc7']
[2024-01-20T04:16:15.436+0000] {standard_task_runner.py:85} INFO - Job 64: Subtask Reddit
[2024-01-20T04:16:15.472+0000] {task_command.py:415} INFO - Running <TaskInstance: Kafka_Producer_2.Reddit scheduled__2024-01-20T04:13:51.618282+00:00 [running]> on host 45c5bfab8aa1
[2024-01-20T04:16:15.532+0000] {taskinstance.py:1660} INFO - Exporting env vars: AIRFLOW_CTX_DAG_OWNER='me' AIRFLOW_CTX_DAG_ID='Kafka_Producer_2' AIRFLOW_CTX_TASK_ID='Reddit' AIRFLOW_CTX_EXECUTION_DATE='2024-01-20T04:13:51.618282+00:00' AIRFLOW_CTX_TRY_NUMBER='1' AIRFLOW_CTX_DAG_RUN_ID='scheduled__2024-01-20T04:13:51.618282+00:00'
[2024-01-20T04:16:15.562+0000] {logging_mixin.py:151} INFO -  submission : 
[2024-01-20T04:16:16.396+0000] {logging_mixin.py:151} INFO - #False
[2024-01-20T04:16:16.397+0000] {logging_mixin.py:151} INFO - #False
[2024-01-20T04:16:16.397+0000] {logging_mixin.py:151} INFO - #False
[2024-01-20T04:16:16.398+0000] {logging_mixin.py:151} INFO - #False
[2024-01-20T04:16:16.398+0000] {logging_mixin.py:151} INFO - #False
[2024-01-20T04:16:16.399+0000] {logging_mixin.py:151} INFO - #False
[2024-01-20T04:16:16.399+0000] {logging_mixin.py:151} INFO - #False
[2024-01-20T04:16:16.400+0000] {logging_mixin.py:151} INFO - #False
[2024-01-20T04:16:16.401+0000] {logging_mixin.py:151} INFO - #False
[2024-01-20T04:16:16.402+0000] {logging_mixin.py:151} INFO - #False
[2024-01-20T04:16:16.403+0000] {logging_mixin.py:151} INFO - #False
[2024-01-20T04:16:16.403+0000] {logging_mixin.py:151} INFO - #False
[2024-01-20T04:16:16.403+0000] {logging_mixin.py:151} INFO - #False
[2024-01-20T04:16:16.403+0000] {logging_mixin.py:151} INFO - #False
[2024-01-20T04:16:16.404+0000] {logging_mixin.py:151} INFO - #False
[2024-01-20T04:16:16.405+0000] {logging_mixin.py:151} INFO - #False
[2024-01-20T04:16:16.405+0000] {logging_mixin.py:151} INFO - #False
[2024-01-20T04:16:16.405+0000] {logging_mixin.py:151} INFO - #False
[2024-01-20T04:16:16.406+0000] {logging_mixin.py:151} INFO - #False
[2024-01-20T04:16:16.407+0000] {logging_mixin.py:151} INFO - #False
[2024-01-20T04:16:16.407+0000] {logging_mixin.py:151} INFO - #False
[2024-01-20T04:16:16.407+0000] {logging_mixin.py:151} INFO - #False
[2024-01-20T04:16:16.408+0000] {logging_mixin.py:151} INFO - #False
[2024-01-20T04:16:16.408+0000] {logging_mixin.py:151} INFO - #False
[2024-01-20T04:16:16.408+0000] {logging_mixin.py:151} INFO - #False
[2024-01-20T04:16:16.408+0000] {logging_mixin.py:151} INFO - #False
[2024-01-20T04:16:16.409+0000] {logging_mixin.py:151} INFO - #False
[2024-01-20T04:16:16.410+0000] {logging_mixin.py:151} INFO - #False
[2024-01-20T04:16:16.410+0000] {logging_mixin.py:151} INFO - #False
[2024-01-20T04:16:16.410+0000] {logging_mixin.py:151} INFO - #False
[2024-01-20T04:16:16.411+0000] {logging_mixin.py:151} INFO -  submission : 
[2024-01-20T04:16:16.945+0000] {logging_mixin.py:151} INFO - #False
[2024-01-20T04:16:16.945+0000] {logging_mixin.py:151} INFO - #False
[2024-01-20T04:16:16.946+0000] {logging_mixin.py:151} INFO - #False
[2024-01-20T04:16:16.946+0000] {logging_mixin.py:151} INFO - #False
[2024-01-20T04:16:16.949+0000] {logging_mixin.py:151} INFO - #False
[2024-01-20T04:16:16.949+0000] {logging_mixin.py:151} INFO - #False
[2024-01-20T04:16:16.949+0000] {logging_mixin.py:151} INFO - #False
[2024-01-20T04:16:16.950+0000] {logging_mixin.py:151} INFO - #False
[2024-01-20T04:16:16.950+0000] {logging_mixin.py:151} INFO - #False
[2024-01-20T04:16:16.950+0000] {logging_mixin.py:151} INFO - #False
[2024-01-20T04:16:16.951+0000] {logging_mixin.py:151} INFO - #False
[2024-01-20T04:16:16.951+0000] {logging_mixin.py:151} INFO - #False
[2024-01-20T04:16:16.951+0000] {logging_mixin.py:151} INFO - #False
[2024-01-20T04:16:16.952+0000] {logging_mixin.py:151} INFO - #False
[2024-01-20T04:16:16.956+0000] {logging_mixin.py:151} INFO - #False
[2024-01-20T04:16:16.956+0000] {logging_mixin.py:151} INFO - #False
[2024-01-20T04:16:16.961+0000] {logging_mixin.py:151} INFO - #False
[2024-01-20T04:16:16.962+0000] {logging_mixin.py:151} INFO - #False
[2024-01-20T04:16:16.969+0000] {logging_mixin.py:151} INFO - #False
[2024-01-20T04:16:16.970+0000] {logging_mixin.py:151} INFO - #False
[2024-01-20T04:16:16.980+0000] {logging_mixin.py:151} INFO - #False
[2024-01-20T04:16:16.984+0000] {logging_mixin.py:151} INFO - #False
[2024-01-20T04:16:16.984+0000] {logging_mixin.py:151} INFO - #False
[2024-01-20T04:16:16.985+0000] {logging_mixin.py:151} INFO - #False
[2024-01-20T04:16:16.985+0000] {logging_mixin.py:151} INFO - #False
[2024-01-20T04:16:16.986+0000] {logging_mixin.py:151} INFO - #False
[2024-01-20T04:16:16.986+0000] {logging_mixin.py:151} INFO - #False
[2024-01-20T04:16:16.986+0000] {logging_mixin.py:151} INFO - #False
[2024-01-20T04:16:16.987+0000] {logging_mixin.py:151} INFO - #False
[2024-01-20T04:16:16.987+0000] {logging_mixin.py:151} INFO - #False
[2024-01-20T04:16:16.987+0000] {logging_mixin.py:151} INFO -  submission : 
[2024-01-20T04:16:17.482+0000] {logging_mixin.py:151} INFO - #False
[2024-01-20T04:16:17.483+0000] {logging_mixin.py:151} INFO - #False
[2024-01-20T04:16:17.484+0000] {logging_mixin.py:151} INFO - #False
[2024-01-20T04:16:17.484+0000] {logging_mixin.py:151} INFO - #False
[2024-01-20T04:16:17.485+0000] {logging_mixin.py:151} INFO - #False
[2024-01-20T04:16:17.485+0000] {logging_mixin.py:151} INFO - #False
[2024-01-20T04:16:17.486+0000] {logging_mixin.py:151} INFO - #False
[2024-01-20T04:16:17.486+0000] {logging_mixin.py:151} INFO - #False
[2024-01-20T04:16:17.487+0000] {logging_mixin.py:151} INFO - #False
[2024-01-20T04:16:17.487+0000] {logging_mixin.py:151} INFO - #False
[2024-01-20T04:16:17.487+0000] {logging_mixin.py:151} INFO - #False
[2024-01-20T04:16:17.488+0000] {logging_mixin.py:151} INFO - #False
[2024-01-20T04:16:17.488+0000] {logging_mixin.py:151} INFO - #False
[2024-01-20T04:16:17.489+0000] {logging_mixin.py:151} INFO - #False
[2024-01-20T04:16:17.489+0000] {logging_mixin.py:151} INFO - #False
[2024-01-20T04:16:17.489+0000] {logging_mixin.py:151} INFO - #False
[2024-01-20T04:16:17.490+0000] {logging_mixin.py:151} INFO - #False
[2024-01-20T04:16:17.490+0000] {logging_mixin.py:151} INFO - #False
[2024-01-20T04:16:17.490+0000] {logging_mixin.py:151} INFO - #False
[2024-01-20T04:16:17.491+0000] {logging_mixin.py:151} INFO - #False
[2024-01-20T04:16:17.491+0000] {logging_mixin.py:151} INFO - #False
[2024-01-20T04:16:17.491+0000] {logging_mixin.py:151} INFO - #False
[2024-01-20T04:16:17.492+0000] {logging_mixin.py:151} INFO - #False
[2024-01-20T04:16:17.492+0000] {logging_mixin.py:151} INFO - #False
[2024-01-20T04:16:17.492+0000] {logging_mixin.py:151} INFO - #False
[2024-01-20T04:16:17.493+0000] {logging_mixin.py:151} INFO - #False
[2024-01-20T04:16:17.493+0000] {logging_mixin.py:151} INFO - #False
[2024-01-20T04:16:17.493+0000] {logging_mixin.py:151} INFO - #False
[2024-01-20T04:16:17.494+0000] {logging_mixin.py:151} INFO - #False
[2024-01-20T04:16:17.494+0000] {logging_mixin.py:151} INFO - #False
[2024-01-20T04:16:17.494+0000] {logging_mixin.py:151} INFO -  submission : 
[2024-01-20T04:16:17.976+0000] {logging_mixin.py:151} INFO - #False
[2024-01-20T04:16:17.977+0000] {logging_mixin.py:151} INFO - #False
[2024-01-20T04:16:17.977+0000] {logging_mixin.py:151} INFO - #False
[2024-01-20T04:16:17.982+0000] {logging_mixin.py:151} INFO - #False
[2024-01-20T04:16:17.982+0000] {logging_mixin.py:151} INFO - #False
[2024-01-20T04:16:17.983+0000] {logging_mixin.py:151} INFO - #False
[2024-01-20T04:16:17.983+0000] {logging_mixin.py:151} INFO - #False
[2024-01-20T04:16:17.983+0000] {logging_mixin.py:151} INFO - #False
[2024-01-20T04:16:17.983+0000] {logging_mixin.py:151} INFO - #False
[2024-01-20T04:16:17.985+0000] {logging_mixin.py:151} INFO - #False
[2024-01-20T04:16:17.986+0000] {logging_mixin.py:151} INFO - #False
[2024-01-20T04:16:17.986+0000] {logging_mixin.py:151} INFO - #False
[2024-01-20T04:16:17.986+0000] {logging_mixin.py:151} INFO - #False
[2024-01-20T04:16:17.987+0000] {logging_mixin.py:151} INFO - #False
[2024-01-20T04:16:17.987+0000] {logging_mixin.py:151} INFO - #False
[2024-01-20T04:16:17.987+0000] {logging_mixin.py:151} INFO - #False
[2024-01-20T04:16:17.988+0000] {logging_mixin.py:151} INFO - #False
[2024-01-20T04:16:17.988+0000] {logging_mixin.py:151} INFO - #False
[2024-01-20T04:16:17.988+0000] {logging_mixin.py:151} INFO - #False
[2024-01-20T04:16:17.988+0000] {logging_mixin.py:151} INFO - #False
[2024-01-20T04:16:17.989+0000] {logging_mixin.py:151} INFO - #False
[2024-01-20T04:16:17.989+0000] {logging_mixin.py:151} INFO - #False
[2024-01-20T04:16:17.989+0000] {logging_mixin.py:151} INFO - #False
[2024-01-20T04:16:17.990+0000] {logging_mixin.py:151} INFO - #False
[2024-01-20T04:16:17.990+0000] {logging_mixin.py:151} INFO - #False
[2024-01-20T04:16:17.990+0000] {logging_mixin.py:151} INFO - #False
[2024-01-20T04:16:17.991+0000] {logging_mixin.py:151} INFO - #False
[2024-01-20T04:16:17.992+0000] {logging_mixin.py:151} INFO - #False
[2024-01-20T04:16:17.992+0000] {logging_mixin.py:151} INFO - #False
[2024-01-20T04:16:17.993+0000] {logging_mixin.py:151} INFO - #False
[2024-01-20T04:16:17.993+0000] {logging_mixin.py:151} INFO -  submission : 
[2024-01-20T04:16:18.563+0000] {logging_mixin.py:151} INFO - #False
[2024-01-20T04:16:18.563+0000] {logging_mixin.py:151} INFO - #False
[2024-01-20T04:16:18.564+0000] {logging_mixin.py:151} INFO - #False
[2024-01-20T04:16:18.564+0000] {logging_mixin.py:151} INFO - #False
[2024-01-20T04:16:18.564+0000] {logging_mixin.py:151} INFO - #False
[2024-01-20T04:16:18.564+0000] {logging_mixin.py:151} INFO - #False
[2024-01-20T04:16:18.565+0000] {logging_mixin.py:151} INFO - #False
[2024-01-20T04:16:18.565+0000] {logging_mixin.py:151} INFO - #False
[2024-01-20T04:16:18.565+0000] {logging_mixin.py:151} INFO - #False
[2024-01-20T04:16:18.565+0000] {logging_mixin.py:151} INFO - #False
[2024-01-20T04:16:18.566+0000] {logging_mixin.py:151} INFO - #False
[2024-01-20T04:16:18.566+0000] {logging_mixin.py:151} INFO - #False
[2024-01-20T04:16:18.566+0000] {logging_mixin.py:151} INFO - #False
[2024-01-20T04:16:18.566+0000] {logging_mixin.py:151} INFO - #False
[2024-01-20T04:16:18.567+0000] {logging_mixin.py:151} INFO - #False
[2024-01-20T04:16:18.567+0000] {logging_mixin.py:151} INFO - #False
[2024-01-20T04:16:18.567+0000] {logging_mixin.py:151} INFO - #False
[2024-01-20T04:16:18.567+0000] {logging_mixin.py:151} INFO - #False
[2024-01-20T04:16:18.568+0000] {logging_mixin.py:151} INFO - #False
[2024-01-20T04:16:18.568+0000] {logging_mixin.py:151} INFO - #False
[2024-01-20T04:16:18.568+0000] {logging_mixin.py:151} INFO - #False
[2024-01-20T04:16:18.568+0000] {logging_mixin.py:151} INFO - #False
[2024-01-20T04:16:18.568+0000] {logging_mixin.py:151} INFO - #False
[2024-01-20T04:16:18.569+0000] {logging_mixin.py:151} INFO - #False
[2024-01-20T04:16:18.569+0000] {logging_mixin.py:151} INFO - #False
[2024-01-20T04:16:18.569+0000] {logging_mixin.py:151} INFO - #False
[2024-01-20T04:16:18.569+0000] {logging_mixin.py:151} INFO - #False
[2024-01-20T04:16:18.570+0000] {logging_mixin.py:151} INFO - #False
[2024-01-20T04:16:18.570+0000] {logging_mixin.py:151} INFO - #False
[2024-01-20T04:16:18.570+0000] {logging_mixin.py:151} INFO - #False
[2024-01-20T04:16:18.570+0000] {logging_mixin.py:151} INFO -  submission : 
[2024-01-20T04:16:19.118+0000] {logging_mixin.py:151} INFO - #False
[2024-01-20T04:16:19.118+0000] {logging_mixin.py:151} INFO - #False
[2024-01-20T04:16:19.119+0000] {logging_mixin.py:151} INFO - #False
[2024-01-20T04:16:19.119+0000] {logging_mixin.py:151} INFO - #False
[2024-01-20T04:16:19.119+0000] {logging_mixin.py:151} INFO - #False
[2024-01-20T04:16:19.120+0000] {logging_mixin.py:151} INFO - #False
[2024-01-20T04:16:19.120+0000] {logging_mixin.py:151} INFO - #False
[2024-01-20T04:16:19.120+0000] {logging_mixin.py:151} INFO - #False
[2024-01-20T04:16:19.120+0000] {logging_mixin.py:151} INFO - #False
[2024-01-20T04:16:19.121+0000] {logging_mixin.py:151} INFO - #False
[2024-01-20T04:16:19.121+0000] {logging_mixin.py:151} INFO - #False
[2024-01-20T04:16:19.122+0000] {logging_mixin.py:151} INFO - #False
[2024-01-20T04:16:19.122+0000] {logging_mixin.py:151} INFO - #False
[2024-01-20T04:16:19.122+0000] {logging_mixin.py:151} INFO - #False
[2024-01-20T04:16:19.123+0000] {logging_mixin.py:151} INFO - #False
[2024-01-20T04:16:19.123+0000] {logging_mixin.py:151} INFO - #False
[2024-01-20T04:16:19.123+0000] {logging_mixin.py:151} INFO - #False
[2024-01-20T04:16:19.124+0000] {logging_mixin.py:151} INFO - #False
[2024-01-20T04:16:19.124+0000] {logging_mixin.py:151} INFO - #False
[2024-01-20T04:16:19.124+0000] {logging_mixin.py:151} INFO - #False
[2024-01-20T04:16:19.124+0000] {logging_mixin.py:151} INFO - #False
[2024-01-20T04:16:19.125+0000] {logging_mixin.py:151} INFO - #False
[2024-01-20T04:16:19.125+0000] {logging_mixin.py:151} INFO - #False
[2024-01-20T04:16:19.125+0000] {logging_mixin.py:151} INFO - #False
[2024-01-20T04:16:19.126+0000] {logging_mixin.py:151} INFO - #False
[2024-01-20T04:16:19.126+0000] {logging_mixin.py:151} INFO - #False
[2024-01-20T04:16:19.126+0000] {logging_mixin.py:151} INFO - #False
[2024-01-20T04:16:19.127+0000] {logging_mixin.py:151} INFO - #False
[2024-01-20T04:16:19.127+0000] {logging_mixin.py:151} INFO - #False
[2024-01-20T04:16:19.127+0000] {logging_mixin.py:151} INFO - #False
[2024-01-20T04:16:19.128+0000] {logging_mixin.py:151} INFO -  submission : 
[2024-01-20T04:16:19.780+0000] {logging_mixin.py:151} INFO - #False
[2024-01-20T04:16:19.781+0000] {logging_mixin.py:151} INFO - #False
[2024-01-20T04:16:19.782+0000] {logging_mixin.py:151} INFO - #False
[2024-01-20T04:16:19.782+0000] {logging_mixin.py:151} INFO - #False
[2024-01-20T04:16:19.782+0000] {logging_mixin.py:151} INFO - #False
[2024-01-20T04:16:19.783+0000] {logging_mixin.py:151} INFO - #False
[2024-01-20T04:16:19.783+0000] {logging_mixin.py:151} INFO - #False
[2024-01-20T04:16:19.784+0000] {logging_mixin.py:151} INFO - #False
[2024-01-20T04:16:19.784+0000] {logging_mixin.py:151} INFO - #False
[2024-01-20T04:16:19.784+0000] {logging_mixin.py:151} INFO - #False
[2024-01-20T04:16:19.784+0000] {logging_mixin.py:151} INFO - #False
[2024-01-20T04:16:19.785+0000] {logging_mixin.py:151} INFO - #False
[2024-01-20T04:16:19.785+0000] {logging_mixin.py:151} INFO - #False
[2024-01-20T04:16:19.785+0000] {logging_mixin.py:151} INFO - #False
[2024-01-20T04:16:19.786+0000] {logging_mixin.py:151} INFO - #False
[2024-01-20T04:16:19.786+0000] {logging_mixin.py:151} INFO - #False
[2024-01-20T04:16:19.787+0000] {logging_mixin.py:151} INFO - #False
[2024-01-20T04:16:19.787+0000] {logging_mixin.py:151} INFO - #False
[2024-01-20T04:16:19.787+0000] {logging_mixin.py:151} INFO - #False
[2024-01-20T04:16:19.788+0000] {logging_mixin.py:151} INFO - #False
[2024-01-20T04:16:19.789+0000] {logging_mixin.py:151} INFO - #False
[2024-01-20T04:16:19.789+0000] {logging_mixin.py:151} INFO - #False
[2024-01-20T04:16:19.789+0000] {logging_mixin.py:151} INFO - #False
[2024-01-20T04:16:19.790+0000] {logging_mixin.py:151} INFO - #False
[2024-01-20T04:16:19.790+0000] {logging_mixin.py:151} INFO - #False
[2024-01-20T04:16:19.790+0000] {logging_mixin.py:151} INFO - #False
[2024-01-20T04:16:19.790+0000] {logging_mixin.py:151} INFO - #False
[2024-01-20T04:16:19.790+0000] {logging_mixin.py:151} INFO - #False
[2024-01-20T04:16:19.791+0000] {logging_mixin.py:151} INFO - #False
[2024-01-20T04:16:19.791+0000] {logging_mixin.py:151} INFO - #False
[2024-01-20T04:16:19.791+0000] {logging_mixin.py:151} INFO -  submission : 
[2024-01-20T04:16:20.299+0000] {logging_mixin.py:151} INFO - #False
[2024-01-20T04:16:20.300+0000] {logging_mixin.py:151} INFO - #False
[2024-01-20T04:16:20.300+0000] {logging_mixin.py:151} INFO - #False
[2024-01-20T04:16:20.301+0000] {logging_mixin.py:151} INFO - #False
[2024-01-20T04:16:20.301+0000] {logging_mixin.py:151} INFO - #False
[2024-01-20T04:16:20.301+0000] {logging_mixin.py:151} INFO - #False
[2024-01-20T04:16:20.301+0000] {logging_mixin.py:151} INFO - #False
[2024-01-20T04:16:20.302+0000] {logging_mixin.py:151} INFO - #False
[2024-01-20T04:16:20.302+0000] {logging_mixin.py:151} INFO - #False
[2024-01-20T04:16:20.302+0000] {logging_mixin.py:151} INFO - #False
[2024-01-20T04:16:20.302+0000] {logging_mixin.py:151} INFO - #False
[2024-01-20T04:16:20.303+0000] {logging_mixin.py:151} INFO - #False
[2024-01-20T04:16:20.303+0000] {logging_mixin.py:151} INFO - #False
[2024-01-20T04:16:20.303+0000] {logging_mixin.py:151} INFO - #False
[2024-01-20T04:16:20.303+0000] {logging_mixin.py:151} INFO - #False
[2024-01-20T04:16:20.303+0000] {logging_mixin.py:151} INFO - #False
[2024-01-20T04:16:20.304+0000] {logging_mixin.py:151} INFO - #False
[2024-01-20T04:16:20.304+0000] {logging_mixin.py:151} INFO - #False
[2024-01-20T04:16:20.304+0000] {logging_mixin.py:151} INFO - #False
[2024-01-20T04:16:20.304+0000] {logging_mixin.py:151} INFO - #False
[2024-01-20T04:16:20.305+0000] {logging_mixin.py:151} INFO - #False
[2024-01-20T04:16:20.305+0000] {logging_mixin.py:151} INFO - #False
[2024-01-20T04:16:20.305+0000] {logging_mixin.py:151} INFO - #False
[2024-01-20T04:16:20.305+0000] {logging_mixin.py:151} INFO - #False
[2024-01-20T04:16:20.306+0000] {logging_mixin.py:151} INFO - #False
[2024-01-20T04:16:20.306+0000] {logging_mixin.py:151} INFO - #False
[2024-01-20T04:16:20.306+0000] {logging_mixin.py:151} INFO - #False
[2024-01-20T04:16:20.306+0000] {logging_mixin.py:151} INFO - #False
[2024-01-20T04:16:20.307+0000] {logging_mixin.py:151} INFO - #False
[2024-01-20T04:16:20.307+0000] {logging_mixin.py:151} INFO - #False
[2024-01-20T04:16:20.307+0000] {python.py:194} INFO - Done. Returned value was: None
[2024-01-20T04:16:20.315+0000] {taskinstance.py:1400} INFO - Marking task as SUCCESS. dag_id=Kafka_Producer_2, task_id=Reddit, execution_date=20240120T041351, start_date=20240120T041615, end_date=20240120T041620
[2024-01-20T04:16:20.341+0000] {local_task_job_runner.py:228} INFO - Task exited with return code 0
[2024-01-20T04:16:20.355+0000] {taskinstance.py:2784} INFO - 0 downstream tasks scheduled from follow-on schedule check
