[2024-01-20T05:44:12.458+0000] {taskinstance.py:1159} INFO - Dependencies all met for dep_context=non-requeueable deps ti=<TaskInstance: SpeedLayer.submit_spark_job manual__2024-01-20T05:43:43.100338+00:00 [queued]>
[2024-01-20T05:44:12.465+0000] {taskinstance.py:1159} INFO - Dependencies all met for dep_context=requeueable deps ti=<TaskInstance: SpeedLayer.submit_spark_job manual__2024-01-20T05:43:43.100338+00:00 [queued]>
[2024-01-20T05:44:12.465+0000] {taskinstance.py:1361} INFO - Starting attempt 1 of 1
[2024-01-20T05:44:12.477+0000] {taskinstance.py:1382} INFO - Executing <Task(SparkSubmitOperator): submit_spark_job> on 2024-01-20 05:43:43.100338+00:00
[2024-01-20T05:44:12.481+0000] {standard_task_runner.py:57} INFO - Started process 13041 to run task
[2024-01-20T05:44:12.483+0000] {standard_task_runner.py:84} INFO - Running: ['***', 'tasks', 'run', 'SpeedLayer', 'submit_spark_job', 'manual__2024-01-20T05:43:43.100338+00:00', '--job-id', '668', '--raw', '--subdir', 'DAGS_FOLDER/spark_streaming_dag.py', '--cfg-path', '/tmp/tmp1zkmdbfw']
[2024-01-20T05:44:12.484+0000] {standard_task_runner.py:85} INFO - Job 668: Subtask submit_spark_job
[2024-01-20T05:44:12.523+0000] {task_command.py:415} INFO - Running <TaskInstance: SpeedLayer.submit_spark_job manual__2024-01-20T05:43:43.100338+00:00 [running]> on host 45c5bfab8aa1
[2024-01-20T05:44:12.587+0000] {taskinstance.py:1660} INFO - Exporting env vars: AIRFLOW_CTX_DAG_OWNER='***' AIRFLOW_CTX_DAG_ID='SpeedLayer' AIRFLOW_CTX_TASK_ID='submit_spark_job' AIRFLOW_CTX_EXECUTION_DATE='2024-01-20T05:43:43.100338+00:00' AIRFLOW_CTX_TRY_NUMBER='1' AIRFLOW_CTX_DAG_RUN_ID='manual__2024-01-20T05:43:43.100338+00:00'
[2024-01-20T05:44:12.594+0000] {base.py:73} INFO - Using connection ID 'spark_default' for task execution.
[2024-01-20T05:44:12.596+0000] {spark_submit.py:401} INFO - Spark-Submit cmd: spark-submit --master spark://172.19.0.4:7077 --packages com.datastax.spark:spark-cassandra-connector_2.12:3.4.1,org.apache.spark:spark-sql-kafka-0-10_2.12:3.4.1 --name arrow-spark --queue root.default --deploy-mode client /opt/***/shared_volume/spark_stream.py
[2024-01-20T05:44:12.716+0000] {spark_submit.py:571} INFO - /home/***/.local/lib/python3.9/site-packages/pyspark/bin/load-spark-env.sh: line 68: ps: command not found
[2024-01-20T05:44:14.639+0000] {spark_submit.py:571} INFO - :: loading settings :: url = jar:file:/home/***/.local/lib/python3.9/site-packages/pyspark/jars/ivy-2.5.1.jar!/org/apache/ivy/core/settings/ivysettings.xml
[2024-01-20T05:44:14.719+0000] {spark_submit.py:571} INFO - Ivy Default Cache set to: /home/***/.ivy2/cache
[2024-01-20T05:44:14.720+0000] {spark_submit.py:571} INFO - The jars for the packages stored in: /home/***/.ivy2/jars
[2024-01-20T05:44:14.722+0000] {spark_submit.py:571} INFO - com.datastax.spark#spark-cassandra-connector_2.12 added as a dependency
[2024-01-20T05:44:14.723+0000] {spark_submit.py:571} INFO - org.apache.spark#spark-sql-kafka-0-10_2.12 added as a dependency
[2024-01-20T05:44:14.723+0000] {spark_submit.py:571} INFO - :: resolving dependencies :: org.apache.spark#spark-submit-parent-433633fe-fa7a-4d20-a66e-c78573b7d5cb;1.0
[2024-01-20T05:44:14.724+0000] {spark_submit.py:571} INFO - confs: [default]
[2024-01-20T05:44:14.829+0000] {spark_submit.py:571} INFO - found com.datastax.spark#spark-cassandra-connector_2.12;3.4.1 in central
[2024-01-20T05:44:14.850+0000] {spark_submit.py:571} INFO - found com.datastax.spark#spark-cassandra-connector-driver_2.12;3.4.1 in central
[2024-01-20T05:44:14.873+0000] {spark_submit.py:571} INFO - found org.scala-lang.modules#scala-collection-compat_2.12;2.11.0 in central
[2024-01-20T05:44:14.901+0000] {spark_submit.py:571} INFO - found com.datastax.oss#java-driver-core-shaded;4.13.0 in central
[2024-01-20T05:44:14.923+0000] {spark_submit.py:571} INFO - found com.datastax.oss#native-protocol;1.5.0 in central
[2024-01-20T05:44:14.943+0000] {spark_submit.py:571} INFO - found com.datastax.oss#java-driver-shaded-guava;25.1-jre-graal-sub-1 in central
[2024-01-20T05:44:14.961+0000] {spark_submit.py:571} INFO - found com.typesafe#config;1.4.1 in central
[2024-01-20T05:44:14.978+0000] {spark_submit.py:571} INFO - found org.slf4j#slf4j-api;1.7.26 in central
[2024-01-20T05:44:14.993+0000] {spark_submit.py:571} INFO - found io.dropwizard.metrics#metrics-core;4.1.18 in central
[2024-01-20T05:44:15.011+0000] {spark_submit.py:571} INFO - found org.hdrhistogram#HdrHistogram;2.1.12 in central
[2024-01-20T05:44:15.026+0000] {spark_submit.py:571} INFO - found org.reactivestreams#reactive-streams;1.0.3 in central
[2024-01-20T05:44:15.038+0000] {spark_submit.py:571} INFO - found com.github.stephenc.jcip#jcip-annotations;1.0-1 in central
[2024-01-20T05:44:15.052+0000] {spark_submit.py:571} INFO - found com.github.spotbugs#spotbugs-annotations;3.1.12 in central
[2024-01-20T05:44:15.067+0000] {spark_submit.py:571} INFO - found com.google.code.findbugs#jsr305;3.0.2 in central
[2024-01-20T05:44:15.099+0000] {spark_submit.py:571} INFO - found com.datastax.oss#java-driver-mapper-runtime;4.13.0 in central
[2024-01-20T05:44:15.114+0000] {spark_submit.py:571} INFO - found com.datastax.oss#java-driver-query-builder;4.13.0 in central
[2024-01-20T05:44:15.132+0000] {spark_submit.py:571} INFO - found org.apache.commons#commons-lang3;3.10 in central
[2024-01-20T05:44:15.144+0000] {spark_submit.py:571} INFO - found com.thoughtworks.paranamer#paranamer;2.8 in central
[2024-01-20T05:44:15.156+0000] {spark_submit.py:571} INFO - found org.scala-lang#scala-reflect;2.12.11 in central
[2024-01-20T05:44:15.186+0000] {spark_submit.py:571} INFO - found org.apache.spark#spark-sql-kafka-0-10_2.12;3.4.1 in central
[2024-01-20T05:44:15.208+0000] {spark_submit.py:571} INFO - found org.apache.spark#spark-token-provider-kafka-0-10_2.12;3.4.1 in central
[2024-01-20T05:44:15.219+0000] {spark_submit.py:571} INFO - found org.apache.kafka#kafka-clients;3.3.2 in central
[2024-01-20T05:44:15.231+0000] {spark_submit.py:571} INFO - found org.lz4#lz4-java;1.8.0 in central
[2024-01-20T05:44:15.241+0000] {spark_submit.py:571} INFO - found org.xerial.snappy#snappy-java;1.1.10.1 in central
[2024-01-20T05:44:15.252+0000] {spark_submit.py:571} INFO - found org.slf4j#slf4j-api;2.0.6 in central
[2024-01-20T05:44:15.267+0000] {spark_submit.py:571} INFO - found org.apache.hadoop#hadoop-client-runtime;3.3.4 in central
[2024-01-20T05:44:15.287+0000] {spark_submit.py:571} INFO - found org.apache.hadoop#hadoop-client-api;3.3.4 in central
[2024-01-20T05:44:15.301+0000] {spark_submit.py:571} INFO - found commons-logging#commons-logging;1.1.3 in central
[2024-01-20T05:44:15.317+0000] {spark_submit.py:571} INFO - found org.apache.commons#commons-pool2;2.11.1 in central
[2024-01-20T05:44:15.361+0000] {spark_submit.py:571} INFO - :: resolution report :: resolve 611ms :: artifacts dl 27ms
[2024-01-20T05:44:15.362+0000] {spark_submit.py:571} INFO - :: modules in use:
[2024-01-20T05:44:15.363+0000] {spark_submit.py:571} INFO - com.datastax.oss#java-driver-core-shaded;4.13.0 from central in [default]
[2024-01-20T05:44:15.364+0000] {spark_submit.py:571} INFO - com.datastax.oss#java-driver-mapper-runtime;4.13.0 from central in [default]
[2024-01-20T05:44:15.364+0000] {spark_submit.py:571} INFO - com.datastax.oss#java-driver-query-builder;4.13.0 from central in [default]
[2024-01-20T05:44:15.365+0000] {spark_submit.py:571} INFO - com.datastax.oss#java-driver-shaded-guava;25.1-jre-graal-sub-1 from central in [default]
[2024-01-20T05:44:15.365+0000] {spark_submit.py:571} INFO - com.datastax.oss#native-protocol;1.5.0 from central in [default]
[2024-01-20T05:44:15.366+0000] {spark_submit.py:571} INFO - com.datastax.spark#spark-cassandra-connector-driver_2.12;3.4.1 from central in [default]
[2024-01-20T05:44:15.366+0000] {spark_submit.py:571} INFO - com.datastax.spark#spark-cassandra-connector_2.12;3.4.1 from central in [default]
[2024-01-20T05:44:15.367+0000] {spark_submit.py:571} INFO - com.github.spotbugs#spotbugs-annotations;3.1.12 from central in [default]
[2024-01-20T05:44:15.367+0000] {spark_submit.py:571} INFO - com.github.stephenc.jcip#jcip-annotations;1.0-1 from central in [default]
[2024-01-20T05:44:15.368+0000] {spark_submit.py:571} INFO - com.google.code.findbugs#jsr305;3.0.2 from central in [default]
[2024-01-20T05:44:15.368+0000] {spark_submit.py:571} INFO - com.thoughtworks.paranamer#paranamer;2.8 from central in [default]
[2024-01-20T05:44:15.369+0000] {spark_submit.py:571} INFO - com.typesafe#config;1.4.1 from central in [default]
[2024-01-20T05:44:15.369+0000] {spark_submit.py:571} INFO - commons-logging#commons-logging;1.1.3 from central in [default]
[2024-01-20T05:44:15.370+0000] {spark_submit.py:571} INFO - io.dropwizard.metrics#metrics-core;4.1.18 from central in [default]
[2024-01-20T05:44:15.371+0000] {spark_submit.py:571} INFO - org.apache.commons#commons-lang3;3.10 from central in [default]
[2024-01-20T05:44:15.371+0000] {spark_submit.py:571} INFO - org.apache.commons#commons-pool2;2.11.1 from central in [default]
[2024-01-20T05:44:15.372+0000] {spark_submit.py:571} INFO - org.apache.hadoop#hadoop-client-api;3.3.4 from central in [default]
[2024-01-20T05:44:15.372+0000] {spark_submit.py:571} INFO - org.apache.hadoop#hadoop-client-runtime;3.3.4 from central in [default]
[2024-01-20T05:44:15.373+0000] {spark_submit.py:571} INFO - org.apache.kafka#kafka-clients;3.3.2 from central in [default]
[2024-01-20T05:44:15.373+0000] {spark_submit.py:571} INFO - org.apache.spark#spark-sql-kafka-0-10_2.12;3.4.1 from central in [default]
[2024-01-20T05:44:15.374+0000] {spark_submit.py:571} INFO - org.apache.spark#spark-token-provider-kafka-0-10_2.12;3.4.1 from central in [default]
[2024-01-20T05:44:15.374+0000] {spark_submit.py:571} INFO - org.hdrhistogram#HdrHistogram;2.1.12 from central in [default]
[2024-01-20T05:44:15.375+0000] {spark_submit.py:571} INFO - org.lz4#lz4-java;1.8.0 from central in [default]
[2024-01-20T05:44:15.375+0000] {spark_submit.py:571} INFO - org.reactivestreams#reactive-streams;1.0.3 from central in [default]
[2024-01-20T05:44:15.376+0000] {spark_submit.py:571} INFO - org.scala-lang#scala-reflect;2.12.11 from central in [default]
[2024-01-20T05:44:15.376+0000] {spark_submit.py:571} INFO - org.scala-lang.modules#scala-collection-compat_2.12;2.11.0 from central in [default]
[2024-01-20T05:44:15.377+0000] {spark_submit.py:571} INFO - org.slf4j#slf4j-api;2.0.6 from central in [default]
[2024-01-20T05:44:15.377+0000] {spark_submit.py:571} INFO - org.xerial.snappy#snappy-java;1.1.10.1 from central in [default]
[2024-01-20T05:44:15.378+0000] {spark_submit.py:571} INFO - :: evicted modules:
[2024-01-20T05:44:15.378+0000] {spark_submit.py:571} INFO - org.slf4j#slf4j-api;1.7.26 by [org.slf4j#slf4j-api;2.0.6] in [default]
[2024-01-20T05:44:15.379+0000] {spark_submit.py:571} INFO - com.google.code.findbugs#jsr305;3.0.0 by [com.google.code.findbugs#jsr305;3.0.2] in [default]
[2024-01-20T05:44:15.379+0000] {spark_submit.py:571} INFO - ---------------------------------------------------------------------
[2024-01-20T05:44:15.380+0000] {spark_submit.py:571} INFO - |                  |            modules            ||   artifacts   |
[2024-01-20T05:44:15.380+0000] {spark_submit.py:571} INFO - |       conf       | number| search|dwnlded|evicted|| number|dwnlded|
[2024-01-20T05:44:15.381+0000] {spark_submit.py:571} INFO - ---------------------------------------------------------------------
[2024-01-20T05:44:15.381+0000] {spark_submit.py:571} INFO - |      default     |   30  |   0   |   0   |   2   ||   28  |   0   |
[2024-01-20T05:44:15.382+0000] {spark_submit.py:571} INFO - ---------------------------------------------------------------------
[2024-01-20T05:44:15.382+0000] {spark_submit.py:571} INFO - :: retrieving :: org.apache.spark#spark-submit-parent-433633fe-fa7a-4d20-a66e-c78573b7d5cb
[2024-01-20T05:44:15.382+0000] {spark_submit.py:571} INFO - confs: [default]
[2024-01-20T05:44:15.387+0000] {spark_submit.py:571} INFO - 0 artifacts copied, 28 already retrieved (0kB/15ms)
[2024-01-20T05:44:15.609+0000] {spark_submit.py:571} INFO - 24/01/20 05:44:15 WARN NativeCodeLoader: Unable to load native-hadoop library for your platform... using builtin-java classes where applicable
[2024-01-20T05:44:19.184+0000] {spark_submit.py:571} INFO - 2024-01-20 05:44:19.184341: I tensorflow/core/util/port.cc:113] oneDNN custom operations are on. You may see slightly different numerical results due to floating-point round-off errors from different computation orders. To turn them off, set the environment variable `TF_ENABLE_ONEDNN_OPTS=0`.
[2024-01-20T05:44:19.238+0000] {spark_submit.py:571} INFO - 2024-01-20 05:44:19.238589: I external/local_tsl/tsl/cuda/cudart_stub.cc:31] Could not find cuda drivers on your machine, GPU will not be used.
[2024-01-20T05:44:19.420+0000] {spark_submit.py:571} INFO - 2024-01-20 05:44:19.420103: E external/local_xla/xla/stream_executor/cuda/cuda_dnn.cc:9261] Unable to register cuDNN factory: Attempting to register factory for plugin cuDNN when one has already been registered
[2024-01-20T05:44:19.420+0000] {spark_submit.py:571} INFO - 2024-01-20 05:44:19.420164: E external/local_xla/xla/stream_executor/cuda/cuda_fft.cc:607] Unable to register cuFFT factory: Attempting to register factory for plugin cuFFT when one has already been registered
[2024-01-20T05:44:19.460+0000] {spark_submit.py:571} INFO - 2024-01-20 05:44:19.459865: E external/local_xla/xla/stream_executor/cuda/cuda_blas.cc:1515] Unable to register cuBLAS factory: Attempting to register factory for plugin cuBLAS when one has already been registered
[2024-01-20T05:44:19.504+0000] {spark_submit.py:571} INFO - 2024-01-20 05:44:19.503976: I external/local_tsl/tsl/cuda/cudart_stub.cc:31] Could not find cuda drivers on your machine, GPU will not be used.
[2024-01-20T05:44:19.504+0000] {spark_submit.py:571} INFO - 2024-01-20 05:44:19.504202: I tensorflow/core/platform/cpu_feature_guard.cc:182] This TensorFlow binary is optimized to use available CPU instructions in performance-critical operations.
[2024-01-20T05:44:19.505+0000] {spark_submit.py:571} INFO - To enable the following instructions: AVX2 AVX_VNNI FMA, in other operations, rebuild TensorFlow with the appropriate compiler flags.
[2024-01-20T05:44:20.792+0000] {spark_submit.py:571} INFO - 2024-01-20 05:44:20.792343: W tensorflow/compiler/tf2tensorrt/utils/py_utils.cc:38] TF-TRT Warning: Could not find TensorRT
[2024-01-20T05:44:23.372+0000] {spark_submit.py:571} INFO - 24/01/20 05:44:23 INFO SparkContext: Running Spark version 3.5.0
[2024-01-20T05:44:23.373+0000] {spark_submit.py:571} INFO - 24/01/20 05:44:23 INFO SparkContext: OS info Linux, 5.10.16.3-microsoft-standard-WSL2, amd64
[2024-01-20T05:44:23.373+0000] {spark_submit.py:571} INFO - 24/01/20 05:44:23 INFO SparkContext: Java version 11.0.21
[2024-01-20T05:44:23.393+0000] {spark_submit.py:571} INFO - 24/01/20 05:44:23 INFO ResourceUtils: ==============================================================
[2024-01-20T05:44:23.394+0000] {spark_submit.py:571} INFO - 24/01/20 05:44:23 INFO ResourceUtils: No custom resources configured for spark.driver.
[2024-01-20T05:44:23.394+0000] {spark_submit.py:571} INFO - 24/01/20 05:44:23 INFO ResourceUtils: ==============================================================
[2024-01-20T05:44:23.395+0000] {spark_submit.py:571} INFO - 24/01/20 05:44:23 INFO SparkContext: Submitted application: SparkDataStreaming
[2024-01-20T05:44:23.417+0000] {spark_submit.py:571} INFO - 24/01/20 05:44:23 INFO ResourceProfile: Default ResourceProfile created, executor resources: Map(memory -> name: memory, amount: 1024, script: , vendor: , offHeap -> name: offHeap, amount: 0, script: , vendor: ), task resources: Map(cpus -> name: cpus, amount: 1.0)
[2024-01-20T05:44:23.429+0000] {spark_submit.py:571} INFO - 24/01/20 05:44:23 INFO ResourceProfile: Limiting resource is cpu
[2024-01-20T05:44:23.430+0000] {spark_submit.py:571} INFO - 24/01/20 05:44:23 INFO ResourceProfileManager: Added ResourceProfile id: 0
[2024-01-20T05:44:23.499+0000] {spark_submit.py:571} INFO - 24/01/20 05:44:23 INFO SecurityManager: Changing view acls to: ***
[2024-01-20T05:44:23.500+0000] {spark_submit.py:571} INFO - 24/01/20 05:44:23 INFO SecurityManager: Changing modify acls to: ***
[2024-01-20T05:44:23.500+0000] {spark_submit.py:571} INFO - 24/01/20 05:44:23 INFO SecurityManager: Changing view acls groups to:
[2024-01-20T05:44:23.501+0000] {spark_submit.py:571} INFO - 24/01/20 05:44:23 INFO SecurityManager: Changing modify acls groups to:
[2024-01-20T05:44:23.501+0000] {spark_submit.py:571} INFO - 24/01/20 05:44:23 INFO SecurityManager: SecurityManager: authentication disabled; ui acls disabled; users with view permissions: ***; groups with view permissions: EMPTY; users with modify permissions: ***; groups with modify permissions: EMPTY
[2024-01-20T05:44:23.726+0000] {spark_submit.py:571} INFO - 24/01/20 05:44:23 INFO Utils: Successfully started service 'sparkDriver' on port 38411.
[2024-01-20T05:44:23.756+0000] {spark_submit.py:571} INFO - 24/01/20 05:44:23 INFO SparkEnv: Registering MapOutputTracker
[2024-01-20T05:44:23.789+0000] {spark_submit.py:571} INFO - 24/01/20 05:44:23 INFO SparkEnv: Registering BlockManagerMaster
[2024-01-20T05:44:23.810+0000] {spark_submit.py:571} INFO - 24/01/20 05:44:23 INFO BlockManagerMasterEndpoint: Using org.apache.spark.storage.DefaultTopologyMapper for getting topology information
[2024-01-20T05:44:23.810+0000] {spark_submit.py:571} INFO - 24/01/20 05:44:23 INFO BlockManagerMasterEndpoint: BlockManagerMasterEndpoint up
[2024-01-20T05:44:23.813+0000] {spark_submit.py:571} INFO - 24/01/20 05:44:23 INFO SparkEnv: Registering BlockManagerMasterHeartbeat
[2024-01-20T05:44:23.834+0000] {spark_submit.py:571} INFO - 24/01/20 05:44:23 INFO DiskBlockManager: Created local directory at /tmp/blockmgr-4e92caeb-0871-4d4d-8b21-ba2d8bc6f293
[2024-01-20T05:44:23.847+0000] {spark_submit.py:571} INFO - 24/01/20 05:44:23 INFO MemoryStore: MemoryStore started with capacity 434.4 MiB
[2024-01-20T05:44:23.861+0000] {spark_submit.py:571} INFO - 24/01/20 05:44:23 INFO SparkEnv: Registering OutputCommitCoordinator
[2024-01-20T05:44:23.993+0000] {spark_submit.py:571} INFO - 24/01/20 05:44:23 INFO JettyUtils: Start Jetty 0.0.0.0:4040 for SparkUI
[2024-01-20T05:44:24.059+0000] {spark_submit.py:571} INFO - 24/01/20 05:44:24 INFO Utils: Successfully started service 'SparkUI' on port 4040.
[2024-01-20T05:44:24.094+0000] {spark_submit.py:571} INFO - 24/01/20 05:44:24 INFO SparkContext: Added JAR file:///home/***/.ivy2/jars/com.datastax.spark_spark-cassandra-connector_2.12-3.4.1.jar at spark://45c5bfab8aa1:38411/jars/com.datastax.spark_spark-cassandra-connector_2.12-3.4.1.jar with timestamp 1705729463366
[2024-01-20T05:44:24.095+0000] {spark_submit.py:571} INFO - 24/01/20 05:44:24 INFO SparkContext: Added JAR file:///home/***/.ivy2/jars/org.apache.spark_spark-sql-kafka-0-10_2.12-3.4.1.jar at spark://45c5bfab8aa1:38411/jars/org.apache.spark_spark-sql-kafka-0-10_2.12-3.4.1.jar with timestamp 1705729463366
[2024-01-20T05:44:24.095+0000] {spark_submit.py:571} INFO - 24/01/20 05:44:24 INFO SparkContext: Added JAR file:///home/***/.ivy2/jars/com.datastax.spark_spark-cassandra-connector-driver_2.12-3.4.1.jar at spark://45c5bfab8aa1:38411/jars/com.datastax.spark_spark-cassandra-connector-driver_2.12-3.4.1.jar with timestamp 1705729463366
[2024-01-20T05:44:24.096+0000] {spark_submit.py:571} INFO - 24/01/20 05:44:24 INFO SparkContext: Added JAR file:///home/***/.ivy2/jars/org.scala-lang.modules_scala-collection-compat_2.12-2.11.0.jar at spark://45c5bfab8aa1:38411/jars/org.scala-lang.modules_scala-collection-compat_2.12-2.11.0.jar with timestamp 1705729463366
[2024-01-20T05:44:24.096+0000] {spark_submit.py:571} INFO - 24/01/20 05:44:24 INFO SparkContext: Added JAR file:///home/***/.ivy2/jars/com.datastax.oss_java-driver-core-shaded-4.13.0.jar at spark://45c5bfab8aa1:38411/jars/com.datastax.oss_java-driver-core-shaded-4.13.0.jar with timestamp 1705729463366
[2024-01-20T05:44:24.097+0000] {spark_submit.py:571} INFO - 24/01/20 05:44:24 INFO SparkContext: Added JAR file:///home/***/.ivy2/jars/com.datastax.oss_java-driver-mapper-runtime-4.13.0.jar at spark://45c5bfab8aa1:38411/jars/com.datastax.oss_java-driver-mapper-runtime-4.13.0.jar with timestamp 1705729463366
[2024-01-20T05:44:24.097+0000] {spark_submit.py:571} INFO - 24/01/20 05:44:24 INFO SparkContext: Added JAR file:///home/***/.ivy2/jars/org.apache.commons_commons-lang3-3.10.jar at spark://45c5bfab8aa1:38411/jars/org.apache.commons_commons-lang3-3.10.jar with timestamp 1705729463366
[2024-01-20T05:44:24.098+0000] {spark_submit.py:571} INFO - 24/01/20 05:44:24 INFO SparkContext: Added JAR file:///home/***/.ivy2/jars/com.thoughtworks.paranamer_paranamer-2.8.jar at spark://45c5bfab8aa1:38411/jars/com.thoughtworks.paranamer_paranamer-2.8.jar with timestamp 1705729463366
[2024-01-20T05:44:24.098+0000] {spark_submit.py:571} INFO - 24/01/20 05:44:24 INFO SparkContext: Added JAR file:///home/***/.ivy2/jars/org.scala-lang_scala-reflect-2.12.11.jar at spark://45c5bfab8aa1:38411/jars/org.scala-lang_scala-reflect-2.12.11.jar with timestamp 1705729463366
[2024-01-20T05:44:24.098+0000] {spark_submit.py:571} INFO - 24/01/20 05:44:24 INFO SparkContext: Added JAR file:///home/***/.ivy2/jars/com.datastax.oss_native-protocol-1.5.0.jar at spark://45c5bfab8aa1:38411/jars/com.datastax.oss_native-protocol-1.5.0.jar with timestamp 1705729463366
[2024-01-20T05:44:24.099+0000] {spark_submit.py:571} INFO - 24/01/20 05:44:24 INFO SparkContext: Added JAR file:///home/***/.ivy2/jars/com.datastax.oss_java-driver-shaded-guava-25.1-jre-graal-sub-1.jar at spark://45c5bfab8aa1:38411/jars/com.datastax.oss_java-driver-shaded-guava-25.1-jre-graal-sub-1.jar with timestamp 1705729463366
[2024-01-20T05:44:24.099+0000] {spark_submit.py:571} INFO - 24/01/20 05:44:24 INFO SparkContext: Added JAR file:///home/***/.ivy2/jars/com.typesafe_config-1.4.1.jar at spark://45c5bfab8aa1:38411/jars/com.typesafe_config-1.4.1.jar with timestamp 1705729463366
[2024-01-20T05:44:24.100+0000] {spark_submit.py:571} INFO - 24/01/20 05:44:24 INFO SparkContext: Added JAR file:///home/***/.ivy2/jars/io.dropwizard.metrics_metrics-core-4.1.18.jar at spark://45c5bfab8aa1:38411/jars/io.dropwizard.metrics_metrics-core-4.1.18.jar with timestamp 1705729463366
[2024-01-20T05:44:24.100+0000] {spark_submit.py:571} INFO - 24/01/20 05:44:24 INFO SparkContext: Added JAR file:///home/***/.ivy2/jars/org.hdrhistogram_HdrHistogram-2.1.12.jar at spark://45c5bfab8aa1:38411/jars/org.hdrhistogram_HdrHistogram-2.1.12.jar with timestamp 1705729463366
[2024-01-20T05:44:24.101+0000] {spark_submit.py:571} INFO - 24/01/20 05:44:24 INFO SparkContext: Added JAR file:///home/***/.ivy2/jars/org.reactivestreams_reactive-streams-1.0.3.jar at spark://45c5bfab8aa1:38411/jars/org.reactivestreams_reactive-streams-1.0.3.jar with timestamp 1705729463366
[2024-01-20T05:44:24.101+0000] {spark_submit.py:571} INFO - 24/01/20 05:44:24 INFO SparkContext: Added JAR file:///home/***/.ivy2/jars/com.github.stephenc.jcip_jcip-annotations-1.0-1.jar at spark://45c5bfab8aa1:38411/jars/com.github.stephenc.jcip_jcip-annotations-1.0-1.jar with timestamp 1705729463366
[2024-01-20T05:44:24.101+0000] {spark_submit.py:571} INFO - 24/01/20 05:44:24 INFO SparkContext: Added JAR file:///home/***/.ivy2/jars/com.github.spotbugs_spotbugs-annotations-3.1.12.jar at spark://45c5bfab8aa1:38411/jars/com.github.spotbugs_spotbugs-annotations-3.1.12.jar with timestamp 1705729463366
[2024-01-20T05:44:24.102+0000] {spark_submit.py:571} INFO - 24/01/20 05:44:24 INFO SparkContext: Added JAR file:///home/***/.ivy2/jars/com.google.code.findbugs_jsr305-3.0.2.jar at spark://45c5bfab8aa1:38411/jars/com.google.code.findbugs_jsr305-3.0.2.jar with timestamp 1705729463366
[2024-01-20T05:44:24.102+0000] {spark_submit.py:571} INFO - 24/01/20 05:44:24 INFO SparkContext: Added JAR file:///home/***/.ivy2/jars/com.datastax.oss_java-driver-query-builder-4.13.0.jar at spark://45c5bfab8aa1:38411/jars/com.datastax.oss_java-driver-query-builder-4.13.0.jar with timestamp 1705729463366
[2024-01-20T05:44:24.103+0000] {spark_submit.py:571} INFO - 24/01/20 05:44:24 INFO SparkContext: Added JAR file:///home/***/.ivy2/jars/org.apache.spark_spark-token-provider-kafka-0-10_2.12-3.4.1.jar at spark://45c5bfab8aa1:38411/jars/org.apache.spark_spark-token-provider-kafka-0-10_2.12-3.4.1.jar with timestamp 1705729463366
[2024-01-20T05:44:24.103+0000] {spark_submit.py:571} INFO - 24/01/20 05:44:24 INFO SparkContext: Added JAR file:///home/***/.ivy2/jars/org.apache.kafka_kafka-clients-3.3.2.jar at spark://45c5bfab8aa1:38411/jars/org.apache.kafka_kafka-clients-3.3.2.jar with timestamp 1705729463366
[2024-01-20T05:44:24.103+0000] {spark_submit.py:571} INFO - 24/01/20 05:44:24 INFO SparkContext: Added JAR file:///home/***/.ivy2/jars/org.apache.commons_commons-pool2-2.11.1.jar at spark://45c5bfab8aa1:38411/jars/org.apache.commons_commons-pool2-2.11.1.jar with timestamp 1705729463366
[2024-01-20T05:44:24.104+0000] {spark_submit.py:571} INFO - 24/01/20 05:44:24 INFO SparkContext: Added JAR file:///home/***/.ivy2/jars/org.apache.hadoop_hadoop-client-runtime-3.3.4.jar at spark://45c5bfab8aa1:38411/jars/org.apache.hadoop_hadoop-client-runtime-3.3.4.jar with timestamp 1705729463366
[2024-01-20T05:44:24.104+0000] {spark_submit.py:571} INFO - 24/01/20 05:44:24 INFO SparkContext: Added JAR file:///home/***/.ivy2/jars/org.lz4_lz4-java-1.8.0.jar at spark://45c5bfab8aa1:38411/jars/org.lz4_lz4-java-1.8.0.jar with timestamp 1705729463366
[2024-01-20T05:44:24.104+0000] {spark_submit.py:571} INFO - 24/01/20 05:44:24 INFO SparkContext: Added JAR file:///home/***/.ivy2/jars/org.xerial.snappy_snappy-java-1.1.10.1.jar at spark://45c5bfab8aa1:38411/jars/org.xerial.snappy_snappy-java-1.1.10.1.jar with timestamp 1705729463366
[2024-01-20T05:44:24.105+0000] {spark_submit.py:571} INFO - 24/01/20 05:44:24 INFO SparkContext: Added JAR file:///home/***/.ivy2/jars/org.slf4j_slf4j-api-2.0.6.jar at spark://45c5bfab8aa1:38411/jars/org.slf4j_slf4j-api-2.0.6.jar with timestamp 1705729463366
[2024-01-20T05:44:24.105+0000] {spark_submit.py:571} INFO - 24/01/20 05:44:24 INFO SparkContext: Added JAR file:///home/***/.ivy2/jars/org.apache.hadoop_hadoop-client-api-3.3.4.jar at spark://45c5bfab8aa1:38411/jars/org.apache.hadoop_hadoop-client-api-3.3.4.jar with timestamp 1705729463366
[2024-01-20T05:44:24.105+0000] {spark_submit.py:571} INFO - 24/01/20 05:44:24 INFO SparkContext: Added JAR file:///home/***/.ivy2/jars/commons-logging_commons-logging-1.1.3.jar at spark://45c5bfab8aa1:38411/jars/commons-logging_commons-logging-1.1.3.jar with timestamp 1705729463366
[2024-01-20T05:44:24.106+0000] {spark_submit.py:571} INFO - 24/01/20 05:44:24 INFO SparkContext: Added file file:///home/***/.ivy2/jars/com.datastax.spark_spark-cassandra-connector_2.12-3.4.1.jar at spark://45c5bfab8aa1:38411/files/com.datastax.spark_spark-cassandra-connector_2.12-3.4.1.jar with timestamp 1705729463366
[2024-01-20T05:44:24.106+0000] {spark_submit.py:571} INFO - 24/01/20 05:44:24 INFO Utils: Copying /home/***/.ivy2/jars/com.datastax.spark_spark-cassandra-connector_2.12-3.4.1.jar to /tmp/spark-056f854a-fce7-4527-a714-dcee69bf928b/userFiles-ffa499b6-7000-4262-b6bd-4ecd11808b8d/com.datastax.spark_spark-cassandra-connector_2.12-3.4.1.jar
[2024-01-20T05:44:24.112+0000] {spark_submit.py:571} INFO - 24/01/20 05:44:24 INFO SparkContext: Added file file:///home/***/.ivy2/jars/org.apache.spark_spark-sql-kafka-0-10_2.12-3.4.1.jar at spark://45c5bfab8aa1:38411/files/org.apache.spark_spark-sql-kafka-0-10_2.12-3.4.1.jar with timestamp 1705729463366
[2024-01-20T05:44:24.113+0000] {spark_submit.py:571} INFO - 24/01/20 05:44:24 INFO Utils: Copying /home/***/.ivy2/jars/org.apache.spark_spark-sql-kafka-0-10_2.12-3.4.1.jar to /tmp/spark-056f854a-fce7-4527-a714-dcee69bf928b/userFiles-ffa499b6-7000-4262-b6bd-4ecd11808b8d/org.apache.spark_spark-sql-kafka-0-10_2.12-3.4.1.jar
[2024-01-20T05:44:24.116+0000] {spark_submit.py:571} INFO - 24/01/20 05:44:24 INFO SparkContext: Added file file:///home/***/.ivy2/jars/com.datastax.spark_spark-cassandra-connector-driver_2.12-3.4.1.jar at spark://45c5bfab8aa1:38411/files/com.datastax.spark_spark-cassandra-connector-driver_2.12-3.4.1.jar with timestamp 1705729463366
[2024-01-20T05:44:24.117+0000] {spark_submit.py:571} INFO - 24/01/20 05:44:24 INFO Utils: Copying /home/***/.ivy2/jars/com.datastax.spark_spark-cassandra-connector-driver_2.12-3.4.1.jar to /tmp/spark-056f854a-fce7-4527-a714-dcee69bf928b/userFiles-ffa499b6-7000-4262-b6bd-4ecd11808b8d/com.datastax.spark_spark-cassandra-connector-driver_2.12-3.4.1.jar
[2024-01-20T05:44:24.121+0000] {spark_submit.py:571} INFO - 24/01/20 05:44:24 INFO SparkContext: Added file file:///home/***/.ivy2/jars/org.scala-lang.modules_scala-collection-compat_2.12-2.11.0.jar at spark://45c5bfab8aa1:38411/files/org.scala-lang.modules_scala-collection-compat_2.12-2.11.0.jar with timestamp 1705729463366
[2024-01-20T05:44:24.122+0000] {spark_submit.py:571} INFO - 24/01/20 05:44:24 INFO Utils: Copying /home/***/.ivy2/jars/org.scala-lang.modules_scala-collection-compat_2.12-2.11.0.jar to /tmp/spark-056f854a-fce7-4527-a714-dcee69bf928b/userFiles-ffa499b6-7000-4262-b6bd-4ecd11808b8d/org.scala-lang.modules_scala-collection-compat_2.12-2.11.0.jar
[2024-01-20T05:44:24.125+0000] {spark_submit.py:571} INFO - 24/01/20 05:44:24 INFO SparkContext: Added file file:///home/***/.ivy2/jars/com.datastax.oss_java-driver-core-shaded-4.13.0.jar at spark://45c5bfab8aa1:38411/files/com.datastax.oss_java-driver-core-shaded-4.13.0.jar with timestamp 1705729463366
[2024-01-20T05:44:24.126+0000] {spark_submit.py:571} INFO - 24/01/20 05:44:24 INFO Utils: Copying /home/***/.ivy2/jars/com.datastax.oss_java-driver-core-shaded-4.13.0.jar to /tmp/spark-056f854a-fce7-4527-a714-dcee69bf928b/userFiles-ffa499b6-7000-4262-b6bd-4ecd11808b8d/com.datastax.oss_java-driver-core-shaded-4.13.0.jar
[2024-01-20T05:44:24.135+0000] {spark_submit.py:571} INFO - 24/01/20 05:44:24 INFO SparkContext: Added file file:///home/***/.ivy2/jars/com.datastax.oss_java-driver-mapper-runtime-4.13.0.jar at spark://45c5bfab8aa1:38411/files/com.datastax.oss_java-driver-mapper-runtime-4.13.0.jar with timestamp 1705729463366
[2024-01-20T05:44:24.136+0000] {spark_submit.py:571} INFO - 24/01/20 05:44:24 INFO Utils: Copying /home/***/.ivy2/jars/com.datastax.oss_java-driver-mapper-runtime-4.13.0.jar to /tmp/spark-056f854a-fce7-4527-a714-dcee69bf928b/userFiles-ffa499b6-7000-4262-b6bd-4ecd11808b8d/com.datastax.oss_java-driver-mapper-runtime-4.13.0.jar
[2024-01-20T05:44:24.139+0000] {spark_submit.py:571} INFO - 24/01/20 05:44:24 INFO SparkContext: Added file file:///home/***/.ivy2/jars/org.apache.commons_commons-lang3-3.10.jar at spark://45c5bfab8aa1:38411/files/org.apache.commons_commons-lang3-3.10.jar with timestamp 1705729463366
[2024-01-20T05:44:24.139+0000] {spark_submit.py:571} INFO - 24/01/20 05:44:24 INFO Utils: Copying /home/***/.ivy2/jars/org.apache.commons_commons-lang3-3.10.jar to /tmp/spark-056f854a-fce7-4527-a714-dcee69bf928b/userFiles-ffa499b6-7000-4262-b6bd-4ecd11808b8d/org.apache.commons_commons-lang3-3.10.jar
[2024-01-20T05:44:24.143+0000] {spark_submit.py:571} INFO - 24/01/20 05:44:24 INFO SparkContext: Added file file:///home/***/.ivy2/jars/com.thoughtworks.paranamer_paranamer-2.8.jar at spark://45c5bfab8aa1:38411/files/com.thoughtworks.paranamer_paranamer-2.8.jar with timestamp 1705729463366
[2024-01-20T05:44:24.143+0000] {spark_submit.py:571} INFO - 24/01/20 05:44:24 INFO Utils: Copying /home/***/.ivy2/jars/com.thoughtworks.paranamer_paranamer-2.8.jar to /tmp/spark-056f854a-fce7-4527-a714-dcee69bf928b/userFiles-ffa499b6-7000-4262-b6bd-4ecd11808b8d/com.thoughtworks.paranamer_paranamer-2.8.jar
[2024-01-20T05:44:24.146+0000] {spark_submit.py:571} INFO - 24/01/20 05:44:24 INFO SparkContext: Added file file:///home/***/.ivy2/jars/org.scala-lang_scala-reflect-2.12.11.jar at spark://45c5bfab8aa1:38411/files/org.scala-lang_scala-reflect-2.12.11.jar with timestamp 1705729463366
[2024-01-20T05:44:24.147+0000] {spark_submit.py:571} INFO - 24/01/20 05:44:24 INFO Utils: Copying /home/***/.ivy2/jars/org.scala-lang_scala-reflect-2.12.11.jar to /tmp/spark-056f854a-fce7-4527-a714-dcee69bf928b/userFiles-ffa499b6-7000-4262-b6bd-4ecd11808b8d/org.scala-lang_scala-reflect-2.12.11.jar
[2024-01-20T05:44:24.153+0000] {spark_submit.py:571} INFO - 24/01/20 05:44:24 INFO SparkContext: Added file file:///home/***/.ivy2/jars/com.datastax.oss_native-protocol-1.5.0.jar at spark://45c5bfab8aa1:38411/files/com.datastax.oss_native-protocol-1.5.0.jar with timestamp 1705729463366
[2024-01-20T05:44:24.154+0000] {spark_submit.py:571} INFO - 24/01/20 05:44:24 INFO Utils: Copying /home/***/.ivy2/jars/com.datastax.oss_native-protocol-1.5.0.jar to /tmp/spark-056f854a-fce7-4527-a714-dcee69bf928b/userFiles-ffa499b6-7000-4262-b6bd-4ecd11808b8d/com.datastax.oss_native-protocol-1.5.0.jar
[2024-01-20T05:44:24.158+0000] {spark_submit.py:571} INFO - 24/01/20 05:44:24 INFO SparkContext: Added file file:///home/***/.ivy2/jars/com.datastax.oss_java-driver-shaded-guava-25.1-jre-graal-sub-1.jar at spark://45c5bfab8aa1:38411/files/com.datastax.oss_java-driver-shaded-guava-25.1-jre-graal-sub-1.jar with timestamp 1705729463366
[2024-01-20T05:44:24.159+0000] {spark_submit.py:571} INFO - 24/01/20 05:44:24 INFO Utils: Copying /home/***/.ivy2/jars/com.datastax.oss_java-driver-shaded-guava-25.1-jre-graal-sub-1.jar to /tmp/spark-056f854a-fce7-4527-a714-dcee69bf928b/userFiles-ffa499b6-7000-4262-b6bd-4ecd11808b8d/com.datastax.oss_java-driver-shaded-guava-25.1-jre-graal-sub-1.jar
[2024-01-20T05:44:24.164+0000] {spark_submit.py:571} INFO - 24/01/20 05:44:24 INFO SparkContext: Added file file:///home/***/.ivy2/jars/com.typesafe_config-1.4.1.jar at spark://45c5bfab8aa1:38411/files/com.typesafe_config-1.4.1.jar with timestamp 1705729463366
[2024-01-20T05:44:24.164+0000] {spark_submit.py:571} INFO - 24/01/20 05:44:24 INFO Utils: Copying /home/***/.ivy2/jars/com.typesafe_config-1.4.1.jar to /tmp/spark-056f854a-fce7-4527-a714-dcee69bf928b/userFiles-ffa499b6-7000-4262-b6bd-4ecd11808b8d/com.typesafe_config-1.4.1.jar
[2024-01-20T05:44:24.168+0000] {spark_submit.py:571} INFO - 24/01/20 05:44:24 INFO SparkContext: Added file file:///home/***/.ivy2/jars/io.dropwizard.metrics_metrics-core-4.1.18.jar at spark://45c5bfab8aa1:38411/files/io.dropwizard.metrics_metrics-core-4.1.18.jar with timestamp 1705729463366
[2024-01-20T05:44:24.169+0000] {spark_submit.py:571} INFO - 24/01/20 05:44:24 INFO Utils: Copying /home/***/.ivy2/jars/io.dropwizard.metrics_metrics-core-4.1.18.jar to /tmp/spark-056f854a-fce7-4527-a714-dcee69bf928b/userFiles-ffa499b6-7000-4262-b6bd-4ecd11808b8d/io.dropwizard.metrics_metrics-core-4.1.18.jar
[2024-01-20T05:44:24.172+0000] {spark_submit.py:571} INFO - 24/01/20 05:44:24 INFO SparkContext: Added file file:///home/***/.ivy2/jars/org.hdrhistogram_HdrHistogram-2.1.12.jar at spark://45c5bfab8aa1:38411/files/org.hdrhistogram_HdrHistogram-2.1.12.jar with timestamp 1705729463366
[2024-01-20T05:44:24.173+0000] {spark_submit.py:571} INFO - 24/01/20 05:44:24 INFO Utils: Copying /home/***/.ivy2/jars/org.hdrhistogram_HdrHistogram-2.1.12.jar to /tmp/spark-056f854a-fce7-4527-a714-dcee69bf928b/userFiles-ffa499b6-7000-4262-b6bd-4ecd11808b8d/org.hdrhistogram_HdrHistogram-2.1.12.jar
[2024-01-20T05:44:24.176+0000] {spark_submit.py:571} INFO - 24/01/20 05:44:24 INFO SparkContext: Added file file:///home/***/.ivy2/jars/org.reactivestreams_reactive-streams-1.0.3.jar at spark://45c5bfab8aa1:38411/files/org.reactivestreams_reactive-streams-1.0.3.jar with timestamp 1705729463366
[2024-01-20T05:44:24.176+0000] {spark_submit.py:571} INFO - 24/01/20 05:44:24 INFO Utils: Copying /home/***/.ivy2/jars/org.reactivestreams_reactive-streams-1.0.3.jar to /tmp/spark-056f854a-fce7-4527-a714-dcee69bf928b/userFiles-ffa499b6-7000-4262-b6bd-4ecd11808b8d/org.reactivestreams_reactive-streams-1.0.3.jar
[2024-01-20T05:44:24.179+0000] {spark_submit.py:571} INFO - 24/01/20 05:44:24 INFO SparkContext: Added file file:///home/***/.ivy2/jars/com.github.stephenc.jcip_jcip-annotations-1.0-1.jar at spark://45c5bfab8aa1:38411/files/com.github.stephenc.jcip_jcip-annotations-1.0-1.jar with timestamp 1705729463366
[2024-01-20T05:44:24.180+0000] {spark_submit.py:571} INFO - 24/01/20 05:44:24 INFO Utils: Copying /home/***/.ivy2/jars/com.github.stephenc.jcip_jcip-annotations-1.0-1.jar to /tmp/spark-056f854a-fce7-4527-a714-dcee69bf928b/userFiles-ffa499b6-7000-4262-b6bd-4ecd11808b8d/com.github.stephenc.jcip_jcip-annotations-1.0-1.jar
[2024-01-20T05:44:24.182+0000] {spark_submit.py:571} INFO - 24/01/20 05:44:24 INFO SparkContext: Added file file:///home/***/.ivy2/jars/com.github.spotbugs_spotbugs-annotations-3.1.12.jar at spark://45c5bfab8aa1:38411/files/com.github.spotbugs_spotbugs-annotations-3.1.12.jar with timestamp 1705729463366
[2024-01-20T05:44:24.183+0000] {spark_submit.py:571} INFO - 24/01/20 05:44:24 INFO Utils: Copying /home/***/.ivy2/jars/com.github.spotbugs_spotbugs-annotations-3.1.12.jar to /tmp/spark-056f854a-fce7-4527-a714-dcee69bf928b/userFiles-ffa499b6-7000-4262-b6bd-4ecd11808b8d/com.github.spotbugs_spotbugs-annotations-3.1.12.jar
[2024-01-20T05:44:24.186+0000] {spark_submit.py:571} INFO - 24/01/20 05:44:24 INFO SparkContext: Added file file:///home/***/.ivy2/jars/com.google.code.findbugs_jsr305-3.0.2.jar at spark://45c5bfab8aa1:38411/files/com.google.code.findbugs_jsr305-3.0.2.jar with timestamp 1705729463366
[2024-01-20T05:44:24.187+0000] {spark_submit.py:571} INFO - 24/01/20 05:44:24 INFO Utils: Copying /home/***/.ivy2/jars/com.google.code.findbugs_jsr305-3.0.2.jar to /tmp/spark-056f854a-fce7-4527-a714-dcee69bf928b/userFiles-ffa499b6-7000-4262-b6bd-4ecd11808b8d/com.google.code.findbugs_jsr305-3.0.2.jar
[2024-01-20T05:44:24.190+0000] {spark_submit.py:571} INFO - 24/01/20 05:44:24 INFO SparkContext: Added file file:///home/***/.ivy2/jars/com.datastax.oss_java-driver-query-builder-4.13.0.jar at spark://45c5bfab8aa1:38411/files/com.datastax.oss_java-driver-query-builder-4.13.0.jar with timestamp 1705729463366
[2024-01-20T05:44:24.191+0000] {spark_submit.py:571} INFO - 24/01/20 05:44:24 INFO Utils: Copying /home/***/.ivy2/jars/com.datastax.oss_java-driver-query-builder-4.13.0.jar to /tmp/spark-056f854a-fce7-4527-a714-dcee69bf928b/userFiles-ffa499b6-7000-4262-b6bd-4ecd11808b8d/com.datastax.oss_java-driver-query-builder-4.13.0.jar
[2024-01-20T05:44:24.195+0000] {spark_submit.py:571} INFO - 24/01/20 05:44:24 INFO SparkContext: Added file file:///home/***/.ivy2/jars/org.apache.spark_spark-token-provider-kafka-0-10_2.12-3.4.1.jar at spark://45c5bfab8aa1:38411/files/org.apache.spark_spark-token-provider-kafka-0-10_2.12-3.4.1.jar with timestamp 1705729463366
[2024-01-20T05:44:24.195+0000] {spark_submit.py:571} INFO - 24/01/20 05:44:24 INFO Utils: Copying /home/***/.ivy2/jars/org.apache.spark_spark-token-provider-kafka-0-10_2.12-3.4.1.jar to /tmp/spark-056f854a-fce7-4527-a714-dcee69bf928b/userFiles-ffa499b6-7000-4262-b6bd-4ecd11808b8d/org.apache.spark_spark-token-provider-kafka-0-10_2.12-3.4.1.jar
[2024-01-20T05:44:24.199+0000] {spark_submit.py:571} INFO - 24/01/20 05:44:24 INFO SparkContext: Added file file:///home/***/.ivy2/jars/org.apache.kafka_kafka-clients-3.3.2.jar at spark://45c5bfab8aa1:38411/files/org.apache.kafka_kafka-clients-3.3.2.jar with timestamp 1705729463366
[2024-01-20T05:44:24.199+0000] {spark_submit.py:571} INFO - 24/01/20 05:44:24 INFO Utils: Copying /home/***/.ivy2/jars/org.apache.kafka_kafka-clients-3.3.2.jar to /tmp/spark-056f854a-fce7-4527-a714-dcee69bf928b/userFiles-ffa499b6-7000-4262-b6bd-4ecd11808b8d/org.apache.kafka_kafka-clients-3.3.2.jar
[2024-01-20T05:44:24.206+0000] {spark_submit.py:571} INFO - 24/01/20 05:44:24 INFO SparkContext: Added file file:///home/***/.ivy2/jars/org.apache.commons_commons-pool2-2.11.1.jar at spark://45c5bfab8aa1:38411/files/org.apache.commons_commons-pool2-2.11.1.jar with timestamp 1705729463366
[2024-01-20T05:44:24.207+0000] {spark_submit.py:571} INFO - 24/01/20 05:44:24 INFO Utils: Copying /home/***/.ivy2/jars/org.apache.commons_commons-pool2-2.11.1.jar to /tmp/spark-056f854a-fce7-4527-a714-dcee69bf928b/userFiles-ffa499b6-7000-4262-b6bd-4ecd11808b8d/org.apache.commons_commons-pool2-2.11.1.jar
[2024-01-20T05:44:24.210+0000] {spark_submit.py:571} INFO - 24/01/20 05:44:24 INFO SparkContext: Added file file:///home/***/.ivy2/jars/org.apache.hadoop_hadoop-client-runtime-3.3.4.jar at spark://45c5bfab8aa1:38411/files/org.apache.hadoop_hadoop-client-runtime-3.3.4.jar with timestamp 1705729463366
[2024-01-20T05:44:24.210+0000] {spark_submit.py:571} INFO - 24/01/20 05:44:24 INFO Utils: Copying /home/***/.ivy2/jars/org.apache.hadoop_hadoop-client-runtime-3.3.4.jar to /tmp/spark-056f854a-fce7-4527-a714-dcee69bf928b/userFiles-ffa499b6-7000-4262-b6bd-4ecd11808b8d/org.apache.hadoop_hadoop-client-runtime-3.3.4.jar
[2024-01-20T05:44:24.236+0000] {spark_submit.py:571} INFO - 24/01/20 05:44:24 INFO SparkContext: Added file file:///home/***/.ivy2/jars/org.lz4_lz4-java-1.8.0.jar at spark://45c5bfab8aa1:38411/files/org.lz4_lz4-java-1.8.0.jar with timestamp 1705729463366
[2024-01-20T05:44:24.236+0000] {spark_submit.py:571} INFO - 24/01/20 05:44:24 INFO Utils: Copying /home/***/.ivy2/jars/org.lz4_lz4-java-1.8.0.jar to /tmp/spark-056f854a-fce7-4527-a714-dcee69bf928b/userFiles-ffa499b6-7000-4262-b6bd-4ecd11808b8d/org.lz4_lz4-java-1.8.0.jar
[2024-01-20T05:44:24.239+0000] {spark_submit.py:571} INFO - 24/01/20 05:44:24 INFO SparkContext: Added file file:///home/***/.ivy2/jars/org.xerial.snappy_snappy-java-1.1.10.1.jar at spark://45c5bfab8aa1:38411/files/org.xerial.snappy_snappy-java-1.1.10.1.jar with timestamp 1705729463366
[2024-01-20T05:44:24.240+0000] {spark_submit.py:571} INFO - 24/01/20 05:44:24 INFO Utils: Copying /home/***/.ivy2/jars/org.xerial.snappy_snappy-java-1.1.10.1.jar to /tmp/spark-056f854a-fce7-4527-a714-dcee69bf928b/userFiles-ffa499b6-7000-4262-b6bd-4ecd11808b8d/org.xerial.snappy_snappy-java-1.1.10.1.jar
[2024-01-20T05:44:24.244+0000] {spark_submit.py:571} INFO - 24/01/20 05:44:24 INFO SparkContext: Added file file:///home/***/.ivy2/jars/org.slf4j_slf4j-api-2.0.6.jar at spark://45c5bfab8aa1:38411/files/org.slf4j_slf4j-api-2.0.6.jar with timestamp 1705729463366
[2024-01-20T05:44:24.244+0000] {spark_submit.py:571} INFO - 24/01/20 05:44:24 INFO Utils: Copying /home/***/.ivy2/jars/org.slf4j_slf4j-api-2.0.6.jar to /tmp/spark-056f854a-fce7-4527-a714-dcee69bf928b/userFiles-ffa499b6-7000-4262-b6bd-4ecd11808b8d/org.slf4j_slf4j-api-2.0.6.jar
[2024-01-20T05:44:24.247+0000] {spark_submit.py:571} INFO - 24/01/20 05:44:24 INFO SparkContext: Added file file:///home/***/.ivy2/jars/org.apache.hadoop_hadoop-client-api-3.3.4.jar at spark://45c5bfab8aa1:38411/files/org.apache.hadoop_hadoop-client-api-3.3.4.jar with timestamp 1705729463366
[2024-01-20T05:44:24.248+0000] {spark_submit.py:571} INFO - 24/01/20 05:44:24 INFO Utils: Copying /home/***/.ivy2/jars/org.apache.hadoop_hadoop-client-api-3.3.4.jar to /tmp/spark-056f854a-fce7-4527-a714-dcee69bf928b/userFiles-ffa499b6-7000-4262-b6bd-4ecd11808b8d/org.apache.hadoop_hadoop-client-api-3.3.4.jar
[2024-01-20T05:44:24.265+0000] {spark_submit.py:571} INFO - 24/01/20 05:44:24 INFO SparkContext: Added file file:///home/***/.ivy2/jars/commons-logging_commons-logging-1.1.3.jar at spark://45c5bfab8aa1:38411/files/commons-logging_commons-logging-1.1.3.jar with timestamp 1705729463366
[2024-01-20T05:44:24.265+0000] {spark_submit.py:571} INFO - 24/01/20 05:44:24 INFO Utils: Copying /home/***/.ivy2/jars/commons-logging_commons-logging-1.1.3.jar to /tmp/spark-056f854a-fce7-4527-a714-dcee69bf928b/userFiles-ffa499b6-7000-4262-b6bd-4ecd11808b8d/commons-logging_commons-logging-1.1.3.jar
[2024-01-20T05:44:24.359+0000] {spark_submit.py:571} INFO - 24/01/20 05:44:24 INFO StandaloneAppClient$ClientEndpoint: Connecting to master spark://172.19.0.4:7077...
[2024-01-20T05:44:24.400+0000] {spark_submit.py:571} INFO - 24/01/20 05:44:24 INFO TransportClientFactory: Successfully created connection to /172.19.0.4:7077 after 25 ms (0 ms spent in bootstraps)
[2024-01-20T05:44:24.477+0000] {spark_submit.py:571} INFO - 24/01/20 05:44:24 INFO StandaloneSchedulerBackend: Connected to Spark cluster with app ID app-20240120054424-0019
[2024-01-20T05:44:24.479+0000] {spark_submit.py:571} INFO - 24/01/20 05:44:24 INFO StandaloneAppClient$ClientEndpoint: Executor added: app-20240120054424-0019/0 on worker-20240120035805-172.19.0.7-35915 (172.19.0.7:35915) with 2 core(s)
[2024-01-20T05:44:24.482+0000] {spark_submit.py:571} INFO - 24/01/20 05:44:24 INFO StandaloneSchedulerBackend: Granted executor ID app-20240120054424-0019/0 on hostPort 172.19.0.7:35915 with 2 core(s), 1024.0 MiB RAM
[2024-01-20T05:44:24.489+0000] {spark_submit.py:571} INFO - 24/01/20 05:44:24 INFO Utils: Successfully started service 'org.apache.spark.network.netty.NettyBlockTransferService' on port 33045.
[2024-01-20T05:44:24.489+0000] {spark_submit.py:571} INFO - 24/01/20 05:44:24 INFO NettyBlockTransferService: Server created on 45c5bfab8aa1:33045
[2024-01-20T05:44:24.491+0000] {spark_submit.py:571} INFO - 24/01/20 05:44:24 INFO BlockManager: Using org.apache.spark.storage.RandomBlockReplicationPolicy for block replication policy
[2024-01-20T05:44:24.499+0000] {spark_submit.py:571} INFO - 24/01/20 05:44:24 INFO BlockManagerMaster: Registering BlockManager BlockManagerId(driver, 45c5bfab8aa1, 33045, None)
[2024-01-20T05:44:24.504+0000] {spark_submit.py:571} INFO - 24/01/20 05:44:24 INFO BlockManagerMasterEndpoint: Registering block manager 45c5bfab8aa1:33045 with 434.4 MiB RAM, BlockManagerId(driver, 45c5bfab8aa1, 33045, None)
[2024-01-20T05:44:24.508+0000] {spark_submit.py:571} INFO - 24/01/20 05:44:24 INFO BlockManagerMaster: Registered BlockManager BlockManagerId(driver, 45c5bfab8aa1, 33045, None)
[2024-01-20T05:44:24.510+0000] {spark_submit.py:571} INFO - 24/01/20 05:44:24 INFO BlockManager: Initialized BlockManager: BlockManagerId(driver, 45c5bfab8aa1, 33045, None)
[2024-01-20T05:44:24.514+0000] {spark_submit.py:571} INFO - 24/01/20 05:44:24 INFO StandaloneAppClient$ClientEndpoint: Executor updated: app-20240120054424-0019/0 is now RUNNING
[2024-01-20T05:44:24.717+0000] {spark_submit.py:571} INFO - 24/01/20 05:44:24 INFO StandaloneSchedulerBackend: SchedulerBackend is ready for scheduling beginning after reached minRegisteredResourcesRatio: 0.0
[2024-01-20T05:44:26.987+0000] {spark_submit.py:571} INFO - WARNING:cassandra.cluster:Cluster.__init__ called with contact_points specified, but no load_balancing_policy. In the next major version, this will raise an error; please specify a load-balancing policy. (contact_points = ['cassandra'], lbp = None)
[2024-01-20T05:44:26.998+0000] {spark_submit.py:571} INFO - WARNING:cassandra.cluster:Downgrading core protocol version from 66 to 65 for 172.19.0.2:9042. To avoid this, it is best practice to explicitly set Cluster(protocol_version) to the version supported by your cluster. http://datastax.github.io/python-driver/api/cassandra/cluster.html#cassandra.cluster.Cluster.protocol_version
[2024-01-20T05:44:26.999+0000] {spark_submit.py:571} INFO - WARNING:cassandra.cluster:Downgrading core protocol version from 65 to 5 for 172.19.0.2:9042. To avoid this, it is best practice to explicitly set Cluster(protocol_version) to the version supported by your cluster. http://datastax.github.io/python-driver/api/cassandra/cluster.html#cassandra.cluster.Cluster.protocol_version
[2024-01-20T05:44:27.044+0000] {spark_submit.py:571} INFO - Keyspace created successfully!
[2024-01-20T05:44:27.051+0000] {spark_submit.py:571} INFO - Tables created successfully!
[2024-01-20T05:44:27.465+0000] {spark_submit.py:571} INFO - bitcoin_parsed_df :  DataFrame[Name: string, Symbol: string, num_market_pairs: string, max_supply: string, infinite_supply: string, last_updated: string, Price (USD): string, Market Cap (USD): string, Volume 24h (USD): string, Percent Change 24h: string, percent_change_1h: string]
[2024-01-20T05:44:29.764+0000] {spark_submit.py:571} INFO - reddit_parsed_df :  DataFrame[created_utc: string, subreddit: string, selftext: string, title: string, subreddit_name_prefixed: string, _comments_by_id: string, upvote_ratio: string, category: string, score: string, created: string, num_comments: string, url: string, view_count: string, send_replies: string]
[2024-01-20T05:44:29.794+0000] {spark_submit.py:571} INFO - # Calculate sentiment scores for reddit_data
[2024-01-20T05:44:29.862+0000] {spark_submit.py:571} INFO - # Calculate average sentiment scores
[2024-01-20T05:44:29.886+0000] {spark_submit.py:571} INFO - 1
[2024-01-20T05:44:30.427+0000] {spark_submit.py:571} INFO - awaitTermination ...
[2024-01-20T05:45:30.431+0000] {spark_submit.py:571} INFO - select scores
[2024-01-20T05:45:30.458+0000] {spark_submit.py:571} INFO - average scores :  DataFrame[avg(Sentiment_Score_Bullish): double, avg(Sentiment_Score_Bearish): double, avg(Sentiment_Score_Neutral): double]
[2024-01-20T05:45:30.458+0000] {spark_submit.py:571} INFO - # Calculate percentage change in Bitcoin price
[2024-01-20T05:45:30.711+0000] {spark_submit.py:571} INFO - ERROR:root:An error occurred in the Spark Streaming job: Queries with streaming sources must be executed with writeStream.start();
[2024-01-20T05:45:30.712+0000] {spark_submit.py:571} INFO - kafka
[2024-01-20T05:45:30.713+0000] {spark_submit.py:571} INFO - Done !!
[2024-01-20T05:45:31.973+0000] {taskinstance.py:1400} INFO - Marking task as SUCCESS. dag_id=SpeedLayer, task_id=submit_spark_job, execution_date=20240120T054343, start_date=20240120T054412, end_date=20240120T054531
[2024-01-20T05:45:31.996+0000] {local_task_job_runner.py:228} INFO - Task exited with return code 0
[2024-01-20T05:45:32.007+0000] {taskinstance.py:2784} INFO - 0 downstream tasks scheduled from follow-on schedule check
