[2024-01-20T20:25:34.658+0000] {taskinstance.py:1159} INFO - Dependencies all met for dep_context=non-requeueable deps ti=<TaskInstance: Kafka_Producer_2.Reddit scheduled__2024-01-20T20:23:26.300790+00:00 [queued]>
[2024-01-20T20:25:34.664+0000] {taskinstance.py:1159} INFO - Dependencies all met for dep_context=requeueable deps ti=<TaskInstance: Kafka_Producer_2.Reddit scheduled__2024-01-20T20:23:26.300790+00:00 [queued]>
[2024-01-20T20:25:34.665+0000] {taskinstance.py:1361} INFO - Starting attempt 1 of 1
[2024-01-20T20:25:34.677+0000] {taskinstance.py:1382} INFO - Executing <Task(PythonOperator): Reddit> on 2024-01-20 20:23:26.300790+00:00
[2024-01-20T20:25:34.681+0000] {standard_task_runner.py:57} INFO - Started process 34 to run task
[2024-01-20T20:25:34.683+0000] {standard_task_runner.py:84} INFO - Running: ['***', 'tasks', 'run', 'Kafka_Producer_2', 'Reddit', 'scheduled__2024-01-20T20:23:26.300790+00:00', '--job-id', '1249', '--raw', '--subdir', 'DAGS_FOLDER/kafka_stream_2.py', '--cfg-path', '/tmp/tmpk7amgq0g']
[2024-01-20T20:25:34.685+0000] {standard_task_runner.py:85} INFO - Job 1249: Subtask Reddit
[2024-01-20T20:25:34.734+0000] {task_command.py:415} INFO - Running <TaskInstance: Kafka_Producer_2.Reddit scheduled__2024-01-20T20:23:26.300790+00:00 [running]> on host 45c5bfab8aa1
[2024-01-20T20:25:34.808+0000] {taskinstance.py:1660} INFO - Exporting env vars: AIRFLOW_CTX_DAG_OWNER='me' AIRFLOW_CTX_DAG_ID='Kafka_Producer_2' AIRFLOW_CTX_TASK_ID='Reddit' AIRFLOW_CTX_EXECUTION_DATE='2024-01-20T20:23:26.300790+00:00' AIRFLOW_CTX_TRY_NUMBER='1' AIRFLOW_CTX_DAG_RUN_ID='scheduled__2024-01-20T20:23:26.300790+00:00'
[2024-01-20T20:25:35.104+0000] {logging_mixin.py:151} INFO -  submission : 
[2024-01-20T20:25:36.439+0000] {logging_mixin.py:151} INFO - @True
[2024-01-20T20:25:36.442+0000] {conn.py:380} INFO - <BrokerConnection node_id=bootstrap-0 host=broker:29092 <connecting> [IPv4 ('172.19.0.11', 29092)]>: connecting to broker:29092 [('172.19.0.11', 29092) IPv4]
[2024-01-20T20:25:36.443+0000] {conn.py:1205} INFO - Probing node bootstrap-0 broker version
[2024-01-20T20:25:36.445+0000] {conn.py:410} INFO - <BrokerConnection node_id=bootstrap-0 host=broker:29092 <connecting> [IPv4 ('172.19.0.11', 29092)]>: Connection complete.
[2024-01-20T20:25:36.620+0000] {conn.py:1267} INFO - Broker version identified as 2.5.0
[2024-01-20T20:25:36.620+0000] {conn.py:1268} INFO - Set configuration api_version=(2, 5, 0) to skip auto check_version requests on startup
[2024-01-20T20:25:36.625+0000] {logging_mixin.py:151} INFO - #False
[2024-01-20T20:25:36.626+0000] {logging_mixin.py:151} INFO - #False
[2024-01-20T20:25:36.626+0000] {conn.py:380} INFO - <BrokerConnection node_id=1 host=broker:29092 <connecting> [IPv4 ('172.19.0.11', 29092)]>: connecting to broker:29092 [('172.19.0.11', 29092) IPv4]
[2024-01-20T20:25:36.626+0000] {logging_mixin.py:151} INFO - #False
[2024-01-20T20:25:36.627+0000] {conn.py:410} INFO - <BrokerConnection node_id=1 host=broker:29092 <connecting> [IPv4 ('172.19.0.11', 29092)]>: Connection complete.
[2024-01-20T20:25:36.627+0000] {logging_mixin.py:151} INFO - #False
[2024-01-20T20:25:36.628+0000] {conn.py:919} INFO - <BrokerConnection node_id=bootstrap-0 host=broker:29092 <connected> [IPv4 ('172.19.0.11', 29092)]>: Closing connection. 
[2024-01-20T20:25:36.628+0000] {logging_mixin.py:151} INFO - #False
[2024-01-20T20:25:36.630+0000] {logging_mixin.py:151} INFO - #False
[2024-01-20T20:25:36.630+0000] {logging_mixin.py:151} INFO - #False
[2024-01-20T20:25:36.630+0000] {logging_mixin.py:151} INFO - #False
[2024-01-20T20:25:36.631+0000] {logging_mixin.py:151} INFO - #False
[2024-01-20T20:25:36.631+0000] {logging_mixin.py:151} INFO - #False
[2024-01-20T20:25:36.632+0000] {logging_mixin.py:151} INFO - #False
[2024-01-20T20:25:36.632+0000] {logging_mixin.py:151} INFO - #False
[2024-01-20T20:25:36.632+0000] {logging_mixin.py:151} INFO - #False
[2024-01-20T20:25:36.632+0000] {logging_mixin.py:151} INFO - #False
[2024-01-20T20:25:36.633+0000] {logging_mixin.py:151} INFO - #False
[2024-01-20T20:25:36.633+0000] {logging_mixin.py:151} INFO - #False
[2024-01-20T20:25:36.633+0000] {logging_mixin.py:151} INFO - #False
[2024-01-20T20:25:36.634+0000] {logging_mixin.py:151} INFO - #False
[2024-01-20T20:25:36.634+0000] {logging_mixin.py:151} INFO - #False
[2024-01-20T20:25:36.634+0000] {logging_mixin.py:151} INFO - #False
[2024-01-20T20:25:36.635+0000] {logging_mixin.py:151} INFO - #False
[2024-01-20T20:25:36.635+0000] {logging_mixin.py:151} INFO - #False
[2024-01-20T20:25:36.635+0000] {logging_mixin.py:151} INFO - #False
[2024-01-20T20:25:36.635+0000] {logging_mixin.py:151} INFO - #False
[2024-01-20T20:25:36.636+0000] {logging_mixin.py:151} INFO - #False
[2024-01-20T20:25:36.636+0000] {logging_mixin.py:151} INFO - #False
[2024-01-20T20:25:36.636+0000] {logging_mixin.py:151} INFO - #False
[2024-01-20T20:25:36.636+0000] {logging_mixin.py:151} INFO - #False
[2024-01-20T20:25:36.637+0000] {logging_mixin.py:151} INFO - #False
[2024-01-20T20:25:36.638+0000] {logging_mixin.py:151} INFO -  submission : 
[2024-01-20T20:25:37.410+0000] {logging_mixin.py:151} INFO - #False
[2024-01-20T20:25:37.410+0000] {logging_mixin.py:151} INFO - #False
[2024-01-20T20:25:37.411+0000] {logging_mixin.py:151} INFO - #False
[2024-01-20T20:25:37.411+0000] {logging_mixin.py:151} INFO - #False
[2024-01-20T20:25:37.412+0000] {logging_mixin.py:151} INFO - #False
[2024-01-20T20:25:37.412+0000] {logging_mixin.py:151} INFO - #False
[2024-01-20T20:25:37.412+0000] {logging_mixin.py:151} INFO - #False
[2024-01-20T20:25:37.413+0000] {logging_mixin.py:151} INFO - #False
[2024-01-20T20:25:37.413+0000] {logging_mixin.py:151} INFO - #False
[2024-01-20T20:25:37.413+0000] {logging_mixin.py:151} INFO - #False
[2024-01-20T20:25:37.414+0000] {logging_mixin.py:151} INFO - #False
[2024-01-20T20:25:37.414+0000] {logging_mixin.py:151} INFO - #False
[2024-01-20T20:25:37.414+0000] {logging_mixin.py:151} INFO - #False
[2024-01-20T20:25:37.414+0000] {logging_mixin.py:151} INFO - #False
[2024-01-20T20:25:37.415+0000] {logging_mixin.py:151} INFO - #False
[2024-01-20T20:25:37.416+0000] {logging_mixin.py:151} INFO - #False
[2024-01-20T20:25:37.416+0000] {logging_mixin.py:151} INFO - #False
[2024-01-20T20:25:37.416+0000] {logging_mixin.py:151} INFO - #False
[2024-01-20T20:25:37.416+0000] {logging_mixin.py:151} INFO - #False
[2024-01-20T20:25:37.417+0000] {logging_mixin.py:151} INFO - #False
[2024-01-20T20:25:37.417+0000] {logging_mixin.py:151} INFO - #False
[2024-01-20T20:25:37.418+0000] {logging_mixin.py:151} INFO - #False
[2024-01-20T20:25:37.418+0000] {logging_mixin.py:151} INFO - #False
[2024-01-20T20:25:37.418+0000] {logging_mixin.py:151} INFO - #False
[2024-01-20T20:25:37.419+0000] {logging_mixin.py:151} INFO - #False
[2024-01-20T20:25:37.419+0000] {logging_mixin.py:151} INFO - #False
[2024-01-20T20:25:37.419+0000] {logging_mixin.py:151} INFO - #False
[2024-01-20T20:25:37.419+0000] {logging_mixin.py:151} INFO - #False
[2024-01-20T20:25:37.419+0000] {logging_mixin.py:151} INFO - #False
[2024-01-20T20:25:37.420+0000] {logging_mixin.py:151} INFO - #False
[2024-01-20T20:25:37.420+0000] {logging_mixin.py:151} INFO -  submission : 
[2024-01-20T20:25:38.055+0000] {logging_mixin.py:151} INFO - #False
[2024-01-20T20:25:38.055+0000] {logging_mixin.py:151} INFO - #False
[2024-01-20T20:25:38.056+0000] {logging_mixin.py:151} INFO - #False
[2024-01-20T20:25:38.056+0000] {logging_mixin.py:151} INFO - #False
[2024-01-20T20:25:38.057+0000] {logging_mixin.py:151} INFO - #False
[2024-01-20T20:25:38.057+0000] {logging_mixin.py:151} INFO - #False
[2024-01-20T20:25:38.057+0000] {logging_mixin.py:151} INFO - #False
[2024-01-20T20:25:38.057+0000] {logging_mixin.py:151} INFO - #False
[2024-01-20T20:25:38.058+0000] {logging_mixin.py:151} INFO - #False
[2024-01-20T20:25:38.058+0000] {logging_mixin.py:151} INFO - #False
[2024-01-20T20:25:38.058+0000] {logging_mixin.py:151} INFO - #False
[2024-01-20T20:25:38.059+0000] {logging_mixin.py:151} INFO - #False
[2024-01-20T20:25:38.059+0000] {logging_mixin.py:151} INFO - #False
[2024-01-20T20:25:38.059+0000] {logging_mixin.py:151} INFO - #False
[2024-01-20T20:25:38.059+0000] {logging_mixin.py:151} INFO - #False
[2024-01-20T20:25:38.060+0000] {logging_mixin.py:151} INFO - #False
[2024-01-20T20:25:38.060+0000] {logging_mixin.py:151} INFO - #False
[2024-01-20T20:25:38.060+0000] {logging_mixin.py:151} INFO - #False
[2024-01-20T20:25:38.060+0000] {logging_mixin.py:151} INFO - #False
[2024-01-20T20:25:38.061+0000] {logging_mixin.py:151} INFO - #False
[2024-01-20T20:25:38.061+0000] {logging_mixin.py:151} INFO - #False
[2024-01-20T20:25:38.061+0000] {logging_mixin.py:151} INFO - #False
[2024-01-20T20:25:38.061+0000] {logging_mixin.py:151} INFO - #False
[2024-01-20T20:25:38.062+0000] {logging_mixin.py:151} INFO - #False
[2024-01-20T20:25:38.062+0000] {logging_mixin.py:151} INFO - #False
[2024-01-20T20:25:38.062+0000] {logging_mixin.py:151} INFO - #False
[2024-01-20T20:25:38.062+0000] {logging_mixin.py:151} INFO - #False
[2024-01-20T20:25:38.063+0000] {logging_mixin.py:151} INFO - #False
[2024-01-20T20:25:38.063+0000] {logging_mixin.py:151} INFO - #False
[2024-01-20T20:25:38.063+0000] {logging_mixin.py:151} INFO - #False
[2024-01-20T20:25:38.063+0000] {logging_mixin.py:151} INFO -  submission : 
[2024-01-20T20:25:38.677+0000] {logging_mixin.py:151} INFO - #False
[2024-01-20T20:25:38.678+0000] {logging_mixin.py:151} INFO - #False
[2024-01-20T20:25:38.678+0000] {logging_mixin.py:151} INFO - #False
[2024-01-20T20:25:38.678+0000] {logging_mixin.py:151} INFO - #False
[2024-01-20T20:25:38.679+0000] {logging_mixin.py:151} INFO - #False
[2024-01-20T20:25:38.679+0000] {logging_mixin.py:151} INFO - #False
[2024-01-20T20:25:38.679+0000] {logging_mixin.py:151} INFO - #False
[2024-01-20T20:25:38.680+0000] {logging_mixin.py:151} INFO - #False
[2024-01-20T20:25:38.680+0000] {logging_mixin.py:151} INFO - #False
[2024-01-20T20:25:38.680+0000] {logging_mixin.py:151} INFO - #False
[2024-01-20T20:25:38.680+0000] {logging_mixin.py:151} INFO - #False
[2024-01-20T20:25:38.681+0000] {logging_mixin.py:151} INFO - #False
[2024-01-20T20:25:38.681+0000] {logging_mixin.py:151} INFO - #False
[2024-01-20T20:25:38.681+0000] {logging_mixin.py:151} INFO - #False
[2024-01-20T20:25:38.681+0000] {logging_mixin.py:151} INFO - #False
[2024-01-20T20:25:38.682+0000] {logging_mixin.py:151} INFO - #False
[2024-01-20T20:25:38.682+0000] {logging_mixin.py:151} INFO - #False
[2024-01-20T20:25:38.682+0000] {logging_mixin.py:151} INFO - #False
[2024-01-20T20:25:38.682+0000] {logging_mixin.py:151} INFO - #False
[2024-01-20T20:25:38.683+0000] {logging_mixin.py:151} INFO - #False
[2024-01-20T20:25:38.683+0000] {logging_mixin.py:151} INFO - #False
[2024-01-20T20:25:38.683+0000] {logging_mixin.py:151} INFO - #False
[2024-01-20T20:25:38.683+0000] {logging_mixin.py:151} INFO - #False
[2024-01-20T20:25:38.684+0000] {logging_mixin.py:151} INFO - #False
[2024-01-20T20:25:38.684+0000] {logging_mixin.py:151} INFO - #False
[2024-01-20T20:25:38.684+0000] {logging_mixin.py:151} INFO - #False
[2024-01-20T20:25:38.684+0000] {logging_mixin.py:151} INFO - #False
[2024-01-20T20:25:38.685+0000] {logging_mixin.py:151} INFO - #False
[2024-01-20T20:25:38.685+0000] {logging_mixin.py:151} INFO - #False
[2024-01-20T20:25:38.685+0000] {logging_mixin.py:151} INFO - #False
[2024-01-20T20:25:38.685+0000] {logging_mixin.py:151} INFO -  submission : 
[2024-01-20T20:25:39.409+0000] {logging_mixin.py:151} INFO - #False
[2024-01-20T20:25:39.410+0000] {logging_mixin.py:151} INFO - #False
[2024-01-20T20:25:39.410+0000] {logging_mixin.py:151} INFO - #False
[2024-01-20T20:25:39.411+0000] {logging_mixin.py:151} INFO - #False
[2024-01-20T20:25:39.411+0000] {logging_mixin.py:151} INFO - #False
[2024-01-20T20:25:39.411+0000] {logging_mixin.py:151} INFO - #False
[2024-01-20T20:25:39.412+0000] {logging_mixin.py:151} INFO - #False
[2024-01-20T20:25:39.412+0000] {logging_mixin.py:151} INFO - #False
[2024-01-20T20:25:39.412+0000] {logging_mixin.py:151} INFO - #False
[2024-01-20T20:25:39.413+0000] {logging_mixin.py:151} INFO - #False
[2024-01-20T20:25:39.413+0000] {logging_mixin.py:151} INFO - #False
[2024-01-20T20:25:39.413+0000] {logging_mixin.py:151} INFO - #False
[2024-01-20T20:25:39.413+0000] {logging_mixin.py:151} INFO - #False
[2024-01-20T20:25:39.414+0000] {logging_mixin.py:151} INFO - #False
[2024-01-20T20:25:39.414+0000] {logging_mixin.py:151} INFO - #False
[2024-01-20T20:25:39.414+0000] {logging_mixin.py:151} INFO - #False
[2024-01-20T20:25:39.415+0000] {logging_mixin.py:151} INFO - #False
[2024-01-20T20:25:39.415+0000] {logging_mixin.py:151} INFO - #False
[2024-01-20T20:25:39.415+0000] {logging_mixin.py:151} INFO - #False
[2024-01-20T20:25:39.416+0000] {logging_mixin.py:151} INFO - #False
[2024-01-20T20:25:39.416+0000] {logging_mixin.py:151} INFO - #False
[2024-01-20T20:25:39.416+0000] {logging_mixin.py:151} INFO - #False
[2024-01-20T20:25:39.416+0000] {logging_mixin.py:151} INFO - #False
[2024-01-20T20:25:39.417+0000] {logging_mixin.py:151} INFO - #False
[2024-01-20T20:25:39.417+0000] {logging_mixin.py:151} INFO - #False
[2024-01-20T20:25:39.417+0000] {logging_mixin.py:151} INFO - #False
[2024-01-20T20:25:39.417+0000] {logging_mixin.py:151} INFO - #False
[2024-01-20T20:25:39.417+0000] {logging_mixin.py:151} INFO - #False
[2024-01-20T20:25:39.418+0000] {logging_mixin.py:151} INFO - #False
[2024-01-20T20:25:39.418+0000] {logging_mixin.py:151} INFO - #False
[2024-01-20T20:25:39.418+0000] {logging_mixin.py:151} INFO -  submission : 
[2024-01-20T20:25:39.955+0000] {logging_mixin.py:151} INFO - #False
[2024-01-20T20:25:39.956+0000] {logging_mixin.py:151} INFO - #False
[2024-01-20T20:25:39.956+0000] {logging_mixin.py:151} INFO - #False
[2024-01-20T20:25:39.957+0000] {logging_mixin.py:151} INFO - #False
[2024-01-20T20:25:39.957+0000] {logging_mixin.py:151} INFO - #False
[2024-01-20T20:25:39.957+0000] {logging_mixin.py:151} INFO - #False
[2024-01-20T20:25:39.958+0000] {logging_mixin.py:151} INFO - #False
[2024-01-20T20:25:39.958+0000] {logging_mixin.py:151} INFO - #False
[2024-01-20T20:25:39.958+0000] {logging_mixin.py:151} INFO - #False
[2024-01-20T20:25:39.958+0000] {logging_mixin.py:151} INFO - #False
[2024-01-20T20:25:39.959+0000] {logging_mixin.py:151} INFO - #False
[2024-01-20T20:25:39.959+0000] {logging_mixin.py:151} INFO - #False
[2024-01-20T20:25:39.959+0000] {logging_mixin.py:151} INFO - #False
[2024-01-20T20:25:39.959+0000] {logging_mixin.py:151} INFO - #False
[2024-01-20T20:25:39.960+0000] {logging_mixin.py:151} INFO - #False
[2024-01-20T20:25:39.960+0000] {logging_mixin.py:151} INFO - #False
[2024-01-20T20:25:39.960+0000] {logging_mixin.py:151} INFO - #False
[2024-01-20T20:25:39.961+0000] {logging_mixin.py:151} INFO - #False
[2024-01-20T20:25:39.961+0000] {logging_mixin.py:151} INFO - #False
[2024-01-20T20:25:39.961+0000] {logging_mixin.py:151} INFO - #False
[2024-01-20T20:25:39.962+0000] {logging_mixin.py:151} INFO - #False
[2024-01-20T20:25:39.962+0000] {logging_mixin.py:151} INFO - #False
[2024-01-20T20:25:39.962+0000] {logging_mixin.py:151} INFO - #False
[2024-01-20T20:25:39.962+0000] {logging_mixin.py:151} INFO - #False
[2024-01-20T20:25:39.962+0000] {logging_mixin.py:151} INFO - #False
[2024-01-20T20:25:39.963+0000] {logging_mixin.py:151} INFO - #False
[2024-01-20T20:25:39.963+0000] {logging_mixin.py:151} INFO - #False
[2024-01-20T20:25:39.963+0000] {logging_mixin.py:151} INFO - #False
[2024-01-20T20:25:39.963+0000] {logging_mixin.py:151} INFO - #False
[2024-01-20T20:25:39.963+0000] {logging_mixin.py:151} INFO - #False
[2024-01-20T20:25:39.964+0000] {logging_mixin.py:151} INFO -  submission : 
[2024-01-20T20:25:40.599+0000] {logging_mixin.py:151} INFO - #False
[2024-01-20T20:25:40.599+0000] {logging_mixin.py:151} INFO - #False
[2024-01-20T20:25:40.600+0000] {logging_mixin.py:151} INFO - #False
[2024-01-20T20:25:40.600+0000] {logging_mixin.py:151} INFO - #False
[2024-01-20T20:25:40.600+0000] {logging_mixin.py:151} INFO - #False
[2024-01-20T20:25:40.601+0000] {logging_mixin.py:151} INFO - #False
[2024-01-20T20:25:40.601+0000] {logging_mixin.py:151} INFO - #False
[2024-01-20T20:25:40.601+0000] {logging_mixin.py:151} INFO - #False
[2024-01-20T20:25:40.602+0000] {logging_mixin.py:151} INFO - #False
[2024-01-20T20:25:40.602+0000] {logging_mixin.py:151} INFO - #False
[2024-01-20T20:25:40.602+0000] {logging_mixin.py:151} INFO - #False
[2024-01-20T20:25:40.603+0000] {logging_mixin.py:151} INFO - #False
[2024-01-20T20:25:40.603+0000] {logging_mixin.py:151} INFO - #False
[2024-01-20T20:25:40.603+0000] {logging_mixin.py:151} INFO - #False
[2024-01-20T20:25:40.604+0000] {logging_mixin.py:151} INFO - #False
[2024-01-20T20:25:40.604+0000] {logging_mixin.py:151} INFO - #False
[2024-01-20T20:25:40.604+0000] {logging_mixin.py:151} INFO - #False
[2024-01-20T20:25:40.604+0000] {logging_mixin.py:151} INFO - #False
[2024-01-20T20:25:40.605+0000] {logging_mixin.py:151} INFO - #False
[2024-01-20T20:25:40.605+0000] {logging_mixin.py:151} INFO - #False
[2024-01-20T20:25:40.605+0000] {logging_mixin.py:151} INFO - #False
[2024-01-20T20:25:40.605+0000] {logging_mixin.py:151} INFO - #False
[2024-01-20T20:25:40.606+0000] {logging_mixin.py:151} INFO - #False
[2024-01-20T20:25:40.606+0000] {logging_mixin.py:151} INFO - #False
[2024-01-20T20:25:40.606+0000] {logging_mixin.py:151} INFO - #False
[2024-01-20T20:25:40.606+0000] {logging_mixin.py:151} INFO - #False
[2024-01-20T20:25:40.607+0000] {logging_mixin.py:151} INFO - #False
[2024-01-20T20:25:40.607+0000] {logging_mixin.py:151} INFO - #False
[2024-01-20T20:25:40.607+0000] {logging_mixin.py:151} INFO - #False
[2024-01-20T20:25:40.607+0000] {logging_mixin.py:151} INFO - #False
[2024-01-20T20:25:40.607+0000] {logging_mixin.py:151} INFO -  submission : 
[2024-01-20T20:25:41.555+0000] {logging_mixin.py:151} INFO - #False
[2024-01-20T20:25:41.557+0000] {logging_mixin.py:151} INFO - #False
[2024-01-20T20:25:41.560+0000] {logging_mixin.py:151} INFO - #False
[2024-01-20T20:25:41.562+0000] {logging_mixin.py:151} INFO - #False
[2024-01-20T20:25:41.563+0000] {logging_mixin.py:151} INFO - #False
[2024-01-20T20:25:41.563+0000] {logging_mixin.py:151} INFO - #False
[2024-01-20T20:25:41.564+0000] {logging_mixin.py:151} INFO - #False
[2024-01-20T20:25:41.565+0000] {logging_mixin.py:151} INFO - #False
[2024-01-20T20:25:41.565+0000] {logging_mixin.py:151} INFO - #False
[2024-01-20T20:25:41.567+0000] {logging_mixin.py:151} INFO - #False
[2024-01-20T20:25:41.568+0000] {logging_mixin.py:151} INFO - #False
[2024-01-20T20:25:41.568+0000] {logging_mixin.py:151} INFO - #False
[2024-01-20T20:25:41.569+0000] {logging_mixin.py:151} INFO - #False
[2024-01-20T20:25:41.569+0000] {logging_mixin.py:151} INFO - #False
[2024-01-20T20:25:41.569+0000] {logging_mixin.py:151} INFO - #False
[2024-01-20T20:25:41.569+0000] {logging_mixin.py:151} INFO - #False
[2024-01-20T20:25:41.570+0000] {logging_mixin.py:151} INFO - #False
[2024-01-20T20:25:41.570+0000] {logging_mixin.py:151} INFO - #False
[2024-01-20T20:25:41.570+0000] {logging_mixin.py:151} INFO - #False
[2024-01-20T20:25:41.571+0000] {logging_mixin.py:151} INFO - #False
[2024-01-20T20:25:41.571+0000] {logging_mixin.py:151} INFO - #False
[2024-01-20T20:25:41.571+0000] {logging_mixin.py:151} INFO - #False
[2024-01-20T20:25:41.572+0000] {logging_mixin.py:151} INFO - #False
[2024-01-20T20:25:41.572+0000] {logging_mixin.py:151} INFO - #False
[2024-01-20T20:25:41.572+0000] {logging_mixin.py:151} INFO - #False
[2024-01-20T20:25:41.573+0000] {logging_mixin.py:151} INFO - #False
[2024-01-20T20:25:41.573+0000] {logging_mixin.py:151} INFO - #False
[2024-01-20T20:25:41.573+0000] {logging_mixin.py:151} INFO - #False
[2024-01-20T20:25:41.574+0000] {logging_mixin.py:151} INFO - #False
[2024-01-20T20:25:41.574+0000] {logging_mixin.py:151} INFO - #False
[2024-01-20T20:25:41.575+0000] {conn.py:919} INFO - <BrokerConnection node_id=1 host=broker:29092 <connected> [IPv4 ('172.19.0.11', 29092)]>: Closing connection. 
[2024-01-20T20:25:41.576+0000] {python.py:194} INFO - Done. Returned value was: None
[2024-01-20T20:25:41.586+0000] {taskinstance.py:1400} INFO - Marking task as SUCCESS. dag_id=Kafka_Producer_2, task_id=Reddit, execution_date=20240120T202326, start_date=20240120T202534, end_date=20240120T202541
[2024-01-20T20:25:41.625+0000] {local_task_job_runner.py:228} INFO - Task exited with return code 0
[2024-01-20T20:25:41.641+0000] {taskinstance.py:2784} INFO - 0 downstream tasks scheduled from follow-on schedule check
