[2024-01-20T04:22:27.028+0000] {taskinstance.py:1159} INFO - Dependencies all met for dep_context=non-requeueable deps ti=<TaskInstance: Kafka_Producer_1.Reddit scheduled__2024-01-20T04:21:14.186310+00:00 [queued]>
[2024-01-20T04:22:27.035+0000] {taskinstance.py:1159} INFO - Dependencies all met for dep_context=requeueable deps ti=<TaskInstance: Kafka_Producer_1.Reddit scheduled__2024-01-20T04:21:14.186310+00:00 [queued]>
[2024-01-20T04:22:27.036+0000] {taskinstance.py:1361} INFO - Starting attempt 1 of 1
[2024-01-20T04:22:27.048+0000] {taskinstance.py:1382} INFO - Executing <Task(PythonOperator): Reddit> on 2024-01-20 04:21:14.186310+00:00
[2024-01-20T04:22:27.053+0000] {standard_task_runner.py:57} INFO - Started process 4536 to run task
[2024-01-20T04:22:27.055+0000] {standard_task_runner.py:84} INFO - Running: ['***', 'tasks', 'run', 'Kafka_Producer_1', 'Reddit', 'scheduled__2024-01-20T04:21:14.186310+00:00', '--job-id', '115', '--raw', '--subdir', 'DAGS_FOLDER/kafka_stream.py', '--cfg-path', '/tmp/tmpocu_h6zx']
[2024-01-20T04:22:27.056+0000] {standard_task_runner.py:85} INFO - Job 115: Subtask Reddit
[2024-01-20T04:22:27.089+0000] {task_command.py:415} INFO - Running <TaskInstance: Kafka_Producer_1.Reddit scheduled__2024-01-20T04:21:14.186310+00:00 [running]> on host 45c5bfab8aa1
[2024-01-20T04:22:27.147+0000] {taskinstance.py:1660} INFO - Exporting env vars: AIRFLOW_CTX_DAG_OWNER='me' AIRFLOW_CTX_DAG_ID='Kafka_Producer_1' AIRFLOW_CTX_TASK_ID='Reddit' AIRFLOW_CTX_EXECUTION_DATE='2024-01-20T04:21:14.186310+00:00' AIRFLOW_CTX_TRY_NUMBER='1' AIRFLOW_CTX_DAG_RUN_ID='scheduled__2024-01-20T04:21:14.186310+00:00'
[2024-01-20T04:22:27.174+0000] {logging_mixin.py:151} INFO -  submission : 
[2024-01-20T04:22:27.942+0000] {logging_mixin.py:151} INFO - #False
[2024-01-20T04:22:27.943+0000] {logging_mixin.py:151} INFO - #False
[2024-01-20T04:22:27.943+0000] {logging_mixin.py:151} INFO - #False
[2024-01-20T04:22:27.943+0000] {logging_mixin.py:151} INFO - #False
[2024-01-20T04:22:27.943+0000] {logging_mixin.py:151} INFO - #False
[2024-01-20T04:22:27.944+0000] {logging_mixin.py:151} INFO - #False
[2024-01-20T04:22:27.944+0000] {logging_mixin.py:151} INFO - #False
[2024-01-20T04:22:27.944+0000] {logging_mixin.py:151} INFO - #False
[2024-01-20T04:22:27.945+0000] {logging_mixin.py:151} INFO - #False
[2024-01-20T04:22:27.945+0000] {logging_mixin.py:151} INFO - #False
[2024-01-20T04:22:27.946+0000] {logging_mixin.py:151} INFO - #False
[2024-01-20T04:22:27.946+0000] {logging_mixin.py:151} INFO - #False
[2024-01-20T04:22:27.946+0000] {logging_mixin.py:151} INFO - #False
[2024-01-20T04:22:27.946+0000] {logging_mixin.py:151} INFO - #False
[2024-01-20T04:22:27.947+0000] {logging_mixin.py:151} INFO - #False
[2024-01-20T04:22:27.947+0000] {logging_mixin.py:151} INFO - #False
[2024-01-20T04:22:27.948+0000] {logging_mixin.py:151} INFO - #False
[2024-01-20T04:22:27.948+0000] {logging_mixin.py:151} INFO - #False
[2024-01-20T04:22:27.948+0000] {logging_mixin.py:151} INFO - #False
[2024-01-20T04:22:27.949+0000] {logging_mixin.py:151} INFO - #False
[2024-01-20T04:22:27.949+0000] {logging_mixin.py:151} INFO - #False
[2024-01-20T04:22:27.950+0000] {logging_mixin.py:151} INFO - #False
[2024-01-20T04:22:27.950+0000] {logging_mixin.py:151} INFO - #False
[2024-01-20T04:22:27.950+0000] {logging_mixin.py:151} INFO - #False
[2024-01-20T04:22:27.950+0000] {logging_mixin.py:151} INFO - #False
[2024-01-20T04:22:27.950+0000] {logging_mixin.py:151} INFO - #False
[2024-01-20T04:22:27.951+0000] {logging_mixin.py:151} INFO - #False
[2024-01-20T04:22:27.951+0000] {logging_mixin.py:151} INFO - #False
[2024-01-20T04:22:27.951+0000] {logging_mixin.py:151} INFO - #False
[2024-01-20T04:22:27.952+0000] {logging_mixin.py:151} INFO - #False
[2024-01-20T04:22:27.952+0000] {logging_mixin.py:151} INFO -  submission : 
[2024-01-20T04:22:28.447+0000] {logging_mixin.py:151} INFO - #False
[2024-01-20T04:22:28.448+0000] {logging_mixin.py:151} INFO - #False
[2024-01-20T04:22:28.448+0000] {logging_mixin.py:151} INFO - #False
[2024-01-20T04:22:28.448+0000] {logging_mixin.py:151} INFO - #False
[2024-01-20T04:22:28.449+0000] {logging_mixin.py:151} INFO - #False
[2024-01-20T04:22:28.449+0000] {logging_mixin.py:151} INFO - #False
[2024-01-20T04:22:28.449+0000] {logging_mixin.py:151} INFO - #False
[2024-01-20T04:22:28.449+0000] {logging_mixin.py:151} INFO - #False
[2024-01-20T04:22:28.450+0000] {logging_mixin.py:151} INFO - #False
[2024-01-20T04:22:28.450+0000] {logging_mixin.py:151} INFO - #False
[2024-01-20T04:22:28.450+0000] {logging_mixin.py:151} INFO - #False
[2024-01-20T04:22:28.450+0000] {logging_mixin.py:151} INFO - #False
[2024-01-20T04:22:28.451+0000] {logging_mixin.py:151} INFO - #False
[2024-01-20T04:22:28.451+0000] {logging_mixin.py:151} INFO - #False
[2024-01-20T04:22:28.451+0000] {logging_mixin.py:151} INFO - #False
[2024-01-20T04:22:28.451+0000] {logging_mixin.py:151} INFO - #False
[2024-01-20T04:22:28.452+0000] {logging_mixin.py:151} INFO - #False
[2024-01-20T04:22:28.452+0000] {logging_mixin.py:151} INFO - #False
[2024-01-20T04:22:28.452+0000] {logging_mixin.py:151} INFO - #False
[2024-01-20T04:22:28.452+0000] {logging_mixin.py:151} INFO - #False
[2024-01-20T04:22:28.452+0000] {logging_mixin.py:151} INFO - #False
[2024-01-20T04:22:28.453+0000] {logging_mixin.py:151} INFO - #False
[2024-01-20T04:22:28.453+0000] {logging_mixin.py:151} INFO - #False
[2024-01-20T04:22:28.453+0000] {logging_mixin.py:151} INFO - #False
[2024-01-20T04:22:28.453+0000] {logging_mixin.py:151} INFO - #False
[2024-01-20T04:22:28.453+0000] {logging_mixin.py:151} INFO - #False
[2024-01-20T04:22:28.454+0000] {logging_mixin.py:151} INFO - #False
[2024-01-20T04:22:28.454+0000] {logging_mixin.py:151} INFO - #False
[2024-01-20T04:22:28.454+0000] {logging_mixin.py:151} INFO - #False
[2024-01-20T04:22:28.454+0000] {logging_mixin.py:151} INFO - #False
[2024-01-20T04:22:28.454+0000] {logging_mixin.py:151} INFO -  submission : 
[2024-01-20T04:22:29.036+0000] {logging_mixin.py:151} INFO - #False
[2024-01-20T04:22:29.036+0000] {logging_mixin.py:151} INFO - #False
[2024-01-20T04:22:29.036+0000] {logging_mixin.py:151} INFO - #False
[2024-01-20T04:22:29.037+0000] {logging_mixin.py:151} INFO - #False
[2024-01-20T04:22:29.037+0000] {logging_mixin.py:151} INFO - #False
[2024-01-20T04:22:29.037+0000] {logging_mixin.py:151} INFO - #False
[2024-01-20T04:22:29.037+0000] {logging_mixin.py:151} INFO - #False
[2024-01-20T04:22:29.038+0000] {logging_mixin.py:151} INFO - #False
[2024-01-20T04:22:29.038+0000] {logging_mixin.py:151} INFO - #False
[2024-01-20T04:22:29.039+0000] {logging_mixin.py:151} INFO - #False
[2024-01-20T04:22:29.039+0000] {logging_mixin.py:151} INFO - #False
[2024-01-20T04:22:29.039+0000] {logging_mixin.py:151} INFO - #False
[2024-01-20T04:22:29.039+0000] {logging_mixin.py:151} INFO - #False
[2024-01-20T04:22:29.040+0000] {logging_mixin.py:151} INFO - #False
[2024-01-20T04:22:29.040+0000] {logging_mixin.py:151} INFO - #False
[2024-01-20T04:22:29.040+0000] {logging_mixin.py:151} INFO - #False
[2024-01-20T04:22:29.040+0000] {logging_mixin.py:151} INFO - #False
[2024-01-20T04:22:29.041+0000] {logging_mixin.py:151} INFO - #False
[2024-01-20T04:22:29.041+0000] {logging_mixin.py:151} INFO - #False
[2024-01-20T04:22:29.041+0000] {logging_mixin.py:151} INFO - #False
[2024-01-20T04:22:29.041+0000] {logging_mixin.py:151} INFO - #False
[2024-01-20T04:22:29.042+0000] {logging_mixin.py:151} INFO - #False
[2024-01-20T04:22:29.042+0000] {logging_mixin.py:151} INFO - #False
[2024-01-20T04:22:29.042+0000] {logging_mixin.py:151} INFO - #False
[2024-01-20T04:22:29.042+0000] {logging_mixin.py:151} INFO - #False
[2024-01-20T04:22:29.042+0000] {logging_mixin.py:151} INFO - #False
[2024-01-20T04:22:29.043+0000] {logging_mixin.py:151} INFO - #False
[2024-01-20T04:22:29.043+0000] {logging_mixin.py:151} INFO - #False
[2024-01-20T04:22:29.043+0000] {logging_mixin.py:151} INFO - #False
[2024-01-20T04:22:29.043+0000] {logging_mixin.py:151} INFO - #False
[2024-01-20T04:22:29.044+0000] {logging_mixin.py:151} INFO -  submission : 
[2024-01-20T04:22:29.550+0000] {logging_mixin.py:151} INFO - #False
[2024-01-20T04:22:29.551+0000] {logging_mixin.py:151} INFO - #False
[2024-01-20T04:22:29.551+0000] {logging_mixin.py:151} INFO - #False
[2024-01-20T04:22:29.552+0000] {logging_mixin.py:151} INFO - #False
[2024-01-20T04:22:29.552+0000] {logging_mixin.py:151} INFO - #False
[2024-01-20T04:22:29.553+0000] {logging_mixin.py:151} INFO - #False
[2024-01-20T04:22:29.553+0000] {logging_mixin.py:151} INFO - #False
[2024-01-20T04:22:29.553+0000] {logging_mixin.py:151} INFO - #False
[2024-01-20T04:22:29.554+0000] {logging_mixin.py:151} INFO - #False
[2024-01-20T04:22:29.554+0000] {logging_mixin.py:151} INFO - #False
[2024-01-20T04:22:29.555+0000] {logging_mixin.py:151} INFO - #False
[2024-01-20T04:22:29.556+0000] {logging_mixin.py:151} INFO - #False
[2024-01-20T04:22:29.556+0000] {logging_mixin.py:151} INFO - #False
[2024-01-20T04:22:29.556+0000] {logging_mixin.py:151} INFO - #False
[2024-01-20T04:22:29.557+0000] {logging_mixin.py:151} INFO - #False
[2024-01-20T04:22:29.557+0000] {logging_mixin.py:151} INFO - #False
[2024-01-20T04:22:29.557+0000] {logging_mixin.py:151} INFO - #False
[2024-01-20T04:22:29.558+0000] {logging_mixin.py:151} INFO - #False
[2024-01-20T04:22:29.558+0000] {logging_mixin.py:151} INFO - #False
[2024-01-20T04:22:29.558+0000] {logging_mixin.py:151} INFO - #False
[2024-01-20T04:22:29.558+0000] {logging_mixin.py:151} INFO - #False
[2024-01-20T04:22:29.558+0000] {logging_mixin.py:151} INFO - #False
[2024-01-20T04:22:29.559+0000] {logging_mixin.py:151} INFO - #False
[2024-01-20T04:22:29.559+0000] {logging_mixin.py:151} INFO - #False
[2024-01-20T04:22:29.559+0000] {logging_mixin.py:151} INFO - #False
[2024-01-20T04:22:29.560+0000] {logging_mixin.py:151} INFO - #False
[2024-01-20T04:22:29.560+0000] {logging_mixin.py:151} INFO - #False
[2024-01-20T04:22:29.560+0000] {logging_mixin.py:151} INFO - #False
[2024-01-20T04:22:29.561+0000] {logging_mixin.py:151} INFO - #False
[2024-01-20T04:22:29.561+0000] {logging_mixin.py:151} INFO - #False
[2024-01-20T04:22:29.561+0000] {logging_mixin.py:151} INFO -  submission : 
[2024-01-20T04:22:30.037+0000] {logging_mixin.py:151} INFO - #False
[2024-01-20T04:22:30.038+0000] {logging_mixin.py:151} INFO - #False
[2024-01-20T04:22:30.038+0000] {logging_mixin.py:151} INFO - #False
[2024-01-20T04:22:30.038+0000] {logging_mixin.py:151} INFO - #False
[2024-01-20T04:22:30.038+0000] {logging_mixin.py:151} INFO - #False
[2024-01-20T04:22:30.039+0000] {logging_mixin.py:151} INFO - #False
[2024-01-20T04:22:30.039+0000] {logging_mixin.py:151} INFO - #False
[2024-01-20T04:22:30.039+0000] {logging_mixin.py:151} INFO - #False
[2024-01-20T04:22:30.039+0000] {logging_mixin.py:151} INFO - #False
[2024-01-20T04:22:30.040+0000] {logging_mixin.py:151} INFO - #False
[2024-01-20T04:22:30.040+0000] {logging_mixin.py:151} INFO - #False
[2024-01-20T04:22:30.040+0000] {logging_mixin.py:151} INFO - #False
[2024-01-20T04:22:30.040+0000] {logging_mixin.py:151} INFO - #False
[2024-01-20T04:22:30.041+0000] {logging_mixin.py:151} INFO - #False
[2024-01-20T04:22:30.041+0000] {logging_mixin.py:151} INFO - #False
[2024-01-20T04:22:30.041+0000] {logging_mixin.py:151} INFO - #False
[2024-01-20T04:22:30.042+0000] {logging_mixin.py:151} INFO - #False
[2024-01-20T04:22:30.042+0000] {logging_mixin.py:151} INFO - #False
[2024-01-20T04:22:30.042+0000] {logging_mixin.py:151} INFO - #False
[2024-01-20T04:22:30.042+0000] {logging_mixin.py:151} INFO - #False
[2024-01-20T04:22:30.042+0000] {logging_mixin.py:151} INFO - #False
[2024-01-20T04:22:30.043+0000] {logging_mixin.py:151} INFO - #False
[2024-01-20T04:22:30.043+0000] {logging_mixin.py:151} INFO - #False
[2024-01-20T04:22:30.043+0000] {logging_mixin.py:151} INFO - #False
[2024-01-20T04:22:30.043+0000] {logging_mixin.py:151} INFO - #False
[2024-01-20T04:22:30.043+0000] {logging_mixin.py:151} INFO - #False
[2024-01-20T04:22:30.044+0000] {logging_mixin.py:151} INFO - #False
[2024-01-20T04:22:30.044+0000] {logging_mixin.py:151} INFO - #False
[2024-01-20T04:22:30.044+0000] {logging_mixin.py:151} INFO - #False
[2024-01-20T04:22:30.044+0000] {logging_mixin.py:151} INFO - #False
[2024-01-20T04:22:30.045+0000] {logging_mixin.py:151} INFO -  submission : 
[2024-01-20T04:22:30.593+0000] {logging_mixin.py:151} INFO - #False
[2024-01-20T04:22:30.593+0000] {logging_mixin.py:151} INFO - #False
[2024-01-20T04:22:30.594+0000] {logging_mixin.py:151} INFO - #False
[2024-01-20T04:22:30.594+0000] {logging_mixin.py:151} INFO - #False
[2024-01-20T04:22:30.594+0000] {logging_mixin.py:151} INFO - #False
[2024-01-20T04:22:30.595+0000] {logging_mixin.py:151} INFO - #False
[2024-01-20T04:22:30.595+0000] {logging_mixin.py:151} INFO - #False
[2024-01-20T04:22:30.595+0000] {logging_mixin.py:151} INFO - #False
[2024-01-20T04:22:30.595+0000] {logging_mixin.py:151} INFO - #False
[2024-01-20T04:22:30.595+0000] {logging_mixin.py:151} INFO - #False
[2024-01-20T04:22:30.596+0000] {logging_mixin.py:151} INFO - #False
[2024-01-20T04:22:30.596+0000] {logging_mixin.py:151} INFO - #False
[2024-01-20T04:22:30.596+0000] {logging_mixin.py:151} INFO - #False
[2024-01-20T04:22:30.596+0000] {logging_mixin.py:151} INFO - #False
[2024-01-20T04:22:30.596+0000] {logging_mixin.py:151} INFO - #False
[2024-01-20T04:22:30.597+0000] {logging_mixin.py:151} INFO - #False
[2024-01-20T04:22:30.597+0000] {logging_mixin.py:151} INFO - #False
[2024-01-20T04:22:30.597+0000] {logging_mixin.py:151} INFO - #False
[2024-01-20T04:22:30.597+0000] {logging_mixin.py:151} INFO - #False
[2024-01-20T04:22:30.598+0000] {logging_mixin.py:151} INFO - #False
[2024-01-20T04:22:30.598+0000] {logging_mixin.py:151} INFO - #False
[2024-01-20T04:22:30.598+0000] {logging_mixin.py:151} INFO - #False
[2024-01-20T04:22:30.599+0000] {logging_mixin.py:151} INFO - #False
[2024-01-20T04:22:30.599+0000] {logging_mixin.py:151} INFO - #False
[2024-01-20T04:22:30.599+0000] {logging_mixin.py:151} INFO - #False
[2024-01-20T04:22:30.599+0000] {logging_mixin.py:151} INFO - #False
[2024-01-20T04:22:30.600+0000] {logging_mixin.py:151} INFO - #False
[2024-01-20T04:22:30.600+0000] {logging_mixin.py:151} INFO - #False
[2024-01-20T04:22:30.600+0000] {logging_mixin.py:151} INFO - #False
[2024-01-20T04:22:30.600+0000] {logging_mixin.py:151} INFO - #False
[2024-01-20T04:22:30.601+0000] {logging_mixin.py:151} INFO -  submission : 
[2024-01-20T04:22:31.086+0000] {logging_mixin.py:151} INFO - @True
[2024-01-20T04:22:31.087+0000] {conn.py:380} INFO - <BrokerConnection node_id=bootstrap-0 host=broker:29092 <connecting> [IPv4 ('172.19.0.8', 29092)]>: connecting to broker:29092 [('172.19.0.8', 29092) IPv4]
[2024-01-20T04:22:31.088+0000] {conn.py:1205} INFO - Probing node bootstrap-0 broker version
[2024-01-20T04:22:31.088+0000] {conn.py:410} INFO - <BrokerConnection node_id=bootstrap-0 host=broker:29092 <connecting> [IPv4 ('172.19.0.8', 29092)]>: Connection complete.
[2024-01-20T04:22:31.191+0000] {conn.py:1267} INFO - Broker version identified as 2.5.0
[2024-01-20T04:22:31.192+0000] {conn.py:1268} INFO - Set configuration api_version=(2, 5, 0) to skip auto check_version requests on startup
[2024-01-20T04:22:31.195+0000] {logging_mixin.py:151} INFO - #False
[2024-01-20T04:22:31.196+0000] {conn.py:380} INFO - <BrokerConnection node_id=1 host=broker:29092 <connecting> [IPv4 ('172.19.0.8', 29092)]>: connecting to broker:29092 [('172.19.0.8', 29092) IPv4]
[2024-01-20T04:22:31.196+0000] {logging_mixin.py:151} INFO - #False
[2024-01-20T04:22:31.197+0000] {conn.py:410} INFO - <BrokerConnection node_id=1 host=broker:29092 <connecting> [IPv4 ('172.19.0.8', 29092)]>: Connection complete.
[2024-01-20T04:22:31.197+0000] {conn.py:919} INFO - <BrokerConnection node_id=bootstrap-0 host=broker:29092 <connected> [IPv4 ('172.19.0.8', 29092)]>: Closing connection. 
[2024-01-20T04:22:31.197+0000] {logging_mixin.py:151} INFO - #False
[2024-01-20T04:22:31.199+0000] {logging_mixin.py:151} INFO - #False
[2024-01-20T04:22:31.203+0000] {logging_mixin.py:151} INFO - #False
[2024-01-20T04:22:31.204+0000] {logging_mixin.py:151} INFO - #False
[2024-01-20T04:22:31.204+0000] {logging_mixin.py:151} INFO - #False
[2024-01-20T04:22:31.204+0000] {logging_mixin.py:151} INFO - #False
[2024-01-20T04:22:31.205+0000] {logging_mixin.py:151} INFO - #False
[2024-01-20T04:22:31.205+0000] {logging_mixin.py:151} INFO - #False
[2024-01-20T04:22:31.206+0000] {logging_mixin.py:151} INFO - #False
[2024-01-20T04:22:31.206+0000] {logging_mixin.py:151} INFO - #False
[2024-01-20T04:22:31.206+0000] {logging_mixin.py:151} INFO - #False
[2024-01-20T04:22:31.206+0000] {logging_mixin.py:151} INFO - #False
[2024-01-20T04:22:31.207+0000] {logging_mixin.py:151} INFO - #False
[2024-01-20T04:22:31.207+0000] {logging_mixin.py:151} INFO - #False
[2024-01-20T04:22:31.207+0000] {logging_mixin.py:151} INFO - #False
[2024-01-20T04:22:31.208+0000] {logging_mixin.py:151} INFO - #False
[2024-01-20T04:22:31.208+0000] {logging_mixin.py:151} INFO - #False
[2024-01-20T04:22:31.208+0000] {logging_mixin.py:151} INFO - #False
[2024-01-20T04:22:31.208+0000] {logging_mixin.py:151} INFO - #False
[2024-01-20T04:22:31.208+0000] {logging_mixin.py:151} INFO - #False
[2024-01-20T04:22:31.209+0000] {logging_mixin.py:151} INFO - #False
[2024-01-20T04:22:31.209+0000] {logging_mixin.py:151} INFO - #False
[2024-01-20T04:22:31.209+0000] {logging_mixin.py:151} INFO - #False
[2024-01-20T04:22:31.209+0000] {logging_mixin.py:151} INFO - #False
[2024-01-20T04:22:31.210+0000] {logging_mixin.py:151} INFO - #False
[2024-01-20T04:22:31.210+0000] {logging_mixin.py:151} INFO - #False
[2024-01-20T04:22:31.210+0000] {logging_mixin.py:151} INFO - #False
[2024-01-20T04:22:31.210+0000] {logging_mixin.py:151} INFO -  submission : 
[2024-01-20T04:22:31.798+0000] {logging_mixin.py:151} INFO - #False
[2024-01-20T04:22:31.798+0000] {logging_mixin.py:151} INFO - #False
[2024-01-20T04:22:31.799+0000] {logging_mixin.py:151} INFO - #False
[2024-01-20T04:22:31.799+0000] {logging_mixin.py:151} INFO - #False
[2024-01-20T04:22:31.799+0000] {logging_mixin.py:151} INFO - #False
[2024-01-20T04:22:31.800+0000] {logging_mixin.py:151} INFO - #False
[2024-01-20T04:22:31.800+0000] {logging_mixin.py:151} INFO - #False
[2024-01-20T04:22:31.800+0000] {logging_mixin.py:151} INFO - #False
[2024-01-20T04:22:31.801+0000] {logging_mixin.py:151} INFO - #False
[2024-01-20T04:22:31.802+0000] {logging_mixin.py:151} INFO - #False
[2024-01-20T04:22:31.802+0000] {logging_mixin.py:151} INFO - #False
[2024-01-20T04:22:31.802+0000] {logging_mixin.py:151} INFO - #False
[2024-01-20T04:22:31.802+0000] {logging_mixin.py:151} INFO - #False
[2024-01-20T04:22:31.802+0000] {logging_mixin.py:151} INFO - #False
[2024-01-20T04:22:31.803+0000] {logging_mixin.py:151} INFO - #False
[2024-01-20T04:22:31.803+0000] {logging_mixin.py:151} INFO - #False
[2024-01-20T04:22:31.803+0000] {logging_mixin.py:151} INFO - #False
[2024-01-20T04:22:31.803+0000] {logging_mixin.py:151} INFO - #False
[2024-01-20T04:22:31.804+0000] {logging_mixin.py:151} INFO - #False
[2024-01-20T04:22:31.804+0000] {logging_mixin.py:151} INFO - #False
[2024-01-20T04:22:31.804+0000] {logging_mixin.py:151} INFO - #False
[2024-01-20T04:22:31.805+0000] {logging_mixin.py:151} INFO - #False
[2024-01-20T04:22:31.805+0000] {logging_mixin.py:151} INFO - #False
[2024-01-20T04:22:31.805+0000] {logging_mixin.py:151} INFO - #False
[2024-01-20T04:22:31.805+0000] {logging_mixin.py:151} INFO - #False
[2024-01-20T04:22:31.806+0000] {logging_mixin.py:151} INFO - #False
[2024-01-20T04:22:31.806+0000] {logging_mixin.py:151} INFO - #False
[2024-01-20T04:22:31.806+0000] {logging_mixin.py:151} INFO - #False
[2024-01-20T04:22:31.806+0000] {logging_mixin.py:151} INFO - #False
[2024-01-20T04:22:31.807+0000] {logging_mixin.py:151} INFO - #False
[2024-01-20T04:22:31.807+0000] {conn.py:919} INFO - <BrokerConnection node_id=1 host=broker:29092 <connected> [IPv4 ('172.19.0.8', 29092)]>: Closing connection. 
[2024-01-20T04:22:31.808+0000] {python.py:194} INFO - Done. Returned value was: None
[2024-01-20T04:22:31.815+0000] {taskinstance.py:1400} INFO - Marking task as SUCCESS. dag_id=Kafka_Producer_1, task_id=Reddit, execution_date=20240120T042114, start_date=20240120T042227, end_date=20240120T042231
[2024-01-20T04:22:31.919+0000] {local_task_job_runner.py:228} INFO - Task exited with return code 0
[2024-01-20T04:22:31.932+0000] {taskinstance.py:2784} INFO - 0 downstream tasks scheduled from follow-on schedule check
