[2024-01-20T08:34:29.061+0000] {taskinstance.py:1159} INFO - Dependencies all met for dep_context=non-requeueable deps ti=<TaskInstance: Kafka_Producer_4.Reddit scheduled__2024-01-20T08:32:24.226607+00:00 [queued]>
[2024-01-20T08:34:29.069+0000] {taskinstance.py:1159} INFO - Dependencies all met for dep_context=requeueable deps ti=<TaskInstance: Kafka_Producer_4.Reddit scheduled__2024-01-20T08:32:24.226607+00:00 [queued]>
[2024-01-20T08:34:29.069+0000] {taskinstance.py:1361} INFO - Starting attempt 1 of 1
[2024-01-20T08:34:29.080+0000] {taskinstance.py:1382} INFO - Executing <Task(PythonOperator): Reddit> on 2024-01-20 08:32:24.226607+00:00
[2024-01-20T08:34:29.082+0000] {standard_task_runner.py:57} INFO - Started process 1600 to run task
[2024-01-20T08:34:29.084+0000] {standard_task_runner.py:84} INFO - Running: ['***', 'tasks', 'run', 'Kafka_Producer_4', 'Reddit', 'scheduled__2024-01-20T08:32:24.226607+00:00', '--job-id', '1090', '--raw', '--subdir', 'DAGS_FOLDER/kafka_stream_4.py', '--cfg-path', '/tmp/tmp5p256rek']
[2024-01-20T08:34:29.085+0000] {standard_task_runner.py:85} INFO - Job 1090: Subtask Reddit
[2024-01-20T08:34:29.126+0000] {task_command.py:415} INFO - Running <TaskInstance: Kafka_Producer_4.Reddit scheduled__2024-01-20T08:32:24.226607+00:00 [running]> on host 45c5bfab8aa1
[2024-01-20T08:34:29.196+0000] {taskinstance.py:1660} INFO - Exporting env vars: AIRFLOW_CTX_DAG_OWNER='me' AIRFLOW_CTX_DAG_ID='Kafka_Producer_4' AIRFLOW_CTX_TASK_ID='Reddit' AIRFLOW_CTX_EXECUTION_DATE='2024-01-20T08:32:24.226607+00:00' AIRFLOW_CTX_TRY_NUMBER='1' AIRFLOW_CTX_DAG_RUN_ID='scheduled__2024-01-20T08:32:24.226607+00:00'
[2024-01-20T08:34:29.232+0000] {logging_mixin.py:151} INFO -  submission : 
[2024-01-20T08:34:30.274+0000] {logging_mixin.py:151} INFO - @True
[2024-01-20T08:34:30.340+0000] {conn.py:380} INFO - <BrokerConnection node_id=bootstrap-0 host=broker:29092 <connecting> [IPv4 ('172.19.0.8', 29092)]>: connecting to broker:29092 [('172.19.0.8', 29092) IPv4]
[2024-01-20T08:34:30.341+0000] {conn.py:1205} INFO - Probing node bootstrap-0 broker version
[2024-01-20T08:34:30.342+0000] {conn.py:410} INFO - <BrokerConnection node_id=bootstrap-0 host=broker:29092 <connecting> [IPv4 ('172.19.0.8', 29092)]>: Connection complete.
[2024-01-20T08:34:30.445+0000] {conn.py:1267} INFO - Broker version identified as 2.5.0
[2024-01-20T08:34:30.445+0000] {conn.py:1268} INFO - Set configuration api_version=(2, 5, 0) to skip auto check_version requests on startup
[2024-01-20T08:34:30.449+0000] {logging_mixin.py:151} INFO - #False
[2024-01-20T08:34:30.449+0000] {logging_mixin.py:151} INFO - #False
[2024-01-20T08:34:30.450+0000] {logging_mixin.py:151} INFO - #False
[2024-01-20T08:34:30.450+0000] {conn.py:380} INFO - <BrokerConnection node_id=1 host=broker:29092 <connecting> [IPv4 ('172.19.0.8', 29092)]>: connecting to broker:29092 [('172.19.0.8', 29092) IPv4]
[2024-01-20T08:34:30.450+0000] {logging_mixin.py:151} INFO - #False
[2024-01-20T08:34:30.451+0000] {conn.py:410} INFO - <BrokerConnection node_id=1 host=broker:29092 <connecting> [IPv4 ('172.19.0.8', 29092)]>: Connection complete.
[2024-01-20T08:34:30.451+0000] {logging_mixin.py:151} INFO - #False
[2024-01-20T08:34:30.451+0000] {conn.py:919} INFO - <BrokerConnection node_id=bootstrap-0 host=broker:29092 <connected> [IPv4 ('172.19.0.8', 29092)]>: Closing connection. 
[2024-01-20T08:34:30.452+0000] {logging_mixin.py:151} INFO - #False
[2024-01-20T08:34:30.453+0000] {logging_mixin.py:151} INFO - #False
[2024-01-20T08:34:30.454+0000] {logging_mixin.py:151} INFO - #False
[2024-01-20T08:34:30.454+0000] {logging_mixin.py:151} INFO - #False
[2024-01-20T08:34:30.454+0000] {logging_mixin.py:151} INFO - #False
[2024-01-20T08:34:30.454+0000] {logging_mixin.py:151} INFO - #False
[2024-01-20T08:34:30.455+0000] {logging_mixin.py:151} INFO - #False
[2024-01-20T08:34:30.455+0000] {logging_mixin.py:151} INFO - #False
[2024-01-20T08:34:30.455+0000] {logging_mixin.py:151} INFO - #False
[2024-01-20T08:34:30.455+0000] {logging_mixin.py:151} INFO - #False
[2024-01-20T08:34:30.456+0000] {logging_mixin.py:151} INFO - #False
[2024-01-20T08:34:30.456+0000] {logging_mixin.py:151} INFO - #False
[2024-01-20T08:34:30.456+0000] {logging_mixin.py:151} INFO - #False
[2024-01-20T08:34:30.456+0000] {logging_mixin.py:151} INFO - #False
[2024-01-20T08:34:30.456+0000] {logging_mixin.py:151} INFO - #False
[2024-01-20T08:34:30.458+0000] {logging_mixin.py:151} INFO - #False
[2024-01-20T08:34:30.458+0000] {logging_mixin.py:151} INFO - #False
[2024-01-20T08:34:30.458+0000] {logging_mixin.py:151} INFO - #False
[2024-01-20T08:34:30.459+0000] {logging_mixin.py:151} INFO - #False
[2024-01-20T08:34:30.459+0000] {logging_mixin.py:151} INFO - #False
[2024-01-20T08:34:30.460+0000] {logging_mixin.py:151} INFO - #False
[2024-01-20T08:34:30.460+0000] {logging_mixin.py:151} INFO - #False
[2024-01-20T08:34:30.460+0000] {logging_mixin.py:151} INFO - #False
[2024-01-20T08:34:30.460+0000] {logging_mixin.py:151} INFO - #False
[2024-01-20T08:34:30.460+0000] {logging_mixin.py:151} INFO -  submission : 
[2024-01-20T08:34:31.047+0000] {logging_mixin.py:151} INFO - #False
[2024-01-20T08:34:31.048+0000] {logging_mixin.py:151} INFO - #False
[2024-01-20T08:34:31.048+0000] {logging_mixin.py:151} INFO - #False
[2024-01-20T08:34:31.049+0000] {logging_mixin.py:151} INFO - #False
[2024-01-20T08:34:31.049+0000] {logging_mixin.py:151} INFO - #False
[2024-01-20T08:34:31.049+0000] {logging_mixin.py:151} INFO - #False
[2024-01-20T08:34:31.050+0000] {logging_mixin.py:151} INFO - #False
[2024-01-20T08:34:31.050+0000] {logging_mixin.py:151} INFO - #False
[2024-01-20T08:34:31.050+0000] {logging_mixin.py:151} INFO - #False
[2024-01-20T08:34:31.051+0000] {logging_mixin.py:151} INFO - #False
[2024-01-20T08:34:31.051+0000] {logging_mixin.py:151} INFO - #False
[2024-01-20T08:34:31.051+0000] {logging_mixin.py:151} INFO - #False
[2024-01-20T08:34:31.051+0000] {logging_mixin.py:151} INFO - #False
[2024-01-20T08:34:31.051+0000] {logging_mixin.py:151} INFO - #False
[2024-01-20T08:34:31.052+0000] {logging_mixin.py:151} INFO - #False
[2024-01-20T08:34:31.052+0000] {logging_mixin.py:151} INFO - #False
[2024-01-20T08:34:31.052+0000] {logging_mixin.py:151} INFO - #False
[2024-01-20T08:34:31.052+0000] {logging_mixin.py:151} INFO - #False
[2024-01-20T08:34:31.052+0000] {logging_mixin.py:151} INFO - #False
[2024-01-20T08:34:31.052+0000] {logging_mixin.py:151} INFO - #False
[2024-01-20T08:34:31.053+0000] {logging_mixin.py:151} INFO - #False
[2024-01-20T08:34:31.054+0000] {logging_mixin.py:151} INFO - #False
[2024-01-20T08:34:31.054+0000] {logging_mixin.py:151} INFO - #False
[2024-01-20T08:34:31.054+0000] {logging_mixin.py:151} INFO - #False
[2024-01-20T08:34:31.054+0000] {logging_mixin.py:151} INFO - #False
[2024-01-20T08:34:31.054+0000] {logging_mixin.py:151} INFO - #False
[2024-01-20T08:34:31.055+0000] {logging_mixin.py:151} INFO - #False
[2024-01-20T08:34:31.055+0000] {logging_mixin.py:151} INFO - #False
[2024-01-20T08:34:31.055+0000] {logging_mixin.py:151} INFO - #False
[2024-01-20T08:34:31.056+0000] {logging_mixin.py:151} INFO - #False
[2024-01-20T08:34:31.056+0000] {logging_mixin.py:151} INFO -  submission : 
[2024-01-20T08:34:31.647+0000] {logging_mixin.py:151} INFO - @True
[2024-01-20T08:34:31.648+0000] {conn.py:380} INFO - <BrokerConnection node_id=bootstrap-0 host=broker:29092 <connecting> [IPv4 ('172.19.0.8', 29092)]>: connecting to broker:29092 [('172.19.0.8', 29092) IPv4]
[2024-01-20T08:34:31.649+0000] {conn.py:1205} INFO - Probing node bootstrap-0 broker version
[2024-01-20T08:34:31.649+0000] {conn.py:410} INFO - <BrokerConnection node_id=bootstrap-0 host=broker:29092 <connecting> [IPv4 ('172.19.0.8', 29092)]>: Connection complete.
[2024-01-20T08:34:31.752+0000] {conn.py:1267} INFO - Broker version identified as 2.5.0
[2024-01-20T08:34:31.752+0000] {conn.py:1268} INFO - Set configuration api_version=(2, 5, 0) to skip auto check_version requests on startup
[2024-01-20T08:34:31.754+0000] {conn.py:919} INFO - <BrokerConnection node_id=1 host=broker:29092 <connected> [IPv4 ('172.19.0.8', 29092)]>: Closing connection. 
[2024-01-20T08:34:31.757+0000] {logging_mixin.py:151} INFO - #False
[2024-01-20T08:34:31.757+0000] {logging_mixin.py:151} INFO - #False
[2024-01-20T08:34:31.757+0000] {conn.py:380} INFO - <BrokerConnection node_id=1 host=broker:29092 <connecting> [IPv4 ('172.19.0.8', 29092)]>: connecting to broker:29092 [('172.19.0.8', 29092) IPv4]
[2024-01-20T08:34:31.757+0000] {logging_mixin.py:151} INFO - #False
[2024-01-20T08:34:31.758+0000] {conn.py:410} INFO - <BrokerConnection node_id=1 host=broker:29092 <connecting> [IPv4 ('172.19.0.8', 29092)]>: Connection complete.
[2024-01-20T08:34:31.759+0000] {conn.py:919} INFO - <BrokerConnection node_id=bootstrap-0 host=broker:29092 <connected> [IPv4 ('172.19.0.8', 29092)]>: Closing connection. 
[2024-01-20T08:34:31.758+0000] {logging_mixin.py:151} INFO - #False
[2024-01-20T08:34:31.760+0000] {logging_mixin.py:151} INFO - #False
[2024-01-20T08:34:31.761+0000] {logging_mixin.py:151} INFO - #False
[2024-01-20T08:34:31.761+0000] {logging_mixin.py:151} INFO - #False
[2024-01-20T08:34:31.761+0000] {logging_mixin.py:151} INFO - #False
[2024-01-20T08:34:31.761+0000] {logging_mixin.py:151} INFO - #False
[2024-01-20T08:34:31.762+0000] {logging_mixin.py:151} INFO - #False
[2024-01-20T08:34:31.762+0000] {logging_mixin.py:151} INFO - #False
[2024-01-20T08:34:31.762+0000] {logging_mixin.py:151} INFO - #False
[2024-01-20T08:34:31.762+0000] {logging_mixin.py:151} INFO - #False
[2024-01-20T08:34:31.763+0000] {logging_mixin.py:151} INFO - #False
[2024-01-20T08:34:31.763+0000] {logging_mixin.py:151} INFO - #False
[2024-01-20T08:34:31.763+0000] {logging_mixin.py:151} INFO - #False
[2024-01-20T08:34:31.764+0000] {logging_mixin.py:151} INFO - #False
[2024-01-20T08:34:31.764+0000] {logging_mixin.py:151} INFO - #False
[2024-01-20T08:34:31.764+0000] {logging_mixin.py:151} INFO - #False
[2024-01-20T08:34:31.764+0000] {logging_mixin.py:151} INFO - #False
[2024-01-20T08:34:31.765+0000] {logging_mixin.py:151} INFO - #False
[2024-01-20T08:34:31.765+0000] {logging_mixin.py:151} INFO - #False
[2024-01-20T08:34:31.765+0000] {logging_mixin.py:151} INFO - #False
[2024-01-20T08:34:31.765+0000] {logging_mixin.py:151} INFO - #False
[2024-01-20T08:34:31.766+0000] {logging_mixin.py:151} INFO - #False
[2024-01-20T08:34:31.767+0000] {logging_mixin.py:151} INFO - #False
[2024-01-20T08:34:31.767+0000] {logging_mixin.py:151} INFO - #False
[2024-01-20T08:34:31.767+0000] {logging_mixin.py:151} INFO - #False
[2024-01-20T08:34:31.768+0000] {logging_mixin.py:151} INFO - #False
[2024-01-20T08:34:31.768+0000] {logging_mixin.py:151} INFO -  submission : 
[2024-01-20T08:34:32.306+0000] {logging_mixin.py:151} INFO - #False
[2024-01-20T08:34:32.307+0000] {logging_mixin.py:151} INFO - #False
[2024-01-20T08:34:32.307+0000] {logging_mixin.py:151} INFO - #False
[2024-01-20T08:34:32.307+0000] {logging_mixin.py:151} INFO - #False
[2024-01-20T08:34:32.308+0000] {logging_mixin.py:151} INFO - #False
[2024-01-20T08:34:32.308+0000] {logging_mixin.py:151} INFO - #False
[2024-01-20T08:34:32.308+0000] {logging_mixin.py:151} INFO - #False
[2024-01-20T08:34:32.309+0000] {logging_mixin.py:151} INFO - #False
[2024-01-20T08:34:32.309+0000] {logging_mixin.py:151} INFO - #False
[2024-01-20T08:34:32.309+0000] {logging_mixin.py:151} INFO - #False
[2024-01-20T08:34:32.309+0000] {logging_mixin.py:151} INFO - #False
[2024-01-20T08:34:32.310+0000] {logging_mixin.py:151} INFO - #False
[2024-01-20T08:34:32.310+0000] {logging_mixin.py:151} INFO - #False
[2024-01-20T08:34:32.310+0000] {logging_mixin.py:151} INFO - #False
[2024-01-20T08:34:32.310+0000] {logging_mixin.py:151} INFO - #False
[2024-01-20T08:34:32.310+0000] {logging_mixin.py:151} INFO - #False
[2024-01-20T08:34:32.311+0000] {logging_mixin.py:151} INFO - #False
[2024-01-20T08:34:32.311+0000] {logging_mixin.py:151} INFO - #False
[2024-01-20T08:34:32.311+0000] {logging_mixin.py:151} INFO - #False
[2024-01-20T08:34:32.311+0000] {logging_mixin.py:151} INFO - #False
[2024-01-20T08:34:32.312+0000] {logging_mixin.py:151} INFO - #False
[2024-01-20T08:34:32.312+0000] {logging_mixin.py:151} INFO - #False
[2024-01-20T08:34:32.312+0000] {logging_mixin.py:151} INFO - #False
[2024-01-20T08:34:32.312+0000] {logging_mixin.py:151} INFO - #False
[2024-01-20T08:34:32.312+0000] {logging_mixin.py:151} INFO - #False
[2024-01-20T08:34:32.313+0000] {logging_mixin.py:151} INFO - #False
[2024-01-20T08:34:32.313+0000] {logging_mixin.py:151} INFO - #False
[2024-01-20T08:34:32.313+0000] {logging_mixin.py:151} INFO - #False
[2024-01-20T08:34:32.313+0000] {logging_mixin.py:151} INFO - #False
[2024-01-20T08:34:32.313+0000] {logging_mixin.py:151} INFO - #False
[2024-01-20T08:34:32.314+0000] {logging_mixin.py:151} INFO -  submission : 
[2024-01-20T08:34:32.809+0000] {logging_mixin.py:151} INFO - #False
[2024-01-20T08:34:32.809+0000] {logging_mixin.py:151} INFO - #False
[2024-01-20T08:34:32.809+0000] {logging_mixin.py:151} INFO - #False
[2024-01-20T08:34:32.810+0000] {logging_mixin.py:151} INFO - #False
[2024-01-20T08:34:32.810+0000] {logging_mixin.py:151} INFO - #False
[2024-01-20T08:34:32.810+0000] {logging_mixin.py:151} INFO - #False
[2024-01-20T08:34:32.811+0000] {logging_mixin.py:151} INFO - #False
[2024-01-20T08:34:32.811+0000] {logging_mixin.py:151} INFO - #False
[2024-01-20T08:34:32.811+0000] {logging_mixin.py:151} INFO - #False
[2024-01-20T08:34:32.811+0000] {logging_mixin.py:151} INFO - #False
[2024-01-20T08:34:32.812+0000] {logging_mixin.py:151} INFO - #False
[2024-01-20T08:34:32.812+0000] {logging_mixin.py:151} INFO - #False
[2024-01-20T08:34:32.812+0000] {logging_mixin.py:151} INFO - #False
[2024-01-20T08:34:32.813+0000] {logging_mixin.py:151} INFO - #False
[2024-01-20T08:34:32.813+0000] {logging_mixin.py:151} INFO - #False
[2024-01-20T08:34:32.813+0000] {logging_mixin.py:151} INFO - #False
[2024-01-20T08:34:32.813+0000] {logging_mixin.py:151} INFO - #False
[2024-01-20T08:34:32.814+0000] {logging_mixin.py:151} INFO - #False
[2024-01-20T08:34:32.814+0000] {logging_mixin.py:151} INFO - #False
[2024-01-20T08:34:32.814+0000] {logging_mixin.py:151} INFO - #False
[2024-01-20T08:34:32.815+0000] {logging_mixin.py:151} INFO - #False
[2024-01-20T08:34:32.815+0000] {logging_mixin.py:151} INFO - #False
[2024-01-20T08:34:32.816+0000] {logging_mixin.py:151} INFO - #False
[2024-01-20T08:34:32.816+0000] {logging_mixin.py:151} INFO - #False
[2024-01-20T08:34:32.817+0000] {logging_mixin.py:151} INFO - #False
[2024-01-20T08:34:32.818+0000] {logging_mixin.py:151} INFO - #False
[2024-01-20T08:34:32.818+0000] {logging_mixin.py:151} INFO - #False
[2024-01-20T08:34:32.818+0000] {logging_mixin.py:151} INFO - #False
[2024-01-20T08:34:32.819+0000] {logging_mixin.py:151} INFO - #False
[2024-01-20T08:34:32.821+0000] {logging_mixin.py:151} INFO - #False
[2024-01-20T08:34:32.823+0000] {logging_mixin.py:151} INFO -  submission : 
[2024-01-20T08:34:33.298+0000] {logging_mixin.py:151} INFO - #False
[2024-01-20T08:34:33.299+0000] {logging_mixin.py:151} INFO - #False
[2024-01-20T08:34:33.299+0000] {logging_mixin.py:151} INFO - #False
[2024-01-20T08:34:33.300+0000] {logging_mixin.py:151} INFO - #False
[2024-01-20T08:34:33.300+0000] {logging_mixin.py:151} INFO - #False
[2024-01-20T08:34:33.301+0000] {logging_mixin.py:151} INFO - #False
[2024-01-20T08:34:33.301+0000] {logging_mixin.py:151} INFO - #False
[2024-01-20T08:34:33.302+0000] {logging_mixin.py:151} INFO - #False
[2024-01-20T08:34:33.302+0000] {logging_mixin.py:151} INFO - #False
[2024-01-20T08:34:33.302+0000] {logging_mixin.py:151} INFO - #False
[2024-01-20T08:34:33.303+0000] {logging_mixin.py:151} INFO - #False
[2024-01-20T08:34:33.303+0000] {logging_mixin.py:151} INFO - #False
[2024-01-20T08:34:33.303+0000] {logging_mixin.py:151} INFO - #False
[2024-01-20T08:34:33.303+0000] {logging_mixin.py:151} INFO - #False
[2024-01-20T08:34:33.304+0000] {logging_mixin.py:151} INFO - #False
[2024-01-20T08:34:33.304+0000] {logging_mixin.py:151} INFO - #False
[2024-01-20T08:34:33.304+0000] {logging_mixin.py:151} INFO - #False
[2024-01-20T08:34:33.305+0000] {logging_mixin.py:151} INFO - #False
[2024-01-20T08:34:33.306+0000] {logging_mixin.py:151} INFO - #False
[2024-01-20T08:34:33.306+0000] {logging_mixin.py:151} INFO - #False
[2024-01-20T08:34:33.306+0000] {logging_mixin.py:151} INFO - #False
[2024-01-20T08:34:33.306+0000] {logging_mixin.py:151} INFO - #False
[2024-01-20T08:34:33.307+0000] {logging_mixin.py:151} INFO - #False
[2024-01-20T08:34:33.307+0000] {logging_mixin.py:151} INFO - #False
[2024-01-20T08:34:33.307+0000] {logging_mixin.py:151} INFO - #False
[2024-01-20T08:34:33.307+0000] {logging_mixin.py:151} INFO - #False
[2024-01-20T08:34:33.308+0000] {logging_mixin.py:151} INFO - #False
[2024-01-20T08:34:33.308+0000] {logging_mixin.py:151} INFO - #False
[2024-01-20T08:34:33.308+0000] {logging_mixin.py:151} INFO - #False
[2024-01-20T08:34:33.308+0000] {logging_mixin.py:151} INFO - #False
[2024-01-20T08:34:33.309+0000] {logging_mixin.py:151} INFO -  submission : 
[2024-01-20T08:34:33.896+0000] {logging_mixin.py:151} INFO - #False
[2024-01-20T08:34:33.897+0000] {logging_mixin.py:151} INFO - #False
[2024-01-20T08:34:33.897+0000] {logging_mixin.py:151} INFO - #False
[2024-01-20T08:34:33.897+0000] {logging_mixin.py:151} INFO - #False
[2024-01-20T08:34:33.898+0000] {logging_mixin.py:151} INFO - #False
[2024-01-20T08:34:33.898+0000] {logging_mixin.py:151} INFO - #False
[2024-01-20T08:34:33.898+0000] {logging_mixin.py:151} INFO - #False
[2024-01-20T08:34:33.898+0000] {logging_mixin.py:151} INFO - #False
[2024-01-20T08:34:33.899+0000] {logging_mixin.py:151} INFO - #False
[2024-01-20T08:34:33.899+0000] {logging_mixin.py:151} INFO - #False
[2024-01-20T08:34:33.899+0000] {logging_mixin.py:151} INFO - #False
[2024-01-20T08:34:33.899+0000] {logging_mixin.py:151} INFO - #False
[2024-01-20T08:34:33.900+0000] {logging_mixin.py:151} INFO - #False
[2024-01-20T08:34:33.900+0000] {logging_mixin.py:151} INFO - #False
[2024-01-20T08:34:33.900+0000] {logging_mixin.py:151} INFO - #False
[2024-01-20T08:34:33.900+0000] {logging_mixin.py:151} INFO - #False
[2024-01-20T08:34:33.900+0000] {logging_mixin.py:151} INFO - #False
[2024-01-20T08:34:33.901+0000] {logging_mixin.py:151} INFO - #False
[2024-01-20T08:34:33.901+0000] {logging_mixin.py:151} INFO - #False
[2024-01-20T08:34:33.901+0000] {logging_mixin.py:151} INFO - #False
[2024-01-20T08:34:33.902+0000] {logging_mixin.py:151} INFO - #False
[2024-01-20T08:34:33.902+0000] {logging_mixin.py:151} INFO - #False
[2024-01-20T08:34:33.902+0000] {logging_mixin.py:151} INFO - #False
[2024-01-20T08:34:33.902+0000] {logging_mixin.py:151} INFO - #False
[2024-01-20T08:34:33.903+0000] {logging_mixin.py:151} INFO - #False
[2024-01-20T08:34:33.903+0000] {logging_mixin.py:151} INFO - #False
[2024-01-20T08:34:33.903+0000] {logging_mixin.py:151} INFO - #False
[2024-01-20T08:34:33.904+0000] {logging_mixin.py:151} INFO - #False
[2024-01-20T08:34:33.904+0000] {logging_mixin.py:151} INFO - #False
[2024-01-20T08:34:33.905+0000] {logging_mixin.py:151} INFO - #False
[2024-01-20T08:34:33.906+0000] {logging_mixin.py:151} INFO -  submission : 
[2024-01-20T08:34:34.528+0000] {logging_mixin.py:151} INFO - #False
[2024-01-20T08:34:34.529+0000] {logging_mixin.py:151} INFO - #False
[2024-01-20T08:34:34.530+0000] {logging_mixin.py:151} INFO - #False
[2024-01-20T08:34:34.530+0000] {logging_mixin.py:151} INFO - #False
[2024-01-20T08:34:34.531+0000] {logging_mixin.py:151} INFO - #False
[2024-01-20T08:34:34.531+0000] {logging_mixin.py:151} INFO - #False
[2024-01-20T08:34:34.532+0000] {logging_mixin.py:151} INFO - #False
[2024-01-20T08:34:34.532+0000] {logging_mixin.py:151} INFO - #False
[2024-01-20T08:34:34.533+0000] {logging_mixin.py:151} INFO - #False
[2024-01-20T08:34:34.533+0000] {logging_mixin.py:151} INFO - #False
[2024-01-20T08:34:34.534+0000] {logging_mixin.py:151} INFO - #False
[2024-01-20T08:34:34.534+0000] {logging_mixin.py:151} INFO - #False
[2024-01-20T08:34:34.535+0000] {logging_mixin.py:151} INFO - #False
[2024-01-20T08:34:34.535+0000] {logging_mixin.py:151} INFO - #False
[2024-01-20T08:34:34.536+0000] {logging_mixin.py:151} INFO - #False
[2024-01-20T08:34:34.536+0000] {logging_mixin.py:151} INFO - #False
[2024-01-20T08:34:34.537+0000] {logging_mixin.py:151} INFO - #False
[2024-01-20T08:34:34.537+0000] {logging_mixin.py:151} INFO - #False
[2024-01-20T08:34:34.538+0000] {logging_mixin.py:151} INFO - #False
[2024-01-20T08:34:34.538+0000] {logging_mixin.py:151} INFO - #False
[2024-01-20T08:34:34.539+0000] {logging_mixin.py:151} INFO - #False
[2024-01-20T08:34:34.539+0000] {logging_mixin.py:151} INFO - #False
[2024-01-20T08:34:34.540+0000] {logging_mixin.py:151} INFO - #False
[2024-01-20T08:34:34.540+0000] {logging_mixin.py:151} INFO - #False
[2024-01-20T08:34:34.540+0000] {logging_mixin.py:151} INFO - #False
[2024-01-20T08:34:34.541+0000] {logging_mixin.py:151} INFO - #False
[2024-01-20T08:34:34.541+0000] {logging_mixin.py:151} INFO - #False
[2024-01-20T08:34:34.542+0000] {logging_mixin.py:151} INFO - #False
[2024-01-20T08:34:34.542+0000] {logging_mixin.py:151} INFO - #False
[2024-01-20T08:34:34.543+0000] {logging_mixin.py:151} INFO - #False
[2024-01-20T08:34:34.543+0000] {conn.py:919} INFO - <BrokerConnection node_id=1 host=broker:29092 <connected> [IPv4 ('172.19.0.8', 29092)]>: Closing connection. 
[2024-01-20T08:34:34.544+0000] {python.py:194} INFO - Done. Returned value was: None
[2024-01-20T08:34:34.553+0000] {taskinstance.py:1400} INFO - Marking task as SUCCESS. dag_id=Kafka_Producer_4, task_id=Reddit, execution_date=20240120T083224, start_date=20240120T083429, end_date=20240120T083434
[2024-01-20T08:34:34.586+0000] {local_task_job_runner.py:228} INFO - Task exited with return code 0
[2024-01-20T08:34:34.598+0000] {taskinstance.py:2784} INFO - 0 downstream tasks scheduled from follow-on schedule check
