[2024-01-17T22:17:50.370+0000] {taskinstance.py:1159} INFO - Dependencies all met for dep_context=non-requeueable deps ti=<TaskInstance: Stream_Data_1.Reddit scheduled__2024-01-17T22:16:34.930313+00:00 [queued]>
[2024-01-17T22:17:50.380+0000] {taskinstance.py:1159} INFO - Dependencies all met for dep_context=requeueable deps ti=<TaskInstance: Stream_Data_1.Reddit scheduled__2024-01-17T22:16:34.930313+00:00 [queued]>
[2024-01-17T22:17:50.380+0000] {taskinstance.py:1361} INFO - Starting attempt 1 of 1
[2024-01-17T22:17:50.395+0000] {taskinstance.py:1382} INFO - Executing <Task(PythonOperator): Reddit> on 2024-01-17 22:16:34.930313+00:00
[2024-01-17T22:17:50.399+0000] {standard_task_runner.py:57} INFO - Started process 5712 to run task
[2024-01-17T22:17:50.403+0000] {standard_task_runner.py:84} INFO - Running: ['***', 'tasks', 'run', 'Stream_Data_1', 'Reddit', 'scheduled__2024-01-17T22:16:34.930313+00:00', '--job-id', '958', '--raw', '--subdir', 'DAGS_FOLDER/kafka_stream.py', '--cfg-path', '/tmp/tmphw8vuffy']
[2024-01-17T22:17:50.404+0000] {standard_task_runner.py:85} INFO - Job 958: Subtask Reddit
[2024-01-17T22:17:50.474+0000] {task_command.py:415} INFO - Running <TaskInstance: Stream_Data_1.Reddit scheduled__2024-01-17T22:16:34.930313+00:00 [running]> on host 614a419ad930
[2024-01-17T22:17:50.585+0000] {taskinstance.py:1660} INFO - Exporting env vars: AIRFLOW_CTX_DAG_OWNER='me' AIRFLOW_CTX_DAG_ID='Stream_Data_1' AIRFLOW_CTX_TASK_ID='Reddit' AIRFLOW_CTX_EXECUTION_DATE='2024-01-17T22:16:34.930313+00:00' AIRFLOW_CTX_TRY_NUMBER='1' AIRFLOW_CTX_DAG_RUN_ID='scheduled__2024-01-17T22:16:34.930313+00:00'
[2024-01-17T22:17:50.621+0000] {logging_mixin.py:151} INFO -  submission : 
[2024-01-17T22:17:51.929+0000] {logging_mixin.py:151} INFO - #False
[2024-01-17T22:17:51.929+0000] {logging_mixin.py:151} INFO - #False
[2024-01-17T22:17:51.930+0000] {logging_mixin.py:151} INFO - #False
[2024-01-17T22:17:51.930+0000] {logging_mixin.py:151} INFO - #False
[2024-01-17T22:17:51.931+0000] {logging_mixin.py:151} INFO - #False
[2024-01-17T22:17:51.931+0000] {logging_mixin.py:151} INFO - #False
[2024-01-17T22:17:51.931+0000] {logging_mixin.py:151} INFO - #False
[2024-01-17T22:17:51.931+0000] {logging_mixin.py:151} INFO - #False
[2024-01-17T22:17:51.931+0000] {logging_mixin.py:151} INFO - #False
[2024-01-17T22:17:51.931+0000] {logging_mixin.py:151} INFO - #False
[2024-01-17T22:17:51.931+0000] {logging_mixin.py:151} INFO - #False
[2024-01-17T22:17:51.931+0000] {logging_mixin.py:151} INFO - #False
[2024-01-17T22:17:51.931+0000] {logging_mixin.py:151} INFO - #False
[2024-01-17T22:17:51.931+0000] {logging_mixin.py:151} INFO - #False
[2024-01-17T22:17:51.931+0000] {logging_mixin.py:151} INFO - #False
[2024-01-17T22:17:51.932+0000] {logging_mixin.py:151} INFO - #False
[2024-01-17T22:17:51.932+0000] {logging_mixin.py:151} INFO - #False
[2024-01-17T22:17:51.932+0000] {logging_mixin.py:151} INFO - #False
[2024-01-17T22:17:51.932+0000] {logging_mixin.py:151} INFO - #False
[2024-01-17T22:17:51.932+0000] {logging_mixin.py:151} INFO - #False
[2024-01-17T22:17:51.932+0000] {logging_mixin.py:151} INFO - #False
[2024-01-17T22:17:51.932+0000] {logging_mixin.py:151} INFO - #False
[2024-01-17T22:17:51.932+0000] {logging_mixin.py:151} INFO - #False
[2024-01-17T22:17:51.932+0000] {logging_mixin.py:151} INFO - #False
[2024-01-17T22:17:51.932+0000] {logging_mixin.py:151} INFO - #False
[2024-01-17T22:17:51.932+0000] {logging_mixin.py:151} INFO - #False
[2024-01-17T22:17:51.932+0000] {logging_mixin.py:151} INFO - #False
[2024-01-17T22:17:51.933+0000] {logging_mixin.py:151} INFO - #False
[2024-01-17T22:17:51.933+0000] {logging_mixin.py:151} INFO - #False
[2024-01-17T22:17:51.933+0000] {logging_mixin.py:151} INFO - #False
[2024-01-17T22:17:51.933+0000] {logging_mixin.py:151} INFO -  submission : 
[2024-01-17T22:17:52.748+0000] {logging_mixin.py:151} INFO - #False
[2024-01-17T22:17:52.748+0000] {logging_mixin.py:151} INFO - #False
[2024-01-17T22:17:52.748+0000] {logging_mixin.py:151} INFO - #False
[2024-01-17T22:17:52.749+0000] {logging_mixin.py:151} INFO - #False
[2024-01-17T22:17:52.749+0000] {logging_mixin.py:151} INFO - #False
[2024-01-17T22:17:52.749+0000] {logging_mixin.py:151} INFO - #False
[2024-01-17T22:17:52.749+0000] {logging_mixin.py:151} INFO - #False
[2024-01-17T22:17:52.749+0000] {logging_mixin.py:151} INFO - #False
[2024-01-17T22:17:52.749+0000] {logging_mixin.py:151} INFO - #False
[2024-01-17T22:17:52.749+0000] {logging_mixin.py:151} INFO - #False
[2024-01-17T22:17:52.749+0000] {logging_mixin.py:151} INFO - #False
[2024-01-17T22:17:52.749+0000] {logging_mixin.py:151} INFO - #False
[2024-01-17T22:17:52.749+0000] {logging_mixin.py:151} INFO - #False
[2024-01-17T22:17:52.749+0000] {logging_mixin.py:151} INFO - #False
[2024-01-17T22:17:52.749+0000] {logging_mixin.py:151} INFO - #False
[2024-01-17T22:17:52.749+0000] {logging_mixin.py:151} INFO - #False
[2024-01-17T22:17:52.750+0000] {logging_mixin.py:151} INFO - #False
[2024-01-17T22:17:52.750+0000] {logging_mixin.py:151} INFO - #False
[2024-01-17T22:17:52.750+0000] {logging_mixin.py:151} INFO - #False
[2024-01-17T22:17:52.750+0000] {logging_mixin.py:151} INFO - #False
[2024-01-17T22:17:52.750+0000] {logging_mixin.py:151} INFO - #False
[2024-01-17T22:17:52.750+0000] {logging_mixin.py:151} INFO - #False
[2024-01-17T22:17:52.750+0000] {logging_mixin.py:151} INFO - #False
[2024-01-17T22:17:52.750+0000] {logging_mixin.py:151} INFO - #False
[2024-01-17T22:17:52.750+0000] {logging_mixin.py:151} INFO - #False
[2024-01-17T22:17:52.750+0000] {logging_mixin.py:151} INFO - #False
[2024-01-17T22:17:52.750+0000] {logging_mixin.py:151} INFO - #False
[2024-01-17T22:17:52.751+0000] {logging_mixin.py:151} INFO - #False
[2024-01-17T22:17:52.751+0000] {logging_mixin.py:151} INFO - #False
[2024-01-17T22:17:52.751+0000] {logging_mixin.py:151} INFO - #False
[2024-01-17T22:17:52.751+0000] {logging_mixin.py:151} INFO -  submission : 
[2024-01-17T22:17:53.294+0000] {logging_mixin.py:151} INFO - #False
[2024-01-17T22:17:53.294+0000] {logging_mixin.py:151} INFO - #False
[2024-01-17T22:17:53.294+0000] {logging_mixin.py:151} INFO - #False
[2024-01-17T22:17:53.295+0000] {logging_mixin.py:151} INFO - #False
[2024-01-17T22:17:53.295+0000] {logging_mixin.py:151} INFO - #False
[2024-01-17T22:17:53.295+0000] {logging_mixin.py:151} INFO - #False
[2024-01-17T22:17:53.295+0000] {logging_mixin.py:151} INFO - #False
[2024-01-17T22:17:53.295+0000] {logging_mixin.py:151} INFO - #False
[2024-01-17T22:17:53.295+0000] {logging_mixin.py:151} INFO - #False
[2024-01-17T22:17:53.295+0000] {logging_mixin.py:151} INFO - #False
[2024-01-17T22:17:53.295+0000] {logging_mixin.py:151} INFO - #False
[2024-01-17T22:17:53.295+0000] {logging_mixin.py:151} INFO - #False
[2024-01-17T22:17:53.295+0000] {logging_mixin.py:151} INFO - #False
[2024-01-17T22:17:53.295+0000] {logging_mixin.py:151} INFO - #False
[2024-01-17T22:17:53.295+0000] {logging_mixin.py:151} INFO - #False
[2024-01-17T22:17:53.296+0000] {logging_mixin.py:151} INFO - #False
[2024-01-17T22:17:53.296+0000] {logging_mixin.py:151} INFO - #False
[2024-01-17T22:17:53.296+0000] {logging_mixin.py:151} INFO - #False
[2024-01-17T22:17:53.296+0000] {logging_mixin.py:151} INFO - #False
[2024-01-17T22:17:53.296+0000] {logging_mixin.py:151} INFO - #False
[2024-01-17T22:17:53.296+0000] {logging_mixin.py:151} INFO - #False
[2024-01-17T22:17:53.296+0000] {logging_mixin.py:151} INFO - #False
[2024-01-17T22:17:53.296+0000] {logging_mixin.py:151} INFO - #False
[2024-01-17T22:17:53.297+0000] {logging_mixin.py:151} INFO - #False
[2024-01-17T22:17:53.297+0000] {logging_mixin.py:151} INFO - #False
[2024-01-17T22:17:53.297+0000] {logging_mixin.py:151} INFO - #False
[2024-01-17T22:17:53.297+0000] {logging_mixin.py:151} INFO - #False
[2024-01-17T22:17:53.297+0000] {logging_mixin.py:151} INFO - #False
[2024-01-17T22:17:53.297+0000] {logging_mixin.py:151} INFO - #False
[2024-01-17T22:17:53.298+0000] {logging_mixin.py:151} INFO - #False
[2024-01-17T22:17:53.298+0000] {logging_mixin.py:151} INFO -  submission : 
[2024-01-17T22:17:54.167+0000] {logging_mixin.py:151} INFO - #False
[2024-01-17T22:17:54.168+0000] {logging_mixin.py:151} INFO - #False
[2024-01-17T22:17:54.168+0000] {logging_mixin.py:151} INFO - #False
[2024-01-17T22:17:54.168+0000] {logging_mixin.py:151} INFO - #False
[2024-01-17T22:17:54.168+0000] {logging_mixin.py:151} INFO - #False
[2024-01-17T22:17:54.168+0000] {logging_mixin.py:151} INFO - #False
[2024-01-17T22:17:54.168+0000] {logging_mixin.py:151} INFO - #False
[2024-01-17T22:17:54.168+0000] {logging_mixin.py:151} INFO - #False
[2024-01-17T22:17:54.168+0000] {logging_mixin.py:151} INFO - #False
[2024-01-17T22:17:54.169+0000] {logging_mixin.py:151} INFO - #False
[2024-01-17T22:17:54.169+0000] {logging_mixin.py:151} INFO - #False
[2024-01-17T22:17:54.169+0000] {logging_mixin.py:151} INFO - #False
[2024-01-17T22:17:54.169+0000] {logging_mixin.py:151} INFO - #False
[2024-01-17T22:17:54.169+0000] {logging_mixin.py:151} INFO - #False
[2024-01-17T22:17:54.169+0000] {logging_mixin.py:151} INFO - #False
[2024-01-17T22:17:54.169+0000] {logging_mixin.py:151} INFO - #False
[2024-01-17T22:17:54.169+0000] {logging_mixin.py:151} INFO - #False
[2024-01-17T22:17:54.169+0000] {logging_mixin.py:151} INFO - #False
[2024-01-17T22:17:54.169+0000] {logging_mixin.py:151} INFO - #False
[2024-01-17T22:17:54.170+0000] {logging_mixin.py:151} INFO - #False
[2024-01-17T22:17:54.170+0000] {logging_mixin.py:151} INFO - #False
[2024-01-17T22:17:54.170+0000] {logging_mixin.py:151} INFO - #False
[2024-01-17T22:17:54.170+0000] {logging_mixin.py:151} INFO - #False
[2024-01-17T22:17:54.170+0000] {logging_mixin.py:151} INFO - #False
[2024-01-17T22:17:54.170+0000] {logging_mixin.py:151} INFO - #False
[2024-01-17T22:17:54.170+0000] {logging_mixin.py:151} INFO - #False
[2024-01-17T22:17:54.170+0000] {logging_mixin.py:151} INFO - #False
[2024-01-17T22:17:54.170+0000] {logging_mixin.py:151} INFO - #False
[2024-01-17T22:17:54.171+0000] {logging_mixin.py:151} INFO - #False
[2024-01-17T22:17:54.171+0000] {logging_mixin.py:151} INFO - #False
[2024-01-17T22:17:54.171+0000] {logging_mixin.py:151} INFO -  submission : 
[2024-01-17T22:17:54.908+0000] {logging_mixin.py:151} INFO - #False
[2024-01-17T22:17:54.908+0000] {logging_mixin.py:151} INFO - #False
[2024-01-17T22:17:54.908+0000] {logging_mixin.py:151} INFO - #False
[2024-01-17T22:17:54.908+0000] {logging_mixin.py:151} INFO - #False
[2024-01-17T22:17:54.908+0000] {logging_mixin.py:151} INFO - #False
[2024-01-17T22:17:54.908+0000] {logging_mixin.py:151} INFO - #False
[2024-01-17T22:17:54.908+0000] {logging_mixin.py:151} INFO - #False
[2024-01-17T22:17:54.908+0000] {logging_mixin.py:151} INFO - #False
[2024-01-17T22:17:54.908+0000] {logging_mixin.py:151} INFO - #False
[2024-01-17T22:17:54.908+0000] {logging_mixin.py:151} INFO - #False
[2024-01-17T22:17:54.909+0000] {logging_mixin.py:151} INFO - #False
[2024-01-17T22:17:54.909+0000] {logging_mixin.py:151} INFO - #False
[2024-01-17T22:17:54.909+0000] {logging_mixin.py:151} INFO - #False
[2024-01-17T22:17:54.909+0000] {logging_mixin.py:151} INFO - #False
[2024-01-17T22:17:54.909+0000] {logging_mixin.py:151} INFO - #False
[2024-01-17T22:17:54.909+0000] {logging_mixin.py:151} INFO - #False
[2024-01-17T22:17:54.909+0000] {logging_mixin.py:151} INFO - #False
[2024-01-17T22:17:54.909+0000] {logging_mixin.py:151} INFO - #False
[2024-01-17T22:17:54.909+0000] {logging_mixin.py:151} INFO - #False
[2024-01-17T22:17:54.909+0000] {logging_mixin.py:151} INFO - #False
[2024-01-17T22:17:54.909+0000] {logging_mixin.py:151} INFO - #False
[2024-01-17T22:17:54.909+0000] {logging_mixin.py:151} INFO - #False
[2024-01-17T22:17:54.909+0000] {logging_mixin.py:151} INFO - #False
[2024-01-17T22:17:54.909+0000] {logging_mixin.py:151} INFO - #False
[2024-01-17T22:17:54.909+0000] {logging_mixin.py:151} INFO - #False
[2024-01-17T22:17:54.909+0000] {logging_mixin.py:151} INFO - #False
[2024-01-17T22:17:54.909+0000] {logging_mixin.py:151} INFO - #False
[2024-01-17T22:17:54.910+0000] {logging_mixin.py:151} INFO - #False
[2024-01-17T22:17:54.910+0000] {logging_mixin.py:151} INFO - #False
[2024-01-17T22:17:54.910+0000] {logging_mixin.py:151} INFO - #False
[2024-01-17T22:17:54.910+0000] {logging_mixin.py:151} INFO -  submission : 
[2024-01-17T22:17:55.536+0000] {logging_mixin.py:151} INFO - #False
[2024-01-17T22:17:55.537+0000] {logging_mixin.py:151} INFO - #False
[2024-01-17T22:17:55.537+0000] {logging_mixin.py:151} INFO - #False
[2024-01-17T22:17:55.537+0000] {logging_mixin.py:151} INFO - #False
[2024-01-17T22:17:55.537+0000] {logging_mixin.py:151} INFO - #False
[2024-01-17T22:17:55.537+0000] {logging_mixin.py:151} INFO - #False
[2024-01-17T22:17:55.538+0000] {logging_mixin.py:151} INFO - #False
[2024-01-17T22:17:55.538+0000] {logging_mixin.py:151} INFO - #False
[2024-01-17T22:17:55.538+0000] {logging_mixin.py:151} INFO - #False
[2024-01-17T22:17:55.538+0000] {logging_mixin.py:151} INFO - #False
[2024-01-17T22:17:55.538+0000] {logging_mixin.py:151} INFO - #False
[2024-01-17T22:17:55.538+0000] {logging_mixin.py:151} INFO - #False
[2024-01-17T22:17:55.538+0000] {logging_mixin.py:151} INFO - #False
[2024-01-17T22:17:55.538+0000] {logging_mixin.py:151} INFO - #False
[2024-01-17T22:17:55.538+0000] {logging_mixin.py:151} INFO - #False
[2024-01-17T22:17:55.538+0000] {logging_mixin.py:151} INFO - #False
[2024-01-17T22:17:55.538+0000] {logging_mixin.py:151} INFO - #False
[2024-01-17T22:17:55.539+0000] {logging_mixin.py:151} INFO - #False
[2024-01-17T22:17:55.539+0000] {logging_mixin.py:151} INFO - #False
[2024-01-17T22:17:55.539+0000] {logging_mixin.py:151} INFO - #False
[2024-01-17T22:17:55.539+0000] {logging_mixin.py:151} INFO - #False
[2024-01-17T22:17:55.539+0000] {logging_mixin.py:151} INFO - #False
[2024-01-17T22:17:55.539+0000] {logging_mixin.py:151} INFO - #False
[2024-01-17T22:17:55.539+0000] {logging_mixin.py:151} INFO - #False
[2024-01-17T22:17:55.539+0000] {logging_mixin.py:151} INFO - #False
[2024-01-17T22:17:55.539+0000] {logging_mixin.py:151} INFO - #False
[2024-01-17T22:17:55.540+0000] {logging_mixin.py:151} INFO - #False
[2024-01-17T22:17:55.540+0000] {logging_mixin.py:151} INFO - #False
[2024-01-17T22:17:55.540+0000] {logging_mixin.py:151} INFO - #False
[2024-01-17T22:17:55.540+0000] {logging_mixin.py:151} INFO - #False
[2024-01-17T22:17:55.540+0000] {logging_mixin.py:151} INFO -  submission : 
[2024-01-17T22:17:56.187+0000] {logging_mixin.py:151} INFO - @True
[2024-01-17T22:17:56.189+0000] {conn.py:380} INFO - <BrokerConnection node_id=bootstrap-0 host=broker:29092 <connecting> [IPv4 ('192.168.224.8', 29092)]>: connecting to broker:29092 [('192.168.224.8', 29092) IPv4]
[2024-01-17T22:17:56.190+0000] {conn.py:1205} INFO - Probing node bootstrap-0 broker version
[2024-01-17T22:17:56.191+0000] {conn.py:410} INFO - <BrokerConnection node_id=bootstrap-0 host=broker:29092 <connecting> [IPv4 ('192.168.224.8', 29092)]>: Connection complete.
[2024-01-17T22:17:56.295+0000] {conn.py:1267} INFO - Broker version identified as 2.5.0
[2024-01-17T22:17:56.296+0000] {conn.py:1268} INFO - Set configuration api_version=(2, 5, 0) to skip auto check_version requests on startup
[2024-01-17T22:17:56.326+0000] {logging_mixin.py:151} INFO - #False
[2024-01-17T22:17:56.326+0000] {logging_mixin.py:151} INFO - #False
[2024-01-17T22:17:56.327+0000] {logging_mixin.py:151} INFO - #False
[2024-01-17T22:17:56.327+0000] {logging_mixin.py:151} INFO - #False
[2024-01-17T22:17:56.327+0000] {logging_mixin.py:151} INFO - #False
[2024-01-17T22:17:56.328+0000] {logging_mixin.py:151} INFO - #False
[2024-01-17T22:17:56.328+0000] {logging_mixin.py:151} INFO - #False
[2024-01-17T22:17:56.328+0000] {logging_mixin.py:151} INFO - #False
[2024-01-17T22:17:56.328+0000] {conn.py:380} INFO - <BrokerConnection node_id=1 host=broker:29092 <connecting> [IPv4 ('192.168.224.8', 29092)]>: connecting to broker:29092 [('192.168.224.8', 29092) IPv4]
[2024-01-17T22:17:56.329+0000] {logging_mixin.py:151} INFO - #False
[2024-01-17T22:17:56.329+0000] {conn.py:410} INFO - <BrokerConnection node_id=1 host=broker:29092 <connecting> [IPv4 ('192.168.224.8', 29092)]>: Connection complete.
[2024-01-17T22:17:56.330+0000] {logging_mixin.py:151} INFO - #False
[2024-01-17T22:17:56.330+0000] {conn.py:919} INFO - <BrokerConnection node_id=bootstrap-0 host=broker:29092 <connected> [IPv4 ('192.168.224.8', 29092)]>: Closing connection. 
[2024-01-17T22:17:56.330+0000] {logging_mixin.py:151} INFO - #False
[2024-01-17T22:17:56.331+0000] {logging_mixin.py:151} INFO - #False
[2024-01-17T22:17:56.331+0000] {logging_mixin.py:151} INFO - #False
[2024-01-17T22:17:56.331+0000] {logging_mixin.py:151} INFO - #False
[2024-01-17T22:17:56.331+0000] {logging_mixin.py:151} INFO - #False
[2024-01-17T22:17:56.332+0000] {logging_mixin.py:151} INFO - #False
[2024-01-17T22:17:56.332+0000] {logging_mixin.py:151} INFO - #False
[2024-01-17T22:17:56.332+0000] {logging_mixin.py:151} INFO - #False
[2024-01-17T22:17:56.332+0000] {logging_mixin.py:151} INFO - #False
[2024-01-17T22:17:56.333+0000] {logging_mixin.py:151} INFO - #False
[2024-01-17T22:17:56.333+0000] {logging_mixin.py:151} INFO - #False
[2024-01-17T22:17:56.333+0000] {logging_mixin.py:151} INFO - #False
[2024-01-17T22:17:56.333+0000] {logging_mixin.py:151} INFO - #False
[2024-01-17T22:17:56.333+0000] {logging_mixin.py:151} INFO - #False
[2024-01-17T22:17:56.333+0000] {logging_mixin.py:151} INFO - #False
[2024-01-17T22:17:56.334+0000] {logging_mixin.py:151} INFO - #False
[2024-01-17T22:17:56.334+0000] {logging_mixin.py:151} INFO - #False
[2024-01-17T22:17:56.334+0000] {logging_mixin.py:151} INFO - #False
[2024-01-17T22:17:56.334+0000] {logging_mixin.py:151} INFO - #False
[2024-01-17T22:17:56.336+0000] {logging_mixin.py:151} INFO -  submission : 
[2024-01-17T22:17:57.358+0000] {logging_mixin.py:151} INFO - #False
[2024-01-17T22:17:57.359+0000] {logging_mixin.py:151} INFO - #False
[2024-01-17T22:17:57.359+0000] {logging_mixin.py:151} INFO - #False
[2024-01-17T22:17:57.359+0000] {logging_mixin.py:151} INFO - #False
[2024-01-17T22:17:57.359+0000] {logging_mixin.py:151} INFO - #False
[2024-01-17T22:17:57.359+0000] {logging_mixin.py:151} INFO - #False
[2024-01-17T22:17:57.359+0000] {logging_mixin.py:151} INFO - #False
[2024-01-17T22:17:57.359+0000] {logging_mixin.py:151} INFO - #False
[2024-01-17T22:17:57.359+0000] {logging_mixin.py:151} INFO - #False
[2024-01-17T22:17:57.359+0000] {logging_mixin.py:151} INFO - #False
[2024-01-17T22:17:57.359+0000] {logging_mixin.py:151} INFO - #False
[2024-01-17T22:17:57.359+0000] {logging_mixin.py:151} INFO - #False
[2024-01-17T22:17:57.359+0000] {logging_mixin.py:151} INFO - #False
[2024-01-17T22:17:57.359+0000] {logging_mixin.py:151} INFO - #False
[2024-01-17T22:17:57.360+0000] {logging_mixin.py:151} INFO - #False
[2024-01-17T22:17:57.360+0000] {logging_mixin.py:151} INFO - #False
[2024-01-17T22:17:57.360+0000] {logging_mixin.py:151} INFO - #False
[2024-01-17T22:17:57.360+0000] {logging_mixin.py:151} INFO - #False
[2024-01-17T22:17:57.360+0000] {logging_mixin.py:151} INFO - #False
[2024-01-17T22:17:57.361+0000] {logging_mixin.py:151} INFO - #False
[2024-01-17T22:17:57.361+0000] {logging_mixin.py:151} INFO - #False
[2024-01-17T22:17:57.361+0000] {logging_mixin.py:151} INFO - #False
[2024-01-17T22:17:57.361+0000] {logging_mixin.py:151} INFO - #False
[2024-01-17T22:17:57.361+0000] {logging_mixin.py:151} INFO - #False
[2024-01-17T22:17:57.361+0000] {logging_mixin.py:151} INFO - #False
[2024-01-17T22:17:57.361+0000] {logging_mixin.py:151} INFO - #False
[2024-01-17T22:17:57.361+0000] {logging_mixin.py:151} INFO - #False
[2024-01-17T22:17:57.361+0000] {logging_mixin.py:151} INFO - #False
[2024-01-17T22:17:57.361+0000] {logging_mixin.py:151} INFO - #False
[2024-01-17T22:17:57.361+0000] {logging_mixin.py:151} INFO - #False
[2024-01-17T22:17:57.362+0000] {conn.py:919} INFO - <BrokerConnection node_id=1 host=broker:29092 <connected> [IPv4 ('192.168.224.8', 29092)]>: Closing connection. 
[2024-01-17T22:17:57.362+0000] {python.py:194} INFO - Done. Returned value was: None
[2024-01-17T22:17:57.376+0000] {taskinstance.py:1400} INFO - Marking task as SUCCESS. dag_id=Stream_Data_1, task_id=Reddit, execution_date=20240117T221634, start_date=20240117T221750, end_date=20240117T221757
[2024-01-17T22:17:57.428+0000] {local_task_job_runner.py:228} INFO - Task exited with return code 0
[2024-01-17T22:17:57.450+0000] {taskinstance.py:2784} INFO - 0 downstream tasks scheduled from follow-on schedule check
