[2024-01-20T04:58:18.406+0000] {taskinstance.py:1159} INFO - Dependencies all met for dep_context=non-requeueable deps ti=<TaskInstance: Kafka_Producer_1.Reddit scheduled__2024-01-20T04:57:13.643666+00:00 [queued]>
[2024-01-20T04:58:18.412+0000] {taskinstance.py:1159} INFO - Dependencies all met for dep_context=requeueable deps ti=<TaskInstance: Kafka_Producer_1.Reddit scheduled__2024-01-20T04:57:13.643666+00:00 [queued]>
[2024-01-20T04:58:18.413+0000] {taskinstance.py:1361} INFO - Starting attempt 1 of 1
[2024-01-20T04:58:18.424+0000] {taskinstance.py:1382} INFO - Executing <Task(PythonOperator): Reddit> on 2024-01-20 04:57:13.643666+00:00
[2024-01-20T04:58:18.427+0000] {standard_task_runner.py:57} INFO - Started process 8535 to run task
[2024-01-20T04:58:18.429+0000] {standard_task_runner.py:84} INFO - Running: ['***', 'tasks', 'run', 'Kafka_Producer_1', 'Reddit', 'scheduled__2024-01-20T04:57:13.643666+00:00', '--job-id', '387', '--raw', '--subdir', 'DAGS_FOLDER/kafka_stream.py', '--cfg-path', '/tmp/tmpmokjw35m']
[2024-01-20T04:58:18.430+0000] {standard_task_runner.py:85} INFO - Job 387: Subtask Reddit
[2024-01-20T04:58:18.469+0000] {task_command.py:415} INFO - Running <TaskInstance: Kafka_Producer_1.Reddit scheduled__2024-01-20T04:57:13.643666+00:00 [running]> on host 45c5bfab8aa1
[2024-01-20T04:58:18.539+0000] {taskinstance.py:1660} INFO - Exporting env vars: AIRFLOW_CTX_DAG_OWNER='me' AIRFLOW_CTX_DAG_ID='Kafka_Producer_1' AIRFLOW_CTX_TASK_ID='Reddit' AIRFLOW_CTX_EXECUTION_DATE='2024-01-20T04:57:13.643666+00:00' AIRFLOW_CTX_TRY_NUMBER='1' AIRFLOW_CTX_DAG_RUN_ID='scheduled__2024-01-20T04:57:13.643666+00:00'
[2024-01-20T04:58:18.567+0000] {logging_mixin.py:151} INFO -  submission : 
[2024-01-20T04:58:19.387+0000] {logging_mixin.py:151} INFO - @True
[2024-01-20T04:58:19.389+0000] {conn.py:380} INFO - <BrokerConnection node_id=bootstrap-0 host=broker:29092 <connecting> [IPv4 ('172.19.0.8', 29092)]>: connecting to broker:29092 [('172.19.0.8', 29092) IPv4]
[2024-01-20T04:58:19.389+0000] {conn.py:1205} INFO - Probing node bootstrap-0 broker version
[2024-01-20T04:58:19.390+0000] {conn.py:410} INFO - <BrokerConnection node_id=bootstrap-0 host=broker:29092 <connecting> [IPv4 ('172.19.0.8', 29092)]>: Connection complete.
[2024-01-20T04:58:19.493+0000] {conn.py:1267} INFO - Broker version identified as 2.5.0
[2024-01-20T04:58:19.495+0000] {conn.py:1268} INFO - Set configuration api_version=(2, 5, 0) to skip auto check_version requests on startup
[2024-01-20T04:58:19.499+0000] {logging_mixin.py:151} INFO - #False
[2024-01-20T04:58:19.500+0000] {logging_mixin.py:151} INFO - #False
[2024-01-20T04:58:19.500+0000] {conn.py:380} INFO - <BrokerConnection node_id=1 host=broker:29092 <connecting> [IPv4 ('172.19.0.8', 29092)]>: connecting to broker:29092 [('172.19.0.8', 29092) IPv4]
[2024-01-20T04:58:19.500+0000] {logging_mixin.py:151} INFO - #False
[2024-01-20T04:58:19.501+0000] {conn.py:410} INFO - <BrokerConnection node_id=1 host=broker:29092 <connecting> [IPv4 ('172.19.0.8', 29092)]>: Connection complete.
[2024-01-20T04:58:19.501+0000] {logging_mixin.py:151} INFO - #False
[2024-01-20T04:58:19.501+0000] {conn.py:919} INFO - <BrokerConnection node_id=bootstrap-0 host=broker:29092 <connected> [IPv4 ('172.19.0.8', 29092)]>: Closing connection. 
[2024-01-20T04:58:19.502+0000] {logging_mixin.py:151} INFO - #False
[2024-01-20T04:58:19.503+0000] {logging_mixin.py:151} INFO - #False
[2024-01-20T04:58:19.503+0000] {logging_mixin.py:151} INFO - #False
[2024-01-20T04:58:19.503+0000] {logging_mixin.py:151} INFO - #False
[2024-01-20T04:58:19.504+0000] {logging_mixin.py:151} INFO - #False
[2024-01-20T04:58:19.510+0000] {logging_mixin.py:151} INFO - #False
[2024-01-20T04:58:19.511+0000] {logging_mixin.py:151} INFO - #False
[2024-01-20T04:58:19.512+0000] {logging_mixin.py:151} INFO - #False
[2024-01-20T04:58:19.512+0000] {logging_mixin.py:151} INFO - #False
[2024-01-20T04:58:19.512+0000] {logging_mixin.py:151} INFO - #False
[2024-01-20T04:58:19.513+0000] {logging_mixin.py:151} INFO - #False
[2024-01-20T04:58:19.513+0000] {logging_mixin.py:151} INFO - #False
[2024-01-20T04:58:19.513+0000] {logging_mixin.py:151} INFO - #False
[2024-01-20T04:58:19.514+0000] {logging_mixin.py:151} INFO - #False
[2024-01-20T04:58:19.514+0000] {logging_mixin.py:151} INFO - #False
[2024-01-20T04:58:19.514+0000] {logging_mixin.py:151} INFO - #False
[2024-01-20T04:58:19.514+0000] {logging_mixin.py:151} INFO - #False
[2024-01-20T04:58:19.515+0000] {logging_mixin.py:151} INFO - #False
[2024-01-20T04:58:19.515+0000] {logging_mixin.py:151} INFO - #False
[2024-01-20T04:58:19.515+0000] {logging_mixin.py:151} INFO - #False
[2024-01-20T04:58:19.515+0000] {logging_mixin.py:151} INFO - #False
[2024-01-20T04:58:19.516+0000] {logging_mixin.py:151} INFO - #False
[2024-01-20T04:58:19.516+0000] {logging_mixin.py:151} INFO - #False
[2024-01-20T04:58:19.516+0000] {logging_mixin.py:151} INFO - #False
[2024-01-20T04:58:19.517+0000] {logging_mixin.py:151} INFO - #False
[2024-01-20T04:58:19.517+0000] {logging_mixin.py:151} INFO -  submission : 
[2024-01-20T04:58:20.031+0000] {logging_mixin.py:151} INFO - #False
[2024-01-20T04:58:20.031+0000] {logging_mixin.py:151} INFO - #False
[2024-01-20T04:58:20.032+0000] {logging_mixin.py:151} INFO - #False
[2024-01-20T04:58:20.032+0000] {logging_mixin.py:151} INFO - #False
[2024-01-20T04:58:20.032+0000] {logging_mixin.py:151} INFO - #False
[2024-01-20T04:58:20.033+0000] {logging_mixin.py:151} INFO - #False
[2024-01-20T04:58:20.033+0000] {logging_mixin.py:151} INFO - #False
[2024-01-20T04:58:20.033+0000] {logging_mixin.py:151} INFO - #False
[2024-01-20T04:58:20.033+0000] {logging_mixin.py:151} INFO - #False
[2024-01-20T04:58:20.033+0000] {logging_mixin.py:151} INFO - #False
[2024-01-20T04:58:20.034+0000] {logging_mixin.py:151} INFO - #False
[2024-01-20T04:58:20.034+0000] {logging_mixin.py:151} INFO - #False
[2024-01-20T04:58:20.034+0000] {logging_mixin.py:151} INFO - #False
[2024-01-20T04:58:20.034+0000] {logging_mixin.py:151} INFO - #False
[2024-01-20T04:58:20.035+0000] {logging_mixin.py:151} INFO - #False
[2024-01-20T04:58:20.035+0000] {logging_mixin.py:151} INFO - #False
[2024-01-20T04:58:20.035+0000] {logging_mixin.py:151} INFO - #False
[2024-01-20T04:58:20.035+0000] {logging_mixin.py:151} INFO - #False
[2024-01-20T04:58:20.036+0000] {logging_mixin.py:151} INFO - #False
[2024-01-20T04:58:20.036+0000] {logging_mixin.py:151} INFO - #False
[2024-01-20T04:58:20.036+0000] {logging_mixin.py:151} INFO - #False
[2024-01-20T04:58:20.037+0000] {logging_mixin.py:151} INFO - #False
[2024-01-20T04:58:20.037+0000] {logging_mixin.py:151} INFO - #False
[2024-01-20T04:58:20.037+0000] {logging_mixin.py:151} INFO - #False
[2024-01-20T04:58:20.037+0000] {logging_mixin.py:151} INFO - #False
[2024-01-20T04:58:20.038+0000] {logging_mixin.py:151} INFO - #False
[2024-01-20T04:58:20.038+0000] {logging_mixin.py:151} INFO - #False
[2024-01-20T04:58:20.038+0000] {logging_mixin.py:151} INFO - #False
[2024-01-20T04:58:20.039+0000] {logging_mixin.py:151} INFO - #False
[2024-01-20T04:58:20.039+0000] {logging_mixin.py:151} INFO - #False
[2024-01-20T04:58:20.040+0000] {logging_mixin.py:151} INFO -  submission : 
[2024-01-20T04:58:20.551+0000] {logging_mixin.py:151} INFO - #False
[2024-01-20T04:58:20.551+0000] {logging_mixin.py:151} INFO - #False
[2024-01-20T04:58:20.552+0000] {logging_mixin.py:151} INFO - #False
[2024-01-20T04:58:20.552+0000] {logging_mixin.py:151} INFO - #False
[2024-01-20T04:58:20.553+0000] {logging_mixin.py:151} INFO - #False
[2024-01-20T04:58:20.553+0000] {logging_mixin.py:151} INFO - #False
[2024-01-20T04:58:20.553+0000] {logging_mixin.py:151} INFO - #False
[2024-01-20T04:58:20.554+0000] {logging_mixin.py:151} INFO - #False
[2024-01-20T04:58:20.554+0000] {logging_mixin.py:151} INFO - #False
[2024-01-20T04:58:20.554+0000] {logging_mixin.py:151} INFO - #False
[2024-01-20T04:58:20.555+0000] {logging_mixin.py:151} INFO - #False
[2024-01-20T04:58:20.555+0000] {logging_mixin.py:151} INFO - #False
[2024-01-20T04:58:20.555+0000] {logging_mixin.py:151} INFO - #False
[2024-01-20T04:58:20.555+0000] {logging_mixin.py:151} INFO - #False
[2024-01-20T04:58:20.555+0000] {logging_mixin.py:151} INFO - #False
[2024-01-20T04:58:20.556+0000] {logging_mixin.py:151} INFO - #False
[2024-01-20T04:58:20.556+0000] {logging_mixin.py:151} INFO - #False
[2024-01-20T04:58:20.556+0000] {logging_mixin.py:151} INFO - #False
[2024-01-20T04:58:20.556+0000] {logging_mixin.py:151} INFO - #False
[2024-01-20T04:58:20.557+0000] {logging_mixin.py:151} INFO - #False
[2024-01-20T04:58:20.557+0000] {logging_mixin.py:151} INFO - #False
[2024-01-20T04:58:20.557+0000] {logging_mixin.py:151} INFO - #False
[2024-01-20T04:58:20.558+0000] {logging_mixin.py:151} INFO - #False
[2024-01-20T04:58:20.558+0000] {logging_mixin.py:151} INFO - #False
[2024-01-20T04:58:20.558+0000] {logging_mixin.py:151} INFO - #False
[2024-01-20T04:58:20.558+0000] {logging_mixin.py:151} INFO - #False
[2024-01-20T04:58:20.559+0000] {logging_mixin.py:151} INFO - #False
[2024-01-20T04:58:20.559+0000] {logging_mixin.py:151} INFO - #False
[2024-01-20T04:58:20.559+0000] {logging_mixin.py:151} INFO - #False
[2024-01-20T04:58:20.559+0000] {logging_mixin.py:151} INFO - #False
[2024-01-20T04:58:20.560+0000] {logging_mixin.py:151} INFO -  submission : 
[2024-01-20T04:58:20.962+0000] {logging_mixin.py:151} INFO - #False
[2024-01-20T04:58:20.962+0000] {logging_mixin.py:151} INFO - #False
[2024-01-20T04:58:20.963+0000] {logging_mixin.py:151} INFO - #False
[2024-01-20T04:58:20.963+0000] {logging_mixin.py:151} INFO - #False
[2024-01-20T04:58:20.963+0000] {logging_mixin.py:151} INFO - #False
[2024-01-20T04:58:20.964+0000] {logging_mixin.py:151} INFO - #False
[2024-01-20T04:58:20.964+0000] {logging_mixin.py:151} INFO - #False
[2024-01-20T04:58:20.964+0000] {logging_mixin.py:151} INFO - #False
[2024-01-20T04:58:20.964+0000] {logging_mixin.py:151} INFO - #False
[2024-01-20T04:58:20.964+0000] {logging_mixin.py:151} INFO - #False
[2024-01-20T04:58:20.965+0000] {logging_mixin.py:151} INFO - #False
[2024-01-20T04:58:20.965+0000] {logging_mixin.py:151} INFO - #False
[2024-01-20T04:58:20.965+0000] {logging_mixin.py:151} INFO - #False
[2024-01-20T04:58:20.965+0000] {logging_mixin.py:151} INFO - #False
[2024-01-20T04:58:20.966+0000] {logging_mixin.py:151} INFO - #False
[2024-01-20T04:58:20.966+0000] {logging_mixin.py:151} INFO - #False
[2024-01-20T04:58:20.966+0000] {logging_mixin.py:151} INFO - #False
[2024-01-20T04:58:20.966+0000] {logging_mixin.py:151} INFO - #False
[2024-01-20T04:58:20.967+0000] {logging_mixin.py:151} INFO - #False
[2024-01-20T04:58:20.967+0000] {logging_mixin.py:151} INFO - #False
[2024-01-20T04:58:20.967+0000] {logging_mixin.py:151} INFO - #False
[2024-01-20T04:58:20.967+0000] {logging_mixin.py:151} INFO - #False
[2024-01-20T04:58:20.968+0000] {logging_mixin.py:151} INFO - #False
[2024-01-20T04:58:20.968+0000] {logging_mixin.py:151} INFO - #False
[2024-01-20T04:58:20.968+0000] {logging_mixin.py:151} INFO - #False
[2024-01-20T04:58:20.968+0000] {logging_mixin.py:151} INFO - #False
[2024-01-20T04:58:20.969+0000] {logging_mixin.py:151} INFO - #False
[2024-01-20T04:58:20.969+0000] {logging_mixin.py:151} INFO - #False
[2024-01-20T04:58:20.969+0000] {logging_mixin.py:151} INFO - #False
[2024-01-20T04:58:20.969+0000] {logging_mixin.py:151} INFO - #False
[2024-01-20T04:58:20.969+0000] {logging_mixin.py:151} INFO -  submission : 
[2024-01-20T04:58:21.432+0000] {logging_mixin.py:151} INFO - #False
[2024-01-20T04:58:21.433+0000] {logging_mixin.py:151} INFO - #False
[2024-01-20T04:58:21.434+0000] {logging_mixin.py:151} INFO - #False
[2024-01-20T04:58:21.434+0000] {logging_mixin.py:151} INFO - #False
[2024-01-20T04:58:21.434+0000] {logging_mixin.py:151} INFO - #False
[2024-01-20T04:58:21.434+0000] {logging_mixin.py:151} INFO - #False
[2024-01-20T04:58:21.435+0000] {logging_mixin.py:151} INFO - #False
[2024-01-20T04:58:21.435+0000] {logging_mixin.py:151} INFO - #False
[2024-01-20T04:58:21.435+0000] {logging_mixin.py:151} INFO - #False
[2024-01-20T04:58:21.435+0000] {logging_mixin.py:151} INFO - #False
[2024-01-20T04:58:21.436+0000] {logging_mixin.py:151} INFO - #False
[2024-01-20T04:58:21.436+0000] {logging_mixin.py:151} INFO - #False
[2024-01-20T04:58:21.436+0000] {logging_mixin.py:151} INFO - #False
[2024-01-20T04:58:21.437+0000] {logging_mixin.py:151} INFO - #False
[2024-01-20T04:58:21.437+0000] {logging_mixin.py:151} INFO - #False
[2024-01-20T04:58:21.437+0000] {logging_mixin.py:151} INFO - #False
[2024-01-20T04:58:21.437+0000] {logging_mixin.py:151} INFO - #False
[2024-01-20T04:58:21.438+0000] {logging_mixin.py:151} INFO - #False
[2024-01-20T04:58:21.438+0000] {logging_mixin.py:151} INFO - #False
[2024-01-20T04:58:21.438+0000] {logging_mixin.py:151} INFO - #False
[2024-01-20T04:58:21.439+0000] {logging_mixin.py:151} INFO - #False
[2024-01-20T04:58:21.439+0000] {logging_mixin.py:151} INFO - #False
[2024-01-20T04:58:21.439+0000] {logging_mixin.py:151} INFO - #False
[2024-01-20T04:58:21.439+0000] {logging_mixin.py:151} INFO - #False
[2024-01-20T04:58:21.440+0000] {logging_mixin.py:151} INFO - #False
[2024-01-20T04:58:21.440+0000] {logging_mixin.py:151} INFO - #False
[2024-01-20T04:58:21.440+0000] {logging_mixin.py:151} INFO - #False
[2024-01-20T04:58:21.440+0000] {logging_mixin.py:151} INFO - #False
[2024-01-20T04:58:21.441+0000] {logging_mixin.py:151} INFO - #False
[2024-01-20T04:58:21.441+0000] {logging_mixin.py:151} INFO - #False
[2024-01-20T04:58:21.441+0000] {logging_mixin.py:151} INFO -  submission : 
[2024-01-20T04:58:21.995+0000] {logging_mixin.py:151} INFO - #False
[2024-01-20T04:58:21.996+0000] {logging_mixin.py:151} INFO - #False
[2024-01-20T04:58:21.996+0000] {logging_mixin.py:151} INFO - #False
[2024-01-20T04:58:21.996+0000] {logging_mixin.py:151} INFO - #False
[2024-01-20T04:58:21.997+0000] {logging_mixin.py:151} INFO - #False
[2024-01-20T04:58:21.997+0000] {logging_mixin.py:151} INFO - #False
[2024-01-20T04:58:21.997+0000] {logging_mixin.py:151} INFO - #False
[2024-01-20T04:58:21.998+0000] {logging_mixin.py:151} INFO - #False
[2024-01-20T04:58:21.998+0000] {logging_mixin.py:151} INFO - #False
[2024-01-20T04:58:21.999+0000] {logging_mixin.py:151} INFO - #False
[2024-01-20T04:58:21.999+0000] {logging_mixin.py:151} INFO - #False
[2024-01-20T04:58:22.000+0000] {logging_mixin.py:151} INFO - #False
[2024-01-20T04:58:22.000+0000] {logging_mixin.py:151} INFO - #False
[2024-01-20T04:58:22.000+0000] {logging_mixin.py:151} INFO - #False
[2024-01-20T04:58:22.001+0000] {logging_mixin.py:151} INFO - #False
[2024-01-20T04:58:22.001+0000] {logging_mixin.py:151} INFO - #False
[2024-01-20T04:58:22.002+0000] {logging_mixin.py:151} INFO - #False
[2024-01-20T04:58:22.002+0000] {logging_mixin.py:151} INFO - #False
[2024-01-20T04:58:22.003+0000] {logging_mixin.py:151} INFO - #False
[2024-01-20T04:58:22.003+0000] {logging_mixin.py:151} INFO - #False
[2024-01-20T04:58:22.004+0000] {logging_mixin.py:151} INFO - #False
[2024-01-20T04:58:22.004+0000] {logging_mixin.py:151} INFO - #False
[2024-01-20T04:58:22.004+0000] {logging_mixin.py:151} INFO - #False
[2024-01-20T04:58:22.005+0000] {logging_mixin.py:151} INFO - #False
[2024-01-20T04:58:22.005+0000] {logging_mixin.py:151} INFO - #False
[2024-01-20T04:58:22.006+0000] {logging_mixin.py:151} INFO - #False
[2024-01-20T04:58:22.006+0000] {logging_mixin.py:151} INFO - #False
[2024-01-20T04:58:22.007+0000] {logging_mixin.py:151} INFO - #False
[2024-01-20T04:58:22.007+0000] {logging_mixin.py:151} INFO - #False
[2024-01-20T04:58:22.007+0000] {logging_mixin.py:151} INFO - #False
[2024-01-20T04:58:22.008+0000] {logging_mixin.py:151} INFO -  submission : 
[2024-01-20T04:58:22.498+0000] {logging_mixin.py:151} INFO - #False
[2024-01-20T04:58:22.498+0000] {logging_mixin.py:151} INFO - #False
[2024-01-20T04:58:22.499+0000] {logging_mixin.py:151} INFO - #False
[2024-01-20T04:58:22.499+0000] {logging_mixin.py:151} INFO - #False
[2024-01-20T04:58:22.499+0000] {logging_mixin.py:151} INFO - #False
[2024-01-20T04:58:22.499+0000] {logging_mixin.py:151} INFO - #False
[2024-01-20T04:58:22.500+0000] {logging_mixin.py:151} INFO - #False
[2024-01-20T04:58:22.500+0000] {logging_mixin.py:151} INFO - #False
[2024-01-20T04:58:22.500+0000] {logging_mixin.py:151} INFO - #False
[2024-01-20T04:58:22.500+0000] {logging_mixin.py:151} INFO - #False
[2024-01-20T04:58:22.500+0000] {logging_mixin.py:151} INFO - #False
[2024-01-20T04:58:22.501+0000] {logging_mixin.py:151} INFO - #False
[2024-01-20T04:58:22.501+0000] {logging_mixin.py:151} INFO - #False
[2024-01-20T04:58:22.501+0000] {logging_mixin.py:151} INFO - #False
[2024-01-20T04:58:22.502+0000] {logging_mixin.py:151} INFO - #False
[2024-01-20T04:58:22.502+0000] {logging_mixin.py:151} INFO - #False
[2024-01-20T04:58:22.502+0000] {logging_mixin.py:151} INFO - #False
[2024-01-20T04:58:22.502+0000] {logging_mixin.py:151} INFO - #False
[2024-01-20T04:58:22.503+0000] {logging_mixin.py:151} INFO - #False
[2024-01-20T04:58:22.503+0000] {logging_mixin.py:151} INFO - #False
[2024-01-20T04:58:22.504+0000] {logging_mixin.py:151} INFO - #False
[2024-01-20T04:58:22.504+0000] {logging_mixin.py:151} INFO - #False
[2024-01-20T04:58:22.504+0000] {logging_mixin.py:151} INFO - #False
[2024-01-20T04:58:22.504+0000] {logging_mixin.py:151} INFO - #False
[2024-01-20T04:58:22.505+0000] {logging_mixin.py:151} INFO - #False
[2024-01-20T04:58:22.505+0000] {logging_mixin.py:151} INFO - #False
[2024-01-20T04:58:22.505+0000] {logging_mixin.py:151} INFO - #False
[2024-01-20T04:58:22.505+0000] {logging_mixin.py:151} INFO - #False
[2024-01-20T04:58:22.505+0000] {logging_mixin.py:151} INFO - #False
[2024-01-20T04:58:22.506+0000] {logging_mixin.py:151} INFO - #False
[2024-01-20T04:58:22.506+0000] {logging_mixin.py:151} INFO -  submission : 
[2024-01-20T04:58:22.979+0000] {logging_mixin.py:151} INFO - #False
[2024-01-20T04:58:22.979+0000] {logging_mixin.py:151} INFO - #False
[2024-01-20T04:58:22.980+0000] {logging_mixin.py:151} INFO - #False
[2024-01-20T04:58:22.980+0000] {logging_mixin.py:151} INFO - #False
[2024-01-20T04:58:22.981+0000] {logging_mixin.py:151} INFO - #False
[2024-01-20T04:58:22.981+0000] {logging_mixin.py:151} INFO - #False
[2024-01-20T04:58:22.981+0000] {logging_mixin.py:151} INFO - #False
[2024-01-20T04:58:22.982+0000] {logging_mixin.py:151} INFO - #False
[2024-01-20T04:58:22.982+0000] {logging_mixin.py:151} INFO - #False
[2024-01-20T04:58:22.982+0000] {logging_mixin.py:151} INFO - #False
[2024-01-20T04:58:22.983+0000] {logging_mixin.py:151} INFO - #False
[2024-01-20T04:58:22.983+0000] {logging_mixin.py:151} INFO - #False
[2024-01-20T04:58:22.984+0000] {logging_mixin.py:151} INFO - #False
[2024-01-20T04:58:22.984+0000] {logging_mixin.py:151} INFO - #False
[2024-01-20T04:58:22.984+0000] {logging_mixin.py:151} INFO - #False
[2024-01-20T04:58:22.985+0000] {logging_mixin.py:151} INFO - #False
[2024-01-20T04:58:22.985+0000] {logging_mixin.py:151} INFO - #False
[2024-01-20T04:58:22.985+0000] {logging_mixin.py:151} INFO - #False
[2024-01-20T04:58:22.985+0000] {logging_mixin.py:151} INFO - #False
[2024-01-20T04:58:22.986+0000] {logging_mixin.py:151} INFO - #False
[2024-01-20T04:58:22.987+0000] {logging_mixin.py:151} INFO - #False
[2024-01-20T04:58:22.987+0000] {logging_mixin.py:151} INFO - #False
[2024-01-20T04:58:22.987+0000] {logging_mixin.py:151} INFO - #False
[2024-01-20T04:58:22.987+0000] {logging_mixin.py:151} INFO - #False
[2024-01-20T04:58:22.988+0000] {logging_mixin.py:151} INFO - #False
[2024-01-20T04:58:22.988+0000] {logging_mixin.py:151} INFO - #False
[2024-01-20T04:58:22.988+0000] {logging_mixin.py:151} INFO - #False
[2024-01-20T04:58:22.988+0000] {logging_mixin.py:151} INFO - #False
[2024-01-20T04:58:22.989+0000] {logging_mixin.py:151} INFO - #False
[2024-01-20T04:58:22.989+0000] {logging_mixin.py:151} INFO - #False
[2024-01-20T04:58:22.989+0000] {conn.py:919} INFO - <BrokerConnection node_id=1 host=broker:29092 <connected> [IPv4 ('172.19.0.8', 29092)]>: Closing connection. 
[2024-01-20T04:58:22.990+0000] {python.py:194} INFO - Done. Returned value was: None
[2024-01-20T04:58:22.997+0000] {taskinstance.py:1400} INFO - Marking task as SUCCESS. dag_id=Kafka_Producer_1, task_id=Reddit, execution_date=20240120T045713, start_date=20240120T045818, end_date=20240120T045822
[2024-01-20T04:58:23.013+0000] {local_task_job_runner.py:228} INFO - Task exited with return code 0
[2024-01-20T04:58:23.027+0000] {taskinstance.py:2784} INFO - 0 downstream tasks scheduled from follow-on schedule check
