[2024-01-17T03:49:00.403+0000] {taskinstance.py:1159} INFO - Dependencies all met for dep_context=non-requeueable deps ti=<TaskInstance: Stream_Data_4.Reddit scheduled__2024-01-17T03:23:38.787241+00:00 [queued]>
[2024-01-17T03:49:00.408+0000] {taskinstance.py:1159} INFO - Dependencies all met for dep_context=requeueable deps ti=<TaskInstance: Stream_Data_4.Reddit scheduled__2024-01-17T03:23:38.787241+00:00 [queued]>
[2024-01-17T03:49:00.408+0000] {taskinstance.py:1361} INFO - Starting attempt 1 of 1
[2024-01-17T03:49:00.418+0000] {taskinstance.py:1382} INFO - Executing <Task(PythonOperator): Reddit> on 2024-01-17 03:23:38.787241+00:00
[2024-01-17T03:49:00.420+0000] {standard_task_runner.py:57} INFO - Started process 4177 to run task
[2024-01-17T03:49:00.422+0000] {standard_task_runner.py:84} INFO - Running: ['***', 'tasks', 'run', 'Stream_Data_4', 'Reddit', 'scheduled__2024-01-17T03:23:38.787241+00:00', '--job-id', '207', '--raw', '--subdir', 'DAGS_FOLDER/kafka_stream_4.py', '--cfg-path', '/tmp/tmpi26rewn4']
[2024-01-17T03:49:00.423+0000] {standard_task_runner.py:85} INFO - Job 207: Subtask Reddit
[2024-01-17T03:49:00.460+0000] {task_command.py:415} INFO - Running <TaskInstance: Stream_Data_4.Reddit scheduled__2024-01-17T03:23:38.787241+00:00 [running]> on host 776833dc279e
[2024-01-17T03:49:00.520+0000] {taskinstance.py:1660} INFO - Exporting env vars: AIRFLOW_CTX_DAG_OWNER='me' AIRFLOW_CTX_DAG_ID='Stream_Data_4' AIRFLOW_CTX_TASK_ID='Reddit' AIRFLOW_CTX_EXECUTION_DATE='2024-01-17T03:23:38.787241+00:00' AIRFLOW_CTX_TRY_NUMBER='1' AIRFLOW_CTX_DAG_RUN_ID='scheduled__2024-01-17T03:23:38.787241+00:00'
[2024-01-17T03:49:00.546+0000] {logging_mixin.py:151} INFO -  submission : 
[2024-01-17T03:49:01.382+0000] {logging_mixin.py:151} INFO - @True
[2024-01-17T03:49:01.383+0000] {conn.py:380} INFO - <BrokerConnection node_id=bootstrap-0 host=broker:29092 <connecting> [IPv4 ('192.168.192.8', 29092)]>: connecting to broker:29092 [('192.168.192.8', 29092) IPv4]
[2024-01-17T03:49:01.383+0000] {conn.py:1205} INFO - Probing node bootstrap-0 broker version
[2024-01-17T03:49:01.384+0000] {conn.py:410} INFO - <BrokerConnection node_id=bootstrap-0 host=broker:29092 <connecting> [IPv4 ('192.168.192.8', 29092)]>: Connection complete.
[2024-01-17T03:49:01.486+0000] {conn.py:1267} INFO - Broker version identified as 2.5.0
[2024-01-17T03:49:01.486+0000] {conn.py:1268} INFO - Set configuration api_version=(2, 5, 0) to skip auto check_version requests on startup
[2024-01-17T03:49:01.490+0000] {logging_mixin.py:151} INFO - #False
[2024-01-17T03:49:01.490+0000] {logging_mixin.py:151} INFO - #False
[2024-01-17T03:49:01.490+0000] {logging_mixin.py:151} INFO - #False
[2024-01-17T03:49:01.491+0000] {logging_mixin.py:151} INFO - #False
[2024-01-17T03:49:01.491+0000] {logging_mixin.py:151} INFO - #False
[2024-01-17T03:49:01.491+0000] {logging_mixin.py:151} INFO - #False
[2024-01-17T03:49:01.491+0000] {logging_mixin.py:151} INFO - #False
[2024-01-17T03:49:01.491+0000] {logging_mixin.py:151} INFO - #False
[2024-01-17T03:49:01.491+0000] {logging_mixin.py:151} INFO - #False
[2024-01-17T03:49:01.491+0000] {logging_mixin.py:151} INFO - #False
[2024-01-17T03:49:01.491+0000] {logging_mixin.py:151} INFO - #False
[2024-01-17T03:49:01.491+0000] {logging_mixin.py:151} INFO - #False
[2024-01-17T03:49:01.491+0000] {logging_mixin.py:151} INFO - #False
[2024-01-17T03:49:01.491+0000] {logging_mixin.py:151} INFO - #False
[2024-01-17T03:49:01.491+0000] {logging_mixin.py:151} INFO - #False
[2024-01-17T03:49:01.492+0000] {logging_mixin.py:151} INFO - #False
[2024-01-17T03:49:01.492+0000] {logging_mixin.py:151} INFO - #False
[2024-01-17T03:49:01.492+0000] {logging_mixin.py:151} INFO - #False
[2024-01-17T03:49:01.492+0000] {logging_mixin.py:151} INFO - #False
[2024-01-17T03:49:01.492+0000] {logging_mixin.py:151} INFO - #False
[2024-01-17T03:49:01.492+0000] {logging_mixin.py:151} INFO - #False
[2024-01-17T03:49:01.492+0000] {logging_mixin.py:151} INFO - #False
[2024-01-17T03:49:01.492+0000] {logging_mixin.py:151} INFO - #False
[2024-01-17T03:49:01.492+0000] {logging_mixin.py:151} INFO - #False
[2024-01-17T03:49:01.492+0000] {logging_mixin.py:151} INFO - #False
[2024-01-17T03:49:01.492+0000] {logging_mixin.py:151} INFO - #False
[2024-01-17T03:49:01.492+0000] {logging_mixin.py:151} INFO - #False
[2024-01-17T03:49:01.492+0000] {logging_mixin.py:151} INFO - #False
[2024-01-17T03:49:01.492+0000] {logging_mixin.py:151} INFO - #False
[2024-01-17T03:49:01.492+0000] {logging_mixin.py:151} INFO -  submission : 
[2024-01-17T03:49:01.494+0000] {conn.py:380} INFO - <BrokerConnection node_id=1 host=broker:29092 <connecting> [IPv4 ('192.168.192.8', 29092)]>: connecting to broker:29092 [('192.168.192.8', 29092) IPv4]
[2024-01-17T03:49:01.494+0000] {conn.py:410} INFO - <BrokerConnection node_id=1 host=broker:29092 <connecting> [IPv4 ('192.168.192.8', 29092)]>: Connection complete.
[2024-01-17T03:49:01.494+0000] {conn.py:919} INFO - <BrokerConnection node_id=bootstrap-0 host=broker:29092 <connected> [IPv4 ('192.168.192.8', 29092)]>: Closing connection. 
[2024-01-17T03:49:02.065+0000] {logging_mixin.py:151} INFO - #False
[2024-01-17T03:49:02.066+0000] {logging_mixin.py:151} INFO - #False
[2024-01-17T03:49:02.066+0000] {logging_mixin.py:151} INFO - #False
[2024-01-17T03:49:02.066+0000] {logging_mixin.py:151} INFO - #False
[2024-01-17T03:49:02.066+0000] {logging_mixin.py:151} INFO - #False
[2024-01-17T03:49:02.066+0000] {logging_mixin.py:151} INFO - #False
[2024-01-17T03:49:02.066+0000] {logging_mixin.py:151} INFO - #False
[2024-01-17T03:49:02.066+0000] {logging_mixin.py:151} INFO - #False
[2024-01-17T03:49:02.066+0000] {logging_mixin.py:151} INFO - #False
[2024-01-17T03:49:02.066+0000] {logging_mixin.py:151} INFO - #False
[2024-01-17T03:49:02.067+0000] {logging_mixin.py:151} INFO - #False
[2024-01-17T03:49:02.067+0000] {logging_mixin.py:151} INFO - #False
[2024-01-17T03:49:02.067+0000] {logging_mixin.py:151} INFO - #False
[2024-01-17T03:49:02.067+0000] {logging_mixin.py:151} INFO - #False
[2024-01-17T03:49:02.067+0000] {logging_mixin.py:151} INFO - #False
[2024-01-17T03:49:02.067+0000] {logging_mixin.py:151} INFO - #False
[2024-01-17T03:49:02.067+0000] {logging_mixin.py:151} INFO - #False
[2024-01-17T03:49:02.067+0000] {logging_mixin.py:151} INFO - #False
[2024-01-17T03:49:02.067+0000] {logging_mixin.py:151} INFO - #False
[2024-01-17T03:49:02.067+0000] {logging_mixin.py:151} INFO - #False
[2024-01-17T03:49:02.067+0000] {logging_mixin.py:151} INFO - #False
[2024-01-17T03:49:02.067+0000] {logging_mixin.py:151} INFO - #False
[2024-01-17T03:49:02.067+0000] {logging_mixin.py:151} INFO - #False
[2024-01-17T03:49:02.067+0000] {logging_mixin.py:151} INFO - #False
[2024-01-17T03:49:02.067+0000] {logging_mixin.py:151} INFO - #False
[2024-01-17T03:49:02.067+0000] {logging_mixin.py:151} INFO - #False
[2024-01-17T03:49:02.067+0000] {logging_mixin.py:151} INFO - #False
[2024-01-17T03:49:02.067+0000] {logging_mixin.py:151} INFO - #False
[2024-01-17T03:49:02.067+0000] {logging_mixin.py:151} INFO - #False
[2024-01-17T03:49:02.067+0000] {logging_mixin.py:151} INFO - #False
[2024-01-17T03:49:02.068+0000] {logging_mixin.py:151} INFO -  submission : 
[2024-01-17T03:49:02.569+0000] {logging_mixin.py:151} INFO - #False
[2024-01-17T03:49:02.569+0000] {logging_mixin.py:151} INFO - #False
[2024-01-17T03:49:02.570+0000] {logging_mixin.py:151} INFO - #False
[2024-01-17T03:49:02.570+0000] {logging_mixin.py:151} INFO - #False
[2024-01-17T03:49:02.570+0000] {logging_mixin.py:151} INFO - #False
[2024-01-17T03:49:02.570+0000] {logging_mixin.py:151} INFO - #False
[2024-01-17T03:49:02.570+0000] {logging_mixin.py:151} INFO - #False
[2024-01-17T03:49:02.570+0000] {logging_mixin.py:151} INFO - #False
[2024-01-17T03:49:02.570+0000] {logging_mixin.py:151} INFO - #False
[2024-01-17T03:49:02.570+0000] {logging_mixin.py:151} INFO - #False
[2024-01-17T03:49:02.570+0000] {logging_mixin.py:151} INFO - #False
[2024-01-17T03:49:02.570+0000] {logging_mixin.py:151} INFO - #False
[2024-01-17T03:49:02.570+0000] {logging_mixin.py:151} INFO - #False
[2024-01-17T03:49:02.570+0000] {logging_mixin.py:151} INFO - #False
[2024-01-17T03:49:02.570+0000] {logging_mixin.py:151} INFO - #False
[2024-01-17T03:49:02.570+0000] {logging_mixin.py:151} INFO - #False
[2024-01-17T03:49:02.570+0000] {logging_mixin.py:151} INFO - #False
[2024-01-17T03:49:02.570+0000] {logging_mixin.py:151} INFO - #False
[2024-01-17T03:49:02.570+0000] {logging_mixin.py:151} INFO - #False
[2024-01-17T03:49:02.570+0000] {logging_mixin.py:151} INFO - #False
[2024-01-17T03:49:02.570+0000] {logging_mixin.py:151} INFO - #False
[2024-01-17T03:49:02.571+0000] {logging_mixin.py:151} INFO - #False
[2024-01-17T03:49:02.571+0000] {logging_mixin.py:151} INFO - #False
[2024-01-17T03:49:02.571+0000] {logging_mixin.py:151} INFO - #False
[2024-01-17T03:49:02.571+0000] {logging_mixin.py:151} INFO - #False
[2024-01-17T03:49:02.571+0000] {logging_mixin.py:151} INFO - #False
[2024-01-17T03:49:02.571+0000] {logging_mixin.py:151} INFO - #False
[2024-01-17T03:49:02.571+0000] {logging_mixin.py:151} INFO - #False
[2024-01-17T03:49:02.571+0000] {logging_mixin.py:151} INFO - #False
[2024-01-17T03:49:02.571+0000] {logging_mixin.py:151} INFO - #False
[2024-01-17T03:49:02.571+0000] {logging_mixin.py:151} INFO -  submission : 
[2024-01-17T03:49:03.337+0000] {logging_mixin.py:151} INFO - #False
[2024-01-17T03:49:03.338+0000] {logging_mixin.py:151} INFO - #False
[2024-01-17T03:49:03.338+0000] {logging_mixin.py:151} INFO - #False
[2024-01-17T03:49:03.338+0000] {logging_mixin.py:151} INFO - #False
[2024-01-17T03:49:03.338+0000] {logging_mixin.py:151} INFO - #False
[2024-01-17T03:49:03.338+0000] {logging_mixin.py:151} INFO - #False
[2024-01-17T03:49:03.338+0000] {logging_mixin.py:151} INFO - #False
[2024-01-17T03:49:03.338+0000] {logging_mixin.py:151} INFO - #False
[2024-01-17T03:49:03.338+0000] {logging_mixin.py:151} INFO - #False
[2024-01-17T03:49:03.338+0000] {logging_mixin.py:151} INFO - #False
[2024-01-17T03:49:03.338+0000] {logging_mixin.py:151} INFO - #False
[2024-01-17T03:49:03.338+0000] {logging_mixin.py:151} INFO - #False
[2024-01-17T03:49:03.338+0000] {logging_mixin.py:151} INFO - #False
[2024-01-17T03:49:03.338+0000] {logging_mixin.py:151} INFO - #False
[2024-01-17T03:49:03.338+0000] {logging_mixin.py:151} INFO - #False
[2024-01-17T03:49:03.338+0000] {logging_mixin.py:151} INFO - #False
[2024-01-17T03:49:03.338+0000] {logging_mixin.py:151} INFO - #False
[2024-01-17T03:49:03.339+0000] {logging_mixin.py:151} INFO - #False
[2024-01-17T03:49:03.339+0000] {logging_mixin.py:151} INFO - #False
[2024-01-17T03:49:03.339+0000] {logging_mixin.py:151} INFO - #False
[2024-01-17T03:49:03.339+0000] {logging_mixin.py:151} INFO - #False
[2024-01-17T03:49:03.339+0000] {logging_mixin.py:151} INFO - #False
[2024-01-17T03:49:03.339+0000] {logging_mixin.py:151} INFO - #False
[2024-01-17T03:49:03.339+0000] {logging_mixin.py:151} INFO - #False
[2024-01-17T03:49:03.339+0000] {logging_mixin.py:151} INFO - #False
[2024-01-17T03:49:03.339+0000] {logging_mixin.py:151} INFO - #False
[2024-01-17T03:49:03.339+0000] {logging_mixin.py:151} INFO - #False
[2024-01-17T03:49:03.339+0000] {logging_mixin.py:151} INFO - #False
[2024-01-17T03:49:03.339+0000] {logging_mixin.py:151} INFO - #False
[2024-01-17T03:49:03.339+0000] {logging_mixin.py:151} INFO - #False
[2024-01-17T03:49:03.339+0000] {logging_mixin.py:151} INFO -  submission : 
[2024-01-17T03:49:03.866+0000] {logging_mixin.py:151} INFO - #False
[2024-01-17T03:49:03.866+0000] {logging_mixin.py:151} INFO - #False
[2024-01-17T03:49:03.866+0000] {logging_mixin.py:151} INFO - #False
[2024-01-17T03:49:03.866+0000] {logging_mixin.py:151} INFO - #False
[2024-01-17T03:49:03.866+0000] {logging_mixin.py:151} INFO - #False
[2024-01-17T03:49:03.867+0000] {logging_mixin.py:151} INFO - #False
[2024-01-17T03:49:03.867+0000] {logging_mixin.py:151} INFO - #False
[2024-01-17T03:49:03.867+0000] {logging_mixin.py:151} INFO - #False
[2024-01-17T03:49:03.867+0000] {logging_mixin.py:151} INFO - #False
[2024-01-17T03:49:03.867+0000] {logging_mixin.py:151} INFO - #False
[2024-01-17T03:49:03.867+0000] {logging_mixin.py:151} INFO - #False
[2024-01-17T03:49:03.867+0000] {logging_mixin.py:151} INFO - #False
[2024-01-17T03:49:03.867+0000] {logging_mixin.py:151} INFO - #False
[2024-01-17T03:49:03.867+0000] {logging_mixin.py:151} INFO - #False
[2024-01-17T03:49:03.867+0000] {logging_mixin.py:151} INFO - #False
[2024-01-17T03:49:03.867+0000] {logging_mixin.py:151} INFO - #False
[2024-01-17T03:49:03.867+0000] {logging_mixin.py:151} INFO - #False
[2024-01-17T03:49:03.867+0000] {logging_mixin.py:151} INFO - #False
[2024-01-17T03:49:03.867+0000] {logging_mixin.py:151} INFO - #False
[2024-01-17T03:49:03.867+0000] {logging_mixin.py:151} INFO - #False
[2024-01-17T03:49:03.867+0000] {logging_mixin.py:151} INFO - #False
[2024-01-17T03:49:03.867+0000] {logging_mixin.py:151} INFO - #False
[2024-01-17T03:49:03.867+0000] {logging_mixin.py:151} INFO - #False
[2024-01-17T03:49:03.867+0000] {logging_mixin.py:151} INFO - #False
[2024-01-17T03:49:03.868+0000] {logging_mixin.py:151} INFO - #False
[2024-01-17T03:49:03.868+0000] {logging_mixin.py:151} INFO - #False
[2024-01-17T03:49:03.868+0000] {logging_mixin.py:151} INFO - #False
[2024-01-17T03:49:03.868+0000] {logging_mixin.py:151} INFO - #False
[2024-01-17T03:49:03.868+0000] {logging_mixin.py:151} INFO - #False
[2024-01-17T03:49:03.868+0000] {logging_mixin.py:151} INFO - #False
[2024-01-17T03:49:03.868+0000] {logging_mixin.py:151} INFO -  submission : 
[2024-01-17T03:49:04.370+0000] {logging_mixin.py:151} INFO - #False
[2024-01-17T03:49:04.370+0000] {logging_mixin.py:151} INFO - #False
[2024-01-17T03:49:04.370+0000] {logging_mixin.py:151} INFO - #False
[2024-01-17T03:49:04.370+0000] {logging_mixin.py:151} INFO - #False
[2024-01-17T03:49:04.370+0000] {logging_mixin.py:151} INFO - #False
[2024-01-17T03:49:04.370+0000] {logging_mixin.py:151} INFO - #False
[2024-01-17T03:49:04.370+0000] {logging_mixin.py:151} INFO - #False
[2024-01-17T03:49:04.370+0000] {logging_mixin.py:151} INFO - #False
[2024-01-17T03:49:04.370+0000] {logging_mixin.py:151} INFO - #False
[2024-01-17T03:49:04.370+0000] {logging_mixin.py:151} INFO - #False
[2024-01-17T03:49:04.370+0000] {logging_mixin.py:151} INFO - #False
[2024-01-17T03:49:04.371+0000] {logging_mixin.py:151} INFO - #False
[2024-01-17T03:49:04.371+0000] {logging_mixin.py:151} INFO - #False
[2024-01-17T03:49:04.371+0000] {logging_mixin.py:151} INFO - #False
[2024-01-17T03:49:04.371+0000] {logging_mixin.py:151} INFO - #False
[2024-01-17T03:49:04.371+0000] {logging_mixin.py:151} INFO - #False
[2024-01-17T03:49:04.371+0000] {logging_mixin.py:151} INFO - #False
[2024-01-17T03:49:04.371+0000] {logging_mixin.py:151} INFO - #False
[2024-01-17T03:49:04.371+0000] {logging_mixin.py:151} INFO - #False
[2024-01-17T03:49:04.371+0000] {logging_mixin.py:151} INFO - #False
[2024-01-17T03:49:04.371+0000] {logging_mixin.py:151} INFO - #False
[2024-01-17T03:49:04.371+0000] {logging_mixin.py:151} INFO - #False
[2024-01-17T03:49:04.371+0000] {logging_mixin.py:151} INFO - #False
[2024-01-17T03:49:04.371+0000] {logging_mixin.py:151} INFO - #False
[2024-01-17T03:49:04.371+0000] {logging_mixin.py:151} INFO - #False
[2024-01-17T03:49:04.371+0000] {logging_mixin.py:151} INFO - #False
[2024-01-17T03:49:04.371+0000] {logging_mixin.py:151} INFO - #False
[2024-01-17T03:49:04.371+0000] {logging_mixin.py:151} INFO - #False
[2024-01-17T03:49:04.371+0000] {logging_mixin.py:151} INFO - #False
[2024-01-17T03:49:04.371+0000] {logging_mixin.py:151} INFO - #False
[2024-01-17T03:49:04.372+0000] {logging_mixin.py:151} INFO -  submission : 
[2024-01-17T03:49:04.981+0000] {logging_mixin.py:151} INFO - #False
[2024-01-17T03:49:04.981+0000] {logging_mixin.py:151} INFO - #False
[2024-01-17T03:49:04.981+0000] {logging_mixin.py:151} INFO - #False
[2024-01-17T03:49:04.981+0000] {logging_mixin.py:151} INFO - #False
[2024-01-17T03:49:04.981+0000] {logging_mixin.py:151} INFO - #False
[2024-01-17T03:49:04.981+0000] {logging_mixin.py:151} INFO - #False
[2024-01-17T03:49:04.981+0000] {logging_mixin.py:151} INFO - #False
[2024-01-17T03:49:04.981+0000] {logging_mixin.py:151} INFO - #False
[2024-01-17T03:49:04.981+0000] {logging_mixin.py:151} INFO - #False
[2024-01-17T03:49:04.981+0000] {logging_mixin.py:151} INFO - #False
[2024-01-17T03:49:04.981+0000] {logging_mixin.py:151} INFO - #False
[2024-01-17T03:49:04.981+0000] {logging_mixin.py:151} INFO - #False
[2024-01-17T03:49:04.981+0000] {logging_mixin.py:151} INFO - #False
[2024-01-17T03:49:04.981+0000] {logging_mixin.py:151} INFO - #False
[2024-01-17T03:49:04.981+0000] {logging_mixin.py:151} INFO - #False
[2024-01-17T03:49:04.982+0000] {logging_mixin.py:151} INFO - #False
[2024-01-17T03:49:04.982+0000] {logging_mixin.py:151} INFO - #False
[2024-01-17T03:49:04.982+0000] {logging_mixin.py:151} INFO - #False
[2024-01-17T03:49:04.982+0000] {logging_mixin.py:151} INFO - #False
[2024-01-17T03:49:04.982+0000] {logging_mixin.py:151} INFO - #False
[2024-01-17T03:49:04.982+0000] {logging_mixin.py:151} INFO - #False
[2024-01-17T03:49:04.982+0000] {logging_mixin.py:151} INFO - #False
[2024-01-17T03:49:04.982+0000] {logging_mixin.py:151} INFO - #False
[2024-01-17T03:49:04.982+0000] {logging_mixin.py:151} INFO - #False
[2024-01-17T03:49:04.982+0000] {logging_mixin.py:151} INFO - #False
[2024-01-17T03:49:04.982+0000] {logging_mixin.py:151} INFO - #False
[2024-01-17T03:49:04.982+0000] {logging_mixin.py:151} INFO - #False
[2024-01-17T03:49:04.982+0000] {logging_mixin.py:151} INFO - #False
[2024-01-17T03:49:04.982+0000] {logging_mixin.py:151} INFO - #False
[2024-01-17T03:49:04.982+0000] {logging_mixin.py:151} INFO - #False
[2024-01-17T03:49:04.982+0000] {logging_mixin.py:151} INFO -  submission : 
[2024-01-17T03:49:05.589+0000] {logging_mixin.py:151} INFO - #False
[2024-01-17T03:49:05.589+0000] {logging_mixin.py:151} INFO - #False
[2024-01-17T03:49:05.589+0000] {logging_mixin.py:151} INFO - #False
[2024-01-17T03:49:05.589+0000] {logging_mixin.py:151} INFO - #False
[2024-01-17T03:49:05.590+0000] {logging_mixin.py:151} INFO - #False
[2024-01-17T03:49:05.590+0000] {logging_mixin.py:151} INFO - #False
[2024-01-17T03:49:05.590+0000] {logging_mixin.py:151} INFO - #False
[2024-01-17T03:49:05.590+0000] {logging_mixin.py:151} INFO - #False
[2024-01-17T03:49:05.590+0000] {logging_mixin.py:151} INFO - #False
[2024-01-17T03:49:05.590+0000] {logging_mixin.py:151} INFO - #False
[2024-01-17T03:49:05.590+0000] {logging_mixin.py:151} INFO - #False
[2024-01-17T03:49:05.590+0000] {logging_mixin.py:151} INFO - #False
[2024-01-17T03:49:05.590+0000] {logging_mixin.py:151} INFO - #False
[2024-01-17T03:49:05.590+0000] {logging_mixin.py:151} INFO - #False
[2024-01-17T03:49:05.591+0000] {logging_mixin.py:151} INFO - #False
[2024-01-17T03:49:05.591+0000] {logging_mixin.py:151} INFO - #False
[2024-01-17T03:49:05.591+0000] {logging_mixin.py:151} INFO - #False
[2024-01-17T03:49:05.591+0000] {logging_mixin.py:151} INFO - #False
[2024-01-17T03:49:05.591+0000] {logging_mixin.py:151} INFO - #False
[2024-01-17T03:49:05.591+0000] {logging_mixin.py:151} INFO - #False
[2024-01-17T03:49:05.591+0000] {logging_mixin.py:151} INFO - #False
[2024-01-17T03:49:05.591+0000] {logging_mixin.py:151} INFO - #False
[2024-01-17T03:49:05.591+0000] {logging_mixin.py:151} INFO - #False
[2024-01-17T03:49:05.591+0000] {logging_mixin.py:151} INFO - #False
[2024-01-17T03:49:05.591+0000] {logging_mixin.py:151} INFO - #False
[2024-01-17T03:49:05.591+0000] {logging_mixin.py:151} INFO - #False
[2024-01-17T03:49:05.591+0000] {logging_mixin.py:151} INFO - #False
[2024-01-17T03:49:05.591+0000] {logging_mixin.py:151} INFO - #False
[2024-01-17T03:49:05.591+0000] {logging_mixin.py:151} INFO - #False
[2024-01-17T03:49:05.591+0000] {logging_mixin.py:151} INFO - #False
[2024-01-17T03:49:05.592+0000] {conn.py:919} INFO - <BrokerConnection node_id=1 host=broker:29092 <connected> [IPv4 ('192.168.192.8', 29092)]>: Closing connection. 
[2024-01-17T03:49:05.593+0000] {python.py:194} INFO - Done. Returned value was: None
[2024-01-17T03:49:05.602+0000] {taskinstance.py:1400} INFO - Marking task as SUCCESS. dag_id=Stream_Data_4, task_id=Reddit, execution_date=20240117T032338, start_date=20240117T034900, end_date=20240117T034905
[2024-01-17T03:49:05.696+0000] {local_task_job_runner.py:228} INFO - Task exited with return code 0
[2024-01-17T03:49:05.712+0000] {taskinstance.py:2784} INFO - 0 downstream tasks scheduled from follow-on schedule check
