[2024-01-20T05:49:49.918+0000] {taskinstance.py:1159} INFO - Dependencies all met for dep_context=non-requeueable deps ti=<TaskInstance: Kafka_Producer_5.Reddit scheduled__2024-01-20T05:48:17.144241+00:00 [queued]>
[2024-01-20T05:49:49.924+0000] {taskinstance.py:1159} INFO - Dependencies all met for dep_context=requeueable deps ti=<TaskInstance: Kafka_Producer_5.Reddit scheduled__2024-01-20T05:48:17.144241+00:00 [queued]>
[2024-01-20T05:49:49.924+0000] {taskinstance.py:1361} INFO - Starting attempt 1 of 1
[2024-01-20T05:49:49.934+0000] {taskinstance.py:1382} INFO - Executing <Task(PythonOperator): Reddit> on 2024-01-20 05:48:17.144241+00:00
[2024-01-20T05:49:49.937+0000] {standard_task_runner.py:57} INFO - Started process 13945 to run task
[2024-01-20T05:49:49.940+0000] {standard_task_runner.py:84} INFO - Running: ['***', 'tasks', 'run', 'Kafka_Producer_5', 'Reddit', 'scheduled__2024-01-20T05:48:17.144241+00:00', '--job-id', '709', '--raw', '--subdir', 'DAGS_FOLDER/kafka_stream_5.py', '--cfg-path', '/tmp/tmpgu5li5wx']
[2024-01-20T05:49:49.941+0000] {standard_task_runner.py:85} INFO - Job 709: Subtask Reddit
[2024-01-20T05:49:49.986+0000] {task_command.py:415} INFO - Running <TaskInstance: Kafka_Producer_5.Reddit scheduled__2024-01-20T05:48:17.144241+00:00 [running]> on host 45c5bfab8aa1
[2024-01-20T05:49:50.062+0000] {taskinstance.py:1660} INFO - Exporting env vars: AIRFLOW_CTX_DAG_OWNER='me' AIRFLOW_CTX_DAG_ID='Kafka_Producer_5' AIRFLOW_CTX_TASK_ID='Reddit' AIRFLOW_CTX_EXECUTION_DATE='2024-01-20T05:48:17.144241+00:00' AIRFLOW_CTX_TRY_NUMBER='1' AIRFLOW_CTX_DAG_RUN_ID='scheduled__2024-01-20T05:48:17.144241+00:00'
[2024-01-20T05:49:50.095+0000] {logging_mixin.py:151} INFO -  submission : 
[2024-01-20T05:49:51.063+0000] {logging_mixin.py:151} INFO - @True
[2024-01-20T05:49:51.127+0000] {conn.py:380} INFO - <BrokerConnection node_id=bootstrap-0 host=broker:29092 <connecting> [IPv4 ('172.19.0.8', 29092)]>: connecting to broker:29092 [('172.19.0.8', 29092) IPv4]
[2024-01-20T05:49:51.128+0000] {conn.py:1205} INFO - Probing node bootstrap-0 broker version
[2024-01-20T05:49:51.130+0000] {conn.py:410} INFO - <BrokerConnection node_id=bootstrap-0 host=broker:29092 <connecting> [IPv4 ('172.19.0.8', 29092)]>: Connection complete.
[2024-01-20T05:49:51.233+0000] {conn.py:1267} INFO - Broker version identified as 2.5.0
[2024-01-20T05:49:51.233+0000] {conn.py:1268} INFO - Set configuration api_version=(2, 5, 0) to skip auto check_version requests on startup
[2024-01-20T05:49:51.237+0000] {logging_mixin.py:151} INFO - #False
[2024-01-20T05:49:51.238+0000] {conn.py:380} INFO - <BrokerConnection node_id=1 host=broker:29092 <connecting> [IPv4 ('172.19.0.8', 29092)]>: connecting to broker:29092 [('172.19.0.8', 29092) IPv4]
[2024-01-20T05:49:51.238+0000] {logging_mixin.py:151} INFO - #False
[2024-01-20T05:49:51.239+0000] {conn.py:410} INFO - <BrokerConnection node_id=1 host=broker:29092 <connecting> [IPv4 ('172.19.0.8', 29092)]>: Connection complete.
[2024-01-20T05:49:51.239+0000] {logging_mixin.py:151} INFO - #False
[2024-01-20T05:49:51.240+0000] {conn.py:919} INFO - <BrokerConnection node_id=bootstrap-0 host=broker:29092 <connected> [IPv4 ('172.19.0.8', 29092)]>: Closing connection. 
[2024-01-20T05:49:51.240+0000] {logging_mixin.py:151} INFO - #False
[2024-01-20T05:49:51.242+0000] {logging_mixin.py:151} INFO - #False
[2024-01-20T05:49:51.242+0000] {logging_mixin.py:151} INFO - #False
[2024-01-20T05:49:51.242+0000] {logging_mixin.py:151} INFO - #False
[2024-01-20T05:49:51.243+0000] {logging_mixin.py:151} INFO - #False
[2024-01-20T05:49:51.243+0000] {logging_mixin.py:151} INFO - #False
[2024-01-20T05:49:51.244+0000] {logging_mixin.py:151} INFO - #False
[2024-01-20T05:49:51.244+0000] {logging_mixin.py:151} INFO - #False
[2024-01-20T05:49:51.244+0000] {logging_mixin.py:151} INFO - #False
[2024-01-20T05:49:51.245+0000] {logging_mixin.py:151} INFO - #False
[2024-01-20T05:49:51.245+0000] {logging_mixin.py:151} INFO - #False
[2024-01-20T05:49:51.245+0000] {logging_mixin.py:151} INFO - #False
[2024-01-20T05:49:51.246+0000] {logging_mixin.py:151} INFO - #False
[2024-01-20T05:49:51.246+0000] {logging_mixin.py:151} INFO - #False
[2024-01-20T05:49:51.246+0000] {logging_mixin.py:151} INFO - #False
[2024-01-20T05:49:51.247+0000] {logging_mixin.py:151} INFO - #False
[2024-01-20T05:49:51.247+0000] {logging_mixin.py:151} INFO - #False
[2024-01-20T05:49:51.248+0000] {logging_mixin.py:151} INFO - #False
[2024-01-20T05:49:51.248+0000] {logging_mixin.py:151} INFO - #False
[2024-01-20T05:49:51.248+0000] {logging_mixin.py:151} INFO - #False
[2024-01-20T05:49:51.248+0000] {logging_mixin.py:151} INFO - #False
[2024-01-20T05:49:51.249+0000] {logging_mixin.py:151} INFO - #False
[2024-01-20T05:49:51.249+0000] {logging_mixin.py:151} INFO - #False
[2024-01-20T05:49:51.249+0000] {logging_mixin.py:151} INFO - #False
[2024-01-20T05:49:51.250+0000] {logging_mixin.py:151} INFO - #False
[2024-01-20T05:49:51.250+0000] {logging_mixin.py:151} INFO - #False
[2024-01-20T05:49:51.250+0000] {logging_mixin.py:151} INFO -  submission : 
[2024-01-20T05:49:51.803+0000] {logging_mixin.py:151} INFO - #False
[2024-01-20T05:49:51.804+0000] {logging_mixin.py:151} INFO - #False
[2024-01-20T05:49:51.804+0000] {logging_mixin.py:151} INFO - #False
[2024-01-20T05:49:51.804+0000] {logging_mixin.py:151} INFO - #False
[2024-01-20T05:49:51.805+0000] {logging_mixin.py:151} INFO - #False
[2024-01-20T05:49:51.805+0000] {logging_mixin.py:151} INFO - #False
[2024-01-20T05:49:51.805+0000] {logging_mixin.py:151} INFO - #False
[2024-01-20T05:49:51.805+0000] {logging_mixin.py:151} INFO - #False
[2024-01-20T05:49:51.806+0000] {logging_mixin.py:151} INFO - #False
[2024-01-20T05:49:51.806+0000] {logging_mixin.py:151} INFO - #False
[2024-01-20T05:49:51.806+0000] {logging_mixin.py:151} INFO - #False
[2024-01-20T05:49:51.806+0000] {logging_mixin.py:151} INFO - #False
[2024-01-20T05:49:51.807+0000] {logging_mixin.py:151} INFO - #False
[2024-01-20T05:49:51.807+0000] {logging_mixin.py:151} INFO - #False
[2024-01-20T05:49:51.807+0000] {logging_mixin.py:151} INFO - #False
[2024-01-20T05:49:51.807+0000] {logging_mixin.py:151} INFO - #False
[2024-01-20T05:49:51.808+0000] {logging_mixin.py:151} INFO - #False
[2024-01-20T05:49:51.808+0000] {logging_mixin.py:151} INFO - #False
[2024-01-20T05:49:51.808+0000] {logging_mixin.py:151} INFO - #False
[2024-01-20T05:49:51.808+0000] {logging_mixin.py:151} INFO - #False
[2024-01-20T05:49:51.809+0000] {logging_mixin.py:151} INFO - #False
[2024-01-20T05:49:51.809+0000] {logging_mixin.py:151} INFO - #False
[2024-01-20T05:49:51.809+0000] {logging_mixin.py:151} INFO - #False
[2024-01-20T05:49:51.809+0000] {logging_mixin.py:151} INFO - #False
[2024-01-20T05:49:51.810+0000] {logging_mixin.py:151} INFO - #False
[2024-01-20T05:49:51.810+0000] {logging_mixin.py:151} INFO - #False
[2024-01-20T05:49:51.810+0000] {logging_mixin.py:151} INFO - #False
[2024-01-20T05:49:51.810+0000] {logging_mixin.py:151} INFO - #False
[2024-01-20T05:49:51.811+0000] {logging_mixin.py:151} INFO - #False
[2024-01-20T05:49:51.811+0000] {logging_mixin.py:151} INFO - #False
[2024-01-20T05:49:51.811+0000] {logging_mixin.py:151} INFO -  submission : 
[2024-01-20T05:49:52.390+0000] {logging_mixin.py:151} INFO - #False
[2024-01-20T05:49:52.390+0000] {logging_mixin.py:151} INFO - #False
[2024-01-20T05:49:52.391+0000] {logging_mixin.py:151} INFO - #False
[2024-01-20T05:49:52.391+0000] {logging_mixin.py:151} INFO - #False
[2024-01-20T05:49:52.391+0000] {logging_mixin.py:151} INFO - #False
[2024-01-20T05:49:52.391+0000] {logging_mixin.py:151} INFO - #False
[2024-01-20T05:49:52.392+0000] {logging_mixin.py:151} INFO - #False
[2024-01-20T05:49:52.392+0000] {logging_mixin.py:151} INFO - #False
[2024-01-20T05:49:52.392+0000] {logging_mixin.py:151} INFO - #False
[2024-01-20T05:49:52.392+0000] {logging_mixin.py:151} INFO - #False
[2024-01-20T05:49:52.393+0000] {logging_mixin.py:151} INFO - #False
[2024-01-20T05:49:52.393+0000] {logging_mixin.py:151} INFO - #False
[2024-01-20T05:49:52.393+0000] {logging_mixin.py:151} INFO - #False
[2024-01-20T05:49:52.394+0000] {logging_mixin.py:151} INFO - #False
[2024-01-20T05:49:52.394+0000] {logging_mixin.py:151} INFO - #False
[2024-01-20T05:49:52.394+0000] {logging_mixin.py:151} INFO - #False
[2024-01-20T05:49:52.394+0000] {logging_mixin.py:151} INFO - #False
[2024-01-20T05:49:52.395+0000] {logging_mixin.py:151} INFO - #False
[2024-01-20T05:49:52.395+0000] {logging_mixin.py:151} INFO - #False
[2024-01-20T05:49:52.395+0000] {logging_mixin.py:151} INFO - #False
[2024-01-20T05:49:52.395+0000] {logging_mixin.py:151} INFO - #False
[2024-01-20T05:49:52.395+0000] {logging_mixin.py:151} INFO - #False
[2024-01-20T05:49:52.396+0000] {logging_mixin.py:151} INFO - #False
[2024-01-20T05:49:52.396+0000] {logging_mixin.py:151} INFO - #False
[2024-01-20T05:49:52.396+0000] {logging_mixin.py:151} INFO - #False
[2024-01-20T05:49:52.396+0000] {logging_mixin.py:151} INFO - #False
[2024-01-20T05:49:52.397+0000] {logging_mixin.py:151} INFO - #False
[2024-01-20T05:49:52.397+0000] {logging_mixin.py:151} INFO - #False
[2024-01-20T05:49:52.397+0000] {logging_mixin.py:151} INFO - #False
[2024-01-20T05:49:52.397+0000] {logging_mixin.py:151} INFO - #False
[2024-01-20T05:49:52.398+0000] {logging_mixin.py:151} INFO -  submission : 
[2024-01-20T05:49:52.866+0000] {logging_mixin.py:151} INFO - #False
[2024-01-20T05:49:52.867+0000] {logging_mixin.py:151} INFO - #False
[2024-01-20T05:49:52.867+0000] {logging_mixin.py:151} INFO - #False
[2024-01-20T05:49:52.867+0000] {logging_mixin.py:151} INFO - #False
[2024-01-20T05:49:52.868+0000] {logging_mixin.py:151} INFO - #False
[2024-01-20T05:49:52.868+0000] {logging_mixin.py:151} INFO - #False
[2024-01-20T05:49:52.869+0000] {logging_mixin.py:151} INFO - #False
[2024-01-20T05:49:52.869+0000] {logging_mixin.py:151} INFO - #False
[2024-01-20T05:49:52.869+0000] {logging_mixin.py:151} INFO - #False
[2024-01-20T05:49:52.869+0000] {logging_mixin.py:151} INFO - #False
[2024-01-20T05:49:52.870+0000] {logging_mixin.py:151} INFO - #False
[2024-01-20T05:49:52.870+0000] {logging_mixin.py:151} INFO - #False
[2024-01-20T05:49:52.870+0000] {logging_mixin.py:151} INFO - #False
[2024-01-20T05:49:52.870+0000] {logging_mixin.py:151} INFO - #False
[2024-01-20T05:49:52.871+0000] {logging_mixin.py:151} INFO - #False
[2024-01-20T05:49:52.871+0000] {logging_mixin.py:151} INFO - #False
[2024-01-20T05:49:52.872+0000] {logging_mixin.py:151} INFO - #False
[2024-01-20T05:49:52.872+0000] {logging_mixin.py:151} INFO - #False
[2024-01-20T05:49:52.872+0000] {logging_mixin.py:151} INFO - #False
[2024-01-20T05:49:52.873+0000] {logging_mixin.py:151} INFO - #False
[2024-01-20T05:49:52.873+0000] {logging_mixin.py:151} INFO - #False
[2024-01-20T05:49:52.873+0000] {logging_mixin.py:151} INFO - #False
[2024-01-20T05:49:52.874+0000] {logging_mixin.py:151} INFO - #False
[2024-01-20T05:49:52.874+0000] {logging_mixin.py:151} INFO - #False
[2024-01-20T05:49:52.874+0000] {logging_mixin.py:151} INFO - #False
[2024-01-20T05:49:52.874+0000] {logging_mixin.py:151} INFO - #False
[2024-01-20T05:49:52.875+0000] {logging_mixin.py:151} INFO - #False
[2024-01-20T05:49:52.875+0000] {logging_mixin.py:151} INFO - #False
[2024-01-20T05:49:52.875+0000] {logging_mixin.py:151} INFO - #False
[2024-01-20T05:49:52.875+0000] {logging_mixin.py:151} INFO - #False
[2024-01-20T05:49:52.876+0000] {logging_mixin.py:151} INFO -  submission : 
[2024-01-20T05:49:53.448+0000] {logging_mixin.py:151} INFO - #False
[2024-01-20T05:49:53.449+0000] {logging_mixin.py:151} INFO - #False
[2024-01-20T05:49:53.450+0000] {logging_mixin.py:151} INFO - #False
[2024-01-20T05:49:53.450+0000] {logging_mixin.py:151} INFO - #False
[2024-01-20T05:49:53.451+0000] {logging_mixin.py:151} INFO - #False
[2024-01-20T05:49:53.451+0000] {logging_mixin.py:151} INFO - #False
[2024-01-20T05:49:53.452+0000] {logging_mixin.py:151} INFO - #False
[2024-01-20T05:49:53.452+0000] {logging_mixin.py:151} INFO - #False
[2024-01-20T05:49:53.452+0000] {logging_mixin.py:151} INFO - #False
[2024-01-20T05:49:53.452+0000] {logging_mixin.py:151} INFO - #False
[2024-01-20T05:49:53.453+0000] {logging_mixin.py:151} INFO - #False
[2024-01-20T05:49:53.453+0000] {logging_mixin.py:151} INFO - #False
[2024-01-20T05:49:53.453+0000] {logging_mixin.py:151} INFO - #False
[2024-01-20T05:49:53.454+0000] {logging_mixin.py:151} INFO - #False
[2024-01-20T05:49:53.454+0000] {logging_mixin.py:151} INFO - #False
[2024-01-20T05:49:53.454+0000] {logging_mixin.py:151} INFO - #False
[2024-01-20T05:49:53.454+0000] {logging_mixin.py:151} INFO - #False
[2024-01-20T05:49:53.455+0000] {logging_mixin.py:151} INFO - #False
[2024-01-20T05:49:53.455+0000] {logging_mixin.py:151} INFO - #False
[2024-01-20T05:49:53.455+0000] {logging_mixin.py:151} INFO - #False
[2024-01-20T05:49:53.455+0000] {logging_mixin.py:151} INFO - #False
[2024-01-20T05:49:53.455+0000] {logging_mixin.py:151} INFO - #False
[2024-01-20T05:49:53.456+0000] {logging_mixin.py:151} INFO - #False
[2024-01-20T05:49:53.456+0000] {logging_mixin.py:151} INFO - #False
[2024-01-20T05:49:53.456+0000] {logging_mixin.py:151} INFO - #False
[2024-01-20T05:49:53.456+0000] {logging_mixin.py:151} INFO - #False
[2024-01-20T05:49:53.457+0000] {logging_mixin.py:151} INFO - #False
[2024-01-20T05:49:53.457+0000] {logging_mixin.py:151} INFO - #False
[2024-01-20T05:49:53.457+0000] {logging_mixin.py:151} INFO - #False
[2024-01-20T05:49:53.457+0000] {logging_mixin.py:151} INFO - #False
[2024-01-20T05:49:53.457+0000] {logging_mixin.py:151} INFO -  submission : 
[2024-01-20T05:49:53.964+0000] {logging_mixin.py:151} INFO - #False
[2024-01-20T05:49:53.964+0000] {logging_mixin.py:151} INFO - #False
[2024-01-20T05:49:53.964+0000] {logging_mixin.py:151} INFO - #False
[2024-01-20T05:49:53.965+0000] {logging_mixin.py:151} INFO - #False
[2024-01-20T05:49:53.965+0000] {logging_mixin.py:151} INFO - #False
[2024-01-20T05:49:53.965+0000] {logging_mixin.py:151} INFO - #False
[2024-01-20T05:49:53.965+0000] {logging_mixin.py:151} INFO - #False
[2024-01-20T05:49:53.966+0000] {logging_mixin.py:151} INFO - #False
[2024-01-20T05:49:53.966+0000] {logging_mixin.py:151} INFO - #False
[2024-01-20T05:49:53.966+0000] {logging_mixin.py:151} INFO - #False
[2024-01-20T05:49:53.966+0000] {logging_mixin.py:151} INFO - #False
[2024-01-20T05:49:53.966+0000] {logging_mixin.py:151} INFO - #False
[2024-01-20T05:49:53.967+0000] {logging_mixin.py:151} INFO - #False
[2024-01-20T05:49:53.967+0000] {logging_mixin.py:151} INFO - #False
[2024-01-20T05:49:53.967+0000] {logging_mixin.py:151} INFO - #False
[2024-01-20T05:49:53.968+0000] {logging_mixin.py:151} INFO - #False
[2024-01-20T05:49:53.968+0000] {logging_mixin.py:151} INFO - #False
[2024-01-20T05:49:53.968+0000] {logging_mixin.py:151} INFO - #False
[2024-01-20T05:49:53.968+0000] {logging_mixin.py:151} INFO - #False
[2024-01-20T05:49:53.968+0000] {logging_mixin.py:151} INFO - #False
[2024-01-20T05:49:53.969+0000] {logging_mixin.py:151} INFO - #False
[2024-01-20T05:49:53.969+0000] {logging_mixin.py:151} INFO - #False
[2024-01-20T05:49:53.969+0000] {logging_mixin.py:151} INFO - #False
[2024-01-20T05:49:53.969+0000] {logging_mixin.py:151} INFO - #False
[2024-01-20T05:49:53.969+0000] {logging_mixin.py:151} INFO - #False
[2024-01-20T05:49:53.970+0000] {logging_mixin.py:151} INFO - #False
[2024-01-20T05:49:53.970+0000] {logging_mixin.py:151} INFO - #False
[2024-01-20T05:49:53.970+0000] {logging_mixin.py:151} INFO - #False
[2024-01-20T05:49:53.970+0000] {logging_mixin.py:151} INFO - #False
[2024-01-20T05:49:53.971+0000] {logging_mixin.py:151} INFO - #False
[2024-01-20T05:49:53.971+0000] {logging_mixin.py:151} INFO -  submission : 
[2024-01-20T05:49:54.499+0000] {logging_mixin.py:151} INFO - #False
[2024-01-20T05:49:54.500+0000] {logging_mixin.py:151} INFO - #False
[2024-01-20T05:49:54.500+0000] {logging_mixin.py:151} INFO - #False
[2024-01-20T05:49:54.500+0000] {logging_mixin.py:151} INFO - #False
[2024-01-20T05:49:54.501+0000] {logging_mixin.py:151} INFO - #False
[2024-01-20T05:49:54.501+0000] {logging_mixin.py:151} INFO - #False
[2024-01-20T05:49:54.501+0000] {logging_mixin.py:151} INFO - #False
[2024-01-20T05:49:54.502+0000] {logging_mixin.py:151} INFO - #False
[2024-01-20T05:49:54.502+0000] {logging_mixin.py:151} INFO - #False
[2024-01-20T05:49:54.502+0000] {logging_mixin.py:151} INFO - #False
[2024-01-20T05:49:54.502+0000] {logging_mixin.py:151} INFO - #False
[2024-01-20T05:49:54.503+0000] {logging_mixin.py:151} INFO - #False
[2024-01-20T05:49:54.503+0000] {logging_mixin.py:151} INFO - #False
[2024-01-20T05:49:54.503+0000] {logging_mixin.py:151} INFO - #False
[2024-01-20T05:49:54.504+0000] {logging_mixin.py:151} INFO - #False
[2024-01-20T05:49:54.504+0000] {logging_mixin.py:151} INFO - #False
[2024-01-20T05:49:54.504+0000] {logging_mixin.py:151} INFO - #False
[2024-01-20T05:49:54.504+0000] {logging_mixin.py:151} INFO - #False
[2024-01-20T05:49:54.505+0000] {logging_mixin.py:151} INFO - #False
[2024-01-20T05:49:54.505+0000] {logging_mixin.py:151} INFO - #False
[2024-01-20T05:49:54.505+0000] {logging_mixin.py:151} INFO - #False
[2024-01-20T05:49:54.506+0000] {logging_mixin.py:151} INFO - #False
[2024-01-20T05:49:54.506+0000] {logging_mixin.py:151} INFO - #False
[2024-01-20T05:49:54.506+0000] {logging_mixin.py:151} INFO - #False
[2024-01-20T05:49:54.507+0000] {logging_mixin.py:151} INFO - #False
[2024-01-20T05:49:54.507+0000] {logging_mixin.py:151} INFO - #False
[2024-01-20T05:49:54.507+0000] {logging_mixin.py:151} INFO - #False
[2024-01-20T05:49:54.508+0000] {logging_mixin.py:151} INFO - #False
[2024-01-20T05:49:54.508+0000] {logging_mixin.py:151} INFO - #False
[2024-01-20T05:49:54.508+0000] {logging_mixin.py:151} INFO - #False
[2024-01-20T05:49:54.509+0000] {logging_mixin.py:151} INFO -  submission : 
[2024-01-20T05:49:55.153+0000] {logging_mixin.py:151} INFO - #False
[2024-01-20T05:49:55.154+0000] {logging_mixin.py:151} INFO - #False
[2024-01-20T05:49:55.155+0000] {logging_mixin.py:151} INFO - #False
[2024-01-20T05:49:55.155+0000] {logging_mixin.py:151} INFO - #False
[2024-01-20T05:49:55.155+0000] {logging_mixin.py:151} INFO - #False
[2024-01-20T05:49:55.156+0000] {logging_mixin.py:151} INFO - #False
[2024-01-20T05:49:55.156+0000] {logging_mixin.py:151} INFO - #False
[2024-01-20T05:49:55.156+0000] {logging_mixin.py:151} INFO - #False
[2024-01-20T05:49:55.156+0000] {logging_mixin.py:151} INFO - #False
[2024-01-20T05:49:55.157+0000] {logging_mixin.py:151} INFO - #False
[2024-01-20T05:49:55.157+0000] {logging_mixin.py:151} INFO - #False
[2024-01-20T05:49:55.157+0000] {logging_mixin.py:151} INFO - #False
[2024-01-20T05:49:55.158+0000] {logging_mixin.py:151} INFO - #False
[2024-01-20T05:49:55.158+0000] {logging_mixin.py:151} INFO - #False
[2024-01-20T05:49:55.159+0000] {logging_mixin.py:151} INFO - #False
[2024-01-20T05:49:55.159+0000] {logging_mixin.py:151} INFO - #False
[2024-01-20T05:49:55.160+0000] {logging_mixin.py:151} INFO - #False
[2024-01-20T05:49:55.160+0000] {logging_mixin.py:151} INFO - #False
[2024-01-20T05:49:55.160+0000] {logging_mixin.py:151} INFO - #False
[2024-01-20T05:49:55.160+0000] {logging_mixin.py:151} INFO - #False
[2024-01-20T05:49:55.161+0000] {logging_mixin.py:151} INFO - #False
[2024-01-20T05:49:55.161+0000] {logging_mixin.py:151} INFO - #False
[2024-01-20T05:49:55.161+0000] {logging_mixin.py:151} INFO - #False
[2024-01-20T05:49:55.162+0000] {logging_mixin.py:151} INFO - #False
[2024-01-20T05:49:55.162+0000] {logging_mixin.py:151} INFO - #False
[2024-01-20T05:49:55.162+0000] {logging_mixin.py:151} INFO - #False
[2024-01-20T05:49:55.162+0000] {logging_mixin.py:151} INFO - #False
[2024-01-20T05:49:55.163+0000] {logging_mixin.py:151} INFO - #False
[2024-01-20T05:49:55.163+0000] {logging_mixin.py:151} INFO - #False
[2024-01-20T05:49:55.163+0000] {logging_mixin.py:151} INFO - #False
[2024-01-20T05:49:55.164+0000] {conn.py:919} INFO - <BrokerConnection node_id=1 host=broker:29092 <connected> [IPv4 ('172.19.0.8', 29092)]>: Closing connection. 
[2024-01-20T05:49:55.165+0000] {python.py:194} INFO - Done. Returned value was: None
[2024-01-20T05:49:55.173+0000] {taskinstance.py:1400} INFO - Marking task as SUCCESS. dag_id=Kafka_Producer_5, task_id=Reddit, execution_date=20240120T054817, start_date=20240120T054949, end_date=20240120T054955
[2024-01-20T05:49:55.201+0000] {local_task_job_runner.py:228} INFO - Task exited with return code 0
[2024-01-20T05:49:55.216+0000] {taskinstance.py:2784} INFO - 0 downstream tasks scheduled from follow-on schedule check
