[2024-01-20T04:33:20.521+0000] {taskinstance.py:1159} INFO - Dependencies all met for dep_context=non-requeueable deps ti=<TaskInstance: Kafka_Producer_1.Reddit scheduled__2024-01-20T04:31:49.801073+00:00 [queued]>
[2024-01-20T04:33:20.527+0000] {taskinstance.py:1159} INFO - Dependencies all met for dep_context=requeueable deps ti=<TaskInstance: Kafka_Producer_1.Reddit scheduled__2024-01-20T04:31:49.801073+00:00 [queued]>
[2024-01-20T04:33:20.527+0000] {taskinstance.py:1361} INFO - Starting attempt 1 of 1
[2024-01-20T04:33:20.539+0000] {taskinstance.py:1382} INFO - Executing <Task(PythonOperator): Reddit> on 2024-01-20 04:31:49.801073+00:00
[2024-01-20T04:33:20.543+0000] {standard_task_runner.py:57} INFO - Started process 5230 to run task
[2024-01-20T04:33:20.546+0000] {standard_task_runner.py:84} INFO - Running: ['***', 'tasks', 'run', 'Kafka_Producer_1', 'Reddit', 'scheduled__2024-01-20T04:31:49.801073+00:00', '--job-id', '194', '--raw', '--subdir', 'DAGS_FOLDER/kafka_stream.py', '--cfg-path', '/tmp/tmpu6bsa0f7']
[2024-01-20T04:33:20.547+0000] {standard_task_runner.py:85} INFO - Job 194: Subtask Reddit
[2024-01-20T04:33:20.590+0000] {task_command.py:415} INFO - Running <TaskInstance: Kafka_Producer_1.Reddit scheduled__2024-01-20T04:31:49.801073+00:00 [running]> on host 45c5bfab8aa1
[2024-01-20T04:33:20.654+0000] {taskinstance.py:1660} INFO - Exporting env vars: AIRFLOW_CTX_DAG_OWNER='me' AIRFLOW_CTX_DAG_ID='Kafka_Producer_1' AIRFLOW_CTX_TASK_ID='Reddit' AIRFLOW_CTX_EXECUTION_DATE='2024-01-20T04:31:49.801073+00:00' AIRFLOW_CTX_TRY_NUMBER='1' AIRFLOW_CTX_DAG_RUN_ID='scheduled__2024-01-20T04:31:49.801073+00:00'
[2024-01-20T04:33:20.683+0000] {logging_mixin.py:151} INFO -  submission : 
[2024-01-20T04:33:21.445+0000] {logging_mixin.py:151} INFO - #False
[2024-01-20T04:33:21.446+0000] {logging_mixin.py:151} INFO - #False
[2024-01-20T04:33:21.446+0000] {logging_mixin.py:151} INFO - #False
[2024-01-20T04:33:21.447+0000] {logging_mixin.py:151} INFO - #False
[2024-01-20T04:33:21.447+0000] {logging_mixin.py:151} INFO - #False
[2024-01-20T04:33:21.448+0000] {logging_mixin.py:151} INFO - #False
[2024-01-20T04:33:21.448+0000] {logging_mixin.py:151} INFO - #False
[2024-01-20T04:33:21.448+0000] {logging_mixin.py:151} INFO - #False
[2024-01-20T04:33:21.449+0000] {logging_mixin.py:151} INFO - #False
[2024-01-20T04:33:21.449+0000] {logging_mixin.py:151} INFO - #False
[2024-01-20T04:33:21.450+0000] {logging_mixin.py:151} INFO - #False
[2024-01-20T04:33:21.450+0000] {logging_mixin.py:151} INFO - #False
[2024-01-20T04:33:21.451+0000] {logging_mixin.py:151} INFO - #False
[2024-01-20T04:33:21.451+0000] {logging_mixin.py:151} INFO - #False
[2024-01-20T04:33:21.451+0000] {logging_mixin.py:151} INFO - #False
[2024-01-20T04:33:21.452+0000] {logging_mixin.py:151} INFO - #False
[2024-01-20T04:33:21.453+0000] {logging_mixin.py:151} INFO - #False
[2024-01-20T04:33:21.453+0000] {logging_mixin.py:151} INFO - #False
[2024-01-20T04:33:21.453+0000] {logging_mixin.py:151} INFO - #False
[2024-01-20T04:33:21.454+0000] {logging_mixin.py:151} INFO - #False
[2024-01-20T04:33:21.454+0000] {logging_mixin.py:151} INFO - #False
[2024-01-20T04:33:21.454+0000] {logging_mixin.py:151} INFO - #False
[2024-01-20T04:33:21.455+0000] {logging_mixin.py:151} INFO - #False
[2024-01-20T04:33:21.455+0000] {logging_mixin.py:151} INFO - #False
[2024-01-20T04:33:21.455+0000] {logging_mixin.py:151} INFO - #False
[2024-01-20T04:33:21.456+0000] {logging_mixin.py:151} INFO - #False
[2024-01-20T04:33:21.456+0000] {logging_mixin.py:151} INFO - #False
[2024-01-20T04:33:21.457+0000] {logging_mixin.py:151} INFO - #False
[2024-01-20T04:33:21.457+0000] {logging_mixin.py:151} INFO - #False
[2024-01-20T04:33:21.458+0000] {logging_mixin.py:151} INFO - #False
[2024-01-20T04:33:21.458+0000] {logging_mixin.py:151} INFO -  submission : 
[2024-01-20T04:33:22.386+0000] {logging_mixin.py:151} INFO - #False
[2024-01-20T04:33:22.387+0000] {logging_mixin.py:151} INFO - #False
[2024-01-20T04:33:22.388+0000] {logging_mixin.py:151} INFO - #False
[2024-01-20T04:33:22.388+0000] {logging_mixin.py:151} INFO - #False
[2024-01-20T04:33:22.389+0000] {logging_mixin.py:151} INFO - #False
[2024-01-20T04:33:22.389+0000] {logging_mixin.py:151} INFO - #False
[2024-01-20T04:33:22.390+0000] {logging_mixin.py:151} INFO - #False
[2024-01-20T04:33:22.390+0000] {logging_mixin.py:151} INFO - #False
[2024-01-20T04:33:22.391+0000] {logging_mixin.py:151} INFO - #False
[2024-01-20T04:33:22.391+0000] {logging_mixin.py:151} INFO - #False
[2024-01-20T04:33:22.392+0000] {logging_mixin.py:151} INFO - #False
[2024-01-20T04:33:22.392+0000] {logging_mixin.py:151} INFO - #False
[2024-01-20T04:33:22.392+0000] {logging_mixin.py:151} INFO - #False
[2024-01-20T04:33:22.393+0000] {logging_mixin.py:151} INFO - #False
[2024-01-20T04:33:22.393+0000] {logging_mixin.py:151} INFO - #False
[2024-01-20T04:33:22.394+0000] {logging_mixin.py:151} INFO - #False
[2024-01-20T04:33:22.394+0000] {logging_mixin.py:151} INFO - #False
[2024-01-20T04:33:22.395+0000] {logging_mixin.py:151} INFO - #False
[2024-01-20T04:33:22.395+0000] {logging_mixin.py:151} INFO - #False
[2024-01-20T04:33:22.395+0000] {logging_mixin.py:151} INFO - #False
[2024-01-20T04:33:22.396+0000] {logging_mixin.py:151} INFO - #False
[2024-01-20T04:33:22.396+0000] {logging_mixin.py:151} INFO - #False
[2024-01-20T04:33:22.396+0000] {logging_mixin.py:151} INFO - #False
[2024-01-20T04:33:22.397+0000] {logging_mixin.py:151} INFO - #False
[2024-01-20T04:33:22.397+0000] {logging_mixin.py:151} INFO - #False
[2024-01-20T04:33:22.398+0000] {logging_mixin.py:151} INFO - #False
[2024-01-20T04:33:22.398+0000] {logging_mixin.py:151} INFO - #False
[2024-01-20T04:33:22.399+0000] {logging_mixin.py:151} INFO - #False
[2024-01-20T04:33:22.399+0000] {logging_mixin.py:151} INFO - #False
[2024-01-20T04:33:22.400+0000] {logging_mixin.py:151} INFO - #False
[2024-01-20T04:33:22.401+0000] {logging_mixin.py:151} INFO -  submission : 
[2024-01-20T04:33:22.898+0000] {logging_mixin.py:151} INFO - #False
[2024-01-20T04:33:22.899+0000] {logging_mixin.py:151} INFO - #False
[2024-01-20T04:33:22.900+0000] {logging_mixin.py:151} INFO - #False
[2024-01-20T04:33:22.900+0000] {logging_mixin.py:151} INFO - #False
[2024-01-20T04:33:22.901+0000] {logging_mixin.py:151} INFO - #False
[2024-01-20T04:33:22.901+0000] {logging_mixin.py:151} INFO - #False
[2024-01-20T04:33:22.901+0000] {logging_mixin.py:151} INFO - #False
[2024-01-20T04:33:22.902+0000] {logging_mixin.py:151} INFO - #False
[2024-01-20T04:33:22.903+0000] {logging_mixin.py:151} INFO - #False
[2024-01-20T04:33:22.903+0000] {logging_mixin.py:151} INFO - #False
[2024-01-20T04:33:22.904+0000] {logging_mixin.py:151} INFO - #False
[2024-01-20T04:33:22.904+0000] {logging_mixin.py:151} INFO - #False
[2024-01-20T04:33:22.905+0000] {logging_mixin.py:151} INFO - #False
[2024-01-20T04:33:22.905+0000] {logging_mixin.py:151} INFO - #False
[2024-01-20T04:33:22.905+0000] {logging_mixin.py:151} INFO - #False
[2024-01-20T04:33:22.906+0000] {logging_mixin.py:151} INFO - #False
[2024-01-20T04:33:22.906+0000] {logging_mixin.py:151} INFO - #False
[2024-01-20T04:33:22.907+0000] {logging_mixin.py:151} INFO - #False
[2024-01-20T04:33:22.907+0000] {logging_mixin.py:151} INFO - #False
[2024-01-20T04:33:22.908+0000] {logging_mixin.py:151} INFO - #False
[2024-01-20T04:33:22.908+0000] {logging_mixin.py:151} INFO - #False
[2024-01-20T04:33:22.908+0000] {logging_mixin.py:151} INFO - #False
[2024-01-20T04:33:22.909+0000] {logging_mixin.py:151} INFO - #False
[2024-01-20T04:33:22.910+0000] {logging_mixin.py:151} INFO - #False
[2024-01-20T04:33:22.910+0000] {logging_mixin.py:151} INFO - #False
[2024-01-20T04:33:22.911+0000] {logging_mixin.py:151} INFO - #False
[2024-01-20T04:33:22.911+0000] {logging_mixin.py:151} INFO - #False
[2024-01-20T04:33:22.912+0000] {logging_mixin.py:151} INFO - #False
[2024-01-20T04:33:22.912+0000] {logging_mixin.py:151} INFO - #False
[2024-01-20T04:33:22.912+0000] {logging_mixin.py:151} INFO - #False
[2024-01-20T04:33:22.913+0000] {logging_mixin.py:151} INFO -  submission : 
[2024-01-20T04:33:23.439+0000] {logging_mixin.py:151} INFO - #False
[2024-01-20T04:33:23.439+0000] {logging_mixin.py:151} INFO - #False
[2024-01-20T04:33:23.440+0000] {logging_mixin.py:151} INFO - #False
[2024-01-20T04:33:23.440+0000] {logging_mixin.py:151} INFO - #False
[2024-01-20T04:33:23.440+0000] {logging_mixin.py:151} INFO - #False
[2024-01-20T04:33:23.440+0000] {logging_mixin.py:151} INFO - #False
[2024-01-20T04:33:23.440+0000] {logging_mixin.py:151} INFO - #False
[2024-01-20T04:33:23.441+0000] {logging_mixin.py:151} INFO - #False
[2024-01-20T04:33:23.441+0000] {logging_mixin.py:151} INFO - #False
[2024-01-20T04:33:23.441+0000] {logging_mixin.py:151} INFO - #False
[2024-01-20T04:33:23.442+0000] {logging_mixin.py:151} INFO - #False
[2024-01-20T04:33:23.442+0000] {logging_mixin.py:151} INFO - #False
[2024-01-20T04:33:23.442+0000] {logging_mixin.py:151} INFO - #False
[2024-01-20T04:33:23.442+0000] {logging_mixin.py:151} INFO - #False
[2024-01-20T04:33:23.442+0000] {logging_mixin.py:151} INFO - #False
[2024-01-20T04:33:23.443+0000] {logging_mixin.py:151} INFO - #False
[2024-01-20T04:33:23.443+0000] {logging_mixin.py:151} INFO - #False
[2024-01-20T04:33:23.443+0000] {logging_mixin.py:151} INFO - #False
[2024-01-20T04:33:23.443+0000] {logging_mixin.py:151} INFO - #False
[2024-01-20T04:33:23.443+0000] {logging_mixin.py:151} INFO - #False
[2024-01-20T04:33:23.444+0000] {logging_mixin.py:151} INFO - #False
[2024-01-20T04:33:23.444+0000] {logging_mixin.py:151} INFO - #False
[2024-01-20T04:33:23.444+0000] {logging_mixin.py:151} INFO - #False
[2024-01-20T04:33:23.444+0000] {logging_mixin.py:151} INFO - #False
[2024-01-20T04:33:23.445+0000] {logging_mixin.py:151} INFO - #False
[2024-01-20T04:33:23.445+0000] {logging_mixin.py:151} INFO - #False
[2024-01-20T04:33:23.445+0000] {logging_mixin.py:151} INFO - #False
[2024-01-20T04:33:23.445+0000] {logging_mixin.py:151} INFO - #False
[2024-01-20T04:33:23.445+0000] {logging_mixin.py:151} INFO - #False
[2024-01-20T04:33:23.446+0000] {logging_mixin.py:151} INFO - #False
[2024-01-20T04:33:23.446+0000] {logging_mixin.py:151} INFO -  submission : 
[2024-01-20T04:33:24.019+0000] {logging_mixin.py:151} INFO - #False
[2024-01-20T04:33:24.019+0000] {logging_mixin.py:151} INFO - #False
[2024-01-20T04:33:24.020+0000] {logging_mixin.py:151} INFO - #False
[2024-01-20T04:33:24.020+0000] {logging_mixin.py:151} INFO - #False
[2024-01-20T04:33:24.020+0000] {logging_mixin.py:151} INFO - #False
[2024-01-20T04:33:24.021+0000] {logging_mixin.py:151} INFO - #False
[2024-01-20T04:33:24.021+0000] {logging_mixin.py:151} INFO - #False
[2024-01-20T04:33:24.021+0000] {logging_mixin.py:151} INFO - #False
[2024-01-20T04:33:24.021+0000] {logging_mixin.py:151} INFO - #False
[2024-01-20T04:33:24.022+0000] {logging_mixin.py:151} INFO - #False
[2024-01-20T04:33:24.022+0000] {logging_mixin.py:151} INFO - #False
[2024-01-20T04:33:24.022+0000] {logging_mixin.py:151} INFO - #False
[2024-01-20T04:33:24.022+0000] {logging_mixin.py:151} INFO - #False
[2024-01-20T04:33:24.023+0000] {logging_mixin.py:151} INFO - #False
[2024-01-20T04:33:24.023+0000] {logging_mixin.py:151} INFO - #False
[2024-01-20T04:33:24.023+0000] {logging_mixin.py:151} INFO - #False
[2024-01-20T04:33:24.023+0000] {logging_mixin.py:151} INFO - #False
[2024-01-20T04:33:24.023+0000] {logging_mixin.py:151} INFO - #False
[2024-01-20T04:33:24.024+0000] {logging_mixin.py:151} INFO - #False
[2024-01-20T04:33:24.024+0000] {logging_mixin.py:151} INFO - #False
[2024-01-20T04:33:24.024+0000] {logging_mixin.py:151} INFO - #False
[2024-01-20T04:33:24.024+0000] {logging_mixin.py:151} INFO - #False
[2024-01-20T04:33:24.024+0000] {logging_mixin.py:151} INFO - #False
[2024-01-20T04:33:24.025+0000] {logging_mixin.py:151} INFO - #False
[2024-01-20T04:33:24.025+0000] {logging_mixin.py:151} INFO - #False
[2024-01-20T04:33:24.025+0000] {logging_mixin.py:151} INFO - #False
[2024-01-20T04:33:24.025+0000] {logging_mixin.py:151} INFO - #False
[2024-01-20T04:33:24.026+0000] {logging_mixin.py:151} INFO - #False
[2024-01-20T04:33:24.026+0000] {logging_mixin.py:151} INFO - #False
[2024-01-20T04:33:24.026+0000] {logging_mixin.py:151} INFO - #False
[2024-01-20T04:33:24.026+0000] {logging_mixin.py:151} INFO -  submission : 
[2024-01-20T04:33:24.556+0000] {logging_mixin.py:151} INFO - #False
[2024-01-20T04:33:24.556+0000] {logging_mixin.py:151} INFO - #False
[2024-01-20T04:33:24.556+0000] {logging_mixin.py:151} INFO - #False
[2024-01-20T04:33:24.557+0000] {logging_mixin.py:151} INFO - #False
[2024-01-20T04:33:24.557+0000] {logging_mixin.py:151} INFO - #False
[2024-01-20T04:33:24.557+0000] {logging_mixin.py:151} INFO - #False
[2024-01-20T04:33:24.557+0000] {logging_mixin.py:151} INFO - #False
[2024-01-20T04:33:24.558+0000] {logging_mixin.py:151} INFO - #False
[2024-01-20T04:33:24.558+0000] {logging_mixin.py:151} INFO - #False
[2024-01-20T04:33:24.558+0000] {logging_mixin.py:151} INFO - #False
[2024-01-20T04:33:24.559+0000] {logging_mixin.py:151} INFO - #False
[2024-01-20T04:33:24.559+0000] {logging_mixin.py:151} INFO - #False
[2024-01-20T04:33:24.559+0000] {logging_mixin.py:151} INFO - #False
[2024-01-20T04:33:24.559+0000] {logging_mixin.py:151} INFO - #False
[2024-01-20T04:33:24.559+0000] {logging_mixin.py:151} INFO - #False
[2024-01-20T04:33:24.560+0000] {logging_mixin.py:151} INFO - #False
[2024-01-20T04:33:24.560+0000] {logging_mixin.py:151} INFO - #False
[2024-01-20T04:33:24.560+0000] {logging_mixin.py:151} INFO - #False
[2024-01-20T04:33:24.560+0000] {logging_mixin.py:151} INFO - #False
[2024-01-20T04:33:24.561+0000] {logging_mixin.py:151} INFO - #False
[2024-01-20T04:33:24.561+0000] {logging_mixin.py:151} INFO - #False
[2024-01-20T04:33:24.561+0000] {logging_mixin.py:151} INFO - #False
[2024-01-20T04:33:24.562+0000] {logging_mixin.py:151} INFO - #False
[2024-01-20T04:33:24.562+0000] {logging_mixin.py:151} INFO - #False
[2024-01-20T04:33:24.562+0000] {logging_mixin.py:151} INFO - #False
[2024-01-20T04:33:24.562+0000] {logging_mixin.py:151} INFO - #False
[2024-01-20T04:33:24.562+0000] {logging_mixin.py:151} INFO - #False
[2024-01-20T04:33:24.563+0000] {logging_mixin.py:151} INFO - #False
[2024-01-20T04:33:24.563+0000] {logging_mixin.py:151} INFO - #False
[2024-01-20T04:33:24.563+0000] {logging_mixin.py:151} INFO - #False
[2024-01-20T04:33:24.563+0000] {logging_mixin.py:151} INFO -  submission : 
[2024-01-20T04:33:25.057+0000] {logging_mixin.py:151} INFO - #False
[2024-01-20T04:33:25.057+0000] {logging_mixin.py:151} INFO - #False
[2024-01-20T04:33:25.057+0000] {logging_mixin.py:151} INFO - #False
[2024-01-20T04:33:25.058+0000] {logging_mixin.py:151} INFO - #False
[2024-01-20T04:33:25.058+0000] {logging_mixin.py:151} INFO - #False
[2024-01-20T04:33:25.058+0000] {logging_mixin.py:151} INFO - #False
[2024-01-20T04:33:25.059+0000] {logging_mixin.py:151} INFO - #False
[2024-01-20T04:33:25.059+0000] {logging_mixin.py:151} INFO - #False
[2024-01-20T04:33:25.059+0000] {logging_mixin.py:151} INFO - #False
[2024-01-20T04:33:25.060+0000] {logging_mixin.py:151} INFO - #False
[2024-01-20T04:33:25.060+0000] {logging_mixin.py:151} INFO - #False
[2024-01-20T04:33:25.060+0000] {logging_mixin.py:151} INFO - #False
[2024-01-20T04:33:25.060+0000] {logging_mixin.py:151} INFO - #False
[2024-01-20T04:33:25.061+0000] {logging_mixin.py:151} INFO - #False
[2024-01-20T04:33:25.061+0000] {logging_mixin.py:151} INFO - #False
[2024-01-20T04:33:25.061+0000] {logging_mixin.py:151} INFO - #False
[2024-01-20T04:33:25.061+0000] {logging_mixin.py:151} INFO - #False
[2024-01-20T04:33:25.062+0000] {logging_mixin.py:151} INFO - #False
[2024-01-20T04:33:25.062+0000] {logging_mixin.py:151} INFO - #False
[2024-01-20T04:33:25.062+0000] {logging_mixin.py:151} INFO - #False
[2024-01-20T04:33:25.063+0000] {logging_mixin.py:151} INFO - #False
[2024-01-20T04:33:25.063+0000] {logging_mixin.py:151} INFO - #False
[2024-01-20T04:33:25.063+0000] {logging_mixin.py:151} INFO - #False
[2024-01-20T04:33:25.064+0000] {logging_mixin.py:151} INFO - #False
[2024-01-20T04:33:25.064+0000] {logging_mixin.py:151} INFO - #False
[2024-01-20T04:33:25.064+0000] {logging_mixin.py:151} INFO - #False
[2024-01-20T04:33:25.064+0000] {logging_mixin.py:151} INFO - #False
[2024-01-20T04:33:25.065+0000] {logging_mixin.py:151} INFO - #False
[2024-01-20T04:33:25.065+0000] {logging_mixin.py:151} INFO - #False
[2024-01-20T04:33:25.065+0000] {logging_mixin.py:151} INFO - #False
[2024-01-20T04:33:25.066+0000] {logging_mixin.py:151} INFO -  submission : 
[2024-01-20T04:33:25.809+0000] {logging_mixin.py:151} INFO - #False
[2024-01-20T04:33:25.809+0000] {logging_mixin.py:151} INFO - #False
[2024-01-20T04:33:25.810+0000] {logging_mixin.py:151} INFO - #False
[2024-01-20T04:33:25.810+0000] {logging_mixin.py:151} INFO - #False
[2024-01-20T04:33:25.810+0000] {logging_mixin.py:151} INFO - #False
[2024-01-20T04:33:25.811+0000] {logging_mixin.py:151} INFO - #False
[2024-01-20T04:33:25.811+0000] {logging_mixin.py:151} INFO - #False
[2024-01-20T04:33:25.812+0000] {logging_mixin.py:151} INFO - #False
[2024-01-20T04:33:25.812+0000] {logging_mixin.py:151} INFO - #False
[2024-01-20T04:33:25.813+0000] {logging_mixin.py:151} INFO - #False
[2024-01-20T04:33:25.813+0000] {logging_mixin.py:151} INFO - #False
[2024-01-20T04:33:25.813+0000] {logging_mixin.py:151} INFO - #False
[2024-01-20T04:33:25.813+0000] {logging_mixin.py:151} INFO - #False
[2024-01-20T04:33:25.814+0000] {logging_mixin.py:151} INFO - #False
[2024-01-20T04:33:25.814+0000] {logging_mixin.py:151} INFO - #False
[2024-01-20T04:33:25.814+0000] {logging_mixin.py:151} INFO - #False
[2024-01-20T04:33:25.814+0000] {logging_mixin.py:151} INFO - #False
[2024-01-20T04:33:25.815+0000] {logging_mixin.py:151} INFO - #False
[2024-01-20T04:33:25.815+0000] {logging_mixin.py:151} INFO - #False
[2024-01-20T04:33:25.815+0000] {logging_mixin.py:151} INFO - #False
[2024-01-20T04:33:25.815+0000] {logging_mixin.py:151} INFO - #False
[2024-01-20T04:33:25.815+0000] {logging_mixin.py:151} INFO - #False
[2024-01-20T04:33:25.816+0000] {logging_mixin.py:151} INFO - #False
[2024-01-20T04:33:25.816+0000] {logging_mixin.py:151} INFO - #False
[2024-01-20T04:33:25.816+0000] {logging_mixin.py:151} INFO - #False
[2024-01-20T04:33:25.817+0000] {logging_mixin.py:151} INFO - #False
[2024-01-20T04:33:25.817+0000] {logging_mixin.py:151} INFO - #False
[2024-01-20T04:33:25.818+0000] {logging_mixin.py:151} INFO - #False
[2024-01-20T04:33:25.818+0000] {logging_mixin.py:151} INFO - #False
[2024-01-20T04:33:25.819+0000] {logging_mixin.py:151} INFO - #False
[2024-01-20T04:33:25.819+0000] {python.py:194} INFO - Done. Returned value was: None
[2024-01-20T04:33:25.828+0000] {taskinstance.py:1400} INFO - Marking task as SUCCESS. dag_id=Kafka_Producer_1, task_id=Reddit, execution_date=20240120T043149, start_date=20240120T043320, end_date=20240120T043325
[2024-01-20T04:33:25.845+0000] {local_task_job_runner.py:228} INFO - Task exited with return code 0
[2024-01-20T04:33:25.858+0000] {taskinstance.py:2784} INFO - 0 downstream tasks scheduled from follow-on schedule check
