[2024-01-20T04:54:18.746+0000] {taskinstance.py:1159} INFO - Dependencies all met for dep_context=non-requeueable deps ti=<TaskInstance: Kafka_Producer_1.Reddit scheduled__2024-01-20T04:53:13.643666+00:00 [queued]>
[2024-01-20T04:54:18.753+0000] {taskinstance.py:1159} INFO - Dependencies all met for dep_context=requeueable deps ti=<TaskInstance: Kafka_Producer_1.Reddit scheduled__2024-01-20T04:53:13.643666+00:00 [queued]>
[2024-01-20T04:54:18.753+0000] {taskinstance.py:1361} INFO - Starting attempt 1 of 1
[2024-01-20T04:54:18.764+0000] {taskinstance.py:1382} INFO - Executing <Task(PythonOperator): Reddit> on 2024-01-20 04:53:13.643666+00:00
[2024-01-20T04:54:18.766+0000] {standard_task_runner.py:57} INFO - Started process 8062 to run task
[2024-01-20T04:54:18.768+0000] {standard_task_runner.py:84} INFO - Running: ['***', 'tasks', 'run', 'Kafka_Producer_1', 'Reddit', 'scheduled__2024-01-20T04:53:13.643666+00:00', '--job-id', '360', '--raw', '--subdir', 'DAGS_FOLDER/kafka_stream.py', '--cfg-path', '/tmp/tmpbd50llsr']
[2024-01-20T04:54:18.770+0000] {standard_task_runner.py:85} INFO - Job 360: Subtask Reddit
[2024-01-20T04:54:18.809+0000] {task_command.py:415} INFO - Running <TaskInstance: Kafka_Producer_1.Reddit scheduled__2024-01-20T04:53:13.643666+00:00 [running]> on host 45c5bfab8aa1
[2024-01-20T04:54:18.875+0000] {taskinstance.py:1660} INFO - Exporting env vars: AIRFLOW_CTX_DAG_OWNER='me' AIRFLOW_CTX_DAG_ID='Kafka_Producer_1' AIRFLOW_CTX_TASK_ID='Reddit' AIRFLOW_CTX_EXECUTION_DATE='2024-01-20T04:53:13.643666+00:00' AIRFLOW_CTX_TRY_NUMBER='1' AIRFLOW_CTX_DAG_RUN_ID='scheduled__2024-01-20T04:53:13.643666+00:00'
[2024-01-20T04:54:18.903+0000] {logging_mixin.py:151} INFO -  submission : 
[2024-01-20T04:54:19.738+0000] {logging_mixin.py:151} INFO - @True
[2024-01-20T04:54:19.739+0000] {conn.py:380} INFO - <BrokerConnection node_id=bootstrap-0 host=broker:29092 <connecting> [IPv4 ('172.19.0.8', 29092)]>: connecting to broker:29092 [('172.19.0.8', 29092) IPv4]
[2024-01-20T04:54:19.740+0000] {conn.py:1205} INFO - Probing node bootstrap-0 broker version
[2024-01-20T04:54:19.740+0000] {conn.py:410} INFO - <BrokerConnection node_id=bootstrap-0 host=broker:29092 <connecting> [IPv4 ('172.19.0.8', 29092)]>: Connection complete.
[2024-01-20T04:54:19.843+0000] {conn.py:1267} INFO - Broker version identified as 2.5.0
[2024-01-20T04:54:19.844+0000] {conn.py:1268} INFO - Set configuration api_version=(2, 5, 0) to skip auto check_version requests on startup
[2024-01-20T04:54:19.847+0000] {logging_mixin.py:151} INFO - #False
[2024-01-20T04:54:19.848+0000] {conn.py:380} INFO - <BrokerConnection node_id=1 host=broker:29092 <connecting> [IPv4 ('172.19.0.8', 29092)]>: connecting to broker:29092 [('172.19.0.8', 29092) IPv4]
[2024-01-20T04:54:19.848+0000] {logging_mixin.py:151} INFO - #False
[2024-01-20T04:54:19.849+0000] {conn.py:410} INFO - <BrokerConnection node_id=1 host=broker:29092 <connecting> [IPv4 ('172.19.0.8', 29092)]>: Connection complete.
[2024-01-20T04:54:19.849+0000] {logging_mixin.py:151} INFO - #False
[2024-01-20T04:54:19.850+0000] {conn.py:919} INFO - <BrokerConnection node_id=bootstrap-0 host=broker:29092 <connected> [IPv4 ('172.19.0.8', 29092)]>: Closing connection. 
[2024-01-20T04:54:19.850+0000] {logging_mixin.py:151} INFO - #False
[2024-01-20T04:54:19.851+0000] {logging_mixin.py:151} INFO - #False
[2024-01-20T04:54:19.851+0000] {logging_mixin.py:151} INFO - #False
[2024-01-20T04:54:19.852+0000] {logging_mixin.py:151} INFO - #False
[2024-01-20T04:54:19.852+0000] {logging_mixin.py:151} INFO - #False
[2024-01-20T04:54:19.853+0000] {logging_mixin.py:151} INFO - #False
[2024-01-20T04:54:19.853+0000] {logging_mixin.py:151} INFO - #False
[2024-01-20T04:54:19.853+0000] {logging_mixin.py:151} INFO - #False
[2024-01-20T04:54:19.854+0000] {logging_mixin.py:151} INFO - #False
[2024-01-20T04:54:19.854+0000] {logging_mixin.py:151} INFO - #False
[2024-01-20T04:54:19.854+0000] {logging_mixin.py:151} INFO - #False
[2024-01-20T04:54:19.854+0000] {logging_mixin.py:151} INFO - #False
[2024-01-20T04:54:19.855+0000] {logging_mixin.py:151} INFO - #False
[2024-01-20T04:54:19.855+0000] {logging_mixin.py:151} INFO - #False
[2024-01-20T04:54:19.855+0000] {logging_mixin.py:151} INFO - #False
[2024-01-20T04:54:19.856+0000] {logging_mixin.py:151} INFO - #False
[2024-01-20T04:54:19.856+0000] {logging_mixin.py:151} INFO - #False
[2024-01-20T04:54:19.857+0000] {logging_mixin.py:151} INFO - #False
[2024-01-20T04:54:19.857+0000] {logging_mixin.py:151} INFO - #False
[2024-01-20T04:54:19.857+0000] {logging_mixin.py:151} INFO - #False
[2024-01-20T04:54:19.857+0000] {logging_mixin.py:151} INFO - #False
[2024-01-20T04:54:19.857+0000] {logging_mixin.py:151} INFO - #False
[2024-01-20T04:54:19.858+0000] {logging_mixin.py:151} INFO - #False
[2024-01-20T04:54:19.858+0000] {logging_mixin.py:151} INFO - #False
[2024-01-20T04:54:19.858+0000] {logging_mixin.py:151} INFO - #False
[2024-01-20T04:54:19.858+0000] {logging_mixin.py:151} INFO - #False
[2024-01-20T04:54:19.859+0000] {logging_mixin.py:151} INFO -  submission : 
[2024-01-20T04:54:20.466+0000] {logging_mixin.py:151} INFO - #False
[2024-01-20T04:54:20.467+0000] {logging_mixin.py:151} INFO - #False
[2024-01-20T04:54:20.467+0000] {logging_mixin.py:151} INFO - #False
[2024-01-20T04:54:20.467+0000] {logging_mixin.py:151} INFO - #False
[2024-01-20T04:54:20.468+0000] {logging_mixin.py:151} INFO - #False
[2024-01-20T04:54:20.468+0000] {logging_mixin.py:151} INFO - #False
[2024-01-20T04:54:20.468+0000] {logging_mixin.py:151} INFO - #False
[2024-01-20T04:54:20.469+0000] {logging_mixin.py:151} INFO - #False
[2024-01-20T04:54:20.469+0000] {logging_mixin.py:151} INFO - #False
[2024-01-20T04:54:20.469+0000] {logging_mixin.py:151} INFO - #False
[2024-01-20T04:54:20.469+0000] {logging_mixin.py:151} INFO - #False
[2024-01-20T04:54:20.469+0000] {logging_mixin.py:151} INFO - #False
[2024-01-20T04:54:20.470+0000] {logging_mixin.py:151} INFO - #False
[2024-01-20T04:54:20.470+0000] {logging_mixin.py:151} INFO - #False
[2024-01-20T04:54:20.470+0000] {logging_mixin.py:151} INFO - #False
[2024-01-20T04:54:20.470+0000] {logging_mixin.py:151} INFO - #False
[2024-01-20T04:54:20.471+0000] {logging_mixin.py:151} INFO - #False
[2024-01-20T04:54:20.471+0000] {logging_mixin.py:151} INFO - #False
[2024-01-20T04:54:20.471+0000] {logging_mixin.py:151} INFO - #False
[2024-01-20T04:54:20.471+0000] {logging_mixin.py:151} INFO - #False
[2024-01-20T04:54:20.472+0000] {logging_mixin.py:151} INFO - #False
[2024-01-20T04:54:20.472+0000] {logging_mixin.py:151} INFO - #False
[2024-01-20T04:54:20.472+0000] {logging_mixin.py:151} INFO - #False
[2024-01-20T04:54:20.472+0000] {logging_mixin.py:151} INFO - #False
[2024-01-20T04:54:20.473+0000] {logging_mixin.py:151} INFO - #False
[2024-01-20T04:54:20.473+0000] {logging_mixin.py:151} INFO - #False
[2024-01-20T04:54:20.473+0000] {logging_mixin.py:151} INFO - #False
[2024-01-20T04:54:20.473+0000] {logging_mixin.py:151} INFO - #False
[2024-01-20T04:54:20.473+0000] {logging_mixin.py:151} INFO - #False
[2024-01-20T04:54:20.474+0000] {logging_mixin.py:151} INFO - #False
[2024-01-20T04:54:20.474+0000] {logging_mixin.py:151} INFO -  submission : 
[2024-01-20T04:54:21.162+0000] {logging_mixin.py:151} INFO - #False
[2024-01-20T04:54:21.163+0000] {logging_mixin.py:151} INFO - #False
[2024-01-20T04:54:21.163+0000] {logging_mixin.py:151} INFO - #False
[2024-01-20T04:54:21.163+0000] {logging_mixin.py:151} INFO - #False
[2024-01-20T04:54:21.164+0000] {logging_mixin.py:151} INFO - #False
[2024-01-20T04:54:21.164+0000] {logging_mixin.py:151} INFO - #False
[2024-01-20T04:54:21.165+0000] {logging_mixin.py:151} INFO - #False
[2024-01-20T04:54:21.165+0000] {logging_mixin.py:151} INFO - #False
[2024-01-20T04:54:21.165+0000] {logging_mixin.py:151} INFO - #False
[2024-01-20T04:54:21.168+0000] {logging_mixin.py:151} INFO - #False
[2024-01-20T04:54:21.168+0000] {logging_mixin.py:151} INFO - #False
[2024-01-20T04:54:21.169+0000] {logging_mixin.py:151} INFO - #False
[2024-01-20T04:54:21.169+0000] {logging_mixin.py:151} INFO - #False
[2024-01-20T04:54:21.169+0000] {logging_mixin.py:151} INFO - #False
[2024-01-20T04:54:21.169+0000] {logging_mixin.py:151} INFO - #False
[2024-01-20T04:54:21.170+0000] {logging_mixin.py:151} INFO - #False
[2024-01-20T04:54:21.170+0000] {logging_mixin.py:151} INFO - #False
[2024-01-20T04:54:21.170+0000] {logging_mixin.py:151} INFO - #False
[2024-01-20T04:54:21.171+0000] {logging_mixin.py:151} INFO - #False
[2024-01-20T04:54:21.171+0000] {logging_mixin.py:151} INFO - #False
[2024-01-20T04:54:21.171+0000] {logging_mixin.py:151} INFO - #False
[2024-01-20T04:54:21.171+0000] {logging_mixin.py:151} INFO - #False
[2024-01-20T04:54:21.172+0000] {logging_mixin.py:151} INFO - #False
[2024-01-20T04:54:21.172+0000] {logging_mixin.py:151} INFO - #False
[2024-01-20T04:54:21.172+0000] {logging_mixin.py:151} INFO - #False
[2024-01-20T04:54:21.173+0000] {logging_mixin.py:151} INFO - #False
[2024-01-20T04:54:21.173+0000] {logging_mixin.py:151} INFO - #False
[2024-01-20T04:54:21.174+0000] {logging_mixin.py:151} INFO - #False
[2024-01-20T04:54:21.174+0000] {logging_mixin.py:151} INFO - #False
[2024-01-20T04:54:21.174+0000] {logging_mixin.py:151} INFO - #False
[2024-01-20T04:54:21.175+0000] {logging_mixin.py:151} INFO -  submission : 
[2024-01-20T04:54:21.721+0000] {logging_mixin.py:151} INFO - #False
[2024-01-20T04:54:21.721+0000] {logging_mixin.py:151} INFO - #False
[2024-01-20T04:54:21.722+0000] {logging_mixin.py:151} INFO - #False
[2024-01-20T04:54:21.722+0000] {logging_mixin.py:151} INFO - #False
[2024-01-20T04:54:21.723+0000] {logging_mixin.py:151} INFO - #False
[2024-01-20T04:54:21.723+0000] {logging_mixin.py:151} INFO - #False
[2024-01-20T04:54:21.723+0000] {logging_mixin.py:151} INFO - #False
[2024-01-20T04:54:21.723+0000] {logging_mixin.py:151} INFO - #False
[2024-01-20T04:54:21.723+0000] {logging_mixin.py:151} INFO - #False
[2024-01-20T04:54:21.724+0000] {logging_mixin.py:151} INFO - #False
[2024-01-20T04:54:21.724+0000] {logging_mixin.py:151} INFO - #False
[2024-01-20T04:54:21.724+0000] {logging_mixin.py:151} INFO - #False
[2024-01-20T04:54:21.724+0000] {logging_mixin.py:151} INFO - #False
[2024-01-20T04:54:21.725+0000] {logging_mixin.py:151} INFO - #False
[2024-01-20T04:54:21.725+0000] {logging_mixin.py:151} INFO - #False
[2024-01-20T04:54:21.725+0000] {logging_mixin.py:151} INFO - #False
[2024-01-20T04:54:21.725+0000] {logging_mixin.py:151} INFO - #False
[2024-01-20T04:54:21.726+0000] {logging_mixin.py:151} INFO - #False
[2024-01-20T04:54:21.726+0000] {logging_mixin.py:151} INFO - #False
[2024-01-20T04:54:21.726+0000] {logging_mixin.py:151} INFO - #False
[2024-01-20T04:54:21.726+0000] {logging_mixin.py:151} INFO - #False
[2024-01-20T04:54:21.727+0000] {logging_mixin.py:151} INFO - #False
[2024-01-20T04:54:21.727+0000] {logging_mixin.py:151} INFO - #False
[2024-01-20T04:54:21.727+0000] {logging_mixin.py:151} INFO - #False
[2024-01-20T04:54:21.727+0000] {logging_mixin.py:151} INFO - #False
[2024-01-20T04:54:21.728+0000] {logging_mixin.py:151} INFO - #False
[2024-01-20T04:54:21.728+0000] {logging_mixin.py:151} INFO - #False
[2024-01-20T04:54:21.728+0000] {logging_mixin.py:151} INFO - #False
[2024-01-20T04:54:21.728+0000] {logging_mixin.py:151} INFO - #False
[2024-01-20T04:54:21.729+0000] {logging_mixin.py:151} INFO - #False
[2024-01-20T04:54:21.729+0000] {logging_mixin.py:151} INFO -  submission : 
[2024-01-20T04:54:22.288+0000] {logging_mixin.py:151} INFO - #False
[2024-01-20T04:54:22.288+0000] {logging_mixin.py:151} INFO - #False
[2024-01-20T04:54:22.289+0000] {logging_mixin.py:151} INFO - #False
[2024-01-20T04:54:22.289+0000] {logging_mixin.py:151} INFO - #False
[2024-01-20T04:54:22.290+0000] {logging_mixin.py:151} INFO - #False
[2024-01-20T04:54:22.290+0000] {logging_mixin.py:151} INFO - #False
[2024-01-20T04:54:22.290+0000] {logging_mixin.py:151} INFO - #False
[2024-01-20T04:54:22.291+0000] {logging_mixin.py:151} INFO - #False
[2024-01-20T04:54:22.291+0000] {logging_mixin.py:151} INFO - #False
[2024-01-20T04:54:22.292+0000] {logging_mixin.py:151} INFO - #False
[2024-01-20T04:54:22.292+0000] {logging_mixin.py:151} INFO - #False
[2024-01-20T04:54:22.293+0000] {logging_mixin.py:151} INFO - #False
[2024-01-20T04:54:22.293+0000] {logging_mixin.py:151} INFO - #False
[2024-01-20T04:54:22.293+0000] {logging_mixin.py:151} INFO - #False
[2024-01-20T04:54:22.294+0000] {logging_mixin.py:151} INFO - #False
[2024-01-20T04:54:22.294+0000] {logging_mixin.py:151} INFO - #False
[2024-01-20T04:54:22.294+0000] {logging_mixin.py:151} INFO - #False
[2024-01-20T04:54:22.295+0000] {logging_mixin.py:151} INFO - #False
[2024-01-20T04:54:22.295+0000] {logging_mixin.py:151} INFO - #False
[2024-01-20T04:54:22.295+0000] {logging_mixin.py:151} INFO - #False
[2024-01-20T04:54:22.295+0000] {logging_mixin.py:151} INFO - #False
[2024-01-20T04:54:22.296+0000] {logging_mixin.py:151} INFO - #False
[2024-01-20T04:54:22.296+0000] {logging_mixin.py:151} INFO - #False
[2024-01-20T04:54:22.297+0000] {logging_mixin.py:151} INFO - #False
[2024-01-20T04:54:22.297+0000] {logging_mixin.py:151} INFO - #False
[2024-01-20T04:54:22.297+0000] {logging_mixin.py:151} INFO - #False
[2024-01-20T04:54:22.298+0000] {logging_mixin.py:151} INFO - #False
[2024-01-20T04:54:22.298+0000] {logging_mixin.py:151} INFO - #False
[2024-01-20T04:54:22.298+0000] {logging_mixin.py:151} INFO - #False
[2024-01-20T04:54:22.299+0000] {logging_mixin.py:151} INFO - #False
[2024-01-20T04:54:22.299+0000] {logging_mixin.py:151} INFO -  submission : 
[2024-01-20T04:54:22.868+0000] {logging_mixin.py:151} INFO - #False
[2024-01-20T04:54:22.868+0000] {logging_mixin.py:151} INFO - #False
[2024-01-20T04:54:22.869+0000] {logging_mixin.py:151} INFO - #False
[2024-01-20T04:54:22.870+0000] {logging_mixin.py:151} INFO - #False
[2024-01-20T04:54:22.870+0000] {logging_mixin.py:151} INFO - #False
[2024-01-20T04:54:22.870+0000] {logging_mixin.py:151} INFO - #False
[2024-01-20T04:54:22.871+0000] {logging_mixin.py:151} INFO - #False
[2024-01-20T04:54:22.871+0000] {logging_mixin.py:151} INFO - #False
[2024-01-20T04:54:22.872+0000] {logging_mixin.py:151} INFO - #False
[2024-01-20T04:54:22.872+0000] {logging_mixin.py:151} INFO - #False
[2024-01-20T04:54:22.872+0000] {logging_mixin.py:151} INFO - #False
[2024-01-20T04:54:22.873+0000] {logging_mixin.py:151} INFO - #False
[2024-01-20T04:54:22.873+0000] {logging_mixin.py:151} INFO - #False
[2024-01-20T04:54:22.873+0000] {logging_mixin.py:151} INFO - #False
[2024-01-20T04:54:22.873+0000] {logging_mixin.py:151} INFO - #False
[2024-01-20T04:54:22.874+0000] {logging_mixin.py:151} INFO - #False
[2024-01-20T04:54:22.874+0000] {logging_mixin.py:151} INFO - #False
[2024-01-20T04:54:22.874+0000] {logging_mixin.py:151} INFO - #False
[2024-01-20T04:54:22.874+0000] {logging_mixin.py:151} INFO - #False
[2024-01-20T04:54:22.874+0000] {logging_mixin.py:151} INFO - #False
[2024-01-20T04:54:22.875+0000] {logging_mixin.py:151} INFO - #False
[2024-01-20T04:54:22.875+0000] {logging_mixin.py:151} INFO - #False
[2024-01-20T04:54:22.875+0000] {logging_mixin.py:151} INFO - #False
[2024-01-20T04:54:22.876+0000] {logging_mixin.py:151} INFO - #False
[2024-01-20T04:54:22.876+0000] {logging_mixin.py:151} INFO - #False
[2024-01-20T04:54:22.876+0000] {logging_mixin.py:151} INFO - #False
[2024-01-20T04:54:22.876+0000] {logging_mixin.py:151} INFO - #False
[2024-01-20T04:54:22.877+0000] {logging_mixin.py:151} INFO - #False
[2024-01-20T04:54:22.877+0000] {logging_mixin.py:151} INFO - #False
[2024-01-20T04:54:22.877+0000] {logging_mixin.py:151} INFO - #False
[2024-01-20T04:54:22.878+0000] {logging_mixin.py:151} INFO -  submission : 
[2024-01-20T04:54:23.748+0000] {logging_mixin.py:151} INFO - #False
[2024-01-20T04:54:23.748+0000] {logging_mixin.py:151} INFO - #False
[2024-01-20T04:54:23.749+0000] {logging_mixin.py:151} INFO - #False
[2024-01-20T04:54:23.749+0000] {logging_mixin.py:151} INFO - #False
[2024-01-20T04:54:23.749+0000] {logging_mixin.py:151} INFO - #False
[2024-01-20T04:54:23.750+0000] {logging_mixin.py:151} INFO - #False
[2024-01-20T04:54:23.750+0000] {logging_mixin.py:151} INFO - #False
[2024-01-20T04:54:23.750+0000] {logging_mixin.py:151} INFO - #False
[2024-01-20T04:54:23.750+0000] {logging_mixin.py:151} INFO - #False
[2024-01-20T04:54:23.751+0000] {logging_mixin.py:151} INFO - #False
[2024-01-20T04:54:23.751+0000] {logging_mixin.py:151} INFO - #False
[2024-01-20T04:54:23.751+0000] {logging_mixin.py:151} INFO - #False
[2024-01-20T04:54:23.751+0000] {logging_mixin.py:151} INFO - #False
[2024-01-20T04:54:23.752+0000] {logging_mixin.py:151} INFO - #False
[2024-01-20T04:54:23.752+0000] {logging_mixin.py:151} INFO - #False
[2024-01-20T04:54:23.752+0000] {logging_mixin.py:151} INFO - #False
[2024-01-20T04:54:23.752+0000] {logging_mixin.py:151} INFO - #False
[2024-01-20T04:54:23.753+0000] {logging_mixin.py:151} INFO - #False
[2024-01-20T04:54:23.753+0000] {logging_mixin.py:151} INFO - #False
[2024-01-20T04:54:23.753+0000] {logging_mixin.py:151} INFO - #False
[2024-01-20T04:54:23.753+0000] {logging_mixin.py:151} INFO - #False
[2024-01-20T04:54:23.754+0000] {logging_mixin.py:151} INFO - #False
[2024-01-20T04:54:23.754+0000] {logging_mixin.py:151} INFO - #False
[2024-01-20T04:54:23.754+0000] {logging_mixin.py:151} INFO - #False
[2024-01-20T04:54:23.754+0000] {logging_mixin.py:151} INFO - #False
[2024-01-20T04:54:23.755+0000] {logging_mixin.py:151} INFO - #False
[2024-01-20T04:54:23.755+0000] {logging_mixin.py:151} INFO - #False
[2024-01-20T04:54:23.755+0000] {logging_mixin.py:151} INFO - #False
[2024-01-20T04:54:23.756+0000] {logging_mixin.py:151} INFO - #False
[2024-01-20T04:54:23.756+0000] {logging_mixin.py:151} INFO - #False
[2024-01-20T04:54:23.756+0000] {logging_mixin.py:151} INFO -  submission : 
[2024-01-20T04:54:24.482+0000] {logging_mixin.py:151} INFO - #False
[2024-01-20T04:54:24.482+0000] {logging_mixin.py:151} INFO - #False
[2024-01-20T04:54:24.483+0000] {logging_mixin.py:151} INFO - #False
[2024-01-20T04:54:24.483+0000] {logging_mixin.py:151} INFO - #False
[2024-01-20T04:54:24.483+0000] {logging_mixin.py:151} INFO - #False
[2024-01-20T04:54:24.483+0000] {logging_mixin.py:151} INFO - #False
[2024-01-20T04:54:24.484+0000] {logging_mixin.py:151} INFO - #False
[2024-01-20T04:54:24.484+0000] {logging_mixin.py:151} INFO - #False
[2024-01-20T04:54:24.484+0000] {logging_mixin.py:151} INFO - #False
[2024-01-20T04:54:24.484+0000] {logging_mixin.py:151} INFO - #False
[2024-01-20T04:54:24.484+0000] {logging_mixin.py:151} INFO - #False
[2024-01-20T04:54:24.485+0000] {logging_mixin.py:151} INFO - #False
[2024-01-20T04:54:24.485+0000] {logging_mixin.py:151} INFO - #False
[2024-01-20T04:54:24.485+0000] {logging_mixin.py:151} INFO - #False
[2024-01-20T04:54:24.485+0000] {logging_mixin.py:151} INFO - #False
[2024-01-20T04:54:24.486+0000] {logging_mixin.py:151} INFO - #False
[2024-01-20T04:54:24.486+0000] {logging_mixin.py:151} INFO - #False
[2024-01-20T04:54:24.486+0000] {logging_mixin.py:151} INFO - #False
[2024-01-20T04:54:24.486+0000] {logging_mixin.py:151} INFO - #False
[2024-01-20T04:54:24.487+0000] {logging_mixin.py:151} INFO - #False
[2024-01-20T04:54:24.487+0000] {logging_mixin.py:151} INFO - #False
[2024-01-20T04:54:24.487+0000] {logging_mixin.py:151} INFO - #False
[2024-01-20T04:54:24.488+0000] {logging_mixin.py:151} INFO - #False
[2024-01-20T04:54:24.488+0000] {logging_mixin.py:151} INFO - #False
[2024-01-20T04:54:24.488+0000] {logging_mixin.py:151} INFO - #False
[2024-01-20T04:54:24.488+0000] {logging_mixin.py:151} INFO - #False
[2024-01-20T04:54:24.489+0000] {logging_mixin.py:151} INFO - #False
[2024-01-20T04:54:24.489+0000] {logging_mixin.py:151} INFO - #False
[2024-01-20T04:54:24.489+0000] {logging_mixin.py:151} INFO - #False
[2024-01-20T04:54:24.490+0000] {logging_mixin.py:151} INFO - #False
[2024-01-20T04:54:24.490+0000] {conn.py:919} INFO - <BrokerConnection node_id=1 host=broker:29092 <connected> [IPv4 ('172.19.0.8', 29092)]>: Closing connection. 
[2024-01-20T04:54:24.491+0000] {python.py:194} INFO - Done. Returned value was: None
[2024-01-20T04:54:24.499+0000] {taskinstance.py:1400} INFO - Marking task as SUCCESS. dag_id=Kafka_Producer_1, task_id=Reddit, execution_date=20240120T045313, start_date=20240120T045418, end_date=20240120T045424
[2024-01-20T04:54:24.543+0000] {local_task_job_runner.py:228} INFO - Task exited with return code 0
[2024-01-20T04:54:24.555+0000] {taskinstance.py:2784} INFO - 0 downstream tasks scheduled from follow-on schedule check
