[2024-01-17T02:38:27.644+0000] {taskinstance.py:1159} INFO - Dependencies all met for dep_context=non-requeueable deps ti=<TaskInstance: spark_stream_job.spark_submit_task scheduled__2024-01-17T02:30:00+00:00 [queued]>
[2024-01-17T02:38:27.650+0000] {taskinstance.py:1159} INFO - Dependencies all met for dep_context=requeueable deps ti=<TaskInstance: spark_stream_job.spark_submit_task scheduled__2024-01-17T02:30:00+00:00 [queued]>
[2024-01-17T02:38:27.651+0000] {taskinstance.py:1361} INFO - Starting attempt 1 of 2
[2024-01-17T02:38:27.661+0000] {taskinstance.py:1382} INFO - Executing <Task(SparkSubmitOperator): spark_submit_task> on 2024-01-17 02:30:00+00:00
[2024-01-17T02:38:27.665+0000] {standard_task_runner.py:57} INFO - Started process 600 to run task
[2024-01-17T02:38:27.667+0000] {standard_task_runner.py:84} INFO - Running: ['***', 'tasks', 'run', 'spark_stream_job', 'spark_submit_task', 'scheduled__2024-01-17T02:30:00+00:00', '--job-id', '58', '--raw', '--subdir', 'DAGS_FOLDER/spark_streaming_dag.py', '--cfg-path', '/tmp/tmpc095zfz4']
[2024-01-17T02:38:27.668+0000] {standard_task_runner.py:85} INFO - Job 58: Subtask spark_submit_task
[2024-01-17T02:38:27.712+0000] {task_command.py:415} INFO - Running <TaskInstance: spark_stream_job.spark_submit_task scheduled__2024-01-17T02:30:00+00:00 [running]> on host 7f29d30c8362
[2024-01-17T02:38:27.780+0000] {taskinstance.py:1660} INFO - Exporting env vars: AIRFLOW_CTX_DAG_OWNER='me' AIRFLOW_CTX_DAG_ID='spark_stream_job' AIRFLOW_CTX_TASK_ID='spark_submit_task' AIRFLOW_CTX_EXECUTION_DATE='2024-01-17T02:30:00+00:00' AIRFLOW_CTX_TRY_NUMBER='1' AIRFLOW_CTX_DAG_RUN_ID='scheduled__2024-01-17T02:30:00+00:00'
[2024-01-17T02:38:27.788+0000] {base.py:73} INFO - Using connection ID 'spark_default' for task execution.
[2024-01-17T02:38:27.789+0000] {spark_submit.py:401} INFO - Spark-Submit cmd: spark-submit --master spark-master:7077 --name spark_submit_job --verbose --queue default --deploy-mode client /opt/bitnami/scripts/spark_stream.py
[2024-01-17T02:38:27.902+0000] {spark_submit.py:571} INFO - /home/***/.local/lib/python3.9/site-packages/pyspark/bin/load-spark-env.sh: line 68: ps: command not found
[2024-01-17T02:38:27.903+0000] {spark_submit.py:571} INFO - JAVA_HOME is not set
[2024-01-17T02:38:27.912+0000] {taskinstance.py:1943} ERROR - Task failed with exception
Traceback (most recent call last):
  File "/home/airflow/.local/lib/python3.9/site-packages/airflow/providers/apache/spark/operators/spark_submit.py", line 174, in execute
    self._hook.submit(self._application)
  File "/home/airflow/.local/lib/python3.9/site-packages/airflow/providers/apache/spark/hooks/spark_submit.py", line 502, in submit
    raise AirflowException(
airflow.exceptions.AirflowException: Cannot execute: spark-submit --master spark-master:7077 --name spark_submit_job --verbose --queue default --deploy-mode client /opt/bitnami/scripts/spark_stream.py. Error code is: 1.
[2024-01-17T02:38:27.914+0000] {taskinstance.py:1400} INFO - Marking task as UP_FOR_RETRY. dag_id=spark_stream_job, task_id=spark_submit_task, execution_date=20240117T023000, start_date=20240117T023827, end_date=20240117T023827
[2024-01-17T02:38:27.926+0000] {standard_task_runner.py:104} ERROR - Failed to execute job 58 for task spark_submit_task (Cannot execute: spark-submit --master spark-master:7077 --name spark_submit_job --verbose --queue default --deploy-mode client /opt/bitnami/scripts/spark_stream.py. Error code is: 1.; 600)
[2024-01-17T02:38:27.960+0000] {local_task_job_runner.py:228} INFO - Task exited with return code 1
[2024-01-17T02:38:27.978+0000] {taskinstance.py:2784} INFO - 0 downstream tasks scheduled from follow-on schedule check
[2024-01-17T03:27:34.280+0000] {taskinstance.py:1159} INFO - Dependencies all met for dep_context=non-requeueable deps ti=<TaskInstance: spark_stream_job.spark_submit_task scheduled__2024-01-17T02:30:00+00:00 [queued]>
[2024-01-17T03:27:34.285+0000] {taskinstance.py:1159} INFO - Dependencies all met for dep_context=requeueable deps ti=<TaskInstance: spark_stream_job.spark_submit_task scheduled__2024-01-17T02:30:00+00:00 [queued]>
[2024-01-17T03:27:34.286+0000] {taskinstance.py:1361} INFO - Starting attempt 1 of 2
[2024-01-17T03:27:34.295+0000] {taskinstance.py:1382} INFO - Executing <Task(SparkSubmitOperator): spark_submit_task> on 2024-01-17 02:30:00+00:00
[2024-01-17T03:27:34.297+0000] {standard_task_runner.py:57} INFO - Started process 624 to run task
[2024-01-17T03:27:34.299+0000] {standard_task_runner.py:84} INFO - Running: ['***', 'tasks', 'run', 'spark_stream_job', 'spark_submit_task', 'scheduled__2024-01-17T02:30:00+00:00', '--job-id', '58', '--raw', '--subdir', 'DAGS_FOLDER/spark_streaming_dag.py', '--cfg-path', '/tmp/tmppo4q337v']
[2024-01-17T03:27:34.300+0000] {standard_task_runner.py:85} INFO - Job 58: Subtask spark_submit_task
[2024-01-17T03:27:34.336+0000] {task_command.py:415} INFO - Running <TaskInstance: spark_stream_job.spark_submit_task scheduled__2024-01-17T02:30:00+00:00 [running]> on host 776833dc279e
[2024-01-17T03:27:34.390+0000] {taskinstance.py:1660} INFO - Exporting env vars: AIRFLOW_CTX_DAG_OWNER='me' AIRFLOW_CTX_DAG_ID='spark_stream_job' AIRFLOW_CTX_TASK_ID='spark_submit_task' AIRFLOW_CTX_EXECUTION_DATE='2024-01-17T02:30:00+00:00' AIRFLOW_CTX_TRY_NUMBER='1' AIRFLOW_CTX_DAG_RUN_ID='scheduled__2024-01-17T02:30:00+00:00'
[2024-01-17T03:27:34.397+0000] {base.py:73} INFO - Using connection ID 'spark_default' for task execution.
[2024-01-17T03:27:34.398+0000] {spark_submit.py:401} INFO - Spark-Submit cmd: spark-submit --master spark://192.168.192.5:7077 --name spark_submit_job --verbose --queue root.default --deploy-mode client /opt/bitnami/scripts/spark_stream.py
[2024-01-17T03:27:34.498+0000] {spark_submit.py:571} INFO - /home/***/.local/lib/python3.9/site-packages/pyspark/bin/load-spark-env.sh: line 68: ps: command not found
[2024-01-17T03:27:34.499+0000] {spark_submit.py:571} INFO - JAVA_HOME is not set
[2024-01-17T03:27:34.508+0000] {taskinstance.py:1943} ERROR - Task failed with exception
Traceback (most recent call last):
  File "/home/airflow/.local/lib/python3.9/site-packages/airflow/providers/apache/spark/operators/spark_submit.py", line 174, in execute
    self._hook.submit(self._application)
  File "/home/airflow/.local/lib/python3.9/site-packages/airflow/providers/apache/spark/hooks/spark_submit.py", line 502, in submit
    raise AirflowException(
airflow.exceptions.AirflowException: Cannot execute: spark-submit --master spark://192.168.192.5:7077 --name spark_submit_job --verbose --queue root.default --deploy-mode client /opt/bitnami/scripts/spark_stream.py. Error code is: 1.
[2024-01-17T03:27:34.510+0000] {taskinstance.py:1400} INFO - Marking task as UP_FOR_RETRY. dag_id=spark_stream_job, task_id=spark_submit_task, execution_date=20240117T023000, start_date=20240117T032734, end_date=20240117T032734
[2024-01-17T03:27:34.520+0000] {standard_task_runner.py:104} ERROR - Failed to execute job 58 for task spark_submit_task (Cannot execute: spark-submit --master spark://192.168.192.5:7077 --name spark_submit_job --verbose --queue root.default --deploy-mode client /opt/bitnami/scripts/spark_stream.py. Error code is: 1.; 624)
[2024-01-17T03:27:34.552+0000] {local_task_job_runner.py:228} INFO - Task exited with return code 1
[2024-01-17T03:27:34.570+0000] {taskinstance.py:2784} INFO - 0 downstream tasks scheduled from follow-on schedule check
[2024-01-17T03:31:21.137+0000] {taskinstance.py:1159} INFO - Dependencies all met for dep_context=non-requeueable deps ti=<TaskInstance: spark_stream_job.spark_submit_task scheduled__2024-01-17T02:30:00+00:00 [queued]>
[2024-01-17T03:31:21.141+0000] {taskinstance.py:1159} INFO - Dependencies all met for dep_context=requeueable deps ti=<TaskInstance: spark_stream_job.spark_submit_task scheduled__2024-01-17T02:30:00+00:00 [queued]>
[2024-01-17T03:31:21.142+0000] {taskinstance.py:1361} INFO - Starting attempt 1 of 2
[2024-01-17T03:31:21.152+0000] {taskinstance.py:1382} INFO - Executing <Task(SparkSubmitOperator): spark_submit_task> on 2024-01-17 02:30:00+00:00
[2024-01-17T03:31:21.154+0000] {standard_task_runner.py:57} INFO - Started process 1113 to run task
[2024-01-17T03:31:21.156+0000] {standard_task_runner.py:84} INFO - Running: ['***', 'tasks', 'run', 'spark_stream_job', 'spark_submit_task', 'scheduled__2024-01-17T02:30:00+00:00', '--job-id', '107', '--raw', '--subdir', 'DAGS_FOLDER/spark_streaming_dag.py', '--cfg-path', '/tmp/tmpluh2ol3r']
[2024-01-17T03:31:21.157+0000] {standard_task_runner.py:85} INFO - Job 107: Subtask spark_submit_task
[2024-01-17T03:31:21.195+0000] {task_command.py:415} INFO - Running <TaskInstance: spark_stream_job.spark_submit_task scheduled__2024-01-17T02:30:00+00:00 [running]> on host 776833dc279e
[2024-01-17T03:31:21.252+0000] {taskinstance.py:1660} INFO - Exporting env vars: AIRFLOW_CTX_DAG_OWNER='me' AIRFLOW_CTX_DAG_ID='spark_stream_job' AIRFLOW_CTX_TASK_ID='spark_submit_task' AIRFLOW_CTX_EXECUTION_DATE='2024-01-17T02:30:00+00:00' AIRFLOW_CTX_TRY_NUMBER='1' AIRFLOW_CTX_DAG_RUN_ID='scheduled__2024-01-17T02:30:00+00:00'
[2024-01-17T03:31:21.258+0000] {base.py:73} INFO - Using connection ID 'spark_default' for task execution.
[2024-01-17T03:31:21.259+0000] {spark_submit.py:401} INFO - Spark-Submit cmd: spark-submit --master spark://192.168.192.5:7077 --name spark_submit_job --verbose --queue root.default --deploy-mode client /opt/bitnami/scripts/spark_stream.py
[2024-01-17T03:31:21.358+0000] {spark_submit.py:571} INFO - /home/***/.local/lib/python3.9/site-packages/pyspark/bin/load-spark-env.sh: line 68: ps: command not found
[2024-01-17T03:31:21.359+0000] {spark_submit.py:571} INFO - JAVA_HOME is not set
[2024-01-17T03:31:21.368+0000] {taskinstance.py:1943} ERROR - Task failed with exception
Traceback (most recent call last):
  File "/home/airflow/.local/lib/python3.9/site-packages/airflow/providers/apache/spark/operators/spark_submit.py", line 174, in execute
    self._hook.submit(self._application)
  File "/home/airflow/.local/lib/python3.9/site-packages/airflow/providers/apache/spark/hooks/spark_submit.py", line 502, in submit
    raise AirflowException(
airflow.exceptions.AirflowException: Cannot execute: spark-submit --master spark://192.168.192.5:7077 --name spark_submit_job --verbose --queue root.default --deploy-mode client /opt/bitnami/scripts/spark_stream.py. Error code is: 1.
[2024-01-17T03:31:21.370+0000] {taskinstance.py:1400} INFO - Marking task as UP_FOR_RETRY. dag_id=spark_stream_job, task_id=spark_submit_task, execution_date=20240117T023000, start_date=20240117T033121, end_date=20240117T033121
[2024-01-17T03:31:21.381+0000] {standard_task_runner.py:104} ERROR - Failed to execute job 107 for task spark_submit_task (Cannot execute: spark-submit --master spark://192.168.192.5:7077 --name spark_submit_job --verbose --queue root.default --deploy-mode client /opt/bitnami/scripts/spark_stream.py. Error code is: 1.; 1113)
[2024-01-17T03:31:21.408+0000] {local_task_job_runner.py:228} INFO - Task exited with return code 1
[2024-01-17T03:31:21.425+0000] {taskinstance.py:2784} INFO - 0 downstream tasks scheduled from follow-on schedule check
[2024-01-17T03:36:41.402+0000] {taskinstance.py:1159} INFO - Dependencies all met for dep_context=non-requeueable deps ti=<TaskInstance: spark_stream_job.spark_submit_task scheduled__2024-01-17T02:30:00+00:00 [queued]>
[2024-01-17T03:36:41.411+0000] {taskinstance.py:1159} INFO - Dependencies all met for dep_context=requeueable deps ti=<TaskInstance: spark_stream_job.spark_submit_task scheduled__2024-01-17T02:30:00+00:00 [queued]>
[2024-01-17T03:36:41.411+0000] {taskinstance.py:1361} INFO - Starting attempt 1 of 2
[2024-01-17T03:36:41.423+0000] {taskinstance.py:1382} INFO - Executing <Task(SparkSubmitOperator): spark_submit_task> on 2024-01-17 02:30:00+00:00
[2024-01-17T03:36:41.427+0000] {standard_task_runner.py:57} INFO - Started process 319 to run task
[2024-01-17T03:36:41.429+0000] {standard_task_runner.py:84} INFO - Running: ['***', 'tasks', 'run', 'spark_stream_job', 'spark_submit_task', 'scheduled__2024-01-17T02:30:00+00:00', '--job-id', '156', '--raw', '--subdir', 'DAGS_FOLDER/spark_streaming_dag.py', '--cfg-path', '/tmp/tmppaf6t9h7']
[2024-01-17T03:36:41.430+0000] {standard_task_runner.py:85} INFO - Job 156: Subtask spark_submit_task
[2024-01-17T03:36:41.476+0000] {task_command.py:415} INFO - Running <TaskInstance: spark_stream_job.spark_submit_task scheduled__2024-01-17T02:30:00+00:00 [running]> on host 776833dc279e
[2024-01-17T03:36:41.550+0000] {taskinstance.py:1660} INFO - Exporting env vars: AIRFLOW_CTX_DAG_OWNER='me' AIRFLOW_CTX_DAG_ID='spark_stream_job' AIRFLOW_CTX_TASK_ID='spark_submit_task' AIRFLOW_CTX_EXECUTION_DATE='2024-01-17T02:30:00+00:00' AIRFLOW_CTX_TRY_NUMBER='1' AIRFLOW_CTX_DAG_RUN_ID='scheduled__2024-01-17T02:30:00+00:00'
[2024-01-17T03:36:41.558+0000] {base.py:73} INFO - Using connection ID 'spark_default' for task execution.
[2024-01-17T03:36:41.559+0000] {spark_submit.py:401} INFO - Spark-Submit cmd: spark-submit --master spark://192.168.192.5:7077 --name spark_submit_job --verbose --queue root.default --deploy-mode client /opt/bitnami/scripts/spark_stream.py
[2024-01-17T03:36:41.672+0000] {spark_submit.py:571} INFO - /home/***/.local/lib/python3.9/site-packages/pyspark/bin/load-spark-env.sh: line 68: ps: command not found
[2024-01-17T03:36:41.673+0000] {spark_submit.py:571} INFO - JAVA_HOME is not set
[2024-01-17T03:36:41.682+0000] {taskinstance.py:1943} ERROR - Task failed with exception
Traceback (most recent call last):
  File "/home/airflow/.local/lib/python3.9/site-packages/airflow/providers/apache/spark/operators/spark_submit.py", line 174, in execute
    self._hook.submit(self._application)
  File "/home/airflow/.local/lib/python3.9/site-packages/airflow/providers/apache/spark/hooks/spark_submit.py", line 502, in submit
    raise AirflowException(
airflow.exceptions.AirflowException: Cannot execute: spark-submit --master spark://192.168.192.5:7077 --name spark_submit_job --verbose --queue root.default --deploy-mode client /opt/bitnami/scripts/spark_stream.py. Error code is: 1.
[2024-01-17T03:36:41.686+0000] {taskinstance.py:1400} INFO - Marking task as UP_FOR_RETRY. dag_id=spark_stream_job, task_id=spark_submit_task, execution_date=20240117T023000, start_date=20240117T033641, end_date=20240117T033641
[2024-01-17T03:36:41.697+0000] {standard_task_runner.py:104} ERROR - Failed to execute job 156 for task spark_submit_task (Cannot execute: spark-submit --master spark://192.168.192.5:7077 --name spark_submit_job --verbose --queue root.default --deploy-mode client /opt/bitnami/scripts/spark_stream.py. Error code is: 1.; 319)
[2024-01-17T03:36:41.722+0000] {local_task_job_runner.py:228} INFO - Task exited with return code 1
[2024-01-17T03:36:41.742+0000] {taskinstance.py:2784} INFO - 0 downstream tasks scheduled from follow-on schedule check
[2024-01-17T03:53:55.016+0000] {taskinstance.py:1159} INFO - Dependencies all met for dep_context=non-requeueable deps ti=<TaskInstance: spark_stream_job.spark_submit_task scheduled__2024-01-17T02:30:00+00:00 [queued]>
[2024-01-17T03:53:55.022+0000] {taskinstance.py:1159} INFO - Dependencies all met for dep_context=requeueable deps ti=<TaskInstance: spark_stream_job.spark_submit_task scheduled__2024-01-17T02:30:00+00:00 [queued]>
[2024-01-17T03:53:55.023+0000] {taskinstance.py:1361} INFO - Starting attempt 1 of 2
[2024-01-17T03:53:55.034+0000] {taskinstance.py:1382} INFO - Executing <Task(SparkSubmitOperator): spark_submit_task> on 2024-01-17 02:30:00+00:00
[2024-01-17T03:53:55.038+0000] {standard_task_runner.py:57} INFO - Started process 7027 to run task
[2024-01-17T03:53:55.040+0000] {standard_task_runner.py:84} INFO - Running: ['***', 'tasks', 'run', 'spark_stream_job', 'spark_submit_task', 'scheduled__2024-01-17T02:30:00+00:00', '--job-id', '259', '--raw', '--subdir', 'DAGS_FOLDER/spark_streaming_dag.py', '--cfg-path', '/tmp/tmpkisw5cs_']
[2024-01-17T03:53:55.041+0000] {standard_task_runner.py:85} INFO - Job 259: Subtask spark_submit_task
[2024-01-17T03:53:55.082+0000] {task_command.py:415} INFO - Running <TaskInstance: spark_stream_job.spark_submit_task scheduled__2024-01-17T02:30:00+00:00 [running]> on host 776833dc279e
[2024-01-17T03:53:55.144+0000] {taskinstance.py:1660} INFO - Exporting env vars: AIRFLOW_CTX_DAG_OWNER='me' AIRFLOW_CTX_DAG_ID='spark_stream_job' AIRFLOW_CTX_TASK_ID='spark_submit_task' AIRFLOW_CTX_EXECUTION_DATE='2024-01-17T02:30:00+00:00' AIRFLOW_CTX_TRY_NUMBER='1' AIRFLOW_CTX_DAG_RUN_ID='scheduled__2024-01-17T02:30:00+00:00'
[2024-01-17T03:53:55.150+0000] {base.py:73} INFO - Using connection ID 'spark_default' for task execution.
[2024-01-17T03:53:55.151+0000] {spark_submit.py:401} INFO - Spark-Submit cmd: spark-submit --master spark://192.168.192.5:7077 --name spark_submit_job --verbose --queue root.default --deploy-mode client /opt/bitnami/scripts/spark_stream.py
[2024-01-17T03:53:55.262+0000] {spark_submit.py:571} INFO - /home/***/.local/lib/python3.9/site-packages/pyspark/bin/load-spark-env.sh: line 68: ps: command not found
[2024-01-17T03:53:56.253+0000] {spark_submit.py:571} INFO - Using properties file: null
[2024-01-17T03:53:56.330+0000] {spark_submit.py:571} INFO - Parsed arguments:
[2024-01-17T03:53:56.330+0000] {spark_submit.py:571} INFO - master                  spark://192.168.192.5:7077
[2024-01-17T03:53:56.330+0000] {spark_submit.py:571} INFO - remote                  null
[2024-01-17T03:53:56.331+0000] {spark_submit.py:571} INFO - deployMode              client
[2024-01-17T03:53:56.331+0000] {spark_submit.py:571} INFO - executorMemory          null
[2024-01-17T03:53:56.331+0000] {spark_submit.py:571} INFO - executorCores           null
[2024-01-17T03:53:56.331+0000] {spark_submit.py:571} INFO - totalExecutorCores      null
[2024-01-17T03:53:56.331+0000] {spark_submit.py:571} INFO - propertiesFile          null
[2024-01-17T03:53:56.331+0000] {spark_submit.py:571} INFO - driverMemory            null
[2024-01-17T03:53:56.331+0000] {spark_submit.py:571} INFO - driverCores             null
[2024-01-17T03:53:56.331+0000] {spark_submit.py:571} INFO - driverExtraClassPath    null
[2024-01-17T03:53:56.331+0000] {spark_submit.py:571} INFO - driverExtraLibraryPath  null
[2024-01-17T03:53:56.331+0000] {spark_submit.py:571} INFO - driverExtraJavaOptions  null
[2024-01-17T03:53:56.331+0000] {spark_submit.py:571} INFO - supervise               false
[2024-01-17T03:53:56.331+0000] {spark_submit.py:571} INFO - queue                   root.default
[2024-01-17T03:53:56.331+0000] {spark_submit.py:571} INFO - numExecutors            null
[2024-01-17T03:53:56.331+0000] {spark_submit.py:571} INFO - files                   null
[2024-01-17T03:53:56.331+0000] {spark_submit.py:571} INFO - pyFiles                 null
[2024-01-17T03:53:56.331+0000] {spark_submit.py:571} INFO - archives                null
[2024-01-17T03:53:56.331+0000] {spark_submit.py:571} INFO - mainClass               null
[2024-01-17T03:53:56.331+0000] {spark_submit.py:571} INFO - primaryResource         file:/opt/bitnami/scripts/spark_stream.py
[2024-01-17T03:53:56.331+0000] {spark_submit.py:571} INFO - name                    spark_submit_job
[2024-01-17T03:53:56.331+0000] {spark_submit.py:571} INFO - childArgs               []
[2024-01-17T03:53:56.331+0000] {spark_submit.py:571} INFO - jars                    null
[2024-01-17T03:53:56.331+0000] {spark_submit.py:571} INFO - packages                null
[2024-01-17T03:53:56.331+0000] {spark_submit.py:571} INFO - packagesExclusions      null
[2024-01-17T03:53:56.331+0000] {spark_submit.py:571} INFO - repositories            null
[2024-01-17T03:53:56.331+0000] {spark_submit.py:571} INFO - verbose                 true
[2024-01-17T03:53:56.331+0000] {spark_submit.py:571} INFO - 
[2024-01-17T03:53:56.332+0000] {spark_submit.py:571} INFO - Spark properties used, including those specified through
[2024-01-17T03:53:56.332+0000] {spark_submit.py:571} INFO - --conf and those from the properties file null:
[2024-01-17T03:53:56.332+0000] {spark_submit.py:571} INFO - 
[2024-01-17T03:53:56.332+0000] {spark_submit.py:571} INFO - 
[2024-01-17T03:53:56.332+0000] {spark_submit.py:571} INFO - 
[2024-01-17T03:53:56.499+0000] {spark_submit.py:571} INFO - Main class:
[2024-01-17T03:53:56.499+0000] {spark_submit.py:571} INFO - org.apache.spark.deploy.PythonRunner
[2024-01-17T03:53:56.499+0000] {spark_submit.py:571} INFO - Arguments:
[2024-01-17T03:53:56.499+0000] {spark_submit.py:571} INFO - file:/opt/bitnami/scripts/spark_stream.py
[2024-01-17T03:53:56.499+0000] {spark_submit.py:571} INFO - null
[2024-01-17T03:53:56.501+0000] {spark_submit.py:571} INFO - Spark config:
[2024-01-17T03:53:56.501+0000] {spark_submit.py:571} INFO - (spark.app.name,spark_submit_job)
[2024-01-17T03:53:56.501+0000] {spark_submit.py:571} INFO - (spark.app.submitTime,1705463636489)
[2024-01-17T03:53:56.501+0000] {spark_submit.py:571} INFO - (spark.master,spark://192.168.192.5:7077)
[2024-01-17T03:53:56.501+0000] {spark_submit.py:571} INFO - (spark.submit.deployMode,client)
[2024-01-17T03:53:56.501+0000] {spark_submit.py:571} INFO - (spark.submit.pyFiles,)
[2024-01-17T03:53:56.501+0000] {spark_submit.py:571} INFO - Classpath elements:
[2024-01-17T03:53:56.501+0000] {spark_submit.py:571} INFO - 
[2024-01-17T03:53:56.501+0000] {spark_submit.py:571} INFO - 
[2024-01-17T03:53:56.501+0000] {spark_submit.py:571} INFO - 
[2024-01-17T03:53:56.639+0000] {spark_submit.py:571} INFO - python3: can't open file '/opt/bitnami/scripts/spark_stream.py': [Errno 2] No such file or directory
[2024-01-17T03:53:56.652+0000] {spark_submit.py:571} INFO - 24/01/17 03:53:56 INFO ShutdownHookManager: Shutdown hook called
[2024-01-17T03:53:56.654+0000] {spark_submit.py:571} INFO - 24/01/17 03:53:56 INFO ShutdownHookManager: Deleting directory /tmp/spark-3e4bb122-e31b-43ea-89de-7feb5ceb5078
[2024-01-17T03:53:56.686+0000] {taskinstance.py:1943} ERROR - Task failed with exception
Traceback (most recent call last):
  File "/home/airflow/.local/lib/python3.9/site-packages/airflow/providers/apache/spark/operators/spark_submit.py", line 174, in execute
    self._hook.submit(self._application)
  File "/home/airflow/.local/lib/python3.9/site-packages/airflow/providers/apache/spark/hooks/spark_submit.py", line 502, in submit
    raise AirflowException(
airflow.exceptions.AirflowException: Cannot execute: spark-submit --master spark://192.168.192.5:7077 --name spark_submit_job --verbose --queue root.default --deploy-mode client /opt/bitnami/scripts/spark_stream.py. Error code is: 2.
[2024-01-17T03:53:56.689+0000] {taskinstance.py:1400} INFO - Marking task as UP_FOR_RETRY. dag_id=spark_stream_job, task_id=spark_submit_task, execution_date=20240117T023000, start_date=20240117T035355, end_date=20240117T035356
[2024-01-17T03:53:56.699+0000] {standard_task_runner.py:104} ERROR - Failed to execute job 259 for task spark_submit_task (Cannot execute: spark-submit --master spark://192.168.192.5:7077 --name spark_submit_job --verbose --queue root.default --deploy-mode client /opt/bitnami/scripts/spark_stream.py. Error code is: 2.; 7027)
[2024-01-17T03:53:56.739+0000] {local_task_job_runner.py:228} INFO - Task exited with return code 1
[2024-01-17T03:53:56.756+0000] {taskinstance.py:2784} INFO - 0 downstream tasks scheduled from follow-on schedule check
[2024-01-17T04:39:58.439+0000] {taskinstance.py:1159} INFO - Dependencies all met for dep_context=non-requeueable deps ti=<TaskInstance: spark_stream_job.spark_submit_task scheduled__2024-01-17T02:30:00+00:00 [queued]>
[2024-01-17T04:39:58.446+0000] {taskinstance.py:1159} INFO - Dependencies all met for dep_context=requeueable deps ti=<TaskInstance: spark_stream_job.spark_submit_task scheduled__2024-01-17T02:30:00+00:00 [queued]>
[2024-01-17T04:39:58.446+0000] {taskinstance.py:1361} INFO - Starting attempt 1 of 1
[2024-01-17T04:39:58.456+0000] {taskinstance.py:1382} INFO - Executing <Task(SparkSubmitOperator): spark_submit_task> on 2024-01-17 02:30:00+00:00
[2024-01-17T04:39:58.459+0000] {standard_task_runner.py:57} INFO - Started process 7857 to run task
[2024-01-17T04:39:58.461+0000] {standard_task_runner.py:84} INFO - Running: ['***', 'tasks', 'run', 'spark_stream_job', 'spark_submit_task', 'scheduled__2024-01-17T02:30:00+00:00', '--job-id', '105', '--raw', '--subdir', 'DAGS_FOLDER/spark_streaming_dag.py', '--cfg-path', '/tmp/tmpdthwydyi']
[2024-01-17T04:39:58.463+0000] {standard_task_runner.py:85} INFO - Job 105: Subtask spark_submit_task
[2024-01-17T04:39:58.506+0000] {task_command.py:415} INFO - Running <TaskInstance: spark_stream_job.spark_submit_task scheduled__2024-01-17T02:30:00+00:00 [running]> on host 614a419ad930
[2024-01-17T04:39:58.576+0000] {taskinstance.py:1660} INFO - Exporting env vars: AIRFLOW_CTX_DAG_OWNER='me' AIRFLOW_CTX_DAG_ID='spark_stream_job' AIRFLOW_CTX_TASK_ID='spark_submit_task' AIRFLOW_CTX_EXECUTION_DATE='2024-01-17T02:30:00+00:00' AIRFLOW_CTX_TRY_NUMBER='1' AIRFLOW_CTX_DAG_RUN_ID='scheduled__2024-01-17T02:30:00+00:00'
[2024-01-17T04:39:58.584+0000] {base.py:73} INFO - Using connection ID 'spark_default' for task execution.
[2024-01-17T04:39:58.585+0000] {spark_submit.py:401} INFO - Spark-Submit cmd: spark-submit --master spark://192.168.224.5:7077 --name spark_submit_job --class org.apache.spark.deploy.PythonRunner --verbose --queue root.default --deploy-mode client /opt/bitnami/code/spark_stream.py
[2024-01-17T04:39:58.712+0000] {spark_submit.py:571} INFO - /home/***/.local/lib/python3.9/site-packages/pyspark/bin/load-spark-env.sh: line 68: ps: command not found
[2024-01-17T04:40:00.067+0000] {spark_submit.py:571} INFO - Using properties file: null
[2024-01-17T04:40:00.149+0000] {spark_submit.py:571} INFO - Parsed arguments:
[2024-01-17T04:40:00.150+0000] {spark_submit.py:571} INFO - master                  spark://192.168.224.5:7077
[2024-01-17T04:40:00.150+0000] {spark_submit.py:571} INFO - remote                  null
[2024-01-17T04:40:00.150+0000] {spark_submit.py:571} INFO - deployMode              client
[2024-01-17T04:40:00.150+0000] {spark_submit.py:571} INFO - executorMemory          null
[2024-01-17T04:40:00.150+0000] {spark_submit.py:571} INFO - executorCores           null
[2024-01-17T04:40:00.150+0000] {spark_submit.py:571} INFO - totalExecutorCores      null
[2024-01-17T04:40:00.150+0000] {spark_submit.py:571} INFO - propertiesFile          null
[2024-01-17T04:40:00.150+0000] {spark_submit.py:571} INFO - driverMemory            null
[2024-01-17T04:40:00.150+0000] {spark_submit.py:571} INFO - driverCores             null
[2024-01-17T04:40:00.150+0000] {spark_submit.py:571} INFO - driverExtraClassPath    null
[2024-01-17T04:40:00.150+0000] {spark_submit.py:571} INFO - driverExtraLibraryPath  null
[2024-01-17T04:40:00.150+0000] {spark_submit.py:571} INFO - driverExtraJavaOptions  null
[2024-01-17T04:40:00.150+0000] {spark_submit.py:571} INFO - supervise               false
[2024-01-17T04:40:00.150+0000] {spark_submit.py:571} INFO - queue                   root.default
[2024-01-17T04:40:00.150+0000] {spark_submit.py:571} INFO - numExecutors            null
[2024-01-17T04:40:00.150+0000] {spark_submit.py:571} INFO - files                   null
[2024-01-17T04:40:00.150+0000] {spark_submit.py:571} INFO - pyFiles                 null
[2024-01-17T04:40:00.150+0000] {spark_submit.py:571} INFO - archives                null
[2024-01-17T04:40:00.151+0000] {spark_submit.py:571} INFO - mainClass               org.apache.spark.deploy.PythonRunner
[2024-01-17T04:40:00.151+0000] {spark_submit.py:571} INFO - primaryResource         file:/opt/bitnami/code/spark_stream.py
[2024-01-17T04:40:00.151+0000] {spark_submit.py:571} INFO - name                    spark_submit_job
[2024-01-17T04:40:00.151+0000] {spark_submit.py:571} INFO - childArgs               []
[2024-01-17T04:40:00.151+0000] {spark_submit.py:571} INFO - jars                    null
[2024-01-17T04:40:00.151+0000] {spark_submit.py:571} INFO - packages                null
[2024-01-17T04:40:00.151+0000] {spark_submit.py:571} INFO - packagesExclusions      null
[2024-01-17T04:40:00.151+0000] {spark_submit.py:571} INFO - repositories            null
[2024-01-17T04:40:00.151+0000] {spark_submit.py:571} INFO - verbose                 true
[2024-01-17T04:40:00.151+0000] {spark_submit.py:571} INFO - 
[2024-01-17T04:40:00.151+0000] {spark_submit.py:571} INFO - Spark properties used, including those specified through
[2024-01-17T04:40:00.151+0000] {spark_submit.py:571} INFO - --conf and those from the properties file null:
[2024-01-17T04:40:00.151+0000] {spark_submit.py:571} INFO - 
[2024-01-17T04:40:00.151+0000] {spark_submit.py:571} INFO - 
[2024-01-17T04:40:00.152+0000] {spark_submit.py:571} INFO - 
[2024-01-17T04:40:00.320+0000] {spark_submit.py:571} INFO - Main class:
[2024-01-17T04:40:00.320+0000] {spark_submit.py:571} INFO - org.apache.spark.deploy.PythonRunner
[2024-01-17T04:40:00.320+0000] {spark_submit.py:571} INFO - Arguments:
[2024-01-17T04:40:00.320+0000] {spark_submit.py:571} INFO - file:/opt/bitnami/code/spark_stream.py
[2024-01-17T04:40:00.320+0000] {spark_submit.py:571} INFO - null
[2024-01-17T04:40:00.322+0000] {spark_submit.py:571} INFO - Spark config:
[2024-01-17T04:40:00.323+0000] {spark_submit.py:571} INFO - (spark.app.name,spark_submit_job)
[2024-01-17T04:40:00.323+0000] {spark_submit.py:571} INFO - (spark.app.submitTime,1705466400310)
[2024-01-17T04:40:00.323+0000] {spark_submit.py:571} INFO - (spark.master,spark://192.168.224.5:7077)
[2024-01-17T04:40:00.323+0000] {spark_submit.py:571} INFO - (spark.submit.deployMode,client)
[2024-01-17T04:40:00.323+0000] {spark_submit.py:571} INFO - (spark.submit.pyFiles,)
[2024-01-17T04:40:00.323+0000] {spark_submit.py:571} INFO - Classpath elements:
[2024-01-17T04:40:00.323+0000] {spark_submit.py:571} INFO - 
[2024-01-17T04:40:00.323+0000] {spark_submit.py:571} INFO - 
[2024-01-17T04:40:00.323+0000] {spark_submit.py:571} INFO - 
[2024-01-17T04:40:00.454+0000] {spark_submit.py:571} INFO - python3: can't open file '/opt/bitnami/code/spark_stream.py': [Errno 2] No such file or directory
[2024-01-17T04:40:00.466+0000] {spark_submit.py:571} INFO - 24/01/17 04:40:00 INFO ShutdownHookManager: Shutdown hook called
[2024-01-17T04:40:00.468+0000] {spark_submit.py:571} INFO - 24/01/17 04:40:00 INFO ShutdownHookManager: Deleting directory /tmp/spark-57f99944-733f-470d-b0f5-af6731a2da79
[2024-01-17T04:40:00.504+0000] {taskinstance.py:1943} ERROR - Task failed with exception
Traceback (most recent call last):
  File "/home/airflow/.local/lib/python3.9/site-packages/airflow/providers/apache/spark/operators/spark_submit.py", line 174, in execute
    self._hook.submit(self._application)
  File "/home/airflow/.local/lib/python3.9/site-packages/airflow/providers/apache/spark/hooks/spark_submit.py", line 502, in submit
    raise AirflowException(
airflow.exceptions.AirflowException: Cannot execute: spark-submit --master spark://192.168.224.5:7077 --name spark_submit_job --class org.apache.spark.deploy.PythonRunner --verbose --queue root.default --deploy-mode client /opt/bitnami/code/spark_stream.py. Error code is: 2.
[2024-01-17T04:40:00.506+0000] {taskinstance.py:1400} INFO - Marking task as FAILED. dag_id=spark_stream_job, task_id=spark_submit_task, execution_date=20240117T023000, start_date=20240117T043958, end_date=20240117T044000
[2024-01-17T04:40:00.517+0000] {standard_task_runner.py:104} ERROR - Failed to execute job 105 for task spark_submit_task (Cannot execute: spark-submit --master spark://192.168.224.5:7077 --name spark_submit_job --class org.apache.spark.deploy.PythonRunner --verbose --queue root.default --deploy-mode client /opt/bitnami/code/spark_stream.py. Error code is: 2.; 7857)
[2024-01-17T04:40:00.524+0000] {local_task_job_runner.py:228} INFO - Task exited with return code 1
[2024-01-17T04:40:00.541+0000] {taskinstance.py:2784} INFO - 0 downstream tasks scheduled from follow-on schedule check
[2024-01-17T04:48:09.139+0000] {taskinstance.py:1159} INFO - Dependencies all met for dep_context=non-requeueable deps ti=<TaskInstance: spark_stream_job.spark_submit_task scheduled__2024-01-17T02:30:00+00:00 [queued]>
[2024-01-17T04:48:09.147+0000] {taskinstance.py:1159} INFO - Dependencies all met for dep_context=requeueable deps ti=<TaskInstance: spark_stream_job.spark_submit_task scheduled__2024-01-17T02:30:00+00:00 [queued]>
[2024-01-17T04:48:09.147+0000] {taskinstance.py:1361} INFO - Starting attempt 1 of 1
[2024-01-17T04:48:09.161+0000] {taskinstance.py:1382} INFO - Executing <Task(SparkSubmitOperator): spark_submit_task> on 2024-01-17 02:30:00+00:00
[2024-01-17T04:48:09.167+0000] {standard_task_runner.py:57} INFO - Started process 16613 to run task
[2024-01-17T04:48:09.172+0000] {standard_task_runner.py:84} INFO - Running: ['***', 'tasks', 'run', 'spark_stream_job', 'spark_submit_task', 'scheduled__2024-01-17T02:30:00+00:00', '--job-id', '164', '--raw', '--subdir', 'DAGS_FOLDER/spark_streaming_dag.py', '--cfg-path', '/tmp/tmp2asqnao7']
[2024-01-17T04:48:09.173+0000] {standard_task_runner.py:85} INFO - Job 164: Subtask spark_submit_task
[2024-01-17T04:48:09.222+0000] {task_command.py:415} INFO - Running <TaskInstance: spark_stream_job.spark_submit_task scheduled__2024-01-17T02:30:00+00:00 [running]> on host 614a419ad930
[2024-01-17T04:48:09.290+0000] {taskinstance.py:1660} INFO - Exporting env vars: AIRFLOW_CTX_DAG_OWNER='me' AIRFLOW_CTX_DAG_ID='spark_stream_job' AIRFLOW_CTX_TASK_ID='spark_submit_task' AIRFLOW_CTX_EXECUTION_DATE='2024-01-17T02:30:00+00:00' AIRFLOW_CTX_TRY_NUMBER='1' AIRFLOW_CTX_DAG_RUN_ID='scheduled__2024-01-17T02:30:00+00:00'
[2024-01-17T04:48:09.297+0000] {base.py:73} INFO - Using connection ID 'spark_default' for task execution.
[2024-01-17T04:48:09.298+0000] {spark_submit.py:401} INFO - Spark-Submit cmd: spark-submit --master spark://192.168.224.5:7077 --name spark_submit_job --class org.apache.spark.deploy.PythonRunner --verbose --queue root.default --deploy-mode client /opt/***/dags/spark_stream.py
[2024-01-17T04:48:09.405+0000] {spark_submit.py:571} INFO - /home/***/.local/lib/python3.9/site-packages/pyspark/bin/load-spark-env.sh: line 68: ps: command not found
[2024-01-17T04:48:10.653+0000] {spark_submit.py:571} INFO - Using properties file: null
[2024-01-17T04:48:10.752+0000] {spark_submit.py:571} INFO - Parsed arguments:
[2024-01-17T04:48:10.753+0000] {spark_submit.py:571} INFO - master                  spark://192.168.224.5:7077
[2024-01-17T04:48:10.753+0000] {spark_submit.py:571} INFO - remote                  null
[2024-01-17T04:48:10.753+0000] {spark_submit.py:571} INFO - deployMode              client
[2024-01-17T04:48:10.753+0000] {spark_submit.py:571} INFO - executorMemory          null
[2024-01-17T04:48:10.753+0000] {spark_submit.py:571} INFO - executorCores           null
[2024-01-17T04:48:10.753+0000] {spark_submit.py:571} INFO - totalExecutorCores      null
[2024-01-17T04:48:10.753+0000] {spark_submit.py:571} INFO - propertiesFile          null
[2024-01-17T04:48:10.754+0000] {spark_submit.py:571} INFO - driverMemory            null
[2024-01-17T04:48:10.754+0000] {spark_submit.py:571} INFO - driverCores             null
[2024-01-17T04:48:10.754+0000] {spark_submit.py:571} INFO - driverExtraClassPath    null
[2024-01-17T04:48:10.754+0000] {spark_submit.py:571} INFO - driverExtraLibraryPath  null
[2024-01-17T04:48:10.754+0000] {spark_submit.py:571} INFO - driverExtraJavaOptions  null
[2024-01-17T04:48:10.754+0000] {spark_submit.py:571} INFO - supervise               false
[2024-01-17T04:48:10.754+0000] {spark_submit.py:571} INFO - queue                   root.default
[2024-01-17T04:48:10.754+0000] {spark_submit.py:571} INFO - numExecutors            null
[2024-01-17T04:48:10.754+0000] {spark_submit.py:571} INFO - files                   null
[2024-01-17T04:48:10.754+0000] {spark_submit.py:571} INFO - pyFiles                 null
[2024-01-17T04:48:10.754+0000] {spark_submit.py:571} INFO - archives                null
[2024-01-17T04:48:10.754+0000] {spark_submit.py:571} INFO - mainClass               org.apache.spark.deploy.PythonRunner
[2024-01-17T04:48:10.754+0000] {spark_submit.py:571} INFO - primaryResource         file:/opt/***/dags/spark_stream.py
[2024-01-17T04:48:10.754+0000] {spark_submit.py:571} INFO - name                    spark_submit_job
[2024-01-17T04:48:10.754+0000] {spark_submit.py:571} INFO - childArgs               []
[2024-01-17T04:48:10.754+0000] {spark_submit.py:571} INFO - jars                    null
[2024-01-17T04:48:10.754+0000] {spark_submit.py:571} INFO - packages                null
[2024-01-17T04:48:10.754+0000] {spark_submit.py:571} INFO - packagesExclusions      null
[2024-01-17T04:48:10.754+0000] {spark_submit.py:571} INFO - repositories            null
[2024-01-17T04:48:10.754+0000] {spark_submit.py:571} INFO - verbose                 true
[2024-01-17T04:48:10.755+0000] {spark_submit.py:571} INFO - 
[2024-01-17T04:48:10.755+0000] {spark_submit.py:571} INFO - Spark properties used, including those specified through
[2024-01-17T04:48:10.755+0000] {spark_submit.py:571} INFO - --conf and those from the properties file null:
[2024-01-17T04:48:10.755+0000] {spark_submit.py:571} INFO - 
[2024-01-17T04:48:10.755+0000] {spark_submit.py:571} INFO - 
[2024-01-17T04:48:10.755+0000] {spark_submit.py:571} INFO - 
[2024-01-17T04:48:10.936+0000] {spark_submit.py:571} INFO - Main class:
[2024-01-17T04:48:10.936+0000] {spark_submit.py:571} INFO - org.apache.spark.deploy.PythonRunner
[2024-01-17T04:48:10.937+0000] {spark_submit.py:571} INFO - Arguments:
[2024-01-17T04:48:10.937+0000] {spark_submit.py:571} INFO - file:/opt/***/dags/spark_stream.py
[2024-01-17T04:48:10.937+0000] {spark_submit.py:571} INFO - null
[2024-01-17T04:48:10.939+0000] {spark_submit.py:571} INFO - Spark config:
[2024-01-17T04:48:10.939+0000] {spark_submit.py:571} INFO - (spark.app.name,spark_submit_job)
[2024-01-17T04:48:10.939+0000] {spark_submit.py:571} INFO - (spark.app.submitTime,1705466890924)
[2024-01-17T04:48:10.939+0000] {spark_submit.py:571} INFO - (spark.master,spark://192.168.224.5:7077)
[2024-01-17T04:48:10.939+0000] {spark_submit.py:571} INFO - (spark.submit.deployMode,client)
[2024-01-17T04:48:10.940+0000] {spark_submit.py:571} INFO - (spark.submit.pyFiles,)
[2024-01-17T04:48:10.940+0000] {spark_submit.py:571} INFO - Classpath elements:
[2024-01-17T04:48:10.940+0000] {spark_submit.py:571} INFO - 
[2024-01-17T04:48:10.940+0000] {spark_submit.py:571} INFO - 
[2024-01-17T04:48:10.940+0000] {spark_submit.py:571} INFO - 
[2024-01-17T04:48:12.640+0000] {spark_submit.py:571} INFO - None of PyTorch, TensorFlow >= 2.0, or Flax have been found. Models won't be available and only tokenizers, configuration and file/data utilities can be used.
[2024-01-17T04:48:12.819+0000] {spark_submit.py:571} INFO - 24/01/17 04:48:12 INFO SparkContext: Running Spark version 3.5.0
[2024-01-17T04:48:12.821+0000] {spark_submit.py:571} INFO - 24/01/17 04:48:12 INFO SparkContext: OS info Linux, 5.10.16.3-microsoft-standard-WSL2, amd64
[2024-01-17T04:48:12.821+0000] {spark_submit.py:571} INFO - 24/01/17 04:48:12 INFO SparkContext: Java version 11.0.21
[2024-01-17T04:48:12.875+0000] {spark_submit.py:571} INFO - 24/01/17 04:48:12 WARN NativeCodeLoader: Unable to load native-hadoop library for your platform... using builtin-java classes where applicable
[2024-01-17T04:48:12.952+0000] {spark_submit.py:571} INFO - 24/01/17 04:48:12 INFO ResourceUtils: ==============================================================
[2024-01-17T04:48:12.953+0000] {spark_submit.py:571} INFO - 24/01/17 04:48:12 INFO ResourceUtils: No custom resources configured for spark.driver.
[2024-01-17T04:48:12.953+0000] {spark_submit.py:571} INFO - 24/01/17 04:48:12 INFO ResourceUtils: ==============================================================
[2024-01-17T04:48:12.953+0000] {spark_submit.py:571} INFO - 24/01/17 04:48:12 INFO SparkContext: Submitted application: SparkDataStreaming
[2024-01-17T04:48:12.973+0000] {spark_submit.py:571} INFO - 24/01/17 04:48:12 INFO ResourceProfile: Default ResourceProfile created, executor resources: Map(memory -> name: memory, amount: 1024, script: , vendor: , offHeap -> name: offHeap, amount: 0, script: , vendor: ), task resources: Map(cpus -> name: cpus, amount: 1.0)
[2024-01-17T04:48:12.983+0000] {spark_submit.py:571} INFO - 24/01/17 04:48:12 INFO ResourceProfile: Limiting resource is cpu
[2024-01-17T04:48:12.983+0000] {spark_submit.py:571} INFO - 24/01/17 04:48:12 INFO ResourceProfileManager: Added ResourceProfile id: 0
[2024-01-17T04:48:13.031+0000] {spark_submit.py:571} INFO - 24/01/17 04:48:13 INFO SecurityManager: Changing view acls to: ***
[2024-01-17T04:48:13.031+0000] {spark_submit.py:571} INFO - 24/01/17 04:48:13 INFO SecurityManager: Changing modify acls to: ***
[2024-01-17T04:48:13.031+0000] {spark_submit.py:571} INFO - 24/01/17 04:48:13 INFO SecurityManager: Changing view acls groups to:
[2024-01-17T04:48:13.032+0000] {spark_submit.py:571} INFO - 24/01/17 04:48:13 INFO SecurityManager: Changing modify acls groups to:
[2024-01-17T04:48:13.032+0000] {spark_submit.py:571} INFO - 24/01/17 04:48:13 INFO SecurityManager: SecurityManager: authentication disabled; ui acls disabled; users with view permissions: ***; groups with view permissions: EMPTY; users with modify permissions: ***; groups with modify permissions: EMPTY
[2024-01-17T04:48:13.258+0000] {spark_submit.py:571} INFO - 24/01/17 04:48:13 INFO Utils: Successfully started service 'sparkDriver' on port 46461.
[2024-01-17T04:48:13.279+0000] {spark_submit.py:571} INFO - 24/01/17 04:48:13 INFO SparkEnv: Registering MapOutputTracker
[2024-01-17T04:48:13.304+0000] {spark_submit.py:571} INFO - 24/01/17 04:48:13 INFO SparkEnv: Registering BlockManagerMaster
[2024-01-17T04:48:13.317+0000] {spark_submit.py:571} INFO - 24/01/17 04:48:13 INFO BlockManagerMasterEndpoint: Using org.apache.spark.storage.DefaultTopologyMapper for getting topology information
[2024-01-17T04:48:13.318+0000] {spark_submit.py:571} INFO - 24/01/17 04:48:13 INFO BlockManagerMasterEndpoint: BlockManagerMasterEndpoint up
[2024-01-17T04:48:13.320+0000] {spark_submit.py:571} INFO - 24/01/17 04:48:13 INFO SparkEnv: Registering BlockManagerMasterHeartbeat
[2024-01-17T04:48:13.341+0000] {spark_submit.py:571} INFO - 24/01/17 04:48:13 INFO DiskBlockManager: Created local directory at /tmp/blockmgr-874d9018-42b3-421e-a5b1-4522fa372f10
[2024-01-17T04:48:13.353+0000] {spark_submit.py:571} INFO - 24/01/17 04:48:13 INFO MemoryStore: MemoryStore started with capacity 434.4 MiB
[2024-01-17T04:48:13.366+0000] {spark_submit.py:571} INFO - 24/01/17 04:48:13 INFO SparkEnv: Registering OutputCommitCoordinator
[2024-01-17T04:48:13.481+0000] {spark_submit.py:571} INFO - 24/01/17 04:48:13 INFO JettyUtils: Start Jetty 0.0.0.0:4040 for SparkUI
[2024-01-17T04:48:13.590+0000] {spark_submit.py:571} INFO - 24/01/17 04:48:13 INFO Utils: Successfully started service 'SparkUI' on port 4040.
[2024-01-17T04:48:13.676+0000] {spark_submit.py:571} INFO - 24/01/17 04:48:13 INFO StandaloneAppClient$ClientEndpoint: Connecting to master spark://192.168.224.5:7077...
[2024-01-17T04:48:13.706+0000] {spark_submit.py:571} INFO - 24/01/17 04:48:13 INFO TransportClientFactory: Successfully created connection to /192.168.224.5:7077 after 18 ms (0 ms spent in bootstraps)
[2024-01-17T04:48:13.763+0000] {spark_submit.py:571} INFO - 24/01/17 04:48:13 INFO StandaloneSchedulerBackend: Connected to Spark cluster with app ID app-20240117044813-0038
[2024-01-17T04:48:13.765+0000] {spark_submit.py:571} INFO - 24/01/17 04:48:13 INFO StandaloneAppClient$ClientEndpoint: Executor added: app-20240117044813-0038/0 on worker-20240117040815-192.168.224.7-45465 (192.168.224.7:45465) with 2 core(s)
[2024-01-17T04:48:13.766+0000] {spark_submit.py:571} INFO - 24/01/17 04:48:13 INFO StandaloneSchedulerBackend: Granted executor ID app-20240117044813-0038/0 on hostPort 192.168.224.7:45465 with 2 core(s), 1024.0 MiB RAM
[2024-01-17T04:48:13.770+0000] {spark_submit.py:571} INFO - 24/01/17 04:48:13 INFO Utils: Successfully started service 'org.apache.spark.network.netty.NettyBlockTransferService' on port 38425.
[2024-01-17T04:48:13.770+0000] {spark_submit.py:571} INFO - 24/01/17 04:48:13 INFO NettyBlockTransferService: Server created on 614a419ad930:38425
[2024-01-17T04:48:13.772+0000] {spark_submit.py:571} INFO - 24/01/17 04:48:13 INFO BlockManager: Using org.apache.spark.storage.RandomBlockReplicationPolicy for block replication policy
[2024-01-17T04:48:13.778+0000] {spark_submit.py:571} INFO - 24/01/17 04:48:13 INFO BlockManagerMaster: Registering BlockManager BlockManagerId(driver, 614a419ad930, 38425, None)
[2024-01-17T04:48:13.781+0000] {spark_submit.py:571} INFO - 24/01/17 04:48:13 INFO BlockManagerMasterEndpoint: Registering block manager 614a419ad930:38425 with 434.4 MiB RAM, BlockManagerId(driver, 614a419ad930, 38425, None)
[2024-01-17T04:48:13.783+0000] {spark_submit.py:571} INFO - 24/01/17 04:48:13 INFO BlockManagerMaster: Registered BlockManager BlockManagerId(driver, 614a419ad930, 38425, None)
[2024-01-17T04:48:13.784+0000] {spark_submit.py:571} INFO - 24/01/17 04:48:13 INFO BlockManager: Initialized BlockManager: BlockManagerId(driver, 614a419ad930, 38425, None)
[2024-01-17T04:48:13.786+0000] {spark_submit.py:571} INFO - 24/01/17 04:48:13 INFO StandaloneAppClient$ClientEndpoint: Executor updated: app-20240117044813-0038/0 is now RUNNING
[2024-01-17T04:48:13.953+0000] {spark_submit.py:571} INFO - 24/01/17 04:48:13 INFO StandaloneSchedulerBackend: SchedulerBackend is ready for scheduling beginning after reached minRegisteredResourcesRatio: 0.0
[2024-01-17T04:48:15.147+0000] {spark_submit.py:571} INFO - WARNING:root:kafka dataframe could not be created because: Failed to find data source: kafka. Please deploy the application as per the deployment section of Structured Streaming + Kafka Integration Guide.
[2024-01-17T04:48:15.150+0000] {spark_submit.py:571} INFO - ERROR:root:An error occurred in the Spark Streaming job: Failed to find data source: kafka. Please deploy the application as per the deployment section of Structured Streaming + Kafka Integration Guide.
[2024-01-17T04:48:15.477+0000] {spark_submit.py:571} INFO - Traceback (most recent call last):
[2024-01-17T04:48:15.477+0000] {spark_submit.py:571} INFO - File "/opt/***/dags/spark_stream.py", line 331, in <module>
[2024-01-17T04:48:15.477+0000] {spark_submit.py:571} INFO - main()
[2024-01-17T04:48:15.477+0000] {spark_submit.py:571} INFO - File "/opt/***/dags/spark_stream.py", line 328, in main
[2024-01-17T04:48:15.477+0000] {spark_submit.py:571} INFO - cassandra_session.shutdown()
[2024-01-17T04:48:15.477+0000] {spark_submit.py:571} INFO - UnboundLocalError: local variable 'cassandra_session' referenced before assignment
[2024-01-17T04:48:15.717+0000] {taskinstance.py:1943} ERROR - Task failed with exception
Traceback (most recent call last):
  File "/home/airflow/.local/lib/python3.9/site-packages/airflow/providers/apache/spark/operators/spark_submit.py", line 174, in execute
    self._hook.submit(self._application)
  File "/home/airflow/.local/lib/python3.9/site-packages/airflow/providers/apache/spark/hooks/spark_submit.py", line 502, in submit
    raise AirflowException(
airflow.exceptions.AirflowException: Cannot execute: spark-submit --master spark://192.168.224.5:7077 --name spark_submit_job --class org.apache.spark.deploy.PythonRunner --verbose --queue root.default --deploy-mode client /opt/***/dags/spark_stream.py. Error code is: 1.
[2024-01-17T04:48:15.720+0000] {taskinstance.py:1400} INFO - Marking task as FAILED. dag_id=spark_stream_job, task_id=spark_submit_task, execution_date=20240117T023000, start_date=20240117T044809, end_date=20240117T044815
[2024-01-17T04:48:15.736+0000] {standard_task_runner.py:104} ERROR - Failed to execute job 164 for task spark_submit_task (Cannot execute: spark-submit --master spark://192.168.224.5:7077 --name spark_submit_job --class org.apache.spark.deploy.PythonRunner --verbose --queue root.default --deploy-mode client /opt/***/dags/spark_stream.py. Error code is: 1.; 16613)
[2024-01-17T04:48:15.770+0000] {local_task_job_runner.py:228} INFO - Task exited with return code 1
[2024-01-17T04:48:15.785+0000] {taskinstance.py:2784} INFO - 0 downstream tasks scheduled from follow-on schedule check
