[2024-01-20T06:27:52.795+0000] {taskinstance.py:1159} INFO - Dependencies all met for dep_context=non-requeueable deps ti=<TaskInstance: Kafka_Producer_5.Reddit scheduled__2024-01-20T06:26:35.361508+00:00 [queued]>
[2024-01-20T06:27:52.800+0000] {taskinstance.py:1159} INFO - Dependencies all met for dep_context=requeueable deps ti=<TaskInstance: Kafka_Producer_5.Reddit scheduled__2024-01-20T06:26:35.361508+00:00 [queued]>
[2024-01-20T06:27:52.801+0000] {taskinstance.py:1361} INFO - Starting attempt 1 of 1
[2024-01-20T06:27:52.811+0000] {taskinstance.py:1382} INFO - Executing <Task(PythonOperator): Reddit> on 2024-01-20 06:26:35.361508+00:00
[2024-01-20T06:27:52.814+0000] {standard_task_runner.py:57} INFO - Started process 15455 to run task
[2024-01-20T06:27:52.816+0000] {standard_task_runner.py:84} INFO - Running: ['***', 'tasks', 'run', 'Kafka_Producer_5', 'Reddit', 'scheduled__2024-01-20T06:26:35.361508+00:00', '--job-id', '964', '--raw', '--subdir', 'DAGS_FOLDER/kafka_stream_5.py', '--cfg-path', '/tmp/tmpdz2a00p3']
[2024-01-20T06:27:52.817+0000] {standard_task_runner.py:85} INFO - Job 964: Subtask Reddit
[2024-01-20T06:27:52.859+0000] {task_command.py:415} INFO - Running <TaskInstance: Kafka_Producer_5.Reddit scheduled__2024-01-20T06:26:35.361508+00:00 [running]> on host 45c5bfab8aa1
[2024-01-20T06:27:52.928+0000] {taskinstance.py:1660} INFO - Exporting env vars: AIRFLOW_CTX_DAG_OWNER='me' AIRFLOW_CTX_DAG_ID='Kafka_Producer_5' AIRFLOW_CTX_TASK_ID='Reddit' AIRFLOW_CTX_EXECUTION_DATE='2024-01-20T06:26:35.361508+00:00' AIRFLOW_CTX_TRY_NUMBER='1' AIRFLOW_CTX_DAG_RUN_ID='scheduled__2024-01-20T06:26:35.361508+00:00'
[2024-01-20T06:27:52.957+0000] {logging_mixin.py:151} INFO -  submission : 
[2024-01-20T06:27:53.735+0000] {logging_mixin.py:151} INFO - #False
[2024-01-20T06:27:53.737+0000] {logging_mixin.py:151} INFO - #False
[2024-01-20T06:27:53.737+0000] {logging_mixin.py:151} INFO - #False
[2024-01-20T06:27:53.738+0000] {logging_mixin.py:151} INFO - #False
[2024-01-20T06:27:53.738+0000] {logging_mixin.py:151} INFO - #False
[2024-01-20T06:27:53.739+0000] {logging_mixin.py:151} INFO - #False
[2024-01-20T06:27:53.739+0000] {logging_mixin.py:151} INFO - #False
[2024-01-20T06:27:53.739+0000] {logging_mixin.py:151} INFO - #False
[2024-01-20T06:27:53.740+0000] {logging_mixin.py:151} INFO - #False
[2024-01-20T06:27:53.740+0000] {logging_mixin.py:151} INFO - #False
[2024-01-20T06:27:53.741+0000] {logging_mixin.py:151} INFO - #False
[2024-01-20T06:27:53.741+0000] {logging_mixin.py:151} INFO - #False
[2024-01-20T06:27:53.741+0000] {logging_mixin.py:151} INFO - #False
[2024-01-20T06:27:53.741+0000] {logging_mixin.py:151} INFO - #False
[2024-01-20T06:27:53.741+0000] {logging_mixin.py:151} INFO - #False
[2024-01-20T06:27:53.742+0000] {logging_mixin.py:151} INFO - #False
[2024-01-20T06:27:53.742+0000] {logging_mixin.py:151} INFO - #False
[2024-01-20T06:27:53.742+0000] {logging_mixin.py:151} INFO - #False
[2024-01-20T06:27:53.742+0000] {logging_mixin.py:151} INFO - #False
[2024-01-20T06:27:53.743+0000] {logging_mixin.py:151} INFO - #False
[2024-01-20T06:27:53.743+0000] {logging_mixin.py:151} INFO - #False
[2024-01-20T06:27:53.743+0000] {logging_mixin.py:151} INFO - #False
[2024-01-20T06:27:53.743+0000] {logging_mixin.py:151} INFO - #False
[2024-01-20T06:27:53.743+0000] {logging_mixin.py:151} INFO - #False
[2024-01-20T06:27:53.744+0000] {logging_mixin.py:151} INFO - #False
[2024-01-20T06:27:53.744+0000] {logging_mixin.py:151} INFO - #False
[2024-01-20T06:27:53.744+0000] {logging_mixin.py:151} INFO - #False
[2024-01-20T06:27:53.744+0000] {logging_mixin.py:151} INFO - #False
[2024-01-20T06:27:53.745+0000] {logging_mixin.py:151} INFO - #False
[2024-01-20T06:27:53.745+0000] {logging_mixin.py:151} INFO - #False
[2024-01-20T06:27:53.745+0000] {logging_mixin.py:151} INFO -  submission : 
[2024-01-20T06:27:54.358+0000] {logging_mixin.py:151} INFO - #False
[2024-01-20T06:27:54.358+0000] {logging_mixin.py:151} INFO - #False
[2024-01-20T06:27:54.359+0000] {logging_mixin.py:151} INFO - #False
[2024-01-20T06:27:54.359+0000] {logging_mixin.py:151} INFO - #False
[2024-01-20T06:27:54.360+0000] {logging_mixin.py:151} INFO - #False
[2024-01-20T06:27:54.360+0000] {logging_mixin.py:151} INFO - #False
[2024-01-20T06:27:54.360+0000] {logging_mixin.py:151} INFO - #False
[2024-01-20T06:27:54.361+0000] {logging_mixin.py:151} INFO - #False
[2024-01-20T06:27:54.361+0000] {logging_mixin.py:151} INFO - #False
[2024-01-20T06:27:54.361+0000] {logging_mixin.py:151} INFO - #False
[2024-01-20T06:27:54.361+0000] {logging_mixin.py:151} INFO - #False
[2024-01-20T06:27:54.362+0000] {logging_mixin.py:151} INFO - #False
[2024-01-20T06:27:54.362+0000] {logging_mixin.py:151} INFO - #False
[2024-01-20T06:27:54.362+0000] {logging_mixin.py:151} INFO - #False
[2024-01-20T06:27:54.363+0000] {logging_mixin.py:151} INFO - #False
[2024-01-20T06:27:54.363+0000] {logging_mixin.py:151} INFO - #False
[2024-01-20T06:27:54.363+0000] {logging_mixin.py:151} INFO - #False
[2024-01-20T06:27:54.363+0000] {logging_mixin.py:151} INFO - #False
[2024-01-20T06:27:54.364+0000] {logging_mixin.py:151} INFO - #False
[2024-01-20T06:27:54.364+0000] {logging_mixin.py:151} INFO - #False
[2024-01-20T06:27:54.364+0000] {logging_mixin.py:151} INFO - #False
[2024-01-20T06:27:54.365+0000] {logging_mixin.py:151} INFO - #False
[2024-01-20T06:27:54.365+0000] {logging_mixin.py:151} INFO - #False
[2024-01-20T06:27:54.365+0000] {logging_mixin.py:151} INFO - #False
[2024-01-20T06:27:54.365+0000] {logging_mixin.py:151} INFO - #False
[2024-01-20T06:27:54.365+0000] {logging_mixin.py:151} INFO - #False
[2024-01-20T06:27:54.366+0000] {logging_mixin.py:151} INFO - #False
[2024-01-20T06:27:54.366+0000] {logging_mixin.py:151} INFO - #False
[2024-01-20T06:27:54.366+0000] {logging_mixin.py:151} INFO - #False
[2024-01-20T06:27:54.366+0000] {logging_mixin.py:151} INFO - #False
[2024-01-20T06:27:54.367+0000] {logging_mixin.py:151} INFO -  submission : 
[2024-01-20T06:27:54.928+0000] {logging_mixin.py:151} INFO - #False
[2024-01-20T06:27:54.928+0000] {logging_mixin.py:151} INFO - #False
[2024-01-20T06:27:54.929+0000] {logging_mixin.py:151} INFO - #False
[2024-01-20T06:27:54.929+0000] {logging_mixin.py:151} INFO - #False
[2024-01-20T06:27:54.929+0000] {logging_mixin.py:151} INFO - #False
[2024-01-20T06:27:54.929+0000] {logging_mixin.py:151} INFO - #False
[2024-01-20T06:27:54.930+0000] {logging_mixin.py:151} INFO - #False
[2024-01-20T06:27:54.930+0000] {logging_mixin.py:151} INFO - #False
[2024-01-20T06:27:54.930+0000] {logging_mixin.py:151} INFO - #False
[2024-01-20T06:27:54.930+0000] {logging_mixin.py:151} INFO - #False
[2024-01-20T06:27:54.931+0000] {logging_mixin.py:151} INFO - #False
[2024-01-20T06:27:54.931+0000] {logging_mixin.py:151} INFO - #False
[2024-01-20T06:27:54.932+0000] {logging_mixin.py:151} INFO - #False
[2024-01-20T06:27:54.932+0000] {logging_mixin.py:151} INFO - #False
[2024-01-20T06:27:54.932+0000] {logging_mixin.py:151} INFO - #False
[2024-01-20T06:27:54.933+0000] {logging_mixin.py:151} INFO - #False
[2024-01-20T06:27:54.933+0000] {logging_mixin.py:151} INFO - #False
[2024-01-20T06:27:54.933+0000] {logging_mixin.py:151} INFO - #False
[2024-01-20T06:27:54.933+0000] {logging_mixin.py:151} INFO - #False
[2024-01-20T06:27:54.933+0000] {logging_mixin.py:151} INFO - #False
[2024-01-20T06:27:54.934+0000] {logging_mixin.py:151} INFO - #False
[2024-01-20T06:27:54.934+0000] {logging_mixin.py:151} INFO - #False
[2024-01-20T06:27:54.934+0000] {logging_mixin.py:151} INFO - #False
[2024-01-20T06:27:54.935+0000] {logging_mixin.py:151} INFO - #False
[2024-01-20T06:27:54.935+0000] {logging_mixin.py:151} INFO - #False
[2024-01-20T06:27:54.936+0000] {logging_mixin.py:151} INFO - #False
[2024-01-20T06:27:54.936+0000] {logging_mixin.py:151} INFO - #False
[2024-01-20T06:27:54.936+0000] {logging_mixin.py:151} INFO - #False
[2024-01-20T06:27:54.936+0000] {logging_mixin.py:151} INFO - #False
[2024-01-20T06:27:54.937+0000] {logging_mixin.py:151} INFO - #False
[2024-01-20T06:27:54.937+0000] {logging_mixin.py:151} INFO -  submission : 
[2024-01-20T06:27:55.277+0000] {logging_mixin.py:151} INFO - #False
[2024-01-20T06:27:55.277+0000] {logging_mixin.py:151} INFO - #False
[2024-01-20T06:27:55.278+0000] {logging_mixin.py:151} INFO - #False
[2024-01-20T06:27:55.278+0000] {logging_mixin.py:151} INFO - #False
[2024-01-20T06:27:55.278+0000] {logging_mixin.py:151} INFO - #False
[2024-01-20T06:27:55.278+0000] {logging_mixin.py:151} INFO - #False
[2024-01-20T06:27:55.279+0000] {logging_mixin.py:151} INFO - #False
[2024-01-20T06:27:55.279+0000] {logging_mixin.py:151} INFO - #False
[2024-01-20T06:27:55.279+0000] {logging_mixin.py:151} INFO - #False
[2024-01-20T06:27:55.279+0000] {logging_mixin.py:151} INFO - #False
[2024-01-20T06:27:55.280+0000] {logging_mixin.py:151} INFO - #False
[2024-01-20T06:27:55.280+0000] {logging_mixin.py:151} INFO - #False
[2024-01-20T06:27:55.280+0000] {logging_mixin.py:151} INFO - #False
[2024-01-20T06:27:55.281+0000] {logging_mixin.py:151} INFO - #False
[2024-01-20T06:27:55.281+0000] {logging_mixin.py:151} INFO - #False
[2024-01-20T06:27:55.281+0000] {logging_mixin.py:151} INFO - #False
[2024-01-20T06:27:55.282+0000] {logging_mixin.py:151} INFO - #False
[2024-01-20T06:27:55.282+0000] {logging_mixin.py:151} INFO - #False
[2024-01-20T06:27:55.282+0000] {logging_mixin.py:151} INFO - #False
[2024-01-20T06:27:55.282+0000] {logging_mixin.py:151} INFO - #False
[2024-01-20T06:27:55.282+0000] {logging_mixin.py:151} INFO - #False
[2024-01-20T06:27:55.283+0000] {logging_mixin.py:151} INFO - #False
[2024-01-20T06:27:55.283+0000] {logging_mixin.py:151} INFO - #False
[2024-01-20T06:27:55.283+0000] {logging_mixin.py:151} INFO - #False
[2024-01-20T06:27:55.283+0000] {logging_mixin.py:151} INFO - #False
[2024-01-20T06:27:55.283+0000] {logging_mixin.py:151} INFO - #False
[2024-01-20T06:27:55.283+0000] {logging_mixin.py:151} INFO - #False
[2024-01-20T06:27:55.284+0000] {logging_mixin.py:151} INFO - #False
[2024-01-20T06:27:55.284+0000] {logging_mixin.py:151} INFO - #False
[2024-01-20T06:27:55.284+0000] {logging_mixin.py:151} INFO - #False
[2024-01-20T06:27:55.285+0000] {logging_mixin.py:151} INFO -  submission : 
[2024-01-20T06:27:55.732+0000] {logging_mixin.py:151} INFO - #False
[2024-01-20T06:27:55.733+0000] {logging_mixin.py:151} INFO - #False
[2024-01-20T06:27:55.733+0000] {logging_mixin.py:151} INFO - #False
[2024-01-20T06:27:55.733+0000] {logging_mixin.py:151} INFO - #False
[2024-01-20T06:27:55.734+0000] {logging_mixin.py:151} INFO - #False
[2024-01-20T06:27:55.734+0000] {logging_mixin.py:151} INFO - #False
[2024-01-20T06:27:55.734+0000] {logging_mixin.py:151} INFO - #False
[2024-01-20T06:27:55.734+0000] {logging_mixin.py:151} INFO - #False
[2024-01-20T06:27:55.735+0000] {logging_mixin.py:151} INFO - #False
[2024-01-20T06:27:55.735+0000] {logging_mixin.py:151} INFO - #False
[2024-01-20T06:27:55.735+0000] {logging_mixin.py:151} INFO - #False
[2024-01-20T06:27:55.735+0000] {logging_mixin.py:151} INFO - #False
[2024-01-20T06:27:55.736+0000] {logging_mixin.py:151} INFO - #False
[2024-01-20T06:27:55.736+0000] {logging_mixin.py:151} INFO - #False
[2024-01-20T06:27:55.736+0000] {logging_mixin.py:151} INFO - #False
[2024-01-20T06:27:55.736+0000] {logging_mixin.py:151} INFO - #False
[2024-01-20T06:27:55.737+0000] {logging_mixin.py:151} INFO - #False
[2024-01-20T06:27:55.737+0000] {logging_mixin.py:151} INFO - #False
[2024-01-20T06:27:55.737+0000] {logging_mixin.py:151} INFO - #False
[2024-01-20T06:27:55.737+0000] {logging_mixin.py:151} INFO - #False
[2024-01-20T06:27:55.737+0000] {logging_mixin.py:151} INFO - #False
[2024-01-20T06:27:55.738+0000] {logging_mixin.py:151} INFO - #False
[2024-01-20T06:27:55.738+0000] {logging_mixin.py:151} INFO - #False
[2024-01-20T06:27:55.738+0000] {logging_mixin.py:151} INFO - #False
[2024-01-20T06:27:55.739+0000] {logging_mixin.py:151} INFO - #False
[2024-01-20T06:27:55.739+0000] {logging_mixin.py:151} INFO - #False
[2024-01-20T06:27:55.739+0000] {logging_mixin.py:151} INFO - #False
[2024-01-20T06:27:55.739+0000] {logging_mixin.py:151} INFO - #False
[2024-01-20T06:27:55.740+0000] {logging_mixin.py:151} INFO - #False
[2024-01-20T06:27:55.740+0000] {logging_mixin.py:151} INFO - #False
[2024-01-20T06:27:55.740+0000] {logging_mixin.py:151} INFO -  submission : 
[2024-01-20T06:27:56.170+0000] {logging_mixin.py:151} INFO - #False
[2024-01-20T06:27:56.170+0000] {logging_mixin.py:151} INFO - #False
[2024-01-20T06:27:56.170+0000] {logging_mixin.py:151} INFO - #False
[2024-01-20T06:27:56.171+0000] {logging_mixin.py:151} INFO - #False
[2024-01-20T06:27:56.171+0000] {logging_mixin.py:151} INFO - #False
[2024-01-20T06:27:56.171+0000] {logging_mixin.py:151} INFO - #False
[2024-01-20T06:27:56.171+0000] {logging_mixin.py:151} INFO - #False
[2024-01-20T06:27:56.172+0000] {logging_mixin.py:151} INFO - #False
[2024-01-20T06:27:56.172+0000] {logging_mixin.py:151} INFO - #False
[2024-01-20T06:27:56.172+0000] {logging_mixin.py:151} INFO - #False
[2024-01-20T06:27:56.172+0000] {logging_mixin.py:151} INFO - #False
[2024-01-20T06:27:56.173+0000] {logging_mixin.py:151} INFO - #False
[2024-01-20T06:27:56.173+0000] {logging_mixin.py:151} INFO - #False
[2024-01-20T06:27:56.173+0000] {logging_mixin.py:151} INFO - #False
[2024-01-20T06:27:56.174+0000] {logging_mixin.py:151} INFO - #False
[2024-01-20T06:27:56.174+0000] {logging_mixin.py:151} INFO - #False
[2024-01-20T06:27:56.174+0000] {logging_mixin.py:151} INFO - #False
[2024-01-20T06:27:56.175+0000] {logging_mixin.py:151} INFO - #False
[2024-01-20T06:27:56.175+0000] {logging_mixin.py:151} INFO - #False
[2024-01-20T06:27:56.175+0000] {logging_mixin.py:151} INFO - #False
[2024-01-20T06:27:56.175+0000] {logging_mixin.py:151} INFO - #False
[2024-01-20T06:27:56.176+0000] {logging_mixin.py:151} INFO - #False
[2024-01-20T06:27:56.177+0000] {logging_mixin.py:151} INFO - #False
[2024-01-20T06:27:56.177+0000] {logging_mixin.py:151} INFO - #False
[2024-01-20T06:27:56.177+0000] {logging_mixin.py:151} INFO - #False
[2024-01-20T06:27:56.177+0000] {logging_mixin.py:151} INFO - #False
[2024-01-20T06:27:56.178+0000] {logging_mixin.py:151} INFO - #False
[2024-01-20T06:27:56.178+0000] {logging_mixin.py:151} INFO - #False
[2024-01-20T06:27:56.178+0000] {logging_mixin.py:151} INFO - #False
[2024-01-20T06:27:56.178+0000] {logging_mixin.py:151} INFO - #False
[2024-01-20T06:27:56.179+0000] {logging_mixin.py:151} INFO -  submission : 
[2024-01-20T06:27:56.687+0000] {logging_mixin.py:151} INFO - #False
[2024-01-20T06:27:56.687+0000] {logging_mixin.py:151} INFO - #False
[2024-01-20T06:27:56.688+0000] {logging_mixin.py:151} INFO - #False
[2024-01-20T06:27:56.688+0000] {logging_mixin.py:151} INFO - #False
[2024-01-20T06:27:56.688+0000] {logging_mixin.py:151} INFO - #False
[2024-01-20T06:27:56.689+0000] {logging_mixin.py:151} INFO - #False
[2024-01-20T06:27:56.689+0000] {logging_mixin.py:151} INFO - #False
[2024-01-20T06:27:56.689+0000] {logging_mixin.py:151} INFO - #False
[2024-01-20T06:27:56.690+0000] {logging_mixin.py:151} INFO - #False
[2024-01-20T06:27:56.690+0000] {logging_mixin.py:151} INFO - #False
[2024-01-20T06:27:56.690+0000] {logging_mixin.py:151} INFO - #False
[2024-01-20T06:27:56.690+0000] {logging_mixin.py:151} INFO - #False
[2024-01-20T06:27:56.691+0000] {logging_mixin.py:151} INFO - #False
[2024-01-20T06:27:56.691+0000] {logging_mixin.py:151} INFO - #False
[2024-01-20T06:27:56.691+0000] {logging_mixin.py:151} INFO - #False
[2024-01-20T06:27:56.692+0000] {logging_mixin.py:151} INFO - #False
[2024-01-20T06:27:56.692+0000] {logging_mixin.py:151} INFO - #False
[2024-01-20T06:27:56.692+0000] {logging_mixin.py:151} INFO - #False
[2024-01-20T06:27:56.693+0000] {logging_mixin.py:151} INFO - #False
[2024-01-20T06:27:56.693+0000] {logging_mixin.py:151} INFO - #False
[2024-01-20T06:27:56.694+0000] {logging_mixin.py:151} INFO - #False
[2024-01-20T06:27:56.694+0000] {logging_mixin.py:151} INFO - #False
[2024-01-20T06:27:56.694+0000] {logging_mixin.py:151} INFO - #False
[2024-01-20T06:27:56.695+0000] {logging_mixin.py:151} INFO - #False
[2024-01-20T06:27:56.695+0000] {logging_mixin.py:151} INFO - #False
[2024-01-20T06:27:56.695+0000] {logging_mixin.py:151} INFO - #False
[2024-01-20T06:27:56.696+0000] {logging_mixin.py:151} INFO - #False
[2024-01-20T06:27:56.696+0000] {logging_mixin.py:151} INFO - #False
[2024-01-20T06:27:56.696+0000] {logging_mixin.py:151} INFO - #False
[2024-01-20T06:27:56.697+0000] {logging_mixin.py:151} INFO - #False
[2024-01-20T06:27:56.697+0000] {logging_mixin.py:151} INFO -  submission : 
[2024-01-20T06:27:57.210+0000] {logging_mixin.py:151} INFO - #False
[2024-01-20T06:27:57.210+0000] {logging_mixin.py:151} INFO - #False
[2024-01-20T06:27:57.211+0000] {logging_mixin.py:151} INFO - #False
[2024-01-20T06:27:57.211+0000] {logging_mixin.py:151} INFO - #False
[2024-01-20T06:27:57.212+0000] {logging_mixin.py:151} INFO - #False
[2024-01-20T06:27:57.212+0000] {logging_mixin.py:151} INFO - #False
[2024-01-20T06:27:57.212+0000] {logging_mixin.py:151} INFO - #False
[2024-01-20T06:27:57.213+0000] {logging_mixin.py:151} INFO - #False
[2024-01-20T06:27:57.213+0000] {logging_mixin.py:151} INFO - #False
[2024-01-20T06:27:57.213+0000] {logging_mixin.py:151} INFO - #False
[2024-01-20T06:27:57.214+0000] {logging_mixin.py:151} INFO - #False
[2024-01-20T06:27:57.214+0000] {logging_mixin.py:151} INFO - #False
[2024-01-20T06:27:57.215+0000] {logging_mixin.py:151} INFO - #False
[2024-01-20T06:27:57.215+0000] {logging_mixin.py:151} INFO - #False
[2024-01-20T06:27:57.215+0000] {logging_mixin.py:151} INFO - #False
[2024-01-20T06:27:57.216+0000] {logging_mixin.py:151} INFO - #False
[2024-01-20T06:27:57.216+0000] {logging_mixin.py:151} INFO - #False
[2024-01-20T06:27:57.216+0000] {logging_mixin.py:151} INFO - #False
[2024-01-20T06:27:57.216+0000] {logging_mixin.py:151} INFO - #False
[2024-01-20T06:27:57.217+0000] {logging_mixin.py:151} INFO - #False
[2024-01-20T06:27:57.217+0000] {logging_mixin.py:151} INFO - #False
[2024-01-20T06:27:57.217+0000] {logging_mixin.py:151} INFO - #False
[2024-01-20T06:27:57.217+0000] {logging_mixin.py:151} INFO - #False
[2024-01-20T06:27:57.218+0000] {logging_mixin.py:151} INFO - #False
[2024-01-20T06:27:57.218+0000] {logging_mixin.py:151} INFO - #False
[2024-01-20T06:27:57.219+0000] {logging_mixin.py:151} INFO - #False
[2024-01-20T06:27:57.219+0000] {logging_mixin.py:151} INFO - #False
[2024-01-20T06:27:57.219+0000] {logging_mixin.py:151} INFO - #False
[2024-01-20T06:27:57.220+0000] {logging_mixin.py:151} INFO - #False
[2024-01-20T06:27:57.220+0000] {logging_mixin.py:151} INFO - #False
[2024-01-20T06:27:57.220+0000] {python.py:194} INFO - Done. Returned value was: None
[2024-01-20T06:27:57.229+0000] {taskinstance.py:1400} INFO - Marking task as SUCCESS. dag_id=Kafka_Producer_5, task_id=Reddit, execution_date=20240120T062635, start_date=20240120T062752, end_date=20240120T062757
[2024-01-20T06:27:57.281+0000] {local_task_job_runner.py:228} INFO - Task exited with return code 0
[2024-01-20T06:27:57.294+0000] {taskinstance.py:2784} INFO - 0 downstream tasks scheduled from follow-on schedule check
