[2024-01-20T04:14:16.272+0000] {taskinstance.py:1159} INFO - Dependencies all met for dep_context=non-requeueable deps ti=<TaskInstance: Kafka_Producer_5.Reddit scheduled__2024-01-20T04:12:52.998461+00:00 [queued]>
[2024-01-20T04:14:16.277+0000] {taskinstance.py:1159} INFO - Dependencies all met for dep_context=requeueable deps ti=<TaskInstance: Kafka_Producer_5.Reddit scheduled__2024-01-20T04:12:52.998461+00:00 [queued]>
[2024-01-20T04:14:16.278+0000] {taskinstance.py:1361} INFO - Starting attempt 1 of 1
[2024-01-20T04:14:16.289+0000] {taskinstance.py:1382} INFO - Executing <Task(PythonOperator): Reddit> on 2024-01-20 04:12:52.998461+00:00
[2024-01-20T04:14:16.294+0000] {standard_task_runner.py:57} INFO - Started process 3982 to run task
[2024-01-20T04:14:16.296+0000] {standard_task_runner.py:84} INFO - Running: ['***', 'tasks', 'run', 'Kafka_Producer_5', 'Reddit', 'scheduled__2024-01-20T04:12:52.998461+00:00', '--job-id', '52', '--raw', '--subdir', 'DAGS_FOLDER/kafka_stream_5.py', '--cfg-path', '/tmp/tmpxvvjl7vv']
[2024-01-20T04:14:16.297+0000] {standard_task_runner.py:85} INFO - Job 52: Subtask Reddit
[2024-01-20T04:14:16.333+0000] {task_command.py:415} INFO - Running <TaskInstance: Kafka_Producer_5.Reddit scheduled__2024-01-20T04:12:52.998461+00:00 [running]> on host 45c5bfab8aa1
[2024-01-20T04:14:16.393+0000] {taskinstance.py:1660} INFO - Exporting env vars: AIRFLOW_CTX_DAG_OWNER='me' AIRFLOW_CTX_DAG_ID='Kafka_Producer_5' AIRFLOW_CTX_TASK_ID='Reddit' AIRFLOW_CTX_EXECUTION_DATE='2024-01-20T04:12:52.998461+00:00' AIRFLOW_CTX_TRY_NUMBER='1' AIRFLOW_CTX_DAG_RUN_ID='scheduled__2024-01-20T04:12:52.998461+00:00'
[2024-01-20T04:14:16.422+0000] {logging_mixin.py:151} INFO -  submission : 
[2024-01-20T04:14:17.095+0000] {logging_mixin.py:151} INFO - #False
[2024-01-20T04:14:17.095+0000] {logging_mixin.py:151} INFO - #False
[2024-01-20T04:14:17.096+0000] {logging_mixin.py:151} INFO - #False
[2024-01-20T04:14:17.096+0000] {logging_mixin.py:151} INFO - #False
[2024-01-20T04:14:17.096+0000] {logging_mixin.py:151} INFO - #False
[2024-01-20T04:14:17.097+0000] {logging_mixin.py:151} INFO - #False
[2024-01-20T04:14:17.097+0000] {logging_mixin.py:151} INFO - #False
[2024-01-20T04:14:17.097+0000] {logging_mixin.py:151} INFO - #False
[2024-01-20T04:14:17.097+0000] {logging_mixin.py:151} INFO - #False
[2024-01-20T04:14:17.098+0000] {logging_mixin.py:151} INFO - #False
[2024-01-20T04:14:17.098+0000] {logging_mixin.py:151} INFO - #False
[2024-01-20T04:14:17.098+0000] {logging_mixin.py:151} INFO - #False
[2024-01-20T04:14:17.099+0000] {logging_mixin.py:151} INFO - #False
[2024-01-20T04:14:17.099+0000] {logging_mixin.py:151} INFO - #False
[2024-01-20T04:14:17.099+0000] {logging_mixin.py:151} INFO - #False
[2024-01-20T04:14:17.099+0000] {logging_mixin.py:151} INFO - #False
[2024-01-20T04:14:17.100+0000] {logging_mixin.py:151} INFO - #False
[2024-01-20T04:14:17.100+0000] {logging_mixin.py:151} INFO - #False
[2024-01-20T04:14:17.100+0000] {logging_mixin.py:151} INFO - #False
[2024-01-20T04:14:17.100+0000] {logging_mixin.py:151} INFO - #False
[2024-01-20T04:14:17.101+0000] {logging_mixin.py:151} INFO - #False
[2024-01-20T04:14:17.101+0000] {logging_mixin.py:151} INFO - #False
[2024-01-20T04:14:17.101+0000] {logging_mixin.py:151} INFO - #False
[2024-01-20T04:14:17.101+0000] {logging_mixin.py:151} INFO - #False
[2024-01-20T04:14:17.102+0000] {logging_mixin.py:151} INFO - #False
[2024-01-20T04:14:17.102+0000] {logging_mixin.py:151} INFO - #False
[2024-01-20T04:14:17.102+0000] {logging_mixin.py:151} INFO - #False
[2024-01-20T04:14:17.102+0000] {logging_mixin.py:151} INFO - #False
[2024-01-20T04:14:17.102+0000] {logging_mixin.py:151} INFO - #False
[2024-01-20T04:14:17.103+0000] {logging_mixin.py:151} INFO - #False
[2024-01-20T04:14:17.103+0000] {logging_mixin.py:151} INFO -  submission : 
[2024-01-20T04:14:17.584+0000] {logging_mixin.py:151} INFO - #False
[2024-01-20T04:14:17.584+0000] {logging_mixin.py:151} INFO - #False
[2024-01-20T04:14:17.585+0000] {logging_mixin.py:151} INFO - #False
[2024-01-20T04:14:17.585+0000] {logging_mixin.py:151} INFO - #False
[2024-01-20T04:14:17.586+0000] {logging_mixin.py:151} INFO - #False
[2024-01-20T04:14:17.586+0000] {logging_mixin.py:151} INFO - #False
[2024-01-20T04:14:17.587+0000] {logging_mixin.py:151} INFO - #False
[2024-01-20T04:14:17.587+0000] {logging_mixin.py:151} INFO - #False
[2024-01-20T04:14:17.587+0000] {logging_mixin.py:151} INFO - #False
[2024-01-20T04:14:17.588+0000] {logging_mixin.py:151} INFO - #False
[2024-01-20T04:14:17.588+0000] {logging_mixin.py:151} INFO - #False
[2024-01-20T04:14:17.588+0000] {logging_mixin.py:151} INFO - #False
[2024-01-20T04:14:17.588+0000] {logging_mixin.py:151} INFO - #False
[2024-01-20T04:14:17.589+0000] {logging_mixin.py:151} INFO - #False
[2024-01-20T04:14:17.589+0000] {logging_mixin.py:151} INFO - #False
[2024-01-20T04:14:17.589+0000] {logging_mixin.py:151} INFO - #False
[2024-01-20T04:14:17.590+0000] {logging_mixin.py:151} INFO - #False
[2024-01-20T04:14:17.590+0000] {logging_mixin.py:151} INFO - #False
[2024-01-20T04:14:17.593+0000] {logging_mixin.py:151} INFO - #False
[2024-01-20T04:14:17.593+0000] {logging_mixin.py:151} INFO - #False
[2024-01-20T04:14:17.594+0000] {logging_mixin.py:151} INFO - #False
[2024-01-20T04:14:17.594+0000] {logging_mixin.py:151} INFO - #False
[2024-01-20T04:14:17.594+0000] {logging_mixin.py:151} INFO - #False
[2024-01-20T04:14:17.594+0000] {logging_mixin.py:151} INFO - #False
[2024-01-20T04:14:17.595+0000] {logging_mixin.py:151} INFO - #False
[2024-01-20T04:14:17.595+0000] {logging_mixin.py:151} INFO - #False
[2024-01-20T04:14:17.595+0000] {logging_mixin.py:151} INFO - #False
[2024-01-20T04:14:17.595+0000] {logging_mixin.py:151} INFO - #False
[2024-01-20T04:14:17.596+0000] {logging_mixin.py:151} INFO - #False
[2024-01-20T04:14:17.596+0000] {logging_mixin.py:151} INFO - #False
[2024-01-20T04:14:17.596+0000] {logging_mixin.py:151} INFO -  submission : 
[2024-01-20T04:14:18.126+0000] {logging_mixin.py:151} INFO - #False
[2024-01-20T04:14:18.127+0000] {logging_mixin.py:151} INFO - #False
[2024-01-20T04:14:18.127+0000] {logging_mixin.py:151} INFO - #False
[2024-01-20T04:14:18.128+0000] {logging_mixin.py:151} INFO - #False
[2024-01-20T04:14:18.128+0000] {logging_mixin.py:151} INFO - #False
[2024-01-20T04:14:18.128+0000] {logging_mixin.py:151} INFO - #False
[2024-01-20T04:14:18.128+0000] {logging_mixin.py:151} INFO - #False
[2024-01-20T04:14:18.129+0000] {logging_mixin.py:151} INFO - #False
[2024-01-20T04:14:18.129+0000] {logging_mixin.py:151} INFO - #False
[2024-01-20T04:14:18.129+0000] {logging_mixin.py:151} INFO - #False
[2024-01-20T04:14:18.129+0000] {logging_mixin.py:151} INFO - #False
[2024-01-20T04:14:18.130+0000] {logging_mixin.py:151} INFO - #False
[2024-01-20T04:14:18.130+0000] {logging_mixin.py:151} INFO - #False
[2024-01-20T04:14:18.130+0000] {logging_mixin.py:151} INFO - #False
[2024-01-20T04:14:18.130+0000] {logging_mixin.py:151} INFO - #False
[2024-01-20T04:14:18.130+0000] {logging_mixin.py:151} INFO - #False
[2024-01-20T04:14:18.131+0000] {logging_mixin.py:151} INFO - #False
[2024-01-20T04:14:18.131+0000] {logging_mixin.py:151} INFO - #False
[2024-01-20T04:14:18.132+0000] {logging_mixin.py:151} INFO - #False
[2024-01-20T04:14:18.132+0000] {logging_mixin.py:151} INFO - #False
[2024-01-20T04:14:18.132+0000] {logging_mixin.py:151} INFO - #False
[2024-01-20T04:14:18.132+0000] {logging_mixin.py:151} INFO - #False
[2024-01-20T04:14:18.133+0000] {logging_mixin.py:151} INFO - #False
[2024-01-20T04:14:18.133+0000] {logging_mixin.py:151} INFO - #False
[2024-01-20T04:14:18.133+0000] {logging_mixin.py:151} INFO - #False
[2024-01-20T04:14:18.133+0000] {logging_mixin.py:151} INFO - #False
[2024-01-20T04:14:18.133+0000] {logging_mixin.py:151} INFO - #False
[2024-01-20T04:14:18.134+0000] {logging_mixin.py:151} INFO - #False
[2024-01-20T04:14:18.134+0000] {logging_mixin.py:151} INFO - #False
[2024-01-20T04:14:18.134+0000] {logging_mixin.py:151} INFO - #False
[2024-01-20T04:14:18.134+0000] {logging_mixin.py:151} INFO -  submission : 
[2024-01-20T04:14:18.473+0000] {logging_mixin.py:151} INFO - #False
[2024-01-20T04:14:18.474+0000] {logging_mixin.py:151} INFO - #False
[2024-01-20T04:14:18.474+0000] {logging_mixin.py:151} INFO - #False
[2024-01-20T04:14:18.475+0000] {logging_mixin.py:151} INFO - #False
[2024-01-20T04:14:18.475+0000] {logging_mixin.py:151} INFO - #False
[2024-01-20T04:14:18.475+0000] {logging_mixin.py:151} INFO - #False
[2024-01-20T04:14:18.475+0000] {logging_mixin.py:151} INFO - #False
[2024-01-20T04:14:18.476+0000] {logging_mixin.py:151} INFO - #False
[2024-01-20T04:14:18.476+0000] {logging_mixin.py:151} INFO - #False
[2024-01-20T04:14:18.476+0000] {logging_mixin.py:151} INFO - #False
[2024-01-20T04:14:18.477+0000] {logging_mixin.py:151} INFO - #False
[2024-01-20T04:14:18.477+0000] {logging_mixin.py:151} INFO - #False
[2024-01-20T04:14:18.477+0000] {logging_mixin.py:151} INFO - #False
[2024-01-20T04:14:18.478+0000] {logging_mixin.py:151} INFO - #False
[2024-01-20T04:14:18.478+0000] {logging_mixin.py:151} INFO - #False
[2024-01-20T04:14:18.478+0000] {logging_mixin.py:151} INFO - #False
[2024-01-20T04:14:18.478+0000] {logging_mixin.py:151} INFO - #False
[2024-01-20T04:14:18.479+0000] {logging_mixin.py:151} INFO - #False
[2024-01-20T04:14:18.479+0000] {logging_mixin.py:151} INFO - #False
[2024-01-20T04:14:18.479+0000] {logging_mixin.py:151} INFO - #False
[2024-01-20T04:14:18.479+0000] {logging_mixin.py:151} INFO - #False
[2024-01-20T04:14:18.480+0000] {logging_mixin.py:151} INFO - #False
[2024-01-20T04:14:18.480+0000] {logging_mixin.py:151} INFO - #False
[2024-01-20T04:14:18.480+0000] {logging_mixin.py:151} INFO - #False
[2024-01-20T04:14:18.481+0000] {logging_mixin.py:151} INFO - #False
[2024-01-20T04:14:18.481+0000] {logging_mixin.py:151} INFO - #False
[2024-01-20T04:14:18.482+0000] {logging_mixin.py:151} INFO - #False
[2024-01-20T04:14:18.482+0000] {logging_mixin.py:151} INFO - #False
[2024-01-20T04:14:18.482+0000] {logging_mixin.py:151} INFO - #False
[2024-01-20T04:14:18.482+0000] {logging_mixin.py:151} INFO - #False
[2024-01-20T04:14:18.483+0000] {logging_mixin.py:151} INFO -  submission : 
[2024-01-20T04:14:19.185+0000] {logging_mixin.py:151} INFO - #False
[2024-01-20T04:14:19.185+0000] {logging_mixin.py:151} INFO - #False
[2024-01-20T04:14:19.185+0000] {logging_mixin.py:151} INFO - #False
[2024-01-20T04:14:19.186+0000] {logging_mixin.py:151} INFO - #False
[2024-01-20T04:14:19.186+0000] {logging_mixin.py:151} INFO - #False
[2024-01-20T04:14:19.186+0000] {logging_mixin.py:151} INFO - #False
[2024-01-20T04:14:19.187+0000] {logging_mixin.py:151} INFO - #False
[2024-01-20T04:14:19.187+0000] {logging_mixin.py:151} INFO - #False
[2024-01-20T04:14:19.187+0000] {logging_mixin.py:151} INFO - #False
[2024-01-20T04:14:19.188+0000] {logging_mixin.py:151} INFO - #False
[2024-01-20T04:14:19.188+0000] {logging_mixin.py:151} INFO - #False
[2024-01-20T04:14:19.188+0000] {logging_mixin.py:151} INFO - #False
[2024-01-20T04:14:19.188+0000] {logging_mixin.py:151} INFO - #False
[2024-01-20T04:14:19.189+0000] {logging_mixin.py:151} INFO - #False
[2024-01-20T04:14:19.189+0000] {logging_mixin.py:151} INFO - #False
[2024-01-20T04:14:19.189+0000] {logging_mixin.py:151} INFO - #False
[2024-01-20T04:14:19.190+0000] {logging_mixin.py:151} INFO - #False
[2024-01-20T04:14:19.190+0000] {logging_mixin.py:151} INFO - #False
[2024-01-20T04:14:19.190+0000] {logging_mixin.py:151} INFO - #False
[2024-01-20T04:14:19.190+0000] {logging_mixin.py:151} INFO - #False
[2024-01-20T04:14:19.191+0000] {logging_mixin.py:151} INFO - #False
[2024-01-20T04:14:19.191+0000] {logging_mixin.py:151} INFO - #False
[2024-01-20T04:14:19.191+0000] {logging_mixin.py:151} INFO - #False
[2024-01-20T04:14:19.191+0000] {logging_mixin.py:151} INFO - #False
[2024-01-20T04:14:19.192+0000] {logging_mixin.py:151} INFO - #False
[2024-01-20T04:14:19.192+0000] {logging_mixin.py:151} INFO - #False
[2024-01-20T04:14:19.192+0000] {logging_mixin.py:151} INFO - #False
[2024-01-20T04:14:19.192+0000] {logging_mixin.py:151} INFO - #False
[2024-01-20T04:14:19.193+0000] {logging_mixin.py:151} INFO - #False
[2024-01-20T04:14:19.193+0000] {logging_mixin.py:151} INFO - #False
[2024-01-20T04:14:19.193+0000] {logging_mixin.py:151} INFO -  submission : 
[2024-01-20T04:14:19.624+0000] {logging_mixin.py:151} INFO - #False
[2024-01-20T04:14:19.625+0000] {logging_mixin.py:151} INFO - #False
[2024-01-20T04:14:19.625+0000] {logging_mixin.py:151} INFO - #False
[2024-01-20T04:14:19.625+0000] {logging_mixin.py:151} INFO - #False
[2024-01-20T04:14:19.625+0000] {logging_mixin.py:151} INFO - #False
[2024-01-20T04:14:19.626+0000] {logging_mixin.py:151} INFO - #False
[2024-01-20T04:14:19.626+0000] {logging_mixin.py:151} INFO - #False
[2024-01-20T04:14:19.626+0000] {logging_mixin.py:151} INFO - #False
[2024-01-20T04:14:19.626+0000] {logging_mixin.py:151} INFO - #False
[2024-01-20T04:14:19.627+0000] {logging_mixin.py:151} INFO - #False
[2024-01-20T04:14:19.627+0000] {logging_mixin.py:151} INFO - #False
[2024-01-20T04:14:19.627+0000] {logging_mixin.py:151} INFO - #False
[2024-01-20T04:14:19.627+0000] {logging_mixin.py:151} INFO - #False
[2024-01-20T04:14:19.628+0000] {logging_mixin.py:151} INFO - #False
[2024-01-20T04:14:19.628+0000] {logging_mixin.py:151} INFO - #False
[2024-01-20T04:14:19.628+0000] {logging_mixin.py:151} INFO - #False
[2024-01-20T04:14:19.628+0000] {logging_mixin.py:151} INFO - #False
[2024-01-20T04:14:19.629+0000] {logging_mixin.py:151} INFO - #False
[2024-01-20T04:14:19.630+0000] {logging_mixin.py:151} INFO - #False
[2024-01-20T04:14:19.631+0000] {logging_mixin.py:151} INFO - #False
[2024-01-20T04:14:19.631+0000] {logging_mixin.py:151} INFO - #False
[2024-01-20T04:14:19.631+0000] {logging_mixin.py:151} INFO - #False
[2024-01-20T04:14:19.632+0000] {logging_mixin.py:151} INFO - #False
[2024-01-20T04:14:19.632+0000] {logging_mixin.py:151} INFO - #False
[2024-01-20T04:14:19.632+0000] {logging_mixin.py:151} INFO - #False
[2024-01-20T04:14:19.632+0000] {logging_mixin.py:151} INFO - #False
[2024-01-20T04:14:19.633+0000] {logging_mixin.py:151} INFO - #False
[2024-01-20T04:14:19.633+0000] {logging_mixin.py:151} INFO - #False
[2024-01-20T04:14:19.633+0000] {logging_mixin.py:151} INFO - #False
[2024-01-20T04:14:19.633+0000] {logging_mixin.py:151} INFO - #False
[2024-01-20T04:14:19.633+0000] {logging_mixin.py:151} INFO -  submission : 
[2024-01-20T04:14:20.273+0000] {logging_mixin.py:151} INFO - #False
[2024-01-20T04:14:20.273+0000] {logging_mixin.py:151} INFO - #False
[2024-01-20T04:14:20.273+0000] {logging_mixin.py:151} INFO - #False
[2024-01-20T04:14:20.274+0000] {logging_mixin.py:151} INFO - #False
[2024-01-20T04:14:20.274+0000] {logging_mixin.py:151} INFO - #False
[2024-01-20T04:14:20.274+0000] {logging_mixin.py:151} INFO - #False
[2024-01-20T04:14:20.274+0000] {logging_mixin.py:151} INFO - #False
[2024-01-20T04:14:20.275+0000] {logging_mixin.py:151} INFO - #False
[2024-01-20T04:14:20.275+0000] {logging_mixin.py:151} INFO - #False
[2024-01-20T04:14:20.275+0000] {logging_mixin.py:151} INFO - #False
[2024-01-20T04:14:20.275+0000] {logging_mixin.py:151} INFO - #False
[2024-01-20T04:14:20.276+0000] {logging_mixin.py:151} INFO - #False
[2024-01-20T04:14:20.276+0000] {logging_mixin.py:151} INFO - #False
[2024-01-20T04:14:20.276+0000] {logging_mixin.py:151} INFO - #False
[2024-01-20T04:14:20.276+0000] {logging_mixin.py:151} INFO - #False
[2024-01-20T04:14:20.277+0000] {logging_mixin.py:151} INFO - #False
[2024-01-20T04:14:20.277+0000] {logging_mixin.py:151} INFO - #False
[2024-01-20T04:14:20.277+0000] {logging_mixin.py:151} INFO - #False
[2024-01-20T04:14:20.277+0000] {logging_mixin.py:151} INFO - #False
[2024-01-20T04:14:20.278+0000] {logging_mixin.py:151} INFO - #False
[2024-01-20T04:14:20.278+0000] {logging_mixin.py:151} INFO - #False
[2024-01-20T04:14:20.278+0000] {logging_mixin.py:151} INFO - #False
[2024-01-20T04:14:20.278+0000] {logging_mixin.py:151} INFO - #False
[2024-01-20T04:14:20.278+0000] {logging_mixin.py:151} INFO - #False
[2024-01-20T04:14:20.279+0000] {logging_mixin.py:151} INFO - #False
[2024-01-20T04:14:20.279+0000] {logging_mixin.py:151} INFO - #False
[2024-01-20T04:14:20.279+0000] {logging_mixin.py:151} INFO - #False
[2024-01-20T04:14:20.279+0000] {logging_mixin.py:151} INFO - #False
[2024-01-20T04:14:20.279+0000] {logging_mixin.py:151} INFO - #False
[2024-01-20T04:14:20.280+0000] {logging_mixin.py:151} INFO - #False
[2024-01-20T04:14:20.280+0000] {logging_mixin.py:151} INFO -  submission : 
[2024-01-20T04:14:20.721+0000] {logging_mixin.py:151} INFO - #False
[2024-01-20T04:14:20.722+0000] {logging_mixin.py:151} INFO - #False
[2024-01-20T04:14:20.722+0000] {logging_mixin.py:151} INFO - #False
[2024-01-20T04:14:20.722+0000] {logging_mixin.py:151} INFO - #False
[2024-01-20T04:14:20.722+0000] {logging_mixin.py:151} INFO - #False
[2024-01-20T04:14:20.723+0000] {logging_mixin.py:151} INFO - #False
[2024-01-20T04:14:20.723+0000] {logging_mixin.py:151} INFO - #False
[2024-01-20T04:14:20.723+0000] {logging_mixin.py:151} INFO - #False
[2024-01-20T04:14:20.724+0000] {logging_mixin.py:151} INFO - #False
[2024-01-20T04:14:20.724+0000] {logging_mixin.py:151} INFO - #False
[2024-01-20T04:14:20.724+0000] {logging_mixin.py:151} INFO - #False
[2024-01-20T04:14:20.724+0000] {logging_mixin.py:151} INFO - #False
[2024-01-20T04:14:20.725+0000] {logging_mixin.py:151} INFO - #False
[2024-01-20T04:14:20.725+0000] {logging_mixin.py:151} INFO - #False
[2024-01-20T04:14:20.725+0000] {logging_mixin.py:151} INFO - #False
[2024-01-20T04:14:20.726+0000] {logging_mixin.py:151} INFO - #False
[2024-01-20T04:14:20.726+0000] {logging_mixin.py:151} INFO - #False
[2024-01-20T04:14:20.726+0000] {logging_mixin.py:151} INFO - #False
[2024-01-20T04:14:20.726+0000] {logging_mixin.py:151} INFO - #False
[2024-01-20T04:14:20.727+0000] {logging_mixin.py:151} INFO - #False
[2024-01-20T04:14:20.727+0000] {logging_mixin.py:151} INFO - #False
[2024-01-20T04:14:20.727+0000] {logging_mixin.py:151} INFO - #False
[2024-01-20T04:14:20.727+0000] {logging_mixin.py:151} INFO - #False
[2024-01-20T04:14:20.728+0000] {logging_mixin.py:151} INFO - #False
[2024-01-20T04:14:20.728+0000] {logging_mixin.py:151} INFO - #False
[2024-01-20T04:14:20.728+0000] {logging_mixin.py:151} INFO - #False
[2024-01-20T04:14:20.728+0000] {logging_mixin.py:151} INFO - #False
[2024-01-20T04:14:20.729+0000] {logging_mixin.py:151} INFO - #False
[2024-01-20T04:14:20.729+0000] {logging_mixin.py:151} INFO - #False
[2024-01-20T04:14:20.729+0000] {logging_mixin.py:151} INFO - #False
[2024-01-20T04:14:20.729+0000] {python.py:194} INFO - Done. Returned value was: None
[2024-01-20T04:14:20.736+0000] {taskinstance.py:1400} INFO - Marking task as SUCCESS. dag_id=Kafka_Producer_5, task_id=Reddit, execution_date=20240120T041252, start_date=20240120T041416, end_date=20240120T041420
[2024-01-20T04:14:20.760+0000] {local_task_job_runner.py:228} INFO - Task exited with return code 0
[2024-01-20T04:14:20.773+0000] {taskinstance.py:2784} INFO - 0 downstream tasks scheduled from follow-on schedule check
