[2024-01-17T05:06:29.567+0000] {taskinstance.py:1159} INFO - Dependencies all met for dep_context=non-requeueable deps ti=<TaskInstance: Stream_Data_5.Reddit scheduled__2024-01-17T05:05:15.989426+00:00 [queued]>
[2024-01-17T05:06:29.579+0000] {taskinstance.py:1159} INFO - Dependencies all met for dep_context=requeueable deps ti=<TaskInstance: Stream_Data_5.Reddit scheduled__2024-01-17T05:05:15.989426+00:00 [queued]>
[2024-01-17T05:06:29.580+0000] {taskinstance.py:1361} INFO - Starting attempt 1 of 1
[2024-01-17T05:06:29.599+0000] {taskinstance.py:1382} INFO - Executing <Task(PythonOperator): Reddit> on 2024-01-17 05:05:15.989426+00:00
[2024-01-17T05:06:29.605+0000] {standard_task_runner.py:57} INFO - Started process 28981 to run task
[2024-01-17T05:06:29.609+0000] {standard_task_runner.py:84} INFO - Running: ['***', 'tasks', 'run', 'Stream_Data_5', 'Reddit', 'scheduled__2024-01-17T05:05:15.989426+00:00', '--job-id', '325', '--raw', '--subdir', 'DAGS_FOLDER/kafka_stream_5.py', '--cfg-path', '/tmp/tmpa8kpleua']
[2024-01-17T05:06:29.611+0000] {standard_task_runner.py:85} INFO - Job 325: Subtask Reddit
[2024-01-17T05:06:29.683+0000] {task_command.py:415} INFO - Running <TaskInstance: Stream_Data_5.Reddit scheduled__2024-01-17T05:05:15.989426+00:00 [running]> on host 614a419ad930
[2024-01-17T05:06:29.814+0000] {taskinstance.py:1660} INFO - Exporting env vars: AIRFLOW_CTX_DAG_OWNER='me' AIRFLOW_CTX_DAG_ID='Stream_Data_5' AIRFLOW_CTX_TASK_ID='Reddit' AIRFLOW_CTX_EXECUTION_DATE='2024-01-17T05:05:15.989426+00:00' AIRFLOW_CTX_TRY_NUMBER='1' AIRFLOW_CTX_DAG_RUN_ID='scheduled__2024-01-17T05:05:15.989426+00:00'
[2024-01-17T05:06:29.859+0000] {logging_mixin.py:151} INFO -  submission : 
[2024-01-17T05:06:30.786+0000] {logging_mixin.py:151} INFO - @True
[2024-01-17T05:06:30.788+0000] {conn.py:380} INFO - <BrokerConnection node_id=bootstrap-0 host=broker:29092 <connecting> [IPv4 ('192.168.224.8', 29092)]>: connecting to broker:29092 [('192.168.224.8', 29092) IPv4]
[2024-01-17T05:06:30.788+0000] {conn.py:1205} INFO - Probing node bootstrap-0 broker version
[2024-01-17T05:06:30.789+0000] {conn.py:410} INFO - <BrokerConnection node_id=bootstrap-0 host=broker:29092 <connecting> [IPv4 ('192.168.224.8', 29092)]>: Connection complete.
[2024-01-17T05:06:30.893+0000] {conn.py:1267} INFO - Broker version identified as 2.5.0
[2024-01-17T05:06:30.893+0000] {conn.py:1268} INFO - Set configuration api_version=(2, 5, 0) to skip auto check_version requests on startup
[2024-01-17T05:06:30.899+0000] {logging_mixin.py:151} INFO - #False
[2024-01-17T05:06:30.899+0000] {logging_mixin.py:151} INFO - #False
[2024-01-17T05:06:30.900+0000] {logging_mixin.py:151} INFO - #False
[2024-01-17T05:06:30.900+0000] {logging_mixin.py:151} INFO - #False
[2024-01-17T05:06:30.900+0000] {logging_mixin.py:151} INFO - #False
[2024-01-17T05:06:30.900+0000] {logging_mixin.py:151} INFO - #False
[2024-01-17T05:06:30.900+0000] {logging_mixin.py:151} INFO - #False
[2024-01-17T05:06:30.900+0000] {logging_mixin.py:151} INFO - #False
[2024-01-17T05:06:30.900+0000] {logging_mixin.py:151} INFO - #False
[2024-01-17T05:06:30.901+0000] {logging_mixin.py:151} INFO - #False
[2024-01-17T05:06:30.901+0000] {logging_mixin.py:151} INFO - #False
[2024-01-17T05:06:30.901+0000] {logging_mixin.py:151} INFO - #False
[2024-01-17T05:06:30.901+0000] {logging_mixin.py:151} INFO - #False
[2024-01-17T05:06:30.901+0000] {conn.py:380} INFO - <BrokerConnection node_id=1 host=broker:29092 <connecting> [IPv4 ('192.168.224.8', 29092)]>: connecting to broker:29092 [('192.168.224.8', 29092) IPv4]
[2024-01-17T05:06:30.901+0000] {logging_mixin.py:151} INFO - #False
[2024-01-17T05:06:30.902+0000] {logging_mixin.py:151} INFO - #False
[2024-01-17T05:06:30.902+0000] {logging_mixin.py:151} INFO - #False
[2024-01-17T05:06:30.902+0000] {logging_mixin.py:151} INFO - #False
[2024-01-17T05:06:30.902+0000] {logging_mixin.py:151} INFO - #False
[2024-01-17T05:06:30.902+0000] {logging_mixin.py:151} INFO - #False
[2024-01-17T05:06:30.902+0000] {logging_mixin.py:151} INFO - #False
[2024-01-17T05:06:30.902+0000] {logging_mixin.py:151} INFO - #False
[2024-01-17T05:06:30.903+0000] {conn.py:410} INFO - <BrokerConnection node_id=1 host=broker:29092 <connecting> [IPv4 ('192.168.224.8', 29092)]>: Connection complete.
[2024-01-17T05:06:30.903+0000] {logging_mixin.py:151} INFO - #False
[2024-01-17T05:06:30.903+0000] {conn.py:919} INFO - <BrokerConnection node_id=bootstrap-0 host=broker:29092 <connected> [IPv4 ('192.168.224.8', 29092)]>: Closing connection. 
[2024-01-17T05:06:30.903+0000] {logging_mixin.py:151} INFO - #False
[2024-01-17T05:06:30.904+0000] {logging_mixin.py:151} INFO - #False
[2024-01-17T05:06:30.904+0000] {logging_mixin.py:151} INFO - #False
[2024-01-17T05:06:30.904+0000] {logging_mixin.py:151} INFO - #False
[2024-01-17T05:06:30.904+0000] {logging_mixin.py:151} INFO - #False
[2024-01-17T05:06:30.904+0000] {logging_mixin.py:151} INFO - #False
[2024-01-17T05:06:30.904+0000] {logging_mixin.py:151} INFO - #False
[2024-01-17T05:06:30.904+0000] {logging_mixin.py:151} INFO -  submission : 
[2024-01-17T05:06:31.556+0000] {logging_mixin.py:151} INFO - #False
[2024-01-17T05:06:31.557+0000] {logging_mixin.py:151} INFO - #False
[2024-01-17T05:06:31.558+0000] {logging_mixin.py:151} INFO - #False
[2024-01-17T05:06:31.558+0000] {logging_mixin.py:151} INFO - #False
[2024-01-17T05:06:31.558+0000] {logging_mixin.py:151} INFO - #False
[2024-01-17T05:06:31.558+0000] {logging_mixin.py:151} INFO - #False
[2024-01-17T05:06:31.558+0000] {logging_mixin.py:151} INFO - #False
[2024-01-17T05:06:31.558+0000] {logging_mixin.py:151} INFO - #False
[2024-01-17T05:06:31.558+0000] {logging_mixin.py:151} INFO - #False
[2024-01-17T05:06:31.558+0000] {logging_mixin.py:151} INFO - #False
[2024-01-17T05:06:31.558+0000] {logging_mixin.py:151} INFO - #False
[2024-01-17T05:06:31.558+0000] {logging_mixin.py:151} INFO - #False
[2024-01-17T05:06:31.558+0000] {logging_mixin.py:151} INFO - #False
[2024-01-17T05:06:31.558+0000] {logging_mixin.py:151} INFO - #False
[2024-01-17T05:06:31.558+0000] {logging_mixin.py:151} INFO - #False
[2024-01-17T05:06:31.558+0000] {logging_mixin.py:151} INFO - #False
[2024-01-17T05:06:31.558+0000] {logging_mixin.py:151} INFO - #False
[2024-01-17T05:06:31.559+0000] {logging_mixin.py:151} INFO - #False
[2024-01-17T05:06:31.559+0000] {logging_mixin.py:151} INFO - #False
[2024-01-17T05:06:31.559+0000] {logging_mixin.py:151} INFO - #False
[2024-01-17T05:06:31.559+0000] {logging_mixin.py:151} INFO - #False
[2024-01-17T05:06:31.559+0000] {logging_mixin.py:151} INFO - #False
[2024-01-17T05:06:31.559+0000] {logging_mixin.py:151} INFO - #False
[2024-01-17T05:06:31.559+0000] {logging_mixin.py:151} INFO - #False
[2024-01-17T05:06:31.559+0000] {logging_mixin.py:151} INFO - #False
[2024-01-17T05:06:31.559+0000] {logging_mixin.py:151} INFO - #False
[2024-01-17T05:06:31.559+0000] {logging_mixin.py:151} INFO - #False
[2024-01-17T05:06:31.559+0000] {logging_mixin.py:151} INFO - #False
[2024-01-17T05:06:31.559+0000] {logging_mixin.py:151} INFO - #False
[2024-01-17T05:06:31.559+0000] {logging_mixin.py:151} INFO - #False
[2024-01-17T05:06:31.560+0000] {logging_mixin.py:151} INFO -  submission : 
[2024-01-17T05:06:32.251+0000] {logging_mixin.py:151} INFO - @True
[2024-01-17T05:06:32.254+0000] {conn.py:380} INFO - <BrokerConnection node_id=bootstrap-0 host=broker:29092 <connecting> [IPv4 ('192.168.224.8', 29092)]>: connecting to broker:29092 [('192.168.224.8', 29092) IPv4]
[2024-01-17T05:06:32.255+0000] {conn.py:1205} INFO - Probing node bootstrap-0 broker version
[2024-01-17T05:06:32.257+0000] {conn.py:410} INFO - <BrokerConnection node_id=bootstrap-0 host=broker:29092 <connecting> [IPv4 ('192.168.224.8', 29092)]>: Connection complete.
[2024-01-17T05:06:32.363+0000] {conn.py:1267} INFO - Broker version identified as 2.5.0
[2024-01-17T05:06:32.363+0000] {conn.py:1268} INFO - Set configuration api_version=(2, 5, 0) to skip auto check_version requests on startup
[2024-01-17T05:06:32.493+0000] {conn.py:919} INFO - <BrokerConnection node_id=1 host=broker:29092 <connected> [IPv4 ('192.168.224.8', 29092)]>: Closing connection. 
[2024-01-17T05:06:32.501+0000] {logging_mixin.py:151} INFO - #False
[2024-01-17T05:06:32.502+0000] {logging_mixin.py:151} INFO - #False
[2024-01-17T05:06:32.502+0000] {logging_mixin.py:151} INFO - #False
[2024-01-17T05:06:32.502+0000] {logging_mixin.py:151} INFO - #False
[2024-01-17T05:06:32.502+0000] {logging_mixin.py:151} INFO - #False
[2024-01-17T05:06:32.503+0000] {logging_mixin.py:151} INFO - #False
[2024-01-17T05:06:32.503+0000] {logging_mixin.py:151} INFO - #False
[2024-01-17T05:06:32.503+0000] {logging_mixin.py:151} INFO - #False
[2024-01-17T05:06:32.503+0000] {logging_mixin.py:151} INFO - #False
[2024-01-17T05:06:32.504+0000] {logging_mixin.py:151} INFO - #False
[2024-01-17T05:06:32.504+0000] {logging_mixin.py:151} INFO - #False
[2024-01-17T05:06:32.504+0000] {logging_mixin.py:151} INFO - #False
[2024-01-17T05:06:32.504+0000] {logging_mixin.py:151} INFO - #False
[2024-01-17T05:06:32.505+0000] {logging_mixin.py:151} INFO - #False
[2024-01-17T05:06:32.505+0000] {logging_mixin.py:151} INFO - #False
[2024-01-17T05:06:32.505+0000] {logging_mixin.py:151} INFO - #False
[2024-01-17T05:06:32.506+0000] {logging_mixin.py:151} INFO - #False
[2024-01-17T05:06:32.507+0000] {logging_mixin.py:151} INFO - #False
[2024-01-17T05:06:32.507+0000] {conn.py:380} INFO - <BrokerConnection node_id=1 host=broker:29092 <connecting> [IPv4 ('192.168.224.8', 29092)]>: connecting to broker:29092 [('192.168.224.8', 29092) IPv4]
[2024-01-17T05:06:32.507+0000] {logging_mixin.py:151} INFO - #False
[2024-01-17T05:06:32.508+0000] {logging_mixin.py:151} INFO - #False
[2024-01-17T05:06:32.508+0000] {conn.py:410} INFO - <BrokerConnection node_id=1 host=broker:29092 <connecting> [IPv4 ('192.168.224.8', 29092)]>: Connection complete.
[2024-01-17T05:06:32.509+0000] {conn.py:919} INFO - <BrokerConnection node_id=bootstrap-0 host=broker:29092 <connected> [IPv4 ('192.168.224.8', 29092)]>: Closing connection. 
[2024-01-17T05:06:32.509+0000] {logging_mixin.py:151} INFO - #False
[2024-01-17T05:06:32.511+0000] {logging_mixin.py:151} INFO - #False
[2024-01-17T05:06:32.512+0000] {logging_mixin.py:151} INFO - #False
[2024-01-17T05:06:32.513+0000] {logging_mixin.py:151} INFO - #False
[2024-01-17T05:06:32.513+0000] {logging_mixin.py:151} INFO - #False
[2024-01-17T05:06:32.513+0000] {logging_mixin.py:151} INFO - #False
[2024-01-17T05:06:32.513+0000] {logging_mixin.py:151} INFO - #False
[2024-01-17T05:06:32.513+0000] {logging_mixin.py:151} INFO - #False
[2024-01-17T05:06:32.513+0000] {logging_mixin.py:151} INFO - #False
[2024-01-17T05:06:32.514+0000] {logging_mixin.py:151} INFO -  submission : 
[2024-01-17T05:06:33.063+0000] {logging_mixin.py:151} INFO - #False
[2024-01-17T05:06:33.063+0000] {logging_mixin.py:151} INFO - #False
[2024-01-17T05:06:33.063+0000] {logging_mixin.py:151} INFO - #False
[2024-01-17T05:06:33.063+0000] {logging_mixin.py:151} INFO - #False
[2024-01-17T05:06:33.063+0000] {logging_mixin.py:151} INFO - #False
[2024-01-17T05:06:33.063+0000] {logging_mixin.py:151} INFO - #False
[2024-01-17T05:06:33.064+0000] {logging_mixin.py:151} INFO - #False
[2024-01-17T05:06:33.064+0000] {logging_mixin.py:151} INFO - #False
[2024-01-17T05:06:33.064+0000] {logging_mixin.py:151} INFO - #False
[2024-01-17T05:06:33.064+0000] {logging_mixin.py:151} INFO - #False
[2024-01-17T05:06:33.064+0000] {logging_mixin.py:151} INFO - #False
[2024-01-17T05:06:33.064+0000] {logging_mixin.py:151} INFO - #False
[2024-01-17T05:06:33.064+0000] {logging_mixin.py:151} INFO - #False
[2024-01-17T05:06:33.064+0000] {logging_mixin.py:151} INFO - #False
[2024-01-17T05:06:33.064+0000] {logging_mixin.py:151} INFO - #False
[2024-01-17T05:06:33.064+0000] {logging_mixin.py:151} INFO - #False
[2024-01-17T05:06:33.064+0000] {logging_mixin.py:151} INFO - #False
[2024-01-17T05:06:33.064+0000] {logging_mixin.py:151} INFO - #False
[2024-01-17T05:06:33.064+0000] {logging_mixin.py:151} INFO - #False
[2024-01-17T05:06:33.065+0000] {logging_mixin.py:151} INFO - #False
[2024-01-17T05:06:33.065+0000] {logging_mixin.py:151} INFO - #False
[2024-01-17T05:06:33.065+0000] {logging_mixin.py:151} INFO - #False
[2024-01-17T05:06:33.065+0000] {logging_mixin.py:151} INFO - #False
[2024-01-17T05:06:33.065+0000] {logging_mixin.py:151} INFO - #False
[2024-01-17T05:06:33.065+0000] {logging_mixin.py:151} INFO - #False
[2024-01-17T05:06:33.065+0000] {logging_mixin.py:151} INFO - #False
[2024-01-17T05:06:33.065+0000] {logging_mixin.py:151} INFO - #False
[2024-01-17T05:06:33.065+0000] {logging_mixin.py:151} INFO - #False
[2024-01-17T05:06:33.065+0000] {logging_mixin.py:151} INFO - #False
[2024-01-17T05:06:33.065+0000] {logging_mixin.py:151} INFO - #False
[2024-01-17T05:06:33.066+0000] {logging_mixin.py:151} INFO -  submission : 
[2024-01-17T05:06:33.537+0000] {logging_mixin.py:151} INFO - #False
[2024-01-17T05:06:33.537+0000] {logging_mixin.py:151} INFO - #False
[2024-01-17T05:06:33.537+0000] {logging_mixin.py:151} INFO - #False
[2024-01-17T05:06:33.537+0000] {logging_mixin.py:151} INFO - #False
[2024-01-17T05:06:33.537+0000] {logging_mixin.py:151} INFO - #False
[2024-01-17T05:06:33.537+0000] {logging_mixin.py:151} INFO - #False
[2024-01-17T05:06:33.537+0000] {logging_mixin.py:151} INFO - #False
[2024-01-17T05:06:33.537+0000] {logging_mixin.py:151} INFO - #False
[2024-01-17T05:06:33.538+0000] {logging_mixin.py:151} INFO - #False
[2024-01-17T05:06:33.538+0000] {logging_mixin.py:151} INFO - #False
[2024-01-17T05:06:33.538+0000] {logging_mixin.py:151} INFO - #False
[2024-01-17T05:06:33.538+0000] {logging_mixin.py:151} INFO - #False
[2024-01-17T05:06:33.538+0000] {logging_mixin.py:151} INFO - #False
[2024-01-17T05:06:33.538+0000] {logging_mixin.py:151} INFO - #False
[2024-01-17T05:06:33.538+0000] {logging_mixin.py:151} INFO - #False
[2024-01-17T05:06:33.538+0000] {logging_mixin.py:151} INFO - #False
[2024-01-17T05:06:33.538+0000] {logging_mixin.py:151} INFO - #False
[2024-01-17T05:06:33.538+0000] {logging_mixin.py:151} INFO - #False
[2024-01-17T05:06:33.538+0000] {logging_mixin.py:151} INFO - #False
[2024-01-17T05:06:33.538+0000] {logging_mixin.py:151} INFO - #False
[2024-01-17T05:06:33.538+0000] {logging_mixin.py:151} INFO - #False
[2024-01-17T05:06:33.538+0000] {logging_mixin.py:151} INFO - #False
[2024-01-17T05:06:33.538+0000] {logging_mixin.py:151} INFO - #False
[2024-01-17T05:06:33.538+0000] {logging_mixin.py:151} INFO - #False
[2024-01-17T05:06:33.538+0000] {logging_mixin.py:151} INFO - #False
[2024-01-17T05:06:33.538+0000] {logging_mixin.py:151} INFO - #False
[2024-01-17T05:06:33.538+0000] {logging_mixin.py:151} INFO - #False
[2024-01-17T05:06:33.539+0000] {logging_mixin.py:151} INFO - #False
[2024-01-17T05:06:33.539+0000] {logging_mixin.py:151} INFO - #False
[2024-01-17T05:06:33.539+0000] {logging_mixin.py:151} INFO - #False
[2024-01-17T05:06:33.539+0000] {logging_mixin.py:151} INFO -  submission : 
[2024-01-17T05:06:34.565+0000] {logging_mixin.py:151} INFO - #False
[2024-01-17T05:06:34.565+0000] {logging_mixin.py:151} INFO - #False
[2024-01-17T05:06:34.566+0000] {logging_mixin.py:151} INFO - #False
[2024-01-17T05:06:34.566+0000] {logging_mixin.py:151} INFO - #False
[2024-01-17T05:06:34.566+0000] {logging_mixin.py:151} INFO - #False
[2024-01-17T05:06:34.566+0000] {logging_mixin.py:151} INFO - #False
[2024-01-17T05:06:34.566+0000] {logging_mixin.py:151} INFO - #False
[2024-01-17T05:06:34.566+0000] {logging_mixin.py:151} INFO - #False
[2024-01-17T05:06:34.566+0000] {logging_mixin.py:151} INFO - #False
[2024-01-17T05:06:34.566+0000] {logging_mixin.py:151} INFO - #False
[2024-01-17T05:06:34.566+0000] {logging_mixin.py:151} INFO - #False
[2024-01-17T05:06:34.566+0000] {logging_mixin.py:151} INFO - #False
[2024-01-17T05:06:34.566+0000] {logging_mixin.py:151} INFO - #False
[2024-01-17T05:06:34.566+0000] {logging_mixin.py:151} INFO - #False
[2024-01-17T05:06:34.566+0000] {logging_mixin.py:151} INFO - #False
[2024-01-17T05:06:34.566+0000] {logging_mixin.py:151} INFO - #False
[2024-01-17T05:06:34.566+0000] {logging_mixin.py:151} INFO - #False
[2024-01-17T05:06:34.566+0000] {logging_mixin.py:151} INFO - #False
[2024-01-17T05:06:34.566+0000] {logging_mixin.py:151} INFO - #False
[2024-01-17T05:06:34.566+0000] {logging_mixin.py:151} INFO - #False
[2024-01-17T05:06:34.566+0000] {logging_mixin.py:151} INFO - #False
[2024-01-17T05:06:34.566+0000] {logging_mixin.py:151} INFO - #False
[2024-01-17T05:06:34.567+0000] {logging_mixin.py:151} INFO - #False
[2024-01-17T05:06:34.567+0000] {logging_mixin.py:151} INFO - #False
[2024-01-17T05:06:34.567+0000] {logging_mixin.py:151} INFO - #False
[2024-01-17T05:06:34.567+0000] {logging_mixin.py:151} INFO - #False
[2024-01-17T05:06:34.567+0000] {logging_mixin.py:151} INFO - #False
[2024-01-17T05:06:34.567+0000] {logging_mixin.py:151} INFO - #False
[2024-01-17T05:06:34.567+0000] {logging_mixin.py:151} INFO - #False
[2024-01-17T05:06:34.567+0000] {logging_mixin.py:151} INFO - #False
[2024-01-17T05:06:34.567+0000] {logging_mixin.py:151} INFO -  submission : 
[2024-01-17T05:06:35.136+0000] {logging_mixin.py:151} INFO - #False
[2024-01-17T05:06:35.136+0000] {logging_mixin.py:151} INFO - #False
[2024-01-17T05:06:35.136+0000] {logging_mixin.py:151} INFO - #False
[2024-01-17T05:06:35.136+0000] {logging_mixin.py:151} INFO - #False
[2024-01-17T05:06:35.136+0000] {logging_mixin.py:151} INFO - #False
[2024-01-17T05:06:35.137+0000] {logging_mixin.py:151} INFO - #False
[2024-01-17T05:06:35.137+0000] {logging_mixin.py:151} INFO - #False
[2024-01-17T05:06:35.137+0000] {logging_mixin.py:151} INFO - #False
[2024-01-17T05:06:35.137+0000] {logging_mixin.py:151} INFO - #False
[2024-01-17T05:06:35.137+0000] {logging_mixin.py:151} INFO - #False
[2024-01-17T05:06:35.137+0000] {logging_mixin.py:151} INFO - #False
[2024-01-17T05:06:35.137+0000] {logging_mixin.py:151} INFO - #False
[2024-01-17T05:06:35.137+0000] {logging_mixin.py:151} INFO - #False
[2024-01-17T05:06:35.137+0000] {logging_mixin.py:151} INFO - #False
[2024-01-17T05:06:35.137+0000] {logging_mixin.py:151} INFO - #False
[2024-01-17T05:06:35.137+0000] {logging_mixin.py:151} INFO - #False
[2024-01-17T05:06:35.137+0000] {logging_mixin.py:151} INFO - #False
[2024-01-17T05:06:35.137+0000] {logging_mixin.py:151} INFO - #False
[2024-01-17T05:06:35.137+0000] {logging_mixin.py:151} INFO - #False
[2024-01-17T05:06:35.137+0000] {logging_mixin.py:151} INFO - #False
[2024-01-17T05:06:35.137+0000] {logging_mixin.py:151} INFO - #False
[2024-01-17T05:06:35.137+0000] {logging_mixin.py:151} INFO - #False
[2024-01-17T05:06:35.137+0000] {logging_mixin.py:151} INFO - #False
[2024-01-17T05:06:35.137+0000] {logging_mixin.py:151} INFO - #False
[2024-01-17T05:06:35.138+0000] {logging_mixin.py:151} INFO - #False
[2024-01-17T05:06:35.138+0000] {logging_mixin.py:151} INFO - #False
[2024-01-17T05:06:35.138+0000] {logging_mixin.py:151} INFO - #False
[2024-01-17T05:06:35.138+0000] {logging_mixin.py:151} INFO - #False
[2024-01-17T05:06:35.138+0000] {logging_mixin.py:151} INFO - #False
[2024-01-17T05:06:35.138+0000] {logging_mixin.py:151} INFO - #False
[2024-01-17T05:06:35.138+0000] {logging_mixin.py:151} INFO -  submission : 
[2024-01-17T05:06:35.808+0000] {logging_mixin.py:151} INFO - #False
[2024-01-17T05:06:35.808+0000] {logging_mixin.py:151} INFO - #False
[2024-01-17T05:06:35.808+0000] {logging_mixin.py:151} INFO - #False
[2024-01-17T05:06:35.809+0000] {logging_mixin.py:151} INFO - #False
[2024-01-17T05:06:35.809+0000] {logging_mixin.py:151} INFO - #False
[2024-01-17T05:06:35.809+0000] {logging_mixin.py:151} INFO - #False
[2024-01-17T05:06:35.809+0000] {logging_mixin.py:151} INFO - #False
[2024-01-17T05:06:35.809+0000] {logging_mixin.py:151} INFO - #False
[2024-01-17T05:06:35.809+0000] {logging_mixin.py:151} INFO - #False
[2024-01-17T05:06:35.809+0000] {logging_mixin.py:151} INFO - #False
[2024-01-17T05:06:35.809+0000] {logging_mixin.py:151} INFO - #False
[2024-01-17T05:06:35.809+0000] {logging_mixin.py:151} INFO - #False
[2024-01-17T05:06:35.809+0000] {logging_mixin.py:151} INFO - #False
[2024-01-17T05:06:35.809+0000] {logging_mixin.py:151} INFO - #False
[2024-01-17T05:06:35.809+0000] {logging_mixin.py:151} INFO - #False
[2024-01-17T05:06:35.809+0000] {logging_mixin.py:151} INFO - #False
[2024-01-17T05:06:35.809+0000] {logging_mixin.py:151} INFO - #False
[2024-01-17T05:06:35.809+0000] {logging_mixin.py:151} INFO - #False
[2024-01-17T05:06:35.809+0000] {logging_mixin.py:151} INFO - #False
[2024-01-17T05:06:35.810+0000] {logging_mixin.py:151} INFO - #False
[2024-01-17T05:06:35.810+0000] {logging_mixin.py:151} INFO - #False
[2024-01-17T05:06:35.810+0000] {logging_mixin.py:151} INFO - #False
[2024-01-17T05:06:35.810+0000] {logging_mixin.py:151} INFO - #False
[2024-01-17T05:06:35.810+0000] {logging_mixin.py:151} INFO - #False
[2024-01-17T05:06:35.810+0000] {logging_mixin.py:151} INFO - #False
[2024-01-17T05:06:35.810+0000] {logging_mixin.py:151} INFO - #False
[2024-01-17T05:06:35.810+0000] {logging_mixin.py:151} INFO - #False
[2024-01-17T05:06:35.810+0000] {logging_mixin.py:151} INFO - #False
[2024-01-17T05:06:35.810+0000] {logging_mixin.py:151} INFO - #False
[2024-01-17T05:06:35.810+0000] {logging_mixin.py:151} INFO - #False
[2024-01-17T05:06:35.811+0000] {conn.py:919} INFO - <BrokerConnection node_id=1 host=broker:29092 <connected> [IPv4 ('192.168.224.8', 29092)]>: Closing connection. 
[2024-01-17T05:06:35.812+0000] {python.py:194} INFO - Done. Returned value was: None
[2024-01-17T05:06:35.824+0000] {taskinstance.py:1400} INFO - Marking task as SUCCESS. dag_id=Stream_Data_5, task_id=Reddit, execution_date=20240117T050515, start_date=20240117T050629, end_date=20240117T050635
[2024-01-17T05:06:35.861+0000] {local_task_job_runner.py:228} INFO - Task exited with return code 0
[2024-01-17T05:06:35.880+0000] {taskinstance.py:2784} INFO - 0 downstream tasks scheduled from follow-on schedule check
