[2024-01-17T05:11:19.708+0000] {taskinstance.py:1159} INFO - Dependencies all met for dep_context=non-requeueable deps ti=<TaskInstance: Stream_Data_1.Reddit scheduled__2024-01-17T05:10:15.135468+00:00 [queued]>
[2024-01-17T05:11:19.713+0000] {taskinstance.py:1159} INFO - Dependencies all met for dep_context=requeueable deps ti=<TaskInstance: Stream_Data_1.Reddit scheduled__2024-01-17T05:10:15.135468+00:00 [queued]>
[2024-01-17T05:11:19.713+0000] {taskinstance.py:1361} INFO - Starting attempt 1 of 1
[2024-01-17T05:11:19.722+0000] {taskinstance.py:1382} INFO - Executing <Task(PythonOperator): Reddit> on 2024-01-17 05:10:15.135468+00:00
[2024-01-17T05:11:19.725+0000] {standard_task_runner.py:57} INFO - Started process 29347 to run task
[2024-01-17T05:11:19.727+0000] {standard_task_runner.py:84} INFO - Running: ['***', 'tasks', 'run', 'Stream_Data_1', 'Reddit', 'scheduled__2024-01-17T05:10:15.135468+00:00', '--job-id', '358', '--raw', '--subdir', 'DAGS_FOLDER/kafka_stream.py', '--cfg-path', '/tmp/tmpir2d1rx1']
[2024-01-17T05:11:19.728+0000] {standard_task_runner.py:85} INFO - Job 358: Subtask Reddit
[2024-01-17T05:11:19.764+0000] {task_command.py:415} INFO - Running <TaskInstance: Stream_Data_1.Reddit scheduled__2024-01-17T05:10:15.135468+00:00 [running]> on host 614a419ad930
[2024-01-17T05:11:19.828+0000] {taskinstance.py:1660} INFO - Exporting env vars: AIRFLOW_CTX_DAG_OWNER='me' AIRFLOW_CTX_DAG_ID='Stream_Data_1' AIRFLOW_CTX_TASK_ID='Reddit' AIRFLOW_CTX_EXECUTION_DATE='2024-01-17T05:10:15.135468+00:00' AIRFLOW_CTX_TRY_NUMBER='1' AIRFLOW_CTX_DAG_RUN_ID='scheduled__2024-01-17T05:10:15.135468+00:00'
[2024-01-17T05:11:19.853+0000] {logging_mixin.py:151} INFO -  submission : 
[2024-01-17T05:11:20.759+0000] {logging_mixin.py:151} INFO - @True
[2024-01-17T05:11:20.760+0000] {conn.py:380} INFO - <BrokerConnection node_id=bootstrap-0 host=broker:29092 <connecting> [IPv4 ('192.168.224.8', 29092)]>: connecting to broker:29092 [('192.168.224.8', 29092) IPv4]
[2024-01-17T05:11:20.761+0000] {conn.py:1205} INFO - Probing node bootstrap-0 broker version
[2024-01-17T05:11:20.761+0000] {conn.py:410} INFO - <BrokerConnection node_id=bootstrap-0 host=broker:29092 <connecting> [IPv4 ('192.168.224.8', 29092)]>: Connection complete.
[2024-01-17T05:11:20.863+0000] {conn.py:1267} INFO - Broker version identified as 2.5.0
[2024-01-17T05:11:20.864+0000] {conn.py:1268} INFO - Set configuration api_version=(2, 5, 0) to skip auto check_version requests on startup
[2024-01-17T05:11:20.867+0000] {logging_mixin.py:151} INFO - #False
[2024-01-17T05:11:20.867+0000] {logging_mixin.py:151} INFO - #False
[2024-01-17T05:11:20.867+0000] {logging_mixin.py:151} INFO - #False
[2024-01-17T05:11:20.868+0000] {logging_mixin.py:151} INFO - #False
[2024-01-17T05:11:20.868+0000] {logging_mixin.py:151} INFO - #False
[2024-01-17T05:11:20.868+0000] {logging_mixin.py:151} INFO - #False
[2024-01-17T05:11:20.868+0000] {logging_mixin.py:151} INFO - #False
[2024-01-17T05:11:20.868+0000] {logging_mixin.py:151} INFO - #False
[2024-01-17T05:11:20.868+0000] {logging_mixin.py:151} INFO - #False
[2024-01-17T05:11:20.868+0000] {logging_mixin.py:151} INFO - #False
[2024-01-17T05:11:20.868+0000] {logging_mixin.py:151} INFO - #False
[2024-01-17T05:11:20.868+0000] {logging_mixin.py:151} INFO - #False
[2024-01-17T05:11:20.868+0000] {logging_mixin.py:151} INFO - #False
[2024-01-17T05:11:20.868+0000] {logging_mixin.py:151} INFO - #False
[2024-01-17T05:11:20.869+0000] {logging_mixin.py:151} INFO - #False
[2024-01-17T05:11:20.869+0000] {logging_mixin.py:151} INFO - #False
[2024-01-17T05:11:20.869+0000] {logging_mixin.py:151} INFO - #False
[2024-01-17T05:11:20.869+0000] {logging_mixin.py:151} INFO - #False
[2024-01-17T05:11:20.869+0000] {logging_mixin.py:151} INFO - #False
[2024-01-17T05:11:20.869+0000] {logging_mixin.py:151} INFO - #False
[2024-01-17T05:11:20.869+0000] {logging_mixin.py:151} INFO - #False
[2024-01-17T05:11:20.869+0000] {logging_mixin.py:151} INFO - #False
[2024-01-17T05:11:20.869+0000] {logging_mixin.py:151} INFO - #False
[2024-01-17T05:11:20.870+0000] {logging_mixin.py:151} INFO - #False
[2024-01-17T05:11:20.870+0000] {conn.py:380} INFO - <BrokerConnection node_id=1 host=broker:29092 <connecting> [IPv4 ('192.168.224.8', 29092)]>: connecting to broker:29092 [('192.168.224.8', 29092) IPv4]
[2024-01-17T05:11:20.870+0000] {logging_mixin.py:151} INFO - #False
[2024-01-17T05:11:20.870+0000] {logging_mixin.py:151} INFO - #False
[2024-01-17T05:11:20.870+0000] {logging_mixin.py:151} INFO - #False
[2024-01-17T05:11:20.870+0000] {logging_mixin.py:151} INFO - #False
[2024-01-17T05:11:20.870+0000] {logging_mixin.py:151} INFO - #False
[2024-01-17T05:11:20.871+0000] {logging_mixin.py:151} INFO -  submission : 
[2024-01-17T05:11:20.871+0000] {conn.py:410} INFO - <BrokerConnection node_id=1 host=broker:29092 <connecting> [IPv4 ('192.168.224.8', 29092)]>: Connection complete.
[2024-01-17T05:11:20.871+0000] {conn.py:919} INFO - <BrokerConnection node_id=bootstrap-0 host=broker:29092 <connected> [IPv4 ('192.168.224.8', 29092)]>: Closing connection. 
[2024-01-17T05:11:21.536+0000] {logging_mixin.py:151} INFO - #False
[2024-01-17T05:11:21.537+0000] {logging_mixin.py:151} INFO - #False
[2024-01-17T05:11:21.537+0000] {logging_mixin.py:151} INFO - #False
[2024-01-17T05:11:21.537+0000] {logging_mixin.py:151} INFO - #False
[2024-01-17T05:11:21.537+0000] {logging_mixin.py:151} INFO - #False
[2024-01-17T05:11:21.537+0000] {logging_mixin.py:151} INFO - #False
[2024-01-17T05:11:21.537+0000] {logging_mixin.py:151} INFO - #False
[2024-01-17T05:11:21.537+0000] {logging_mixin.py:151} INFO - #False
[2024-01-17T05:11:21.537+0000] {logging_mixin.py:151} INFO - #False
[2024-01-17T05:11:21.537+0000] {logging_mixin.py:151} INFO - #False
[2024-01-17T05:11:21.537+0000] {logging_mixin.py:151} INFO - #False
[2024-01-17T05:11:21.537+0000] {logging_mixin.py:151} INFO - #False
[2024-01-17T05:11:21.537+0000] {logging_mixin.py:151} INFO - #False
[2024-01-17T05:11:21.537+0000] {logging_mixin.py:151} INFO - #False
[2024-01-17T05:11:21.537+0000] {logging_mixin.py:151} INFO - #False
[2024-01-17T05:11:21.537+0000] {logging_mixin.py:151} INFO - #False
[2024-01-17T05:11:21.537+0000] {logging_mixin.py:151} INFO - #False
[2024-01-17T05:11:21.537+0000] {logging_mixin.py:151} INFO - #False
[2024-01-17T05:11:21.537+0000] {logging_mixin.py:151} INFO - #False
[2024-01-17T05:11:21.537+0000] {logging_mixin.py:151} INFO - #False
[2024-01-17T05:11:21.538+0000] {logging_mixin.py:151} INFO - #False
[2024-01-17T05:11:21.538+0000] {logging_mixin.py:151} INFO - #False
[2024-01-17T05:11:21.538+0000] {logging_mixin.py:151} INFO - #False
[2024-01-17T05:11:21.538+0000] {logging_mixin.py:151} INFO - #False
[2024-01-17T05:11:21.538+0000] {logging_mixin.py:151} INFO - #False
[2024-01-17T05:11:21.538+0000] {logging_mixin.py:151} INFO - #False
[2024-01-17T05:11:21.538+0000] {logging_mixin.py:151} INFO - #False
[2024-01-17T05:11:21.538+0000] {logging_mixin.py:151} INFO - #False
[2024-01-17T05:11:21.538+0000] {logging_mixin.py:151} INFO - #False
[2024-01-17T05:11:21.538+0000] {logging_mixin.py:151} INFO - #False
[2024-01-17T05:11:21.538+0000] {logging_mixin.py:151} INFO -  submission : 
[2024-01-17T05:11:22.081+0000] {logging_mixin.py:151} INFO - #False
[2024-01-17T05:11:22.082+0000] {logging_mixin.py:151} INFO - #False
[2024-01-17T05:11:22.082+0000] {logging_mixin.py:151} INFO - #False
[2024-01-17T05:11:22.082+0000] {logging_mixin.py:151} INFO - #False
[2024-01-17T05:11:22.082+0000] {logging_mixin.py:151} INFO - #False
[2024-01-17T05:11:22.082+0000] {logging_mixin.py:151} INFO - #False
[2024-01-17T05:11:22.082+0000] {logging_mixin.py:151} INFO - #False
[2024-01-17T05:11:22.083+0000] {logging_mixin.py:151} INFO - #False
[2024-01-17T05:11:22.083+0000] {logging_mixin.py:151} INFO - #False
[2024-01-17T05:11:22.083+0000] {logging_mixin.py:151} INFO - #False
[2024-01-17T05:11:22.083+0000] {logging_mixin.py:151} INFO - #False
[2024-01-17T05:11:22.083+0000] {logging_mixin.py:151} INFO - #False
[2024-01-17T05:11:22.083+0000] {logging_mixin.py:151} INFO - #False
[2024-01-17T05:11:22.083+0000] {logging_mixin.py:151} INFO - #False
[2024-01-17T05:11:22.083+0000] {logging_mixin.py:151} INFO - #False
[2024-01-17T05:11:22.083+0000] {logging_mixin.py:151} INFO - #False
[2024-01-17T05:11:22.083+0000] {logging_mixin.py:151} INFO - #False
[2024-01-17T05:11:22.083+0000] {logging_mixin.py:151} INFO - #False
[2024-01-17T05:11:22.083+0000] {logging_mixin.py:151} INFO - #False
[2024-01-17T05:11:22.083+0000] {logging_mixin.py:151} INFO - #False
[2024-01-17T05:11:22.083+0000] {logging_mixin.py:151} INFO - #False
[2024-01-17T05:11:22.083+0000] {logging_mixin.py:151} INFO - #False
[2024-01-17T05:11:22.083+0000] {logging_mixin.py:151} INFO - #False
[2024-01-17T05:11:22.083+0000] {logging_mixin.py:151} INFO - #False
[2024-01-17T05:11:22.083+0000] {logging_mixin.py:151} INFO - #False
[2024-01-17T05:11:22.083+0000] {logging_mixin.py:151} INFO - #False
[2024-01-17T05:11:22.083+0000] {logging_mixin.py:151} INFO - #False
[2024-01-17T05:11:22.084+0000] {logging_mixin.py:151} INFO - #False
[2024-01-17T05:11:22.084+0000] {logging_mixin.py:151} INFO - #False
[2024-01-17T05:11:22.084+0000] {logging_mixin.py:151} INFO - #False
[2024-01-17T05:11:22.084+0000] {logging_mixin.py:151} INFO -  submission : 
[2024-01-17T05:11:22.557+0000] {logging_mixin.py:151} INFO - #False
[2024-01-17T05:11:22.557+0000] {logging_mixin.py:151} INFO - #False
[2024-01-17T05:11:22.557+0000] {logging_mixin.py:151} INFO - #False
[2024-01-17T05:11:22.557+0000] {logging_mixin.py:151} INFO - #False
[2024-01-17T05:11:22.557+0000] {logging_mixin.py:151} INFO - #False
[2024-01-17T05:11:22.557+0000] {logging_mixin.py:151} INFO - #False
[2024-01-17T05:11:22.557+0000] {logging_mixin.py:151} INFO - #False
[2024-01-17T05:11:22.557+0000] {logging_mixin.py:151} INFO - #False
[2024-01-17T05:11:22.557+0000] {logging_mixin.py:151} INFO - #False
[2024-01-17T05:11:22.557+0000] {logging_mixin.py:151} INFO - #False
[2024-01-17T05:11:22.557+0000] {logging_mixin.py:151} INFO - #False
[2024-01-17T05:11:22.558+0000] {logging_mixin.py:151} INFO - #False
[2024-01-17T05:11:22.558+0000] {logging_mixin.py:151} INFO - #False
[2024-01-17T05:11:22.558+0000] {logging_mixin.py:151} INFO - #False
[2024-01-17T05:11:22.558+0000] {logging_mixin.py:151} INFO - #False
[2024-01-17T05:11:22.558+0000] {logging_mixin.py:151} INFO - #False
[2024-01-17T05:11:22.558+0000] {logging_mixin.py:151} INFO - #False
[2024-01-17T05:11:22.558+0000] {logging_mixin.py:151} INFO - #False
[2024-01-17T05:11:22.558+0000] {logging_mixin.py:151} INFO - #False
[2024-01-17T05:11:22.558+0000] {logging_mixin.py:151} INFO - #False
[2024-01-17T05:11:22.558+0000] {logging_mixin.py:151} INFO - #False
[2024-01-17T05:11:22.558+0000] {logging_mixin.py:151} INFO - #False
[2024-01-17T05:11:22.558+0000] {logging_mixin.py:151} INFO - #False
[2024-01-17T05:11:22.558+0000] {logging_mixin.py:151} INFO - #False
[2024-01-17T05:11:22.558+0000] {logging_mixin.py:151} INFO - #False
[2024-01-17T05:11:22.558+0000] {logging_mixin.py:151} INFO - #False
[2024-01-17T05:11:22.558+0000] {logging_mixin.py:151} INFO - #False
[2024-01-17T05:11:22.558+0000] {logging_mixin.py:151} INFO - #False
[2024-01-17T05:11:22.558+0000] {logging_mixin.py:151} INFO - #False
[2024-01-17T05:11:22.559+0000] {logging_mixin.py:151} INFO - #False
[2024-01-17T05:11:22.559+0000] {logging_mixin.py:151} INFO -  submission : 
[2024-01-17T05:11:23.127+0000] {logging_mixin.py:151} INFO - #False
[2024-01-17T05:11:23.128+0000] {logging_mixin.py:151} INFO - #False
[2024-01-17T05:11:23.128+0000] {logging_mixin.py:151} INFO - #False
[2024-01-17T05:11:23.128+0000] {logging_mixin.py:151} INFO - #False
[2024-01-17T05:11:23.128+0000] {logging_mixin.py:151} INFO - #False
[2024-01-17T05:11:23.128+0000] {logging_mixin.py:151} INFO - #False
[2024-01-17T05:11:23.128+0000] {logging_mixin.py:151} INFO - #False
[2024-01-17T05:11:23.128+0000] {logging_mixin.py:151} INFO - #False
[2024-01-17T05:11:23.128+0000] {logging_mixin.py:151} INFO - #False
[2024-01-17T05:11:23.128+0000] {logging_mixin.py:151} INFO - #False
[2024-01-17T05:11:23.128+0000] {logging_mixin.py:151} INFO - #False
[2024-01-17T05:11:23.128+0000] {logging_mixin.py:151} INFO - #False
[2024-01-17T05:11:23.128+0000] {logging_mixin.py:151} INFO - #False
[2024-01-17T05:11:23.128+0000] {logging_mixin.py:151} INFO - #False
[2024-01-17T05:11:23.128+0000] {logging_mixin.py:151} INFO - #False
[2024-01-17T05:11:23.128+0000] {logging_mixin.py:151} INFO - #False
[2024-01-17T05:11:23.128+0000] {logging_mixin.py:151} INFO - #False
[2024-01-17T05:11:23.128+0000] {logging_mixin.py:151} INFO - #False
[2024-01-17T05:11:23.128+0000] {logging_mixin.py:151} INFO - #False
[2024-01-17T05:11:23.129+0000] {logging_mixin.py:151} INFO - #False
[2024-01-17T05:11:23.129+0000] {logging_mixin.py:151} INFO - #False
[2024-01-17T05:11:23.129+0000] {logging_mixin.py:151} INFO - #False
[2024-01-17T05:11:23.129+0000] {logging_mixin.py:151} INFO - #False
[2024-01-17T05:11:23.129+0000] {logging_mixin.py:151} INFO - #False
[2024-01-17T05:11:23.129+0000] {logging_mixin.py:151} INFO - #False
[2024-01-17T05:11:23.129+0000] {logging_mixin.py:151} INFO - #False
[2024-01-17T05:11:23.129+0000] {logging_mixin.py:151} INFO - #False
[2024-01-17T05:11:23.129+0000] {logging_mixin.py:151} INFO - #False
[2024-01-17T05:11:23.129+0000] {logging_mixin.py:151} INFO - #False
[2024-01-17T05:11:23.129+0000] {logging_mixin.py:151} INFO - #False
[2024-01-17T05:11:23.129+0000] {logging_mixin.py:151} INFO -  submission : 
[2024-01-17T05:11:23.837+0000] {logging_mixin.py:151} INFO - #False
[2024-01-17T05:11:23.837+0000] {logging_mixin.py:151} INFO - #False
[2024-01-17T05:11:23.838+0000] {logging_mixin.py:151} INFO - #False
[2024-01-17T05:11:23.838+0000] {logging_mixin.py:151} INFO - #False
[2024-01-17T05:11:23.838+0000] {logging_mixin.py:151} INFO - #False
[2024-01-17T05:11:23.838+0000] {logging_mixin.py:151} INFO - #False
[2024-01-17T05:11:23.838+0000] {logging_mixin.py:151} INFO - #False
[2024-01-17T05:11:23.838+0000] {logging_mixin.py:151} INFO - #False
[2024-01-17T05:11:23.838+0000] {logging_mixin.py:151} INFO - #False
[2024-01-17T05:11:23.838+0000] {logging_mixin.py:151} INFO - #False
[2024-01-17T05:11:23.838+0000] {logging_mixin.py:151} INFO - #False
[2024-01-17T05:11:23.838+0000] {logging_mixin.py:151} INFO - #False
[2024-01-17T05:11:23.838+0000] {logging_mixin.py:151} INFO - #False
[2024-01-17T05:11:23.838+0000] {logging_mixin.py:151} INFO - #False
[2024-01-17T05:11:23.838+0000] {logging_mixin.py:151} INFO - #False
[2024-01-17T05:11:23.838+0000] {logging_mixin.py:151} INFO - #False
[2024-01-17T05:11:23.838+0000] {logging_mixin.py:151} INFO - #False
[2024-01-17T05:11:23.838+0000] {logging_mixin.py:151} INFO - #False
[2024-01-17T05:11:23.838+0000] {logging_mixin.py:151} INFO - #False
[2024-01-17T05:11:23.838+0000] {logging_mixin.py:151} INFO - #False
[2024-01-17T05:11:23.838+0000] {logging_mixin.py:151} INFO - #False
[2024-01-17T05:11:23.838+0000] {logging_mixin.py:151} INFO - #False
[2024-01-17T05:11:23.838+0000] {logging_mixin.py:151} INFO - #False
[2024-01-17T05:11:23.839+0000] {logging_mixin.py:151} INFO - #False
[2024-01-17T05:11:23.839+0000] {logging_mixin.py:151} INFO - #False
[2024-01-17T05:11:23.839+0000] {logging_mixin.py:151} INFO - #False
[2024-01-17T05:11:23.839+0000] {logging_mixin.py:151} INFO - #False
[2024-01-17T05:11:23.839+0000] {logging_mixin.py:151} INFO - #False
[2024-01-17T05:11:23.839+0000] {logging_mixin.py:151} INFO - #False
[2024-01-17T05:11:23.839+0000] {logging_mixin.py:151} INFO - #False
[2024-01-17T05:11:23.839+0000] {logging_mixin.py:151} INFO -  submission : 
[2024-01-17T05:11:24.467+0000] {logging_mixin.py:151} INFO - #False
[2024-01-17T05:11:24.467+0000] {logging_mixin.py:151} INFO - #False
[2024-01-17T05:11:24.467+0000] {logging_mixin.py:151} INFO - #False
[2024-01-17T05:11:24.467+0000] {logging_mixin.py:151} INFO - #False
[2024-01-17T05:11:24.467+0000] {logging_mixin.py:151} INFO - #False
[2024-01-17T05:11:24.467+0000] {logging_mixin.py:151} INFO - #False
[2024-01-17T05:11:24.467+0000] {logging_mixin.py:151} INFO - #False
[2024-01-17T05:11:24.468+0000] {logging_mixin.py:151} INFO - #False
[2024-01-17T05:11:24.468+0000] {logging_mixin.py:151} INFO - #False
[2024-01-17T05:11:24.468+0000] {logging_mixin.py:151} INFO - #False
[2024-01-17T05:11:24.468+0000] {logging_mixin.py:151} INFO - #False
[2024-01-17T05:11:24.468+0000] {logging_mixin.py:151} INFO - #False
[2024-01-17T05:11:24.468+0000] {logging_mixin.py:151} INFO - #False
[2024-01-17T05:11:24.468+0000] {logging_mixin.py:151} INFO - #False
[2024-01-17T05:11:24.468+0000] {logging_mixin.py:151} INFO - #False
[2024-01-17T05:11:24.468+0000] {logging_mixin.py:151} INFO - #False
[2024-01-17T05:11:24.468+0000] {logging_mixin.py:151} INFO - #False
[2024-01-17T05:11:24.468+0000] {logging_mixin.py:151} INFO - #False
[2024-01-17T05:11:24.468+0000] {logging_mixin.py:151} INFO - #False
[2024-01-17T05:11:24.468+0000] {logging_mixin.py:151} INFO - #False
[2024-01-17T05:11:24.468+0000] {logging_mixin.py:151} INFO - #False
[2024-01-17T05:11:24.468+0000] {logging_mixin.py:151} INFO - #False
[2024-01-17T05:11:24.468+0000] {logging_mixin.py:151} INFO - #False
[2024-01-17T05:11:24.468+0000] {logging_mixin.py:151} INFO - #False
[2024-01-17T05:11:24.468+0000] {logging_mixin.py:151} INFO - #False
[2024-01-17T05:11:24.468+0000] {logging_mixin.py:151} INFO - #False
[2024-01-17T05:11:24.468+0000] {logging_mixin.py:151} INFO - #False
[2024-01-17T05:11:24.469+0000] {logging_mixin.py:151} INFO - #False
[2024-01-17T05:11:24.469+0000] {logging_mixin.py:151} INFO - #False
[2024-01-17T05:11:24.469+0000] {logging_mixin.py:151} INFO - #False
[2024-01-17T05:11:24.469+0000] {logging_mixin.py:151} INFO -  submission : 
[2024-01-17T05:11:25.143+0000] {logging_mixin.py:151} INFO - #False
[2024-01-17T05:11:25.143+0000] {logging_mixin.py:151} INFO - #False
[2024-01-17T05:11:25.144+0000] {logging_mixin.py:151} INFO - #False
[2024-01-17T05:11:25.144+0000] {logging_mixin.py:151} INFO - #False
[2024-01-17T05:11:25.144+0000] {logging_mixin.py:151} INFO - #False
[2024-01-17T05:11:25.144+0000] {logging_mixin.py:151} INFO - #False
[2024-01-17T05:11:25.144+0000] {logging_mixin.py:151} INFO - #False
[2024-01-17T05:11:25.144+0000] {logging_mixin.py:151} INFO - #False
[2024-01-17T05:11:25.144+0000] {logging_mixin.py:151} INFO - #False
[2024-01-17T05:11:25.144+0000] {logging_mixin.py:151} INFO - #False
[2024-01-17T05:11:25.144+0000] {logging_mixin.py:151} INFO - #False
[2024-01-17T05:11:25.144+0000] {logging_mixin.py:151} INFO - #False
[2024-01-17T05:11:25.144+0000] {logging_mixin.py:151} INFO - #False
[2024-01-17T05:11:25.144+0000] {logging_mixin.py:151} INFO - #False
[2024-01-17T05:11:25.145+0000] {logging_mixin.py:151} INFO - #False
[2024-01-17T05:11:25.145+0000] {logging_mixin.py:151} INFO - #False
[2024-01-17T05:11:25.145+0000] {logging_mixin.py:151} INFO - #False
[2024-01-17T05:11:25.145+0000] {logging_mixin.py:151} INFO - #False
[2024-01-17T05:11:25.145+0000] {logging_mixin.py:151} INFO - #False
[2024-01-17T05:11:25.145+0000] {logging_mixin.py:151} INFO - #False
[2024-01-17T05:11:25.145+0000] {logging_mixin.py:151} INFO - #False
[2024-01-17T05:11:25.145+0000] {logging_mixin.py:151} INFO - #False
[2024-01-17T05:11:25.145+0000] {logging_mixin.py:151} INFO - #False
[2024-01-17T05:11:25.145+0000] {logging_mixin.py:151} INFO - #False
[2024-01-17T05:11:25.145+0000] {logging_mixin.py:151} INFO - #False
[2024-01-17T05:11:25.145+0000] {logging_mixin.py:151} INFO - #False
[2024-01-17T05:11:25.145+0000] {logging_mixin.py:151} INFO - #False
[2024-01-17T05:11:25.145+0000] {logging_mixin.py:151} INFO - #False
[2024-01-17T05:11:25.145+0000] {logging_mixin.py:151} INFO - #False
[2024-01-17T05:11:25.145+0000] {logging_mixin.py:151} INFO - #False
[2024-01-17T05:11:25.146+0000] {conn.py:919} INFO - <BrokerConnection node_id=1 host=broker:29092 <connected> [IPv4 ('192.168.224.8', 29092)]>: Closing connection. 
[2024-01-17T05:11:25.146+0000] {python.py:194} INFO - Done. Returned value was: None
[2024-01-17T05:11:25.154+0000] {taskinstance.py:1400} INFO - Marking task as SUCCESS. dag_id=Stream_Data_1, task_id=Reddit, execution_date=20240117T051015, start_date=20240117T051119, end_date=20240117T051125
[2024-01-17T05:11:25.231+0000] {local_task_job_runner.py:228} INFO - Task exited with return code 0
[2024-01-17T05:11:25.243+0000] {taskinstance.py:2784} INFO - 0 downstream tasks scheduled from follow-on schedule check
