[2024-01-20T19:52:53.668+0000] {taskinstance.py:1159} INFO - Dependencies all met for dep_context=non-requeueable deps ti=<TaskInstance: Kafka_Producer_2.Reddit scheduled__2024-01-20T19:50:47.581578+00:00 [queued]>
[2024-01-20T19:52:53.674+0000] {taskinstance.py:1159} INFO - Dependencies all met for dep_context=requeueable deps ti=<TaskInstance: Kafka_Producer_2.Reddit scheduled__2024-01-20T19:50:47.581578+00:00 [queued]>
[2024-01-20T19:52:53.674+0000] {taskinstance.py:1361} INFO - Starting attempt 1 of 1
[2024-01-20T19:52:53.685+0000] {taskinstance.py:1382} INFO - Executing <Task(PythonOperator): Reddit> on 2024-01-20 19:50:47.581578+00:00
[2024-01-20T19:52:53.687+0000] {standard_task_runner.py:57} INFO - Started process 34 to run task
[2024-01-20T19:52:53.689+0000] {standard_task_runner.py:84} INFO - Running: ['***', 'tasks', 'run', 'Kafka_Producer_2', 'Reddit', 'scheduled__2024-01-20T19:50:47.581578+00:00', '--job-id', '1203', '--raw', '--subdir', 'DAGS_FOLDER/kafka_stream_2.py', '--cfg-path', '/tmp/tmp_kduljnk']
[2024-01-20T19:52:53.691+0000] {standard_task_runner.py:85} INFO - Job 1203: Subtask Reddit
[2024-01-20T19:52:53.732+0000] {task_command.py:415} INFO - Running <TaskInstance: Kafka_Producer_2.Reddit scheduled__2024-01-20T19:50:47.581578+00:00 [running]> on host 45c5bfab8aa1
[2024-01-20T19:52:53.793+0000] {taskinstance.py:1660} INFO - Exporting env vars: AIRFLOW_CTX_DAG_OWNER='me' AIRFLOW_CTX_DAG_ID='Kafka_Producer_2' AIRFLOW_CTX_TASK_ID='Reddit' AIRFLOW_CTX_EXECUTION_DATE='2024-01-20T19:50:47.581578+00:00' AIRFLOW_CTX_TRY_NUMBER='1' AIRFLOW_CTX_DAG_RUN_ID='scheduled__2024-01-20T19:50:47.581578+00:00'
[2024-01-20T19:52:53.821+0000] {logging_mixin.py:151} INFO -  submission : 
[2024-01-20T19:52:54.805+0000] {logging_mixin.py:151} INFO - @True
[2024-01-20T19:52:54.807+0000] {conn.py:380} INFO - <BrokerConnection node_id=bootstrap-0 host=broker:29092 <connecting> [IPv4 ('172.19.0.11', 29092)]>: connecting to broker:29092 [('172.19.0.11', 29092) IPv4]
[2024-01-20T19:52:54.807+0000] {conn.py:1205} INFO - Probing node bootstrap-0 broker version
[2024-01-20T19:52:54.808+0000] {conn.py:410} INFO - <BrokerConnection node_id=bootstrap-0 host=broker:29092 <connecting> [IPv4 ('172.19.0.11', 29092)]>: Connection complete.
[2024-01-20T19:52:54.911+0000] {conn.py:1267} INFO - Broker version identified as 2.5.0
[2024-01-20T19:52:54.912+0000] {conn.py:1268} INFO - Set configuration api_version=(2, 5, 0) to skip auto check_version requests on startup
[2024-01-20T19:52:54.969+0000] {logging_mixin.py:151} INFO - @True
[2024-01-20T19:52:54.970+0000] {conn.py:380} INFO - <BrokerConnection node_id=1 host=broker:29092 <connecting> [IPv4 ('172.19.0.11', 29092)]>: connecting to broker:29092 [('172.19.0.11', 29092) IPv4]
[2024-01-20T19:52:54.971+0000] {conn.py:410} INFO - <BrokerConnection node_id=1 host=broker:29092 <connecting> [IPv4 ('172.19.0.11', 29092)]>: Connection complete.
[2024-01-20T19:52:54.971+0000] {conn.py:380} INFO - <BrokerConnection node_id=bootstrap-0 host=broker:29092 <connecting> [IPv4 ('172.19.0.11', 29092)]>: connecting to broker:29092 [('172.19.0.11', 29092) IPv4]
[2024-01-20T19:52:54.971+0000] {conn.py:919} INFO - <BrokerConnection node_id=bootstrap-0 host=broker:29092 <connected> [IPv4 ('172.19.0.11', 29092)]>: Closing connection. 
[2024-01-20T19:52:54.972+0000] {conn.py:1205} INFO - Probing node bootstrap-0 broker version
[2024-01-20T19:52:54.974+0000] {conn.py:410} INFO - <BrokerConnection node_id=bootstrap-0 host=broker:29092 <connecting> [IPv4 ('172.19.0.11', 29092)]>: Connection complete.
[2024-01-20T19:52:55.076+0000] {conn.py:1267} INFO - Broker version identified as 2.5.0
[2024-01-20T19:52:55.077+0000] {conn.py:1268} INFO - Set configuration api_version=(2, 5, 0) to skip auto check_version requests on startup
[2024-01-20T19:52:55.078+0000] {conn.py:919} INFO - <BrokerConnection node_id=1 host=broker:29092 <connected> [IPv4 ('172.19.0.11', 29092)]>: Closing connection. 
[2024-01-20T19:52:55.080+0000] {logging_mixin.py:151} INFO - #False
[2024-01-20T19:52:55.081+0000] {logging_mixin.py:151} INFO - #False
[2024-01-20T19:52:55.081+0000] {conn.py:380} INFO - <BrokerConnection node_id=1 host=broker:29092 <connecting> [IPv4 ('172.19.0.11', 29092)]>: connecting to broker:29092 [('172.19.0.11', 29092) IPv4]
[2024-01-20T19:52:55.081+0000] {logging_mixin.py:151} INFO - #False
[2024-01-20T19:52:55.082+0000] {conn.py:410} INFO - <BrokerConnection node_id=1 host=broker:29092 <connecting> [IPv4 ('172.19.0.11', 29092)]>: Connection complete.
[2024-01-20T19:52:55.083+0000] {logging_mixin.py:151} INFO - #False
[2024-01-20T19:52:55.083+0000] {conn.py:919} INFO - <BrokerConnection node_id=bootstrap-0 host=broker:29092 <connected> [IPv4 ('172.19.0.11', 29092)]>: Closing connection. 
[2024-01-20T19:52:55.083+0000] {logging_mixin.py:151} INFO - #False
[2024-01-20T19:52:55.085+0000] {logging_mixin.py:151} INFO - #False
[2024-01-20T19:52:55.085+0000] {logging_mixin.py:151} INFO - #False
[2024-01-20T19:52:55.085+0000] {logging_mixin.py:151} INFO - #False
[2024-01-20T19:52:55.086+0000] {logging_mixin.py:151} INFO - #False
[2024-01-20T19:52:55.086+0000] {logging_mixin.py:151} INFO - #False
[2024-01-20T19:52:55.086+0000] {logging_mixin.py:151} INFO - #False
[2024-01-20T19:52:55.087+0000] {logging_mixin.py:151} INFO - #False
[2024-01-20T19:52:55.087+0000] {logging_mixin.py:151} INFO - #False
[2024-01-20T19:52:55.087+0000] {logging_mixin.py:151} INFO - #False
[2024-01-20T19:52:55.087+0000] {logging_mixin.py:151} INFO - #False
[2024-01-20T19:52:55.088+0000] {logging_mixin.py:151} INFO - #False
[2024-01-20T19:52:55.088+0000] {logging_mixin.py:151} INFO - #False
[2024-01-20T19:52:55.088+0000] {logging_mixin.py:151} INFO - #False
[2024-01-20T19:52:55.089+0000] {logging_mixin.py:151} INFO - #False
[2024-01-20T19:52:55.089+0000] {logging_mixin.py:151} INFO - #False
[2024-01-20T19:52:55.089+0000] {logging_mixin.py:151} INFO - #False
[2024-01-20T19:52:55.089+0000] {logging_mixin.py:151} INFO - #False
[2024-01-20T19:52:55.090+0000] {logging_mixin.py:151} INFO - #False
[2024-01-20T19:52:55.090+0000] {logging_mixin.py:151} INFO - #False
[2024-01-20T19:52:55.090+0000] {logging_mixin.py:151} INFO - #False
[2024-01-20T19:52:55.090+0000] {logging_mixin.py:151} INFO - #False
[2024-01-20T19:52:55.091+0000] {logging_mixin.py:151} INFO - #False
[2024-01-20T19:52:55.091+0000] {logging_mixin.py:151} INFO - #False
[2024-01-20T19:52:55.091+0000] {logging_mixin.py:151} INFO -  submission : 
[2024-01-20T19:52:55.609+0000] {logging_mixin.py:151} INFO - #False
[2024-01-20T19:52:55.609+0000] {logging_mixin.py:151} INFO - #False
[2024-01-20T19:52:55.610+0000] {logging_mixin.py:151} INFO - #False
[2024-01-20T19:52:55.611+0000] {logging_mixin.py:151} INFO - #False
[2024-01-20T19:52:55.611+0000] {logging_mixin.py:151} INFO - #False
[2024-01-20T19:52:55.611+0000] {logging_mixin.py:151} INFO - #False
[2024-01-20T19:52:55.612+0000] {logging_mixin.py:151} INFO - #False
[2024-01-20T19:52:55.612+0000] {logging_mixin.py:151} INFO - #False
[2024-01-20T19:52:55.612+0000] {logging_mixin.py:151} INFO - #False
[2024-01-20T19:52:55.613+0000] {logging_mixin.py:151} INFO - #False
[2024-01-20T19:52:55.613+0000] {logging_mixin.py:151} INFO - #False
[2024-01-20T19:52:55.613+0000] {logging_mixin.py:151} INFO - #False
[2024-01-20T19:52:55.613+0000] {logging_mixin.py:151} INFO - #False
[2024-01-20T19:52:55.614+0000] {logging_mixin.py:151} INFO - #False
[2024-01-20T19:52:55.614+0000] {logging_mixin.py:151} INFO - #False
[2024-01-20T19:52:55.614+0000] {logging_mixin.py:151} INFO - #False
[2024-01-20T19:52:55.615+0000] {logging_mixin.py:151} INFO - #False
[2024-01-20T19:52:55.615+0000] {logging_mixin.py:151} INFO - #False
[2024-01-20T19:52:55.615+0000] {logging_mixin.py:151} INFO - #False
[2024-01-20T19:52:55.615+0000] {logging_mixin.py:151} INFO - #False
[2024-01-20T19:52:55.616+0000] {logging_mixin.py:151} INFO - #False
[2024-01-20T19:52:55.616+0000] {logging_mixin.py:151} INFO - #False
[2024-01-20T19:52:55.616+0000] {logging_mixin.py:151} INFO - #False
[2024-01-20T19:52:55.616+0000] {logging_mixin.py:151} INFO - #False
[2024-01-20T19:52:55.617+0000] {logging_mixin.py:151} INFO - #False
[2024-01-20T19:52:55.617+0000] {logging_mixin.py:151} INFO - #False
[2024-01-20T19:52:55.617+0000] {logging_mixin.py:151} INFO - #False
[2024-01-20T19:52:55.617+0000] {logging_mixin.py:151} INFO - #False
[2024-01-20T19:52:55.618+0000] {logging_mixin.py:151} INFO - #False
[2024-01-20T19:52:55.618+0000] {logging_mixin.py:151} INFO - #False
[2024-01-20T19:52:55.619+0000] {logging_mixin.py:151} INFO -  submission : 
[2024-01-20T19:52:56.178+0000] {logging_mixin.py:151} INFO - @True
[2024-01-20T19:52:56.180+0000] {conn.py:380} INFO - <BrokerConnection node_id=bootstrap-0 host=broker:29092 <connecting> [IPv4 ('172.19.0.11', 29092)]>: connecting to broker:29092 [('172.19.0.11', 29092) IPv4]
[2024-01-20T19:52:56.180+0000] {conn.py:1205} INFO - Probing node bootstrap-0 broker version
[2024-01-20T19:52:56.181+0000] {conn.py:410} INFO - <BrokerConnection node_id=bootstrap-0 host=broker:29092 <connecting> [IPv4 ('172.19.0.11', 29092)]>: Connection complete.
[2024-01-20T19:52:56.284+0000] {conn.py:1267} INFO - Broker version identified as 2.5.0
[2024-01-20T19:52:56.284+0000] {conn.py:1268} INFO - Set configuration api_version=(2, 5, 0) to skip auto check_version requests on startup
[2024-01-20T19:52:56.286+0000] {conn.py:919} INFO - <BrokerConnection node_id=1 host=broker:29092 <connected> [IPv4 ('172.19.0.11', 29092)]>: Closing connection. 
[2024-01-20T19:52:56.288+0000] {logging_mixin.py:151} INFO - @True
[2024-01-20T19:52:56.289+0000] {conn.py:380} INFO - <BrokerConnection node_id=1 host=broker:29092 <connecting> [IPv4 ('172.19.0.11', 29092)]>: connecting to broker:29092 [('172.19.0.11', 29092) IPv4]
[2024-01-20T19:52:56.289+0000] {conn.py:380} INFO - <BrokerConnection node_id=bootstrap-0 host=broker:29092 <connecting> [IPv4 ('172.19.0.11', 29092)]>: connecting to broker:29092 [('172.19.0.11', 29092) IPv4]
[2024-01-20T19:52:56.289+0000] {conn.py:410} INFO - <BrokerConnection node_id=1 host=broker:29092 <connecting> [IPv4 ('172.19.0.11', 29092)]>: Connection complete.
[2024-01-20T19:52:56.290+0000] {conn.py:1205} INFO - Probing node bootstrap-0 broker version
[2024-01-20T19:52:56.290+0000] {conn.py:919} INFO - <BrokerConnection node_id=bootstrap-0 host=broker:29092 <connected> [IPv4 ('172.19.0.11', 29092)]>: Closing connection. 
[2024-01-20T19:52:56.291+0000] {conn.py:410} INFO - <BrokerConnection node_id=bootstrap-0 host=broker:29092 <connecting> [IPv4 ('172.19.0.11', 29092)]>: Connection complete.
[2024-01-20T19:52:56.394+0000] {conn.py:1267} INFO - Broker version identified as 2.5.0
[2024-01-20T19:52:56.395+0000] {conn.py:1268} INFO - Set configuration api_version=(2, 5, 0) to skip auto check_version requests on startup
[2024-01-20T19:52:56.396+0000] {conn.py:919} INFO - <BrokerConnection node_id=1 host=broker:29092 <connected> [IPv4 ('172.19.0.11', 29092)]>: Closing connection. 
[2024-01-20T19:52:56.398+0000] {logging_mixin.py:151} INFO - #False
[2024-01-20T19:52:56.399+0000] {logging_mixin.py:151} INFO - #False
[2024-01-20T19:52:56.399+0000] {conn.py:380} INFO - <BrokerConnection node_id=1 host=broker:29092 <connecting> [IPv4 ('172.19.0.11', 29092)]>: connecting to broker:29092 [('172.19.0.11', 29092) IPv4]
[2024-01-20T19:52:56.399+0000] {logging_mixin.py:151} INFO - #False
[2024-01-20T19:52:56.400+0000] {conn.py:410} INFO - <BrokerConnection node_id=1 host=broker:29092 <connecting> [IPv4 ('172.19.0.11', 29092)]>: Connection complete.
[2024-01-20T19:52:56.401+0000] {logging_mixin.py:151} INFO - #False
[2024-01-20T19:52:56.401+0000] {conn.py:919} INFO - <BrokerConnection node_id=bootstrap-0 host=broker:29092 <connected> [IPv4 ('172.19.0.11', 29092)]>: Closing connection. 
[2024-01-20T19:52:56.401+0000] {logging_mixin.py:151} INFO - #False
[2024-01-20T19:52:56.403+0000] {logging_mixin.py:151} INFO - #False
[2024-01-20T19:52:56.403+0000] {logging_mixin.py:151} INFO - #False
[2024-01-20T19:52:56.404+0000] {logging_mixin.py:151} INFO - #False
[2024-01-20T19:52:56.404+0000] {logging_mixin.py:151} INFO - #False
[2024-01-20T19:52:56.404+0000] {logging_mixin.py:151} INFO - #False
[2024-01-20T19:52:56.404+0000] {logging_mixin.py:151} INFO - #False
[2024-01-20T19:52:56.405+0000] {logging_mixin.py:151} INFO - #False
[2024-01-20T19:52:56.405+0000] {logging_mixin.py:151} INFO - #False
[2024-01-20T19:52:56.405+0000] {logging_mixin.py:151} INFO - #False
[2024-01-20T19:52:56.406+0000] {logging_mixin.py:151} INFO - #False
[2024-01-20T19:52:56.406+0000] {logging_mixin.py:151} INFO - #False
[2024-01-20T19:52:56.406+0000] {logging_mixin.py:151} INFO - #False
[2024-01-20T19:52:56.406+0000] {logging_mixin.py:151} INFO - #False
[2024-01-20T19:52:56.407+0000] {logging_mixin.py:151} INFO - #False
[2024-01-20T19:52:56.407+0000] {logging_mixin.py:151} INFO - #False
[2024-01-20T19:52:56.408+0000] {logging_mixin.py:151} INFO - #False
[2024-01-20T19:52:56.408+0000] {logging_mixin.py:151} INFO - #False
[2024-01-20T19:52:56.408+0000] {logging_mixin.py:151} INFO - #False
[2024-01-20T19:52:56.409+0000] {logging_mixin.py:151} INFO - #False
[2024-01-20T19:52:56.409+0000] {logging_mixin.py:151} INFO - #False
[2024-01-20T19:52:56.409+0000] {logging_mixin.py:151} INFO - #False
[2024-01-20T19:52:56.409+0000] {logging_mixin.py:151} INFO - #False
[2024-01-20T19:52:56.410+0000] {logging_mixin.py:151} INFO - #False
[2024-01-20T19:52:56.410+0000] {logging_mixin.py:151} INFO -  submission : 
[2024-01-20T19:52:56.872+0000] {logging_mixin.py:151} INFO - #False
[2024-01-20T19:52:56.873+0000] {logging_mixin.py:151} INFO - #False
[2024-01-20T19:52:56.873+0000] {logging_mixin.py:151} INFO - #False
[2024-01-20T19:52:56.874+0000] {logging_mixin.py:151} INFO - #False
[2024-01-20T19:52:56.874+0000] {logging_mixin.py:151} INFO - #False
[2024-01-20T19:52:56.874+0000] {logging_mixin.py:151} INFO - #False
[2024-01-20T19:52:56.875+0000] {logging_mixin.py:151} INFO - #False
[2024-01-20T19:52:56.875+0000] {logging_mixin.py:151} INFO - #False
[2024-01-20T19:52:56.875+0000] {logging_mixin.py:151} INFO - #False
[2024-01-20T19:52:56.875+0000] {logging_mixin.py:151} INFO - #False
[2024-01-20T19:52:56.876+0000] {logging_mixin.py:151} INFO - #False
[2024-01-20T19:52:56.876+0000] {logging_mixin.py:151} INFO - #False
[2024-01-20T19:52:56.876+0000] {logging_mixin.py:151} INFO - #False
[2024-01-20T19:52:56.877+0000] {logging_mixin.py:151} INFO - #False
[2024-01-20T19:52:56.877+0000] {logging_mixin.py:151} INFO - #False
[2024-01-20T19:52:56.877+0000] {logging_mixin.py:151} INFO - #False
[2024-01-20T19:52:56.877+0000] {logging_mixin.py:151} INFO - #False
[2024-01-20T19:52:56.877+0000] {logging_mixin.py:151} INFO - #False
[2024-01-20T19:52:56.878+0000] {logging_mixin.py:151} INFO - #False
[2024-01-20T19:52:56.878+0000] {logging_mixin.py:151} INFO - #False
[2024-01-20T19:52:56.878+0000] {logging_mixin.py:151} INFO - #False
[2024-01-20T19:52:56.878+0000] {logging_mixin.py:151} INFO - #False
[2024-01-20T19:52:56.878+0000] {logging_mixin.py:151} INFO - #False
[2024-01-20T19:52:56.879+0000] {logging_mixin.py:151} INFO - #False
[2024-01-20T19:52:56.879+0000] {logging_mixin.py:151} INFO - #False
[2024-01-20T19:52:56.879+0000] {logging_mixin.py:151} INFO - #False
[2024-01-20T19:52:56.879+0000] {logging_mixin.py:151} INFO - #False
[2024-01-20T19:52:56.879+0000] {logging_mixin.py:151} INFO - #False
[2024-01-20T19:52:56.880+0000] {logging_mixin.py:151} INFO - #False
[2024-01-20T19:52:56.880+0000] {logging_mixin.py:151} INFO - #False
[2024-01-20T19:52:56.880+0000] {logging_mixin.py:151} INFO -  submission : 
[2024-01-20T19:52:57.469+0000] {logging_mixin.py:151} INFO - #False
[2024-01-20T19:52:57.469+0000] {logging_mixin.py:151} INFO - #False
[2024-01-20T19:52:57.470+0000] {logging_mixin.py:151} INFO - #False
[2024-01-20T19:52:57.470+0000] {logging_mixin.py:151} INFO - #False
[2024-01-20T19:52:57.470+0000] {logging_mixin.py:151} INFO - #False
[2024-01-20T19:52:57.470+0000] {logging_mixin.py:151} INFO - #False
[2024-01-20T19:52:57.471+0000] {logging_mixin.py:151} INFO - #False
[2024-01-20T19:52:57.471+0000] {logging_mixin.py:151} INFO - #False
[2024-01-20T19:52:57.471+0000] {logging_mixin.py:151} INFO - #False
[2024-01-20T19:52:57.471+0000] {logging_mixin.py:151} INFO - #False
[2024-01-20T19:52:57.472+0000] {logging_mixin.py:151} INFO - #False
[2024-01-20T19:52:57.472+0000] {logging_mixin.py:151} INFO - #False
[2024-01-20T19:52:57.472+0000] {logging_mixin.py:151} INFO - #False
[2024-01-20T19:52:57.472+0000] {logging_mixin.py:151} INFO - #False
[2024-01-20T19:52:57.473+0000] {logging_mixin.py:151} INFO - #False
[2024-01-20T19:52:57.473+0000] {logging_mixin.py:151} INFO - #False
[2024-01-20T19:52:57.473+0000] {logging_mixin.py:151} INFO - #False
[2024-01-20T19:52:57.473+0000] {logging_mixin.py:151} INFO - #False
[2024-01-20T19:52:57.473+0000] {logging_mixin.py:151} INFO - #False
[2024-01-20T19:52:57.474+0000] {logging_mixin.py:151} INFO - #False
[2024-01-20T19:52:57.474+0000] {logging_mixin.py:151} INFO - #False
[2024-01-20T19:52:57.474+0000] {logging_mixin.py:151} INFO - #False
[2024-01-20T19:52:57.474+0000] {logging_mixin.py:151} INFO - #False
[2024-01-20T19:52:57.475+0000] {logging_mixin.py:151} INFO - #False
[2024-01-20T19:52:57.475+0000] {logging_mixin.py:151} INFO - #False
[2024-01-20T19:52:57.475+0000] {logging_mixin.py:151} INFO - #False
[2024-01-20T19:52:57.475+0000] {logging_mixin.py:151} INFO - #False
[2024-01-20T19:52:57.475+0000] {logging_mixin.py:151} INFO - #False
[2024-01-20T19:52:57.476+0000] {logging_mixin.py:151} INFO - #False
[2024-01-20T19:52:57.476+0000] {logging_mixin.py:151} INFO - #False
[2024-01-20T19:52:57.477+0000] {logging_mixin.py:151} INFO -  submission : 
[2024-01-20T19:52:58.061+0000] {logging_mixin.py:151} INFO - #False
[2024-01-20T19:52:58.061+0000] {logging_mixin.py:151} INFO - #False
[2024-01-20T19:52:58.062+0000] {logging_mixin.py:151} INFO - #False
[2024-01-20T19:52:58.063+0000] {logging_mixin.py:151} INFO - #False
[2024-01-20T19:52:58.063+0000] {logging_mixin.py:151} INFO - #False
[2024-01-20T19:52:58.064+0000] {logging_mixin.py:151} INFO - #False
[2024-01-20T19:52:58.064+0000] {logging_mixin.py:151} INFO - #False
[2024-01-20T19:52:58.064+0000] {logging_mixin.py:151} INFO - #False
[2024-01-20T19:52:58.064+0000] {logging_mixin.py:151} INFO - #False
[2024-01-20T19:52:58.065+0000] {logging_mixin.py:151} INFO - #False
[2024-01-20T19:52:58.065+0000] {logging_mixin.py:151} INFO - #False
[2024-01-20T19:52:58.065+0000] {logging_mixin.py:151} INFO - #False
[2024-01-20T19:52:58.065+0000] {logging_mixin.py:151} INFO - #False
[2024-01-20T19:52:58.066+0000] {logging_mixin.py:151} INFO - #False
[2024-01-20T19:52:58.066+0000] {logging_mixin.py:151} INFO - #False
[2024-01-20T19:52:58.066+0000] {logging_mixin.py:151} INFO - #False
[2024-01-20T19:52:58.067+0000] {logging_mixin.py:151} INFO - #False
[2024-01-20T19:52:58.067+0000] {logging_mixin.py:151} INFO - #False
[2024-01-20T19:52:58.067+0000] {logging_mixin.py:151} INFO - #False
[2024-01-20T19:52:58.068+0000] {logging_mixin.py:151} INFO - #False
[2024-01-20T19:52:58.069+0000] {logging_mixin.py:151} INFO - #False
[2024-01-20T19:52:58.069+0000] {logging_mixin.py:151} INFO - #False
[2024-01-20T19:52:58.069+0000] {logging_mixin.py:151} INFO - #False
[2024-01-20T19:52:58.069+0000] {logging_mixin.py:151} INFO - #False
[2024-01-20T19:52:58.070+0000] {logging_mixin.py:151} INFO - #False
[2024-01-20T19:52:58.070+0000] {logging_mixin.py:151} INFO - #False
[2024-01-20T19:52:58.070+0000] {logging_mixin.py:151} INFO - #False
[2024-01-20T19:52:58.070+0000] {logging_mixin.py:151} INFO - #False
[2024-01-20T19:52:58.071+0000] {logging_mixin.py:151} INFO - #False
[2024-01-20T19:52:58.071+0000] {logging_mixin.py:151} INFO - #False
[2024-01-20T19:52:58.071+0000] {logging_mixin.py:151} INFO -  submission : 
[2024-01-20T19:52:58.678+0000] {logging_mixin.py:151} INFO - #False
[2024-01-20T19:52:58.678+0000] {logging_mixin.py:151} INFO - #False
[2024-01-20T19:52:58.679+0000] {logging_mixin.py:151} INFO - #False
[2024-01-20T19:52:58.679+0000] {logging_mixin.py:151} INFO - #False
[2024-01-20T19:52:58.679+0000] {logging_mixin.py:151} INFO - #False
[2024-01-20T19:52:58.680+0000] {logging_mixin.py:151} INFO - #False
[2024-01-20T19:52:58.680+0000] {logging_mixin.py:151} INFO - #False
[2024-01-20T19:52:58.680+0000] {logging_mixin.py:151} INFO - #False
[2024-01-20T19:52:58.680+0000] {logging_mixin.py:151} INFO - #False
[2024-01-20T19:52:58.681+0000] {logging_mixin.py:151} INFO - #False
[2024-01-20T19:52:58.681+0000] {logging_mixin.py:151} INFO - #False
[2024-01-20T19:52:58.681+0000] {logging_mixin.py:151} INFO - #False
[2024-01-20T19:52:58.682+0000] {logging_mixin.py:151} INFO - #False
[2024-01-20T19:52:58.682+0000] {logging_mixin.py:151} INFO - #False
[2024-01-20T19:52:58.682+0000] {logging_mixin.py:151} INFO - #False
[2024-01-20T19:52:58.682+0000] {logging_mixin.py:151} INFO - #False
[2024-01-20T19:52:58.683+0000] {logging_mixin.py:151} INFO - #False
[2024-01-20T19:52:58.683+0000] {logging_mixin.py:151} INFO - #False
[2024-01-20T19:52:58.683+0000] {logging_mixin.py:151} INFO - #False
[2024-01-20T19:52:58.684+0000] {logging_mixin.py:151} INFO - #False
[2024-01-20T19:52:58.684+0000] {logging_mixin.py:151} INFO - #False
[2024-01-20T19:52:58.684+0000] {logging_mixin.py:151} INFO - #False
[2024-01-20T19:52:58.684+0000] {logging_mixin.py:151} INFO - #False
[2024-01-20T19:52:58.685+0000] {logging_mixin.py:151} INFO - #False
[2024-01-20T19:52:58.685+0000] {logging_mixin.py:151} INFO - #False
[2024-01-20T19:52:58.685+0000] {logging_mixin.py:151} INFO - #False
[2024-01-20T19:52:58.685+0000] {logging_mixin.py:151} INFO - #False
[2024-01-20T19:52:58.685+0000] {logging_mixin.py:151} INFO - #False
[2024-01-20T19:52:58.686+0000] {logging_mixin.py:151} INFO - #False
[2024-01-20T19:52:58.686+0000] {logging_mixin.py:151} INFO - #False
[2024-01-20T19:52:58.686+0000] {logging_mixin.py:151} INFO -  submission : 
[2024-01-20T19:52:59.294+0000] {logging_mixin.py:151} INFO - #False
[2024-01-20T19:52:59.295+0000] {logging_mixin.py:151} INFO - #False
[2024-01-20T19:52:59.295+0000] {logging_mixin.py:151} INFO - #False
[2024-01-20T19:52:59.295+0000] {logging_mixin.py:151} INFO - #False
[2024-01-20T19:52:59.296+0000] {logging_mixin.py:151} INFO - #False
[2024-01-20T19:52:59.296+0000] {logging_mixin.py:151} INFO - #False
[2024-01-20T19:52:59.297+0000] {logging_mixin.py:151} INFO - #False
[2024-01-20T19:52:59.297+0000] {logging_mixin.py:151} INFO - #False
[2024-01-20T19:52:59.298+0000] {logging_mixin.py:151} INFO - #False
[2024-01-20T19:52:59.298+0000] {logging_mixin.py:151} INFO - #False
[2024-01-20T19:52:59.298+0000] {logging_mixin.py:151} INFO - #False
[2024-01-20T19:52:59.298+0000] {logging_mixin.py:151} INFO - #False
[2024-01-20T19:52:59.299+0000] {logging_mixin.py:151} INFO - #False
[2024-01-20T19:52:59.299+0000] {logging_mixin.py:151} INFO - #False
[2024-01-20T19:52:59.300+0000] {logging_mixin.py:151} INFO - #False
[2024-01-20T19:52:59.300+0000] {logging_mixin.py:151} INFO - #False
[2024-01-20T19:52:59.300+0000] {logging_mixin.py:151} INFO - #False
[2024-01-20T19:52:59.301+0000] {logging_mixin.py:151} INFO - #False
[2024-01-20T19:52:59.301+0000] {logging_mixin.py:151} INFO - #False
[2024-01-20T19:52:59.301+0000] {logging_mixin.py:151} INFO - #False
[2024-01-20T19:52:59.301+0000] {logging_mixin.py:151} INFO - #False
[2024-01-20T19:52:59.302+0000] {logging_mixin.py:151} INFO - #False
[2024-01-20T19:52:59.302+0000] {logging_mixin.py:151} INFO - #False
[2024-01-20T19:52:59.302+0000] {logging_mixin.py:151} INFO - #False
[2024-01-20T19:52:59.302+0000] {logging_mixin.py:151} INFO - #False
[2024-01-20T19:52:59.303+0000] {logging_mixin.py:151} INFO - #False
[2024-01-20T19:52:59.303+0000] {logging_mixin.py:151} INFO - #False
[2024-01-20T19:52:59.303+0000] {logging_mixin.py:151} INFO - #False
[2024-01-20T19:52:59.303+0000] {logging_mixin.py:151} INFO - #False
[2024-01-20T19:52:59.304+0000] {logging_mixin.py:151} INFO - #False
[2024-01-20T19:52:59.305+0000] {conn.py:919} INFO - <BrokerConnection node_id=1 host=broker:29092 <connected> [IPv4 ('172.19.0.11', 29092)]>: Closing connection. 
[2024-01-20T19:52:59.305+0000] {python.py:194} INFO - Done. Returned value was: None
[2024-01-20T19:52:59.313+0000] {taskinstance.py:1400} INFO - Marking task as SUCCESS. dag_id=Kafka_Producer_2, task_id=Reddit, execution_date=20240120T195047, start_date=20240120T195253, end_date=20240120T195259
[2024-01-20T19:52:59.344+0000] {local_task_job_runner.py:228} INFO - Task exited with return code 0
[2024-01-20T19:52:59.356+0000] {taskinstance.py:2784} INFO - 0 downstream tasks scheduled from follow-on schedule check
