[2024-01-17T21:54:46.396+0000] {taskinstance.py:1159} INFO - Dependencies all met for dep_context=non-requeueable deps ti=<TaskInstance: Stream_Data_1.Reddit scheduled__2024-01-17T21:53:29.396046+00:00 [queued]>
[2024-01-17T21:54:46.403+0000] {taskinstance.py:1159} INFO - Dependencies all met for dep_context=requeueable deps ti=<TaskInstance: Stream_Data_1.Reddit scheduled__2024-01-17T21:53:29.396046+00:00 [queued]>
[2024-01-17T21:54:46.404+0000] {taskinstance.py:1361} INFO - Starting attempt 1 of 1
[2024-01-17T21:54:46.415+0000] {taskinstance.py:1382} INFO - Executing <Task(PythonOperator): Reddit> on 2024-01-17 21:53:29.396046+00:00
[2024-01-17T21:54:46.419+0000] {standard_task_runner.py:57} INFO - Started process 4271 to run task
[2024-01-17T21:54:46.421+0000] {standard_task_runner.py:84} INFO - Running: ['***', 'tasks', 'run', 'Stream_Data_1', 'Reddit', 'scheduled__2024-01-17T21:53:29.396046+00:00', '--job-id', '806', '--raw', '--subdir', 'DAGS_FOLDER/kafka_stream.py', '--cfg-path', '/tmp/tmpbay1as1l']
[2024-01-17T21:54:46.422+0000] {standard_task_runner.py:85} INFO - Job 806: Subtask Reddit
[2024-01-17T21:54:46.462+0000] {task_command.py:415} INFO - Running <TaskInstance: Stream_Data_1.Reddit scheduled__2024-01-17T21:53:29.396046+00:00 [running]> on host 614a419ad930
[2024-01-17T21:54:46.531+0000] {taskinstance.py:1660} INFO - Exporting env vars: AIRFLOW_CTX_DAG_OWNER='me' AIRFLOW_CTX_DAG_ID='Stream_Data_1' AIRFLOW_CTX_TASK_ID='Reddit' AIRFLOW_CTX_EXECUTION_DATE='2024-01-17T21:53:29.396046+00:00' AIRFLOW_CTX_TRY_NUMBER='1' AIRFLOW_CTX_DAG_RUN_ID='scheduled__2024-01-17T21:53:29.396046+00:00'
[2024-01-17T21:54:46.556+0000] {logging_mixin.py:151} INFO -  submission : 
[2024-01-17T21:54:47.899+0000] {logging_mixin.py:151} INFO - #False
[2024-01-17T21:54:47.899+0000] {logging_mixin.py:151} INFO - #False
[2024-01-17T21:54:47.900+0000] {logging_mixin.py:151} INFO - #False
[2024-01-17T21:54:47.900+0000] {logging_mixin.py:151} INFO - #False
[2024-01-17T21:54:47.900+0000] {logging_mixin.py:151} INFO - #False
[2024-01-17T21:54:47.900+0000] {logging_mixin.py:151} INFO - #False
[2024-01-17T21:54:47.900+0000] {logging_mixin.py:151} INFO - #False
[2024-01-17T21:54:47.900+0000] {logging_mixin.py:151} INFO - #False
[2024-01-17T21:54:47.900+0000] {logging_mixin.py:151} INFO - #False
[2024-01-17T21:54:47.900+0000] {logging_mixin.py:151} INFO - #False
[2024-01-17T21:54:47.900+0000] {logging_mixin.py:151} INFO - #False
[2024-01-17T21:54:47.900+0000] {logging_mixin.py:151} INFO - #False
[2024-01-17T21:54:47.900+0000] {logging_mixin.py:151} INFO - #False
[2024-01-17T21:54:47.900+0000] {logging_mixin.py:151} INFO - #False
[2024-01-17T21:54:47.900+0000] {logging_mixin.py:151} INFO - #False
[2024-01-17T21:54:47.900+0000] {logging_mixin.py:151} INFO - #False
[2024-01-17T21:54:47.900+0000] {logging_mixin.py:151} INFO - #False
[2024-01-17T21:54:47.900+0000] {logging_mixin.py:151} INFO - #False
[2024-01-17T21:54:47.900+0000] {logging_mixin.py:151} INFO - #False
[2024-01-17T21:54:47.900+0000] {logging_mixin.py:151} INFO - #False
[2024-01-17T21:54:47.900+0000] {logging_mixin.py:151} INFO - #False
[2024-01-17T21:54:47.900+0000] {logging_mixin.py:151} INFO - #False
[2024-01-17T21:54:47.901+0000] {logging_mixin.py:151} INFO - #False
[2024-01-17T21:54:47.901+0000] {logging_mixin.py:151} INFO - #False
[2024-01-17T21:54:47.901+0000] {logging_mixin.py:151} INFO - #False
[2024-01-17T21:54:47.901+0000] {logging_mixin.py:151} INFO - #False
[2024-01-17T21:54:47.901+0000] {logging_mixin.py:151} INFO - #False
[2024-01-17T21:54:47.901+0000] {logging_mixin.py:151} INFO - #False
[2024-01-17T21:54:47.901+0000] {logging_mixin.py:151} INFO - #False
[2024-01-17T21:54:47.901+0000] {logging_mixin.py:151} INFO - #False
[2024-01-17T21:54:47.901+0000] {logging_mixin.py:151} INFO -  submission : 
[2024-01-17T21:54:48.725+0000] {logging_mixin.py:151} INFO - #False
[2024-01-17T21:54:48.725+0000] {logging_mixin.py:151} INFO - #False
[2024-01-17T21:54:48.725+0000] {logging_mixin.py:151} INFO - #False
[2024-01-17T21:54:48.725+0000] {logging_mixin.py:151} INFO - #False
[2024-01-17T21:54:48.725+0000] {logging_mixin.py:151} INFO - #False
[2024-01-17T21:54:48.725+0000] {logging_mixin.py:151} INFO - #False
[2024-01-17T21:54:48.725+0000] {logging_mixin.py:151} INFO - #False
[2024-01-17T21:54:48.726+0000] {logging_mixin.py:151} INFO - #False
[2024-01-17T21:54:48.726+0000] {logging_mixin.py:151} INFO - #False
[2024-01-17T21:54:48.726+0000] {logging_mixin.py:151} INFO - #False
[2024-01-17T21:54:48.726+0000] {logging_mixin.py:151} INFO - #False
[2024-01-17T21:54:48.726+0000] {logging_mixin.py:151} INFO - #False
[2024-01-17T21:54:48.726+0000] {logging_mixin.py:151} INFO - #False
[2024-01-17T21:54:48.726+0000] {logging_mixin.py:151} INFO - #False
[2024-01-17T21:54:48.726+0000] {logging_mixin.py:151} INFO - #False
[2024-01-17T21:54:48.726+0000] {logging_mixin.py:151} INFO - #False
[2024-01-17T21:54:48.726+0000] {logging_mixin.py:151} INFO - #False
[2024-01-17T21:54:48.726+0000] {logging_mixin.py:151} INFO - #False
[2024-01-17T21:54:48.726+0000] {logging_mixin.py:151} INFO - #False
[2024-01-17T21:54:48.726+0000] {logging_mixin.py:151} INFO - #False
[2024-01-17T21:54:48.726+0000] {logging_mixin.py:151} INFO - #False
[2024-01-17T21:54:48.726+0000] {logging_mixin.py:151} INFO - #False
[2024-01-17T21:54:48.726+0000] {logging_mixin.py:151} INFO - #False
[2024-01-17T21:54:48.727+0000] {logging_mixin.py:151} INFO - #False
[2024-01-17T21:54:48.727+0000] {logging_mixin.py:151} INFO - #False
[2024-01-17T21:54:48.727+0000] {logging_mixin.py:151} INFO - #False
[2024-01-17T21:54:48.727+0000] {logging_mixin.py:151} INFO - #False
[2024-01-17T21:54:48.727+0000] {logging_mixin.py:151} INFO - #False
[2024-01-17T21:54:48.727+0000] {logging_mixin.py:151} INFO - #False
[2024-01-17T21:54:48.727+0000] {logging_mixin.py:151} INFO - #False
[2024-01-17T21:54:48.727+0000] {logging_mixin.py:151} INFO -  submission : 
[2024-01-17T21:54:49.546+0000] {logging_mixin.py:151} INFO - @True
[2024-01-17T21:54:49.548+0000] {conn.py:380} INFO - <BrokerConnection node_id=bootstrap-0 host=broker:29092 <connecting> [IPv4 ('192.168.224.8', 29092)]>: connecting to broker:29092 [('192.168.224.8', 29092) IPv4]
[2024-01-17T21:54:49.548+0000] {conn.py:1205} INFO - Probing node bootstrap-0 broker version
[2024-01-17T21:54:49.548+0000] {conn.py:410} INFO - <BrokerConnection node_id=bootstrap-0 host=broker:29092 <connecting> [IPv4 ('192.168.224.8', 29092)]>: Connection complete.
[2024-01-17T21:54:49.651+0000] {conn.py:1267} INFO - Broker version identified as 2.5.0
[2024-01-17T21:54:49.651+0000] {conn.py:1268} INFO - Set configuration api_version=(2, 5, 0) to skip auto check_version requests on startup
[2024-01-17T21:54:49.720+0000] {logging_mixin.py:151} INFO - #False
[2024-01-17T21:54:49.720+0000] {logging_mixin.py:151} INFO - #False
[2024-01-17T21:54:49.720+0000] {logging_mixin.py:151} INFO - #False
[2024-01-17T21:54:49.720+0000] {logging_mixin.py:151} INFO - #False
[2024-01-17T21:54:49.720+0000] {logging_mixin.py:151} INFO - #False
[2024-01-17T21:54:49.720+0000] {logging_mixin.py:151} INFO - #False
[2024-01-17T21:54:49.721+0000] {logging_mixin.py:151} INFO - #False
[2024-01-17T21:54:49.721+0000] {logging_mixin.py:151} INFO - #False
[2024-01-17T21:54:49.721+0000] {logging_mixin.py:151} INFO - #False
[2024-01-17T21:54:49.721+0000] {logging_mixin.py:151} INFO - #False
[2024-01-17T21:54:49.721+0000] {logging_mixin.py:151} INFO - #False
[2024-01-17T21:54:49.721+0000] {logging_mixin.py:151} INFO - #False
[2024-01-17T21:54:49.721+0000] {logging_mixin.py:151} INFO - #False
[2024-01-17T21:54:49.721+0000] {logging_mixin.py:151} INFO - #False
[2024-01-17T21:54:49.721+0000] {logging_mixin.py:151} INFO - #False
[2024-01-17T21:54:49.722+0000] {logging_mixin.py:151} INFO - #False
[2024-01-17T21:54:49.722+0000] {logging_mixin.py:151} INFO - #False
[2024-01-17T21:54:49.722+0000] {logging_mixin.py:151} INFO - #False
[2024-01-17T21:54:49.722+0000] {logging_mixin.py:151} INFO - #False
[2024-01-17T21:54:49.722+0000] {logging_mixin.py:151} INFO - #False
[2024-01-17T21:54:49.722+0000] {logging_mixin.py:151} INFO - #False
[2024-01-17T21:54:49.722+0000] {logging_mixin.py:151} INFO - #False
[2024-01-17T21:54:49.722+0000] {conn.py:380} INFO - <BrokerConnection node_id=1 host=broker:29092 <connecting> [IPv4 ('192.168.224.8', 29092)]>: connecting to broker:29092 [('192.168.224.8', 29092) IPv4]
[2024-01-17T21:54:49.723+0000] {logging_mixin.py:151} INFO - #False
[2024-01-17T21:54:49.723+0000] {logging_mixin.py:151} INFO - #False
[2024-01-17T21:54:49.723+0000] {logging_mixin.py:151} INFO - #False
[2024-01-17T21:54:49.723+0000] {logging_mixin.py:151} INFO - #False
[2024-01-17T21:54:49.723+0000] {conn.py:410} INFO - <BrokerConnection node_id=1 host=broker:29092 <connecting> [IPv4 ('192.168.224.8', 29092)]>: Connection complete.
[2024-01-17T21:54:49.724+0000] {logging_mixin.py:151} INFO - #False
[2024-01-17T21:54:49.724+0000] {conn.py:919} INFO - <BrokerConnection node_id=bootstrap-0 host=broker:29092 <connected> [IPv4 ('192.168.224.8', 29092)]>: Closing connection. 
[2024-01-17T21:54:49.724+0000] {logging_mixin.py:151} INFO - #False
[2024-01-17T21:54:49.724+0000] {logging_mixin.py:151} INFO - #False
[2024-01-17T21:54:49.724+0000] {logging_mixin.py:151} INFO -  submission : 
[2024-01-17T21:54:50.409+0000] {logging_mixin.py:151} INFO - #False
[2024-01-17T21:54:50.410+0000] {logging_mixin.py:151} INFO - #False
[2024-01-17T21:54:50.410+0000] {logging_mixin.py:151} INFO - #False
[2024-01-17T21:54:50.410+0000] {logging_mixin.py:151} INFO - #False
[2024-01-17T21:54:50.410+0000] {logging_mixin.py:151} INFO - #False
[2024-01-17T21:54:50.410+0000] {logging_mixin.py:151} INFO - #False
[2024-01-17T21:54:50.410+0000] {logging_mixin.py:151} INFO - #False
[2024-01-17T21:54:50.410+0000] {logging_mixin.py:151} INFO - #False
[2024-01-17T21:54:50.410+0000] {logging_mixin.py:151} INFO - #False
[2024-01-17T21:54:50.410+0000] {logging_mixin.py:151} INFO - #False
[2024-01-17T21:54:50.410+0000] {logging_mixin.py:151} INFO - #False
[2024-01-17T21:54:50.410+0000] {logging_mixin.py:151} INFO - #False
[2024-01-17T21:54:50.410+0000] {logging_mixin.py:151} INFO - #False
[2024-01-17T21:54:50.410+0000] {logging_mixin.py:151} INFO - #False
[2024-01-17T21:54:50.410+0000] {logging_mixin.py:151} INFO - #False
[2024-01-17T21:54:50.410+0000] {logging_mixin.py:151} INFO - #False
[2024-01-17T21:54:50.410+0000] {logging_mixin.py:151} INFO - #False
[2024-01-17T21:54:50.411+0000] {logging_mixin.py:151} INFO - #False
[2024-01-17T21:54:50.411+0000] {logging_mixin.py:151} INFO - #False
[2024-01-17T21:54:50.411+0000] {logging_mixin.py:151} INFO - #False
[2024-01-17T21:54:50.411+0000] {logging_mixin.py:151} INFO - #False
[2024-01-17T21:54:50.411+0000] {logging_mixin.py:151} INFO - #False
[2024-01-17T21:54:50.411+0000] {logging_mixin.py:151} INFO - #False
[2024-01-17T21:54:50.411+0000] {logging_mixin.py:151} INFO - #False
[2024-01-17T21:54:50.411+0000] {logging_mixin.py:151} INFO - #False
[2024-01-17T21:54:50.411+0000] {logging_mixin.py:151} INFO - #False
[2024-01-17T21:54:50.411+0000] {logging_mixin.py:151} INFO - #False
[2024-01-17T21:54:50.411+0000] {logging_mixin.py:151} INFO - #False
[2024-01-17T21:54:50.411+0000] {logging_mixin.py:151} INFO - #False
[2024-01-17T21:54:50.411+0000] {logging_mixin.py:151} INFO - #False
[2024-01-17T21:54:50.411+0000] {logging_mixin.py:151} INFO -  submission : 
[2024-01-17T21:54:50.904+0000] {logging_mixin.py:151} INFO - #False
[2024-01-17T21:54:50.905+0000] {logging_mixin.py:151} INFO - #False
[2024-01-17T21:54:50.905+0000] {logging_mixin.py:151} INFO - #False
[2024-01-17T21:54:50.905+0000] {logging_mixin.py:151} INFO - #False
[2024-01-17T21:54:50.905+0000] {logging_mixin.py:151} INFO - #False
[2024-01-17T21:54:50.905+0000] {logging_mixin.py:151} INFO - #False
[2024-01-17T21:54:50.905+0000] {logging_mixin.py:151} INFO - #False
[2024-01-17T21:54:50.905+0000] {logging_mixin.py:151} INFO - #False
[2024-01-17T21:54:50.905+0000] {logging_mixin.py:151} INFO - #False
[2024-01-17T21:54:50.905+0000] {logging_mixin.py:151} INFO - #False
[2024-01-17T21:54:50.905+0000] {logging_mixin.py:151} INFO - #False
[2024-01-17T21:54:50.905+0000] {logging_mixin.py:151} INFO - #False
[2024-01-17T21:54:50.905+0000] {logging_mixin.py:151} INFO - #False
[2024-01-17T21:54:50.905+0000] {logging_mixin.py:151} INFO - #False
[2024-01-17T21:54:50.905+0000] {logging_mixin.py:151} INFO - #False
[2024-01-17T21:54:50.905+0000] {logging_mixin.py:151} INFO - #False
[2024-01-17T21:54:50.905+0000] {logging_mixin.py:151} INFO - #False
[2024-01-17T21:54:50.905+0000] {logging_mixin.py:151} INFO - #False
[2024-01-17T21:54:50.905+0000] {logging_mixin.py:151} INFO - #False
[2024-01-17T21:54:50.905+0000] {logging_mixin.py:151} INFO - #False
[2024-01-17T21:54:50.906+0000] {logging_mixin.py:151} INFO - #False
[2024-01-17T21:54:50.906+0000] {logging_mixin.py:151} INFO - #False
[2024-01-17T21:54:50.906+0000] {logging_mixin.py:151} INFO - #False
[2024-01-17T21:54:50.906+0000] {logging_mixin.py:151} INFO - #False
[2024-01-17T21:54:50.906+0000] {logging_mixin.py:151} INFO - #False
[2024-01-17T21:54:50.906+0000] {logging_mixin.py:151} INFO - #False
[2024-01-17T21:54:50.906+0000] {logging_mixin.py:151} INFO - #False
[2024-01-17T21:54:50.906+0000] {logging_mixin.py:151} INFO - #False
[2024-01-17T21:54:50.906+0000] {logging_mixin.py:151} INFO - #False
[2024-01-17T21:54:50.906+0000] {logging_mixin.py:151} INFO - #False
[2024-01-17T21:54:50.906+0000] {logging_mixin.py:151} INFO -  submission : 
[2024-01-17T21:54:51.727+0000] {logging_mixin.py:151} INFO - #False
[2024-01-17T21:54:51.727+0000] {logging_mixin.py:151} INFO - #False
[2024-01-17T21:54:51.727+0000] {logging_mixin.py:151} INFO - #False
[2024-01-17T21:54:51.727+0000] {logging_mixin.py:151} INFO - #False
[2024-01-17T21:54:51.727+0000] {logging_mixin.py:151} INFO - #False
[2024-01-17T21:54:51.727+0000] {logging_mixin.py:151} INFO - #False
[2024-01-17T21:54:51.727+0000] {logging_mixin.py:151} INFO - #False
[2024-01-17T21:54:51.727+0000] {logging_mixin.py:151} INFO - #False
[2024-01-17T21:54:51.727+0000] {logging_mixin.py:151} INFO - #False
[2024-01-17T21:54:51.727+0000] {logging_mixin.py:151} INFO - #False
[2024-01-17T21:54:51.727+0000] {logging_mixin.py:151} INFO - #False
[2024-01-17T21:54:51.727+0000] {logging_mixin.py:151} INFO - #False
[2024-01-17T21:54:51.727+0000] {logging_mixin.py:151} INFO - #False
[2024-01-17T21:54:51.728+0000] {logging_mixin.py:151} INFO - #False
[2024-01-17T21:54:51.728+0000] {logging_mixin.py:151} INFO - #False
[2024-01-17T21:54:51.728+0000] {logging_mixin.py:151} INFO - #False
[2024-01-17T21:54:51.728+0000] {logging_mixin.py:151} INFO - #False
[2024-01-17T21:54:51.728+0000] {logging_mixin.py:151} INFO - #False
[2024-01-17T21:54:51.728+0000] {logging_mixin.py:151} INFO - #False
[2024-01-17T21:54:51.728+0000] {logging_mixin.py:151} INFO - #False
[2024-01-17T21:54:51.728+0000] {logging_mixin.py:151} INFO - #False
[2024-01-17T21:54:51.728+0000] {logging_mixin.py:151} INFO - #False
[2024-01-17T21:54:51.728+0000] {logging_mixin.py:151} INFO - #False
[2024-01-17T21:54:51.728+0000] {logging_mixin.py:151} INFO - #False
[2024-01-17T21:54:51.728+0000] {logging_mixin.py:151} INFO - #False
[2024-01-17T21:54:51.728+0000] {logging_mixin.py:151} INFO - #False
[2024-01-17T21:54:51.728+0000] {logging_mixin.py:151} INFO - #False
[2024-01-17T21:54:51.728+0000] {logging_mixin.py:151} INFO - #False
[2024-01-17T21:54:51.728+0000] {logging_mixin.py:151} INFO - #False
[2024-01-17T21:54:51.728+0000] {logging_mixin.py:151} INFO - #False
[2024-01-17T21:54:51.729+0000] {logging_mixin.py:151} INFO -  submission : 
[2024-01-17T21:54:52.933+0000] {logging_mixin.py:151} INFO - #False
[2024-01-17T21:54:52.934+0000] {logging_mixin.py:151} INFO - #False
[2024-01-17T21:54:52.934+0000] {logging_mixin.py:151} INFO - #False
[2024-01-17T21:54:52.934+0000] {logging_mixin.py:151} INFO - #False
[2024-01-17T21:54:52.934+0000] {logging_mixin.py:151} INFO - #False
[2024-01-17T21:54:52.934+0000] {logging_mixin.py:151} INFO - #False
[2024-01-17T21:54:52.934+0000] {logging_mixin.py:151} INFO - #False
[2024-01-17T21:54:52.934+0000] {logging_mixin.py:151} INFO - #False
[2024-01-17T21:54:52.934+0000] {logging_mixin.py:151} INFO - #False
[2024-01-17T21:54:52.934+0000] {logging_mixin.py:151} INFO - #False
[2024-01-17T21:54:52.934+0000] {logging_mixin.py:151} INFO - #False
[2024-01-17T21:54:52.934+0000] {logging_mixin.py:151} INFO - #False
[2024-01-17T21:54:52.934+0000] {logging_mixin.py:151} INFO - #False
[2024-01-17T21:54:52.934+0000] {logging_mixin.py:151} INFO - #False
[2024-01-17T21:54:52.934+0000] {logging_mixin.py:151} INFO - #False
[2024-01-17T21:54:52.934+0000] {logging_mixin.py:151} INFO - #False
[2024-01-17T21:54:52.934+0000] {logging_mixin.py:151} INFO - #False
[2024-01-17T21:54:52.934+0000] {logging_mixin.py:151} INFO - #False
[2024-01-17T21:54:52.934+0000] {logging_mixin.py:151} INFO - #False
[2024-01-17T21:54:52.935+0000] {logging_mixin.py:151} INFO - #False
[2024-01-17T21:54:52.935+0000] {logging_mixin.py:151} INFO - #False
[2024-01-17T21:54:52.935+0000] {logging_mixin.py:151} INFO - #False
[2024-01-17T21:54:52.935+0000] {logging_mixin.py:151} INFO - #False
[2024-01-17T21:54:52.935+0000] {logging_mixin.py:151} INFO - #False
[2024-01-17T21:54:52.935+0000] {logging_mixin.py:151} INFO - #False
[2024-01-17T21:54:52.935+0000] {logging_mixin.py:151} INFO - #False
[2024-01-17T21:54:52.935+0000] {logging_mixin.py:151} INFO - #False
[2024-01-17T21:54:52.935+0000] {logging_mixin.py:151} INFO - #False
[2024-01-17T21:54:52.935+0000] {logging_mixin.py:151} INFO - #False
[2024-01-17T21:54:52.935+0000] {logging_mixin.py:151} INFO - #False
[2024-01-17T21:54:52.935+0000] {logging_mixin.py:151} INFO -  submission : 
[2024-01-17T21:54:53.550+0000] {logging_mixin.py:151} INFO - #False
[2024-01-17T21:54:53.551+0000] {logging_mixin.py:151} INFO - #False
[2024-01-17T21:54:53.551+0000] {logging_mixin.py:151} INFO - #False
[2024-01-17T21:54:53.551+0000] {logging_mixin.py:151} INFO - #False
[2024-01-17T21:54:53.551+0000] {logging_mixin.py:151} INFO - #False
[2024-01-17T21:54:53.551+0000] {logging_mixin.py:151} INFO - #False
[2024-01-17T21:54:53.551+0000] {logging_mixin.py:151} INFO - #False
[2024-01-17T21:54:53.551+0000] {logging_mixin.py:151} INFO - #False
[2024-01-17T21:54:53.551+0000] {logging_mixin.py:151} INFO - #False
[2024-01-17T21:54:53.551+0000] {logging_mixin.py:151} INFO - #False
[2024-01-17T21:54:53.551+0000] {logging_mixin.py:151} INFO - #False
[2024-01-17T21:54:53.551+0000] {logging_mixin.py:151} INFO - #False
[2024-01-17T21:54:53.551+0000] {logging_mixin.py:151} INFO - #False
[2024-01-17T21:54:53.551+0000] {logging_mixin.py:151} INFO - #False
[2024-01-17T21:54:53.551+0000] {logging_mixin.py:151} INFO - #False
[2024-01-17T21:54:53.551+0000] {logging_mixin.py:151} INFO - #False
[2024-01-17T21:54:53.551+0000] {logging_mixin.py:151} INFO - #False
[2024-01-17T21:54:53.551+0000] {logging_mixin.py:151} INFO - #False
[2024-01-17T21:54:53.552+0000] {logging_mixin.py:151} INFO - #False
[2024-01-17T21:54:53.552+0000] {logging_mixin.py:151} INFO - #False
[2024-01-17T21:54:53.552+0000] {logging_mixin.py:151} INFO - #False
[2024-01-17T21:54:53.552+0000] {logging_mixin.py:151} INFO - #False
[2024-01-17T21:54:53.552+0000] {logging_mixin.py:151} INFO - #False
[2024-01-17T21:54:53.552+0000] {logging_mixin.py:151} INFO - #False
[2024-01-17T21:54:53.552+0000] {logging_mixin.py:151} INFO - #False
[2024-01-17T21:54:53.552+0000] {logging_mixin.py:151} INFO - #False
[2024-01-17T21:54:53.552+0000] {logging_mixin.py:151} INFO - #False
[2024-01-17T21:54:53.552+0000] {logging_mixin.py:151} INFO - #False
[2024-01-17T21:54:53.552+0000] {logging_mixin.py:151} INFO - #False
[2024-01-17T21:54:53.552+0000] {logging_mixin.py:151} INFO - #False
[2024-01-17T21:54:53.553+0000] {conn.py:919} INFO - <BrokerConnection node_id=1 host=broker:29092 <connected> [IPv4 ('192.168.224.8', 29092)]>: Closing connection. 
[2024-01-17T21:54:53.553+0000] {python.py:194} INFO - Done. Returned value was: None
[2024-01-17T21:54:53.562+0000] {taskinstance.py:1400} INFO - Marking task as SUCCESS. dag_id=Stream_Data_1, task_id=Reddit, execution_date=20240117T215329, start_date=20240117T215446, end_date=20240117T215453
[2024-01-17T21:54:53.613+0000] {local_task_job_runner.py:228} INFO - Task exited with return code 0
[2024-01-17T21:54:53.629+0000] {taskinstance.py:2784} INFO - 0 downstream tasks scheduled from follow-on schedule check
