[2024-01-20T23:44:44.379+0000] {taskinstance.py:1159} INFO - Dependencies all met for dep_context=non-requeueable deps ti=<TaskInstance: Kafka_Producer_1.Reddit scheduled__2024-01-20T23:43:39.000021+00:00 [queued]>
[2024-01-20T23:44:44.386+0000] {taskinstance.py:1159} INFO - Dependencies all met for dep_context=requeueable deps ti=<TaskInstance: Kafka_Producer_1.Reddit scheduled__2024-01-20T23:43:39.000021+00:00 [queued]>
[2024-01-20T23:44:44.387+0000] {taskinstance.py:1361} INFO - Starting attempt 1 of 1
[2024-01-20T23:44:44.399+0000] {taskinstance.py:1382} INFO - Executing <Task(PythonOperator): Reddit> on 2024-01-20 23:43:39.000021+00:00
[2024-01-20T23:44:44.402+0000] {standard_task_runner.py:57} INFO - Started process 2284 to run task
[2024-01-20T23:44:44.404+0000] {standard_task_runner.py:84} INFO - Running: ['***', 'tasks', 'run', 'Kafka_Producer_1', 'Reddit', 'scheduled__2024-01-20T23:43:39.000021+00:00', '--job-id', '1530', '--raw', '--subdir', 'DAGS_FOLDER/kafka_stream.py', '--cfg-path', '/tmp/tmpf5sr8nqy']
[2024-01-20T23:44:44.406+0000] {standard_task_runner.py:85} INFO - Job 1530: Subtask Reddit
[2024-01-20T23:44:44.458+0000] {task_command.py:415} INFO - Running <TaskInstance: Kafka_Producer_1.Reddit scheduled__2024-01-20T23:43:39.000021+00:00 [running]> on host 45c5bfab8aa1
[2024-01-20T23:44:44.603+0000] {taskinstance.py:1660} INFO - Exporting env vars: AIRFLOW_CTX_DAG_OWNER='me' AIRFLOW_CTX_DAG_ID='Kafka_Producer_1' AIRFLOW_CTX_TASK_ID='Reddit' AIRFLOW_CTX_EXECUTION_DATE='2024-01-20T23:43:39.000021+00:00' AIRFLOW_CTX_TRY_NUMBER='1' AIRFLOW_CTX_DAG_RUN_ID='scheduled__2024-01-20T23:43:39.000021+00:00'
[2024-01-20T23:44:44.637+0000] {logging_mixin.py:151} INFO -  submission : 
[2024-01-20T23:44:46.244+0000] {logging_mixin.py:151} INFO - @True
[2024-01-20T23:44:46.246+0000] {conn.py:380} INFO - <BrokerConnection node_id=bootstrap-0 host=broker:29092 <connecting> [IPv4 ('172.19.0.8', 29092)]>: connecting to broker:29092 [('172.19.0.8', 29092) IPv4]
[2024-01-20T23:44:46.247+0000] {conn.py:1205} INFO - Probing node bootstrap-0 broker version
[2024-01-20T23:44:46.248+0000] {conn.py:410} INFO - <BrokerConnection node_id=bootstrap-0 host=broker:29092 <connecting> [IPv4 ('172.19.0.8', 29092)]>: Connection complete.
[2024-01-20T23:44:46.351+0000] {conn.py:1267} INFO - Broker version identified as 2.5.0
[2024-01-20T23:44:46.351+0000] {conn.py:1268} INFO - Set configuration api_version=(2, 5, 0) to skip auto check_version requests on startup
[2024-01-20T23:44:46.356+0000] {logging_mixin.py:151} INFO - @True
[2024-01-20T23:44:46.357+0000] {conn.py:380} INFO - <BrokerConnection node_id=1 host=broker:29092 <connecting> [IPv4 ('172.19.0.8', 29092)]>: connecting to broker:29092 [('172.19.0.8', 29092) IPv4]
[2024-01-20T23:44:46.358+0000] {conn.py:380} INFO - <BrokerConnection node_id=bootstrap-0 host=broker:29092 <connecting> [IPv4 ('172.19.0.8', 29092)]>: connecting to broker:29092 [('172.19.0.8', 29092) IPv4]
[2024-01-20T23:44:46.358+0000] {conn.py:410} INFO - <BrokerConnection node_id=1 host=broker:29092 <connecting> [IPv4 ('172.19.0.8', 29092)]>: Connection complete.
[2024-01-20T23:44:46.358+0000] {conn.py:1205} INFO - Probing node bootstrap-0 broker version
[2024-01-20T23:44:46.359+0000] {conn.py:919} INFO - <BrokerConnection node_id=bootstrap-0 host=broker:29092 <connected> [IPv4 ('172.19.0.8', 29092)]>: Closing connection. 
[2024-01-20T23:44:46.360+0000] {conn.py:410} INFO - <BrokerConnection node_id=bootstrap-0 host=broker:29092 <connecting> [IPv4 ('172.19.0.8', 29092)]>: Connection complete.
[2024-01-20T23:44:46.463+0000] {conn.py:1267} INFO - Broker version identified as 2.5.0
[2024-01-20T23:44:46.464+0000] {conn.py:1268} INFO - Set configuration api_version=(2, 5, 0) to skip auto check_version requests on startup
[2024-01-20T23:44:46.466+0000] {conn.py:919} INFO - <BrokerConnection node_id=1 host=broker:29092 <connected> [IPv4 ('172.19.0.8', 29092)]>: Closing connection. 
[2024-01-20T23:44:46.468+0000] {logging_mixin.py:151} INFO - @True
[2024-01-20T23:44:46.470+0000] {conn.py:380} INFO - <BrokerConnection node_id=1 host=broker:29092 <connecting> [IPv4 ('172.19.0.8', 29092)]>: connecting to broker:29092 [('172.19.0.8', 29092) IPv4]
[2024-01-20T23:44:46.470+0000] {conn.py:380} INFO - <BrokerConnection node_id=bootstrap-0 host=broker:29092 <connecting> [IPv4 ('172.19.0.8', 29092)]>: connecting to broker:29092 [('172.19.0.8', 29092) IPv4]
[2024-01-20T23:44:46.470+0000] {conn.py:410} INFO - <BrokerConnection node_id=1 host=broker:29092 <connecting> [IPv4 ('172.19.0.8', 29092)]>: Connection complete.
[2024-01-20T23:44:46.471+0000] {conn.py:1205} INFO - Probing node bootstrap-0 broker version
[2024-01-20T23:44:46.472+0000] {conn.py:919} INFO - <BrokerConnection node_id=bootstrap-0 host=broker:29092 <connected> [IPv4 ('172.19.0.8', 29092)]>: Closing connection. 
[2024-01-20T23:44:46.473+0000] {conn.py:410} INFO - <BrokerConnection node_id=bootstrap-0 host=broker:29092 <connecting> [IPv4 ('172.19.0.8', 29092)]>: Connection complete.
[2024-01-20T23:44:46.577+0000] {conn.py:1267} INFO - Broker version identified as 2.5.0
[2024-01-20T23:44:46.578+0000] {conn.py:1268} INFO - Set configuration api_version=(2, 5, 0) to skip auto check_version requests on startup
[2024-01-20T23:44:46.580+0000] {conn.py:919} INFO - <BrokerConnection node_id=1 host=broker:29092 <connected> [IPv4 ('172.19.0.8', 29092)]>: Closing connection. 
[2024-01-20T23:44:46.583+0000] {logging_mixin.py:151} INFO - @True
[2024-01-20T23:44:46.584+0000] {conn.py:380} INFO - <BrokerConnection node_id=1 host=broker:29092 <connecting> [IPv4 ('172.19.0.8', 29092)]>: connecting to broker:29092 [('172.19.0.8', 29092) IPv4]
[2024-01-20T23:44:46.584+0000] {conn.py:380} INFO - <BrokerConnection node_id=bootstrap-0 host=broker:29092 <connecting> [IPv4 ('172.19.0.8', 29092)]>: connecting to broker:29092 [('172.19.0.8', 29092) IPv4]
[2024-01-20T23:44:46.584+0000] {conn.py:410} INFO - <BrokerConnection node_id=1 host=broker:29092 <connecting> [IPv4 ('172.19.0.8', 29092)]>: Connection complete.
[2024-01-20T23:44:46.586+0000] {conn.py:919} INFO - <BrokerConnection node_id=bootstrap-0 host=broker:29092 <connected> [IPv4 ('172.19.0.8', 29092)]>: Closing connection. 
[2024-01-20T23:44:46.585+0000] {conn.py:1205} INFO - Probing node bootstrap-0 broker version
[2024-01-20T23:44:46.587+0000] {conn.py:410} INFO - <BrokerConnection node_id=bootstrap-0 host=broker:29092 <connecting> [IPv4 ('172.19.0.8', 29092)]>: Connection complete.
[2024-01-20T23:44:46.690+0000] {conn.py:1267} INFO - Broker version identified as 2.5.0
[2024-01-20T23:44:46.690+0000] {conn.py:1268} INFO - Set configuration api_version=(2, 5, 0) to skip auto check_version requests on startup
[2024-01-20T23:44:46.692+0000] {conn.py:919} INFO - <BrokerConnection node_id=1 host=broker:29092 <connected> [IPv4 ('172.19.0.8', 29092)]>: Closing connection. 
[2024-01-20T23:44:46.694+0000] {logging_mixin.py:151} INFO - @True
[2024-01-20T23:44:46.695+0000] {conn.py:380} INFO - <BrokerConnection node_id=1 host=broker:29092 <connecting> [IPv4 ('172.19.0.8', 29092)]>: connecting to broker:29092 [('172.19.0.8', 29092) IPv4]
[2024-01-20T23:44:46.695+0000] {conn.py:380} INFO - <BrokerConnection node_id=bootstrap-0 host=broker:29092 <connecting> [IPv4 ('172.19.0.8', 29092)]>: connecting to broker:29092 [('172.19.0.8', 29092) IPv4]
[2024-01-20T23:44:46.696+0000] {conn.py:410} INFO - <BrokerConnection node_id=1 host=broker:29092 <connecting> [IPv4 ('172.19.0.8', 29092)]>: Connection complete.
[2024-01-20T23:44:46.696+0000] {conn.py:1205} INFO - Probing node bootstrap-0 broker version
[2024-01-20T23:44:46.696+0000] {conn.py:919} INFO - <BrokerConnection node_id=bootstrap-0 host=broker:29092 <connected> [IPv4 ('172.19.0.8', 29092)]>: Closing connection. 
[2024-01-20T23:44:46.697+0000] {conn.py:410} INFO - <BrokerConnection node_id=bootstrap-0 host=broker:29092 <connecting> [IPv4 ('172.19.0.8', 29092)]>: Connection complete.
[2024-01-20T23:44:46.800+0000] {conn.py:1267} INFO - Broker version identified as 2.5.0
[2024-01-20T23:44:46.801+0000] {conn.py:1268} INFO - Set configuration api_version=(2, 5, 0) to skip auto check_version requests on startup
[2024-01-20T23:44:46.803+0000] {conn.py:919} INFO - <BrokerConnection node_id=1 host=broker:29092 <connected> [IPv4 ('172.19.0.8', 29092)]>: Closing connection. 
[2024-01-20T23:44:46.805+0000] {logging_mixin.py:151} INFO - #False
[2024-01-20T23:44:46.806+0000] {conn.py:380} INFO - <BrokerConnection node_id=1 host=broker:29092 <connecting> [IPv4 ('172.19.0.8', 29092)]>: connecting to broker:29092 [('172.19.0.8', 29092) IPv4]
[2024-01-20T23:44:46.808+0000] {conn.py:410} INFO - <BrokerConnection node_id=1 host=broker:29092 <connecting> [IPv4 ('172.19.0.8', 29092)]>: Connection complete.
[2024-01-20T23:44:46.807+0000] {logging_mixin.py:151} INFO - #False
[2024-01-20T23:44:46.809+0000] {conn.py:919} INFO - <BrokerConnection node_id=bootstrap-0 host=broker:29092 <connected> [IPv4 ('172.19.0.8', 29092)]>: Closing connection. 
[2024-01-20T23:44:46.810+0000] {logging_mixin.py:151} INFO - #False
[2024-01-20T23:44:46.811+0000] {logging_mixin.py:151} INFO - #False
[2024-01-20T23:44:46.812+0000] {logging_mixin.py:151} INFO - #False
[2024-01-20T23:44:46.813+0000] {logging_mixin.py:151} INFO - #False
[2024-01-20T23:44:46.813+0000] {logging_mixin.py:151} INFO - #False
[2024-01-20T23:44:46.814+0000] {logging_mixin.py:151} INFO - #False
[2024-01-20T23:44:46.814+0000] {logging_mixin.py:151} INFO - #False
[2024-01-20T23:44:46.815+0000] {logging_mixin.py:151} INFO - #False
[2024-01-20T23:44:46.815+0000] {logging_mixin.py:151} INFO - #False
[2024-01-20T23:44:46.815+0000] {logging_mixin.py:151} INFO - #False
[2024-01-20T23:44:46.816+0000] {logging_mixin.py:151} INFO - #False
[2024-01-20T23:44:46.816+0000] {logging_mixin.py:151} INFO - #False
[2024-01-20T23:44:46.816+0000] {logging_mixin.py:151} INFO - #False
[2024-01-20T23:44:46.817+0000] {logging_mixin.py:151} INFO - #False
[2024-01-20T23:44:46.817+0000] {logging_mixin.py:151} INFO - #False
[2024-01-20T23:44:46.817+0000] {logging_mixin.py:151} INFO - #False
[2024-01-20T23:44:46.818+0000] {logging_mixin.py:151} INFO - #False
[2024-01-20T23:44:46.818+0000] {logging_mixin.py:151} INFO - #False
[2024-01-20T23:44:46.818+0000] {logging_mixin.py:151} INFO - #False
[2024-01-20T23:44:46.819+0000] {logging_mixin.py:151} INFO - #False
[2024-01-20T23:44:46.819+0000] {logging_mixin.py:151} INFO - #False
[2024-01-20T23:44:46.820+0000] {logging_mixin.py:151} INFO - #False
[2024-01-20T23:44:46.820+0000] {logging_mixin.py:151} INFO - #False
[2024-01-20T23:44:46.820+0000] {logging_mixin.py:151} INFO - #False
[2024-01-20T23:44:46.821+0000] {logging_mixin.py:151} INFO - #False
[2024-01-20T23:44:46.821+0000] {logging_mixin.py:151} INFO - #False
[2024-01-20T23:44:46.822+0000] {logging_mixin.py:151} INFO - #False
[2024-01-20T23:44:46.822+0000] {logging_mixin.py:151} INFO - #False
[2024-01-20T23:44:46.822+0000] {logging_mixin.py:151} INFO - #False
[2024-01-20T23:44:46.823+0000] {logging_mixin.py:151} INFO - #False
[2024-01-20T23:44:46.823+0000] {logging_mixin.py:151} INFO - #False
[2024-01-20T23:44:46.823+0000] {logging_mixin.py:151} INFO - #False
[2024-01-20T23:44:46.823+0000] {logging_mixin.py:151} INFO - #False
[2024-01-20T23:44:46.823+0000] {logging_mixin.py:151} INFO - #False
[2024-01-20T23:44:46.824+0000] {logging_mixin.py:151} INFO - #False
[2024-01-20T23:44:46.824+0000] {logging_mixin.py:151} INFO - #False
[2024-01-20T23:44:46.824+0000] {logging_mixin.py:151} INFO - #False
[2024-01-20T23:44:46.824+0000] {logging_mixin.py:151} INFO - #False
[2024-01-20T23:44:46.825+0000] {logging_mixin.py:151} INFO - #False
[2024-01-20T23:44:46.825+0000] {logging_mixin.py:151} INFO - #False
[2024-01-20T23:44:46.825+0000] {logging_mixin.py:151} INFO - #False
[2024-01-20T23:44:46.825+0000] {logging_mixin.py:151} INFO - #False
[2024-01-20T23:44:46.825+0000] {logging_mixin.py:151} INFO - #False
[2024-01-20T23:44:46.826+0000] {logging_mixin.py:151} INFO -  submission : 
[2024-01-20T23:44:47.685+0000] {logging_mixin.py:151} INFO - #False
[2024-01-20T23:44:47.687+0000] {logging_mixin.py:151} INFO - #False
[2024-01-20T23:44:47.688+0000] {logging_mixin.py:151} INFO - #False
[2024-01-20T23:44:47.690+0000] {logging_mixin.py:151} INFO - #False
[2024-01-20T23:44:47.690+0000] {logging_mixin.py:151} INFO - #False
[2024-01-20T23:44:47.691+0000] {logging_mixin.py:151} INFO - #False
[2024-01-20T23:44:47.691+0000] {logging_mixin.py:151} INFO - #False
[2024-01-20T23:44:47.692+0000] {logging_mixin.py:151} INFO - #False
[2024-01-20T23:44:47.692+0000] {logging_mixin.py:151} INFO - #False
[2024-01-20T23:44:47.693+0000] {logging_mixin.py:151} INFO - #False
[2024-01-20T23:44:47.693+0000] {logging_mixin.py:151} INFO - #False
[2024-01-20T23:44:47.693+0000] {logging_mixin.py:151} INFO - #False
[2024-01-20T23:44:47.694+0000] {logging_mixin.py:151} INFO - #False
[2024-01-20T23:44:47.694+0000] {logging_mixin.py:151} INFO - #False
[2024-01-20T23:44:47.695+0000] {logging_mixin.py:151} INFO - #False
[2024-01-20T23:44:47.696+0000] {logging_mixin.py:151} INFO - #False
[2024-01-20T23:44:47.696+0000] {logging_mixin.py:151} INFO - #False
[2024-01-20T23:44:47.697+0000] {logging_mixin.py:151} INFO - #False
[2024-01-20T23:44:47.697+0000] {logging_mixin.py:151} INFO - #False
[2024-01-20T23:44:47.698+0000] {logging_mixin.py:151} INFO - #False
[2024-01-20T23:44:47.698+0000] {logging_mixin.py:151} INFO - #False
[2024-01-20T23:44:47.698+0000] {logging_mixin.py:151} INFO - #False
[2024-01-20T23:44:47.699+0000] {logging_mixin.py:151} INFO - #False
[2024-01-20T23:44:47.699+0000] {logging_mixin.py:151} INFO - #False
[2024-01-20T23:44:47.699+0000] {logging_mixin.py:151} INFO - #False
[2024-01-20T23:44:47.700+0000] {logging_mixin.py:151} INFO - #False
[2024-01-20T23:44:47.700+0000] {logging_mixin.py:151} INFO - #False
[2024-01-20T23:44:47.701+0000] {logging_mixin.py:151} INFO - #False
[2024-01-20T23:44:47.702+0000] {logging_mixin.py:151} INFO - #False
[2024-01-20T23:44:47.702+0000] {logging_mixin.py:151} INFO - #False
[2024-01-20T23:44:47.703+0000] {logging_mixin.py:151} INFO - #False
[2024-01-20T23:44:47.703+0000] {logging_mixin.py:151} INFO - #False
[2024-01-20T23:44:47.704+0000] {logging_mixin.py:151} INFO - #False
[2024-01-20T23:44:47.705+0000] {logging_mixin.py:151} INFO - #False
[2024-01-20T23:44:47.705+0000] {logging_mixin.py:151} INFO - #False
[2024-01-20T23:44:47.705+0000] {logging_mixin.py:151} INFO - #False
[2024-01-20T23:44:47.705+0000] {logging_mixin.py:151} INFO - #False
[2024-01-20T23:44:47.706+0000] {logging_mixin.py:151} INFO - #False
[2024-01-20T23:44:47.706+0000] {logging_mixin.py:151} INFO - #False
[2024-01-20T23:44:47.707+0000] {logging_mixin.py:151} INFO - #False
[2024-01-20T23:44:47.707+0000] {logging_mixin.py:151} INFO - #False
[2024-01-20T23:44:47.707+0000] {logging_mixin.py:151} INFO - #False
[2024-01-20T23:44:47.707+0000] {logging_mixin.py:151} INFO - #False
[2024-01-20T23:44:47.708+0000] {logging_mixin.py:151} INFO - #False
[2024-01-20T23:44:47.708+0000] {logging_mixin.py:151} INFO - #False
[2024-01-20T23:44:47.708+0000] {logging_mixin.py:151} INFO - #False
[2024-01-20T23:44:47.708+0000] {logging_mixin.py:151} INFO - #False
[2024-01-20T23:44:47.709+0000] {logging_mixin.py:151} INFO - #False
[2024-01-20T23:44:47.709+0000] {logging_mixin.py:151} INFO - #False
[2024-01-20T23:44:47.709+0000] {logging_mixin.py:151} INFO - #False
[2024-01-20T23:44:47.710+0000] {logging_mixin.py:151} INFO -  submission : 
[2024-01-20T23:44:48.651+0000] {logging_mixin.py:151} INFO - @True
[2024-01-20T23:44:48.653+0000] {conn.py:380} INFO - <BrokerConnection node_id=bootstrap-0 host=broker:29092 <connecting> [IPv4 ('172.19.0.8', 29092)]>: connecting to broker:29092 [('172.19.0.8', 29092) IPv4]
[2024-01-20T23:44:48.654+0000] {conn.py:1205} INFO - Probing node bootstrap-0 broker version
[2024-01-20T23:44:48.654+0000] {conn.py:410} INFO - <BrokerConnection node_id=bootstrap-0 host=broker:29092 <connecting> [IPv4 ('172.19.0.8', 29092)]>: Connection complete.
[2024-01-20T23:44:48.758+0000] {conn.py:1267} INFO - Broker version identified as 2.5.0
[2024-01-20T23:44:48.759+0000] {conn.py:1268} INFO - Set configuration api_version=(2, 5, 0) to skip auto check_version requests on startup
[2024-01-20T23:44:48.761+0000] {conn.py:919} INFO - <BrokerConnection node_id=1 host=broker:29092 <connected> [IPv4 ('172.19.0.8', 29092)]>: Closing connection. 
[2024-01-20T23:44:48.763+0000] {logging_mixin.py:151} INFO - @True
[2024-01-20T23:44:48.764+0000] {conn.py:380} INFO - <BrokerConnection node_id=1 host=broker:29092 <connecting> [IPv4 ('172.19.0.8', 29092)]>: connecting to broker:29092 [('172.19.0.8', 29092) IPv4]
[2024-01-20T23:44:48.766+0000] {conn.py:380} INFO - <BrokerConnection node_id=bootstrap-0 host=broker:29092 <connecting> [IPv4 ('172.19.0.8', 29092)]>: connecting to broker:29092 [('172.19.0.8', 29092) IPv4]
[2024-01-20T23:44:48.766+0000] {conn.py:410} INFO - <BrokerConnection node_id=1 host=broker:29092 <connecting> [IPv4 ('172.19.0.8', 29092)]>: Connection complete.
[2024-01-20T23:44:48.766+0000] {conn.py:1205} INFO - Probing node bootstrap-0 broker version
[2024-01-20T23:44:48.767+0000] {conn.py:919} INFO - <BrokerConnection node_id=bootstrap-0 host=broker:29092 <connected> [IPv4 ('172.19.0.8', 29092)]>: Closing connection. 
[2024-01-20T23:44:48.768+0000] {conn.py:410} INFO - <BrokerConnection node_id=bootstrap-0 host=broker:29092 <connecting> [IPv4 ('172.19.0.8', 29092)]>: Connection complete.
[2024-01-20T23:44:48.871+0000] {conn.py:1267} INFO - Broker version identified as 2.5.0
[2024-01-20T23:44:48.872+0000] {conn.py:1268} INFO - Set configuration api_version=(2, 5, 0) to skip auto check_version requests on startup
[2024-01-20T23:44:48.873+0000] {conn.py:919} INFO - <BrokerConnection node_id=1 host=broker:29092 <connected> [IPv4 ('172.19.0.8', 29092)]>: Closing connection. 
[2024-01-20T23:44:48.876+0000] {logging_mixin.py:151} INFO - @True
[2024-01-20T23:44:48.877+0000] {conn.py:380} INFO - <BrokerConnection node_id=1 host=broker:29092 <connecting> [IPv4 ('172.19.0.8', 29092)]>: connecting to broker:29092 [('172.19.0.8', 29092) IPv4]
[2024-01-20T23:44:48.877+0000] {conn.py:380} INFO - <BrokerConnection node_id=bootstrap-0 host=broker:29092 <connecting> [IPv4 ('172.19.0.8', 29092)]>: connecting to broker:29092 [('172.19.0.8', 29092) IPv4]
[2024-01-20T23:44:48.877+0000] {conn.py:410} INFO - <BrokerConnection node_id=1 host=broker:29092 <connecting> [IPv4 ('172.19.0.8', 29092)]>: Connection complete.
[2024-01-20T23:44:48.878+0000] {conn.py:1205} INFO - Probing node bootstrap-0 broker version
[2024-01-20T23:44:48.878+0000] {conn.py:919} INFO - <BrokerConnection node_id=bootstrap-0 host=broker:29092 <connected> [IPv4 ('172.19.0.8', 29092)]>: Closing connection. 
[2024-01-20T23:44:48.879+0000] {conn.py:410} INFO - <BrokerConnection node_id=bootstrap-0 host=broker:29092 <connecting> [IPv4 ('172.19.0.8', 29092)]>: Connection complete.
[2024-01-20T23:44:48.983+0000] {conn.py:1267} INFO - Broker version identified as 2.5.0
[2024-01-20T23:44:48.983+0000] {conn.py:1268} INFO - Set configuration api_version=(2, 5, 0) to skip auto check_version requests on startup
[2024-01-20T23:44:48.985+0000] {conn.py:919} INFO - <BrokerConnection node_id=1 host=broker:29092 <connected> [IPv4 ('172.19.0.8', 29092)]>: Closing connection. 
[2024-01-20T23:44:48.988+0000] {logging_mixin.py:151} INFO - #False
[2024-01-20T23:44:48.988+0000] {logging_mixin.py:151} INFO - #False
[2024-01-20T23:44:48.989+0000] {conn.py:380} INFO - <BrokerConnection node_id=1 host=broker:29092 <connecting> [IPv4 ('172.19.0.8', 29092)]>: connecting to broker:29092 [('172.19.0.8', 29092) IPv4]
[2024-01-20T23:44:48.990+0000] {logging_mixin.py:151} INFO - #False
[2024-01-20T23:44:48.990+0000] {conn.py:410} INFO - <BrokerConnection node_id=1 host=broker:29092 <connecting> [IPv4 ('172.19.0.8', 29092)]>: Connection complete.
[2024-01-20T23:44:48.991+0000] {logging_mixin.py:151} INFO - #False
[2024-01-20T23:44:48.993+0000] {conn.py:919} INFO - <BrokerConnection node_id=bootstrap-0 host=broker:29092 <connected> [IPv4 ('172.19.0.8', 29092)]>: Closing connection. 
[2024-01-20T23:44:48.993+0000] {logging_mixin.py:151} INFO - #False
[2024-01-20T23:44:48.996+0000] {logging_mixin.py:151} INFO - #False
[2024-01-20T23:44:48.996+0000] {logging_mixin.py:151} INFO - #False
[2024-01-20T23:44:48.997+0000] {logging_mixin.py:151} INFO - #False
[2024-01-20T23:44:48.997+0000] {logging_mixin.py:151} INFO - #False
[2024-01-20T23:44:48.997+0000] {logging_mixin.py:151} INFO - #False
[2024-01-20T23:44:48.997+0000] {logging_mixin.py:151} INFO - #False
[2024-01-20T23:44:48.998+0000] {logging_mixin.py:151} INFO - #False
[2024-01-20T23:44:48.998+0000] {logging_mixin.py:151} INFO - #False
[2024-01-20T23:44:48.998+0000] {logging_mixin.py:151} INFO - #False
[2024-01-20T23:44:48.999+0000] {logging_mixin.py:151} INFO - #False
[2024-01-20T23:44:48.999+0000] {logging_mixin.py:151} INFO - #False
[2024-01-20T23:44:49.000+0000] {logging_mixin.py:151} INFO - #False
[2024-01-20T23:44:49.000+0000] {logging_mixin.py:151} INFO - #False
[2024-01-20T23:44:49.000+0000] {logging_mixin.py:151} INFO - #False
[2024-01-20T23:44:49.001+0000] {logging_mixin.py:151} INFO - #False
[2024-01-20T23:44:49.001+0000] {logging_mixin.py:151} INFO - #False
[2024-01-20T23:44:49.001+0000] {logging_mixin.py:151} INFO - #False
[2024-01-20T23:44:49.002+0000] {logging_mixin.py:151} INFO - #False
[2024-01-20T23:44:49.002+0000] {logging_mixin.py:151} INFO - #False
[2024-01-20T23:44:49.002+0000] {logging_mixin.py:151} INFO - #False
[2024-01-20T23:44:49.003+0000] {logging_mixin.py:151} INFO - #False
[2024-01-20T23:44:49.003+0000] {logging_mixin.py:151} INFO - #False
[2024-01-20T23:44:49.003+0000] {logging_mixin.py:151} INFO - #False
[2024-01-20T23:44:49.004+0000] {logging_mixin.py:151} INFO - #False
[2024-01-20T23:44:49.004+0000] {logging_mixin.py:151} INFO - #False
[2024-01-20T23:44:49.004+0000] {logging_mixin.py:151} INFO - #False
[2024-01-20T23:44:49.005+0000] {logging_mixin.py:151} INFO - #False
[2024-01-20T23:44:49.005+0000] {logging_mixin.py:151} INFO - #False
[2024-01-20T23:44:49.005+0000] {logging_mixin.py:151} INFO - #False
[2024-01-20T23:44:49.006+0000] {logging_mixin.py:151} INFO - #False
[2024-01-20T23:44:49.006+0000] {logging_mixin.py:151} INFO - #False
[2024-01-20T23:44:49.006+0000] {logging_mixin.py:151} INFO - #False
[2024-01-20T23:44:49.007+0000] {logging_mixin.py:151} INFO - #False
[2024-01-20T23:44:49.007+0000] {logging_mixin.py:151} INFO - #False
[2024-01-20T23:44:49.007+0000] {logging_mixin.py:151} INFO - #False
[2024-01-20T23:44:49.007+0000] {logging_mixin.py:151} INFO - #False
[2024-01-20T23:44:49.008+0000] {logging_mixin.py:151} INFO - #False
[2024-01-20T23:44:49.008+0000] {logging_mixin.py:151} INFO - #False
[2024-01-20T23:44:49.008+0000] {logging_mixin.py:151} INFO - #False
[2024-01-20T23:44:49.008+0000] {logging_mixin.py:151} INFO - #False
[2024-01-20T23:44:49.009+0000] {logging_mixin.py:151} INFO - #False
[2024-01-20T23:44:49.009+0000] {logging_mixin.py:151} INFO - #False
[2024-01-20T23:44:49.009+0000] {logging_mixin.py:151} INFO -  submission : 
[2024-01-20T23:44:49.683+0000] {logging_mixin.py:151} INFO - #False
[2024-01-20T23:44:49.683+0000] {logging_mixin.py:151} INFO - #False
[2024-01-20T23:44:49.684+0000] {logging_mixin.py:151} INFO - #False
[2024-01-20T23:44:49.684+0000] {logging_mixin.py:151} INFO - #False
[2024-01-20T23:44:49.684+0000] {logging_mixin.py:151} INFO - #False
[2024-01-20T23:44:49.685+0000] {logging_mixin.py:151} INFO - #False
[2024-01-20T23:44:49.685+0000] {logging_mixin.py:151} INFO - #False
[2024-01-20T23:44:49.685+0000] {logging_mixin.py:151} INFO - #False
[2024-01-20T23:44:49.686+0000] {logging_mixin.py:151} INFO - #False
[2024-01-20T23:44:49.686+0000] {logging_mixin.py:151} INFO - #False
[2024-01-20T23:44:49.686+0000] {logging_mixin.py:151} INFO - #False
[2024-01-20T23:44:49.687+0000] {logging_mixin.py:151} INFO - #False
[2024-01-20T23:44:49.687+0000] {logging_mixin.py:151} INFO - #False
[2024-01-20T23:44:49.687+0000] {logging_mixin.py:151} INFO - #False
[2024-01-20T23:44:49.687+0000] {logging_mixin.py:151} INFO - #False
[2024-01-20T23:44:49.688+0000] {logging_mixin.py:151} INFO - #False
[2024-01-20T23:44:49.688+0000] {logging_mixin.py:151} INFO - #False
[2024-01-20T23:44:49.689+0000] {logging_mixin.py:151} INFO - #False
[2024-01-20T23:44:49.689+0000] {logging_mixin.py:151} INFO - #False
[2024-01-20T23:44:49.690+0000] {logging_mixin.py:151} INFO - #False
[2024-01-20T23:44:49.690+0000] {logging_mixin.py:151} INFO - #False
[2024-01-20T23:44:49.691+0000] {logging_mixin.py:151} INFO - #False
[2024-01-20T23:44:49.691+0000] {logging_mixin.py:151} INFO - #False
[2024-01-20T23:44:49.692+0000] {logging_mixin.py:151} INFO - #False
[2024-01-20T23:44:49.692+0000] {logging_mixin.py:151} INFO - #False
[2024-01-20T23:44:49.692+0000] {logging_mixin.py:151} INFO - #False
[2024-01-20T23:44:49.693+0000] {logging_mixin.py:151} INFO - #False
[2024-01-20T23:44:49.693+0000] {logging_mixin.py:151} INFO - #False
[2024-01-20T23:44:49.694+0000] {logging_mixin.py:151} INFO - #False
[2024-01-20T23:44:49.694+0000] {logging_mixin.py:151} INFO - #False
[2024-01-20T23:44:49.694+0000] {logging_mixin.py:151} INFO - #False
[2024-01-20T23:44:49.694+0000] {logging_mixin.py:151} INFO - #False
[2024-01-20T23:44:49.695+0000] {logging_mixin.py:151} INFO - #False
[2024-01-20T23:44:49.695+0000] {logging_mixin.py:151} INFO - #False
[2024-01-20T23:44:49.696+0000] {logging_mixin.py:151} INFO - #False
[2024-01-20T23:44:49.696+0000] {logging_mixin.py:151} INFO - #False
[2024-01-20T23:44:49.696+0000] {logging_mixin.py:151} INFO - #False
[2024-01-20T23:44:49.697+0000] {logging_mixin.py:151} INFO - #False
[2024-01-20T23:44:49.697+0000] {logging_mixin.py:151} INFO - #False
[2024-01-20T23:44:49.697+0000] {logging_mixin.py:151} INFO - #False
[2024-01-20T23:44:49.697+0000] {logging_mixin.py:151} INFO - #False
[2024-01-20T23:44:49.698+0000] {logging_mixin.py:151} INFO - #False
[2024-01-20T23:44:49.698+0000] {logging_mixin.py:151} INFO - #False
[2024-01-20T23:44:49.698+0000] {logging_mixin.py:151} INFO - #False
[2024-01-20T23:44:49.698+0000] {logging_mixin.py:151} INFO - #False
[2024-01-20T23:44:49.699+0000] {logging_mixin.py:151} INFO - #False
[2024-01-20T23:44:49.699+0000] {logging_mixin.py:151} INFO - #False
[2024-01-20T23:44:49.699+0000] {logging_mixin.py:151} INFO - #False
[2024-01-20T23:44:49.699+0000] {logging_mixin.py:151} INFO - #False
[2024-01-20T23:44:49.700+0000] {logging_mixin.py:151} INFO - #False
[2024-01-20T23:44:49.700+0000] {logging_mixin.py:151} INFO -  submission : 
[2024-01-20T23:44:50.849+0000] {logging_mixin.py:151} INFO - #False
[2024-01-20T23:44:50.850+0000] {logging_mixin.py:151} INFO - #False
[2024-01-20T23:44:50.850+0000] {logging_mixin.py:151} INFO - #False
[2024-01-20T23:44:50.851+0000] {logging_mixin.py:151} INFO - #False
[2024-01-20T23:44:50.851+0000] {logging_mixin.py:151} INFO - #False
[2024-01-20T23:44:50.851+0000] {logging_mixin.py:151} INFO - #False
[2024-01-20T23:44:50.852+0000] {logging_mixin.py:151} INFO - #False
[2024-01-20T23:44:50.852+0000] {logging_mixin.py:151} INFO - #False
[2024-01-20T23:44:50.853+0000] {logging_mixin.py:151} INFO - #False
[2024-01-20T23:44:50.853+0000] {logging_mixin.py:151} INFO - #False
[2024-01-20T23:44:50.854+0000] {logging_mixin.py:151} INFO - #False
[2024-01-20T23:44:50.855+0000] {logging_mixin.py:151} INFO - #False
[2024-01-20T23:44:50.856+0000] {logging_mixin.py:151} INFO - #False
[2024-01-20T23:44:50.857+0000] {logging_mixin.py:151} INFO - #False
[2024-01-20T23:44:50.858+0000] {logging_mixin.py:151} INFO - #False
[2024-01-20T23:44:50.859+0000] {logging_mixin.py:151} INFO - #False
[2024-01-20T23:44:50.861+0000] {logging_mixin.py:151} INFO - #False
[2024-01-20T23:44:50.862+0000] {logging_mixin.py:151} INFO - #False
[2024-01-20T23:44:50.862+0000] {logging_mixin.py:151} INFO - #False
[2024-01-20T23:44:50.863+0000] {logging_mixin.py:151} INFO - #False
[2024-01-20T23:44:50.863+0000] {logging_mixin.py:151} INFO - #False
[2024-01-20T23:44:50.864+0000] {logging_mixin.py:151} INFO - #False
[2024-01-20T23:44:50.865+0000] {logging_mixin.py:151} INFO - #False
[2024-01-20T23:44:50.865+0000] {logging_mixin.py:151} INFO - #False
[2024-01-20T23:44:50.866+0000] {logging_mixin.py:151} INFO - #False
[2024-01-20T23:44:50.866+0000] {logging_mixin.py:151} INFO - #False
[2024-01-20T23:44:50.867+0000] {logging_mixin.py:151} INFO - #False
[2024-01-20T23:44:50.867+0000] {logging_mixin.py:151} INFO - #False
[2024-01-20T23:44:50.867+0000] {logging_mixin.py:151} INFO - #False
[2024-01-20T23:44:50.868+0000] {logging_mixin.py:151} INFO - #False
[2024-01-20T23:44:50.868+0000] {logging_mixin.py:151} INFO - #False
[2024-01-20T23:44:50.869+0000] {logging_mixin.py:151} INFO - #False
[2024-01-20T23:44:50.869+0000] {logging_mixin.py:151} INFO - #False
[2024-01-20T23:44:50.869+0000] {logging_mixin.py:151} INFO - #False
[2024-01-20T23:44:50.870+0000] {logging_mixin.py:151} INFO - #False
[2024-01-20T23:44:50.870+0000] {logging_mixin.py:151} INFO - #False
[2024-01-20T23:44:50.871+0000] {logging_mixin.py:151} INFO - #False
[2024-01-20T23:44:50.871+0000] {logging_mixin.py:151} INFO - #False
[2024-01-20T23:44:50.872+0000] {logging_mixin.py:151} INFO - #False
[2024-01-20T23:44:50.872+0000] {logging_mixin.py:151} INFO - #False
[2024-01-20T23:44:50.872+0000] {logging_mixin.py:151} INFO - #False
[2024-01-20T23:44:50.873+0000] {logging_mixin.py:151} INFO - #False
[2024-01-20T23:44:50.873+0000] {logging_mixin.py:151} INFO - #False
[2024-01-20T23:44:50.874+0000] {logging_mixin.py:151} INFO - #False
[2024-01-20T23:44:50.874+0000] {logging_mixin.py:151} INFO - #False
[2024-01-20T23:44:50.875+0000] {logging_mixin.py:151} INFO - #False
[2024-01-20T23:44:50.875+0000] {logging_mixin.py:151} INFO - #False
[2024-01-20T23:44:50.876+0000] {logging_mixin.py:151} INFO - #False
[2024-01-20T23:44:50.876+0000] {logging_mixin.py:151} INFO - #False
[2024-01-20T23:44:50.876+0000] {logging_mixin.py:151} INFO - #False
[2024-01-20T23:44:50.877+0000] {logging_mixin.py:151} INFO -  submission : 
[2024-01-20T23:44:51.680+0000] {logging_mixin.py:151} INFO - #False
[2024-01-20T23:44:51.681+0000] {logging_mixin.py:151} INFO - #False
[2024-01-20T23:44:51.682+0000] {logging_mixin.py:151} INFO - #False
[2024-01-20T23:44:51.682+0000] {logging_mixin.py:151} INFO - #False
[2024-01-20T23:44:51.683+0000] {logging_mixin.py:151} INFO - #False
[2024-01-20T23:44:51.683+0000] {logging_mixin.py:151} INFO - #False
[2024-01-20T23:44:51.684+0000] {logging_mixin.py:151} INFO - #False
[2024-01-20T23:44:51.684+0000] {logging_mixin.py:151} INFO - #False
[2024-01-20T23:44:51.685+0000] {logging_mixin.py:151} INFO - #False
[2024-01-20T23:44:51.685+0000] {logging_mixin.py:151} INFO - #False
[2024-01-20T23:44:51.686+0000] {logging_mixin.py:151} INFO - #False
[2024-01-20T23:44:51.686+0000] {logging_mixin.py:151} INFO - #False
[2024-01-20T23:44:51.687+0000] {logging_mixin.py:151} INFO - #False
[2024-01-20T23:44:51.687+0000] {logging_mixin.py:151} INFO - #False
[2024-01-20T23:44:51.687+0000] {logging_mixin.py:151} INFO - #False
[2024-01-20T23:44:51.688+0000] {logging_mixin.py:151} INFO - #False
[2024-01-20T23:44:51.688+0000] {logging_mixin.py:151} INFO - #False
[2024-01-20T23:44:51.688+0000] {logging_mixin.py:151} INFO - #False
[2024-01-20T23:44:51.689+0000] {logging_mixin.py:151} INFO - #False
[2024-01-20T23:44:51.689+0000] {logging_mixin.py:151} INFO - #False
[2024-01-20T23:44:51.689+0000] {logging_mixin.py:151} INFO - #False
[2024-01-20T23:44:51.690+0000] {logging_mixin.py:151} INFO - #False
[2024-01-20T23:44:51.690+0000] {logging_mixin.py:151} INFO - #False
[2024-01-20T23:44:51.690+0000] {logging_mixin.py:151} INFO - #False
[2024-01-20T23:44:51.691+0000] {logging_mixin.py:151} INFO - #False
[2024-01-20T23:44:51.691+0000] {logging_mixin.py:151} INFO - #False
[2024-01-20T23:44:51.691+0000] {logging_mixin.py:151} INFO - #False
[2024-01-20T23:44:51.692+0000] {logging_mixin.py:151} INFO - #False
[2024-01-20T23:44:51.693+0000] {logging_mixin.py:151} INFO - #False
[2024-01-20T23:44:51.693+0000] {logging_mixin.py:151} INFO - #False
[2024-01-20T23:44:51.694+0000] {logging_mixin.py:151} INFO - #False
[2024-01-20T23:44:51.694+0000] {logging_mixin.py:151} INFO - #False
[2024-01-20T23:44:51.694+0000] {logging_mixin.py:151} INFO - #False
[2024-01-20T23:44:51.695+0000] {logging_mixin.py:151} INFO - #False
[2024-01-20T23:44:51.695+0000] {logging_mixin.py:151} INFO - #False
[2024-01-20T23:44:51.696+0000] {logging_mixin.py:151} INFO - #False
[2024-01-20T23:44:51.697+0000] {logging_mixin.py:151} INFO - #False
[2024-01-20T23:44:51.698+0000] {logging_mixin.py:151} INFO - #False
[2024-01-20T23:44:51.699+0000] {logging_mixin.py:151} INFO - #False
[2024-01-20T23:44:51.699+0000] {logging_mixin.py:151} INFO - #False
[2024-01-20T23:44:51.700+0000] {logging_mixin.py:151} INFO - #False
[2024-01-20T23:44:51.701+0000] {logging_mixin.py:151} INFO - #False
[2024-01-20T23:44:51.702+0000] {logging_mixin.py:151} INFO - #False
[2024-01-20T23:44:51.702+0000] {logging_mixin.py:151} INFO - #False
[2024-01-20T23:44:51.703+0000] {logging_mixin.py:151} INFO - #False
[2024-01-20T23:44:51.703+0000] {logging_mixin.py:151} INFO - #False
[2024-01-20T23:44:51.704+0000] {logging_mixin.py:151} INFO - #False
[2024-01-20T23:44:51.704+0000] {logging_mixin.py:151} INFO - #False
[2024-01-20T23:44:51.705+0000] {logging_mixin.py:151} INFO - #False
[2024-01-20T23:44:51.705+0000] {logging_mixin.py:151} INFO - #False
[2024-01-20T23:44:51.706+0000] {logging_mixin.py:151} INFO -  submission : 
[2024-01-20T23:44:52.512+0000] {logging_mixin.py:151} INFO - @True
[2024-01-20T23:44:52.514+0000] {conn.py:380} INFO - <BrokerConnection node_id=bootstrap-0 host=broker:29092 <connecting> [IPv4 ('172.19.0.8', 29092)]>: connecting to broker:29092 [('172.19.0.8', 29092) IPv4]
[2024-01-20T23:44:52.515+0000] {conn.py:1205} INFO - Probing node bootstrap-0 broker version
[2024-01-20T23:44:52.516+0000] {conn.py:410} INFO - <BrokerConnection node_id=bootstrap-0 host=broker:29092 <connecting> [IPv4 ('172.19.0.8', 29092)]>: Connection complete.
[2024-01-20T23:44:52.619+0000] {conn.py:1267} INFO - Broker version identified as 2.5.0
[2024-01-20T23:44:52.620+0000] {conn.py:1268} INFO - Set configuration api_version=(2, 5, 0) to skip auto check_version requests on startup
[2024-01-20T23:44:52.622+0000] {conn.py:919} INFO - <BrokerConnection node_id=1 host=broker:29092 <connected> [IPv4 ('172.19.0.8', 29092)]>: Closing connection. 
[2024-01-20T23:44:52.624+0000] {logging_mixin.py:151} INFO - @True
[2024-01-20T23:44:52.625+0000] {conn.py:380} INFO - <BrokerConnection node_id=1 host=broker:29092 <connecting> [IPv4 ('172.19.0.8', 29092)]>: connecting to broker:29092 [('172.19.0.8', 29092) IPv4]
[2024-01-20T23:44:52.625+0000] {conn.py:380} INFO - <BrokerConnection node_id=bootstrap-0 host=broker:29092 <connecting> [IPv4 ('172.19.0.8', 29092)]>: connecting to broker:29092 [('172.19.0.8', 29092) IPv4]
[2024-01-20T23:44:52.626+0000] {conn.py:410} INFO - <BrokerConnection node_id=1 host=broker:29092 <connecting> [IPv4 ('172.19.0.8', 29092)]>: Connection complete.
[2024-01-20T23:44:52.626+0000] {conn.py:919} INFO - <BrokerConnection node_id=bootstrap-0 host=broker:29092 <connected> [IPv4 ('172.19.0.8', 29092)]>: Closing connection. 
[2024-01-20T23:44:52.626+0000] {conn.py:1205} INFO - Probing node bootstrap-0 broker version
[2024-01-20T23:44:52.628+0000] {conn.py:410} INFO - <BrokerConnection node_id=bootstrap-0 host=broker:29092 <connecting> [IPv4 ('172.19.0.8', 29092)]>: Connection complete.
[2024-01-20T23:44:52.731+0000] {conn.py:1267} INFO - Broker version identified as 2.5.0
[2024-01-20T23:44:52.732+0000] {conn.py:1268} INFO - Set configuration api_version=(2, 5, 0) to skip auto check_version requests on startup
[2024-01-20T23:44:52.734+0000] {conn.py:919} INFO - <BrokerConnection node_id=1 host=broker:29092 <connected> [IPv4 ('172.19.0.8', 29092)]>: Closing connection. 
[2024-01-20T23:44:52.737+0000] {logging_mixin.py:151} INFO - #False
[2024-01-20T23:44:52.737+0000] {logging_mixin.py:151} INFO - #False
[2024-01-20T23:44:52.737+0000] {conn.py:380} INFO - <BrokerConnection node_id=1 host=broker:29092 <connecting> [IPv4 ('172.19.0.8', 29092)]>: connecting to broker:29092 [('172.19.0.8', 29092) IPv4]
[2024-01-20T23:44:52.738+0000] {logging_mixin.py:151} INFO - #False
[2024-01-20T23:44:52.738+0000] {conn.py:410} INFO - <BrokerConnection node_id=1 host=broker:29092 <connecting> [IPv4 ('172.19.0.8', 29092)]>: Connection complete.
[2024-01-20T23:44:52.739+0000] {logging_mixin.py:151} INFO - #False
[2024-01-20T23:44:52.739+0000] {conn.py:919} INFO - <BrokerConnection node_id=bootstrap-0 host=broker:29092 <connected> [IPv4 ('172.19.0.8', 29092)]>: Closing connection. 
[2024-01-20T23:44:52.740+0000] {logging_mixin.py:151} INFO - #False
[2024-01-20T23:44:52.741+0000] {logging_mixin.py:151} INFO - #False
[2024-01-20T23:44:52.742+0000] {logging_mixin.py:151} INFO - #False
[2024-01-20T23:44:52.742+0000] {logging_mixin.py:151} INFO - #False
[2024-01-20T23:44:52.743+0000] {logging_mixin.py:151} INFO - #False
[2024-01-20T23:44:52.743+0000] {logging_mixin.py:151} INFO - #False
[2024-01-20T23:44:52.743+0000] {logging_mixin.py:151} INFO - #False
[2024-01-20T23:44:52.744+0000] {logging_mixin.py:151} INFO - #False
[2024-01-20T23:44:52.744+0000] {logging_mixin.py:151} INFO - #False
[2024-01-20T23:44:52.745+0000] {logging_mixin.py:151} INFO - #False
[2024-01-20T23:44:52.745+0000] {logging_mixin.py:151} INFO - #False
[2024-01-20T23:44:52.745+0000] {logging_mixin.py:151} INFO - #False
[2024-01-20T23:44:52.746+0000] {logging_mixin.py:151} INFO - #False
[2024-01-20T23:44:52.746+0000] {logging_mixin.py:151} INFO - #False
[2024-01-20T23:44:52.746+0000] {logging_mixin.py:151} INFO - #False
[2024-01-20T23:44:52.747+0000] {logging_mixin.py:151} INFO - #False
[2024-01-20T23:44:52.747+0000] {logging_mixin.py:151} INFO - #False
[2024-01-20T23:44:52.747+0000] {logging_mixin.py:151} INFO - #False
[2024-01-20T23:44:52.748+0000] {logging_mixin.py:151} INFO - #False
[2024-01-20T23:44:52.748+0000] {logging_mixin.py:151} INFO - #False
[2024-01-20T23:44:52.748+0000] {logging_mixin.py:151} INFO - #False
[2024-01-20T23:44:52.749+0000] {logging_mixin.py:151} INFO - #False
[2024-01-20T23:44:52.749+0000] {logging_mixin.py:151} INFO - #False
[2024-01-20T23:44:52.749+0000] {logging_mixin.py:151} INFO - #False
[2024-01-20T23:44:52.749+0000] {logging_mixin.py:151} INFO - #False
[2024-01-20T23:44:52.749+0000] {logging_mixin.py:151} INFO - #False
[2024-01-20T23:44:52.750+0000] {logging_mixin.py:151} INFO - #False
[2024-01-20T23:44:52.750+0000] {logging_mixin.py:151} INFO - #False
[2024-01-20T23:44:52.750+0000] {logging_mixin.py:151} INFO - #False
[2024-01-20T23:44:52.750+0000] {logging_mixin.py:151} INFO - #False
[2024-01-20T23:44:52.750+0000] {logging_mixin.py:151} INFO - #False
[2024-01-20T23:44:52.750+0000] {logging_mixin.py:151} INFO - #False
[2024-01-20T23:44:52.751+0000] {logging_mixin.py:151} INFO - #False
[2024-01-20T23:44:52.751+0000] {logging_mixin.py:151} INFO - #False
[2024-01-20T23:44:52.751+0000] {logging_mixin.py:151} INFO - #False
[2024-01-20T23:44:52.751+0000] {logging_mixin.py:151} INFO - #False
[2024-01-20T23:44:52.751+0000] {logging_mixin.py:151} INFO - #False
[2024-01-20T23:44:52.752+0000] {logging_mixin.py:151} INFO - #False
[2024-01-20T23:44:52.753+0000] {logging_mixin.py:151} INFO - #False
[2024-01-20T23:44:52.753+0000] {logging_mixin.py:151} INFO - #False
[2024-01-20T23:44:52.753+0000] {logging_mixin.py:151} INFO - #False
[2024-01-20T23:44:52.753+0000] {logging_mixin.py:151} INFO - #False
[2024-01-20T23:44:52.753+0000] {logging_mixin.py:151} INFO - #False
[2024-01-20T23:44:52.753+0000] {logging_mixin.py:151} INFO - #False
[2024-01-20T23:44:52.754+0000] {logging_mixin.py:151} INFO -  submission : 
[2024-01-20T23:44:53.663+0000] {logging_mixin.py:151} INFO - #False
[2024-01-20T23:44:53.664+0000] {logging_mixin.py:151} INFO - #False
[2024-01-20T23:44:53.665+0000] {logging_mixin.py:151} INFO - #False
[2024-01-20T23:44:53.665+0000] {logging_mixin.py:151} INFO - #False
[2024-01-20T23:44:53.666+0000] {logging_mixin.py:151} INFO - #False
[2024-01-20T23:44:53.666+0000] {logging_mixin.py:151} INFO - #False
[2024-01-20T23:44:53.667+0000] {logging_mixin.py:151} INFO - #False
[2024-01-20T23:44:53.667+0000] {logging_mixin.py:151} INFO - #False
[2024-01-20T23:44:53.667+0000] {logging_mixin.py:151} INFO - #False
[2024-01-20T23:44:53.668+0000] {logging_mixin.py:151} INFO - #False
[2024-01-20T23:44:53.668+0000] {logging_mixin.py:151} INFO - #False
[2024-01-20T23:44:53.669+0000] {logging_mixin.py:151} INFO - #False
[2024-01-20T23:44:53.669+0000] {logging_mixin.py:151} INFO - #False
[2024-01-20T23:44:53.670+0000] {logging_mixin.py:151} INFO - #False
[2024-01-20T23:44:53.670+0000] {logging_mixin.py:151} INFO - #False
[2024-01-20T23:44:53.671+0000] {logging_mixin.py:151} INFO - #False
[2024-01-20T23:44:53.671+0000] {logging_mixin.py:151} INFO - #False
[2024-01-20T23:44:53.672+0000] {logging_mixin.py:151} INFO - #False
[2024-01-20T23:44:53.672+0000] {logging_mixin.py:151} INFO - #False
[2024-01-20T23:44:53.672+0000] {logging_mixin.py:151} INFO - #False
[2024-01-20T23:44:53.673+0000] {logging_mixin.py:151} INFO - #False
[2024-01-20T23:44:53.673+0000] {logging_mixin.py:151} INFO - #False
[2024-01-20T23:44:53.673+0000] {logging_mixin.py:151} INFO - #False
[2024-01-20T23:44:53.674+0000] {logging_mixin.py:151} INFO - #False
[2024-01-20T23:44:53.674+0000] {logging_mixin.py:151} INFO - #False
[2024-01-20T23:44:53.674+0000] {logging_mixin.py:151} INFO - #False
[2024-01-20T23:44:53.674+0000] {logging_mixin.py:151} INFO - #False
[2024-01-20T23:44:53.674+0000] {logging_mixin.py:151} INFO - #False
[2024-01-20T23:44:53.675+0000] {logging_mixin.py:151} INFO - #False
[2024-01-20T23:44:53.675+0000] {logging_mixin.py:151} INFO - #False
[2024-01-20T23:44:53.675+0000] {logging_mixin.py:151} INFO - #False
[2024-01-20T23:44:53.675+0000] {logging_mixin.py:151} INFO - #False
[2024-01-20T23:44:53.676+0000] {logging_mixin.py:151} INFO - #False
[2024-01-20T23:44:53.676+0000] {logging_mixin.py:151} INFO - #False
[2024-01-20T23:44:53.677+0000] {logging_mixin.py:151} INFO - #False
[2024-01-20T23:44:53.677+0000] {logging_mixin.py:151} INFO - #False
[2024-01-20T23:44:53.677+0000] {logging_mixin.py:151} INFO - #False
[2024-01-20T23:44:53.677+0000] {logging_mixin.py:151} INFO - #False
[2024-01-20T23:44:53.677+0000] {logging_mixin.py:151} INFO - #False
[2024-01-20T23:44:53.678+0000] {logging_mixin.py:151} INFO - #False
[2024-01-20T23:44:53.678+0000] {logging_mixin.py:151} INFO - #False
[2024-01-20T23:44:53.679+0000] {logging_mixin.py:151} INFO - #False
[2024-01-20T23:44:53.679+0000] {logging_mixin.py:151} INFO - #False
[2024-01-20T23:44:53.679+0000] {logging_mixin.py:151} INFO - #False
[2024-01-20T23:44:53.679+0000] {logging_mixin.py:151} INFO - #False
[2024-01-20T23:44:53.680+0000] {logging_mixin.py:151} INFO - #False
[2024-01-20T23:44:53.680+0000] {logging_mixin.py:151} INFO - #False
[2024-01-20T23:44:53.680+0000] {logging_mixin.py:151} INFO - #False
[2024-01-20T23:44:53.680+0000] {logging_mixin.py:151} INFO - #False
[2024-01-20T23:44:53.680+0000] {logging_mixin.py:151} INFO - #False
[2024-01-20T23:44:53.681+0000] {conn.py:919} INFO - <BrokerConnection node_id=1 host=broker:29092 <connected> [IPv4 ('172.19.0.8', 29092)]>: Closing connection. 
[2024-01-20T23:44:53.682+0000] {python.py:194} INFO - Done. Returned value was: None
[2024-01-20T23:44:53.689+0000] {taskinstance.py:1400} INFO - Marking task as SUCCESS. dag_id=Kafka_Producer_1, task_id=Reddit, execution_date=20240120T234339, start_date=20240120T234444, end_date=20240120T234453
[2024-01-20T23:44:53.728+0000] {local_task_job_runner.py:228} INFO - Task exited with return code 0
[2024-01-20T23:44:53.740+0000] {taskinstance.py:2784} INFO - 0 downstream tasks scheduled from follow-on schedule check
