[2024-01-17T05:12:19.245+0000] {taskinstance.py:1159} INFO - Dependencies all met for dep_context=non-requeueable deps ti=<TaskInstance: Stream_Data_1.Reddit scheduled__2024-01-17T05:11:15.135468+00:00 [queued]>
[2024-01-17T05:12:19.251+0000] {taskinstance.py:1159} INFO - Dependencies all met for dep_context=requeueable deps ti=<TaskInstance: Stream_Data_1.Reddit scheduled__2024-01-17T05:11:15.135468+00:00 [queued]>
[2024-01-17T05:12:19.252+0000] {taskinstance.py:1361} INFO - Starting attempt 1 of 1
[2024-01-17T05:12:19.263+0000] {taskinstance.py:1382} INFO - Executing <Task(PythonOperator): Reddit> on 2024-01-17 05:11:15.135468+00:00
[2024-01-17T05:12:19.266+0000] {standard_task_runner.py:57} INFO - Started process 29377 to run task
[2024-01-17T05:12:19.268+0000] {standard_task_runner.py:84} INFO - Running: ['***', 'tasks', 'run', 'Stream_Data_1', 'Reddit', 'scheduled__2024-01-17T05:11:15.135468+00:00', '--job-id', '364', '--raw', '--subdir', 'DAGS_FOLDER/kafka_stream.py', '--cfg-path', '/tmp/tmpq8_i4g9m']
[2024-01-17T05:12:19.269+0000] {standard_task_runner.py:85} INFO - Job 364: Subtask Reddit
[2024-01-17T05:12:19.310+0000] {task_command.py:415} INFO - Running <TaskInstance: Stream_Data_1.Reddit scheduled__2024-01-17T05:11:15.135468+00:00 [running]> on host 614a419ad930
[2024-01-17T05:12:19.371+0000] {taskinstance.py:1660} INFO - Exporting env vars: AIRFLOW_CTX_DAG_OWNER='me' AIRFLOW_CTX_DAG_ID='Stream_Data_1' AIRFLOW_CTX_TASK_ID='Reddit' AIRFLOW_CTX_EXECUTION_DATE='2024-01-17T05:11:15.135468+00:00' AIRFLOW_CTX_TRY_NUMBER='1' AIRFLOW_CTX_DAG_RUN_ID='scheduled__2024-01-17T05:11:15.135468+00:00'
[2024-01-17T05:12:19.398+0000] {logging_mixin.py:151} INFO -  submission : 
[2024-01-17T05:12:20.281+0000] {logging_mixin.py:151} INFO - @True
[2024-01-17T05:12:20.282+0000] {conn.py:380} INFO - <BrokerConnection node_id=bootstrap-0 host=broker:29092 <connecting> [IPv4 ('192.168.224.8', 29092)]>: connecting to broker:29092 [('192.168.224.8', 29092) IPv4]
[2024-01-17T05:12:20.283+0000] {conn.py:1205} INFO - Probing node bootstrap-0 broker version
[2024-01-17T05:12:20.283+0000] {conn.py:410} INFO - <BrokerConnection node_id=bootstrap-0 host=broker:29092 <connecting> [IPv4 ('192.168.224.8', 29092)]>: Connection complete.
[2024-01-17T05:12:20.385+0000] {conn.py:1267} INFO - Broker version identified as 2.5.0
[2024-01-17T05:12:20.386+0000] {conn.py:1268} INFO - Set configuration api_version=(2, 5, 0) to skip auto check_version requests on startup
[2024-01-17T05:12:20.389+0000] {logging_mixin.py:151} INFO - #False
[2024-01-17T05:12:20.389+0000] {logging_mixin.py:151} INFO - #False
[2024-01-17T05:12:20.390+0000] {logging_mixin.py:151} INFO - #False
[2024-01-17T05:12:20.390+0000] {logging_mixin.py:151} INFO - #False
[2024-01-17T05:12:20.390+0000] {logging_mixin.py:151} INFO - #False
[2024-01-17T05:12:20.390+0000] {logging_mixin.py:151} INFO - #False
[2024-01-17T05:12:20.390+0000] {logging_mixin.py:151} INFO - #False
[2024-01-17T05:12:20.390+0000] {logging_mixin.py:151} INFO - #False
[2024-01-17T05:12:20.390+0000] {logging_mixin.py:151} INFO - #False
[2024-01-17T05:12:20.390+0000] {logging_mixin.py:151} INFO - #False
[2024-01-17T05:12:20.390+0000] {logging_mixin.py:151} INFO - #False
[2024-01-17T05:12:20.390+0000] {logging_mixin.py:151} INFO - #False
[2024-01-17T05:12:20.390+0000] {logging_mixin.py:151} INFO - #False
[2024-01-17T05:12:20.391+0000] {logging_mixin.py:151} INFO - #False
[2024-01-17T05:12:20.391+0000] {logging_mixin.py:151} INFO - #False
[2024-01-17T05:12:20.391+0000] {logging_mixin.py:151} INFO - #False
[2024-01-17T05:12:20.391+0000] {logging_mixin.py:151} INFO - #False
[2024-01-17T05:12:20.391+0000] {logging_mixin.py:151} INFO - #False
[2024-01-17T05:12:20.391+0000] {logging_mixin.py:151} INFO - #False
[2024-01-17T05:12:20.391+0000] {logging_mixin.py:151} INFO - #False
[2024-01-17T05:12:20.391+0000] {logging_mixin.py:151} INFO - #False
[2024-01-17T05:12:20.391+0000] {logging_mixin.py:151} INFO - #False
[2024-01-17T05:12:20.391+0000] {logging_mixin.py:151} INFO - #False
[2024-01-17T05:12:20.391+0000] {logging_mixin.py:151} INFO - #False
[2024-01-17T05:12:20.392+0000] {conn.py:380} INFO - <BrokerConnection node_id=1 host=broker:29092 <connecting> [IPv4 ('192.168.224.8', 29092)]>: connecting to broker:29092 [('192.168.224.8', 29092) IPv4]
[2024-01-17T05:12:20.392+0000] {logging_mixin.py:151} INFO - #False
[2024-01-17T05:12:20.392+0000] {logging_mixin.py:151} INFO - #False
[2024-01-17T05:12:20.392+0000] {logging_mixin.py:151} INFO - #False
[2024-01-17T05:12:20.392+0000] {logging_mixin.py:151} INFO - #False
[2024-01-17T05:12:20.392+0000] {logging_mixin.py:151} INFO - #False
[2024-01-17T05:12:20.392+0000] {logging_mixin.py:151} INFO -  submission : 
[2024-01-17T05:12:20.393+0000] {conn.py:410} INFO - <BrokerConnection node_id=1 host=broker:29092 <connecting> [IPv4 ('192.168.224.8', 29092)]>: Connection complete.
[2024-01-17T05:12:20.395+0000] {conn.py:919} INFO - <BrokerConnection node_id=bootstrap-0 host=broker:29092 <connected> [IPv4 ('192.168.224.8', 29092)]>: Closing connection. 
[2024-01-17T05:12:21.051+0000] {logging_mixin.py:151} INFO - #False
[2024-01-17T05:12:21.051+0000] {logging_mixin.py:151} INFO - #False
[2024-01-17T05:12:21.051+0000] {logging_mixin.py:151} INFO - #False
[2024-01-17T05:12:21.051+0000] {logging_mixin.py:151} INFO - #False
[2024-01-17T05:12:21.051+0000] {logging_mixin.py:151} INFO - #False
[2024-01-17T05:12:21.051+0000] {logging_mixin.py:151} INFO - #False
[2024-01-17T05:12:21.052+0000] {logging_mixin.py:151} INFO - #False
[2024-01-17T05:12:21.052+0000] {logging_mixin.py:151} INFO - #False
[2024-01-17T05:12:21.052+0000] {logging_mixin.py:151} INFO - #False
[2024-01-17T05:12:21.052+0000] {logging_mixin.py:151} INFO - #False
[2024-01-17T05:12:21.052+0000] {logging_mixin.py:151} INFO - #False
[2024-01-17T05:12:21.052+0000] {logging_mixin.py:151} INFO - #False
[2024-01-17T05:12:21.052+0000] {logging_mixin.py:151} INFO - #False
[2024-01-17T05:12:21.052+0000] {logging_mixin.py:151} INFO - #False
[2024-01-17T05:12:21.052+0000] {logging_mixin.py:151} INFO - #False
[2024-01-17T05:12:21.052+0000] {logging_mixin.py:151} INFO - #False
[2024-01-17T05:12:21.052+0000] {logging_mixin.py:151} INFO - #False
[2024-01-17T05:12:21.052+0000] {logging_mixin.py:151} INFO - #False
[2024-01-17T05:12:21.052+0000] {logging_mixin.py:151} INFO - #False
[2024-01-17T05:12:21.052+0000] {logging_mixin.py:151} INFO - #False
[2024-01-17T05:12:21.052+0000] {logging_mixin.py:151} INFO - #False
[2024-01-17T05:12:21.052+0000] {logging_mixin.py:151} INFO - #False
[2024-01-17T05:12:21.052+0000] {logging_mixin.py:151} INFO - #False
[2024-01-17T05:12:21.053+0000] {logging_mixin.py:151} INFO - #False
[2024-01-17T05:12:21.053+0000] {logging_mixin.py:151} INFO - #False
[2024-01-17T05:12:21.053+0000] {logging_mixin.py:151} INFO - #False
[2024-01-17T05:12:21.053+0000] {logging_mixin.py:151} INFO - #False
[2024-01-17T05:12:21.053+0000] {logging_mixin.py:151} INFO - #False
[2024-01-17T05:12:21.053+0000] {logging_mixin.py:151} INFO - #False
[2024-01-17T05:12:21.053+0000] {logging_mixin.py:151} INFO - #False
[2024-01-17T05:12:21.053+0000] {logging_mixin.py:151} INFO -  submission : 
[2024-01-17T05:12:21.642+0000] {logging_mixin.py:151} INFO - #False
[2024-01-17T05:12:21.643+0000] {logging_mixin.py:151} INFO - #False
[2024-01-17T05:12:21.643+0000] {logging_mixin.py:151} INFO - #False
[2024-01-17T05:12:21.643+0000] {logging_mixin.py:151} INFO - #False
[2024-01-17T05:12:21.643+0000] {logging_mixin.py:151} INFO - #False
[2024-01-17T05:12:21.643+0000] {logging_mixin.py:151} INFO - #False
[2024-01-17T05:12:21.643+0000] {logging_mixin.py:151} INFO - #False
[2024-01-17T05:12:21.643+0000] {logging_mixin.py:151} INFO - #False
[2024-01-17T05:12:21.643+0000] {logging_mixin.py:151} INFO - #False
[2024-01-17T05:12:21.643+0000] {logging_mixin.py:151} INFO - #False
[2024-01-17T05:12:21.643+0000] {logging_mixin.py:151} INFO - #False
[2024-01-17T05:12:21.643+0000] {logging_mixin.py:151} INFO - #False
[2024-01-17T05:12:21.643+0000] {logging_mixin.py:151} INFO - #False
[2024-01-17T05:12:21.643+0000] {logging_mixin.py:151} INFO - #False
[2024-01-17T05:12:21.643+0000] {logging_mixin.py:151} INFO - #False
[2024-01-17T05:12:21.643+0000] {logging_mixin.py:151} INFO - #False
[2024-01-17T05:12:21.643+0000] {logging_mixin.py:151} INFO - #False
[2024-01-17T05:12:21.644+0000] {logging_mixin.py:151} INFO - #False
[2024-01-17T05:12:21.644+0000] {logging_mixin.py:151} INFO - #False
[2024-01-17T05:12:21.644+0000] {logging_mixin.py:151} INFO - #False
[2024-01-17T05:12:21.644+0000] {logging_mixin.py:151} INFO - #False
[2024-01-17T05:12:21.644+0000] {logging_mixin.py:151} INFO - #False
[2024-01-17T05:12:21.644+0000] {logging_mixin.py:151} INFO - #False
[2024-01-17T05:12:21.644+0000] {logging_mixin.py:151} INFO - #False
[2024-01-17T05:12:21.644+0000] {logging_mixin.py:151} INFO - #False
[2024-01-17T05:12:21.644+0000] {logging_mixin.py:151} INFO - #False
[2024-01-17T05:12:21.644+0000] {logging_mixin.py:151} INFO - #False
[2024-01-17T05:12:21.644+0000] {logging_mixin.py:151} INFO - #False
[2024-01-17T05:12:21.644+0000] {logging_mixin.py:151} INFO - #False
[2024-01-17T05:12:21.644+0000] {logging_mixin.py:151} INFO - #False
[2024-01-17T05:12:21.645+0000] {logging_mixin.py:151} INFO -  submission : 
[2024-01-17T05:12:22.131+0000] {logging_mixin.py:151} INFO - #False
[2024-01-17T05:12:22.131+0000] {logging_mixin.py:151} INFO - #False
[2024-01-17T05:12:22.131+0000] {logging_mixin.py:151} INFO - #False
[2024-01-17T05:12:22.131+0000] {logging_mixin.py:151} INFO - #False
[2024-01-17T05:12:22.131+0000] {logging_mixin.py:151} INFO - #False
[2024-01-17T05:12:22.131+0000] {logging_mixin.py:151} INFO - #False
[2024-01-17T05:12:22.131+0000] {logging_mixin.py:151} INFO - #False
[2024-01-17T05:12:22.131+0000] {logging_mixin.py:151} INFO - #False
[2024-01-17T05:12:22.131+0000] {logging_mixin.py:151} INFO - #False
[2024-01-17T05:12:22.131+0000] {logging_mixin.py:151} INFO - #False
[2024-01-17T05:12:22.131+0000] {logging_mixin.py:151} INFO - #False
[2024-01-17T05:12:22.131+0000] {logging_mixin.py:151} INFO - #False
[2024-01-17T05:12:22.131+0000] {logging_mixin.py:151} INFO - #False
[2024-01-17T05:12:22.131+0000] {logging_mixin.py:151} INFO - #False
[2024-01-17T05:12:22.131+0000] {logging_mixin.py:151} INFO - #False
[2024-01-17T05:12:22.131+0000] {logging_mixin.py:151} INFO - #False
[2024-01-17T05:12:22.131+0000] {logging_mixin.py:151} INFO - #False
[2024-01-17T05:12:22.131+0000] {logging_mixin.py:151} INFO - #False
[2024-01-17T05:12:22.131+0000] {logging_mixin.py:151} INFO - #False
[2024-01-17T05:12:22.132+0000] {logging_mixin.py:151} INFO - #False
[2024-01-17T05:12:22.132+0000] {logging_mixin.py:151} INFO - #False
[2024-01-17T05:12:22.132+0000] {logging_mixin.py:151} INFO - #False
[2024-01-17T05:12:22.132+0000] {logging_mixin.py:151} INFO - #False
[2024-01-17T05:12:22.132+0000] {logging_mixin.py:151} INFO - #False
[2024-01-17T05:12:22.132+0000] {logging_mixin.py:151} INFO - #False
[2024-01-17T05:12:22.132+0000] {logging_mixin.py:151} INFO - #False
[2024-01-17T05:12:22.132+0000] {logging_mixin.py:151} INFO - #False
[2024-01-17T05:12:22.132+0000] {logging_mixin.py:151} INFO - #False
[2024-01-17T05:12:22.132+0000] {logging_mixin.py:151} INFO - #False
[2024-01-17T05:12:22.132+0000] {logging_mixin.py:151} INFO - #False
[2024-01-17T05:12:22.132+0000] {logging_mixin.py:151} INFO -  submission : 
[2024-01-17T05:12:22.699+0000] {logging_mixin.py:151} INFO - #False
[2024-01-17T05:12:22.700+0000] {logging_mixin.py:151} INFO - #False
[2024-01-17T05:12:22.700+0000] {logging_mixin.py:151} INFO - #False
[2024-01-17T05:12:22.700+0000] {logging_mixin.py:151} INFO - #False
[2024-01-17T05:12:22.700+0000] {logging_mixin.py:151} INFO - #False
[2024-01-17T05:12:22.700+0000] {logging_mixin.py:151} INFO - #False
[2024-01-17T05:12:22.700+0000] {logging_mixin.py:151} INFO - #False
[2024-01-17T05:12:22.700+0000] {logging_mixin.py:151} INFO - #False
[2024-01-17T05:12:22.700+0000] {logging_mixin.py:151} INFO - #False
[2024-01-17T05:12:22.700+0000] {logging_mixin.py:151} INFO - #False
[2024-01-17T05:12:22.700+0000] {logging_mixin.py:151} INFO - #False
[2024-01-17T05:12:22.700+0000] {logging_mixin.py:151} INFO - #False
[2024-01-17T05:12:22.700+0000] {logging_mixin.py:151} INFO - #False
[2024-01-17T05:12:22.700+0000] {logging_mixin.py:151} INFO - #False
[2024-01-17T05:12:22.700+0000] {logging_mixin.py:151} INFO - #False
[2024-01-17T05:12:22.701+0000] {logging_mixin.py:151} INFO - #False
[2024-01-17T05:12:22.701+0000] {logging_mixin.py:151} INFO - #False
[2024-01-17T05:12:22.701+0000] {logging_mixin.py:151} INFO - #False
[2024-01-17T05:12:22.701+0000] {logging_mixin.py:151} INFO - #False
[2024-01-17T05:12:22.701+0000] {logging_mixin.py:151} INFO - #False
[2024-01-17T05:12:22.701+0000] {logging_mixin.py:151} INFO - #False
[2024-01-17T05:12:22.701+0000] {logging_mixin.py:151} INFO - #False
[2024-01-17T05:12:22.701+0000] {logging_mixin.py:151} INFO - #False
[2024-01-17T05:12:22.701+0000] {logging_mixin.py:151} INFO - #False
[2024-01-17T05:12:22.701+0000] {logging_mixin.py:151} INFO - #False
[2024-01-17T05:12:22.701+0000] {logging_mixin.py:151} INFO - #False
[2024-01-17T05:12:22.701+0000] {logging_mixin.py:151} INFO - #False
[2024-01-17T05:12:22.701+0000] {logging_mixin.py:151} INFO - #False
[2024-01-17T05:12:22.701+0000] {logging_mixin.py:151} INFO - #False
[2024-01-17T05:12:22.701+0000] {logging_mixin.py:151} INFO - #False
[2024-01-17T05:12:22.701+0000] {logging_mixin.py:151} INFO -  submission : 
[2024-01-17T05:12:23.369+0000] {logging_mixin.py:151} INFO - #False
[2024-01-17T05:12:23.369+0000] {logging_mixin.py:151} INFO - #False
[2024-01-17T05:12:23.369+0000] {logging_mixin.py:151} INFO - #False
[2024-01-17T05:12:23.369+0000] {logging_mixin.py:151} INFO - #False
[2024-01-17T05:12:23.369+0000] {logging_mixin.py:151} INFO - #False
[2024-01-17T05:12:23.369+0000] {logging_mixin.py:151} INFO - #False
[2024-01-17T05:12:23.369+0000] {logging_mixin.py:151} INFO - #False
[2024-01-17T05:12:23.369+0000] {logging_mixin.py:151} INFO - #False
[2024-01-17T05:12:23.369+0000] {logging_mixin.py:151} INFO - #False
[2024-01-17T05:12:23.369+0000] {logging_mixin.py:151} INFO - #False
[2024-01-17T05:12:23.369+0000] {logging_mixin.py:151} INFO - #False
[2024-01-17T05:12:23.369+0000] {logging_mixin.py:151} INFO - #False
[2024-01-17T05:12:23.369+0000] {logging_mixin.py:151} INFO - #False
[2024-01-17T05:12:23.369+0000] {logging_mixin.py:151} INFO - #False
[2024-01-17T05:12:23.370+0000] {logging_mixin.py:151} INFO - #False
[2024-01-17T05:12:23.370+0000] {logging_mixin.py:151} INFO - #False
[2024-01-17T05:12:23.370+0000] {logging_mixin.py:151} INFO - #False
[2024-01-17T05:12:23.370+0000] {logging_mixin.py:151} INFO - #False
[2024-01-17T05:12:23.370+0000] {logging_mixin.py:151} INFO - #False
[2024-01-17T05:12:23.370+0000] {logging_mixin.py:151} INFO - #False
[2024-01-17T05:12:23.370+0000] {logging_mixin.py:151} INFO - #False
[2024-01-17T05:12:23.370+0000] {logging_mixin.py:151} INFO - #False
[2024-01-17T05:12:23.370+0000] {logging_mixin.py:151} INFO - #False
[2024-01-17T05:12:23.370+0000] {logging_mixin.py:151} INFO - #False
[2024-01-17T05:12:23.370+0000] {logging_mixin.py:151} INFO - #False
[2024-01-17T05:12:23.370+0000] {logging_mixin.py:151} INFO - #False
[2024-01-17T05:12:23.370+0000] {logging_mixin.py:151} INFO - #False
[2024-01-17T05:12:23.370+0000] {logging_mixin.py:151} INFO - #False
[2024-01-17T05:12:23.370+0000] {logging_mixin.py:151} INFO - #False
[2024-01-17T05:12:23.370+0000] {logging_mixin.py:151} INFO - #False
[2024-01-17T05:12:23.370+0000] {logging_mixin.py:151} INFO -  submission : 
[2024-01-17T05:12:24.142+0000] {logging_mixin.py:151} INFO - #False
[2024-01-17T05:12:24.142+0000] {logging_mixin.py:151} INFO - #False
[2024-01-17T05:12:24.142+0000] {logging_mixin.py:151} INFO - #False
[2024-01-17T05:12:24.142+0000] {logging_mixin.py:151} INFO - #False
[2024-01-17T05:12:24.142+0000] {logging_mixin.py:151} INFO - #False
[2024-01-17T05:12:24.142+0000] {logging_mixin.py:151} INFO - #False
[2024-01-17T05:12:24.143+0000] {logging_mixin.py:151} INFO - #False
[2024-01-17T05:12:24.143+0000] {logging_mixin.py:151} INFO - #False
[2024-01-17T05:12:24.143+0000] {logging_mixin.py:151} INFO - #False
[2024-01-17T05:12:24.143+0000] {logging_mixin.py:151} INFO - #False
[2024-01-17T05:12:24.143+0000] {logging_mixin.py:151} INFO - #False
[2024-01-17T05:12:24.143+0000] {logging_mixin.py:151} INFO - #False
[2024-01-17T05:12:24.143+0000] {logging_mixin.py:151} INFO - #False
[2024-01-17T05:12:24.143+0000] {logging_mixin.py:151} INFO - #False
[2024-01-17T05:12:24.143+0000] {logging_mixin.py:151} INFO - #False
[2024-01-17T05:12:24.143+0000] {logging_mixin.py:151} INFO - #False
[2024-01-17T05:12:24.143+0000] {logging_mixin.py:151} INFO - #False
[2024-01-17T05:12:24.143+0000] {logging_mixin.py:151} INFO - #False
[2024-01-17T05:12:24.143+0000] {logging_mixin.py:151} INFO - #False
[2024-01-17T05:12:24.143+0000] {logging_mixin.py:151} INFO - #False
[2024-01-17T05:12:24.143+0000] {logging_mixin.py:151} INFO - #False
[2024-01-17T05:12:24.143+0000] {logging_mixin.py:151} INFO - #False
[2024-01-17T05:12:24.143+0000] {logging_mixin.py:151} INFO - #False
[2024-01-17T05:12:24.143+0000] {logging_mixin.py:151} INFO - #False
[2024-01-17T05:12:24.143+0000] {logging_mixin.py:151} INFO - #False
[2024-01-17T05:12:24.143+0000] {logging_mixin.py:151} INFO - #False
[2024-01-17T05:12:24.143+0000] {logging_mixin.py:151} INFO - #False
[2024-01-17T05:12:24.143+0000] {logging_mixin.py:151} INFO - #False
[2024-01-17T05:12:24.143+0000] {logging_mixin.py:151} INFO - #False
[2024-01-17T05:12:24.143+0000] {logging_mixin.py:151} INFO - #False
[2024-01-17T05:12:24.144+0000] {logging_mixin.py:151} INFO -  submission : 
[2024-01-17T05:12:24.793+0000] {logging_mixin.py:151} INFO - #False
[2024-01-17T05:12:24.794+0000] {logging_mixin.py:151} INFO - #False
[2024-01-17T05:12:24.794+0000] {logging_mixin.py:151} INFO - #False
[2024-01-17T05:12:24.794+0000] {logging_mixin.py:151} INFO - #False
[2024-01-17T05:12:24.794+0000] {logging_mixin.py:151} INFO - #False
[2024-01-17T05:12:24.794+0000] {logging_mixin.py:151} INFO - #False
[2024-01-17T05:12:24.794+0000] {logging_mixin.py:151} INFO - #False
[2024-01-17T05:12:24.794+0000] {logging_mixin.py:151} INFO - #False
[2024-01-17T05:12:24.794+0000] {logging_mixin.py:151} INFO - #False
[2024-01-17T05:12:24.794+0000] {logging_mixin.py:151} INFO - #False
[2024-01-17T05:12:24.794+0000] {logging_mixin.py:151} INFO - #False
[2024-01-17T05:12:24.794+0000] {logging_mixin.py:151} INFO - #False
[2024-01-17T05:12:24.794+0000] {logging_mixin.py:151} INFO - #False
[2024-01-17T05:12:24.794+0000] {logging_mixin.py:151} INFO - #False
[2024-01-17T05:12:24.794+0000] {logging_mixin.py:151} INFO - #False
[2024-01-17T05:12:24.794+0000] {logging_mixin.py:151} INFO - #False
[2024-01-17T05:12:24.794+0000] {logging_mixin.py:151} INFO - #False
[2024-01-17T05:12:24.794+0000] {logging_mixin.py:151} INFO - #False
[2024-01-17T05:12:24.794+0000] {logging_mixin.py:151} INFO - #False
[2024-01-17T05:12:24.794+0000] {logging_mixin.py:151} INFO - #False
[2024-01-17T05:12:24.794+0000] {logging_mixin.py:151} INFO - #False
[2024-01-17T05:12:24.794+0000] {logging_mixin.py:151} INFO - #False
[2024-01-17T05:12:24.795+0000] {logging_mixin.py:151} INFO - #False
[2024-01-17T05:12:24.795+0000] {logging_mixin.py:151} INFO - #False
[2024-01-17T05:12:24.795+0000] {logging_mixin.py:151} INFO - #False
[2024-01-17T05:12:24.795+0000] {logging_mixin.py:151} INFO - #False
[2024-01-17T05:12:24.795+0000] {logging_mixin.py:151} INFO - #False
[2024-01-17T05:12:24.795+0000] {logging_mixin.py:151} INFO - #False
[2024-01-17T05:12:24.795+0000] {logging_mixin.py:151} INFO - #False
[2024-01-17T05:12:24.795+0000] {logging_mixin.py:151} INFO - #False
[2024-01-17T05:12:24.795+0000] {conn.py:919} INFO - <BrokerConnection node_id=1 host=broker:29092 <connected> [IPv4 ('192.168.224.8', 29092)]>: Closing connection. 
[2024-01-17T05:12:24.796+0000] {python.py:194} INFO - Done. Returned value was: None
[2024-01-17T05:12:24.803+0000] {taskinstance.py:1400} INFO - Marking task as SUCCESS. dag_id=Stream_Data_1, task_id=Reddit, execution_date=20240117T051115, start_date=20240117T051219, end_date=20240117T051224
[2024-01-17T05:12:24.903+0000] {local_task_job_runner.py:228} INFO - Task exited with return code 0
[2024-01-17T05:12:24.915+0000] {taskinstance.py:2784} INFO - 0 downstream tasks scheduled from follow-on schedule check
