[2024-01-17T21:33:17.448+0000] {taskinstance.py:1159} INFO - Dependencies all met for dep_context=non-requeueable deps ti=<TaskInstance: Stream__2.Reddit scheduled__2024-01-17T21:31:12.380945+00:00 [queued]>
[2024-01-17T21:33:17.454+0000] {taskinstance.py:1159} INFO - Dependencies all met for dep_context=requeueable deps ti=<TaskInstance: Stream__2.Reddit scheduled__2024-01-17T21:31:12.380945+00:00 [queued]>
[2024-01-17T21:33:17.454+0000] {taskinstance.py:1361} INFO - Starting attempt 1 of 1
[2024-01-17T21:33:17.466+0000] {taskinstance.py:1382} INFO - Executing <Task(PythonOperator): Reddit> on 2024-01-17 21:31:12.380945+00:00
[2024-01-17T21:33:17.470+0000] {standard_task_runner.py:57} INFO - Started process 2799 to run task
[2024-01-17T21:33:17.473+0000] {standard_task_runner.py:84} INFO - Running: ['***', 'tasks', 'run', 'Stream__2', 'Reddit', 'scheduled__2024-01-17T21:31:12.380945+00:00', '--job-id', '662', '--raw', '--subdir', 'DAGS_FOLDER/kafka_stream_2.py', '--cfg-path', '/tmp/tmp_2z0ruoy']
[2024-01-17T21:33:17.474+0000] {standard_task_runner.py:85} INFO - Job 662: Subtask Reddit
[2024-01-17T21:33:17.514+0000] {task_command.py:415} INFO - Running <TaskInstance: Stream__2.Reddit scheduled__2024-01-17T21:31:12.380945+00:00 [running]> on host 614a419ad930
[2024-01-17T21:33:17.580+0000] {taskinstance.py:1660} INFO - Exporting env vars: AIRFLOW_CTX_DAG_OWNER='me' AIRFLOW_CTX_DAG_ID='Stream__2' AIRFLOW_CTX_TASK_ID='Reddit' AIRFLOW_CTX_EXECUTION_DATE='2024-01-17T21:31:12.380945+00:00' AIRFLOW_CTX_TRY_NUMBER='1' AIRFLOW_CTX_DAG_RUN_ID='scheduled__2024-01-17T21:31:12.380945+00:00'
[2024-01-17T21:33:17.607+0000] {logging_mixin.py:151} INFO -  submission : 
[2024-01-17T21:33:34.269+0000] {logging_mixin.py:151} INFO - @True
[2024-01-17T21:33:34.270+0000] {conn.py:380} INFO - <BrokerConnection node_id=bootstrap-0 host=broker:29092 <connecting> [IPv4 ('192.168.224.8', 29092)]>: connecting to broker:29092 [('192.168.224.8', 29092) IPv4]
[2024-01-17T21:33:34.270+0000] {conn.py:1205} INFO - Probing node bootstrap-0 broker version
[2024-01-17T21:33:34.271+0000] {conn.py:410} INFO - <BrokerConnection node_id=bootstrap-0 host=broker:29092 <connecting> [IPv4 ('192.168.224.8', 29092)]>: Connection complete.
[2024-01-17T21:33:34.374+0000] {conn.py:1267} INFO - Broker version identified as 2.5.0
[2024-01-17T21:33:34.374+0000] {conn.py:1268} INFO - Set configuration api_version=(2, 5, 0) to skip auto check_version requests on startup
[2024-01-17T21:33:34.378+0000] {logging_mixin.py:151} INFO - #False
[2024-01-17T21:33:34.378+0000] {logging_mixin.py:151} INFO - #False
[2024-01-17T21:33:34.379+0000] {logging_mixin.py:151} INFO - #False
[2024-01-17T21:33:34.379+0000] {logging_mixin.py:151} INFO - #False
[2024-01-17T21:33:34.379+0000] {logging_mixin.py:151} INFO - #False
[2024-01-17T21:33:34.379+0000] {logging_mixin.py:151} INFO - #False
[2024-01-17T21:33:34.379+0000] {logging_mixin.py:151} INFO - #False
[2024-01-17T21:33:34.379+0000] {logging_mixin.py:151} INFO - #False
[2024-01-17T21:33:34.379+0000] {logging_mixin.py:151} INFO - #False
[2024-01-17T21:33:34.379+0000] {logging_mixin.py:151} INFO - #False
[2024-01-17T21:33:34.380+0000] {logging_mixin.py:151} INFO - #False
[2024-01-17T21:33:34.380+0000] {logging_mixin.py:151} INFO - #False
[2024-01-17T21:33:34.380+0000] {logging_mixin.py:151} INFO - #False
[2024-01-17T21:33:34.380+0000] {logging_mixin.py:151} INFO - #False
[2024-01-17T21:33:34.380+0000] {logging_mixin.py:151} INFO - #False
[2024-01-17T21:33:34.380+0000] {logging_mixin.py:151} INFO - #False
[2024-01-17T21:33:34.380+0000] {logging_mixin.py:151} INFO - #False
[2024-01-17T21:33:34.381+0000] {logging_mixin.py:151} INFO - #False
[2024-01-17T21:33:34.381+0000] {logging_mixin.py:151} INFO - #False
[2024-01-17T21:33:34.381+0000] {logging_mixin.py:151} INFO - #False
[2024-01-17T21:33:34.381+0000] {logging_mixin.py:151} INFO - #False
[2024-01-17T21:33:34.381+0000] {logging_mixin.py:151} INFO - #False
[2024-01-17T21:33:34.381+0000] {logging_mixin.py:151} INFO - #False
[2024-01-17T21:33:34.381+0000] {logging_mixin.py:151} INFO - #False
[2024-01-17T21:33:34.381+0000] {logging_mixin.py:151} INFO - #False
[2024-01-17T21:33:34.381+0000] {logging_mixin.py:151} INFO - #False
[2024-01-17T21:33:34.382+0000] {logging_mixin.py:151} INFO - #False
[2024-01-17T21:33:34.382+0000] {logging_mixin.py:151} INFO - #False
[2024-01-17T21:33:34.382+0000] {logging_mixin.py:151} INFO - #False
[2024-01-17T21:33:34.382+0000] {logging_mixin.py:151} INFO -  submission : 
[2024-01-17T21:33:34.384+0000] {conn.py:380} INFO - <BrokerConnection node_id=1 host=broker:29092 <connecting> [IPv4 ('192.168.224.8', 29092)]>: connecting to broker:29092 [('192.168.224.8', 29092) IPv4]
[2024-01-17T21:33:34.384+0000] {conn.py:410} INFO - <BrokerConnection node_id=1 host=broker:29092 <connecting> [IPv4 ('192.168.224.8', 29092)]>: Connection complete.
[2024-01-17T21:33:34.384+0000] {conn.py:919} INFO - <BrokerConnection node_id=bootstrap-0 host=broker:29092 <connected> [IPv4 ('192.168.224.8', 29092)]>: Closing connection. 
[2024-01-17T21:33:35.208+0000] {logging_mixin.py:151} INFO - #False
[2024-01-17T21:33:35.208+0000] {logging_mixin.py:151} INFO - #False
[2024-01-17T21:33:35.208+0000] {logging_mixin.py:151} INFO - #False
[2024-01-17T21:33:35.208+0000] {logging_mixin.py:151} INFO - #False
[2024-01-17T21:33:35.208+0000] {logging_mixin.py:151} INFO - #False
[2024-01-17T21:33:35.208+0000] {logging_mixin.py:151} INFO - #False
[2024-01-17T21:33:35.208+0000] {logging_mixin.py:151} INFO - #False
[2024-01-17T21:33:35.208+0000] {logging_mixin.py:151} INFO - #False
[2024-01-17T21:33:35.208+0000] {logging_mixin.py:151} INFO - #False
[2024-01-17T21:33:35.208+0000] {logging_mixin.py:151} INFO - #False
[2024-01-17T21:33:35.209+0000] {logging_mixin.py:151} INFO - #False
[2024-01-17T21:33:35.209+0000] {logging_mixin.py:151} INFO - #False
[2024-01-17T21:33:35.209+0000] {logging_mixin.py:151} INFO - #False
[2024-01-17T21:33:35.209+0000] {logging_mixin.py:151} INFO - #False
[2024-01-17T21:33:35.209+0000] {logging_mixin.py:151} INFO - #False
[2024-01-17T21:33:35.209+0000] {logging_mixin.py:151} INFO - #False
[2024-01-17T21:33:35.209+0000] {logging_mixin.py:151} INFO - #False
[2024-01-17T21:33:35.209+0000] {logging_mixin.py:151} INFO - #False
[2024-01-17T21:33:35.209+0000] {logging_mixin.py:151} INFO - #False
[2024-01-17T21:33:35.209+0000] {logging_mixin.py:151} INFO - #False
[2024-01-17T21:33:35.209+0000] {logging_mixin.py:151} INFO - #False
[2024-01-17T21:33:35.209+0000] {logging_mixin.py:151} INFO - #False
[2024-01-17T21:33:35.209+0000] {logging_mixin.py:151} INFO - #False
[2024-01-17T21:33:35.209+0000] {logging_mixin.py:151} INFO - #False
[2024-01-17T21:33:35.209+0000] {logging_mixin.py:151} INFO - #False
[2024-01-17T21:33:35.209+0000] {logging_mixin.py:151} INFO - #False
[2024-01-17T21:33:35.209+0000] {logging_mixin.py:151} INFO - #False
[2024-01-17T21:33:35.209+0000] {logging_mixin.py:151} INFO - #False
[2024-01-17T21:33:35.209+0000] {logging_mixin.py:151} INFO - #False
[2024-01-17T21:33:35.210+0000] {logging_mixin.py:151} INFO - #False
[2024-01-17T21:33:35.210+0000] {logging_mixin.py:151} INFO -  submission : 
[2024-01-17T21:33:35.953+0000] {logging_mixin.py:151} INFO - @True
[2024-01-17T21:33:35.954+0000] {conn.py:380} INFO - <BrokerConnection node_id=bootstrap-0 host=broker:29092 <connecting> [IPv4 ('192.168.224.8', 29092)]>: connecting to broker:29092 [('192.168.224.8', 29092) IPv4]
[2024-01-17T21:33:35.954+0000] {conn.py:1205} INFO - Probing node bootstrap-0 broker version
[2024-01-17T21:33:35.955+0000] {conn.py:410} INFO - <BrokerConnection node_id=bootstrap-0 host=broker:29092 <connecting> [IPv4 ('192.168.224.8', 29092)]>: Connection complete.
[2024-01-17T21:33:36.057+0000] {conn.py:1267} INFO - Broker version identified as 2.5.0
[2024-01-17T21:33:36.057+0000] {conn.py:1268} INFO - Set configuration api_version=(2, 5, 0) to skip auto check_version requests on startup
[2024-01-17T21:33:36.127+0000] {conn.py:919} INFO - <BrokerConnection node_id=1 host=broker:29092 <connected> [IPv4 ('192.168.224.8', 29092)]>: Closing connection. 
[2024-01-17T21:33:36.130+0000] {logging_mixin.py:151} INFO - #False
[2024-01-17T21:33:36.130+0000] {logging_mixin.py:151} INFO - #False
[2024-01-17T21:33:36.130+0000] {logging_mixin.py:151} INFO - #False
[2024-01-17T21:33:36.130+0000] {logging_mixin.py:151} INFO - #False
[2024-01-17T21:33:36.130+0000] {logging_mixin.py:151} INFO - #False
[2024-01-17T21:33:36.131+0000] {conn.py:380} INFO - <BrokerConnection node_id=1 host=broker:29092 <connecting> [IPv4 ('192.168.224.8', 29092)]>: connecting to broker:29092 [('192.168.224.8', 29092) IPv4]
[2024-01-17T21:33:36.130+0000] {logging_mixin.py:151} INFO - #False
[2024-01-17T21:33:36.131+0000] {conn.py:410} INFO - <BrokerConnection node_id=1 host=broker:29092 <connecting> [IPv4 ('192.168.224.8', 29092)]>: Connection complete.
[2024-01-17T21:33:36.131+0000] {logging_mixin.py:151} INFO - #False
[2024-01-17T21:33:36.131+0000] {conn.py:919} INFO - <BrokerConnection node_id=bootstrap-0 host=broker:29092 <connected> [IPv4 ('192.168.224.8', 29092)]>: Closing connection. 
[2024-01-17T21:33:36.131+0000] {logging_mixin.py:151} INFO - #False
[2024-01-17T21:33:36.132+0000] {logging_mixin.py:151} INFO - #False
[2024-01-17T21:33:36.132+0000] {logging_mixin.py:151} INFO - #False
[2024-01-17T21:33:36.132+0000] {logging_mixin.py:151} INFO - #False
[2024-01-17T21:33:36.132+0000] {logging_mixin.py:151} INFO - #False
[2024-01-17T21:33:36.132+0000] {logging_mixin.py:151} INFO - #False
[2024-01-17T21:33:36.132+0000] {logging_mixin.py:151} INFO - #False
[2024-01-17T21:33:36.132+0000] {logging_mixin.py:151} INFO - #False
[2024-01-17T21:33:36.132+0000] {logging_mixin.py:151} INFO - #False
[2024-01-17T21:33:36.133+0000] {logging_mixin.py:151} INFO - #False
[2024-01-17T21:33:36.133+0000] {logging_mixin.py:151} INFO - #False
[2024-01-17T21:33:36.133+0000] {logging_mixin.py:151} INFO - #False
[2024-01-17T21:33:36.133+0000] {logging_mixin.py:151} INFO - #False
[2024-01-17T21:33:36.133+0000] {logging_mixin.py:151} INFO - #False
[2024-01-17T21:33:36.133+0000] {logging_mixin.py:151} INFO - #False
[2024-01-17T21:33:36.133+0000] {logging_mixin.py:151} INFO - #False
[2024-01-17T21:33:36.133+0000] {logging_mixin.py:151} INFO - #False
[2024-01-17T21:33:36.133+0000] {logging_mixin.py:151} INFO - #False
[2024-01-17T21:33:36.134+0000] {logging_mixin.py:151} INFO - #False
[2024-01-17T21:33:36.134+0000] {logging_mixin.py:151} INFO - #False
[2024-01-17T21:33:36.134+0000] {logging_mixin.py:151} INFO - #False
[2024-01-17T21:33:36.134+0000] {logging_mixin.py:151} INFO - #False
[2024-01-17T21:33:36.134+0000] {logging_mixin.py:151} INFO -  submission : 
[2024-01-17T21:33:36.797+0000] {logging_mixin.py:151} INFO - #False
[2024-01-17T21:33:36.797+0000] {logging_mixin.py:151} INFO - #False
[2024-01-17T21:33:36.798+0000] {logging_mixin.py:151} INFO - #False
[2024-01-17T21:33:36.798+0000] {logging_mixin.py:151} INFO - #False
[2024-01-17T21:33:36.798+0000] {logging_mixin.py:151} INFO - #False
[2024-01-17T21:33:36.798+0000] {logging_mixin.py:151} INFO - #False
[2024-01-17T21:33:36.798+0000] {logging_mixin.py:151} INFO - #False
[2024-01-17T21:33:36.798+0000] {logging_mixin.py:151} INFO - #False
[2024-01-17T21:33:36.798+0000] {logging_mixin.py:151} INFO - #False
[2024-01-17T21:33:36.798+0000] {logging_mixin.py:151} INFO - #False
[2024-01-17T21:33:36.798+0000] {logging_mixin.py:151} INFO - #False
[2024-01-17T21:33:36.798+0000] {logging_mixin.py:151} INFO - #False
[2024-01-17T21:33:36.798+0000] {logging_mixin.py:151} INFO - #False
[2024-01-17T21:33:36.798+0000] {logging_mixin.py:151} INFO - #False
[2024-01-17T21:33:36.798+0000] {logging_mixin.py:151} INFO - #False
[2024-01-17T21:33:36.798+0000] {logging_mixin.py:151} INFO - #False
[2024-01-17T21:33:36.798+0000] {logging_mixin.py:151} INFO - #False
[2024-01-17T21:33:36.798+0000] {logging_mixin.py:151} INFO - #False
[2024-01-17T21:33:36.798+0000] {logging_mixin.py:151} INFO - #False
[2024-01-17T21:33:36.798+0000] {logging_mixin.py:151} INFO - #False
[2024-01-17T21:33:36.799+0000] {logging_mixin.py:151} INFO - #False
[2024-01-17T21:33:36.799+0000] {logging_mixin.py:151} INFO - #False
[2024-01-17T21:33:36.799+0000] {logging_mixin.py:151} INFO - #False
[2024-01-17T21:33:36.799+0000] {logging_mixin.py:151} INFO - #False
[2024-01-17T21:33:36.799+0000] {logging_mixin.py:151} INFO - #False
[2024-01-17T21:33:36.799+0000] {logging_mixin.py:151} INFO - #False
[2024-01-17T21:33:36.799+0000] {logging_mixin.py:151} INFO - #False
[2024-01-17T21:33:36.799+0000] {logging_mixin.py:151} INFO - #False
[2024-01-17T21:33:36.799+0000] {logging_mixin.py:151} INFO - #False
[2024-01-17T21:33:36.799+0000] {logging_mixin.py:151} INFO - #False
[2024-01-17T21:33:36.799+0000] {logging_mixin.py:151} INFO -  submission : 
[2024-01-17T21:33:37.293+0000] {logging_mixin.py:151} INFO - #False
[2024-01-17T21:33:37.294+0000] {logging_mixin.py:151} INFO - #False
[2024-01-17T21:33:37.294+0000] {logging_mixin.py:151} INFO - #False
[2024-01-17T21:33:37.294+0000] {logging_mixin.py:151} INFO - #False
[2024-01-17T21:33:37.294+0000] {logging_mixin.py:151} INFO - #False
[2024-01-17T21:33:37.294+0000] {logging_mixin.py:151} INFO - #False
[2024-01-17T21:33:37.294+0000] {logging_mixin.py:151} INFO - #False
[2024-01-17T21:33:37.294+0000] {logging_mixin.py:151} INFO - #False
[2024-01-17T21:33:37.294+0000] {logging_mixin.py:151} INFO - #False
[2024-01-17T21:33:37.294+0000] {logging_mixin.py:151} INFO - #False
[2024-01-17T21:33:37.294+0000] {logging_mixin.py:151} INFO - #False
[2024-01-17T21:33:37.294+0000] {logging_mixin.py:151} INFO - #False
[2024-01-17T21:33:37.294+0000] {logging_mixin.py:151} INFO - #False
[2024-01-17T21:33:37.294+0000] {logging_mixin.py:151} INFO - #False
[2024-01-17T21:33:37.294+0000] {logging_mixin.py:151} INFO - #False
[2024-01-17T21:33:37.294+0000] {logging_mixin.py:151} INFO - #False
[2024-01-17T21:33:37.294+0000] {logging_mixin.py:151} INFO - #False
[2024-01-17T21:33:37.295+0000] {logging_mixin.py:151} INFO - #False
[2024-01-17T21:33:37.295+0000] {logging_mixin.py:151} INFO - #False
[2024-01-17T21:33:37.295+0000] {logging_mixin.py:151} INFO - #False
[2024-01-17T21:33:37.295+0000] {logging_mixin.py:151} INFO - #False
[2024-01-17T21:33:37.295+0000] {logging_mixin.py:151} INFO - #False
[2024-01-17T21:33:37.295+0000] {logging_mixin.py:151} INFO - #False
[2024-01-17T21:33:37.295+0000] {logging_mixin.py:151} INFO - #False
[2024-01-17T21:33:37.295+0000] {logging_mixin.py:151} INFO - #False
[2024-01-17T21:33:37.295+0000] {logging_mixin.py:151} INFO - #False
[2024-01-17T21:33:37.295+0000] {logging_mixin.py:151} INFO - #False
[2024-01-17T21:33:37.295+0000] {logging_mixin.py:151} INFO - #False
[2024-01-17T21:33:37.295+0000] {logging_mixin.py:151} INFO - #False
[2024-01-17T21:33:37.295+0000] {logging_mixin.py:151} INFO - #False
[2024-01-17T21:33:37.295+0000] {logging_mixin.py:151} INFO -  submission : 
[2024-01-17T21:33:37.994+0000] {logging_mixin.py:151} INFO - #False
[2024-01-17T21:33:37.995+0000] {logging_mixin.py:151} INFO - #False
[2024-01-17T21:33:37.995+0000] {logging_mixin.py:151} INFO - #False
[2024-01-17T21:33:37.995+0000] {logging_mixin.py:151} INFO - #False
[2024-01-17T21:33:37.995+0000] {logging_mixin.py:151} INFO - #False
[2024-01-17T21:33:37.996+0000] {logging_mixin.py:151} INFO - #False
[2024-01-17T21:33:37.996+0000] {logging_mixin.py:151} INFO - #False
[2024-01-17T21:33:37.996+0000] {logging_mixin.py:151} INFO - #False
[2024-01-17T21:33:37.996+0000] {logging_mixin.py:151} INFO - #False
[2024-01-17T21:33:37.996+0000] {logging_mixin.py:151} INFO - #False
[2024-01-17T21:33:37.996+0000] {logging_mixin.py:151} INFO - #False
[2024-01-17T21:33:37.996+0000] {logging_mixin.py:151} INFO - #False
[2024-01-17T21:33:37.996+0000] {logging_mixin.py:151} INFO - #False
[2024-01-17T21:33:37.996+0000] {logging_mixin.py:151} INFO - #False
[2024-01-17T21:33:37.996+0000] {logging_mixin.py:151} INFO - #False
[2024-01-17T21:33:37.996+0000] {logging_mixin.py:151} INFO - #False
[2024-01-17T21:33:37.996+0000] {logging_mixin.py:151} INFO - #False
[2024-01-17T21:33:37.996+0000] {logging_mixin.py:151} INFO - #False
[2024-01-17T21:33:37.996+0000] {logging_mixin.py:151} INFO - #False
[2024-01-17T21:33:37.996+0000] {logging_mixin.py:151} INFO - #False
[2024-01-17T21:33:37.996+0000] {logging_mixin.py:151} INFO - #False
[2024-01-17T21:33:37.996+0000] {logging_mixin.py:151} INFO - #False
[2024-01-17T21:33:37.996+0000] {logging_mixin.py:151} INFO - #False
[2024-01-17T21:33:37.997+0000] {logging_mixin.py:151} INFO - #False
[2024-01-17T21:33:37.997+0000] {logging_mixin.py:151} INFO - #False
[2024-01-17T21:33:37.997+0000] {logging_mixin.py:151} INFO - #False
[2024-01-17T21:33:37.997+0000] {logging_mixin.py:151} INFO - #False
[2024-01-17T21:33:37.997+0000] {logging_mixin.py:151} INFO - #False
[2024-01-17T21:33:37.997+0000] {logging_mixin.py:151} INFO - #False
[2024-01-17T21:33:37.997+0000] {logging_mixin.py:151} INFO - #False
[2024-01-17T21:33:37.997+0000] {logging_mixin.py:151} INFO -  submission : 
[2024-01-17T21:33:38.610+0000] {logging_mixin.py:151} INFO - #False
[2024-01-17T21:33:38.610+0000] {logging_mixin.py:151} INFO - #False
[2024-01-17T21:33:38.610+0000] {logging_mixin.py:151} INFO - #False
[2024-01-17T21:33:38.610+0000] {logging_mixin.py:151} INFO - #False
[2024-01-17T21:33:38.610+0000] {logging_mixin.py:151} INFO - #False
[2024-01-17T21:33:38.610+0000] {logging_mixin.py:151} INFO - #False
[2024-01-17T21:33:38.611+0000] {logging_mixin.py:151} INFO - #False
[2024-01-17T21:33:38.611+0000] {logging_mixin.py:151} INFO - #False
[2024-01-17T21:33:38.611+0000] {logging_mixin.py:151} INFO - #False
[2024-01-17T21:33:38.611+0000] {logging_mixin.py:151} INFO - #False
[2024-01-17T21:33:38.611+0000] {logging_mixin.py:151} INFO - #False
[2024-01-17T21:33:38.611+0000] {logging_mixin.py:151} INFO - #False
[2024-01-17T21:33:38.611+0000] {logging_mixin.py:151} INFO - #False
[2024-01-17T21:33:38.611+0000] {logging_mixin.py:151} INFO - #False
[2024-01-17T21:33:38.611+0000] {logging_mixin.py:151} INFO - #False
[2024-01-17T21:33:38.611+0000] {logging_mixin.py:151} INFO - #False
[2024-01-17T21:33:38.611+0000] {logging_mixin.py:151} INFO - #False
[2024-01-17T21:33:38.611+0000] {logging_mixin.py:151} INFO - #False
[2024-01-17T21:33:38.611+0000] {logging_mixin.py:151} INFO - #False
[2024-01-17T21:33:38.611+0000] {logging_mixin.py:151} INFO - #False
[2024-01-17T21:33:38.611+0000] {logging_mixin.py:151} INFO - #False
[2024-01-17T21:33:38.611+0000] {logging_mixin.py:151} INFO - #False
[2024-01-17T21:33:38.611+0000] {logging_mixin.py:151} INFO - #False
[2024-01-17T21:33:38.611+0000] {logging_mixin.py:151} INFO - #False
[2024-01-17T21:33:38.611+0000] {logging_mixin.py:151} INFO - #False
[2024-01-17T21:33:38.611+0000] {logging_mixin.py:151} INFO - #False
[2024-01-17T21:33:38.611+0000] {logging_mixin.py:151} INFO - #False
[2024-01-17T21:33:38.611+0000] {logging_mixin.py:151} INFO - #False
[2024-01-17T21:33:38.612+0000] {logging_mixin.py:151} INFO - #False
[2024-01-17T21:33:38.612+0000] {logging_mixin.py:151} INFO - #False
[2024-01-17T21:33:38.612+0000] {logging_mixin.py:151} INFO -  submission : 
[2024-01-17T21:33:39.331+0000] {logging_mixin.py:151} INFO - #False
[2024-01-17T21:33:39.331+0000] {logging_mixin.py:151} INFO - #False
[2024-01-17T21:33:39.331+0000] {logging_mixin.py:151} INFO - #False
[2024-01-17T21:33:39.331+0000] {logging_mixin.py:151} INFO - #False
[2024-01-17T21:33:39.331+0000] {logging_mixin.py:151} INFO - #False
[2024-01-17T21:33:39.332+0000] {logging_mixin.py:151} INFO - #False
[2024-01-17T21:33:39.332+0000] {logging_mixin.py:151} INFO - #False
[2024-01-17T21:33:39.332+0000] {logging_mixin.py:151} INFO - #False
[2024-01-17T21:33:39.332+0000] {logging_mixin.py:151} INFO - #False
[2024-01-17T21:33:39.332+0000] {logging_mixin.py:151} INFO - #False
[2024-01-17T21:33:39.332+0000] {logging_mixin.py:151} INFO - #False
[2024-01-17T21:33:39.332+0000] {logging_mixin.py:151} INFO - #False
[2024-01-17T21:33:39.332+0000] {logging_mixin.py:151} INFO - #False
[2024-01-17T21:33:39.332+0000] {logging_mixin.py:151} INFO - #False
[2024-01-17T21:33:39.332+0000] {logging_mixin.py:151} INFO - #False
[2024-01-17T21:33:39.332+0000] {logging_mixin.py:151} INFO - #False
[2024-01-17T21:33:39.332+0000] {logging_mixin.py:151} INFO - #False
[2024-01-17T21:33:39.332+0000] {logging_mixin.py:151} INFO - #False
[2024-01-17T21:33:39.332+0000] {logging_mixin.py:151} INFO - #False
[2024-01-17T21:33:39.332+0000] {logging_mixin.py:151} INFO - #False
[2024-01-17T21:33:39.332+0000] {logging_mixin.py:151} INFO - #False
[2024-01-17T21:33:39.332+0000] {logging_mixin.py:151} INFO - #False
[2024-01-17T21:33:39.333+0000] {logging_mixin.py:151} INFO - #False
[2024-01-17T21:33:39.333+0000] {logging_mixin.py:151} INFO - #False
[2024-01-17T21:33:39.333+0000] {logging_mixin.py:151} INFO - #False
[2024-01-17T21:33:39.333+0000] {logging_mixin.py:151} INFO - #False
[2024-01-17T21:33:39.333+0000] {logging_mixin.py:151} INFO - #False
[2024-01-17T21:33:39.333+0000] {logging_mixin.py:151} INFO - #False
[2024-01-17T21:33:39.333+0000] {logging_mixin.py:151} INFO - #False
[2024-01-17T21:33:39.333+0000] {logging_mixin.py:151} INFO - #False
[2024-01-17T21:33:39.333+0000] {conn.py:919} INFO - <BrokerConnection node_id=1 host=broker:29092 <connected> [IPv4 ('192.168.224.8', 29092)]>: Closing connection. 
[2024-01-17T21:33:39.334+0000] {python.py:194} INFO - Done. Returned value was: None
[2024-01-17T21:33:39.342+0000] {taskinstance.py:1400} INFO - Marking task as SUCCESS. dag_id=Stream__2, task_id=Reddit, execution_date=20240117T213112, start_date=20240117T213317, end_date=20240117T213339
[2024-01-17T21:33:39.379+0000] {local_task_job_runner.py:228} INFO - Task exited with return code 0
[2024-01-17T21:33:39.391+0000] {taskinstance.py:2784} INFO - 0 downstream tasks scheduled from follow-on schedule check
