[2024-01-20T19:12:45.874+0000] {taskinstance.py:1159} INFO - Dependencies all met for dep_context=non-requeueable deps ti=<TaskInstance: Kafka_Producer_4.Reddit scheduled__2024-01-20T19:10:13.366116+00:00 [queued]>
[2024-01-20T19:12:45.882+0000] {taskinstance.py:1159} INFO - Dependencies all met for dep_context=requeueable deps ti=<TaskInstance: Kafka_Producer_4.Reddit scheduled__2024-01-20T19:10:13.366116+00:00 [queued]>
[2024-01-20T19:12:45.883+0000] {taskinstance.py:1361} INFO - Starting attempt 1 of 1
[2024-01-20T19:12:45.897+0000] {taskinstance.py:1382} INFO - Executing <Task(PythonOperator): Reddit> on 2024-01-20 19:10:13.366116+00:00
[2024-01-20T19:12:45.901+0000] {standard_task_runner.py:57} INFO - Started process 253 to run task
[2024-01-20T19:12:45.904+0000] {standard_task_runner.py:84} INFO - Running: ['***', 'tasks', 'run', 'Kafka_Producer_4', 'Reddit', 'scheduled__2024-01-20T19:10:13.366116+00:00', '--job-id', '1106', '--raw', '--subdir', 'DAGS_FOLDER/kafka_stream_4.py', '--cfg-path', '/tmp/tmpot58wvcg']
[2024-01-20T19:12:45.906+0000] {standard_task_runner.py:85} INFO - Job 1106: Subtask Reddit
[2024-01-20T19:12:45.966+0000] {task_command.py:415} INFO - Running <TaskInstance: Kafka_Producer_4.Reddit scheduled__2024-01-20T19:10:13.366116+00:00 [running]> on host 45c5bfab8aa1
[2024-01-20T19:12:46.063+0000] {taskinstance.py:1660} INFO - Exporting env vars: AIRFLOW_CTX_DAG_OWNER='me' AIRFLOW_CTX_DAG_ID='Kafka_Producer_4' AIRFLOW_CTX_TASK_ID='Reddit' AIRFLOW_CTX_EXECUTION_DATE='2024-01-20T19:10:13.366116+00:00' AIRFLOW_CTX_TRY_NUMBER='1' AIRFLOW_CTX_DAG_RUN_ID='scheduled__2024-01-20T19:10:13.366116+00:00'
[2024-01-20T19:12:46.104+0000] {logging_mixin.py:151} INFO -  submission : 
[2024-01-20T19:12:46.926+0000] {logging_mixin.py:151} INFO - @True
[2024-01-20T19:12:46.994+0000] {conn.py:380} INFO - <BrokerConnection node_id=bootstrap-0 host=broker:29092 <connecting> [IPv4 ('172.19.0.11', 29092)]>: connecting to broker:29092 [('172.19.0.11', 29092) IPv4]
[2024-01-20T19:12:46.995+0000] {conn.py:1205} INFO - Probing node bootstrap-0 broker version
[2024-01-20T19:12:46.996+0000] {conn.py:410} INFO - <BrokerConnection node_id=bootstrap-0 host=broker:29092 <connecting> [IPv4 ('172.19.0.11', 29092)]>: Connection complete.
[2024-01-20T19:12:47.099+0000] {conn.py:1267} INFO - Broker version identified as 2.5.0
[2024-01-20T19:12:47.102+0000] {conn.py:1268} INFO - Set configuration api_version=(2, 5, 0) to skip auto check_version requests on startup
[2024-01-20T19:12:47.107+0000] {logging_mixin.py:151} INFO - @True
[2024-01-20T19:12:47.108+0000] {conn.py:380} INFO - <BrokerConnection node_id=1 host=broker:29092 <connecting> [IPv4 ('172.19.0.11', 29092)]>: connecting to broker:29092 [('172.19.0.11', 29092) IPv4]
[2024-01-20T19:12:47.109+0000] {conn.py:380} INFO - <BrokerConnection node_id=bootstrap-0 host=broker:29092 <connecting> [IPv4 ('172.19.0.11', 29092)]>: connecting to broker:29092 [('172.19.0.11', 29092) IPv4]
[2024-01-20T19:12:47.109+0000] {conn.py:410} INFO - <BrokerConnection node_id=1 host=broker:29092 <connecting> [IPv4 ('172.19.0.11', 29092)]>: Connection complete.
[2024-01-20T19:12:47.110+0000] {conn.py:1205} INFO - Probing node bootstrap-0 broker version
[2024-01-20T19:12:47.110+0000] {conn.py:919} INFO - <BrokerConnection node_id=bootstrap-0 host=broker:29092 <connected> [IPv4 ('172.19.0.11', 29092)]>: Closing connection. 
[2024-01-20T19:12:47.111+0000] {conn.py:410} INFO - <BrokerConnection node_id=bootstrap-0 host=broker:29092 <connecting> [IPv4 ('172.19.0.11', 29092)]>: Connection complete.
[2024-01-20T19:12:47.216+0000] {conn.py:1267} INFO - Broker version identified as 2.5.0
[2024-01-20T19:12:47.217+0000] {conn.py:1268} INFO - Set configuration api_version=(2, 5, 0) to skip auto check_version requests on startup
[2024-01-20T19:12:47.219+0000] {conn.py:919} INFO - <BrokerConnection node_id=1 host=broker:29092 <connected> [IPv4 ('172.19.0.11', 29092)]>: Closing connection. 
[2024-01-20T19:12:47.222+0000] {logging_mixin.py:151} INFO - @True
[2024-01-20T19:12:47.223+0000] {conn.py:380} INFO - <BrokerConnection node_id=1 host=broker:29092 <connecting> [IPv4 ('172.19.0.11', 29092)]>: connecting to broker:29092 [('172.19.0.11', 29092) IPv4]
[2024-01-20T19:12:47.224+0000] {conn.py:380} INFO - <BrokerConnection node_id=bootstrap-0 host=broker:29092 <connecting> [IPv4 ('172.19.0.11', 29092)]>: connecting to broker:29092 [('172.19.0.11', 29092) IPv4]
[2024-01-20T19:12:47.224+0000] {conn.py:410} INFO - <BrokerConnection node_id=1 host=broker:29092 <connecting> [IPv4 ('172.19.0.11', 29092)]>: Connection complete.
[2024-01-20T19:12:47.225+0000] {conn.py:1205} INFO - Probing node bootstrap-0 broker version
[2024-01-20T19:12:47.226+0000] {conn.py:919} INFO - <BrokerConnection node_id=bootstrap-0 host=broker:29092 <connected> [IPv4 ('172.19.0.11', 29092)]>: Closing connection. 
[2024-01-20T19:12:47.227+0000] {conn.py:410} INFO - <BrokerConnection node_id=bootstrap-0 host=broker:29092 <connecting> [IPv4 ('172.19.0.11', 29092)]>: Connection complete.
[2024-01-20T19:12:47.332+0000] {conn.py:1267} INFO - Broker version identified as 2.5.0
[2024-01-20T19:12:47.332+0000] {conn.py:1268} INFO - Set configuration api_version=(2, 5, 0) to skip auto check_version requests on startup
[2024-01-20T19:12:47.335+0000] {conn.py:919} INFO - <BrokerConnection node_id=1 host=broker:29092 <connected> [IPv4 ('172.19.0.11', 29092)]>: Closing connection. 
[2024-01-20T19:12:47.340+0000] {logging_mixin.py:151} INFO - #False
[2024-01-20T19:12:47.341+0000] {conn.py:380} INFO - <BrokerConnection node_id=1 host=broker:29092 <connecting> [IPv4 ('172.19.0.11', 29092)]>: connecting to broker:29092 [('172.19.0.11', 29092) IPv4]
[2024-01-20T19:12:47.342+0000] {logging_mixin.py:151} INFO - #False
[2024-01-20T19:12:47.343+0000] {conn.py:410} INFO - <BrokerConnection node_id=1 host=broker:29092 <connecting> [IPv4 ('172.19.0.11', 29092)]>: Connection complete.
[2024-01-20T19:12:47.344+0000] {logging_mixin.py:151} INFO - #False
[2024-01-20T19:12:47.345+0000] {conn.py:919} INFO - <BrokerConnection node_id=bootstrap-0 host=broker:29092 <connected> [IPv4 ('172.19.0.11', 29092)]>: Closing connection. 
[2024-01-20T19:12:47.346+0000] {logging_mixin.py:151} INFO - #False
[2024-01-20T19:12:47.350+0000] {logging_mixin.py:151} INFO - #False
[2024-01-20T19:12:47.352+0000] {logging_mixin.py:151} INFO - #False
[2024-01-20T19:12:47.353+0000] {logging_mixin.py:151} INFO - #False
[2024-01-20T19:12:47.353+0000] {logging_mixin.py:151} INFO - #False
[2024-01-20T19:12:47.354+0000] {logging_mixin.py:151} INFO - #False
[2024-01-20T19:12:47.355+0000] {logging_mixin.py:151} INFO - #False
[2024-01-20T19:12:47.355+0000] {logging_mixin.py:151} INFO - #False
[2024-01-20T19:12:47.356+0000] {logging_mixin.py:151} INFO - #False
[2024-01-20T19:12:47.357+0000] {logging_mixin.py:151} INFO - #False
[2024-01-20T19:12:47.357+0000] {logging_mixin.py:151} INFO - #False
[2024-01-20T19:12:47.358+0000] {logging_mixin.py:151} INFO - #False
[2024-01-20T19:12:47.359+0000] {logging_mixin.py:151} INFO - #False
[2024-01-20T19:12:47.360+0000] {logging_mixin.py:151} INFO - #False
[2024-01-20T19:12:47.361+0000] {logging_mixin.py:151} INFO - #False
[2024-01-20T19:12:47.361+0000] {logging_mixin.py:151} INFO - #False
[2024-01-20T19:12:47.363+0000] {logging_mixin.py:151} INFO - #False
[2024-01-20T19:12:47.363+0000] {logging_mixin.py:151} INFO - #False
[2024-01-20T19:12:47.365+0000] {logging_mixin.py:151} INFO - #False
[2024-01-20T19:12:47.365+0000] {logging_mixin.py:151} INFO - #False
[2024-01-20T19:12:47.366+0000] {logging_mixin.py:151} INFO - #False
[2024-01-20T19:12:47.367+0000] {logging_mixin.py:151} INFO - #False
[2024-01-20T19:12:47.368+0000] {logging_mixin.py:151} INFO - #False
[2024-01-20T19:12:47.368+0000] {logging_mixin.py:151} INFO - #False
[2024-01-20T19:12:47.369+0000] {logging_mixin.py:151} INFO -  submission : 
[2024-01-20T19:12:48.003+0000] {logging_mixin.py:151} INFO - #False
[2024-01-20T19:12:48.004+0000] {logging_mixin.py:151} INFO - #False
[2024-01-20T19:12:48.005+0000] {logging_mixin.py:151} INFO - #False
[2024-01-20T19:12:48.006+0000] {logging_mixin.py:151} INFO - #False
[2024-01-20T19:12:48.007+0000] {logging_mixin.py:151} INFO - #False
[2024-01-20T19:12:48.007+0000] {logging_mixin.py:151} INFO - #False
[2024-01-20T19:12:48.008+0000] {logging_mixin.py:151} INFO - #False
[2024-01-20T19:12:48.008+0000] {logging_mixin.py:151} INFO - #False
[2024-01-20T19:12:48.008+0000] {logging_mixin.py:151} INFO - #False
[2024-01-20T19:12:48.010+0000] {logging_mixin.py:151} INFO - #False
[2024-01-20T19:12:48.010+0000] {logging_mixin.py:151} INFO - #False
[2024-01-20T19:12:48.010+0000] {logging_mixin.py:151} INFO - #False
[2024-01-20T19:12:48.011+0000] {logging_mixin.py:151} INFO - #False
[2024-01-20T19:12:48.011+0000] {logging_mixin.py:151} INFO - #False
[2024-01-20T19:12:48.011+0000] {logging_mixin.py:151} INFO - #False
[2024-01-20T19:12:48.012+0000] {logging_mixin.py:151} INFO - #False
[2024-01-20T19:12:48.012+0000] {logging_mixin.py:151} INFO - #False
[2024-01-20T19:12:48.013+0000] {logging_mixin.py:151} INFO - #False
[2024-01-20T19:12:48.013+0000] {logging_mixin.py:151} INFO - #False
[2024-01-20T19:12:48.014+0000] {logging_mixin.py:151} INFO - #False
[2024-01-20T19:12:48.014+0000] {logging_mixin.py:151} INFO - #False
[2024-01-20T19:12:48.015+0000] {logging_mixin.py:151} INFO - #False
[2024-01-20T19:12:48.015+0000] {logging_mixin.py:151} INFO - #False
[2024-01-20T19:12:48.016+0000] {logging_mixin.py:151} INFO - #False
[2024-01-20T19:12:48.016+0000] {logging_mixin.py:151} INFO - #False
[2024-01-20T19:12:48.017+0000] {logging_mixin.py:151} INFO - #False
[2024-01-20T19:12:48.017+0000] {logging_mixin.py:151} INFO - #False
[2024-01-20T19:12:48.018+0000] {logging_mixin.py:151} INFO - #False
[2024-01-20T19:12:48.018+0000] {logging_mixin.py:151} INFO - #False
[2024-01-20T19:12:48.019+0000] {logging_mixin.py:151} INFO - #False
[2024-01-20T19:12:48.019+0000] {logging_mixin.py:151} INFO -  submission : 
[2024-01-20T19:12:48.685+0000] {logging_mixin.py:151} INFO - #False
[2024-01-20T19:12:48.686+0000] {logging_mixin.py:151} INFO - #False
[2024-01-20T19:12:48.687+0000] {logging_mixin.py:151} INFO - #False
[2024-01-20T19:12:48.687+0000] {logging_mixin.py:151} INFO - #False
[2024-01-20T19:12:48.688+0000] {logging_mixin.py:151} INFO - #False
[2024-01-20T19:12:48.688+0000] {logging_mixin.py:151} INFO - #False
[2024-01-20T19:12:48.688+0000] {logging_mixin.py:151} INFO - #False
[2024-01-20T19:12:48.689+0000] {logging_mixin.py:151} INFO - #False
[2024-01-20T19:12:48.690+0000] {logging_mixin.py:151} INFO - #False
[2024-01-20T19:12:48.690+0000] {logging_mixin.py:151} INFO - #False
[2024-01-20T19:12:48.690+0000] {logging_mixin.py:151} INFO - #False
[2024-01-20T19:12:48.691+0000] {logging_mixin.py:151} INFO - #False
[2024-01-20T19:12:48.691+0000] {logging_mixin.py:151} INFO - #False
[2024-01-20T19:12:48.691+0000] {logging_mixin.py:151} INFO - #False
[2024-01-20T19:12:48.692+0000] {logging_mixin.py:151} INFO - #False
[2024-01-20T19:12:48.692+0000] {logging_mixin.py:151} INFO - #False
[2024-01-20T19:12:48.693+0000] {logging_mixin.py:151} INFO - #False
[2024-01-20T19:12:48.693+0000] {logging_mixin.py:151} INFO - #False
[2024-01-20T19:12:48.694+0000] {logging_mixin.py:151} INFO - #False
[2024-01-20T19:12:48.694+0000] {logging_mixin.py:151} INFO - #False
[2024-01-20T19:12:48.695+0000] {logging_mixin.py:151} INFO - #False
[2024-01-20T19:12:48.695+0000] {logging_mixin.py:151} INFO - #False
[2024-01-20T19:12:48.696+0000] {logging_mixin.py:151} INFO - #False
[2024-01-20T19:12:48.696+0000] {logging_mixin.py:151} INFO - #False
[2024-01-20T19:12:48.697+0000] {logging_mixin.py:151} INFO - #False
[2024-01-20T19:12:48.697+0000] {logging_mixin.py:151} INFO - #False
[2024-01-20T19:12:48.698+0000] {logging_mixin.py:151} INFO - #False
[2024-01-20T19:12:48.698+0000] {logging_mixin.py:151} INFO - #False
[2024-01-20T19:12:48.699+0000] {logging_mixin.py:151} INFO - #False
[2024-01-20T19:12:48.699+0000] {logging_mixin.py:151} INFO - #False
[2024-01-20T19:12:48.699+0000] {logging_mixin.py:151} INFO -  submission : 
[2024-01-20T19:12:49.082+0000] {logging_mixin.py:151} INFO - #False
[2024-01-20T19:12:49.083+0000] {logging_mixin.py:151} INFO - #False
[2024-01-20T19:12:49.084+0000] {logging_mixin.py:151} INFO - #False
[2024-01-20T19:12:49.084+0000] {logging_mixin.py:151} INFO - #False
[2024-01-20T19:12:49.085+0000] {logging_mixin.py:151} INFO - #False
[2024-01-20T19:12:49.085+0000] {logging_mixin.py:151} INFO - #False
[2024-01-20T19:12:49.086+0000] {logging_mixin.py:151} INFO - #False
[2024-01-20T19:12:49.086+0000] {logging_mixin.py:151} INFO - #False
[2024-01-20T19:12:49.086+0000] {logging_mixin.py:151} INFO - #False
[2024-01-20T19:12:49.087+0000] {logging_mixin.py:151} INFO - #False
[2024-01-20T19:12:49.087+0000] {logging_mixin.py:151} INFO - #False
[2024-01-20T19:12:49.087+0000] {logging_mixin.py:151} INFO - #False
[2024-01-20T19:12:49.088+0000] {logging_mixin.py:151} INFO - #False
[2024-01-20T19:12:49.088+0000] {logging_mixin.py:151} INFO - #False
[2024-01-20T19:12:49.088+0000] {logging_mixin.py:151} INFO - #False
[2024-01-20T19:12:49.089+0000] {logging_mixin.py:151} INFO - #False
[2024-01-20T19:12:49.089+0000] {logging_mixin.py:151} INFO - #False
[2024-01-20T19:12:49.089+0000] {logging_mixin.py:151} INFO - #False
[2024-01-20T19:12:49.090+0000] {logging_mixin.py:151} INFO - #False
[2024-01-20T19:12:49.090+0000] {logging_mixin.py:151} INFO - #False
[2024-01-20T19:12:49.090+0000] {logging_mixin.py:151} INFO - #False
[2024-01-20T19:12:49.091+0000] {logging_mixin.py:151} INFO - #False
[2024-01-20T19:12:49.091+0000] {logging_mixin.py:151} INFO - #False
[2024-01-20T19:12:49.091+0000] {logging_mixin.py:151} INFO - #False
[2024-01-20T19:12:49.092+0000] {logging_mixin.py:151} INFO - #False
[2024-01-20T19:12:49.092+0000] {logging_mixin.py:151} INFO - #False
[2024-01-20T19:12:49.093+0000] {logging_mixin.py:151} INFO - #False
[2024-01-20T19:12:49.093+0000] {logging_mixin.py:151} INFO - #False
[2024-01-20T19:12:49.094+0000] {logging_mixin.py:151} INFO - #False
[2024-01-20T19:12:49.094+0000] {logging_mixin.py:151} INFO - #False
[2024-01-20T19:12:49.094+0000] {logging_mixin.py:151} INFO -  submission : 
[2024-01-20T19:12:49.659+0000] {logging_mixin.py:151} INFO - #False
[2024-01-20T19:12:49.660+0000] {logging_mixin.py:151} INFO - #False
[2024-01-20T19:12:49.660+0000] {logging_mixin.py:151} INFO - #False
[2024-01-20T19:12:49.661+0000] {logging_mixin.py:151} INFO - #False
[2024-01-20T19:12:49.662+0000] {logging_mixin.py:151} INFO - #False
[2024-01-20T19:12:49.662+0000] {logging_mixin.py:151} INFO - #False
[2024-01-20T19:12:49.663+0000] {logging_mixin.py:151} INFO - #False
[2024-01-20T19:12:49.664+0000] {logging_mixin.py:151} INFO - #False
[2024-01-20T19:12:49.664+0000] {logging_mixin.py:151} INFO - #False
[2024-01-20T19:12:49.665+0000] {logging_mixin.py:151} INFO - #False
[2024-01-20T19:12:49.665+0000] {logging_mixin.py:151} INFO - #False
[2024-01-20T19:12:49.666+0000] {logging_mixin.py:151} INFO - #False
[2024-01-20T19:12:49.666+0000] {logging_mixin.py:151} INFO - #False
[2024-01-20T19:12:49.667+0000] {logging_mixin.py:151} INFO - #False
[2024-01-20T19:12:49.667+0000] {logging_mixin.py:151} INFO - #False
[2024-01-20T19:12:49.668+0000] {logging_mixin.py:151} INFO - #False
[2024-01-20T19:12:49.668+0000] {logging_mixin.py:151} INFO - #False
[2024-01-20T19:12:49.669+0000] {logging_mixin.py:151} INFO - #False
[2024-01-20T19:12:49.669+0000] {logging_mixin.py:151} INFO - #False
[2024-01-20T19:12:49.670+0000] {logging_mixin.py:151} INFO - #False
[2024-01-20T19:12:49.670+0000] {logging_mixin.py:151} INFO - #False
[2024-01-20T19:12:49.671+0000] {logging_mixin.py:151} INFO - #False
[2024-01-20T19:12:49.671+0000] {logging_mixin.py:151} INFO - #False
[2024-01-20T19:12:49.672+0000] {logging_mixin.py:151} INFO - #False
[2024-01-20T19:12:49.672+0000] {logging_mixin.py:151} INFO - #False
[2024-01-20T19:12:49.673+0000] {logging_mixin.py:151} INFO - #False
[2024-01-20T19:12:49.674+0000] {logging_mixin.py:151} INFO - #False
[2024-01-20T19:12:49.674+0000] {logging_mixin.py:151} INFO - #False
[2024-01-20T19:12:49.675+0000] {logging_mixin.py:151} INFO - #False
[2024-01-20T19:12:49.676+0000] {logging_mixin.py:151} INFO - #False
[2024-01-20T19:12:49.676+0000] {logging_mixin.py:151} INFO -  submission : 
[2024-01-20T19:12:50.361+0000] {logging_mixin.py:151} INFO - #False
[2024-01-20T19:12:50.362+0000] {logging_mixin.py:151} INFO - #False
[2024-01-20T19:12:50.362+0000] {logging_mixin.py:151} INFO - #False
[2024-01-20T19:12:50.363+0000] {logging_mixin.py:151} INFO - #False
[2024-01-20T19:12:50.364+0000] {logging_mixin.py:151} INFO - #False
[2024-01-20T19:12:50.364+0000] {logging_mixin.py:151} INFO - #False
[2024-01-20T19:12:50.364+0000] {logging_mixin.py:151} INFO - #False
[2024-01-20T19:12:50.365+0000] {logging_mixin.py:151} INFO - #False
[2024-01-20T19:12:50.365+0000] {logging_mixin.py:151} INFO - #False
[2024-01-20T19:12:50.366+0000] {logging_mixin.py:151} INFO - #False
[2024-01-20T19:12:50.367+0000] {logging_mixin.py:151} INFO - #False
[2024-01-20T19:12:50.367+0000] {logging_mixin.py:151} INFO - #False
[2024-01-20T19:12:50.367+0000] {logging_mixin.py:151} INFO - #False
[2024-01-20T19:12:50.368+0000] {logging_mixin.py:151} INFO - #False
[2024-01-20T19:12:50.368+0000] {logging_mixin.py:151} INFO - #False
[2024-01-20T19:12:50.369+0000] {logging_mixin.py:151} INFO - #False
[2024-01-20T19:12:50.369+0000] {logging_mixin.py:151} INFO - #False
[2024-01-20T19:12:50.370+0000] {logging_mixin.py:151} INFO - #False
[2024-01-20T19:12:50.370+0000] {logging_mixin.py:151} INFO - #False
[2024-01-20T19:12:50.371+0000] {logging_mixin.py:151} INFO - #False
[2024-01-20T19:12:50.371+0000] {logging_mixin.py:151} INFO - #False
[2024-01-20T19:12:50.372+0000] {logging_mixin.py:151} INFO - #False
[2024-01-20T19:12:50.372+0000] {logging_mixin.py:151} INFO - #False
[2024-01-20T19:12:50.373+0000] {logging_mixin.py:151} INFO - #False
[2024-01-20T19:12:50.373+0000] {logging_mixin.py:151} INFO - #False
[2024-01-20T19:12:50.374+0000] {logging_mixin.py:151} INFO - #False
[2024-01-20T19:12:50.374+0000] {logging_mixin.py:151} INFO - #False
[2024-01-20T19:12:50.375+0000] {logging_mixin.py:151} INFO - #False
[2024-01-20T19:12:50.375+0000] {logging_mixin.py:151} INFO - #False
[2024-01-20T19:12:50.376+0000] {logging_mixin.py:151} INFO - #False
[2024-01-20T19:12:50.376+0000] {logging_mixin.py:151} INFO -  submission : 
[2024-01-20T19:12:51.002+0000] {logging_mixin.py:151} INFO - #False
[2024-01-20T19:12:51.003+0000] {logging_mixin.py:151} INFO - #False
[2024-01-20T19:12:51.003+0000] {logging_mixin.py:151} INFO - #False
[2024-01-20T19:12:51.004+0000] {logging_mixin.py:151} INFO - #False
[2024-01-20T19:12:51.004+0000] {logging_mixin.py:151} INFO - #False
[2024-01-20T19:12:51.005+0000] {logging_mixin.py:151} INFO - #False
[2024-01-20T19:12:51.006+0000] {logging_mixin.py:151} INFO - #False
[2024-01-20T19:12:51.006+0000] {logging_mixin.py:151} INFO - #False
[2024-01-20T19:12:51.007+0000] {logging_mixin.py:151} INFO - #False
[2024-01-20T19:12:51.007+0000] {logging_mixin.py:151} INFO - #False
[2024-01-20T19:12:51.007+0000] {logging_mixin.py:151} INFO - #False
[2024-01-20T19:12:51.008+0000] {logging_mixin.py:151} INFO - #False
[2024-01-20T19:12:51.008+0000] {logging_mixin.py:151} INFO - #False
[2024-01-20T19:12:51.009+0000] {logging_mixin.py:151} INFO - #False
[2024-01-20T19:12:51.009+0000] {logging_mixin.py:151} INFO - #False
[2024-01-20T19:12:51.010+0000] {logging_mixin.py:151} INFO - #False
[2024-01-20T19:12:51.011+0000] {logging_mixin.py:151} INFO - #False
[2024-01-20T19:12:51.011+0000] {logging_mixin.py:151} INFO - #False
[2024-01-20T19:12:51.012+0000] {logging_mixin.py:151} INFO - #False
[2024-01-20T19:12:51.012+0000] {logging_mixin.py:151} INFO - #False
[2024-01-20T19:12:51.012+0000] {logging_mixin.py:151} INFO - #False
[2024-01-20T19:12:51.013+0000] {logging_mixin.py:151} INFO - #False
[2024-01-20T19:12:51.014+0000] {logging_mixin.py:151} INFO - #False
[2024-01-20T19:12:51.014+0000] {logging_mixin.py:151} INFO - #False
[2024-01-20T19:12:51.014+0000] {logging_mixin.py:151} INFO - #False
[2024-01-20T19:12:51.015+0000] {logging_mixin.py:151} INFO - #False
[2024-01-20T19:12:51.015+0000] {logging_mixin.py:151} INFO - #False
[2024-01-20T19:12:51.016+0000] {logging_mixin.py:151} INFO - #False
[2024-01-20T19:12:51.016+0000] {logging_mixin.py:151} INFO - #False
[2024-01-20T19:12:51.016+0000] {logging_mixin.py:151} INFO - #False
[2024-01-20T19:12:51.017+0000] {logging_mixin.py:151} INFO -  submission : 
[2024-01-20T19:12:51.572+0000] {logging_mixin.py:151} INFO - #False
[2024-01-20T19:12:51.572+0000] {logging_mixin.py:151} INFO - #False
[2024-01-20T19:12:51.573+0000] {logging_mixin.py:151} INFO - #False
[2024-01-20T19:12:51.573+0000] {logging_mixin.py:151} INFO - #False
[2024-01-20T19:12:51.574+0000] {logging_mixin.py:151} INFO - #False
[2024-01-20T19:12:51.574+0000] {logging_mixin.py:151} INFO - #False
[2024-01-20T19:12:51.575+0000] {logging_mixin.py:151} INFO - #False
[2024-01-20T19:12:51.575+0000] {logging_mixin.py:151} INFO - #False
[2024-01-20T19:12:51.576+0000] {logging_mixin.py:151} INFO - #False
[2024-01-20T19:12:51.577+0000] {logging_mixin.py:151} INFO - #False
[2024-01-20T19:12:51.578+0000] {logging_mixin.py:151} INFO - #False
[2024-01-20T19:12:51.578+0000] {logging_mixin.py:151} INFO - #False
[2024-01-20T19:12:51.579+0000] {logging_mixin.py:151} INFO - #False
[2024-01-20T19:12:51.580+0000] {logging_mixin.py:151} INFO - #False
[2024-01-20T19:12:51.580+0000] {logging_mixin.py:151} INFO - #False
[2024-01-20T19:12:51.581+0000] {logging_mixin.py:151} INFO - #False
[2024-01-20T19:12:51.581+0000] {logging_mixin.py:151} INFO - #False
[2024-01-20T19:12:51.581+0000] {logging_mixin.py:151} INFO - #False
[2024-01-20T19:12:51.582+0000] {logging_mixin.py:151} INFO - #False
[2024-01-20T19:12:51.582+0000] {logging_mixin.py:151} INFO - #False
[2024-01-20T19:12:51.583+0000] {logging_mixin.py:151} INFO - #False
[2024-01-20T19:12:51.583+0000] {logging_mixin.py:151} INFO - #False
[2024-01-20T19:12:51.583+0000] {logging_mixin.py:151} INFO - #False
[2024-01-20T19:12:51.584+0000] {logging_mixin.py:151} INFO - #False
[2024-01-20T19:12:51.584+0000] {logging_mixin.py:151} INFO - #False
[2024-01-20T19:12:51.585+0000] {logging_mixin.py:151} INFO - #False
[2024-01-20T19:12:51.585+0000] {logging_mixin.py:151} INFO - #False
[2024-01-20T19:12:51.586+0000] {logging_mixin.py:151} INFO - #False
[2024-01-20T19:12:51.586+0000] {logging_mixin.py:151} INFO - #False
[2024-01-20T19:12:51.587+0000] {logging_mixin.py:151} INFO - #False
[2024-01-20T19:12:51.587+0000] {conn.py:919} INFO - <BrokerConnection node_id=1 host=broker:29092 <connected> [IPv4 ('172.19.0.11', 29092)]>: Closing connection. 
[2024-01-20T19:12:51.588+0000] {python.py:194} INFO - Done. Returned value was: None
[2024-01-20T19:12:51.603+0000] {taskinstance.py:1400} INFO - Marking task as SUCCESS. dag_id=Kafka_Producer_4, task_id=Reddit, execution_date=20240120T191013, start_date=20240120T191245, end_date=20240120T191251
[2024-01-20T19:12:51.662+0000] {local_task_job_runner.py:228} INFO - Task exited with return code 0
[2024-01-20T19:12:51.688+0000] {taskinstance.py:2784} INFO - 0 downstream tasks scheduled from follow-on schedule check
