[2024-01-17T01:40:25.433+0000] {taskinstance.py:1159} INFO - Dependencies all met for dep_context=non-requeueable deps ti=<TaskInstance: spark_stream_job.spark_submit_task scheduled__2024-01-17T01:10:00+00:00 [queued]>
[2024-01-17T01:40:25.437+0000] {taskinstance.py:1159} INFO - Dependencies all met for dep_context=requeueable deps ti=<TaskInstance: spark_stream_job.spark_submit_task scheduled__2024-01-17T01:10:00+00:00 [queued]>
[2024-01-17T01:40:25.437+0000] {taskinstance.py:1361} INFO - Starting attempt 2 of 2
[2024-01-17T01:40:25.446+0000] {taskinstance.py:1382} INFO - Executing <Task(BashOperator): spark_submit_task> on 2024-01-17 01:10:00+00:00
[2024-01-17T01:40:25.449+0000] {standard_task_runner.py:57} INFO - Started process 278 to run task
[2024-01-17T01:40:25.451+0000] {standard_task_runner.py:84} INFO - Running: ['***', 'tasks', 'run', 'spark_stream_job', 'spark_submit_task', 'scheduled__2024-01-17T01:10:00+00:00', '--job-id', '46', '--raw', '--subdir', 'DAGS_FOLDER/spark_streaming_dag.py', '--cfg-path', '/tmp/tmp9z8p0axl']
[2024-01-17T01:40:25.452+0000] {standard_task_runner.py:85} INFO - Job 46: Subtask spark_submit_task
[2024-01-17T01:40:25.487+0000] {task_command.py:415} INFO - Running <TaskInstance: spark_stream_job.spark_submit_task scheduled__2024-01-17T01:10:00+00:00 [running]> on host 4ec820d606d8
[2024-01-17T01:40:25.538+0000] {taskinstance.py:1660} INFO - Exporting env vars: AIRFLOW_CTX_DAG_OWNER='me' AIRFLOW_CTX_DAG_ID='spark_stream_job' AIRFLOW_CTX_TASK_ID='spark_submit_task' AIRFLOW_CTX_EXECUTION_DATE='2024-01-17T01:10:00+00:00' AIRFLOW_CTX_TRY_NUMBER='2' AIRFLOW_CTX_DAG_RUN_ID='scheduled__2024-01-17T01:10:00+00:00'
[2024-01-17T01:40:25.538+0000] {subprocess.py:63} INFO - Tmp dir root location: /tmp
[2024-01-17T01:40:25.539+0000] {subprocess.py:75} INFO - Running command: ['/bin/bash', '-c', 'spark-submit /opt/***/dags/spark_stream.py']
[2024-01-17T01:40:25.544+0000] {subprocess.py:86} INFO - Output:
[2024-01-17T01:40:25.545+0000] {subprocess.py:93} INFO - /bin/bash: line 1: spark-submit: command not found
[2024-01-17T01:40:25.545+0000] {subprocess.py:97} INFO - Command exited with return code 127
[2024-01-17T01:40:25.553+0000] {taskinstance.py:1943} ERROR - Task failed with exception
Traceback (most recent call last):
  File "/home/airflow/.local/lib/python3.9/site-packages/airflow/operators/bash.py", line 210, in execute
    raise AirflowException(
airflow.exceptions.AirflowException: Bash command failed. The command returned a non-zero exit code 127.
[2024-01-17T01:40:25.555+0000] {taskinstance.py:1400} INFO - Marking task as FAILED. dag_id=spark_stream_job, task_id=spark_submit_task, execution_date=20240117T011000, start_date=20240117T014025, end_date=20240117T014025
[2024-01-17T01:40:25.565+0000] {standard_task_runner.py:104} ERROR - Failed to execute job 46 for task spark_submit_task (Bash command failed. The command returned a non-zero exit code 127.; 278)
[2024-01-17T01:40:25.583+0000] {local_task_job_runner.py:228} INFO - Task exited with return code 1
[2024-01-17T01:40:25.608+0000] {taskinstance.py:2784} INFO - 0 downstream tasks scheduled from follow-on schedule check
[2024-01-17T01:48:43.588+0000] {taskinstance.py:1159} INFO - Dependencies all met for dep_context=non-requeueable deps ti=<TaskInstance: spark_stream_job.spark_submit_task scheduled__2024-01-17T01:10:00+00:00 [queued]>
[2024-01-17T01:48:43.593+0000] {taskinstance.py:1159} INFO - Dependencies all met for dep_context=requeueable deps ti=<TaskInstance: spark_stream_job.spark_submit_task scheduled__2024-01-17T01:10:00+00:00 [queued]>
[2024-01-17T01:48:43.593+0000] {taskinstance.py:1361} INFO - Starting attempt 2 of 2
[2024-01-17T01:48:43.603+0000] {taskinstance.py:1382} INFO - Executing <Task(BashOperator): spark_submit_task> on 2024-01-17 01:10:00+00:00
[2024-01-17T01:48:43.605+0000] {standard_task_runner.py:57} INFO - Started process 520 to run task
[2024-01-17T01:48:43.608+0000] {standard_task_runner.py:84} INFO - Running: ['***', 'tasks', 'run', 'spark_stream_job', 'spark_submit_task', 'scheduled__2024-01-17T01:10:00+00:00', '--job-id', '46', '--raw', '--subdir', 'DAGS_FOLDER/spark_streaming_dag.py', '--cfg-path', '/tmp/tmp856pkwq1']
[2024-01-17T01:48:43.608+0000] {standard_task_runner.py:85} INFO - Job 46: Subtask spark_submit_task
[2024-01-17T01:48:43.647+0000] {task_command.py:415} INFO - Running <TaskInstance: spark_stream_job.spark_submit_task scheduled__2024-01-17T01:10:00+00:00 [running]> on host a81a9f2a1c09
[2024-01-17T01:48:43.700+0000] {taskinstance.py:1660} INFO - Exporting env vars: AIRFLOW_CTX_DAG_OWNER='me' AIRFLOW_CTX_DAG_ID='spark_stream_job' AIRFLOW_CTX_TASK_ID='spark_submit_task' AIRFLOW_CTX_EXECUTION_DATE='2024-01-17T01:10:00+00:00' AIRFLOW_CTX_TRY_NUMBER='2' AIRFLOW_CTX_DAG_RUN_ID='scheduled__2024-01-17T01:10:00+00:00'
[2024-01-17T01:48:43.701+0000] {subprocess.py:63} INFO - Tmp dir root location: /tmp
[2024-01-17T01:48:43.701+0000] {subprocess.py:75} INFO - Running command: ['/bin/bash', '-c', 'docker run --rm -v /opt/***/dags:/opt/***/dags bitnami/spark:latest bin/spark-submit /opt/***/dags/spark_stream.py']
[2024-01-17T01:48:43.706+0000] {subprocess.py:86} INFO - Output:
[2024-01-17T01:48:43.722+0000] {subprocess.py:93} INFO - docker: Cannot connect to the Docker daemon at unix:///var/run/docker.sock. Is the docker daemon running?.
[2024-01-17T01:48:43.722+0000] {subprocess.py:93} INFO - See 'docker run --help'.
[2024-01-17T01:48:43.723+0000] {subprocess.py:97} INFO - Command exited with return code 125
[2024-01-17T01:48:43.731+0000] {taskinstance.py:1943} ERROR - Task failed with exception
Traceback (most recent call last):
  File "/home/airflow/.local/lib/python3.9/site-packages/airflow/operators/bash.py", line 210, in execute
    raise AirflowException(
airflow.exceptions.AirflowException: Bash command failed. The command returned a non-zero exit code 125.
[2024-01-17T01:48:43.733+0000] {taskinstance.py:1400} INFO - Marking task as FAILED. dag_id=spark_stream_job, task_id=spark_submit_task, execution_date=20240117T011000, start_date=20240117T014843, end_date=20240117T014843
[2024-01-17T01:48:43.743+0000] {standard_task_runner.py:104} ERROR - Failed to execute job 46 for task spark_submit_task (Bash command failed. The command returned a non-zero exit code 125.; 520)
[2024-01-17T01:48:43.780+0000] {local_task_job_runner.py:228} INFO - Task exited with return code 1
[2024-01-17T01:48:43.800+0000] {taskinstance.py:2784} INFO - 0 downstream tasks scheduled from follow-on schedule check
[2024-01-17T02:37:58.241+0000] {taskinstance.py:1159} INFO - Dependencies all met for dep_context=non-requeueable deps ti=<TaskInstance: spark_stream_job.spark_submit_task scheduled__2024-01-17T01:10:00+00:00 [queued]>
[2024-01-17T02:37:58.246+0000] {taskinstance.py:1159} INFO - Dependencies all met for dep_context=requeueable deps ti=<TaskInstance: spark_stream_job.spark_submit_task scheduled__2024-01-17T01:10:00+00:00 [queued]>
[2024-01-17T02:37:58.246+0000] {taskinstance.py:1361} INFO - Starting attempt 2 of 2
[2024-01-17T02:37:58.255+0000] {taskinstance.py:1382} INFO - Executing <Task(SparkSubmitOperator): spark_submit_task> on 2024-01-17 01:10:00+00:00
[2024-01-17T02:37:58.258+0000] {standard_task_runner.py:57} INFO - Started process 477 to run task
[2024-01-17T02:37:58.260+0000] {standard_task_runner.py:84} INFO - Running: ['***', 'tasks', 'run', 'spark_stream_job', 'spark_submit_task', 'scheduled__2024-01-17T01:10:00+00:00', '--job-id', '45', '--raw', '--subdir', 'DAGS_FOLDER/spark_streaming_dag.py', '--cfg-path', '/tmp/tmp69h3of3i']
[2024-01-17T02:37:58.262+0000] {standard_task_runner.py:85} INFO - Job 45: Subtask spark_submit_task
[2024-01-17T02:37:58.298+0000] {task_command.py:415} INFO - Running <TaskInstance: spark_stream_job.spark_submit_task scheduled__2024-01-17T01:10:00+00:00 [running]> on host 7f29d30c8362
[2024-01-17T02:37:58.351+0000] {taskinstance.py:1660} INFO - Exporting env vars: AIRFLOW_CTX_DAG_OWNER='me' AIRFLOW_CTX_DAG_ID='spark_stream_job' AIRFLOW_CTX_TASK_ID='spark_submit_task' AIRFLOW_CTX_EXECUTION_DATE='2024-01-17T01:10:00+00:00' AIRFLOW_CTX_TRY_NUMBER='2' AIRFLOW_CTX_DAG_RUN_ID='scheduled__2024-01-17T01:10:00+00:00'
[2024-01-17T02:37:58.359+0000] {base.py:73} INFO - Using connection ID 'spark_default' for task execution.
[2024-01-17T02:37:58.360+0000] {spark_submit.py:401} INFO - Spark-Submit cmd: spark-submit --master spark-master:7077 --name spark_submit_job --verbose --queue default --deploy-mode client /opt/bitnami/scripts/spark_stream.py
[2024-01-17T02:37:58.463+0000] {spark_submit.py:571} INFO - /home/***/.local/lib/python3.9/site-packages/pyspark/bin/load-spark-env.sh: line 68: ps: command not found
[2024-01-17T02:37:58.464+0000] {spark_submit.py:571} INFO - JAVA_HOME is not set
[2024-01-17T02:37:58.473+0000] {taskinstance.py:1943} ERROR - Task failed with exception
Traceback (most recent call last):
  File "/home/airflow/.local/lib/python3.9/site-packages/airflow/providers/apache/spark/operators/spark_submit.py", line 174, in execute
    self._hook.submit(self._application)
  File "/home/airflow/.local/lib/python3.9/site-packages/airflow/providers/apache/spark/hooks/spark_submit.py", line 502, in submit
    raise AirflowException(
airflow.exceptions.AirflowException: Cannot execute: spark-submit --master spark-master:7077 --name spark_submit_job --verbose --queue default --deploy-mode client /opt/bitnami/scripts/spark_stream.py. Error code is: 1.
[2024-01-17T02:37:58.476+0000] {taskinstance.py:1400} INFO - Marking task as FAILED. dag_id=spark_stream_job, task_id=spark_submit_task, execution_date=20240117T011000, start_date=20240117T023758, end_date=20240117T023758
[2024-01-17T02:37:58.489+0000] {standard_task_runner.py:104} ERROR - Failed to execute job 45 for task spark_submit_task (Cannot execute: spark-submit --master spark-master:7077 --name spark_submit_job --verbose --queue default --deploy-mode client /opt/bitnami/scripts/spark_stream.py. Error code is: 1.; 477)
[2024-01-17T02:37:58.513+0000] {local_task_job_runner.py:228} INFO - Task exited with return code 1
[2024-01-17T02:37:58.531+0000] {taskinstance.py:2784} INFO - 0 downstream tasks scheduled from follow-on schedule check
[2024-01-17T03:27:02.523+0000] {taskinstance.py:1159} INFO - Dependencies all met for dep_context=non-requeueable deps ti=<TaskInstance: spark_stream_job.spark_submit_task scheduled__2024-01-17T01:10:00+00:00 [queued]>
[2024-01-17T03:27:02.529+0000] {taskinstance.py:1159} INFO - Dependencies all met for dep_context=requeueable deps ti=<TaskInstance: spark_stream_job.spark_submit_task scheduled__2024-01-17T01:10:00+00:00 [queued]>
[2024-01-17T03:27:02.529+0000] {taskinstance.py:1361} INFO - Starting attempt 2 of 2
[2024-01-17T03:27:02.539+0000] {taskinstance.py:1382} INFO - Executing <Task(SparkSubmitOperator): spark_submit_task> on 2024-01-17 01:10:00+00:00
[2024-01-17T03:27:02.541+0000] {standard_task_runner.py:57} INFO - Started process 492 to run task
[2024-01-17T03:27:02.544+0000] {standard_task_runner.py:84} INFO - Running: ['***', 'tasks', 'run', 'spark_stream_job', 'spark_submit_task', 'scheduled__2024-01-17T01:10:00+00:00', '--job-id', '44', '--raw', '--subdir', 'DAGS_FOLDER/spark_streaming_dag.py', '--cfg-path', '/tmp/tmp7y7karo2']
[2024-01-17T03:27:02.545+0000] {standard_task_runner.py:85} INFO - Job 44: Subtask spark_submit_task
[2024-01-17T03:27:02.579+0000] {task_command.py:415} INFO - Running <TaskInstance: spark_stream_job.spark_submit_task scheduled__2024-01-17T01:10:00+00:00 [running]> on host 776833dc279e
[2024-01-17T03:27:02.630+0000] {taskinstance.py:1660} INFO - Exporting env vars: AIRFLOW_CTX_DAG_OWNER='me' AIRFLOW_CTX_DAG_ID='spark_stream_job' AIRFLOW_CTX_TASK_ID='spark_submit_task' AIRFLOW_CTX_EXECUTION_DATE='2024-01-17T01:10:00+00:00' AIRFLOW_CTX_TRY_NUMBER='2' AIRFLOW_CTX_DAG_RUN_ID='scheduled__2024-01-17T01:10:00+00:00'
[2024-01-17T03:27:02.636+0000] {base.py:73} INFO - Using connection ID 'spark_default' for task execution.
[2024-01-17T03:27:02.637+0000] {spark_submit.py:401} INFO - Spark-Submit cmd: spark-submit --master spark://192.168.192.5:7077 --name spark_submit_job --verbose --queue root.default --deploy-mode client /opt/bitnami/scripts/spark_stream.py
[2024-01-17T03:27:02.748+0000] {spark_submit.py:571} INFO - /home/***/.local/lib/python3.9/site-packages/pyspark/bin/load-spark-env.sh: line 68: ps: command not found
[2024-01-17T03:27:02.749+0000] {spark_submit.py:571} INFO - JAVA_HOME is not set
[2024-01-17T03:27:02.764+0000] {taskinstance.py:1943} ERROR - Task failed with exception
Traceback (most recent call last):
  File "/home/airflow/.local/lib/python3.9/site-packages/airflow/providers/apache/spark/operators/spark_submit.py", line 174, in execute
    self._hook.submit(self._application)
  File "/home/airflow/.local/lib/python3.9/site-packages/airflow/providers/apache/spark/hooks/spark_submit.py", line 502, in submit
    raise AirflowException(
airflow.exceptions.AirflowException: Cannot execute: spark-submit --master spark://192.168.192.5:7077 --name spark_submit_job --verbose --queue root.default --deploy-mode client /opt/bitnami/scripts/spark_stream.py. Error code is: 1.
[2024-01-17T03:27:02.768+0000] {taskinstance.py:1400} INFO - Marking task as FAILED. dag_id=spark_stream_job, task_id=spark_submit_task, execution_date=20240117T011000, start_date=20240117T032702, end_date=20240117T032702
[2024-01-17T03:27:02.787+0000] {standard_task_runner.py:104} ERROR - Failed to execute job 44 for task spark_submit_task (Cannot execute: spark-submit --master spark://192.168.192.5:7077 --name spark_submit_job --verbose --queue root.default --deploy-mode client /opt/bitnami/scripts/spark_stream.py. Error code is: 1.; 492)
[2024-01-17T03:27:02.797+0000] {local_task_job_runner.py:228} INFO - Task exited with return code 1
[2024-01-17T03:27:02.820+0000] {taskinstance.py:2784} INFO - 0 downstream tasks scheduled from follow-on schedule check
[2024-01-17T03:30:48.439+0000] {taskinstance.py:1159} INFO - Dependencies all met for dep_context=non-requeueable deps ti=<TaskInstance: spark_stream_job.spark_submit_task scheduled__2024-01-17T01:10:00+00:00 [queued]>
[2024-01-17T03:30:48.446+0000] {taskinstance.py:1159} INFO - Dependencies all met for dep_context=requeueable deps ti=<TaskInstance: spark_stream_job.spark_submit_task scheduled__2024-01-17T01:10:00+00:00 [queued]>
[2024-01-17T03:30:48.446+0000] {taskinstance.py:1361} INFO - Starting attempt 2 of 2
[2024-01-17T03:30:48.460+0000] {taskinstance.py:1382} INFO - Executing <Task(SparkSubmitOperator): spark_submit_task> on 2024-01-17 01:10:00+00:00
[2024-01-17T03:30:48.463+0000] {standard_task_runner.py:57} INFO - Started process 972 to run task
[2024-01-17T03:30:48.466+0000] {standard_task_runner.py:84} INFO - Running: ['***', 'tasks', 'run', 'spark_stream_job', 'spark_submit_task', 'scheduled__2024-01-17T01:10:00+00:00', '--job-id', '92', '--raw', '--subdir', 'DAGS_FOLDER/spark_streaming_dag.py', '--cfg-path', '/tmp/tmpvp_2m1_f']
[2024-01-17T03:30:48.467+0000] {standard_task_runner.py:85} INFO - Job 92: Subtask spark_submit_task
[2024-01-17T03:30:48.509+0000] {task_command.py:415} INFO - Running <TaskInstance: spark_stream_job.spark_submit_task scheduled__2024-01-17T01:10:00+00:00 [running]> on host 776833dc279e
[2024-01-17T03:30:48.580+0000] {taskinstance.py:1660} INFO - Exporting env vars: AIRFLOW_CTX_DAG_OWNER='me' AIRFLOW_CTX_DAG_ID='spark_stream_job' AIRFLOW_CTX_TASK_ID='spark_submit_task' AIRFLOW_CTX_EXECUTION_DATE='2024-01-17T01:10:00+00:00' AIRFLOW_CTX_TRY_NUMBER='2' AIRFLOW_CTX_DAG_RUN_ID='scheduled__2024-01-17T01:10:00+00:00'
[2024-01-17T03:30:48.588+0000] {base.py:73} INFO - Using connection ID 'spark_default' for task execution.
[2024-01-17T03:30:48.590+0000] {spark_submit.py:401} INFO - Spark-Submit cmd: spark-submit --master spark://192.168.192.5:7077 --name spark_submit_job --verbose --queue root.default --deploy-mode client /opt/bitnami/scripts/spark_stream.py
[2024-01-17T03:30:48.743+0000] {spark_submit.py:571} INFO - /home/***/.local/lib/python3.9/site-packages/pyspark/bin/load-spark-env.sh: line 68: ps: command not found
[2024-01-17T03:30:48.744+0000] {spark_submit.py:571} INFO - JAVA_HOME is not set
[2024-01-17T03:30:48.755+0000] {taskinstance.py:1943} ERROR - Task failed with exception
Traceback (most recent call last):
  File "/home/airflow/.local/lib/python3.9/site-packages/airflow/providers/apache/spark/operators/spark_submit.py", line 174, in execute
    self._hook.submit(self._application)
  File "/home/airflow/.local/lib/python3.9/site-packages/airflow/providers/apache/spark/hooks/spark_submit.py", line 502, in submit
    raise AirflowException(
airflow.exceptions.AirflowException: Cannot execute: spark-submit --master spark://192.168.192.5:7077 --name spark_submit_job --verbose --queue root.default --deploy-mode client /opt/bitnami/scripts/spark_stream.py. Error code is: 1.
[2024-01-17T03:30:48.758+0000] {taskinstance.py:1400} INFO - Marking task as FAILED. dag_id=spark_stream_job, task_id=spark_submit_task, execution_date=20240117T011000, start_date=20240117T033048, end_date=20240117T033048
[2024-01-17T03:30:48.772+0000] {standard_task_runner.py:104} ERROR - Failed to execute job 92 for task spark_submit_task (Cannot execute: spark-submit --master spark://192.168.192.5:7077 --name spark_submit_job --verbose --queue root.default --deploy-mode client /opt/bitnami/scripts/spark_stream.py. Error code is: 1.; 972)
[2024-01-17T03:30:48.799+0000] {local_task_job_runner.py:228} INFO - Task exited with return code 1
[2024-01-17T03:30:48.822+0000] {taskinstance.py:2784} INFO - 0 downstream tasks scheduled from follow-on schedule check
[2024-01-17T03:36:05.887+0000] {taskinstance.py:1159} INFO - Dependencies all met for dep_context=non-requeueable deps ti=<TaskInstance: spark_stream_job.spark_submit_task scheduled__2024-01-17T01:10:00+00:00 [queued]>
[2024-01-17T03:36:05.893+0000] {taskinstance.py:1159} INFO - Dependencies all met for dep_context=requeueable deps ti=<TaskInstance: spark_stream_job.spark_submit_task scheduled__2024-01-17T01:10:00+00:00 [queued]>
[2024-01-17T03:36:05.893+0000] {taskinstance.py:1361} INFO - Starting attempt 2 of 2
[2024-01-17T03:36:05.902+0000] {taskinstance.py:1382} INFO - Executing <Task(SparkSubmitOperator): spark_submit_task> on 2024-01-17 01:10:00+00:00
[2024-01-17T03:36:05.904+0000] {standard_task_runner.py:57} INFO - Started process 154 to run task
[2024-01-17T03:36:05.906+0000] {standard_task_runner.py:84} INFO - Running: ['***', 'tasks', 'run', 'spark_stream_job', 'spark_submit_task', 'scheduled__2024-01-17T01:10:00+00:00', '--job-id', '139', '--raw', '--subdir', 'DAGS_FOLDER/spark_streaming_dag.py', '--cfg-path', '/tmp/tmppta3o1ih']
[2024-01-17T03:36:05.908+0000] {standard_task_runner.py:85} INFO - Job 139: Subtask spark_submit_task
[2024-01-17T03:36:05.942+0000] {task_command.py:415} INFO - Running <TaskInstance: spark_stream_job.spark_submit_task scheduled__2024-01-17T01:10:00+00:00 [running]> on host 776833dc279e
[2024-01-17T03:36:05.990+0000] {taskinstance.py:1660} INFO - Exporting env vars: AIRFLOW_CTX_DAG_OWNER='me' AIRFLOW_CTX_DAG_ID='spark_stream_job' AIRFLOW_CTX_TASK_ID='spark_submit_task' AIRFLOW_CTX_EXECUTION_DATE='2024-01-17T01:10:00+00:00' AIRFLOW_CTX_TRY_NUMBER='2' AIRFLOW_CTX_DAG_RUN_ID='scheduled__2024-01-17T01:10:00+00:00'
[2024-01-17T03:36:05.996+0000] {base.py:73} INFO - Using connection ID 'spark_default' for task execution.
[2024-01-17T03:36:05.996+0000] {spark_submit.py:401} INFO - Spark-Submit cmd: spark-submit --master spark://192.168.192.5:7077 --name spark_submit_job --verbose --queue root.default --deploy-mode client /opt/bitnami/scripts/spark_stream.py
[2024-01-17T03:36:06.091+0000] {spark_submit.py:571} INFO - /home/***/.local/lib/python3.9/site-packages/pyspark/bin/load-spark-env.sh: line 68: ps: command not found
[2024-01-17T03:36:06.092+0000] {spark_submit.py:571} INFO - JAVA_HOME is not set
[2024-01-17T03:36:06.100+0000] {taskinstance.py:1943} ERROR - Task failed with exception
Traceback (most recent call last):
  File "/home/airflow/.local/lib/python3.9/site-packages/airflow/providers/apache/spark/operators/spark_submit.py", line 174, in execute
    self._hook.submit(self._application)
  File "/home/airflow/.local/lib/python3.9/site-packages/airflow/providers/apache/spark/hooks/spark_submit.py", line 502, in submit
    raise AirflowException(
airflow.exceptions.AirflowException: Cannot execute: spark-submit --master spark://192.168.192.5:7077 --name spark_submit_job --verbose --queue root.default --deploy-mode client /opt/bitnami/scripts/spark_stream.py. Error code is: 1.
[2024-01-17T03:36:06.102+0000] {taskinstance.py:1400} INFO - Marking task as FAILED. dag_id=spark_stream_job, task_id=spark_submit_task, execution_date=20240117T011000, start_date=20240117T033605, end_date=20240117T033606
[2024-01-17T03:36:06.113+0000] {standard_task_runner.py:104} ERROR - Failed to execute job 139 for task spark_submit_task (Cannot execute: spark-submit --master spark://192.168.192.5:7077 --name spark_submit_job --verbose --queue root.default --deploy-mode client /opt/bitnami/scripts/spark_stream.py. Error code is: 1.; 154)
[2024-01-17T03:36:06.119+0000] {local_task_job_runner.py:228} INFO - Task exited with return code 1
[2024-01-17T03:36:06.135+0000] {taskinstance.py:2784} INFO - 0 downstream tasks scheduled from follow-on schedule check
[2024-01-17T03:52:55.868+0000] {taskinstance.py:1159} INFO - Dependencies all met for dep_context=non-requeueable deps ti=<TaskInstance: spark_stream_job.spark_submit_task scheduled__2024-01-17T01:10:00+00:00 [queued]>
[2024-01-17T03:52:55.874+0000] {taskinstance.py:1159} INFO - Dependencies all met for dep_context=requeueable deps ti=<TaskInstance: spark_stream_job.spark_submit_task scheduled__2024-01-17T01:10:00+00:00 [queued]>
[2024-01-17T03:52:55.874+0000] {taskinstance.py:1361} INFO - Starting attempt 2 of 2
[2024-01-17T03:52:55.886+0000] {taskinstance.py:1382} INFO - Executing <Task(SparkSubmitOperator): spark_submit_task> on 2024-01-17 01:10:00+00:00
[2024-01-17T03:52:55.889+0000] {standard_task_runner.py:57} INFO - Started process 6110 to run task
[2024-01-17T03:52:55.891+0000] {standard_task_runner.py:84} INFO - Running: ['***', 'tasks', 'run', 'spark_stream_job', 'spark_submit_task', 'scheduled__2024-01-17T01:10:00+00:00', '--job-id', '244', '--raw', '--subdir', 'DAGS_FOLDER/spark_streaming_dag.py', '--cfg-path', '/tmp/tmp4j7l9sgk']
[2024-01-17T03:52:55.892+0000] {standard_task_runner.py:85} INFO - Job 244: Subtask spark_submit_task
[2024-01-17T03:52:55.934+0000] {task_command.py:415} INFO - Running <TaskInstance: spark_stream_job.spark_submit_task scheduled__2024-01-17T01:10:00+00:00 [running]> on host 776833dc279e
[2024-01-17T03:52:55.996+0000] {taskinstance.py:1660} INFO - Exporting env vars: AIRFLOW_CTX_DAG_OWNER='me' AIRFLOW_CTX_DAG_ID='spark_stream_job' AIRFLOW_CTX_TASK_ID='spark_submit_task' AIRFLOW_CTX_EXECUTION_DATE='2024-01-17T01:10:00+00:00' AIRFLOW_CTX_TRY_NUMBER='2' AIRFLOW_CTX_DAG_RUN_ID='scheduled__2024-01-17T01:10:00+00:00'
[2024-01-17T03:52:56.007+0000] {base.py:73} INFO - Using connection ID 'spark_default' for task execution.
[2024-01-17T03:52:56.008+0000] {spark_submit.py:401} INFO - Spark-Submit cmd: spark-submit --master spark://192.168.192.5:7077 --name spark_submit_job --verbose --queue root.default --deploy-mode client /opt/bitnami/scripts/spark_stream.py
[2024-01-17T03:52:56.132+0000] {spark_submit.py:571} INFO - /home/***/.local/lib/python3.9/site-packages/pyspark/bin/load-spark-env.sh: line 68: ps: command not found
[2024-01-17T03:52:57.251+0000] {spark_submit.py:571} INFO - Using properties file: null
[2024-01-17T03:52:57.343+0000] {spark_submit.py:571} INFO - Parsed arguments:
[2024-01-17T03:52:57.343+0000] {spark_submit.py:571} INFO - master                  spark://192.168.192.5:7077
[2024-01-17T03:52:57.343+0000] {spark_submit.py:571} INFO - remote                  null
[2024-01-17T03:52:57.344+0000] {spark_submit.py:571} INFO - deployMode              client
[2024-01-17T03:52:57.344+0000] {spark_submit.py:571} INFO - executorMemory          null
[2024-01-17T03:52:57.344+0000] {spark_submit.py:571} INFO - executorCores           null
[2024-01-17T03:52:57.344+0000] {spark_submit.py:571} INFO - totalExecutorCores      null
[2024-01-17T03:52:57.344+0000] {spark_submit.py:571} INFO - propertiesFile          null
[2024-01-17T03:52:57.344+0000] {spark_submit.py:571} INFO - driverMemory            null
[2024-01-17T03:52:57.344+0000] {spark_submit.py:571} INFO - driverCores             null
[2024-01-17T03:52:57.344+0000] {spark_submit.py:571} INFO - driverExtraClassPath    null
[2024-01-17T03:52:57.344+0000] {spark_submit.py:571} INFO - driverExtraLibraryPath  null
[2024-01-17T03:52:57.344+0000] {spark_submit.py:571} INFO - driverExtraJavaOptions  null
[2024-01-17T03:52:57.344+0000] {spark_submit.py:571} INFO - supervise               false
[2024-01-17T03:52:57.345+0000] {spark_submit.py:571} INFO - queue                   root.default
[2024-01-17T03:52:57.345+0000] {spark_submit.py:571} INFO - numExecutors            null
[2024-01-17T03:52:57.345+0000] {spark_submit.py:571} INFO - files                   null
[2024-01-17T03:52:57.345+0000] {spark_submit.py:571} INFO - pyFiles                 null
[2024-01-17T03:52:57.345+0000] {spark_submit.py:571} INFO - archives                null
[2024-01-17T03:52:57.345+0000] {spark_submit.py:571} INFO - mainClass               null
[2024-01-17T03:52:57.345+0000] {spark_submit.py:571} INFO - primaryResource         file:/opt/bitnami/scripts/spark_stream.py
[2024-01-17T03:52:57.345+0000] {spark_submit.py:571} INFO - name                    spark_submit_job
[2024-01-17T03:52:57.345+0000] {spark_submit.py:571} INFO - childArgs               []
[2024-01-17T03:52:57.345+0000] {spark_submit.py:571} INFO - jars                    null
[2024-01-17T03:52:57.346+0000] {spark_submit.py:571} INFO - packages                null
[2024-01-17T03:52:57.346+0000] {spark_submit.py:571} INFO - packagesExclusions      null
[2024-01-17T03:52:57.346+0000] {spark_submit.py:571} INFO - repositories            null
[2024-01-17T03:52:57.346+0000] {spark_submit.py:571} INFO - verbose                 true
[2024-01-17T03:52:57.346+0000] {spark_submit.py:571} INFO - 
[2024-01-17T03:52:57.346+0000] {spark_submit.py:571} INFO - Spark properties used, including those specified through
[2024-01-17T03:52:57.346+0000] {spark_submit.py:571} INFO - --conf and those from the properties file null:
[2024-01-17T03:52:57.346+0000] {spark_submit.py:571} INFO - 
[2024-01-17T03:52:57.346+0000] {spark_submit.py:571} INFO - 
[2024-01-17T03:52:57.346+0000] {spark_submit.py:571} INFO - 
[2024-01-17T03:52:57.535+0000] {spark_submit.py:571} INFO - Main class:
[2024-01-17T03:52:57.536+0000] {spark_submit.py:571} INFO - org.apache.spark.deploy.PythonRunner
[2024-01-17T03:52:57.536+0000] {spark_submit.py:571} INFO - Arguments:
[2024-01-17T03:52:57.536+0000] {spark_submit.py:571} INFO - file:/opt/bitnami/scripts/spark_stream.py
[2024-01-17T03:52:57.536+0000] {spark_submit.py:571} INFO - null
[2024-01-17T03:52:57.538+0000] {spark_submit.py:571} INFO - Spark config:
[2024-01-17T03:52:57.539+0000] {spark_submit.py:571} INFO - (spark.app.name,spark_submit_job)
[2024-01-17T03:52:57.539+0000] {spark_submit.py:571} INFO - (spark.app.submitTime,1705463577522)
[2024-01-17T03:52:57.539+0000] {spark_submit.py:571} INFO - (spark.master,spark://192.168.192.5:7077)
[2024-01-17T03:52:57.539+0000] {spark_submit.py:571} INFO - (spark.submit.deployMode,client)
[2024-01-17T03:52:57.539+0000] {spark_submit.py:571} INFO - (spark.submit.pyFiles,)
[2024-01-17T03:52:57.539+0000] {spark_submit.py:571} INFO - Classpath elements:
[2024-01-17T03:52:57.539+0000] {spark_submit.py:571} INFO - 
[2024-01-17T03:52:57.539+0000] {spark_submit.py:571} INFO - 
[2024-01-17T03:52:57.539+0000] {spark_submit.py:571} INFO - 
[2024-01-17T03:52:57.719+0000] {spark_submit.py:571} INFO - python3: can't open file '/opt/bitnami/scripts/spark_stream.py': [Errno 2] No such file or directory
[2024-01-17T03:52:57.733+0000] {spark_submit.py:571} INFO - 24/01/17 03:52:57 INFO ShutdownHookManager: Shutdown hook called
[2024-01-17T03:52:57.735+0000] {spark_submit.py:571} INFO - 24/01/17 03:52:57 INFO ShutdownHookManager: Deleting directory /tmp/spark-e7048cb1-8bb7-4239-bf88-59722e15f761
[2024-01-17T03:52:57.769+0000] {taskinstance.py:1943} ERROR - Task failed with exception
Traceback (most recent call last):
  File "/home/airflow/.local/lib/python3.9/site-packages/airflow/providers/apache/spark/operators/spark_submit.py", line 174, in execute
    self._hook.submit(self._application)
  File "/home/airflow/.local/lib/python3.9/site-packages/airflow/providers/apache/spark/hooks/spark_submit.py", line 502, in submit
    raise AirflowException(
airflow.exceptions.AirflowException: Cannot execute: spark-submit --master spark://192.168.192.5:7077 --name spark_submit_job --verbose --queue root.default --deploy-mode client /opt/bitnami/scripts/spark_stream.py. Error code is: 2.
[2024-01-17T03:52:57.772+0000] {taskinstance.py:1400} INFO - Marking task as FAILED. dag_id=spark_stream_job, task_id=spark_submit_task, execution_date=20240117T011000, start_date=20240117T035255, end_date=20240117T035257
[2024-01-17T03:52:57.781+0000] {standard_task_runner.py:104} ERROR - Failed to execute job 244 for task spark_submit_task (Cannot execute: spark-submit --master spark://192.168.192.5:7077 --name spark_submit_job --verbose --queue root.default --deploy-mode client /opt/bitnami/scripts/spark_stream.py. Error code is: 2.; 6110)
[2024-01-17T03:52:57.792+0000] {local_task_job_runner.py:228} INFO - Task exited with return code 1
[2024-01-17T03:52:57.808+0000] {taskinstance.py:2784} INFO - 0 downstream tasks scheduled from follow-on schedule check
[2024-01-17T04:39:02.102+0000] {taskinstance.py:1159} INFO - Dependencies all met for dep_context=non-requeueable deps ti=<TaskInstance: spark_stream_job.spark_submit_task scheduled__2024-01-17T01:10:00+00:00 [queued]>
[2024-01-17T04:39:02.109+0000] {taskinstance.py:1159} INFO - Dependencies all met for dep_context=requeueable deps ti=<TaskInstance: spark_stream_job.spark_submit_task scheduled__2024-01-17T01:10:00+00:00 [queued]>
[2024-01-17T04:39:02.109+0000] {taskinstance.py:1361} INFO - Starting attempt 2 of 2
[2024-01-17T04:39:02.120+0000] {taskinstance.py:1382} INFO - Executing <Task(SparkSubmitOperator): spark_submit_task> on 2024-01-17 01:10:00+00:00
[2024-01-17T04:39:02.123+0000] {standard_task_runner.py:57} INFO - Started process 6941 to run task
[2024-01-17T04:39:02.125+0000] {standard_task_runner.py:84} INFO - Running: ['***', 'tasks', 'run', 'spark_stream_job', 'spark_submit_task', 'scheduled__2024-01-17T01:10:00+00:00', '--job-id', '90', '--raw', '--subdir', 'DAGS_FOLDER/spark_streaming_dag.py', '--cfg-path', '/tmp/tmpyhnnldye']
[2024-01-17T04:39:02.126+0000] {standard_task_runner.py:85} INFO - Job 90: Subtask spark_submit_task
[2024-01-17T04:39:02.169+0000] {task_command.py:415} INFO - Running <TaskInstance: spark_stream_job.spark_submit_task scheduled__2024-01-17T01:10:00+00:00 [running]> on host 614a419ad930
[2024-01-17T04:39:02.227+0000] {taskinstance.py:1660} INFO - Exporting env vars: AIRFLOW_CTX_DAG_OWNER='me' AIRFLOW_CTX_DAG_ID='spark_stream_job' AIRFLOW_CTX_TASK_ID='spark_submit_task' AIRFLOW_CTX_EXECUTION_DATE='2024-01-17T01:10:00+00:00' AIRFLOW_CTX_TRY_NUMBER='2' AIRFLOW_CTX_DAG_RUN_ID='scheduled__2024-01-17T01:10:00+00:00'
[2024-01-17T04:39:02.235+0000] {base.py:73} INFO - Using connection ID 'spark_default' for task execution.
[2024-01-17T04:39:02.236+0000] {spark_submit.py:401} INFO - Spark-Submit cmd: spark-submit --master spark://192.168.224.5:7077 --name spark_submit_job --class org.apache.spark.deploy.PythonRunner --verbose --queue root.default --deploy-mode client /opt/bitnami/code/spark_stream.py
[2024-01-17T04:39:02.342+0000] {spark_submit.py:571} INFO - /home/***/.local/lib/python3.9/site-packages/pyspark/bin/load-spark-env.sh: line 68: ps: command not found
[2024-01-17T04:39:03.525+0000] {spark_submit.py:571} INFO - Using properties file: null
[2024-01-17T04:39:03.639+0000] {spark_submit.py:571} INFO - Parsed arguments:
[2024-01-17T04:39:03.639+0000] {spark_submit.py:571} INFO - master                  spark://192.168.224.5:7077
[2024-01-17T04:39:03.639+0000] {spark_submit.py:571} INFO - remote                  null
[2024-01-17T04:39:03.639+0000] {spark_submit.py:571} INFO - deployMode              client
[2024-01-17T04:39:03.639+0000] {spark_submit.py:571} INFO - executorMemory          null
[2024-01-17T04:39:03.639+0000] {spark_submit.py:571} INFO - executorCores           null
[2024-01-17T04:39:03.639+0000] {spark_submit.py:571} INFO - totalExecutorCores      null
[2024-01-17T04:39:03.640+0000] {spark_submit.py:571} INFO - propertiesFile          null
[2024-01-17T04:39:03.640+0000] {spark_submit.py:571} INFO - driverMemory            null
[2024-01-17T04:39:03.640+0000] {spark_submit.py:571} INFO - driverCores             null
[2024-01-17T04:39:03.640+0000] {spark_submit.py:571} INFO - driverExtraClassPath    null
[2024-01-17T04:39:03.640+0000] {spark_submit.py:571} INFO - driverExtraLibraryPath  null
[2024-01-17T04:39:03.640+0000] {spark_submit.py:571} INFO - driverExtraJavaOptions  null
[2024-01-17T04:39:03.640+0000] {spark_submit.py:571} INFO - supervise               false
[2024-01-17T04:39:03.640+0000] {spark_submit.py:571} INFO - queue                   root.default
[2024-01-17T04:39:03.640+0000] {spark_submit.py:571} INFO - numExecutors            null
[2024-01-17T04:39:03.640+0000] {spark_submit.py:571} INFO - files                   null
[2024-01-17T04:39:03.640+0000] {spark_submit.py:571} INFO - pyFiles                 null
[2024-01-17T04:39:03.640+0000] {spark_submit.py:571} INFO - archives                null
[2024-01-17T04:39:03.640+0000] {spark_submit.py:571} INFO - mainClass               org.apache.spark.deploy.PythonRunner
[2024-01-17T04:39:03.640+0000] {spark_submit.py:571} INFO - primaryResource         file:/opt/bitnami/code/spark_stream.py
[2024-01-17T04:39:03.640+0000] {spark_submit.py:571} INFO - name                    spark_submit_job
[2024-01-17T04:39:03.640+0000] {spark_submit.py:571} INFO - childArgs               []
[2024-01-17T04:39:03.640+0000] {spark_submit.py:571} INFO - jars                    null
[2024-01-17T04:39:03.640+0000] {spark_submit.py:571} INFO - packages                null
[2024-01-17T04:39:03.640+0000] {spark_submit.py:571} INFO - packagesExclusions      null
[2024-01-17T04:39:03.640+0000] {spark_submit.py:571} INFO - repositories            null
[2024-01-17T04:39:03.640+0000] {spark_submit.py:571} INFO - verbose                 true
[2024-01-17T04:39:03.641+0000] {spark_submit.py:571} INFO - 
[2024-01-17T04:39:03.641+0000] {spark_submit.py:571} INFO - Spark properties used, including those specified through
[2024-01-17T04:39:03.641+0000] {spark_submit.py:571} INFO - --conf and those from the properties file null:
[2024-01-17T04:39:03.641+0000] {spark_submit.py:571} INFO - 
[2024-01-17T04:39:03.641+0000] {spark_submit.py:571} INFO - 
[2024-01-17T04:39:03.641+0000] {spark_submit.py:571} INFO - 
[2024-01-17T04:39:03.829+0000] {spark_submit.py:571} INFO - Main class:
[2024-01-17T04:39:03.829+0000] {spark_submit.py:571} INFO - org.apache.spark.deploy.PythonRunner
[2024-01-17T04:39:03.829+0000] {spark_submit.py:571} INFO - Arguments:
[2024-01-17T04:39:03.829+0000] {spark_submit.py:571} INFO - file:/opt/bitnami/code/spark_stream.py
[2024-01-17T04:39:03.829+0000] {spark_submit.py:571} INFO - null
[2024-01-17T04:39:03.832+0000] {spark_submit.py:571} INFO - Spark config:
[2024-01-17T04:39:03.832+0000] {spark_submit.py:571} INFO - (spark.app.name,spark_submit_job)
[2024-01-17T04:39:03.832+0000] {spark_submit.py:571} INFO - (spark.app.submitTime,1705466343817)
[2024-01-17T04:39:03.832+0000] {spark_submit.py:571} INFO - (spark.master,spark://192.168.224.5:7077)
[2024-01-17T04:39:03.832+0000] {spark_submit.py:571} INFO - (spark.submit.deployMode,client)
[2024-01-17T04:39:03.832+0000] {spark_submit.py:571} INFO - (spark.submit.pyFiles,)
[2024-01-17T04:39:03.833+0000] {spark_submit.py:571} INFO - Classpath elements:
[2024-01-17T04:39:03.833+0000] {spark_submit.py:571} INFO - 
[2024-01-17T04:39:03.833+0000] {spark_submit.py:571} INFO - 
[2024-01-17T04:39:03.833+0000] {spark_submit.py:571} INFO - 
[2024-01-17T04:39:03.984+0000] {spark_submit.py:571} INFO - python3: can't open file '/opt/bitnami/code/spark_stream.py': [Errno 2] No such file or directory
[2024-01-17T04:39:03.999+0000] {spark_submit.py:571} INFO - 24/01/17 04:39:03 INFO ShutdownHookManager: Shutdown hook called
[2024-01-17T04:39:04.001+0000] {spark_submit.py:571} INFO - 24/01/17 04:39:04 INFO ShutdownHookManager: Deleting directory /tmp/spark-5a3e71b6-2c34-4bdc-bd4b-4cae5aaec8af
[2024-01-17T04:39:04.041+0000] {taskinstance.py:1943} ERROR - Task failed with exception
Traceback (most recent call last):
  File "/home/airflow/.local/lib/python3.9/site-packages/airflow/providers/apache/spark/operators/spark_submit.py", line 174, in execute
    self._hook.submit(self._application)
  File "/home/airflow/.local/lib/python3.9/site-packages/airflow/providers/apache/spark/hooks/spark_submit.py", line 502, in submit
    raise AirflowException(
airflow.exceptions.AirflowException: Cannot execute: spark-submit --master spark://192.168.224.5:7077 --name spark_submit_job --class org.apache.spark.deploy.PythonRunner --verbose --queue root.default --deploy-mode client /opt/bitnami/code/spark_stream.py. Error code is: 2.
[2024-01-17T04:39:04.048+0000] {taskinstance.py:1400} INFO - Marking task as FAILED. dag_id=spark_stream_job, task_id=spark_submit_task, execution_date=20240117T011000, start_date=20240117T043902, end_date=20240117T043904
[2024-01-17T04:39:04.065+0000] {standard_task_runner.py:104} ERROR - Failed to execute job 90 for task spark_submit_task (Cannot execute: spark-submit --master spark://192.168.224.5:7077 --name spark_submit_job --class org.apache.spark.deploy.PythonRunner --verbose --queue root.default --deploy-mode client /opt/bitnami/code/spark_stream.py. Error code is: 2.; 6941)
[2024-01-17T04:39:04.105+0000] {local_task_job_runner.py:228} INFO - Task exited with return code 1
[2024-01-17T04:39:04.123+0000] {taskinstance.py:2784} INFO - 0 downstream tasks scheduled from follow-on schedule check
