[2024-01-17T20:57:03.117+0000] {taskinstance.py:1159} INFO - Dependencies all met for dep_context=non-requeueable deps ti=<TaskInstance: Stream__2.Reddit scheduled__2024-01-17T20:54:06.248323+00:00 [queued]>
[2024-01-17T20:57:03.123+0000] {taskinstance.py:1159} INFO - Dependencies all met for dep_context=requeueable deps ti=<TaskInstance: Stream__2.Reddit scheduled__2024-01-17T20:54:06.248323+00:00 [queued]>
[2024-01-17T20:57:03.124+0000] {taskinstance.py:1361} INFO - Starting attempt 1 of 1
[2024-01-17T20:57:03.134+0000] {taskinstance.py:1382} INFO - Executing <Task(PythonOperator): Reddit> on 2024-01-17 20:54:06.248323+00:00
[2024-01-17T20:57:03.137+0000] {standard_task_runner.py:57} INFO - Started process 47 to run task
[2024-01-17T20:57:03.140+0000] {standard_task_runner.py:84} INFO - Running: ['***', 'tasks', 'run', 'Stream__2', 'Reddit', 'scheduled__2024-01-17T20:54:06.248323+00:00', '--job-id', '422', '--raw', '--subdir', 'DAGS_FOLDER/kafka_stream_2.py', '--cfg-path', '/tmp/tmpqur56mo4']
[2024-01-17T20:57:03.141+0000] {standard_task_runner.py:85} INFO - Job 422: Subtask Reddit
[2024-01-17T20:57:03.180+0000] {task_command.py:415} INFO - Running <TaskInstance: Stream__2.Reddit scheduled__2024-01-17T20:54:06.248323+00:00 [running]> on host 614a419ad930
[2024-01-17T20:57:03.243+0000] {taskinstance.py:1660} INFO - Exporting env vars: AIRFLOW_CTX_DAG_OWNER='me' AIRFLOW_CTX_DAG_ID='Stream__2' AIRFLOW_CTX_TASK_ID='Reddit' AIRFLOW_CTX_EXECUTION_DATE='2024-01-17T20:54:06.248323+00:00' AIRFLOW_CTX_TRY_NUMBER='1' AIRFLOW_CTX_DAG_RUN_ID='scheduled__2024-01-17T20:54:06.248323+00:00'
[2024-01-17T20:57:03.269+0000] {logging_mixin.py:151} INFO -  submission : 
[2024-01-17T20:57:04.562+0000] {logging_mixin.py:151} INFO - #False
[2024-01-17T20:57:04.562+0000] {logging_mixin.py:151} INFO - #False
[2024-01-17T20:57:04.563+0000] {logging_mixin.py:151} INFO - #False
[2024-01-17T20:57:04.563+0000] {logging_mixin.py:151} INFO - #False
[2024-01-17T20:57:04.563+0000] {logging_mixin.py:151} INFO - #False
[2024-01-17T20:57:04.563+0000] {logging_mixin.py:151} INFO - #False
[2024-01-17T20:57:04.563+0000] {logging_mixin.py:151} INFO - #False
[2024-01-17T20:57:04.563+0000] {logging_mixin.py:151} INFO - #False
[2024-01-17T20:57:04.563+0000] {logging_mixin.py:151} INFO - #False
[2024-01-17T20:57:04.563+0000] {logging_mixin.py:151} INFO - #False
[2024-01-17T20:57:04.563+0000] {logging_mixin.py:151} INFO - #False
[2024-01-17T20:57:04.563+0000] {logging_mixin.py:151} INFO - #False
[2024-01-17T20:57:04.563+0000] {logging_mixin.py:151} INFO - #False
[2024-01-17T20:57:04.563+0000] {logging_mixin.py:151} INFO - #False
[2024-01-17T20:57:04.563+0000] {logging_mixin.py:151} INFO - #False
[2024-01-17T20:57:04.563+0000] {logging_mixin.py:151} INFO - #False
[2024-01-17T20:57:04.563+0000] {logging_mixin.py:151} INFO - #False
[2024-01-17T20:57:04.563+0000] {logging_mixin.py:151} INFO - #False
[2024-01-17T20:57:04.563+0000] {logging_mixin.py:151} INFO - #False
[2024-01-17T20:57:04.563+0000] {logging_mixin.py:151} INFO - #False
[2024-01-17T20:57:04.563+0000] {logging_mixin.py:151} INFO - #False
[2024-01-17T20:57:04.564+0000] {logging_mixin.py:151} INFO - #False
[2024-01-17T20:57:04.564+0000] {logging_mixin.py:151} INFO - #False
[2024-01-17T20:57:04.564+0000] {logging_mixin.py:151} INFO - #False
[2024-01-17T20:57:04.564+0000] {logging_mixin.py:151} INFO - #False
[2024-01-17T20:57:04.564+0000] {logging_mixin.py:151} INFO - #False
[2024-01-17T20:57:04.564+0000] {logging_mixin.py:151} INFO - #False
[2024-01-17T20:57:04.564+0000] {logging_mixin.py:151} INFO - #False
[2024-01-17T20:57:04.564+0000] {logging_mixin.py:151} INFO - #False
[2024-01-17T20:57:04.564+0000] {logging_mixin.py:151} INFO - #False
[2024-01-17T20:57:04.564+0000] {logging_mixin.py:151} INFO -  submission : 
[2024-01-17T20:57:07.459+0000] {logging_mixin.py:151} INFO - #False
[2024-01-17T20:57:07.460+0000] {logging_mixin.py:151} INFO - #False
[2024-01-17T20:57:07.460+0000] {logging_mixin.py:151} INFO - #False
[2024-01-17T20:57:07.460+0000] {logging_mixin.py:151} INFO - #False
[2024-01-17T20:57:07.460+0000] {logging_mixin.py:151} INFO - #False
[2024-01-17T20:57:07.460+0000] {logging_mixin.py:151} INFO - #False
[2024-01-17T20:57:07.460+0000] {logging_mixin.py:151} INFO - #False
[2024-01-17T20:57:07.460+0000] {logging_mixin.py:151} INFO - #False
[2024-01-17T20:57:07.460+0000] {logging_mixin.py:151} INFO - #False
[2024-01-17T20:57:07.460+0000] {logging_mixin.py:151} INFO - #False
[2024-01-17T20:57:07.460+0000] {logging_mixin.py:151} INFO - #False
[2024-01-17T20:57:07.460+0000] {logging_mixin.py:151} INFO - #False
[2024-01-17T20:57:07.460+0000] {logging_mixin.py:151} INFO - #False
[2024-01-17T20:57:07.460+0000] {logging_mixin.py:151} INFO - #False
[2024-01-17T20:57:07.460+0000] {logging_mixin.py:151} INFO - #False
[2024-01-17T20:57:07.460+0000] {logging_mixin.py:151} INFO - #False
[2024-01-17T20:57:07.460+0000] {logging_mixin.py:151} INFO - #False
[2024-01-17T20:57:07.461+0000] {logging_mixin.py:151} INFO - #False
[2024-01-17T20:57:07.461+0000] {logging_mixin.py:151} INFO - #False
[2024-01-17T20:57:07.461+0000] {logging_mixin.py:151} INFO - #False
[2024-01-17T20:57:07.461+0000] {logging_mixin.py:151} INFO - #False
[2024-01-17T20:57:07.461+0000] {logging_mixin.py:151} INFO - #False
[2024-01-17T20:57:07.461+0000] {logging_mixin.py:151} INFO - #False
[2024-01-17T20:57:07.461+0000] {logging_mixin.py:151} INFO - #False
[2024-01-17T20:57:07.461+0000] {logging_mixin.py:151} INFO - #False
[2024-01-17T20:57:07.461+0000] {logging_mixin.py:151} INFO - #False
[2024-01-17T20:57:07.461+0000] {logging_mixin.py:151} INFO - #False
[2024-01-17T20:57:07.461+0000] {logging_mixin.py:151} INFO - #False
[2024-01-17T20:57:07.461+0000] {logging_mixin.py:151} INFO - #False
[2024-01-17T20:57:07.461+0000] {logging_mixin.py:151} INFO - #False
[2024-01-17T20:57:07.461+0000] {logging_mixin.py:151} INFO -  submission : 
[2024-01-17T20:57:08.575+0000] {logging_mixin.py:151} INFO - #False
[2024-01-17T20:57:08.575+0000] {logging_mixin.py:151} INFO - #False
[2024-01-17T20:57:08.575+0000] {logging_mixin.py:151} INFO - #False
[2024-01-17T20:57:08.575+0000] {logging_mixin.py:151} INFO - #False
[2024-01-17T20:57:08.575+0000] {logging_mixin.py:151} INFO - #False
[2024-01-17T20:57:08.575+0000] {logging_mixin.py:151} INFO - #False
[2024-01-17T20:57:08.575+0000] {logging_mixin.py:151} INFO - #False
[2024-01-17T20:57:08.575+0000] {logging_mixin.py:151} INFO - #False
[2024-01-17T20:57:08.575+0000] {logging_mixin.py:151} INFO - #False
[2024-01-17T20:57:08.575+0000] {logging_mixin.py:151} INFO - #False
[2024-01-17T20:57:08.575+0000] {logging_mixin.py:151} INFO - #False
[2024-01-17T20:57:08.575+0000] {logging_mixin.py:151} INFO - #False
[2024-01-17T20:57:08.575+0000] {logging_mixin.py:151} INFO - #False
[2024-01-17T20:57:08.575+0000] {logging_mixin.py:151} INFO - #False
[2024-01-17T20:57:08.576+0000] {logging_mixin.py:151} INFO - #False
[2024-01-17T20:57:08.576+0000] {logging_mixin.py:151} INFO - #False
[2024-01-17T20:57:08.576+0000] {logging_mixin.py:151} INFO - #False
[2024-01-17T20:57:08.576+0000] {logging_mixin.py:151} INFO - #False
[2024-01-17T20:57:08.576+0000] {logging_mixin.py:151} INFO - #False
[2024-01-17T20:57:08.576+0000] {logging_mixin.py:151} INFO - #False
[2024-01-17T20:57:08.576+0000] {logging_mixin.py:151} INFO - #False
[2024-01-17T20:57:08.576+0000] {logging_mixin.py:151} INFO - #False
[2024-01-17T20:57:08.576+0000] {logging_mixin.py:151} INFO - #False
[2024-01-17T20:57:08.576+0000] {logging_mixin.py:151} INFO - #False
[2024-01-17T20:57:08.576+0000] {logging_mixin.py:151} INFO - #False
[2024-01-17T20:57:08.576+0000] {logging_mixin.py:151} INFO - #False
[2024-01-17T20:57:08.576+0000] {logging_mixin.py:151} INFO - #False
[2024-01-17T20:57:08.576+0000] {logging_mixin.py:151} INFO - #False
[2024-01-17T20:57:08.576+0000] {logging_mixin.py:151} INFO - #False
[2024-01-17T20:57:08.576+0000] {logging_mixin.py:151} INFO - #False
[2024-01-17T20:57:08.576+0000] {logging_mixin.py:151} INFO -  submission : 
[2024-01-17T20:57:09.491+0000] {logging_mixin.py:151} INFO - #False
[2024-01-17T20:57:09.491+0000] {logging_mixin.py:151} INFO - #False
[2024-01-17T20:57:09.491+0000] {logging_mixin.py:151} INFO - #False
[2024-01-17T20:57:09.491+0000] {logging_mixin.py:151} INFO - #False
[2024-01-17T20:57:09.491+0000] {logging_mixin.py:151} INFO - #False
[2024-01-17T20:57:09.491+0000] {logging_mixin.py:151} INFO - #False
[2024-01-17T20:57:09.491+0000] {logging_mixin.py:151} INFO - #False
[2024-01-17T20:57:09.491+0000] {logging_mixin.py:151} INFO - #False
[2024-01-17T20:57:09.491+0000] {logging_mixin.py:151} INFO - #False
[2024-01-17T20:57:09.491+0000] {logging_mixin.py:151} INFO - #False
[2024-01-17T20:57:09.492+0000] {logging_mixin.py:151} INFO - #False
[2024-01-17T20:57:09.492+0000] {logging_mixin.py:151} INFO - #False
[2024-01-17T20:57:09.492+0000] {logging_mixin.py:151} INFO - #False
[2024-01-17T20:57:09.492+0000] {logging_mixin.py:151} INFO - #False
[2024-01-17T20:57:09.492+0000] {logging_mixin.py:151} INFO - #False
[2024-01-17T20:57:09.492+0000] {logging_mixin.py:151} INFO - #False
[2024-01-17T20:57:09.492+0000] {logging_mixin.py:151} INFO - #False
[2024-01-17T20:57:09.492+0000] {logging_mixin.py:151} INFO - #False
[2024-01-17T20:57:09.492+0000] {logging_mixin.py:151} INFO - #False
[2024-01-17T20:57:09.492+0000] {logging_mixin.py:151} INFO - #False
[2024-01-17T20:57:09.492+0000] {logging_mixin.py:151} INFO - #False
[2024-01-17T20:57:09.492+0000] {logging_mixin.py:151} INFO - #False
[2024-01-17T20:57:09.492+0000] {logging_mixin.py:151} INFO - #False
[2024-01-17T20:57:09.492+0000] {logging_mixin.py:151} INFO - #False
[2024-01-17T20:57:09.492+0000] {logging_mixin.py:151} INFO - #False
[2024-01-17T20:57:09.492+0000] {logging_mixin.py:151} INFO - #False
[2024-01-17T20:57:09.492+0000] {logging_mixin.py:151} INFO - #False
[2024-01-17T20:57:09.492+0000] {logging_mixin.py:151} INFO - #False
[2024-01-17T20:57:09.492+0000] {logging_mixin.py:151} INFO - #False
[2024-01-17T20:57:09.492+0000] {logging_mixin.py:151} INFO - #False
[2024-01-17T20:57:09.492+0000] {logging_mixin.py:151} INFO -  submission : 
[2024-01-17T20:57:10.239+0000] {logging_mixin.py:151} INFO - #False
[2024-01-17T20:57:10.239+0000] {logging_mixin.py:151} INFO - #False
[2024-01-17T20:57:10.239+0000] {logging_mixin.py:151} INFO - #False
[2024-01-17T20:57:10.239+0000] {logging_mixin.py:151} INFO - #False
[2024-01-17T20:57:10.239+0000] {logging_mixin.py:151} INFO - #False
[2024-01-17T20:57:10.239+0000] {logging_mixin.py:151} INFO - #False
[2024-01-17T20:57:10.239+0000] {logging_mixin.py:151} INFO - #False
[2024-01-17T20:57:10.239+0000] {logging_mixin.py:151} INFO - #False
[2024-01-17T20:57:10.239+0000] {logging_mixin.py:151} INFO - #False
[2024-01-17T20:57:10.239+0000] {logging_mixin.py:151} INFO - #False
[2024-01-17T20:57:10.239+0000] {logging_mixin.py:151} INFO - #False
[2024-01-17T20:57:10.239+0000] {logging_mixin.py:151} INFO - #False
[2024-01-17T20:57:10.239+0000] {logging_mixin.py:151} INFO - #False
[2024-01-17T20:57:10.240+0000] {logging_mixin.py:151} INFO - #False
[2024-01-17T20:57:10.240+0000] {logging_mixin.py:151} INFO - #False
[2024-01-17T20:57:10.240+0000] {logging_mixin.py:151} INFO - #False
[2024-01-17T20:57:10.240+0000] {logging_mixin.py:151} INFO - #False
[2024-01-17T20:57:10.240+0000] {logging_mixin.py:151} INFO - #False
[2024-01-17T20:57:10.240+0000] {logging_mixin.py:151} INFO - #False
[2024-01-17T20:57:10.240+0000] {logging_mixin.py:151} INFO - #False
[2024-01-17T20:57:10.240+0000] {logging_mixin.py:151} INFO - #False
[2024-01-17T20:57:10.240+0000] {logging_mixin.py:151} INFO - #False
[2024-01-17T20:57:10.240+0000] {logging_mixin.py:151} INFO - #False
[2024-01-17T20:57:10.240+0000] {logging_mixin.py:151} INFO - #False
[2024-01-17T20:57:10.240+0000] {logging_mixin.py:151} INFO - #False
[2024-01-17T20:57:10.240+0000] {logging_mixin.py:151} INFO - #False
[2024-01-17T20:57:10.240+0000] {logging_mixin.py:151} INFO - #False
[2024-01-17T20:57:10.240+0000] {logging_mixin.py:151} INFO - #False
[2024-01-17T20:57:10.240+0000] {logging_mixin.py:151} INFO - #False
[2024-01-17T20:57:10.240+0000] {logging_mixin.py:151} INFO - #False
[2024-01-17T20:57:10.241+0000] {logging_mixin.py:151} INFO -  submission : 
[2024-01-17T20:57:11.004+0000] {logging_mixin.py:151} INFO - #False
[2024-01-17T20:57:11.005+0000] {logging_mixin.py:151} INFO - #False
[2024-01-17T20:57:11.005+0000] {logging_mixin.py:151} INFO - #False
[2024-01-17T20:57:11.005+0000] {logging_mixin.py:151} INFO - #False
[2024-01-17T20:57:11.005+0000] {logging_mixin.py:151} INFO - #False
[2024-01-17T20:57:11.005+0000] {logging_mixin.py:151} INFO - #False
[2024-01-17T20:57:11.005+0000] {logging_mixin.py:151} INFO - #False
[2024-01-17T20:57:11.005+0000] {logging_mixin.py:151} INFO - #False
[2024-01-17T20:57:11.005+0000] {logging_mixin.py:151} INFO - #False
[2024-01-17T20:57:11.005+0000] {logging_mixin.py:151} INFO - #False
[2024-01-17T20:57:11.005+0000] {logging_mixin.py:151} INFO - #False
[2024-01-17T20:57:11.005+0000] {logging_mixin.py:151} INFO - #False
[2024-01-17T20:57:11.005+0000] {logging_mixin.py:151} INFO - #False
[2024-01-17T20:57:11.005+0000] {logging_mixin.py:151} INFO - #False
[2024-01-17T20:57:11.005+0000] {logging_mixin.py:151} INFO - #False
[2024-01-17T20:57:11.005+0000] {logging_mixin.py:151} INFO - #False
[2024-01-17T20:57:11.005+0000] {logging_mixin.py:151} INFO - #False
[2024-01-17T20:57:11.005+0000] {logging_mixin.py:151} INFO - #False
[2024-01-17T20:57:11.005+0000] {logging_mixin.py:151} INFO - #False
[2024-01-17T20:57:11.006+0000] {logging_mixin.py:151} INFO - #False
[2024-01-17T20:57:11.006+0000] {logging_mixin.py:151} INFO - #False
[2024-01-17T20:57:11.006+0000] {logging_mixin.py:151} INFO - #False
[2024-01-17T20:57:11.006+0000] {logging_mixin.py:151} INFO - #False
[2024-01-17T20:57:11.006+0000] {logging_mixin.py:151} INFO - #False
[2024-01-17T20:57:11.006+0000] {logging_mixin.py:151} INFO - #False
[2024-01-17T20:57:11.006+0000] {logging_mixin.py:151} INFO - #False
[2024-01-17T20:57:11.006+0000] {logging_mixin.py:151} INFO - #False
[2024-01-17T20:57:11.006+0000] {logging_mixin.py:151} INFO - #False
[2024-01-17T20:57:11.006+0000] {logging_mixin.py:151} INFO - #False
[2024-01-17T20:57:11.006+0000] {logging_mixin.py:151} INFO - #False
[2024-01-17T20:57:11.006+0000] {logging_mixin.py:151} INFO -  submission : 
[2024-01-17T20:57:11.703+0000] {logging_mixin.py:151} INFO - #False
[2024-01-17T20:57:11.703+0000] {logging_mixin.py:151} INFO - #False
[2024-01-17T20:57:11.703+0000] {logging_mixin.py:151} INFO - #False
[2024-01-17T20:57:11.703+0000] {logging_mixin.py:151} INFO - #False
[2024-01-17T20:57:11.703+0000] {logging_mixin.py:151} INFO - #False
[2024-01-17T20:57:11.703+0000] {logging_mixin.py:151} INFO - #False
[2024-01-17T20:57:11.703+0000] {logging_mixin.py:151} INFO - #False
[2024-01-17T20:57:11.703+0000] {logging_mixin.py:151} INFO - #False
[2024-01-17T20:57:11.703+0000] {logging_mixin.py:151} INFO - #False
[2024-01-17T20:57:11.703+0000] {logging_mixin.py:151} INFO - #False
[2024-01-17T20:57:11.704+0000] {logging_mixin.py:151} INFO - #False
[2024-01-17T20:57:11.704+0000] {logging_mixin.py:151} INFO - #False
[2024-01-17T20:57:11.704+0000] {logging_mixin.py:151} INFO - #False
[2024-01-17T20:57:11.704+0000] {logging_mixin.py:151} INFO - #False
[2024-01-17T20:57:11.704+0000] {logging_mixin.py:151} INFO - #False
[2024-01-17T20:57:11.704+0000] {logging_mixin.py:151} INFO - #False
[2024-01-17T20:57:11.704+0000] {logging_mixin.py:151} INFO - #False
[2024-01-17T20:57:11.704+0000] {logging_mixin.py:151} INFO - #False
[2024-01-17T20:57:11.704+0000] {logging_mixin.py:151} INFO - #False
[2024-01-17T20:57:11.704+0000] {logging_mixin.py:151} INFO - #False
[2024-01-17T20:57:11.704+0000] {logging_mixin.py:151} INFO - #False
[2024-01-17T20:57:11.704+0000] {logging_mixin.py:151} INFO - #False
[2024-01-17T20:57:11.704+0000] {logging_mixin.py:151} INFO - #False
[2024-01-17T20:57:11.704+0000] {logging_mixin.py:151} INFO - #False
[2024-01-17T20:57:11.704+0000] {logging_mixin.py:151} INFO - #False
[2024-01-17T20:57:11.704+0000] {logging_mixin.py:151} INFO - #False
[2024-01-17T20:57:11.704+0000] {logging_mixin.py:151} INFO - #False
[2024-01-17T20:57:11.705+0000] {logging_mixin.py:151} INFO - #False
[2024-01-17T20:57:11.705+0000] {logging_mixin.py:151} INFO - #False
[2024-01-17T20:57:11.705+0000] {logging_mixin.py:151} INFO - #False
[2024-01-17T20:57:11.705+0000] {logging_mixin.py:151} INFO -  submission : 
[2024-01-17T20:57:12.520+0000] {logging_mixin.py:151} INFO - #False
[2024-01-17T20:57:12.520+0000] {logging_mixin.py:151} INFO - #False
[2024-01-17T20:57:12.520+0000] {logging_mixin.py:151} INFO - #False
[2024-01-17T20:57:12.520+0000] {logging_mixin.py:151} INFO - #False
[2024-01-17T20:57:12.520+0000] {logging_mixin.py:151} INFO - #False
[2024-01-17T20:57:12.521+0000] {logging_mixin.py:151} INFO - #False
[2024-01-17T20:57:12.521+0000] {logging_mixin.py:151} INFO - #False
[2024-01-17T20:57:12.521+0000] {logging_mixin.py:151} INFO - #False
[2024-01-17T20:57:12.521+0000] {logging_mixin.py:151} INFO - #False
[2024-01-17T20:57:12.521+0000] {logging_mixin.py:151} INFO - #False
[2024-01-17T20:57:12.521+0000] {logging_mixin.py:151} INFO - #False
[2024-01-17T20:57:12.521+0000] {logging_mixin.py:151} INFO - #False
[2024-01-17T20:57:12.521+0000] {logging_mixin.py:151} INFO - #False
[2024-01-17T20:57:12.521+0000] {logging_mixin.py:151} INFO - #False
[2024-01-17T20:57:12.521+0000] {logging_mixin.py:151} INFO - #False
[2024-01-17T20:57:12.521+0000] {logging_mixin.py:151} INFO - #False
[2024-01-17T20:57:12.521+0000] {logging_mixin.py:151} INFO - #False
[2024-01-17T20:57:12.521+0000] {logging_mixin.py:151} INFO - #False
[2024-01-17T20:57:12.521+0000] {logging_mixin.py:151} INFO - #False
[2024-01-17T20:57:12.521+0000] {logging_mixin.py:151} INFO - #False
[2024-01-17T20:57:12.521+0000] {logging_mixin.py:151} INFO - #False
[2024-01-17T20:57:12.521+0000] {logging_mixin.py:151} INFO - #False
[2024-01-17T20:57:12.521+0000] {logging_mixin.py:151} INFO - #False
[2024-01-17T20:57:12.521+0000] {logging_mixin.py:151} INFO - #False
[2024-01-17T20:57:12.521+0000] {logging_mixin.py:151} INFO - #False
[2024-01-17T20:57:12.522+0000] {logging_mixin.py:151} INFO - #False
[2024-01-17T20:57:12.522+0000] {logging_mixin.py:151} INFO - #False
[2024-01-17T20:57:12.522+0000] {logging_mixin.py:151} INFO - #False
[2024-01-17T20:57:12.522+0000] {logging_mixin.py:151} INFO - #False
[2024-01-17T20:57:12.522+0000] {logging_mixin.py:151} INFO - #False
[2024-01-17T20:57:12.522+0000] {python.py:194} INFO - Done. Returned value was: None
[2024-01-17T20:57:12.531+0000] {taskinstance.py:1400} INFO - Marking task as SUCCESS. dag_id=Stream__2, task_id=Reddit, execution_date=20240117T205406, start_date=20240117T205703, end_date=20240117T205712
[2024-01-17T20:57:12.575+0000] {local_task_job_runner.py:228} INFO - Task exited with return code 0
[2024-01-17T20:57:12.588+0000] {taskinstance.py:2784} INFO - 0 downstream tasks scheduled from follow-on schedule check
