[2024-01-17T20:59:22.216+0000] {taskinstance.py:1159} INFO - Dependencies all met for dep_context=non-requeueable deps ti=<TaskInstance: Stream_Data_5.Reddit scheduled__2024-01-17T20:57:11.249624+00:00 [queued]>
[2024-01-17T20:59:22.229+0000] {taskinstance.py:1159} INFO - Dependencies all met for dep_context=requeueable deps ti=<TaskInstance: Stream_Data_5.Reddit scheduled__2024-01-17T20:57:11.249624+00:00 [queued]>
[2024-01-17T20:59:22.229+0000] {taskinstance.py:1361} INFO - Starting attempt 1 of 1
[2024-01-17T20:59:22.247+0000] {taskinstance.py:1382} INFO - Executing <Task(PythonOperator): Reddit> on 2024-01-17 20:57:11.249624+00:00
[2024-01-17T20:59:22.252+0000] {standard_task_runner.py:57} INFO - Started process 303 to run task
[2024-01-17T20:59:22.256+0000] {standard_task_runner.py:84} INFO - Running: ['***', 'tasks', 'run', 'Stream_Data_5', 'Reddit', 'scheduled__2024-01-17T20:57:11.249624+00:00', '--job-id', '433', '--raw', '--subdir', 'DAGS_FOLDER/kafka_stream_5.py', '--cfg-path', '/tmp/tmpdtrp2m14']
[2024-01-17T20:59:22.257+0000] {standard_task_runner.py:85} INFO - Job 433: Subtask Reddit
[2024-01-17T20:59:22.336+0000] {task_command.py:415} INFO - Running <TaskInstance: Stream_Data_5.Reddit scheduled__2024-01-17T20:57:11.249624+00:00 [running]> on host 614a419ad930
[2024-01-17T20:59:22.440+0000] {taskinstance.py:1660} INFO - Exporting env vars: AIRFLOW_CTX_DAG_OWNER='me' AIRFLOW_CTX_DAG_ID='Stream_Data_5' AIRFLOW_CTX_TASK_ID='Reddit' AIRFLOW_CTX_EXECUTION_DATE='2024-01-17T20:57:11.249624+00:00' AIRFLOW_CTX_TRY_NUMBER='1' AIRFLOW_CTX_DAG_RUN_ID='scheduled__2024-01-17T20:57:11.249624+00:00'
[2024-01-17T20:59:22.484+0000] {logging_mixin.py:151} INFO -  submission : 
[2024-01-17T20:59:24.460+0000] {logging_mixin.py:151} INFO - #False
[2024-01-17T20:59:24.461+0000] {logging_mixin.py:151} INFO - #False
[2024-01-17T20:59:24.461+0000] {logging_mixin.py:151} INFO - #False
[2024-01-17T20:59:24.461+0000] {logging_mixin.py:151} INFO - #False
[2024-01-17T20:59:24.462+0000] {logging_mixin.py:151} INFO - #False
[2024-01-17T20:59:24.462+0000] {logging_mixin.py:151} INFO - #False
[2024-01-17T20:59:24.462+0000] {logging_mixin.py:151} INFO - #False
[2024-01-17T20:59:24.463+0000] {logging_mixin.py:151} INFO - #False
[2024-01-17T20:59:24.463+0000] {logging_mixin.py:151} INFO - #False
[2024-01-17T20:59:24.463+0000] {logging_mixin.py:151} INFO - #False
[2024-01-17T20:59:24.463+0000] {logging_mixin.py:151} INFO - #False
[2024-01-17T20:59:24.463+0000] {logging_mixin.py:151} INFO - #False
[2024-01-17T20:59:24.463+0000] {logging_mixin.py:151} INFO - #False
[2024-01-17T20:59:24.463+0000] {logging_mixin.py:151} INFO - #False
[2024-01-17T20:59:24.463+0000] {logging_mixin.py:151} INFO - #False
[2024-01-17T20:59:24.464+0000] {logging_mixin.py:151} INFO - #False
[2024-01-17T20:59:24.464+0000] {logging_mixin.py:151} INFO - #False
[2024-01-17T20:59:24.464+0000] {logging_mixin.py:151} INFO - #False
[2024-01-17T20:59:24.464+0000] {logging_mixin.py:151} INFO - #False
[2024-01-17T20:59:24.464+0000] {logging_mixin.py:151} INFO - #False
[2024-01-17T20:59:24.464+0000] {logging_mixin.py:151} INFO - #False
[2024-01-17T20:59:24.464+0000] {logging_mixin.py:151} INFO - #False
[2024-01-17T20:59:24.464+0000] {logging_mixin.py:151} INFO - #False
[2024-01-17T20:59:24.464+0000] {logging_mixin.py:151} INFO - #False
[2024-01-17T20:59:24.465+0000] {logging_mixin.py:151} INFO - #False
[2024-01-17T20:59:24.465+0000] {logging_mixin.py:151} INFO - #False
[2024-01-17T20:59:24.465+0000] {logging_mixin.py:151} INFO - #False
[2024-01-17T20:59:24.465+0000] {logging_mixin.py:151} INFO - #False
[2024-01-17T20:59:24.465+0000] {logging_mixin.py:151} INFO - #False
[2024-01-17T20:59:24.465+0000] {logging_mixin.py:151} INFO - #False
[2024-01-17T20:59:24.465+0000] {logging_mixin.py:151} INFO -  submission : 
[2024-01-17T20:59:25.451+0000] {logging_mixin.py:151} INFO - #False
[2024-01-17T20:59:25.451+0000] {logging_mixin.py:151} INFO - #False
[2024-01-17T20:59:25.451+0000] {logging_mixin.py:151} INFO - #False
[2024-01-17T20:59:25.451+0000] {logging_mixin.py:151} INFO - #False
[2024-01-17T20:59:25.451+0000] {logging_mixin.py:151} INFO - #False
[2024-01-17T20:59:25.451+0000] {logging_mixin.py:151} INFO - #False
[2024-01-17T20:59:25.451+0000] {logging_mixin.py:151} INFO - #False
[2024-01-17T20:59:25.451+0000] {logging_mixin.py:151} INFO - #False
[2024-01-17T20:59:25.451+0000] {logging_mixin.py:151} INFO - #False
[2024-01-17T20:59:25.451+0000] {logging_mixin.py:151} INFO - #False
[2024-01-17T20:59:25.451+0000] {logging_mixin.py:151} INFO - #False
[2024-01-17T20:59:25.451+0000] {logging_mixin.py:151} INFO - #False
[2024-01-17T20:59:25.452+0000] {logging_mixin.py:151} INFO - #False
[2024-01-17T20:59:25.452+0000] {logging_mixin.py:151} INFO - #False
[2024-01-17T20:59:25.452+0000] {logging_mixin.py:151} INFO - #False
[2024-01-17T20:59:25.452+0000] {logging_mixin.py:151} INFO - #False
[2024-01-17T20:59:25.452+0000] {logging_mixin.py:151} INFO - #False
[2024-01-17T20:59:25.452+0000] {logging_mixin.py:151} INFO - #False
[2024-01-17T20:59:25.452+0000] {logging_mixin.py:151} INFO - #False
[2024-01-17T20:59:25.452+0000] {logging_mixin.py:151} INFO - #False
[2024-01-17T20:59:25.452+0000] {logging_mixin.py:151} INFO - #False
[2024-01-17T20:59:25.452+0000] {logging_mixin.py:151} INFO - #False
[2024-01-17T20:59:25.452+0000] {logging_mixin.py:151} INFO - #False
[2024-01-17T20:59:25.452+0000] {logging_mixin.py:151} INFO - #False
[2024-01-17T20:59:25.452+0000] {logging_mixin.py:151} INFO - #False
[2024-01-17T20:59:25.452+0000] {logging_mixin.py:151} INFO - #False
[2024-01-17T20:59:25.452+0000] {logging_mixin.py:151} INFO - #False
[2024-01-17T20:59:25.452+0000] {logging_mixin.py:151} INFO - #False
[2024-01-17T20:59:25.452+0000] {logging_mixin.py:151} INFO - #False
[2024-01-17T20:59:25.453+0000] {logging_mixin.py:151} INFO - #False
[2024-01-17T20:59:25.453+0000] {logging_mixin.py:151} INFO -  submission : 
[2024-01-17T20:59:26.276+0000] {logging_mixin.py:151} INFO - #False
[2024-01-17T20:59:26.276+0000] {logging_mixin.py:151} INFO - #False
[2024-01-17T20:59:26.276+0000] {logging_mixin.py:151} INFO - #False
[2024-01-17T20:59:26.276+0000] {logging_mixin.py:151} INFO - #False
[2024-01-17T20:59:26.276+0000] {logging_mixin.py:151} INFO - #False
[2024-01-17T20:59:26.276+0000] {logging_mixin.py:151} INFO - #False
[2024-01-17T20:59:26.276+0000] {logging_mixin.py:151} INFO - #False
[2024-01-17T20:59:26.277+0000] {logging_mixin.py:151} INFO - #False
[2024-01-17T20:59:26.277+0000] {logging_mixin.py:151} INFO - #False
[2024-01-17T20:59:26.277+0000] {logging_mixin.py:151} INFO - #False
[2024-01-17T20:59:26.277+0000] {logging_mixin.py:151} INFO - #False
[2024-01-17T20:59:26.277+0000] {logging_mixin.py:151} INFO - #False
[2024-01-17T20:59:26.277+0000] {logging_mixin.py:151} INFO - #False
[2024-01-17T20:59:26.277+0000] {logging_mixin.py:151} INFO - #False
[2024-01-17T20:59:26.277+0000] {logging_mixin.py:151} INFO - #False
[2024-01-17T20:59:26.277+0000] {logging_mixin.py:151} INFO - #False
[2024-01-17T20:59:26.277+0000] {logging_mixin.py:151} INFO - #False
[2024-01-17T20:59:26.277+0000] {logging_mixin.py:151} INFO - #False
[2024-01-17T20:59:26.277+0000] {logging_mixin.py:151} INFO - #False
[2024-01-17T20:59:26.277+0000] {logging_mixin.py:151} INFO - #False
[2024-01-17T20:59:26.277+0000] {logging_mixin.py:151} INFO - #False
[2024-01-17T20:59:26.277+0000] {logging_mixin.py:151} INFO - #False
[2024-01-17T20:59:26.277+0000] {logging_mixin.py:151} INFO - #False
[2024-01-17T20:59:26.277+0000] {logging_mixin.py:151} INFO - #False
[2024-01-17T20:59:26.278+0000] {logging_mixin.py:151} INFO - #False
[2024-01-17T20:59:26.278+0000] {logging_mixin.py:151} INFO - #False
[2024-01-17T20:59:26.278+0000] {logging_mixin.py:151} INFO - #False
[2024-01-17T20:59:26.278+0000] {logging_mixin.py:151} INFO - #False
[2024-01-17T20:59:26.278+0000] {logging_mixin.py:151} INFO - #False
[2024-01-17T20:59:26.278+0000] {logging_mixin.py:151} INFO - #False
[2024-01-17T20:59:26.278+0000] {logging_mixin.py:151} INFO -  submission : 
[2024-01-17T20:59:27.108+0000] {logging_mixin.py:151} INFO - #False
[2024-01-17T20:59:27.108+0000] {logging_mixin.py:151} INFO - #False
[2024-01-17T20:59:27.109+0000] {logging_mixin.py:151} INFO - #False
[2024-01-17T20:59:27.109+0000] {logging_mixin.py:151} INFO - #False
[2024-01-17T20:59:27.109+0000] {logging_mixin.py:151} INFO - #False
[2024-01-17T20:59:27.109+0000] {logging_mixin.py:151} INFO - #False
[2024-01-17T20:59:27.109+0000] {logging_mixin.py:151} INFO - #False
[2024-01-17T20:59:27.109+0000] {logging_mixin.py:151} INFO - #False
[2024-01-17T20:59:27.109+0000] {logging_mixin.py:151} INFO - #False
[2024-01-17T20:59:27.109+0000] {logging_mixin.py:151} INFO - #False
[2024-01-17T20:59:27.109+0000] {logging_mixin.py:151} INFO - #False
[2024-01-17T20:59:27.109+0000] {logging_mixin.py:151} INFO - #False
[2024-01-17T20:59:27.109+0000] {logging_mixin.py:151} INFO - #False
[2024-01-17T20:59:27.109+0000] {logging_mixin.py:151} INFO - #False
[2024-01-17T20:59:27.109+0000] {logging_mixin.py:151} INFO - #False
[2024-01-17T20:59:27.109+0000] {logging_mixin.py:151} INFO - #False
[2024-01-17T20:59:27.109+0000] {logging_mixin.py:151} INFO - #False
[2024-01-17T20:59:27.109+0000] {logging_mixin.py:151} INFO - #False
[2024-01-17T20:59:27.110+0000] {logging_mixin.py:151} INFO - #False
[2024-01-17T20:59:27.110+0000] {logging_mixin.py:151} INFO - #False
[2024-01-17T20:59:27.110+0000] {logging_mixin.py:151} INFO - #False
[2024-01-17T20:59:27.110+0000] {logging_mixin.py:151} INFO - #False
[2024-01-17T20:59:27.110+0000] {logging_mixin.py:151} INFO - #False
[2024-01-17T20:59:27.110+0000] {logging_mixin.py:151} INFO - #False
[2024-01-17T20:59:27.110+0000] {logging_mixin.py:151} INFO - #False
[2024-01-17T20:59:27.110+0000] {logging_mixin.py:151} INFO - #False
[2024-01-17T20:59:27.110+0000] {logging_mixin.py:151} INFO - #False
[2024-01-17T20:59:27.110+0000] {logging_mixin.py:151} INFO - #False
[2024-01-17T20:59:27.110+0000] {logging_mixin.py:151} INFO - #False
[2024-01-17T20:59:27.110+0000] {logging_mixin.py:151} INFO - #False
[2024-01-17T20:59:27.110+0000] {logging_mixin.py:151} INFO -  submission : 
[2024-01-17T20:59:27.905+0000] {logging_mixin.py:151} INFO - #False
[2024-01-17T20:59:27.905+0000] {logging_mixin.py:151} INFO - #False
[2024-01-17T20:59:27.905+0000] {logging_mixin.py:151} INFO - #False
[2024-01-17T20:59:27.905+0000] {logging_mixin.py:151} INFO - #False
[2024-01-17T20:59:27.905+0000] {logging_mixin.py:151} INFO - #False
[2024-01-17T20:59:27.905+0000] {logging_mixin.py:151} INFO - #False
[2024-01-17T20:59:27.906+0000] {logging_mixin.py:151} INFO - #False
[2024-01-17T20:59:27.906+0000] {logging_mixin.py:151} INFO - #False
[2024-01-17T20:59:27.906+0000] {logging_mixin.py:151} INFO - #False
[2024-01-17T20:59:27.906+0000] {logging_mixin.py:151} INFO - #False
[2024-01-17T20:59:27.906+0000] {logging_mixin.py:151} INFO - #False
[2024-01-17T20:59:27.906+0000] {logging_mixin.py:151} INFO - #False
[2024-01-17T20:59:27.906+0000] {logging_mixin.py:151} INFO - #False
[2024-01-17T20:59:27.906+0000] {logging_mixin.py:151} INFO - #False
[2024-01-17T20:59:27.906+0000] {logging_mixin.py:151} INFO - #False
[2024-01-17T20:59:27.906+0000] {logging_mixin.py:151} INFO - #False
[2024-01-17T20:59:27.906+0000] {logging_mixin.py:151} INFO - #False
[2024-01-17T20:59:27.906+0000] {logging_mixin.py:151} INFO - #False
[2024-01-17T20:59:27.906+0000] {logging_mixin.py:151} INFO - #False
[2024-01-17T20:59:27.906+0000] {logging_mixin.py:151} INFO - #False
[2024-01-17T20:59:27.906+0000] {logging_mixin.py:151} INFO - #False
[2024-01-17T20:59:27.906+0000] {logging_mixin.py:151} INFO - #False
[2024-01-17T20:59:27.906+0000] {logging_mixin.py:151} INFO - #False
[2024-01-17T20:59:27.906+0000] {logging_mixin.py:151} INFO - #False
[2024-01-17T20:59:27.907+0000] {logging_mixin.py:151} INFO - #False
[2024-01-17T20:59:27.907+0000] {logging_mixin.py:151} INFO - #False
[2024-01-17T20:59:27.907+0000] {logging_mixin.py:151} INFO - #False
[2024-01-17T20:59:27.907+0000] {logging_mixin.py:151} INFO - #False
[2024-01-17T20:59:27.907+0000] {logging_mixin.py:151} INFO - #False
[2024-01-17T20:59:27.907+0000] {logging_mixin.py:151} INFO - #False
[2024-01-17T20:59:27.907+0000] {logging_mixin.py:151} INFO -  submission : 
[2024-01-17T20:59:28.705+0000] {logging_mixin.py:151} INFO - #False
[2024-01-17T20:59:28.706+0000] {logging_mixin.py:151} INFO - #False
[2024-01-17T20:59:28.706+0000] {logging_mixin.py:151} INFO - #False
[2024-01-17T20:59:28.706+0000] {logging_mixin.py:151} INFO - #False
[2024-01-17T20:59:28.706+0000] {logging_mixin.py:151} INFO - #False
[2024-01-17T20:59:28.706+0000] {logging_mixin.py:151} INFO - #False
[2024-01-17T20:59:28.706+0000] {logging_mixin.py:151} INFO - #False
[2024-01-17T20:59:28.707+0000] {logging_mixin.py:151} INFO - #False
[2024-01-17T20:59:28.707+0000] {logging_mixin.py:151} INFO - #False
[2024-01-17T20:59:28.707+0000] {logging_mixin.py:151} INFO - #False
[2024-01-17T20:59:28.707+0000] {logging_mixin.py:151} INFO - #False
[2024-01-17T20:59:28.707+0000] {logging_mixin.py:151} INFO - #False
[2024-01-17T20:59:28.707+0000] {logging_mixin.py:151} INFO - #False
[2024-01-17T20:59:28.707+0000] {logging_mixin.py:151} INFO - #False
[2024-01-17T20:59:28.707+0000] {logging_mixin.py:151} INFO - #False
[2024-01-17T20:59:28.707+0000] {logging_mixin.py:151} INFO - #False
[2024-01-17T20:59:28.707+0000] {logging_mixin.py:151} INFO - #False
[2024-01-17T20:59:28.707+0000] {logging_mixin.py:151} INFO - #False
[2024-01-17T20:59:28.707+0000] {logging_mixin.py:151} INFO - #False
[2024-01-17T20:59:28.707+0000] {logging_mixin.py:151} INFO - #False
[2024-01-17T20:59:28.707+0000] {logging_mixin.py:151} INFO - #False
[2024-01-17T20:59:28.707+0000] {logging_mixin.py:151} INFO - #False
[2024-01-17T20:59:28.707+0000] {logging_mixin.py:151} INFO - #False
[2024-01-17T20:59:28.707+0000] {logging_mixin.py:151} INFO - #False
[2024-01-17T20:59:28.707+0000] {logging_mixin.py:151} INFO - #False
[2024-01-17T20:59:28.708+0000] {logging_mixin.py:151} INFO - #False
[2024-01-17T20:59:28.708+0000] {logging_mixin.py:151} INFO - #False
[2024-01-17T20:59:28.708+0000] {logging_mixin.py:151} INFO - #False
[2024-01-17T20:59:28.708+0000] {logging_mixin.py:151} INFO - #False
[2024-01-17T20:59:28.708+0000] {logging_mixin.py:151} INFO - #False
[2024-01-17T20:59:28.708+0000] {logging_mixin.py:151} INFO -  submission : 
[2024-01-17T20:59:29.542+0000] {logging_mixin.py:151} INFO - #False
[2024-01-17T20:59:29.542+0000] {logging_mixin.py:151} INFO - #False
[2024-01-17T20:59:29.542+0000] {logging_mixin.py:151} INFO - #False
[2024-01-17T20:59:29.543+0000] {logging_mixin.py:151} INFO - #False
[2024-01-17T20:59:29.543+0000] {logging_mixin.py:151} INFO - #False
[2024-01-17T20:59:29.543+0000] {logging_mixin.py:151} INFO - #False
[2024-01-17T20:59:29.543+0000] {logging_mixin.py:151} INFO - #False
[2024-01-17T20:59:29.543+0000] {logging_mixin.py:151} INFO - #False
[2024-01-17T20:59:29.543+0000] {logging_mixin.py:151} INFO - #False
[2024-01-17T20:59:29.543+0000] {logging_mixin.py:151} INFO - #False
[2024-01-17T20:59:29.543+0000] {logging_mixin.py:151} INFO - #False
[2024-01-17T20:59:29.543+0000] {logging_mixin.py:151} INFO - #False
[2024-01-17T20:59:29.543+0000] {logging_mixin.py:151} INFO - #False
[2024-01-17T20:59:29.543+0000] {logging_mixin.py:151} INFO - #False
[2024-01-17T20:59:29.543+0000] {logging_mixin.py:151} INFO - #False
[2024-01-17T20:59:29.543+0000] {logging_mixin.py:151} INFO - #False
[2024-01-17T20:59:29.543+0000] {logging_mixin.py:151} INFO - #False
[2024-01-17T20:59:29.543+0000] {logging_mixin.py:151} INFO - #False
[2024-01-17T20:59:29.543+0000] {logging_mixin.py:151} INFO - #False
[2024-01-17T20:59:29.543+0000] {logging_mixin.py:151} INFO - #False
[2024-01-17T20:59:29.543+0000] {logging_mixin.py:151} INFO - #False
[2024-01-17T20:59:29.543+0000] {logging_mixin.py:151} INFO - #False
[2024-01-17T20:59:29.544+0000] {logging_mixin.py:151} INFO - #False
[2024-01-17T20:59:29.544+0000] {logging_mixin.py:151} INFO - #False
[2024-01-17T20:59:29.544+0000] {logging_mixin.py:151} INFO - #False
[2024-01-17T20:59:29.544+0000] {logging_mixin.py:151} INFO - #False
[2024-01-17T20:59:29.544+0000] {logging_mixin.py:151} INFO - #False
[2024-01-17T20:59:29.544+0000] {logging_mixin.py:151} INFO - #False
[2024-01-17T20:59:29.544+0000] {logging_mixin.py:151} INFO - #False
[2024-01-17T20:59:29.544+0000] {logging_mixin.py:151} INFO - #False
[2024-01-17T20:59:29.544+0000] {logging_mixin.py:151} INFO -  submission : 
[2024-01-17T20:59:30.369+0000] {logging_mixin.py:151} INFO - #False
[2024-01-17T20:59:30.370+0000] {logging_mixin.py:151} INFO - #False
[2024-01-17T20:59:30.370+0000] {logging_mixin.py:151} INFO - #False
[2024-01-17T20:59:30.370+0000] {logging_mixin.py:151} INFO - #False
[2024-01-17T20:59:30.370+0000] {logging_mixin.py:151} INFO - #False
[2024-01-17T20:59:30.370+0000] {logging_mixin.py:151} INFO - #False
[2024-01-17T20:59:30.370+0000] {logging_mixin.py:151} INFO - #False
[2024-01-17T20:59:30.370+0000] {logging_mixin.py:151} INFO - #False
[2024-01-17T20:59:30.370+0000] {logging_mixin.py:151} INFO - #False
[2024-01-17T20:59:30.370+0000] {logging_mixin.py:151} INFO - #False
[2024-01-17T20:59:30.371+0000] {logging_mixin.py:151} INFO - #False
[2024-01-17T20:59:30.371+0000] {logging_mixin.py:151} INFO - #False
[2024-01-17T20:59:30.371+0000] {logging_mixin.py:151} INFO - #False
[2024-01-17T20:59:30.371+0000] {logging_mixin.py:151} INFO - #False
[2024-01-17T20:59:30.371+0000] {logging_mixin.py:151} INFO - #False
[2024-01-17T20:59:30.371+0000] {logging_mixin.py:151} INFO - #False
[2024-01-17T20:59:30.371+0000] {logging_mixin.py:151} INFO - #False
[2024-01-17T20:59:30.371+0000] {logging_mixin.py:151} INFO - #False
[2024-01-17T20:59:30.371+0000] {logging_mixin.py:151} INFO - #False
[2024-01-17T20:59:30.371+0000] {logging_mixin.py:151} INFO - #False
[2024-01-17T20:59:30.372+0000] {logging_mixin.py:151} INFO - #False
[2024-01-17T20:59:30.372+0000] {logging_mixin.py:151} INFO - #False
[2024-01-17T20:59:30.372+0000] {logging_mixin.py:151} INFO - #False
[2024-01-17T20:59:30.372+0000] {logging_mixin.py:151} INFO - #False
[2024-01-17T20:59:30.372+0000] {logging_mixin.py:151} INFO - #False
[2024-01-17T20:59:30.372+0000] {logging_mixin.py:151} INFO - #False
[2024-01-17T20:59:30.372+0000] {logging_mixin.py:151} INFO - #False
[2024-01-17T20:59:30.372+0000] {logging_mixin.py:151} INFO - #False
[2024-01-17T20:59:30.372+0000] {logging_mixin.py:151} INFO - #False
[2024-01-17T20:59:30.372+0000] {logging_mixin.py:151} INFO - #False
[2024-01-17T20:59:30.372+0000] {python.py:194} INFO - Done. Returned value was: None
[2024-01-17T20:59:30.386+0000] {taskinstance.py:1400} INFO - Marking task as SUCCESS. dag_id=Stream_Data_5, task_id=Reddit, execution_date=20240117T205711, start_date=20240117T205922, end_date=20240117T205930
[2024-01-17T20:59:30.445+0000] {local_task_job_runner.py:228} INFO - Task exited with return code 0
[2024-01-17T20:59:30.463+0000] {taskinstance.py:2784} INFO - 0 downstream tasks scheduled from follow-on schedule check
