[2024-01-17T01:57:03.663+0000] {taskinstance.py:1159} INFO - Dependencies all met for dep_context=non-requeueable deps ti=<TaskInstance: spark_stream_job.spark_submit_task scheduled__2024-01-17T01:50:00+00:00 [queued]>
[2024-01-17T01:57:03.668+0000] {taskinstance.py:1159} INFO - Dependencies all met for dep_context=requeueable deps ti=<TaskInstance: spark_stream_job.spark_submit_task scheduled__2024-01-17T01:50:00+00:00 [queued]>
[2024-01-17T01:57:03.669+0000] {taskinstance.py:1361} INFO - Starting attempt 2 of 2
[2024-01-17T01:57:03.679+0000] {taskinstance.py:1382} INFO - Executing <Task(BashOperator): spark_submit_task> on 2024-01-17 01:50:00+00:00
[2024-01-17T01:57:03.681+0000] {standard_task_runner.py:57} INFO - Started process 763 to run task
[2024-01-17T01:57:03.683+0000] {standard_task_runner.py:84} INFO - Running: ['***', 'tasks', 'run', 'spark_stream_job', 'spark_submit_task', 'scheduled__2024-01-17T01:50:00+00:00', '--job-id', '59', '--raw', '--subdir', 'DAGS_FOLDER/spark_streaming_dag.py', '--cfg-path', '/tmp/tmpfzz8ukfx']
[2024-01-17T01:57:03.685+0000] {standard_task_runner.py:85} INFO - Job 59: Subtask spark_submit_task
[2024-01-17T01:57:03.777+0000] {task_command.py:415} INFO - Running <TaskInstance: spark_stream_job.spark_submit_task scheduled__2024-01-17T01:50:00+00:00 [running]> on host a81a9f2a1c09
[2024-01-17T01:57:03.855+0000] {taskinstance.py:1660} INFO - Exporting env vars: AIRFLOW_CTX_DAG_OWNER='me' AIRFLOW_CTX_DAG_ID='spark_stream_job' AIRFLOW_CTX_TASK_ID='spark_submit_task' AIRFLOW_CTX_EXECUTION_DATE='2024-01-17T01:50:00+00:00' AIRFLOW_CTX_TRY_NUMBER='2' AIRFLOW_CTX_DAG_RUN_ID='scheduled__2024-01-17T01:50:00+00:00'
[2024-01-17T01:57:03.856+0000] {subprocess.py:63} INFO - Tmp dir root location: /tmp
[2024-01-17T01:57:03.856+0000] {subprocess.py:75} INFO - Running command: ['/bin/bash', '-c', 'docker run --rm -v /opt/***/dags:/opt/***/dags bitnami/spark:latest bin/spark-submit /opt/***/dags/spark_stream.py']
[2024-01-17T01:57:03.861+0000] {subprocess.py:86} INFO - Output:
[2024-01-17T01:57:03.879+0000] {subprocess.py:93} INFO - docker: Cannot connect to the Docker daemon at unix:///var/run/docker.sock. Is the docker daemon running?.
[2024-01-17T01:57:03.879+0000] {subprocess.py:93} INFO - See 'docker run --help'.
[2024-01-17T01:57:03.880+0000] {subprocess.py:97} INFO - Command exited with return code 125
[2024-01-17T01:57:03.889+0000] {taskinstance.py:1943} ERROR - Task failed with exception
Traceback (most recent call last):
  File "/home/airflow/.local/lib/python3.9/site-packages/airflow/operators/bash.py", line 210, in execute
    raise AirflowException(
airflow.exceptions.AirflowException: Bash command failed. The command returned a non-zero exit code 125.
[2024-01-17T01:57:03.891+0000] {taskinstance.py:1400} INFO - Marking task as FAILED. dag_id=spark_stream_job, task_id=spark_submit_task, execution_date=20240117T015000, start_date=20240117T015703, end_date=20240117T015703
[2024-01-17T01:57:03.902+0000] {standard_task_runner.py:104} ERROR - Failed to execute job 59 for task spark_submit_task (Bash command failed. The command returned a non-zero exit code 125.; 763)
[2024-01-17T01:57:03.937+0000] {local_task_job_runner.py:228} INFO - Task exited with return code 1
[2024-01-17T01:57:03.954+0000] {taskinstance.py:2784} INFO - 0 downstream tasks scheduled from follow-on schedule check
[2024-01-17T02:40:13.739+0000] {taskinstance.py:1159} INFO - Dependencies all met for dep_context=non-requeueable deps ti=<TaskInstance: spark_stream_job.spark_submit_task scheduled__2024-01-17T01:50:00+00:00 [queued]>
[2024-01-17T02:40:13.745+0000] {taskinstance.py:1159} INFO - Dependencies all met for dep_context=requeueable deps ti=<TaskInstance: spark_stream_job.spark_submit_task scheduled__2024-01-17T01:50:00+00:00 [queued]>
[2024-01-17T02:40:13.745+0000] {taskinstance.py:1361} INFO - Starting attempt 2 of 2
[2024-01-17T02:40:13.754+0000] {taskinstance.py:1382} INFO - Executing <Task(SparkSubmitOperator): spark_submit_task> on 2024-01-17 01:50:00+00:00
[2024-01-17T02:40:13.757+0000] {standard_task_runner.py:57} INFO - Started process 686 to run task
[2024-01-17T02:40:13.759+0000] {standard_task_runner.py:84} INFO - Running: ['***', 'tasks', 'run', 'spark_stream_job', 'spark_submit_task', 'scheduled__2024-01-17T01:50:00+00:00', '--job-id', '65', '--raw', '--subdir', 'DAGS_FOLDER/spark_streaming_dag.py', '--cfg-path', '/tmp/tmpw0en_iwk']
[2024-01-17T02:40:13.760+0000] {standard_task_runner.py:85} INFO - Job 65: Subtask spark_submit_task
[2024-01-17T02:40:13.795+0000] {task_command.py:415} INFO - Running <TaskInstance: spark_stream_job.spark_submit_task scheduled__2024-01-17T01:50:00+00:00 [running]> on host 7f29d30c8362
[2024-01-17T02:40:13.845+0000] {taskinstance.py:1660} INFO - Exporting env vars: AIRFLOW_CTX_DAG_OWNER='me' AIRFLOW_CTX_DAG_ID='spark_stream_job' AIRFLOW_CTX_TASK_ID='spark_submit_task' AIRFLOW_CTX_EXECUTION_DATE='2024-01-17T01:50:00+00:00' AIRFLOW_CTX_TRY_NUMBER='2' AIRFLOW_CTX_DAG_RUN_ID='scheduled__2024-01-17T01:50:00+00:00'
[2024-01-17T02:40:13.851+0000] {base.py:73} INFO - Using connection ID 'spark_default' for task execution.
[2024-01-17T02:40:13.852+0000] {spark_submit.py:401} INFO - Spark-Submit cmd: spark-submit --master spark-master:7077 --name spark_submit_job --verbose --queue default --deploy-mode client /opt/bitnami/scripts/spark_stream.py
[2024-01-17T02:40:13.946+0000] {spark_submit.py:571} INFO - /home/***/.local/lib/python3.9/site-packages/pyspark/bin/load-spark-env.sh: line 68: ps: command not found
[2024-01-17T02:40:13.947+0000] {spark_submit.py:571} INFO - JAVA_HOME is not set
[2024-01-17T02:40:13.956+0000] {taskinstance.py:1943} ERROR - Task failed with exception
Traceback (most recent call last):
  File "/home/airflow/.local/lib/python3.9/site-packages/airflow/providers/apache/spark/operators/spark_submit.py", line 174, in execute
    self._hook.submit(self._application)
  File "/home/airflow/.local/lib/python3.9/site-packages/airflow/providers/apache/spark/hooks/spark_submit.py", line 502, in submit
    raise AirflowException(
airflow.exceptions.AirflowException: Cannot execute: spark-submit --master spark-master:7077 --name spark_submit_job --verbose --queue default --deploy-mode client /opt/bitnami/scripts/spark_stream.py. Error code is: 1.
[2024-01-17T02:40:13.958+0000] {taskinstance.py:1400} INFO - Marking task as FAILED. dag_id=spark_stream_job, task_id=spark_submit_task, execution_date=20240117T015000, start_date=20240117T024013, end_date=20240117T024013
[2024-01-17T02:40:13.968+0000] {standard_task_runner.py:104} ERROR - Failed to execute job 65 for task spark_submit_task (Cannot execute: spark-submit --master spark-master:7077 --name spark_submit_job --verbose --queue default --deploy-mode client /opt/bitnami/scripts/spark_stream.py. Error code is: 1.; 686)
[2024-01-17T02:40:13.971+0000] {local_task_job_runner.py:228} INFO - Task exited with return code 1
[2024-01-17T02:40:13.986+0000] {taskinstance.py:2784} INFO - 0 downstream tasks scheduled from follow-on schedule check
[2024-01-17T03:38:27.599+0000] {taskinstance.py:1159} INFO - Dependencies all met for dep_context=non-requeueable deps ti=<TaskInstance: spark_stream_job.spark_submit_task scheduled__2024-01-17T01:50:00+00:00 [queued]>
[2024-01-17T03:38:27.604+0000] {taskinstance.py:1159} INFO - Dependencies all met for dep_context=requeueable deps ti=<TaskInstance: spark_stream_job.spark_submit_task scheduled__2024-01-17T01:50:00+00:00 [queued]>
[2024-01-17T03:38:27.604+0000] {taskinstance.py:1361} INFO - Starting attempt 2 of 2
[2024-01-17T03:38:27.613+0000] {taskinstance.py:1382} INFO - Executing <Task(SparkSubmitOperator): spark_submit_task> on 2024-01-17 01:50:00+00:00
[2024-01-17T03:38:27.616+0000] {standard_task_runner.py:57} INFO - Started process 409 to run task
[2024-01-17T03:38:27.618+0000] {standard_task_runner.py:84} INFO - Running: ['***', 'tasks', 'run', 'spark_stream_job', 'spark_submit_task', 'scheduled__2024-01-17T01:50:00+00:00', '--job-id', '164', '--raw', '--subdir', 'DAGS_FOLDER/spark_streaming_dag.py', '--cfg-path', '/tmp/tmp6si6d0xk']
[2024-01-17T03:38:27.619+0000] {standard_task_runner.py:85} INFO - Job 164: Subtask spark_submit_task
[2024-01-17T03:38:27.660+0000] {task_command.py:415} INFO - Running <TaskInstance: spark_stream_job.spark_submit_task scheduled__2024-01-17T01:50:00+00:00 [running]> on host 776833dc279e
[2024-01-17T03:38:27.716+0000] {taskinstance.py:1660} INFO - Exporting env vars: AIRFLOW_CTX_DAG_OWNER='me' AIRFLOW_CTX_DAG_ID='spark_stream_job' AIRFLOW_CTX_TASK_ID='spark_submit_task' AIRFLOW_CTX_EXECUTION_DATE='2024-01-17T01:50:00+00:00' AIRFLOW_CTX_TRY_NUMBER='2' AIRFLOW_CTX_DAG_RUN_ID='scheduled__2024-01-17T01:50:00+00:00'
[2024-01-17T03:38:27.723+0000] {base.py:73} INFO - Using connection ID 'spark_default' for task execution.
[2024-01-17T03:38:27.723+0000] {spark_submit.py:401} INFO - Spark-Submit cmd: spark-submit --master spark://192.168.192.5:7077 --name spark_submit_job --verbose --queue root.default --deploy-mode client /opt/bitnami/scripts/spark_stream.py
[2024-01-17T03:38:27.830+0000] {spark_submit.py:571} INFO - /home/***/.local/lib/python3.9/site-packages/pyspark/bin/load-spark-env.sh: line 68: ps: command not found
[2024-01-17T03:38:27.831+0000] {spark_submit.py:571} INFO - JAVA_HOME is not set
[2024-01-17T03:38:27.840+0000] {taskinstance.py:1943} ERROR - Task failed with exception
Traceback (most recent call last):
  File "/home/airflow/.local/lib/python3.9/site-packages/airflow/providers/apache/spark/operators/spark_submit.py", line 174, in execute
    self._hook.submit(self._application)
  File "/home/airflow/.local/lib/python3.9/site-packages/airflow/providers/apache/spark/hooks/spark_submit.py", line 502, in submit
    raise AirflowException(
airflow.exceptions.AirflowException: Cannot execute: spark-submit --master spark://192.168.192.5:7077 --name spark_submit_job --verbose --queue root.default --deploy-mode client /opt/bitnami/scripts/spark_stream.py. Error code is: 1.
[2024-01-17T03:38:27.842+0000] {taskinstance.py:1400} INFO - Marking task as FAILED. dag_id=spark_stream_job, task_id=spark_submit_task, execution_date=20240117T015000, start_date=20240117T033827, end_date=20240117T033827
[2024-01-17T03:38:27.852+0000] {standard_task_runner.py:104} ERROR - Failed to execute job 164 for task spark_submit_task (Cannot execute: spark-submit --master spark://192.168.192.5:7077 --name spark_submit_job --verbose --queue root.default --deploy-mode client /opt/bitnami/scripts/spark_stream.py. Error code is: 1.; 409)
[2024-01-17T03:38:27.871+0000] {local_task_job_runner.py:228} INFO - Task exited with return code 1
[2024-01-17T03:38:27.888+0000] {taskinstance.py:2784} INFO - 0 downstream tasks scheduled from follow-on schedule check
[2024-01-17T03:55:29.826+0000] {taskinstance.py:1159} INFO - Dependencies all met for dep_context=non-requeueable deps ti=<TaskInstance: spark_stream_job.spark_submit_task scheduled__2024-01-17T01:50:00+00:00 [queued]>
[2024-01-17T03:55:29.833+0000] {taskinstance.py:1159} INFO - Dependencies all met for dep_context=requeueable deps ti=<TaskInstance: spark_stream_job.spark_submit_task scheduled__2024-01-17T01:50:00+00:00 [queued]>
[2024-01-17T03:55:29.833+0000] {taskinstance.py:1361} INFO - Starting attempt 2 of 2
[2024-01-17T03:55:29.846+0000] {taskinstance.py:1382} INFO - Executing <Task(SparkSubmitOperator): spark_submit_task> on 2024-01-17 01:50:00+00:00
[2024-01-17T03:55:29.848+0000] {standard_task_runner.py:57} INFO - Started process 7592 to run task
[2024-01-17T03:55:29.851+0000] {standard_task_runner.py:84} INFO - Running: ['***', 'tasks', 'run', 'spark_stream_job', 'spark_submit_task', 'scheduled__2024-01-17T01:50:00+00:00', '--job-id', '268', '--raw', '--subdir', 'DAGS_FOLDER/spark_streaming_dag.py', '--cfg-path', '/tmp/tmpobq9qesk']
[2024-01-17T03:55:29.852+0000] {standard_task_runner.py:85} INFO - Job 268: Subtask spark_submit_task
[2024-01-17T03:55:29.893+0000] {task_command.py:415} INFO - Running <TaskInstance: spark_stream_job.spark_submit_task scheduled__2024-01-17T01:50:00+00:00 [running]> on host 776833dc279e
[2024-01-17T03:55:29.950+0000] {taskinstance.py:1660} INFO - Exporting env vars: AIRFLOW_CTX_DAG_OWNER='me' AIRFLOW_CTX_DAG_ID='spark_stream_job' AIRFLOW_CTX_TASK_ID='spark_submit_task' AIRFLOW_CTX_EXECUTION_DATE='2024-01-17T01:50:00+00:00' AIRFLOW_CTX_TRY_NUMBER='2' AIRFLOW_CTX_DAG_RUN_ID='scheduled__2024-01-17T01:50:00+00:00'
[2024-01-17T03:55:29.956+0000] {base.py:73} INFO - Using connection ID 'spark_default' for task execution.
[2024-01-17T03:55:29.957+0000] {spark_submit.py:401} INFO - Spark-Submit cmd: spark-submit --master spark://192.168.192.5:7077 --name spark_submit_job --verbose --queue root.default --deploy-mode client /opt/bitnami/scripts/spark_stream.py
[2024-01-17T03:55:30.064+0000] {spark_submit.py:571} INFO - /home/***/.local/lib/python3.9/site-packages/pyspark/bin/load-spark-env.sh: line 68: ps: command not found
[2024-01-17T03:55:31.086+0000] {spark_submit.py:571} INFO - Using properties file: null
[2024-01-17T03:55:31.163+0000] {spark_submit.py:571} INFO - Parsed arguments:
[2024-01-17T03:55:31.164+0000] {spark_submit.py:571} INFO - master                  spark://192.168.192.5:7077
[2024-01-17T03:55:31.164+0000] {spark_submit.py:571} INFO - remote                  null
[2024-01-17T03:55:31.164+0000] {spark_submit.py:571} INFO - deployMode              client
[2024-01-17T03:55:31.164+0000] {spark_submit.py:571} INFO - executorMemory          null
[2024-01-17T03:55:31.164+0000] {spark_submit.py:571} INFO - executorCores           null
[2024-01-17T03:55:31.164+0000] {spark_submit.py:571} INFO - totalExecutorCores      null
[2024-01-17T03:55:31.164+0000] {spark_submit.py:571} INFO - propertiesFile          null
[2024-01-17T03:55:31.164+0000] {spark_submit.py:571} INFO - driverMemory            null
[2024-01-17T03:55:31.164+0000] {spark_submit.py:571} INFO - driverCores             null
[2024-01-17T03:55:31.164+0000] {spark_submit.py:571} INFO - driverExtraClassPath    null
[2024-01-17T03:55:31.164+0000] {spark_submit.py:571} INFO - driverExtraLibraryPath  null
[2024-01-17T03:55:31.164+0000] {spark_submit.py:571} INFO - driverExtraJavaOptions  null
[2024-01-17T03:55:31.164+0000] {spark_submit.py:571} INFO - supervise               false
[2024-01-17T03:55:31.164+0000] {spark_submit.py:571} INFO - queue                   root.default
[2024-01-17T03:55:31.164+0000] {spark_submit.py:571} INFO - numExecutors            null
[2024-01-17T03:55:31.164+0000] {spark_submit.py:571} INFO - files                   null
[2024-01-17T03:55:31.164+0000] {spark_submit.py:571} INFO - pyFiles                 null
[2024-01-17T03:55:31.164+0000] {spark_submit.py:571} INFO - archives                null
[2024-01-17T03:55:31.164+0000] {spark_submit.py:571} INFO - mainClass               null
[2024-01-17T03:55:31.165+0000] {spark_submit.py:571} INFO - primaryResource         file:/opt/bitnami/scripts/spark_stream.py
[2024-01-17T03:55:31.165+0000] {spark_submit.py:571} INFO - name                    spark_submit_job
[2024-01-17T03:55:31.165+0000] {spark_submit.py:571} INFO - childArgs               []
[2024-01-17T03:55:31.165+0000] {spark_submit.py:571} INFO - jars                    null
[2024-01-17T03:55:31.165+0000] {spark_submit.py:571} INFO - packages                null
[2024-01-17T03:55:31.165+0000] {spark_submit.py:571} INFO - packagesExclusions      null
[2024-01-17T03:55:31.165+0000] {spark_submit.py:571} INFO - repositories            null
[2024-01-17T03:55:31.165+0000] {spark_submit.py:571} INFO - verbose                 true
[2024-01-17T03:55:31.165+0000] {spark_submit.py:571} INFO - 
[2024-01-17T03:55:31.166+0000] {spark_submit.py:571} INFO - Spark properties used, including those specified through
[2024-01-17T03:55:31.166+0000] {spark_submit.py:571} INFO - --conf and those from the properties file null:
[2024-01-17T03:55:31.166+0000] {spark_submit.py:571} INFO - 
[2024-01-17T03:55:31.166+0000] {spark_submit.py:571} INFO - 
[2024-01-17T03:55:31.166+0000] {spark_submit.py:571} INFO - 
[2024-01-17T03:55:31.336+0000] {spark_submit.py:571} INFO - Main class:
[2024-01-17T03:55:31.336+0000] {spark_submit.py:571} INFO - org.apache.spark.deploy.PythonRunner
[2024-01-17T03:55:31.336+0000] {spark_submit.py:571} INFO - Arguments:
[2024-01-17T03:55:31.337+0000] {spark_submit.py:571} INFO - file:/opt/bitnami/scripts/spark_stream.py
[2024-01-17T03:55:31.337+0000] {spark_submit.py:571} INFO - null
[2024-01-17T03:55:31.339+0000] {spark_submit.py:571} INFO - Spark config:
[2024-01-17T03:55:31.339+0000] {spark_submit.py:571} INFO - (spark.app.name,spark_submit_job)
[2024-01-17T03:55:31.339+0000] {spark_submit.py:571} INFO - (spark.app.submitTime,1705463731326)
[2024-01-17T03:55:31.339+0000] {spark_submit.py:571} INFO - (spark.master,spark://192.168.192.5:7077)
[2024-01-17T03:55:31.339+0000] {spark_submit.py:571} INFO - (spark.submit.deployMode,client)
[2024-01-17T03:55:31.339+0000] {spark_submit.py:571} INFO - (spark.submit.pyFiles,)
[2024-01-17T03:55:31.339+0000] {spark_submit.py:571} INFO - Classpath elements:
[2024-01-17T03:55:31.339+0000] {spark_submit.py:571} INFO - 
[2024-01-17T03:55:31.339+0000] {spark_submit.py:571} INFO - 
[2024-01-17T03:55:31.339+0000] {spark_submit.py:571} INFO - 
[2024-01-17T03:55:31.499+0000] {spark_submit.py:571} INFO - python3: can't open file '/opt/bitnami/scripts/spark_stream.py': [Errno 2] No such file or directory
[2024-01-17T03:55:31.517+0000] {spark_submit.py:571} INFO - 24/01/17 03:55:31 INFO ShutdownHookManager: Shutdown hook called
[2024-01-17T03:55:31.519+0000] {spark_submit.py:571} INFO - 24/01/17 03:55:31 INFO ShutdownHookManager: Deleting directory /tmp/spark-202c7a28-d792-4ce6-8e7e-ea756dfd36a7
[2024-01-17T03:55:31.557+0000] {taskinstance.py:1943} ERROR - Task failed with exception
Traceback (most recent call last):
  File "/home/airflow/.local/lib/python3.9/site-packages/airflow/providers/apache/spark/operators/spark_submit.py", line 174, in execute
    self._hook.submit(self._application)
  File "/home/airflow/.local/lib/python3.9/site-packages/airflow/providers/apache/spark/hooks/spark_submit.py", line 502, in submit
    raise AirflowException(
airflow.exceptions.AirflowException: Cannot execute: spark-submit --master spark://192.168.192.5:7077 --name spark_submit_job --verbose --queue root.default --deploy-mode client /opt/bitnami/scripts/spark_stream.py. Error code is: 2.
[2024-01-17T03:55:31.560+0000] {taskinstance.py:1400} INFO - Marking task as FAILED. dag_id=spark_stream_job, task_id=spark_submit_task, execution_date=20240117T015000, start_date=20240117T035529, end_date=20240117T035531
[2024-01-17T03:55:31.573+0000] {standard_task_runner.py:104} ERROR - Failed to execute job 268 for task spark_submit_task (Cannot execute: spark-submit --master spark://192.168.192.5:7077 --name spark_submit_job --verbose --queue root.default --deploy-mode client /opt/bitnami/scripts/spark_stream.py. Error code is: 2.; 7592)
[2024-01-17T03:55:31.592+0000] {local_task_job_runner.py:228} INFO - Task exited with return code 1
[2024-01-17T03:55:31.610+0000] {taskinstance.py:2784} INFO - 0 downstream tasks scheduled from follow-on schedule check
