[2024-01-20T19:41:21.784+0000] {taskinstance.py:1159} INFO - Dependencies all met for dep_context=non-requeueable deps ti=<TaskInstance: Kafka_Producer_1.Reddit scheduled__2024-01-20T19:39:41.646832+00:00 [queued]>
[2024-01-20T19:41:21.791+0000] {taskinstance.py:1159} INFO - Dependencies all met for dep_context=requeueable deps ti=<TaskInstance: Kafka_Producer_1.Reddit scheduled__2024-01-20T19:39:41.646832+00:00 [queued]>
[2024-01-20T19:41:21.792+0000] {taskinstance.py:1361} INFO - Starting attempt 1 of 1
[2024-01-20T19:41:21.802+0000] {taskinstance.py:1382} INFO - Executing <Task(PythonOperator): Reddit> on 2024-01-20 19:39:41.646832+00:00
[2024-01-20T19:41:21.807+0000] {standard_task_runner.py:57} INFO - Started process 5015 to run task
[2024-01-20T19:41:21.809+0000] {standard_task_runner.py:84} INFO - Running: ['***', 'tasks', 'run', 'Kafka_Producer_1', 'Reddit', 'scheduled__2024-01-20T19:39:41.646832+00:00', '--job-id', '1181', '--raw', '--subdir', 'DAGS_FOLDER/kafka_stream.py', '--cfg-path', '/tmp/tmpjnsfczo1']
[2024-01-20T19:41:21.810+0000] {standard_task_runner.py:85} INFO - Job 1181: Subtask Reddit
[2024-01-20T19:41:21.857+0000] {task_command.py:415} INFO - Running <TaskInstance: Kafka_Producer_1.Reddit scheduled__2024-01-20T19:39:41.646832+00:00 [running]> on host 45c5bfab8aa1
[2024-01-20T19:41:21.929+0000] {taskinstance.py:1660} INFO - Exporting env vars: AIRFLOW_CTX_DAG_OWNER='me' AIRFLOW_CTX_DAG_ID='Kafka_Producer_1' AIRFLOW_CTX_TASK_ID='Reddit' AIRFLOW_CTX_EXECUTION_DATE='2024-01-20T19:39:41.646832+00:00' AIRFLOW_CTX_TRY_NUMBER='1' AIRFLOW_CTX_DAG_RUN_ID='scheduled__2024-01-20T19:39:41.646832+00:00'
[2024-01-20T19:41:22.017+0000] {logging_mixin.py:151} INFO -  submission : 
[2024-01-20T19:41:22.820+0000] {logging_mixin.py:151} INFO - #False
[2024-01-20T19:41:22.821+0000] {logging_mixin.py:151} INFO - #False
[2024-01-20T19:41:22.821+0000] {logging_mixin.py:151} INFO - #False
[2024-01-20T19:41:22.822+0000] {logging_mixin.py:151} INFO - #False
[2024-01-20T19:41:22.822+0000] {logging_mixin.py:151} INFO - #False
[2024-01-20T19:41:22.822+0000] {logging_mixin.py:151} INFO - #False
[2024-01-20T19:41:22.823+0000] {logging_mixin.py:151} INFO - #False
[2024-01-20T19:41:22.823+0000] {logging_mixin.py:151} INFO - #False
[2024-01-20T19:41:22.823+0000] {logging_mixin.py:151} INFO - #False
[2024-01-20T19:41:22.823+0000] {logging_mixin.py:151} INFO - #False
[2024-01-20T19:41:22.824+0000] {logging_mixin.py:151} INFO - #False
[2024-01-20T19:41:22.824+0000] {logging_mixin.py:151} INFO - #False
[2024-01-20T19:41:22.824+0000] {logging_mixin.py:151} INFO - #False
[2024-01-20T19:41:22.824+0000] {logging_mixin.py:151} INFO - #False
[2024-01-20T19:41:22.825+0000] {logging_mixin.py:151} INFO - #False
[2024-01-20T19:41:22.825+0000] {logging_mixin.py:151} INFO - #False
[2024-01-20T19:41:22.825+0000] {logging_mixin.py:151} INFO - #False
[2024-01-20T19:41:22.826+0000] {logging_mixin.py:151} INFO - #False
[2024-01-20T19:41:22.826+0000] {logging_mixin.py:151} INFO - #False
[2024-01-20T19:41:22.826+0000] {logging_mixin.py:151} INFO - #False
[2024-01-20T19:41:22.826+0000] {logging_mixin.py:151} INFO - #False
[2024-01-20T19:41:22.827+0000] {logging_mixin.py:151} INFO - #False
[2024-01-20T19:41:22.827+0000] {logging_mixin.py:151} INFO - #False
[2024-01-20T19:41:22.827+0000] {logging_mixin.py:151} INFO - #False
[2024-01-20T19:41:22.827+0000] {logging_mixin.py:151} INFO - #False
[2024-01-20T19:41:22.828+0000] {logging_mixin.py:151} INFO - #False
[2024-01-20T19:41:22.828+0000] {logging_mixin.py:151} INFO - #False
[2024-01-20T19:41:22.829+0000] {logging_mixin.py:151} INFO - #False
[2024-01-20T19:41:22.829+0000] {logging_mixin.py:151} INFO - #False
[2024-01-20T19:41:22.829+0000] {logging_mixin.py:151} INFO - #False
[2024-01-20T19:41:22.829+0000] {logging_mixin.py:151} INFO -  submission : 
[2024-01-20T19:41:23.602+0000] {logging_mixin.py:151} INFO - #False
[2024-01-20T19:41:23.603+0000] {logging_mixin.py:151} INFO - #False
[2024-01-20T19:41:23.604+0000] {logging_mixin.py:151} INFO - #False
[2024-01-20T19:41:23.604+0000] {logging_mixin.py:151} INFO - #False
[2024-01-20T19:41:23.604+0000] {logging_mixin.py:151} INFO - #False
[2024-01-20T19:41:23.604+0000] {logging_mixin.py:151} INFO - #False
[2024-01-20T19:41:23.605+0000] {logging_mixin.py:151} INFO - #False
[2024-01-20T19:41:23.605+0000] {logging_mixin.py:151} INFO - #False
[2024-01-20T19:41:23.605+0000] {logging_mixin.py:151} INFO - #False
[2024-01-20T19:41:23.605+0000] {logging_mixin.py:151} INFO - #False
[2024-01-20T19:41:23.606+0000] {logging_mixin.py:151} INFO - #False
[2024-01-20T19:41:23.606+0000] {logging_mixin.py:151} INFO - #False
[2024-01-20T19:41:23.606+0000] {logging_mixin.py:151} INFO - #False
[2024-01-20T19:41:23.606+0000] {logging_mixin.py:151} INFO - #False
[2024-01-20T19:41:23.607+0000] {logging_mixin.py:151} INFO - #False
[2024-01-20T19:41:23.607+0000] {logging_mixin.py:151} INFO - #False
[2024-01-20T19:41:23.607+0000] {logging_mixin.py:151} INFO - #False
[2024-01-20T19:41:23.607+0000] {logging_mixin.py:151} INFO - #False
[2024-01-20T19:41:23.607+0000] {logging_mixin.py:151} INFO - #False
[2024-01-20T19:41:23.608+0000] {logging_mixin.py:151} INFO - #False
[2024-01-20T19:41:23.608+0000] {logging_mixin.py:151} INFO - #False
[2024-01-20T19:41:23.608+0000] {logging_mixin.py:151} INFO - #False
[2024-01-20T19:41:23.608+0000] {logging_mixin.py:151} INFO - #False
[2024-01-20T19:41:23.609+0000] {logging_mixin.py:151} INFO - #False
[2024-01-20T19:41:23.609+0000] {logging_mixin.py:151} INFO - #False
[2024-01-20T19:41:23.609+0000] {logging_mixin.py:151} INFO - #False
[2024-01-20T19:41:23.609+0000] {logging_mixin.py:151} INFO - #False
[2024-01-20T19:41:23.609+0000] {logging_mixin.py:151} INFO - #False
[2024-01-20T19:41:23.610+0000] {logging_mixin.py:151} INFO - #False
[2024-01-20T19:41:23.610+0000] {logging_mixin.py:151} INFO - #False
[2024-01-20T19:41:23.611+0000] {logging_mixin.py:151} INFO -  submission : 
[2024-01-20T19:41:24.279+0000] {logging_mixin.py:151} INFO - @True
[2024-01-20T19:41:24.281+0000] {conn.py:380} INFO - <BrokerConnection node_id=bootstrap-0 host=broker:29092 <connecting> [IPv4 ('172.19.0.11', 29092)]>: connecting to broker:29092 [('172.19.0.11', 29092) IPv4]
[2024-01-20T19:41:24.282+0000] {conn.py:1205} INFO - Probing node bootstrap-0 broker version
[2024-01-20T19:41:24.282+0000] {conn.py:410} INFO - <BrokerConnection node_id=bootstrap-0 host=broker:29092 <connecting> [IPv4 ('172.19.0.11', 29092)]>: Connection complete.
[2024-01-20T19:41:24.385+0000] {conn.py:1267} INFO - Broker version identified as 2.5.0
[2024-01-20T19:41:24.386+0000] {conn.py:1268} INFO - Set configuration api_version=(2, 5, 0) to skip auto check_version requests on startup
[2024-01-20T19:41:24.389+0000] {logging_mixin.py:151} INFO - #False
[2024-01-20T19:41:24.390+0000] {logging_mixin.py:151} INFO - #False
[2024-01-20T19:41:24.390+0000] {conn.py:380} INFO - <BrokerConnection node_id=1 host=broker:29092 <connecting> [IPv4 ('172.19.0.11', 29092)]>: connecting to broker:29092 [('172.19.0.11', 29092) IPv4]
[2024-01-20T19:41:24.391+0000] {logging_mixin.py:151} INFO - #False
[2024-01-20T19:41:24.391+0000] {conn.py:410} INFO - <BrokerConnection node_id=1 host=broker:29092 <connecting> [IPv4 ('172.19.0.11', 29092)]>: Connection complete.
[2024-01-20T19:41:24.391+0000] {logging_mixin.py:151} INFO - #False
[2024-01-20T19:41:24.392+0000] {conn.py:919} INFO - <BrokerConnection node_id=bootstrap-0 host=broker:29092 <connected> [IPv4 ('172.19.0.11', 29092)]>: Closing connection. 
[2024-01-20T19:41:24.392+0000] {logging_mixin.py:151} INFO - #False
[2024-01-20T19:41:24.393+0000] {logging_mixin.py:151} INFO - #False
[2024-01-20T19:41:24.394+0000] {logging_mixin.py:151} INFO - #False
[2024-01-20T19:41:24.394+0000] {logging_mixin.py:151} INFO - #False
[2024-01-20T19:41:24.395+0000] {logging_mixin.py:151} INFO - #False
[2024-01-20T19:41:24.395+0000] {logging_mixin.py:151} INFO - #False
[2024-01-20T19:41:24.395+0000] {logging_mixin.py:151} INFO - #False
[2024-01-20T19:41:24.396+0000] {logging_mixin.py:151} INFO - #False
[2024-01-20T19:41:24.396+0000] {logging_mixin.py:151} INFO - #False
[2024-01-20T19:41:24.396+0000] {logging_mixin.py:151} INFO - #False
[2024-01-20T19:41:24.397+0000] {logging_mixin.py:151} INFO - #False
[2024-01-20T19:41:24.397+0000] {logging_mixin.py:151} INFO - #False
[2024-01-20T19:41:24.397+0000] {logging_mixin.py:151} INFO - #False
[2024-01-20T19:41:24.398+0000] {logging_mixin.py:151} INFO - #False
[2024-01-20T19:41:24.398+0000] {logging_mixin.py:151} INFO - #False
[2024-01-20T19:41:24.398+0000] {logging_mixin.py:151} INFO - #False
[2024-01-20T19:41:24.398+0000] {logging_mixin.py:151} INFO - #False
[2024-01-20T19:41:24.399+0000] {logging_mixin.py:151} INFO - #False
[2024-01-20T19:41:24.399+0000] {logging_mixin.py:151} INFO - #False
[2024-01-20T19:41:24.399+0000] {logging_mixin.py:151} INFO - #False
[2024-01-20T19:41:24.399+0000] {logging_mixin.py:151} INFO - #False
[2024-01-20T19:41:24.399+0000] {logging_mixin.py:151} INFO - #False
[2024-01-20T19:41:24.400+0000] {logging_mixin.py:151} INFO - #False
[2024-01-20T19:41:24.400+0000] {logging_mixin.py:151} INFO - #False
[2024-01-20T19:41:24.400+0000] {logging_mixin.py:151} INFO - #False
[2024-01-20T19:41:24.400+0000] {logging_mixin.py:151} INFO -  submission : 
[2024-01-20T19:41:24.870+0000] {logging_mixin.py:151} INFO - #False
[2024-01-20T19:41:24.870+0000] {logging_mixin.py:151} INFO - #False
[2024-01-20T19:41:24.871+0000] {logging_mixin.py:151} INFO - #False
[2024-01-20T19:41:24.871+0000] {logging_mixin.py:151} INFO - #False
[2024-01-20T19:41:24.871+0000] {logging_mixin.py:151} INFO - #False
[2024-01-20T19:41:24.872+0000] {logging_mixin.py:151} INFO - #False
[2024-01-20T19:41:24.872+0000] {logging_mixin.py:151} INFO - #False
[2024-01-20T19:41:24.872+0000] {logging_mixin.py:151} INFO - #False
[2024-01-20T19:41:24.873+0000] {logging_mixin.py:151} INFO - #False
[2024-01-20T19:41:24.873+0000] {logging_mixin.py:151} INFO - #False
[2024-01-20T19:41:24.873+0000] {logging_mixin.py:151} INFO - #False
[2024-01-20T19:41:24.873+0000] {logging_mixin.py:151} INFO - #False
[2024-01-20T19:41:24.874+0000] {logging_mixin.py:151} INFO - #False
[2024-01-20T19:41:24.874+0000] {logging_mixin.py:151} INFO - #False
[2024-01-20T19:41:24.874+0000] {logging_mixin.py:151} INFO - #False
[2024-01-20T19:41:24.874+0000] {logging_mixin.py:151} INFO - #False
[2024-01-20T19:41:24.874+0000] {logging_mixin.py:151} INFO - #False
[2024-01-20T19:41:24.875+0000] {logging_mixin.py:151} INFO - #False
[2024-01-20T19:41:24.875+0000] {logging_mixin.py:151} INFO - #False
[2024-01-20T19:41:24.875+0000] {logging_mixin.py:151} INFO - #False
[2024-01-20T19:41:24.875+0000] {logging_mixin.py:151} INFO - #False
[2024-01-20T19:41:24.876+0000] {logging_mixin.py:151} INFO - #False
[2024-01-20T19:41:24.876+0000] {logging_mixin.py:151} INFO - #False
[2024-01-20T19:41:24.876+0000] {logging_mixin.py:151} INFO - #False
[2024-01-20T19:41:24.876+0000] {logging_mixin.py:151} INFO - #False
[2024-01-20T19:41:24.877+0000] {logging_mixin.py:151} INFO - #False
[2024-01-20T19:41:24.877+0000] {logging_mixin.py:151} INFO - #False
[2024-01-20T19:41:24.877+0000] {logging_mixin.py:151} INFO - #False
[2024-01-20T19:41:24.877+0000] {logging_mixin.py:151} INFO - #False
[2024-01-20T19:41:24.877+0000] {logging_mixin.py:151} INFO - #False
[2024-01-20T19:41:24.878+0000] {logging_mixin.py:151} INFO -  submission : 
[2024-01-20T19:41:25.425+0000] {logging_mixin.py:151} INFO - #False
[2024-01-20T19:41:25.426+0000] {logging_mixin.py:151} INFO - #False
[2024-01-20T19:41:25.426+0000] {logging_mixin.py:151} INFO - #False
[2024-01-20T19:41:25.427+0000] {logging_mixin.py:151} INFO - #False
[2024-01-20T19:41:25.427+0000] {logging_mixin.py:151} INFO - #False
[2024-01-20T19:41:25.427+0000] {logging_mixin.py:151} INFO - #False
[2024-01-20T19:41:25.428+0000] {logging_mixin.py:151} INFO - #False
[2024-01-20T19:41:25.428+0000] {logging_mixin.py:151} INFO - #False
[2024-01-20T19:41:25.428+0000] {logging_mixin.py:151} INFO - #False
[2024-01-20T19:41:25.428+0000] {logging_mixin.py:151} INFO - #False
[2024-01-20T19:41:25.429+0000] {logging_mixin.py:151} INFO - #False
[2024-01-20T19:41:25.429+0000] {logging_mixin.py:151} INFO - #False
[2024-01-20T19:41:25.429+0000] {logging_mixin.py:151} INFO - #False
[2024-01-20T19:41:25.429+0000] {logging_mixin.py:151} INFO - #False
[2024-01-20T19:41:25.430+0000] {logging_mixin.py:151} INFO - #False
[2024-01-20T19:41:25.430+0000] {logging_mixin.py:151} INFO - #False
[2024-01-20T19:41:25.430+0000] {logging_mixin.py:151} INFO - #False
[2024-01-20T19:41:25.430+0000] {logging_mixin.py:151} INFO - #False
[2024-01-20T19:41:25.431+0000] {logging_mixin.py:151} INFO - #False
[2024-01-20T19:41:25.431+0000] {logging_mixin.py:151} INFO - #False
[2024-01-20T19:41:25.432+0000] {logging_mixin.py:151} INFO - #False
[2024-01-20T19:41:25.432+0000] {logging_mixin.py:151} INFO - #False
[2024-01-20T19:41:25.432+0000] {logging_mixin.py:151} INFO - #False
[2024-01-20T19:41:25.432+0000] {logging_mixin.py:151} INFO - #False
[2024-01-20T19:41:25.433+0000] {logging_mixin.py:151} INFO - #False
[2024-01-20T19:41:25.433+0000] {logging_mixin.py:151} INFO - #False
[2024-01-20T19:41:25.433+0000] {logging_mixin.py:151} INFO - #False
[2024-01-20T19:41:25.433+0000] {logging_mixin.py:151} INFO - #False
[2024-01-20T19:41:25.433+0000] {logging_mixin.py:151} INFO - #False
[2024-01-20T19:41:25.434+0000] {logging_mixin.py:151} INFO - #False
[2024-01-20T19:41:25.434+0000] {logging_mixin.py:151} INFO -  submission : 
[2024-01-20T19:41:25.954+0000] {logging_mixin.py:151} INFO - #False
[2024-01-20T19:41:25.954+0000] {logging_mixin.py:151} INFO - #False
[2024-01-20T19:41:25.955+0000] {logging_mixin.py:151} INFO - #False
[2024-01-20T19:41:25.955+0000] {logging_mixin.py:151} INFO - #False
[2024-01-20T19:41:25.955+0000] {logging_mixin.py:151} INFO - #False
[2024-01-20T19:41:25.955+0000] {logging_mixin.py:151} INFO - #False
[2024-01-20T19:41:25.956+0000] {logging_mixin.py:151} INFO - #False
[2024-01-20T19:41:25.956+0000] {logging_mixin.py:151} INFO - #False
[2024-01-20T19:41:25.956+0000] {logging_mixin.py:151} INFO - #False
[2024-01-20T19:41:25.956+0000] {logging_mixin.py:151} INFO - #False
[2024-01-20T19:41:25.957+0000] {logging_mixin.py:151} INFO - #False
[2024-01-20T19:41:25.957+0000] {logging_mixin.py:151} INFO - #False
[2024-01-20T19:41:25.957+0000] {logging_mixin.py:151} INFO - #False
[2024-01-20T19:41:25.957+0000] {logging_mixin.py:151} INFO - #False
[2024-01-20T19:41:25.958+0000] {logging_mixin.py:151} INFO - #False
[2024-01-20T19:41:25.958+0000] {logging_mixin.py:151} INFO - #False
[2024-01-20T19:41:25.958+0000] {logging_mixin.py:151} INFO - #False
[2024-01-20T19:41:25.958+0000] {logging_mixin.py:151} INFO - #False
[2024-01-20T19:41:25.958+0000] {logging_mixin.py:151} INFO - #False
[2024-01-20T19:41:25.959+0000] {logging_mixin.py:151} INFO - #False
[2024-01-20T19:41:25.959+0000] {logging_mixin.py:151} INFO - #False
[2024-01-20T19:41:25.959+0000] {logging_mixin.py:151} INFO - #False
[2024-01-20T19:41:25.959+0000] {logging_mixin.py:151} INFO - #False
[2024-01-20T19:41:25.959+0000] {logging_mixin.py:151} INFO - #False
[2024-01-20T19:41:25.960+0000] {logging_mixin.py:151} INFO - #False
[2024-01-20T19:41:25.960+0000] {logging_mixin.py:151} INFO - #False
[2024-01-20T19:41:25.960+0000] {logging_mixin.py:151} INFO - #False
[2024-01-20T19:41:25.960+0000] {logging_mixin.py:151} INFO - #False
[2024-01-20T19:41:25.961+0000] {logging_mixin.py:151} INFO - #False
[2024-01-20T19:41:25.961+0000] {logging_mixin.py:151} INFO - #False
[2024-01-20T19:41:25.961+0000] {logging_mixin.py:151} INFO -  submission : 
[2024-01-20T19:41:26.556+0000] {logging_mixin.py:151} INFO - #False
[2024-01-20T19:41:26.558+0000] {logging_mixin.py:151} INFO - #False
[2024-01-20T19:41:26.559+0000] {logging_mixin.py:151} INFO - #False
[2024-01-20T19:41:26.562+0000] {logging_mixin.py:151} INFO - #False
[2024-01-20T19:41:26.563+0000] {logging_mixin.py:151} INFO - #False
[2024-01-20T19:41:26.564+0000] {logging_mixin.py:151} INFO - #False
[2024-01-20T19:41:26.564+0000] {logging_mixin.py:151} INFO - #False
[2024-01-20T19:41:26.565+0000] {logging_mixin.py:151} INFO - #False
[2024-01-20T19:41:26.565+0000] {logging_mixin.py:151} INFO - #False
[2024-01-20T19:41:26.566+0000] {logging_mixin.py:151} INFO - #False
[2024-01-20T19:41:26.566+0000] {logging_mixin.py:151} INFO - #False
[2024-01-20T19:41:26.567+0000] {logging_mixin.py:151} INFO - #False
[2024-01-20T19:41:26.568+0000] {logging_mixin.py:151} INFO - #False
[2024-01-20T19:41:26.569+0000] {logging_mixin.py:151} INFO - #False
[2024-01-20T19:41:26.569+0000] {logging_mixin.py:151} INFO - #False
[2024-01-20T19:41:26.570+0000] {logging_mixin.py:151} INFO - #False
[2024-01-20T19:41:26.571+0000] {logging_mixin.py:151} INFO - #False
[2024-01-20T19:41:26.571+0000] {logging_mixin.py:151} INFO - #False
[2024-01-20T19:41:26.571+0000] {logging_mixin.py:151} INFO - #False
[2024-01-20T19:41:26.572+0000] {logging_mixin.py:151} INFO - #False
[2024-01-20T19:41:26.572+0000] {logging_mixin.py:151} INFO - #False
[2024-01-20T19:41:26.572+0000] {logging_mixin.py:151} INFO - #False
[2024-01-20T19:41:26.572+0000] {logging_mixin.py:151} INFO - #False
[2024-01-20T19:41:26.573+0000] {logging_mixin.py:151} INFO - #False
[2024-01-20T19:41:26.573+0000] {logging_mixin.py:151} INFO - #False
[2024-01-20T19:41:26.573+0000] {logging_mixin.py:151} INFO - #False
[2024-01-20T19:41:26.574+0000] {logging_mixin.py:151} INFO - #False
[2024-01-20T19:41:26.574+0000] {logging_mixin.py:151} INFO - #False
[2024-01-20T19:41:26.574+0000] {logging_mixin.py:151} INFO - #False
[2024-01-20T19:41:26.574+0000] {logging_mixin.py:151} INFO - #False
[2024-01-20T19:41:26.575+0000] {logging_mixin.py:151} INFO -  submission : 
[2024-01-20T19:41:27.165+0000] {logging_mixin.py:151} INFO - #False
[2024-01-20T19:41:27.171+0000] {logging_mixin.py:151} INFO - #False
[2024-01-20T19:41:27.171+0000] {logging_mixin.py:151} INFO - #False
[2024-01-20T19:41:27.171+0000] {logging_mixin.py:151} INFO - #False
[2024-01-20T19:41:27.177+0000] {logging_mixin.py:151} INFO - #False
[2024-01-20T19:41:27.178+0000] {logging_mixin.py:151} INFO - #False
[2024-01-20T19:41:27.181+0000] {logging_mixin.py:151} INFO - #False
[2024-01-20T19:41:27.193+0000] {logging_mixin.py:151} INFO - #False
[2024-01-20T19:41:27.194+0000] {logging_mixin.py:151} INFO - #False
[2024-01-20T19:41:27.197+0000] {logging_mixin.py:151} INFO - #False
[2024-01-20T19:41:27.197+0000] {logging_mixin.py:151} INFO - #False
[2024-01-20T19:41:27.202+0000] {logging_mixin.py:151} INFO - #False
[2024-01-20T19:41:27.203+0000] {logging_mixin.py:151} INFO - #False
[2024-01-20T19:41:27.203+0000] {logging_mixin.py:151} INFO - #False
[2024-01-20T19:41:27.203+0000] {logging_mixin.py:151} INFO - #False
[2024-01-20T19:41:27.204+0000] {logging_mixin.py:151} INFO - #False
[2024-01-20T19:41:27.204+0000] {logging_mixin.py:151} INFO - #False
[2024-01-20T19:41:27.204+0000] {logging_mixin.py:151} INFO - #False
[2024-01-20T19:41:27.205+0000] {logging_mixin.py:151} INFO - #False
[2024-01-20T19:41:27.205+0000] {logging_mixin.py:151} INFO - #False
[2024-01-20T19:41:27.205+0000] {logging_mixin.py:151} INFO - #False
[2024-01-20T19:41:27.205+0000] {logging_mixin.py:151} INFO - #False
[2024-01-20T19:41:27.206+0000] {logging_mixin.py:151} INFO - #False
[2024-01-20T19:41:27.206+0000] {logging_mixin.py:151} INFO - #False
[2024-01-20T19:41:27.206+0000] {logging_mixin.py:151} INFO - #False
[2024-01-20T19:41:27.206+0000] {logging_mixin.py:151} INFO - #False
[2024-01-20T19:41:27.207+0000] {logging_mixin.py:151} INFO - #False
[2024-01-20T19:41:27.207+0000] {logging_mixin.py:151} INFO - #False
[2024-01-20T19:41:27.207+0000] {logging_mixin.py:151} INFO - #False
[2024-01-20T19:41:27.207+0000] {logging_mixin.py:151} INFO - #False
[2024-01-20T19:41:27.208+0000] {conn.py:919} INFO - <BrokerConnection node_id=1 host=broker:29092 <connected> [IPv4 ('172.19.0.11', 29092)]>: Closing connection. 
[2024-01-20T19:41:27.208+0000] {python.py:194} INFO - Done. Returned value was: None
[2024-01-20T19:41:27.216+0000] {taskinstance.py:1400} INFO - Marking task as SUCCESS. dag_id=Kafka_Producer_1, task_id=Reddit, execution_date=20240120T193941, start_date=20240120T194121, end_date=20240120T194127
[2024-01-20T19:41:27.234+0000] {local_task_job_runner.py:228} INFO - Task exited with return code 0
[2024-01-20T19:41:27.252+0000] {taskinstance.py:2784} INFO - 0 downstream tasks scheduled from follow-on schedule check
